0,s,1340
19695000,r,1440
22447000,s,1340
40035000,r,1440
42026000,s,1340
59097000,r,1440
59098000,r,1440
3527754000,r,1440
3530677000,s,1340
3547704000,r,1440
3549652000,s,1340
3567009000,r,1440
3567009000,r,1440
3568890000,s,1340
3571993000,r,1440
3587971000,r,1440
3681218000,s,1340
3685865000,s,1340
3699408000,r,1440
3699409000,r,1440
3702531000,s,1340
3704655000,s,1340
3704815000,s,1340
3713020000,s,1340
3716593000,r,1440
3719564000,r,1440
3719976000,r,1440
3720342000,s,1340
3724647000,s,1340
3724815000,s,1340
3725338000,r,1440
3726433000,s,1340
3726633000,s,1340
3726783000,s,1340
3726914000,s,1340
3727035000,s,1340
3727201000,s,1340
3727345000,s,1340
3727495000,s,1340
3727676000,s,1340
3727801000,s,1340
3727925000,s,1340
3728113000,s,1340
3728245000,s,1340
3728384000,s,1340
3728530000,s,1340
3728680000,s,1340
3728813000,s,1340
3728932000,s,1340
3729056000,s,1340
3729182000,s,1340
3729296000,s,1340
3729419000,s,1340
3729551000,s,1340
3729708000,s,1340
3729851000,s,1340
3729996000,s,1340
3730120000,s,1340
3730251000,s,1340
3730384000,s,1340
3730506000,s,1340
3730627000,s,1340
3730759000,s,1340
3730887000,s,1340
3731025000,s,1340
3731151000,s,1340
3731270000,s,1340
3731392000,s,1340
3731519000,s,1340
3731699000,s,1340
3731965000,s,1340
3732110000,s,1340
3732935000,s,1340
3733519000,s,1340
3733784000,s,1340
3734038000,s,1340
3734254000,s,1340
3734404000,s,1340
3734535000,s,1340
3734668000,s,1340
3734801000,s,1340
3734950000,s,1340
3735056000,s,1340
3735158000,s,1340
3735259000,s,1340
3735425000,s,1340
3735531000,s,1340
3736059000,s,1340
3736590000,s,1340
3736694000,s,1340
3736955000,s,1340
3737148000,s,1340
3738165000,s,1340
3738317000,s,1340
3738454000,s,1340
3738586000,s,1340
3739114000,s,1340
3739325000,s,1340
3739379000,s,1340
3739609000,r,1440
3739854000,s,1340
3740111000,s,1340
3740386000,s,1340
3740572000,s,1340
3740811000,s,1340
3740977000,s,1340
3741131000,s,1340
3741287000,s,1340
3741437000,s,1340
3741597000,s,1340
3741731000,s,1340
3741831000,s,1340
3741937000,s,1340
3741942000,r,1440
3742058000,s,1340
3742181000,s,1340
3742340000,s,1340
3742501000,s,1340
3742722000,r,1440
3742846000,s,1340
3744462000,s,1340
3744821000,s,1340
3745058000,s,1340
3745184000,s,1340
3745306000,s,1340
3745420000,s,1340
3745546000,s,1340
3745947000,s,1340
3746161000,s,1340
3747342000,r,1440
3747663000,s,1340
3747814000,s,1340
3747831000,s,1340
3747870000,s,1340
3747892000,s,1340
3747918000,s,1340
3748221000,s,1340
3748270000,s,1340
3748591000,r,1440
3749100000,s,1340
3749132000,r,1440
3749355000,s,1340
3749594000,s,1340
3749812000,s,1340
3750199000,s,1340
3750471000,s,1340
3750764000,s,1340
3750967000,s,1340
3751096000,s,1340
3751842000,r,1440
3751863000,s,1340
3752032000,s,1340
3753589000,s,1340
3753783000,s,1340
3753893000,s,1340
3753987000,s,1340
3754122000,s,1340
3754229000,s,1340
3754227000,r,1440
3754227000,r,1440
3754351000,s,1340
3754500000,s,1340
3754848000,s,1340
3754991000,s,1340
3755118000,s,1340
3758690000,r,1440
3759105000,s,1340
3765556000,s,1340
3765981000,r,1440
3773694000,r,1440
3773694000,r,1440
3774196000,s,1340
3774276000,s,1340
3787600000,r,1440
3790658000,r,1440
3790659000,r,1440
3790659000,r,1440
3790659000,r,1440
3790659000,r,1440
3790659000,r,1440
3790659000,r,1440
3790659000,r,1440
3790790000,r,1440
3790790000,r,1440
3791331000,s,1340
3791396000,s,1340
3791969000,s,1340
3792301000,s,1340
3792346000,s,1340
3792445000,s,1340
3792550000,s,1340
3792726000,s,1340
3792752000,s,1340
3793431000,s,1340
3793603000,s,1340
3794121000,s,1340
3794241000,s,1340
3794376000,s,1340
3794701000,s,1340
3794922000,s,1340
3795056000,s,1340
3795311000,s,1340
3795399000,s,1340
3795637000,s,1340
3796105000,s,1340
3796355000,s,1340
3796804000,s,1340
3796911000,s,1340
3796981000,s,1340
3798173000,s,1340
3798270000,s,1340
3798333000,s,1340
3798417000,s,1340
3798479000,s,1340
3798541000,s,1340
3798629000,s,1340
3798692000,s,1340
3799447000,s,1340
3799679000,s,1340
3799746000,s,1340
3800157000,s,1340
3800358000,s,1340
3800460000,s,1340
3800709000,s,1340
3800821000,s,1340
3801028000,s,1340
3801224000,s,1340
3801321000,s,1340
3801383000,s,1340
3801659000,s,1340
3801812000,s,1340
3802066000,s,1340
3802343000,s,1340
3802462000,s,1340
3804954000,r,1440
3813285000,s,1340
3814112000,s,1340
3814169000,s,1340
3816390000,r,1440
3816524000,s,1340
3817457000,s,1340
3822440000,s,1340
3822618000,s,1340
3829001000,r,1440
3829787000,r,1440
3829787000,r,1440
3829787000,r,1440
3830418000,s,1340
3831006000,r,1440
3831006000,r,1440
3831007000,r,1440
3831007000,r,1440
3831007000,r,1440
3831007000,r,1440
3831007000,r,1440
3831007000,r,1440
3831074000,r,1440
3831234000,s,1340
3831268000,s,1340
3831421000,s,1340
3831731000,s,1340
3831763000,s,1340
3832057000,s,1340
3832096000,s,1340
3832108000,s,1340
3832309000,s,1340
3832336000,s,1340
3832347000,s,1340
3832400000,s,1340
3832413000,r,1440
3832413000,r,1440
3832413000,r,1440
3832413000,r,1440
3832414000,r,1440
3832414000,r,1440
3832414000,r,1440
3832414000,r,1440
3832478000,r,1440
3832493000,s,1340
3832507000,s,1340
3832988000,s,1340
3833010000,s,1340
3833049000,s,1340
3833069000,s,1340
3833090000,s,1340
3833131000,s,1340
3833163000,s,1340
3833182000,s,1340
3833190000,s,1340
3833197000,s,1340
3833218000,s,1340
3833361000,s,1340
3833413000,s,1340
3833636000,s,1340
3833834000,s,1340
3833986000,s,1340
3834091000,s,1340
3834160000,s,1340
3834204000,s,1340
3834788000,s,1340
3834885000,s,1340
3834965000,s,1340
3835099000,s,1340
3835378000,s,1340
3835476000,s,1340
3835668000,s,1340
3835777000,s,1340
3835835000,s,1340
3836550000,s,1340
3836651000,s,1340
3836695000,s,1340
3836979000,s,1340
3837278000,s,1340
3837496000,s,1340
3837578000,s,1340
3837651000,s,1340
3838034000,s,1340
3838117000,s,1340
3838299000,s,1340
3838391000,s,1340
3838437000,r,1440
3838468000,s,1340
3838437000,r,1440
3838437000,r,1440
3838437000,r,1440
3838437000,r,1440
3838661000,s,1340
3838815000,s,1340
3838905000,s,1340
3838985000,s,1340
3839071000,s,1340
3839149000,s,1340
3839226000,s,1340
3839303000,s,1340
3839373000,s,1340
3839454000,s,1340
3839528000,s,1340
3839653000,s,1340
3839776000,s,1340
3839841000,s,1340
3839901000,s,1340
3839975000,s,1340
3840037000,s,1340
3840211000,s,1340
3840366000,s,1340
3840482000,s,1340
3840633000,s,1340
3840765000,s,1340
3841325000,s,1340
3841368000,s,1340
3841523000,s,1340
3841782000,s,1340
3841992000,s,1340
3842058000,s,1340
3842117000,s,1340
3842274000,s,1340
3842459000,s,1340
3842567000,s,1340
3842646000,s,1340
3842686000,s,1340
3843010000,s,1340
3843042000,s,1340
3843051000,r,1440
3843109000,r,1440
3843109000,r,1440
3843129000,s,1340
3843299000,s,1340
3843343000,s,1340
3843358000,s,1340
3843383000,s,1340
3844527000,s,1340
3844749000,s,1340
3847111000,r,1440
3847111000,r,1440
3847111000,r,1440
3847834000,s,1340
3847916000,s,1340
3848088000,s,1340
3848232000,s,1340
3848302000,s,1340
3848440000,s,1340
3848504000,s,1340
3848929000,s,1340
3848992000,r,1440
3849241000,s,1340
3851594000,r,1440
3851594000,r,1440
3851594000,r,1440
3851594000,r,1440
3852244000,s,1340
3852333000,s,1340
3852405000,s,1340
3853391000,s,1340
3853977000,r,1440
3854474000,r,1440
3854670000,s,1340
3856967000,r,1440
3856967000,r,1440
3856967000,r,1440
3857337000,s,1340
3857383000,s,1340
3858650000,r,1440
3858650000,r,1440
3859358000,s,1340
3859521000,s,1340
3859795000,s,1340
3859871000,s,1340
3859872000,r,1440
3859928000,s,1340
3860025000,s,1340
3860131000,s,1340
3860344000,s,1340
3860423000,s,1340
3860496000,s,1340
3860707000,s,1340
3860751000,s,1340
3860894000,s,1340
3860973000,s,1340
3861099000,s,1340
3861183000,r,1440
3861190000,s,1340
3861231000,s,1340
3861399000,s,1340
3864110000,r,1440
3864110000,r,1440
3864111000,r,1440
3864111000,r,1440
3864111000,r,1440
3864111000,r,1440
3864608000,s,1340
3864665000,s,1340
3864682000,s,1340
3864758000,s,1340
3864798000,s,1340
3864931000,s,1340
3865037000,s,1340
3865118000,s,1340
3865199000,s,1340
3865896000,r,1440
3866523000,s,1340
3866532000,r,1440
3866532000,r,1440
3866653000,s,1340
3866731000,s,1340
3866835000,s,1340
3866926000,s,1340
3867033000,s,1340
3867129000,s,1340
3867472000,s,1340
3867615000,s,1340
3867890000,s,1340
3867972000,s,1340
3868192000,s,1340
3868272000,s,1340
3868358000,s,1340
3868431000,s,1340
3868808000,s,1340
3868883000,r,1440
3869076000,s,1340
3869719000,s,1340
3869846000,s,1340
3870400000,s,1340
3870481000,s,1340
3870605000,s,1340
3870938000,s,1340
3871006000,s,1340
3871066000,s,1340
3871213000,s,1340
3871281000,s,1340
3871511000,s,1340
3871661000,s,1340
3871766000,s,1340
3871832000,s,1340
3872532000,s,1340
3872615000,s,1340
3872792000,s,1340
3872979000,s,1340
3873520000,r,1440
3873520000,r,1440
3873520000,r,1440
3873520000,r,1440
3873521000,r,1440
3873521000,r,1440
3873521000,r,1440
3873600000,s,1340
3873521000,r,1440
3873656000,s,1340
3874015000,s,1340
3874126000,s,1340
3874327000,s,1340
3874416000,s,1340
3874438000,s,1340
3874458000,s,1340
3874473000,s,1340
3874484000,s,1340
3874495000,s,1340
3874506000,s,1340
3874515000,s,1340
3874526000,s,1340
3874823000,s,1340
3874932000,s,1340
3875130000,s,1340
3875250000,s,1340
3875515000,s,1340
3875770000,s,1340
3875832000,s,1340
3875968000,s,1340
3876129000,s,1340
3876194000,s,1340
3876367000,s,1340
3876496000,s,1340
3876564000,s,1340
3877042000,r,1440
3877042000,r,1440
3877270000,s,1340
3877390000,s,1340
3877552000,s,1340
3877608000,s,1340
3877816000,s,1340
3877923000,s,1340
3878010000,s,1340
3878109000,s,1340
3878882000,s,1340
3878941000,s,1340
3879207000,s,1340
3879229000,s,1340
3879927000,s,1340
3879968000,s,1340
3880026000,s,1340
3880601000,s,1340
3881060000,s,1340
3881204000,s,1340
3881860000,s,1340
3881988000,s,1340
3882305000,s,1340
3882420000,s,1340
3882499000,s,1340
3882687000,s,1340
3882860000,s,1340
3882937000,s,1340
3882981000,s,1340
3883583000,s,1340
3883755000,s,1340
3883831000,s,1340
3884016000,s,1340
3884090000,s,1340
3884321000,s,1340
3884406000,s,1340
3884477000,s,1340
3884547000,s,1340
3884697000,s,1340
3884785000,s,1340
3884856000,s,1340
3884902000,s,1340
3885288000,s,1340
3885352000,s,1340
3885591000,s,1340
3885698000,s,1340
3885882000,s,1340
3886111000,s,1340
3886268000,s,1340
3887232000,r,1440
3887232000,r,1440
3887232000,r,1440
3887676000,s,1340
3887752000,s,1340
3887798000,s,1340
3887898000,s,1340
3887984000,s,1340
3888061000,s,1340
3888089000,s,1340
3889984000,r,1440
3889984000,r,1440
3889984000,r,1440
3889984000,r,1440
3889984000,r,1440
3889984000,r,1440
3889984000,r,1440
3889984000,r,1440
3890089000,r,1440
3890165000,s,1340
3890407000,s,1340
3890453000,s,1340
3890465000,s,1340
3890475000,s,1340
3890484000,s,1340
3890493000,s,1340
3890501000,s,1340
3890510000,s,1340
3890517000,s,1340
3890526000,s,1340
3890649000,s,1340
3890917000,s,1340
3891012000,s,1340
3891052000,s,1340
3891325000,s,1340
3891359000,s,1340
3891389000,s,1340
3891696000,s,1340
3891774000,s,1340
3891824000,s,1340
3892625000,s,1340
3892815000,s,1340
3893022000,s,1340
3893072000,s,1340
3893610000,s,1340
3893646000,s,1340
3893716000,s,1340
3893925000,s,1340
3894061000,s,1340
3895093000,s,1340
3895171000,s,1340
3896078000,s,1340
3896140000,s,1340
3897091000,s,1340
3897164000,s,1340
3898191000,s,1340
3898285000,s,1340
3898463000,s,1340
3898616000,s,1340
3898714000,s,1340
3898787000,s,1340
3899141000,s,1340
3899365000,s,1340
3899517000,s,1340
3899741000,s,1340
3899869000,s,1340
3899988000,s,1340
3900374000,s,1340
3900458000,s,1340
3900524000,s,1340
3901752000,s,1340
3901839000,s,1340
3902024000,s,1340
3902109000,s,1340
3902267000,s,1340
3902410000,s,1340
3902543000,s,1340
3902633000,s,1340
3902776000,s,1340
3902919000,s,1340
3902994000,s,1340
3903120000,s,1340
3903219000,s,1340
3903356000,s,1340
3903500000,s,1340
3903664000,s,1340
3903823000,s,1340
3903939000,s,1340
3904049000,s,1340
3904138000,s,1340
3904230000,s,1340
3904287000,s,1340
3904963000,s,1340
3904984000,s,1340
3905206000,s,1340
3905278000,s,1340
3905574000,s,1340
3905843000,s,1340
3905923000,s,1340
3906009000,s,1340
3906168000,s,1340
3906351000,s,1340
3906410000,s,1340
3906763000,s,1340
3906900000,s,1340
3907013000,s,1340
3907774000,s,1340
3907846000,s,1340
3908009000,s,1340
3908227000,s,1340
3908471000,s,1340
3908548000,s,1340
3908687000,s,1340
3908802000,s,1340
3908960000,s,1340
3909110000,s,1340
3909185000,s,1340
3909345000,s,1340
3909475000,s,1340
3909554000,s,1340
3909597000,s,1340
3910155000,s,1340
3910270000,s,1340
3910294000,s,1340
3910495000,s,1340
3911765000,s,1340
3911919000,s,1340
3912038000,s,1340
3912170000,s,1340
3912293000,s,1340
3912458000,s,1340
3912543000,s,1340
3912622000,s,1340
3912692000,s,1340
3912835000,s,1340
3912971000,s,1340
3913115000,s,1340
3913262000,s,1340
3913335000,s,1340
3913405000,s,1340
3913456000,s,1340
3913946000,s,1340
3914088000,s,1340
3914151000,s,1340
3914567000,s,1340
3914925000,s,1340
3915025000,s,1340
3915130000,s,1340
3916073000,r,1440
3916211000,r,1440
3916211000,r,1440
3916211000,r,1440
3916323000,s,1340
3916373000,s,1340
3916444000,s,1340
3916778000,s,1340
3916857000,s,1340
3917058000,s,1340
3917156000,s,1340
3917339000,s,1340
3917434000,s,1340
3917533000,s,1340
3917580000,r,1440
3917604000,s,1340
3917580000,r,1440
3917680000,s,1340
3917737000,s,1340
3917789000,s,1340
3917841000,s,1340
3920299000,r,1440
3920299000,r,1440
3920806000,s,1340
3923561000,r,1440
3924129000,s,1340
3926603000,r,1440
3927604000,r,1440
3927605000,r,1440
3927605000,r,1440
3927933000,s,1340
3928817000,r,1440
3929138000,s,1340
3930959000,s,1340
3931043000,s,1340
3931112000,r,1440
3932522000,r,1440
3932906000,r,1440
3933195000,s,1340
3934004000,s,1340
3936304000,s,1340
3937591000,r,1440
3938336000,s,1340
3938524000,s,1340
3938606000,s,1340
3938706000,r,1440
3940294000,r,1440
3940294000,r,1440
3940778000,s,1340
3944736000,s,1340
3945488000,s,1340
3945774000,r,1440
3949382000,r,1440
3950625000,r,1440
3950625000,r,1440
3950625000,r,1440
3950625000,r,1440
3950786000,s,1340
3950977000,s,1340
3951041000,s,1340
3951108000,s,1340
3951121000,r,1440
3951122000,r,1440
3951205000,s,1340
3951268000,s,1340
3951304000,s,1340
3951438000,s,1340
3951624000,s,1340
3951706000,s,1340
3952005000,s,1340
3952098000,s,1340
3952173000,s,1340
3952430000,s,1340
3952515000,s,1340
3952691000,s,1340
3952730000,s,1340
3953294000,s,1340
3953363000,s,1340
3953412000,s,1340
3953416000,r,1440
3953733000,s,1340
3953805000,s,1340
3954402000,s,1340
3954453000,s,1340
3954879000,r,1440
3955135000,s,1340
3955234000,s,1340
3955348000,s,1340
3955567000,s,1340
3955675000,s,1340
3955825000,s,1340
3955900000,r,1440
3955905000,s,1340
3956041000,s,1340
3956181000,s,1340
3956341000,s,1340
3956419000,s,1340
3956528000,s,1340
3957335000,s,1340
3957405000,s,1340
3958220000,s,1340
3958248000,s,1340
3958306000,s,1340
3959412000,s,1340
3959653000,s,1340
3959743000,s,1340
3960078000,s,1340
3960158000,s,1340
3960238000,s,1340
3960407000,s,1340
3960486000,s,1340
3960587000,s,1340
3960695000,s,1340
3960955000,r,1440
3961048000,s,1340
3961134000,s,1340
3961328000,s,1340
3961355000,s,1340
3962063000,s,1340
3962202000,s,1340
3963294000,s,1340
3963392000,s,1340
3963492000,s,1340
3967999000,r,1440
3968425000,s,1340
3968610000,s,1340
3968808000,s,1340
3968899000,s,1340
3969068000,s,1340
3969222000,s,1340
3969406000,s,1340
3969579000,s,1340
3969813000,s,1340
3969968000,s,1340
3970827000,s,1340
3971002000,s,1340
3971128000,s,1340
3971198000,s,1340
3971613000,s,1340
3971814000,s,1340
3972077000,s,1340
3972755000,s,1340
3975575000,r,1440
3977922000,r,1440
3978459000,s,1340
3982924000,s,1340
3984488000,r,1440
3990966000,r,1440
3991469000,s,1340
3993256000,r,1440
3993628000,s,1340
3993974000,r,1440
3995567000,r,1440
3999293000,r,1440
3999868000,s,1340
4000316000,r,1440
4000837000,s,1340
4001059000,r,1440
4006171000,r,1440
4006524000,s,1340
4010461000,r,1440
4010461000,r,1440
4011413000,r,1440
4011413000,r,1440
4011413000,r,1440
4011909000,s,1340
4011964000,s,1340
4012828000,r,1440
4012828000,r,1440
4012829000,r,1440
4012829000,r,1440
4012829000,r,1440
4012829000,r,1440
4012829000,r,1440
4012829000,r,1440
4012939000,r,1440
4012939000,r,1440
4012939000,r,1440
4012939000,r,1440
4013386000,s,1340
4013485000,s,1340
4013515000,s,1340
4013810000,s,1340
4013915000,s,1340
4014334000,s,1340
4014370000,s,1340
4014529000,s,1340
4014646000,r,1440
4014646000,r,1440
4014646000,r,1440
4014948000,s,1340
4015084000,s,1340
4015261000,s,1340
4015429000,s,1340
4015649000,r,1440
4015653000,s,1340
4015649000,r,1440
4015789000,s,1340
4016010000,s,1340
4016123000,s,1340
4016267000,s,1340
4016416000,s,1340
4016533000,s,1340
4016633000,s,1340
4016736000,s,1340
4016914000,s,1340
4017216000,s,1340
4017258000,s,1340
4017423000,s,1340
4017611000,s,1340
4017656000,s,1340
4017892000,s,1340
4018026000,s,1340
4018143000,s,1340
4018258000,s,1340
4018661000,s,1340
4018885000,s,1340
4018994000,s,1340
4019099000,s,1340
4019482000,s,1340
4019646000,s,1340
4019760000,s,1340
4019765000,r,1440
4019766000,r,1440
4019766000,r,1440
4019863000,s,1340
4020370000,s,1340
4020661000,s,1340
4020750000,s,1340
4020836000,s,1340
4020908000,s,1340
4020988000,s,1340
4021131000,s,1340
4021355000,s,1340
4021494000,s,1340
4022032000,r,1440
4022032000,r,1440
4022113000,r,1440
4022113000,r,1440
4022113000,r,1440
4022189000,s,1340
4022422000,s,1340
4022666000,s,1340
4023866000,s,1340
4023977000,s,1340
4024061000,s,1340
4024125000,s,1340
4024213000,s,1340
4024237000,r,1440
4024311000,s,1340
4025056000,s,1340
4025152000,s,1340
4025631000,s,1340
4025736000,s,1340
4026773000,s,1340
4026886000,s,1340
4026954000,s,1340
4027046000,s,1340
4027099000,s,1340
4027157000,s,1340
4027206000,s,1340
4027257000,s,1340
4027307000,s,1340
4027386000,s,1340
4027847000,s,1340
4027961000,s,1340
4028050000,s,1340
4028264000,s,1340
4028361000,s,1340
4028458000,r,1440
4028458000,r,1440
4028458000,r,1440
4028458000,r,1440
4028458000,r,1440
4028769000,s,1340
4028881000,s,1340
4029010000,s,1340
4029077000,s,1340
4029150000,s,1340
4029207000,s,1340
4029279000,s,1340
4029352000,s,1340
4030140000,s,1340
4030223000,s,1340
4030298000,s,1340
4030357000,s,1340
4030425000,s,1340
4030491000,s,1340
4030738000,s,1340
4030940000,s,1340
4031079000,s,1340
4031166000,s,1340
4031627000,s,1340
4031782000,s,1340
4031862000,s,1340
4031939000,s,1340
4032029000,r,1440
4032030000,r,1440
4032030000,r,1440
4032030000,r,1440
4032030000,r,1440
4032030000,r,1440
4032664000,s,1340
4032754000,s,1340
4032831000,s,1340
4032906000,s,1340
4032977000,s,1340
4035054000,r,1440
4035054000,r,1440
4040943000,r,1440
4041634000,s,1340
4046318000,s,1340
4048522000,s,1340
4049796000,s,1340
4050071000,s,1340
4050460000,r,1440
4050801000,s,1340
4051972000,s,1340
4052690000,s,1340
4053237000,s,1340
4055875000,s,1340
4060075000,r,1440
4060195000,r,1440
4066593000,s,1340
4066593000,r,1440
4066789000,s,1340
4067120000,s,1340
4068191000,r,1440
4069664000,r,1440
4069892000,s,1340
4070230000,s,1340
4070323000,s,1340
4070661000,s,1340
4071841000,r,1440
4071841000,r,1440
4072156000,r,1440
4074072000,s,1340
4074174000,s,1340
4074243000,s,1340
4074286000,s,1340
4074326000,s,1340
4074345000,r,1440
4074364000,s,1340
4074407000,s,1340
4074345000,r,1440
4074455000,s,1340
4074651000,s,1340
4075075000,s,1340
4075171000,r,1440
4075321000,s,1340
4075415000,s,1340
4075493000,s,1340
4075690000,s,1340
4075932000,s,1340
4075966000,s,1340
4077049000,r,1440
4078230000,r,1440
4078572000,s,1340
4078638000,s,1340
4082145000,s,1340
4082198000,s,1340
4082198000,r,1440
4082619000,s,1340
4083042000,s,1340
4083381000,s,1340
4093023000,s,1340
4147599000,r,1440
4147599000,r,1440
4147599000,r,1440
4147600000,r,1440
4147600000,r,1440
4147600000,r,1440
4147600000,r,1440
4147600000,r,1440
4147842000,r,1440
4147842000,r,1440
4147842000,r,1440
4147842000,r,1440
4147842000,r,1440
4147843000,r,1440
4147843000,r,1440
4147843000,r,1440
4147994000,r,1440
4147994000,r,1440
4147994000,r,1440
4147994000,r,1440
4147994000,r,1440
4147994000,r,1440
4148479000,r,1440
4148479000,r,1440
4148479000,r,1440
4148479000,r,1440
4148480000,r,1440
4148480000,r,1440
4148480000,r,1440
4148480000,r,1440
4148556000,r,1440
4148699000,s,1340
4148902000,s,1340
4148911000,r,1440
4148912000,r,1440
4148912000,r,1440
4148912000,r,1440
4148912000,r,1440
4148912000,r,1440
4148985000,r,1440
4148986000,r,1440
4148986000,r,1440
4149031000,s,1340
4149147000,s,1340
4149268000,r,1440
4149268000,r,1440
4149268000,r,1440
4149378000,s,1340
4149508000,s,1340
4149642000,s,1340
4149768000,s,1340
4150018000,s,1340
4150064000,r,1440
4150064000,r,1440
4150064000,r,1440
4150136000,s,1340
4150257000,s,1340
4150375000,s,1340
4150485000,s,1340
4150605000,s,1340
4150714000,s,1340
4150823000,s,1340
4150929000,s,1340
4151034000,s,1340
4151134000,s,1340
4151240000,s,1340
4151242000,r,1440
4151242000,r,1440
4151242000,r,1440
4151242000,r,1440
4151242000,r,1440
4151242000,r,1440
4151243000,r,1440
4151243000,r,1440
4151346000,r,1440
4151346000,r,1440
4151354000,s,1340
4151347000,r,1440
4151347000,r,1440
4151347000,r,1440
4151347000,r,1440
4151347000,r,1440
4151347000,r,1440
4151388000,r,1440
4151388000,r,1440
4151388000,r,1440
4151388000,r,1440
4151388000,r,1440
4151389000,r,1440
4151389000,r,1440
4151389000,r,1440
4151441000,s,1340
4151522000,s,1340
4151676000,s,1340
4151785000,s,1340
4151837000,s,1340
4151859000,s,1340
4151898000,s,1340
4151918000,s,1340
4152022000,r,1440
4152022000,r,1440
4152023000,r,1440
4152121000,s,1340
4152209000,s,1340
4152312000,s,1340
4152419000,s,1340
4152522000,s,1340
4152619000,s,1340
4152721000,s,1340
4153673000,r,1440
4153679000,s,1340
4153673000,r,1440
4153673000,r,1440
4153673000,r,1440
4153673000,r,1440
4153673000,r,1440
4153809000,s,1340
4153924000,s,1340
4154008000,s,1340
4154842000,s,1340
4154965000,s,1340
4155072000,s,1340
4155184000,s,1340
4155288000,s,1340
4155523000,s,1340
4155647000,s,1340
4155726000,s,1340
4155799000,s,1340
4155865000,s,1340
4155928000,s,1340
4155988000,s,1340
4159537000,s,1340
4159767000,s,1340
4160044000,s,1340
4161537000,s,1340
4161901000,s,1340
4161954000,s,1340
4162198000,s,1340
4162248000,s,1340
4162262000,s,1340
4162814000,s,1340
4164481000,s,1340
4165725000,r,1440
4165726000,r,1440
4165726000,r,1440
4165726000,r,1440
4165726000,r,1440
4165726000,r,1440
4166271000,s,1340
4166317000,s,1340
4167577000,r,1440
4167577000,r,1440
4167577000,r,1440
4167578000,r,1440
4167578000,r,1440
4167578000,r,1440
4168095000,s,1340
4168140000,s,1340
4168589000,s,1340
4172147000,r,1440
4173247000,s,1340
4177306000,s,1340
4186489000,s,1340
4186560000,s,1340
4186574000,s,1340
4186585000,s,1340
4216112000,s,1340
4261268000,s,1340
4261436000,s,1340
4261542000,s,1340
4261605000,s,1340
4304423000,r,1440
4306210000,s,1340
4306395000,r,1440
4308071000,r,1440
4309294000,r,1440
4309655000,s,1340
4309696000,r,1440
4320988000,r,1440
4322078000,s,1340
4348273000,s,1340
4394753000,s,1340
4418058000,s,1340
4463038000,s,1340
4612066000,s,1340
4655686000,r,1440
4659005000,s,1340
4659275000,s,1340
4659747000,s,1340
4659968000,s,1340
4660118000,s,1340
4660302000,s,1340
4660638000,s,1340
4660904000,s,1340
4661298000,s,1340
4661604000,s,1340
4661886000,s,1340
4662096000,s,1340
4662832000,s,1340
4663148000,s,1340
4663421000,s,1340
4663972000,s,1340
4664242000,s,1340
4664486000,s,1340
4664769000,s,1340
4665348000,s,1340
4665645000,s,1340
4665910000,s,1340
4666203000,s,1340
4666482000,s,1340
4666966000,s,1340
4667133000,s,1340
4667636000,s,1340
4667797000,s,1340
4667903000,s,1340
4668094000,s,1340
4668235000,s,1340
4668375000,s,1340
4668492000,s,1340
4668616000,s,1340
4669023000,s,1340
4669260000,s,1340
4669870000,s,1340
4670077000,s,1340
4670300000,s,1340
4670513000,s,1340
4670718000,s,1340
4670917000,s,1340
4671149000,s,1340
4671370000,s,1340
4671646000,s,1340
4671863000,s,1340
4672048000,s,1340
4672577000,s,1340
4672775000,s,1340
4672937000,s,1340
4673110000,s,1340
4673270000,s,1340
4673419000,s,1340
4673463000,r,1440
4673463000,r,1440
4673463000,r,1440
4673464000,r,1440
4673464000,r,1440
4673464000,r,1440
4673464000,r,1440
4673848000,s,1340
4674020000,s,1340
4674155000,s,1340
4674300000,s,1340
4674461000,s,1340
4674857000,s,1340
4675096000,s,1340
4675342000,s,1340
4676569000,s,1340
4685245000,s,1340
4695258000,r,1440
4695259000,r,1440
4695259000,r,1440
4695259000,r,1440
4695259000,r,1440
4695260000,r,1440
4695260000,r,1440
4695260000,r,1440
4695513000,r,1440
4695513000,r,1440
4695513000,r,1440
4695514000,r,1440
4695514000,r,1440
4695514000,r,1440
4695514000,r,1440
4695515000,r,1440
4695615000,r,1440
4695615000,r,1440
4695616000,r,1440
4695616000,r,1440
4695616000,r,1440
4695616000,r,1440
4695617000,r,1440
4695617000,r,1440
4695685000,r,1440
4695685000,r,1440
4695685000,r,1440
4695685000,r,1440
4695686000,r,1440
4695686000,r,1440
4695686000,r,1440
4695686000,r,1440
4695745000,r,1440
4695746000,r,1440
4695746000,r,1440
4695746000,r,1440
4695814000,r,1440
4695814000,r,1440
4695814000,r,1440
4695815000,r,1440
4695815000,r,1440
4695815000,r,1440
4696063000,r,1440
4696063000,r,1440
4696063000,r,1440
4696063000,r,1440
4696063000,r,1440
4696064000,r,1440
4696451000,r,1440
4696451000,r,1440
4696451000,r,1440
4696452000,r,1440
4696452000,r,1440
4696452000,r,1440
4696877000,r,1440
4696877000,r,1440
4696877000,r,1440
4696878000,r,1440
4696878000,r,1440
4696878000,r,1440
4698085000,r,1440
4698086000,r,1440
4698086000,r,1440
4698806000,s,1340
4699240000,r,1440
4699241000,r,1440
4699241000,r,1440
4699241000,r,1440
4699241000,r,1440
4699943000,s,1340
4700192000,s,1340
4700328000,s,1340
4700501000,s,1340
4700640000,s,1340
4700845000,s,1340
4701592000,s,1340
4701833000,s,1340
4702042000,s,1340
4702255000,s,1340
4702467000,s,1340
4702681000,s,1340
4702916000,s,1340
4703118000,s,1340
4703338000,s,1340
4703613000,s,1340
4703857000,s,1340
4704303000,s,1340
4704498000,s,1340
4704678000,s,1340
4704844000,s,1340
4705032000,s,1340
4705336000,s,1340
4705529000,s,1340
4705815000,s,1340
4706050000,s,1340
4706268000,s,1340
4706466000,s,1340
4706674000,s,1340
4706854000,s,1340
4707065000,s,1340
4707278000,s,1340
4707515000,s,1340
4707798000,s,1340
4708008000,s,1340
4708232000,s,1340
4708428000,s,1340
4708613000,s,1340
4708811000,s,1340
4709012000,s,1340
4709238000,s,1340
4709482000,s,1340
4709696000,s,1340
4709920000,s,1340
4710141000,s,1340
4710361000,s,1340
4710560000,s,1340
4710750000,s,1340
4711133000,s,1340
4711356000,s,1340
4711635000,s,1340
4711851000,s,1340
4712034000,s,1340
4712198000,s,1340
4712378000,s,1340
4712540000,s,1340
4712685000,s,1340
4712821000,s,1340
4712957000,s,1340
4713108000,s,1340
4713259000,s,1340
4713397000,s,1340
4713551000,s,1340
4713693000,s,1340
4713848000,s,1340
4714011000,s,1340
4714172000,s,1340
4714320000,s,1340
4714478000,s,1340
4714789000,s,1340
4714948000,s,1340
4715089000,s,1340
4715226000,s,1340
4715716000,s,1340
4715867000,s,1340
4716003000,s,1340
4716415000,s,1340
4716619000,s,1340
4717909000,s,1340
4718088000,s,1340
4718228000,s,1340
4718363000,s,1340
4718493000,s,1340
4718613000,s,1340
4718759000,s,1340
4718888000,s,1340
4719016000,s,1340
4719155000,s,1340
4719288000,s,1340
4719417000,s,1340
4719514000,s,1340
4719702000,s,1340
4719833000,s,1340
4719957000,s,1340
4720075000,s,1340
4720195000,s,1340
4720316000,s,1340
4720428000,s,1340
4720560000,s,1340
4721173000,s,1340
4721312000,s,1340
4721446000,s,1340
4721888000,s,1340
4722115000,s,1340
4722600000,s,1340
4722965000,s,1340
4723066000,s,1340
4723447000,s,1340
4723677000,s,1340
4723876000,s,1340
4724583000,r,1440
4724583000,r,1440
4724584000,r,1440
4724584000,r,1440
4724584000,r,1440
4724584000,r,1440
4724585000,r,1440
4724585000,r,1440
4724737000,r,1440
4724737000,r,1440
4724737000,r,1440
4724738000,r,1440
4724738000,r,1440
4724738000,r,1440
4724738000,r,1440
4724739000,r,1440
4724810000,r,1440
4724810000,r,1440
4725220000,r,1440
4725220000,r,1440
4725220000,r,1440
4725220000,r,1440
4725221000,r,1440
4725221000,r,1440
4725221000,r,1440
4725221000,r,1440
4725306000,r,1440
4725306000,r,1440
4725306000,r,1440
4725306000,r,1440
4725517000,r,1440
4725518000,r,1440
4725518000,r,1440
4725638000,s,1340
4725731000,s,1340
4725772000,s,1340
4725819000,s,1340
4725838000,r,1440
4725841000,s,1340
4725838000,r,1440
4725838000,r,1440
4725838000,r,1440
4725839000,r,1440
4725839000,r,1440
4725948000,s,1340
4726122000,s,1340
4726328000,s,1340
4726541000,s,1340
4726711000,s,1340
4726871000,s,1340
4727125000,s,1340
4727485000,s,1340
4727592000,s,1340
4728041000,r,1440
4728041000,r,1440
4728041000,r,1440
4728041000,r,1440
4728042000,r,1440
4728042000,r,1440
4728042000,r,1440
4728042000,r,1440
4728176000,r,1440
4728176000,r,1440
4728176000,r,1440
4728176000,r,1440
4728177000,r,1440
4728177000,r,1440
4728177000,r,1440
4728177000,r,1440
4728239000,r,1440
4728240000,r,1440
4728307000,s,1340
4729128000,s,1340
4729448000,s,1340
4731091000,s,1340
4732531000,s,1340
4732628000,s,1340
4733125000,s,1340
4733382000,s,1340
4734396000,s,1340
4735424000,s,1340
4739636000,s,1340
4739949000,s,1340
4744857000,s,1340
4747265000,s,1340
4792769000,r,1440
4792769000,r,1440
4792770000,r,1440
4792770000,r,1440
4792770000,r,1440
4792770000,r,1440
4792771000,r,1440
4792771000,r,1440
4793095000,r,1440
4793095000,r,1440
4793095000,r,1440
4793096000,r,1440
4793096000,r,1440
4793096000,r,1440
4793096000,r,1440
4793097000,r,1440
4793181000,r,1440
4793181000,r,1440
4793181000,r,1440
4793182000,r,1440
4793182000,r,1440
4793182000,r,1440
4793182000,r,1440
4793183000,r,1440
4793253000,r,1440
4793253000,r,1440
4793253000,r,1440
4793253000,r,1440
4793254000,r,1440
4793254000,r,1440
4793345000,r,1440
4793345000,r,1440
4793346000,r,1440
4793346000,r,1440
4793346000,r,1440
4793347000,r,1440
4793347000,r,1440
4793347000,r,1440
4793416000,r,1440
4793554000,r,1440
4793554000,r,1440
4793554000,r,1440
4793555000,r,1440
4793555000,r,1440
4793555000,r,1440
4793555000,r,1440
4793556000,r,1440
4793962000,r,1440
4793963000,r,1440
4793963000,r,1440
4793963000,r,1440
4793963000,r,1440
4793964000,r,1440
4794206000,s,1340
4794375000,r,1440
4794376000,r,1440
4794376000,r,1440
4794376000,r,1440
4794377000,r,1440
4794377000,r,1440
4794806000,r,1440
4794807000,r,1440
4794807000,r,1440
4794807000,r,1440
4794807000,r,1440
4794808000,r,1440
4795101000,r,1440
4795101000,r,1440
4795101000,r,1440
4796465000,s,1340
4796720000,s,1340
4796875000,s,1340
4797094000,s,1340
4797249000,s,1340
4797446000,s,1340
4797664000,s,1340
4797849000,s,1340
4798061000,s,1340
4798243000,s,1340
4798429000,s,1340
4798788000,r,1440
4798788000,r,1440
4798788000,r,1440
4798789000,r,1440
4798789000,r,1440
4798789000,r,1440
4798789000,r,1440
4799018000,s,1340
4799286000,s,1340
4799640000,s,1340
4799848000,s,1340
4800038000,s,1340
4800243000,s,1340
4800417000,s,1340
4800552000,s,1340
4800704000,s,1340
4800886000,s,1340
4801057000,s,1340
4801239000,s,1340
4801411000,s,1340
4801570000,s,1340
4801752000,s,1340
4801975000,s,1340
4802745000,s,1340
4802880000,s,1340
4803011000,s,1340
4803141000,s,1340
4803258000,s,1340
4803356000,s,1340
4803480000,s,1340
4803780000,s,1340
4803913000,s,1340
4804025000,s,1340
4804135000,s,1340
4804245000,s,1340
4804354000,s,1340
4804905000,s,1340
4805084000,s,1340
4805169000,s,1340
4805207000,s,1340
4805531000,s,1340
4806025000,s,1340
4806298000,s,1340
4806711000,s,1340
4806846000,s,1340
4806965000,s,1340
4807301000,s,1340
4807424000,s,1340
4807682000,s,1340
4808020000,s,1340
4808142000,s,1340
4808342000,s,1340
4808858000,s,1340
4809088000,s,1340
4809220000,s,1340
4809342000,s,1340
4809463000,s,1340
4809669000,s,1340
4809955000,s,1340
4810161000,s,1340
4810295000,s,1340
4810952000,s,1340
4811196000,s,1340
4811471000,s,1340
4811675000,s,1340
4811800000,s,1340
4812183000,s,1340
4815718000,s,1340
4815857000,s,1340
4815982000,s,1340
4816294000,s,1340
4816769000,s,1340
4816893000,s,1340
4817023000,s,1340
4817158000,s,1340
4817301000,s,1340
4817484000,s,1340
4817816000,s,1340
4817994000,s,1340
4818255000,s,1340
4818372000,s,1340
4818471000,s,1340
4818581000,s,1340
4818854000,s,1340
4819261000,s,1340
4819383000,s,1340
4819533000,s,1340
4820038000,s,1340
4820212000,s,1340
4820941000,s,1340
4821079000,s,1340
4821198000,s,1340
4821314000,s,1340
4821437000,s,1340
4821610000,s,1340
4821812000,s,1340
4822058000,s,1340
4822470000,s,1340
4822721000,s,1340
4822857000,s,1340
4823195000,s,1340
4823321000,s,1340
4823434000,s,1340
4823637000,s,1340
4824638000,s,1340
4824808000,s,1340
4824943000,s,1340
4825054000,s,1340
4825157000,s,1340
4825334000,s,1340
4825461000,s,1340
4825570000,s,1340
4825738000,s,1340
4825945000,s,1340
4826611000,r,1440
4826611000,r,1440
4826612000,r,1440
4826612000,r,1440
4826612000,r,1440
4826612000,r,1440
4826613000,r,1440
4826613000,r,1440
4826807000,r,1440
4827128000,s,1340
4827198000,s,1340
4827401000,s,1340
4827500000,s,1340
4827601000,r,1440
4827601000,r,1440
4827601000,r,1440
4827602000,r,1440
4827602000,r,1440
4827602000,r,1440
4827734000,s,1340
4828147000,s,1340
4828388000,s,1340
4828431000,s,1340
4828523000,r,1440
4828523000,r,1440
4828524000,r,1440
4828559000,s,1340
4828524000,r,1440
4828524000,r,1440
4828524000,r,1440
4828600000,s,1340
4828673000,s,1340
4828742000,s,1340
4828800000,s,1340
4829367000,s,1340
4829534000,s,1340
4835358000,s,1340
4836184000,s,1340
4839669000,s,1340
4852844000,r,1440
4852844000,r,1440
4852845000,r,1440
4852845000,r,1440
4852846000,r,1440
4852846000,r,1440
4852847000,r,1440
4852847000,r,1440
4853175000,r,1440
4853175000,r,1440
4853176000,r,1440
4853176000,r,1440
4853177000,r,1440
4853177000,r,1440
4853177000,r,1440
4854272000,s,1340
4854494000,s,1340
4854586000,s,1340
4854708000,s,1340
4855614000,r,1440
4855614000,r,1440
4855614000,r,1440
4855615000,r,1440
4855615000,r,1440
4856322000,s,1340
4856447000,s,1340
4859158000,r,1440
4859158000,r,1440
4859158000,r,1440
4859159000,r,1440
4859159000,r,1440
4859159000,r,1440
4859159000,r,1440
4859160000,r,1440
4859347000,r,1440
4860001000,s,1340
4860073000,s,1340
4862798000,s,1340
4864953000,r,1440
4864953000,r,1440
4864954000,r,1440
4864954000,r,1440
4864954000,r,1440
4864954000,r,1440
4864954000,r,1440
4864954000,r,1440
4865039000,r,1440
4865039000,r,1440
4865039000,r,1440
4865039000,r,1440
4866764000,s,1340
4866893000,s,1340
4867563000,r,1440
4867563000,r,1440
4867564000,r,1440
4867564000,r,1440
4867564000,r,1440
4867564000,r,1440
4867906000,s,1340
4868745000,s,1340
4868876000,s,1340
4874748000,s,1340
4879079000,s,1340
4897616000,r,1440
4897617000,r,1440
4897617000,r,1440
4897618000,r,1440
4897618000,r,1440
4897619000,r,1440
4897619000,r,1440
4897620000,r,1440
4898133000,r,1440
4898134000,r,1440
4898134000,r,1440
4898135000,r,1440
4898135000,r,1440
4898136000,r,1440
4898136000,r,1440
4898136000,r,1440
4898277000,r,1440
4898277000,r,1440
4898392000,r,1440
4898392000,r,1440
4898393000,r,1440
4898393000,r,1440
4898393000,r,1440
4898394000,r,1440
4898394000,r,1440
4898395000,r,1440
4898542000,r,1440
4898542000,r,1440
4898543000,r,1440
4898543000,r,1440
4898766000,r,1440
4898766000,r,1440
4898766000,r,1440
4900846000,r,1440
4900847000,r,1440
4900847000,r,1440
4900848000,r,1440
4900848000,r,1440
4900849000,r,1440
4900849000,r,1440
4902081000,s,1340
4902323000,s,1340
4902505000,s,1340
4902848000,s,1340
4903049000,s,1340
4903217000,s,1340
4903363000,s,1340
4904049000,s,1340
4904233000,s,1340
4904429000,s,1340
4906136000,s,1340
4906372000,s,1340
4907177000,s,1340
4908107000,s,1340
4908472000,s,1340
4908860000,s,1340
4909055000,s,1340
4909470000,s,1340
4909682000,s,1340
4909878000,r,1440
4909879000,r,1440
4909879000,r,1440
4909879000,r,1440
4909879000,r,1440
4909880000,r,1440
4909880000,r,1440
4909880000,r,1440
4910069000,s,1340
4910074000,r,1440
4910074000,r,1440
4910074000,r,1440
4910075000,r,1440
4910075000,r,1440
4910075000,r,1440
4910076000,r,1440
4910076000,r,1440
4910176000,r,1440
4910177000,r,1440
4910177000,r,1440
4910177000,r,1440
4910178000,r,1440
4910178000,r,1440
4910178000,r,1440
4910179000,r,1440
4910279000,r,1440
4910279000,r,1440
4910279000,r,1440
4910307000,s,1340
4910280000,r,1440
4910280000,r,1440
4910280000,r,1440
4910281000,r,1440
4910281000,r,1440
4910374000,r,1440
4910374000,r,1440
4910374000,r,1440
4910375000,r,1440
4910670000,s,1340
4910904000,s,1340
4911314000,s,1340
4911536000,s,1340
4911635000,r,1440
4911635000,r,1440
4911635000,r,1440
4911636000,r,1440
4911636000,r,1440
4911636000,r,1440
4912000000,s,1340
4912231000,s,1340
4912631000,s,1340
4912827000,s,1340
4913226000,s,1340
4913422000,s,1340
4913731000,s,1340
4914081000,s,1340
4914275000,s,1340
4914667000,s,1340
4914887000,s,1340
4915341000,s,1340
4915614000,s,1340
4919600000,r,1440
4919600000,r,1440
4919600000,r,1440
4919600000,r,1440
4919600000,r,1440
4919600000,r,1440
4919601000,r,1440
4922543000,r,1440
4922543000,r,1440
4922543000,r,1440
4923973000,s,1340
4924146000,s,1340
4924283000,s,1340
4924381000,s,1340
4924519000,s,1340
4924659000,s,1340
4924779000,s,1340
4924909000,s,1340
4925060000,s,1340
4925201000,s,1340
4925320000,s,1340
4925451000,s,1340
4925590000,s,1340
4925729000,s,1340
4925869000,s,1340
4926003000,s,1340
4926158000,s,1340
4926309000,s,1340
4926438000,s,1340
4926562000,s,1340
4926686000,s,1340
4926817000,s,1340
4926947000,s,1340
4927073000,s,1340
4927207000,s,1340
4927343000,s,1340
4927473000,s,1340
4927667000,s,1340
4927806000,s,1340
4927940000,s,1340
4928064000,s,1340
4928185000,s,1340
4928320000,s,1340
4928457000,s,1340
4928588000,s,1340
4928718000,s,1340
4928850000,s,1340
4928980000,s,1340
4929114000,s,1340
4929248000,s,1340
4929377000,s,1340
4929514000,s,1340
4929608000,s,1340
4929740000,s,1340
4929870000,s,1340
4929989000,s,1340
4930123000,s,1340
4930232000,s,1340
4933660000,s,1340
4933820000,s,1340
4943662000,r,1440
4943663000,r,1440
4943663000,r,1440
4943663000,r,1440
4943664000,r,1440
4943664000,r,1440
4945027000,s,1340
4945378000,s,1340
4945558000,s,1340
4947270000,r,1440
4947270000,r,1440
4947271000,r,1440
4947271000,r,1440
4947271000,r,1440
4947272000,r,1440
4948602000,s,1340
4948843000,s,1340
4949345000,s,1340
4950077000,r,1440
4950960000,s,1340
4955048000,s,1340
4963621000,r,1440
4963621000,r,1440
4963622000,r,1440
4963622000,r,1440
4963622000,r,1440
4963623000,r,1440
4963623000,r,1440
4963623000,r,1440
4963844000,r,1440
4963844000,r,1440
4963844000,r,1440
4963845000,r,1440
4963845000,r,1440
4963846000,r,1440
4963846000,r,1440
4963846000,r,1440
4964000000,r,1440
4964001000,r,1440
4964001000,r,1440
4964002000,r,1440
4964002000,r,1440
4964002000,r,1440
4964003000,r,1440
4964003000,r,1440
4964124000,r,1440
4964124000,r,1440
4964231000,r,1440
4964231000,r,1440
4964231000,r,1440
4964232000,r,1440
4964232000,r,1440
4964232000,r,1440
4964233000,r,1440
4964233000,r,1440
4965170000,r,1440
4965171000,r,1440
4965171000,r,1440
4965171000,r,1440
4965172000,r,1440
4965172000,r,1440
4965173000,r,1440
4965173000,r,1440
4965366000,r,1440
4966446000,r,1440
4966447000,r,1440
4966447000,r,1440
4966447000,r,1440
4967210000,s,1340
4967468000,s,1340
4967631000,r,1440
4967631000,r,1440
4967632000,r,1440
4967632000,r,1440
4967632000,r,1440
4967633000,r,1440
4968071000,s,1340
4968367000,s,1340
4969327000,s,1340
4969617000,s,1340
4969794000,s,1340
4969968000,s,1340
4970306000,r,1440
4970314000,s,1340
4970306000,r,1440
4970307000,r,1440
4970307000,r,1440
4970307000,r,1440
4971223000,s,1340
4971499000,s,1340
4972946000,s,1340
4974968000,s,1340
4975289000,s,1340
4975616000,r,1440
4975617000,r,1440
4975617000,r,1440
4975617000,r,1440
4975618000,r,1440
4975618000,r,1440
4975619000,r,1440
4976734000,s,1340
4977285000,s,1340
4977549000,s,1340
4983625000,r,1440
4983626000,r,1440
4983626000,r,1440
4985004000,s,1340
4986246000,s,1340
4986584000,s,1340
4986852000,s,1340
4987006000,s,1340
4987152000,s,1340
4987307000,s,1340
4987454000,s,1340
4987628000,r,1440
4987652000,s,1340
4987628000,r,1440
4987628000,r,1440
4987628000,r,1440
4987629000,r,1440
4987629000,r,1440
4987821000,s,1340
4989335000,s,1340
4990331000,s,1340
4990487000,r,1440
4990487000,r,1440
4990488000,r,1440
4990488000,r,1440
4990625000,s,1340
4990488000,r,1440
4990489000,r,1440
4990489000,r,1440
4990489000,r,1440
4990704000,r,1440
4990704000,r,1440
4990704000,r,1440
4990705000,r,1440
4990705000,r,1440
4990705000,r,1440
4990706000,r,1440
4990706000,r,1440
4990805000,s,1340
4990967000,s,1340
4992105000,s,1340
4992285000,s,1340
4992449000,s,1340
4992608000,s,1340
4992767000,s,1340
4992939000,s,1340
4993103000,s,1340
4993679000,s,1340
4993840000,s,1340
4993961000,s,1340
4994126000,s,1340
4994298000,s,1340
4994429000,s,1340
4994544000,s,1340
4994695000,s,1340
4994820000,s,1340
4995015000,s,1340
4995192000,s,1340
4995358000,s,1340
4995519000,s,1340
4995613000,r,1440
4995757000,s,1340
4995940000,s,1340
4996131000,s,1340
4996304000,s,1340
4996432000,s,1340
4996548000,s,1340
4996696000,s,1340
4996866000,s,1340
4997024000,s,1340
4997199000,s,1340
4997346000,s,1340
4997502000,s,1340
4997651000,s,1340
4997799000,r,1440
4997799000,r,1440
4997799000,r,1440
4998643000,s,1340
4998844000,s,1340
4999117000,s,1340
4999300000,s,1340
4999600000,r,1440
4999601000,r,1440
4999601000,r,1440
4999601000,r,1440
4999658000,s,1340
4999601000,r,1440
4999602000,r,1440
4999602000,r,1440
4999602000,r,1440
4999731000,r,1440
4999731000,r,1440
4999732000,r,1440
4999732000,r,1440
4999829000,s,1340
5000071000,s,1340
5000248000,s,1340
5000428000,s,1340
5000595000,s,1340
5000756000,s,1340
5000922000,s,1340
5001216000,s,1340
5001390000,s,1340
5001544000,s,1340
5001706000,s,1340
5001868000,s,1340
5002032000,s,1340
5002188000,s,1340
5002347000,s,1340
5002513000,s,1340
5002668000,s,1340
5002825000,s,1340
5003617000,r,1440
5003617000,r,1440
5003618000,r,1440
5003618000,r,1440
5003618000,r,1440
5005107000,s,1340
5005304000,s,1340
5005481000,s,1340
5005639000,s,1340
5005793000,s,1340
5005972000,s,1340
5006149000,s,1340
5006349000,s,1340
5006551000,s,1340
5006768000,s,1340
5006965000,s,1340
5007151000,s,1340
5007674000,r,1440
5007674000,r,1440
5008027000,s,1340
5008252000,s,1340
5008755000,s,1340
5008956000,s,1340
5009083000,r,1440
5009083000,r,1440
5009084000,r,1440
5009084000,r,1440
5009084000,r,1440
5009085000,r,1440
5009085000,r,1440
5009085000,r,1440
5009273000,r,1440
5009273000,r,1440
5009273000,r,1440
5009273000,r,1440
5009427000,s,1340
5009641000,s,1340
5009842000,s,1340
5010109000,s,1340
5010284000,r,1440
5010284000,r,1440
5010284000,r,1440
5010284000,r,1440
5010285000,r,1440
5010285000,r,1440
5010426000,s,1340
5010655000,s,1340
5010868000,s,1340
5011615000,r,1440
5011615000,r,1440
5011615000,r,1440
5011616000,r,1440
5011616000,r,1440
5011616000,r,1440
5011616000,r,1440
5012600000,s,1340
5012813000,s,1340
5012999000,s,1340
5013130000,s,1340
5013345000,s,1340
5013512000,s,1340
5013673000,s,1340
5013871000,s,1340
5014071000,s,1340
5014272000,s,1340
5014480000,s,1340
5015210000,s,1340
5015680000,s,1340
5015896000,s,1340
5016100000,s,1340
5016297000,s,1340
5016511000,s,1340
5016705000,s,1340
5016907000,s,1340
5017119000,s,1340
5017182000,r,1440
5017182000,r,1440
5017182000,r,1440
5018278000,s,1340
5018547000,s,1340
5018762000,s,1340
5018962000,s,1340
5019162000,s,1340
5019356000,s,1340
5019608000,r,1440
5019625000,s,1340
5019608000,r,1440
5019609000,r,1440
5019609000,r,1440
5019609000,r,1440
5019609000,r,1440
5019610000,r,1440
5020042000,s,1340
5020270000,s,1340
5020477000,s,1340
5020674000,s,1340
5020902000,s,1340
5021124000,s,1340
5021357000,s,1340
5021554000,s,1340
5021746000,s,1340
5021805000,r,1440
5021805000,r,1440
5021805000,r,1440
5021806000,r,1440
5021806000,r,1440
5021806000,r,1440
5021806000,r,1440
5021807000,r,1440
5021952000,s,1340
5021989000,r,1440
5021990000,r,1440
5021990000,r,1440
5021990000,r,1440
5021990000,r,1440
5021991000,r,1440
5021991000,r,1440
5022169000,s,1340
5022379000,s,1340
5022589000,s,1340
5022775000,s,1340
5022970000,s,1340
5023177000,s,1340
5023363000,s,1340
5023638000,r,1440
5023648000,s,1340
5023639000,r,1440
5023639000,r,1440
5023639000,r,1440
5023639000,r,1440
5023862000,s,1340
5024075000,s,1340
5024266000,s,1340
5024464000,s,1340
5024650000,s,1340
5024833000,s,1340
5025033000,s,1340
5025198000,s,1340
5025352000,s,1340
5025510000,s,1340
5025654000,s,1340
5025746000,s,1340
5026345000,s,1340
5026597000,s,1340
5026845000,s,1340
5026983000,r,1440
5026983000,r,1440
5026984000,r,1440
5026984000,r,1440
5026984000,r,1440
5026985000,r,1440
5027145000,s,1340
5027310000,s,1340
5027632000,s,1340
5027781000,s,1340
5028293000,s,1340
5028480000,s,1340
5028522000,r,1440
5028522000,r,1440
5028523000,r,1440
5029529000,s,1340
5029798000,s,1340
5030021000,s,1340
5030317000,s,1340
5030675000,s,1340
5030884000,s,1340
5031115000,s,1340
5035748000,s,1340
5036872000,s,1340
5036936000,r,1440
5036936000,r,1440
5038892000,r,1440
5038893000,r,1440
5038893000,r,1440
5038893000,r,1440
5038893000,r,1440
5038894000,r,1440
5039375000,r,1440
5039375000,r,1440
5039376000,r,1440
5040126000,s,1340
5040323000,s,1340
5040992000,s,1340
5041424000,s,1340
5042370000,s,1340
5043015000,s,1340
5043163000,s,1340
5043483000,s,1340
5043648000,r,1440
5043648000,r,1440
5043648000,r,1440
5043649000,r,1440
5043649000,r,1440
5044359000,r,1440
5044360000,r,1440
5044360000,r,1440
5044360000,r,1440
5044360000,r,1440
5044361000,r,1440
5045011000,s,1340
5045165000,s,1340
5045311000,s,1340
5045416000,s,1340
5046116000,s,1340
5046274000,s,1340
5046421000,s,1340
5046535000,s,1340
5046617000,r,1440
5046650000,s,1340
5046618000,r,1440
5046618000,r,1440
5046618000,r,1440
5046618000,r,1440
5046619000,r,1440
5046619000,r,1440
5046619000,r,1440
5046741000,r,1440
5046756000,s,1340
5046741000,r,1440
5046741000,r,1440
5046741000,r,1440
5046742000,r,1440
5046742000,r,1440
5046861000,s,1340
5046962000,s,1340
5047066000,s,1340
5047185000,s,1340
5047312000,s,1340
5047432000,s,1340
5047610000,s,1340
5047736000,s,1340
5047858000,s,1340
5048159000,s,1340
5048316000,s,1340
5048454000,s,1340
5051591000,r,1440
5053657000,r,1440
5053657000,r,1440
5053658000,r,1440
5053658000,r,1440
5053658000,r,1440
5053658000,r,1440
5053659000,r,1440
5053659000,r,1440
5053826000,r,1440
5053826000,r,1440
5055257000,s,1340
5055442000,s,1340
5055605000,s,1340
5055697000,s,1340
5055781000,s,1340
5057429000,r,1440
5057429000,r,1440
5062503000,s,1340
5063405000,r,1440
5063405000,r,1440
5063405000,r,1440
5063406000,r,1440
5063406000,r,1440
5064655000,s,1340
5064835000,s,1340
5067608000,r,1440
5067608000,r,1440
5067608000,r,1440
5067609000,r,1440
5067609000,r,1440
5067609000,r,1440
5067609000,r,1440
5067610000,r,1440
5067753000,r,1440
5068803000,s,1340
5069813000,r,1440
5069813000,r,1440
5069814000,r,1440
5069814000,r,1440
5071154000,s,1340
5071333000,s,1340
5071471000,s,1340
5071597000,r,1440
5071598000,r,1440
5071598000,r,1440
5071598000,r,1440
5071598000,r,1440
5071599000,r,1440
5071599000,r,1440
5071599000,r,1440
5071897000,r,1440
5071898000,r,1440
5071898000,r,1440
5071898000,r,1440
5071898000,r,1440
5071899000,r,1440
5071899000,r,1440
5071899000,r,1440
5072007000,r,1440
5072007000,r,1440
5072008000,r,1440
5072008000,r,1440
5072008000,r,1440
5072008000,r,1440
5072009000,r,1440
5072009000,r,1440
5072118000,r,1440
5072118000,r,1440
5072119000,r,1440
5073387000,r,1440
5073387000,r,1440
5073388000,r,1440
5073388000,r,1440
5073921000,s,1340
5076014000,s,1340
5076560000,s,1340
5076887000,s,1340
5076927000,r,1440
5076927000,r,1440
5076951000,s,1340
5076927000,r,1440
5076928000,r,1440
5076928000,r,1440
5076928000,r,1440
5076928000,r,1440
5076929000,r,1440
5077039000,r,1440
5077040000,r,1440
5077040000,r,1440
5077040000,r,1440
5077040000,r,1440
5077041000,r,1440
5077041000,r,1440
5077041000,r,1440
5077114000,s,1340
5077130000,r,1440
5077130000,r,1440
5077130000,r,1440
5077130000,r,1440
5077131000,r,1440
5077131000,r,1440
5077131000,r,1440
5077132000,r,1440
5077211000,s,1340
5077220000,r,1440
5077221000,r,1440
5077221000,r,1440
5077367000,s,1340
5077436000,s,1340
5077463000,s,1340
5077567000,s,1340
5077610000,s,1340
5078274000,s,1340
5078489000,s,1340
5078690000,s,1340
5078881000,s,1340
5079087000,s,1340
5079315000,s,1340
5079609000,r,1440
5079609000,r,1440
5079609000,r,1440
5079609000,r,1440
5079610000,r,1440
5079610000,r,1440
5079808000,s,1340
5079865000,s,1340
5079900000,s,1340
5079995000,s,1340
5080619000,s,1340
5080865000,s,1340
5081047000,s,1340
5081198000,s,1340
5081386000,s,1340
5081561000,s,1340
5081774000,s,1340
5081839000,s,1340
5084619000,s,1340
5085617000,s,1340
5092462000,s,1340
5095627000,r,1440
5095628000,r,1440
5095628000,r,1440
5095628000,r,1440
5095629000,r,1440
5095629000,r,1440
5095629000,r,1440
5095629000,r,1440
5095820000,r,1440
5095821000,r,1440
5095821000,r,1440
5095821000,r,1440
5095822000,r,1440
5095822000,r,1440
5095822000,r,1440
5095822000,r,1440
5095907000,r,1440
5095908000,r,1440
5097539000,s,1340
5097819000,s,1340
5098893000,s,1340
5099046000,s,1340
5099178000,s,1340
5099670000,s,1340
5099970000,s,1340
5100195000,s,1340
5100480000,s,1340
5100618000,s,1340
5100746000,s,1340
5100877000,s,1340
5101006000,s,1340
5101127000,s,1340
5101541000,s,1340
5101757000,s,1340
5102797000,s,1340
5102942000,s,1340
5103071000,s,1340
5103292000,s,1340
5103409000,s,1340
5103532000,s,1340
5103635000,r,1440
5103740000,s,1340
5103868000,s,1340
5103990000,s,1340
5104148000,s,1340
5104298000,s,1340
5106976000,r,1440
5106976000,r,1440
5106976000,r,1440
5106977000,r,1440
5106977000,r,1440
5106977000,r,1440
5106977000,r,1440
5106978000,r,1440
5107228000,r,1440
5107228000,r,1440
5107229000,r,1440
5107229000,r,1440
5107229000,r,1440
5107229000,r,1440
5107230000,r,1440
5107230000,r,1440
5107319000,r,1440
5107319000,r,1440
5107474000,r,1440
5107474000,r,1440
5107475000,r,1440
5107475000,r,1440
5107475000,r,1440
5107475000,r,1440
5108525000,r,1440
5108526000,r,1440
5108526000,r,1440
5110191000,s,1340
5110401000,s,1340
5110568000,s,1340
5110725000,s,1340
5110889000,s,1340
5111212000,s,1340
5111351000,s,1340
5111670000,r,1440
5111702000,s,1340
5111670000,r,1440
5111670000,r,1440
5111671000,r,1440
5111671000,r,1440
5111671000,r,1440
5111850000,s,1340
5111671000,r,1440
5112751000,s,1340
5112916000,s,1340
5113060000,s,1340
5113202000,s,1340
5113352000,s,1340
5113506000,s,1340
5118710000,s,1340
5119641000,r,1440
5121623000,r,1440
5122918000,r,1440
5123197000,s,1340
5124135000,s,1340
5125574000,r,1440
5125574000,r,1440
5125574000,r,1440
5125575000,r,1440
5125575000,r,1440
5125575000,r,1440
5125575000,r,1440
5125576000,r,1440
5125720000,r,1440
5125720000,r,1440
5125720000,r,1440
5125720000,r,1440
5125720000,r,1440
5125721000,r,1440
5125721000,r,1440
5126490000,s,1340
5126550000,s,1340
5126891000,s,1340
5127087000,s,1340
5127342000,s,1340
5127403000,s,1340
5128377000,s,1340
5128551000,s,1340
5128706000,s,1340
5128863000,s,1340
5129083000,r,1440
5129083000,r,1440
5129084000,r,1440
5129084000,r,1440
5129084000,r,1440
5129084000,r,1440
5129084000,r,1440
5129085000,r,1440
5129236000,r,1440
5129236000,r,1440
5129236000,r,1440
5129236000,r,1440
5129237000,r,1440
5129237000,r,1440
5129237000,r,1440
5129237000,r,1440
5129300000,r,1440
5129370000,s,1340
5129762000,s,1340
5129952000,s,1340
5130228000,s,1340
5130402000,s,1340
5130610000,s,1340
5130747000,s,1340
5130851000,s,1340
5131000000,s,1340
5131097000,s,1340
5131233000,s,1340
5131361000,s,1340
5131490000,s,1340
5131600000,r,1440
5131600000,r,1440
5131601000,r,1440
5131601000,r,1440
5131693000,s,1340
5131849000,s,1340
5131984000,s,1340
5132120000,s,1340
5132235000,s,1340
5132345000,s,1340
5132462000,s,1340
5132594000,s,1340
5132725000,s,1340
5132854000,s,1340
5132971000,s,1340
5133099000,s,1340
5133238000,s,1340
5133369000,s,1340
5133601000,s,1340
5133820000,s,1340
5134092000,s,1340
5134486000,s,1340
5135176000,s,1340
5135834000,s,1340
5136773000,s,1340
5137910000,s,1340
5138586000,s,1340
5139194000,s,1340
5139753000,s,1340
5139990000,s,1340
5140183000,s,1340
5140362000,s,1340
5140543000,s,1340
5140741000,s,1340
5140908000,s,1340
5141753000,s,1340
5141970000,s,1340
5142268000,s,1340
5142867000,s,1340
5143056000,s,1340
5143717000,s,1340
5143911000,s,1340
5144087000,s,1340
5144246000,s,1340
5144400000,s,1340
5144752000,s,1340
5144954000,s,1340
5145156000,s,1340
5145567000,s,1340
5145740000,s,1340
5145897000,s,1340
5146049000,s,1340
5146211000,s,1340
5146360000,s,1340
5146841000,s,1340
5147468000,s,1340
5147718000,s,1340
5148134000,s,1340
5149511000,s,1340
5149775000,s,1340
5150301000,s,1340
5150490000,s,1340
5150634000,s,1340
5150788000,s,1340
5150935000,s,1340
5151072000,s,1340
5151236000,s,1340
5151379000,s,1340
5151526000,s,1340
5152933000,s,1340
5153281000,s,1340
5153684000,s,1340
5153866000,s,1340
5154002000,s,1340
5154953000,s,1340
5155138000,s,1340
5155310000,s,1340
5155414000,s,1340
5156289000,s,1340
5156478000,s,1340
5156612000,s,1340
5156738000,s,1340
5156871000,s,1340
5157007000,s,1340
5157142000,s,1340
5157559000,s,1340
5157792000,s,1340
5157953000,s,1340
5158084000,s,1340
5158225000,s,1340
5158367000,s,1340
5158502000,s,1340
5158649000,s,1340
5158991000,s,1340
5159334000,s,1340
5159497000,s,1340
5159702000,s,1340
5159842000,s,1340
5159978000,s,1340
5160119000,s,1340
5160575000,s,1340
5160774000,s,1340
5161689000,s,1340
5161900000,s,1340
5162076000,s,1340
5162225000,s,1340
5162368000,s,1340
5162515000,s,1340
5162652000,s,1340
5162789000,s,1340
5162938000,s,1340
5163093000,s,1340
5163248000,s,1340
5163402000,s,1340
5163619000,s,1340
5166363000,r,1440
5166363000,r,1440
5166364000,r,1440
5166364000,r,1440
5166364000,r,1440
5166365000,r,1440
5166365000,r,1440
5166365000,r,1440
5166747000,r,1440
5166748000,r,1440
5166748000,r,1440
5166749000,r,1440
5166749000,r,1440
5166750000,r,1440
5166750000,r,1440
5166751000,r,1440
5166885000,r,1440
5166886000,r,1440
5166886000,r,1440
5166887000,r,1440
5169740000,s,1340
5169987000,s,1340
5170271000,s,1340
5178084000,r,1440
5178084000,r,1440
5178084000,r,1440
5178084000,r,1440
5178085000,r,1440
5180397000,s,1340
5180917000,s,1340
5181647000,s,1340
5181921000,s,1340
5183629000,r,1440
5191580000,r,1440
5195588000,r,1440
5196280000,s,1340
5210630000,r,1440
5471606000,r,1440
5471606000,r,1440
5471606000,r,1440
5471606000,r,1440
5471607000,r,1440
5471607000,r,1440
5472132000,r,1440
5472132000,r,1440
5472132000,r,1440
5472132000,r,1440
5472133000,r,1440
5472799000,s,1340
5472895000,s,1340
5472960000,s,1340
5472996000,s,1340
5473200000,s,1340
5473660000,s,1340
5473851000,s,1340
5474296000,s,1340
5474457000,s,1340
5474603000,s,1340
5474746000,s,1340
5474856000,s,1340
5474964000,s,1340
5475069000,s,1340
5475183000,s,1340
5475285000,s,1340
5475383000,s,1340
5475642000,s,1340
5475961000,s,1340
5476048000,s,1340
5476100000,s,1340
5476160000,s,1340
5476215000,s,1340
5476264000,s,1340
5476318000,s,1340
5476366000,s,1340
5476421000,s,1340
5476485000,s,1340
5476545000,s,1340
5476624000,s,1340
5476678000,s,1340
5476729000,s,1340
5476784000,s,1340
5476838000,s,1340
5476894000,s,1340
5476954000,s,1340
5477011000,s,1340
5477061000,s,1340
5477112000,s,1340
5477160000,s,1340
5477175000,s,1340
5477197000,s,1340
5478901000,s,1340
5479069000,s,1340
5479286000,s,1340
5479461000,s,1340
5479686000,s,1340
5479907000,s,1340
5480025000,s,1340
5480105000,s,1340
5480185000,s,1340
5480266000,s,1340
5480347000,s,1340
5480546000,s,1340
5480766000,s,1340
5480936000,s,1340
5481074000,s,1340
5481208000,s,1340
5481348000,s,1340
5481790000,s,1340
5481966000,s,1340
5482123000,s,1340
5482286000,s,1340
5482437000,s,1340
5482591000,s,1340
5482957000,s,1340
5483132000,s,1340
5483289000,s,1340
5483443000,s,1340
5483658000,s,1340
5484004000,s,1340
5484184000,s,1340
5484399000,s,1340
5484554000,s,1340
5492937000,r,1440
5493873000,s,1340
5494091000,r,1440
5494092000,r,1440
5494174000,s,1340
5494582000,s,1340
5494788000,s,1340
5499592000,r,1440
5503582000,r,1440
5504290000,s,1340
5506689000,r,1440
5506690000,r,1440
5506690000,r,1440
5507457000,s,1340
5507646000,s,1340
5521890000,r,1440
5548155000,s,1340
5549214000,s,1340
5552947000,s,1340
5555611000,r,1440
5555611000,r,1440
5557081000,r,1440
5557622000,s,1340
5557735000,s,1340
5557815000,s,1340
5558061000,s,1340
5558139000,s,1340
5558216000,s,1340
5558376000,s,1340
5558528000,s,1340
5558683000,s,1340
5558794000,s,1340
5559027000,s,1340
5559377000,s,1340
5559468000,s,1340
5559808000,s,1340
5559963000,s,1340
5560115000,s,1340
5560262000,s,1340
5560418000,s,1340
5560568000,s,1340
5560712000,s,1340
5560863000,s,1340
5561022000,s,1340
5561172000,s,1340
5561298000,s,1340
5561436000,s,1340
5561568000,s,1340
5561739000,s,1340
5561862000,s,1340
5561982000,s,1340
5562109000,s,1340
5562218000,s,1340
5562324000,s,1340
5562446000,s,1340
5562556000,s,1340
5562655000,s,1340
5562755000,s,1340
5562859000,s,1340
5562972000,s,1340
5563089000,s,1340
5563218000,s,1340
5563335000,s,1340
5563445000,s,1340
5563604000,s,1340
5563725000,s,1340
5563847000,s,1340
5563954000,s,1340
5563995000,r,1440
5564058000,s,1340
5564162000,s,1340
5564265000,s,1340
5564371000,s,1340
5564474000,s,1340
5564686000,s,1340
5564795000,s,1340
5564928000,s,1340
5565030000,s,1340
5565151000,s,1340
5565255000,s,1340
5565360000,s,1340
5565459000,s,1340
5565587000,s,1340
5565754000,s,1340
5565889000,s,1340
5566013000,s,1340
5566138000,s,1340
5566261000,s,1340
5566368000,s,1340
5566470000,s,1340
5566590000,s,1340
5566707000,s,1340
5566837000,s,1340
5566934000,s,1340
5567034000,s,1340
5567134000,s,1340
5567244000,s,1340
5567343000,s,1340
5567462000,s,1340
5567604000,r,1440
5567604000,r,1440
5568634000,s,1340
5568747000,s,1340
5568807000,s,1340
5568858000,s,1340
5568905000,s,1340
5568952000,s,1340
5568999000,s,1340
5569049000,s,1340
5569107000,s,1340
5569162000,s,1340
5569217000,s,1340
5569269000,s,1340
5569322000,s,1340
5569380000,s,1340
5569434000,s,1340
5569634000,s,1340
5569751000,s,1340
5569817000,s,1340
5569876000,s,1340
5569924000,s,1340
5569975000,s,1340
5570023000,s,1340
5570071000,s,1340
5570118000,s,1340
5570165000,s,1340
5570381000,s,1340
5570441000,s,1340
5570614000,s,1340
5570756000,s,1340
5570826000,s,1340
5570881000,s,1340
5571080000,s,1340
5571190000,s,1340
5571250000,s,1340
5571372000,s,1340
5571477000,s,1340
5572128000,s,1340
5572317000,s,1340
5572554000,s,1340
5572648000,s,1340
5572826000,s,1340
5572979000,s,1340
5573092000,s,1340
5573202000,s,1340
5573507000,s,1340
5573598000,s,1340
5573674000,s,1340
5574059000,s,1340
5574181000,s,1340
5574265000,s,1340
5574319000,s,1340
5574494000,s,1340
5574663000,s,1340
5574772000,s,1340
5574836000,s,1340
5574912000,s,1340
5574969000,s,1340
5575016000,s,1340
5575065000,s,1340
5575113000,s,1340
5575159000,s,1340
5575203000,s,1340
5575245000,s,1340
5575431000,s,1340
5575575000,s,1340
5575944000,s,1340
5576017000,s,1340
5576085000,s,1340
5576237000,s,1340
5576353000,s,1340
5576490000,s,1340
5576586000,s,1340
5576698000,s,1340
5576819000,s,1340
5576917000,s,1340
5577035000,s,1340
5577157000,s,1340
5577279000,s,1340
5577399000,s,1340
5577501000,s,1340
5577738000,s,1340
5577755000,r,1440
5577756000,r,1440
5577887000,s,1340
5577955000,s,1340
5578007000,s,1340
5578062000,s,1340
5578113000,s,1340
5578185000,s,1340
5578236000,s,1340
5578281000,s,1340
5578453000,s,1340
5580489000,s,1340
5580550000,s,1340
5580590000,s,1340
5580682000,s,1340
5580793000,s,1340
5580876000,s,1340
5581009000,s,1340
5581252000,s,1340
5581374000,s,1340
5581449000,s,1340
5581494000,s,1340
5581833000,s,1340
5581940000,s,1340
5581997000,s,1340
5582044000,s,1340
5582139000,s,1340
5582188000,s,1340
5582231000,s,1340
5582297000,s,1340
5582345000,s,1340
5582423000,s,1340
5582568000,s,1340
5582617000,s,1340
5582663000,s,1340
5582705000,s,1340
5582789000,s,1340
5582838000,s,1340
5582910000,s,1340
5582958000,s,1340
5583081000,s,1340
5583133000,s,1340
5583181000,s,1340
5583260000,s,1340
5583306000,s,1340
5583372000,s,1340
5583441000,s,1340
5583492000,s,1340
5583542000,s,1340
5584213000,s,1340
5584269000,s,1340
5584318000,s,1340
5584403000,s,1340
5584471000,s,1340
5584613000,s,1340
5584673000,s,1340
5584695000,s,1340
5584719000,s,1340
5584864000,s,1340
5584991000,s,1340
5585051000,s,1340
5585097000,s,1340
5585177000,s,1340
5585227000,s,1340
5585269000,s,1340
5585342000,s,1340
5585386000,s,1340
5585429000,s,1340
5585514000,s,1340
5585596000,s,1340
5585746000,s,1340
5586103000,s,1340
5586187000,s,1340
5586241000,s,1340
5586286000,s,1340
5586330000,s,1340
5586378000,s,1340
5586423000,s,1340
5586450000,s,1340
5586510000,s,1340
5586560000,s,1340
5586607000,s,1340
5586652000,s,1340
5587170000,s,1340
5587259000,s,1340
5587316000,s,1340
5587366000,s,1340
5587413000,s,1340
5587459000,s,1340
5587616000,s,1340
5587669000,s,1340
5587707000,s,1340
5587734000,s,1340
5587772000,s,1340
5587856000,s,1340
5587923000,s,1340
5587968000,s,1340
5588059000,s,1340
5588179000,s,1340
5588246000,s,1340
5588276000,s,1340
5588381000,s,1340
5588543000,s,1340
5588627000,s,1340
5588694000,s,1340
5588755000,s,1340
5588782000,s,1340
5588804000,s,1340
5588915000,s,1340
5589017000,s,1340
5589107000,s,1340
5589257000,s,1340
5589384000,s,1340
5589477000,s,1340
5600241000,s,1340
5600404000,s,1340
5600483000,s,1340
5600584000,s,1340
5600664000,s,1340
5600764000,s,1340
5600873000,s,1340
5600965000,s,1340
5601062000,s,1340
5601161000,s,1340
5601241000,s,1340
5601310000,s,1340
5608848000,s,1340
5623835000,r,1440
5623835000,r,1440
5623835000,r,1440
5623835000,r,1440
5623836000,r,1440
5623836000,r,1440
5624833000,s,1340
5624982000,s,1340
5625059000,s,1340
5625134000,s,1340
5625207000,r,1440
5625207000,r,1440
5625208000,r,1440
5625208000,r,1440
5625208000,r,1440
5625527000,s,1340
5625652000,s,1340
5625872000,s,1340
5625969000,s,1340
5626037000,s,1340
5631636000,r,1440
5631636000,r,1440
5631636000,r,1440
5631636000,r,1440
5631637000,r,1440
5631637000,r,1440
5631912000,r,1440
5631912000,r,1440
5631912000,r,1440
5631912000,r,1440
5631913000,r,1440
5631913000,r,1440
5633402000,s,1340
5633576000,s,1340
5636063000,s,1340
5636187000,s,1340
5636352000,s,1340
5636543000,r,1440
5636543000,r,1440
5636543000,r,1440
5636544000,r,1440
5636544000,r,1440
5637199000,s,1340
5637366000,s,1340
5643323000,s,1340
5643753000,r,1440
5644323000,s,1340
5645491000,s,1340
5646938000,r,1440
5646938000,r,1440
5647458000,s,1340
5649112000,s,1340
5650548000,s,1340
5652037000,s,1340
5652301000,s,1340
5652793000,s,1340
5653707000,s,1340
5657969000,s,1340
5672780000,s,1340
5674287000,s,1340
5676033000,s,1340
5679842000,s,1340
5683633000,r,1440
5687616000,r,1440
5687616000,r,1440
5687617000,r,1440
5687617000,r,1440
5687617000,r,1440
5687618000,r,1440
5687618000,r,1440
5689935000,s,1340
5690219000,s,1340
5690444000,s,1340
5696600000,r,1440
5696601000,r,1440
5696601000,r,1440
5696601000,r,1440
5696602000,r,1440
5696602000,r,1440
5696603000,r,1440
5696603000,r,1440
5696941000,r,1440
5697024000,r,1440
5697025000,r,1440
5697025000,r,1440
5697983000,s,1340
5698113000,s,1340
5698235000,s,1340
5698351000,s,1340
5698469000,s,1340
5698479000,r,1440
5698553000,s,1340
5698480000,r,1440
5698480000,r,1440
5698480000,r,1440
5699246000,s,1340
5699367000,s,1340
5708889000,s,1340
5710698000,s,1340
5710854000,s,1340
5711526000,s,1340
5717547000,s,1340
5719633000,r,1440
5719633000,r,1440
5719634000,r,1440
5719634000,r,1440
5719635000,r,1440
5719635000,r,1440
5719635000,r,1440
5719636000,r,1440
5720008000,r,1440
5720009000,r,1440
5720009000,r,1440
5720010000,r,1440
5720010000,r,1440
5720010000,r,1440
5720011000,r,1440
5720720000,s,1340
5720870000,s,1340
5721091000,s,1340
5721206000,s,1340
5723622000,r,1440
5723622000,r,1440
5723622000,r,1440
5723623000,r,1440
5723623000,r,1440
5723624000,r,1440
5723624000,r,1440
5723625000,r,1440
5724002000,r,1440
5724867000,s,1340
5725049000,s,1340
5725137000,s,1340
5725250000,s,1340
5725355000,s,1340
5726352000,s,1340
5726532000,s,1340
5727424000,s,1340
5728206000,r,1440
5729452000,s,1340
5729636000,s,1340
5729779000,s,1340
5729852000,s,1340
5730196000,s,1340
5730395000,s,1340
5730563000,s,1340
5735778000,s,1340
5735931000,s,1340
5736045000,s,1340
5737815000,s,1340
5737939000,s,1340
5741017000,s,1340
5741953000,r,1440
5741953000,r,1440
5741954000,r,1440
5741954000,r,1440
5741955000,r,1440
5741955000,r,1440
5741955000,r,1440
5742341000,s,1340
5742510000,s,1340
5742595000,s,1340
5743309000,s,1340
5744495000,s,1340
5744584000,s,1340
5744644000,s,1340
5744697000,s,1340
5744746000,s,1340
5744798000,s,1340
5744851000,s,1340
5744932000,s,1340
5744994000,s,1340
5745052000,s,1340
5745112000,s,1340
5745227000,s,1340
5745307000,s,1340
5745532000,s,1340
5745666000,s,1340
5746229000,s,1340
5746302000,s,1340
5746528000,s,1340
5746731000,s,1340
5746827000,s,1340
5746920000,s,1340
5747002000,s,1340
5747084000,s,1340
5747321000,s,1340
5747524000,s,1340
5747970000,s,1340
5748186000,s,1340
5748307000,s,1340
5748653000,s,1340
5749307000,s,1340
5749411000,s,1340
5749483000,s,1340
5749571000,s,1340
5749649000,s,1340
5749743000,s,1340
5749966000,s,1340
5750142000,s,1340
5750223000,s,1340
5750282000,s,1340
5750551000,s,1340
5750702000,s,1340
5750980000,s,1340
5751074000,s,1340
5751164000,s,1340
5751439000,s,1340
5751487000,s,1340
5751943000,s,1340
5752429000,s,1340
5752534000,s,1340
5752812000,s,1340
5752855000,s,1340
5752923000,s,1340
5752986000,s,1340
5753049000,s,1340
5753306000,s,1340
5753371000,s,1340
5753512000,s,1340
5753558000,s,1340
5753814000,s,1340
5754181000,s,1340
5754316000,s,1340
5754360000,s,1340
5754519000,s,1340
5754595000,s,1340
5754659000,s,1340
5754767000,s,1340
5755059000,s,1340
5755183000,s,1340
5756202000,s,1340
5756258000,s,1340
5756395000,s,1340
5756631000,s,1340
5756896000,s,1340
5757073000,s,1340
5757142000,s,1340
5757319000,s,1340
5758461000,s,1340
5758540000,s,1340
5758655000,s,1340
5758820000,s,1340
5758915000,s,1340
5759163000,s,1340
5759291000,s,1340
5760346000,s,1340
5760533000,s,1340
5761096000,s,1340
5761109000,r,1440
5761109000,r,1440
5761109000,r,1440
5761109000,r,1440
5761109000,r,1440
5761109000,r,1440
5761109000,r,1440
5761109000,r,1440
5761228000,r,1440
5761228000,r,1440
5761232000,s,1340
5761228000,r,1440
5761229000,r,1440
5761344000,s,1340
5761388000,s,1340
5762045000,s,1340
5762174000,s,1340
5762314000,s,1340
5762822000,r,1440
5762822000,r,1440
5762822000,r,1440
5762822000,r,1440
5762822000,r,1440
5762822000,r,1440
5762822000,r,1440
5763021000,s,1340
5763061000,s,1340
5763074000,s,1340
5763231000,s,1340
5763266000,s,1340
5763280000,s,1340
5763711000,s,1340
5763728000,s,1340
5763736000,s,1340
5763824000,s,1340
5763918000,s,1340
5764086000,s,1340
5764110000,s,1340
5764139000,s,1340
5764156000,s,1340
5764391000,s,1340
5764481000,s,1340
5764548000,s,1340
5764628000,s,1340
5764711000,s,1340
5764752000,s,1340
5764811000,s,1340
5764952000,s,1340
5765121000,s,1340
5766912000,s,1340
5766962000,s,1340
5766973000,s,1340
5767062000,s,1340
5767142000,s,1340
5767194000,s,1340
5768010000,s,1340
5768213000,s,1340
5768382000,s,1340
5768454000,s,1340
5768676000,s,1340
5768796000,s,1340
5768873000,s,1340
5769027000,s,1340
5769254000,s,1340
5769379000,s,1340
5769425000,s,1340
5770278000,s,1340
5770337000,s,1340
5770922000,s,1340
5771016000,s,1340
5771088000,s,1340
5771599000,s,1340
5771672000,s,1340
5771777000,s,1340
5771812000,s,1340
5771927000,s,1340
5772026000,s,1340
5772107000,s,1340
5772157000,s,1340
5772386000,s,1340
5772461000,s,1340
5772485000,s,1340
5772502000,s,1340
5772980000,s,1340
5773289000,s,1340
5773336000,s,1340
5773353000,s,1340
5773367000,s,1340
5773438000,s,1340
5773582000,s,1340
5773708000,s,1340
5773821000,s,1340
5773888000,s,1340
5774110000,s,1340
5774174000,s,1340
5774229000,s,1340
5774380000,s,1340
5774500000,s,1340
5774579000,s,1340
5774836000,s,1340
5774923000,s,1340
5774985000,s,1340
5775161000,s,1340
5775228000,s,1340
5775399000,s,1340
5775513000,s,1340
5776282000,s,1340
5776348000,r,1440
5776348000,r,1440
5776348000,r,1440
5776348000,r,1440
5776348000,r,1440
5776348000,r,1440
5776348000,r,1440
5776349000,r,1440
5776456000,r,1440
5776456000,r,1440
5776457000,r,1440
5776457000,r,1440
5776457000,r,1440
5776457000,r,1440
5776457000,r,1440
5776457000,r,1440
5776483000,r,1440
5776483000,r,1440
5776532000,s,1340
5776625000,s,1340
5776690000,s,1340
5776751000,s,1340
5776814000,r,1440
5776814000,r,1440
5776814000,r,1440
5776814000,r,1440
5776814000,r,1440
5776814000,r,1440
5776815000,r,1440
5776815000,r,1440
5776897000,r,1440
5777265000,s,1340
5777331000,s,1340
5777370000,s,1340
5777562000,s,1340
5777560000,r,1440
5777561000,r,1440
5777561000,r,1440
5777738000,s,1340
5777778000,s,1340
5778020000,s,1340
5778059000,s,1340
5778241000,s,1340
5778277000,r,1440
5778277000,r,1440
5778277000,r,1440
5778277000,r,1440
5778277000,r,1440
5778278000,r,1440
5778577000,r,1440
5778577000,r,1440
5778577000,r,1440
5778612000,s,1340
5778577000,r,1440
5778577000,r,1440
5778577000,r,1440
5778578000,r,1440
5778578000,r,1440
5778632000,s,1340
5778633000,r,1440
5778633000,r,1440
5778633000,r,1440
5778634000,r,1440
5778646000,s,1340
5778659000,s,1340
5778747000,s,1340
5778842000,s,1340
5778932000,s,1340
5779019000,s,1340
5779103000,s,1340
5779185000,s,1340
5779261000,s,1340
5779337000,s,1340
5779411000,s,1340
5779469000,s,1340
5779526000,s,1340
5779637000,s,1340
5779711000,s,1340
5779769000,s,1340
5779843000,s,1340
5779922000,s,1340
5779996000,s,1340
5780075000,s,1340
5780153000,s,1340
5780608000,s,1340
5780824000,s,1340
5780888000,s,1340
5781043000,s,1340
5781175000,s,1340
5781307000,s,1340
5781323000,r,1440
5781367000,s,1340
5781323000,r,1440
5781323000,r,1440
5781324000,r,1440
5781324000,r,1440
5781324000,r,1440
5781324000,r,1440
5781324000,r,1440
5781559000,s,1340
5781596000,s,1340
5781816000,s,1340
5781899000,s,1340
5781933000,s,1340
5781945000,s,1340
5782053000,s,1340
5782107000,s,1340
5782236000,s,1340
5782299000,s,1340
5782889000,s,1340
5782967000,s,1340
5783005000,s,1340
5783024000,s,1340
5783050000,s,1340
5784074000,s,1340
5784160000,s,1340
5784213000,s,1340
5785344000,r,1440
5785344000,r,1440
5785344000,r,1440
5785345000,r,1440
5785345000,r,1440
5785345000,r,1440
5785345000,r,1440
5785345000,r,1440
5785544000,s,1340
5785656000,s,1340
5785684000,s,1340
5785952000,s,1340
5786100000,s,1340
5786191000,s,1340
5786265000,s,1340
5786335000,s,1340
5786412000,s,1340
5786478000,s,1340
5786554000,s,1340
5786624000,s,1340
5786706000,s,1340
5787017000,s,1340
5787109000,s,1340
5787292000,s,1340
5787414000,s,1340
5787631000,s,1340
5787706000,s,1340
5787915000,s,1340
5788066000,s,1340
5788153000,s,1340
5788185000,r,1440
5788185000,r,1440
5788234000,s,1340
5788185000,r,1440
5788185000,r,1440
5788185000,r,1440
5788321000,s,1340
5788430000,s,1340
5788526000,s,1340
5788574000,s,1340
5788611000,s,1340
5788623000,s,1340
5788783000,s,1340
5788879000,s,1340
5788956000,s,1340
5789122000,s,1340
5789341000,s,1340
5789991000,s,1340
5790314000,s,1340
5790506000,s,1340
5791034000,s,1340
5791189000,s,1340
5791331000,s,1340
5791537000,s,1340
5791837000,s,1340
5792485000,s,1340
5794694000,s,1340
5796969000,s,1340
5797402000,s,1340
5797439000,s,1340
5797717000,s,1340
5797863000,s,1340
5798061000,s,1340
5798242000,s,1340
5799507000,s,1340
5802446000,s,1340
5805516000,s,1340
5805558000,r,1440
5806720000,r,1440
5808346000,s,1340
5808427000,s,1340
5818135000,s,1340
5824272000,r,1440
5827589000,r,1440
5827938000,r,1440
5828348000,s,1340
5829316000,r,1440
5829316000,r,1440
5829316000,r,1440
5829407000,r,1440
5829407000,r,1440
5829855000,s,1340
5829948000,s,1340
5830460000,s,1340
5830492000,r,1440
5831424000,r,1440
5834127000,r,1440
5834786000,s,1340
5835043000,s,1340
5835645000,s,1340
5835735000,s,1340
5835803000,s,1340
5835889000,s,1340
5836025000,s,1340
5836261000,s,1340
5836355000,s,1340
5836510000,s,1340
5836676000,s,1340
5836797000,s,1340
5836960000,s,1340
5837024000,s,1340
5837082000,s,1340
5837131000,s,1340
5837354000,s,1340
5838003000,s,1340
5838118000,s,1340
5838185000,s,1340
5838227000,r,1440
5838340000,s,1340
5838435000,s,1340
5838501000,s,1340
5838537000,s,1340
5839083000,s,1340
5839290000,r,1440
5839295000,s,1340
5839290000,r,1440
5839290000,r,1440
5839363000,s,1340
5839439000,s,1340
5839493000,s,1340
5839712000,s,1340
5839743000,s,1340
5839816000,s,1340
5839912000,s,1340
5840011000,s,1340
5840123000,s,1340
5840218000,s,1340
5840347000,s,1340
5840390000,s,1340
5840532000,s,1340
5840647000,s,1340
5840802000,s,1340
5840918000,s,1340
5840968000,s,1340
5841060000,s,1340
5841081000,r,1440
5841145000,s,1340
5841081000,r,1440
5841081000,r,1440
5841780000,s,1340
5841836000,s,1340
5841862000,s,1340
5841994000,s,1340
5842083000,s,1340
5842256000,s,1340
5842376000,s,1340
5842403000,s,1340
5842622000,s,1340
5842725000,s,1340
5843588000,s,1340
5843665000,s,1340
5844042000,s,1340
5844221000,s,1340
5844352000,s,1340
5844400000,s,1340
5844487000,s,1340
5844550000,s,1340
5844870000,s,1340
5844954000,s,1340
5845126000,s,1340
5845272000,s,1340
5845360000,r,1440
5845468000,s,1340
5845601000,s,1340
5845667000,s,1340
5845749000,s,1340
5845936000,s,1340
5846027000,s,1340
5846314000,s,1340
5846594000,r,1440
5846723000,s,1340
5846774000,s,1340
5846883000,s,1340
5847037000,s,1340
5847197000,s,1340
5848479000,r,1440
5848479000,r,1440
5848581000,r,1440
5849113000,s,1340
5849174000,s,1340
5849218000,s,1340
5849259000,s,1340
5849299000,s,1340
5849337000,s,1340
5849888000,s,1340
5849942000,s,1340
5850247000,r,1440
5850247000,r,1440
5850582000,s,1340
5850659000,s,1340
5850675000,s,1340
5853877000,r,1440
5854417000,r,1440
5855578000,r,1440
5855578000,r,1440
5855578000,r,1440
5855913000,s,1340
5855959000,s,1340
5855973000,s,1340
5856155000,s,1340
5856168000,s,1340
5856188000,s,1340
5857156000,r,1440
5857156000,r,1440
5857156000,r,1440
5857156000,r,1440
5857156000,r,1440
5857157000,r,1440
5857157000,r,1440
5857157000,r,1440
5857220000,r,1440
5857220000,r,1440
5857220000,r,1440
5857220000,r,1440
5857220000,r,1440
5858082000,r,1440
5858150000,s,1340
5858287000,s,1340
5858403000,s,1340
5858529000,s,1340
5858687000,s,1340
5858750000,s,1340
5858849000,s,1340
5858932000,s,1340
5858988000,s,1340
5859196000,s,1340
5859447000,s,1340
5859473000,s,1340
5859483000,s,1340
5859491000,s,1340
5861981000,r,1440
5861982000,r,1440
5861982000,r,1440
5861982000,r,1440
5861982000,r,1440
5862838000,s,1340
5862943000,s,1340
5863097000,s,1340
5863133000,r,1440
5863134000,r,1440
5864017000,s,1340
5864084000,s,1340
5865049000,s,1340
5865151000,s,1340
5865522000,s,1340
5865709000,s,1340
5865764000,s,1340
5865790000,s,1340
5865988000,s,1340
5866223000,r,1440
5866250000,s,1340
5866223000,r,1440
5866223000,r,1440
5866223000,r,1440
5866322000,s,1340
5866486000,s,1340
5866814000,s,1340
5866912000,s,1340
5866973000,s,1340
5867043000,s,1340
5867142000,s,1340
5867238000,s,1340
5867327000,s,1340
5867605000,s,1340
5867701000,s,1340
5867765000,s,1340
5867895000,r,1440
5867895000,r,1440
5868046000,s,1340
5868187000,s,1340
5868346000,s,1340
5868417000,s,1340
5868481000,s,1340
5868641000,s,1340
5868696000,s,1340
5868844000,s,1340
5869013000,s,1340
5869189000,s,1340
5869437000,s,1340
5869549000,s,1340
5869755000,s,1340
5869901000,s,1340
5869965000,s,1340
5870109000,s,1340
5870191000,s,1340
5870234000,s,1340
5870880000,s,1340
5871022000,s,1340
5871071000,s,1340
5872251000,s,1340
5872736000,s,1340
5872820000,s,1340
5872894000,s,1340
5872950000,s,1340
5873024000,s,1340
5873386000,r,1440
5873386000,r,1440
5873386000,r,1440
5873386000,r,1440
5873386000,r,1440
5873565000,s,1340
5873703000,s,1340
5873726000,s,1340
5873890000,s,1340
5873936000,s,1340
5873961000,s,1340
5874003000,s,1340
5874081000,s,1340
5874100000,s,1340
5874290000,s,1340
5874424000,s,1340
5874458000,s,1340
5874680000,s,1340
5874737000,s,1340
5874916000,s,1340
5874991000,s,1340
5875052000,s,1340
5875448000,s,1340
5875619000,s,1340
5875682000,s,1340
5875877000,s,1340
5875938000,s,1340
5875995000,s,1340
5876186000,s,1340
5876270000,s,1340
5876421000,s,1340
5876576000,s,1340
5876711000,s,1340
5876841000,s,1340
5876920000,s,1340
5877076000,s,1340
5877112000,r,1440
5877139000,s,1340
5878032000,r,1440
5878033000,r,1440
5878033000,r,1440
5878362000,s,1340
5878431000,s,1340
5878650000,s,1340
5878713000,s,1340
5878916000,s,1340
5878984000,s,1340
5879115000,s,1340
5879205000,s,1340
5879280000,s,1340
5879334000,s,1340
5879824000,s,1340
5879986000,s,1340
5880132000,r,1440
5880163000,s,1340
5880132000,r,1440
5880132000,r,1440
5880405000,s,1340
5880555000,s,1340
5880597000,s,1340
5880741000,s,1340
5881305000,r,1440
5884174000,r,1440
5884174000,r,1440
5884174000,r,1440
5884175000,r,1440
5884175000,r,1440
5884175000,r,1440
5884768000,s,1340
5884864000,s,1340
5884996000,r,1440
5884996000,r,1440
5884996000,r,1440
5885267000,s,1340
5885447000,s,1340
5885523000,s,1340
5885587000,s,1340
5888402000,r,1440
5888402000,r,1440
5888402000,r,1440
5888402000,r,1440
5888841000,s,1340
5889021000,s,1340
5896686000,r,1440
5898645000,s,1340
5903186000,r,1440
5916827000,s,1340
5916981000,s,1340
5942855000,r,1440
5944716000,r,1440
5945395000,s,1340
5945517000,s,1340
5945596000,s,1340
5945786000,s,1340
5946376000,s,1340
5946541000,s,1340
5946561000,s,1340
5946720000,s,1340
5946899000,s,1340
5947026000,s,1340
5947280000,s,1340
5947463000,s,1340
5947615000,s,1340
5947673000,s,1340
5947737000,s,1340
5948138000,s,1340
5948769000,s,1340
5948859000,s,1340
5949071000,s,1340
5949223000,s,1340
5949299000,s,1340
5949454000,s,1340
5949584000,s,1340
5949611000,s,1340
5949731000,s,1340
5949876000,s,1340
5949939000,s,1340
5950362000,s,1340
5950637000,s,1340
5950913000,s,1340
5951187000,s,1340
5951256000,s,1340
5951329000,s,1340
5951378000,s,1340
5951515000,s,1340
5951825000,s,1340
5951986000,s,1340
5952062000,s,1340
5952425000,s,1340
5952494000,s,1340
5952673000,s,1340
5952746000,s,1340
5952908000,s,1340
5952981000,s,1340
5953110000,s,1340
5953210000,s,1340
5953281000,s,1340
5953438000,s,1340
5953583000,s,1340
5953713000,s,1340
5953800000,s,1340
5953867000,s,1340
5953974000,s,1340
5954780000,s,1340
5954879000,s,1340
5954953000,s,1340
5955092000,s,1340
5955201000,s,1340
5955359000,s,1340
5955459000,s,1340
5955536000,s,1340
5955754000,s,1340
5955826000,s,1340
5955885000,s,1340
5956022000,s,1340
5956079000,s,1340
5956795000,s,1340
5956920000,s,1340
5957136000,s,1340
5957203000,s,1340
5957259000,s,1340
5957370000,s,1340
5957492000,s,1340
5957591000,s,1340
5957797000,s,1340
5957834000,s,1340
5957881000,s,1340
5958061000,s,1340
5958131000,s,1340
5958175000,s,1340
5959230000,s,1340
5959287000,s,1340
5960406000,s,1340
5960476000,s,1340
5961580000,s,1340
5961988000,s,1340
5962138000,s,1340
5962218000,s,1340
5962299000,s,1340
5962547000,s,1340
5964504000,s,1340
5964625000,s,1340
5973388000,s,1340
5973521000,s,1340
5973597000,s,1340
5973654000,s,1340
5973808000,s,1340
5973893000,s,1340
5974298000,s,1340
5974469000,s,1340
5974573000,s,1340
5974747000,s,1340
5975023000,s,1340
5975099000,s,1340
5975305000,s,1340
5975402000,s,1340
5975528000,s,1340
5975631000,s,1340
5975671000,s,1340
5976568000,s,1340
5976762000,s,1340
5976922000,s,1340
5976996000,s,1340
5977040000,s,1340
5977354000,s,1340
5977839000,s,1340
5977926000,s,1340
5978134000,s,1340
5978212000,s,1340
5978348000,s,1340
5978473000,s,1340
5978553000,s,1340
5978724000,s,1340
5978806000,s,1340
5979013000,s,1340
5979152000,s,1340
5980098000,s,1340
5981386000,r,1440
5983492000,r,1440
5986298000,r,1440
5986702000,s,1340
5986847000,s,1340
5986884000,r,1440
5986935000,s,1340
5987004000,s,1340
5987055000,s,1340
5987147000,s,1340
5988882000,s,1340
5992808000,s,1340
5993817000,s,1340
5993833000,r,1440
5994922000,s,1340
5995731000,r,1440
5997326000,s,1340
5997701000,r,1440
5998925000,r,1440
5999365000,s,1340
5999901000,r,1440
6000640000,r,1440
6001657000,r,1440
6001762000,s,1340
6001919000,s,1340
6004761000,s,1340
6004861000,s,1340
6004927000,s,1340
6011046000,r,1440
6011252000,s,1340
6013728000,r,1440
6013728000,r,1440
6014256000,s,1340
6014473000,s,1340
6014515000,s,1340
6014618000,s,1340
6014763000,s,1340
6014813000,s,1340
6015667000,s,1340
6015718000,s,1340
6017308000,s,1340
6017353000,s,1340
6017504000,s,1340
6017665000,s,1340
6017774000,s,1340
6017933000,s,1340
6017993000,s,1340
6018121000,s,1340
6018268000,s,1340
6018426000,s,1340
6018540000,s,1340
6018670000,s,1340
6018805000,s,1340
6018904000,s,1340
6018959000,r,1440
6019003000,s,1340
6019163000,s,1340
6020675000,r,1440
6029847000,s,1340
6037193000,r,1440
6037194000,r,1440
6037194000,r,1440
6037194000,r,1440
6038079000,s,1340
6038267000,s,1340
6038410000,s,1340
6042962000,r,1440
6042963000,r,1440
6042963000,r,1440
6043397000,s,1340
6044824000,r,1440
6044824000,r,1440
6045087000,s,1340
6045818000,s,1340
6046141000,r,1440
6046428000,s,1340
6046713000,s,1340
6047706000,s,1340
6047968000,s,1340
6048596000,r,1440
6048706000,s,1340
6048783000,s,1340
6049107000,s,1340
6049178000,s,1340
6049234000,s,1340
6049287000,s,1340
6049338000,s,1340
6049774000,s,1340
6049982000,s,1340
6050039000,s,1340
6050256000,s,1340
6050349000,s,1340
6050679000,s,1340
6050858000,s,1340
6050982000,s,1340
6051096000,s,1340
6051220000,s,1340
6051541000,s,1340
6051706000,s,1340
6051998000,s,1340
6052079000,s,1340
6052411000,s,1340
6052605000,s,1340
6052809000,s,1340
6052897000,s,1340
6052966000,s,1340
6053113000,s,1340
6054001000,s,1340
6054283000,r,1440
6054302000,s,1340
6054283000,r,1440
6054412000,s,1340
6054482000,s,1340
6054573000,s,1340
6059616000,r,1440
6064907000,s,1340
6065638000,r,1440
6065638000,r,1440
6065923000,s,1340
6065963000,s,1340
6066533000,r,1440
6068166000,r,1440
6070075000,r,1440
6070377000,s,1340
6072722000,r,1440
6073293000,r,1440
6073294000,r,1440
6073294000,r,1440
6073698000,s,1340
6073732000,s,1340
6074541000,s,1340
6084533000,s,1340
6087592000,r,1440
6087592000,r,1440
6087592000,r,1440
6087592000,r,1440
6087592000,r,1440
6087592000,r,1440
6088115000,s,1340
6088212000,s,1340
6088477000,s,1340
6088558000,s,1340
6088623000,s,1340
6088886000,s,1340
6089002000,s,1340
6089018000,r,1440
6089115000,s,1340
6089624000,s,1340
6089679000,s,1340
6089910000,s,1340
6090428000,s,1340
6090799000,s,1340
6090934000,s,1340
6091345000,s,1340
6091584000,s,1340
6091782000,s,1340
6091887000,s,1340
6091993000,s,1340
6092323000,r,1440
6092466000,s,1340
6092501000,s,1340
6092628000,s,1340
6092777000,s,1340
6092907000,s,1340
6093105000,s,1340
6093203000,s,1340
6093380000,s,1340
6093413000,s,1340
6093599000,s,1340
6093867000,s,1340
6094029000,s,1340
6094145000,s,1340
6094241000,s,1340
6094520000,s,1340
6094639000,s,1340
6094761000,s,1340
6095451000,r,1440
6095627000,s,1340
6095698000,s,1340
6096107000,s,1340
6096736000,s,1340
6096944000,s,1340
6096975000,s,1340
6097088000,s,1340
6097215000,s,1340
6097214000,r,1440
6107171000,s,1340
6107227000,s,1340
6107427000,s,1340
6107530000,s,1340
6107774000,s,1340
6108117000,s,1340
6108169000,r,1440
6108222000,s,1340
6108365000,s,1340
6108453000,s,1340
6108652000,s,1340
6108898000,s,1340
6109071000,s,1340
6109150000,s,1340
6109318000,s,1340
6109410000,s,1340
6109588000,s,1340
6109819000,s,1340
6109895000,s,1340
6109975000,s,1340
6110220000,s,1340
6110298000,s,1340
6110376000,s,1340
6110541000,s,1340
6110702000,s,1340
6110795000,s,1340
6111001000,s,1340
6111181000,s,1340
6111271000,s,1340
6111473000,s,1340
6111706000,s,1340
6111821000,s,1340
6111857000,s,1340
6112245000,s,1340
6112483000,s,1340
6113408000,s,1340
6113474000,s,1340
6113666000,s,1340
6113992000,s,1340
6114284000,s,1340
6114484000,s,1340
6114633000,s,1340
6114703000,s,1340
6114868000,s,1340
6114960000,s,1340
6115142000,s,1340
6115262000,s,1340
6115267000,r,1440
6115311000,s,1340
6115455000,s,1340
6119067000,r,1440
6119867000,s,1340
6119917000,r,1440
6119988000,s,1340
6120049000,s,1340
6120135000,s,1340
6128951000,r,1440
6130613000,s,1340
6146269000,r,1440
6146661000,s,1340
6160962000,r,1440
6161838000,s,1340
6162295000,r,1440
6162619000,s,1340
6162700000,s,1340
6163797000,s,1340
6163898000,s,1340
6164002000,s,1340
6164128000,s,1340
6165224000,s,1340
6165525000,s,1340
6165699000,s,1340
6165814000,s,1340
6165948000,s,1340
6166286000,s,1340
6166450000,s,1340
6167091000,s,1340
6167415000,s,1340
6167661000,s,1340
6167751000,s,1340
6167788000,s,1340
6167895000,s,1340
6167980000,s,1340
6168070000,s,1340
6168134000,s,1340
6168188000,s,1340
6168285000,s,1340
6168342000,s,1340
6168768000,s,1340
6168974000,s,1340
6169145000,s,1340
6169295000,s,1340
6169454000,s,1340
6169705000,s,1340
6170199000,s,1340
6170393000,s,1340
6170600000,s,1340
6170910000,s,1340
6171090000,s,1340
6171680000,s,1340
6171931000,s,1340
6176154000,r,1440
6178502000,r,1440
6178941000,s,1340
6179730000,r,1440
6180133000,s,1340
6180838000,r,1440
6181848000,s,1340
6185425000,r,1440
6185681000,s,1340
6193177000,r,1440
8015631000,s,1340
8045857000,s,1340
8046268000,s,1340
8046301000,s,1340
8046304000,s,1340
8046307000,s,1340
8046310000,s,1340
8046313000,s,1340
8046315000,s,1340
8046317000,s,1340
8046328000,s,1340
8046331000,s,1340
8046334000,s,1340
8083608000,r,1440
8091310000,s,1340
8093317000,r,1440
8099448000,r,1440
8101898000,r,1440
8102621000,s,1340
8107932000,s,1340
8113437000,s,1340
8114008000,r,1440
8115635000,r,1440
8118751000,r,1440
8118752000,r,1440
8119701000,s,1340
8121827000,r,1440
8122586000,s,1340
8128530000,r,1440
8136691000,r,1440
8136692000,r,1440
8137287000,s,1340
8147921000,s,1340
8151558000,r,1440
8161946000,r,1440
8161946000,r,1440
8162582000,s,1340
8162671000,s,1340
8164160000,r,1440
8176431000,r,1440
8338083000,r,1440
8338083000,r,1440
8338083000,r,1440
8339123000,s,1340
8339207000,s,1340
8339268000,s,1340
8339484000,s,1340
8339577000,r,1440
8339577000,r,1440
8339577000,r,1440
8339577000,r,1440
8339578000,r,1440
8339578000,r,1440
8339578000,r,1440
8340088000,s,1340
8340127000,s,1340
8340174000,s,1340
8340220000,s,1340
8340293000,s,1340
8340334000,s,1340
8340536000,s,1340
8340681000,s,1340
8340804000,s,1340
8351239000,s,1340
8351521000,r,1440
8351522000,r,1440
8351522000,r,1440
8351522000,r,1440
8351522000,r,1440
8351522000,r,1440
8351522000,r,1440
8351522000,r,1440
8351697000,r,1440
8351697000,r,1440
8351698000,r,1440
8351698000,r,1440
8351698000,r,1440
8351698000,r,1440
8352493000,r,1440
8352493000,r,1440
8352493000,r,1440
8352493000,r,1440
8352493000,r,1440
8352493000,r,1440
8352494000,r,1440
8352633000,s,1340
8352798000,s,1340
8353433000,s,1340
8353524000,s,1340
8353568000,s,1340
8353593000,s,1340
8353615000,s,1340
8353761000,s,1340
8353801000,s,1340
8353824000,s,1340
8353916000,s,1340
8354017000,s,1340
8354117000,s,1340
8354221000,s,1340
8354262000,s,1340
8354290000,s,1340
8354359000,s,1340
8354800000,s,1340
8354854000,s,1340
8354899000,s,1340
8355210000,s,1340
8355364000,s,1340
8355635000,s,1340
8355758000,s,1340
8356250000,s,1340
8356708000,s,1340
8356839000,s,1340
8356953000,s,1340
8357025000,s,1340
8357100000,s,1340
8357248000,s,1340
8357347000,s,1340
8357443000,s,1340
8357541000,s,1340
8357637000,s,1340
8357733000,s,1340
8357827000,s,1340
8357929000,s,1340
8358028000,s,1340
8358122000,s,1340
8358218000,s,1340
8358365000,s,1340
8358680000,s,1340
8358814000,s,1340
8358976000,s,1340
8359075000,s,1340
8359174000,s,1340
8359248000,s,1340
8359779000,s,1340
8359875000,s,1340
8359940000,s,1340
8360159000,s,1340
8360849000,s,1340
8360895000,s,1340
8360916000,s,1340
8360926000,s,1340
8360935000,s,1340
8361050000,s,1340
8362214000,s,1340
8362271000,s,1340
8362296000,s,1340
8362353000,s,1340
8363123000,s,1340
8363201000,s,1340
8363266000,r,1440
8363593000,s,1340
8363643000,s,1340
8363734000,s,1340
8363785000,s,1340
8363837000,s,1340
8363876000,s,1340
8364343000,r,1440
8364355000,s,1340
8364343000,r,1440
8364343000,r,1440
8364344000,r,1440
8364344000,r,1440
8364344000,r,1440
8364498000,s,1340
8364634000,s,1340
8364755000,s,1340
8364875000,s,1340
8365062000,s,1340
8365181000,s,1340
8365290000,s,1340
8365397000,s,1340
8365505000,s,1340
8365611000,s,1340
8365779000,s,1340
8365967000,s,1340
8366005000,r,1440
8366005000,r,1440
8366005000,r,1440
8366005000,r,1440
8366006000,r,1440
8366201000,s,1340
8366335000,s,1340
8366448000,s,1340
8366566000,s,1340
8366681000,s,1340
8366769000,s,1340
8366872000,s,1340
8366950000,s,1340
8367048000,s,1340
8367148000,s,1340
8367237000,s,1340
8367332000,s,1340
8367432000,s,1340
8367569000,r,1440
8367569000,r,1440
8367569000,r,1440
8367961000,s,1340
8368129000,s,1340
8368250000,s,1340
8368355000,s,1340
8368790000,s,1340
8368930000,s,1340
8369013000,r,1440
8369013000,r,1440
8369013000,r,1440
8369013000,r,1440
8369014000,r,1440
8369205000,s,1340
8369323000,s,1340
8369449000,s,1340
8369580000,s,1340
8369694000,s,1340
8369815000,s,1340
8369938000,s,1340
8370049000,s,1340
8370160000,s,1340
8370274000,s,1340
8370388000,s,1340
8370644000,s,1340
8370760000,s,1340
8371142000,r,1440
8371142000,r,1440
8371142000,r,1440
8371142000,r,1440
8371184000,s,1340
8371142000,r,1440
8371142000,r,1440
8371143000,r,1440
8371143000,r,1440
8371212000,r,1440
8371488000,s,1340
8371629000,s,1340
8371702000,s,1340
8371759000,s,1340
8371820000,s,1340
8371882000,s,1340
8371947000,s,1340
8372007000,s,1340
8372065000,s,1340
8372117000,s,1340
8372153000,r,1440
8372161000,s,1340
8372153000,r,1440
8372153000,r,1440
8372208000,s,1340
8372153000,r,1440
8372153000,r,1440
8372154000,r,1440
8372255000,s,1340
8372307000,s,1340
8372357000,s,1340
8372418000,s,1340
8372476000,s,1340
8372529000,s,1340
8372576000,s,1340
8372623000,s,1340
8372671000,s,1340
8372717000,s,1340
8372764000,s,1340
8372891000,s,1340
8372958000,s,1340
8373017000,s,1340
8373075000,s,1340
8373133000,s,1340
8373204000,s,1340
8373261000,s,1340
8373349000,s,1340
8373427000,s,1340
8373464000,r,1440
8373496000,s,1340
8373464000,r,1440
8373465000,r,1440
8373465000,r,1440
8373680000,s,1340
8373794000,s,1340
8384577000,s,1340
8388061000,r,1440
8388765000,s,1340
8851684000,r,1440
8851685000,r,1440
8851685000,r,1440
8851686000,r,1440
8855645000,s,1340
8870327000,r,1440
8872079000,s,1340
8888540000,r,1440
9055387000,r,1440
9055388000,r,1440
9058422000,s,1340
9058794000,s,1340
9065052000,r,1440
9066773000,s,1340
9067752000,s,1340
9068633000,r,1440
9069430000,r,1440
9069430000,r,1440
9071208000,s,1340
9074275000,r,1440
9083655000,r,1440
9085265000,s,1340
11256369000,r,1440
11259243000,s,1340
15552724000,r,1440
17812057000,r,1440
18002907000,s,1340
18028062000,r,1440
18030148000,s,1340
18052124000,r,1440
18052125000,r,1440
18053362000,s,1340
18072136000,r,1440
18074498000,s,1340
18085189000,r,1440
18085189000,r,1440
18085910000,r,1440
18087225000,s,1340
18091961000,r,1440
18093889000,s,1340
18103798000,r,1440
18379700000,r,1440
18379701000,r,1440
18379701000,r,1440
18379702000,r,1440
18379702000,r,1440
18379703000,r,1440
18379703000,r,1440
18379704000,r,1440
18380177000,r,1440
18383739000,s,1340
18384057000,s,1340
18384460000,s,1340
18385005000,s,1340
18385309000,s,1340
18385516000,s,1340
18386108000,s,1340
18399757000,r,1440
18399758000,r,1440
18407689000,r,1440
18409389000,s,1340
18412214000,s,1340
18432080000,r,1440
22189039000,s,1340
22207450000,r,1440
22208115000,r,1440
22209514000,r,1440
22210258000,s,1340
22210593000,s,1340
22227645000,r,1440
26307110000,r,1440
26310433000,s,1340