0,s,124
44718000,s,124
45141000,s,124
45234000,s,124
66816000,r,124
67423000,s,156
67658000,s,156
68725000,s,124
74392000,r,188
74392000,r,172
82396000,s,1340
82491000,s,1340
86570000,s,156
86841000,s,1340
86861000,s,780
93763000,r,156
97606000,r,1372
97606000,r,124
97606000,r,1372
99234000,r,364
99526000,s,124
99960000,s,188
100324000,s,204
100679000,s,636
115902000,s,1340
116109000,s,1340
120481000,r,204
120481000,r,172
121139000,s,124
121401000,s,156
122617000,s,140
124930000,s,188
128396000,s,140
128728000,s,140
129505000,s,316
130085000,s,396
131474000,r,1372
136207000,r,140
136761000,s,140
147337000,s,1340
147407000,s,972
161869000,r,140
161869000,r,604
163152000,s,140
165643000,r,124
167177000,s,188
173463000,r,124
175067000,s,204
181401000,r,124
183253000,s,140
189853000,r,140
202439000,s,316
217691000,r,124
218501000,r,1340
218501000,r,1340
218501000,r,1340
219360000,s,124
219450000,s,396
219682000,r,1340
219683000,r,1340
219683000,r,1340
219683000,r,1340
219683000,r,1340
219684000,r,604
220285000,s,124
220435000,s,124
220566000,s,124
237389000,s,460
238199000,s,364
245057000,s,124
247599000,r,124
254415000,r,1340
254415000,r,1340
254415000,r,380
254415000,r,252
254415000,r,252
254951000,s,124
256831000,s,140
257557000,r,124
257557000,r,124
257932000,s,124
260158000,r,1340
260159000,r,1340
260159000,r,1340
260159000,r,1340
260159000,r,1340
260159000,r,1340
260159000,r,1340
260159000,r,1340
260250000,r,1340
260250000,r,1340
260250000,r,1340
260250000,r,1340
260250000,r,1340
260250000,r,412
260250000,r,1340
260682000,s,124
260997000,s,124
261159000,s,124
261263000,s,124
261338000,s,124
261404000,s,124
261466000,s,124
261528000,s,124
264455000,s,1340
264516000,s,796
265844000,r,1340
265844000,r,1340
265845000,r,1164
266374000,s,124
276933000,r,124
276933000,r,124
276933000,r,364
277610000,s,124
279129000,s,188
279781000,s,668
289636000,r,124
289637000,r,124
289637000,r,204
301594000,r,1340
301594000,r,1340
301594000,r,1340
301595000,r,1340
301595000,r,1340
301595000,r,1340
301595000,r,1340
301595000,r,1340
301872000,s,124
302395000,s,124
302532000,s,124
302921000,s,124
314110000,s,124
315077000,r,1340
315077000,r,1340
315077000,r,1340
315077000,r,1340
315077000,r,1340
315077000,r,1340
315078000,r,1340
315078000,r,1340
315257000,r,1340
315257000,r,1340
315257000,r,428
315840000,s,124
315909000,s,124
315947000,s,124
315960000,s,124
315971000,s,124
316478000,s,124
362600000,s,284
378995000,r,364
378995000,r,1340
378995000,r,1340
378995000,r,1340
379612000,r,1340
379612000,r,1340
379612000,r,1340
379612000,r,1340
379612000,r,1340
379613000,r,1340
380243000,s,124
380518000,s,124
380640000,s,124
380664000,s,124
381154000,s,124
381326000,s,124
381457000,s,124
381549000,r,1340
381549000,r,1340
381549000,r,1340
381549000,r,1340
381550000,r,1340
381550000,r,1340
381550000,r,524
381773000,s,124
381929000,s,124
381972000,s,124
382007000,s,124
382045000,s,124
382071000,s,1340
382080000,s,268
382092000,s,124
382099000,s,124
382110000,s,124
382116000,s,124
382123000,s,124
392388000,r,124
392388000,r,124
400517000,s,412
401114000,s,364
413021000,r,124
422854000,s,220
437091000,r,380
439647000,r,364
441334000,r,1340
441335000,r,1340
441335000,r,1340
441335000,r,1340
441335000,r,1340
441335000,r,1340
441335000,r,1340
441335000,r,1340
441501000,r,1340
441501000,r,1340
441501000,r,1340
441502000,r,1340
441502000,r,1340
441502000,r,508
441502000,r,1340
441502000,r,1340
441565000,r,1340
441566000,r,1340
441566000,r,1340
441566000,r,1340
441566000,r,1340
441566000,r,1340
441566000,r,1340
441567000,r,1340
441655000,r,1340
441655000,r,1340
441655000,r,1340
441655000,r,508
441655000,r,1340
441655000,r,1340
442814000,s,124
444001000,s,124
444126000,s,124
444353000,r,1340
444353000,r,1340
444353000,r,1340
444353000,r,1340
444354000,r,940
448463000,s,124
448549000,s,124
448568000,s,124
448966000,s,124
449067000,s,124
449155000,s,124
449242000,s,124
449325000,s,124
449402000,s,124
449467000,s,124
449529000,s,124
449661000,s,124
449728000,s,124
449854000,s,124
449937000,s,124
482120000,s,124
629021000,r,1340
629022000,r,1340
629022000,r,1340
629022000,r,956
630123000,s,124
630184000,s,124
632118000,r,956
634083000,s,124
2369741000,r,1340
2369741000,r,1340
2369742000,r,1340
2370617000,r,1340
2370618000,r,1340
2370618000,r,1340
2370619000,r,1244
2370619000,r,1340
2370620000,r,1340
2370620000,r,1340
2373481000,s,124
2373998000,s,124
2374148000,s,124
2374375000,s,124
2374524000,s,124
2374638000,s,124
2374752000,s,124
2374968000,s,124
2375097000,s,124
2375204000,s,124
2385119000,r,1340
2385120000,r,1340
2385120000,r,1340
2385121000,r,1340
2385121000,r,1340
2385122000,r,1340
2385122000,r,1340
2385123000,r,1340
2385543000,r,1340
2385544000,r,1340
2385685000,r,1340
2385685000,r,1340
2385686000,r,1340
2387160000,s,124
2387824000,s,124
2388030000,s,124
2388373000,s,124
2388636000,s,124
2388786000,s,124
2388941000,s,124
2389716000,r,1340
2389717000,r,1340
2389717000,r,1340
2389718000,r,1340
2389932000,s,124
2389718000,r,1340
2389719000,r,1340
2389719000,r,1340
2390239000,s,124
2390996000,s,124
2391327000,s,124
2391539000,s,124
2391774000,s,124
2391933000,s,124
2392960000,s,124
2393849000,s,124
2394359000,s,124
2394632000,s,124
2394930000,s,124
2395191000,s,124
2397743000,r,1340
2397743000,r,1340
2399357000,r,1340
2399358000,r,1340
2399358000,r,1340
2399359000,r,1340
2399359000,r,1340
2400434000,s,124
2400775000,s,124
2400789000,r,1340
2400790000,r,1340
2400790000,r,1340
2400791000,r,1340
2400791000,r,1340
2400792000,r,1340
2400792000,r,1340
2403414000,s,124
2403780000,s,124
2403793000,r,1340
2403793000,r,1340
2403794000,r,1340
2403794000,r,1340
2403795000,r,1340
2403795000,r,1340
2403796000,r,1340
2403796000,r,1340
2404012000,r,1340
2404012000,r,1340
2404013000,r,1340
2404013000,r,1340
2404014000,r,1340
2404014000,r,1340
2404015000,r,1340
2404105000,s,124
2404015000,r,1340
2404905000,s,124
2405626000,r,1340
2405626000,r,1340
2405627000,r,1340
2405627000,r,956
2410043000,s,124
2410794000,s,124
2411537000,s,124
2411934000,s,124
2413150000,s,124
2413522000,s,124
2413911000,s,124
2414214000,s,124
2414495000,s,124
2414997000,s,124
2415315000,s,124
2415600000,s,124
2415912000,s,124
2416594000,s,124
2416795000,s,124
2416970000,s,124
2417157000,s,124
2417337000,s,124
2417515000,s,124
2417830000,s,124
2418092000,s,124
2418289000,s,124
2418539000,s,124
2418797000,s,124
2419043000,s,124
2419291000,s,124
2419550000,s,124
2419800000,s,124
5545570000,r,140
5545571000,r,124
5545571000,r,124
5550176000,s,124
5550625000,s,124
11141227000,s,156
11176745000,s,156
11177146000,s,156
11177224000,s,176
11194961000,r,156
11194961000,r,120
11197828000,s,60
12453913000,r,156
12453914000,r,140
12453914000,r,140
12458065000,s,124
12458516000,s,124
12460703000,s,124
12478207000,r,124
18250937000,s,156
18262414000,r,156