0,s,1340
14005000,r,1440
14005000,r,1440
590131000,r,1440
592515000,s,1340
1206520000,r,1440
1718033000,r,1440
1721569000,s,1340
2230498000,r,1440
2232152000,s,1340
2846207000,r,1440
2846208000,r,1440
2846208000,r,1440
2846209000,r,1440
2846209000,r,1440
2846210000,r,1440
2846210000,r,1440
2846211000,r,1440
2846709000,r,1440
2850287000,s,1340
2850738000,s,1340
3357478000,r,1440
3357479000,r,1440
3357479000,r,1440
3357480000,r,1440
3357480000,r,1440
3357481000,r,1440
3357481000,r,1440
3357482000,r,1440
3358456000,r,1440
3358456000,r,1440
3358457000,r,1440
3358457000,r,1440
3358458000,r,1440
3358458000,r,1440
3358459000,r,1440
3363808000,s,1340
3364320000,s,1340
3375021000,r,1440
3376408000,r,1440
3377242000,r,1440
3377243000,r,1440
3379032000,s,1340
3379695000,r,1440
3379695000,r,1440
3380905000,s,1340
3970114000,r,1440
3972486000,s,1340
4586046000,r,1440
4586046000,r,1440
4586047000,r,1440
4586047000,r,1440
4586048000,r,1440
4586048000,r,1440
4589268000,s,1340
4589774000,s,1340
4594312000,s,1340
4596763000,s,1340
4607978000,r,1440
4607978000,r,1440
4610541000,r,1440
4612585000,s,1340
4615143000,s,1340
4615265000,s,1340
4618040000,s,1340
4618235000,s,1340
4618318000,s,1340
4618738000,s,1340
4619337000,s,1340
4619444000,s,1340
4619670000,s,1340
4619833000,s,1340
4619892000,s,1340
4619970000,s,1340
4620536000,s,1340
4620584000,s,1340
4621889000,s,1340
4622443000,s,1340
4622732000,s,1340
4623180000,s,1340
4623270000,s,1340
4623422000,s,1340
4623577000,s,1340
4623724000,s,1340
4623847000,s,1340
4623957000,s,1340
4624401000,s,1340
4624936000,s,1340
4625472000,s,1340
4625593000,s,1340
4626932000,s,1340
4627085000,s,1340
4627149000,s,1340
4627248000,s,1340
4628144000,s,1340
4628306000,s,1340
4628763000,r,1440
4628763000,r,1440
4628764000,r,1440
4628764000,r,1440
4630436000,r,1440
4630436000,r,1440
4631002000,s,1340
4631139000,s,1340
4631250000,s,1340
4631330000,s,1340
4631406000,s,1340
4631527000,s,1340
4631652000,s,1340
4631857000,s,1340
4631977000,s,1340
4632102000,s,1340
4632126000,r,1440
4632234000,s,1340
4632354000,s,1340
4632619000,s,1340
4632753000,s,1340
4632838000,s,1340
4632915000,s,1340
4633050000,s,1340
4633295000,s,1340
4636417000,r,1440
4636417000,r,1440
4637471000,r,1440
4637963000,s,1340
4639415000,r,1440
4639415000,r,1440
4640127000,s,1340
4640607000,r,1440
4640861000,s,1340
4640901000,s,1340
4642721000,r,1440
4643389000,r,1440
4647426000,r,1440
4647427000,r,1440
4647427000,r,1440
4647427000,r,1440
4648592000,r,1440
4648694000,s,1340
4648806000,s,1340
4649144000,s,1340
4649265000,s,1340
4651284000,r,1440
4655996000,s,1340
4656075000,s,1340
4658443000,s,1340
4662891000,r,1440
4662891000,r,1440
4665069000,r,1440
4665755000,s,1340
4666269000,r,1440
4667501000,r,1440
4667761000,s,1340
4667892000,s,1340
4668091000,s,1340
4671478000,r,1440
4671479000,r,1440
4671479000,r,1440
4672180000,s,1340
4674717000,r,1440
4674717000,r,1440
4674717000,r,1440
4674717000,r,1440
4674718000,r,1440
4674718000,r,1440
4674718000,r,1440
4674718000,r,1440
4674894000,r,1440
4674894000,r,1440
4674894000,r,1440
4674895000,r,1440
4675335000,r,1440
4675568000,s,1340
4675668000,s,1340
4675709000,s,1340
4675729000,s,1340
4675746000,s,1340
4675763000,s,1340
4675779000,s,1340
4676599000,r,1440
4680253000,r,1440
4680253000,r,1440
4680960000,s,1340
4685318000,s,1340
4689220000,r,1440
4689220000,r,1440
4689220000,r,1440
4689220000,r,1440
4689220000,r,1440
4689221000,r,1440
4690544000,s,1340
4690674000,s,1340
4691210000,r,1440
4696701000,s,1340
4696971000,s,1340
4700604000,s,1340
4703583000,s,1340
4703812000,s,1340
4706168000,s,1340
4706480000,s,1340
4707192000,s,1340
4712223000,r,1440
4713269000,r,1440
4714938000,r,1440
4714938000,r,1440
4715376000,s,1340
4717730000,r,1440
4717731000,r,1440
4717731000,r,1440
4717731000,r,1440
4717731000,r,1440
4717731000,r,1440
4717731000,r,1440
4717732000,r,1440
4717851000,r,1440
4718416000,s,1340
4718581000,s,1340
4718759000,s,1340
4718962000,s,1340
4719068000,s,1340
4719201000,s,1340
4719309000,s,1340
4719546000,s,1340
4720113000,r,1440
4720113000,r,1440
4720113000,r,1440
4720114000,r,1440
4720114000,r,1440
4720114000,r,1440
4720114000,r,1440
4720114000,r,1440
4720229000,r,1440
4720230000,r,1440
4720230000,r,1440
4720230000,r,1440
4720230000,r,1440
4720230000,r,1440
4720808000,s,1340
4720913000,s,1340
4721007000,s,1340
4721077000,s,1340
4721231000,s,1340
4721279000,s,1340
4721302000,s,1340
4721414000,s,1340
4721518000,s,1340
4721608000,s,1340
4721775000,s,1340
4721822000,r,1440
4721830000,s,1340
4721847000,s,1340
4722149000,s,1340
4722183000,s,1340
4722201000,s,1340
4722284000,s,1340
4722390000,s,1340
4722571000,s,1340
4722627000,s,1340
4723634000,s,1340
4723745000,s,1340
4723841000,s,1340
4724062000,s,1340
4724154000,s,1340
4724237000,s,1340
4724465000,s,1340
4724632000,s,1340
4724727000,s,1340
4725087000,r,1440
4725087000,r,1440
4725088000,r,1440
4725166000,s,1340
4725375000,s,1340
4725531000,s,1340
4725638000,s,1340
4725996000,s,1340
4727814000,r,1440
4727814000,r,1440
4728387000,s,1340
4729398000,r,1440
4729398000,r,1440
4729398000,r,1440
4729398000,r,1440
4729827000,s,1340
4730697000,r,1440
4730697000,r,1440
4730697000,r,1440
4731017000,s,1340
4731272000,s,1340
4731304000,s,1340
4731347000,s,1340
4731694000,s,1340
4731738000,s,1340
4731821000,s,1340
4731906000,s,1340
4732004000,s,1340
4732104000,s,1340
4732163000,s,1340
4732569000,r,1440
4732569000,r,1440
4733168000,s,1340
4733268000,s,1340
4735180000,s,1340
4735296000,s,1340
4739830000,r,1440
4739830000,r,1440
4739830000,r,1440
4740604000,s,1340
4741924000,r,1440
4742121000,s,1340
4743274000,s,1340
4744770000,r,1440
4746643000,r,1440
4746989000,s,1340
4759214000,r,1440
4760990000,r,1440
4760990000,r,1440
4760990000,r,1440
4760991000,r,1440
4760991000,r,1440
4761754000,s,1340
4761822000,s,1340
4762463000,r,1440
4763789000,r,1440
4764714000,r,1440
4765172000,s,1340
4765173000,r,1440
4766919000,r,1440
4767295000,s,1340
4769603000,s,1340
4770320000,s,1340
4772325000,s,1340
4773942000,r,1440
4773942000,r,1440
4773942000,r,1440
4773942000,r,1440
4773942000,r,1440
4773942000,r,1440
4773942000,r,1440
4773942000,r,1440
4774074000,r,1440
4774075000,r,1440
4774075000,r,1440
4774075000,r,1440
4774075000,r,1440
4774075000,r,1440
4774132000,r,1440
4774407000,s,1340
4774480000,s,1340
4774515000,s,1340
4774527000,s,1340
4774953000,r,1440
4774981000,s,1340
4775097000,s,1340
4775200000,s,1340
4776139000,r,1440
4777417000,r,1440
4777417000,r,1440
4777634000,s,1340
4785308000,s,1340
4786737000,r,1440
4786738000,r,1440
4786738000,r,1440
4786738000,r,1440
4786738000,r,1440
4786738000,r,1440
4786738000,r,1440
4786738000,r,1440
4786866000,r,1440
4786866000,r,1440
4786866000,r,1440
4786866000,r,1440
4787311000,s,1340
4787464000,s,1340
4787499000,s,1340
4787526000,s,1340
4787536000,s,1340
4787544000,s,1340
4787702000,s,1340
4787713000,s,1340
4787723000,s,1340
4796348000,r,1440
4796348000,r,1440
4797857000,s,1340
4797919000,r,1440
4798440000,s,1340
4798489000,r,1440
4801924000,r,1440
4801924000,r,1440
4802290000,r,1440
4802544000,s,1340
4802665000,s,1340
4805916000,r,1440
4808530000,r,1440
4808530000,r,1440
4809068000,s,1340
4809911000,r,1440
4809911000,r,1440
4809911000,r,1440
4810116000,s,1340
4810157000,s,1340
4811157000,r,1440
4812846000,r,1440
4812846000,r,1440
4813031000,s,1340
4813933000,r,1440
4815501000,r,1440
4815629000,s,1340
4816161000,r,1440
4816322000,s,1340
4817929000,r,1440
4820006000,r,1440
4821325000,r,1440
4821325000,r,1440
4821554000,s,1340
4821658000,s,1340
4824249000,r,1440
4824249000,r,1440
4825078000,r,1440
4825078000,r,1440
4825653000,s,1340
4825978000,r,1440
4826505000,s,1340
4828789000,r,1440
4832714000,r,1440
4833506000,r,1440
4833607000,s,1340
4836081000,r,1440
4836564000,r,1440
4837071000,s,1340
4837212000,s,1340
4837921000,r,1440
4839152000,r,1440
4839152000,r,1440
4839412000,s,1340
4841925000,r,1440
4842574000,r,1440
4843069000,s,1340
4844007000,r,1440
4844496000,s,1340
4845750000,r,1440
4845750000,r,1440
4851110000,r,1440
4851111000,r,1440
4851111000,r,1440
4851111000,r,1440
4851111000,r,1440
4851647000,s,1340
4851714000,s,1340
4851728000,s,1340
4851847000,r,1440
4853223000,r,1440
4854470000,r,1440
4854470000,r,1440
4854814000,s,1340
4854863000,s,1340
4856119000,r,1440
4858003000,s,1340
4858064000,s,1340
4860069000,r,1440
4862514000,s,1340
4863100000,s,1340
4869953000,r,1440
4871924000,r,1440
4871925000,r,1440
4871925000,r,1440
4872559000,s,1340
4873414000,r,1440
4874125000,s,1340
4875804000,r,1440
4876938000,s,1340
4877073000,s,1340
4877106000,r,1440
4877485000,s,1340
4877590000,s,1340
4877672000,s,1340
4877851000,r,1440
4877878000,s,1340
4878325000,s,1340
4878477000,s,1340
4878569000,s,1340
4878787000,s,1340
4878825000,s,1340
4879572000,s,1340
4879645000,s,1340
4880536000,s,1340
4880586000,s,1340
4880585000,r,1440
4880585000,r,1440
4880770000,s,1340
4880993000,s,1340
4881115000,s,1340
4882311000,r,1440
4882969000,s,1340
4883067000,s,1340
4883134000,s,1340
4883307000,s,1340
4883487000,s,1340
4883614000,s,1340
4883736000,s,1340
4884028000,s,1340
4884218000,s,1340
4884314000,s,1340
4884660000,s,1340
4884753000,s,1340
4884979000,s,1340
4885064000,s,1340
4885143000,s,1340
4885197000,s,1340
4886450000,s,1340
4886540000,s,1340
4886609000,s,1340
4887472000,s,1340
4888004000,s,1340
4888123000,s,1340
4888144000,s,1340
4888159000,s,1340
4888173000,s,1340
4888277000,s,1340
4888330000,s,1340
4888430000,s,1340
4888650000,s,1340
4888752000,s,1340
4888929000,s,1340
4889068000,s,1340
4889148000,s,1340
4889225000,s,1340
4889807000,s,1340
4889869000,s,1340
4890052000,s,1340
4890117000,s,1340
4890174000,s,1340
4890253000,s,1340
4890315000,s,1340
4890544000,s,1340
4890623000,s,1340
4890695000,s,1340
4891704000,s,1340
4891810000,s,1340
4891899000,s,1340
4892003000,s,1340
4892270000,s,1340
4892439000,s,1340
4892766000,s,1340
4892825000,s,1340
4893495000,s,1340
4893677000,s,1340
4893762000,s,1340
4894264000,s,1340
4894337000,s,1340
4895403000,s,1340
4895495000,s,1340
4895551000,s,1340
4895756000,s,1340
4895931000,s,1340
4896003000,s,1340
4896563000,s,1340
4896609000,s,1340
4896770000,s,1340
4896854000,s,1340
4896909000,s,1340
4907379000,s,1340
4907464000,s,1340
4907484000,s,1340
4907547000,s,1340
4907618000,s,1340
4908347000,s,1340
4908390000,s,1340
4908573000,s,1340
4908666000,s,1340
4909654000,s,1340
4909776000,s,1340
4909885000,s,1340
4910185000,s,1340
4910304000,s,1340
4910394000,s,1340
4910616000,s,1340
4910781000,s,1340
4910882000,s,1340
4911152000,s,1340
4911258000,s,1340
4911597000,s,1340
4911698000,s,1340
4911777000,s,1340
4911854000,s,1340
4912026000,s,1340
4912148000,s,1340
4912266000,s,1340
4912381000,s,1340
4912501000,s,1340
4912614000,s,1340
4912727000,s,1340
4912774000,s,1340
4913283000,s,1340
4914047000,s,1340
4914140000,s,1340
4914351000,s,1340
4914509000,s,1340
4914680000,s,1340
4914755000,s,1340
4914906000,s,1340
4914972000,s,1340
4915300000,s,1340
4915366000,r,1440
4915503000,s,1340
4915631000,s,1340
4915730000,s,1340
4917005000,s,1340
4917059000,s,1340
4917094000,r,1440
4917688000,s,1340
4917733000,s,1340
4917753000,s,1340
4917776000,s,1340
4918957000,s,1340
4919009000,s,1340
4919812000,s,1340
4919889000,s,1340
4919933000,s,1340
4920161000,s,1340
4920218000,s,1340
4921448000,s,1340
4921535000,s,1340
4921678000,s,1340
4921894000,s,1340
4922022000,s,1340
4922170000,s,1340
4922254000,s,1340
4922311000,s,1340
4922846000,s,1340
4922938000,s,1340
4923200000,s,1340
4923618000,s,1340
4923692000,s,1340
4924220000,s,1340
4924397000,s,1340
4924496000,s,1340
4924628000,s,1340
4924736000,s,1340
4925154000,s,1340
4925210000,s,1340
4925371000,s,1340
4925807000,s,1340
4925856000,s,1340
4926123000,s,1340
4926192000,s,1340
4926245000,s,1340
4926323000,s,1340
4926898000,s,1340
4937651000,s,1340
4962721000,s,1340
5178948000,r,1440
5178949000,r,1440
5178949000,r,1440
5178949000,r,1440
5178950000,r,1440
5178950000,r,1440
5180685000,s,1340
5180860000,s,1340
5180910000,s,1340
5180926000,r,1440
5180951000,s,1340
5181378000,s,1340
5185749000,r,1440
5191864000,s,1340
5814137000,r,1440
5818605000,s,1340
5819211000,s,1340
6326233000,r,1440
6942464000,r,1440
6942465000,r,1440
6942465000,r,1440
6942466000,r,1440
6945084000,s,1340
6945607000,s,1340
7454539000,r,1440
7966365000,r,1440
8108676000,s,1340
8474559000,r,1440
8474560000,r,1440
8474560000,r,1440
8474561000,r,1440
8474561000,r,1440
8474562000,r,1440
8474562000,r,1440
8474563000,r,1440
8475237000,r,1440
8475238000,r,1440
8475238000,r,1440
8475238000,r,1440
8477955000,r,1440
8477955000,r,1440
8477956000,r,1440
8477956000,r,1440
8478023000,s,1340
8477957000,r,1440
8477957000,r,1440
8478974000,s,1340
8479415000,s,1340
8479857000,s,1340
8480085000,s,1340
8480388000,s,1340
8480692000,s,1340
8480894000,s,1340
8481181000,s,1340
8481398000,s,1340
8481605000,s,1340
8481816000,s,1340
8482089000,s,1340
8482282000,s,1340
8482485000,s,1340
8482660000,s,1340
8490179000,r,1440
8490180000,r,1440
8490180000,r,1440
8491981000,s,1340
8492813000,s,1340
8493386000,r,1440
8493387000,r,1440
8493387000,r,1440
8493387000,r,1440
8493387000,r,1440
8493388000,r,1440
8493388000,r,1440
8493388000,r,1440
8493506000,r,1440
8493506000,r,1440
8493506000,r,1440
8493507000,r,1440
8493507000,r,1440
8493507000,r,1440
8493508000,r,1440
8493508000,r,1440
8493583000,r,1440
8493583000,r,1440
8493583000,r,1440
8493583000,r,1440
8493583000,r,1440
8493584000,r,1440
8493584000,r,1440
8494889000,s,1340
8495319000,s,1340
8495508000,s,1340
8495880000,s,1340
8496100000,s,1340
8496211000,r,1440
8496496000,s,1340
8496797000,s,1340
8497089000,s,1340
8497378000,s,1340
8497656000,s,1340
8497974000,r,1440
8498087000,s,1340
8498385000,s,1340
8498676000,s,1340
8498972000,s,1340
8499280000,s,1340
8499564000,s,1340
8499711000,r,1440
8499819000,s,1340
8500088000,s,1340
8500353000,s,1340
8500616000,s,1340
8500825000,s,1340
8501062000,s,1340
8501352000,s,1340
8501687000,s,1340
8502118000,s,1340
8502424000,s,1340
8502693000,s,1340
8502941000,s,1340
8503214000,s,1340
8503473000,s,1340
8503739000,s,1340
8503985000,s,1340
8504266000,s,1340
8504511000,s,1340
8504610000,r,1440
8504610000,r,1440
8504769000,s,1340
8505035000,s,1340
8505336000,s,1340
8505623000,s,1340
8505891000,s,1340
8506300000,s,1340
8506576000,s,1340
8506823000,s,1340
8507069000,s,1340
8507324000,s,1340
8507610000,s,1340
8508126000,s,1340
8508465000,s,1340
8508732000,s,1340
8508987000,s,1340
8509224000,s,1340
8509477000,s,1340
8509587000,r,1440
8509588000,r,1440
8509588000,r,1440
8509712000,s,1340
8509589000,r,1440
8509589000,r,1440
8509590000,r,1440
8509590000,r,1440
8509591000,r,1440
8509834000,r,1440
8509835000,r,1440
8509835000,r,1440
8509836000,r,1440
8510051000,s,1340
8510338000,s,1340
8510628000,s,1340
8510910000,s,1340
8511160000,s,1340
8511406000,s,1340
8511698000,s,1340
8512713000,s,1340
8513248000,r,1440
8513249000,r,1440
8513391000,s,1340
8513249000,r,1440
8513250000,r,1440
8513250000,r,1440
8513251000,r,1440
8513251000,r,1440
8513252000,r,1440
8513515000,r,1440
8513516000,r,1440
8513635000,r,1440
8513636000,r,1440
8513636000,r,1440
8513637000,r,1440
8513637000,r,1440
8513638000,r,1440
8514229000,s,1340
8514414000,s,1340
8515267000,r,1440
8515268000,r,1440
8515268000,r,1440
8515269000,r,1440
8515269000,r,1440
8515270000,r,1440
8515270000,r,1440
8515271000,r,1440
8515426000,r,1440
8515979000,s,1340
8516061000,s,1340
8516112000,s,1340
8516166000,s,1340
8516204000,s,1340
8516243000,s,1340
8516292000,s,1340
8516330000,s,1340
8516366000,s,1340
8516553000,r,1440
8516616000,s,1340
8516554000,r,1440
8518000000,s,1340
8518000000,r,1440
8518448000,s,1340
8518756000,s,1340
8519051000,s,1340
8519337000,s,1340
8519623000,s,1340
8519906000,s,1340
8520171000,s,1340
8520482000,s,1340
8520787000,s,1340
8521127000,s,1340
8521188000,r,1440
8521188000,r,1440
8521449000,s,1340
8521763000,s,1340
8522173000,s,1340
8522522000,s,1340
8522844000,s,1340
8523162000,s,1340
8523511000,s,1340
8523797000,s,1340
8524110000,s,1340
8524161000,r,1440
8524161000,r,1440
8524162000,r,1440
8524420000,s,1340
8524700000,r,1440
8524749000,s,1340
8525065000,s,1340
8525390000,s,1340
8525785000,s,1340
8527173000,r,1440
8527173000,r,1440
8528024000,r,1440
8529057000,r,1440
8531520000,s,1340
8531839000,s,1340
8532129000,s,1340
8532386000,s,1340
8532671000,s,1340
8532964000,s,1340
8533772000,r,1440
8534045000,s,1340
8534362000,s,1340
8534510000,r,1440
8534657000,s,1340
8534511000,r,1440
8535292000,r,1440
8535522000,r,1440
8536243000,s,1340
8536736000,s,1340
8537626000,s,1340
8537952000,r,1440
8539689000,s,1340
8539820000,r,1440
8540796000,s,1340
8541062000,s,1340
8541266000,s,1340
8541452000,s,1340
8541619000,s,1340
8541788000,s,1340
8541981000,r,1440
8542118000,s,1340
8542345000,s,1340
8542533000,s,1340
8542714000,s,1340
8542900000,s,1340
8543065000,s,1340
8543121000,r,1440
8543226000,s,1340
8543385000,s,1340
8543552000,s,1340
8543715000,s,1340
8543888000,s,1340
8544051000,s,1340
8544276000,s,1340
8544860000,s,1340
8545094000,s,1340
8545262000,s,1340
8545419000,s,1340
8545668000,s,1340
8545806000,r,1440
8545806000,r,1440
8546216000,s,1340
8546503000,s,1340
8546750000,s,1340
8546962000,s,1340
8547275000,s,1340
8547581000,s,1340
8547893000,s,1340
8548197000,s,1340
8548408000,s,1340
8548615000,s,1340
8548805000,s,1340
8549012000,s,1340
8549206000,s,1340
8549489000,s,1340
8549803000,s,1340
8549988000,r,1440
8550189000,s,1340
8550494000,s,1340
8550765000,s,1340
8551005000,s,1340
8551214000,s,1340
8551216000,r,1440
8551216000,r,1440
8551217000,r,1440
8551217000,r,1440
8551421000,s,1340
8551615000,s,1340
8552098000,s,1340
8552278000,s,1340
8552434000,s,1340
8552550000,s,1340
8552650000,s,1340
8557242000,r,1440
8557242000,r,1440
8557698000,r,1440
8560429000,s,1340
9194223000,r,1440
9194223000,r,1440
9194224000,r,1440
9198364000,s,1340
9199045000,s,1340
9703732000,r,1440
9703733000,r,1440
9703733000,r,1440
9703734000,r,1440
9703734000,r,1440
9703735000,r,1440
9703735000,r,1440
9703736000,r,1440
9704407000,r,1440
9704408000,r,1440
9704408000,r,1440
9704409000,r,1440
9704409000,r,1440
9706447000,s,1340
9706774000,s,1340
9922027000,r,1440
9922027000,r,1440
9922546000,r,1440
9924441000,s,1340
9924832000,s,1340
9925041000,s,1340
9925302000,s,1340
9925488000,s,1340
9925663000,s,1340
9925840000,s,1340
9926219000,s,1340
9926481000,s,1340
9926664000,s,1340
9926858000,s,1340
9927099000,s,1340
9927364000,s,1340
9927549000,s,1340
9927726000,s,1340
9927976000,s,1340
9928182000,s,1340
9928365000,s,1340
9928545000,s,1340
9928828000,s,1340
9929036000,s,1340
9929217000,s,1340
9929488000,s,1340
9929746000,s,1340
9930227000,s,1340
9930499000,s,1340
9930702000,s,1340
9930981000,s,1340
9931178000,s,1340
9931364000,s,1340
9931634000,s,1340
9931884000,s,1340
9932163000,s,1340
9932410000,s,1340
9932666000,s,1340
9932930000,s,1340
9933204000,s,1340
9933470000,s,1340
9933729000,s,1340
9934112000,s,1340
9934505000,s,1340
9934760000,s,1340
9935008000,s,1340
9935328000,s,1340
9935582000,s,1340
9935831000,s,1340
9935913000,r,1440
9935913000,r,1440
9936094000,s,1340
9936372000,s,1340
9936639000,s,1340
9936897000,s,1340
9937161000,s,1340
9937454000,s,1340
9937723000,s,1340
9938214000,s,1340
9938423000,s,1340
9938612000,s,1340
9938785000,s,1340
9938970000,s,1340
9939154000,s,1340
9939343000,s,1340
9939789000,s,1340
9940327000,s,1340
9940611000,s,1340
9940871000,s,1340
9940965000,r,1440
9941544000,s,1340
9941843000,s,1340
9942208000,s,1340
9942470000,s,1340
9942968000,s,1340
9943237000,s,1340
9943497000,s,1340
9943787000,s,1340
9944044000,s,1340
9944308000,s,1340
9944564000,s,1340
9944802000,s,1340
9945045000,s,1340
9945294000,s,1340
9945535000,s,1340
9945798000,s,1340
9946379000,s,1340
9946561000,s,1340
9946720000,s,1340
9946886000,s,1340
9947070000,s,1340
9947226000,s,1340
9947393000,s,1340
9947555000,s,1340
9947740000,s,1340
9949268000,s,1340
9971386000,s,1340
9982078000,r,1440
9982079000,r,1440
9983442000,r,1440
9983443000,r,1440
9984791000,r,1440
9984987000,s,1340
9986867000,s,1340
10626091000,r,1440
10626091000,r,1440
10626092000,r,1440
10626092000,r,1440
10629196000,s,1340
11138020000,r,1440
11139000000,s,1340
11650123000,r,1440
12266385000,r,1440
12267901000,s,1340
12277997000,r,1440
12278421000,r,1440
12279818000,r,1440
12279818000,r,1440
12280818000,r,1440
12282518000,s,1340
12282981000,s,1340
17330181000,r,1440
18369809000,s,1340
18409098000,s,1340
18409613000,s,1340
18427665000,r,1440
18427666000,r,1440
18427666000,r,1440
18427667000,r,1440
18427667000,r,1440
18427668000,r,1440
18427668000,r,1440
18427669000,r,1440
18428268000,r,1440
18431690000,s,1340
18432438000,s,1340
18432729000,s,1340
18432989000,s,1340
18434693000,s,1340
18434998000,s,1340
18435206000,s,1340
18441487000,s,1340
18445994000,r,1440
18450124000,r,1440
18450124000,r,1440
18451986000,s,1340
22652276000,s,1340
22691744000,s,1340
22692463000,s,1340
24167008000,s,1340
24181615000,r,1440
24181615000,r,1440
24182482000,r,1440
24183419000,s,1340
24194281000,s,1340