0,r,1440
1078717000,s,1340
1117662000,s,1340
1118095000,s,1340
2043936000,r,1440
2047062000,s,1340
4519398000,s,1340
4564841000,s,1340
4565279000,s,1340
4565390000,s,1340
4565414000,s,1340
4574464000,s,1340
4574622000,s,1340
4583802000,r,1440
4583802000,r,1440
4596242000,s,1340
4596329000,s,1340
4596614000,s,1340
4596746000,s,1340
4596819000,s,1340
4596895000,s,1340
4596958000,s,1340
4597015000,s,1340
4597650000,s,1340
4597792000,s,1340
4598150000,s,1340
4598271000,s,1340
4598355000,s,1340
4598461000,s,1340
4598683000,s,1340
4598896000,s,1340
4599022000,s,1340
4599273000,s,1340
4599557000,s,1340
4599898000,s,1340
4600017000,s,1340
4600453000,s,1340
4600604000,s,1340
4600949000,s,1340
4601117000,s,1340
4601655000,s,1340
4601928000,s,1340
4602409000,s,1340
4602723000,s,1340
4602884000,s,1340
4603022000,s,1340
4603120000,s,1340
4603319000,s,1340
4603474000,s,1340
4603616000,s,1340
4603890000,s,1340
4604035000,s,1340
4604170000,s,1340
4604422000,s,1340
4604585000,s,1340
4604798000,s,1340
4605084000,s,1340
4605235000,s,1340
4605364000,s,1340
4605497000,s,1340
4605979000,s,1340
4606187000,s,1340
4606200000,r,1440
4606362000,s,1340
4606505000,s,1340
4606654000,s,1340
4606794000,s,1340
4606929000,s,1340
4607049000,s,1340
4607181000,s,1340
4607546000,s,1340
4607682000,s,1340
4607900000,s,1340
4608073000,s,1340
4608128000,r,1440
4608128000,r,1440
4608128000,r,1440
4608753000,s,1340
4608927000,s,1340
4609065000,s,1340
4609188000,s,1340
4609313000,s,1340
4609462000,s,1340
4610376000,s,1340
4611083000,r,1440
4611083000,r,1440
4611083000,r,1440
4611083000,r,1440
4611083000,r,1440
4611494000,r,1440
4611750000,s,1340
4611839000,s,1340
4611974000,s,1340
4612673000,r,1440
4613219000,r,1440
4615829000,r,1440
4615829000,r,1440
4616567000,s,1340
4617671000,r,1440
4617672000,r,1440
4617672000,r,1440
4617673000,r,1440
4618333000,s,1340
4618587000,s,1340
4618744000,s,1340
4619823000,r,1440
4621800000,r,1440
4621800000,r,1440
4621801000,r,1440
4621801000,r,1440
4622085000,r,1440
4622420000,s,1340
4622590000,s,1340
4622812000,s,1340
4623212000,s,1340
4623839000,r,1440
4625865000,r,1440
4625866000,r,1440
4626538000,s,1340
4626752000,s,1340
4626921000,s,1340
4627109000,r,1440
4627109000,r,1440
4630327000,r,1440
4630328000,r,1440
4630328000,r,1440
4631106000,s,1340
4631254000,s,1340
4631671000,r,1440
4633481000,r,1440
4633937000,r,1440
4634561000,s,1340
4635702000,r,1440
4635702000,r,1440
4636813000,s,1340
4637899000,r,1440
4637899000,r,1440
4638525000,r,1440
4638856000,s,1340
4638938000,s,1340
4638959000,s,1340
4639347000,s,1340
4639796000,r,1440
4639796000,r,1440
4639796000,r,1440
4640368000,s,1340
4640429000,s,1340
4640507000,s,1340
4640577000,s,1340
4641633000,s,1340
4641737000,s,1340
4641802000,s,1340
4642451000,r,1440
4642451000,r,1440
4642642000,r,1440
4642706000,s,1340
4642919000,s,1340
4643088000,s,1340
4643321000,s,1340
4643475000,s,1340
4643626000,s,1340
4643789000,r,1440
4643810000,s,1340
4643991000,s,1340
4644713000,s,1340
4645760000,r,1440
4645761000,r,1440
4646520000,s,1340
4647471000,r,1440
4647472000,r,1440
4649772000,r,1440
4650240000,s,1340
4650643000,r,1440
4651349000,r,1440
4651719000,r,1440
4651985000,s,1340
4652532000,s,1340
4653020000,r,1440
4653835000,r,1440
4653835000,r,1440
4653835000,r,1440
4654334000,s,1340
4654685000,s,1340
4654927000,s,1340
4655261000,r,1440
4655261000,r,1440
4656100000,r,1440
4656305000,s,1340
4656479000,s,1340
4656633000,s,1340
4656763000,s,1340
4656899000,s,1340
4658843000,s,1340
4659319000,r,1440
4659591000,s,1340
4659823000,r,1440
4659980000,s,1340
4660517000,s,1340
4661225000,r,1440
4663374000,r,1440
4663374000,r,1440
4664017000,s,1340
4665455000,r,1440
4665456000,r,1440
4666068000,s,1340
4666349000,s,1340
4667094000,r,1440
4667094000,r,1440
4667958000,s,1340
4668892000,r,1440
4668893000,r,1440
4669524000,r,1440
4669897000,s,1340
4669989000,s,1340
4671096000,r,1440
4673187000,r,1440
4673188000,r,1440
4673188000,r,1440
4673493000,r,1440
4673897000,s,1340
4674389000,s,1340
4675276000,r,1440
4676053000,s,1340
4676163000,r,1440
4676254000,s,1340
4676482000,s,1340
4676683000,s,1340
4676853000,s,1340
4677323000,s,1340
4677428000,r,1440
4677428000,r,1440
4677540000,s,1340
4677756000,s,1340
4677960000,s,1340
4678148000,s,1340
4678354000,s,1340
4678550000,r,1440
4679690000,s,1340
4680381000,r,1440
4681874000,r,1440
4683062000,r,1440
4683497000,s,1340
4684852000,r,1440
4684852000,r,1440
4684853000,r,1440
4684853000,r,1440
4684854000,r,1440
4684854000,r,1440
4684854000,r,1440
4684855000,r,1440
4685129000,r,1440
4685129000,r,1440
4685130000,r,1440
4686769000,s,1340
4686883000,r,1440
4687376000,r,1440
4687386000,s,1340
4687599000,s,1340
4687844000,s,1340
4688130000,s,1340
4688365000,s,1340
4688698000,r,1440
4688936000,s,1340
4689153000,s,1340
4689318000,s,1340
4689471000,s,1340
4689544000,r,1440
4689668000,s,1340
4689834000,s,1340
4690197000,s,1340
4690302000,r,1440
4690425000,s,1340
4690629000,s,1340
4690847000,s,1340
4691058000,s,1340
4691229000,s,1340
4691405000,s,1340
4691529000,s,1340
4691633000,s,1340
4691733000,s,1340
4691911000,s,1340
4692289000,r,1440
4692289000,r,1440
4693093000,s,1340
4693116000,r,1440
4693116000,r,1440
4694459000,s,1340
4695028000,r,1440
4695028000,r,1440
4695555000,r,1440
4696240000,s,1340
4697891000,r,1440
4697891000,r,1440
4698299000,r,1440
4698374000,s,1340
4698656000,s,1340
4698823000,s,1340
4698952000,s,1340
4699082000,s,1340
4699157000,s,1340
4699228000,s,1340
4699805000,r,1440
4699805000,r,1440
4700115000,s,1340
4700247000,s,1340
4700312000,s,1340
4701413000,s,1340
4701576000,s,1340
4701753000,s,1340
4701929000,s,1340
4702097000,s,1340
4702268000,r,1440
4702273000,s,1340
4702268000,r,1440
4702330000,r,1440
4702330000,r,1440
4702466000,s,1340
4702622000,s,1340
4702738000,s,1340
4702835000,s,1340
4702954000,s,1340
4703072000,s,1340
4703188000,s,1340
4703301000,s,1340
4703432000,s,1340
4703556000,s,1340
4703669000,s,1340
4703818000,s,1340
4703921000,s,1340
4704013000,s,1340
4704107000,s,1340
4704206000,s,1340
4704310000,s,1340
4704424000,s,1340
4704536000,s,1340
4704633000,s,1340
4704732000,s,1340
4704874000,s,1340
4705041000,s,1340
4705149000,s,1340
4705259000,s,1340
4705367000,s,1340
4705492000,s,1340
4705613000,s,1340
4705735000,s,1340
4705858000,s,1340
4705986000,s,1340
4706113000,s,1340
4706233000,s,1340
4706346000,s,1340
4706458000,s,1340
4706570000,s,1340
4706673000,s,1340
4706787000,s,1340
4706902000,s,1340
4707021000,s,1340
4707142000,s,1340
4707256000,s,1340
4707371000,s,1340
4707488000,s,1340
4707606000,s,1340
4707726000,s,1340
4707893000,s,1340
4708012000,s,1340
4708113000,s,1340
4708211000,s,1340
4708312000,s,1340
4708407000,s,1340
4708510000,s,1340
4708598000,s,1340
4708692000,s,1340
4708779000,s,1340
4708868000,s,1340
4708954000,s,1340
4709043000,s,1340
4709153000,s,1340
4709251000,s,1340
4709343000,s,1340
4709453000,s,1340
4709561000,s,1340
4709664000,s,1340
4709766000,s,1340
4709870000,s,1340
4709981000,s,1340
4710093000,s,1340
4710197000,s,1340
4710303000,s,1340
4710419000,s,1340
4710569000,s,1340
4710688000,s,1340
4710793000,s,1340
4710898000,s,1340
4711021000,s,1340
4711141000,s,1340
4711256000,s,1340
4711376000,s,1340
4711506000,s,1340
4711564000,s,1340
4711637000,s,1340
4711704000,s,1340
4711746000,s,1340
4713612000,s,1340
4720902000,s,1340
4721111000,r,1440
4721111000,r,1440
4721111000,r,1440
4721111000,r,1440
4721111000,r,1440
4721111000,r,1440
4721111000,r,1440
4721112000,r,1440
4721238000,r,1440
4721239000,r,1440
4721239000,r,1440
4721239000,r,1440
4721239000,r,1440
4721239000,r,1440
4721239000,r,1440
4721239000,r,1440
4721274000,r,1440
4721274000,r,1440
4721561000,s,1340
4721637000,r,1440
4721637000,r,1440
4721680000,s,1340
4721715000,s,1340
4721795000,s,1340
4721836000,s,1340
4722492000,s,1340
4722525000,s,1340
4724131000,r,1440
4724391000,r,1440
4724391000,r,1440
4724436000,s,1340
4724391000,r,1440
4724507000,s,1340
4724665000,s,1340
4724754000,r,1440
4724903000,s,1340
4724991000,s,1340
4725068000,s,1340
4725749000,s,1340
4725828000,s,1340
4726806000,r,1440
4726807000,r,1440
4731508000,r,1440
4731508000,r,1440
4731508000,r,1440
4731508000,r,1440
4731508000,r,1440
4731508000,r,1440
4731508000,r,1440
4731508000,r,1440
4731584000,r,1440
4731584000,r,1440
4731584000,r,1440
4731584000,r,1440
4731584000,r,1440
4731584000,r,1440
4731584000,r,1440
4731584000,r,1440
4731615000,r,1440
4731615000,r,1440
4731615000,r,1440
4731615000,r,1440
4731616000,r,1440
4731616000,r,1440
4731616000,r,1440
4731616000,r,1440
4731979000,s,1340
4732369000,s,1340
4732480000,s,1340
4732554000,r,1440
4732572000,s,1340
4732657000,s,1340
4732746000,s,1340
4732837000,s,1340
4732918000,s,1340
4732997000,s,1340
4733030000,r,1440
4733074000,s,1340
4733152000,s,1340
4733215000,s,1340
4733276000,s,1340
4733359000,s,1340
4733435000,s,1340
4733515000,s,1340
4733586000,s,1340
4733651000,s,1340
4733712000,s,1340
4733771000,s,1340
4733835000,s,1340
4733896000,s,1340
4733958000,s,1340
4734018000,s,1340
4734078000,s,1340
4734141000,s,1340
4734200000,s,1340
4734253000,s,1340
4734326000,s,1340
4734376000,s,1340
4734532000,s,1340
4734784000,s,1340
4734881000,s,1340
4735052000,s,1340
4735170000,s,1340
4735240000,r,1440
4735240000,r,1440
4735357000,s,1340
4735491000,s,1340
4739647000,r,1440
4740131000,s,1340
4741184000,r,1440
4741184000,r,1440
4741185000,r,1440
4741185000,r,1440
4741185000,r,1440
4741185000,r,1440
4741185000,r,1440
4741809000,s,1340
4741896000,s,1340
4741973000,s,1340
4742829000,r,1440
4742997000,s,1340
4743464000,r,1440
4743537000,s,1340
4746217000,r,1440
4746438000,r,1440
4746818000,s,1340
4747785000,r,1440
4748831000,r,1440
4748831000,r,1440
4749134000,r,1440
4749299000,s,1340
4749405000,s,1340
4750773000,r,1440
4751815000,s,1340
4751988000,r,1440
4751988000,r,1440
4752518000,s,1340
4752646000,r,1440
4752646000,r,1440
4752922000,r,1440
4753024000,s,1340
4753153000,s,1340
4754233000,r,1440
4755787000,r,1440
4755787000,r,1440
4755976000,s,1340
4756025000,s,1340
4756908000,r,1440
4756909000,r,1440
4758107000,r,1440
4758209000,s,1340
4759784000,r,1440
4759784000,r,1440
4760098000,s,1340
4761405000,r,1440
4761405000,r,1440
4761670000,s,1340
4762364000,s,1340
4762777000,r,1440
4764171000,r,1440
4764171000,r,1440
4764618000,s,1340
4764717000,s,1340
4766951000,r,1440
4766951000,r,1440
4766951000,r,1440
4766952000,r,1440
4766952000,r,1440
4766952000,r,1440
4766952000,r,1440
4766952000,r,1440
4767018000,r,1440
4767270000,s,1340
4767505000,s,1340
4767646000,s,1340
4768115000,s,1340
4768225000,s,1340
4768315000,s,1340
4768405000,s,1340
4768459000,r,1440
4771051000,r,1440
4771052000,r,1440
4771402000,s,1340
4772368000,r,1440
4773362000,r,1440
4773536000,s,1340
4774519000,r,1440
4774519000,r,1440
4774519000,r,1440
4774843000,s,1340
4775202000,s,1340
4775376000,r,1440
4777211000,r,1440
4778885000,r,1440
4778885000,r,1440
4779581000,s,1340
4779712000,s,1340
4780649000,r,1440
4780649000,r,1440
4780649000,r,1440
4780649000,r,1440
4780649000,r,1440
4780649000,r,1440
4780650000,r,1440
4780650000,r,1440
4780737000,r,1440
4781501000,s,1340
4781601000,s,1340
4781958000,s,1340
4782485000,r,1440
4782578000,s,1340
4782899000,s,1340
4783784000,r,1440
4785462000,r,1440
4785462000,r,1440
4785462000,r,1440
4785462000,r,1440
4785462000,r,1440
4785707000,s,1340
4785747000,s,1340
4785823000,s,1340
4785860000,s,1340
4786080000,s,1340
4786204000,s,1340
4786468000,s,1340
4786701000,s,1340
4786806000,s,1340
4786857000,r,1440
4786863000,s,1340
4787057000,s,1340
4794926000,r,1440
4794927000,r,1440
4794927000,r,1440
4794927000,r,1440
4794927000,r,1440
4794927000,r,1440
4794927000,r,1440
4794927000,r,1440
4795082000,r,1440
4795082000,r,1440
4795980000,r,1440
4796177000,s,1340
4796395000,s,1340
4797399000,s,1340
4797561000,r,1440
4797608000,r,1440
4797830000,s,1340
4798762000,r,1440
4801278000,r,1440
4801278000,r,1440
4801670000,s,1340
4802153000,s,1340
4803781000,r,1440
4803939000,r,1440
4805888000,r,1440
4805888000,r,1440
4806004000,s,1340
4806036000,s,1340
4807031000,r,1440
4808638000,r,1440
4808638000,r,1440
4808757000,s,1340
4810145000,r,1440
4811006000,r,1440
4811089000,s,1340
4812721000,r,1440
4812799000,s,1340
4815209000,r,1440
4815209000,r,1440
4816545000,r,1440
4816697000,s,1340
4817517000,r,1440
4817981000,s,1340
4821607000,r,1440
4821607000,r,1440
4821607000,r,1440
4822039000,s,1340
4823806000,r,1440
4823806000,r,1440
4824122000,s,1340
4828772000,r,1440
4828772000,r,1440
4828772000,r,1440
4828772000,r,1440
4829589000,s,1340
4829635000,s,1340
4837323000,r,1440
4837323000,r,1440
4837323000,r,1440
4837323000,r,1440
4837323000,r,1440
4837323000,r,1440
4837642000,r,1440
4837756000,s,1340
4838182000,s,1340
4838287000,s,1340
4845840000,r,1440
4846786000,r,1440
4847795000,r,1440
4848406000,s,1340
4849536000,r,1440
4849536000,r,1440
4850172000,s,1340
4850926000,r,1440
4850926000,r,1440
4851407000,s,1340
4851792000,r,1440
4855610000,r,1440
4855610000,r,1440
4855610000,r,1440
4856387000,s,1340
4856515000,s,1340
4856870000,r,1440
4857824000,r,1440
4860058000,r,1440
4860484000,s,1340
4861290000,r,1440
4862079000,r,1440
4862550000,s,1340
4864717000,r,1440
4864717000,r,1440
4864717000,r,1440
4865168000,s,1340
4886496000,r,1440
4886496000,r,1440
4886496000,r,1440
4886496000,r,1440
4886496000,r,1440
4886496000,r,1440
4886496000,r,1440
4886497000,r,1440
4886697000,r,1440
4886697000,r,1440
4886697000,r,1440
4886697000,r,1440
4886697000,r,1440
4886697000,r,1440
4886697000,r,1440
4886697000,r,1440
4886730000,r,1440
4886731000,r,1440
4886731000,r,1440
4887138000,s,1340
4887196000,r,1440
4887206000,s,1340
4887241000,s,1340
4887251000,s,1340
4888036000,r,1440
4890062000,r,1440
4890062000,r,1440
4890597000,s,1340
4891059000,r,1440
4891606000,s,1340
4892111000,r,1440
4893228000,r,1440
4893433000,s,1340
4894952000,r,1440
4894952000,r,1440
4897298000,s,1340
4897354000,s,1340
4897926000,r,1440
4897926000,r,1440
4897927000,r,1440
4898437000,s,1340
4898906000,r,1440
4900372000,r,1440
4900372000,r,1440
4900957000,s,1340
4901083000,s,1340
4902413000,r,1440
4903617000,r,1440
4903974000,s,1340
4904318000,r,1440
4904615000,s,1340
4905220000,r,1440
4906888000,r,1440
4907295000,s,1340
4907798000,r,1440
4907798000,r,1440
4907798000,r,1440
4908315000,s,1340
4908428000,s,1340
4908445000,s,1340
4908501000,s,1340
4908517000,r,1440
4908916000,s,1340
4909041000,s,1340
4911068000,r,1440
4911068000,r,1440
4911693000,s,1340
4914297000,r,1440
4917828000,r,1440
4917828000,r,1440
4918649000,s,1340
4918790000,s,1340
4918887000,s,1340
4918984000,s,1340
4919058000,r,1440
4919093000,s,1340
4919197000,s,1340
4919294000,s,1340
4919394000,s,1340
4919498000,s,1340
4919600000,s,1340
4919876000,r,1440
4919943000,s,1340
4920141000,s,1340
4920245000,s,1340
4920355000,s,1340
4920562000,s,1340
4920668000,s,1340
4920880000,s,1340
4921368000,s,1340
4921481000,s,1340
4921670000,s,1340
4921700000,s,1340
4921766000,s,1340
4921822000,s,1340
4921874000,s,1340
4921928000,s,1340
4921981000,s,1340
4922520000,r,1440
4922520000,r,1440
4922668000,s,1340
4922723000,s,1340
4922930000,s,1340
4923042000,s,1340
4923163000,s,1340
4923414000,s,1340
4923529000,s,1340
4923580000,s,1340
4923685000,s,1340
4923921000,s,1340
4924111000,s,1340
4924286000,s,1340
4924476000,s,1340
4924598000,s,1340
4924941000,s,1340
4925046000,s,1340
4925146000,s,1340
4925247000,s,1340
4925349000,s,1340
4925448000,s,1340
4925751000,s,1340
4925847000,s,1340
4926088000,s,1340
4926134000,s,1340
4926209000,s,1340
4926365000,r,1440
4926365000,r,1440
4926365000,r,1440
4926657000,s,1340
4926705000,s,1340
4926729000,s,1340
4926871000,s,1340
4927058000,s,1340
4927279000,s,1340
4927395000,s,1340
4927503000,s,1340
4927614000,s,1340
4927855000,s,1340
4927971000,s,1340
4928133000,s,1340
4928273000,s,1340
4928299000,s,1340
4928484000,s,1340
4928532000,r,1440
4928590000,s,1340
4928763000,s,1340
4928865000,s,1340
4929249000,s,1340
4929341000,s,1340
4929513000,s,1340
4930035000,s,1340
4930421000,s,1340
4930679000,r,1440
4930679000,r,1440
4930679000,r,1440
4930679000,r,1440
4930892000,s,1340
4931007000,r,1440
4931026000,s,1340
4931045000,s,1340
4931570000,s,1340
4931622000,s,1340
4931640000,s,1340
4931653000,s,1340
4931713000,s,1340
4931833000,s,1340
4931853000,s,1340
4931945000,s,1340
4932363000,s,1340
4932537000,s,1340
4932587000,s,1340
4932652000,s,1340
4932723000,s,1340
4932862000,s,1340
4932977000,s,1340
4933070000,s,1340
4933233000,s,1340
4933308000,s,1340
4933362000,s,1340
4933541000,s,1340
4934112000,s,1340
4934131000,r,1440
4934231000,s,1340
4934309000,s,1340
4934408000,s,1340
4934501000,s,1340
4937114000,r,1440
4937115000,r,1440
4937115000,r,1440
4937115000,r,1440
4937586000,s,1340
4937639000,s,1340
4938897000,r,1440
4938897000,r,1440
4941016000,r,1440
4941016000,r,1440
4941016000,r,1440
4941395000,s,1340
4941583000,s,1340
4942500000,r,1440
4942954000,s,1340
4943786000,r,1440
4945466000,r,1440
4947649000,r,1440
4947649000,r,1440
4947761000,r,1440
4948021000,s,1340
4948082000,s,1340
4948218000,s,1340
4950690000,r,1440
4950690000,r,1440
4951055000,r,1440
4951055000,r,1440
4951238000,s,1340
4951681000,r,1440
4952106000,s,1340
4958906000,r,1440
4958906000,r,1440
4958906000,r,1440
4959329000,r,1440
4959449000,s,1340
4960911000,r,1440
4961424000,s,1340
4967810000,r,1440
4968383000,s,1340
4969232000,r,1440
4969232000,r,1440
4969457000,s,1340
4970448000,r,1440
4970889000,s,1340
4971689000,r,1440
4971861000,s,1340
4975127000,r,1440
4975127000,r,1440
4975127000,r,1440
4975658000,s,1340
4978627000,r,1440
4978627000,r,1440
4978851000,s,1340
4979586000,r,1440
4980764000,r,1440
4981487000,r,1440
4982934000,r,1440
4983958000,s,1340
4984094000,s,1340
4985140000,r,1440
4985140000,r,1440
4985386000,s,1340
4987785000,r,1440
4988483000,s,1340
4988497000,r,1440
4988497000,r,1440
4990304000,r,1440
4990839000,s,1340
4991796000,r,1440
4991869000,r,1440
4992399000,s,1340
4993327000,r,1440
4993750000,s,1340
4993880000,r,1440
4996837000,r,1440
4996838000,r,1440
4996838000,r,1440
4997326000,s,1340
4997422000,s,1340
4997547000,r,1440
4998694000,r,1440
4999789000,r,1440
5000043000,s,1340
5002015000,r,1440
5002493000,r,1440
5003101000,s,1340
5003868000,r,1440
5004068000,s,1340
5005857000,r,1440
5005857000,r,1440
5006249000,r,1440
5006382000,s,1340
5008864000,r,1440
5008864000,r,1440
5008864000,r,1440
5009496000,s,1340
5009660000,s,1340
5010182000,r,1440
5010666000,r,1440
5014754000,r,1440
5014754000,r,1440
5014754000,r,1440
5015339000,s,1340
5015421000,s,1340
5015800000,r,1440
5017658000,r,1440
5017659000,r,1440
5017659000,r,1440
5018112000,s,1340
5019763000,r,1440
5019763000,r,1440
5021035000,s,1340
5022104000,r,1440
5023297000,s,1340
5023791000,r,1440
5025490000,r,1440
5025491000,r,1440
5026393000,s,1340
5026910000,r,1440
5027344000,r,1440
5028077000,s,1340
5030266000,r,1440
5030266000,r,1440
5031042000,s,1340
5032059000,r,1440
5032912000,r,1440
5033819000,s,1340
5033874000,r,1440
5033980000,r,1440
5034308000,s,1340
5039821000,r,1440
5039821000,r,1440
5040338000,s,1340
5040490000,r,1440
5040490000,r,1440
5040490000,r,1440
5040941000,s,1340
5041060000,s,1340
5043962000,r,1440
5043963000,r,1440
5043963000,r,1440
5043963000,r,1440
5044350000,s,1340
5044381000,s,1340
5048933000,r,1440
5048933000,r,1440
5048933000,r,1440
5049702000,s,1340
5116367000,r,1440
5116367000,r,1440
5116368000,r,1440
5116368000,r,1440
5116368000,r,1440
5116368000,r,1440
5116368000,r,1440
5116369000,r,1440
5116887000,r,1440
5116887000,r,1440
5116887000,r,1440
5116887000,r,1440
5116887000,r,1440
5116888000,r,1440
5116888000,r,1440
5116888000,r,1440
5116946000,r,1440
5116946000,r,1440
5116946000,r,1440
5116946000,r,1440
5116947000,r,1440
5116947000,r,1440
5116947000,r,1440
5116947000,r,1440
5117003000,r,1440
5117004000,r,1440
5117004000,r,1440
5117004000,r,1440
5117004000,r,1440
5117004000,r,1440
5117004000,r,1440
5117005000,r,1440
5117058000,r,1440
5117058000,r,1440
5117058000,r,1440
5117058000,r,1440
5117059000,r,1440
5117059000,r,1440
5117059000,r,1440
5117059000,r,1440
5117112000,r,1440
5117113000,r,1440
5117113000,r,1440
5117113000,r,1440
5117113000,r,1440
5117113000,r,1440
5117113000,r,1440
5117114000,r,1440
5117163000,r,1440
5117164000,r,1440
5117164000,r,1440
5117164000,r,1440
5117164000,r,1440
5117164000,r,1440
5117164000,r,1440
5117165000,r,1440
5117214000,r,1440
5117214000,r,1440
5117214000,r,1440
5117215000,r,1440
5117215000,r,1440
5117939000,s,1340
5118083000,s,1340
5118145000,s,1340
5118176000,s,1340
5118202000,s,1340
5118227000,s,1340
5118254000,s,1340
5118277000,s,1340
5118567000,s,1340
5118768000,s,1340
5118873000,s,1340
5118920000,s,1340
5118947000,s,1340
5119094000,s,1340
5119187000,s,1340
5119263000,s,1340
5119343000,s,1340
5119432000,s,1340
5120161000,s,1340
5120341000,s,1340
5120856000,s,1340
5120990000,s,1340
5121109000,s,1340
5121200000,s,1340
5121278000,s,1340
5121351000,s,1340
5121469000,s,1340
5121546000,s,1340
5121650000,s,1340
5121752000,s,1340
5121977000,s,1340
5122136000,s,1340
5122395000,s,1340
5122705000,s,1340
5122866000,s,1340
5122990000,s,1340
5123106000,s,1340
5123204000,s,1340
5123294000,s,1340
5123530000,s,1340
5123629000,s,1340
5123911000,s,1340
5124172000,s,1340
5124504000,s,1340
5124669000,s,1340
5124801000,s,1340
5124910000,s,1340
5124990000,s,1340
5125289000,s,1340
5125530000,s,1340
5125794000,s,1340
5125937000,s,1340
5126068000,s,1340
5126194000,s,1340
5126332000,s,1340
5126469000,s,1340
5126594000,s,1340
5126723000,s,1340
5126777000,r,1440
5126777000,r,1440
5127280000,s,1340
5127439000,s,1340
5127822000,s,1340
5127953000,s,1340
5128080000,s,1340
5128314000,s,1340
5128518000,s,1340
5128687000,r,1440
5128901000,s,1340
5129029000,s,1340
5129117000,s,1340
5129192000,s,1340
5131835000,r,1440
5131835000,r,1440
5131835000,r,1440
5132049000,r,1440
5132049000,r,1440
5132778000,s,1340
5132864000,s,1340
5134187000,r,1440
5134187000,r,1440
5138143000,r,1440
5138143000,r,1440
5138143000,r,1440
5138144000,r,1440
5138776000,s,1340
5138943000,s,1340
5139084000,s,1340
5139225000,s,1340
5139244000,r,1440
5141273000,r,1440
5141273000,r,1440
5141898000,s,1340
5142575000,r,1440
5142966000,r,1440
5143235000,s,1340
5144822000,r,1440
5145455000,s,1340
5145490000,r,1440
5146913000,r,1440
5148366000,r,1440
5148885000,s,1340
5149617000,r,1440
5150319000,r,1440
5150410000,s,1340
5151825000,r,1440
5152009000,r,1440
5152009000,r,1440
5152484000,s,1340
5152902000,r,1440
5153417000,s,1340
5154275000,r,1440
5156987000,r,1440
5156988000,r,1440
5157629000,s,1340
5159042000,r,1440
5159043000,r,1440
5159707000,s,1340
5161167000,r,1440
5161168000,r,1440
5161810000,s,1340
5162665000,r,1440
5167153000,r,1440
5167153000,r,1440
5168687000,s,1340
5168983000,s,1340
5169572000,r,1440
5169572000,r,1440
5170252000,r,1440
5170846000,s,1340
5171493000,r,1440
5175868000,r,1440
5175869000,r,1440
5175869000,r,1440
5176637000,s,1340
5176888000,s,1340
5178457000,r,1440
5178457000,r,1440
5181747000,r,1440
5181748000,r,1440
5181748000,r,1440
5182342000,r,1440
5182846000,s,1340
5183116000,s,1340
5183262000,s,1340
5183562000,r,1440
5184135000,r,1440
5185752000,r,1440
5185753000,r,1440
5186273000,s,1340
5186516000,s,1340
5187792000,r,1440
5189034000,r,1440
5189034000,r,1440
5189988000,s,1340
5190677000,r,1440
5191572000,r,1440
5191573000,r,1440
5191913000,s,1340
5192135000,s,1340
5194292000,r,1440
5194293000,r,1440
5195810000,r,1440
5196370000,s,1340
5197228000,r,1440
5197495000,r,1440
5197981000,s,1340
5199180000,r,1440
5199180000,r,1440
5200549000,s,1340
5200842000,r,1440
5202775000,r,1440
5203496000,r,1440
5203497000,r,1440
5204272000,s,1340
5204355000,s,1340
5206682000,r,1440
5206683000,r,1440
5207011000,r,1440
5207674000,s,1340
5212379000,r,1440
5212380000,r,1440
5213071000,r,1440
5213253000,s,1340
5213425000,s,1340
5214304000,r,1440
5215707000,r,1440
5217391000,r,1440
5217391000,r,1440
5218224000,s,1340
5218410000,s,1340
5218626000,r,1440
5219798000,r,1440
5221203000,r,1440
5221992000,s,1340
5222941000,r,1440
5222941000,r,1440
5223277000,r,1440
5223543000,s,1340
5223887000,s,1340
5225884000,r,1440
5225885000,r,1440
5227330000,r,1440
5227643000,s,1340
5228965000,r,1440
5228965000,r,1440
5229870000,s,1340
5230875000,r,1440
5231712000,s,1340
5232263000,r,1440
5233979000,r,1440
5233979000,r,1440
5234974000,s,1340
5238022000,r,1440
5238022000,r,1440
5238317000,r,1440
5238937000,s,1340
5239054000,s,1340
5239816000,r,1440
5240263000,r,1440
5243182000,r,1440
5243182000,r,1440
5243779000,r,1440
5244084000,s,1340
5244283000,s,1340
5247462000,r,1440
5247463000,r,1440
5247463000,r,1440
5248417000,s,1340
5249045000,r,1440
5250067000,r,1440
5250067000,r,1440
5250808000,s,1340
5251022000,s,1340
5251420000,r,1440
5253890000,r,1440
5253891000,r,1440
5255044000,s,1340
5258300000,r,1440
5258300000,r,1440
5259374000,s,1340
5259508000,r,1440
5260443000,s,1340
5260857000,r,1440
5263825000,r,1440
5264513000,r,1440
5265108000,s,1340
5265731000,r,1440
5266282000,r,1440
5266489000,s,1340
5267819000,r,1440
5267820000,r,1440
5269374000,s,1340
5269556000,r,1440
5269556000,r,1440
5270551000,s,1340
5271570000,r,1440
5271571000,r,1440
5272114000,s,1340
5274013000,r,1440
5274693000,r,1440
5274867000,r,1440
5275537000,s,1340
5275639000,s,1340
5277663000,r,1440
5278236000,r,1440
5279203000,r,1440
5280109000,s,1340
5280979000,r,1440
5280979000,r,1440
5280979000,r,1440
5280979000,r,1440
5281698000,r,1440
5282196000,s,1340
5282354000,s,1340
5283226000,r,1440
5287811000,r,1440
5288531000,s,1340
5290985000,r,1440
5290985000,r,1440
5292136000,s,1340
5293042000,r,1440
5293042000,r,1440
5293042000,r,1440
5293939000,s,1340
5294735000,r,1440
5294994000,r,1440
5296206000,r,1440
5296439000,s,1340
5298124000,s,1340
5298491000,r,1440
5298626000,r,1440
5301289000,r,1440
5301289000,r,1440
5302054000,s,1340
5302362000,s,1340
5302694000,r,1440
5303814000,r,1440
5306871000,r,1440
5306872000,r,1440
5306872000,r,1440
5307380000,s,1340
5307714000,s,1340
5307919000,r,1440
5308459000,s,1340
5310190000,r,1440
5310987000,r,1440
5310987000,r,1440
5311344000,s,1340
5312879000,r,1440
5312879000,r,1440
5313464000,s,1340
5314675000,r,1440
5315888000,s,1340
5315999000,r,1440
5317062000,r,1440
5317388000,r,1440
5317847000,s,1340
5319840000,r,1440
5320806000,s,1340
5321273000,r,1440
5321273000,r,1440
5321273000,r,1440
5322038000,s,1340
5322603000,r,1440
5323293000,r,1440
5324022000,s,1340
5325416000,r,1440
5325416000,r,1440
5326323000,s,1340
5326835000,r,1440
5327818000,r,1440
5329493000,r,1440
5330315000,s,1340
5330505000,s,1340
5330897000,r,1440
5333194000,r,1440
5333194000,r,1440
5334017000,s,1340
5334765000,r,1440
5335812000,r,1440
5336914000,s,1340
5337006000,r,1440
5337916000,s,1340
5343593000,r,1440
5343593000,r,1440
5343594000,r,1440
5343594000,r,1440
5343594000,r,1440
5343594000,r,1440
5344648000,s,1340
5344798000,s,1340
5345590000,r,1440
5346524000,r,1440
5346924000,r,1440
5347699000,s,1340
5348648000,r,1440
5349051000,r,1440
5349616000,s,1340
5350569000,r,1440
5351383000,s,1340
5352564000,r,1440
5352565000,r,1440
5353541000,r,1440
5354151000,s,1340
5355510000,r,1440
5355696000,r,1440
5356384000,s,1340
5358004000,r,1440
5358005000,r,1440
5358763000,s,1340
5359102000,r,1440
5361016000,r,1440
5362031000,r,1440
5362992000,s,1340
5363113000,s,1340
5365480000,r,1440
5365481000,r,1440
5365481000,r,1440
5365481000,r,1440
5366917000,s,1340
5367451000,r,1440
5367452000,r,1440
5368324000,s,1340
5375860000,r,1440
5375860000,r,1440
5375860000,r,1440
5375861000,r,1440
5376748000,s,1340
5377143000,r,1440
5377143000,r,1440
5377144000,r,1440
5377989000,r,1440
5378154000,s,1340
5378365000,s,1340
5378707000,r,1440
5379716000,r,1440
5380414000,s,1340
5381547000,r,1440
5381547000,r,1440
5382979000,s,1340
5383830000,r,1440
5384708000,s,1340
5385315000,r,1440
5385315000,r,1440
5385845000,r,1440
5386641000,s,1340
5387308000,r,1440
5388223000,s,1340
5389254000,r,1440
5389254000,r,1440
5390209000,s,1340
5391695000,r,1440
5391696000,r,1440
5392713000,r,1440
5393293000,s,1340
5393452000,s,1340
5394211000,r,1440
5396549000,r,1440
5396549000,r,1440
5397127000,s,1340
5399807000,r,1440
5399807000,r,1440
5400511000,s,1340
5401609000,r,1440
5401610000,r,1440
5402338000,s,1340
5403825000,r,1440
5405509000,r,1440
5405509000,r,1440
5406102000,s,1340
5406275000,s,1340
5406333000,r,1440
5407531000,r,1440
5409727000,r,1440
5409727000,r,1440
5410513000,s,1340
5414883000,r,1440
5414884000,r,1440
5414884000,r,1440
5414884000,r,1440
5416018000,s,1340
5416156000,s,1340
5416751000,r,1440
5416752000,r,1440
5418024000,r,1440
5418301000,r,1440
5419143000,s,1340
5421818000,r,1440
5421818000,r,1440
5421819000,r,1440
5422690000,s,1340
5422837000,s,1340
5423389000,r,1440
5425537000,r,1440
5425537000,r,1440
5425538000,r,1440
5426184000,s,1340
5426488000,r,1440
5427704000,s,1340
5427798000,r,1440
5429144000,r,1440
5429581000,s,1340
5430905000,r,1440
5431811000,r,1440
5433462000,r,1440
5433462000,r,1440
5434732000,r,1440
5434834000,s,1340
5436041000,s,1340
5436126000,r,1440
5437504000,r,1440
5437505000,r,1440
5438668000,s,1340
5439820000,r,1440
5439939000,r,1440
5441006000,s,1340
5441014000,r,1440
5441522000,s,1340
5442309000,r,1440
5443464000,r,1440
5445118000,r,1440
5445911000,s,1340
5446757000,r,1440
5447459000,s,1340
5447849000,r,1440
5448740000,r,1440
5449499000,r,1440
5449533000,s,1340
5451725000,r,1440
5451725000,r,1440
5452519000,s,1340
5452664000,s,1340
5453137000,r,1440
5455001000,r,1440
5455001000,r,1440
5455559000,s,1340
5456863000,r,1440
5456863000,r,1440
5457607000,s,1340
5458524000,r,1440
5458933000,s,1340
5461009000,r,1440
5461903000,r,1440
5463607000,r,1440
5464198000,r,1440
5465199000,s,1340
5465422000,s,1340
5466244000,r,1440
5466244000,r,1440
5471804000,r,1440
5471805000,r,1440
5472660000,s,1340
5474067000,r,1440
5474067000,r,1440
5475008000,s,1340
5475060000,r,1440
5475515000,s,1340
5477513000,r,1440
5481424000,r,1440
5483324000,r,1440
5483325000,r,1440
5484092000,s,1340
5484236000,s,1340
5485356000,r,1440
5485356000,r,1440
5487023000,r,1440
5487903000,s,1340
5493409000,r,1440
5493409000,r,1440
5494282000,s,1340
5494461000,r,1440
5494985000,s,1340
5495363000,r,1440
5497798000,r,1440
5497798000,r,1440
5497798000,r,1440
5497799000,r,1440
5498208000,s,1340
5498638000,s,1340
5499378000,r,1440
5499378000,r,1440
5500155000,s,1340
5501914000,r,1440
5501915000,r,1440
5502581000,r,1440
5503183000,s,1340
5504889000,r,1440
5505450000,s,1340
5506121000,r,1440
5507257000,r,1440
5507258000,r,1440
5509023000,s,1340
5511805000,r,1440
5511805000,r,1440
5512365000,s,1340
5513341000,r,1440
5513342000,r,1440
5513842000,s,1340
5514528000,r,1440
5517515000,r,1440
5517515000,r,1440
5518561000,r,1440
5518642000,s,1340
5518919000,s,1340
5519675000,r,1440
5523193000,r,1440
5523193000,r,1440
5523194000,r,1440
5524156000,s,1340
5524435000,s,1340
5525277000,r,1440
5525277000,r,1440
5526206000,r,1440
5527206000,r,1440
5527339000,s,1340
5527525000,r,1440
5528406000,s,1340
5529309000,r,1440
5529310000,r,1440
5530362000,s,1340
5530925000,r,1440
5531616000,r,1440
5534149000,r,1440
5534150000,r,1440
5534942000,s,1340
5535248000,s,1340
5535836000,r,1440
5537928000,r,1440
5537928000,r,1440
5537929000,r,1440
5538263000,r,1440
5539021000,s,1340
5539364000,s,1340
5539717000,r,1440
5540609000,r,1440
5540725000,s,1340
5542710000,r,1440
5542711000,r,1440
5543757000,s,1340
5544849000,r,1440
5544849000,r,1440
5546084000,s,1340
5546436000,r,1440
5547061000,s,1340
5547366000,r,1440
5549293000,r,1440
5549294000,r,1440
5550181000,s,1340
5550758000,r,1440
5551229000,r,1440
5551488000,s,1340
5553760000,r,1440
5553760000,r,1440
5554736000,s,1340
5555350000,r,1440
5558521000,r,1440
5558521000,r,1440
5559548000,r,1440
5559618000,s,1340
5559718000,s,1340
5561709000,r,1440
5561710000,r,1440
5563001000,s,1340
5563820000,r,1440
5563821000,r,1440
5563821000,r,1440
5564820000,r,1440
5564880000,s,1340
5565139000,s,1340
5566816000,r,1440
5568480000,r,1440
5568480000,r,1440
5569628000,r,1440
5570044000,s,1340
5570354000,s,1340
5571414000,r,1440
5571415000,r,1440
5572247000,s,1340
5573060000,r,1440
5573060000,r,1440
5575072000,r,1440
5575073000,r,1440
5576302000,s,1340
5576470000,s,1340
5577032000,r,1440
5577259000,r,1440
5577712000,r,1440
5578234000,s,1340
5579942000,r,1440
5580740000,r,1440
5580740000,r,1440
5581632000,s,1340
5581910000,s,1340
5582773000,r,1440
5582773000,r,1440
5583834000,r,1440
5584698000,s,1340
5585934000,r,1440
5585935000,r,1440
5586760000,s,1340
5587800000,r,1440
5587965000,r,1440
5588652000,s,1340
5589443000,r,1440
5591021000,r,1440
5591022000,r,1440
5591735000,s,1340
5591994000,s,1340
5593329000,r,1440
5593329000,r,1440
5595780000,r,1440
5596263000,r,1440
5596739000,s,1340
5597911000,r,1440
5597912000,r,1440
5598938000,s,1340
5599184000,s,1340
5599611000,r,1440
5601459000,r,1440
5601460000,r,1440
5602370000,s,1340
5606157000,r,1440
5606158000,r,1440
5607165000,s,1340
5607366000,r,1440
5608357000,s,1340
5609502000,r,1440
5609502000,r,1440
5610536000,r,1440
5611449000,s,1340
5611641000,r,1440
5612367000,s,1340
5613469000,r,1440
5613469000,r,1440
5614339000,s,1340
5614490000,r,1440
5617293000,r,1440
5617294000,r,1440
5618368000,s,1340
5618624000,s,1340
5618987000,r,1440
5618987000,r,1440
5621583000,r,1440
5621583000,r,1440
5622603000,r,1440
5623153000,s,1340
5623698000,s,1340
5624848000,r,1440
5624848000,r,1440
5625683000,r,1440
5625893000,s,1340
5627126000,r,1440
5629355000,r,1440
5629356000,r,1440
5630019000,s,1340
5630328000,r,1440
5630531000,s,1340
5631192000,r,1440
5634817000,r,1440
5634817000,r,1440
5636239000,s,1340
5637006000,r,1440
5637006000,r,1440
5637007000,r,1440
5637007000,r,1440
5638030000,r,1440
5638031000,r,1440
5638171000,s,1340
5638520000,s,1340
5639022000,r,1440
5640459000,s,1340
5641749000,r,1440
5641749000,r,1440
5643135000,r,1440
5643399000,s,1340
5643682000,r,1440
5644015000,s,1340
5644548000,r,1440
5645577000,r,1440
5646536000,s,1340
5647220000,r,1440
5648245000,s,1340
5648993000,r,1440
5648993000,r,1440
5648994000,r,1440
5650269000,s,1340
5650746000,r,1440
5653638000,r,1440
5653638000,r,1440
5654798000,s,1340
5655131000,r,1440
5655218000,s,1340
5659841000,r,1440
5663848000,r,1440
5663849000,r,1440
5664966000,s,1340
5665101000,r,1440
5665750000,s,1340
5666324000,r,1440
5667796000,r,1440
5668256000,s,1340
5675303000,r,1440
5675303000,r,1440
5677459000,r,1440
5677460000,r,1440
5678658000,r,1440
5678765000,s,1340
5679010000,s,1340
5679708000,r,1440
5680521000,r,1440
5681771000,s,1340
5681849000,r,1440
5684999000,r,1440
5685000000,r,1440
5685001000,r,1440
5686126000,s,1340
5686245000,r,1440
5686458000,s,1340
5687229000,r,1440
5689212000,r,1440
5689212000,r,1440
5690251000,s,1340
5690668000,r,1440
5691540000,r,1440
5691736000,s,1340
5695896000,r,1440
5696936000,s,1340
5697669000,r,1440
5697669000,r,1440
5698590000,r,1440
5699673000,s,1340
5700210000,s,1340
5700451000,r,1440
5700451000,r,1440
5700452000,r,1440
5701365000,r,1440
5701618000,s,1340
5702667000,r,1440
5704820000,s,1340
5705257000,r,1440
5705257000,r,1440
5706475000,r,1440
5706609000,s,1340
5709096000,r,1440
5709474000,r,1440
5710582000,s,1340
5710817000,s,1340
5711743000,r,1440
5711744000,r,1440
5712961000,r,1440
5713707000,s,1340
5714143000,r,1440
5714965000,r,1440
5717256000,r,1440
5717256000,r,1440
5718394000,r,1440
5718688000,s,1340
5719749000,r,1440
5720141000,s,1340
5720217000,r,1440
5721385000,s,1340
5722541000,s,1340
5722873000,r,1440
5722874000,r,1440
5723469000,r,1440
5725635000,s,1340
5726024000,r,1440
5726024000,r,1440
5726747000,r,1440
5728492000,s,1340
5728836000,s,1340
5729677000,r,1440
5729678000,r,1440
5730135000,r,1440
5731644000,s,1340
5733176000,r,1440
5733177000,r,1440
5734263000,r,1440
5734285000,s,1340
5734583000,r,1440
5735389000,s,1340
5735703000,r,1440
5736555000,r,1440
5737757000,r,1440
5738932000,s,1340
5739279000,s,1340
5739427000,r,1440
5741221000,r,1440
5741221000,r,1440
5742555000,r,1440
5742758000,s,1340
5744584000,r,1440
5744585000,r,1440
5745448000,r,1440
5746594000,s,1340
5746968000,s,1340
5747152000,r,1440
5749803000,r,1440
5749804000,r,1440
5749804000,r,1440
5751569000,r,1440
5751878000,s,1340
5753552000,s,1340
5754375000,r,1440
5754375000,r,1440
5755329000,r,1440
5755465000,s,1340
5757871000,r,1440
5757872000,r,1440
5759023000,s,1340
5759225000,r,1440
5759371000,s,1340
5761062000,r,1440
5761063000,r,1440
5762714000,s,1340
5762730000,r,1440
5763806000,r,1440
5764523000,r,1440
5765604000,r,1440
5767152000,r,1440
5769517000,r,1440
5769518000,r,1440
5770379000,s,1340
5770558000,r,1440
5770876000,s,1340
5771804000,r,1440
5772151000,s,1340
5772388000,r,1440
5772411000,s,1340
5774489000,s,1340
5774849000,r,1440
5774849000,r,1440
5775934000,s,1340
5777440000,r,1440
5777441000,r,1440
5778662000,r,1440
5778790000,s,1340
5779601000,r,1440
5782075000,r,1440
5782075000,r,1440
5783213000,r,1440
5785287000,r,1440
5785288000,r,1440
5786669000,r,1440
5787358000,s,1340
5787697000,s,1340
5789085000,r,1440
5789085000,r,1440
5790147000,r,1440
5791430000,r,1440
5792341000,s,1340
5792556000,s,1340
5793602000,r,1440
5793603000,r,1440
5794881000,s,1340
5795625000,r,1440
5795626000,r,1440
5797758000,r,1440
5797758000,r,1440
5798749000,s,1340
5799136000,s,1340
5801257000,r,1440
5801257000,r,1440
5801258000,r,1440
5801258000,r,1440
5802541000,s,1340
5802616000,r,1440
5802700000,r,1440
5803543000,s,1340
5803614000,r,1440
5804389000,s,1340
5806231000,r,1440
5806231000,r,1440
5807457000,r,1440
5808170000,s,1340
5809157000,r,1440
5809157000,r,1440
5809843000,s,1340
5811780000,r,1440
5812399000,s,1340
5813133000,r,1440
5813134000,r,1440
6822809000,r,1440
6822810000,r,1440
6822810000,r,1440
6822811000,r,1440
6822811000,r,1440
6822812000,r,1440
6822812000,r,1440
6822813000,r,1440
6823515000,r,1440
6823515000,r,1440
6823516000,r,1440
6823516000,r,1440
6823517000,r,1440
6823517000,r,1440
6823518000,r,1440
6823518000,r,1440
6823668000,r,1440
6823669000,r,1440
6823669000,r,1440
6823669000,r,1440
6823670000,r,1440
6823670000,r,1440
6823671000,r,1440
6823671000,r,1440
6823958000,r,1440
6823959000,r,1440
6823959000,r,1440
6823960000,r,1440
6823960000,r,1440
6823961000,r,1440
6823961000,r,1440
6823962000,r,1440
6824105000,r,1440
6824106000,r,1440
6824106000,r,1440
6824107000,r,1440
6826061000,s,1340
6826498000,s,1340
6826764000,s,1340
6827059000,s,1340
6827350000,s,1340
6827643000,s,1340
6827897000,r,1440
6827985000,s,1340
6828288000,s,1340
6828512000,s,1340
6828794000,s,1340
6829100000,s,1340
6829327000,s,1340
6829636000,s,1340
6829831000,s,1340
6830105000,s,1340
6830312000,s,1340
6830514000,s,1340
6830809000,s,1340
6831076000,s,1340
6831284000,s,1340
6831570000,s,1340
6839892000,r,1440
6840124000,r,1440
6840125000,r,1440
6841910000,s,1340
6842269000,s,1340
6843098000,r,1440
6843099000,r,1440
6843099000,r,1440
6843100000,r,1440
6843100000,r,1440
6843101000,r,1440
6843101000,r,1440
6843102000,r,1440
6843597000,r,1440
6846447000,r,1440
6846447000,r,1440
6846448000,r,1440
6846448000,r,1440
6846449000,r,1440
6846449000,r,1440
6846450000,r,1440
6846450000,r,1440
6846780000,r,1440
6846780000,r,1440
6847216000,r,1440
6847217000,r,1440
6847217000,r,1440
6847218000,r,1440
6847218000,r,1440
6848744000,s,1340
6849072000,s,1340
6849295000,s,1340
6849511000,s,1340
6849774000,s,1340
6850000000,s,1340
6850295000,s,1340
6850613000,s,1340
6850891000,s,1340
6852287000,s,1340
6852672000,s,1340
6852972000,s,1340
6853253000,s,1340
6853465000,s,1340
6853666000,s,1340
6853972000,s,1340
6854199000,s,1340
6854471000,s,1340
6854752000,s,1340
6855230000,s,1340
6855507000,s,1340
6855864000,s,1340
6856069000,s,1340
6856348000,s,1340
6856610000,s,1340
6856881000,s,1340
6857162000,s,1340
6857422000,s,1340
6857666000,s,1340
6857900000,s,1340
6858155000,s,1340
6858398000,s,1340
6859914000,r,1440
6864121000,s,1340
6868296000,r,1440
6868297000,r,1440
6868297000,r,1440
6868298000,r,1440
6869786000,s,1340
6871248000,s,1340
6871907000,r,1440
6871907000,r,1440
6871908000,r,1440
6871908000,r,1440
6871909000,r,1440
6871909000,r,1440
6871910000,r,1440
6871910000,r,1440
6872356000,r,1440
6872357000,r,1440
6872357000,r,1440
6872358000,r,1440
6872358000,r,1440
6872359000,r,1440
6872359000,r,1440
6872551000,r,1440
6872551000,r,1440
6872552000,r,1440
6872552000,r,1440
6873612000,s,1340
6874525000,s,1340
6874834000,s,1340
6875134000,s,1340
6876987000,s,1340
6877338000,s,1340
6878434000,s,1340
6878675000,s,1340
6879019000,s,1340
6879375000,s,1340
6879662000,s,1340
6879882000,r,1440
6879882000,r,1440
6879883000,r,1440
6879883000,r,1440
6879884000,r,1440
6879884000,r,1440
6879885000,r,1440
6879885000,r,1440
6880309000,r,1440
6880310000,r,1440
6880310000,r,1440
6880311000,r,1440
6880552000,s,1340
6880880000,s,1340
6881177000,s,1340
6881806000,s,1340
6882200000,s,1340
6882514000,s,1340
6882782000,s,1340
6883065000,s,1340
6883353000,s,1340
6883603000,s,1340
6883983000,s,1340
6884269000,s,1340
6884287000,r,1440
6884288000,r,1440
6884553000,s,1340
6884288000,r,1440
6884289000,r,1440
6884289000,r,1440
6884290000,r,1440
6884853000,s,1340
6885449000,s,1340
6885689000,s,1340
6885893000,s,1340
6886081000,s,1340
6886381000,s,1340
6886626000,s,1340
6886842000,s,1340
6887072000,s,1340
6887302000,s,1340
6887555000,s,1340
6887928000,s,1340
6888211000,s,1340
6888865000,s,1340
6889137000,s,1340
6889369000,s,1340
6889599000,s,1340
6889821000,s,1340
6890040000,s,1340
6890270000,s,1340
6890691000,s,1340
6891009000,s,1340
6891267000,s,1340
6891503000,s,1340
6891728000,s,1340
6892090000,s,1340
6892341000,s,1340
6892565000,s,1340
6892784000,s,1340
6893035000,s,1340
6893260000,s,1340
6893505000,s,1340
6893730000,s,1340
6893947000,s,1340
6896781000,s,1340
6897387000,s,1340
6897608000,s,1340
6899900000,r,1440
6899901000,r,1440
6899901000,r,1440
6899902000,r,1440
6899902000,r,1440
6899903000,r,1440
6899903000,r,1440
6899904000,r,1440
6900272000,r,1440
6902405000,s,1340
6902749000,s,1340
6903019000,s,1340
6903248000,s,1340
6903486000,s,1340
6903711000,s,1340
6904175000,s,1340
6904269000,r,1440
6904428000,s,1340
6904269000,r,1440
6904270000,r,1440
6904270000,r,1440
6904666000,s,1340
6905830000,s,1340
6906138000,s,1340
6906397000,s,1340
6906637000,s,1340
6906870000,s,1340
6907090000,s,1340
6907339000,s,1340
6907559000,s,1340
6908014000,s,1340
6908281000,s,1340
6908463000,s,1340
6908624000,s,1340
6908780000,s,1340
6908959000,s,1340
6909121000,s,1340
6909305000,s,1340
6909478000,s,1340
6909651000,s,1340
6909840000,s,1340
6910012000,s,1340
6910174000,s,1340
6910335000,s,1340
6910525000,s,1340
6910693000,s,1340
6910852000,s,1340
6911013000,s,1340
6911185000,s,1340
6911257000,r,1440
6911355000,s,1340
6911506000,s,1340
6911257000,r,1440
6911258000,r,1440
6911258000,r,1440
6911259000,r,1440
6911259000,r,1440
6911260000,r,1440
6911260000,r,1440
6911690000,s,1340
6911695000,r,1440
6911696000,r,1440
6911696000,r,1440
6911697000,r,1440
6911697000,r,1440
6911697000,r,1440
6911698000,r,1440
6911698000,r,1440
6911934000,r,1440
6911935000,r,1440
6911959000,s,1340
6911935000,r,1440
6911936000,r,1440
6911936000,r,1440
6911937000,r,1440
6911937000,r,1440
6911938000,r,1440
6912084000,r,1440
6912084000,r,1440
6912085000,r,1440
6912290000,s,1340
6912494000,s,1340
6912671000,s,1340
6912824000,s,1340
6912984000,s,1340
6913149000,s,1340
6913317000,s,1340
6913474000,s,1340
6913661000,s,1340
6913857000,s,1340
6914087000,s,1340
6914422000,s,1340
6915385000,s,1340
6915641000,s,1340
6916031000,r,1440
6916032000,r,1440
6916032000,r,1440
6916343000,s,1340
6916580000,s,1340
6916817000,s,1340
6917015000,s,1340
6917208000,s,1340
6917391000,s,1340
6917586000,s,1340
6917755000,s,1340
6917931000,s,1340
6918093000,s,1340
6918264000,s,1340
6918867000,s,1340
6919063000,s,1340
6919251000,s,1340
6927410000,s,1340
6927700000,r,1440
6927700000,r,1440
6927701000,r,1440
6927701000,r,1440
6927702000,r,1440
6927702000,r,1440
6927703000,r,1440
6927703000,r,1440
6928207000,r,1440
6928208000,r,1440
6928209000,r,1440
6928209000,r,1440
6928209000,r,1440
6928210000,r,1440
6928210000,r,1440
6928211000,r,1440
6928406000,r,1440
6929660000,s,1340
6930103000,s,1340
6930150000,r,1440
6930548000,s,1340
6930855000,s,1340
6930883000,r,1440
6931121000,s,1340
6931451000,r,1440
6932746000,s,1340
6934503000,r,1440
6934503000,r,1440
6935732000,r,1440
6936166000,r,1440
6936405000,s,1340
6937367000,r,1440
6937627000,s,1340
6939902000,r,1440
6939903000,r,1440
6939903000,r,1440
6941030000,r,1440
6941352000,r,1440
6941557000,s,1340
6941995000,s,1340
6943831000,r,1440
6944753000,s,1340
6944771000,r,1440
6944771000,r,1440
6946120000,r,1440
6946328000,s,1340
6946824000,s,1340
6947840000,r,1440
6949354000,r,1440
6949354000,r,1440
6949355000,r,1440
6950622000,s,1340
6950908000,s,1340
6951664000,r,1440
6951664000,r,1440
6953188000,r,1440
6953813000,s,1340
6954314000,r,1440
6955131000,r,1440
6956048000,s,1340
6957185000,r,1440
6957186000,r,1440
6958222000,s,1340
6958488000,r,1440
6959181000,r,1440
6961518000,r,1440
6961519000,r,1440
6962674000,s,1340
6962869000,r,1440
6962952000,s,1340
6963618000,r,1440
6966256000,r,1440
6966256000,r,1440
6967101000,s,1340
6967367000,r,1440
6968259000,s,1340
6969797000,r,1440
6969797000,r,1440
6969911000,r,1440
6970636000,s,1340
6971743000,r,1440
6973426000,r,1440
6973427000,r,1440
6974268000,s,1340
6974547000,s,1340
6975078000,r,1440
6975529000,r,1440
6978250000,r,1440
6978850000,s,1340
6979309000,r,1440
6979310000,r,1440
6980403000,s,1340
6981733000,r,1440
6981734000,r,1440
6982555000,r,1440
6982570000,s,1340
6982556000,r,1440
6985039000,r,1440
6985040000,r,1440
6985040000,r,1440
6985831000,s,1340
6986092000,r,1440
6986100000,s,1340
6987388000,r,1440
6989227000,r,1440
6989228000,r,1440
6989771000,s,1340
6989959000,s,1340
6990785000,r,1440
6991303000,r,1440
6994133000,r,1440
6994134000,r,1440
6995040000,r,1440
6995280000,s,1340
6995446000,s,1340
6996921000,r,1440
6996921000,r,1440
6997772000,s,1340
6997969000,r,1440
6999359000,r,1440
7001698000,r,1440
7001699000,r,1440
7002378000,s,1340
7002603000,s,1340
7002894000,r,1440
7004810000,r,1440
7004811000,r,1440
7009706000,s,1340
7011732000,r,1440
7011732000,r,1440
7012437000,s,1340
7012680000,r,1440
7013165000,s,1340
7013936000,r,1440
7014734000,r,1440
7017241000,r,1440
7017241000,r,1440
7017852000,s,1340
7018077000,s,1340
7018084000,r,1440
7019612000,r,1440
7021518000,r,1440
7021519000,r,1440
7022279000,s,1340
7026159000,r,1440
7026159000,r,1440
7026159000,r,1440
7026840000,s,1340
7026994000,s,1340
7027170000,r,1440
7027170000,r,1440
7028580000,r,1440
7029194000,s,1340
7030416000,r,1440
7030416000,r,1440
7030823000,s,1340
7031789000,r,1440
7032552000,s,1340
7035832000,r,1440
7044980000,r,1440
7044981000,r,1440
7045882000,s,1340
7047130000,r,1440
7047131000,r,1440
7048512000,s,1340
7048594000,r,1440
7049041000,r,1440
7049221000,s,1340
7051122000,r,1440
7051122000,r,1440
7052695000,s,1340
7052855000,r,1440
7053489000,s,1340
7054349000,r,1440
7054349000,r,1440
7055806000,r,1440
7056294000,s,1340
7057885000,r,1440
7057885000,r,1440
7058469000,s,1340
7058550000,s,1340
7059806000,r,1440
7061430000,r,1440
7061430000,r,1440
7062743000,s,1340
7062885000,r,1440
7063810000,r,1440
7064407000,r,1440
7065001000,s,1340
7065487000,s,1340
7066016000,r,1440
7067673000,r,1440
7067674000,r,1440
7068045000,s,1340
7072831000,r,1440
7072831000,r,1440
7072831000,r,1440
7072831000,r,1440
7073192000,s,1340
7073286000,s,1340
7074061000,r,1440
7074061000,r,1440
7074304000,s,1340
7075244000,r,1440
7075737000,s,1340
7079290000,r,1440
7079290000,r,1440
7079290000,r,1440
7079931000,s,1340
7082155000,r,1440
7082156000,r,1440
7082156000,r,1440
7082156000,r,1440
7082156000,r,1440
7082672000,s,1340
7082815000,s,1340
7083811000,r,1440
7084155000,s,1340
7085610000,r,1440
7085611000,r,1440
7085611000,r,1440
7086286000,s,1340
7086434000,s,1340
7087686000,r,1440
7087686000,r,1440
7087686000,r,1440
7088419000,s,1340
7089861000,r,1440
7089861000,r,1440
7090262000,s,1340
7091597000,r,1440
7091598000,r,1440
7092140000,s,1340
7094320000,r,1440
7094320000,r,1440
7095792000,r,1440
7096309000,s,1340
7096449000,s,1340
7097432000,r,1440
7097432000,r,1440
7098689000,r,1440
7099274000,s,1340
7100111000,r,1440
7220300000,r,1440
7220301000,r,1440
7220301000,r,1440
7220301000,r,1440
7220301000,r,1440
7220301000,r,1440
7220301000,r,1440
7220301000,r,1440
7220573000,r,1440
7220573000,r,1440
7220573000,r,1440
7220573000,r,1440
7221608000,s,1340
7221959000,s,1340
7222142000,s,1340
7231104000,r,1440
7231104000,r,1440
7233269000,r,1440
7233270000,r,1440
7234924000,s,1340
7272543000,r,1440
7272544000,r,1440
7274138000,s,1340
7274291000,r,1440
7274291000,r,1440
7274731000,s,1340
7275302000,r,1440
7276761000,r,1440
7279791000,r,1440
7281054000,r,1440
7281054000,r,1440
7281082000,s,1340
7281356000,s,1340
7281986000,r,1440
7282836000,s,1340
7283373000,r,1440
7285930000,r,1440
7285931000,r,1440
7285931000,r,1440
7287111000,s,1340
7287470000,s,1340
7288757000,r,1440
7288757000,r,1440
7290700000,r,1440
7290700000,r,1440
7292184000,s,1340
7293434000,r,1440
7293435000,r,1440
7294697000,r,1440
7294899000,s,1340
7294976000,r,1440
7296698000,s,1340
7296846000,r,1440
7298935000,r,1440
7299386000,r,1440
7299386000,r,1440
7300583000,s,1340
7300940000,s,1340
7302036000,r,1440
7302036000,r,1440
7302037000,r,1440
7303344000,s,1340
7305572000,r,1440
7305572000,r,1440
7306209000,r,1440
7306344000,r,1440
7306666000,s,1340
7307501000,r,1440
7307685000,s,1340
7310260000,r,1440
7310260000,r,1440
7310886000,r,1440
7311532000,s,1340
7311996000,s,1340
7312290000,r,1440
7312724000,r,1440
7313508000,s,1340
7315891000,r,1440
7316151000,r,1440
7316678000,s,1340
7318504000,r,1440
7318504000,r,1440
7320140000,s,1340
7320342000,r,1440
7320977000,r,1440
7323365000,r,1440
7323366000,r,1440
7323366000,r,1440
7324306000,s,1340
7324538000,r,1440
7324625000,s,1340
7324869000,s,1340
7326259000,r,1440
7326260000,r,1440
7327740000,s,1340
7327840000,r,1440
7328123000,s,1340
7329507000,r,1440
7329508000,r,1440
7331806000,r,1440
7332142000,s,1340
7333173000,r,1440
7333174000,r,1440
7334127000,s,1340
7335260000,r,1440
7335260000,r,1440
7336597000,s,1340
7336601000,r,1440
7339023000,r,1440
7339024000,r,1440
7339993000,r,1440
7340292000,s,1340
7340628000,s,1340
7342112000,r,1440
7342447000,r,1440
7343352000,r,1440
7343570000,s,1340
7345816000,r,1440
7345816000,r,1440
7345817000,r,1440
7346787000,r,1440
7346951000,s,1340
7347297000,s,1340
7349124000,r,1440
7349124000,r,1440
7350334000,r,1440
7350806000,s,1340
7351874000,r,1440
7353318000,s,1340
7353422000,r,1440
7353422000,r,1440
7354670000,s,1340
7355570000,r,1440
7357940000,r,1440
7357940000,r,1440
7359086000,r,1440
7359345000,s,1340
7359663000,s,1340
7360986000,r,1440
7360987000,r,1440
7362276000,r,1440
7362520000,s,1340
7362957000,r,1440
7364581000,s,1340
7367143000,r,1440
7367144000,r,1440
7367144000,r,1440
7367601000,r,1440
7368247000,s,1340
7368842000,s,1340
7369528000,r,1440
7369529000,r,1440
7370632000,s,1340
7370921000,r,1440
7371849000,s,1340
7372986000,r,1440
7372987000,r,1440
7372988000,r,1440
7374164000,r,1440
7374808000,s,1340
7375388000,s,1340
7377158000,r,1440
7377158000,r,1440
7378131000,r,1440
7378358000,s,1340
7379750000,r,1440
7379911000,r,1440
7380908000,s,1340
7380977000,r,1440
7383492000,s,1340
7387876000,r,1440
7387877000,r,1440
7389193000,s,1340
7391805000,r,1440
7391805000,r,1440
7391806000,r,1440
7393024000,s,1340
7393377000,s,1340
7394278000,r,1440
7394279000,r,1440
7394279000,r,1440
7394280000,r,1440
7394280000,r,1440
7394281000,r,1440
7394835000,r,1440
7396346000,s,1340
7396698000,s,1340
7399577000,r,1440
7399577000,r,1440
7406612000,r,1440
7406612000,r,1440
7407666000,r,1440
7408447000,s,1340
7408794000,s,1340
7409802000,r,1440
7409802000,r,1440
7410898000,r,1440
7411289000,s,1340
7415065000,r,1440
7415065000,r,1440
7415066000,r,1440
7415066000,r,1440
7416280000,s,1340
7416596000,s,1340
7417307000,r,1440
7417308000,r,1440
7421646000,r,1440
7421646000,r,1440
7421647000,r,1440
7421647000,r,1440
7423136000,s,1340
7423147000,r,1440
7423570000,s,1340
7425233000,r,1440
7425234000,r,1440
7426432000,r,1440
7426432000,r,1440
7426881000,s,1340
7427960000,s,1340
7428750000,r,1440
7428750000,r,1440
7428751000,r,1440
7428751000,r,1440
7429377000,r,1440
7430578000,s,1340
7430733000,r,1440
7430928000,s,1340
7432409000,r,1440
7432409000,r,1440
7433833000,s,1340
7434241000,r,1440
7435000000,r,1440
7436350000,s,1340
7437417000,r,1440
7437418000,r,1440
7438274000,r,1440
7438872000,s,1340
7439333000,r,1440
7441887000,r,1440
7441888000,r,1440
7442826000,r,1440
7443160000,s,1340
7443526000,s,1340
7445122000,r,1440
7445122000,r,1440
7446071000,r,1440
7446445000,s,1340
7447277000,r,1440
7449008000,s,1340
7449523000,r,1440
7449523000,r,1440
7450971000,s,1340
7474518000,r,1440
7474956000,r,1440
7474956000,r,1440
7476458000,s,1340
7476794000,s,1340
7477328000,r,1440
7477328000,r,1440
7478916000,r,1440
7479597000,r,1440
7480995000,s,1340
7482773000,r,1440
7482773000,r,1440
7482774000,r,1440
7483867000,r,1440
7484399000,s,1340
7484718000,s,1340
7485003000,r,1440
7485004000,r,1440
7486258000,r,1440
7486719000,r,1440
7487176000,s,1340
7488431000,s,1340
7489060000,r,1440
7489060000,r,1440
7490133000,r,1440
7490489000,s,1340
7491285000,r,1440
7493589000,r,1440
7493590000,r,1440
7494843000,s,1340
7495141000,r,1440
7495161000,s,1340
7497627000,r,1440
7497627000,r,1440
7499206000,s,1340
7499650000,r,1440
7501035000,r,1440
7501617000,r,1440
7502246000,s,1340
7502578000,s,1340
7503090000,r,1440
7505157000,r,1440
7505157000,r,1440
7506373000,r,1440
7506374000,s,1340
7507301000,r,1440
7507473000,s,1340
7509509000,r,1440
7509509000,r,1440
7510989000,r,1440
7511051000,s,1340
7515861000,r,1440
7516940000,s,1340
7517362000,r,1440
7517363000,r,1440
7518600000,r,1440
7519432000,s,1340
7520469000,r,1440
7520470000,r,1440
7521137000,r,1440
7521629000,s,1340
7522057000,s,1340
7522776000,r,1440
7523687000,r,1440
7526336000,r,1440
7526336000,r,1440
7526862000,s,1340
7527527000,r,1440
7528316000,s,1340
7528715000,s,1340
7529878000,r,1440
7529879000,r,1440
7530348000,r,1440
7531296000,s,1340
7531507000,r,1440
7532829000,s,1340
7533857000,r,1440
7533857000,r,1440
7534823000,r,1440
7535741000,s,1340
7537662000,r,1440
7537662000,r,1440
7538623000,r,1440
7539057000,s,1340
7539297000,r,1440
7539387000,s,1340
7541656000,r,1440
7541657000,r,1440
7542762000,s,1340
7543069000,r,1440
7544255000,s,1340
7545049000,r,1440
7545050000,r,1440
7546111000,r,1440
7546737000,s,1340
7547229000,r,1440
7549579000,r,1440
7549579000,r,1440
7550682000,s,1340
7551023000,s,1340
7551143000,r,1440
7553024000,r,1440
7553024000,r,1440
7554225000,r,1440
7554490000,s,1340
7555537000,r,1440
7556839000,s,1340
7557351000,r,1440
7557352000,r,1440
7558507000,r,1440
7559585000,r,1440
7560223000,s,1340
7561689000,r,1440
7561690000,r,1440
7562649000,s,1340
7562847000,r,1440
7563000000,s,1340
7564860000,s,1340
7565174000,r,1440
7565174000,r,1440
7566349000,r,1440
7567220000,r,1440
7567280000,s,1340
7569659000,r,1440
7569660000,r,1440
7571126000,r,1440
7571126000,r,1440
7572058000,s,1340
7572412000,s,1340
7575213000,r,1440
7575214000,r,1440
7576838000,s,1340
7577322000,r,1440
7577322000,r,1440
7578021000,r,1440
7579234000,s,1340
7579593000,s,1340
7579751000,r,1440
7580527000,r,1440
7581652000,r,1440
7583202000,r,1440
7585226000,r,1440
7585227000,r,1440
7585718000,s,1340
7586177000,r,1440
7586649000,s,1340
7587370000,r,1440
7587370000,r,1440
7588529000,s,1340
7589711000,r,1440
7589711000,r,1440
7589712000,r,1440
7590853000,r,1440
7590900000,s,1340
7591238000,s,1340
7591809000,r,1440
7593545000,r,1440
7593546000,r,1440
7594667000,s,1340
7595127000,r,1440
7596490000,s,1340
7597108000,r,1440
7597109000,r,1440
7597979000,r,1440
7599049000,r,1440
7599564000,s,1340
7602385000,r,1440
7602385000,r,1440
7602386000,r,1440
7603621000,s,1340
7604190000,s,1340
7604976000,r,1440
7604977000,r,1440
7606686000,r,1440
7607033000,r,1440
7607547000,s,1340
7608000000,s,1340
7609175000,r,1440
7609175000,r,1440
7610346000,r,1440
7611464000,s,1340
7613018000,r,1440
7613018000,r,1440
7613019000,r,1440
7614323000,r,1440
7614441000,s,1340
7614939000,s,1340
7615455000,r,1440
7616829000,r,1440
7618133000,s,1340
7619050000,r,1440
7619050000,r,1440
7620818000,s,1340
7621373000,r,1440
7621373000,r,1440
7621373000,r,1440
7621373000,r,1440
7621687000,r,1440
7622539000,s,1340
7623616000,s,1340
7623680000,r,1440
7623901000,r,1440
7625111000,s,1340
7626208000,r,1440
7626208000,r,1440
7626315000,s,1340
7627535000,r,1440
7629223000,s,1340
7629698000,s,1340
7630308000,r,1440
7630308000,r,1440
7631550000,r,1440
7633763000,r,1440
7633764000,r,1440
7633764000,r,1440
7634834000,r,1440
7634834000,r,1440
7635229000,s,1340
7635821000,r,1440
7637502000,r,1440
7637502000,r,1440
7637815000,s,1340
7638569000,s,1340
7639256000,r,1440
7640367000,s,1340
7640694000,s,1340
7641032000,s,1340
7641475000,r,1440
7641476000,r,1440
7643711000,r,1440
7643712000,r,1440
7644584000,r,1440
7644818000,s,1340
7645146000,s,1340
7646666000,r,1440
7649042000,r,1440
7649042000,r,1440
7649944000,r,1440
7650202000,s,1340
7651283000,s,1340
7651308000,r,1440
7653482000,r,1440
7653482000,r,1440
7654404000,r,1440
7655038000,s,1340
7655547000,r,1440
7656826000,s,1340
7657883000,r,1440
7657883000,r,1440
7658856000,r,1440
7659492000,s,1340
7661221000,r,1440
7661221000,r,1440
7662322000,r,1440
7663030000,s,1340
7663565000,s,1340
7675799000,r,1440
7677841000,r,1440
7677841000,r,1440
7678279000,r,1440
7679402000,s,1340
7679597000,r,1440
7680362000,s,1340
7681670000,r,1440
7681670000,r,1440
7683266000,s,1340
7683300000,r,1440
7683300000,r,1440
7685438000,r,1440
7685439000,r,1440
7686817000,s,1340
7686918000,r,1440
7687157000,s,1340
7690254000,r,1440
7690255000,r,1440
7690649000,r,1440
7691906000,s,1340
7695832000,r,1440
7697081000,s,1340
7699261000,r,1440
7699261000,r,1440
7699262000,r,1440
7700876000,s,1340
7702685000,r,1440
7702685000,r,1440
7702686000,r,1440
7702686000,r,1440
7702687000,r,1440
7703749000,s,1340
7704273000,s,1340
7704808000,r,1440
7704808000,r,1440
7705979000,r,1440
7707173000,s,1340
7707509000,s,1340
7707757000,r,1440
7708391000,r,1440
7710300000,r,1440
7710708000,r,1440
7711424000,s,1340
7713071000,r,1440
7713072000,r,1440
7714599000,s,1340
7715544000,r,1440
7715544000,r,1440
7717015000,s,1340
7717607000,r,1440
7717607000,r,1440
7718401000,r,1440
7719411000,s,1340
7719733000,s,1340
7720696000,r,1440
7720697000,r,1440
7721942000,r,1440
7722854000,s,1340
7723222000,r,1440
7725496000,r,1440
7725497000,r,1440
7726799000,s,1340
7726809000,r,1440
7726810000,r,1440
7727303000,s,1340
7727804000,r,1440
7728654000,r,1440
7728795000,s,1340
7731091000,r,1440
7732493000,s,1340
7733505000,r,1440
7733506000,r,1440
7734928000,s,1340
7735440000,r,1440
7738000000,r,1440
7738001000,r,1440
7738968000,r,1440
7739276000,s,1340
7739638000,s,1340
7741100000,r,1440
7741101000,r,1440
7742193000,s,1340
7742215000,r,1440
7749053000,r,1440
7749053000,r,1440
7750312000,s,1340
7750347000,r,1440
7750644000,s,1340
7751408000,r,1440
7753913000,r,1440
7753913000,r,1440
7754876000,r,1440
7754969000,s,1340
7755652000,r,1440
7757851000,s,1340
7758454000,r,1440
7758454000,r,1440
7759320000,r,1440
7760910000,s,1340
7761141000,r,1440
7761141000,r,1440
7762609000,s,1340
7762617000,r,1440
7763689000,r,1440
7764622000,s,1340
7767639000,r,1440
7767640000,r,1440
7769304000,s,1340
7769523000,r,1440
7769523000,r,1440
7771380000,s,1340
7773557000,r,1440
7773557000,r,1440
7775215000,r,1440
7775216000,r,1440
7777124000,r,1440
7777124000,r,1440
7777125000,r,1440
7777736000,s,1340
7778153000,s,1340
7778339000,r,1440
7778461000,s,1340
7778770000,s,1340
7778968000,r,1440
7781418000,r,1440
7781419000,r,1440
7781419000,r,1440
7781420000,r,1440
7782736000,r,1440
7783307000,s,1340
7783665000,s,1340
7784864000,r,1440
7784864000,r,1440
7786061000,s,1340
7786195000,r,1440
7787095000,r,1440
7788651000,s,1340
7789329000,r,1440
7789330000,r,1440
7790984000,r,1440
7791532000,r,1440
7791566000,s,1340
7794061000,r,1440
7794062000,r,1440
7795046000,r,1440
7795225000,s,1340
7795955000,s,1340
7796911000,r,1440
7796912000,r,1440
7796912000,r,1440
7798017000,r,1440
7798121000,s,1340
7799460000,r,1440
7801011000,s,1340
7802515000,r,1440
7802515000,r,1440
7805052000,s,1340
7805549000,r,1440
7805550000,r,1440
7805550000,r,1440
7808175000,s,1340
7809316000,s,1340
7815364000,r,1440
7815364000,r,1440
7817581000,r,1440
7817582000,r,1440
7818533000,r,1440
7819426000,r,1440
7819622000,s,1340
7820232000,s,1340
7821758000,r,1440
7821759000,r,1440
7823078000,r,1440
7824849000,s,1340
7825075000,r,1440
7825075000,r,1440
7825971000,r,1440
7827449000,s,1340
7828658000,r,1440
7828658000,r,1440
7829122000,r,1440
7830325000,r,1440
7830503000,s,1340
7830882000,s,1340
7832395000,r,1440
7832395000,r,1440
7834283000,r,1440
7835328000,s,1340
7837164000,r,1440
7837164000,r,1440
7837165000,r,1440
7838223000,r,1440
7840525000,s,1340
7841375000,s,1340
7841573000,r,1440
7841574000,r,1440
7843134000,r,1440
7844194000,s,1340
7849762000,r,1440
7849763000,r,1440
7850709000,r,1440
7850932000,s,1340
7851692000,s,1340
7852616000,r,1440
7852617000,r,1440
7854238000,r,1440
7855289000,r,1440
7856705000,s,1340
7858324000,s,1340
7861860000,r,1440
7861861000,r,1440
7863642000,s,1340
7870661000,r,1440
7870662000,r,1440
7872817000,r,1440
7872818000,r,1440
7873982000,r,1440
7874229000,s,1340
7874627000,s,1340
7875202000,r,1440
7876881000,r,1440
7877196000,r,1440
7878347000,s,1340
7878410000,r,1440
7879371000,s,1340
7879639000,r,1440
7881731000,r,1440
7881731000,r,1440
7883015000,r,1440
7883033000,s,1340
7886233000,r,1440
7886233000,r,1440
7886234000,r,1440
7887403000,r,1440
7887548000,s,1340
7889392000,r,1440
7889392000,r,1440
7890171000,s,1340
7890606000,r,1440
7892077000,s,1340
7893243000,s,1340
7897529000,r,1440
7897530000,r,1440
7898764000,r,1440
7901722000,s,1340
9983971000,r,1440
9983971000,r,1440
9983972000,r,1440
9983972000,r,1440
9983973000,r,1440
9983973000,r,1440
9983974000,r,1440
9983974000,r,1440
9984856000,r,1440
9988321000,s,1340
9988803000,s,1340
9989038000,s,1340
9989274000,s,1340
9999059000,r,1440
9999060000,r,1440
9999437000,s,1340
10001696000,r,1440
10001697000,r,1440
10001697000,r,1440
10003149000,s,1340
10003461000,s,1340
10003574000,r,1440
10006166000,r,1440
10006167000,r,1440
10006167000,r,1440
10007898000,s,1340
10009615000,r,1440
10009615000,r,1440
10009616000,r,1440
10010962000,s,1340
10011171000,r,1440
10011311000,s,1340
10011563000,r,1440
10013716000,r,1440
10013716000,r,1440
10014939000,s,1340
10033293000,s,1340
13260114000,s,1340
13260624000,s,1340
13263049000,s,1340
13282011000,r,1440
13282011000,r,1440
13282012000,r,1440
13282012000,r,1440
13282874000,r,1440
13283916000,r,1440
13284895000,s,1340
13285271000,s,1340
13285386000,r,1440
13286340000,r,1440
13286341000,r,1440
13287487000,s,1340
13290558000,r,1440
13290558000,r,1440
13290559000,r,1440
13290559000,r,1440
13290560000,r,1440
13290560000,r,1440
13290982000,r,1440
13292356000,s,1340
13293195000,s,1340
13293556000,s,1340
13293929000,r,1440
13293930000,r,1440
13295624000,r,1440
13295625000,r,1440
13297138000,s,1340
13298856000,r,1440
13298856000,r,1440
13298941000,s,1340
13301464000,s,1340
13301797000,s,1340
13301898000,r,1440
13301899000,r,1440
13301899000,r,1440
13303128000,s,1340
13303470000,s,1340
13303499000,r,1440
13306907000,r,1440
13306907000,r,1440
13306908000,r,1440
13306908000,r,1440
13307339000,r,1440
13308379000,s,1340
13308757000,s,1340
13308985000,s,1340
13310124000,r,1440
13310124000,r,1440
13311296000,s,1340
13313083000,r,1440
13313083000,r,1440
13313084000,r,1440
13313917000,r,1440
13314184000,s,1340
13315373000,r,1440
13316676000,s,1340
13317785000,r,1440
13317786000,r,1440
13317786000,r,1440
13319574000,s,1340
13319754000,r,1440
13320925000,r,1440
13320926000,r,1440
13322172000,r,1440
13322435000,s,1340
13322814000,s,1340
13323122000,r,1440
13324973000,r,1440
13324973000,r,1440
13326084000,s,1340
13326521000,r,1440
13327601000,r,1440
13327694000,s,1340
13329887000,r,1440
13329887000,r,1440
13330864000,r,1440
13331110000,s,1340
13334029000,r,1440
13334029000,r,1440
13335157000,s,1340
13335382000,r,1440
13335485000,s,1340
13337935000,r,1440
13337936000,r,1440
13338243000,r,1440
13339601000,s,1340
13340888000,r,1440
13340888000,r,1440
13341468000,r,1440
13342223000,s,1340
13342551000,s,1340
13343239000,r,1440
13346095000,r,1440
13346095000,r,1440
13346096000,r,1440
13347104000,s,1340
13347468000,s,1340
13347590000,r,1440
13349405000,r,1440
13349405000,r,1440
13351215000,r,1440
13353378000,r,1440
13353378000,r,1440
13354337000,r,1440
13354878000,s,1340
13355266000,s,1340
13355587000,r,1440
13356628000,s,1340
13358530000,r,1440
13358531000,r,1440
13359741000,r,1440
13360977000,r,1440
13362107000,r,1440
13362373000,s,1340
13362736000,s,1340
13363073000,r,1440
13365087000,r,1440
13365088000,r,1440
13365240000,s,1340
13366355000,r,1440
13367260000,r,1440
13367482000,s,1340
13367936000,s,1340
13370316000,r,1440
13370317000,r,1440
13370317000,r,1440
13370652000,r,1440
13372399000,s,1340
13372734000,s,1340
13373131000,r,1440
13373132000,r,1440
16828318000,r,1440
16828319000,r,1440
16828319000,r,1440
16828320000,r,1440
16828320000,r,1440
16828321000,r,1440
16828321000,r,1440
16828322000,r,1440
16829248000,r,1440
16829248000,r,1440
16829249000,r,1440
16829249000,r,1440
16829249000,r,1440
16829250000,r,1440
16829250000,r,1440
16829251000,r,1440
16829442000,r,1440
16829442000,r,1440
16829443000,r,1440
16829443000,r,1440
16829444000,r,1440
16829444000,r,1440
16829445000,r,1440
16829445000,r,1440
16829594000,r,1440
16829594000,r,1440
16829595000,r,1440
16832257000,s,1340
16832727000,s,1340
16833486000,s,1340
16833753000,s,1340
16834027000,s,1340
16834882000,s,1340
16835180000,s,1340
16836546000,s,1340
16843953000,r,1440
16843954000,r,1440
16843954000,r,1440
16845661000,s,1340
16845964000,r,1440
16847396000,r,1440
16847397000,r,1440
16849155000,s,1340
16849480000,s,1340
16849668000,s,1340
16849922000,s,1340
16850090000,s,1340
16850257000,s,1340
16850266000,r,1440
16850421000,s,1340
16850267000,r,1440
16850267000,r,1440
16850664000,s,1340
16850918000,s,1340
16851084000,s,1340
16851242000,s,1340
16851520000,s,1340
16851700000,r,1440
16851910000,s,1340
16852189000,s,1340
16852439000,s,1340
16852538000,r,1440
16852658000,s,1340
16852927000,s,1340
16853123000,s,1340
16853288000,s,1340
16853451000,s,1340
16853606000,r,1440
16853684000,s,1340
16853843000,r,1440
16853922000,s,1340
16854195000,s,1340
16854456000,s,1340
16854733000,s,1340
16855026000,s,1340
16855286000,s,1340
16855530000,s,1340
16855541000,r,1440
16855937000,s,1340
16856227000,s,1340
16856504000,s,1340
16856749000,s,1340
16857033000,s,1340
16857311000,s,1340
16857587000,s,1340
16857797000,r,1440
16857797000,r,1440
16857868000,s,1340
16857942000,r,1440
16858167000,s,1340
16858431000,s,1340
16858681000,s,1340
16858954000,s,1340
16859200000,s,1340
16859440000,r,1440
16859441000,s,1340
16859684000,s,1340
16860066000,s,1340
16860324000,s,1340
16860583000,s,1340
16860853000,s,1340
16861148000,s,1340
16861423000,s,1340
16861691000,s,1340
16861924000,s,1340
16862186000,s,1340
16862429000,s,1340
16862680000,s,1340
16862914000,s,1340
16863173000,s,1340
16863449000,s,1340
16863691000,s,1340
16863800000,r,1440
16866243000,s,1340
16866593000,s,1340
16866869000,s,1340
16867117000,s,1340
16867388000,s,1340
16867654000,s,1340
16868074000,s,1340
16868374000,s,1340
16868668000,s,1340
16868956000,s,1340
16869232000,s,1340
16869512000,s,1340
16869810000,s,1340
16870075000,s,1340
16870320000,s,1340
16870602000,s,1340
16870957000,s,1340
16871489000,s,1340
16871846000,s,1340
16872190000,s,1340
16872454000,s,1340
16872685000,s,1340
16872939000,s,1340
16873167000,s,1340
16873390000,s,1340
16873617000,s,1340
16873871000,s,1340
16874102000,s,1340
16874335000,s,1340
16874555000,s,1340
16874787000,s,1340
16875042000,s,1340
16875282000,s,1340
16875526000,s,1340
16876061000,s,1340
22228213000,s,1340
22266395000,s,1340
22266835000,s,1340
22285434000,r,1440
22287152000,r,1440
22288634000,r,1440
22288634000,r,1440
22290911000,r,1440
22290911000,r,1440
22290962000,s,1340
22291238000,r,1440
22292357000,s,1340
22293079000,s,1340
22294549000,r,1440
22294550000,r,1440
22294550000,r,1440
22295406000,s,1340
22295650000,r,1440
22303817000,r,1440
22305574000,s,1340
24164020000,r,1440
24168203000,s,1340