0,r,1440
306948000,r,1440
306948000,r,1440
306949000,r,1440
306949000,r,1440
306950000,r,1440
306950000,r,1440
306951000,r,1440
306951000,r,1440
307860000,r,1440
307861000,r,1440
307861000,r,1440
307862000,r,1440
311549000,s,1340
312261000,s,1340
720503000,r,1440
720504000,r,1440
720504000,r,1440
720504000,r,1440
723381000,s,1340
1128499000,r,1440
1132564000,s,1340
1436101000,r,1440
1844432000,r,1440
1847629000,s,1340
1860061000,r,1440
1860062000,r,1440
1860062000,r,1440
1862555000,s,1340
1862943000,s,1340
1872620000,r,1440
1874083000,r,1440
1874084000,r,1440
1874084000,r,1440
1874973000,r,1440
1875659000,s,1340
1876164000,s,1340
2152379000,r,1440
2560063000,r,1440
2562533000,s,1340
4776673000,s,1340
4781169000,s,1340
4792952000,r,1440
4792952000,r,1440
4793161000,r,1440
4793616000,s,1340
4793713000,s,1340
4797788000,s,1340
4797937000,s,1340
4810365000,r,1440
4810365000,r,1440
4810365000,r,1440
4811705000,s,1340
4811991000,r,1440
4812375000,s,1340
4812498000,s,1340
4812600000,s,1340
4812933000,s,1340
4821996000,s,1340
4823993000,r,1440
4824762000,r,1440
4825179000,r,1440
4825688000,s,1340
4826019000,s,1340
4826150000,s,1340
4836237000,s,1340
4843783000,s,1340
4843893000,s,1340
4855426000,r,1440
4855427000,r,1440
4855427000,r,1440
4855427000,r,1440
4856127000,s,1340
4860024000,r,1440
4860355000,s,1340
4878538000,r,1440
4884036000,r,1440
4885009000,s,1340
4890112000,s,1340
4911520000,r,1440
4921522000,s,1340
4921690000,s,1340
4922125000,s,1340
4931318000,s,1340
4936082000,r,1440
4936082000,r,1440
4937554000,r,1440
4938392000,s,1340
4939403000,r,1440
4940426000,s,1340
4940702000,s,1340
4941798000,s,1340
4942716000,s,1340
4955467000,r,1440
4955467000,r,1440
4958020000,r,1440
4958021000,r,1440
4958779000,r,1440
4959330000,s,1340
4959738000,s,1340
4975999000,r,1440
4978227000,s,1340
4982973000,r,1440
4984060000,r,1440
4984060000,r,1440
4985004000,s,1340
4988835000,r,1440
4988836000,r,1440
4990219000,s,1340
4990561000,s,1340
4990847000,s,1340
4991124000,s,1340
4991363000,s,1340
4991558000,s,1340
4991769000,s,1340
4992073000,s,1340
4992273000,s,1340
4992477000,s,1340
4992676000,s,1340
4992890000,s,1340
4993093000,s,1340
4993288000,s,1340
4993494000,s,1340
4993697000,s,1340
4993911000,s,1340
4994113000,s,1340
4994316000,s,1340
4994519000,s,1340
4994726000,s,1340
4994923000,s,1340
4995119000,s,1340
4995319000,s,1340
4995522000,s,1340
4995729000,s,1340
4995930000,s,1340
4996256000,s,1340
4996465000,s,1340
4996670000,s,1340
4996870000,s,1340
4997083000,s,1340
4997281000,s,1340
4997487000,s,1340
4997688000,s,1340
4997890000,s,1340
4998045000,s,1340
4998202000,s,1340
4998351000,s,1340
4998577000,s,1340
4998815000,s,1340
4999036000,s,1340
4999268000,s,1340
4999495000,s,1340
4999894000,s,1340
5000168000,s,1340
5000451000,s,1340
5000738000,s,1340
5001277000,s,1340
5001567000,s,1340
5001834000,s,1340
5002089000,s,1340
5002371000,s,1340
5002654000,s,1340
5002907000,s,1340
5003180000,s,1340
5003437000,s,1340
5003680000,s,1340
5003905000,s,1340
5004279000,s,1340
5004484000,s,1340
5004667000,s,1340
5004823000,s,1340
5004966000,s,1340
5005113000,s,1340
5005260000,s,1340
5005404000,s,1340
5005557000,s,1340
5005708000,s,1340
5005856000,s,1340
5005995000,s,1340
5006128000,s,1340
5006265000,s,1340
5006404000,s,1340
5006544000,s,1340
5006710000,s,1340
5006854000,s,1340
5007005000,s,1340
5007148000,s,1340
5007284000,s,1340
5007422000,s,1340
5007561000,s,1340
5007709000,s,1340
5007841000,s,1340
5008034000,s,1340
5008185000,s,1340
5009721000,s,1340
5332703000,r,1440
5332703000,r,1440
5332704000,r,1440
5332704000,r,1440
5332705000,r,1440
5332705000,r,1440
5332706000,r,1440
5332706000,r,1440
5333163000,r,1440
5333163000,r,1440
5333164000,r,1440
5333164000,r,1440
5333165000,r,1440
5333165000,r,1440
5336461000,s,1340
5337568000,s,1340
5337967000,s,1340
5338552000,s,1340
5338944000,s,1340
5339144000,s,1340
5339421000,s,1340
5339703000,s,1340
5339891000,s,1340
5340245000,s,1340
5340502000,s,1340
5340765000,s,1340
5341023000,s,1340
5341303000,s,1340
5341567000,s,1340
5341852000,s,1340
5343411000,s,1340
5343760000,s,1340
5344219000,s,1340
5344848000,s,1340
5345134000,s,1340
5345378000,s,1340
5345624000,s,1340
5345876000,s,1340
5346119000,s,1340
5346410000,s,1340
5346677000,s,1340
5346913000,s,1340
5347364000,s,1340
5347690000,s,1340
5348219000,r,1440
5348297000,s,1340
5348596000,s,1340
5348783000,s,1340
5348943000,s,1340
5349098000,s,1340
5349262000,s,1340
5349414000,s,1340
5349580000,s,1340
5349788000,s,1340
5349948000,s,1340
5350102000,s,1340
5350274000,s,1340
5350454000,s,1340
5350621000,s,1340
5350794000,s,1340
5350947000,s,1340
5351102000,s,1340
5351253000,s,1340
5351427000,s,1340
5351581000,s,1340
5351740000,s,1340
5352115000,s,1340
5352409000,s,1340
5352733000,s,1340
5352972000,s,1340
5353272000,s,1340
5353537000,s,1340
5353772000,s,1340
5354010000,s,1340
5354271000,s,1340
5354486000,s,1340
5354684000,s,1340
5354950000,s,1340
5355246000,s,1340
5355547000,s,1340
5355764000,s,1340
5356719000,s,1340
5356957000,s,1340
5357146000,s,1340
5357354000,s,1340
5357907000,s,1340
5358134000,s,1340
5358324000,s,1340
5358513000,s,1340
5358713000,s,1340
5358906000,s,1340
5359103000,s,1340
5359254000,s,1340
5359463000,s,1340
5359668000,s,1340
5359887000,s,1340
5360171000,s,1340
5360371000,s,1340
5360553000,s,1340
5360734000,s,1340
5360938000,s,1340
5361122000,s,1340
5361321000,s,1340
5361503000,s,1340
5361703000,s,1340
5361887000,s,1340
5362083000,s,1340
5362260000,s,1340
5362445000,s,1340
5362641000,s,1340
5362836000,s,1340
5363026000,s,1340
5363207000,s,1340
5363385000,s,1340
5363612000,s,1340
5363799000,s,1340
5364050000,s,1340
5364253000,s,1340
5364448000,s,1340
5364648000,s,1340
5364839000,s,1340
5365038000,s,1340
5365263000,s,1340
5370659000,s,1340
5422419000,s,1340
5422520000,s,1340
5433604000,r,1440
5433604000,r,1440
5435634000,r,1440
5435634000,r,1440
5435902000,s,1340
5439977000,r,1440
5440396000,s,1340
5440736000,r,1440
5440737000,r,1440
5440737000,r,1440
5440737000,r,1440
5440737000,r,1440
5440737000,r,1440
5440737000,r,1440
5440737000,r,1440
5440817000,r,1440
5441217000,s,1340
5441273000,s,1340
5441288000,s,1340
5441412000,r,1440
5441438000,s,1340
5441412000,r,1440
5441412000,r,1440
5441412000,r,1440
5441412000,r,1440
5441413000,r,1440
5441573000,s,1340
5441660000,s,1340
5441767000,s,1340
5441880000,s,1340
5441981000,s,1340
5442060000,s,1340
5442134000,s,1340
5442229000,s,1340
5443780000,s,1340
5444049000,s,1340
5444319000,s,1340
5444456000,s,1340
5444661000,s,1340
5444801000,s,1340
5445348000,r,1440
5445349000,r,1440
5445349000,r,1440
5445349000,r,1440
5445350000,r,1440
5445350000,r,1440
5445351000,r,1440
5445351000,r,1440
5445652000,r,1440
5445826000,s,1340
5445957000,s,1340
5446036000,s,1340
5446158000,s,1340
5446261000,s,1340
5446392000,s,1340
5446519000,s,1340
5446653000,s,1340
5446791000,s,1340
5446955000,s,1340
5447111000,s,1340
5447240000,s,1340
5447329000,s,1340
5447456000,s,1340
5447598000,s,1340
5447711000,s,1340
5447834000,s,1340
5448012000,s,1340
5448133000,s,1340
5448254000,s,1340
5448357000,s,1340
5448457000,s,1340
5448532000,s,1340
5448609000,s,1340
5448674000,s,1340
5448741000,s,1340
5448808000,s,1340
5448915000,s,1340
5453849000,s,1340
5454355000,r,1440
5454356000,r,1440
5454356000,r,1440
5454356000,r,1440
5454959000,s,1340
5457682000,s,1340
5458963000,r,1440
5458963000,r,1440
5459601000,s,1340
5461944000,r,1440
5461944000,r,1440
5462409000,s,1340
5463558000,r,1440
5465457000,r,1440
5465812000,r,1440
5466013000,s,1340
5470045000,r,1440
5470045000,r,1440
5470045000,r,1440
5470045000,r,1440
5470366000,s,1340
5470414000,s,1340
5470437000,s,1340
5470450000,s,1340
5471977000,r,1440
5474972000,r,1440
5477097000,r,1440
5477097000,r,1440
5477506000,s,1340
5479217000,r,1440
5479649000,s,1340
5487838000,r,1440
5491131000,r,1440
5491131000,r,1440
5491131000,r,1440
5491131000,r,1440
5491131000,r,1440
5491132000,r,1440
5491132000,r,1440
5491132000,r,1440
5491235000,r,1440
5491723000,s,1340
5491863000,s,1340
5492169000,s,1340
5492190000,r,1440
5492191000,r,1440
5492266000,s,1340
5493190000,s,1340
5494136000,s,1340
5494961000,r,1440
5499961000,r,1440
5499961000,r,1440
5501126000,s,1340
5501365000,s,1340
5503963000,r,1440
5505541000,r,1440
5505542000,r,1440
5505542000,r,1440
5505542000,r,1440
5505542000,r,1440
5505874000,s,1340
5506000000,s,1340
5506374000,s,1340
5511999000,r,1440
5511999000,r,1440
5511999000,r,1440
5511999000,r,1440
5512000000,r,1440
5512000000,r,1440
5512000000,r,1440
5512000000,r,1440
5512127000,r,1440
5512127000,r,1440
5512806000,s,1340
5512958000,s,1340
5512960000,r,1440
5512960000,r,1440
5513133000,s,1340
5513357000,s,1340
5513677000,s,1340
5513951000,s,1340
5513999000,s,1340
5514151000,s,1340
5523242000,r,1440
5523242000,r,1440
5523856000,s,1340
5524243000,s,1340
5524474000,r,1440
5524474000,r,1440
5524474000,r,1440
5525269000,s,1340
5525726000,s,1340
5525844000,s,1340
5527979000,r,1440
5527979000,r,1440
5527979000,r,1440
5527979000,r,1440
5527979000,r,1440
5527979000,r,1440
5527979000,r,1440
5528704000,s,1340
5528825000,s,1340
5528857000,s,1340
5528870000,s,1340
5528880000,s,1340
5529135000,s,1340
5529155000,s,1340
5530198000,s,1340
5530271000,s,1340
5530300000,s,1340
5531425000,s,1340
5531473000,s,1340
5531553000,s,1340
5531585000,s,1340
5531725000,s,1340
5532808000,s,1340
5532965000,s,1340
5533088000,s,1340
5533216000,s,1340
5533629000,s,1340
5533808000,s,1340
5533940000,s,1340
5534071000,s,1340
5534421000,s,1340
5534609000,s,1340
5534761000,s,1340
5534892000,s,1340
5535016000,s,1340
5535132000,s,1340
5535257000,s,1340
5535551000,s,1340
5535684000,s,1340
5535820000,s,1340
5536321000,s,1340
5536463000,s,1340
5536588000,s,1340
5536859000,s,1340
5538035000,s,1340
5538211000,s,1340
5538488000,s,1340
5538596000,s,1340
5538795000,s,1340
5538975000,s,1340
5539124000,s,1340
5539313000,s,1340
5539884000,s,1340
5539923000,r,1440
5539977000,s,1340
5539923000,r,1440
5540583000,s,1340
5540743000,s,1340
5540871000,s,1340
5540997000,s,1340
5541244000,s,1340
5542054000,s,1340
5542092000,s,1340
5542202000,s,1340
5542282000,s,1340
5542438000,s,1340
5542585000,s,1340
5542705000,s,1340
5542997000,s,1340
5543146000,s,1340
5543496000,s,1340
5543657000,s,1340
5544055000,s,1340
5544206000,s,1340
5544324000,s,1340
5544345000,r,1440
5544346000,r,1440
5544436000,s,1340
5544551000,s,1340
5544663000,s,1340
5549556000,r,1440
5549556000,r,1440
5549556000,r,1440
5549557000,r,1440
5549557000,r,1440
5550482000,s,1340
5550637000,s,1340
5554462000,s,1340
5610367000,s,1340
5610448000,s,1340
5616033000,s,1340
5617212000,s,1340
5618865000,r,1440
5623011000,r,1440
5623011000,r,1440
5623011000,r,1440
5623630000,s,1340
5623691000,s,1340
5623834000,s,1340
5623879000,s,1340
5624180000,r,1440
5624276000,s,1340
5624775000,s,1340
5624999000,r,1440
5625179000,s,1340
5625283000,s,1340
5625368000,s,1340
5625433000,s,1340
5629296000,r,1440
5629296000,r,1440
5629296000,r,1440
5629296000,r,1440
5629903000,s,1340
5630108000,s,1340
5630132000,s,1340
5631590000,r,1440
5631590000,r,1440
5635099000,s,1340
5673764000,r,1440
5673764000,r,1440
5674649000,r,1440
5676013000,s,1340
5676357000,r,1440
5676537000,s,1340
5676973000,r,1440
5678664000,r,1440
5678664000,r,1440
5679314000,s,1340
5681729000,r,1440
5681729000,r,1440
5682260000,s,1340
5682313000,s,1340
5717031000,s,1340
5725358000,r,1440
5727986000,r,1440
5728291000,r,1440
5728291000,r,1440
5728291000,r,1440
5729366000,s,1340
5729534000,s,1340
5939373000,r,1440
5939374000,r,1440
5939374000,r,1440
5939375000,r,1440
5941607000,s,1340
5941738000,s,1340
5941767000,s,1340
5941784000,s,1340
5941799000,s,1340
5941822000,s,1340
5941838000,s,1340
5941934000,s,1340
5942034000,s,1340
5942116000,s,1340
5943026000,s,1340
5943191000,s,1340
5943247000,s,1340
5943309000,s,1340
5943355000,s,1340
5944503000,s,1340
5944716000,s,1340
5944844000,s,1340
5945169000,s,1340
5945714000,s,1340
5945939000,s,1340
5946346000,s,1340
5947153000,s,1340
5947340000,s,1340
5947504000,s,1340
5948222000,s,1340
5949035000,s,1340
5949234000,s,1340
5949375000,s,1340
5949726000,s,1340
5950277000,s,1340
5950454000,s,1340
5950808000,s,1340
5951034000,s,1340
5951533000,s,1340
5951678000,s,1340
5952137000,s,1340
5952300000,s,1340
5952423000,s,1340
5952780000,s,1340
5952917000,s,1340
5953047000,s,1340
5953290000,s,1340
5953655000,s,1340
5953799000,s,1340
5953922000,s,1340
5954238000,s,1340
5954518000,s,1340
5954723000,s,1340
5954915000,s,1340
5955088000,s,1340
5955485000,s,1340
5955858000,s,1340
5955868000,r,1440
5956173000,s,1340
5956349000,s,1340
5956514000,s,1340
5956697000,s,1340
5956858000,s,1340
5962755000,r,1440
5963821000,s,1340
5964096000,s,1340
5964258000,s,1340
5964385000,s,1340
5964565000,s,1340
5964787000,s,1340
5965402000,s,1340
5965571000,s,1340
5965710000,s,1340
5965852000,s,1340
5966172000,s,1340
5966337000,s,1340
5966476000,s,1340
5966524000,s,1340
5966638000,s,1340
5966679000,s,1340
5966857000,s,1340
5966974000,s,1340
5967065000,s,1340
5967150000,s,1340
5967233000,s,1340
5967327000,s,1340
5967409000,s,1340
5967654000,s,1340
5967850000,s,1340
5968334000,s,1340
5968482000,s,1340
5968675000,s,1340
5968829000,s,1340
5968967000,s,1340
5969171000,s,1340
5969326000,s,1340
5969492000,s,1340
5969650000,s,1340
5969824000,s,1340
5969902000,s,1340
5970320000,s,1340
5970482000,s,1340
5970678000,s,1340
5970841000,s,1340
5971134000,s,1340
5971293000,s,1340
5971432000,s,1340
5971745000,s,1340
5971901000,s,1340
5972148000,s,1340
5972430000,s,1340
5972578000,s,1340
5972936000,s,1340
5973066000,s,1340
5973160000,s,1340
5973250000,s,1340
5973381000,s,1340
5974239000,s,1340
5974399000,s,1340
5974540000,s,1340
5974720000,s,1340
5974948000,s,1340
5975131000,s,1340
5975484000,s,1340
5975586000,s,1340
5975623000,s,1340
5975661000,s,1340
5976477000,s,1340
5976798000,s,1340
5976954000,s,1340
5977107000,s,1340
5977249000,s,1340
5977406000,s,1340
5977557000,s,1340
5978032000,r,1440
5978032000,r,1440
5978032000,r,1440
5978033000,r,1440
5978178000,s,1340
5978033000,r,1440
5978033000,r,1440
5978034000,r,1440
5978034000,r,1440
5978258000,r,1440
5978259000,r,1440
5978259000,r,1440
5978259000,r,1440
5978259000,r,1440
5978260000,r,1440
5978260000,r,1440
5978260000,r,1440
5978352000,r,1440
5978352000,r,1440
5978352000,r,1440
5978390000,s,1340
5978569000,s,1340
5978742000,s,1340
5978872000,s,1340
5979035000,s,1340
5979193000,s,1340
5979330000,s,1340
5979471000,s,1340
5979652000,s,1340
5984015000,r,1440
5989091000,s,1340
6344142000,r,1440
6344143000,r,1440
6345026000,r,1440
6347835000,s,1340
6760146000,r,1440
6760147000,r,1440
6760147000,r,1440
6760148000,r,1440
6764581000,s,1340
6765044000,s,1340
7168173000,r,1440
7168174000,r,1440
7168174000,r,1440
7168175000,r,1440
7168175000,r,1440
7168176000,r,1440
7171324000,s,1340
7171700000,s,1340
7476151000,r,1440
7884139000,r,1440
7884139000,r,1440
7884140000,r,1440
7886057000,s,1340
7896353000,r,1440
7898505000,s,1340
7898928000,r,1440
7898928000,r,1440
7898929000,r,1440
7899921000,s,1340
7903530000,r,1440
7903531000,r,1440
7905656000,s,1340
7905776000,r,1440
7905777000,r,1440
7907488000,s,1340
7908018000,r,1440
7916818000,r,1440
7917661000,r,1440
7917662000,r,1440
7918781000,r,1440
7919178000,s,1340
7919539000,s,1340
7920246000,r,1440
7922206000,r,1440
7923901000,s,1340
8296694000,r,1440
8704290000,r,1440
8706897000,s,1340
8908695000,r,1440
8908695000,r,1440
8908696000,r,1440
8908696000,r,1440
8908697000,r,1440
8908697000,r,1440
8908698000,r,1440
8908698000,r,1440
8909181000,r,1440
8909182000,r,1440
8909182000,r,1440
8909183000,r,1440
8909183000,r,1440
8909184000,r,1440
8909184000,r,1440
8909185000,r,1440
8909351000,r,1440
8909352000,r,1440
8909352000,r,1440
8909353000,r,1440
8909353000,r,1440
8909354000,r,1440
8909354000,r,1440
8909355000,r,1440
8909509000,r,1440
8909510000,r,1440
8910378000,r,1440
8910378000,r,1440
8910379000,r,1440
8910379000,r,1440
8910380000,r,1440
8912746000,s,1340
8914091000,s,1340
8914445000,s,1340
8915032000,s,1340
8915407000,s,1340
8915694000,s,1340
8916119000,s,1340
8916805000,s,1340
8917156000,s,1340
8917522000,s,1340
8917851000,s,1340
8918073000,s,1340
8918345000,s,1340
8918553000,s,1340
8924108000,r,1440
8924109000,r,1440
8925287000,r,1440
8925288000,r,1440
8925288000,r,1440
8927421000,r,1440
8927421000,r,1440
8927422000,r,1440
8927422000,r,1440
8927423000,r,1440
8927423000,r,1440
8927424000,r,1440
8927424000,r,1440
8929050000,r,1440
8929132000,s,1340
8929051000,r,1440
8929051000,r,1440
8929052000,r,1440
8929052000,r,1440
8929052000,r,1440
8929053000,r,1440
8929626000,s,1340
8930351000,r,1440
8930351000,r,1440
8930352000,r,1440
8930352000,r,1440
8930352000,r,1440
8930352000,r,1440
8930353000,r,1440
8931597000,s,1340
8931930000,s,1340
8932062000,r,1440
8932581000,s,1340
8932897000,s,1340
8933192000,s,1340
8933433000,r,1440
8933433000,r,1440
8933488000,s,1340
8933704000,s,1340
8933925000,s,1340
8934194000,s,1340
8935042000,s,1340
8935806000,s,1340
8935943000,r,1440
8936552000,s,1340
8937355000,s,1340
8937362000,r,1440
8938235000,s,1340
8938505000,s,1340
8938945000,s,1340
8939278000,s,1340
8939533000,s,1340
8939795000,s,1340
8940029000,r,1440
8940155000,s,1340
8940450000,s,1340
8940735000,s,1340
8941009000,s,1340
8941282000,s,1340
8941546000,s,1340
8941837000,s,1340
8942107000,s,1340
8942201000,r,1440
8942202000,r,1440
8942202000,r,1440
8942368000,s,1340
8942632000,s,1340
8942915000,s,1340
8943180000,s,1340
8943205000,r,1440
8943429000,s,1340
8943686000,s,1340
8944040000,s,1340
8944332000,s,1340
8944587000,s,1340
8944849000,s,1340
8944936000,r,1440
8945142000,s,1340
8946699000,r,1440
8948178000,s,1340
8949712000,r,1440
8949713000,r,1440
8949713000,r,1440
8951082000,s,1340
8951439000,s,1340
8951825000,s,1340
8952014000,r,1440
8952015000,r,1440
8952015000,r,1440
8952016000,r,1440
8952016000,r,1440
8952017000,r,1440
8952017000,r,1440
8952018000,r,1440
8952382000,r,1440
8953809000,r,1440
8953810000,r,1440
8953810000,r,1440
8953944000,s,1340
8953811000,r,1440
8953811000,r,1440
8953812000,r,1440
8953812000,r,1440
8953813000,r,1440
8954047000,s,1340
8954066000,r,1440
8954102000,s,1340
8954173000,s,1340
8954243000,s,1340
8954309000,s,1340
8954374000,s,1340
8954410000,s,1340
8954731000,s,1340
8955022000,s,1340
8955271000,s,1340
8955581000,s,1340
8955911000,s,1340
8956036000,r,1440
8956036000,r,1440
8956037000,r,1440
8956037000,r,1440
8956038000,r,1440
8956038000,r,1440
8956039000,r,1440
8956039000,r,1440
8956275000,s,1340
8956309000,r,1440
8956309000,r,1440
8956508000,s,1340
8956799000,s,1340
8956979000,s,1340
8957180000,s,1340
8957505000,s,1340
8957842000,s,1340
8958145000,s,1340
8958470000,s,1340
8958766000,s,1340
8959071000,s,1340
8959377000,s,1340
8959677000,s,1340
8959943000,s,1340
8960995000,s,1340
8961313000,s,1340
8961601000,s,1340
8961852000,s,1340
8962108000,s,1340
8962356000,s,1340
8962616000,s,1340
8963150000,r,1440
8963150000,r,1440
8964223000,r,1440
8964234000,s,1340
8964224000,r,1440
8964485000,s,1340
8965052000,s,1340
8965303000,s,1340
8965524000,s,1340
8965733000,s,1340
8965950000,r,1440
8965964000,s,1340
8965950000,r,1440
8965951000,r,1440
8967162000,s,1340
8967316000,r,1440
8967317000,r,1440
8967317000,r,1440
8967318000,r,1440
8967318000,r,1440
8967435000,s,1340
8967820000,r,1440
8968446000,s,1340
8968484000,r,1440
8968484000,r,1440
8968724000,s,1340
8968938000,s,1340
8969157000,s,1340
8969384000,s,1340
8969768000,r,1440
8970540000,s,1340
8971315000,r,1440
8976658000,r,1440
8978613000,s,1340
8978934000,s,1340
8979989000,r,1440
9422269000,r,1440
9422270000,r,1440
9422270000,r,1440
9422270000,r,1440
9425907000,s,1340
9426257000,s,1340
9435524000,r,1440
9435524000,r,1440
9438787000,r,1440
9440112000,s,1340
9443992000,r,1440
9443992000,r,1440
9444801000,s,1340
9832400000,r,1440
9832401000,r,1440
9832401000,r,1440
9834743000,s,1340
10240145000,r,1440
10243208000,s,1340
10548309000,r,1440
10548309000,r,1440
10548310000,r,1440
10548310000,r,1440
10550953000,s,1340
10551316000,s,1340
10561762000,r,1440
10561762000,r,1440
10564483000,s,1340
10756519000,r,1440
10756520000,r,1440
10756520000,r,1440
10756521000,r,1440
10756521000,r,1440
10756522000,r,1440
10756522000,r,1440
10756523000,r,1440
10757017000,r,1440
10757018000,r,1440
10757018000,r,1440
10757019000,r,1440
10759577000,s,1340
10760045000,s,1340
10760596000,s,1340
10760889000,s,1340
10761156000,s,1340
10769072000,s,1340
11164157000,r,1440
11570391000,r,1440
11880263000,r,1440
11881074000,s,1340
11892109000,r,1440
11892109000,r,1440
11893145000,s,1340
11896038000,r,1440
11897493000,s,1340
12287459000,r,1440
12287460000,r,1440
12287460000,r,1440
12287461000,r,1440
12287461000,r,1440
12287462000,r,1440
12287462000,r,1440
12287463000,r,1440
12288108000,r,1440
12288109000,r,1440
12288109000,r,1440
12289207000,s,1340
12289438000,s,1340
12289548000,s,1340
12290567000,s,1340
12290925000,s,1340
12301521000,r,1440
12301522000,r,1440
12700041000,r,1440
12700904000,s,1340
13108125000,r,1440
13108125000,r,1440
13108126000,r,1440
13108126000,r,1440
13110156000,s,1340
13110499000,s,1340
13516279000,r,1440
13516280000,r,1440
13516280000,r,1440
13516684000,r,1440
13516684000,r,1440
13516685000,r,1440
13516685000,r,1440
13516686000,r,1440
13516686000,r,1440
13516687000,r,1440
13519536000,s,1340
13519903000,s,1340
13928289000,r,1440
13928290000,r,1440
13928290000,r,1440
13928291000,r,1440
13928291000,r,1440
13928292000,r,1440
13928292000,r,1440
13930940000,s,1340
13931281000,s,1340
14340481000,r,1440
14340482000,r,1440
14340482000,r,1440
14340483000,r,1440
14340483000,r,1440
14340484000,r,1440
14340484000,r,1440
14342473000,s,1340
14342848000,s,1340
14343048000,s,1340
14748297000,r,1440
14748298000,r,1440
14748298000,r,1440
14748299000,r,1440
14748299000,r,1440
14748300000,r,1440
14751726000,s,1340
14752313000,s,1340
14764050000,r,1440
14764380000,r,1440
15155182000,r,1440
15155183000,r,1440
15155183000,r,1440
15157567000,s,1340
15158500000,s,1340
15169945000,r,1440
15169945000,r,1440
15171430000,s,1340
15180938000,r,1440
15180939000,r,1440
15180939000,r,1440
15180940000,r,1440
15180940000,r,1440
15180941000,r,1440
15180941000,r,1440
15182880000,s,1340
15183248000,s,1340
15183524000,r,1440
15188481000,r,1440
15568404000,r,1440
15568405000,r,1440
15568405000,r,1440
15568406000,r,1440
15570960000,s,1340
15571630000,s,1340
15571927000,s,1340
15976129000,r,1440
15976129000,r,1440
15976130000,r,1440
15976130000,r,1440
15976131000,r,1440
15976131000,r,1440
15976132000,r,1440
15976132000,r,1440
15979533000,s,1340
15979899000,s,1340
15991366000,r,1440
15991367000,r,1440
15991367000,r,1440
15991368000,r,1440
15994094000,s,1340
16384100000,r,1440
16384100000,r,1440
16384101000,r,1440
16386777000,s,1340
16387116000,s,1340
16397556000,r,1440
16397556000,r,1440
16400031000,r,1440
16401096000,s,1340
16402399000,r,1440
16402399000,r,1440
16403396000,s,1340
16405525000,r,1440
16405526000,r,1440
16406532000,s,1340
16407759000,r,1440
16407760000,r,1440
16410772000,r,1440
16411215000,r,1440
16412187000,s,1340
16412422000,s,1340
16412518000,r,1440
16414670000,r,1440
16414671000,r,1440
16415695000,s,1340
16420100000,r,1440
16796491000,r,1440
16800950000,s,1340
17204166000,r,1440
17205346000,s,1340
17216102000,r,1440
17216490000,r,1440
17612099000,r,1440
17614598000,s,1340
18024682000,r,1440
18024682000,r,1440
18027091000,s,1340
18037835000,r,1440
18037835000,r,1440
18038996000,s,1340
18436500000,r,1440
18436501000,r,1440
18436501000,r,1440
18436502000,r,1440
18436502000,r,1440
18436503000,r,1440
18439081000,s,1340
18439300000,s,1340
18439488000,s,1340
18449849000,r,1440
18449849000,r,1440
18451651000,r,1440
18452644000,s,1340
18453202000,s,1340
18842442000,r,1440
18844234000,r,1440
18844235000,r,1440
18844235000,r,1440
18847465000,s,1340
18847822000,s,1340
18848147000,s,1340
18848373000,s,1340
18850804000,s,1340
18862887000,r,1440
18862887000,r,1440
18862888000,r,1440
18864728000,s,1340
18868381000,r,1440
19252152000,r,1440
19255046000,s,1340
19664664000,r,1440
19664664000,r,1440
19664665000,r,1440
19664665000,r,1440
19667278000,s,1340
19667922000,s,1340
19678513000,r,1440
19678513000,r,1440
19678514000,r,1440
19681039000,s,1340
19681720000,s,1340
19692098000,r,1440
19692426000,r,1440
19693472000,r,1440
19694387000,r,1440
19694388000,r,1440
19695067000,s,1340
19695411000,s,1340
19695445000,r,1440
19697103000,s,1340
19698165000,r,1440
19698165000,r,1440
19699806000,s,1340
19700015000,r,1440
19700016000,r,1440
19701520000,s,1340
20072097000,r,1440
20072097000,r,1440
20072097000,r,1440
20075468000,s,1340
20075881000,s,1340
20484515000,r,1440
20484516000,r,1440
20484516000,r,1440
20484517000,r,1440
20484517000,r,1440
20484518000,r,1440
20484518000,r,1440
20488807000,s,1340
20489281000,s,1340
20892760000,r,1440
21018676000,s,1340
21196261000,r,1440
21196261000,r,1440
21198668000,s,1340
21608180000,r,1440
21608180000,r,1440
21608181000,r,1440
21608181000,r,1440
21608182000,r,1440
21608182000,r,1440
21608183000,r,1440
21610101000,s,1340
21610493000,s,1340
21610770000,s,1340
21611105000,s,1340
21621103000,r,1440
21621104000,r,1440
22020414000,r,1440
22020414000,r,1440
22020415000,r,1440
22020415000,r,1440
22020416000,r,1440
22020416000,r,1440
22020417000,r,1440
22022376000,s,1340
22022616000,s,1340
22023003000,s,1340
22428427000,r,1440
22736268000,r,1440
22736269000,r,1440
22736269000,r,1440
22736270000,r,1440
22736270000,r,1440
22736271000,r,1440
22739082000,s,1340
22739593000,s,1340
22739862000,s,1340
23144587000,r,1440
23556734000,r,1440
23556734000,r,1440
23556735000,r,1440
23556735000,r,1440
23556736000,r,1440
23556736000,r,1440
23556737000,r,1440
23559720000,s,1340
23560231000,s,1340
23860233000,r,1440
23860233000,r,1440
23860234000,r,1440
23860234000,r,1440
23863492000,s,1340
24268231000,r,1440
24270235000,s,1340
24280498000,s,176
24292387000,r,120
24300178000,s,1340
24580438000,r,1440
24580439000,r,1440
24580439000,r,1440
24580440000,r,1440
24580440000,r,1440
24580441000,r,1440
24580441000,r,1440
24580442000,r,1440
24582884000,s,1340
24583213000,s,1340
24583437000,s,1340
24988187000,r,1440
25296627000,r,1440
25296627000,r,1440
25296628000,r,1440
25296628000,r,1440
25296629000,r,1440
25299374000,s,1340
25299728000,s,1340
25299931000,s,1340
25302232000,s,1340
25312045000,r,1440
25312046000,r,1440
25314129000,r,1440
25314130000,r,1440
25314840000,r,1440
25316153000,s,1340
25316547000,s,1340
25320242000,r,1440
25320493000,r,1440
25320493000,r,1440
25320494000,r,1440
25322082000,s,1340
25322589000,s,1340
25703913000,r,1440
25703913000,r,1440
25703914000,r,1440
25703914000,r,1440
25703915000,r,1440
25706631000,s,1340
25707153000,s,1340
26116401000,r,1440
26116401000,r,1440
26116402000,r,1440
26116402000,r,1440
26116403000,r,1440
26116403000,r,1440
26118966000,s,1340
26119334000,s,1340
26119521000,s,1340
26524462000,r,1440
26524463000,r,1440
26524463000,r,1440
26527008000,s,1340
26932103000,r,1440
26932104000,r,1440
26934098000,s,1340
27268964000,s,1340