0,r,176
1592013000,r,1440
1594251000,s,1340
4199144000,s,1340
4202231000,s,1340
4205601000,s,1340
4207944000,r,1440
4210581000,r,1440
4212254000,r,1440
4213680000,s,1340
4215585000,r,1440
4219627000,s,1340
4223113000,s,1340
4223455000,r,1440
4223455000,r,1440
4225200000,r,1440
4225200000,r,1440
4226713000,s,1340
4231455000,r,1440
4232822000,s,1340
4234678000,s,1340
4234746000,s,1340
4234763000,s,1340
4243586000,r,1440
4246532000,r,1440
4252973000,r,1440
4252973000,r,1440
4252973000,r,1440
4252973000,r,1440
4254356000,s,1340
4254487000,s,1340
4254680000,s,1340
4254837000,s,1340
4254971000,s,1340
4255107000,s,1340
4255235000,s,1340
4255364000,s,1340
4255722000,s,1340
4255881000,s,1340
4255987000,s,1340
4256057000,s,1340
4256264000,s,1340
4256369000,s,1340
4256448000,s,1340
4256527000,s,1340
4256573000,s,1340
4257000000,s,1340
4257169000,s,1340
4257321000,s,1340
4257457000,s,1340
4257618000,s,1340
4257754000,s,1340
4257902000,s,1340
4258065000,s,1340
4258216000,s,1340
4258355000,s,1340
4258495000,s,1340
4258638000,s,1340
4258804000,s,1340
4258946000,s,1340
4259109000,s,1340
4259337000,s,1340
4259445000,s,1340
4259490000,s,1340
4259933000,s,1340
4260113000,s,1340
4260270000,s,1340
4260543000,s,1340
4260688000,s,1340
4260945000,s,1340
4261105000,s,1340
4261224000,s,1340
4261378000,s,1340
4261520000,s,1340
4261680000,s,1340
4261884000,s,1340
4262032000,s,1340
4262171000,s,1340
4262328000,s,1340
4264140000,s,1340
4264546000,s,1340
4265329000,s,1340
4265431000,s,1340
4265480000,s,1340
4265660000,s,1340
4266180000,s,1340
4266338000,s,1340
4266473000,s,1340
4266601000,s,1340
4266968000,s,1340
4267131000,s,1340
4267237000,s,1340
4267367000,s,1340
4267725000,s,1340
4267757000,s,1340
4267858000,r,1440
4268017000,r,1440
4268344000,s,1340
4268512000,s,1340
4268650000,s,1340
4268786000,s,1340
4269086000,s,1340
4269219000,s,1340
4269395000,r,1440
4269395000,r,1440
4269523000,s,1340
4269672000,s,1340
4269789000,s,1340
4269899000,s,1340
4270036000,r,1440
4270549000,s,1340
4270759000,s,1340
4270894000,s,1340
4271040000,s,1340
4271182000,s,1340
4275509000,s,1340
4275629000,s,1340
4275900000,s,1340
4280828000,s,1340
4283868000,r,1440
4287305000,r,1440
4291445000,r,1440
4291445000,r,1440
4292399000,s,1340
4294655000,s,1340
4294812000,s,1340
4294956000,s,1340
4295414000,s,1340
4295573000,s,1340
4303868000,r,1440
4309193000,r,1440
4310975000,r,1440
4311862000,s,1340
4326824000,r,1440
4326824000,r,1440
4327915000,s,1340
4328105000,s,1340
4328988000,r,1440
4330710000,r,1440
4330710000,r,1440
4331115000,s,1340
4332535000,r,1440
4334690000,r,1440
4335583000,s,1340
4335828000,r,1440
4336043000,s,1340
4337914000,s,1340
4358077000,s,1340
4767147000,r,1440
4767147000,r,1440
4767148000,r,1440
4767148000,r,1440
4767149000,r,1440
4767149000,r,1440
4767150000,r,1440
4767150000,r,1440
4768133000,r,1440
4768133000,r,1440
4768134000,r,1440
4768134000,r,1440
4768135000,r,1440
4768135000,r,1440
4768136000,r,1440
4768136000,r,1440
4772275000,s,1340
4772762000,s,1340
4772987000,s,1340
4773275000,s,1340
4773481000,s,1340
4773700000,s,1340
4774003000,s,1340
4774299000,s,1340
4774639000,s,1340
4774856000,s,1340
4775139000,s,1340
4775416000,s,1340
4776242000,s,1340
4776537000,s,1340
4783913000,r,1440
4783913000,r,1440
4784405000,s,1340
4787001000,r,1440
4787887000,s,1340
4857112000,s,1340
4860479000,s,1340
4874609000,r,1440
4875398000,r,1440
4875399000,r,1440
4875399000,r,1440
4875399000,r,1440
4875399000,r,1440
4875400000,r,1440
4876703000,s,1340
4876877000,s,1340
4878045000,r,1440
4878046000,r,1440
4878046000,r,1440
4878891000,s,1340
4879265000,s,1340
4879429000,s,1340
4879520000,s,1340
4879651000,s,1340
4879972000,s,1340
4880260000,s,1340
4880443000,s,1340
4880676000,s,1340
4880780000,s,1340
4880877000,s,1340
4881161000,s,1340
4881319000,s,1340
4881477000,s,1340
4881623000,s,1340
4881766000,s,1340
4881907000,s,1340
4882045000,s,1340
4882127000,s,1340
4882286000,s,1340
4882451000,s,1340
4882580000,s,1340
4882788000,s,1340
4883040000,s,1340
4883275000,s,1340
4883363000,s,1340
4883479000,s,1340
4883717000,s,1340
4883874000,s,1340
4884112000,s,1340
4884350000,s,1340
4884613000,s,1340
4884778000,s,1340
4884968000,s,1340
4885087000,s,1340
4885199000,s,1340
4885516000,s,1340
4885688000,s,1340
4885898000,s,1340
4885996000,s,1340
4886317000,s,1340
4886469000,s,1340
4886729000,s,1340
4886871000,s,1340
4887011000,s,1340
4887145000,s,1340
4887454000,s,1340
4887576000,s,1340
4887635000,s,1340
4887681000,s,1340
4888237000,s,1340
4888340000,s,1340
4888439000,s,1340
4888796000,s,1340
4889032000,s,1340
4889210000,s,1340
4889312000,s,1340
4889579000,s,1340
4889665000,s,1340
4889997000,s,1340
4890169000,s,1340
4890221000,s,1340
4890537000,s,1340
4890767000,s,1340
4890977000,s,1340
4891162000,s,1340
4891239000,s,1340
4891481000,s,1340
4891718000,s,1340
4892059000,s,1340
4892175000,s,1340
4892449000,s,1340
4892633000,s,1340
4892801000,s,1340
4892976000,s,1340
4893121000,s,1340
4893275000,s,1340
4893421000,s,1340
4893573000,s,1340
4893724000,s,1340
4893870000,s,1340
4894147000,s,1340
4894317000,s,1340
4894476000,s,1340
4894637000,s,1340
4894794000,s,1340
4894936000,s,1340
4895090000,s,1340
4895245000,s,1340
4895401000,s,1340
4895561000,s,1340
4895607000,s,1340
4895624000,s,1340
4895864000,s,1340
4895927000,s,1340
4895944000,s,1340
4896044000,s,1340
4896094000,s,1340
4896339000,s,1340
4896565000,s,1340
4896621000,s,1340
4896739000,s,1340
4896771000,s,1340
4896932000,s,1340
4896982000,s,1340
4897085000,s,1340
4897613000,s,1340
4897678000,s,1340
4898601000,s,1340
4898638000,r,1440
4898665000,s,1340
4898700000,s,1340
4898638000,r,1440
4898638000,r,1440
4898638000,r,1440
4898638000,r,1440
4898638000,r,1440
4898638000,r,1440
4898638000,r,1440
4898765000,r,1440
4898766000,r,1440
4898766000,r,1440
4898766000,r,1440
4898766000,r,1440
4898766000,r,1440
4898766000,r,1440
4898766000,r,1440
4898792000,s,1340
4898803000,r,1440
4898803000,r,1440
4898803000,r,1440
4898803000,r,1440
4898803000,r,1440
4898803000,r,1440
4898804000,r,1440
4898804000,r,1440
4898836000,s,1340
4899333000,s,1340
4899384000,s,1340
4899513000,s,1340
4899970000,s,1340
4900063000,s,1340
4900577000,s,1340
4900611000,s,1340
4900622000,s,1340
4900631000,s,1340
4900640000,s,1340
4900651000,s,1340
4900659000,s,1340
4900667000,s,1340
4900676000,s,1340
4900683000,s,1340
4900693000,s,1340
4900701000,s,1340
4900709000,s,1340
4900717000,s,1340
4900725000,s,1340
4900733000,s,1340
4900749000,s,1340
4900756000,s,1340
4900763000,s,1340
4900771000,s,1340
4900780000,s,1340
4900824000,s,1340
4901782000,r,1440
4901782000,r,1440
4901782000,r,1440
4901782000,r,1440
4901783000,r,1440
4901783000,r,1440
4901783000,r,1440
4902368000,s,1340
4902461000,s,1340
4904375000,r,1440
4904376000,r,1440
4906006000,r,1440
4906007000,r,1440
4906287000,s,1340
4907179000,r,1440
4907179000,r,1440
4907179000,r,1440
4907179000,r,1440
4907180000,r,1440
4907180000,r,1440
4907180000,r,1440
4907447000,s,1340
4907923000,s,1340
4908038000,s,1340
4909008000,r,1440
4909008000,r,1440
4909008000,r,1440
4909475000,s,1340
4909881000,s,1340
4918144000,s,1340
4919359000,r,1440
4920030000,s,1340
4921745000,s,1340
4921893000,s,1340
4923010000,r,1440
4935182000,r,1440
4935182000,r,1440
4935683000,r,1440
4936306000,r,1440
4937128000,s,1340
4937301000,s,1340
4937417000,s,1340
4938066000,s,1340
4938721000,r,1440
4938939000,s,1340
4947504000,s,1340
4955855000,r,1440
4956248000,r,1440
4956248000,r,1440
4956631000,r,1440
4956978000,s,1340
4957031000,s,1340
4959216000,r,1440
4959216000,r,1440
4967139000,s,1340
4967645000,r,1440
4967645000,r,1440
4967645000,r,1440
4967645000,r,1440
4967646000,r,1440
4967646000,r,1440
4967646000,r,1440
4967646000,r,1440
4967760000,r,1440
4968281000,s,1340
4968318000,s,1340
4968348000,r,1440
4968718000,s,1340
4968952000,s,1340
4969080000,s,1340
4969200000,s,1340
4969228000,s,1340
4969321000,s,1340
4969763000,s,1340
4969910000,s,1340
4970191000,s,1340
4970322000,s,1340
4970373000,r,1440
4970449000,s,1340
4970722000,s,1340
4970894000,s,1340
4971408000,s,1340
4971482000,s,1340
4971509000,s,1340
4971649000,s,1340
4971715000,s,1340
4972056000,s,1340
4972102000,s,1340
4973561000,s,1340
4973737000,s,1340
4973875000,s,1340
4973999000,s,1340
4974125000,s,1340
4974233000,s,1340
4974336000,s,1340
4974462000,s,1340
4974577000,s,1340
4974865000,s,1340
4974937000,s,1340
4975034000,s,1340
4975124000,s,1340
4975191000,s,1340
4975298000,s,1340
4975435000,s,1340
4975580000,s,1340
4975997000,s,1340
4976148000,s,1340
4976235000,s,1340
4976310000,s,1340
4976381000,s,1340
4976561000,s,1340
4976715000,s,1340
4976845000,s,1340
4976961000,s,1340
4977328000,s,1340
4977464000,s,1340
4977467000,r,1440
4977576000,s,1340
4977699000,s,1340
4977956000,s,1340
4978097000,s,1340
4978221000,s,1340
4978384000,s,1340
4978437000,s,1340
4978597000,s,1340
4978734000,s,1340
4979074000,s,1340
4979169000,s,1340
4979389000,s,1340
4979601000,s,1340
4979705000,s,1340
4979781000,s,1340
4980038000,s,1340
4980178000,s,1340
4980341000,s,1340
4980452000,s,1340
4980529000,s,1340
4980784000,s,1340
4981015000,s,1340
4981116000,s,1340
4981222000,s,1340
4981331000,s,1340
4981412000,s,1340
4982087000,r,1440
4982167000,s,1340
4982730000,s,1340
4982851000,s,1340
4982952000,s,1340
4985710000,r,1440
4985710000,r,1440
4985711000,r,1440
4985711000,r,1440
4985711000,r,1440
4985711000,r,1440
4986583000,s,1340
4986709000,s,1340
4986779000,s,1340
4986841000,s,1340
4986907000,s,1340
4986966000,s,1340
4987100000,r,1440
4987100000,r,1440
4987100000,r,1440
4987100000,r,1440
4987100000,r,1440
4987100000,r,1440
4987100000,r,1440
4987172000,s,1340
4987302000,s,1340
4987347000,s,1340
4987430000,s,1340
4987465000,s,1340
4987506000,s,1340
4987531000,s,1340
4987564000,s,1340
4988157000,r,1440
4988157000,r,1440
4988157000,r,1440
4988157000,r,1440
4988157000,r,1440
4988158000,r,1440
4988158000,r,1440
4989103000,s,1340
4989173000,s,1340
4991604000,r,1440
4997874000,s,1340
4999834000,r,1440
5027746000,s,1340
5028062000,s,1340
5035412000,s,1340
5035593000,s,1340
5050227000,r,1440
5050227000,r,1440
5050227000,r,1440
5050228000,r,1440
5052542000,s,1340
5061610000,s,1340
5089739000,r,1440
5090727000,s,1340
5091413000,r,1440
5092070000,s,1340
5092295000,s,1340
5092428000,s,1340
5092574000,s,1340
5092706000,s,1340
5093050000,s,1340
5093174000,s,1340
5093300000,s,1340
5093396000,s,1340
5093712000,s,1340
5093861000,s,1340
5093987000,s,1340
5094416000,s,1340
5094482000,s,1340
5094500000,s,1340
5095145000,s,1340
5095352000,s,1340
5096141000,s,1340
5096246000,s,1340
5096820000,s,1340
5096918000,s,1340
5097018000,s,1340
5097240000,s,1340
5097394000,s,1340
5097489000,s,1340
5097887000,s,1340
5098032000,s,1340
5098294000,s,1340
5098536000,s,1340
5098601000,s,1340
5098783000,s,1340
5098850000,s,1340
5099551000,s,1340
5099670000,s,1340
5099974000,s,1340
5100125000,s,1340
5100164000,s,1340
5100335000,s,1340
5100395000,s,1340
5100508000,s,1340
5100876000,s,1340
5101003000,s,1340
5101092000,s,1340
5101198000,s,1340
5101419000,s,1340
5101601000,s,1340
5101762000,s,1340
5101926000,s,1340
5102270000,s,1340
5102378000,s,1340
5102617000,s,1340
5102745000,s,1340
5102810000,s,1340
5102974000,s,1340
5103027000,s,1340
5103398000,s,1340
5103491000,s,1340
5103567000,s,1340
5114449000,s,1340
5132731000,s,1340
5142343000,r,1440
5143734000,r,1440
5207940000,r,1440
5207942000,r,1440
5207942000,r,1440
5207943000,r,1440
5208325000,r,1440
5208325000,r,1440
5209704000,s,1340
5209911000,s,1340
5210058000,s,1340
5210172000,s,1340
5210343000,s,1340
5210499000,s,1340
5210655000,s,1340
5210803000,s,1340
5210936000,s,1340
5211085000,s,1340
5211203000,r,1440
5211204000,r,1440
5211204000,r,1440
5211973000,s,1340
5212306000,s,1340
5212435000,s,1340
5212542000,s,1340
5212678000,s,1340
5212801000,s,1340
5212899000,s,1340
5212993000,s,1340
5213080000,s,1340
5213346000,s,1340
5213454000,s,1340
5213671000,s,1340
5213818000,s,1340
5213973000,s,1340
5214019000,s,1340
5214111000,s,1340
5214183000,s,1340
5214214000,r,1440
5214605000,s,1340
5214669000,s,1340
5220596000,r,1440
5220596000,r,1440
5221623000,s,1340
5221700000,s,1340
5225223000,s,1340
5262592000,r,176
6555772000,r,1440
7475984000,r,1440
7475985000,r,1440
7475985000,r,1440
7475986000,r,1440
7475986000,r,1440
7475987000,r,1440
7475987000,r,1440
7475988000,r,1440
7476782000,r,1440
7476782000,r,1440
7476782000,r,1440
7476783000,r,1440
7476783000,r,1440
7476784000,r,1440
7479740000,s,1340
7480319000,s,1340
7480549000,s,1340
7480823000,s,1340
7481032000,s,1340
7481224000,s,1340
7481510000,s,1340
7481732000,s,1340
7481935000,s,1340
7482198000,s,1340
7482401000,s,1340
7482672000,s,1340
7482962000,s,1340
7483165000,s,1340
7483447000,s,1340
7483778000,s,1340
7484166000,s,1340
7484421000,s,1340
7484673000,s,1340
7484949000,s,1340
7485174000,s,1340
7485384000,s,1340
7485581000,s,1340
7485786000,s,1340
7485987000,s,1340
7486244000,s,1340
7486513000,s,1340
7486782000,s,1340
7487028000,s,1340
7487296000,s,1340
7487555000,s,1340
7487802000,s,1340
7488164000,s,1340
7488436000,s,1340
7488696000,s,1340
7488932000,s,1340
7489169000,s,1340
7489407000,s,1340
7489634000,s,1340
7489867000,s,1340
7490051000,s,1340
7490315000,s,1340
7490561000,s,1340
7490789000,s,1340
7491031000,s,1340
7491276000,s,1340
7491405000,r,1440
7491531000,s,1340
7491916000,s,1340
7492184000,s,1340
7492448000,s,1340
7492720000,s,1340
7492955000,s,1340
7493174000,s,1340
7493410000,s,1340
7493692000,s,1340
7494291000,s,1340
7494558000,s,1340
7494813000,s,1340
7495044000,s,1340
7495270000,s,1340
7495453000,r,1440
7495494000,s,1340
7495453000,r,1440
7495453000,r,1440
7495453000,r,1440
7495454000,r,1440
7495454000,r,1440
7495454000,r,1440
7495454000,r,1440
7495686000,r,1440
7495686000,r,1440
7495686000,r,1440
7495687000,r,1440
7495687000,r,1440
7495687000,r,1440
7495687000,r,1440
7495752000,s,1340
7496104000,s,1340
7496393000,s,1340
7496664000,s,1340
7496919000,s,1340
7497179000,s,1340
7497449000,s,1340
7497637000,r,1440
7497743000,s,1340
7497638000,r,1440
7497638000,r,1440
7497639000,r,1440
7497639000,r,1440
7497640000,r,1440
7498024000,s,1340
7498300000,s,1340
7498574000,s,1340
7498852000,s,1340
7499019000,r,1440
7499019000,r,1440
7499020000,r,1440
7499151000,s,1340
7499474000,s,1340
7499648000,s,1340
7499788000,s,1340
7500024000,s,1340
7500198000,s,1340
7500368000,s,1340
7500528000,s,1340
7500620000,s,1340
7500701000,s,1340
7500781000,s,1340
7501354000,s,1340
7501582000,s,1340
7501749000,s,1340
7501872000,s,1340
7501957000,s,1340
7502042000,s,1340
7502133000,s,1340
7502192000,s,1340
7502400000,s,1340
7502438000,r,1440
7502508000,s,1340
7502439000,r,1440
7502439000,r,1440
7502440000,r,1440
7502646000,s,1340
7502769000,s,1340
7502890000,s,1340
7503023000,s,1340
7503140000,r,1440
7503170000,s,1340
7503140000,r,1440
7503141000,r,1440
7503141000,r,1440
7503318000,s,1340
7503719000,s,1340
7504034000,s,1340
7504186000,s,1340
7504325000,s,1340
7504484000,s,1340
7504620000,s,1340
7504773000,s,1340
7504914000,s,1340
7505057000,s,1340
7505167000,s,1340
7505214000,r,1440
7505270000,s,1340
7505414000,s,1340
7505555000,s,1340
7505704000,s,1340
7505837000,s,1340
7506116000,s,1340
7506267000,s,1340
7506409000,s,1340
7506571000,s,1340
7506715000,s,1340
7506846000,s,1340
7507021000,s,1340
7507224000,s,1340
7507433000,s,1340
7507644000,s,1340
7507937000,s,1340
7508152000,s,1340
7508356000,s,1340
7511155000,r,1440
7511156000,r,1440
7511156000,r,1440
7511156000,r,1440
7511157000,r,1440
7512605000,r,1440
7512605000,r,1440
7513284000,s,1340
7513532000,s,1340
7514917000,r,1440
7514917000,r,1440
7514918000,r,1440
7515263000,r,1440
7515264000,r,1440
7515264000,r,1440
7515280000,r,1440
7515280000,r,1440
7515280000,r,1440
7515281000,r,1440
7515281000,r,1440
7515481000,r,1440
7515482000,r,1440
7515482000,r,1440
7515483000,r,1440
7515483000,r,1440
7515483000,r,1440
7515484000,r,1440
7515484000,r,1440
7515604000,r,1440
7516127000,r,1440
7516127000,r,1440
7516127000,r,1440
7516904000,s,1340
7516995000,r,1440
7517089000,s,1340
7517243000,s,1340
7517397000,s,1340
7517538000,s,1340
7517690000,s,1340
7517828000,s,1340
7517963000,r,1440
7517973000,s,1340
7518114000,s,1340
7518254000,s,1340
7518405000,s,1340
7518535000,s,1340
7518676000,s,1340
7518775000,r,1440
7518802000,s,1340
7518776000,r,1440
7518776000,r,1440
7518777000,r,1440
7518957000,s,1340
7519120000,s,1340
7519295000,s,1340
7519449000,s,1340
7519619000,s,1340
7519786000,s,1340
7520029000,s,1340
7520462000,s,1340
7520698000,s,1340
7520887000,s,1340
7521077000,s,1340
7521217000,s,1340
7521346000,s,1340
7521485000,s,1340
7521613000,s,1340
7521764000,s,1340
7521929000,s,1340
7522096000,s,1340
7522290000,s,1340
7522494000,s,1340
7522721000,s,1340
7522909000,s,1340
7523085000,s,1340
7523278000,s,1340
7523340000,r,1440
7523468000,s,1340
7523695000,s,1340
7523989000,s,1340
7524219000,s,1340
7524414000,s,1340
7524591000,s,1340
7526600000,r,1440
7526601000,r,1440
7526601000,r,1440
7526602000,r,1440
7526602000,r,1440
7526603000,r,1440
7528123000,s,1340
7528388000,s,1340
7528977000,r,1440
7528978000,r,1440
7528978000,r,1440
7528979000,r,1440
7528979000,r,1440
7528980000,r,1440
7528980000,r,1440
7530286000,r,1440
7530287000,r,1440
7530287000,r,1440
7530288000,r,1440
7530288000,r,1440
7530289000,r,1440
7530603000,r,1440
7531324000,s,1340
7531902000,s,1340
7532221000,s,1340
7532461000,s,1340
7532912000,s,1340
7533219000,s,1340
7533473000,r,1440
7533473000,r,1440
7533559000,s,1340
7533797000,s,1340
7534027000,s,1340
7534261000,s,1340
7535265000,r,1440
7535266000,r,1440
7536394000,s,1340
7537551000,r,1440
7537552000,r,1440
7538744000,r,1440
7539503000,s,1340
7539976000,s,1340
7543548000,s,1340
10244084000,r,1440
10244084000,r,1440
10244085000,r,1440
10244085000,r,1440
10244086000,r,1440
10244086000,r,1440
10248392000,s,1340
10249364000,s,1340
10249691000,s,1340
10384289000,r,176
11368116000,r,1440
14648442000,r,1440
15871002000,r,176
17318942000,s,1340
17423004000,r,1440
17423005000,r,1440
17423005000,r,1440
17423006000,r,1440
17426915000,s,1340
17427387000,s,1340
17430858000,s,1340
17437152000,s,1340
17440324000,r,1440
17443918000,r,1440
17447776000,r,1440
17447777000,r,1440
17447777000,r,1440
17447778000,r,1440
17450431000,s,1340
17450761000,s,1340
17976025000,r,1440
21200089000,r,176
21200089000,r,1440
22636103000,r,1440
23396661000,s,1340
23435390000,s,1340
23435873000,s,1340
23436066000,s,1340
23436103000,s,1340
23436129000,s,1340
23448008000,r,1440
23465700000,r,1440
23465701000,r,1440
23465701000,r,1440
23465702000,r,1440
23469305000,s,1340
23469838000,r,1440
23469838000,r,1440
23469839000,r,1440
23469839000,r,1440
23469840000,r,1440
23469840000,r,1440
23469841000,r,1440
23472123000,s,1340
23472896000,r,1440
23472945000,s,1340
23472896000,r,1440
23472897000,r,1440
23473336000,s,1340
23473566000,s,1340
23474420000,s,1340
23474797000,s,1340
23475005000,s,1340
23475287000,s,1340
23475493000,s,1340
23475780000,s,1340
23476137000,s,1340
23476397000,s,1340
23478214000,s,1340
23478544000,s,1340
23478924000,s,1340
23479201000,s,1340
23479483000,s,1340
23479777000,s,1340
23480140000,s,1340
23480426000,s,1340
23480913000,s,1340
23481188000,s,1340
23481474000,s,1340
23481764000,s,1340
23482029000,s,1340
23482297000,s,1340
23482583000,s,1340
23482845000,s,1340
23483103000,s,1340
23483361000,s,1340
23483634000,s,1340
23483989000,s,1340
23484291000,s,1340
23484562000,s,1340
23484861000,s,1340
23485130000,s,1340
23485388000,s,1340
23485666000,s,1340
23485968000,s,1340
23486239000,s,1340
23486490000,s,1340
23486756000,s,1340
23487051000,s,1340
23487328000,s,1340
23487611000,s,1340
23488002000,s,1340
23488285000,s,1340
23488550000,s,1340
23488814000,s,1340
23489097000,s,1340
23489361000,s,1340
23489624000,s,1340
23489897000,s,1340
23490177000,s,1340
23490415000,s,1340
23490646000,s,1340
23490933000,s,1340
23491534000,s,1340
23491883000,r,1440
23492820000,s,1340
23493154000,s,1340
23493431000,s,1340
23493685000,s,1340
23493941000,s,1340
23494186000,s,1340
23494455000,s,1340
23494691000,s,1340
23494954000,s,1340
23495201000,s,1340
23495467000,s,1340
23495590000,r,1440
23495714000,s,1340
23495591000,r,1440
23496066000,s,1340
23496270000,s,1340
23496483000,s,1340
23496672000,s,1340
23496850000,s,1340
23497028000,s,1340
23497195000,s,1340
23497438000,s,1340
23497712000,s,1340
23497936000,s,1340
23498164000,s,1340
23498400000,s,1340
23498662000,s,1340
23498901000,s,1340
23499130000,s,1340
23499376000,s,1340
23499552000,r,1440
23499605000,s,1340
23499552000,r,1440
23499943000,s,1340
23499553000,r,1440
23500192000,s,1340
23500449000,s,1340
23500694000,s,1340
23500987000,s,1340
23501251000,s,1340
23501500000,s,1340
23501735000,s,1340
23501992000,s,1340
23502157000,r,1440
23502216000,s,1340
23502457000,s,1340
23502692000,s,1340
23502967000,s,1340
23503087000,r,1440
23503239000,s,1340
23503504000,s,1340
23503756000,s,1340
23504134000,s,1340
23504451000,s,1340
23504787000,s,1340
23505158000,s,1340
23505444000,s,1340
23505680000,s,1340
23505932000,s,1340
23506195000,s,1340
23506462000,s,1340
23506476000,r,1440
23506476000,r,1440
23506736000,s,1340
23506987000,s,1340
23507251000,s,1340
23507546000,s,1340
23507889000,s,1340
23508168000,s,1340
23508466000,s,1340
23508780000,s,1340
23509062000,s,1340
23509332000,s,1340
23509580000,s,1340
23509834000,s,1340
23510080000,s,1340
23510356000,s,1340
23510565000,r,1440
23510609000,s,1340
23510566000,r,1440
23510566000,r,1440
23510870000,s,1340
23511142000,s,1340
23511459000,s,1340
23511764000,s,1340
23512139000,s,1340
23512408000,s,1340
23512689000,s,1340
23512971000,s,1340
23513186000,r,1440
23513236000,s,1340
23513186000,r,1440
23514705000,r,1440
23515035000,r,1440
23515132000,s,1340
23518261000,r,1440
23518262000,r,1440
23518733000,r,1440
23519370000,s,1340
23520412000,s,1340
23525191000,r,1440
23555321000,s,1340
23565863000,r,1440
23565864000,r,1440
23565864000,r,1440
23568475000,s,1340
25400479000,r,1440
26304365000,r,176