0,s,1340
37841000,s,1340
38286000,s,1340
57757000,r,1440
59239000,r,1440
59240000,r,1440
61360000,s,1340
2184083000,s,1340
2234077000,s,1340
2234533000,s,1340
2234644000,s,1340
2253743000,r,1440
2256291000,r,1440
2258107000,s,1340
2259487000,r,1440
2259487000,r,1440
2260568000,r,1440
2260568000,r,1440
2261224000,s,1340
2262121000,r,1440
2262121000,r,1440
2262925000,s,1340
2263552000,r,1440
2263718000,s,1340
2263865000,s,1340
2265065000,r,1440
2265883000,s,1340
2266210000,s,1340
2267765000,s,1340
2271891000,r,1440
2271892000,r,1440
2274368000,r,1440
2274368000,r,1440
2275519000,s,1340
2275583000,r,1440
2275708000,s,1340
2276354000,s,1340
2276532000,s,1340
2276666000,r,1440
2276684000,s,1340
2276849000,s,1340
2276929000,r,1440
2277164000,s,1340
2277366000,s,1340
2277513000,s,1340
2278015000,s,1340
2279227000,r,1440
2279254000,r,1440
2280540000,r,1440
2280540000,r,1440
2280826000,r,1440
2280854000,s,1340
2281384000,s,1340
2283399000,r,1440
2283399000,r,1440
2283400000,r,1440
2283400000,r,1440
2284291000,s,1340
2285285000,r,1440
2285285000,r,1440
2285922000,s,1340
2286772000,s,1340
2286843000,s,1340
2287040000,r,1440
2287041000,r,1440
2287041000,r,1440
2287319000,r,1440
2287681000,s,1340
2287926000,s,1340
2287988000,s,1340
2288021000,s,1340
2288251000,s,1340
2288520000,s,1340
2288711000,s,1340
2288895000,s,1340
2289059000,s,1340
2289218000,s,1340
2289537000,s,1340
2289775000,s,1340
2289929000,s,1340
2290069000,s,1340
2290215000,s,1340
2290375000,s,1340
2290527000,s,1340
2290677000,s,1340
2290820000,s,1340
2291197000,s,1340
2291367000,s,1340
2291531000,r,1440
2291754000,s,1340
2291968000,s,1340
2292160000,s,1340
2292384000,s,1340
2292924000,s,1340
2293152000,s,1340
2293501000,r,1440
2293694000,r,1440
2293772000,s,1340
2294031000,s,1340
2294438000,s,1340
2294690000,s,1340
2294919000,s,1340
2294975000,r,1440
2294976000,r,1440
2296166000,s,1340
2296470000,s,1340
2297123000,s,1340
2297373000,s,1340
2297382000,r,1440
2297383000,r,1440
2297383000,r,1440
2298011000,s,1340
2298244000,s,1340
2298515000,r,1440
2298604000,s,1340
2298851000,s,1340
2299096000,s,1340
2299321000,s,1340
2299532000,s,1340
2299747000,s,1340
2299965000,s,1340
2300117000,s,1340
2300260000,s,1340
2300388000,s,1340
2300714000,s,1340
2300847000,s,1340
2300959000,s,1340
2301014000,r,1440
2301067000,s,1340
2301177000,s,1340
2301285000,s,1340
2301710000,s,1340
2301849000,s,1340
2301965000,s,1340
2302012000,r,1440
2302074000,s,1340
2302013000,r,1440
2302186000,s,1340
2302326000,s,1340
2302415000,s,1340
2302440000,s,1340
2302918000,s,1340
2303050000,s,1340
2303124000,s,1340
2303181000,s,1340
2303236000,s,1340
2303290000,s,1340
2303539000,r,1440
2303698000,s,1340
2303758000,s,1340
2304043000,s,1340
2304237000,s,1340
2305277000,s,1340
2305368000,s,1340
2305410000,s,1340
2306027000,s,1340
2306224000,s,1340
2306414000,s,1340
2306630000,s,1340
2306968000,s,1340
2307171000,s,1340
2307355000,s,1340
2307544000,s,1340
2307625000,r,1440
2307625000,r,1440
2307897000,s,1340
2308114000,s,1340
2308308000,s,1340
2308487000,s,1340
2308733000,s,1340
2308926000,r,1440
2308927000,r,1440
2310967000,r,1440
2310967000,r,1440
2311306000,s,1340
2313703000,r,1440
2313960000,s,1340
2316265000,r,1440
2316265000,r,1440
2316265000,r,1440
2316265000,r,1440
2316265000,r,1440
2316332000,r,1440
2316332000,r,1440
2316332000,r,1440
2316332000,r,1440
2316333000,r,1440
2316854000,s,1340
2317122000,s,1340
2317264000,s,1340
2317998000,s,1340
2318136000,s,1340
2318177000,s,1340
2318206000,s,1340
2318225000,s,1340
2321448000,r,1440
2322709000,s,1340
2325034000,r,1440
2325034000,r,1440
2326605000,r,1440
2326605000,r,1440
2326605000,r,1440
2327837000,s,1340
2327955000,s,1340
2329185000,r,1440
2329185000,r,1440
2329186000,r,1440
2330176000,s,1340
2332650000,r,1440
2332651000,r,1440
2332651000,r,1440
2333790000,s,1340
2333889000,s,1340
2334342000,r,1440
2337928000,s,1340
2341824000,r,1440
2361815000,s,1340
2361947000,s,1340
2362286000,s,1340
2362382000,s,1340
2371095000,s,1340
2372102000,s,1340
2372433000,s,1340
2372492000,s,1340
2373609000,r,1440
2375344000,r,1440
2375344000,r,1440
2375344000,r,1440
2376527000,s,1340
2376652000,s,1340
2376879000,s,1340
2376986000,s,1340
2377052000,r,1440
2377244000,s,1340
2377360000,s,1340
2377447000,s,1340
2377600000,s,1340
2378778000,r,1440
2380186000,r,1440
2380549000,s,1340
2383177000,r,1440
2384049000,s,1340
2385148000,s,1340
2385267000,s,1340
2387318000,r,1440
2387318000,r,1440
2387318000,r,1440
2387318000,r,1440
2387319000,r,1440
2387319000,r,1440
2387319000,r,1440
2387319000,r,1440
2387423000,r,1440
2387423000,r,1440
2387423000,r,1440
2387423000,r,1440
2387423000,r,1440
2387424000,r,1440
2387666000,s,1340
2387736000,s,1340
2387852000,r,1440
2387852000,r,1440
2387853000,r,1440
2387853000,r,1440
2387853000,r,1440
2387853000,r,1440
2387980000,s,1340
2388266000,s,1340
2388563000,s,1340
2388704000,s,1340
2388827000,s,1340
2388945000,s,1340
2389071000,s,1340
2389146000,r,1440
2389146000,r,1440
2389146000,r,1440
2389146000,r,1440
2389146000,r,1440
2389189000,s,1340
2389308000,s,1340
2389423000,s,1340
2389560000,s,1340
2389808000,s,1340
2389964000,s,1340
2390099000,s,1340
2390232000,s,1340
2390358000,s,1340
2390488000,s,1340
2390621000,s,1340
2390747000,s,1340
2390963000,s,1340
2391086000,s,1340
2391208000,s,1340
2391332000,s,1340
2391460000,s,1340
2391586000,s,1340
2391711000,s,1340
2391832000,s,1340
2392786000,r,1440
2392786000,r,1440
2392786000,r,1440
2393394000,s,1340
2393471000,s,1340
2394773000,r,1440
2394774000,r,1440
2399591000,r,1440
2399591000,r,1440
2399592000,r,1440
2400183000,r,1440
2400183000,r,1440
2400183000,r,1440
2400183000,r,1440
2400183000,r,1440
2400184000,r,1440
2400265000,s,1340
2400184000,r,1440
2400184000,r,1440
2400296000,r,1440
2400297000,r,1440
2400297000,r,1440
2400297000,r,1440
2400297000,r,1440
2400297000,r,1440
2400297000,r,1440
2400298000,r,1440
2400386000,s,1340
2400429000,r,1440
2400429000,r,1440
2400429000,r,1440
2400429000,r,1440
2400429000,r,1440
2400485000,s,1340
2400760000,s,1340
2400824000,s,1340
2400951000,s,1340
2401049000,s,1340
2401109000,s,1340
2401165000,s,1340
2401419000,s,1340
2401479000,r,1440
2401534000,s,1340
2401480000,r,1440
2401480000,r,1440
2401620000,s,1340
2401739000,s,1340
2401810000,s,1340
2401931000,s,1340
2402028000,s,1340
2402123000,s,1340
2402222000,s,1340
2402349000,s,1340
2402469000,s,1340
2402629000,s,1340
2402854000,s,1340
2405422000,r,1440
2405422000,r,1440
2405422000,r,1440
2405423000,r,1440
2405423000,r,1440
2405423000,r,1440
2405423000,r,1440
2405423000,r,1440
2405949000,r,1440
2405950000,r,1440
2406113000,s,1340
2406376000,s,1340
2406794000,s,1340
2406951000,s,1340
2407087000,s,1340
2407245000,s,1340
2407323000,s,1340
2407393000,s,1340
2407487000,r,1440
2407487000,r,1440
2407487000,r,1440
2407487000,r,1440
2407487000,r,1440
2407488000,r,1440
2407488000,r,1440
2407488000,r,1440
2407562000,r,1440
2407562000,r,1440
2407563000,r,1440
2407563000,r,1440
2407563000,r,1440
2407743000,s,1340
2407798000,s,1340
2407928000,s,1340
2408068000,s,1340
2408187000,s,1340
2408312000,s,1340
2408581000,s,1340
2408644000,s,1340
2408677000,s,1340
2408695000,s,1340
2408711000,s,1340
2409036000,s,1340
2409194000,s,1340
2409330000,s,1340
2409455000,s,1340
2409576000,s,1340
2409745000,s,1340
2409851000,s,1340
2409942000,s,1340
2410023000,s,1340
2410108000,s,1340
2410193000,s,1340
2410277000,s,1340
2410464000,s,1340
2410574000,s,1340
2410888000,s,1340
2411012000,s,1340
2411296000,s,1340
2411627000,s,1340
2411755000,s,1340
2411867000,s,1340
2411988000,s,1340
2412258000,s,1340
2412389000,s,1340
2412651000,s,1340
2412772000,s,1340
2412995000,s,1340
2413122000,s,1340
2413372000,s,1340
2413487000,s,1340
2413763000,s,1340
2413861000,s,1340
2413930000,s,1340
2414091000,s,1340
2414138000,s,1340
2414278000,s,1340
2414717000,s,1340
2414819000,s,1340
2414919000,s,1340
2415137000,s,1340
2415258000,s,1340
2415575000,s,1340
2415671000,s,1340
2415878000,s,1340
2415909000,r,1440
2415976000,s,1340
2415909000,r,1440
2415909000,r,1440
2415909000,r,1440
2415909000,r,1440
2415909000,r,1440
2415910000,r,1440
2415910000,r,1440
2416040000,r,1440
2416040000,r,1440
2416040000,r,1440
2416065000,s,1340
2416289000,s,1340
2416347000,s,1340
2416398000,s,1340
2416563000,s,1340
2416670000,s,1340
2416761000,s,1340
2416838000,s,1340
2416905000,s,1340
2416975000,s,1340
2417061000,r,1440
2417061000,r,1440
2417061000,r,1440
2417061000,r,1440
2417062000,r,1440
2417062000,r,1440
2417062000,r,1440
2417062000,r,1440
2417156000,s,1340
2417181000,r,1440
2417181000,r,1440
2417181000,r,1440
2417182000,r,1440
2417182000,r,1440
2417182000,r,1440
2417182000,r,1440
2417182000,r,1440
2417243000,r,1440
2417243000,r,1440
2417243000,r,1440
2417243000,r,1440
2417243000,r,1440
2417244000,r,1440
2417244000,r,1440
2417244000,r,1440
2417294000,r,1440
2417295000,r,1440
2417378000,s,1340
2417545000,s,1340
2417764000,s,1340
2417935000,s,1340
2418103000,s,1340
2418283000,s,1340
2418465000,s,1340
2418600000,s,1340
2418686000,s,1340
2419390000,s,1340
2419543000,s,1340
2419642000,s,1340
2419713000,s,1340
2419775000,s,1340
2419837000,s,1340
2419934000,s,1340
2420038000,s,1340
2420145000,s,1340
2420270000,s,1340
2420374000,s,1340
2420494000,s,1340
2420602000,s,1340
2420704000,s,1340
2420810000,s,1340
2420918000,s,1340
2421006000,r,1440
2421018000,s,1340
2421094000,s,1340
2421006000,r,1440
2421006000,r,1440
2421007000,r,1440
2421007000,r,1440
2421007000,r,1440
2421007000,r,1440
2421007000,r,1440
2421179000,r,1440
2421179000,r,1440
2421179000,r,1440
2421180000,r,1440
2421180000,r,1440
2421180000,r,1440
2421180000,r,1440
2421210000,s,1340
2421180000,r,1440
2421230000,r,1440
2421230000,r,1440
2421231000,r,1440
2421336000,s,1340
2421422000,s,1340
2421516000,s,1340
2421616000,s,1340
2421805000,s,1340
2421892000,s,1340
2421973000,s,1340
2422100000,s,1340
2422182000,s,1340
2422282000,s,1340
2422408000,s,1340
2422536000,s,1340
2422629000,s,1340
2422715000,s,1340
2422798000,s,1340
2422884000,s,1340
2422962000,s,1340
2423041000,s,1340
2423151000,s,1340
2423262000,s,1340
2423372000,s,1340
2423490000,s,1340
2423602000,s,1340
2423721000,s,1340
2423834000,s,1340
2423952000,s,1340
2424059000,s,1340
2424154000,s,1340
2424273000,s,1340
2424390000,s,1340
2424643000,s,1340
2424777000,s,1340
2425083000,s,1340
2425222000,s,1340
2425486000,s,1340
2425556000,s,1340
2425587000,s,1340
2425754000,s,1340
2425891000,s,1340
2426025000,s,1340
2426298000,s,1340
2426422000,s,1340
2426737000,s,1340
2426946000,s,1340
2427063000,s,1340
2427165000,s,1340
2427223000,r,1440
2427223000,r,1440
2427224000,r,1440
2427224000,r,1440
2429707000,r,1440
2429707000,r,1440
2429708000,r,1440
2429708000,r,1440
2429708000,r,1440
2429708000,r,1440
2429708000,r,1440
2429709000,r,1440
2429828000,r,1440
2429828000,r,1440
2429828000,r,1440
2429828000,r,1440
2429828000,r,1440
2429829000,r,1440
2429829000,r,1440
2429829000,r,1440
2429893000,r,1440
2429893000,r,1440
2429893000,r,1440
2429893000,r,1440
2429894000,r,1440
2429894000,r,1440
2429894000,r,1440
2429894000,r,1440
2431540000,s,1340
2431631000,s,1340
2431649000,s,1340
2431662000,s,1340
2431679000,s,1340
2432010000,s,1340
2432051000,s,1340
2432069000,s,1340
2432826000,s,1340
2433084000,s,1340
2433134000,s,1340
2433152000,s,1340
2433165000,s,1340
2433177000,s,1340
2433583000,s,1340
2433683000,s,1340
2433708000,s,1340
2433722000,s,1340
2433735000,s,1340
2433747000,s,1340
2433758000,s,1340
2434690000,r,1440
2434690000,r,1440
2434690000,r,1440
2434690000,r,1440
2434690000,r,1440
2434691000,r,1440
2434691000,r,1440
2434691000,r,1440
2434821000,r,1440
2434821000,r,1440
2434821000,r,1440
2434821000,r,1440
2434822000,r,1440
2434822000,r,1440
2434822000,r,1440
2434822000,r,1440
2434865000,r,1440
2434865000,r,1440
2434865000,r,1440
2434865000,r,1440
2434865000,r,1440
2434865000,r,1440
2434865000,r,1440
2434866000,r,1440
2434905000,r,1440
2434905000,r,1440
2434905000,r,1440
2434905000,r,1440
2434905000,r,1440
2434905000,r,1440
2434905000,r,1440
2434906000,r,1440
2434941000,r,1440
2434941000,r,1440
2434941000,r,1440
2434941000,r,1440
2434941000,r,1440
2434941000,r,1440
2434941000,r,1440
2434941000,r,1440
2434976000,r,1440
2434976000,r,1440
2434976000,r,1440
2434976000,r,1440
2434976000,r,1440
2434976000,r,1440
2434976000,r,1440
2434976000,r,1440
2435006000,r,1440
2435006000,r,1440
2435019000,r,1440
2435019000,r,1440
2435616000,s,1340
2436147000,s,1340
2436194000,s,1340
2436222000,s,1340
2436398000,s,1340
2436478000,s,1340
2436506000,s,1340
2436532000,s,1340
2436554000,s,1340
2436576000,s,1340
2436599000,s,1340
2436624000,s,1340
2436641000,s,1340
2436656000,s,1340
2436673000,s,1340
2436687000,s,1340
2436700000,s,1340
2436712000,s,1340
2436730000,s,1340
2436745000,s,1340
2436759000,s,1340
2436773000,s,1340
2436794000,s,1340
2436808000,s,1340
2436824000,s,1340
2436839000,s,1340
2437309000,r,1440
2437309000,r,1440
2437309000,r,1440
2437309000,r,1440
2437309000,r,1440
2437309000,r,1440
2437309000,r,1440
2437309000,r,1440
2437433000,r,1440
2437433000,r,1440
2437433000,r,1440
2437433000,r,1440
2437433000,r,1440
2437434000,r,1440
2437434000,r,1440
2437434000,r,1440
2437478000,r,1440
2437479000,r,1440
2437479000,r,1440
2437479000,r,1440
2437479000,r,1440
2437479000,r,1440
2437813000,s,1340
2437858000,s,1340
2437871000,s,1340
2437880000,s,1340
2437891000,s,1340
2437925000,s,1340
2438145000,s,1340
2438206000,s,1340
2438264000,s,1340
2438427000,s,1340
2438463000,s,1340
2438477000,s,1340
2438710000,s,1340
2438759000,s,1340
2438776000,s,1340
2438788000,s,1340
2438798000,s,1340
2438808000,s,1340
2444033000,r,1440
2444033000,r,1440
2444033000,r,1440
2444033000,r,1440
2444585000,r,1440
2444585000,r,1440
2444585000,r,1440
2444585000,r,1440
2444586000,r,1440
2444586000,r,1440
2444586000,r,1440
2444587000,r,1440
2444741000,r,1440
2444911000,s,1340
2445221000,s,1340
2445335000,s,1340
2445420000,s,1340
2445482000,s,1340
2445576000,s,1340
2445633000,s,1340
2445752000,s,1340
2447973000,r,1440
2447973000,r,1440
2447973000,r,1440
2447973000,r,1440
2447974000,r,1440
2447974000,r,1440
2447974000,r,1440
2447974000,r,1440
2448091000,r,1440
2448091000,r,1440
2448091000,r,1440
2448091000,r,1440
2448092000,r,1440
2448092000,r,1440
2448092000,r,1440
2448092000,r,1440
2448153000,r,1440
2448153000,r,1440
2448153000,r,1440
2448153000,r,1440
2448153000,r,1440
2448154000,r,1440
2448154000,r,1440
2448154000,r,1440
2448209000,r,1440
2448209000,r,1440
2448209000,r,1440
2448209000,r,1440
2448210000,r,1440
2448210000,r,1440
2448807000,s,1340
2448886000,s,1340
2448917000,s,1340
2448956000,s,1340
2448973000,s,1340
2449018000,s,1340
2449334000,s,1340
2450392000,r,1440
2450392000,r,1440
2450392000,r,1440
2450393000,r,1440
2450393000,r,1440
2450393000,r,1440
2450393000,r,1440
2450393000,r,1440
2450542000,r,1440
2450542000,r,1440
2450542000,r,1440
2450542000,r,1440
2450543000,r,1440
2450582000,r,1440
2450582000,r,1440
2450583000,r,1440
2450583000,r,1440
2450583000,r,1440
2450583000,r,1440
2451220000,s,1340
2451451000,s,1340
2452004000,s,1340
2452034000,s,1340
2452049000,s,1340
2452074000,s,1340
2452087000,s,1340
2452099000,s,1340
2452111000,s,1340
2452123000,s,1340
2452134000,s,1340
2452145000,s,1340
2452157000,s,1340
2452152000,r,1440
2452168000,s,1340
2452180000,s,1340
2452197000,s,1340
2452214000,s,1340
2452152000,r,1440
2452152000,r,1440
2452228000,s,1340
2452153000,r,1440
2452153000,r,1440
2452241000,s,1340
2452153000,r,1440
2452153000,r,1440
2452254000,s,1340
2452153000,r,1440
2452266000,s,1340
2452275000,r,1440
2452280000,s,1340
2452276000,r,1440
2452276000,r,1440
2452292000,s,1340
2452276000,r,1440
2452276000,r,1440
2452276000,r,1440
2452276000,r,1440
2452277000,r,1440
2452326000,r,1440
2452326000,r,1440
2452326000,r,1440
2452326000,r,1440
2452327000,r,1440
2452327000,r,1440
2452327000,r,1440
2452327000,r,1440
2453339000,s,1340
2453393000,s,1340
2453671000,s,1340
2453746000,s,1340
2453767000,s,1340
2453788000,s,1340
2453799000,s,1340
2453811000,s,1340
2453821000,s,1340
2453831000,s,1340
2453842000,s,1340
2453853000,s,1340
2453862000,s,1340
2453872000,s,1340
2453882000,s,1340
2453918000,s,1340
2453930000,s,1340
2453966000,s,1340
2454002000,s,1340
2454054000,s,1340
2454068000,s,1340
2454101000,s,1340
2454296000,r,1440
2454296000,r,1440
2454296000,r,1440
2454297000,r,1440
2454297000,r,1440
2454297000,r,1440
2454297000,r,1440
2454297000,r,1440
2454397000,r,1440
2454397000,r,1440
2454397000,r,1440
2454397000,r,1440
2454398000,r,1440
2454398000,r,1440
2454398000,r,1440
2454398000,r,1440
2454443000,r,1440
2455114000,s,1340
2455213000,s,1340
2455250000,s,1340
2455277000,s,1340
2455326000,s,1340
2455357000,s,1340
2455372000,s,1340
2455385000,s,1340
2455412000,s,1340
2455426000,s,1340
2455447000,s,1340
2455621000,s,1340
2455655000,s,1340
2455676000,s,1340
2455757000,s,1340
2455803000,s,1340
2456102000,s,1340
2456229000,s,1340
2456330000,s,1340
2456427000,s,1340
2456527000,s,1340
2456649000,s,1340
2456746000,s,1340
2456839000,s,1340
2456943000,s,1340
2457051000,s,1340
2457150000,s,1340
2457239000,s,1340
2457335000,s,1340
2457424000,s,1340
2457510000,s,1340
2457593000,s,1340
2457757000,s,1340
2457850000,s,1340
2457947000,s,1340
2458049000,s,1340
2458155000,s,1340
2459971000,r,1440
2464618000,r,1440
2464619000,r,1440
2464619000,r,1440
2464619000,r,1440
2464619000,r,1440
2464619000,r,1440
2464619000,r,1440
2465689000,s,1340
2466297000,s,1340
2467270000,r,1440
2467639000,s,1340
2467689000,s,1340
2474695000,r,1440
2476272000,s,1340
2476341000,s,1340
2476440000,r,1440
2476617000,s,1340
2476757000,s,1340
2476876000,s,1340
2476992000,s,1340
2478075000,r,1440
2478075000,r,1440
2478248000,s,1340
2479893000,r,1440
2479893000,r,1440
2480459000,s,1340
2480873000,r,1440
2481447000,s,1340
2483788000,r,1440
2484789000,r,1440
2488112000,r,1440
2488112000,r,1440
2488112000,r,1440
2489145000,s,1340
2489348000,s,1340
2490260000,r,1440
2490260000,r,1440
2490817000,s,1340
2493550000,r,1440
2493550000,r,1440
2493550000,r,1440
2493550000,r,1440
2494277000,s,1340
2494325000,r,1440
2494325000,r,1440
2494353000,s,1340
2494325000,r,1440
2494370000,s,1340
2494383000,s,1340
2494631000,s,1340
2494680000,s,1340
2494974000,s,1340
2495103000,s,1340
2495201000,s,1340
2495409000,s,1340
2495667000,s,1340
2495800000,r,1440
2495847000,s,1340
2495800000,r,1440
2495801000,r,1440
2495916000,s,1340
2495961000,s,1340
2496008000,s,1340
2496230000,s,1340
2496349000,s,1340
2496447000,s,1340
2496530000,s,1340
2496549000,r,1440
2496549000,r,1440
2496549000,r,1440
2496549000,r,1440
2496549000,r,1440
2496549000,r,1440
2496549000,r,1440
2496549000,r,1440
2496638000,r,1440
2496638000,r,1440
2496638000,r,1440
2496638000,r,1440
2496639000,r,1440
2496639000,r,1440
2496639000,r,1440
2496639000,r,1440
2496677000,r,1440
2496677000,r,1440
2496677000,r,1440
2496677000,r,1440
2496678000,r,1440
2496678000,r,1440
2496709000,r,1440
2496711000,s,1340
2496709000,r,1440
2496709000,r,1440
2496709000,r,1440
2496710000,r,1440
2496710000,r,1440
2496861000,s,1340
2497016000,s,1340
2497110000,s,1340
2497205000,s,1340
2497273000,r,1440
2497294000,s,1340
2497274000,r,1440
2497274000,r,1440
2497333000,r,1440
2497333000,r,1440
2497334000,r,1440
2497389000,s,1340
2497475000,s,1340
2497569000,s,1340
2497697000,s,1340
2497791000,s,1340
2497851000,r,1440
2497882000,s,1340
2497851000,r,1440
2497852000,r,1440
2497852000,r,1440
2497852000,r,1440
2497852000,r,1440
2497969000,s,1340
2498054000,s,1340
2498137000,s,1340
2498222000,s,1340
2498312000,s,1340
2498406000,s,1340
2498509000,s,1340
2498615000,s,1340
2498719000,s,1340
2498818000,s,1340
2498907000,s,1340
2499006000,s,1340
2499206000,s,1340
2499291000,s,1340
2499375000,s,1340
2499468000,s,1340
2499663000,s,1340
2499758000,s,1340
2499853000,s,1340
2499923000,s,1340
2500014000,s,1340
2500109000,s,1340
2500205000,s,1340
2500297000,s,1340
2500388000,s,1340
2500451000,s,1340
2500532000,s,1340
2500610000,s,1340
2500671000,s,1340
2500734000,s,1340
2500793000,s,1340
2500852000,s,1340
2500911000,s,1340
2501078000,s,1340
2501158000,s,1340
2501299000,s,1340
2501409000,s,1340
2501561000,s,1340
2501793000,s,1340
2501936000,s,1340
2502063000,s,1340
2502148000,s,1340
2502231000,s,1340
2502309000,s,1340
2502342000,r,1440
2502384000,s,1340
2502342000,r,1440
2502343000,r,1440
2502343000,r,1440
2502343000,r,1440
2502343000,r,1440
2502343000,r,1440
2502343000,r,1440
2502457000,s,1340
2502465000,r,1440
2502466000,r,1440
2502466000,r,1440
2502466000,r,1440
2502466000,r,1440
2502466000,r,1440
2502466000,r,1440
2502466000,r,1440
2502505000,r,1440
2502505000,r,1440
2502505000,r,1440
2502505000,r,1440
2502506000,r,1440
2502506000,r,1440
2502506000,r,1440
2502506000,r,1440
2502534000,s,1340
2502547000,r,1440
2502547000,r,1440
2502547000,r,1440
2502548000,r,1440
2502548000,r,1440
2502548000,r,1440
2502548000,r,1440
2502548000,r,1440
2502587000,r,1440
2502587000,r,1440
2502587000,r,1440
2502587000,r,1440
2502588000,r,1440
2502588000,r,1440
2502588000,r,1440
2502610000,s,1340
2502588000,r,1440
2502627000,r,1440
2502627000,r,1440
2502627000,r,1440
2502627000,r,1440
2502627000,r,1440
2502627000,r,1440
2502628000,r,1440
2502628000,r,1440
2502667000,r,1440
2502667000,r,1440
2502667000,r,1440
2502667000,r,1440
2502668000,r,1440
2502668000,r,1440
2502668000,r,1440
2502668000,r,1440
2502701000,r,1440
2503207000,s,1340
2503264000,r,1440
2503264000,r,1440
2503264000,r,1440
2503264000,r,1440
2503264000,r,1440
2503265000,r,1440
2503265000,r,1440
2503265000,r,1440
2503315000,s,1340
2503389000,s,1340
2503462000,s,1340
2503642000,s,1340
2503750000,s,1340
2503831000,s,1340
2503906000,s,1340
2503979000,s,1340
2504058000,s,1340
2504133000,s,1340
2504206000,s,1340
2504275000,s,1340
2504349000,s,1340
2504423000,s,1340
2504498000,s,1340
2504678000,s,1340
2504761000,s,1340
2504866000,s,1340
2504942000,s,1340
2505020000,s,1340
2505094000,s,1340
2505170000,s,1340
2505224000,s,1340
2505277000,s,1340
2505331000,s,1340
2505402000,s,1340
2505480000,s,1340
2505550000,s,1340
2505617000,s,1340
2505722000,s,1340
2505794000,s,1340
2505867000,s,1340
2505946000,s,1340
2506014000,s,1340
2506088000,s,1340
2506158000,s,1340
2506228000,s,1340
2506298000,s,1340
2506368000,s,1340
2506439000,s,1340
2506508000,s,1340
2506563000,s,1340
2506608000,s,1340
2506680000,s,1340
2506750000,s,1340
2506824000,s,1340
2506897000,s,1340
2506965000,s,1340
2507029000,s,1340
2507099000,s,1340
2507167000,s,1340
2507229000,s,1340
2507289000,s,1340
2507360000,s,1340
2507443000,s,1340
2507531000,s,1340
2507616000,s,1340
2507695000,s,1340
2507772000,s,1340
2507850000,s,1340
2507931000,s,1340
2508015000,s,1340
2513072000,r,1440
2513072000,r,1440
2513072000,r,1440
2513072000,r,1440
2513072000,r,1440
2513955000,s,1340
2514048000,s,1340
2517677000,r,1440
2517678000,r,1440
2517678000,r,1440
2517678000,r,1440
2517678000,r,1440
2517678000,r,1440
2517678000,r,1440
2517678000,r,1440
2517773000,r,1440
2517773000,r,1440
2517773000,r,1440
2517773000,r,1440
2517773000,r,1440
2517773000,r,1440
2517773000,r,1440
2517774000,r,1440
2517805000,r,1440
2517805000,r,1440
2517805000,r,1440
2517805000,r,1440
2517806000,r,1440
2518318000,s,1340
2518363000,s,1340
2518398000,s,1340
2518408000,s,1340
2518415000,s,1340
2518422000,s,1340
2518431000,s,1340
2518665000,s,1340
2518891000,s,1340
2519021000,s,1340
2519074000,r,1440
2519074000,r,1440
2519074000,r,1440
2519074000,r,1440
2519074000,r,1440
2519074000,r,1440
2519074000,r,1440
2519075000,r,1440
2519159000,r,1440
2519159000,r,1440
2519159000,r,1440
2519159000,r,1440
2519159000,r,1440
2519159000,r,1440
2519160000,r,1440
2519160000,r,1440
2519192000,r,1440
2519192000,r,1440
2519393000,r,1440
2519393000,r,1440
2519393000,r,1440
2519393000,r,1440
2519393000,r,1440
2519394000,r,1440
2519717000,r,1440
2519717000,r,1440
2519717000,r,1440
2519903000,s,1340
2519923000,r,1440
2519923000,r,1440
2519923000,r,1440
2519923000,r,1440
2519923000,r,1440
2519923000,r,1440
2520224000,s,1340
2520271000,s,1340
2520290000,s,1340
2520299000,s,1340
2520306000,s,1340
2520313000,s,1340
2520321000,s,1340
2520328000,s,1340
2520441000,s,1340
2520487000,s,1340
2520594000,s,1340
2520702000,s,1340
2520802000,s,1340
2520944000,s,1340
2521053000,s,1340
2521153000,s,1340
2521252000,s,1340
2521354000,s,1340
2521449000,s,1340
2521550000,s,1340
2521557000,r,1440
2521557000,r,1440
2521557000,r,1440
2521557000,r,1440
2521557000,r,1440
2521638000,s,1340
2521762000,s,1340
2521850000,s,1340
2521935000,s,1340
2522027000,s,1340
2522114000,s,1340
2522198000,s,1340
2522288000,s,1340
2522366000,s,1340
2522445000,s,1340
2522528000,s,1340
2522604000,s,1340
2522681000,s,1340
2522761000,s,1340
2522844000,s,1340
2523032000,s,1340
2523191000,s,1340
2523280000,s,1340
2523439000,s,1340
2523600000,s,1340
2523759000,s,1340
2523894000,s,1340
2523977000,s,1340
2524102000,s,1340
2524243000,s,1340
2524296000,s,1340
2524734000,s,1340
2524816000,s,1340
2524898000,s,1340
2525075000,s,1340
2525192000,s,1340
2525282000,s,1340
2525733000,s,1340
2525820000,s,1340
2525898000,s,1340
2526078000,s,1340
2526251000,s,1340
2526426000,s,1340
2526569000,s,1340
2526597000,r,1440
2526597000,r,1440
2526597000,r,1440
2526597000,r,1440
2526597000,r,1440
2526597000,r,1440
2526597000,r,1440
2526597000,r,1440
2526659000,s,1340
2526666000,r,1440
2526836000,s,1340
2526953000,s,1340
2526973000,r,1440
2526973000,r,1440
2526973000,r,1440
2526973000,r,1440
2526973000,r,1440
2526973000,r,1440
2527016000,s,1340
2527136000,s,1340
2527154000,r,1440
2527154000,r,1440
2527154000,r,1440
2527210000,s,1340
2527275000,s,1340
2527336000,s,1340
2527420000,s,1340
2527511000,s,1340
2527631000,s,1340
2527712000,s,1340
2527788000,s,1340
2527934000,s,1340
2528070000,s,1340
2528143000,s,1340
2528225000,s,1340
2528311000,s,1340
2528404000,s,1340
2528500000,s,1340
2528663000,r,1440
2528602000,s,1340
2528663000,r,1440
2528663000,r,1440
2528663000,r,1440
2528663000,r,1440
2528663000,r,1440
2528663000,r,1440
2528802000,s,1340
2528899000,s,1340
2528998000,s,1340
2529089000,s,1340
2529177000,s,1340
2529267000,s,1340
2529443000,s,1340
2529540000,s,1340
2529636000,s,1340
2529767000,s,1340
2529863000,s,1340
2529922000,s,1340
2530007000,s,1340
2530083000,s,1340
2530163000,s,1340
2530247000,s,1340
2530327000,s,1340
2530469000,s,1340
2530675000,s,1340
2530778000,s,1340
2530865000,s,1340
2530945000,s,1340
2531124000,s,1340
2531259000,s,1340
2531358000,s,1340
2532159000,s,1340
2532303000,s,1340
2532382000,s,1340
2532546000,s,1340
2532705000,s,1340
2532840000,s,1340
2533200000,s,1340
2533294000,s,1340
2533527000,s,1340
2533557000,s,1340
2533610000,s,1340
2533848000,s,1340
2534022000,s,1340
2535993000,r,1440
2535993000,r,1440
2535993000,r,1440
2535993000,r,1440
2535993000,r,1440
2535993000,r,1440
2535994000,r,1440
2535994000,r,1440
2536096000,r,1440
2536096000,r,1440
2536096000,r,1440
2536096000,r,1440
2536096000,r,1440
2536096000,r,1440
2536097000,r,1440
2536097000,r,1440
2536126000,r,1440
2536126000,r,1440
2536126000,r,1440
2536127000,r,1440
2536127000,r,1440
2536127000,r,1440
2536127000,r,1440
2536127000,r,1440
2536157000,r,1440
2536157000,r,1440
2536157000,r,1440
2536157000,r,1440
2536157000,r,1440
2536157000,r,1440
2536158000,r,1440
2536158000,r,1440
2536186000,r,1440
2536186000,r,1440
2536186000,r,1440
2536186000,r,1440
2536186000,r,1440
2536186000,r,1440
2536187000,r,1440
2536187000,r,1440
2536210000,r,1440
2536642000,s,1340
2536700000,s,1340
2536962000,s,1340
2537106000,s,1340
2537196000,s,1340
2537269000,s,1340
2537419000,s,1340
2537500000,s,1340
2537566000,s,1340
2537632000,s,1340
2537742000,s,1340
2537820000,s,1340
2537881000,s,1340
2537937000,s,1340
2537998000,s,1340
2538057000,s,1340
2538114000,s,1340
2538179000,s,1340
2538239000,s,1340
2538299000,s,1340
2538359000,s,1340
2538418000,s,1340
2538478000,s,1340
2538540000,s,1340
2538667000,s,1340
2538753000,s,1340
2539018000,s,1340
2539091000,s,1340
2539158000,s,1340
2539228000,s,1340
2539300000,s,1340
2539366000,s,1340
2539440000,s,1340
2539509000,s,1340
2539581000,s,1340
2539651000,s,1340
2539723000,s,1340
2539787000,s,1340
2539849000,s,1340
2543426000,r,1440
2543427000,r,1440
2543427000,r,1440
2543427000,r,1440
2543427000,r,1440
2543427000,r,1440
2543427000,r,1440
2543427000,r,1440
2543519000,r,1440
2543973000,s,1340
2544050000,s,1340
2544116000,s,1340
2544180000,s,1340
2544321000,s,1340
2544391000,s,1340
2544452000,s,1340
2544576000,s,1340
2544738000,s,1340
2544858000,s,1340
2544914000,s,1340
2545845000,s,1340
2545871000,s,1340
2546000000,s,1340
2546096000,s,1340
2546263000,s,1340
2546399000,s,1340
2546498000,s,1340
2546647000,s,1340
2546791000,s,1340
2546937000,s,1340
2547091000,s,1340
2547232000,s,1340
2547320000,s,1340
2547409000,s,1340
2547526000,s,1340
2548293000,s,1340
2548431000,s,1340
2548591000,s,1340
2548742000,s,1340
2548829000,s,1340
2549056000,s,1340
2549123000,s,1340
2549183000,s,1340
2549377000,s,1340
2549458000,s,1340
2549511000,s,1340
2549699000,s,1340
2549844000,s,1340
2549898000,s,1340
2550054000,s,1340
2550186000,s,1340
2550320000,s,1340
2550496000,s,1340
2550569000,s,1340
2550769000,s,1340
2550804000,s,1340
2550931000,s,1340
2551115000,s,1340
2551157000,r,1440
2551157000,r,1440
2551196000,s,1340
2551157000,r,1440
2551157000,r,1440
2551158000,r,1440
2551158000,r,1440
2551158000,r,1440
2551158000,r,1440
2551226000,r,1440
2551226000,r,1440
2551226000,r,1440
2551226000,r,1440
2551226000,r,1440
2551226000,r,1440
2551226000,r,1440
2551226000,r,1440
2551256000,r,1440
2551256000,r,1440
2551256000,r,1440
2551256000,r,1440
2551256000,r,1440
2551256000,r,1440
2551257000,r,1440
2551257000,r,1440
2551282000,r,1440
2551282000,r,1440
2551282000,r,1440
2551282000,r,1440
2551283000,r,1440
2551283000,r,1440
2551283000,r,1440
2551283000,r,1440
2551311000,r,1440
2551311000,r,1440
2551311000,r,1440
2551311000,r,1440
2551312000,r,1440
2551312000,r,1440
2551312000,r,1440
2551312000,r,1440
2551339000,r,1440
2551340000,r,1440
2551340000,r,1440
2551340000,r,1440
2551340000,r,1440
2551340000,r,1440
2551340000,r,1440
2551340000,r,1440
2551366000,r,1440
2551366000,r,1440
2551366000,r,1440
2551366000,r,1440
2551366000,r,1440
2551366000,r,1440
2551367000,r,1440
2551367000,r,1440
2551392000,r,1440
2551393000,r,1440
2551393000,r,1440
2551393000,r,1440
2551393000,r,1440
2551393000,r,1440
2551393000,r,1440
2551393000,r,1440
2551430000,r,1440
2551433000,s,1340
2551430000,r,1440
2551430000,r,1440
2551430000,r,1440
2551430000,r,1440
2551430000,r,1440
2551430000,r,1440
2551430000,r,1440
2551459000,r,1440
2551459000,r,1440
2551459000,r,1440
2551459000,r,1440
2551459000,r,1440
2551459000,r,1440
2551459000,r,1440
2551459000,r,1440
2551479000,s,1340
2551486000,r,1440
2551486000,r,1440
2551486000,r,1440
2551494000,s,1340
2551486000,r,1440
2551486000,r,1440
2551486000,r,1440
2551486000,r,1440
2551487000,r,1440
2551510000,r,1440
2551732000,s,1340
2551883000,s,1340
2551980000,s,1340
2552070000,s,1340
2552156000,s,1340
2552241000,s,1340
2552329000,s,1340
2552407000,s,1340
2552486000,s,1340
2552566000,s,1340
2552645000,s,1340
2552717000,s,1340
2552790000,s,1340
2552857000,s,1340
2552934000,s,1340
2553012000,s,1340
2553067000,s,1340
2553145000,s,1340
2553220000,s,1340
2553290000,s,1340
2553360000,s,1340
2553437000,s,1340
2553518000,s,1340
2553603000,s,1340
2553748000,s,1340
2553850000,s,1340
2553900000,r,1440
2553947000,s,1340
2554037000,s,1340
2554127000,s,1340
2554212000,s,1340
2554294000,s,1340
2554384000,s,1340
2554479000,s,1340
2554569000,s,1340
2554665000,s,1340
2554766000,s,1340
2554866000,s,1340
2554957000,s,1340
2555055000,s,1340
2555152000,s,1340
2555251000,s,1340
2555353000,s,1340
2555447000,s,1340
2555536000,s,1340
2555634000,s,1340
2555730000,s,1340
2555831000,s,1340
2555930000,s,1340
2556028000,s,1340
2556128000,s,1340
2556222000,s,1340
2556317000,s,1340
2556429000,s,1340
2556519000,s,1340
2556616000,s,1340
2556721000,s,1340
2556826000,s,1340
2556925000,s,1340
2557034000,s,1340
2557130000,s,1340
2557225000,s,1340
2557387000,s,1340
2557483000,s,1340
2557589000,s,1340
2557760000,s,1340
2557864000,s,1340
2557965000,s,1340
2558060000,s,1340
2558161000,s,1340
2558454000,s,1340
2558540000,s,1340
2558620000,s,1340
2558701000,s,1340
2558782000,s,1340
2558856000,s,1340
2558917000,s,1340
2558973000,s,1340
2559028000,s,1340
2559080000,s,1340
2559132000,s,1340
2559184000,s,1340
2559259000,s,1340
2559298000,s,1340
2559336000,s,1340
2565706000,s,1340
2565805000,s,1340
2565853000,s,1340
2565896000,s,1340
2565939000,s,1340
2566004000,s,1340
2566062000,s,1340
2566103000,s,1340
2566142000,s,1340
2566208000,s,1340
2566273000,s,1340
2566322000,s,1340
2568454000,r,1440
2568454000,r,1440
2568454000,r,1440
2568454000,r,1440
2568454000,r,1440
2568454000,r,1440
2568893000,s,1340
2568959000,s,1340
2568989000,s,1340
2570453000,r,1440
2570453000,r,1440
2570453000,r,1440
2571127000,s,1340
2571250000,s,1340
2571422000,r,1440
2571423000,r,1440
2571423000,r,1440
2571423000,r,1440
2571423000,r,1440
2571423000,r,1440
2571423000,r,1440
2571424000,r,1440
2571531000,r,1440
2571531000,r,1440
2571531000,r,1440
2571531000,r,1440
2571787000,r,1440
2571787000,r,1440
2571787000,r,1440
2571788000,r,1440
2571788000,r,1440
2571788000,r,1440
2571788000,r,1440
2571788000,r,1440
2571910000,r,1440
2571910000,r,1440
2571910000,r,1440
2571911000,r,1440
2572011000,s,1340
2572151000,s,1340
2572318000,s,1340
2572344000,r,1440
2572344000,r,1440
2572345000,r,1440
2572345000,r,1440
2572345000,r,1440
2572345000,r,1440
2572345000,r,1440
2572346000,r,1440
2572401000,r,1440
2572402000,r,1440
2572402000,r,1440
2572402000,r,1440
2572617000,s,1340
2572657000,r,1440
2572657000,r,1440
2572658000,r,1440
2572711000,s,1340
2572821000,s,1340
2572906000,s,1340
2572992000,s,1340
2573078000,s,1340
2573162000,s,1340
2573248000,s,1340
2573329000,s,1340
2573408000,s,1340
2573481000,s,1340
2573561000,s,1340
2573639000,s,1340
2573756000,s,1340
2573844000,s,1340
2573944000,s,1340
2574041000,s,1340
2574137000,s,1340
2574236000,s,1340
2574333000,s,1340
2574424000,s,1340
2574508000,s,1340
2574600000,s,1340
2574621000,r,1440
2574621000,r,1440
2574621000,r,1440
2574622000,r,1440
2574622000,r,1440
2574693000,s,1340
2574622000,r,1440
2574776000,s,1340
2574862000,s,1340
2574953000,s,1340
2575046000,s,1340
2575140000,s,1340
2575237000,s,1340
2575334000,s,1340
2575430000,s,1340
2575522000,s,1340
2575614000,s,1340
2575713000,s,1340
2575804000,s,1340
2575899000,s,1340
2575989000,s,1340
2576085000,s,1340
2576174000,s,1340
2576254000,s,1340
2576340000,s,1340
2576432000,s,1340
2576520000,s,1340
2576610000,s,1340
2576699000,s,1340
2576795000,s,1340
2576889000,s,1340
2576984000,s,1340
2577077000,s,1340
2577177000,s,1340
2577277000,s,1340
2577497000,s,1340
2577619000,s,1340
2577715000,s,1340
2577771000,s,1340
2577819000,s,1340
2577870000,s,1340
2577914000,s,1340
2578228000,s,1340
2578356000,s,1340
2578459000,s,1340
2578512000,s,1340
2579335000,s,1340
2579626000,s,1340
2579741000,s,1340
2579937000,s,1340
2580083000,s,1340
2580325000,s,1340
2580450000,s,1340
2580787000,s,1340
2580886000,s,1340
2580978000,s,1340
2581063000,s,1340
2581136000,r,1440
2581155000,s,1340
2581136000,r,1440
2581136000,r,1440
2581137000,r,1440
2581137000,r,1440
2581137000,r,1440
2581137000,r,1440
2581137000,r,1440
2581241000,r,1440
2581254000,r,1440
2581254000,r,1440
2581254000,r,1440
2581255000,r,1440
2581255000,r,1440
2581255000,r,1440
2581255000,r,1440
2581255000,r,1440
2581285000,r,1440
2581327000,s,1340
2581468000,s,1340
2581578000,s,1340
2581863000,s,1340
2581980000,s,1340
2582077000,s,1340
2582150000,r,1440
2582150000,r,1440
2582180000,s,1340
2582150000,r,1440
2582150000,r,1440
2582151000,r,1440
2582151000,r,1440
2582294000,s,1340
2582420000,s,1340
2582525000,s,1340
2582606000,s,1340
2582686000,s,1340
2582703000,r,1440
2582703000,r,1440
2582703000,r,1440
2582784000,s,1340
2582704000,r,1440
2582704000,r,1440
2582704000,r,1440
2583014000,s,1340
2583101000,s,1340
2583175000,s,1340
2583250000,s,1340
2583313000,s,1340
2583397000,s,1340
2583475000,s,1340
2583553000,s,1340
2583626000,s,1340
2583700000,s,1340
2583775000,s,1340
2584439000,r,1440
2584439000,r,1440
2584439000,r,1440
2584439000,r,1440
2584439000,r,1440
2584439000,r,1440
2584794000,s,1340
2584884000,s,1340
2584963000,s,1340
2585040000,s,1340
2592574000,r,1440
2592574000,r,1440
2592574000,r,1440
2592574000,r,1440
2592575000,r,1440
2592575000,r,1440
2592575000,r,1440
2592575000,r,1440
2592704000,r,1440
2592736000,r,1440
2592737000,r,1440
2592737000,r,1440
2593137000,r,1440
2593137000,r,1440
2593137000,r,1440
2593137000,r,1440
2593137000,r,1440
2593137000,r,1440
2593137000,r,1440
2593137000,r,1440
2593215000,r,1440
2593353000,s,1340
2593461000,s,1340
2593557000,s,1340
2593735000,s,1340
2593849000,s,1340
2593939000,s,1340
2594023000,s,1340
2594076000,r,1440
2594102000,s,1340
2594076000,r,1440
2594076000,r,1440
2594077000,r,1440
2594077000,r,1440
2594077000,r,1440
2594077000,r,1440
2594077000,r,1440
2594145000,r,1440
2594145000,r,1440
2594145000,r,1440
2594145000,r,1440
2594220000,s,1340
2594348000,s,1340
2594438000,s,1340
2594468000,r,1440
2594468000,r,1440
2594468000,r,1440
2594468000,r,1440
2594469000,r,1440
2594469000,r,1440
2594531000,s,1340
2594614000,s,1340
2594703000,s,1340
2594789000,s,1340
2594879000,s,1340
2594961000,s,1340
2595044000,s,1340
2595133000,s,1340
2595221000,s,1340
2595756000,r,1440
2595756000,r,1440
2595756000,r,1440
2595756000,r,1440
2595756000,r,1440
2595757000,r,1440
2595757000,r,1440
2595757000,r,1440
2595848000,r,1440
2595848000,r,1440
2595848000,r,1440
2595848000,r,1440
2595848000,r,1440
2595848000,r,1440
2595848000,r,1440
2595849000,r,1440
2595886000,r,1440
2595887000,r,1440
2596095000,s,1340
2596274000,r,1440
2596275000,r,1440
2596275000,r,1440
2596455000,r,1440
2596455000,r,1440
2596456000,r,1440
2596456000,r,1440
2596456000,r,1440
2596456000,r,1440
2596457000,r,1440
2596457000,r,1440
2596546000,r,1440
2596832000,r,1440
2596832000,r,1440
2596832000,r,1440
2596925000,s,1340
2597018000,s,1340
2597057000,s,1340
2597072000,s,1340
2597081000,s,1340
2597192000,s,1340
2597289000,s,1340
2597373000,s,1340
2597454000,s,1340
2597535000,s,1340
2597622000,s,1340
2597888000,s,1340
2597983000,s,1340
2598044000,s,1340
2598101000,s,1340
2598162000,s,1340
2598205000,r,1440
2598205000,r,1440
2598245000,s,1340
2598205000,r,1440
2598205000,r,1440
2598206000,r,1440
2598206000,r,1440
2598326000,s,1340
2598398000,s,1340
2598513000,s,1340
2598621000,s,1340
2598751000,s,1340
2598783000,s,1340
2598797000,s,1340
2598860000,s,1340
2598909000,s,1340
2599121000,s,1340
2599330000,s,1340
2599559000,s,1340
2599663000,s,1340
2600043000,s,1340
2600139000,s,1340
2600236000,s,1340
2600331000,s,1340
2600424000,s,1340
2600521000,s,1340
2600682000,s,1340
2600811000,s,1340
2601021000,s,1340
2601135000,s,1340
2601270000,s,1340
2601439000,s,1340
2601541000,s,1340
2601747000,s,1340
2601855000,s,1340
2601960000,s,1340
2602157000,s,1340
2602323000,s,1340
2602410000,s,1340
2602581000,s,1340
2602819000,s,1340
2602905000,s,1340
2603100000,s,1340
2603253000,s,1340
2603386000,s,1340
2603473000,s,1340
2603648000,s,1340
2603909000,r,1440
2603910000,r,1440
2603910000,r,1440
2603910000,r,1440
2603910000,r,1440
2603910000,r,1440
2603910000,r,1440
2603910000,r,1440
2603979000,r,1440
2604270000,r,1440
2604270000,r,1440
2604270000,r,1440
2604270000,r,1440
2604270000,r,1440
2604270000,r,1440
2604630000,r,1440
2604631000,r,1440
2604631000,r,1440
2604631000,r,1440
2604631000,r,1440
2604631000,r,1440
2605009000,r,1440
2605009000,r,1440
2605010000,r,1440
2605010000,r,1440
2605010000,r,1440
2605010000,r,1440
2605010000,r,1440
2605010000,r,1440
2605095000,r,1440
2605281000,r,1440
2605281000,r,1440
2605281000,r,1440
2605281000,r,1440
2605281000,r,1440
2605282000,r,1440
2605755000,r,1440
2605770000,s,1340
2605755000,r,1440
2605756000,r,1440
2605756000,r,1440
2605756000,r,1440
2605756000,r,1440
2605830000,s,1340
2605887000,s,1340
2605905000,s,1340
2605919000,s,1340
2605932000,s,1340
2605945000,s,1340
2605958000,s,1340
2605970000,s,1340
2605982000,s,1340
2605997000,s,1340
2606009000,s,1340
2606022000,s,1340
2606033000,s,1340
2606047000,s,1340
2606059000,s,1340
2606072000,s,1340
2606086000,s,1340
2606100000,s,1340
2606113000,s,1340
2606126000,s,1340
2606138000,s,1340
2606150000,s,1340
2606234000,s,1340
2606342000,s,1340
2607006000,s,1340
2607195000,r,1440
2607195000,r,1440
2607195000,r,1440
2607195000,r,1440
2607195000,r,1440
2607195000,r,1440
2607196000,r,1440
2607948000,s,1340
2607994000,s,1340
2608006000,s,1340
2610757000,r,1440
2610757000,r,1440
2610757000,r,1440
2610757000,r,1440
2610757000,r,1440
2610757000,r,1440
2610758000,r,1440
2610758000,r,1440
2610825000,r,1440
2610825000,r,1440
2610825000,r,1440
2610825000,r,1440
2610825000,r,1440
2610825000,r,1440
2610826000,r,1440
2610930000,r,1440
2610930000,r,1440
2610930000,r,1440
2611250000,r,1440
2611250000,r,1440
2611251000,r,1440
2611251000,r,1440
2611251000,r,1440
2611251000,r,1440
2611548000,s,1340
2611988000,s,1340
2611989000,r,1440
2611989000,r,1440
2611989000,r,1440
2612019000,s,1340
2611989000,r,1440
2611989000,r,1440
2611990000,r,1440
2611990000,r,1440
2611990000,r,1440
2612050000,r,1440
2612070000,s,1340
2612104000,s,1340
2612174000,s,1340
2612296000,s,1340
2612320000,s,1340
2612385000,s,1340
2612420000,s,1340
2612433000,s,1340
2612448000,s,1340
2612458000,s,1340
2612517000,s,1340
2612538000,s,1340
2612573000,s,1340
2612948000,s,1340
2613147000,s,1340
2613206000,s,1340
2613227000,s,1340
2613244000,s,1340
2613261000,s,1340
2613275000,s,1340
2613290000,s,1340
2613304000,s,1340
2613376000,s,1340
2613410000,s,1340
2613427000,s,1340
2614522000,r,1440
2614522000,r,1440
2614522000,r,1440
2614522000,r,1440
2614522000,r,1440
2614523000,r,1440
2614523000,r,1440
2614523000,r,1440
2614631000,r,1440
2614631000,r,1440
2614631000,r,1440
2614632000,r,1440
2614632000,r,1440
2614632000,r,1440
2614632000,r,1440
2614632000,r,1440
2614665000,r,1440
2614666000,r,1440
2614666000,r,1440
2614666000,r,1440
2614775000,r,1440
2614775000,r,1440
2614776000,r,1440
2614972000,r,1440
2614972000,r,1440
2614973000,r,1440
2614973000,r,1440
2614973000,r,1440
2614973000,r,1440
2614973000,r,1440
2614973000,r,1440
2615060000,r,1440
2615303000,s,1340
2615341000,s,1340
2615359000,s,1340
2615372000,s,1340
2615384000,s,1340
2615400000,s,1340
2615409000,s,1340
2615417000,s,1340
2615425000,s,1340
2615434000,s,1340
2615441000,s,1340
2615449000,s,1340
2615457000,s,1340
2615464000,s,1340
2615472000,s,1340
2615481000,s,1340
2615504000,s,1340
2615519000,s,1340
2615534000,s,1340
2615570000,s,1340
2615580000,s,1340
2616507000,s,1340
2616588000,s,1340
2616609000,s,1340
2616624000,s,1340
2616633000,s,1340
2616640000,s,1340
2616647000,s,1340
2616655000,s,1340
2616662000,s,1340
2616670000,s,1340
2616678000,s,1340
2616684000,s,1340
2616735000,s,1340
2617396000,r,1440
2617396000,r,1440
2617397000,r,1440
2617397000,r,1440
2617397000,r,1440
2617397000,r,1440
2617397000,r,1440
2617397000,r,1440
2617510000,r,1440
2617510000,r,1440
2617510000,r,1440
2617510000,r,1440
2617510000,r,1440
2617510000,r,1440
2617510000,r,1440
2617510000,r,1440
2617544000,r,1440
2617544000,r,1440
2617544000,r,1440
2617545000,r,1440
2617545000,r,1440
2617545000,r,1440
2617545000,r,1440
2617545000,r,1440
2617733000,s,1340
2617770000,s,1340
2617784000,s,1340
2617794000,s,1340
2617840000,s,1340
2617882000,s,1340
2617907000,s,1340
2617919000,s,1340
2618066000,s,1340
2618115000,s,1340
2618275000,s,1340
2618336000,r,1440
2618367000,s,1340
2618336000,r,1440
2618336000,r,1440
2618336000,r,1440
2618336000,r,1440
2618336000,r,1440
2618477000,s,1340
2618529000,s,1340
2618656000,s,1340
2618732000,s,1340
2618804000,s,1340
2618869000,s,1340
2618994000,s,1340
2619955000,s,1340
2620022000,s,1340
2620097000,s,1340
2620570000,s,1340
2620668000,s,1340
2621178000,s,1340
2621258000,s,1340
2621773000,s,1340
2622005000,s,1340
2622072000,s,1340
2622476000,s,1340
2622519000,s,1340
2622592000,s,1340
2622640000,s,1340
2623974000,s,1340
2624113000,s,1340
2624386000,s,1340
2624496000,s,1340
2624556000,r,1440
2624588000,s,1340
2624626000,s,1340
2624557000,r,1440
2624640000,s,1340
2624557000,r,1440
2624557000,r,1440
2624557000,r,1440
2624557000,r,1440
2624557000,r,1440
2624557000,r,1440
2624678000,r,1440
2624706000,r,1440
2624706000,r,1440
2624706000,r,1440
2624971000,s,1340
2625478000,s,1340
2625533000,s,1340
2625666000,r,1440
2625683000,s,1340
2625666000,r,1440
2625667000,r,1440
2625667000,r,1440
2625667000,r,1440
2625667000,r,1440
2625667000,r,1440
2625667000,r,1440
2625749000,r,1440
2625779000,r,1440
2625779000,r,1440
2625779000,r,1440
2625909000,s,1340
2625977000,s,1340
2626120000,s,1340
2626193000,s,1340
2626258000,s,1340
2626319000,s,1340
2626411000,s,1340
2626489000,s,1340
2626576000,s,1340
2626656000,s,1340
2626732000,s,1340
2626847000,r,1440
2626848000,r,1440
2626848000,r,1440
2626848000,r,1440
2626848000,r,1440
2626848000,r,1440
2626849000,r,1440
2626849000,r,1440
2626930000,r,1440
2626930000,r,1440
2626930000,r,1440
2626930000,r,1440
2626930000,r,1440
2626930000,r,1440
2626931000,r,1440
2626931000,r,1440
2626968000,r,1440
2626986000,s,1340
2627182000,s,1340
2627317000,s,1340
2627696000,s,1340
2627815000,s,1340
2628069000,s,1340
2628172000,s,1340
2628241000,s,1340
2628348000,s,1340
2628429000,s,1340
2628492000,s,1340
2628568000,s,1340
2628636000,s,1340
2628717000,s,1340
2628783000,s,1340
2628851000,s,1340
2628897000,s,1340
2628947000,s,1340
2629017000,s,1340
2629099000,s,1340
2629217000,s,1340
2629396000,s,1340
2629453000,s,1340
2629553000,s,1340
2629635000,s,1340
2629881000,s,1340
2629954000,s,1340
2630190000,s,1340
2630264000,s,1340
2630350000,s,1340
2630495000,s,1340
2630565000,s,1340
2630723000,s,1340
2630807000,s,1340
2631040000,s,1340
2631118000,s,1340
2631227000,s,1340
2631407000,s,1340
2631589000,s,1340
2631790000,r,1440
2631822000,s,1340
2631790000,r,1440
2631790000,r,1440
2631791000,r,1440
2631791000,r,1440
2631791000,r,1440
2631791000,r,1440
2631791000,r,1440
2631885000,r,1440
2631912000,s,1340
2631991000,s,1340
2632082000,r,1440
2632082000,r,1440
2632082000,r,1440
2632331000,s,1340
2632430000,r,1440
2632430000,r,1440
2632430000,r,1440
2632622000,s,1340
2632783000,s,1340
2632845000,s,1340
2632909000,s,1340
2632916000,r,1440
2632916000,r,1440
2632917000,r,1440
2632917000,r,1440
2632917000,r,1440
2632917000,r,1440
2633006000,s,1340
2633281000,s,1340
2633359000,s,1340
2633375000,r,1440
2633375000,r,1440
2633375000,r,1440
2633376000,r,1440
2633376000,r,1440
2633422000,s,1340
2633376000,r,1440
2633376000,r,1440
2633376000,r,1440
2633439000,r,1440
2633439000,r,1440
2633439000,r,1440
2633439000,r,1440
2633483000,s,1340
2633927000,s,1340
2634018000,s,1340
2634190000,s,1340
2634221000,s,1340
2634305000,s,1340
2634338000,s,1340
2634352000,s,1340
2634360000,s,1340
2634366000,s,1340
2634372000,s,1340
2634487000,s,1340
2634538000,s,1340
2634908000,r,1440
2634908000,r,1440
2634908000,r,1440
2634908000,r,1440
2634987000,s,1340
2635099000,s,1340
2635188000,s,1340
2635240000,s,1340
2635349000,s,1340
2635412000,s,1340
2635472000,s,1340
2635539000,s,1340
2635587000,s,1340
2635741000,s,1340
2635820000,s,1340
2635910000,s,1340
2636002000,s,1340
2636138000,s,1340
2636305000,s,1340
2636402000,s,1340
2636591000,s,1340
2636704000,s,1340
2636796000,s,1340
2636975000,s,1340
2637127000,s,1340
2637210000,s,1340
2637407000,s,1340
2637481000,s,1340
2637553000,s,1340
2637765000,s,1340
2637906000,s,1340
2638074000,s,1340
2638190000,s,1340
2638606000,s,1340
2638783000,s,1340
2638859000,s,1340
2639571000,s,1340
2640548000,r,1440
2640548000,r,1440
2640548000,r,1440
2640548000,r,1440
2640549000,r,1440
2640549000,r,1440
2640549000,r,1440
2640549000,r,1440
2640668000,r,1440
2640668000,r,1440
2640668000,r,1440
2640668000,r,1440
2640875000,s,1340
2640967000,s,1340
2641082000,s,1340
2641170000,s,1340
2641252000,s,1340
2641335000,s,1340
2641462000,s,1340
2641539000,s,1340
2641616000,s,1340
2641675000,r,1440
2641675000,r,1440
2641675000,r,1440
2641676000,r,1440
2641676000,r,1440
2641676000,r,1440
2641676000,r,1440
2641731000,s,1340
2641676000,r,1440
2641744000,r,1440
2641814000,s,1340
2641887000,s,1340
2641944000,s,1340
2642018000,s,1340
2642090000,s,1340
2642148000,s,1340
2642202000,s,1340
2642254000,s,1340
2642320000,r,1440
2642328000,s,1340
2642321000,r,1440
2642321000,r,1440
2642321000,r,1440
2642321000,r,1440
2642321000,r,1440
2642321000,r,1440
2642321000,r,1440
2642364000,r,1440
2642364000,r,1440
2642364000,r,1440
2642364000,r,1440
2642407000,s,1340
2642473000,s,1340
2642498000,r,1440
2642498000,r,1440
2642498000,r,1440
2642525000,s,1340
2642498000,r,1440
2642498000,r,1440
2642498000,r,1440
2642591000,s,1340
2642662000,s,1340
2642727000,s,1340
2642791000,s,1340
2642841000,s,1340
2642908000,s,1340
2642969000,s,1340
2643006000,r,1440
2643020000,s,1340
2643006000,r,1440
2643006000,r,1440
2643006000,r,1440
2643006000,r,1440
2643006000,r,1440
2643089000,s,1340
2643137000,s,1340
2643184000,s,1340
2643265000,s,1340
2643318000,s,1340
2643369000,s,1340
2643418000,s,1340
2643465000,s,1340
2643512000,s,1340
2643560000,s,1340
2643605000,s,1340
2643649000,s,1340
2643689000,s,1340
2643724000,s,1340
2643763000,s,1340
2643817000,s,1340
2643820000,r,1440
2643821000,r,1440
2643821000,r,1440
2643859000,s,1340
2643821000,r,1440
2643821000,r,1440
2643821000,r,1440
2643821000,r,1440
2643821000,r,1440
2643887000,r,1440
2643887000,r,1440
2643888000,r,1440
2643888000,r,1440
2643983000,s,1340
2644082000,s,1340
2644180000,s,1340
2644222000,r,1440
2644223000,r,1440
2644223000,r,1440
2644223000,r,1440
2644255000,s,1340
2644223000,r,1440
2644223000,r,1440
2644223000,r,1440
2644223000,r,1440
2644273000,r,1440
2644393000,s,1340
2644469000,s,1340
2644641000,s,1340
2644768000,s,1340
2644852000,s,1340
2644934000,s,1340
2645014000,s,1340
2645091000,s,1340
2645168000,s,1340
2645243000,s,1340
2645325000,s,1340
2645401000,s,1340
2645477000,s,1340
2645557000,s,1340
2645624000,s,1340
2645688000,r,1440
2645689000,r,1440
2645689000,r,1440
2645735000,s,1340
2645689000,r,1440
2645689000,r,1440
2645689000,r,1440
2645815000,s,1340
2645890000,s,1340
2645957000,s,1340
2646055000,s,1340
2646147000,s,1340
2646238000,s,1340
2646333000,s,1340
2646423000,s,1340
2646519000,s,1340
2646609000,s,1340
2646693000,s,1340
2646783000,s,1340
2646869000,s,1340
2651861000,r,1440
2651861000,r,1440
2651861000,r,1440
2651861000,r,1440
2651861000,r,1440
2651861000,r,1440
2651861000,r,1440
2651862000,r,1440
2651999000,r,1440
2651999000,r,1440
2652000000,r,1440
2652000000,r,1440
2652614000,s,1340
2652759000,s,1340
2652819000,r,1440
2652839000,s,1340
2652819000,r,1440
2652819000,r,1440
2652819000,r,1440
2652819000,r,1440
2652819000,r,1440
2652820000,r,1440
2652820000,r,1440
2652877000,r,1440
2652877000,r,1440
2652877000,r,1440
2652878000,r,1440
2652910000,s,1340
2652977000,s,1340
2653073000,s,1340
2653143000,s,1340
2653224000,s,1340
2653435000,s,1340
2653620000,s,1340
2653684000,r,1440
2653684000,r,1440
2653684000,r,1440
2653684000,r,1440
2653684000,r,1440
2653685000,r,1440
2653685000,r,1440
2653685000,r,1440
2653742000,r,1440
2653743000,r,1440
2653743000,r,1440
2653743000,r,1440
2654060000,s,1340
2654097000,s,1340
2654115000,s,1340
2654125000,s,1340
2654135000,s,1340
2654150000,s,1340
2654159000,s,1340
2654170000,s,1340
2654179000,s,1340
2654187000,s,1340
2654195000,s,1340
2654204000,s,1340
2654347000,s,1340
2654490000,r,1440
2654490000,r,1440
2654490000,r,1440
2654490000,r,1440
2654490000,r,1440
2654491000,r,1440
2654491000,r,1440
2654491000,r,1440
2654561000,r,1440
2654561000,r,1440
2654562000,r,1440
2654562000,r,1440
2654689000,r,1440
2654690000,r,1440
2654690000,r,1440
2654860000,s,1340
2654998000,s,1340
2655088000,s,1340
2655167000,s,1340
2655242000,s,1340
2655318000,s,1340
2655337000,r,1440
2655337000,r,1440
2655337000,r,1440
2655337000,r,1440
2655337000,r,1440
2655337000,r,1440
2655480000,s,1340
2655566000,s,1340
2655652000,s,1340
2655736000,s,1340
2655856000,s,1340
2655951000,s,1340
2656027000,s,1340
2656102000,s,1340
2656285000,s,1340
2656408000,s,1340
2656541000,s,1340
2656634000,s,1340
2656987000,s,1340
2657026000,s,1340
2657507000,s,1340
2657591000,s,1340
2657692000,r,1440
2657692000,r,1440
2657692000,r,1440
2657692000,r,1440
2657692000,r,1440
2657692000,r,1440
2657692000,r,1440
2657692000,r,1440
2657776000,s,1340
2657788000,r,1440
2657789000,r,1440
2657789000,r,1440
2657789000,r,1440
2657789000,r,1440
2657789000,r,1440
2657789000,r,1440
2657789000,r,1440
2657825000,r,1440
2657846000,s,1340
2657892000,s,1340
2657938000,s,1340
2658085000,s,1340
2658105000,s,1340
2658168000,s,1340
2658222000,s,1340
2658247000,s,1340
2658267000,s,1340
2658280000,s,1340
2658517000,s,1340
2658546000,s,1340
2658563000,s,1340
2658612000,s,1340
2658632000,s,1340
2658644000,s,1340
2658739000,s,1340
2658846000,s,1340
2659377000,r,1440
2659377000,r,1440
2659377000,r,1440
2659377000,r,1440
2659377000,r,1440
2659378000,r,1440
2659378000,r,1440
2659378000,r,1440
2659463000,r,1440
2659463000,r,1440
2659464000,r,1440
2659464000,r,1440
2659464000,r,1440
2659464000,r,1440
2659464000,r,1440
2659464000,r,1440
2659497000,r,1440
2659498000,r,1440
2659498000,r,1440
2659498000,r,1440
2659498000,r,1440
2659498000,r,1440
2659498000,r,1440
2659498000,r,1440
2659529000,r,1440
2659529000,r,1440
2659529000,r,1440
2659529000,r,1440
2659981000,s,1340
2660129000,s,1340
2660227000,s,1340
2660393000,s,1340
2660477000,s,1340
2660555000,s,1340
2660633000,s,1340
2660710000,s,1340
2660786000,s,1340
2660861000,s,1340
2660939000,s,1340
2661016000,s,1340
2661090000,s,1340
2661164000,s,1340
2661237000,s,1340
2661460000,s,1340
2661531000,s,1340
2661601000,s,1340
2661712000,s,1340
2661829000,s,1340
2661897000,s,1340
2662004000,s,1340
2662158000,s,1340
2662287000,s,1340
2662356000,s,1340
2663227000,s,1340
2663290000,s,1340
2663435000,s,1340
2663590000,s,1340
2663743000,s,1340
2663879000,s,1340
2663979000,s,1340
2664049000,s,1340
2664223000,s,1340
2664358000,s,1340
2664559000,s,1340
2664714000,s,1340
2665224000,r,1440
2665224000,r,1440
2665224000,r,1440
2665224000,r,1440
2665224000,r,1440
2665224000,r,1440
2665225000,r,1440
2665225000,r,1440
2665298000,r,1440
2665298000,r,1440
2665298000,r,1440
2665298000,r,1440
2665298000,r,1440
2665298000,r,1440
2665298000,r,1440
2665298000,r,1440
2665330000,r,1440
2665330000,r,1440
2665459000,s,1340
2665503000,s,1340
2665824000,s,1340
2665936000,s,1340
2666034000,s,1340
2666062000,s,1340
2666075000,s,1340
2666084000,s,1340
2666094000,s,1340
2666183000,r,1440
2666183000,r,1440
2666183000,r,1440
2666183000,r,1440
2666183000,r,1440
2666183000,r,1440
2666183000,r,1440
2666183000,r,1440
2666234000,r,1440
2666234000,r,1440
2666234000,r,1440
2666234000,r,1440
2666234000,r,1440
2666234000,r,1440
2666234000,r,1440
2666299000,s,1340
2666372000,s,1340
2666440000,s,1340
2666530000,s,1340
2666580000,s,1340
2666625000,s,1340
2666825000,s,1340
2666879000,s,1340
2666926000,s,1340
2667124000,s,1340
2667182000,s,1340
2667221000,r,1440
2667233000,s,1340
2667221000,r,1440
2667221000,r,1440
2667221000,r,1440
2667222000,r,1440
2667222000,r,1440
2667222000,r,1440
2667222000,r,1440
2667293000,r,1440
2667293000,r,1440
2667293000,r,1440
2667293000,r,1440
2667350000,s,1340
2667401000,s,1340
2667442000,s,1340
2667486000,s,1340
2667497000,r,1440
2667497000,r,1440
2667497000,r,1440
2667529000,s,1340
2667584000,s,1340
2667644000,s,1340
2667698000,s,1340
2667759000,s,1340
2667817000,s,1340
2667874000,s,1340
2667935000,s,1340
2667940000,r,1440
2667940000,r,1440
2667940000,r,1440
2667994000,s,1340
2668052000,s,1340
2668156000,s,1340
2668188000,s,1340
2668214000,s,1340
2668554000,s,1340
2668589000,s,1340
2668677000,s,1340
2668766000,s,1340
2668768000,r,1440
2668769000,r,1440
2668769000,r,1440
2668769000,r,1440
2668769000,r,1440
2668963000,s,1340
2669020000,s,1340
2669034000,s,1340
2669044000,s,1340
2669248000,s,1340
2669363000,s,1340
2669575000,s,1340
2669732000,s,1340
2669814000,s,1340
2669897000,s,1340
2669980000,s,1340
2670063000,s,1340
2670155000,s,1340
2670241000,s,1340
2670452000,s,1340
2670567000,s,1340
2670784000,s,1340
2670997000,s,1340
2671058000,s,1340
2671190000,s,1340
2671350000,s,1340
2671429000,s,1340
2671475000,s,1340
2672722000,s,1340
2672867000,s,1340
2673001000,s,1340
2673154000,s,1340
2673206000,s,1340
2673322000,s,1340
2673386000,s,1340
2673792000,s,1340
2673842000,s,1340
2673964000,s,1340
2674150000,s,1340
2674213000,s,1340
2674310000,s,1340
2675262000,s,1340
2685434000,s,1340
2687290000,s,1340
2694704000,r,1440
2694704000,r,1440
2694704000,r,1440
2694704000,r,1440
2694704000,r,1440
2694704000,r,1440
2694704000,r,1440
2694704000,r,1440
2694875000,r,1440
2694875000,r,1440
2694875000,r,1440
2694875000,r,1440
2694875000,r,1440
2694875000,r,1440
2694876000,r,1440
2694876000,r,1440
2694923000,r,1440
2694923000,r,1440
2694923000,r,1440
2694923000,r,1440
2694923000,r,1440
2694923000,r,1440
2694923000,r,1440
2694924000,r,1440
2694969000,r,1440
2694969000,r,1440
2694969000,r,1440
2694970000,r,1440
2694970000,r,1440
2694970000,r,1440
2694970000,r,1440
2694970000,r,1440
2695017000,r,1440
2695018000,r,1440
2695018000,r,1440
2695018000,r,1440
2695018000,r,1440
2695018000,r,1440
2695018000,r,1440
2695018000,r,1440
2695064000,r,1440
2695064000,r,1440
2695065000,r,1440
2695065000,r,1440
2695065000,r,1440
2695065000,r,1440
2695065000,r,1440
2695065000,r,1440
2695110000,r,1440
2695111000,r,1440
2695111000,r,1440
2695111000,r,1440
2695111000,r,1440
2695111000,r,1440
2695111000,r,1440
2695111000,r,1440
2695161000,r,1440
2695161000,r,1440
2695161000,r,1440
2695161000,r,1440
2695162000,r,1440
2695162000,r,1440
2695162000,r,1440
2695162000,r,1440
2695212000,r,1440
2695212000,r,1440
2695212000,r,1440
2695212000,r,1440
2695212000,r,1440
2695213000,r,1440
2695213000,r,1440
2695213000,r,1440
2695318000,r,1440
2695318000,r,1440
2695318000,r,1440
2695319000,r,1440
2695319000,r,1440
2695319000,r,1440
2695319000,r,1440
2695319000,r,1440
2695375000,r,1440
2695375000,r,1440
2695376000,r,1440
2695376000,r,1440
2695376000,r,1440
2695376000,r,1440
2695376000,r,1440
2695377000,r,1440
2695422000,r,1440
2695422000,r,1440
2695422000,r,1440
2695422000,r,1440
2695422000,r,1440
2695423000,r,1440
2695423000,r,1440
2695423000,r,1440
2695466000,r,1440
2695466000,r,1440
2695466000,r,1440
2695466000,r,1440
2695466000,r,1440
2695486000,s,1340
2695467000,r,1440
2695467000,r,1440
2695467000,r,1440
2695513000,r,1440
2695513000,r,1440
2695513000,r,1440
2695513000,r,1440
2695513000,r,1440
2695513000,r,1440
2695513000,r,1440
2695513000,r,1440
2695550000,s,1340
2695558000,r,1440
2695558000,r,1440
2695558000,r,1440
2695558000,r,1440
2695558000,r,1440
2695558000,r,1440
2695558000,r,1440
2695559000,r,1440
2695602000,r,1440
2695602000,r,1440
2695602000,r,1440
2695602000,r,1440
2695602000,r,1440
2695602000,r,1440
2695602000,r,1440
2695603000,r,1440
2695648000,r,1440
2695648000,r,1440
2695648000,r,1440
2695648000,r,1440
2695648000,r,1440
2695649000,r,1440
2695673000,s,1340
2695649000,r,1440
2695649000,r,1440
2695698000,r,1440
2695698000,r,1440
2695698000,r,1440
2695699000,r,1440
2695699000,r,1440
2695699000,r,1440
2695699000,r,1440
2695699000,r,1440
2695743000,r,1440
2695743000,r,1440
2695743000,r,1440
2695743000,r,1440
2695743000,r,1440
2695743000,r,1440
2695743000,r,1440
2695792000,s,1340
2695892000,s,1340
2696061000,s,1340
2696169000,s,1340
2696254000,s,1340
2696325000,s,1340
2696396000,s,1340
2696482000,s,1340
2696548000,s,1340
2696611000,s,1340
2696670000,s,1340
2696822000,s,1340
2696904000,s,1340
2696990000,s,1340
2697065000,s,1340
2697142000,s,1340
2697269000,s,1340
2697343000,s,1340
2697406000,s,1340
2697472000,s,1340
2697544000,s,1340
2697611000,s,1340
2697724000,s,1340
2697796000,s,1340
2697871000,s,1340
2697937000,s,1340
2698007000,s,1340
2698063000,s,1340
2698128000,s,1340
2698194000,s,1340
2698262000,s,1340
2698323000,s,1340
2698390000,s,1340
2698455000,s,1340
2698529000,s,1340
2698619000,s,1340
2698697000,s,1340
2698777000,s,1340
2698857000,s,1340
2698916000,s,1340
2698975000,s,1340
2699035000,s,1340
2699693000,s,1340
2701361000,s,1340
2701408000,s,1340
2701420000,s,1340
2701429000,s,1340
2701438000,s,1340
2701445000,s,1340
2701454000,s,1340
2701462000,s,1340
2701471000,s,1340
2701531000,s,1340
2701543000,s,1340
2701559000,s,1340
2701679000,s,1340
2701695000,s,1340
2701872000,s,1340
2701915000,s,1340
2701928000,s,1340
2701938000,s,1340
2702007000,s,1340
2702081000,s,1340
2702227000,s,1340
2702258000,s,1340
2702281000,s,1340
2702333000,s,1340
2702464000,s,1340
2702617000,s,1340
2702685000,s,1340
2702753000,s,1340
2702817000,s,1340
2702867000,s,1340
2702927000,s,1340
2702987000,s,1340
2703093000,s,1340
2703161000,s,1340
2703424000,s,1340
2703477000,s,1340
2703531000,s,1340
2703581000,s,1340
2703625000,s,1340
2703673000,s,1340
2703744000,s,1340
2703847000,s,1340
2703915000,s,1340
2703985000,s,1340
2704087000,s,1340
2704211000,s,1340
2707763000,r,1440
2707763000,r,1440
2708879000,r,1440
2709353000,s,1340
2710208000,r,1440
2710560000,r,1440
2710716000,s,1340
2713444000,r,1440
2713444000,r,1440
2713444000,r,1440
2713697000,s,1340
2713758000,s,1340
2715260000,r,1440
2715394000,s,1340
2746462000,r,1440
2747361000,s,1340
2748479000,r,1440
2748479000,r,1440
2748981000,s,1340
2749379000,s,1340
2749544000,s,1340
2750061000,s,1340
2750161000,r,1440
2750247000,s,1340
2750409000,s,1340
2751738000,r,1440
2752968000,r,1440
2753217000,s,1340
2753370000,s,1340
2754114000,r,1440
2754114000,r,1440
2756999000,r,1440
2757250000,s,1340
2759631000,r,1440
2759631000,r,1440
2759835000,r,1440
2760153000,s,1340
2760458000,s,1340
2760568000,s,1340
2761663000,r,1440
2763192000,r,1440
2765280000,r,1440
2766655000,s,1340
3450246000,r,1440
3450247000,r,1440
3450247000,r,1440
3450248000,r,1440
3450248000,r,1440
3450249000,r,1440
3450249000,r,1440
3450250000,r,1440
3451122000,r,1440
3451123000,r,1440
3451123000,r,1440
3451124000,r,1440
3451124000,r,1440
3451125000,r,1440
3451125000,r,1440
3451126000,r,1440
3451294000,r,1440
3451295000,r,1440
3451295000,r,1440
3451296000,r,1440
3451296000,r,1440
3451297000,r,1440
3451297000,r,1440
3451298000,r,1440
3454131000,s,1340
3454469000,s,1340
3454897000,s,1340
3455116000,s,1340
3455277000,s,1340
3455561000,s,1340
3455704000,s,1340
3455827000,s,1340
3455940000,s,1340
3459046000,s,1340
3466250000,s,1340
3472701000,r,1440
3472701000,r,1440
7288634000,r,1440
7288634000,r,1440
7288635000,r,1440
7288635000,r,1440
7288636000,r,1440
7288636000,r,1440
7288637000,r,1440
7288637000,r,1440
7292858000,s,1340
7293315000,s,1340
7595798000,r,1440
7595799000,r,1440
7595799000,r,1440
7595800000,r,1440
7595800000,r,1440
7595801000,r,1440
7595801000,r,1440
7598279000,s,1340
7598446000,s,1340
7598652000,s,1340
7643731000,s,1340
7653749000,r,1440
7655892000,r,1440
7655892000,r,1440
7656618000,r,1440
7658358000,s,1340
7661179000,r,1440
7661179000,r,1440
7662974000,s,1340
7665708000,r,1440
7665709000,r,1440
7667889000,s,1340
7669726000,r,1440
7670710000,r,1440
7670711000,r,1440
7672079000,s,1340
7672439000,s,1340
9519980000,s,1340
9557565000,s,1340
9558157000,s,1340
9579702000,r,1440
9579702000,r,1440
9579703000,r,1440
9579703000,r,1440
9580542000,r,1440
9580542000,r,1440
9581719000,r,1440
9581720000,r,1440
9582588000,s,1340
9582825000,r,1440
9582943000,s,1340
9583782000,r,1440
9584310000,s,1340
9584748000,r,1440
9586075000,s,1340
9587711000,r,1440
9587712000,r,1440
9587712000,r,1440
9589370000,s,1340
9591370000,r,1440
9591370000,r,1440
9592532000,r,1440
9592640000,s,1340
9593684000,r,1440
9593868000,s,1340
9595431000,r,1440
11637894000,r,1440
11639799000,s,1340
13329816000,r,1440
13329816000,r,1440
13329817000,r,1440
13329817000,r,1440
13330511000,r,1440
13330512000,r,1440
13330513000,r,1440
13330513000,r,1440
13332680000,s,1340
13337549000,s,176
13337809000,s,1340
13338132000,s,1340
13338298000,s,1340
13338459000,s,1340
13342761000,s,1340
13345752000,r,120
13348044000,r,1440
13348045000,r,1440
13349054000,r,1440
13349428000,s,1340
13349556000,s,1340
13351938000,r,1440
13351938000,r,1440
13352627000,s,1340
13352647000,r,1440
13353323000,s,1340
13353701000,r,1440
13355800000,r,1440
13355800000,r,1440
13356640000,s,1340
13356979000,r,1440
13357766000,s,1340
13360805000,r,1440
13360805000,r,1440
13361393000,s,1340
13361558000,r,1440
13363616000,r,1440
13363616000,r,1440
13364265000,s,1340
13364364000,s,1340
13366319000,r,1440
13368469000,r,1440
13368648000,r,1440
13369469000,r,1440
13369628000,s,1340
15417634000,s,1340
15458153000,s,1340
15458589000,s,1340
17478087000,r,1440
17478087000,r,1440
17478088000,r,1440
17478088000,r,1440
17478089000,r,1440
17478089000,r,1440
17478090000,r,1440
17478090000,r,1440
17478792000,r,1440
17478793000,r,1440
17478793000,r,1440
17478794000,r,1440
17478794000,r,1440
17480391000,s,1340
17481557000,s,1340
17481980000,s,1340
23159777000,s,1340
23171479000,r,1440
23173423000,r,1440
23174556000,r,1440
23175569000,r,1440
23175569000,r,1440
23175957000,s,1340
23176315000,s,1340
23180299000,r,1440
23180299000,r,1440
23180738000,r,1440
23180984000,s,1340
23183199000,r,1440
23183569000,s,1340
23185690000,r,1440
23186987000,s,1340
23187110000,r,1440
25041944000,s,1340
25081289000,s,1340
25081781000,s,1340