0,s,1340
36958000,s,1340
37420000,s,1340
53936000,r,1440
54828000,r,1440
55943000,r,1440
57044000,r,1440
57645000,s,1340
58309000,r,1440
59363000,r,1440
60144000,s,1340
62040000,r,1440
62041000,r,1440
62041000,r,1440
62041000,r,1440
63869000,r,1440
64310000,s,1340
64445000,s,1340
65847000,r,1440
65848000,r,1440
66662000,r,1440
67048000,s,1340
67232000,r,1440
71420000,r,1440
72330000,s,1340
75390000,r,1440
76064000,r,1440
76595000,s,1340
76962000,r,1440
79429000,r,1440
80472000,s,1340
81257000,r,1440
81258000,r,1440
81258000,r,1440
82772000,s,1340
83112000,s,1340
83361000,r,1440
83748000,r,1440
85968000,r,1440
85969000,r,1440
87406000,r,1440
88090000,s,1340
88477000,s,1340
89315000,r,1440
89315000,r,1440
90480000,r,1440
90879000,s,1340
92478000,r,1440
92478000,r,1440
93732000,r,1440
93917000,s,1340
94276000,s,1340
95432000,r,1440
98419000,r,1440
98420000,r,1440
99462000,r,1440
99636000,s,1340
99961000,s,1340
101389000,r,1440
101389000,r,1440
102915000,s,1340
105252000,r,1440
107464000,r,1440
108798000,r,1440
109594000,r,1440
110174000,s,1340
110488000,s,1340
111381000,r,1440
111711000,r,1440
115364000,r,1440
115835000,s,1340
119423000,r,1440
121499000,r,1440
121500000,r,1440
122175000,r,1440
122905000,s,1340
123655000,s,1340
123943000,r,1440
125346000,r,1440
125347000,r,1440
125347000,r,1440
126724000,s,1340
127050000,s,1340
3597764000,s,1340
3638746000,s,1340
3639201000,s,1340
4677808000,s,1340
4730952000,s,1340
4731379000,s,1340
4731429000,s,1340
4747301000,s,1340
4747448000,s,1340
4747472000,s,1340
4758960000,r,1440
4766097000,r,1440
4766098000,r,1440
4766098000,r,1440
4766098000,r,1440
4766098000,r,1440
4766098000,r,1440
4766099000,r,1440
4766099000,r,1440
4766283000,r,1440
4766283000,r,1440
4766283000,r,1440
4766284000,r,1440
4766284000,r,1440
4766459000,r,1440
4767249000,s,1340
4767532000,s,1340
4767598000,r,1440
4767688000,s,1340
4767790000,s,1340
4768748000,r,1440
4768810000,s,1340
4768748000,r,1440
4769289000,s,1340
4769368000,r,1440
4769462000,s,1340
4770012000,s,1340
4773849000,r,1440
4774083000,s,1340
4775016000,r,1440
4775016000,r,1440
4775016000,r,1440
4775017000,r,1440
4775803000,s,1340
4775875000,s,1340
4776915000,r,1440
4776915000,r,1440
4777548000,s,1340
4781543000,r,1440
4782323000,s,1340
4782658000,r,1440
4792757000,r,1440
4792758000,r,1440
4792758000,r,1440
4792759000,r,1440
4793983000,s,1340
4794137000,s,1340
4794213000,s,1340
4794927000,r,1440
4794927000,r,1440
4794928000,r,1440
4794928000,r,1440
4794929000,r,1440
4794929000,r,1440
4794930000,r,1440
4794930000,r,1440
4795238000,r,1440
4795289000,r,1440
4795387000,s,1340
4795990000,s,1340
4796066000,s,1340
4796086000,s,1340
4796661000,s,1340
4805114000,r,1440
4805115000,r,1440
4805115000,r,1440
4805115000,r,1440
4805720000,s,1340
4806055000,s,1340
4806153000,r,1440
4806153000,r,1440
4807050000,s,1340
4807130000,r,1440
4807130000,r,1440
4807309000,s,1340
4807582000,s,1340
4807795000,s,1340
4808119000,s,1340
4808279000,r,1440
4808809000,s,1340
4808897000,s,1340
4809436000,s,1340
4810414000,r,1440
4810415000,r,1440
4813232000,r,1440
4813232000,r,1440
4814437000,s,1340
4815353000,r,1440
4815758000,r,1440
4816767000,s,1340
4816916000,s,1340
4817393000,r,1440
4818006000,s,1340
4818827000,r,1440
4820459000,r,1440
4820460000,r,1440
4820460000,r,1440
4820810000,r,1440
4821175000,s,1340
4821263000,s,1340
4822268000,r,1440
4822268000,r,1440
4832961000,s,1340
5276212000,r,1440
5276212000,r,1440
5276213000,r,1440
5276213000,r,1440
5276214000,r,1440
5276214000,r,1440
5276215000,r,1440
5276215000,r,1440
5276922000,r,1440
5278925000,r,1440
5278925000,r,1440
5278926000,r,1440
5278926000,r,1440
5278927000,r,1440
5278927000,r,1440
5278928000,r,1440
5283975000,s,1340
5284506000,s,1340
5284850000,s,1340
5285338000,s,1340
5286352000,s,1340
5287087000,s,1340
5289572000,s,1340
5289894000,s,1340
5290085000,s,1340
5290261000,s,1340
5290462000,s,1340
5295441000,r,1440
5295800000,r,1440
5297090000,s,1340
5297640000,s,1340
5297912000,r,1440
5298218000,r,1440
5300034000,r,1440
5300233000,s,1340
5301094000,r,1440
5302655000,r,1440
5304149000,s,1340
5304487000,s,1340
5308830000,r,1440
5310989000,r,1440
5310990000,r,1440
5310990000,r,1440
5310991000,r,1440
5312851000,s,1340
5313213000,s,1340
5317917000,r,1440
5318433000,r,1440
5318932000,s,1340
5321614000,r,1440
5321615000,r,1440
5322896000,s,1340
5350961000,s,1340
5351051000,s,1340
5352365000,s,1340
5352510000,s,1340
5354907000,r,1440
5354907000,r,1440
5356030000,s,1340
5364019000,r,1440
5364019000,r,1440
5364019000,r,1440
5364019000,r,1440
5364019000,r,1440
5364692000,s,1340
5364747000,s,1340
5364958000,r,1440
5365653000,r,1440
5401075000,r,1440
5401075000,r,1440
5401076000,r,1440
5401076000,r,1440
5401076000,r,1440
5401076000,r,1440
5401076000,r,1440
5401077000,r,1440
5401385000,r,1440
5401385000,r,1440
5401438000,r,1440
5401439000,r,1440
5401439000,r,1440
5401439000,r,1440
5401439000,r,1440
5401440000,r,1440
5402538000,s,1340
5403422000,s,1340
5403558000,r,1440
5403558000,r,1440
5403558000,r,1440
5403558000,r,1440
5403558000,r,1440
5403559000,r,1440
5403559000,r,1440
5403559000,r,1440
5403700000,s,1340
5403714000,r,1440
5403714000,r,1440
5403714000,r,1440
5403715000,r,1440
5403715000,r,1440
5403715000,r,1440
5403715000,r,1440
5403716000,r,1440
5403773000,r,1440
5403880000,s,1340
5404006000,s,1340
5404106000,s,1340
5404233000,s,1340
5404353000,s,1340
5404435000,s,1340
5404521000,s,1340
5404627000,s,1340
5404706000,s,1340
5404821000,s,1340
5404936000,s,1340
5405061000,s,1340
5405176000,s,1340
5405292000,s,1340
5405412000,s,1340
5405526000,s,1340
5405634000,s,1340
5405755000,s,1340
5405877000,s,1340
5406004000,s,1340
5406091000,s,1340
5406171000,s,1340
5406284000,s,1340
5406401000,s,1340
5406490000,s,1340
5406582000,s,1340
5406668000,s,1340
5406749000,s,1340
5406962000,s,1340
5407084000,s,1340
5407161000,s,1340
5407259000,s,1340
5407443000,s,1340
5407680000,s,1340
5407789000,s,1340
5407886000,s,1340
5416396000,s,1340
5437282000,r,1440
5437282000,r,1440
5437283000,r,1440
5437283000,r,1440
5437283000,r,1440
5437283000,r,1440
5437284000,r,1440
5437284000,r,1440
5437683000,r,1440
5437683000,r,1440
5437683000,r,1440
5437684000,r,1440
5437684000,r,1440
5437684000,r,1440
5437684000,r,1440
5437685000,r,1440
5437771000,r,1440
5437771000,r,1440
5437772000,r,1440
5437772000,r,1440
5437772000,r,1440
5437772000,r,1440
5437773000,r,1440
5437773000,r,1440
5437856000,r,1440
5437857000,r,1440
5437857000,r,1440
5438001000,r,1440
5438001000,r,1440
5438002000,r,1440
5438642000,s,1340
5438807000,s,1340
5439087000,s,1340
5439219000,s,1340
5439410000,s,1340
5439546000,s,1340
5439683000,s,1340
5439803000,s,1340
5439919000,s,1340
5440043000,s,1340
5440165000,s,1340
5440289000,s,1340
5440421000,s,1340
5440542000,s,1340
5440671000,s,1340
5440810000,s,1340
5440934000,s,1340
5441025000,s,1340
5441150000,s,1340
5441285000,s,1340
5441407000,s,1340
5441534000,s,1340
5441663000,s,1340
5441794000,s,1340
5441913000,s,1340
5442032000,s,1340
5442151000,s,1340
5442252000,s,1340
5442342000,s,1340
5442457000,s,1340
5442573000,s,1340
5442682000,s,1340
5442792000,s,1340
5442867000,s,1340
5442977000,s,1340
5443092000,s,1340
5443222000,s,1340
5443409000,s,1340
5443551000,s,1340
5443683000,s,1340
5443793000,s,1340
5443905000,s,1340
5443981000,s,1340
5444110000,s,1340
5444219000,s,1340
5444322000,s,1340
5444445000,s,1340
5444576000,s,1340
5444710000,s,1340
5444827000,s,1340
5444995000,s,1340
5445422000,s,1340
5445530000,s,1340
5445580000,s,1340
5445766000,s,1340
5445891000,s,1340
5445975000,s,1340
5446367000,s,1340
5446531000,s,1340
5446664000,s,1340
5446984000,s,1340
5447112000,s,1340
5447229000,s,1340
5447414000,s,1340
5447753000,s,1340
5447903000,s,1340
5448049000,s,1340
5448347000,s,1340
5448471000,s,1340
5448547000,s,1340
5448615000,s,1340
5448675000,s,1340
5448737000,s,1340
5449523000,s,1340
5449760000,s,1340
5449917000,s,1340
5450482000,s,1340
5450600000,s,1340
5451060000,s,1340
5451205000,s,1340
5451316000,s,1340
5451498000,s,1340
5451837000,s,1340
5452007000,s,1340
5452226000,s,1340
5452330000,s,1340
5452399000,s,1340
5452459000,s,1340
5452790000,s,1340
5452816000,s,1340
5453667000,s,1340
5453853000,s,1340
5453991000,s,1340
5454382000,s,1340
5454528000,s,1340
5454668000,s,1340
5454801000,s,1340
5454995000,s,1340
5455024000,s,1340
5455126000,s,1340
5456597000,s,1340
5456903000,s,1340
5457050000,s,1340
5457194000,s,1340
5457329000,s,1340
5457681000,s,1340
5457843000,s,1340
5457969000,s,1340
5458097000,s,1340
5458219000,s,1340
5458520000,s,1340
5458673000,s,1340
5458994000,s,1340
5459134000,s,1340
5459277000,s,1340
5459547000,s,1340
5459863000,s,1340
5460061000,s,1340
5460206000,s,1340
5460401000,s,1340
5460868000,s,1340
5461194000,s,1340
5461446000,s,1340
5461642000,s,1340
5463385000,r,1440
5463385000,r,1440
5463385000,r,1440
5463385000,r,1440
5463385000,r,1440
5464018000,s,1340
5464119000,s,1340
5464196000,s,1340
5464260000,s,1340
5475148000,s,1340
5475562000,s,1340
5502573000,r,1440
5502573000,r,1440
5502573000,r,1440
5502574000,r,1440
5502574000,r,1440
5502574000,r,1440
5502574000,r,1440
5502574000,r,1440
5502842000,r,1440
5502842000,r,1440
5502842000,r,1440
5502842000,r,1440
5502842000,r,1440
5502843000,r,1440
5502843000,r,1440
5502843000,r,1440
5502897000,r,1440
5502897000,r,1440
5502897000,r,1440
5502897000,r,1440
5502897000,r,1440
5502897000,r,1440
5502898000,r,1440
5502898000,r,1440
5502941000,r,1440
5502941000,r,1440
5502941000,r,1440
5502941000,r,1440
5502941000,r,1440
5502941000,r,1440
5502941000,r,1440
5502942000,r,1440
5502983000,r,1440
5502983000,r,1440
5502983000,r,1440
5502983000,r,1440
5502984000,r,1440
5502984000,r,1440
5502984000,r,1440
5502984000,r,1440
5503027000,r,1440
5503027000,r,1440
5503027000,r,1440
5503027000,r,1440
5503027000,r,1440
5503027000,r,1440
5503028000,r,1440
5503028000,r,1440
5503062000,r,1440
5503062000,r,1440
5503062000,r,1440
5503062000,r,1440
5503122000,r,1440
5503122000,r,1440
5503122000,r,1440
5503998000,s,1340
5504075000,s,1340
5504094000,s,1340
5504109000,s,1340
5504316000,r,1440
5504361000,s,1340
5504316000,r,1440
5504316000,r,1440
5504317000,r,1440
5504317000,r,1440
5504317000,r,1440
5504317000,r,1440
5504407000,s,1340
5504575000,s,1340
5504729000,s,1340
5504861000,s,1340
5504983000,s,1340
5505074000,s,1340
5505152000,s,1340
5505230000,s,1340
5505353000,s,1340
5505464000,s,1340
5505566000,s,1340
5505732000,s,1340
5505840000,s,1340
5505921000,s,1340
5506029000,s,1340
5506117000,s,1340
5506219000,s,1340
5506292000,s,1340
5506442000,s,1340
5506720000,s,1340
5506756000,s,1340
5506774000,s,1340
5506918000,s,1340
5507028000,s,1340
5507175000,s,1340
5507243000,s,1340
5507388000,s,1340
5507456000,s,1340
5507470000,s,1340
5507584000,s,1340
5507861000,s,1340
5508043000,s,1340
5508218000,s,1340
5508390000,s,1340
5508494000,s,1340
5508567000,s,1340
5509285000,s,1340
5509461000,s,1340
5509619000,s,1340
5509754000,s,1340
5509912000,s,1340
5510078000,s,1340
5510237000,s,1340
5510375000,s,1340
5510516000,s,1340
5510666000,s,1340
5510795000,s,1340
5510913000,s,1340
5511026000,s,1340
5511157000,s,1340
5511273000,s,1340
5511473000,s,1340
5511590000,s,1340
5511706000,s,1340
5511819000,s,1340
5512069000,s,1340
5512187000,s,1340
5512301000,s,1340
5512419000,s,1340
5512538000,s,1340
5512655000,s,1340
5514801000,s,1340
5514873000,s,1340
5514891000,s,1340
5514903000,s,1340
5514914000,s,1340
5514924000,s,1340
5514933000,s,1340
5515109000,r,1440
5515196000,s,1340
5515110000,r,1440
5515110000,r,1440
5515110000,r,1440
5515110000,r,1440
5515110000,r,1440
5515110000,r,1440
5515299000,s,1340
5515478000,s,1340
5515513000,s,1340
5515648000,s,1340
5515685000,s,1340
5526679000,s,1340
5539404000,r,1440
5539405000,r,1440
5539405000,r,1440
5539405000,r,1440
5539405000,r,1440
5539405000,r,1440
5539406000,r,1440
5539406000,r,1440
5539737000,r,1440
5541150000,s,1340
5541342000,s,1340
5541756000,s,1340
5541815000,s,1340
5541831000,s,1340
5541871000,s,1340
5549779000,r,1440
5549779000,r,1440
5549779000,r,1440
5549779000,r,1440
5549779000,r,1440
5549779000,r,1440
5549779000,r,1440
5549780000,r,1440
5549969000,r,1440
5549969000,r,1440
5549969000,r,1440
5549970000,r,1440
5549970000,r,1440
5549970000,r,1440
5549970000,r,1440
5549970000,r,1440
5550034000,r,1440
5550034000,r,1440
5550034000,r,1440
5550035000,r,1440
5550035000,r,1440
5550035000,r,1440
5550035000,r,1440
5550036000,r,1440
5550992000,s,1340
5551168000,s,1340
5551524000,s,1340
5551666000,s,1340
5551798000,s,1340
5551971000,s,1340
5552097000,s,1340
5552217000,s,1340
5552615000,s,1340
5552755000,s,1340
5552874000,s,1340
5553004000,s,1340
5553140000,s,1340
5553260000,s,1340
5553365000,s,1340
5553473000,s,1340
5553580000,s,1340
5553700000,s,1340
5553802000,s,1340
5553901000,s,1340
5554006000,s,1340
5554885000,s,1340
5555005000,s,1340
5555116000,s,1340
5555223000,s,1340
5555365000,s,1340
5555635000,s,1340
5555742000,s,1340
5555819000,s,1340
5555877000,s,1340
5556806000,s,1340
5557173000,s,1340
5557554000,s,1340
5557672000,s,1340
5557793000,s,1340
5558101000,s,1340
5558224000,s,1340
5558325000,s,1340
5558501000,s,1340
5559549000,s,1340
5559618000,s,1340
5560970000,s,1340
5561082000,s,1340
5561404000,s,1340
5562030000,s,1340
5562239000,s,1340
5562297000,s,1340
5562596000,s,1340
5562808000,s,1340
5563233000,s,1340
5563428000,s,1340
5563512000,s,1340
5563568000,s,1340
5563756000,s,1340
5563833000,s,1340
5563888000,s,1340
5564001000,s,1340
5564158000,s,1340
5564278000,s,1340
5564523000,s,1340
5564674000,s,1340
5564801000,s,1340
5565319000,s,1340
5565391000,s,1340
5565417000,s,1340
5565445000,s,1340
5565625000,s,1340
5565841000,s,1340
5566312000,s,1340
5566451000,s,1340
5566580000,s,1340
5566709000,s,1340
5566964000,r,1440
5567031000,s,1340
5566964000,r,1440
5566964000,r,1440
5567192000,s,1340
5567538000,s,1340
5567839000,s,1340
5567987000,s,1340
5568058000,s,1340
5568082000,s,1340
5568152000,s,1340
5568204000,s,1340
5568467000,r,1440
5568467000,r,1440
5568467000,r,1440
5568467000,r,1440
5568467000,r,1440
5568467000,r,1440
5568468000,r,1440
5568468000,r,1440
5568553000,r,1440
5568553000,r,1440
5568553000,r,1440
5568945000,s,1340
5568996000,s,1340
5569226000,s,1340
5569280000,s,1340
5569304000,s,1340
5569316000,s,1340
5569332000,s,1340
5569515000,s,1340
5579689000,s,1340
5584485000,r,1440
5584485000,r,1440
5584485000,r,1440
5585295000,s,1340
5585388000,s,1340
5585415000,s,1340
5585429000,s,1340
5585445000,s,1340
5585515000,r,1440
5585515000,r,1440
5585516000,r,1440
5585516000,r,1440
5585516000,r,1440
5585516000,r,1440
5585516000,r,1440
5585516000,r,1440
5585620000,r,1440
5585620000,r,1440
5585620000,r,1440
5585621000,r,1440
5585621000,r,1440
5585621000,r,1440
5585621000,r,1440
5585621000,r,1440
5585672000,r,1440
5585672000,r,1440
5585672000,r,1440
5585672000,r,1440
5585673000,r,1440
5585673000,r,1440
5585673000,r,1440
5586504000,s,1340
5587241000,s,1340
5587518000,s,1340
5587647000,s,1340
5587762000,s,1340
5587893000,s,1340
5588010000,s,1340
5588131000,s,1340
5588222000,s,1340
5588279000,s,1340
5588474000,s,1340
5588626000,s,1340
5588851000,s,1340
5588975000,s,1340
5589091000,s,1340
5589189000,s,1340
5589297000,s,1340
5589403000,s,1340
5589631000,s,1340
5589831000,s,1340
5589998000,s,1340
5590122000,s,1340
5590339000,s,1340
5590376000,s,1340
5590479000,s,1340
5590557000,s,1340
5590632000,s,1340
5590695000,s,1340
5590762000,s,1340
5590938000,s,1340
5591067000,s,1340
5591189000,s,1340
5591399000,s,1340
5592309000,s,1340
5592632000,s,1340
5592755000,s,1340
5593026000,s,1340
5593172000,s,1340
5593376000,s,1340
5593549000,s,1340
5593795000,s,1340
5593914000,s,1340
5594044000,s,1340
5594143000,s,1340
5594348000,s,1340
5594476000,s,1340
5594713000,s,1340
5594844000,s,1340
5595066000,s,1340
5595193000,s,1340
5595319000,s,1340
5595473000,s,1340
5595647000,s,1340
5595786000,s,1340
5596070000,s,1340
5596331000,s,1340
5596566000,s,1340
5596616000,s,1340
5596968000,s,1340
5597338000,s,1340
5597516000,s,1340
5597977000,s,1340
5598126000,s,1340
5598443000,s,1340
5598619000,s,1340
5598945000,s,1340
5599095000,s,1340
5599423000,s,1340
5599686000,s,1340
5599948000,s,1340
5600213000,s,1340
5600468000,s,1340
5600742000,s,1340
5601024000,s,1340
5601293000,s,1340
5601538000,s,1340
5601804000,s,1340
5602067000,s,1340
5602338000,s,1340
5602604000,s,1340
5602998000,s,1340
5603281000,s,1340
5603583000,s,1340
5603989000,s,1340
5604183000,s,1340
5604337000,s,1340
5604709000,s,1340
5604893000,s,1340
5605046000,s,1340
5605428000,s,1340
5605605000,s,1340
5605757000,s,1340
5606111000,s,1340
5606300000,s,1340
5606449000,s,1340
5606789000,s,1340
5607071000,s,1340
5607401000,s,1340
5607657000,s,1340
5608054000,s,1340
5608244000,s,1340
5608394000,s,1340
5608664000,s,1340
5609128000,s,1340
5609310000,s,1340
5609465000,s,1340
5609852000,s,1340
5610008000,s,1340
5610142000,s,1340
5610345000,s,1340
5610526000,s,1340
5610721000,s,1340
5610859000,s,1340
5611008000,s,1340
5620645000,s,1340
5623457000,r,1440
5623458000,r,1440
5623458000,r,1440
5623458000,r,1440
5623458000,r,1440
5623459000,r,1440
5623459000,r,1440
5623459000,r,1440
5623728000,r,1440
5623728000,r,1440
5623728000,r,1440
5623729000,r,1440
5623729000,r,1440
5623729000,r,1440
5623730000,r,1440
5623730000,r,1440
5623822000,r,1440
5623822000,r,1440
5623822000,r,1440
5623823000,r,1440
5623823000,r,1440
5623823000,r,1440
5623824000,r,1440
5623824000,r,1440
5623915000,r,1440
5623915000,r,1440
5623915000,r,1440
5624418000,s,1340
5624583000,s,1340
5624681000,s,1340
5624812000,s,1340
5624919000,s,1340
5625015000,s,1340
5625111000,s,1340
5625247000,s,1340
5625380000,s,1340
5625509000,s,1340
5625693000,s,1340
5634725000,r,1440
5634725000,r,1440
5634726000,r,1440
5634726000,r,1440
5634726000,r,1440
5634727000,r,1440
5634727000,r,1440
5634727000,r,1440
5635030000,r,1440
5635030000,r,1440
5635030000,r,1440
5635031000,r,1440
5635031000,r,1440
5635031000,r,1440
5635032000,r,1440
5635032000,r,1440
5635138000,r,1440
5635138000,r,1440
5635138000,r,1440
5635139000,r,1440
5635139000,r,1440
5635139000,r,1440
5635140000,r,1440
5635140000,r,1440
5635690000,s,1340
5635930000,s,1340
5636197000,s,1340
5636305000,s,1340
5636346000,s,1340
5636378000,s,1340
5636408000,s,1340
5636435000,s,1340
5636462000,s,1340
5636490000,s,1340
5636514000,s,1340
5636538000,s,1340
5636565000,s,1340
5636594000,s,1340
5636618000,s,1340
5636648000,s,1340
5637139000,s,1340
5637341000,s,1340
5637952000,r,1440
5637952000,r,1440
5637953000,r,1440
5637953000,r,1440
5638884000,s,1340
5647510000,s,1340
5655423000,r,1440
5656432000,s,1340
5664322000,r,1440
5664322000,r,1440
5664322000,r,1440
5664323000,r,1440
5665430000,s,1340
5684400000,r,1440
5684401000,r,1440
5684401000,r,1440
5684402000,r,1440
5684402000,r,1440
5685732000,s,1340
5685949000,s,1340
5693584000,r,1440
5693585000,r,1440
5693585000,r,1440
5693585000,r,1440
5693586000,r,1440
5693586000,r,1440
5693587000,r,1440
5693587000,r,1440
5693954000,r,1440
5693954000,r,1440
5693955000,r,1440
5693955000,r,1440
5693956000,r,1440
5693956000,r,1440
5693957000,r,1440
5693957000,r,1440
5694143000,r,1440
5694143000,r,1440
5694144000,r,1440
5694144000,r,1440
5694145000,r,1440
5694145000,r,1440
5694146000,r,1440
5694146000,r,1440
5694293000,r,1440
5694293000,r,1440
5694294000,r,1440
5694294000,r,1440
5694295000,r,1440
5694295000,r,1440
5695387000,r,1440
5695388000,r,1440
5695388000,r,1440
5695389000,r,1440
5695389000,r,1440
5695390000,r,1440
5696216000,s,1340
5696745000,s,1340
5697138000,s,1340
5697644000,s,1340
5698214000,s,1340
5698451000,s,1340
5698800000,s,1340
5699012000,s,1340
5699231000,s,1340
5699596000,s,1340
5699825000,s,1340
5700038000,s,1340
5700186000,r,1440
5700245000,s,1340
5700187000,r,1440
5700187000,r,1440
5700411000,s,1340
5700568000,s,1340
5700795000,s,1340
5701021000,s,1340
5701242000,s,1340
5701407000,s,1340
5701638000,s,1340
5701797000,s,1340
5702005000,s,1340
5702248000,s,1340
5702471000,s,1340
5702731000,s,1340
5702938000,s,1340
5703140000,s,1340
5703419000,s,1340
5703652000,s,1340
5703840000,s,1340
5704139000,s,1340
5704304000,s,1340
5704460000,s,1340
5704629000,s,1340
5704808000,s,1340
5704962000,s,1340
5705107000,s,1340
5705406000,s,1340
5705728000,s,1340
5707946000,r,1440
5713677000,s,1340
5718745000,r,1440
5718746000,r,1440
5718746000,r,1440
5718747000,r,1440
5718747000,r,1440
5718748000,r,1440
5718748000,r,1440
5718748000,r,1440
5719072000,r,1440
5719073000,r,1440
5720555000,s,1340
5720874000,s,1340
5721040000,s,1340
5721137000,s,1340
5731596000,r,1440
5731597000,r,1440
5731597000,r,1440
5731598000,r,1440
5731598000,r,1440
5731599000,r,1440
5731599000,r,1440
5731600000,r,1440
5731781000,r,1440
5731782000,r,1440
5731782000,r,1440
5731783000,r,1440
5731783000,r,1440
5731784000,r,1440
5731784000,r,1440
5731785000,r,1440
5731915000,r,1440
5731915000,r,1440
5731916000,r,1440
5731916000,r,1440
5731917000,r,1440
5732040000,r,1440
5732040000,r,1440
5732041000,r,1440
5732041000,r,1440
5732042000,r,1440
5732042000,r,1440
5733001000,s,1340
5733216000,r,1440
5733217000,r,1440
5733217000,r,1440
5733867000,r,1440
5733867000,r,1440
5733868000,r,1440
5733868000,r,1440
5734841000,s,1340
5735064000,s,1340
5735282000,s,1340
5735534000,s,1340
5735717000,s,1340
5737561000,s,1340
5737757000,s,1340
5737920000,s,1340
5738092000,s,1340
5738279000,s,1340
5738493000,s,1340
5738650000,s,1340
5738837000,s,1340
5738998000,s,1340
5739159000,s,1340
5739377000,s,1340
5739544000,s,1340
5739710000,s,1340
5739879000,s,1340
5740046000,s,1340
5740216000,s,1340
5740383000,s,1340
5740537000,s,1340
5740678000,s,1340
5740832000,s,1340
5741027000,s,1340
5741433000,s,1340
5741629000,s,1340
5741816000,s,1340
5741999000,s,1340
5742168000,s,1340
5742310000,s,1340
5742517000,s,1340
5742875000,s,1340
5743057000,s,1340
5743207000,s,1340
5748806000,s,1340
5755288000,r,1440
5755288000,r,1440
5755288000,r,1440
5755288000,r,1440
5755289000,r,1440
5755289000,r,1440
5755289000,r,1440
5755289000,r,1440
5755488000,r,1440
5755489000,r,1440
5755489000,r,1440
5755489000,r,1440
5755489000,r,1440
5755489000,r,1440
5755489000,r,1440
5755490000,r,1440
5755541000,r,1440
5755541000,r,1440
5755541000,r,1440
5755541000,r,1440
5755541000,r,1440
5756909000,s,1340
5757268000,s,1340
5757947000,s,1340
5758320000,r,1440
5758320000,r,1440
5758321000,r,1440
5758321000,r,1440
5758321000,r,1440
5759410000,s,1340
5759559000,s,1340
5759592000,s,1340
5759608000,s,1340
5759625000,s,1340
5759641000,s,1340
5759658000,s,1340
5759676000,s,1340
5759690000,s,1340
5759706000,s,1340
5759723000,s,1340
5759971000,s,1340
5760387000,s,1340
5760612000,s,1340
5760836000,s,1340
5761071000,s,1340
5761270000,s,1340
5762178000,s,1340
5762395000,s,1340
5762592000,s,1340
5762988000,s,1340
5763651000,s,1340
5764334000,s,1340
5764598000,s,1340
5764833000,s,1340
5765372000,s,1340
5765615000,s,1340
5765821000,s,1340
5766027000,s,1340
5766221000,s,1340
5766430000,s,1340
5768415000,s,1340
5768638000,s,1340
5769575000,s,1340
5770030000,s,1340
5770215000,s,1340
5770487000,s,1340
5770646000,s,1340
5770790000,s,1340
5770928000,s,1340
5771064000,s,1340
5771216000,s,1340
5771556000,s,1340
5772172000,s,1340
5772733000,s,1340
5773197000,s,1340
5773458000,s,1340
5773765000,s,1340
5774064000,s,1340
5774378000,s,1340
5774389000,r,1440
5774389000,r,1440
5774389000,r,1440
5774389000,r,1440
5774390000,r,1440
5774390000,r,1440
5774485000,s,1340
5774390000,r,1440
5774390000,r,1440
5774508000,r,1440
5774508000,r,1440
5774508000,r,1440
5774509000,r,1440
5774582000,s,1340
5774686000,s,1340
5774797000,s,1340
5774851000,r,1440
5774851000,r,1440
5774851000,r,1440
5774851000,r,1440
5774851000,r,1440
5774851000,r,1440
5774897000,s,1340
5774998000,s,1340
5775024000,r,1440
5775024000,r,1440
5775024000,r,1440
5775096000,s,1340
5775195000,s,1340
5775294000,r,1440
5775294000,r,1440
5775294000,r,1440
5775528000,s,1340
5775861000,s,1340
5775993000,s,1340
5776314000,s,1340
5776435000,s,1340
5776542000,s,1340
5776730000,s,1340
5776903000,s,1340
5777041000,s,1340
5777142000,s,1340
5777254000,s,1340
5777353000,s,1340
5777454000,s,1340
5777550000,s,1340
5777644000,s,1340
5777862000,s,1340
5778023000,s,1340
5778278000,s,1340
5778451000,s,1340
5778642000,s,1340
5778758000,s,1340
5778885000,s,1340
5779164000,s,1340
5779298000,s,1340
5779382000,r,1440
5779382000,r,1440
5779447000,s,1340
5779382000,r,1440
5779382000,r,1440
5779382000,r,1440
5779382000,r,1440
5779383000,r,1440
5779566000,s,1340
5779674000,s,1340
5779791000,s,1340
5779910000,s,1340
5780122000,s,1340
5780293000,s,1340
5780444000,s,1340
5780586000,s,1340
5780808000,s,1340
5781316000,s,1340
5781453000,s,1340
5781563000,s,1340
5781672000,s,1340
5781784000,s,1340
5792597000,s,1340
5804983000,r,1440
5804984000,r,1440
5804984000,r,1440
5804984000,r,1440
5804984000,r,1440
5804984000,r,1440
5804984000,r,1440
5804985000,r,1440
5805182000,r,1440
5805182000,r,1440
5805183000,r,1440
5805183000,r,1440
5805183000,r,1440
5805183000,r,1440
5805183000,r,1440
5805183000,r,1440
5805233000,r,1440
5805233000,r,1440
5805233000,r,1440
5805234000,r,1440
5805234000,r,1440
5805505000,r,1440
5805505000,r,1440
5805505000,r,1440
5805505000,r,1440
5805506000,r,1440
5805506000,r,1440
5805506000,r,1440
5805506000,r,1440
5805560000,r,1440
5805821000,r,1440
5805821000,r,1440
5805821000,r,1440
5805821000,r,1440
5805822000,r,1440
5805822000,r,1440
5806910000,s,1340
5807103000,s,1340
5807137000,r,1440
5807137000,r,1440
5807137000,r,1440
5807137000,r,1440
5807138000,r,1440
5807138000,r,1440
5807138000,r,1440
5807138000,r,1440
5807229000,r,1440
5807229000,r,1440
5807229000,r,1440
5807229000,r,1440
5807312000,r,1440
5807312000,r,1440
5807312000,r,1440
5807313000,r,1440
5807313000,r,1440
5807313000,r,1440
5807695000,r,1440
5807695000,r,1440
5807695000,r,1440
5807867000,s,1340
5807990000,r,1440
5807990000,r,1440
5807990000,r,1440
5808045000,s,1340
5808261000,s,1340
5808691000,s,1340
5809659000,r,1440
5809659000,r,1440
5809659000,r,1440
5809659000,r,1440
5809659000,r,1440
5813953000,s,1340
5814108000,s,1340
5814227000,s,1340
5814313000,s,1340
5814420000,s,1340
5814534000,s,1340
5814644000,s,1340
5814757000,s,1340
5814874000,s,1340
5814994000,s,1340
5815108000,s,1340
5815234000,s,1340
5815395000,s,1340
5815514000,s,1340
5815627000,s,1340
5815734000,s,1340
5815846000,s,1340
5815955000,s,1340
5816073000,s,1340
5816192000,s,1340
5816312000,s,1340
5816435000,s,1340
5816541000,s,1340
5816654000,s,1340
5816752000,s,1340
5816853000,s,1340
5816958000,s,1340
5817066000,s,1340
5817165000,s,1340
5817272000,s,1340
5817390000,s,1340
5817510000,s,1340
5817620000,s,1340
5817735000,s,1340
5817854000,s,1340
5817974000,s,1340
5818080000,s,1340
5818199000,s,1340
5818312000,s,1340
5818419000,s,1340
5818533000,s,1340
5818657000,s,1340
5818774000,s,1340
5818981000,s,1340
5819106000,s,1340
5819272000,s,1340
5819441000,s,1340
5819553000,s,1340
5819660000,s,1340
5819766000,s,1340
5819875000,s,1340
5819988000,s,1340
5820101000,s,1340
5821552000,s,1340
5821722000,s,1340
5821863000,s,1340
5823153000,s,1340
5823537000,s,1340
5823682000,s,1340
5823800000,s,1340
5823911000,s,1340
5824007000,s,1340
5824102000,s,1340
5824250000,s,1340
5824509000,s,1340
5824878000,s,1340
5825263000,s,1340
5825626000,s,1340
5825757000,s,1340
5825879000,s,1340
5825995000,s,1340
5826192000,s,1340
5826663000,s,1340
5826786000,s,1340
5826872000,s,1340
5827160000,s,1340
5827380000,s,1340
5827673000,s,1340
5827816000,s,1340
5827929000,s,1340
5828560000,s,1340
5828725000,s,1340
5828892000,s,1340
5829110000,s,1340
5829449000,s,1340
5829822000,s,1340
5830020000,s,1340
5830206000,s,1340
5830396000,s,1340
5830438000,s,1340
5830543000,s,1340
5830598000,s,1340
5841305000,s,1340
5857425000,r,1440
5857425000,r,1440
5857425000,r,1440
5857425000,r,1440
5857426000,r,1440
5857426000,r,1440
5857426000,r,1440
5857426000,r,1440
5857736000,r,1440
5857736000,r,1440
5857736000,r,1440
5857736000,r,1440
5857736000,r,1440
5857736000,r,1440
5857737000,r,1440
5857737000,r,1440
5857847000,r,1440
5857847000,r,1440
5857848000,r,1440
5857848000,r,1440
5857848000,r,1440
5857848000,r,1440
5857848000,r,1440
5857849000,r,1440
5857931000,r,1440
5857931000,r,1440
5857931000,r,1440
5857931000,r,1440
5857932000,r,1440
5857932000,r,1440
5857932000,r,1440
5857932000,r,1440
5858002000,r,1440
5858002000,r,1440
5858002000,r,1440
5862522000,s,1340
5862736000,s,1340
5862875000,s,1340
5862904000,s,1340
5862924000,s,1340
5862940000,s,1340
5862957000,s,1340
5862973000,s,1340
5862991000,s,1340
5863006000,s,1340
5863038000,s,1340
5863057000,s,1340
5863076000,s,1340
5863091000,s,1340
5863106000,s,1340
5863119000,s,1340
5863133000,s,1340
5863147000,s,1340
5863163000,s,1340
5863182000,s,1340
5863197000,s,1340
5863757000,s,1340
5863958000,s,1340
5864118000,s,1340
5864274000,s,1340
5864683000,s,1340
5865444000,s,1340
5865639000,s,1340
5865768000,s,1340
5865891000,s,1340
5866014000,s,1340
5866138000,s,1340
5866274000,s,1340
5866396000,s,1340
5866517000,s,1340
5866836000,s,1340
5866950000,s,1340
5867066000,s,1340
5867184000,s,1340
5867306000,s,1340
5867863000,s,1340
5868084000,s,1340
5868402000,s,1340
5868968000,s,1340
5869272000,s,1340
5869413000,s,1340
5869525000,s,1340
5869643000,s,1340
5869755000,s,1340
5869860000,s,1340
5869973000,s,1340
5870084000,s,1340
5870192000,s,1340
5870474000,s,1340
5870616000,s,1340
5870707000,s,1340
5870793000,s,1340
5870866000,s,1340
5871184000,s,1340
5871375000,s,1340
5872299000,s,1340
5872438000,s,1340
5872572000,s,1340
5872696000,s,1340
5872814000,r,1440
5872824000,s,1340
5872814000,r,1440
5872814000,r,1440
5872814000,r,1440
5872814000,r,1440
5872815000,r,1440
5872815000,r,1440
5872815000,r,1440
5872978000,r,1440
5872978000,r,1440
5872978000,r,1440
5872979000,r,1440
5872979000,r,1440
5872979000,r,1440
5872979000,r,1440
5873181000,s,1340
5873248000,s,1340
5873279000,s,1340
5873455000,s,1340
5880157000,r,1440
5883058000,r,1440
5883058000,r,1440
5883058000,r,1440
5883058000,r,1440
5883434000,r,1440
5883523000,s,1340
5883588000,s,1340
5883615000,s,1340
5883933000,s,1340
5893278000,r,1440
5895902000,r,1440
5907667000,r,1440
5907667000,r,1440
5907667000,r,1440
5907667000,r,1440
5907667000,r,1440
5908753000,s,1340
5908929000,s,1340
5923225000,r,1440
5923225000,r,1440
5923225000,r,1440
5923225000,r,1440
5924373000,s,1340
5935058000,r,1440
5935058000,r,1440
5935058000,r,1440
5935059000,r,1440
5935059000,r,1440
5935942000,s,1340
5936051000,s,1340
6003003000,s,1340
6003449000,s,1340
6017113000,s,1340
6017361000,s,1340
6017449000,s,1340
6022088000,s,1340
6023049000,s,1340
6026183000,r,1440
6031062000,r,1440
6032881000,r,1440
6033493000,s,1340
6035083000,r,1440
6035083000,r,1440
6036027000,s,1340
6039186000,r,1440
6039186000,r,1440
6039187000,r,1440
6039187000,r,1440
6039940000,s,1340
6041749000,r,1440
6041749000,r,1440
6041749000,r,1440
6041749000,r,1440
6041749000,r,1440
6041749000,r,1440
6041750000,r,1440
6041750000,r,1440
6041840000,r,1440
6041841000,r,1440
6041841000,r,1440
6041841000,r,1440
6041841000,r,1440
6041841000,r,1440
6041841000,r,1440
6041883000,r,1440
6041883000,r,1440
6041883000,r,1440
6042465000,s,1340
6042596000,s,1340
6043141000,s,1340
6043190000,s,1340
6043600000,s,1340
6043781000,s,1340
6043831000,s,1340
6045041000,r,1440
6045041000,r,1440
6045154000,s,1340
6045042000,r,1440
6045042000,r,1440
6045042000,r,1440
6045042000,r,1440
6045042000,r,1440
6045275000,s,1340
6045310000,s,1340
6045341000,s,1340
6045377000,s,1340
6045397000,s,1340
6045418000,s,1340
6045439000,s,1340
6045449000,s,1340
6045490000,s,1340
6045543000,s,1340
6045598000,s,1340
6045619000,s,1340
6045750000,s,1340
6049802000,r,1440
6049802000,r,1440
6049802000,r,1440
6049802000,r,1440
6049802000,r,1440
6049802000,r,1440
6049803000,r,1440
6049803000,r,1440
6049981000,r,1440
6049981000,r,1440
6049981000,r,1440
6049981000,r,1440
6050435000,s,1340
6050492000,s,1340
6050522000,s,1340
6050538000,s,1340
6050615000,s,1340
6050659000,s,1340
6050676000,s,1340
6050688000,s,1340
6050702000,s,1340
6050713000,s,1340
6050736000,s,1340
6050749000,s,1340
6051390000,s,1340
6051515000,r,1440
6051515000,r,1440
6051515000,r,1440
6051515000,r,1440
6051515000,r,1440
6051515000,r,1440
6051516000,r,1440
6051936000,s,1340
6052055000,s,1340
6052150000,s,1340
6052258000,s,1340
6052363000,s,1340
6052459000,s,1340
6052557000,s,1340
6052565000,r,1440
6052565000,r,1440
6052565000,r,1440
6052565000,r,1440
6052565000,r,1440
6052654000,s,1340
6052853000,s,1340
6052970000,s,1340
6053119000,s,1340
6055358000,r,1440
6056265000,s,1340
6057410000,r,1440
6057410000,r,1440
6057410000,r,1440
6057410000,r,1440
6057410000,r,1440
6057410000,r,1440
6057411000,r,1440
6057411000,r,1440
6057501000,r,1440
6057501000,r,1440
6057501000,r,1440
6057501000,r,1440
6057501000,r,1440
6057501000,r,1440
6057501000,r,1440
6057781000,r,1440
6057781000,r,1440
6057781000,r,1440
6058078000,s,1340
6058121000,s,1340
6058756000,s,1340
6058970000,s,1340
6059106000,s,1340
6059718000,s,1340
6059830000,s,1340
6059932000,s,1340
6060006000,s,1340
6060078000,s,1340
6060143000,s,1340
6060202000,s,1340
6060257000,s,1340
6060322000,s,1340
6060398000,s,1340
6060469000,s,1340
6060542000,s,1340
6060608000,s,1340
6061897000,r,1440
6061897000,r,1440
6061897000,r,1440
6061897000,r,1440
6061897000,r,1440
6061897000,r,1440
6061897000,r,1440
6062399000,s,1340
6062493000,s,1340
6062718000,s,1340
6062897000,s,1340
6063125000,s,1340
6063149000,s,1340
6063159000,s,1340
6063167000,s,1340
6063176000,s,1340
6066490000,r,1440
6072686000,r,1440
6072686000,r,1440
6072686000,r,1440
6072686000,r,1440
6072686000,r,1440
6073022000,s,1340
6073071000,s,1340
6073282000,s,1340
6073371000,s,1340
6076212000,r,1440
6076212000,r,1440
6076213000,r,1440
6076213000,r,1440
6076213000,r,1440
6076213000,r,1440
6076716000,s,1340
6076813000,s,1340
6085076000,r,1440
6090012000,r,1440
6090012000,r,1440
6090012000,r,1440
6090012000,r,1440
6090012000,r,1440
6090012000,r,1440
6090012000,r,1440
6090013000,r,1440
6090114000,r,1440
6090622000,s,1340
6090779000,s,1340
6092422000,r,1440
6092423000,r,1440
6092423000,r,1440
6093007000,s,1340
6094599000,r,1440
6094599000,r,1440
6094599000,r,1440
6094599000,r,1440
6094999000,s,1340
6095047000,s,1340
6102022000,r,1440
6103725000,s,1340
6112613000,r,1440
6112613000,r,1440
6113807000,r,1440
6113807000,r,1440
6114359000,s,1340
6117749000,r,1440
6117749000,r,1440
6118178000,s,1340
6124548000,r,1440
6124548000,r,1440
6125923000,s,1340
6128818000,r,1440
6132404000,r,1440
6134080000,s,1340
6135356000,r,1440
6135553000,s,1340
6139976000,r,1440
6141981000,r,1440
6607454000,r,1440
6607454000,r,1440
6607455000,r,1440
6607455000,r,1440
6607456000,r,1440
6607456000,r,1440
6607457000,r,1440
6607457000,r,1440
6608035000,r,1440
6608035000,r,1440
6608036000,r,1440
6608036000,r,1440
6608037000,r,1440
6608037000,r,1440
6608038000,r,1440
6608038000,r,1440
6608180000,r,1440
6608180000,r,1440
6608181000,r,1440
6608181000,r,1440
6608182000,r,1440
6608458000,r,1440
6608459000,r,1440
6608459000,r,1440
6609343000,r,1440
6609343000,r,1440
6609343000,r,1440
6609344000,r,1440
6609344000,r,1440
6609718000,s,1340
6610130000,s,1340
6610291000,s,1340
6610561000,s,1340
6610714000,s,1340
6610766000,s,1340
6610891000,s,1340
6610944000,s,1340
6610984000,s,1340
6611018000,s,1340
6611176000,s,1340
6611243000,s,1340
6611278000,s,1340
6611469000,s,1340
6611533000,s,1340
6611570000,s,1340
6611894000,s,1340
6612070000,s,1340
6612408000,s,1340
6612533000,s,1340
6612620000,s,1340
6612701000,s,1340
6612858000,s,1340
6613356000,s,1340
6613413000,s,1340
6613446000,s,1340
6613474000,s,1340
6613783000,s,1340
6613978000,s,1340
6614137000,s,1340
6614278000,s,1340
6614601000,s,1340
6614743000,s,1340
6614863000,s,1340
6615193000,s,1340
6615544000,s,1340
6615601000,s,1340
6615874000,s,1340
6615987000,s,1340
6616118000,s,1340
6616340000,s,1340
6616383000,s,1340
6616516000,s,1340
6616705000,s,1340
6617118000,s,1340
6617172000,s,1340
6617409000,s,1340
6617478000,s,1340
6617623000,s,1340
6617717000,s,1340
6617806000,s,1340
6617889000,r,1440
6618057000,s,1340
6618307000,s,1340
6618508000,s,1340
6618806000,s,1340
6619006000,s,1340
6619437000,s,1340
6619606000,s,1340
6619761000,s,1340
6619993000,s,1340
6620151000,s,1340
6620308000,s,1340
6620629000,s,1340
6620675000,r,1440
6620924000,s,1340
6621150000,s,1340
6625610000,r,1440
6625610000,r,1440
6625610000,r,1440
6625611000,r,1440
6625611000,r,1440
6625611000,r,1440
6625612000,r,1440
6626502000,s,1340
6626617000,s,1340
6626676000,s,1340
6626712000,s,1340
6626746000,s,1340
6627623000,r,1440
6636855000,s,1340
6639472000,r,1440
6639472000,r,1440
6639472000,r,1440
6639473000,r,1440
6639473000,r,1440
6639474000,r,1440
6639800000,r,1440
6639800000,r,1440
6640445000,s,1340
6640559000,s,1340
6641800000,r,1440
6641801000,r,1440
6644733000,r,1440
6644734000,r,1440
6645377000,s,1340
6647059000,r,1440
6647060000,r,1440
6647849000,s,1340
6648778000,r,1440
6648778000,r,1440
6649823000,s,1340
6650990000,r,1440
6650990000,r,1440
6653778000,r,1440
6653779000,r,1440
6654750000,s,1340
6655020000,s,1340
6655394000,r,1440
6659371000,r,1440
6660408000,r,1440
6660408000,r,1440
6661285000,r,1440
6661448000,s,1340
6662293000,s,1340
6662864000,r,1440
6664955000,r,1440
6664955000,r,1440
6665938000,s,1340
6667055000,r,1440
6670469000,r,1440
6670470000,r,1440
6671306000,s,1340
6671625000,s,1340
6672644000,r,1440
6672645000,r,1440
6673235000,r,1440
6674421000,r,1440
6674670000,s,1340
6679381000,r,1440
6680674000,s,1340
8293267000,r,1440
8293268000,r,1440
8293268000,r,1440
8293269000,r,1440
8293269000,r,1440
8293270000,r,1440
8293270000,r,1440
8293270000,r,1440
8293905000,r,1440
8293906000,r,1440
8293906000,r,1440
8293907000,r,1440
8293907000,r,1440
8293908000,r,1440
8293908000,r,1440
8293908000,r,1440
8294055000,r,1440
8294056000,r,1440
8294056000,r,1440
8294057000,r,1440
8294057000,r,1440
8294058000,r,1440
8294058000,r,1440
8294058000,r,1440
8294197000,r,1440
8294198000,r,1440
8294198000,r,1440
8294198000,r,1440
8294199000,r,1440
8294199000,r,1440
8294200000,r,1440
8294200000,r,1440
8294323000,r,1440
8294843000,r,1440
8295597000,s,1340
8297193000,r,1440
8297194000,r,1440
8299193000,r,1440
8299193000,r,1440
8300374000,r,1440
8301784000,s,176
8302239000,r,1440
8302303000,s,1340
8302239000,r,1440
8302886000,s,1340
8303131000,s,1340
8303417000,s,1340
8303651000,s,1340
8303881000,s,1340
8304102000,s,1340
8304327000,s,1340
8304533000,s,1340
8304737000,s,1340
8304906000,s,1340
8305054000,s,1340
8305203000,s,1340
8305402000,s,1340
8305572000,s,1340
8305745000,s,1340
8305926000,s,1340
8306096000,s,1340
8306292000,s,1340
8306478000,s,1340
8306929000,s,1340
8307350000,r,1440
8308961000,s,1340
8309691000,s,1340
8309888000,s,1340
8310116000,s,1340
8310301000,s,1340
8310529000,s,1340
8310714000,r,1440
8310715000,r,120
8310749000,s,1340
8310716000,r,1440
8310967000,s,1340
8311168000,s,1340
8311366000,r,1440
8311367000,r,1440
8311474000,s,1340
8311678000,s,1340
8312848000,s,1340
8313329000,r,1440
8313329000,r,1440
8313330000,r,1440
8313330000,r,1440
8313331000,r,1440
8313331000,r,1440
8313669000,s,1340
8314237000,s,1340
8314381000,s,1340
8314491000,s,1340
8314604000,s,1340
8314766000,s,1340
8314865000,s,1340
8314951000,s,1340
8315193000,s,1340
8315864000,s,1340
8316140000,s,1340
8316324000,s,1340
8316458000,s,1340
8316594000,s,1340
8316721000,s,1340
8316864000,s,1340
8316990000,s,1340
8317262000,s,1340
8317270000,r,1440
8317271000,r,1440
8317271000,r,1440
8317271000,r,1440
8317272000,r,1440
8317272000,r,1440
8317273000,r,1440
8317273000,r,1440
8317495000,r,1440
8317495000,r,1440
8317496000,r,1440
8317621000,s,1340
8317988000,s,1340
8318393000,s,1340
8318638000,s,1340
8318879000,s,1340
8319162000,s,1340
8319497000,s,1340
8319727000,s,1340
8320434000,s,1340
8320717000,s,1340
8320877000,s,1340
8321018000,s,1340
8321156000,s,1340
8321320000,s,1340
8321725000,r,1440
8321725000,r,1440
8321726000,r,1440
8321726000,r,1440
8321727000,r,1440
8321727000,r,1440
8322326000,s,1340
8322870000,s,1340
8323019000,s,1340
8323151000,s,1340
8323300000,s,1340
8323658000,s,1340
8323799000,s,1340
8324208000,s,1340
8324362000,s,1340
8324521000,r,1440
8324605000,s,1340
8324522000,r,1440
8324522000,r,1440
8324736000,s,1340
8324835000,s,1340
8324930000,s,1340
8325199000,s,1340
8325333000,s,1340
8325455000,s,1340
8325573000,s,1340
8327365000,r,1440
8332507000,r,1440
8332507000,r,1440
8332508000,r,1440
8332508000,r,1440
8332508000,r,1440
8332509000,r,1440
8332509000,r,1440
8332509000,r,1440
8332759000,r,1440
8333613000,s,1340
8333851000,s,1340
8334262000,s,1340
8334388000,s,1340
8334635000,r,1440
8334636000,r,1440
8334724000,s,1340
8334636000,r,1440
8334636000,r,1440
8334637000,r,1440
8334637000,r,1440
8334637000,r,1440
8334637000,r,1440
8334837000,r,1440
8335146000,s,1340
8335245000,s,1340
8335323000,s,1340
8335457000,s,1340
8335654000,s,1340
8335694000,s,1340
8335716000,s,1340
8336029000,s,1340
8336133000,s,1340
8336259000,r,1440
8336328000,s,1340
8337171000,s,1340
8337310000,s,1340
8337502000,s,1340
8337710000,s,1340
8337870000,s,1340
8337976000,s,1340
8338076000,s,1340
8338177000,s,1340
8338216000,r,1440
8338284000,s,1340
8338216000,r,1440
8338217000,r,1440
8338217000,r,1440
8338217000,r,1440
8338218000,r,1440
8338218000,r,1440
8338626000,s,1340
8338753000,s,1340
8338868000,s,1340
8339056000,s,1340
8339170000,s,1340
8339284000,s,1340
8339493000,s,1340
8339608000,s,1340
8339716000,s,1340
8339796000,s,1340
8340100000,s,1340
8340291000,s,1340
8340417000,s,1340
8340549000,s,1340
8340667000,s,1340
8341095000,s,1340
8341278000,s,1340
8341404000,s,1340
8341525000,s,1340
8341652000,s,1340
8341983000,s,1340
8342123000,r,1440
8342150000,s,1340
8342123000,r,1440
8342339000,s,1340
8342668000,s,1340
8342763000,r,1440
8342814000,s,1340
8342876000,s,1340
8343935000,s,1340
8344036000,r,1440
8347606000,r,1440
8347607000,r,1440
8347607000,r,1440
8348994000,s,1340
8349251000,s,1340
8349464000,s,1340
8349673000,s,1340
8349866000,s,1340
8350335000,s,1340
8350557000,s,1340
8350765000,s,1340
8351099000,s,1340
8351396000,r,1440
8351430000,s,1340
8351396000,r,1440
8351396000,r,1440
8351397000,r,1440
8351644000,s,1340
8352103000,r,1440
8352103000,r,1440
8352103000,r,1440
8352104000,r,1440
8352104000,r,1440
8352105000,r,1440
8352105000,r,1440
8352106000,r,1440
8352284000,s,1340
8352520000,s,1340
8352723000,s,1340
8352913000,s,1340
8353107000,s,1340
8353323000,s,1340
8353549000,s,1340
8353747000,s,1340
8353942000,s,1340
8353957000,r,1440
8354135000,s,1340
8354322000,s,1340
8354530000,s,1340
8354709000,s,1340
8354891000,s,1340
8355066000,s,1340
8355129000,r,1440
8355214000,s,1340
8355129000,r,1440
8355518000,s,1340
8355731000,s,1340
8356095000,s,1340
8359041000,r,1440
8359041000,r,1440
8360954000,s,1340
8361099000,s,1340
8361228000,s,1340
8361421000,s,1340
8361485000,r,1440
8361486000,r,1440
8361557000,s,1340
8361486000,r,1440
8361486000,r,1440
8361486000,r,1440
8361487000,r,1440
8361665000,s,1340
8361974000,s,1340
8362113000,s,1340
8362286000,s,1340
8362511000,s,1340
8362647000,s,1340
8362763000,s,1340
8362882000,s,1340
8363004000,s,1340
8363228000,r,1440
8363229000,r,1440
8363229000,r,1440
8363229000,r,1440
8363229000,r,1440
8363969000,s,1340
8364123000,s,1340
8364173000,s,1340
8364294000,s,1340
8364355000,s,1340
8364953000,s,1340
8365048000,r,1440
8365049000,r,1440
8365133000,s,1340
8365410000,s,1340
8365639000,s,1340
8367168000,r,1440
8367168000,r,1440
8367168000,r,1440
8367967000,r,1440
8368651000,s,1340
8368834000,s,1340
8369040000,r,1440
8369170000,s,1340
8369287000,s,1340
8369860000,r,1440
8370451000,s,1340
8373592000,r,1440
8373593000,r,1440
8374822000,s,1340
8374845000,r,1440
8374997000,s,1340
8378149000,r,1440
8378149000,r,1440
8380491000,s,1340
8395380000,r,1440
8397215000,r,1440
8397345000,s,1340
8397940000,r,1440
8398337000,s,1340
10755874000,r,1440
10755886000,r,1440
10755887000,r,1440
10755887000,r,1440
10755888000,r,1440
10755888000,r,1440
10755889000,r,1440
10755889000,r,1440
10759995000,s,1340
10760403000,s,1340
10760618000,s,1340
10760857000,s,1340
10770072000,r,1440
10770072000,r,1440
10772788000,s,1340
10787546000,r,1440
10791494000,r,1440
10791768000,r,1440
10792882000,s,1340
15198960000,s,1340
15619704000,r,1440
15619704000,r,1440
15622753000,s,1340
15634433000,r,1440
15634434000,r,1440
15634434000,r,1440
15636862000,s,1340
15637663000,r,1440
15637663000,r,1440
15638336000,r,1440
15639447000,r,1440
15639940000,r,1440
15640256000,s,1340
15640843000,s,1340
15641179000,s,1340
15641401000,r,1440
15641920000,r,1440
15643070000,r,1440
15643757000,s,1340
15644125000,s,1340
15647085000,r,1440
15647086000,r,1440
15648496000,s,1340
15649203000,r,1440
15649204000,r,1440
15650044000,r,1440
15651124000,s,1340
15651558000,s,1340
15653261000,r,1440
15653262000,r,1440
15658257000,r,1440
15658257000,r,1440
15659749000,s,1340
17307933000,r,1440
17307933000,r,1440
17307934000,r,1440
17307934000,r,1440
17307935000,r,1440
17307935000,r,1440
17307936000,r,1440
17307936000,r,1440
17308764000,r,1440
17308765000,r,1440
17312128000,s,1340
17312642000,s,1340
18281991000,r,1440
18281992000,r,1440
18281992000,r,1440
18281993000,r,1440
18281993000,r,1440
18281994000,r,1440
18281994000,r,1440
18281995000,r,1440
18282831000,r,1440
18282831000,r,1440
18287760000,s,1340
18288216000,s,1340
18288431000,s,1340
18288688000,s,1340
18289553000,s,1340
18291678000,s,1340
18298184000,r,1440
18298184000,r,1440
18299118000,r,1440
18299410000,s,1340
18300575000,r,1440
18300606000,s,1340
18303109000,r,1440
18303110000,r,1440
18304907000,s,1340
18305205000,s,1340
18307473000,r,1440
18309940000,s,1340
18310290000,r,1440
18310292000,s,1340
18310290000,r,1440
18310291000,r,1440
18310514000,s,1340
18311271000,s,1340
18311654000,s,1340
18311869000,s,1340
18312121000,s,1340
18312316000,s,1340
18312357000,r,1440
18312528000,s,1340
18312803000,s,1340
18313018000,s,1340
18313215000,s,1340
18313505000,s,1340
18313783000,s,1340
18314231000,s,1340
18314505000,s,1340
18314763000,s,1340
18315026000,s,1340
18315298000,s,1340
18315408000,r,1440
18315408000,r,1440
18315409000,r,1440
18315630000,r,1440
18315631000,r,1440
18315713000,s,1340
18315866000,r,1440
18315980000,s,1340
18315993000,r,1440
18316272000,s,1340
18316576000,s,1340
18316862000,s,1340
18317142000,s,1340
18317229000,r,1440
18317443000,s,1340
18317723000,s,1340
18317987000,s,1340
18318223000,s,1340
18318490000,s,1340
18318655000,r,1440
18318736000,s,1340
18318970000,s,1340
18319208000,s,1340
18319631000,s,1340
18321582000,r,1440
18321582000,r,1440
18321582000,r,1440
18322709000,s,1340
18322836000,r,1440
18323041000,s,1340
18324279000,s,1340
18325725000,r,1440
18325725000,r,1440
18327066000,r,1440
18327066000,r,1440
18327182000,s,1340
18328186000,s,1340
18328516000,s,1340
18329394000,r,1440
18329395000,r,1440
18330607000,r,1440
18331688000,s,1340
18333011000,r,1440
18333012000,r,1440
18333761000,r,1440
18334500000,s,1340
18334731000,r,1440
18335010000,s,1340
18339402000,r,1440
21569800000,s,1340
21580043000,s,1340
21583473000,s,1340
21583504000,r,1440
21587450000,r,1440
21592994000,r,1440
21592994000,r,1440
21592995000,r,1440
21594913000,r,1440
21595217000,s,1340
21595684000,s,1340
21605119000,s,1340
21618875000,s,1340
21619198000,s,1340
21621623000,s,1340
21630375000,r,1440
21630375000,r,1440
21645281000,r,1440
21645281000,r,1440
21645282000,r,1440
21645282000,r,1440
21645890000,r,1440
21645891000,r,1440
21645891000,r,1440
21645892000,r,1440
21646964000,r,1440
21649126000,s,1340
21649464000,s,1340
21649670000,s,1340
21649947000,s,1340
21651510000,r,1440
21656155000,s,1340
21658501000,s,1340
21658788000,s,1340
21659016000,s,1340
21660278000,s,1340
21667457000,r,1440
21667816000,r,1440
21669085000,r,1440
21670060000,r,1440
21670061000,r,1440
21670225000,s,1340
21670851000,r,1440
21672003000,s,1340
21672303000,s,1340
21675489000,r,1440
21675767000,r,1440
21678245000,r,1440
21679179000,r,1440
21679598000,s,1340
21682415000,r,1440
21682415000,r,1440
21682416000,r,1440
21683709000,s,1340
21684040000,s,1340
21684885000,r,1440
21684886000,r,1440
21685390000,r,1440
21686311000,s,1340
21686405000,r,1440
21691421000,r,1440
21692694000,s,1340
21696262000,s,1340
21710657000,s,1340
24261699000,s,1340
26509156000,s,1340
26548664000,s,1340
26549109000,s,1340
26566315000,r,1440
26566316000,r,1440
26569870000,s,1340
26570198000,s,1340
26570412000,s,1340
26570666000,s,1340
26570860000,s,1340
26571057000,s,1340
26571450000,s,1340
26571748000,s,1340
26571948000,s,1340
26572223000,s,1340
26572479000,s,1340
26572676000,s,1340
26572863000,s,1340
26573104000,s,1340
26573359000,s,1340
26573604000,s,1340
26573857000,s,1340
26574023000,s,1340
26574181000,s,1340
26574624000,s,1340
26574863000,s,1340
26575042000,s,1340
26575193000,s,1340
26575571000,s,1340
26575828000,s,1340
26576082000,s,1340
26576341000,s,1340
26576578000,s,1340
26576825000,s,1340
26577056000,s,1340
26577288000,s,1340
26577498000,s,1340
26577707000,s,1340
26577934000,s,1340
26578172000,s,1340
26578417000,s,1340
26578635000,s,1340
26578856000,s,1340
26579084000,s,1340
26579436000,s,1340
26579685000,s,1340
26579906000,s,1340
26580117000,s,1340
26580360000,s,1340
26580580000,s,1340
26580787000,s,1340
26581000000,s,1340
26581221000,s,1340
26581466000,s,1340
26581701000,s,1340
26581936000,s,1340
26582152000,s,1340
26582369000,s,1340
26582805000,s,1340
26583064000,s,1340
26583297000,s,1340
26584124000,s,1340
26584392000,s,1340
26584695000,s,1340
26585334000,s,1340
26585591000,s,1340
26585862000,s,1340
26586105000,s,1340
26586328000,s,1340
26586583000,s,1340
26586836000,s,1340
26587081000,s,1340
26587322000,s,1340
26587694000,s,1340
26587957000,s,1340
26588211000,s,1340
26588465000,s,1340
26588722000,s,1340
26588990000,s,1340
26589244000,s,1340
26589481000,s,1340
26589721000,s,1340
26590009000,s,1340
26590252000,s,1340
26590482000,s,1340
26590721000,s,1340
26590991000,s,1340
26591250000,s,1340
26591604000,s,1340
26591864000,s,1340
26592145000,s,1340
26592403000,s,1340
26592640000,s,1340
26592890000,s,1340
26593168000,s,1340
26595150000,s,1340