0,s,156
39587000,s,156
40021000,s,156
59000000,r,156
1867855000,s,124
1873265000,s,124
1887395000,r,124
1890296000,s,124
1892034000,s,1340
1892302000,s,748
1903854000,r,124
1904792000,r,364
1905834000,s,124
1929561000,s,188
1930601000,s,204
1931929000,s,652
1946918000,r,204
1946918000,r,172
1948785000,s,124
1949474000,s,156
1956386000,s,1340
1957545000,s,1340
1958756000,s,172
1971351000,r,1372
1971352000,r,1372
1974534000,r,1340
1977351000,s,1340
1977446000,s,188
1978279000,r,1340
1978279000,r,1340
1978279000,r,1340
1978279000,r,1340
1978280000,r,1340
1978280000,r,1340
1978280000,r,1340
1978281000,r,1196
1978640000,s,316
1979322000,s,124
1979569000,s,124
1979701000,s,124
1979857000,s,124
1980088000,s,396
1991897000,r,124
1992816000,r,124
2003133000,s,476
2003345000,s,364
2013277000,s,124
2019734000,r,252
2019734000,r,252
2019734000,r,396
2019734000,r,1340
2019734000,r,1340
2019734000,r,1340
2019734000,r,1340
2019735000,r,1340
2019887000,r,1340
2019887000,r,1340
2019887000,r,1340
2019887000,r,1340
2019887000,r,1340
2019888000,r,1340
2019922000,r,1340
2019922000,r,1340
2019922000,r,1340
2019922000,r,1340
2019922000,r,1340
2019922000,r,1180
2019923000,r,124
2020368000,s,124
2020415000,s,124
2020428000,s,124
2020438000,s,124
2020562000,s,124
2020591000,s,124
2020743000,s,124
2020768000,s,124
2020778000,s,124
2023227000,s,140
2023974000,r,124
2024484000,s,124
2026387000,s,1340
2026498000,s,732
2032752000,r,1340
2032752000,r,1340
2032753000,r,1340
2032753000,r,1340
2032753000,r,1340
2032753000,r,1340
2032753000,r,1340
2032753000,r,764
2033479000,s,124
2033530000,s,124
2033546000,s,124
2033556000,s,124
2036627000,r,124
2036627000,r,124
2037883000,r,364
2038506000,s,124
2048987000,s,188
2049176000,s,140
2049672000,s,668
2074948000,r,252
2076915000,r,124
2076915000,r,124
2081069000,r,204
2088031000,r,1340
2088031000,r,1340
2088889000,s,124
2090457000,r,1340
2090457000,r,1340
2090457000,r,1340
2090458000,r,1340
2090458000,r,1340
2090458000,r,1340
2091386000,s,124
2091740000,s,124
2092375000,s,124
2100857000,r,1340
2100857000,r,1340
2100857000,r,1340
2100857000,r,1340
2101664000,s,124
2101841000,s,124
2104145000,s,140
2104568000,r,1340
2104568000,r,1340
2104568000,r,1340
2104568000,r,1340
2104568000,r,1340
2104568000,r,1340
2104568000,r,428
2105727000,s,124
2105787000,s,124
2106142000,s,124
2106288000,s,124
2137932000,s,284
2153609000,r,364
2153609000,r,1340
2154199000,r,1340
2154199000,r,1340
2154199000,r,1340
2154200000,r,1340
2154200000,r,1340
2154200000,r,1340
2155062000,s,124
2155305000,s,124
2155382000,s,124
2155400000,s,124
2155917000,r,1340
2155917000,r,1340
2155917000,r,1340
2155917000,r,1340
2155918000,r,1340
2155918000,r,1340
2155918000,r,1340
2155918000,r,1340
2156020000,r,1340
2156020000,r,1340
2156020000,r,1340
2156021000,r,1340
2156021000,r,1340
2156021000,r,1340
2156021000,r,1340
2156021000,r,1340
2156055000,r,1340
2156055000,r,1340
2156055000,r,1340
2156055000,r,1340
2156056000,r,1340
2156056000,r,1340
2156056000,r,1340
2156056000,r,1340
2156087000,r,1340
2156087000,r,1340
2156087000,r,1340
2156087000,r,1340
2156593000,s,124
2156698000,s,124
2156830000,s,124
2157175000,s,124
2157614000,s,124
2157697000,r,1340
2157697000,r,1340
2157753000,s,124
2157697000,r,1340
2157697000,r,1340
2157697000,r,1276
2157911000,s,124
2158192000,s,124
2158321000,s,124
2158432000,s,124
2158580000,s,124
2158802000,s,124
2158995000,s,124
2159091000,s,124
2159370000,s,124
2159417000,s,124
2161260000,s,1340
2161366000,s,300
2161434000,s,412
2162740000,s,364
2168593000,r,1340
2168593000,r,1340
2168593000,r,1340
2168593000,r,1340
2168593000,r,1340
2168593000,r,1340
2168593000,r,1340
2168594000,r,1340
2168811000,r,1340
2168812000,r,1340
2168812000,r,1340
2168812000,r,1340
2168812000,r,1340
2168812000,r,508
2170189000,r,1340
2170189000,r,1340
2170189000,r,1340
2170189000,r,1340
2170189000,r,1340
2170189000,r,1340
2170190000,r,1340
2170190000,r,1340
2170261000,r,1340
2170262000,r,1340
2170262000,r,1340
2170262000,r,1340
2170262000,r,1340
2170262000,r,1340
2170262000,r,1340
2170262000,r,1340
2170299000,r,1340
2170299000,r,1340
2170299000,r,1340
2170299000,r,1340
2170299000,r,1340
2170300000,r,1340
2170300000,r,1340
2170300000,r,1340
2170330000,r,1340
2170330000,r,1340
2170452000,s,124
2170591000,r,1340
2170591000,r,1340
2170591000,r,1340
2170592000,r,1340
2170592000,r,1340
2170592000,r,1340
2170592000,r,1340
2170592000,r,1340
2170659000,r,1340
2170659000,r,1340
2170659000,r,1340
2170659000,r,1340
2170660000,r,1340
2170660000,r,1340
2170660000,r,1340
2170660000,r,1340
2170714000,r,1340
2170714000,r,1340
2170890000,s,124
2170932000,s,124
2170953000,s,124
2170964000,s,124
2170973000,s,124
2170981000,s,124
2170989000,s,124
2171292000,s,124
2171360000,s,124
2171378000,s,124
2171393000,s,124
2171403000,s,124
2171411000,s,124
2171418000,s,124
2171425000,s,124
2171433000,s,124
2171441000,s,124
2171451000,s,124
2171458000,s,124
2171466000,s,124
2171475000,s,124
2171482000,s,124
2171489000,s,124
2171511000,s,124
2171520000,s,124
2171527000,s,124
2171535000,s,124
2171542000,s,124
2172824000,r,1340
2172824000,r,1340
2172824000,r,1340
2172824000,r,1340
2172824000,r,1340
2172825000,r,1340
2172825000,r,156
2172825000,r,124
2172940000,r,124
2174009000,r,124
2174073000,s,124
2174118000,s,124
2174868000,s,124
2219352000,s,124
2230448000,r,380
2275093000,s,124
2278690000,r,1340
2278690000,r,988
2279365000,s,124
2279427000,s,124
4630629000,r,1340
4630630000,r,1340
4630630000,r,1340
4630631000,r,1340
4630631000,r,1340
4630632000,r,1340
4630632000,r,1244
4630633000,r,1340
4631308000,r,1340
4631308000,r,1340
4631309000,r,1340
4633841000,s,124
4634176000,s,124
4634912000,s,124
4635276000,s,124
4635555000,s,124
4636181000,s,124
4636457000,s,124
4636624000,s,124
4636768000,s,124
4636980000,s,124
4637156000,s,124
4645915000,r,1340
4645916000,r,1340
4645916000,r,1340
4647964000,s,124
4648376000,s,124
4648572000,s,124
4650524000,r,1340
4650525000,r,1340
4650525000,r,1340
4650526000,r,1340
4650526000,r,1340
4650527000,r,1340
4650527000,r,1340
4650528000,r,1340
4651004000,r,1340
4651005000,r,1340
4651005000,r,1340
4651006000,r,1340
4651006000,r,1340
4651007000,r,1340
4651007000,r,1340
4651008000,r,1340
4651141000,r,1340
4651142000,r,1340
4652649000,s,124
4652891000,s,124
4653741000,s,124
4654014000,s,124
4654299000,s,124
4654616000,s,124
4654843000,s,124
4655101000,s,124
4655336000,s,124
4655555000,s,124
4655730000,s,124
4655971000,s,124
4656143000,s,124
4656530000,s,124
4657090000,s,124
4657322000,s,124
4657544000,s,124
4657702000,s,124
4660598000,r,1340
4662474000,r,1340
4662474000,r,1340
4662475000,r,1340
4662475000,r,1340
4662476000,r,1340
4663268000,s,124
4663625000,s,124
4663981000,s,124
4664357000,s,124
4664573000,s,124
4664777000,s,124
4664876000,r,1340
4664876000,r,1340
4664877000,r,1340
4664877000,r,1340
4664878000,r,1340
4664878000,r,1340
4666287000,s,124
4666834000,s,124
4667115000,s,124
4667343000,s,124
4667553000,s,124
4667763000,s,124
4668223000,r,1340
4668223000,r,1340
4668224000,r,1340
4668224000,r,1340
4668225000,r,1340
4668225000,r,1340
4668226000,r,1340
4668226000,r,1340
4668444000,r,1340
4668445000,r,1340
4668445000,r,1340
4668446000,r,1340
4668446000,r,1340
4668447000,r,1340
4668447000,r,1340
4668448000,r,1340
4668576000,r,1340
4668577000,r,1340
4668577000,r,1340
4668578000,r,956
4669419000,s,124
4669755000,s,124
4670076000,s,124
4670381000,s,124
4670743000,s,124
4671011000,s,124
4671287000,s,124
4671581000,s,124
4671851000,s,124
4672178000,s,124
4672322000,s,124
4672630000,s,124
4672809000,s,124
4673138000,s,124
4673375000,s,124
4673553000,s,124
4673921000,s,124
4674109000,s,124
4674298000,s,124
4674537000,s,124
7293785000,r,140
7293786000,r,124
7293786000,r,124
7298983000,s,124
7299430000,s,124
13080941000,s,156
13120110000,s,156
13120558000,s,156
13138472000,r,156
14518928000,r,156
14518928000,r,140
14518929000,r,124
14518929000,r,124
14524005000,s,124
14524491000,s,124
14524728000,s,124
14525485000,s,124
14538518000,r,124
20203593000,s,156
20248038000,s,156
20248492000,s,156
20270572000,r,156