0,s,1340
38572000,s,1340
39124000,s,1340
39377000,s,1340
39417000,s,172
66255000,s,1340
66616000,s,1340
66809000,r,140
67031000,s,1340
66809000,r,1340
67290000,s,1340
79232000,r,1340
79232000,r,396
79233000,r,1036
82835000,r,1340
82835000,r,124
82836000,r,1340
82836000,r,1340
82837000,r,1340
87676000,s,1340
90019000,s,140
90364000,s,172
91483000,s,124
106848000,r,220
109118000,s,124
3747235000,s,124
3796249000,s,124
3796651000,s,124
3796690000,s,124
3810492000,s,1340
3810636000,s,1340
3811060000,s,172
3819060000,r,124
3821167000,s,124
3824436000,r,1372
3824437000,r,1372
3825560000,s,1340
3825895000,s,684
3838415000,r,124
3838415000,r,364
3839510000,s,124
3840637000,s,188
3841369000,s,204
3842465000,s,652
3843866000,s,1340
3843996000,s,188
3845898000,s,316
3847110000,s,396
3850729000,r,204
3851068000,r,124
3851068000,r,172
3852337000,s,124
3852517000,s,156
3858700000,r,124
3862196000,r,124
3862197000,r,124
3878715000,r,380
3882399000,s,140
3884128000,r,1340
3884128000,r,1340
3884128000,r,1340
3884128000,r,1340
3884129000,r,1340
3884129000,r,1340
3884129000,r,1340
3884129000,r,1340
3884284000,r,1196
3885007000,s,124
3886100000,s,124
3886248000,r,124
3886663000,s,124
3887048000,s,124
3917256000,s,476
3917353000,s,364
3917367000,s,284
3921572000,s,124
3929795000,r,124
3932848000,r,124
3933771000,s,124
3934486000,s,1340
3934583000,s,700
3937384000,r,364
3937384000,r,1340
3938294000,s,124
3938947000,r,1340
3938947000,r,1340
3938948000,r,1340
3938948000,r,1340
3938948000,r,1340
3938948000,r,1340
3939815000,s,124
3939913000,r,1340
3939913000,r,1340
3939913000,r,1340
3939913000,r,1340
3939914000,r,1340
3939914000,r,1340
3939914000,r,1340
3939914000,r,1340
3939997000,r,1340
3939997000,r,1340
3940081000,s,124
3940222000,s,124
3940501000,s,124
3940659000,s,124
3940865000,s,124
3941109000,s,124
3941267000,s,124
3945441000,r,124
3945527000,r,364
3946292000,s,124
3947479000,s,188
3948098000,s,668
3950963000,r,1340
3950963000,r,1340
3950963000,r,1340
3950963000,r,1340
3950963000,r,1340
3950964000,r,1340
3950964000,r,1340
3950964000,r,1340
3951121000,r,1340
3951121000,r,1340
3951121000,r,1340
3951121000,r,1340
3951121000,r,1340
3951122000,r,1340
3951337000,r,1340
3951338000,r,1340
3951338000,r,1340
3951338000,r,1340
3951338000,r,1340
3951338000,r,1340
3951705000,s,124
3951775000,s,124
3951771000,r,1340
3951771000,r,1340
3951772000,r,1340
3951872000,s,124
3951925000,s,124
3951947000,s,124
3951962000,s,124
3951976000,s,124
3952555000,s,124
3952692000,s,124
3952803000,s,124
3952912000,s,124
3953835000,r,1340
3953835000,r,1340
3953835000,r,1340
3953835000,r,1340
3953835000,r,1340
3953836000,r,1340
3953836000,r,1340
3953836000,r,1340
3953953000,r,1340
3953954000,r,1340
3953954000,r,1340
3953954000,r,1340
3953954000,r,1340
3954800000,s,124
3954901000,s,124
3955306000,s,124
3955713000,s,124
3955805000,s,124
3956084000,s,124
3956338000,s,124
3958778000,r,124
3958778000,r,124
3958778000,r,204
3962697000,r,1340
3962697000,r,1340
3962697000,r,1340
3962697000,r,1340
3962697000,r,1340
3962698000,r,1340
3962698000,r,1340
3962698000,r,1340
3962787000,r,1340
3963762000,r,1340
3963842000,s,124
3963908000,s,124
3963932000,s,124
3964417000,s,124
3964440000,r,1340
3964441000,r,1340
3964441000,r,1340
3964441000,r,1340
3964441000,r,1340
3964441000,r,1340
3964441000,r,1340
3964442000,r,1340
3964523000,r,1340
3964523000,r,1340
3964523000,r,1340
3964524000,r,1340
3964747000,r,1340
3964747000,r,1340
3964747000,r,1340
3964772000,s,124
3964900000,s,124
3965119000,s,124
3965322000,s,124
3965605000,s,124
3965752000,s,124
3965945000,s,124
3966152000,s,124
3966571000,s,124
3966636000,r,1340
3966636000,r,1340
3966636000,r,1340
3966636000,r,1340
3966636000,r,1340
3966637000,r,1340
3966637000,r,1340
3966637000,r,1340
3966818000,r,1340
3966818000,r,1340
3966818000,r,1340
3966818000,r,1340
3966819000,r,1340
3966819000,r,1340
3966819000,r,1340
3966819000,r,1340
3966875000,r,1340
3967809000,r,1340
3967809000,r,1340
3967812000,r,1340
3967812000,r,1340
3967812000,r,1340
3967812000,r,1340
3967812000,r,1340
3967812000,r,1340
3967896000,r,1340
3967896000,r,1340
3967896000,r,1340
3968397000,r,1340
3968397000,r,1340
3968397000,r,1340
3968397000,r,1340
3968398000,r,1340
3968398000,r,1340
3968398000,r,1340
3968398000,r,1340
3968496000,r,1340
3968496000,r,1340
3968497000,r,1340
3968497000,r,1340
3968497000,r,1340
3968497000,r,1340
3968497000,r,1340
3969288000,r,1340
3969288000,r,1340
3969288000,r,1340
3969288000,r,1340
3969289000,r,1340
3969289000,r,1340
3969564000,s,124
3970077000,s,124
3970171000,s,124
3970213000,s,124
3970446000,s,124
3970804000,s,124
3971141000,r,1340
3971141000,r,1340
3971142000,r,1340
3971142000,r,1340
3971142000,r,1340
3971142000,r,1340
3971253000,s,124
3971143000,r,1340
3971401000,s,124
3971738000,s,124
3971927000,s,124
3972167000,s,124
3972530000,s,124
3972643000,s,124
3972945000,s,124
3973157000,s,124
3973276000,s,124
3973472000,s,124
3973742000,s,124
3973813000,s,124
3974308000,s,124
3974524000,s,124
3974631000,s,124
3974777000,s,124
3975006000,s,124
3975706000,s,124
3975729000,r,1340
3975752000,s,124
3975774000,s,124
3975729000,r,1340
3975792000,s,124
3975729000,r,1340
3975933000,r,1340
3975933000,r,1340
3975934000,r,1340
3976274000,s,124
3976591000,s,124
3976677000,s,124
3978325000,r,1340
3978325000,r,1340
3978326000,r,1340
3978326000,r,1340
3978326000,r,1228
3978326000,r,1340
3978326000,r,428
3979028000,s,124
3979595000,s,124
3979769000,s,124
4027674000,s,124
4100292000,s,1340
4100512000,s,300
4112491000,r,124
4112491000,r,124
4124938000,s,412
4129011000,s,364
4141605000,r,124
4165252000,r,380
4207380000,s,124
4270777000,r,1340
4270777000,r,988
4272806000,s,124
4272915000,s,124
6338972000,r,1340
6338972000,r,1340
6338972000,r,1340
6338973000,r,1340
6338973000,r,1340
6338973000,r,1340
6338973000,r,1244
6338973000,r,1340
6339403000,r,1340
6339403000,r,1340
6339403000,r,1340
6342225000,s,124
6342600000,s,124
6342953000,s,124
6344041000,s,124
6344324000,s,124
6344527000,s,124
6344718000,s,124
6344894000,s,124
6345084000,s,124
6345262000,s,124
6345570000,s,124
6354737000,r,1340
6356083000,r,1340
6356083000,r,1340
6356083000,r,1340
6356083000,r,1340
6356784000,s,124
6358002000,s,124
6358214000,s,124
6359171000,s,124
6359359000,s,124
6382149000,r,1340
6382149000,r,1340
6382149000,r,1340
6382149000,r,1340
6382150000,r,1340
6382150000,r,1340
6382150000,r,1340
6382150000,r,1340
6382306000,r,1340
6382306000,r,1340
6382306000,r,1340
6383001000,s,124
6383210000,s,124
6383232000,s,124
6383243000,s,124
6383391000,s,124
6383425000,s,124
6383440000,s,124
6383451000,s,124
6383459000,s,124
6383664000,s,124
6383838000,s,124
6398758000,r,1340
6398758000,r,1340
6398758000,r,1340
6398758000,r,1340
6398758000,r,1340
6398758000,r,1340
6398758000,r,1340
6398758000,r,1340
6398913000,r,1340
6398913000,r,1340
6398913000,r,1340
6398913000,r,1340
6398914000,r,1340
6398914000,r,1340
6398914000,r,1340
6398914000,r,1340
6398969000,r,1340
6398969000,r,1340
6398969000,r,1340
6398969000,r,1340
6398969000,r,1340
6398969000,r,1340
6398969000,r,1340
6398970000,r,1340
6399466000,s,124
6400134000,s,124
6400273000,s,124
6400474000,s,124
6401100000,s,124
6401206000,s,124
6401564000,s,124
6401795000,s,124
6402014000,s,124
6402231000,s,124
6402395000,s,124
6402942000,s,124
6403177000,s,124
6403390000,s,124
6403618000,s,124
6403804000,s,124
6404518000,s,124
6404802000,s,124
6404959000,s,124
6405127000,s,124
6405284000,s,124
6405431000,s,124
6405582000,s,124
6405873000,s,124
6439086000,r,1340
6439087000,r,1340
6439087000,r,1340
6439088000,r,1340
6439088000,r,1340
6439089000,r,1340
6439089000,r,1340
6439090000,r,1340
6439425000,r,1340
6439425000,r,1340
6439426000,r,1340
6439426000,r,1340
6439427000,r,956
6440359000,s,124
6441260000,s,124
6441753000,s,124
6442020000,s,124
6442244000,s,124
6442869000,s,124
6443090000,s,124
6443299000,s,124
6443903000,s,124
6443970000,s,124
6443997000,s,124
6444011000,s,124
6444023000,s,124
9173071000,r,140
9173072000,r,124
9179053000,s,124
9221095000,s,124
14704505000,s,156
14739982000,s,156
14740403000,s,156
14758743000,r,156
16374937000,r,156
16374938000,r,140
16374938000,r,140
16381016000,s,124
16381442000,s,124
16383532000,s,124
16399225000,r,124
21829726000,s,156
21869462000,s,156
21869912000,s,156
21888417000,r,156