0,s,156
38127000,s,156
38556000,s,156
59559000,r,156
2286813000,s,124
2292300000,s,124
2303533000,r,124
2306565000,s,124
2315527000,s,1340
2315679000,s,780
2332226000,r,124
2332227000,r,364
2333821000,s,124
2336257000,s,188
2338220000,s,204
2339244000,s,652
2347357000,r,204
2347863000,r,172
2348591000,s,124
2348897000,s,156
2359454000,r,124
2365029000,s,1340
2365266000,s,1340
2366133000,s,172
2375469000,r,1340
2375469000,r,1340
2375470000,r,1340
2375470000,r,1340
2375470000,r,1340
2375471000,r,1340
2375471000,r,1340
2375471000,r,1340
2375822000,r,1196
2376992000,s,124
2377128000,s,124
2377185000,s,124
2377212000,s,124
2380144000,r,1372
2381579000,r,1372
2400403000,s,1340
2400494000,s,188
2400516000,s,476
2401811000,s,364
2405107000,s,316
2405643000,s,396
2408809000,s,124
2415280000,r,124
2418938000,r,124
2420513000,r,396
2420513000,r,1340
2420513000,r,1340
2420513000,r,1340
2420513000,r,1340
2420513000,r,1340
2420513000,r,1340
2420514000,r,1340
2420584000,r,1340
2421152000,s,124
2421409000,r,1340
2421409000,r,1340
2421410000,r,1340
2421502000,s,124
2421771000,s,124
2421915000,s,124
2421997000,s,124
2422109000,s,124
2422512000,r,1340
2422513000,r,1340
2422513000,r,1340
2422513000,r,1340
2422513000,r,1340
2422513000,r,1340
2422513000,r,124
2423200000,s,124
2423326000,s,124
2423508000,s,124
2423686000,s,124
2425153000,s,1340
2425247000,s,764
2434923000,r,1340
2434923000,r,1340
2434923000,r,1340
2434923000,r,1340
2434923000,r,1340
2434924000,r,1340
2434924000,r,1340
2434924000,r,588
2435923000,s,124
2435977000,s,124
2435991000,s,124
2436347000,s,124
2437810000,r,124
2437810000,r,380
2437810000,r,124
2437810000,r,364
2438881000,s,124
2439341000,s,140
2440640000,s,188
2443405000,r,124
2443625000,s,668
2473719000,r,124
2473719000,r,204
2473720000,r,124
2473720000,r,1340
2473720000,r,1340
2473720000,r,1340
2473720000,r,1340
2473720000,r,1340
2474008000,r,1340
2474008000,r,1340
2474008000,r,1340
2475422000,s,124
2475965000,s,124
2476101000,s,124
2476236000,s,124
2484519000,s,284
2487670000,r,1340
2487670000,r,1340
2487670000,r,1340
2487670000,r,1340
2488594000,r,1340
2488594000,r,1340
2488594000,r,1340
2488595000,r,1340
2488595000,r,1340
2488595000,r,1340
2488595000,r,428
2488920000,s,124
2489032000,s,124
2489110000,s,124
2489161000,s,124
2489346000,s,124
2489556000,s,124
2503815000,r,364
2503815000,r,1340
2503815000,r,1340
2503815000,r,1340
2503815000,r,1340
2503815000,r,1340
2503816000,r,1340
2503816000,r,1340
2504016000,r,1340
2504017000,r,1340
2504017000,r,1340
2504017000,r,1340
2504017000,r,1340
2504017000,r,1340
2504017000,r,1340
2504807000,s,124
2504874000,s,124
2504894000,s,124
2505096000,s,124
2505256000,s,124
2505382000,s,124
2505514000,s,124
2506617000,r,1340
2506617000,r,1340
2506617000,r,1340
2506617000,r,1340
2506617000,r,1340
2506617000,r,1340
2506617000,r,1340
2506617000,r,1340
2506666000,r,1340
2506666000,r,1340
2506667000,r,1340
2506667000,r,1340
2506667000,r,1340
2506667000,r,1340
2506667000,r,1340
2506667000,r,1340
2506692000,r,1340
2506692000,r,1340
2506914000,s,124
2506953000,s,124
2506964000,s,124
2507193000,r,1340
2507193000,r,1340
2507193000,r,1340
2507193000,r,1340
2507193000,r,1340
2507194000,r,1340
2507194000,r,1340
2507194000,r,1340
2507266000,r,300
2507266000,r,1340
2507266000,r,1340
2507530000,s,124
2507632000,s,124
2507735000,s,124
2507834000,s,124
2507935000,s,124
2508085000,s,124
2508401000,s,124
2508524000,s,124
2508649000,s,124
2509053000,s,124
2509165000,s,124
2509256000,s,124
2518187000,r,1340
2518187000,r,1340
2518188000,r,1340
2518188000,r,1340
2518188000,r,1340
2518188000,r,1340
2518188000,r,1340
2518189000,r,1340
2518404000,r,1340
2518404000,r,1340
2518404000,r,1340
2518404000,r,1340
2518404000,r,1340
2518405000,r,1340
2518405000,r,1340
2518405000,r,1340
2518444000,r,1340
2518444000,r,1340
2518615000,r,1340
2518615000,r,1340
2518615000,r,1340
2518615000,r,1340
2518615000,r,1340
2518615000,r,1340
2518616000,r,1340
2518616000,r,1340
2518683000,r,1340
2518683000,r,1340
2518683000,r,1340
2518683000,r,1340
2518683000,r,1340
2518683000,r,1340
2518683000,r,1340
2518684000,r,1340
2518724000,r,1340
2518724000,r,1340
2518725000,r,1340
2518725000,r,1340
2518881000,s,124
2518995000,s,124
2519035000,s,124
2519050000,s,124
2519062000,s,124
2519074000,s,124
2519086000,s,124
2519097000,s,124
2519108000,s,124
2519146000,s,124
2519159000,s,124
2519188000,s,124
2519197000,s,124
2519499000,r,1340
2519499000,r,1340
2519499000,r,1340
2519542000,s,124
2519584000,s,124
2519598000,s,124
2519612000,s,124
2519623000,s,124
2519632000,s,124
2520005000,s,124
2523358000,r,1340
2523359000,r,1340
2523359000,r,1340
2523359000,r,1340
2523359000,r,1340
2523359000,r,1340
2523359000,r,1340
2523359000,r,1340
2523524000,r,1340
2523524000,r,1340
2523525000,r,1340
2523525000,r,1340
2523525000,r,1340
2523525000,r,1340
2523525000,r,1340
2523525000,r,1340
2523566000,r,1340
2523566000,r,1340
2523566000,r,1340
2523566000,r,1340
2523567000,r,412
2523993000,s,124
2524107000,s,124
2524197000,s,124
2524266000,s,124
2524355000,s,124
2524425000,s,124
2524520000,s,124
2524613000,s,124
2524713000,s,124
2524804000,s,124
2524879000,s,124
2562708000,s,1340
2562801000,s,300
2574479000,r,124
2574479000,r,124
2575621000,s,412
2576033000,s,364
2587191000,r,124
2618218000,r,380
2659939000,s,124
2822968000,r,1340
2822968000,r,988
2822968000,r,988
2825231000,s,124
2825404000,s,124
6867551000,r,1340
6867552000,r,1340
6867552000,r,1340
6867553000,r,1340
6867553000,r,1340
6867554000,r,1340
6867554000,r,1244
6867555000,r,1340
6868296000,r,1340
6868297000,r,1340
6868297000,r,1340
6870999000,s,124
6872036000,s,124
6872412000,s,124
6872717000,s,124
6872927000,s,124
6873143000,s,124
6873328000,s,124
6873507000,s,124
6873679000,s,124
6873919000,s,124
6874193000,s,124
6883527000,r,1340
6883528000,r,1340
6883528000,r,1340
6883529000,r,1340
6883529000,r,1340
6883530000,r,1340
6883530000,r,1340
6883531000,r,1340
6883989000,r,1340
6886235000,s,124
6886478000,r,1340
6886508000,s,124
6886478000,r,1340
6886479000,r,1340
6886479000,r,1340
6886480000,r,1340
6886480000,r,1340
6886481000,r,1340
6886481000,r,1340
6886950000,r,1340
6886950000,r,1340
6886951000,r,1340
6886951000,r,1340
6888267000,s,124
6888547000,s,124
6888776000,s,124
6889500000,s,124
6889786000,s,124
6890049000,s,124
6890305000,s,124
6890531000,s,124
6891283000,s,124
6891638000,s,124
6891841000,s,124
6891995000,s,124
6892192000,s,124
6892347000,s,124
6892488000,s,124
6892625000,s,124
6892757000,s,124
6892964000,s,124
6893172000,s,124
6897805000,r,1340
6897806000,r,1340
6897806000,r,1340
6897806000,r,1340
6899464000,r,1340
6899395000,s,124
6900902000,s,124
6901476000,s,124
6901704000,s,124
6901791000,r,1340
6901902000,s,124
6901791000,r,1340
6901792000,r,1340
6901792000,r,1340
6901793000,r,1340
6901793000,r,1340
6901794000,r,1340
6901794000,r,1340
6902081000,r,1340
6902081000,r,1340
6902082000,r,1340
6902082000,r,1340
6902083000,r,1340
6902083000,r,1340
6902084000,r,1340
6903153000,r,1340
6903153000,r,1340
6903154000,r,1340
6903154000,r,1340
6903155000,r,1340
6903155000,r,1340
6903156000,r,1340
6903156000,r,1340
6903448000,r,1340
6903448000,r,1340
6903449000,r,1340
6903449000,r,988
6905182000,s,124
6905545000,s,124
6905890000,s,124
6906168000,s,124
6906739000,s,124
6907067000,s,124
6907382000,s,124
6907768000,s,124
6908369000,s,124
6908617000,s,124
6908943000,s,124
6909267000,s,124
6909562000,s,124
6910343000,s,124
6910665000,s,124
6911018000,s,124
6911288000,s,124
6911654000,s,124
6911899000,s,124
6912172000,s,124
6912415000,s,124
6912596000,s,124
6912792000,s,124
6913000000,s,124
6913186000,s,124
6913375000,s,124
6913551000,s,124
7687843000,r,140
7687843000,r,124
7687844000,r,124
7691334000,s,124
7691914000,s,124
13126565000,s,156
13138289000,r,156
16902792000,r,156
16902792000,r,140
16902793000,r,140
16907019000,s,124
16907637000,s,124
16909515000,s,124
16923556000,r,124
22248345000,s,156
22288921000,s,156
22289364000,s,156
22311555000,r,156