0,s,1340
38687000,s,1340
39148000,s,1340
39377000,s,1340
39418000,s,172
68479000,r,140
68479000,r,1340
75920000,r,1340
75920000,r,396
75921000,r,1036
84506000,s,1340
87048000,s,140
87350000,s,172
88514000,s,124
91944000,r,124
103983000,r,220
132326000,s,124
4122094000,s,124
4176560000,s,124
4177037000,s,124
4177158000,s,124
4195527000,s,1340
4195821000,s,1340
4196518000,s,172
4198388000,r,124
4199352000,s,124
4210025000,r,1372
4210025000,r,1372
4210137000,s,1340
4210223000,s,780
4219130000,s,1340
4219210000,s,188
4220584000,r,124
4220842000,s,316
4222173000,s,396
4222280000,r,364
4223359000,s,124
4225213000,s,188
4226834000,s,204
4227931000,s,652
4235250000,r,124
4236607000,r,124
4236607000,r,204
4236819000,r,172
4238667000,s,124
4239469000,s,156
4249565000,r,124
4253153000,r,252
4253153000,r,252
4256033000,s,140
4267836000,r,1340
4267837000,r,1340
4267837000,r,1340
4267837000,r,1340
4267837000,r,1340
4267838000,r,1340
4267838000,r,1340
4267838000,r,1340
4268081000,r,1196
4269904000,s,124
4269990000,s,124
4270014000,s,124
4270033000,s,124
4283411000,s,140
4294636000,s,476
4294721000,s,364
4295614000,s,284
4299312000,s,124
4309939000,r,124
4309939000,r,124
4310540000,s,124
4313601000,s,1340
4313625000,s,732
4316530000,r,364
4318541000,r,1340
4318541000,r,1340
4318541000,r,1340
4318541000,r,1340
4318541000,r,1340
4318541000,r,1340
4318541000,r,1340
4318541000,r,1340
4318599000,r,1340
4318599000,r,1340
4318599000,r,1340
4318599000,r,1340
4318599000,r,1340
4318599000,r,1340
4318600000,r,1340
4318600000,r,1340
4318641000,r,1340
4319017000,s,124
4319153000,s,124
4319214000,s,124
4319232000,s,124
4319241000,s,124
4319249000,s,124
4319256000,s,124
4319264000,s,124
4319271000,s,124
4324430000,r,124
4324430000,r,364
4324963000,s,124
4326540000,s,188
4327541000,s,668
4331776000,r,1340
4331776000,r,1340
4331776000,r,1340
4331776000,r,1340
4331776000,r,1340
4331777000,r,1340
4331777000,r,1340
4331777000,r,1340
4331835000,r,1340
4331835000,r,1340
4331835000,r,1340
4331835000,r,1340
4331836000,r,1340
4331836000,r,1340
4331836000,r,1340
4331836000,r,1340
4331872000,r,1340
4331872000,r,1340
4331872000,r,1340
4331872000,r,1340
4331872000,r,1340
4331872000,r,1340
4331873000,r,1340
4331873000,r,1340
4331903000,r,1340
4332782000,s,124
4332829000,r,1340
4332829000,r,1340
4332830000,r,1340
4332830000,r,1340
4332830000,r,1340
4332830000,r,1340
4332947000,s,124
4333078000,s,124
4333172000,s,124
4333259000,s,124
4333336000,s,124
4333446000,s,124
4333554000,s,124
4333660000,s,124
4333764000,s,124
4333860000,r,1340
4333870000,s,124
4333860000,r,1340
4333860000,r,1340
4333860000,r,1340
4333860000,r,1340
4333991000,s,124
4334111000,s,124
4334240000,s,124
4334374000,s,124
4334500000,s,124
4334628000,s,124
4334835000,s,124
4336597000,r,124
4336597000,r,204
4338447000,r,124
4345673000,r,1340
4345674000,r,1340
4345674000,r,1340
4345674000,r,1340
4345674000,r,1340
4345674000,r,1340
4345675000,r,1340
4345675000,r,1340
4345811000,r,1340
4345811000,r,1340
4345811000,r,1340
4345811000,r,1340
4345811000,r,1340
4345812000,r,1340
4345812000,r,1340
4345812000,r,1340
4345867000,r,1340
4345867000,r,1340
4345867000,r,1340
4345867000,r,1340
4345868000,r,1340
4345868000,r,1340
4345868000,r,1340
4345868000,r,1340
4345922000,r,1340
4345922000,r,1340
4345922000,r,1340
4345922000,r,1340
4345923000,r,1340
4345923000,r,1340
4345923000,r,1340
4345923000,r,1340
4346578000,s,124
4346908000,s,124
4347382000,s,124
4347393000,r,1340
4347393000,r,1340
4347393000,r,1340
4347393000,r,1340
4347394000,r,1340
4347394000,r,1340
4347394000,r,1340
4347394000,r,1340
4347479000,r,1340
4347479000,r,1340
4347479000,r,1340
4347479000,r,1340
4347479000,r,1340
4347480000,r,1340
4347480000,r,1340
4347480000,r,1340
4347546000,r,1340
4347546000,r,1340
4347546000,r,1340
4347872000,r,1340
4347872000,r,1340
4347873000,r,1340
4347873000,r,1340
4347873000,r,1340
4347873000,r,1340
4347970000,s,124
4348026000,r,1340
4348026000,r,1340
4348026000,r,1340
4348026000,r,1340
4348027000,r,1340
4348027000,r,1340
4348073000,s,124
4348275000,r,1340
4348275000,r,1340
4348275000,r,1340
4348561000,s,124
4349155000,s,124
4349232000,s,124
4349686000,s,124
4349875000,s,124
4350068000,s,124
4350204000,r,1340
4350204000,r,1340
4350205000,r,1340
4350205000,r,1340
4350205000,r,1340
4350205000,r,1340
4350205000,r,1340
4350205000,r,1340
4350320000,r,1340
4350320000,r,1340
4350320000,r,1340
4350320000,r,1340
4350320000,r,1340
4350320000,r,1340
4350580000,s,124
4351028000,s,124
4351077000,s,124
4351511000,s,124
4351844000,s,124
4352660000,s,124
4352825000,s,124
4353063000,s,124
4353256000,s,124
4353826000,s,124
4354140000,s,124
4354412000,s,124
4354735000,s,124
4354927000,s,124
4355180000,s,124
4355517000,s,124
4355600000,s,124
4356185000,s,124
4356326000,s,124
4356757000,s,124
4357103000,s,124
4357621000,s,124
4357739000,r,1340
4357740000,r,1340
4357740000,r,1308
4357862000,s,124
4358177000,s,124
4358583000,s,124
4358844000,s,124
4359000000,s,124
4359185000,s,124
4359496000,s,124
4359628000,s,124
4369158000,r,1340
4369158000,r,1340
4369461000,r,1340
4369461000,r,1340
4369461000,r,1340
4369877000,s,124
4370071000,s,124
4370196000,s,124
4371413000,r,1340
4371413000,r,1340
4371413000,r,1340
4371414000,r,1340
4371414000,r,1340
4371414000,r,428
4372031000,s,124
4372168000,s,124
4372558000,s,124
4400440000,s,124
4505350000,s,1340
4505433000,s,300
4517043000,s,412
4517375000,r,124
4517781000,s,364
4570631000,r,124
4580542000,r,380
4624414000,s,124
4651029000,r,1340
4651029000,r,988
4652484000,s,124
4652596000,s,124
6964236000,r,1340
6964237000,r,1340
6964237000,r,1340
6964238000,r,1340
6964238000,r,1340
6964239000,r,1340
6964239000,r,1244
6964240000,r,1340
6964860000,r,1340
6964860000,r,1340
6964861000,r,1340
6967694000,s,124
6968470000,s,124
6968629000,s,124
6968836000,s,124
6968974000,s,124
6969123000,s,124
6969386000,s,124
6970164000,s,124
6970456000,s,124
6970868000,s,124
6971120000,s,124
6982266000,r,1340
6982266000,r,1340
6982267000,r,1340
6982267000,r,1340
6982267000,r,1340
6982267000,r,1340
6982267000,r,1340
6982267000,r,1340
6982402000,r,1340
6982402000,r,1340
6982402000,r,1340
6982402000,r,1340
6982402000,r,1340
6982402000,r,1340
6982402000,r,1340
6982402000,r,1340
6982442000,r,1340
6982442000,r,1340
6982443000,r,1340
6982443000,r,1340
6982443000,r,1340
6983272000,s,124
6983443000,s,124
6984270000,s,124
6984408000,s,124
6984473000,s,124
6984510000,s,124
6984547000,s,124
6984578000,s,124
6984956000,s,124
6985129000,s,124
6986004000,s,124
6986259000,s,124
6986478000,s,124
6986843000,s,124
6987058000,s,124
6987286000,s,124
6987534000,s,124
6987751000,s,124
6988126000,s,124
6988349000,s,124
6988563000,s,124
6997364000,r,1340
6997364000,r,1340
6997365000,r,1340
6997365000,r,1340
6997366000,r,1340
6997366000,r,1340
6997367000,r,1340
6997367000,r,1340
6997701000,r,1340
6997702000,r,1340
6997702000,r,1340
6997703000,r,1340
6997703000,r,1340
6997704000,r,1340
6997704000,r,1340
6997705000,r,1340
6997832000,r,1340
6997833000,r,1340
6997833000,r,1340
6997834000,r,1340
6998743000,r,1340
6998743000,r,1340
6998744000,r,1340
6998744000,r,1340
6998745000,r,1340
6998745000,r,1340
6998746000,r,1340
6998746000,r,1340
6998919000,r,1340
6998919000,r,1340
6998920000,r,1340
6998920000,r,956
6999532000,s,124
7000015000,s,124
7000254000,s,124
7000537000,s,124
7001073000,s,124
7001620000,s,124
7001939000,s,124
7002739000,s,124
7003042000,s,124
7003320000,s,124
7003597000,s,124
7003936000,s,124
7004148000,s,124
7004411000,s,124
7004770000,s,124
7005002000,s,124
7005293000,s,124
7005639000,s,124
7006152000,s,124
7006262000,s,124
7006590000,s,124
7007092000,s,124
7007966000,s,124
7008588000,s,124
7008885000,s,124
7009435000,s,124
7010021000,s,124
7010528000,s,124
7010837000,s,124
7011127000,s,124
7011335000,s,124
7011544000,s,124
9723186000,r,140
9723186000,r,124
9723187000,r,124
9726997000,s,124
9727409000,s,124
15478149000,s,156
15490465000,r,156
16995979000,r,156
16995979000,r,140
16995980000,r,124
16995980000,r,124
17000109000,s,124
17001185000,s,124
17001530000,s,124
17002957000,s,124
17015998000,r,124
22603440000,s,156
22642524000,s,156
22642977000,s,156
22661528000,r,156