0,s,140
2695489000,s,140
2734436000,s,140
2734844000,s,140
2750810000,r,140
2750811000,r,124
2751946000,s,124
2752338000,s,140
2752401000,s,124
2764793000,r,108
2764793000,r,108
4739974000,s,124
4754934000,r,124
4756239000,s,124
4768705000,s,1340
4768812000,s,780
4781474000,r,124
4781628000,r,364
4782213000,s,124
4828814000,s,188
4829615000,s,204
4830953000,s,652
4839766000,r,204
4839766000,r,172
4840900000,s,124
4841001000,s,124
4841465000,s,156
4851391000,r,124
4865281000,r,1340
4865281000,r,1340
4865281000,r,1340
4865282000,r,1340
4865282000,r,1340
4865282000,r,1340
4865282000,r,1340
4865282000,r,1340
4865512000,r,1340
4865513000,r,412
4866088000,s,124
4866230000,s,124
4866264000,s,124
4866279000,s,124
4867174000,s,124
4959770000,s,460
4961863000,s,364
4963382000,s,284
4981321000,r,364
4981321000,r,396
4981321000,r,1340
4981322000,r,1340
4981322000,r,1340
4981518000,r,1340
4981518000,r,1340
4981518000,r,1340
4982108000,s,124
4982172000,s,124
4982197000,s,124
4983384000,r,1340
4983384000,r,1340
4983385000,r,1340
4983385000,r,1340
4983385000,r,1340
4983385000,r,1340
4983386000,r,1340
4983386000,r,1340
4983513000,r,1340
4983513000,r,1340
4983514000,r,1340
4983514000,r,1340
4983827000,s,124
4983957000,s,124
4983985000,s,124
4984225000,s,124
4984328000,s,124
4984368000,s,124
4995432000,r,1340
4995432000,r,1340
4995433000,r,1340
4995433000,r,1340
4995433000,r,1340
4995434000,r,1340
4995434000,r,1340
4995435000,r,1340
4995859000,r,1340
4995859000,r,1340
4995859000,r,1340
4995860000,r,1340
4995860000,r,1340
4996980000,s,124
4997340000,s,124
4997406000,s,124
4997432000,s,124
4997451000,s,124
4997469000,s,124
4997586000,s,124
4998128000,r,1340
4998129000,r,1340
4998129000,r,1340
4998130000,r,1340
4998130000,r,1340
4998130000,r,1340
4998131000,r,1340
4998131000,r,1340
4998313000,r,1340
4998313000,r,1340
4998314000,r,236
4998916000,s,124
4999654000,s,124
4999708000,s,124
4999731000,s,124
4999749000,s,124
5040064000,s,124
5040218000,s,156
5040292000,s,156
5047060000,r,172
5047060000,r,188
5047609000,s,140
5047673000,s,140
5054315000,r,156
5054315000,r,172
5056258000,s,124
5060639000,s,1340
5060741000,s,1340
5060986000,s,172
5067041000,r,124
5067660000,s,124
5070260000,s,1340
5070358000,s,732
5077414000,r,1372
5077414000,r,1372
5082095000,r,124
5082095000,r,124
5082877000,r,364
5083601000,s,124
5085850000,s,1340
5085963000,s,1340
5101292000,r,140
5101293000,r,1340
5111150000,r,1340
5111150000,r,412
5111150000,r,1036
5111150000,r,140
5115312000,s,1340
5115881000,s,188
5117837000,s,316
5119037000,s,380
5123842000,s,140
5123930000,s,188
5124799000,s,668
5124851000,s,1340
5125140000,s,1340
5126392000,s,172
5129520000,s,732
5130908000,r,124
5131827000,s,172
5132637000,r,124
5134586000,r,124
5134586000,r,204
5134587000,r,124
5135722000,s,124
5137607000,r,140
5138430000,s,140
5141453000,s,1340
5141552000,s,1132
5143357000,r,1340
5143677000,r,124
5145273000,s,204
5147381000,r,1340
5147381000,r,1340
5147381000,r,1340
5147381000,r,1340
5147382000,r,1340
5147382000,r,1340
5147382000,r,1340
5147382000,r,1340
5147549000,r,1340
5147549000,r,828
5147549000,r,1340
5147549000,r,1340
5147550000,r,1340
5148359000,s,124
5148404000,s,124
5148410000,r,380
5148430000,s,124
5148444000,s,124
5148457000,s,124
5148468000,s,124
5148479000,s,124
5148492000,s,124
5148507000,s,124
5148527000,s,124
5148542000,s,124
5149567000,s,140
5149826000,s,124
5151936000,s,140
5157130000,r,140
5157130000,r,140
5160370000,r,1340
5160370000,r,1340
5160370000,r,1340
5160370000,r,1340
5160370000,r,1340
5160371000,r,1340
5160371000,r,1340
5160371000,r,428
5160511000,r,220
5161034000,s,124
5161515000,s,124
5162016000,s,124
5162125000,s,124
5162195000,s,124
5162294000,s,124
5162358000,s,124
5162417000,s,124
5163183000,r,124
5163448000,r,1340
5163791000,s,140
5165780000,s,124
5166995000,r,1340
5166996000,r,1340
5166996000,r,1340
5166996000,r,1068
5168015000,s,140
5168232000,s,140
5168394000,s,140
5168505000,s,140
5192970000,s,220
5207402000,r,1116
5251839000,s,140
5628332000,s,108
5933386000,s,1340
5933525000,s,284
5948705000,r,124
5948705000,r,124
5996424000,r,380
5996799000,s,380
5997495000,s,124
6013911000,s,316
6026419000,r,124
6280573000,r,1340
6280574000,r,1340
6280574000,r,1340
6280574000,r,1340
6280574000,r,1340
6280574000,r,1340
6280575000,r,236
6280575000,r,1340
6280910000,r,1340
6280911000,r,1340
6280911000,r,1340
6281837000,s,124
6282192000,s,124
6282247000,s,124
6282277000,s,124
6282298000,s,124
6282319000,s,124
6282340000,s,124
6282360000,s,124
6282380000,s,124
6282401000,s,124
6282420000,s,124
6293315000,r,1340
6293315000,r,1340
6293316000,r,1340
6293316000,r,220
6294232000,s,124
6294347000,s,124
6294383000,s,124
6294403000,s,124
7697037000,s,140
7730267000,s,140
7730671000,s,140
7933167000,s,124
8142169000,s,124
8142849000,s,124
8157836000,r,140
8157836000,r,140
8157836000,r,124
8157836000,r,124
8158216000,s,108
8158254000,s,108
8158270000,s,108
8158277000,s,108
8187628000,s,140
12702851000,s,140
12744355000,s,140
12744820000,s,140
13819662000,s,156
13861478000,s,156
13862109000,s,156
13883514000,r,156
17707560000,s,140
19934008000,s,156
19977468000,s,156
19978057000,s,156
19999457000,r,156
23294545000,s,108
23334222000,s,108
23334670000,s,108
26026616000,s,156
26063116000,s,156
26063570000,s,156
26083470000,r,156