0,s,156
38675000,s,156
39100000,s,156
60801000,r,156
2952779000,s,140
2993710000,s,140
2994113000,s,140
2994193000,s,140
2994214000,s,140
2994229000,s,156
2994241000,s,156
2994908000,s,156
3008677000,s,1340
3009167000,s,1340
3010324000,s,172
3013829000,r,252
3013829000,r,188
3013829000,r,252
3013829000,r,188
3013830000,r,204
3013830000,r,172
3019386000,s,124
3019884000,s,124
3024489000,r,140
3024489000,r,1340
3029100000,s,1340
3029216000,s,1340
3030085000,s,172
3031506000,r,124
3031507000,r,1340
3032126000,r,396
3032126000,r,1036
3032126000,r,124
3032962000,s,124
3037677000,s,1340
3037842000,s,780
3039692000,s,1340
3039799000,s,1340
3042818000,s,1340
3043022000,s,172
3044111000,s,140
3044160000,r,140
3044256000,s,172
3044289000,s,124
3044161000,r,1340
3048359000,r,124
3050684000,r,364
3050685000,r,124
3051233000,s,124
3052073000,r,1340
3052074000,r,396
3052074000,r,1052
3052597000,s,188
3054680000,s,1340
3054965000,s,124
3055095000,s,204
3055224000,s,620
3056345000,r,1372
3056345000,r,1372
3060018000,r,220
3061123000,s,124
3061422000,s,1340
3061568000,s,188
3062675000,s,316
3063041000,s,364
3064451000,r,204
3064850000,r,172
3065542000,s,124
3065853000,s,156
3070008000,r,124
3070008000,r,220
3077670000,r,124
3077671000,r,124
3091753000,r,1340
3096332000,r,1340
3096332000,r,1340
3096333000,r,1340
3096333000,r,1340
3096334000,r,1340
3096334000,r,956
3096335000,r,380
3097695000,s,124
3098149000,s,124
3098530000,s,124
3098984000,s,124
3101095000,s,140
3103339000,r,124
3129644000,s,412
3129732000,s,348
3130303000,s,284
3132149000,s,364
3134598000,s,156
3134844000,s,348
3136328000,s,124
3141222000,r,124
3146279000,r,124
3146279000,r,124
3147104000,s,124
3150706000,s,1340
3150748000,s,732
3152446000,r,1340
3152446000,r,1340
3152446000,r,348
3152446000,r,652
3152447000,r,1340
3152447000,r,1340
3152447000,r,1340
3152447000,r,1340
3152537000,r,1340
3152537000,r,1340
3153126000,r,1340
3153126000,r,1340
3153126000,r,1340
3153126000,r,1340
3153286000,s,124
3153808000,s,124
3154136000,s,124
3154376000,s,124
3154622000,s,124
3154822000,s,124
3160891000,r,124
3160891000,r,124
3164503000,r,364
3165371000,s,124
3166371000,r,1340
3166371000,r,1340
3166371000,r,1340
3166371000,r,1340
3166372000,r,1340
3166372000,r,1340
3166372000,r,1340
3166372000,r,1340
3166479000,r,1340
3166479000,r,1340
3166480000,r,1340
3166480000,r,1340
3166480000,r,1340
3166480000,r,1340
3166481000,r,1340
3166481000,r,1340
3166551000,r,1340
3166552000,r,1340
3166552000,r,1340
3166552000,r,1340
3166552000,r,1340
3166553000,r,1340
3166553000,r,1340
3166553000,r,1340
3166925000,s,124
3167296000,s,188
3167551000,s,124
3167637000,s,124
3168056000,s,124
3168812000,s,124
3168938000,s,124
3169000000,s,668
3169023000,s,124
3169323000,s,124
3170041000,s,124
3170435000,s,124
3170578000,s,124
3170636000,s,124
3179597000,r,124
3179598000,r,1340
3179599000,r,1340
3179599000,r,1340
3179600000,r,1340
3179600000,r,1340
3179601000,r,1340
3179601000,r,204
3179964000,r,1340
3179964000,r,1340
3179965000,r,1340
3179965000,r,1340
3179966000,r,1340
3179966000,r,1340
3179967000,r,1340
3179967000,r,1340
3180116000,r,1340
3180117000,r,1340
3180117000,r,1340
3180118000,r,124
3180118000,r,1340
3180119000,r,1340
3180119000,r,1340
3180120000,r,1340
3180253000,r,1340
3180254000,r,1340
3180254000,r,1340
3181256000,s,124
3182175000,r,1340
3182175000,r,1340
3182176000,r,1340
3182176000,r,1340
3182177000,r,1340
3182177000,r,1340
3182178000,r,1340
3182178000,r,1340
3182438000,s,124
3182504000,r,1340
3182504000,r,1340
3182505000,r,1340
3182505000,r,1340
3182506000,r,1340
3182613000,s,124
3182669000,s,124
3182506000,r,1340
3182507000,r,1340
3182909000,r,1340
3182910000,r,1340
3182910000,r,1340
3182911000,r,1340
3182911000,r,1340
3182912000,r,1340
3182912000,r,1340
3183171000,s,124
3183442000,s,124
3183628000,s,124
3183848000,s,124
3184063000,s,124
3184317000,s,124
3184642000,s,124
3185259000,s,124
3186086000,s,124
3186278000,s,124
3186315000,s,124
3186334000,s,124
3187137000,s,124
3187226000,s,124
3187256000,s,124
3187270000,s,124
3187281000,s,124
3187292000,s,124
3187303000,s,124
3189652000,r,1340
3189652000,r,1340
3189652000,r,1340
3189652000,r,1340
3189653000,r,1340
3189653000,r,1340
3189653000,r,1340
3189653000,r,1340
3190545000,s,124
3190750000,s,124
3190821000,s,124
3190856000,s,124
3193231000,r,1340
3193231000,r,1340
3193231000,r,1340
3193231000,r,1340
3193231000,r,1340
3193231000,r,1340
3194105000,s,124
3194342000,s,124
3194520000,s,124
3195702000,r,1340
3195706000,r,1340
3195706000,r,1340
3195706000,r,1340
3195706000,r,1340
3195706000,r,1340
3195706000,r,1340
3195706000,r,1340
3195889000,r,1340
3195889000,r,1340
3195889000,r,1340
3195890000,r,1340
3195890000,r,1340
3195890000,r,1340
3195890000,r,1340
3195891000,r,1340
3195988000,r,1340
3195988000,r,1340
3195988000,r,1340
3195989000,r,1340
3195989000,r,1340
3195989000,r,1340
3195989000,r,1340
3195990000,r,1340
3196073000,r,1340
3196073000,r,1340
3196073000,r,1340
3196074000,r,1340
3196634000,s,124
3196728000,s,124
3196757000,s,124
3197818000,r,1340
3197818000,r,1340
3197818000,r,1340
3197818000,r,1340
3197819000,r,1340
3197819000,r,1340
3197819000,r,1340
3197819000,r,1340
3197926000,r,1340
3197926000,r,1340
3197927000,r,1340
3197927000,r,1340
3197927000,r,1340
3197927000,r,1340
3197927000,r,1340
3197927000,r,1340
3198359000,s,124
3198433000,s,124
3198460000,s,124
3198473000,s,124
3198483000,s,124
3198493000,s,124
3198503000,s,124
3198584000,s,124
3198600000,s,124
3198611000,s,124
3198654000,s,124
3198665000,s,124
3198673000,s,124
3198682000,s,124
3198691000,s,124
3198700000,s,124
3198708000,s,124
3198717000,s,124
3198766000,s,124
3200473000,r,1340
3200473000,r,1340
3200474000,r,1340
3200474000,r,1340
3200474000,r,1340
3200474000,r,1340
3200474000,r,1340
3200475000,r,1340
3200701000,r,1340
3200702000,r,1340
3200702000,r,1340
3200702000,r,1340
3201232000,r,1340
3201232000,r,1340
3201232000,r,1340
3201233000,r,1340
3201233000,r,1340
3201233000,r,1340
3201233000,r,1340
3201234000,r,1340
3201398000,r,1340
3201398000,r,1340
3201677000,s,124
3201761000,s,124
3201795000,s,124
3201821000,s,124
3201847000,s,124
3201870000,s,124
3201891000,s,124
3202650000,s,124
3202712000,s,124
3202730000,s,124
3202744000,s,124
3205249000,r,1340
3205249000,r,1340
3205250000,r,1340
3205250000,r,1340
3205250000,r,1340
3205251000,r,1340
3205251000,r,1340
3205251000,r,1340
3205478000,r,428
3205810000,s,124
3205974000,s,124
3206114000,s,124
3206232000,s,124
3206340000,s,124
3209755000,r,1340
3209756000,r,1340
3209756000,r,1340
3209756000,r,1340
3209756000,r,1340
3209756000,r,1340
3209756000,r,1340
3209756000,r,1340
3209894000,r,1340
3209894000,r,1340
3209894000,r,1340
3209894000,r,1340
3209895000,r,1340
3209895000,r,1340
3209895000,r,1340
3209895000,r,1340
3209936000,r,1340
3209936000,r,1340
3209937000,r,1340
3210203000,r,1340
3210203000,r,1340
3210203000,r,1340
3210203000,r,1340
3210203000,r,1340
3210204000,r,1340
3210204000,r,1340
3210204000,r,1340
3210244000,r,1340
3210613000,s,124
3210749000,r,1340
3210749000,r,1340
3210749000,r,1340
3210749000,r,1340
3210749000,r,1340
3210749000,r,1340
3210903000,r,1340
3210903000,r,1340
3210903000,r,1340
3210956000,s,124
3211063000,s,124
3211333000,s,124
3211566000,s,124
3212092000,s,124
3212247000,s,124
3212378000,s,124
3212566000,s,124
3212846000,s,124
3212963000,r,1340
3212963000,r,1340
3212963000,r,1340
3212964000,r,1340
3212964000,r,1340
3212964000,r,1340
3212964000,r,1340
3212964000,r,1340
3213056000,s,124
3213270000,s,124
3213545000,s,124
3213696000,s,124
3213871000,s,124
3214065000,s,124
3214275000,s,124
3214525000,s,124
3214567000,s,124
3215005000,s,124
3215146000,r,1340
3215146000,r,1340
3215146000,r,1340
3215146000,r,1340
3215147000,r,1340
3215147000,r,1340
3215147000,r,1340
3215147000,r,1340
3215375000,s,124
3215396000,s,124
3215611000,s,124
3215758000,r,1340
3215758000,r,1340
3215758000,r,1340
3215759000,r,1340
3215759000,r,1340
3215759000,r,1340
3215759000,r,1340
3215759000,r,1340
3215902000,r,1340
3215903000,r,1340
3215903000,r,1340
3215903000,r,1340
3215903000,r,1340
3215903000,r,1340
3215903000,r,1340
3216021000,s,124
3216106000,s,124
3216246000,s,124
3216414000,s,124
3216614000,s,124
3216798000,s,124
3217160000,r,1340
3217205000,s,124
3217160000,r,1340
3217161000,r,1340
3217161000,r,1340
3217161000,r,1340
3217161000,r,1340
3217351000,s,124
3217454000,s,124
3217699000,s,124
3217864000,s,124
3218016000,s,124
3218153000,s,124
3218372000,s,124
3221739000,r,1340
3221739000,r,1340
3222475000,s,124
3226716000,s,1340
3226762000,s,220
3226774000,r,1340
3226774000,r,1340
3226774000,r,1340
3226774000,r,1340
3226774000,r,1340
3226775000,r,1340
3226775000,r,1340
3226775000,r,1340
3226855000,r,1340
3226855000,r,1340
3226855000,r,1340
3226855000,r,1340
3226855000,r,1340
3226855000,r,1340
3226856000,r,1340
3226856000,r,1340
3226892000,r,1340
3226893000,r,1340
3226893000,r,1340
3226893000,r,1340
3226893000,r,1340
3226893000,r,1340
3226893000,r,1340
3226893000,r,1340
3226924000,r,1340
3226924000,r,1340
3226924000,r,1340
3226963000,r,1340
3226963000,r,1340
3226963000,r,1340
3226963000,r,1340
3226963000,r,1340
3226963000,r,1340
3227208000,r,1340
3227208000,r,1340
3227208000,r,1340
3227208000,r,1340
3227208000,r,1340
3227208000,r,1340
3227252000,s,124
3227338000,s,124
3227630000,r,1340
3227630000,r,1340
3227630000,r,1340
3227693000,s,124
3227782000,s,124
3228058000,s,124
3228274000,s,124
3228319000,r,1340
3228319000,r,1340
3228319000,r,1340
3228518000,s,124
3228647000,s,124
3228912000,s,124
3229302000,s,124
3229476000,s,124
3229608000,s,124
3229706000,r,1340
3229706000,r,1340
3229706000,r,1340
3229706000,r,1340
3229706000,r,1340
3229707000,r,1340
3229707000,r,1340
3229707000,r,1340
3229777000,r,1340
3229777000,r,1340
3229777000,r,1340
3229777000,r,1340
3229778000,r,1340
3229854000,s,124
3229972000,s,124
3230200000,s,124
3230368000,s,124
3230548000,s,124
3230838000,s,124
3230937000,s,124
3231114000,s,124
3231368000,r,1340
3231368000,r,1340
3231368000,r,1340
3231368000,r,1340
3231368000,r,1340
3231368000,r,620
3231550000,s,124
3231651000,s,124
3231899000,s,124
3232000000,s,124
3232324000,s,124
3232484000,s,124
3232700000,s,124
3233105000,s,124
3233208000,s,124
3233281000,s,124
3233636000,s,124
3233831000,s,124
3240467000,r,124
3267303000,s,476
3281576000,s,220
3283646000,r,380
3284499000,r,1340
3284499000,r,1340
3284499000,r,1340
3284500000,r,1340
3284500000,r,1340
3284500000,r,1340
3284500000,r,1340
3284500000,r,1340
3284610000,r,1340
3284610000,r,1340
3284610000,r,1340
3284610000,r,1340
3284611000,r,1340
3284611000,r,1340
3284990000,s,124
3285743000,s,124
3285795000,s,124
3285792000,r,1340
3285810000,s,124
3285792000,r,1340
3285792000,r,1340
3285792000,r,1340
3285792000,r,396
3285792000,r,380
3288226000,s,124
3288354000,s,124
3288519000,s,124
3288603000,s,124
3288703000,s,124
3288919000,s,124
3296477000,r,364
3299222000,r,1340
3299222000,r,1340
3299222000,r,1340
3299222000,r,1340
3299222000,r,1340
3299223000,r,1340
3299223000,r,1340
3299223000,r,1340
3299341000,r,1340
3299341000,r,1340
3299341000,r,1340
3299341000,r,1340
3299341000,r,1340
3299341000,r,1340
3299342000,r,1340
3299342000,r,1340
3299391000,r,1340
3299391000,r,1340
3299391000,r,1340
3299391000,r,1340
3299391000,r,1340
3299392000,r,1340
3299392000,r,1340
3299392000,r,1340
3299436000,r,1340
3299436000,r,1340
3299436000,r,1340
3299437000,r,1340
3299437000,r,1340
3299437000,r,1340
3299437000,r,1340
3299437000,r,1340
3299795000,s,124
3299892000,r,1340
3299892000,r,1340
3299892000,r,1340
3299892000,r,1340
3299892000,r,1340
3299893000,r,1340
3299930000,s,124
3300037000,s,124
3300206000,s,124
3300623000,s,124
3300871000,s,124
3301008000,s,124
3301444000,s,124
3301498000,s,124
3301560000,r,1340
3301560000,r,1340
3301560000,r,1340
3301561000,r,1340
3301561000,r,1340
3301561000,r,1340
3301561000,r,1340
3301561000,r,1340
3301669000,r,1340
3301669000,r,1340
3301669000,r,1340
3301896000,s,124
3302087000,s,124
3302313000,s,124
3302750000,s,124
3303050000,s,124
3303134000,s,124
3303265000,s,124
3303328000,s,124
3303436000,s,124
3303633000,s,124
3303656000,r,1340
3303656000,r,1340
3303657000,r,1340
3303657000,r,1340
3303657000,r,796
3303657000,r,1340
3303657000,r,1340
3303657000,r,1340
3303765000,r,1340
3303765000,r,1340
3303765000,r,1340
3303765000,r,1340
3303765000,r,1340
3303766000,r,1340
3303766000,r,1340
3303766000,r,1340
3303802000,r,1340
3303802000,r,1340
3303803000,r,604
3303803000,r,1340
3303803000,r,1340
3303803000,r,1340
3303803000,r,1340
3303803000,r,1340
3303836000,r,1340
3303837000,r,1340
3303837000,r,1340
3304219000,s,124
3304291000,s,124
3304356000,s,124
3304416000,s,124
3304547000,s,124
3304568000,r,1340
3304568000,r,1340
3304568000,r,1340
3304618000,s,124
3304568000,r,1340
3304568000,r,1340
3304568000,r,1340
3304568000,r,1340
3304569000,r,1340
3304683000,s,124
3304881000,s,124
3304917000,s,124
3304933000,s,124
3305427000,s,124
3305498000,s,124
3305551000,s,124
3305609000,s,124
3305758000,s,124
3305922000,s,124
3306041000,s,124
3306277000,s,124
3306622000,s,124
3306660000,s,124
3306858000,s,124
3307059000,s,124
3307166000,s,124
3312472000,r,1340
3312473000,r,1340
3312473000,r,1340
3313309000,s,124
3313974000,s,124
3315440000,r,1340
3315441000,r,1340
3315441000,r,1340
3316144000,s,124
3316940000,r,1340
3316940000,r,1340
3316940000,r,1340
3316940000,r,1340
3316941000,r,1340
3316941000,r,1340
3316941000,r,1340
3316941000,r,1340
3317090000,r,1340
3317090000,r,1340
3317090000,r,1340
3317091000,r,1340
3317091000,r,1340
3317091000,r,1340
3317091000,r,1340
3317091000,r,1340
3317153000,r,1340
3317153000,r,1340
3317153000,r,1340
3317154000,r,1340
3317522000,s,124
3317803000,s,124
3318570000,s,124
3318655000,s,124
3318714000,s,124
3319685000,r,1340
3319685000,r,1340
3320184000,s,124
3320240000,s,124
3321405000,r,1340
3321405000,r,1340
3321405000,r,1340
3321406000,r,252
3322365000,s,124
3332836000,s,124
3456214000,s,284
3457689000,s,236
3471858000,r,124
3624518000,r,1340
3624518000,r,300
3624518000,r,1340
3624519000,r,348
3624519000,r,348
3627651000,s,124
3628382000,s,124
3628783000,s,124
8380645000,r,140
8380646000,r,124
8380646000,r,124
8384134000,s,124
8393418000,s,176
8393891000,s,124
8404932000,r,120
8413458000,s,60
12075772000,s,108
12115015000,s,108
12115449000,s,108
13704626000,r,156
13704626000,r,140
13704627000,r,124
13704627000,r,124
13708320000,s,124
13708801000,s,124
13709219000,s,124
13712412000,s,124
13728888000,r,124
19150714000,s,156
19191195000,s,156
19191607000,s,156
19212578000,r,156
25269167000,s,156
25306943000,s,156
25307358000,s,156
25326057000,r,156