0,s,156
11848000,r,156
3226755000,s,124
3231494000,s,124
3243100000,r,124
3245088000,s,124
3250022000,s,1340
3250238000,s,716
3264110000,r,124
3264110000,r,364
3266116000,s,124
3268220000,s,188
3269295000,s,204
3270079000,s,620
3280001000,r,204
3280002000,r,172
3282089000,s,124
3282287000,s,156
3294028000,s,156
3294495000,s,156
3294539000,r,124
3336583000,r,172
3343715000,r,892
3350273000,s,156
3353483000,r,188
3357676000,s,188
3364345000,s,1340
3369038000,r,124
3369324000,s,1340
3370307000,s,172
3378773000,r,1372
3383968000,r,1372
3388321000,s,1340
3388476000,s,188
3390344000,s,316
3390847000,s,348
3403909000,r,124
3404484000,r,124
3418148000,r,380
3420158000,s,140
3443915000,s,316
3444127000,s,348
3460346000,r,124
3477193000,r,252
3477193000,r,252
3479208000,s,140
3985257000,r,1340
3985257000,r,1340
3985258000,r,1340
3985258000,r,1340
3985259000,r,1340
3985259000,r,1340
3985260000,r,1340
3985260000,r,1340
3986108000,r,1228
3986108000,r,1228
3989769000,s,124
3990767000,s,124
3991070000,s,124
3991480000,s,124
3991659000,s,124
4048989000,s,428
4049972000,s,364
4060821000,r,124
4062428000,r,396
4063537000,s,124
4065282000,r,1340
4065282000,r,1340
4065283000,r,1340
4065283000,r,1340
4065283000,r,1340
4065284000,r,1340
4065284000,r,1340
4065285000,r,1340
4065623000,r,1340
4065624000,r,1340
4065760000,r,1340
4065761000,r,1340
4065761000,r,1340
4065762000,r,1340
4065762000,r,1340
4065762000,r,1340
4065763000,r,1180
4067070000,s,124
4067469000,s,124
4067752000,s,124
4067917000,s,124
4068003000,s,124
4068121000,s,124
4068205000,s,124
4068357000,s,124
4068442000,s,124
4068560000,s,124
4068664000,s,124
4068777000,s,124
4068897000,s,124
4068979000,s,124
4069058000,s,124
4069229000,s,124
4069353000,s,124
4075279000,r,1340
4075280000,r,1340
4076058000,s,124
4076115000,s,124
4077703000,r,380
4078000000,s,124
4078053000,s,124
4089553000,r,124
4090186000,s,124
4090956000,s,1340
4090984000,s,700
4108794000,r,124
4108794000,r,124
4108794000,r,364
4110066000,s,124
4110914000,s,188
4111291000,s,668
4145899000,s,668
4149205000,r,124
4149205000,r,124
4150988000,r,204
4161210000,r,1340
4161210000,r,1340
4161210000,r,1340
4161210000,r,1340
4161210000,r,1340
4161210000,r,1340
4161211000,r,1340
4161211000,r,1340
4161436000,r,1340
4161436000,r,124
4162443000,s,124
4162634000,s,124
4162740000,s,124
4162841000,s,124
4162945000,s,124
4183073000,r,1340
4183073000,r,1340
4183073000,r,1340
4183073000,r,1340
4183073000,r,1340
4183073000,r,1340
4183073000,r,1340
4183074000,r,1340
4183361000,r,1340
4183361000,r,428
4184625000,s,124
4184730000,s,124
4184930000,s,124
4185137000,s,124
4185424000,s,124
4225844000,s,444
4225944000,s,396
4236531000,r,124
4251819000,s,1340
4251961000,s,252
4255789000,s,284
4256205000,s,236
4256415000,s,236
4256499000,s,236
4262106000,r,124
4262106000,r,124
4278428000,r,364
4278428000,r,364
4278428000,r,1340
4278428000,r,1340
4278429000,r,1340
4278429000,r,1340
4278429000,r,1340
4278429000,r,1340
4278682000,r,1340
4278682000,r,1340
4278683000,r,1340
4278683000,r,1340
4278683000,r,1340
4278683000,r,1340
4279154000,r,1340
4279154000,r,1340
4279154000,r,1340
4279496000,s,124
4279624000,s,124
4279706000,s,124
4280063000,r,1340
4280064000,r,1340
4280064000,r,1340
4280064000,r,1340
4280064000,r,1340
4280064000,r,1340
4280064000,r,1340
4280065000,r,1340
4280198000,r,1340
4280199000,r,1340
4280199000,r,1340
4280199000,r,1340
4280387000,s,124
4280456000,s,124
4280480000,s,124
4280506000,s,124
4280523000,s,124
4280538000,s,124
4280551000,s,124
4280564000,s,124
4280578000,s,124
4280591000,s,124
4280605000,s,124
4280619000,s,124
4280633000,s,124
4280647000,s,124
4280661000,s,124
4280675000,s,124
4280817000,s,124
4280962000,s,124
4281045000,r,1340
4281074000,s,124
4281045000,r,1340
4281046000,r,1340
4281046000,r,1340
4281046000,r,1340
4281046000,r,1340
4281046000,r,972
4281153000,s,124
4281248000,s,124
4281316000,s,124
4281380000,s,124
4281445000,s,124
4281498000,s,124
4281549000,s,124
4281598000,s,124
4281647000,s,124
4281696000,s,124
4281840000,s,124
4281870000,s,124
4281881000,s,124
4281889000,s,124
4293205000,r,1340
4293205000,r,1340
4293206000,r,1340
4293763000,r,1340
4293763000,r,1340
4293763000,r,1340
4293763000,r,1340
4293763000,r,1340
4293763000,r,1340
4293763000,r,1340
4293763000,r,1340
4293824000,r,1340
4293824000,r,1340
4293824000,r,1340
4293824000,r,1340
4293824000,r,1340
4293824000,r,1340
4293824000,r,1340
4293825000,r,1340
4293853000,r,1340
4293853000,r,1340
4294007000,s,124
4294061000,s,124
4294072000,s,124
4294157000,s,124
4294226000,r,1340
4294226000,r,1340
4294226000,r,1340
4294226000,r,1340
4294226000,r,1340
4294226000,r,892
4294295000,r,1340
4294295000,r,1340
4294295000,r,1340
4294295000,r,1340
4294295000,r,1340
4294296000,r,1340
4294369000,s,124
4294395000,s,124
4294429000,s,124
4294443000,s,124
4294456000,s,124
4294465000,s,124
4294473000,s,124
4294480000,s,124
4294489000,s,124
4294497000,s,124
4294717000,s,124
4294736000,r,1340
4294737000,r,1340
4294737000,r,1340
4294737000,r,1340
4294737000,r,1340
4294737000,r,492
4294926000,s,124
4294990000,s,124
4295044000,r,1340
4295052000,s,124
4295044000,r,1340
4295044000,r,1340
4295044000,r,1340
4295102000,s,124
4295044000,r,1340
4295044000,r,1340
4295153000,s,124
4295213000,s,124
4295273000,s,124
4295339000,s,124
4295403000,s,124
4295462000,s,124
4295526000,s,124
4295588000,s,124
4295655000,s,124
4295716000,r,1340
4295716000,r,1340
4295716000,r,1340
4295716000,r,1340
4295716000,r,1340
4295716000,r,1340
4295716000,r,1340
4295716000,r,1340
4295777000,r,1340
4296042000,r,1340
4296042000,r,1340
4296042000,r,1340
4296042000,r,1340
4296043000,r,1340
4296043000,r,1340
4296321000,r,1340
4296321000,r,1340
4296321000,r,1340
4296578000,s,124
4296608000,s,124
4296620000,s,124
4296629000,s,124
4296636000,s,124
4296643000,s,124
4296649000,s,124
4296656000,s,124
4296664000,s,124
4296672000,s,124
4296678000,s,124
4296684000,s,124
4296691000,s,124
4296697000,s,124
4296703000,s,124
4296709000,s,124
4296715000,s,124
4296721000,s,124
4296727000,s,124
4296787000,s,124
4296875000,s,124
4296992000,s,124
4297072000,s,124
4297140000,s,124
4297254000,s,124
4297348000,s,124
4297388000,s,124
4297497000,s,124
4297585000,s,124
4297684000,s,124
4297790000,s,124
4297891000,s,124
4297976000,s,124
4298071000,s,124
4298177000,s,124
4299577000,r,1340
4299577000,r,1340
4299578000,r,1340
4299754000,r,1340
4299754000,r,1340
4299754000,r,1340
4299754000,r,1340
4299754000,r,1340
4299754000,r,1340
4299754000,r,1340
4299754000,r,1340
4299794000,r,1340
4300006000,s,124
4300049000,s,124
4300067000,s,124
4300075000,s,124
4300082000,s,124
4300093000,s,124
4300101000,s,124
4300113000,s,124
4300120000,s,124
4300128000,s,124
4300134000,s,124
4300143000,s,124
4306867000,r,1340
4307685000,s,124
4308291000,r,1340
4308292000,r,1340
4308292000,r,1340
4308701000,s,124
4308743000,s,124
4308758000,s,124
4309928000,r,1340
4309928000,r,1340
4309929000,r,1340
4309929000,r,1340
4309929000,r,1340
4309929000,r,1340
4309929000,r,1340
4309929000,r,1340
4310005000,r,1340
4310005000,r,1340
4310005000,r,1340
4310006000,r,1340
4310006000,r,1340
4310006000,r,1340
4310006000,r,1340
4310006000,r,1340
4310034000,r,1340
4310034000,r,1340
4310062000,r,1340
4310062000,r,1340
4310063000,r,1340
4310063000,r,1340
4310063000,r,1340
4310063000,r,1340
4310063000,r,1340
4310063000,r,1340
4310095000,r,1340
4310295000,s,124
4310654000,r,1340
4310654000,r,1340
4310654000,r,1340
4311016000,s,124
4311059000,s,124
4311072000,s,124
4311081000,s,124
4311089000,s,124
4311096000,s,124
4311103000,s,124
4311110000,s,124
4311117000,s,124
4311125000,s,124
4311132000,s,124
4311140000,s,124
4311148000,s,124
4311155000,s,124
4311162000,s,124
4311169000,s,124
4311178000,s,124
4311357000,s,124
4311368000,s,124
4311378000,s,124
4311386000,s,124
4311393000,s,124
4311401000,s,124
4311407000,s,124
4311415000,s,124
4311430000,s,124
4311438000,s,124
4311445000,s,124
4311589000,s,124
4314107000,r,1340
4314107000,r,1340
4314107000,r,1340
4314107000,r,1340
4314108000,r,1340
4314108000,r,1340
4314108000,r,1340
4314108000,r,1340
4314198000,r,1340
4314198000,r,620
4314198000,r,380
4314464000,s,124
4314575000,s,124
4314597000,s,124
4314843000,s,124
4314878000,s,124
4314889000,s,124
4314903000,s,124
4314912000,s,124
4314920000,s,124
4314927000,s,124
4358247000,s,124
4465010000,r,1340
4465010000,r,1340
4465010000,r,1340
4465010000,r,956
4466622000,s,124
4466861000,s,124
4466998000,s,124
4467122000,s,124
7005469000,r,1340
7005469000,r,1340
7005470000,r,1340
7005470000,r,1340
7005471000,r,1340
7005471000,r,1340
7005472000,r,1244
7005472000,r,1340
7006263000,r,1340
7006264000,r,1340
7006264000,r,1340
7009812000,s,124
7010160000,s,124
7010551000,s,124
7010765000,s,124
7011062000,s,124
7011203000,s,124
7011335000,s,124
7011538000,s,124
7011747000,s,124
7011940000,s,124
7012160000,s,124
7022156000,r,1340
7022156000,r,1340
7022157000,r,1340
7022157000,r,1340
7022158000,r,1340
7022158000,r,1340
7022159000,r,1340
7022159000,r,1340
7023746000,r,1340
7023746000,r,1340
7023747000,r,1340
7023747000,r,1340
7023748000,r,1340
7023748000,r,1340
7023749000,r,1340
7023749000,r,1340
7023928000,r,1340
7024720000,s,124
7025071000,s,124
7025304000,r,1340
7025305000,r,1340
7025305000,r,1340
7025306000,r,1340
7025555000,s,124
7026082000,s,124
7026279000,s,124
7026335000,s,124
7026383000,s,124
7026445000,s,124
7026872000,s,124
7027007000,s,124
7027715000,s,124
7027826000,s,124
7028698000,s,124
7028870000,s,124
7029651000,s,124
7029754000,s,124
7029791000,s,124
7030170000,s,124
7030449000,s,124
7032993000,s,124
7033390000,s,124
7036785000,r,1340
7036786000,r,1340
7036786000,r,1340
7036787000,r,1340
7036787000,r,1340
7038466000,r,1340
7038466000,r,1340
7038467000,r,1340
7038609000,s,124
7039097000,s,124
7039147000,r,1340
7039147000,r,1340
7039148000,r,1340
7039148000,r,1340
7039149000,r,1340
7039149000,r,1340
7039150000,r,1340
7039150000,r,1340
7039372000,s,124
7039391000,r,1340
7039391000,r,1340
7039392000,r,1340
7039392000,r,1340
7039393000,r,1340
7039393000,r,1340
7039394000,r,1340
7039394000,r,1340
7039544000,r,1340
7039545000,r,1340
7039545000,r,1340
7039546000,r,1340
7039604000,s,124
7039973000,r,1340
7040018000,s,124
7039974000,r,1340
7039974000,r,1340
7039974000,r,988
7040278000,s,124
7040462000,s,124
7040628000,s,124
7040800000,s,124
7041003000,s,124
7041709000,s,124
7042021000,s,124
7042380000,s,124
7042711000,s,124
7042942000,s,124
7043324000,s,124
7043606000,s,124
7043809000,s,124
7044185000,s,124
7044428000,s,124
7044571000,s,124
7044952000,s,124
7045279000,s,124
7045498000,s,124
7045891000,s,124
7046144000,s,124
7046421000,s,124
7046621000,s,124
7046808000,s,124
7046997000,s,124
7047187000,s,124
7047365000,s,124
9410068000,r,140
9410069000,r,124
9410069000,r,124
9414067000,s,124
9414517000,s,124
15093107000,s,156
15130617000,s,156
15131035000,s,156
15150804000,r,156
17037382000,r,156
17037383000,r,140
17037383000,r,140
17041573000,s,124
17042097000,s,124
17045536000,s,124
17057319000,r,124
22209318000,s,156
22220760000,r,156