0,s,140
31162000,s,140
31606000,s,140
31659000,s,124
2792951000,s,140
3739329000,r,140
3739329000,r,124
3739329000,r,124
3742658000,s,124
3742837000,s,124
3744036000,s,140
3744303000,s,124
3756444000,r,108
3756444000,r,108
3840425000,s,108
4869998000,s,124
4910470000,s,124
4910935000,s,124
4935611000,r,124
4937829000,s,124
4943128000,s,1340
4943361000,s,748
4952852000,s,156
4952968000,s,156
4954847000,r,124
4955807000,r,364
4956265000,s,124
4962116000,s,188
4963019000,s,204
4971701000,s,620
4973071000,r,204
4973072000,r,172
4974015000,s,124
4974352000,s,156
4984344000,r,124
4995297000,r,172
4997490000,r,188
5001451000,r,892
5009979000,s,156
5023171000,s,1340
5023417000,s,1340
5024740000,s,172
5026002000,s,188
5037539000,r,124
5037540000,r,1372
5037965000,r,1372
5044373000,s,1340
5044511000,s,188
5045156000,s,316
5049329000,s,348
5059289000,r,124
5062822000,r,1340
5062823000,r,1340
5062823000,r,1340
5062824000,r,1340
5062824000,r,1340
5062825000,r,1340
5062825000,r,1340
5062826000,r,1340
5063136000,r,1212
5064443000,s,124
5064693000,s,124
5069887000,s,124
5070423000,s,124
5078216000,r,380
5087136000,s,140
5087873000,r,124
5112204000,s,124
5148275000,s,316
5153814000,s,428
5155884000,s,348
5156944000,s,364
5157081000,s,300
5157534000,s,236
5167971000,r,124
5171289000,r,124
5172308000,r,1340
5172309000,r,1340
5172309000,r,380
5173534000,s,124
5174075000,s,124
5174287000,s,124
5175298000,r,620
5175299000,r,1340
5175299000,r,1340
5176651000,s,124
5176986000,s,124
5177095000,s,124
5179297000,r,1340
5179297000,r,1340
5179298000,r,1340
5179298000,r,1340
5179298000,r,1340
5179299000,r,1340
5179299000,r,1340
5179300000,r,1340
5179549000,r,1340
5179550000,r,1340
5179550000,r,1340
5179550000,r,508
5180242000,s,124
5181061000,s,124
5181160000,s,124
5181189000,s,124
5181211000,s,124
5181232000,s,124
5181252000,s,124
5181272000,s,124
5181291000,s,124
5181312000,s,124
5181331000,s,124
5181354000,s,124
5185912000,r,252
5185912000,r,252
5185912000,r,1340
5185913000,r,1340
5186910000,s,124
5187039000,s,124
5187629000,r,1340
5187630000,r,1340
5187630000,r,1340
5187630000,r,1340
5187631000,r,1340
5187631000,r,1340
5187632000,r,1340
5187632000,r,1340
5187881000,r,1340
5187881000,r,1340
5188355000,s,124
5188571000,s,124
5188647000,s,124
5188682000,s,124
5188711000,s,124
5188740000,s,124
5189462000,s,124
5189593000,s,124
5189648000,s,124
5189682000,s,124
5191717000,r,1340
5191717000,r,1340
5191717000,r,1340
5191717000,r,1340
5191718000,r,1340
5191718000,r,1340
5191718000,r,1340
5191719000,r,1340
5191939000,r,1340
5191939000,r,1340
5191939000,r,1340
5191939000,r,1340
5191940000,r,1340
5191940000,r,1340
5192662000,s,124
5192669000,r,1340
5192669000,r,1340
5192750000,s,124
5192670000,r,1340
5193089000,s,124
5193226000,s,124
5193965000,s,124
5194290000,r,1340
5194290000,r,1340
5194291000,r,1340
5194291000,r,1340
5194291000,r,1340
5194292000,r,1340
5194292000,r,1340
5195457000,s,124
5195667000,s,124
5195780000,s,124
5195891000,s,124
5196001000,s,124
5196113000,s,124
5196229000,s,124
5196350000,s,124
5196451000,s,124
5196581000,s,124
5196708000,s,124
5196823000,s,124
5197299000,s,124
5197412000,s,124
5197499000,s,124
5197559000,s,124
5197616000,s,124
5197673000,s,124
5197792000,s,124
5198665000,r,1340
5198665000,r,1340
5199206000,s,140
5199347000,s,124
5199395000,s,124
5201145000,r,1340
5201145000,r,1340
5201146000,r,1340
5201146000,r,1340
5201146000,r,1340
5201147000,r,1340
5201147000,r,1340
5201147000,r,1340
5201301000,r,1340
5202421000,s,124
5202562000,s,124
5202603000,s,124
5202634000,s,124
5202663000,s,124
5202711000,s,124
5202740000,s,124
5202769000,s,124
5202796000,s,124
5203429000,r,1340
5203429000,r,1340
5203430000,r,1340
5203430000,r,1340
5203430000,r,1340
5203431000,r,1340
5203431000,r,1340
5203432000,r,1340
5203717000,r,1340
5203717000,r,1340
5203718000,r,1340
5203718000,r,1340
5204269000,r,1340
5204270000,r,1340
5204270000,r,1340
5204460000,s,124
5204577000,s,124
5204890000,s,124
5204908000,r,1340
5204908000,r,1340
5204909000,r,1340
5205027000,s,124
5205091000,s,124
5205267000,s,124
5205322000,s,124
5205357000,s,124
5205388000,s,124
5205417000,s,124
5205446000,s,124
5205648000,s,124
5205715000,s,124
5205748000,s,124
5205769000,s,124
5206369000,r,1340
5206370000,r,1340
5206370000,r,1340
5206371000,r,1340
5206371000,r,1340
5207085000,s,124
5207424000,s,124
5207498000,r,1340
5207545000,s,124
5207498000,r,1340
5207498000,r,1340
5207499000,r,1340
5207601000,s,124
5207499000,r,1340
5207499000,r,1340
5207499000,r,1340
5207500000,r,1340
5207665000,r,1340
5207666000,r,1340
5207987000,s,124
5208206000,s,124
5208578000,s,124
5208916000,s,124
5209014000,r,1340
5209056000,s,124
5209014000,r,1340
5209015000,r,1340
5209015000,r,316
5209199000,s,124
5209302000,s,124
5209441000,s,124
5209566000,s,124
5209693000,s,124
5209985000,s,124
5210068000,s,124
5210304000,s,124
5210431000,s,124
5210647000,s,124
5210867000,s,124
5210928000,s,124
5211385000,s,124
5234582000,s,236
5242784000,s,236
5243002000,s,236
5250176000,r,364
5254237000,r,1340
5254238000,r,1340
5254238000,r,1340
5254239000,r,1340
5254239000,r,1340
5254239000,r,1340
5254240000,r,1340
5254240000,r,1340
5254511000,r,1340
5254511000,r,1340
5254511000,r,1340
5254512000,r,1340
5254512000,r,1340
5254513000,r,508
5254513000,r,1340
5254514000,r,1340
5254640000,r,1340
5254641000,r,1340
5254641000,r,1340
5254642000,r,1340
5254642000,r,1340
5254642000,r,1340
5254643000,r,1340
5254643000,r,1340
5254769000,r,1340
5254769000,r,1340
5254770000,r,1340
5254770000,r,668
5254771000,r,1340
5254771000,r,1340
5254772000,r,1340
5254772000,r,1340
5254894000,r,1340
5254895000,r,1340
5254895000,r,1308
5254895000,r,124
5255182000,s,124
5255502000,s,124
5255646000,s,124
5255741000,s,124
5255827000,s,124
5255945000,s,124
5256063000,s,124
5256175000,s,124
5256377000,s,124
5256498000,s,124
5256575000,s,124
5256645000,s,124
5256767000,s,124
5256867000,s,124
5256968000,s,124
5257043000,s,124
5257138000,s,124
5257213000,s,124
5260412000,r,364
5260412000,r,1340
5260413000,r,1340
5260413000,r,1340
5260414000,r,1340
5260414000,r,1340
5260415000,r,1340
5260415000,r,1340
5260750000,r,1340
5260750000,r,1340
5260751000,r,1340
5260751000,r,1340
5260751000,r,1340
5260752000,r,1340
5260752000,r,508
5260753000,r,1340
5260890000,r,1340
5260890000,r,1340
5260891000,r,1340
5260891000,r,1340
5260892000,r,1340
5260892000,r,1340
5260893000,r,1340
5260893000,r,1340
5261018000,r,1340
5261099000,s,124
5261919000,s,124
5262057000,s,124
5262105000,s,124
5262140000,s,124
5262175000,s,124
5262209000,s,124
5262286000,s,124
5262520000,s,124
5262643000,r,1340
5262681000,s,124
5262644000,r,1340
5262644000,r,1340
5262645000,r,508
5262645000,r,1196
5262646000,r,364
5262646000,r,1340
5262811000,s,124
5262646000,r,1340
5262863000,r,1340
5262864000,r,1340
5262864000,r,1340
5262864000,r,1340
5262865000,r,1340
5262865000,r,1340
5262865000,r,1340
5262865000,r,1340
5262933000,s,124
5262962000,r,1340
5262962000,r,1340
5262963000,r,1340
5262963000,r,508
5262963000,r,1340
5262963000,r,1340
5262964000,r,1340
5262964000,r,1340
5263050000,r,1340
5263050000,r,1340
5263050000,r,1340
5263676000,s,124
5263816000,s,124
5264320000,r,1340
5264320000,r,1340
5264320000,r,1340
5264321000,r,1340
5264321000,r,1340
5264321000,r,1340
5264322000,r,508
5264322000,r,1340
5264451000,s,124
5264470000,r,1340
5264470000,r,1340
5264470000,r,1340
5264499000,s,124
5264470000,r,1340
5264471000,r,1340
5264471000,r,924
5264534000,s,124
5264563000,s,124
5264592000,s,124
5264621000,s,124
5264646000,s,124
5264670000,s,124
5267728000,s,124
5267871000,s,124
5267992000,s,124
5268066000,s,124
5268138000,s,124
5268218000,s,124
5269077000,s,124
5269310000,s,124
5269417000,s,124
5269622000,s,124
5269726000,s,124
5287156000,s,236
5290997000,s,124
5300944000,r,364
5303309000,r,1340
5303310000,r,1340
5303310000,r,1340
5303310000,r,1340
5303311000,r,1340
5303311000,r,1340
5303312000,r,1340
5303312000,r,1340
5303562000,r,1340
5303562000,r,1340
5303563000,r,1340
5303563000,r,1340
5303563000,r,1340
5303564000,r,508
5303564000,r,1340
5303565000,r,1340
5303689000,r,1340
5303690000,r,1340
5303690000,r,1340
5303690000,r,1340
5303691000,r,1340
5303691000,r,1340
5303692000,r,1340
5303692000,r,1340
5303855000,r,1340
5303856000,r,1340
5303856000,r,1340
5303857000,r,508
5303857000,r,1340
5303857000,r,1340
5303858000,r,1340
5303858000,r,1340
5303985000,r,1340
5304460000,s,124
5304636000,s,124
5305054000,s,124
5305238000,s,124
5305689000,s,124
5305839000,s,124
5305961000,s,124
5306074000,s,124
5306187000,s,124
5306296000,s,124
5306285000,r,1340
5306367000,s,124
5306286000,r,1340
5306437000,s,124
5306286000,r,1340
5306287000,r,1340
5306287000,r,1340
5306288000,r,1260
5306507000,s,124
5306288000,r,124
5306572000,s,124
5306634000,s,124
5306737000,s,124
5306808000,s,124
5306986000,s,124
5307099000,s,124
5307223000,s,124
5307377000,s,124
5311577000,s,1340
5311692000,s,732
5323295000,r,124
5323295000,r,124
5323296000,r,364
5324630000,s,124
5325945000,s,188
5326708000,s,668
5337449000,r,124
5337450000,r,204
5337450000,r,124
5345097000,r,1340
5345097000,r,1340
5345098000,r,1340
5345098000,r,1340
5345099000,r,1340
5345099000,r,1340
5345099000,r,1340
5345100000,r,1340
5345381000,r,1340
5346301000,s,124
5346476000,s,124
5346841000,s,124
5347334000,s,124
5347442000,s,124
5357378000,r,1340
5357379000,r,1340
5358608000,s,124
5359505000,r,1340
5359506000,r,1340
5359506000,r,1340
5359506000,r,1340
5359507000,r,1340
5359507000,r,1340
5359507000,r,1340
5359507000,r,428
5360340000,s,124
5360442000,s,124
5360474000,s,124
5360498000,s,124
5431893000,s,124
5454461000,r,124
5455963000,s,124
5457790000,s,652
5479346000,r,124
5479347000,r,316
5480695000,s,124
5481887000,s,188
5510304000,r,124
5511686000,s,524
5533722000,r,124
5537607000,r,652
5547294000,r,204
5547295000,r,156
5548213000,s,124
5596118000,s,124
5916449000,s,1340
5916617000,s,236
5935349000,r,124
5968461000,s,444
5976513000,s,396
5986496000,r,380
5988826000,r,124
6027963000,s,124
6221080000,r,1340
6221080000,r,1340
6221081000,r,1340
6221081000,r,956
6222753000,s,124
6222906000,s,124
7794971000,s,140
7829666000,s,140
7830073000,s,140
8192182000,s,124
8192375000,s,140
8217121000,s,124
8227848000,r,140
8227848000,r,124
8228263000,s,108
8228304000,s,108
8251664000,s,124
8251803000,s,124
8251936000,s,124
8259265000,r,156
8259265000,r,140
8259265000,r,156
8268061000,s,1340
8268742000,s,1340
8268830000,s,1340
8268892000,s,172
8285387000,r,140
8285387000,r,140
8285387000,r,1340
8285387000,r,1340
8295222000,r,1340
8295222000,r,396
8295222000,r,1036
8297100000,s,172
8297338000,s,124
8312075000,r,124
8312075000,r,220
8343170000,s,124
9375445000,r,1340
9375446000,r,1340
9375446000,r,1340
9375447000,r,1340
9375447000,r,1340
9375448000,r,1340
9375448000,r,1244
9375449000,r,1340
9376289000,r,1340
9376289000,r,1340
9376290000,r,1340
9380264000,s,124
9380774000,s,124
9381018000,s,124
9381298000,s,124
9381982000,s,124
9395378000,r,1340
9395378000,r,1340
9395379000,r,1340
9395379000,r,1340
9395380000,r,1340
9395380000,r,1340
9395381000,r,1340
9395381000,r,1340
9395820000,r,1340
9395821000,r,1340
9395821000,r,1340
9395822000,r,1340
9395822000,r,1340
9395823000,r,1340
9395823000,r,1340
9395824000,r,1340
9395953000,r,1340
9395953000,r,1340
9397998000,s,124
9398453000,s,124
9398674000,s,124
9399838000,s,124
9400207000,s,124
9401074000,s,124
9401386000,s,124
9401862000,s,124
9402587000,s,124
9411342000,r,1340
9411343000,r,1340
9411343000,r,1340
9412859000,s,124
9413233000,s,124
9419373000,r,1340
9419374000,r,1340
9419374000,r,1340
9419375000,r,1340
9419375000,r,1340
9419376000,r,1340
9419376000,r,1340
9419376000,r,1340
9419763000,r,1340
9419764000,r,1340
9419764000,r,1340
9419764000,r,1340
9419765000,r,1340
9419765000,r,1340
9419766000,r,1340
9419766000,r,1340
9419901000,r,1340
9419901000,r,1340
9419902000,r,1340
9419902000,r,1340
9419903000,r,1340
9419903000,r,1340
9419904000,r,1340
9419904000,r,1340
9420043000,r,1340
9420044000,r,1340
9420044000,r,1340
9420045000,r,1340
9420045000,r,1340
9420046000,r,1340
9420046000,r,1340
9420047000,r,956
9420933000,s,124
9422047000,s,124
9422657000,s,124
9423676000,s,124
9423974000,s,124
9424572000,s,124
9425321000,s,124
9425882000,s,124
9426382000,s,124
9427123000,s,124
9427558000,s,124
9427948000,s,124
9428889000,s,124
9429085000,s,124
9429689000,s,124
9430302000,s,124
9438695000,s,124
9451328000,r,140
9451329000,r,124
9453175000,s,108
9453545000,s,108
12802475000,s,140
12840521000,s,140
12840949000,s,140
13253280000,s,140
13256129000,s,140
13258648000,s,140
13267466000,r,172
13267466000,r,156
13299072000,s,1340
13299558000,s,1340
13299774000,s,1340
13305025000,s,140
13307740000,r,204
13310973000,s,220
13315433000,r,140
13315434000,r,140
13315434000,r,1340
13315435000,r,1340
13323224000,r,140
13323338000,s,172
13323224000,r,1340
13323225000,r,396
13323225000,r,1036
13323226000,r,140
13325428000,s,140
13334853000,s,1340
13335180000,s,1164
13340829000,s,1340
13344665000,s,140
13344994000,s,172
13347461000,s,476
13348452000,s,124
13351358000,r,140
13351359000,r,140
13361470000,r,220
13361470000,r,1340
13361471000,r,412
13363395000,r,124
13364390000,s,140
13365298000,s,140
13368130000,s,220
13368962000,s,124
13375399000,r,460
13375400000,r,124
13379139000,s,124
13387793000,r,1132
13423739000,r,124
13432119000,s,140
17805202000,s,140
17844533000,s,140
17845005000,s,140
18177084000,s,108
18929547000,s,156
18977634000,s,156
18978148000,s,156
18999431000,r,156
25036251000,s,156
25047973000,r,156