0,s,156
41307000,s,156
41736000,s,156
62861000,r,156
2133172000,s,124
2193149000,s,124
2193548000,s,124
2193598000,s,124
2216582000,r,124
2218462000,s,124
2222962000,s,1340
2223584000,s,1340
2225098000,s,172
2226861000,s,1340
2227065000,s,684
2238170000,r,1372
2238170000,r,1372
2239015000,r,124
2240801000,r,364
2241450000,s,124
2242289000,s,188
2242740000,s,1340
2242845000,s,204
2243309000,s,188
2243358000,s,620
2244963000,s,316
2245510000,s,348
2253195000,r,204
2253331000,r,124
2253332000,r,172
2254343000,s,124
2254428000,s,156
2258398000,r,124
2258398000,r,124
2278808000,r,1340
2278809000,r,1340
2278809000,r,1340
2278809000,r,1340
2278810000,r,1340
2278810000,r,1340
2278810000,r,1340
2278810000,r,1340
2279045000,r,1340
2279045000,r,300
2279046000,r,380
2279835000,s,124
2279919000,s,124
2280129000,s,124
2280162000,s,124
2280182000,s,124
2281335000,s,140
2284911000,r,124
2307443000,s,412
2307947000,s,332
2310450000,s,124
2318599000,r,124
2322842000,r,124
2323634000,s,124
2325901000,r,1340
2325901000,r,1340
2325901000,r,604
2326533000,s,124
2326644000,s,1340
2326740000,s,700
2328817000,r,1340
2328817000,r,1340
2328818000,r,1340
2328818000,r,1340
2328818000,r,1340
2328818000,r,1340
2328818000,r,1340
2328818000,r,1340
2328900000,r,1340
2328900000,r,1340
2328900000,r,1340
2328900000,r,1340
2328900000,r,1340
2328900000,r,1340
2328900000,r,1340
2328901000,r,1340
2328938000,r,1180
2329481000,s,124
2329678000,s,124
2329717000,s,124
2329748000,s,124
2329762000,s,124
2329771000,s,124
2329836000,s,124
2330184000,s,124
2330305000,s,124
2339002000,r,124
2339002000,r,124
2341376000,r,364
2341745000,s,124
2342204000,s,188
2342671000,s,668
2352792000,r,124
2352792000,r,204
2352792000,r,124
2366849000,r,1340
2366849000,r,1340
2366849000,r,1340
2366849000,r,1340
2366849000,r,1340
2366849000,r,1340
2366849000,r,1340
2366850000,r,1340
2367815000,s,124
2368367000,s,124
2368516000,s,124
2368638000,s,124
2380201000,r,1340
2380201000,r,1340
2380201000,r,1340
2380201000,r,1340
2380201000,r,1340
2380202000,r,1340
2380202000,r,1340
2380202000,r,1340
2380390000,r,1340
2380390000,r,1340
2380391000,r,428
2380822000,s,124
2380994000,s,124
2381075000,s,124
2381117000,s,124
2381391000,s,124
2381420000,s,124
2387966000,s,284
2392688000,s,220
2393152000,s,236
2402791000,r,364
2405243000,r,1340
2405243000,r,1340
2405243000,r,1340
2405243000,r,1340
2405243000,r,1340
2405243000,r,1340
2405243000,r,1340
2405244000,r,1340
2405306000,r,1340
2405306000,r,1340
2405306000,r,1340
2405306000,r,1340
2405306000,r,1340
2405306000,r,1340
2405307000,r,1340
2405307000,r,1340
2405345000,r,1340
2405345000,r,1340
2405345000,r,1340
2405345000,r,1340
2405345000,r,1340
2405345000,r,1340
2405345000,r,1340
2405345000,r,1340
2405380000,r,1340
2405380000,r,1340
2405381000,r,1340
2405381000,r,1340
2405381000,r,1340
2405381000,r,1340
2405464000,r,1340
2405464000,r,1340
2405465000,r,1340
2406007000,s,124
2406230000,s,124
2406350000,s,124
2406696000,s,124
2407033000,s,124
2407337000,s,124
2407339000,r,1340
2407372000,s,124
2407393000,s,124
2407339000,r,1340
2407339000,r,1340
2407339000,r,1340
2407407000,s,124
2407339000,r,1340
2407339000,r,1340
2407680000,s,124
2407817000,s,124
2407981000,s,124
2408329000,s,124
2408409000,s,124
2408721000,s,124
2408823000,s,124
2408923000,s,124
2409178000,s,124
2409518000,s,124
2409818000,s,124
2418967000,r,1340
2418967000,r,1340
2418967000,r,1340
2418967000,r,1340
2418967000,r,1340
2418967000,r,1340
2418967000,r,1340
2418967000,r,1340
2419120000,r,1340
2419120000,r,1340
2419120000,r,1340
2419120000,r,1340
2419120000,r,1340
2419121000,r,1340
2419121000,r,1340
2419121000,r,1340
2419155000,r,1340
2419155000,r,1340
2419156000,r,1340
2419156000,r,1340
2419156000,r,1340
2419156000,r,1340
2419156000,r,1340
2419156000,r,1340
2419191000,r,1340
2419191000,r,1340
2419191000,r,1340
2419191000,r,1340
2419192000,r,1340
2419192000,r,1340
2419192000,r,1340
2420011000,s,124
2420170000,s,124
2420234000,s,124
2420244000,s,124
2420252000,s,124
2420259000,s,124
2420267000,s,124
2420284000,s,124
2420291000,s,124
2420299000,s,124
2420306000,s,124
2420318000,s,124
2420326000,s,124
2420336000,s,124
2420344000,s,124
2421660000,r,1340
2421660000,r,1340
2421660000,r,1340
2421661000,r,1340
2421661000,r,1340
2421661000,r,1340
2421661000,r,1340
2421661000,r,1340
2421771000,r,1340
2421771000,r,1340
2421771000,r,1340
2421771000,r,1340
2421771000,r,1340
2421771000,r,1340
2421771000,r,1340
2421771000,r,1340
2422067000,s,124
2422119000,s,124
2422614000,s,124
2422655000,s,124
2422678000,s,124
2422687000,s,124
2422696000,s,124
2422705000,s,124
2422826000,r,1340
2422826000,r,1340
2422826000,r,1340
2422826000,r,1340
2422826000,r,1340
2422826000,r,1340
2422826000,r,1340
2422826000,r,1340
2422914000,r,1340
2422914000,r,1340
2422914000,r,1340
2422914000,r,1340
2422914000,r,1340
2422914000,r,1340
2422914000,r,1340
2422914000,r,1340
2422951000,r,1340
2422951000,r,1340
2422951000,r,1340
2422951000,r,1340
2422951000,r,1340
2422951000,r,1340
2422951000,r,1340
2422952000,r,1340
2422983000,r,1340
2422983000,r,1340
2422983000,r,1340
2423243000,s,124
2423362000,s,124
2423501000,s,124
2423658000,s,124
2423925000,s,124
2424105000,r,1340
2424105000,r,1340
2424145000,s,124
2424105000,r,1340
2424105000,r,1340
2424105000,r,1340
2424106000,r,1340
2424374000,s,124
2424471000,s,124
2424868000,s,124
2424903000,s,124
2424932000,s,124
2425039000,s,124
2425239000,s,124
2425485000,s,124
2425740000,s,124
2425786000,s,124
2425908000,s,124
2432159000,r,1340
2432159000,r,1340
2432159000,r,1340
2433028000,s,124
2433027000,r,1340
2433027000,r,1340
2433027000,r,1340
2433027000,r,1340
2433027000,r,1340
2433028000,r,1340
2433028000,r,1340
2433028000,r,1340
2433135000,r,1340
2433135000,r,1340
2433136000,r,1340
2433136000,r,1340
2433136000,r,1340
2433136000,r,1340
2433136000,r,1340
2433556000,r,1340
2433556000,r,1340
2433557000,r,1340
2433628000,r,1340
2433628000,r,1340
2433628000,r,1340
2435409000,r,1340
2435409000,r,1340
2435409000,r,1340
2435409000,r,1340
2435409000,r,1340
2435410000,r,1340
2435410000,r,1340
2435410000,r,1340
2435538000,r,1340
2435538000,r,1340
2435538000,r,1340
2435538000,r,1340
2435538000,r,1340
2435539000,r,1340
2435539000,r,1340
2435539000,r,1340
2435598000,r,1340
2435598000,r,1340
2435859000,r,1340
2435859000,r,1340
2435860000,r,1340
2435860000,r,1340
2435860000,r,1340
2435860000,r,1340
2435860000,r,1340
2435861000,r,1340
2435931000,r,1340
2436678000,r,1340
2436679000,r,1340
2436679000,r,1340
2436679000,r,1340
2436679000,r,1340
2436680000,r,1340
2436680000,r,1340
2436680000,r,1340
2436818000,r,1340
2436819000,r,1340
2436819000,r,1340
2436819000,r,1340
2436819000,r,1340
2436819000,r,1340
2436820000,r,1340
2437028000,s,124
2437104000,s,124
2437133000,s,124
2437160000,s,124
2438348000,s,124
2438381000,s,124
2438405000,s,124
2438419000,s,124
2438433000,s,124
2438446000,s,124
2438459000,s,124
2438471000,s,124
2438484000,s,124
2438480000,r,1340
2438497000,s,124
2438509000,s,124
2438517000,s,124
2438530000,s,124
2438480000,r,1340
2438539000,s,124
2438480000,r,1340
2438548000,s,124
2438480000,r,1340
2438481000,r,1340
2438556000,s,124
2438481000,r,1340
2438481000,r,1340
2438565000,s,124
2438481000,r,1340
2438574000,s,124
2438581000,r,1340
2438584000,s,124
2438581000,r,1340
2438581000,r,1340
2438593000,s,124
2438581000,r,1340
2438581000,r,1340
2438602000,s,124
2438582000,r,1340
2438582000,r,1340
2438582000,r,1340
2438611000,s,124
2438620000,s,124
2438621000,r,1340
2438621000,r,1340
2438629000,s,124
2438621000,r,1340
2438621000,r,1340
2438621000,r,1340
2438638000,s,124
2438621000,r,1340
2438621000,r,1340
2438647000,s,124
2438621000,r,1340
2438657000,s,124
2439087000,s,124
2439176000,r,1340
2439177000,r,1340
2439177000,r,1340
2439177000,r,1340
2439177000,r,1340
2439177000,r,1340
2439178000,r,1340
2439178000,r,1340
2439285000,r,1340
2439441000,s,124
2439467000,s,124
2439488000,s,124
2439511000,s,124
2439516000,r,1340
2439534000,s,124
2439556000,s,124
2439516000,r,1340
2439516000,r,1340
2439580000,s,124
2439600000,s,124
2439620000,s,124
2439639000,s,124
2439658000,s,124
2439678000,s,124
2439695000,s,124
2439713000,s,124
2439730000,s,124
2439750000,s,124
2439879000,s,124
2440118000,s,124
2441095000,r,1340
2441095000,r,1340
2441095000,r,1340
2441095000,r,1340
2441095000,r,1340
2441095000,r,1340
2441096000,r,1340
2441096000,r,1340
2441154000,r,1340
2441154000,r,1340
2441154000,r,1340
2441154000,r,1340
2441436000,s,124
2441462000,s,124
2441471000,s,124
2441485000,s,124
2441493000,s,124
2441584000,s,124
2441801000,r,1340
2441801000,r,1340
2441801000,r,1340
2441801000,r,1340
2441802000,r,1340
2441802000,r,1340
2442074000,r,1340
2442074000,r,1340
2442074000,r,1340
2442074000,r,1340
2442074000,r,1340
2442075000,r,1340
2442248000,s,124
2442359000,s,124
2442458000,s,124
2442483000,r,1340
2442483000,r,1340
2442483000,r,1340
2442546000,s,124
2442634000,s,124
2442726000,s,124
2442782000,r,1340
2442782000,r,1340
2442782000,r,1340
2442856000,s,124
2443235000,s,124
2443325000,s,124
2445218000,r,1340
2445218000,r,1340
2445218000,r,1340
2445218000,r,1340
2445218000,r,1340
2445218000,r,1340
2445218000,r,1340
2445219000,r,1340
2445323000,r,1340
2445323000,r,1340
2445323000,r,1340
2445323000,r,1340
2445323000,r,1340
2445323000,r,1340
2445323000,r,1340
2445324000,r,1340
2445353000,r,1340
2445354000,r,1340
2445354000,r,1340
2445354000,r,1340
2445354000,r,1340
2445900000,s,124
2446165000,s,124
2446249000,s,124
2446264000,r,1340
2446264000,r,1340
2446322000,s,124
2446264000,r,1340
2446265000,r,1340
2446265000,r,1340
2446265000,r,1340
2446265000,r,1340
2446398000,s,124
2446478000,s,124
2446555000,s,124
2446636000,s,124
2446727000,s,124
2446855000,s,124
2446946000,s,124
2447024000,s,124
2447124000,s,124
2447204000,s,124
2448482000,r,1340
2448482000,r,1340
2448966000,s,124
2450444000,r,1340
2450444000,r,1340
2450445000,r,1340
2450445000,r,1340
2450445000,r,1340
2450445000,r,1340
2450445000,r,1340
2450445000,r,1340
2450518000,r,1340
2450518000,r,1340
2450518000,r,1340
2450872000,s,124
2450967000,s,124
2451051000,s,124
2451106000,s,124
2451182000,s,124
2452462000,r,1340
2452462000,r,1340
2452462000,r,1340
2452462000,r,1340
2452462000,r,1340
2452462000,r,1340
2452463000,r,1340
2452463000,r,1340
2452535000,r,1340
2452535000,r,1340
2452535000,r,1340
2452719000,s,124
2452781000,s,124
2452817000,s,124
2452827000,s,124
2452835000,s,124
2452875000,s,124
2452938000,r,1340
2452938000,r,1340
2452938000,r,1340
2452938000,r,1340
2452938000,r,1340
2452938000,r,1340
2453102000,s,124
2453165000,s,124
2453188000,s,124
2453427000,r,1340
2453427000,r,1340
2453427000,r,1340
2453941000,s,124
2454428000,r,1340
2454428000,r,1340
2454428000,r,1340
2454429000,r,1340
2454429000,r,1340
2454429000,r,1340
2454429000,r,1340
2454429000,r,1340
2454488000,r,1340
2454488000,r,1340
2454488000,r,1340
2454488000,r,1340
2454488000,r,1340
2454489000,r,1340
2454489000,r,1340
2454489000,r,1340
2454516000,r,1340
2454516000,r,1340
2454745000,r,1340
2454745000,r,1340
2454745000,r,1340
2454745000,r,1340
2454745000,r,1340
2454745000,r,1340
2454869000,s,124
2454904000,s,124
2454918000,s,124
2454926000,s,124
2455048000,s,124
2455157000,s,124
2455224000,s,124
2455302000,r,1340
2455311000,s,124
2455302000,r,1340
2455302000,r,1340
2455302000,r,1340
2455302000,r,1340
2455302000,r,1340
2455302000,r,1340
2455302000,r,1340
2455372000,s,124
2455380000,r,1340
2455433000,s,124
2455512000,s,124
2455523000,r,1340
2455523000,r,1340
2455523000,r,1340
2455574000,s,124
2455774000,r,1340
2455774000,r,1340
2455774000,r,1340
2456052000,r,1340
2456052000,r,1340
2456103000,s,124
2456052000,r,1340
2456273000,s,124
2456401000,r,1340
2456401000,r,1340
2456401000,r,1340
2456590000,s,124
2456681000,s,124
2456845000,s,124
2456999000,s,124
2457151000,s,124
2457285000,s,124
2457525000,s,124
2457706000,s,124
2457871000,s,124
2458942000,r,1340
2458942000,r,1340
2458942000,r,1340
2458942000,r,1340
2458943000,r,1340
2458943000,r,1340
2458943000,r,1340
2458943000,r,1340
2459024000,r,1340
2459024000,r,1340
2459025000,r,1340
2459025000,r,1340
2459025000,r,1340
2459025000,r,1340
2459025000,r,1340
2459025000,r,1340
2459056000,r,1340
2459056000,r,1340
2459056000,r,1340
2459056000,r,1340
2459056000,r,1340
2459056000,r,1340
2459056000,r,1340
2459056000,r,1340
2459085000,r,1340
2459085000,r,1340
2459085000,r,1340
2459085000,r,1340
2459085000,r,1340
2459085000,r,1340
2459085000,r,1340
2459085000,r,1340
2459112000,r,1340
2459422000,s,124
2459589000,s,124
2459713000,s,124
2459754000,r,1340
2459754000,r,1340
2459754000,r,1340
2459754000,r,1340
2459754000,r,1340
2459754000,r,1340
2459755000,r,1340
2459755000,r,1340
2459810000,r,1340
2459809000,s,124
2459810000,r,1340
2459811000,r,1340
2459811000,r,1340
2459875000,s,124
2459956000,s,124
2460040000,s,124
2460121000,s,124
2460204000,s,124
2460286000,s,124
2460341000,r,1340
2460341000,r,1340
2460367000,s,124
2460341000,r,1340
2460341000,r,1340
2460341000,r,1340
2460341000,r,1340
2460341000,r,1340
2460341000,r,1340
2460393000,r,1340
2460448000,s,124
2460530000,s,124
2460607000,s,124
2460692000,s,124
2460780000,s,124
2460782000,r,1340
2460782000,r,1340
2460782000,r,1340
2460845000,s,124
2460955000,s,124
2460999000,r,1340
2460999000,r,1340
2460999000,r,1340
2460999000,r,1340
2460999000,r,1340
2461000000,r,1340
2461187000,s,124
2461274000,s,124
2461463000,s,124
2461526000,r,1340
2461526000,r,1340
2461526000,r,1340
2461526000,r,1340
2461526000,r,1340
2461526000,r,1340
2461526000,r,1340
2461526000,r,1340
2461583000,r,1340
2461583000,r,1340
2461583000,r,1340
2461583000,r,1340
2461599000,s,124
2461750000,r,1340
2461750000,r,1340
2461750000,r,1340
2461832000,s,124
2462021000,s,124
2462111000,s,124
2462237000,s,124
2462519000,s,124
2462619000,s,124
2463198000,s,124
2463344000,r,1340
2463345000,r,1340
2463345000,r,1340
2463345000,r,1340
2463345000,r,1340
2463345000,r,636
2463588000,s,124
2463769000,s,124
2463906000,s,124
2464214000,s,124
2464412000,s,124
2464619000,s,124
2465282000,s,124
2465506000,s,124
2465618000,s,124
2466047000,s,124
2466407000,s,124
2466744000,s,124
2466863000,s,124
2494829000,s,1340
2494998000,s,220
2505928000,r,124
2506038000,s,412
2505929000,r,124
2557013000,r,124
2602796000,r,380
2647231000,s,124
5026918000,r,1340
5026919000,r,1340
5026919000,r,1340
5026920000,r,1340
5026920000,r,1340
5026921000,r,1340
5026921000,r,1244
5026922000,r,1340
5027548000,r,1340
5027549000,r,1340
5027549000,r,1340
5030515000,s,124
5030727000,s,124
5030955000,s,124
5031500000,s,124
5031981000,s,124
5045755000,r,1340
5045756000,r,1340
5045756000,r,1340
5045756000,r,1340
5045757000,r,1340
5045757000,r,1340
5045758000,r,1340
5045758000,r,1340
5046206000,r,1340
5046207000,r,1340
5046207000,r,1340
5046208000,r,1340
5046208000,r,1340
5046209000,r,1340
5046209000,r,1340
5046210000,r,1340
5046395000,r,1340
5046396000,r,1340
5047597000,s,124
5048319000,s,124
5048751000,s,124
5049038000,s,124
5049574000,s,124
5049879000,s,124
5050851000,s,124
5051073000,s,124
5051381000,s,124
5058829000,r,1340
5058830000,r,1340
5058830000,r,1340
5060394000,s,124
5060907000,s,124
5062049000,r,1340
5062050000,r,1340
5062050000,r,1340
5062051000,r,1340
5062051000,r,1340
5062052000,r,1340
5062052000,r,1340
5062053000,r,1340
5062353000,r,1340
5062354000,r,1340
5062354000,r,1340
5062355000,r,1340
5062355000,r,1340
5062356000,r,1340
5062356000,r,1340
5062356000,r,1340
5062513000,r,1340
5062514000,r,1340
5062515000,r,1340
5062515000,r,1340
5062515000,r,1340
5062516000,r,1340
5062516000,r,1340
5062517000,r,1340
5062667000,r,1340
5062667000,r,1340
5064023000,r,1340
5064024000,r,1340
5064118000,s,124
5064024000,r,1340
5064025000,r,1340
5064025000,r,1340
5064026000,r,956
5064781000,s,124
5065161000,s,124
5065396000,s,124
5065597000,s,124
5065816000,s,124
5066140000,s,124
5066380000,s,124
5066578000,s,124
5067272000,s,124
5067516000,s,124
5067863000,s,124
5068066000,s,124
5068368000,s,124
5068699000,s,124
5068921000,s,124
7690968000,r,140
7690968000,r,124
7690969000,r,124
7695484000,s,124
7695908000,s,124
13109158000,s,156
13145033000,s,156
13145443000,s,156
13165242000,r,156
14962996000,r,156
14962997000,r,140
14962997000,r,124
14962997000,r,124
14968527000,s,124
14969006000,s,124
14982855000,r,124
20224592000,s,156
20231759000,r,156