0,r,1440
4014496000,s,1340
4158888000,s,1340
4162867000,s,1340
4165753000,s,1340
4171533000,r,1440
4174358000,r,1440
4174358000,r,1440
4177865000,s,1340
4180153000,s,1340
4180439000,s,1340
4181407000,s,1340
4181565000,s,1340
4181680000,s,1340
4181836000,s,1340
4182050000,s,1340
4182170000,s,1340
4182341000,s,1340
4182453000,s,1340
4183202000,s,1340
4183343000,s,1340
4183459000,s,1340
4183632000,s,1340
4184202000,s,1340
4184353000,s,1340
4184524000,s,1340
4184657000,s,1340
4185225000,s,1340
4185545000,s,1340
4185702000,s,1340
4185839000,s,1340
4185980000,s,1340
4186511000,s,1340
4186934000,s,1340
4187037000,s,1340
4187115000,s,1340
4187191000,s,1340
4187622000,s,1340
4187793000,s,1340
4187938000,s,1340
4188070000,s,1340
4188608000,s,1340
4188919000,s,1340
4189099000,s,1340
4189302000,s,1340
4189443000,s,1340
4189584000,s,1340
4189723000,s,1340
4189869000,s,1340
4190320000,s,1340
4190674000,s,1340
4190813000,s,1340
4190949000,s,1340
4191091000,s,1340
4191215000,s,1340
4191343000,s,1340
4192051000,s,1340
4192370000,s,1340
4192479000,s,1340
4192579000,s,1340
4192678000,s,1340
4192800000,s,1340
4194384000,s,1340
4194575000,s,1340
4194747000,s,1340
4194912000,s,1340
4195084000,s,1340
4195260000,s,1340
4195435000,s,1340
4195699000,s,1340
4195869000,s,1340
4196035000,s,1340
4196230000,s,1340
4196424000,s,1340
4196609000,s,1340
4196797000,s,1340
4196985000,s,1340
4197183000,s,1340
4197389000,s,1340
4197611000,r,1440
4197764000,s,1340
4197962000,s,1340
4198170000,s,1340
4198372000,s,1340
4198630000,s,1340
4198808000,s,1340
4198983000,s,1340
4199154000,s,1340
4199331000,s,1340
4199502000,s,1340
4199745000,s,1340
4199942000,s,1340
4200152000,s,1340
4200351000,s,1340
4200541000,s,1340
4200730000,s,1340
4200920000,s,1340
4201106000,s,1340
4201341000,s,1340
4201755000,s,1340
4201914000,s,1340
4202057000,s,1340
4202426000,s,1340
4202570000,s,1340
4202720000,s,1340
4202892000,s,1340
4203999000,s,1340
4209001000,s,1340
4209103000,s,1340
4212221000,s,1340
4222822000,r,1440
4222822000,r,1440
4222822000,r,1440
4224330000,s,1340
4225570000,s,1340
4225600000,r,1440
4225797000,s,1340
4226552000,r,1440
4226975000,r,1440
4226974000,s,1340
4227225000,s,1340
4234016000,s,1340
4237254000,r,1440
4237956000,r,1440
4237956000,r,1440
4238466000,s,1340
4238940000,s,1340
4239571000,r,1440
4239966000,s,1340
4247493000,r,1440
4247978000,s,1340
4250665000,r,1440
4250665000,r,1440
4251350000,s,1340
4253207000,r,1440
4255572000,r,1440
4255572000,r,1440
4255746000,r,1440
4255746000,r,1440
4255746000,r,1440
4256250000,s,1340
4256312000,s,1340
4256330000,s,1340
4256343000,s,1340
4256356000,s,1340
4256427000,s,1340
4256514000,s,1340
4256579000,s,1340
4257035000,r,1440
4257036000,r,1440
4257036000,r,1440
4257036000,r,1440
4257036000,r,1440
4257568000,s,1340
4257702000,s,1340
4257794000,s,1340
4257887000,s,1340
4257983000,s,1340
4258060000,s,1340
4258276000,s,1340
4258359000,s,1340
4258821000,s,1340
4259132000,s,1340
4259236000,s,1340
4259626000,s,1340
4259738000,s,1340
4260409000,s,1340
4260548000,s,1340
4260793000,s,1340
4260923000,s,1340
4261124000,s,1340
4261329000,s,1340
4261730000,s,1340
4261880000,s,1340
4262067000,s,1340
4262217000,s,1340
4262349000,s,1340
4262463000,s,1340
4262582000,s,1340
4262771000,s,1340
4263908000,s,1340
4264038000,s,1340
4264389000,s,1340
4264557000,s,1340
4264680000,s,1340
4264793000,s,1340
4264815000,r,1440
4264915000,s,1340
4265247000,s,1340
4265383000,s,1340
4265625000,s,1340
4265750000,s,1340
4265862000,s,1340
4266190000,s,1340
4266309000,s,1340
4266572000,s,1340
4266696000,s,1340
4266777000,s,1340
4266842000,s,1340
4266908000,s,1340
4266967000,s,1340
4267034000,s,1340
4267211000,s,1340
4267267000,r,1440
4267347000,s,1340
4267612000,s,1340
4267919000,s,1340
4268082000,s,1340
4268234000,s,1340
4268490000,s,1340
4268544000,s,1340
4268631000,s,1340
4269816000,s,1340
4269906000,s,1340
4269949000,s,1340
4270091000,s,1340
4270534000,s,1340
4270582000,s,1340
4270653000,s,1340
4270805000,s,1340
4270822000,s,1340
4270984000,r,1440
4271009000,s,1340
4270984000,r,1440
4270984000,r,1440
4270985000,r,1440
4270985000,r,1440
4271198000,s,1340
4271310000,s,1340
4271424000,s,1340
4271572000,s,1340
4271699000,s,1340
4271806000,s,1340
4271908000,s,1340
4272247000,s,1340
4272393000,s,1340
4272504000,s,1340
4272585000,s,1340
4272773000,s,1340
4272884000,s,1340
4272942000,s,1340
4273350000,s,1340
4273452000,s,1340
4273519000,s,1340
4273867000,s,1340
4273974000,s,1340
4274622000,s,1340
4274841000,s,1340
4275027000,s,1340
4275141000,s,1340
4275999000,r,1440
4276520000,s,1340
4276578000,s,1340
4277600000,s,1340
4277865000,s,1340
4278129000,s,1340
4278257000,s,1340
4278283000,r,1440
4278353000,s,1340
4278283000,r,1440
4278283000,r,1440
4278696000,s,1340
4278820000,s,1340
4278886000,s,1340
4278974000,s,1340
4279114000,s,1340
4279228000,s,1340
4279467000,s,1340
4279465000,r,1440
4279466000,r,1440
4279631000,s,1340
4279717000,s,1340
4279809000,s,1340
4279887000,s,1340
4279968000,s,1340
4280283000,s,1340
4280555000,s,1340
4280871000,s,1340
4281072000,s,1340
4281182000,s,1340
4281432000,s,1340
4281520000,s,1340
4281605000,s,1340
4281821000,s,1340
4282045000,s,1340
4282092000,s,1340
4282344000,s,1340
4282589000,s,1340
4282712000,s,1340
4282838000,s,1340
4282873000,s,1340
4283277000,s,1340
4283469000,s,1340
4283529000,s,1340
4283646000,s,1340
4284252000,s,1340
4284449000,r,1440
4284522000,s,1340
4284640000,s,1340
4284740000,s,1340
4284804000,s,1340
4284975000,s,1340
4285075000,s,1340
4285166000,r,1440
4285166000,r,1440
4285166000,r,1440
4285166000,r,1440
4285329000,s,1340
4285522000,s,1340
4285574000,s,1340
4287580000,r,1440
4289648000,s,1340
4289909000,s,1340
4291937000,s,1340
4292018000,s,1340
4292507000,s,1340
4293378000,r,1440
4293378000,r,1440
4295999000,s,1340
4298110000,s,1340
4299458000,s,1340
4300493000,s,1340
4303771000,r,1440
4303771000,r,1440
4307125000,r,1440
4307125000,r,1440
4307125000,r,1440
4307125000,r,1440
4307454000,s,1340
4307656000,s,1340
4308263000,r,1440
4308471000,r,1440
4308706000,s,1340
4312403000,r,1440
4312403000,r,1440
4312403000,r,1440
4312478000,s,1340
4312403000,r,1440
4312403000,r,1440
4312404000,r,1440
4312404000,r,1440
4312404000,r,1440
4312518000,r,1440
4312519000,r,1440
4312519000,r,1440
4312519000,r,1440
4312519000,r,1440
4312519000,r,1440
4312520000,r,1440
4312520000,r,1440
4312567000,r,1440
4312871000,s,1340
4312975000,s,1340
4313065000,s,1340
4313144000,s,1340
4313233000,s,1340
4313332000,s,1340
4313425000,s,1340
4313514000,s,1340
4313601000,s,1340
4313694000,s,1340
4313754000,r,1440
4313783000,s,1340
4313754000,r,1440
4313754000,r,1440
4313754000,r,1440
4313889000,s,1340
4313982000,s,1340
4314084000,s,1340
4314173000,s,1340
4314293000,s,1340
4314389000,s,1340
4314474000,s,1340
4314560000,s,1340
4314643000,s,1340
4314710000,s,1340
4314794000,s,1340
4314871000,s,1340
4314958000,s,1340
4315044000,s,1340
4315123000,s,1340
4315209000,s,1340
4315273000,s,1340
4315355000,s,1340
4315437000,s,1340
4315523000,s,1340
4315826000,s,1340
4315941000,s,1340
4316027000,s,1340
4316353000,s,1340
4316663000,s,1340
4316768000,s,1340
4316861000,s,1340
4316952000,s,1340
4317043000,s,1340
4317136000,s,1340
4317233000,s,1340
4317334000,s,1340
4317449000,s,1340
4317528000,s,1340
4317598000,s,1340
4317919000,s,1340
4318006000,s,1340
4318177000,s,1340
4318351000,s,1340
4318467000,s,1340
4318864000,s,1340
4319364000,s,1340
4319396000,s,1340
4319477000,s,1340
4319854000,s,1340
4319901000,s,1340
4319914000,s,1340
4319960000,s,1340
4321033000,s,1340
4321127000,s,1340
4322287000,s,1340
4322407000,s,1340
4322769000,s,1340
4322904000,s,1340
4322943000,s,1340
4323062000,s,1340
4323218000,s,1340
4323441000,s,1340
4323510000,s,1340
4324050000,s,1340
4324323000,s,1340
4324428000,s,1340
4324587000,s,1340
4324675000,s,1340
4324885000,s,1340
4325008000,s,1340
4325095000,s,1340
4325359000,s,1340
4325530000,s,1340
4325620000,s,1340
4325710000,s,1340
4325798000,s,1340
4325888000,s,1340
4326079000,s,1340
4326150000,s,1340
4326630000,s,1340
4326759000,s,1340
4326819000,s,1340
4327230000,r,1440
4327579000,s,1340
4327623000,s,1340
4327757000,s,1340
4327857000,s,1340
4327947000,s,1340
4328113000,s,1340
4328170000,s,1340
4328555000,s,1340
4328627000,s,1340
4328722000,r,1440
4328734000,s,1340
4328882000,s,1340
4330294000,s,1340
4330320000,s,1340
4330497000,s,1340
4330961000,s,1340
4331001000,s,1340
4331430000,r,1440
4331607000,s,1340
4331649000,s,1340
4332908000,s,1340
4333047000,s,1340
4333097000,r,1440
4333155000,s,1340
4333307000,s,1340
4333512000,s,1340
4333759000,s,1340
4333848000,s,1340
4333968000,s,1340
4334114000,s,1340
4334436000,s,1340
4334540000,s,1340
4334617000,s,1340
4334745000,s,1340
4334885000,s,1340
4334981000,s,1340
4335088000,s,1340
4335351000,s,1340
4335484000,s,1340
4335702000,s,1340
4335807000,s,1340
4335986000,s,1340
4336464000,s,1340
4336505000,s,1340
4336518000,s,1340
4336585000,s,1340
4337708000,s,1340
4337823000,s,1340
4337902000,s,1340
4337980000,s,1340
4338210000,s,1340
4338462000,s,1340
4338748000,s,1340
4338843000,s,1340
4338921000,s,1340
4339002000,s,1340
4339191000,s,1340
4339377000,s,1340
4339460000,s,1340
4339707000,s,1340
4339895000,s,1340
4339978000,s,1340
4340172000,s,1340
4340276000,s,1340
4340368000,s,1340
4340430000,s,1340
4340670000,s,1340
4340759000,s,1340
4340930000,s,1340
4341073000,s,1340
4341397000,s,1340
4341491000,s,1340
4341575000,s,1340
4341658000,s,1340
4341757000,s,1340
4341960000,s,1340
4342399000,s,1340
4342490000,s,1340
4342579000,s,1340
4342665000,s,1340
4342853000,s,1340
4343039000,s,1340
4343289000,s,1340
4343516000,s,1340
4343712000,s,1340
4343862000,s,1340
4344037000,s,1340
4344145000,s,1340
4344326000,s,1340
4344425000,s,1340
4344631000,s,1340
4344745000,s,1340
4344839000,s,1340
4344991000,s,1340
4345695000,s,1340
4346551000,s,1340
4346630000,s,1340
4346754000,s,1340
4347755000,s,1340
4347818000,s,1340
4347982000,s,1340
4348025000,s,1340
4349026000,s,1340
4350438000,s,1340
4350582000,s,1340
4350688000,s,1340
4350821000,s,1340
4351034000,s,1340
4351118000,s,1340
4351296000,s,1340
4351376000,s,1340
4351527000,s,1340
4351702000,s,1340
4351992000,s,1340
4352055000,s,1340
4352387000,s,1340
4353608000,s,1340
4353723000,s,1340
4353764000,s,1340
4354351000,r,1440
4354351000,r,1440
4354351000,r,1440
4354771000,s,1340
4354876000,s,1340
4355048000,s,1340
4355138000,s,1340
4355333000,r,1440
4355333000,r,1440
4355333000,r,1440
4355333000,r,1440
4355334000,r,1440
4355882000,s,1340
4355988000,s,1340
4356074000,s,1340
4356497000,s,1340
4356739000,s,1340
4356876000,s,1340
4357068000,s,1340
4357165000,s,1340
4357582000,s,1340
4357748000,s,1340
4357830000,s,1340
4358097000,s,1340
4358215000,s,1340
4358301000,s,1340
4358427000,s,1340
4358458000,s,1340
4358541000,s,1340
4358659000,s,1340
4358769000,s,1340
4358846000,s,1340
4359787000,s,1340
4359933000,s,1340
4360062000,s,1340
4360532000,s,1340
4360906000,s,1340
4362167000,s,1340
4362436000,s,1340
4362478000,s,1340
4362711000,s,1340
4362826000,s,1340
4362989000,s,1340
4363042000,s,1340
4363115000,s,1340
4363731000,s,1340
4363791000,s,1340
4364525000,s,1340
4364811000,s,1340
4364969000,s,1340
4365120000,s,1340
4365238000,s,1340
4365303000,s,1340
4365355000,s,1340
4365849000,r,1440
4365849000,r,1440
4365849000,r,1440
4365849000,r,1440
4365849000,r,1440
4366076000,s,1340
4366113000,s,1340
4366304000,s,1340
4366410000,s,1340
4366503000,s,1340
4366587000,s,1340
4366669000,s,1340
4366748000,s,1340
4366961000,s,1340
4367154000,s,1340
4367240000,s,1340
4367455000,s,1340
4367632000,s,1340
4367809000,s,1340
4368049000,s,1340
4368294000,s,1340
4368369000,s,1340
4368428000,s,1340
4368483000,s,1340
4368537000,s,1340
4368583000,s,1340
4368750000,s,1340
4368912000,s,1340
4369053000,s,1340
4369123000,s,1340
4369195000,s,1340
4369331000,s,1340
4369432000,s,1340
4371706000,r,1440
4371706000,r,1440
4374872000,r,1440
4375530000,s,1340
4378205000,r,1440
4378205000,r,1440
4378205000,r,1440
4378642000,s,1340
4378695000,s,1340
4379556000,r,1440
4379557000,r,1440
4379842000,s,1340
4380812000,r,1440
4380812000,r,1440
4380812000,r,1440
4380812000,r,1440
4381256000,s,1340
4381326000,s,1340
4381371000,s,1340
4382035000,s,1340
4382129000,s,1340
4382300000,s,1340
4383062000,s,1340
4383128000,s,1340
4383188000,s,1340
4384255000,s,1340
4384332000,s,1340
4385375000,s,1340
4386646000,s,1340
4386686000,s,1340
4387903000,s,1340
4389233000,s,1340
4389323000,s,1340
4389386000,s,1340
4389570000,s,1340
4389758000,s,1340
4389880000,s,1340
4390459000,s,1340
4390487000,s,1340
4390540000,s,1340
4390763000,s,1340
4390874000,s,1340
4391175000,s,1340
4391258000,s,1340
4391505000,s,1340
4391698000,s,1340
4391886000,s,1340
4392021000,s,1340
4392232000,s,1340
4392302000,s,1340
4392306000,r,1440
4392306000,r,1440
4392306000,r,1440
4392306000,r,1440
4392306000,r,1440
4392307000,r,1440
4392307000,r,1440
4392307000,r,1440
4392453000,s,1340
4392961000,s,1340
4393041000,s,1340
4393102000,s,1340
4393165000,s,1340
4393225000,s,1340
4393285000,s,1340
4393347000,s,1340
4393415000,s,1340
4393479000,s,1340
4393658000,s,1340
4393732000,s,1340
4393933000,s,1340
4395071000,s,1340
4395254000,s,1340
4395319000,s,1340
4396642000,s,1340
4396801000,s,1340
4396901000,s,1340
4396989000,s,1340
4397166000,s,1340
4397256000,s,1340
4397442000,s,1340
4397533000,s,1340
4397746000,s,1340
4397885000,s,1340
4397989000,s,1340
4398181000,s,1340
4398377000,s,1340
4398603000,s,1340
4398686000,s,1340
4398776000,s,1340
4399101000,s,1340
4399218000,s,1340
4399316000,s,1340
4399525000,s,1340
4399658000,s,1340
4399735000,s,1340
4399799000,s,1340
4399871000,s,1340
4399927000,s,1340
4400396000,s,1340
4400468000,s,1340
4400512000,s,1340
4400552000,s,1340
4400583000,s,1340
4400616000,s,1340
4401005000,s,1340
4401093000,s,1340
4401237000,s,1340
4401377000,s,1340
4401464000,s,1340
4401571000,s,1340
4401774000,s,1340
4401865000,s,1340
4401949000,s,1340
4402124000,s,1340
4402302000,s,1340
4402385000,s,1340
4402561000,s,1340
4402713000,s,1340
4402804000,s,1340
4403037000,s,1340
4403081000,s,1340
4403157000,s,1340
4403204000,s,1340
4404149000,s,1340
4404243000,s,1340
4404425000,s,1340
4404526000,s,1340
4404618000,s,1340
4404894000,s,1340
4404997000,s,1340
4405167000,s,1340
4405360000,s,1340
4405576000,s,1340
4405672000,s,1340
4405862000,s,1340
4406028000,s,1340
4406115000,s,1340
4406247000,s,1340
4406478000,s,1340
4406695000,s,1340
4406783000,s,1340
4407014000,s,1340
4407273000,s,1340
4407354000,s,1340
4407496000,s,1340
4407808000,s,1340
4407987000,s,1340
4408140000,s,1340
4408261000,s,1340
4408459000,s,1340
4408548000,s,1340
4408690000,s,1340
4408774000,s,1340
4408934000,s,1340
4409064000,s,1340
4409147000,s,1340
4409250000,s,1340
4409420000,s,1340
4409584000,s,1340
4409664000,s,1340
4409716000,r,1440
4409773000,s,1340
4409890000,s,1340
4409972000,s,1340
4410071000,s,1340
4411564000,r,1440
4411564000,r,1440
4411564000,r,1440
4411564000,r,1440
4411565000,r,1440
4411565000,r,1440
4412111000,r,1440
4412111000,r,1440
4412111000,r,1440
4412111000,r,1440
4412112000,r,1440
4412112000,r,1440
4412267000,s,1340
4412439000,s,1340
4412496000,s,1340
4412758000,s,1340
4412867000,s,1340
4413001000,s,1340
4413064000,s,1340
4413096000,s,1340
4413133000,s,1340
4413155000,s,1340
4413499000,s,1340
4413558000,r,1440
4413630000,s,1340
4413842000,s,1340
4419930000,s,1340
4420015000,s,1340
4420034000,s,1340
4420061000,s,1340
4420543000,s,1340
4421655000,r,1440
4423692000,r,1440
4423783000,s,1340
4426193000,r,1440
4426193000,r,1440
4426438000,s,1340
4427576000,r,1440
4427994000,s,1340
4431491000,r,1440
4431492000,r,1440
4431974000,s,1340
4436105000,r,1440
4438106000,r,1440
4438107000,r,1440
4438107000,r,1440
4438107000,r,1440
4438107000,r,1440
4438107000,r,1440
4438107000,r,1440
4438107000,r,1440
4438238000,r,1440
4438239000,r,1440
4438239000,r,1440
4438239000,r,1440
4438239000,r,1440
4438239000,r,1440
4438239000,r,1440
4438240000,r,1440
4438284000,r,1440
4438284000,r,1440
4438285000,r,1440
4438285000,r,1440
4438285000,r,1440
4438285000,r,1440
4438285000,r,1440
4438285000,r,1440
4438521000,r,1440
4438521000,r,1440
4438521000,r,1440
4438617000,s,1340
4439026000,s,1340
4439103000,s,1340
4439107000,r,1440
4439107000,r,1440
4439107000,r,1440
4439107000,r,1440
4439107000,r,1440
4439108000,r,1440
4439166000,s,1340
4439227000,s,1340
4439296000,s,1340
4439364000,s,1340
4439428000,s,1340
4439490000,s,1340
4439592000,s,1340
4439659000,s,1340
4439718000,s,1340
4439787000,s,1340
4439808000,r,1440
4439808000,r,1440
4439809000,r,1440
4439847000,s,1340
4439908000,s,1340
4439969000,s,1340
4440028000,s,1340
4440089000,s,1340
4440149000,s,1340
4440207000,s,1340
4440268000,s,1340
4440330000,s,1340
4440410000,s,1340
4440474000,s,1340
4440553000,s,1340
4440610000,s,1340
4440665000,s,1340
4440741000,s,1340
4440935000,r,1440
4440935000,r,1440
4440959000,s,1340
4440935000,r,1440
4440935000,r,1440
4440936000,r,1440
4440936000,r,1440
4440936000,r,1440
4440936000,r,1440
4441000000,r,1440
4441000000,r,1440
4441000000,r,1440
4441151000,s,1340
4441246000,s,1340
4441336000,s,1340
4441432000,s,1340
4441521000,s,1340
4441605000,s,1340
4441656000,r,1440
4441679000,s,1340
4441751000,s,1340
4441824000,s,1340
4441894000,s,1340
4441967000,s,1340
4442045000,s,1340
4442127000,s,1340
4450165000,r,1440
4452115000,s,1340
4453713000,r,1440
4453713000,r,1440
4453713000,r,1440
4453713000,r,1440
4453713000,r,1440
4453714000,r,1440
4453714000,r,1440
4453714000,r,1440
4453855000,r,1440
4453855000,r,1440
4453855000,r,1440
4453855000,r,1440
4453855000,r,1440
4453855000,r,1440
4453855000,r,1440
4453856000,r,1440
4453893000,r,1440
4453894000,r,1440
4453894000,r,1440
4453894000,r,1440
4453894000,r,1440
4453894000,r,1440
4454418000,s,1340
4454554000,s,1340
4454712000,r,1440
4454712000,r,1440
4454713000,r,1440
4454713000,r,1440
4454765000,s,1340
4454713000,r,1440
4454713000,r,1440
4454713000,r,1440
4454713000,r,1440
4454793000,r,1440
4454793000,r,1440
4454794000,r,1440
4454794000,r,1440
4454794000,r,1440
4454794000,r,1440
4454794000,r,1440
4454794000,r,1440
4454826000,r,1440
4454826000,r,1440
4454826000,r,1440
4454826000,r,1440
4454826000,r,1440
4454826000,r,1440
4454827000,r,1440
4454827000,r,1440
4454860000,r,1440
4454860000,r,1440
4454860000,r,1440
4454860000,r,1440
4454860000,r,1440
4454860000,r,1440
4454860000,r,1440
4454860000,r,1440
4455011000,s,1340
4455115000,s,1340
4455218000,s,1340
4455390000,s,1340
4455471000,r,1440
4455484000,s,1340
4455471000,r,1440
4455471000,r,1440
4455471000,r,1440
4455471000,r,1440
4455471000,r,1440
4455471000,r,1440
4455471000,r,1440
4455574000,r,1440
4455641000,s,1340
4455727000,s,1340
4455800000,r,1440
4455800000,r,1440
4455800000,r,1440
4456006000,s,1340
4456106000,s,1340
4456191000,s,1340
4456266000,s,1340
4456423000,s,1340
4456509000,s,1340
4456596000,s,1340
4456678000,s,1340
4456747000,s,1340
4456818000,s,1340
4456883000,s,1340
4456949000,s,1340
4457010000,s,1340
4457078000,s,1340
4457144000,s,1340
4457205000,s,1340
4457202000,r,1440
4457202000,r,1440
4457202000,r,1440
4457202000,r,1440
4457202000,r,1440
4457303000,s,1340
4457392000,s,1340
4457472000,s,1340
4457556000,s,1340
4457643000,s,1340
4457725000,s,1340
4457811000,s,1340
4457912000,s,1340
4458007000,s,1340
4458093000,s,1340
4458183000,s,1340
4458309000,s,1340
4458410000,s,1340
4458508000,s,1340
4458601000,s,1340
4458674000,s,1340
4458740000,s,1340
4458925000,s,1340
4459017000,s,1340
4459079000,r,1440
4459102000,s,1340
4459079000,r,1440
4459079000,r,1440
4459195000,s,1340
4459305000,s,1340
4459378000,s,1340
4459460000,s,1340
4459714000,s,1340
4459752000,s,1340
4459777000,s,1340
4459786000,s,1340
4459820000,s,1340
4459950000,s,1340
4460007000,s,1340
4460096000,s,1340
4460129000,s,1340
4460159000,s,1340
4460171000,r,1440
4460189000,s,1340
4460207000,s,1340
4460217000,s,1340
4460171000,r,1440
4460225000,s,1340
4460171000,r,1440
4460171000,r,1440
4460171000,r,1440
4460171000,r,1440
4460254000,s,1340
4460338000,s,1340
4460456000,s,1340
4460478000,s,1340
4460717000,s,1340
4460746000,s,1340
4460757000,s,1340
4460766000,s,1340
4460948000,s,1340
4461040000,s,1340
4461104000,s,1340
4461162000,s,1340
4461217000,s,1340
4461275000,s,1340
4461343000,s,1340
4461407000,s,1340
4461463000,s,1340
4461522000,s,1340
4461578000,s,1340
4461632000,s,1340
4461688000,s,1340
4461746000,s,1340
4461800000,s,1340
4461854000,s,1340
4461905000,s,1340
4462226000,s,1340
4462323000,s,1340
4462392000,s,1340
4462448000,s,1340
4462514000,s,1340
4462575000,s,1340
4462634000,s,1340
4462697000,s,1340
4462755000,s,1340
4462820000,s,1340
4462887000,s,1340
4462950000,s,1340
4463011000,s,1340
4463072000,s,1340
4463128000,s,1340
4463186000,s,1340
4463246000,s,1340
4463301000,s,1340
4463359000,s,1340
4463751000,s,1340
4463825000,s,1340
4464138000,s,1340
4464166000,s,1340
4464177000,s,1340
4464558000,r,1440
4464558000,r,1440
4464899000,s,1340
4464992000,s,1340
4465351000,s,1340
4465578000,s,1340
4465807000,s,1340
4465958000,s,1340
4466027000,s,1340
4466085000,r,1440
4466085000,r,1440
4466086000,r,1440
4466290000,s,1340
4466384000,s,1340
4466457000,s,1340
4466696000,s,1340
4466789000,s,1340
4466884000,s,1340
4467247000,s,1340
4467390000,r,1440
4467390000,r,1440
4467390000,r,1440
4467390000,r,1440
4467390000,r,1440
4467390000,r,1440
4467390000,r,1440
4467391000,r,1440
4467459000,r,1440
4467459000,r,1440
4467459000,r,1440
4467460000,r,1440
4467460000,r,1440
4467460000,r,1440
4467460000,r,1440
4467460000,r,1440
4467490000,r,1440
4467490000,r,1440
4467490000,r,1440
4467490000,r,1440
4467491000,r,1440
4468084000,s,1340
4468115000,s,1340
4468126000,s,1340
4468172000,s,1340
4468479000,s,1340
4468547000,s,1340
4468610000,s,1340
4468613000,r,1440
4468614000,r,1440
4468614000,r,1440
4468672000,s,1340
4468727000,s,1340
4468780000,s,1340
4468827000,s,1340
4468879000,s,1340
4468931000,s,1340
4469048000,s,1340
4469152000,s,1340
4469251000,s,1340
4469361000,s,1340
4469390000,r,1440
4469390000,r,1440
4469390000,r,1440
4469390000,r,1440
4469390000,r,1440
4469390000,r,1440
4469390000,r,1440
4469390000,r,1440
4469446000,r,1440
4469453000,s,1340
4469446000,r,1440
4469516000,s,1340
4469557000,s,1340
4469599000,s,1340
4469864000,s,1340
4469936000,s,1340
4470056000,s,1340
4470104000,s,1340
4470204000,s,1340
4470247000,s,1340
4470327000,s,1340
4470409000,s,1340
4470495000,s,1340
4470583000,s,1340
4470823000,s,1340
4470902000,s,1340
4470990000,s,1340
4471055000,s,1340
4471085000,r,1440
4471118000,s,1340
4471085000,r,1440
4471085000,r,1440
4471085000,r,1440
4471085000,r,1440
4471085000,r,1440
4471086000,r,1440
4471086000,r,1440
4471168000,r,1440
4471168000,r,1440
4471168000,r,1440
4471168000,r,1440
4471168000,r,1440
4471168000,r,1440
4471169000,r,1440
4471169000,r,1440
4471200000,r,1440
4471200000,r,1440
4471201000,r,1440
4471201000,r,1440
4471201000,r,1440
4471201000,r,1440
4471222000,s,1340
4471226000,r,1440
4471226000,r,1440
4471226000,r,1440
4471328000,s,1340
4471437000,s,1340
4471567000,s,1340
4471711000,s,1340
4471820000,s,1340
4471918000,s,1340
4472154000,s,1340
4472268000,s,1340
4472387000,s,1340
4472506000,s,1340
4474107000,s,1340
4474427000,s,1340
4474470000,s,1340
4474483000,s,1340
4474496000,s,1340
4474505000,s,1340
4474516000,s,1340
4474525000,s,1340
4474534000,s,1340
4474544000,s,1340
4474555000,s,1340
4474565000,s,1340
4474576000,s,1340
4474585000,s,1340
4474597000,s,1340
4474610000,s,1340
4474911000,s,1340
4474943000,s,1340
4474961000,s,1340
4474970000,s,1340
4474984000,s,1340
4474991000,s,1340
4474998000,s,1340
4475006000,s,1340
4475116000,r,1440
4475117000,r,1440
4475117000,r,1440
4475117000,r,1440
4475117000,r,1440
4475117000,r,1440
4475117000,r,1440
4475117000,r,1440
4475212000,r,1440
4475213000,r,1440
4475213000,r,1440
4475213000,r,1440
4475213000,r,1440
4475213000,r,1440
4475213000,r,1440
4475213000,r,1440
4475242000,r,1440
4475242000,r,1440
4475242000,r,1440
4475242000,r,1440
4475242000,r,1440
4475242000,r,1440
4475242000,r,1440
4475242000,r,1440
4475265000,r,1440
4488630000,s,1340
4488891000,s,1340
4488991000,s,1340
4489047000,s,1340
4489098000,s,1340
4489166000,s,1340
4489237000,s,1340
4489294000,s,1340
4489343000,s,1340
4489413000,s,1340
4489484000,s,1340
4489641000,s,1340
4489718000,s,1340
4489898000,s,1340
4489968000,s,1340
4490042000,s,1340
4490110000,s,1340
4490185000,s,1340
4490241000,s,1340
4490309000,s,1340
4490378000,s,1340
4490444000,s,1340
4490520000,s,1340
4490594000,s,1340
4490668000,s,1340
4490739000,s,1340
4490810000,s,1340
4490882000,s,1340
4490956000,s,1340
4491027000,s,1340
4491107000,s,1340
4491177000,s,1340
4491246000,s,1340
4491318000,s,1340
4491389000,s,1340
4491459000,s,1340
4491531000,s,1340
4491780000,s,1340
4491850000,s,1340
4491924000,s,1340
4491997000,s,1340
4492065000,s,1340
4492134000,s,1340
4492188000,s,1340
4492594000,s,1340
4492680000,s,1340
4492762000,s,1340
4492824000,s,1340
4493153000,s,1340
4493355000,s,1340
4493509000,s,1340
4493572000,s,1340
4494655000,s,1340
4495029000,r,1440
4495264000,s,1340
4496583000,s,1340
4496676000,s,1340
4496866000,s,1340
4496969000,s,1340
4497246000,s,1340
4497331000,s,1340
4497509000,s,1340
4497692000,s,1340
4497738000,s,1340
4497855000,s,1340
4498309000,s,1340
4498355000,s,1340
4498538000,s,1340
4498919000,s,1340
4499467000,s,1340
4499711000,s,1340
4499833000,s,1340
4499918000,s,1340
4500079000,s,1340
4500170000,s,1340
4500304000,s,1340
4500412000,s,1340
4500488000,s,1340
4500665000,s,1340
4500740000,s,1340
4500806000,s,1340
4500884000,s,1340
4501222000,s,1340
4506017000,r,1440
4506017000,r,1440
4506017000,r,1440
4506017000,r,1440
4506017000,r,1440
4506017000,r,1440
4506017000,r,1440
4506018000,r,1440
4506162000,r,1440
4506299000,r,1440
4506299000,r,1440
4506299000,r,1440
4506623000,r,1440
4506623000,r,1440
4506624000,r,1440
4506624000,r,1440
4506624000,r,1440
4506624000,r,1440
4506763000,s,1340
4506867000,r,1440
4506867000,r,1440
4506868000,r,1440
4507070000,s,1340
4507105000,s,1340
4507255000,s,1340
4507281000,r,1440
4507281000,r,1440
4507282000,r,1440
4507282000,r,1440
4507282000,r,1440
4507282000,r,1440
4507326000,s,1340
4507348000,s,1340
4507363000,s,1340
4507381000,s,1340
4507392000,s,1340
4507400000,s,1340
4507409000,s,1340
4507417000,s,1340
4507429000,s,1340
4507437000,s,1340
4507487000,s,1340
4507530000,s,1340
4507610000,r,1440
4507610000,r,1440
4507610000,r,1440
4507611000,r,1440
4507656000,s,1340
4507611000,r,1440
4507611000,r,1440
4507760000,s,1340
4507846000,s,1340
4507950000,s,1340
4508046000,s,1340
4508212000,s,1340
4508298000,s,1340
4508405000,s,1340
4508485000,s,1340
4508555000,s,1340
4508632000,s,1340
4508710000,s,1340
4508800000,s,1340
4509102000,r,1440
4509102000,r,1440
4509102000,r,1440
4509102000,r,1440
4509103000,r,1440
4509103000,r,1440
4509103000,r,1440
4509103000,r,1440
4509169000,r,1440
4509191000,s,1340
4509259000,s,1340
4509275000,s,1340
4509325000,s,1340
4509481000,s,1340
4509680000,s,1340
4509725000,s,1340
4509745000,s,1340
4509790000,s,1340
4509929000,s,1340
4510022000,s,1340
4510137000,s,1340
4510171000,s,1340
4510304000,s,1340
4510390000,s,1340
4510477000,s,1340
4510505000,r,1440
4510505000,r,1440
4510505000,r,1440
4510562000,s,1340
4510505000,r,1440
4510505000,r,1440
4510505000,r,1440
4510506000,r,1440
4510506000,r,1440
4510593000,r,1440
4510593000,r,1440
4510593000,r,1440
4510594000,r,1440
4510594000,r,1440
4510594000,r,1440
4510594000,r,1440
4510594000,r,1440
4510631000,r,1440
4510631000,r,1440
4510631000,r,1440
4510639000,s,1340
4510632000,r,1440
4510632000,r,1440
4510632000,r,1440
4510632000,r,1440
4510632000,r,1440
4510668000,r,1440
4510668000,r,1440
4510669000,r,1440
4510669000,r,1440
4510669000,r,1440
4510669000,r,1440
4510718000,s,1340
4510791000,s,1340
4510863000,s,1340
4510951000,s,1340
4511031000,s,1340
4511105000,s,1340
4511173000,s,1340
4511244000,s,1340
4511318000,s,1340
4511390000,s,1340
4511461000,s,1340
4511522000,s,1340
4511561000,r,1440
4511561000,r,1440
4511561000,r,1440
4511562000,r,1440
4511562000,r,1440
4511562000,r,1440
4511666000,s,1340
4511738000,s,1340
4511860000,s,1340
4511922000,s,1340
4511987000,s,1340
4512053000,s,1340
4512127000,s,1340
4512193000,s,1340
4512257000,s,1340
4512320000,s,1340
4512385000,s,1340
4512461000,s,1340
4512524000,s,1340
4512608000,s,1340
4512674000,s,1340
4512747000,s,1340
4512812000,s,1340
4512875000,s,1340
4512949000,s,1340
4513024000,s,1340
4513098000,s,1340
4513167000,s,1340
4513245000,s,1340
4513317000,s,1340
4513389000,s,1340
4513456000,s,1340
4513531000,s,1340
4513610000,s,1340
4513681000,s,1340
4513753000,s,1340
4513816000,s,1340
4513891000,s,1340
4513965000,s,1340
4514043000,s,1340
4514120000,s,1340
4514178000,s,1340
4514232000,s,1340
4514290000,s,1340
4514344000,s,1340
4514413000,s,1340
4514482000,s,1340
4514537000,s,1340
4514615000,s,1340
4514685000,s,1340
4514755000,s,1340
4514870000,s,1340
4514944000,s,1340
4515010000,s,1340
4515074000,s,1340
4515140000,s,1340
4515209000,s,1340
4515278000,s,1340
4515346000,s,1340
4515504000,s,1340
4515714000,s,1340
4515880000,s,1340
4515947000,s,1340
4516408000,s,1340
4516917000,s,1340
4516992000,s,1340
4517059000,s,1340
4517346000,r,1440
4517346000,r,1440
4517346000,r,1440
4517515000,s,1340
4517550000,s,1340
4517828000,s,1340
4517964000,s,1340
4518017000,s,1340
4519200000,r,1440
4519205000,s,1340
4519200000,r,1440
4519200000,r,1440
4519200000,r,1440
4519200000,r,1440
4519201000,r,1440
4519201000,r,1440
4519201000,r,1440
4519262000,r,1440
4519265000,s,1340
4519262000,r,1440
4519263000,r,1440
4519263000,r,1440
4519263000,r,1440
4519263000,r,1440
4519263000,r,1440
4519263000,r,1440
4519306000,r,1440
4519306000,r,1440
4519306000,r,1440
4519306000,r,1440
4519306000,r,1440
4519306000,r,1440
4519306000,r,1440
4519307000,r,1440
4519339000,r,1440
4519339000,r,1440
4519339000,r,1440
4519357000,r,1440
4519358000,r,1440
4519358000,r,1440
4519358000,r,1440
4519358000,r,1440
4519358000,r,1440
4519358000,r,1440
4519358000,r,1440
4519389000,r,1440
4519650000,s,1340
4519783000,s,1340
4519819000,s,1340
4519883000,r,1440
4519884000,r,1440
4519884000,r,1440
4519884000,r,1440
4519884000,r,1440
4519884000,r,1440
4520412000,s,1340
4521226000,r,1440
4521226000,r,1440
4521227000,r,1440
4521227000,r,1440
4521227000,r,1440
4521227000,r,1440
4521227000,r,1440
4521227000,r,1440
4521341000,r,1440
4521341000,r,1440
4521341000,r,1440
4521341000,r,1440
4521341000,r,1440
4521341000,r,1440
4521341000,r,1440
4521341000,r,1440
4521374000,r,1440
4521374000,r,1440
4521386000,r,1440
4521386000,r,1440
4521386000,r,1440
4521622000,s,1340
4521639000,s,1340
4521642000,r,1440
4521649000,s,1340
4521642000,r,1440
4521642000,r,1440
4521642000,r,1440
4521642000,r,1440
4521642000,r,1440
4521687000,s,1340
4521706000,s,1340
4521720000,s,1340
4521730000,s,1340
4521738000,s,1340
4521750000,s,1340
4521761000,s,1340
4521771000,s,1340
4521780000,s,1340
4521789000,s,1340
4521798000,s,1340
4521807000,s,1340
4521901000,s,1340
4521921000,s,1340
4521932000,s,1340
4521942000,s,1340
4521952000,s,1340
4521964000,s,1340
4522182000,s,1340
4522445000,s,1340
4522756000,s,1340
4522797000,s,1340
4522816000,s,1340
4522826000,s,1340
4522840000,s,1340
4522852000,s,1340
4522853000,r,1440
4522869000,s,1340
4522889000,s,1340
4522908000,s,1340
4522853000,r,1440
4522854000,r,1440
4522854000,r,1440
4522925000,s,1340
4522854000,r,1440
4522854000,r,1440
4522939000,s,1340
4522956000,s,1340
4522973000,s,1340
4522988000,s,1340
4523007000,s,1340
4523026000,s,1340
4523043000,s,1340
4523058000,s,1340
4523072000,s,1340
4523088000,s,1340
4523102000,s,1340
4523117000,s,1340
4523132000,s,1340
4523142000,s,1340
4523157000,s,1340
4523172000,s,1340
4523441000,s,1340
4523519000,s,1340
4523718000,s,1340
4523795000,s,1340
4523811000,s,1340
4523821000,s,1340
4523832000,s,1340
4523842000,s,1340
4524180000,s,1340
4524246000,s,1340
4524267000,s,1340
4524281000,s,1340
4524464000,s,1340
4524622000,s,1340
4524686000,s,1340
4524697000,s,1340
4524763000,s,1340
4525211000,s,1340
4525420000,s,1340
4525788000,s,1340
4525961000,s,1340
4526032000,s,1340
4526318000,s,1340
4526441000,s,1340
4526489000,s,1340
4526709000,s,1340
4526783000,s,1340
4526940000,s,1340
4534044000,s,1340
4534195000,s,1340
4534242000,s,1340
4534280000,s,1340
4534316000,s,1340
4534353000,s,1340
4534390000,s,1340
4534431000,s,1340
4534476000,s,1340
4534539000,s,1340
4534580000,s,1340
4534616000,s,1340
4534656000,s,1340
4534698000,s,1340
4534737000,s,1340
4534801000,s,1340
4534864000,s,1340
4534907000,s,1340
4535149000,s,1340
4535208000,s,1340
4535224000,s,1340
4535313000,s,1340
4535466000,s,1340
4535600000,s,1340
4535670000,s,1340
4535828000,s,1340
4535903000,s,1340
4536043000,s,1340
4536197000,s,1340
4536359000,s,1340
4536506000,s,1340
4536649000,s,1340
4536773000,r,1440
4536836000,s,1340
4536773000,r,1440
4536773000,r,1440
4536773000,r,1440
4536773000,r,1440
4536773000,r,1440
4536962000,s,1340
4537074000,s,1340
4537126000,s,1340
4537151000,s,1340
4537169000,s,1340
4537274000,s,1340
4537389000,s,1340
4537467000,s,1340
4537537000,s,1340
4537645000,s,1340
4537969000,s,1340
4538078000,s,1340
4538174000,s,1340
4538339000,s,1340
4538506000,s,1340
4538610000,s,1340
4538733000,s,1340
4538805000,s,1340
4538856000,s,1340
4538989000,s,1340
4539088000,s,1340
4539112000,r,1440
4539112000,r,1440
4539159000,s,1340
4539112000,r,1440
4539112000,r,1440
4539112000,r,1440
4539112000,r,1440
4539112000,r,1440
4539113000,r,1440
4539196000,r,1440
4539196000,r,1440
4539196000,r,1440
4539196000,r,1440
4539196000,r,1440
4539197000,r,1440
4539197000,r,1440
4539197000,r,1440
4539266000,r,1440
4539266000,r,1440
4539266000,r,1440
4539266000,r,1440
4539266000,r,1440
4539266000,r,1440
4539266000,r,1440
4539266000,r,1440
4539299000,r,1440
4539299000,r,1440
4539299000,r,1440
4539299000,r,1440
4539300000,r,1440
4539300000,r,1440
4539300000,r,1440
4539300000,r,1440
4539335000,r,1440
4539335000,r,1440
4539336000,r,1440
4539336000,r,1440
4539372000,r,1440
4539372000,r,1440
4539372000,r,1440
4539372000,r,1440
4539372000,r,1440
4539372000,r,1440
4539756000,r,1440
4539766000,s,1340
4539756000,r,1440
4539757000,r,1440
4539959000,s,1340
4539995000,s,1340
4540017000,s,1340
4540091000,s,1340
4540155000,s,1340
4540207000,s,1340
4540332000,s,1340
4540678000,s,1340
4540893000,s,1340
4540975000,s,1340
4541047000,s,1340
4541107000,r,1440
4541125000,s,1340
4541107000,r,1440
4541107000,r,1440
4541107000,r,1440
4541108000,r,1440
4541108000,r,1440
4541108000,r,1440
4541108000,r,1440
4541184000,r,1440
4541184000,r,1440
4541184000,r,1440
4541184000,r,1440
4541200000,s,1340
4541184000,r,1440
4541184000,r,1440
4541185000,r,1440
4541185000,r,1440
4541235000,r,1440
4541235000,r,1440
4541235000,r,1440
4541236000,r,1440
4541236000,r,1440
4541283000,s,1340
4541429000,s,1340
4541514000,s,1340
4542094000,r,1440
4542094000,r,1440
4542094000,r,1440
4542095000,r,1440
4542095000,r,1440
4542095000,r,1440
4543822000,s,1340
4543920000,s,1340
4543940000,s,1340
4543955000,s,1340
4543968000,s,1340
4544044000,s,1340
4544141000,s,1340
4544215000,s,1340
4544291000,s,1340
4544355000,s,1340
4544424000,s,1340
4544499000,s,1340
4544574000,s,1340
4544635000,s,1340
4544743000,s,1340
4544936000,s,1340
4545047000,s,1340
4545158000,s,1340
4545261000,s,1340
4545365000,s,1340
4545468000,s,1340
4545578000,s,1340
4545676000,s,1340
4545778000,s,1340
4545880000,s,1340
4545983000,s,1340
4546079000,s,1340
4546181000,s,1340
4546291000,s,1340
4546379000,s,1340
4546468000,s,1340
4546568000,s,1340
4546659000,s,1340
4546744000,s,1340
4546854000,s,1340
4546957000,s,1340
4547065000,s,1340
4547168000,s,1340
4547257000,s,1340
4547362000,s,1340
4547461000,s,1340
4547722000,s,1340
4547796000,s,1340
4547820000,r,1440
4547858000,s,1340
4547820000,r,1440
4547820000,r,1440
4547964000,s,1340
4548079000,s,1340
4548119000,r,1440
4548119000,r,1440
4548119000,r,1440
4548119000,r,1440
4548119000,r,1440
4548119000,r,1440
4548204000,s,1340
4548322000,s,1340
4548424000,s,1340
4548554000,s,1340
4548681000,s,1340
4548812000,s,1340
4548948000,s,1340
4549092000,s,1340
4549217000,s,1340
4549220000,r,1440
4549221000,r,1440
4549221000,r,1440
4549221000,r,1440
4549221000,r,1440
4549221000,r,1440
4549347000,s,1340
4549425000,r,1440
4549425000,r,1440
4549425000,r,1440
4549426000,r,1440
4549426000,r,1440
4549426000,r,1440
4549426000,r,1440
4549426000,r,1440
4549476000,r,1440
4549482000,s,1340
4549620000,s,1340
4549786000,s,1340
4549821000,r,1440
4549821000,r,1440
4549821000,r,1440
4549821000,r,1440
4549822000,r,1440
4549822000,r,1440
4549822000,r,1440
4549822000,r,1440
4549885000,r,1440
4549885000,r,1440
4549885000,r,1440
4549885000,r,1440
4549905000,s,1340
4550024000,s,1340
4550136000,s,1340
4550253000,s,1340
4550411000,s,1340
4550560000,s,1340
4550705000,s,1340
4550825000,s,1340
4550968000,s,1340
4551025000,r,1440
4551025000,r,1440
4551025000,r,1440
4551113000,s,1340
4551265000,s,1340
4551389000,s,1340
4551525000,r,1440
4551525000,r,1440
4551525000,r,1440
4551576000,s,1340
4551525000,r,1440
4551525000,r,1440
4551525000,r,1440
4551526000,r,1440
4551526000,r,1440
4551723000,s,1340
4551858000,s,1340
4551961000,s,1340
4552073000,s,1340
4552160000,s,1340
4552229000,s,1340
4552296000,s,1340
4552366000,s,1340
4552433000,s,1340
4552513000,s,1340
4552593000,s,1340
4552681000,s,1340
4552773000,s,1340
4552850000,s,1340
4552926000,s,1340
4552985000,s,1340
4553058000,s,1340
4553128000,s,1340
4553194000,s,1340
4553290000,s,1340
4553606000,s,1340
4553899000,s,1340
4554036000,s,1340
4554294000,s,1340
4554338000,s,1340
4554908000,s,1340
4555095000,s,1340
4555176000,s,1340
4555240000,s,1340
4555306000,s,1340
4555370000,s,1340
4555420000,s,1340
4555470000,s,1340
4555531000,s,1340
4555613000,s,1340
4555659000,s,1340
4555700000,s,1340
4555760000,s,1340
4555809000,s,1340
4555857000,s,1340
4555966000,s,1340
4556024000,s,1340
4557551000,r,1440
4557594000,s,1340
4557632000,s,1340
4557981000,s,1340
4558092000,s,1340
4558191000,s,1340
4558291000,s,1340
4558385000,s,1340
4558481000,s,1340
4569488000,s,1340
4569985000,s,1340
4570057000,s,1340
4570276000,s,1340
4570960000,s,1340
4571020000,s,1340
4571064000,s,1340
4571409000,s,1340
4571623000,s,1340
4571935000,s,1340
4572259000,s,1340
4572448000,s,1340
4572725000,s,1340
4572822000,s,1340
4573056000,s,1340
4573087000,s,1340
4573600000,s,1340
4573752000,s,1340
4573962000,s,1340
4574040000,s,1340
4574213000,s,1340
4574419000,s,1340
4574572000,s,1340
4574702000,s,1340
4574820000,s,1340
4575027000,s,1340
4575106000,s,1340
4576378000,s,1340
4576414000,s,1340
4576424000,s,1340
4576474000,s,1340
4577474000,s,1340
4577558000,s,1340
4577751000,s,1340
4577892000,s,1340
4578024000,s,1340
4578086000,s,1340
4578312000,s,1340
4578431000,s,1340
4578534000,s,1340
4578669000,s,1340
4578705000,s,1340
4578977000,s,1340
4579103000,s,1340
4579274000,s,1340
4579431000,s,1340
4579496000,s,1340
4580081000,s,1340
4580225000,s,1340
4580322000,s,1340
4580427000,s,1340
4580515000,s,1340
4580564000,s,1340
4580888000,s,1340
4580943000,s,1340
4581346000,s,1340
4581495000,s,1340
4581563000,s,1340
4581894000,s,1340
4582062000,s,1340
4582281000,s,1340
4582365000,s,1340
4582446000,s,1340
4582520000,s,1340
4582687000,s,1340
4582758000,s,1340
4582984000,s,1340
4593387000,s,1340
4595736000,s,1340
4595766000,s,1340
5531647000,r,1440
5531647000,r,1440
5531648000,r,1440
5531648000,r,1440
5531649000,r,1440
5531649000,r,1440
5531650000,r,1440
5531650000,r,1440
5532193000,r,1440
5532194000,r,1440
5532194000,r,1440
5532194000,r,1440
5532195000,r,1440
5532195000,r,1440
5532196000,r,1440
5532196000,r,1440
5532347000,r,1440
5532347000,r,1440
5532348000,r,1440
5532348000,r,1440
5532348000,r,1440
5534274000,s,1340
5534493000,s,1340
5534730000,s,1340
5534884000,s,1340
5534972000,s,1340
5535059000,s,1340
5535155000,s,1340
5535250000,s,1340
5535339000,s,1340
5535485000,s,1340
5535636000,s,1340
5535776000,s,1340
5535929000,s,1340
5536042000,s,1340
5536154000,s,1340
5536265000,s,1340
5536419000,s,1340
5536571000,s,1340
5536703000,s,1340
5536876000,s,1340
5536993000,s,1340
5537105000,s,1340
5537261000,s,1340
5537371000,s,1340
5537510000,s,1340
5537653000,s,1340
5537804000,s,1340
5537963000,s,1340
5538108000,s,1340
5538246000,s,1340
5538359000,s,1340
5538476000,s,1340
5538622000,s,1340
5538763000,s,1340
5538915000,s,1340
5539058000,s,1340
5539168000,s,1340
5539274000,s,1340
5539380000,s,1340
5539604000,s,1340
5539756000,s,1340
5539905000,s,1340
5540016000,s,1340
5540121000,s,1340
5540227000,s,1340
5540358000,s,1340
5540499000,s,1340
5540642000,s,1340
5540784000,s,1340
5540922000,s,1340
5541083000,s,1340
5541226000,s,1340
5541436000,s,1340
5541811000,s,1340
5541970000,s,1340
5542131000,s,1340
5542289000,s,1340
5542918000,s,1340
5543266000,s,1340
5543430000,s,1340
5543894000,s,1340
5544052000,s,1340
5544427000,s,1340
5544587000,s,1340
5544735000,s,1340
5544924000,s,1340
5546681000,r,1440
5547750000,r,1440
5550105000,r,1440
5550840000,s,1340
5550949000,r,1440
5552055000,r,1440
5552582000,s,1340
5554420000,s,1340
9628033000,r,1440
9628033000,r,1440
9628034000,r,1440
9628034000,r,1440
9631288000,s,1340
9631833000,s,1340
9632236000,s,1340
9643263000,s,1340
11747464000,s,1340
11788269000,s,1340
11788788000,s,1340
12695686000,r,1440
15460341000,r,1440
15460341000,r,1440
15460341000,r,1440
15462718000,s,1340
15463038000,s,1340
15463680000,s,1340
15463861000,s,1340
15472938000,s,1340
18843706000,r,1440
18843706000,r,1440
18843707000,r,1440
18846907000,s,1340
18886193000,s,1340
18915691000,r,1440
18918298000,r,1440
18918298000,r,1440
18919373000,r,1440
18920494000,s,1340
24949127000,s,1340
24988412000,s,1340
24988844000,s,1340
25010974000,r,1440
25014723000,r,1440
25014724000,r,1440
25015696000,r,1440
25017437000,s,1340
25024261000,s,1340