0,s,156
44573000,s,156
45010000,s,156
63612000,r,156
1066382000,s,124
1067068000,s,124
1070058000,s,124
1093967000,r,124
1095275000,s,124
1104421000,s,1340
1104926000,s,684
1116310000,r,124
1116310000,r,364
1117682000,s,124
1118352000,s,188
1119569000,s,204
1120087000,s,652
1127929000,r,204
1132449000,r,124
1132450000,r,172
1133819000,s,124
1134024000,s,156
1136541000,s,156
1136943000,s,156
1143320000,r,172
1162583000,r,1340
1162583000,r,1340
1163882000,s,124
1165593000,r,1340
1165594000,r,1340
1165594000,r,1340
1165594000,r,1340
1165594000,r,1340
1165594000,r,1340
1165595000,r,1340
1165595000,r,540
1166468000,s,124
1166656000,s,124
1167155000,s,124
1167276000,s,124
1172543000,r,188
1189339000,s,492
1189887000,s,396
1189975000,s,1340
1190044000,s,1340
1190811000,s,172
1194996000,s,124
1204973000,r,124
1204973000,r,1372
1204973000,r,1372
1204974000,r,124
1205970000,s,124
1208098000,s,1340
1208379000,s,732
1209698000,s,1340
1209793000,s,188
1209911000,r,1340
1209911000,r,1340
1209911000,r,1340
1209911000,r,1340
1209911000,r,1340
1209911000,r,1340
1209912000,r,1340
1209912000,r,780
1210033000,r,396
1210033000,r,1340
1210033000,r,1340
1210033000,r,1340
1210033000,r,1340
1210033000,r,1340
1210033000,r,1340
1210033000,r,1340
1210071000,r,1340
1210071000,r,1340
1210071000,r,1340
1210071000,r,1340
1210422000,s,316
1210752000,s,124
1210810000,s,124
1210917000,s,124
1210943000,s,124
1210954000,s,124
1211218000,s,124
1211344000,s,124
1211419000,s,124
1211572000,s,124
1211669000,s,124
1211759000,s,396
1218885000,r,124
1218885000,r,124
1218886000,r,364
1219647000,s,124
1220008000,s,188
1220313000,s,668
1222110000,r,1340
1222110000,r,1340
1222110000,r,1340
1222110000,r,1340
1222111000,r,1340
1222111000,r,1180
1222688000,s,124
1222841000,s,124
1222935000,s,124
1223483000,r,124
1230677000,r,124
1230677000,r,124
1230677000,r,204
1235490000,r,1340
1235491000,r,1340
1236291000,s,124
1237781000,r,1340
1237781000,r,1340
1237781000,r,1340
1237781000,r,1340
1237781000,r,1340
1237781000,r,1340
1237782000,r,1340
1238547000,s,124
1238731000,s,124
1238923000,s,124
1239091000,s,124
1242138000,r,252
1242138000,r,252
1244919000,s,140
1248520000,r,1340
1248520000,r,1340
1248520000,r,1340
1248520000,r,1340
1249748000,s,124
1250013000,r,124
1250269000,s,124
1262342000,r,1340
1265254000,r,1340
1265254000,r,1340
1265254000,r,1340
1265254000,r,1340
1265254000,r,428
1266345000,s,124
1266499000,s,124
1266588000,s,124
1270848000,s,140
1338965000,s,1340
1339061000,s,284
1349350000,r,124
1349350000,r,124
1349647000,s,412
1350630000,s,364
1362336000,r,124
1405738000,r,380
1452174000,s,124
1890678000,r,1340
1890678000,r,1340
1890679000,r,1340
1890679000,r,1340
1890680000,r,1340
1890680000,r,876
1890681000,r,156
1892919000,s,124
1893068000,s,124
1893140000,s,124
1903542000,r,156
1905011000,s,124
6037009000,r,1340
6037009000,r,1340
6037010000,r,1340
6037010000,r,1340
6037011000,r,1340
6037011000,r,1340
6037011000,r,1244
6037012000,r,1340
6037712000,r,1340
6037713000,r,1340
6037713000,r,1340
6040531000,s,124
6041139000,s,124
6041390000,s,124
6042040000,s,124
6042379000,s,124
6042566000,s,124
6043083000,s,124
6043436000,s,124
6043974000,s,124
6044249000,s,124
6044486000,s,124
6055586000,r,1340
6055586000,r,1340
6055587000,r,1340
6055587000,r,1340
6055588000,r,1340
6055588000,r,1340
6055589000,r,1340
6055589000,r,1340
6056007000,r,1340
6056007000,r,1340
6056008000,r,1340
6058789000,r,1340
6058789000,r,1340
6058790000,r,1340
6058790000,r,1340
6058791000,r,1340
6058791000,r,1340
6058792000,r,1340
6058792000,r,1340
6058993000,r,1340
6058993000,r,1340
6059368000,s,124
6060718000,s,124
6061992000,s,124
6062371000,s,124
6063108000,s,124
6063322000,s,124
6065062000,s,124
6065279000,s,124
6065581000,s,124
6065852000,s,124
6066200000,s,124
6066414000,s,124
6066742000,s,124
6066908000,s,124
6067222000,s,124
6067427000,s,124
6067855000,s,124
6068009000,s,124
6068355000,s,124
6069694000,r,1340
6069764000,s,124
6069694000,r,1340
6070019000,s,124
6071042000,r,1340
6071043000,r,1340
6071590000,s,124
6071834000,s,124
6072216000,s,124
6072408000,s,124
6072937000,r,1340
6072938000,r,1340
6072938000,r,1340
6072939000,r,1340
6072939000,r,1340
6074323000,s,124
6074686000,s,124
6074879000,s,124
6075124000,s,124
6075342000,s,124
6076378000,r,1340
6076378000,r,1340
6076379000,r,1340
6076379000,r,1340
6076380000,r,1340
6076380000,r,1340
6076381000,r,1340
6077363000,r,1340
6077364000,r,1340
6077757000,r,1340
6077758000,r,1340
6078021000,s,124
6078075000,r,1340
6078076000,r,1340
6078231000,s,124
6079010000,s,124
6079266000,s,124
6079418000,r,1340
6079419000,r,1340
6079627000,s,124
6079835000,s,124
6080493000,s,124
6080771000,s,124
6080993000,s,124
6081214000,s,124
6081414000,s,124
6081446000,r,1340
6081567000,s,124
6081745000,s,124
6081900000,r,1340
6081932000,s,124
6081901000,r,1340
6082288000,s,124
6082489000,s,124
6083290000,s,124
6083602000,s,124
6084548000,r,1340
6084548000,r,1340
6084649000,r,1340
6084827000,r,1340
6084827000,r,956
6085777000,s,124
6086337000,s,124
6086548000,s,124
6087052000,s,124
6087379000,s,124
6498953000,r,140
6498954000,r,124
6498955000,r,124
6503072000,s,124
6503754000,s,124
12098707000,s,156
12132835000,s,156
12133291000,s,156
12151368000,r,156
16072001000,r,156
16072001000,r,140
16072002000,r,124
16072002000,r,124
16076334000,s,124
16076783000,s,124
16077379000,s,124
16077887000,s,124
16091563000,r,124
21206918000,s,156
21246342000,s,156
21246779000,s,156
21267629000,r,156