0,s,1340
40062000,s,1340
40493000,s,1340
62009000,r,1440
62010000,r,1440
62010000,r,1440
65818000,s,1340
66586000,s,1340
66841000,s,1340
66993000,s,1340
67184000,s,1340
67371000,s,1340
67768000,s,1340
68004000,s,1340
68186000,s,1340
68450000,s,1340
68718000,s,1340
68974000,s,1340
69218000,s,1340
69478000,s,1340
69700000,s,1340
69941000,s,1340
70171000,s,1340
70545000,s,1340
70798000,s,1340
70994000,s,1340
71160000,s,1340
71317000,s,1340
71476000,s,1340
71658000,s,1340
71858000,s,1340
72108000,s,1340
72298000,s,1340
72476000,s,1340
72636000,s,1340
72904000,s,1340
73180000,s,1340
73449000,s,1340
73709000,s,1340
73961000,s,1340
74295000,s,1340
74568000,s,1340
74822000,s,1340
75088000,s,1340
75385000,s,1340
75644000,s,1340
75896000,s,1340
76131000,s,1340
76432000,s,1340
76722000,s,1340
76983000,s,1340
77232000,s,1340
77507000,s,1340
77751000,s,1340
78013000,s,1340
78385000,s,1340
78705000,s,1340
78996000,s,1340
79261000,s,1340
79523000,s,1340
79764000,s,1340
80044000,s,1340
80279000,s,1340
80525000,s,1340
80997000,s,1340
81250000,s,1340
81499000,s,1340
81771000,s,1340
82025000,s,1340
82690000,s,1340
82998000,s,1340
83278000,s,1340
83583000,s,1340
83891000,s,1340
84182000,s,1340
84454000,s,1340
84705000,s,1340
84992000,s,1340
85261000,s,1340
85521000,s,1340
85783000,s,1340
86036000,s,1340
86389000,s,1340
86674000,s,1340
86951000,s,1340
91020000,s,1340
1578314000,s,1340
1617474000,s,1340
1617919000,s,1340
1682841000,s,1340
1687489000,s,1340
1714398000,r,1440
1714399000,r,1440
1714399000,r,1440
1716096000,s,1340
1716366000,s,1340
1722767000,s,1340
1722871000,s,1340
1743319000,s,1340
1743388000,s,1340
1743429000,s,1340
1748973000,r,1440
1754244000,r,1440
1754244000,r,1440
1754245000,r,1440
1754245000,r,1440
1754245000,r,1440
1754245000,r,1440
1755036000,s,1340
1755105000,s,1340
1755137000,s,1340
1756094000,s,1340
1756770000,s,1340
1757441000,s,1340
1763944000,r,1440
1763944000,r,1440
1765830000,r,1440
1765830000,r,1440
1766775000,s,1340
1766976000,s,1340
1767035000,r,1440
1767361000,s,1340
1767524000,s,1340
1767657000,r,1440
1768210000,s,1340
1768361000,s,1340
1768475000,s,1340
1768585000,s,1340
1768698000,s,1340
1768704000,r,1440
1768819000,s,1340
1768704000,r,1440
1769349000,s,1340
1772097000,s,1340
1772954000,s,1340
1775843000,s,1340
1776217000,s,1340
1778828000,s,1340
1779926000,r,1440
1780895000,r,1440
1789127000,r,1440
1789127000,r,1440
1789127000,r,1440
1789779000,s,1340
1789853000,s,1340
1790231000,r,1440
1790698000,s,1340
1791423000,r,1440
1791423000,r,1440
1793830000,r,1440
1794161000,s,1340
1795764000,r,1440
1795765000,r,1440
1796137000,s,1340
1799525000,s,1340
1810212000,r,1440
1811033000,s,1340
1812767000,r,1440
1816653000,s,1340
3490370000,r,1440
3490370000,r,1440
3490371000,r,1440
3490371000,r,1440
3490372000,r,1440
3490372000,r,1440
3490373000,r,1440
3490373000,r,1440
3491043000,r,1440
3491044000,r,1440
3491044000,r,1440
3491045000,r,1440
3491045000,r,1440
3491046000,r,1440
3491046000,r,1440
3491047000,r,1440
3491218000,r,1440
3491218000,r,1440
3491219000,r,1440
3491219000,r,1440
3491220000,r,1440
3491220000,r,1440
3491221000,r,1440
3494710000,s,1340
3495514000,s,1340
3496147000,s,1340
3496446000,s,1340
3496661000,s,1340
3496922000,s,1340
3497116000,s,1340
3497314000,s,1340
3497554000,s,1340
3497829000,s,1340
3507582000,s,1340
3520168000,r,1440
3520169000,r,1440
3520169000,r,1440
3522424000,s,1340
3611535000,s,1340
3612277000,s,1340
3614244000,s,1340
3644218000,s,1340
3646245000,r,1440
3646245000,r,1440
3646245000,r,1440
3646245000,r,1440
3646245000,r,1440
3646246000,r,1440
3646846000,s,1340
3646902000,s,1340
3647431000,s,1340
3647618000,s,1340
3648096000,s,1340
3648392000,s,1340
3656937000,s,1340
3658114000,r,1440
3659493000,s,1340
3660137000,s,1340
3665727000,r,1440
3665727000,r,1440
3665727000,r,1440
3665727000,r,1440
3665987000,r,1440
3666586000,r,1440
3667637000,s,1340
3667836000,s,1340
3667859000,s,1340
3667967000,s,1340
3670234000,r,1440
3670235000,r,1440
3670235000,r,1440
3670235000,r,1440
3670235000,r,1440
3670235000,r,1440
3670235000,r,1440
3670235000,r,1440
3670333000,r,1440
3670333000,r,1440
3670333000,r,1440
3670333000,r,1440
3670333000,r,1440
3670333000,r,1440
3670333000,r,1440
3670334000,r,1440
3670374000,r,1440
3670374000,r,1440
3670375000,r,1440
3671522000,s,1340
3672006000,s,1340
3672105000,s,1340
3672169000,s,1340
3672216000,s,1340
3672260000,s,1340
3672310000,s,1340
3672360000,s,1340
3672410000,s,1340
3672464000,s,1340
3672518000,s,1340
3672580000,s,1340
3672629000,s,1340
3672677000,s,1340
3672729000,s,1340
3672783000,s,1340
3672847000,s,1340
3672921000,s,1340
3672992000,s,1340
3673098000,s,1340
3673168000,s,1340
3673242000,s,1340
3673345000,s,1340
3673442000,s,1340
3673460000,r,1440
3673550000,s,1340
3673655000,s,1340
3673763000,s,1340
3684559000,s,1340
3693366000,r,1440
3693366000,r,1440
3693366000,r,1440
3693367000,r,1440
3696292000,s,1340
3696378000,s,1340
3696514000,r,1440
3696515000,r,1440
3696515000,r,1440
3696515000,r,1440
3696515000,r,1440
3696515000,r,1440
3696516000,r,1440
3696516000,r,1440
3696647000,r,1440
3696647000,r,1440
3696647000,r,1440
3696647000,r,1440
3696647000,r,1440
3696647000,r,1440
3696648000,r,1440
3696648000,r,1440
3696710000,r,1440
3696710000,r,1440
3696710000,r,1440
3696710000,r,1440
3696710000,r,1440
3696751000,r,1440
3696751000,r,1440
3696751000,r,1440
3697170000,r,1440
3697170000,r,1440
3697171000,r,1440
3698085000,s,1340
3698272000,s,1340
3698380000,s,1340
3698478000,s,1340
3698567000,s,1340
3698657000,s,1340
3698683000,r,1440
3698683000,r,1440
3698732000,s,1340
3698683000,r,1440
3698683000,r,1440
3698683000,r,1440
3698827000,s,1340
3698932000,s,1340
3699030000,s,1340
3699127000,s,1340
3699218000,s,1340
3699306000,s,1340
3699395000,s,1340
3699488000,s,1340
3699718000,s,1340
3699851000,s,1340
3699933000,s,1340
3700020000,s,1340
3700128000,s,1340
3700205000,s,1340
3700289000,s,1340
3700373000,s,1340
3700479000,s,1340
3700590000,s,1340
3700692000,s,1340
3700795000,s,1340
3700898000,s,1340
3700999000,s,1340
3701098000,s,1340
3701215000,s,1340
3701331000,s,1340
3701433000,s,1340
3701529000,s,1340
3701650000,s,1340
3701750000,s,1340
3701845000,s,1340
3701938000,s,1340
3702032000,s,1340
3702134000,s,1340
3702278000,s,1340
3702396000,s,1340
3704843000,r,1440
3704844000,r,1440
3704844000,r,1440
3704844000,r,1440
3705158000,s,1340
3705249000,s,1340
3705298000,s,1340
3709485000,s,1340
3713970000,r,1440
3713970000,r,1440
3713970000,r,1440
3714434000,s,1340
3714655000,s,1340
3714873000,s,1340
3727867000,r,1440
3727867000,r,1440
3727867000,r,1440
3727867000,r,1440
3727867000,r,1440
3727867000,r,1440
3728911000,s,1340
3728972000,s,1340
3728984000,s,1340
3728995000,s,1340
3729006000,s,1340
3730305000,s,1340
3730537000,s,1340
3731220000,s,1340
3731446000,s,1340
3731589000,s,1340
3731653000,s,1340
3731997000,s,1340
3732069000,s,1340
3732329000,s,1340
3732524000,s,1340
3732832000,s,1340
3732905000,s,1340
3732968000,s,1340
3733024000,s,1340
3733256000,s,1340
3733337000,s,1340
3733825000,s,1340
3734067000,s,1340
3734348000,s,1340
3734499000,s,1340
3734587000,s,1340
3734662000,s,1340
3734928000,s,1340
3735018000,s,1340
3735682000,s,1340
3735807000,s,1340
3735881000,s,1340
3736137000,s,1340
3736235000,s,1340
3736531000,r,1440
3736548000,s,1340
3736532000,r,1440
3736532000,r,1440
3736937000,r,1440
3736954000,s,1340
3736938000,r,1440
3736938000,r,1440
3737185000,s,1340
3737275000,s,1340
3737332000,s,1340
3737407000,s,1340
3737473000,s,1340
3737666000,s,1340
3737702000,s,1340
3737759000,s,1340
3737809000,s,1340
3737847000,s,1340
3737950000,s,1340
3738126000,s,1340
3738528000,s,1340
3738749000,s,1340
3738822000,s,1340
3738873000,s,1340
3739701000,s,1340
3739736000,s,1340
3739741000,r,1440
3739748000,s,1340
3739758000,s,1340
3739741000,r,1440
3739741000,r,1440
3739741000,r,1440
3739741000,r,1440
3739741000,r,1440
3739741000,r,1440
3739741000,r,1440
3739836000,r,1440
3739836000,r,1440
3739837000,r,1440
3739837000,r,1440
3739837000,r,1440
3739837000,r,1440
3739837000,r,1440
3739837000,r,1440
3739877000,r,1440
3739877000,r,1440
3739877000,r,1440
3739877000,r,1440
3739877000,r,1440
3739877000,r,1440
3739878000,r,1440
3739878000,r,1440
3739912000,r,1440
3739920000,s,1340
3740088000,s,1340
3740147000,s,1340
3740394000,s,1340
3740464000,s,1340
3740575000,s,1340
3740653000,s,1340
3740785000,s,1340
3740846000,s,1340
3740900000,s,1340
3742107000,s,1340
3742580000,s,1340
3742704000,s,1340
3742852000,s,1340
3743294000,s,1340
3743378000,s,1340
3743549000,s,1340
3743809000,s,1340
3743858000,s,1340
3743874000,s,1340
3746747000,s,1340
3748023000,s,1340
3748211000,s,1340
3754336000,s,1340
3760201000,r,1440
3760201000,r,1440
3761151000,r,1440
3761151000,r,1440
3761151000,r,1440
3761151000,r,1440
3761151000,r,1440
3761216000,s,1340
3761151000,r,1440
3761152000,r,1440
3761519000,r,1440
3761519000,r,1440
3761520000,r,1440
3761520000,r,1440
3761520000,r,1440
3761520000,r,1440
3761520000,r,1440
3761520000,r,1440
3761600000,r,1440
3761600000,r,1440
3761600000,r,1440
3761600000,r,1440
3761758000,s,1340
3761814000,s,1340
3761876000,s,1340
3761928000,s,1340
3762063000,s,1340
3762082000,r,1440
3762082000,r,1440
3762131000,s,1340
3762083000,r,1440
3762156000,r,1440
3762160000,s,1340
3762157000,r,1440
3762157000,r,1440
3762157000,r,1440
3762178000,s,1340
3762157000,r,1440
3762157000,r,1440
3762225000,s,1340
3762265000,s,1340
3762339000,s,1340
3762378000,s,1340
3762534000,r,1440
3762576000,s,1340
3762534000,r,1440
3762534000,r,1440
3762616000,s,1340
3762718000,s,1340
3763938000,s,1340
3764049000,s,1340
3764133000,s,1340
3764201000,s,1340
3764284000,s,1340
3764361000,s,1340
3764432000,r,1440
3764448000,s,1340
3764432000,r,1440
3764432000,r,1440
3764432000,r,1440
3764433000,r,1440
3764433000,r,1440
3764539000,s,1340
3764626000,s,1340
3764761000,s,1340
3764848000,r,1440
3764850000,s,1340
3764848000,r,1440
3764935000,s,1340
3765001000,s,1340
3765083000,s,1340
3765175000,s,1340
3765262000,s,1340
3765345000,s,1340
3765434000,s,1340
3765528000,s,1340
3765616000,s,1340
3765688000,s,1340
3765761000,s,1340
3765832000,s,1340
3765922000,s,1340
3766015000,s,1340
3766139000,s,1340
3766269000,s,1340
3766360000,s,1340
3775740000,s,1340
3778225000,r,1440
3778225000,r,1440
3787075000,r,1440
3787075000,r,1440
3787075000,r,1440
3787076000,r,1440
3787076000,r,1440
3787076000,r,1440
3787076000,r,1440
3787076000,r,1440
3787242000,r,1440
3787242000,r,1440
3787242000,r,1440
3787242000,r,1440
3787242000,r,1440
3787243000,r,1440
3787243000,r,1440
3787243000,r,1440
3787302000,r,1440
3787302000,r,1440
3787302000,r,1440
3787302000,r,1440
3787303000,r,1440
3787661000,r,1440
3787661000,r,1440
3787661000,r,1440
3787661000,r,1440
3787661000,r,1440
3787661000,r,1440
3787661000,r,1440
3787662000,r,1440
3787729000,r,1440
3788207000,s,1340
3788486000,s,1340
3788586000,s,1340
3788646000,s,1340
3788698000,r,1440
3788698000,r,1440
3788698000,r,1440
3788698000,r,1440
3788698000,r,1440
3788698000,r,1440
3788698000,r,1440
3788698000,r,1440
3788790000,r,1440
3788790000,r,1440
3788790000,r,1440
3788791000,r,1440
3788944000,r,1440
3788944000,r,1440
3788944000,r,1440
3789351000,s,1340
3789426000,s,1340
3789486000,s,1340
3789562000,s,1340
3789621000,s,1340
3789678000,s,1340
3789732000,s,1340
3789790000,s,1340
3789856000,s,1340
3790008000,s,1340
3790081000,s,1340
3790145000,s,1340
3790464000,s,1340
3790512000,s,1340
3790526000,s,1340
3790544000,s,1340
3790554000,s,1340
3790585000,s,1340
3791073000,s,1340
3791194000,s,1340
3791298000,s,1340
3791357000,s,1340
3791436000,s,1340
3791572000,s,1340
3791695000,s,1340
3792340000,s,1340
3792497000,s,1340
3792620000,s,1340
3792688000,r,1440
3792688000,r,1440
3792688000,r,1440
3792745000,s,1340
3792689000,r,1440
3792870000,s,1340
3793332000,s,1340
3793414000,s,1340
3793487000,s,1340
3793542000,s,1340
3793592000,s,1340
3793661000,s,1340
3795690000,r,1440
3796045000,s,1340
3796138000,s,1340
3796229000,s,1340
3796302000,s,1340
3796481000,s,1340
3796661000,s,1340
3796803000,s,1340
3796896000,s,1340
3796942000,s,1340
3797075000,s,1340
3797160000,s,1340
3797370000,s,1340
3797500000,s,1340
3797590000,s,1340
3797672000,s,1340
3797735000,s,1340
3797816000,s,1340
3797974000,s,1340
3799025000,s,1340
3799151000,s,1340
3799529000,s,1340
3799574000,s,1340
3799765000,s,1340
3799863000,s,1340
3799949000,s,1340
3800036000,s,1340
3800192000,s,1340
3801092000,s,1340
3801196000,s,1340
3801364000,s,1340
3801441000,s,1340
3801499000,s,1340
3802131000,s,1340
3802326000,s,1340
3802381000,s,1340
3802595000,s,1340
3802822000,s,1340
3802934000,s,1340
3803088000,s,1340
3803277000,s,1340
3805094000,s,1340
3805174000,s,1340
3805405000,s,1340
3805500000,s,1340
3805719000,s,1340
3805885000,s,1340
3806114000,s,1340
3806239000,s,1340
3806325000,s,1340
3806398000,s,1340
3806856000,s,1340
3807061000,s,1340
3807110000,s,1340
3807171000,s,1340
3807286000,s,1340
3807785000,s,1340
3807847000,s,1340
3808630000,s,1340
3808720000,s,1340
3808853000,s,1340
3808911000,s,1340
3809885000,s,1340
3809976000,s,1340
3810175000,s,1340
3810288000,s,1340
3810359000,s,1340
3810715000,s,1340
3811932000,s,1340
3812004000,s,1340
3813114000,s,1340
3813213000,s,1340
3814403000,s,1340
3814467000,s,1340
3815130000,s,1340
3815294000,s,1340
3815334000,s,1340
3815619000,s,1340
3815723000,s,1340
3815904000,s,1340
3816118000,s,1340
3816259000,s,1340
3817366000,s,1340
3817645000,s,1340
3817840000,s,1340
3818048000,s,1340
3818235000,s,1340
3818542000,s,1340
3818655000,s,1340
3818862000,s,1340
3819029000,s,1340
3819105000,s,1340
3819160000,s,1340
3819786000,s,1340
3821179000,s,1340
3821289000,s,1340
3821525000,s,1340
3823724000,r,1440
3823724000,r,1440
3823724000,r,1440
3823724000,r,1440
3825001000,s,1340
3825089000,s,1340
3825164000,s,1340
3825219000,s,1340
3831424000,r,1440
3831424000,r,1440
3831424000,r,1440
3831942000,r,1440
3831942000,r,1440
3831942000,r,1440
3831942000,r,1440
3831942000,r,1440
3831942000,r,1440
3831942000,r,1440
3831942000,r,1440
3832002000,r,1440
3832002000,r,1440
3832002000,r,1440
3832002000,r,1440
3832210000,r,1440
3832210000,r,1440
3832210000,r,1440
3832210000,r,1440
3832210000,r,1440
3832210000,r,1440
3832295000,s,1340
3832643000,r,1440
3832648000,s,1340
3832643000,r,1440
3832643000,r,1440
3832908000,r,1440
3832908000,r,1440
3832909000,r,1440
3832909000,r,1440
3832909000,r,1440
3832909000,r,1440
3833058000,r,1440
3833058000,r,1440
3833059000,r,1440
3833436000,s,1340
3833594000,s,1340
3833677000,s,1340
3833750000,s,1340
3833817000,s,1340
3833843000,r,1440
3833843000,r,1440
3833843000,r,1440
3833844000,r,1440
3833844000,r,1440
3833844000,r,1440
3833844000,r,1440
3833844000,r,1440
3833922000,r,1440
3833984000,r,1440
3833984000,r,1440
3833984000,r,1440
3834096000,s,1340
3834158000,s,1340
3834876000,s,1340
3835000000,s,1340
3835085000,s,1340
3835162000,s,1340
3835231000,s,1340
3835302000,s,1340
3835376000,s,1340
3835443000,s,1340
3835507000,s,1340
3835580000,s,1340
3835650000,s,1340
3835713000,s,1340
3835779000,s,1340
3835846000,s,1340
3835912000,s,1340
3836004000,s,1340
3836079000,s,1340
3836141000,s,1340
3836205000,s,1340
3836273000,s,1340
3836343000,s,1340
3836440000,s,1340
3836997000,r,1440
3836998000,r,1440
3836998000,r,1440
3836998000,r,1440
3837273000,s,1340
3841778000,r,1440
3842502000,s,1340
3845421000,s,1340
3850995000,r,1440
3853493000,s,1340
3853605000,s,1340
3862093000,r,1440
3862093000,r,1440
3862093000,r,1440
3862094000,r,1440
3862094000,r,1440
3862094000,r,1440
3862094000,r,1440
3862094000,r,1440
3862298000,r,1440
3862298000,r,1440
3862298000,r,1440
3862298000,r,1440
3862298000,r,1440
3862298000,r,1440
3862299000,r,1440
3862299000,r,1440
3862361000,r,1440
3862361000,r,1440
3862421000,r,1440
3862421000,r,1440
3862421000,r,1440
3863036000,s,1340
3863107000,s,1340
3863126000,s,1340
3863139000,s,1340
3863162000,s,1340
3863948000,s,1340
3864073000,s,1340
3864100000,s,1340
3864114000,s,1340
3864128000,s,1340
3864140000,s,1340
3864151000,s,1340
3864163000,s,1340
3864176000,s,1340
3864188000,s,1340
3864412000,s,1340
3864475000,r,1440
3864511000,s,1340
3864475000,r,1440
3864475000,r,1440
3864475000,r,1440
3864475000,r,1440
3864578000,s,1340
3864639000,s,1340
3864692000,s,1340
3864950000,s,1340
3864997000,s,1340
3865016000,s,1340
3865031000,s,1340
3865044000,s,1340
3865059000,s,1340
3866569000,r,1440
3866569000,r,1440
3866569000,r,1440
3866569000,r,1440
3866569000,r,1440
3866570000,r,1440
3867220000,r,1440
3867236000,s,1340
3867308000,s,1340
3867220000,r,1440
3867220000,r,1440
3867328000,s,1340
3867220000,r,1440
3867220000,r,1440
3867221000,r,1440
3867345000,s,1340
3867221000,r,1440
3867370000,s,1340
3867556000,s,1340
3867677000,s,1340
3867732000,s,1340
3867760000,s,1340
3867950000,s,1340
3873519000,r,1440
3875119000,r,1440
3875119000,r,1440
3875894000,s,1340
3879889000,r,1440
3884990000,s,1340
3885872000,r,1440
3885872000,r,1440
3885873000,r,1440
3885873000,r,1440
3885873000,r,1440
3885873000,r,1440
3885873000,r,1440
3885873000,r,1440
3885994000,r,1440
3885994000,r,1440
3885995000,r,1440
3885995000,r,1440
3886228000,r,1440
3886228000,r,1440
3886228000,r,1440
3886500000,r,1440
3886518000,s,1340
3886500000,r,1440
3886500000,r,1440
3886500000,r,1440
3886500000,r,1440
3886500000,r,1440
3886753000,s,1340
3887799000,s,1340
3888174000,s,1340
3888218000,s,1340
3888237000,s,1340
3888252000,s,1340
3888264000,s,1340
3888455000,s,1340
3888607000,s,1340
3888657000,s,1340
3888677000,s,1340
3888702000,s,1340
3888716000,s,1340
3889053000,s,1340
3889075000,s,1340
3889089000,s,1340
3889102000,s,1340
3889199000,s,1340
3889268000,s,1340
3889345000,s,1340
3889393000,s,1340
3889698000,s,1340
3889792000,s,1340
3889839000,s,1340
3889997000,s,1340
3890068000,s,1340
3890112000,s,1340
3890301000,s,1340
3890348000,s,1340
3890890000,s,1340
3890977000,s,1340
3891030000,s,1340
3891051000,r,1440
3891052000,r,1440
3891052000,r,1440
3891052000,r,1440
3891052000,r,1440
3891052000,r,1440
3891053000,r,1440
3891053000,r,1440
3891239000,r,1440
3891240000,r,1440
3891240000,r,1440
3891240000,r,1440
3891240000,r,1440
3891240000,r,1440
3891240000,r,1440
3891241000,r,1440
3891297000,r,1440
3891297000,r,1440
3891297000,r,1440
3891298000,r,1440
3891314000,s,1340
3891438000,s,1340
3891509000,s,1340
3891787000,s,1340
3891833000,s,1340
3892074000,s,1340
3892195000,s,1340
3892296000,s,1340
3892402000,s,1340
3892487000,s,1340
3892568000,s,1340
3892684000,s,1340
3892788000,s,1340
3892855000,s,1340
3892918000,s,1340
3892987000,s,1340
3893068000,s,1340
3893171000,s,1340
3893272000,s,1340
3893373000,s,1340
3893449000,s,1340
3893523000,s,1340
3893637000,s,1340
3893748000,s,1340
3903358000,s,1340
3941718000,r,1440
3942472000,r,1440
3942472000,r,1440
3942473000,r,1440
3942473000,r,1440
3942473000,r,1440
3942473000,r,1440
3942473000,r,1440
3942473000,r,1440
3942587000,r,1440
3942602000,r,1440
3942603000,r,1440
3942603000,r,1440
3942603000,r,1440
3942603000,r,1440
3942603000,r,1440
3943274000,r,1440
3943274000,r,1440
3943274000,r,1440
3943275000,r,1440
3943275000,r,1440
3943275000,r,1440
3943491000,s,1340
3944039000,s,1340
3944151000,s,1340
3944239000,s,1340
3944328000,s,1340
3944415000,s,1340
3944502000,s,1340
3944586000,s,1340
3944679000,s,1340
3944772000,s,1340
3944866000,s,1340
3944955000,s,1340
3945426000,r,1440
3945427000,r,1440
3945427000,r,1440
3945427000,r,1440
3945427000,r,1440
3945427000,r,1440
3945428000,r,1440
3945428000,r,1440
3945533000,r,1440
3945534000,r,1440
3945534000,r,1440
3945534000,r,1440
3945534000,r,1440
3945534000,r,1440
3945535000,r,1440
3945535000,r,1440
3945592000,r,1440
3945592000,r,1440
3945750000,s,1340
3946270000,s,1340
3946370000,s,1340
3946443000,s,1340
3946511000,s,1340
3946576000,s,1340
3946725000,s,1340
3946852000,s,1340
3946917000,s,1340
3947283000,s,1340
3947403000,s,1340
3948023000,s,1340
3948126000,s,1340
3948224000,s,1340
3948264000,s,1340
3948330000,s,1340
3948465000,s,1340
3948651000,s,1340
3949230000,r,1440
3949231000,r,1440
3949231000,r,1440
3949231000,r,1440
3949231000,r,1440
3949610000,s,1340
3949757000,s,1340
3951752000,s,1340
3951848000,s,1340
3951915000,s,1340
3951982000,s,1340
3952052000,s,1340
3952122000,s,1340
3952192000,s,1340
3952260000,s,1340
3952335000,s,1340
3952407000,s,1340
3952476000,s,1340
3952540000,s,1340
3952685000,s,1340
3952759000,s,1340
3952831000,s,1340
3954894000,s,1340
3954976000,s,1340
3954991000,s,1340
3955001000,s,1340
3955010000,s,1340
3955020000,s,1340
3955028000,s,1340
3955036000,s,1340
3955044000,s,1340
3955057000,s,1340
3955066000,s,1340
3955075000,s,1340
3955083000,s,1340
3955093000,s,1340
3955102000,s,1340
3955110000,s,1340
3955118000,s,1340
3955333000,s,1340
3955417000,s,1340
3955570000,s,1340
3955737000,s,1340
3955816000,s,1340
3956444000,s,1340
3956572000,s,1340
3957935000,s,1340
3958947000,s,1340
3959117000,s,1340
3959280000,s,1340
3959356000,s,1340
3959528000,s,1340
3959738000,s,1340
3959826000,s,1340
3960020000,s,1340
3960112000,s,1340
3960245000,s,1340
3960298000,s,1340
3960709000,s,1340
3960790000,s,1340
3961756000,s,1340
3961864000,s,1340
3961955000,s,1340
3962304000,s,1340
3962404000,s,1340
3962491000,s,1340
3962709000,s,1340
3962876000,s,1340
3963022000,s,1340
3963262000,s,1340
3963467000,s,1340
3963527000,s,1340
3963610000,s,1340
3964826000,s,1340
3964914000,s,1340
3965004000,s,1340
3965976000,s,1340
3966154000,s,1340
3966310000,s,1340
3966394000,s,1340
3966450000,s,1340
3966505000,s,1340
3966609000,s,1340
3966708000,s,1340
3967406000,s,1340
3967484000,s,1340
3967782000,s,1340
3967891000,s,1340
3968030000,s,1340
3968983000,s,1340
3969085000,s,1340
3969183000,s,1340
3969398000,r,1440
3969398000,r,1440
3969398000,r,1440
3969398000,r,1440
3969475000,s,1340
3969398000,r,1440
3969398000,r,1440
3969398000,r,1440
3969398000,r,1440
3969501000,r,1440
3969592000,s,1340
3969628000,s,1340
3969658000,s,1340
3969979000,s,1340
3970107000,s,1340
3970429000,s,1340
3970498000,s,1340
3970562000,s,1340
3970624000,s,1340
3970679000,s,1340
3970730000,s,1340
3970781000,s,1340
3970825000,r,1440
3970834000,s,1340
3970825000,r,1440
3970826000,r,1440
3970826000,r,1440
3970826000,r,1440
3970826000,r,1440
3971210000,s,1340
3971263000,s,1340
3971366000,s,1340
3971624000,s,1340
3971685000,s,1340
3971865000,s,1340
3971904000,s,1340
3972098000,s,1340
3972630000,s,1340
3982877000,s,1340
3993390000,r,1440
3993390000,r,1440
3993390000,r,1440
3993390000,r,1440
3993391000,r,1440
3993391000,r,1440
3993391000,r,1440
3993391000,r,1440
3993593000,r,1440
3993593000,r,1440
3993593000,r,1440
3993593000,r,1440
3993594000,r,1440
3993594000,r,1440
3993594000,r,1440
3993594000,r,1440
3993664000,r,1440
3993664000,r,1440
3993664000,r,1440
3993664000,r,1440
3993664000,r,1440
3993665000,r,1440
3993665000,r,1440
3993665000,r,1440
3993722000,r,1440
3993722000,r,1440
3993723000,r,1440
3994153000,r,1440
3994153000,r,1440
3994153000,r,1440
3994154000,r,1440
3994154000,r,1440
3994154000,r,1440
3994154000,r,1440
3994699000,s,1340
3995111000,s,1340
3995659000,s,1340
3995773000,s,1340
3995892000,s,1340
3995981000,s,1340
3996075000,s,1340
3996210000,s,1340
3996449000,s,1340
3996526000,s,1340
3996746000,s,1340
3996805000,s,1340
3997083000,s,1340
3997154000,s,1340
3997219000,s,1340
3997496000,s,1340
3997539000,s,1340
3997564000,s,1340
3997691000,s,1340
3997748000,s,1340
3997780000,s,1340
3997857000,s,1340
3997939000,s,1340
3998038000,s,1340
3998118000,s,1340
3998357000,s,1340
3998394000,s,1340
3998412000,s,1340
3998755000,s,1340
3998871000,s,1340
3999156000,s,1340
3999230000,s,1340
3999286000,s,1340
3999332000,s,1340
3999404000,s,1340
3999460000,s,1340
4000665000,s,1340
4000761000,s,1340
4000813000,s,1340
4001896000,s,1340
4003316000,s,1340
4003478000,s,1340
4003558000,s,1340
4003600000,s,1340
4004528000,s,1340
4004623000,s,1340
4004939000,s,1340
4005095000,s,1340
4005141000,s,1340
4005205000,s,1340
4005244000,s,1340
4006415000,s,1340
4006543000,s,1340
4006609000,s,1340
4006650000,s,1340
4007687000,s,1340
4007751000,s,1340
4007827000,s,1340
4007869000,s,1340
4008094000,s,1340
4008906000,s,1340
4008967000,s,1340
4009063000,s,1340
4009147000,s,1340
4009211000,s,1340
4010054000,s,1340
4010103000,s,1340
4010177000,s,1340
4010447000,s,1340
4010601000,s,1340
4010737000,s,1340
4011000000,s,1340
4011108000,s,1340
4011204000,s,1340
4011299000,s,1340
4011383000,s,1340
4011618000,s,1340
4011719000,s,1340
4011971000,s,1340
4012098000,s,1340
4012223000,s,1340
4012245000,s,1340
4012386000,s,1340
4012496000,s,1340
4012769000,s,1340
4013172000,s,1340
4013218000,s,1340
4013240000,s,1340
4013420000,r,1440
4013420000,r,1440
4013420000,r,1440
4013421000,r,1440
4013421000,r,1440
4013421000,r,1440
4013421000,r,1440
4013421000,r,1440
4013734000,s,1340
4013863000,s,1340
4013949000,s,1340
4014028000,s,1340
4014106000,s,1340
4014191000,s,1340
4014315000,s,1340
4014400000,s,1340
4015081000,s,1340
4015130000,s,1340
4016321000,s,1340
4016385000,s,1340
4016619000,s,1340
4016686000,s,1340
4016886000,s,1340
4016971000,s,1340
4017167000,s,1340
4017221000,s,1340
4017739000,s,1340
4017883000,s,1340
4017962000,s,1340
4018025000,s,1340
4018999000,s,1340
4019067000,s,1340
4019118000,s,1340
4019170000,s,1340
4020415000,s,1340
4020462000,s,1340
4020532000,s,1340
4021628000,s,1340
4021743000,s,1340
4021795000,s,1340
4021917000,s,1340
4022091000,s,1340
4022173000,s,1340
4022375000,s,1340
4022517000,s,1340
4022593000,s,1340
4022732000,s,1340
4023217000,s,1340
4023317000,s,1340
4023585000,s,1340
4023669000,s,1340
4023877000,s,1340
4024009000,s,1340
4024076000,s,1340
4024368000,s,1340
4024517000,s,1340
4024681000,s,1340
4024910000,s,1340
4025001000,s,1340
4025085000,s,1340
4025163000,s,1340
4025474000,s,1340
4025563000,s,1340
4025638000,s,1340
4025730000,s,1340
4026684000,s,1340
4026916000,s,1340
4027029000,s,1340
4027093000,s,1340
4027323000,s,1340
4027424000,s,1340
4027749000,s,1340
4027852000,s,1340
4027943000,s,1340
4028140000,s,1340
4028243000,s,1340
4028467000,s,1340
4028690000,s,1340
4028953000,s,1340
4029129000,s,1340
4030179000,s,1340
4030453000,s,1340
4030613000,s,1340
4031110000,s,1340
4031465000,s,1340
4031592000,s,1340
4031699000,s,1340
4031813000,s,1340
4031912000,s,1340
4032159000,s,1340
4032402000,s,1340
4032721000,s,1340
4032869000,r,1440
4032869000,r,1440
4032869000,r,1440
4032869000,r,1440
4032869000,r,1440
4032869000,r,1440
4032870000,r,1440
4032975000,s,1340
4032870000,r,1440
4033002000,r,1440
4033002000,r,1440
4033002000,r,1440
4033003000,r,1440
4033003000,r,1440
4033003000,r,1440
4033003000,r,1440
4033103000,s,1340
4033243000,s,1340
4033431000,r,1440
4033431000,r,1440
4033432000,r,1440
4033432000,r,1440
4033432000,r,1440
4033432000,r,1440
4033510000,s,1340
4033630000,s,1340
4033784000,s,1340
4033806000,r,1440
4033807000,r,1440
4033807000,r,1440
4033853000,s,1340
4033896000,s,1340
4034215000,r,1440
4034215000,r,1440
4034215000,r,1440
4034215000,r,1440
4034215000,r,1440
4034216000,r,1440
4034388000,s,1340
4034439000,s,1340
4034622000,r,1440
4034622000,r,1440
4034622000,r,1440
4034623000,r,1440
4034623000,r,1440
4034623000,r,1440
4034824000,s,1340
4034875000,s,1340
4034900000,s,1340
4035009000,s,1340
4035133000,s,1340
4035133000,r,1440
4035133000,r,1440
4035133000,r,1440
4035291000,s,1340
4035398000,s,1340
4035519000,s,1340
4035631000,s,1340
4035737000,s,1340
4035839000,s,1340
4035944000,s,1340
4036046000,s,1340
4036175000,s,1340
4036262000,s,1340
4036345000,s,1340
4038109000,r,1440
4038109000,r,1440
4038109000,r,1440
4038109000,r,1440
4038109000,r,1440
4038110000,r,1440
4038110000,r,1440
4038110000,r,1440
4062829000,s,1340
4062956000,s,1340
4062992000,s,1340
4063012000,s,1340
4063029000,s,1340
4063044000,s,1340
4063060000,s,1340
4063076000,s,1340
4063091000,s,1340
4063109000,s,1340
4063125000,s,1340
4063141000,s,1340
4063156000,s,1340
4063174000,s,1340
4063189000,s,1340
4063204000,s,1340
4063219000,s,1340
4063234000,s,1340
4063259000,s,1340
4063276000,s,1340
4063292000,s,1340
4063306000,s,1340
4063322000,s,1340
4063322000,r,1440
4063337000,s,1340
4063355000,s,1340
4063372000,s,1340
4063388000,s,1340
4063412000,s,1340
4063322000,r,1440
4063323000,r,1440
4063919000,s,1340
4078774000,r,1440
4078775000,r,1440
4078775000,r,1440
4078775000,r,1440
4078775000,r,1440
4078775000,r,1440
4080996000,s,1340
4081078000,s,1340
4081363000,s,1340
4081440000,s,1340
4092264000,s,1340
4094115000,r,1440
4094115000,r,1440
4094115000,r,1440
4094115000,r,1440
4094116000,r,1440
4094116000,r,1440
4094116000,r,1440
4094116000,r,1440
4094301000,r,1440
4094301000,r,1440
4094302000,r,1440
4094302000,r,1440
4094302000,r,1440
4094302000,r,1440
4094303000,r,1440
4094303000,r,1440
4094372000,r,1440
4094372000,r,1440
4094967000,r,1440
4094968000,r,1440
4094968000,r,1440
4094968000,r,1440
4094968000,r,1440
4094969000,r,1440
4095219000,r,1440
4095219000,r,1440
4095219000,r,1440
4095220000,r,1440
4095220000,r,1440
4095220000,r,1440
4095221000,r,1440
4095221000,r,1440
4095309000,r,1440
4095331000,r,1440
4095331000,r,1440
4095331000,r,1440
4095332000,r,1440
4095332000,r,1440
4095332000,r,1440
4095683000,r,1440
4095684000,r,1440
4095684000,r,1440
4095774000,s,1340
4095973000,s,1340
4096102000,s,1340
4096187000,r,1440
4096187000,r,1440
4096187000,r,1440
4096188000,r,1440
4096188000,r,1440
4096188000,r,1440
4096764000,s,1340
4096917000,s,1340
4097011000,s,1340
4097102000,s,1340
4097224000,s,1340
4097350000,s,1340
4097478000,s,1340
4097591000,s,1340
4097697000,s,1340
4098326000,s,1340
4098447000,s,1340
4098813000,r,1440
4098813000,r,1440
4098814000,r,1440
4098814000,r,1440
4098814000,r,1440
4098814000,r,1440
4098814000,r,1440
4098814000,r,1440
4098943000,s,1340
4099124000,s,1340
4099207000,s,1340
4099300000,s,1340
4099329000,s,1340
4099664000,s,1340
4099698000,s,1340
4110615000,s,1340
4122775000,r,1440
4122775000,r,1440
4122776000,r,1440
4122776000,r,1440
4124218000,s,1340
4125101000,s,1340
4142851000,r,1440
4142851000,r,1440
4142851000,r,1440
4142851000,r,1440
4142852000,r,1440
4142852000,r,1440
4142852000,r,1440
4142853000,r,1440
4143135000,r,1440
4143135000,r,1440
4143136000,r,1440
4143136000,r,1440
4143136000,r,1440
4143136000,r,1440
4143137000,r,1440
4143137000,r,1440
4143219000,r,1440
4143219000,r,1440
4143220000,r,1440
4143220000,r,1440
4143220000,r,1440
4143340000,r,1440
4143341000,r,1440
4143341000,r,1440
4143341000,r,1440
4143341000,r,1440
4143342000,r,1440
4143940000,s,1340
4144276000,s,1340
4144568000,s,1340
4144621000,s,1340
4144647000,s,1340
4144667000,s,1340
4144687000,s,1340
4144830000,r,1440
4144831000,r,1440
4144831000,r,1440
4144831000,r,1440
4144831000,r,1440
4144832000,r,1440
4144832000,r,1440
4144832000,r,1440
4144945000,r,1440
4144945000,r,1440
4144945000,r,1440
4144946000,r,1440
4144946000,r,1440
4144946000,r,1440
4144946000,r,1440
4145009000,s,1340
4145096000,s,1340
4145149000,s,1340
4145175000,s,1340
4145362000,s,1340
4145490000,s,1340
4145535000,s,1340
4145561000,s,1340
4145581000,s,1340
4145600000,s,1340
4145901000,s,1340
4146039000,s,1340
4146258000,s,1340
4146327000,s,1340
4146374000,s,1340
4146471000,s,1340
4146536000,s,1340
4146581000,s,1340
4146689000,r,1440
4146749000,s,1340
4146689000,r,1440
4146689000,r,1440
4146690000,r,1440
4146690000,r,1440
4146690000,r,1440
4146806000,s,1340
4146852000,s,1340
4146872000,s,1340
4146933000,s,1340
4146968000,s,1340
4146982000,s,1340
4147217000,s,1340
4147305000,s,1340
4147566000,s,1340
4147597000,s,1340
4147609000,s,1340
4158547000,s,1340
4160615000,r,1440
4160615000,r,1440
4160615000,r,1440
4160615000,r,1440
4160616000,r,1440
4161300000,s,1340
4161373000,s,1340
4161401000,s,1340
4176833000,r,1440
4176834000,r,1440
4176834000,r,1440
4176834000,r,1440
4176834000,r,1440
4176835000,r,1440
4176835000,r,1440
4176835000,r,1440
4177100000,r,1440
4177101000,r,1440
4177101000,r,1440
4177101000,r,1440
4177101000,r,1440
4177102000,r,1440
4177102000,r,1440
4177102000,r,1440
4177187000,r,1440
4177187000,r,1440
4177188000,r,1440
4177188000,r,1440
4177188000,r,1440
4177964000,r,1440
4177964000,r,1440
4177965000,r,1440
4177965000,r,1440
4177965000,r,1440
4177965000,r,1440
4177966000,r,1440
4177966000,r,1440
4178110000,r,1440
4178110000,r,1440
4178111000,r,1440
4178111000,r,1440
4178163000,r,1440
4178164000,r,1440
4178164000,r,1440
4178164000,r,1440
4178164000,r,1440
4178165000,r,1440
4178406000,r,1440
4178406000,r,1440
4178406000,r,1440
4179037000,s,1340
4179128000,s,1340
4179155000,s,1340
4179170000,s,1340
4179187000,s,1340
4179198000,s,1340
4179227000,s,1340
4179415000,s,1340
4179545000,s,1340
4179629000,s,1340
4179714000,s,1340
4179795000,s,1340
4179899000,s,1340
4180122000,s,1340
4180229000,s,1340
4180260000,s,1340
4180312000,s,1340
4180475000,s,1340
4180612000,s,1340
4180630000,r,1440
4180630000,r,1440
4180630000,r,1440
4180631000,r,1440
4180631000,r,1440
4180631000,r,1440
4180703000,s,1340
4180631000,r,1440
4180799000,s,1340
4180892000,s,1340
4180975000,s,1340
4181285000,s,1340
4181437000,s,1340
4181713000,s,1340
4181839000,s,1340
4181969000,s,1340
4182090000,s,1340
4182254000,s,1340
4182383000,s,1340
4182513000,s,1340
4192016000,s,1340
4206134000,r,1440
4206134000,r,1440
4206134000,r,1440
4206134000,r,1440
4206135000,r,1440
4206135000,r,1440
4206135000,r,1440
4206135000,r,1440
4206320000,r,1440
4206320000,r,1440
4206320000,r,1440
4206320000,r,1440
4206451000,r,1440
4206451000,r,1440
4206451000,r,1440
4206452000,r,1440
4206452000,r,1440
4206452000,r,1440
4206452000,r,1440
4206452000,r,1440
4206495000,r,1440
4207457000,s,1340
4207556000,s,1340
4207715000,s,1340
4207766000,s,1340
4207787000,s,1340
4207807000,s,1340
4207802000,r,1440
4207826000,s,1340
4207845000,s,1340
4207866000,s,1340
4207802000,r,1440
4207802000,r,1440
4207894000,s,1340
4207803000,r,1440
4207803000,r,1440
4207803000,r,1440
4207975000,s,1340
4208173000,s,1340
4208371000,s,1340
4208487000,s,1340
4208569000,s,1340
4208672000,s,1340
4208781000,s,1340
4208883000,s,1340
4208991000,s,1340
4209061000,s,1340
4209174000,s,1340
4209273000,s,1340
4209381000,s,1340
4209484000,s,1340
4209594000,s,1340
4209658000,r,1440
4209698000,s,1340
4209658000,r,1440
4209658000,r,1440
4209659000,r,1440
4209659000,r,1440
4209659000,r,1440
4209802000,s,1340
4209887000,s,1340
4209969000,s,1340
4210076000,s,1340
4210159000,s,1340
4210272000,s,1340
4210355000,s,1340
4210442000,s,1340
4210548000,s,1340
4210652000,s,1340
4210759000,s,1340
4210935000,s,1340
4211124000,s,1340
4211247000,s,1340
4211416000,s,1340
4211526000,s,1340
4211636000,s,1340
4211894000,s,1340
4212146000,s,1340
4212300000,s,1340
4212528000,s,1340
4212659000,s,1340
4212866000,s,1340
4212960000,s,1340
4213037000,s,1340
4214137000,s,1340
4214350000,s,1340
4214427000,s,1340
4215589000,s,1340
4215741000,s,1340
4215864000,s,1340
4215992000,s,1340
4216359000,s,1340
4216693000,s,1340
4216832000,s,1340
4216961000,s,1340
4217081000,s,1340
4217203000,s,1340
4217324000,s,1340
4217464000,s,1340
4217590000,s,1340
4217884000,s,1340
4218112000,s,1340
4218240000,s,1340
4218435000,s,1340
4218588000,s,1340
4218935000,s,1340
4219285000,s,1340
4219391000,s,1340
4219482000,s,1340
4220302000,s,1340
4220765000,s,1340
4220859000,s,1340
4220931000,s,1340
4221044000,s,1340
4221112000,s,1340
4221217000,s,1340
4221264000,s,1340
4222147000,s,1340
4222246000,s,1340
4222350000,s,1340
4232863000,s,1340
4235301000,r,1440
4235301000,r,1440
4235301000,r,1440
4235486000,r,1440
4235486000,r,1440
4235486000,r,1440
4235486000,r,1440
4235487000,r,1440
4235487000,r,1440
4235749000,r,1440
4235750000,r,1440
4235750000,r,1440
4235750000,r,1440
4235750000,r,1440
4235751000,r,1440
4236360000,s,1340
4236491000,r,1440
4236491000,r,1440
4236491000,r,1440
4236491000,r,1440
4236491000,r,1440
4236491000,r,1440
4236491000,r,1440
4236492000,r,1440
4236595000,r,1440
4236596000,r,1440
4236596000,r,1440
4236596000,r,1440
4236702000,s,1340
4236805000,s,1340
4236829000,r,1440
4236829000,r,1440
4236830000,r,1440
4236898000,s,1340
4236968000,s,1340
4237034000,s,1340
4237100000,s,1340
4237163000,s,1340
4237282000,s,1340
4237314000,r,1440
4237355000,s,1340
4237314000,r,1440
4237314000,r,1440
4237314000,r,1440
4237315000,r,1440
4237315000,r,1440
4237315000,r,1440
4237315000,r,1440
4237412000,r,1440
4237449000,s,1340
4237708000,s,1340
4237817000,s,1340
4237888000,s,1340
4237898000,r,1440
4237898000,r,1440
4237898000,r,1440
4237898000,r,1440
4237898000,r,1440
4237898000,r,1440
4237984000,s,1340
4238082000,s,1340
4238180000,s,1340
4238220000,r,1440
4238220000,r,1440
4238220000,r,1440
4238456000,s,1340
4238506000,s,1340
4239104000,s,1340
4239354000,r,1440
4239354000,r,1440
4239354000,r,1440
4239354000,r,1440
4239354000,r,1440
4239354000,r,1440
4239726000,s,1340
4239762000,s,1340
4239774000,s,1340
4239796000,s,1340
4239807000,s,1340
4243023000,r,1440
4243023000,r,1440
4243023000,r,1440
4243024000,r,1440
4243024000,r,1440
4243024000,r,1440
4243708000,s,1340
4243839000,s,1340
4243921000,s,1340
4243982000,s,1340
4253393000,s,1340
4291015000,s,1340
4312743000,r,1440
4312743000,r,1440
4312743000,r,1440
4312744000,r,1440
4312744000,r,1440
4312744000,r,1440
4312744000,r,1440
4312744000,r,1440
4312936000,r,1440
4312937000,r,1440
4312937000,r,1440
4312962000,r,1440
4312962000,r,1440
4312962000,r,1440
4312963000,r,1440
4312963000,r,1440
4312963000,r,1440
4313177000,r,1440
4313177000,r,1440
4313177000,r,1440
4313699000,r,1440
4313699000,r,1440
4313699000,r,1440
4313699000,r,1440
4313699000,r,1440
4313699000,r,1440
4313804000,r,1440
4313804000,r,1440
4313804000,r,1440
4313914000,s,1340
4313999000,s,1340
4314183000,r,1440
4314183000,r,1440
4314183000,r,1440
4314184000,r,1440
4314184000,r,1440
4314184000,r,1440
4314649000,s,1340
4314863000,s,1340
4314921000,s,1340
4314964000,r,1440
4314965000,r,1440
4314965000,r,1440
4314965000,r,1440
4314966000,r,1440
4314966000,r,1440
4314966000,r,1440
4314967000,r,1440
4315175000,r,1440
4315243000,r,1440
4315243000,r,1440
4315243000,r,1440
4315244000,r,1440
4315244000,r,1440
4315294000,s,1340
4315244000,r,1440
4315426000,s,1340
4315538000,s,1340
4315580000,r,1440
4315580000,r,1440
4315580000,r,1440
4315714000,s,1340
4315805000,r,1440
4315805000,r,1440
4315806000,r,1440
4315838000,s,1340
4315806000,r,1440
4315806000,r,1440
4315807000,r,1440
4315998000,s,1340
4316144000,s,1340
4316289000,s,1340
4316432000,s,1340
4316569000,s,1340
4316680000,s,1340
4316778000,s,1340
4316920000,s,1340
4317050000,s,1340
4317166000,s,1340
4317313000,s,1340
4317442000,s,1340
4317538000,r,1440
4317574000,s,1340
4317538000,r,1440
4317538000,r,1440
4317538000,r,1440
4317538000,r,1440
4317538000,r,1440
4317712000,s,1340
4317848000,s,1340
4317990000,s,1340
4318122000,s,1340
4318496000,s,1340
4319018000,s,1340
4319331000,s,1340
4319468000,s,1340
4319581000,s,1340
4319682000,s,1340
4319801000,s,1340
4319911000,s,1340
4320022000,s,1340
4320133000,s,1340
4320245000,s,1340
4320357000,s,1340
4320467000,s,1340
4320573000,s,1340
4320682000,s,1340
4320795000,s,1340
4320921000,s,1340
4321036000,s,1340
4321128000,s,1340
4321251000,s,1340
4321370000,s,1340
4321489000,s,1340
4321615000,s,1340
4321734000,s,1340
4321859000,s,1340
4321982000,s,1340
4322108000,s,1340
4322272000,s,1340
4322389000,s,1340
4322479000,s,1340
4322556000,s,1340
4322627000,s,1340
4322706000,s,1340
4322788000,s,1340
4322871000,s,1340
4322949000,s,1340
4323033000,s,1340
4323812000,s,1340
4324065000,s,1340
4324180000,s,1340
4324299000,s,1340
4324617000,s,1340
4324699000,s,1340
4324911000,s,1340
4326246000,s,1340
4326325000,s,1340
4326347000,s,1340
4326361000,s,1340
4326394000,s,1340
4326532000,s,1340
4326615000,s,1340
4327297000,s,1340
4327375000,s,1340
4327459000,s,1340
4327502000,s,1340
4327831000,s,1340
4327927000,s,1340
4327997000,s,1340
4328239000,s,1340
4328410000,s,1340
4328536000,s,1340
4328802000,s,1340
4328882000,s,1340
4328942000,s,1340
4329649000,s,1340
4330965000,s,1340
4331156000,s,1340
4331274000,s,1340
4331368000,s,1340
4331463000,s,1340
4331594000,s,1340
4331714000,s,1340
4331819000,s,1340
4331999000,s,1340
4332055000,s,1340
4332115000,s,1340
4332372000,s,1340
4332534000,s,1340
4332664000,s,1340
4332880000,s,1340
4332981000,s,1340
4333060000,s,1340
4333133000,s,1340
4333200000,s,1340
4333288000,s,1340
4333404000,s,1340
4333510000,s,1340
4333568000,s,1340
4333597000,s,1340
4333943000,s,1340
4334100000,s,1340
4334308000,s,1340
4334580000,s,1340
4334715000,s,1340
4334844000,s,1340
4335133000,s,1340
4335249000,s,1340
4335376000,s,1340
4335967000,s,1340
4336140000,s,1340
4336219000,s,1340
4336480000,s,1340
4336609000,s,1340
4336692000,s,1340
4336909000,s,1340
4337111000,s,1340
4337204000,s,1340
4337262000,s,1340
4338430000,s,1340
4338716000,s,1340
4338773000,s,1340
4338859000,s,1340
4339064000,s,1340
4339212000,s,1340
4339451000,s,1340
4339540000,s,1340
4339792000,s,1340
4339916000,s,1340
4340247000,s,1340
4350297000,s,1340
4350602000,s,1340
4350679000,s,1340
4350798000,s,1340
4350999000,s,1340
4351052000,s,1340
4351331000,s,1340
4351634000,s,1340
4351773000,s,1340
4351945000,r,1440
4351946000,r,1440
4351946000,r,1440
4352075000,s,1340
4352148000,s,1340
4352313000,s,1340
4352535000,s,1340
4352713000,s,1340
4352777000,r,1440
4352777000,r,1440
4352777000,r,1440
4352777000,r,1440
4352778000,r,1440
4352778000,r,1440
4352778000,r,1440
4352778000,r,1440
4352849000,s,1340
4352866000,r,1440
4352866000,r,1440
4352866000,r,1440
4352867000,r,1440
4352972000,s,1340
4353112000,s,1340
4353215000,s,1340
4353263000,s,1340
4353289000,r,1440
4353290000,r,1440
4353290000,r,1440
4353290000,r,1440
4353290000,r,1440
4353310000,s,1340
4353290000,r,1440
4353290000,r,1440
4353290000,r,1440
4353326000,r,1440
4353441000,s,1340
4353482000,s,1340
4353537000,s,1340
4353729000,r,1440
4353729000,r,1440
4353729000,r,1440
4353729000,r,1440
4353730000,r,1440
4353730000,r,1440
4353856000,s,1340
4354023000,r,1440
4354023000,r,1440
4354023000,r,1440
4354361000,r,1440
4354361000,r,1440
4354361000,r,1440
4354787000,r,1440
4354799000,s,1340
4354787000,r,1440
4354787000,r,1440
4354787000,r,1440
4354787000,r,1440
4354787000,r,1440
4354787000,r,1440
4354787000,r,1440
4354832000,r,1440
4354845000,s,1340
4355186000,r,1440
4355186000,r,1440
4355187000,r,1440
4355187000,r,1440
4355187000,r,1440
4355187000,r,1440
4355504000,r,1440
4355504000,r,1440
4355504000,r,1440
4355969000,r,1440
4355985000,s,1340
4356008000,s,1340
4356019000,s,1340
4356029000,s,1340
4356038000,s,1340
4355969000,r,1440
4355969000,r,1440
4355970000,r,1440
4356053000,s,1340
4355970000,r,1440
4355970000,r,1440
4355970000,r,1440
4356065000,s,1340
4355970000,r,1440
4356074000,r,1440
4356076000,s,1340
4356159000,s,1340
4356364000,s,1340
4356530000,s,1340
4356654000,s,1340
4356754000,s,1340
4356882000,s,1340
4357020000,s,1340
4357137000,s,1340
4357379000,s,1340
4357505000,s,1340
4357636000,s,1340
4357726000,s,1340
4357802000,s,1340
4357880000,s,1340
4358017000,s,1340
4358122000,s,1340
4358377000,s,1340
4358514000,s,1340
4358518000,r,1440
4358518000,r,1440
4358518000,r,1440
4358518000,r,1440
4358518000,r,1440
4358518000,r,1440
4358518000,r,1440
4358519000,r,1440
4358656000,s,1340
4358793000,s,1340
4358903000,s,1340
4359137000,s,1340
4359257000,s,1340
4359359000,s,1340
4359494000,s,1340
4359613000,s,1340
4359734000,s,1340
4359841000,s,1340
4359943000,s,1340
4360044000,s,1340
4360154000,s,1340
4360326000,s,1340
4360460000,s,1340
4360576000,s,1340
4361345000,s,1340
4361645000,s,1340
4361840000,s,1340
4361957000,s,1340
4362081000,s,1340
4362188000,s,1340
4362361000,s,1340
4362480000,s,1340
4362592000,s,1340
4362704000,s,1340
4362807000,s,1340
4362907000,s,1340
4363016000,s,1340
4363131000,s,1340
4363233000,s,1340
4363521000,s,1340
4363658000,s,1340
4363768000,s,1340
4364012000,s,1340
4364198000,s,1340
4364334000,s,1340
4364412000,s,1340
4364456000,s,1340
4365497000,s,1340
4365654000,s,1340
4365730000,s,1340
4365793000,s,1340
4365848000,s,1340
4365895000,s,1340
4365942000,s,1340
4366254000,s,1340
4366395000,s,1340
4366488000,s,1340
4366561000,s,1340
4366621000,s,1340
4366840000,s,1340
4367004000,s,1340
4367126000,s,1340
4368232000,s,1340
4368318000,s,1340
4368401000,s,1340
4368635000,s,1340
4368777000,s,1340
4368874000,s,1340
4369173000,s,1340
4369318000,s,1340
4369426000,s,1340
4369527000,s,1340
4369619000,s,1340
4369853000,s,1340
4370081000,s,1340
4370306000,s,1340
4370347000,s,1340
4370594000,s,1340
4370654000,s,1340
4371856000,s,1340
4372016000,s,1340
4372112000,s,1340
4372197000,s,1340
4372467000,s,1340
4372576000,s,1340
4372810000,s,1340
4372898000,s,1340
4373060000,s,1340
4373139000,s,1340
4373206000,s,1340
4374508000,s,1340
4374629000,s,1340
4374755000,s,1340
4374991000,s,1340
4375158000,r,1440
4375159000,r,1440
4375212000,s,1340
4375159000,r,1440
4375345000,s,1340
4375474000,s,1340
4375640000,s,1340
4375782000,s,1340
4378319000,r,1440
4378320000,r,1440
4378320000,r,1440
4378320000,r,1440
4378320000,r,1440
4378321000,r,1440
4378321000,r,1440
4378937000,s,1340
4379099000,s,1340
4386322000,s,1340
4394940000,r,1440
4394941000,r,1440
4394941000,r,1440
4394941000,r,1440
4394942000,r,1440
4394942000,r,1440
4394942000,r,1440
4394943000,r,1440
4395272000,r,1440
4395272000,r,1440
4395273000,r,1440
4395273000,r,1440
4395273000,r,1440
4395274000,r,1440
4395274000,r,1440
4395275000,r,1440
4395376000,r,1440
4395377000,r,1440
4395377000,r,1440
4395377000,r,1440
4395378000,r,1440
4395378000,r,1440
4395378000,r,1440
4395379000,r,1440
4396339000,s,1340
4396918000,s,1340
4397052000,s,1340
4397341000,s,1340
4397406000,s,1340
4397407000,r,1440
4397439000,s,1340
4397408000,r,1440
4397408000,r,1440
4397409000,r,1440
4397826000,s,1340
4398053000,s,1340
4398322000,s,1340
4398502000,s,1340
4398652000,s,1340
4398835000,s,1340
4398995000,s,1340
4399173000,s,1340
4399349000,s,1340
4399473000,s,1340
4399610000,s,1340
4399745000,s,1340
4399914000,s,1340
4400485000,s,1340
4409687000,s,1340
4413639000,r,1440
4413639000,r,1440
4413640000,r,1440
4413640000,r,1440
4413640000,r,1440
4413641000,r,1440
4413641000,r,1440
4413641000,r,1440
4413885000,r,1440
4413886000,r,1440
4413886000,r,1440
4413886000,r,1440
4413887000,r,1440
4413887000,r,1440
4413888000,r,1440
4413888000,r,1440
4413989000,r,1440
4413989000,r,1440
4413989000,r,1440
4413990000,r,1440
4413990000,r,1440
4413991000,r,1440
4413991000,r,1440
4413991000,r,1440
4414140000,r,1440
4414141000,r,1440
4414141000,r,1440
4414141000,r,1440
4414142000,r,1440
4414142000,r,1440
4414143000,r,1440
4414143000,r,1440
4414277000,r,1440
4414362000,r,1440
4414362000,r,1440
4414362000,r,1440
4414363000,r,1440
4414363000,r,1440
4414363000,r,1440
4414593000,s,1340
4415296000,s,1340
4415474000,s,1340
4415522000,s,1340
4415599000,s,1340
4415747000,s,1340
4415746000,r,1440
4415746000,r,1440
4415747000,r,1440
4416071000,s,1340
4416368000,s,1340
4416616000,s,1340
4416866000,s,1340
4417075000,s,1340
4417283000,s,1340
4417324000,r,1440
4417514000,s,1340
4417324000,r,1440
4417325000,r,1440
4417325000,r,1440
4417325000,r,1440
4417739000,s,1340
4417968000,s,1340
4418114000,s,1340
4418359000,s,1340
4418494000,s,1340
4418676000,s,1340
4418843000,s,1340
4418997000,s,1340
4419156000,s,1340
4419298000,s,1340
4419437000,s,1340
4420083000,s,1340
4420667000,s,1340
4420847000,s,1340
4421065000,s,1340
4421257000,s,1340
4421428000,s,1340
4421610000,s,1340
4421774000,s,1340
4421929000,s,1340
4422117000,s,1340
4422453000,s,1340
4422650000,s,1340
4422844000,s,1340
4423028000,s,1340
4423201000,s,1340
4423389000,s,1340
4423844000,s,1340
4424052000,s,1340
4424253000,s,1340
4424441000,s,1340
4424628000,s,1340
4424819000,s,1340
4425012000,s,1340
4425201000,s,1340
4425398000,s,1340
4425584000,s,1340
4425792000,s,1340
4426016000,s,1340
4426353000,s,1340
4426550000,s,1340
4426735000,s,1340
4426925000,s,1340
4427131000,s,1340
4427335000,s,1340
4427535000,s,1340
4427726000,s,1340
4427926000,s,1340
4428141000,s,1340
4428325000,s,1340
4428515000,s,1340
4428713000,s,1340
4428893000,s,1340
4429089000,s,1340
4429290000,s,1340
4429481000,s,1340
4429674000,s,1340
4429860000,s,1340
4430057000,s,1340
4430337000,s,1340
4430526000,s,1340
4430682000,s,1340
4430836000,s,1340
4430986000,s,1340
4431123000,s,1340
4431253000,s,1340
4431402000,s,1340
4431552000,s,1340
4431670000,s,1340
4431975000,s,1340
4432105000,s,1340
4432239000,s,1340
4432582000,s,1340
4432714000,s,1340
4432836000,s,1340
4433001000,s,1340
4433113000,s,1340
4433207000,s,1340
4433580000,s,1340
4433709000,s,1340
4433833000,s,1340
4434080000,s,1340
4434244000,r,1440
4434244000,r,1440
4434244000,r,1440
4434244000,r,1440
4434245000,r,1440
4434245000,r,1440
4434245000,r,1440
4434245000,r,1440
4434363000,s,1340
4434369000,r,1440
4434369000,r,1440
4434370000,r,1440
4434370000,r,1440
4434437000,r,1440
4434438000,r,1440
4434438000,r,1440
4434438000,r,1440
4434438000,r,1440
4434438000,r,1440
4434565000,s,1340
4434723000,s,1340
4434877000,s,1340
4434960000,r,1440
4434960000,r,1440
4434960000,r,1440
4434960000,r,1440
4434960000,r,1440
4434961000,r,1440
4435041000,s,1340
4435209000,s,1340
4435363000,s,1340
4435387000,r,1440
4435387000,r,1440
4435387000,r,1440
4435388000,r,1440
4435388000,r,1440
4435388000,r,1440
4435389000,r,1440
4435533000,s,1340
4435389000,r,1440
4435562000,r,1440
4435687000,s,1340
4435840000,s,1340
4435985000,s,1340
4436141000,s,1340
4436287000,s,1340
4436433000,s,1340
4436571000,s,1340
4436711000,s,1340
4436852000,s,1340
4437002000,s,1340
4437129000,s,1340
4437126000,r,1440
4437126000,r,1440
4437127000,r,1440
4437127000,r,1440
4437127000,r,1440
4437271000,s,1340
4437420000,s,1340
4437569000,s,1340
4437681000,s,1340
4437867000,s,1340
4438033000,s,1340
4438274000,s,1340
4438439000,s,1340
4438583000,s,1340
4438767000,s,1340
4438871000,s,1340
4438961000,s,1340
4448694000,s,1340
4479746000,r,1440
4479746000,r,1440
4479747000,r,1440
4479747000,r,1440
4479747000,r,1440
4479748000,r,1440
4479748000,r,1440
4479748000,r,1440
4480091000,r,1440
4480091000,r,1440
4480091000,r,1440
4480092000,r,1440
4480092000,r,1440
4480092000,r,1440
4480093000,r,1440
4480093000,r,1440
4480226000,r,1440
4480226000,r,1440
4480226000,r,1440
4480227000,r,1440
4480227000,r,1440
4480228000,r,1440
4480228000,r,1440
4480229000,r,1440
4480377000,r,1440
4480377000,r,1440
4480378000,r,1440
4480378000,r,1440
4480379000,r,1440
4480379000,r,1440
4480380000,r,1440
4480380000,r,1440
4480527000,r,1440
4480528000,r,1440
4480528000,r,1440
4480529000,r,1440
4481453000,r,1440
4481454000,r,1440
4481454000,r,1440
4481455000,r,1440
4481455000,r,1440
4482478000,s,1340
4482775000,s,1340
4482994000,s,1340
4483272000,s,1340
4483473000,s,1340
4483962000,s,1340
4484173000,s,1340
4484379000,s,1340
4484570000,s,1340
4484706000,s,1340
4484837000,s,1340
4485025000,s,1340
4485211000,s,1340
4485446000,s,1340
4485639000,s,1340
4485778000,s,1340
4485970000,s,1340
4486105000,s,1340
4486383000,s,1340
4486594000,s,1340
4486790000,s,1340
4486996000,s,1340
4487202000,s,1340
4487348000,s,1340
4487509000,s,1340
4487716000,s,1340
4487869000,s,1340
4488073000,s,1340
4488269000,s,1340
4488459000,s,1340
4488637000,s,1340
4488799000,s,1340
4488943000,s,1340
4489087000,s,1340
4489237000,s,1340
4489414000,s,1340
4489964000,s,1340
4490181000,s,1340
4490445000,s,1340
4490633000,s,1340
4490797000,s,1340
4490975000,s,1340
4497504000,s,1340
4517096000,r,1440
4517097000,r,1440
4517097000,r,1440
4517098000,r,1440
4517098000,r,1440
4517098000,r,1440
4517099000,r,1440
4517099000,r,1440
4517463000,r,1440
4517463000,r,1440
4517464000,r,1440
4517464000,r,1440
4517465000,r,1440
4517465000,r,1440
4517466000,r,1440
4517466000,r,1440
4517612000,r,1440
4517613000,r,1440
4517613000,r,1440
4517614000,r,1440
4517614000,r,1440
4517615000,r,1440
4517615000,r,1440
4517616000,r,1440
4517761000,r,1440
4517762000,r,1440
4517762000,r,1440
4517763000,r,1440
4517763000,r,1440
4517764000,r,1440
4517764000,r,1440
4517765000,r,1440
4517907000,r,1440
4517908000,r,1440
4517908000,r,1440
4517909000,r,1440
4517909000,r,1440
4517910000,r,1440
4517910000,r,1440
4517911000,r,1440
4518042000,r,1440
4518043000,r,1440
4518044000,r,1440
4518044000,r,1440
4518044000,r,1440
4518286000,r,1440
4518286000,r,1440
4518287000,r,1440
4518287000,r,1440
4518288000,r,1440
4518288000,r,1440
4518289000,r,1440
4518289000,r,1440
4518518000,r,1440
4518518000,r,1440
4518519000,r,1440
4518519000,r,1440
4518520000,r,1440
4518520000,r,1440
4518521000,r,1440
4518981000,r,1440
4519004000,s,1340
4518982000,r,1440
4518982000,r,1440
4518983000,r,1440
4518983000,r,1440
4518984000,r,1440
4518984000,r,1440
4518985000,r,1440
4519160000,r,1440
4519160000,r,1440
4519161000,r,1440
4519161000,r,1440
4519389000,s,1340
4519713000,s,1340
4520077000,s,1340
4520311000,s,1340
4520473000,s,1340
4520726000,s,1340
4520905000,s,1340
4521237000,s,1340
4521396000,r,1440
4521396000,r,1440
4521396000,r,1440
4521397000,r,1440
4521397000,r,1440
4521397000,r,1440
4521563000,s,1340
4521890000,s,1340
4522374000,s,1340
4523946000,s,1340
4524251000,s,1340
4524490000,s,1340
4524664000,s,1340
4524854000,s,1340
4525083000,s,1340
4525352000,s,1340
4525628000,s,1340
4526113000,s,1340
4526339000,s,1340
4527266000,s,1340
4527538000,s,1340
4527776000,s,1340
4528020000,s,1340
4528238000,s,1340
4528546000,s,1340
4528833000,s,1340
4529053000,s,1340
4529271000,s,1340
4529537000,s,1340
4529783000,s,1340
4530021000,s,1340
4530327000,s,1340
4530570000,s,1340
4530779000,s,1340
4530981000,s,1340
4531196000,s,1340
4531482000,s,1340
4531774000,s,1340
4532009000,s,1340
4532228000,s,1340
4532449000,s,1340
4532609000,s,1340
4532749000,s,1340
4532892000,s,1340
4533071000,s,1340
4533252000,s,1340
4533442000,s,1340
4533630000,s,1340
4533809000,s,1340
4533956000,s,1340
4534097000,s,1340
4534368000,s,1340
4534596000,s,1340
4534791000,s,1340
4534985000,s,1340
4535205000,s,1340
4535439000,s,1340
4535643000,s,1340
4535839000,s,1340
4536025000,s,1340
4536238000,s,1340
4536421000,s,1340
4536586000,s,1340
4536756000,s,1340
4536929000,s,1340
4537100000,s,1340
4537286000,s,1340
4537460000,s,1340
4537634000,s,1340
4537810000,s,1340
4537931000,s,1340
4538111000,s,1340
4538380000,s,1340
4538586000,s,1340
4538770000,s,1340
4539298000,s,1340
4539522000,s,1340
4539706000,s,1340
4539830000,s,1340
4540007000,s,1340
4540178000,s,1340
4540359000,s,1340
4540561000,s,1340
4540763000,s,1340
4540955000,s,1340
4541161000,s,1340
4541353000,s,1340
4541562000,s,1340
4541752000,s,1340
4541945000,s,1340
4542143000,s,1340
4542538000,s,1340
4542752000,s,1340
4542929000,s,1340
4543107000,s,1340
4543296000,s,1340
4543483000,s,1340
4543684000,s,1340
4543890000,s,1340
4544082000,s,1340
4544278000,s,1340
4544460000,s,1340
4544634000,s,1340
4544815000,s,1340
4544984000,s,1340
4545151000,s,1340
4545333000,s,1340
4545601000,s,1340
4546030000,s,1340
4546338000,s,1340
4546726000,s,1340
4546890000,s,1340
4547040000,s,1340
4547182000,s,1340
4547324000,s,1340
4547457000,s,1340
4547647000,s,1340
4548085000,s,1340
4548273000,s,1340
4548492000,s,1340
4559538000,s,1340
4592300000,r,1440
4592301000,r,1440
4592301000,r,1440
4592302000,r,1440
4592302000,r,1440
4592303000,r,1440
4592303000,r,1440
4592304000,r,1440
4592714000,r,1440
4592714000,r,1440
4592715000,r,1440
4592715000,r,1440
4592716000,r,1440
4592716000,r,1440
4592717000,r,1440
4592717000,r,1440
4592872000,r,1440
4592872000,r,1440
4592873000,r,1440
4592873000,r,1440
4592874000,r,1440
4592874000,r,1440
4592875000,r,1440
4592875000,r,1440
4593019000,r,1440
4593019000,r,1440
4593020000,r,1440
4593020000,r,1440
4593021000,r,1440
4593021000,r,1440
4593022000,r,1440
4593022000,r,1440
4593161000,r,1440
4593161000,r,1440
4593162000,r,1440
4593162000,r,1440
4593163000,r,1440
4593163000,r,1440
4593164000,r,1440
4593164000,r,1440
4593302000,r,1440
4593302000,r,1440
4593303000,r,1440
4593303000,r,1440
4593304000,r,1440
4593304000,r,1440
4593304000,r,1440
4593305000,r,1440
4593447000,r,1440
4593447000,r,1440
4593448000,r,1440
4593448000,r,1440
4593449000,r,1440
4593449000,r,1440
4593450000,r,1440
4593450000,r,1440
4593584000,r,1440
4593585000,r,1440
4593585000,r,1440
4593586000,r,1440
4593586000,r,1440
4593587000,r,1440
4593587000,r,1440
4593588000,r,1440
4593797000,r,1440
4593797000,r,1440
4593798000,r,1440
4593798000,r,1440
4593799000,r,1440
4593799000,r,1440
4593800000,r,1440
4593800000,r,1440
4593954000,r,1440
4593954000,r,1440
4593955000,r,1440
4593955000,r,1440
4593956000,r,1440
4593956000,r,1440
4593957000,r,1440
4597863000,s,1340
4598117000,s,1340
4598386000,s,1340
4599608000,s,1340
4599870000,s,1340
4600242000,s,1340
4600512000,s,1340
4600733000,s,1340
4601077000,s,1340
4601358000,s,1340
4601575000,s,1340
4601997000,s,1340
4602485000,s,1340
4602953000,s,1340
4603245000,s,1340
4603507000,s,1340
4603971000,s,1340
4604281000,s,1340
4604594000,s,1340
4604822000,s,1340
4605306000,s,1340
4605632000,s,1340
4605928000,s,1340
4606306000,s,1340
4606547000,s,1340
4607094000,s,1340
4607445000,s,1340
4607916000,s,1340
4607922000,r,1440
4607923000,r,1440
4607923000,r,1440
4607924000,r,1440
4607924000,r,1440
4607925000,r,1440
4607925000,r,1440
4607926000,r,1440
4608185000,s,1340
4608419000,s,1340
4608669000,s,1340
4608883000,s,1340
4609100000,s,1340
4609322000,s,1340
4609486000,s,1340
4609656000,s,1340
4609896000,s,1340
4611807000,s,1340
4612110000,s,1340
4612310000,s,1340
4621502000,s,1340
4639809000,r,1440
4639809000,r,1440
4639810000,r,1440
4639810000,r,1440
4639811000,r,1440
4639811000,r,1440
4639812000,r,1440
4639812000,r,1440
4640254000,r,1440
4640254000,r,1440
4640255000,r,1440
4640255000,r,1440
4640256000,r,1440
4640256000,r,1440
4640256000,r,1440
4640257000,r,1440
4640422000,r,1440
4640422000,r,1440
4640423000,r,1440
4640423000,r,1440
4640424000,r,1440
4640424000,r,1440
4640425000,r,1440
4640425000,r,1440
4640570000,r,1440
4640571000,r,1440
4640571000,r,1440
4640830000,r,1440
4640830000,r,1440
4640830000,r,1440
4640831000,r,1440
4644164000,s,1340
4644908000,s,1340
4645222000,s,1340
4645488000,s,1340
4645672000,s,1340
4645850000,s,1340
4646115000,s,1340
4646553000,s,1340
4646847000,s,1340
4647111000,s,1340
4647332000,s,1340
4647542000,s,1340
4647809000,s,1340
4648026000,s,1340
4648310000,s,1340
4648562000,s,1340
4648838000,s,1340
4649089000,s,1340
4649326000,s,1340
4649560000,s,1340
4649828000,s,1340
4650085000,s,1340
4650481000,s,1340
4650743000,s,1340
4651028000,s,1340
4651288000,s,1340
4651535000,s,1340
4651767000,s,1340
4652017000,s,1340
4652263000,s,1340
4652511000,s,1340
4652800000,s,1340
4653099000,s,1340
4653368000,s,1340
4653624000,s,1340
4653889000,s,1340
4654169000,s,1340
4654537000,s,1340
4654738000,s,1340
4654923000,s,1340
4655118000,s,1340
4655317000,s,1340
4655518000,s,1340
4655702000,s,1340
4655897000,s,1340
4656264000,s,1340
4656801000,s,1340
4657015000,s,1340
4657223000,s,1340
4657423000,s,1340
4657748000,s,1340
4657925000,s,1340
4658125000,s,1340
4658126000,r,1440
4658127000,r,1440
4658127000,r,1440
4658128000,r,1440
4658128000,r,1440
4658129000,r,1440
4658129000,r,1440
4658130000,r,1440
4658535000,r,1440
4658536000,r,1440
4658536000,r,1440
4658537000,r,1440
4658537000,r,1440
4658538000,r,1440
4658538000,r,1440
4658539000,r,1440
4658685000,r,1440
4658685000,r,1440
4658686000,r,1440
4658686000,r,1440
4658687000,r,1440
4658687000,r,1440
4658688000,r,1440
4658688000,r,1440
4658827000,r,1440
4658827000,r,1440
4658828000,r,1440
4658828000,r,1440
4658829000,r,1440
4658829000,r,1440
4659014000,r,1440
4659014000,r,1440
4659015000,r,1440
4659015000,r,1440
4659016000,r,1440
4659016000,r,1440
4659017000,r,1440
4659017000,r,1440
4659160000,r,1440
4659161000,r,1440
4659161000,r,1440
4659162000,r,1440
4659448000,s,1340
4659697000,s,1340
4659959000,r,1440
4659960000,r,1440
4659960000,r,1440
4660222000,s,1340
4659961000,r,1440
4659961000,r,1440
4659962000,r,1440
4659962000,r,1440
4659963000,r,1440
4660397000,r,1440
4660457000,s,1340
4660685000,s,1340
4660882000,s,1340
4661087000,s,1340
4661207000,r,1440
4661208000,r,1440
4661208000,r,1440
4661209000,r,1440
4661209000,r,1440
4661299000,s,1340
4661210000,r,1440
4661496000,s,1340
4661715000,s,1340
4661945000,s,1340
4662163000,s,1340
4662481000,s,1340
4662699000,s,1340
4662935000,s,1340
4663263000,s,1340
4664839000,s,1340
4665073000,s,1340
4665283000,s,1340
4665479000,s,1340
4665665000,s,1340
4665869000,s,1340
4666066000,s,1340
4666328000,s,1340
4666541000,s,1340
4666633000,r,1440
4666633000,r,1440
4666754000,s,1340
4666967000,s,1340
4667176000,s,1340
4667380000,s,1340
4667590000,s,1340
4667814000,s,1340
4668156000,s,1340
4668520000,s,1340
4668741000,s,1340
4668934000,s,1340
4669096000,s,1340
4669423000,s,1340
4669715000,s,1340
4669961000,s,1340
4670191000,s,1340
4670480000,s,1340
4670700000,s,1340
4670911000,s,1340
4671107000,s,1340
4671284000,s,1340
4671485000,s,1340
4671682000,s,1340
4671893000,s,1340
4672063000,s,1340
4672266000,s,1340
4672494000,s,1340
4672703000,s,1340
4672913000,s,1340
4673135000,s,1340
4673390000,s,1340
4673627000,s,1340
4673830000,s,1340
4674064000,s,1340
4674350000,s,1340
4674562000,s,1340
4674767000,s,1340
4674960000,s,1340
4675176000,s,1340
4675369000,s,1340
4675568000,s,1340
4675776000,s,1340
4675987000,s,1340
4676199000,s,1340
4676393000,s,1340
4676578000,s,1340
4676764000,s,1340
4684294000,s,1340
4685942000,r,1440
4685942000,r,1440
4687596000,s,1340
4709382000,r,1440
4709383000,r,1440
4709383000,r,1440
4709384000,r,1440
4709384000,r,1440
4709385000,r,1440
4709385000,r,1440
4709386000,r,1440
4709834000,r,1440
4709835000,r,1440
4709835000,r,1440
4709836000,r,1440
4709836000,r,1440
4709836000,r,1440
4709837000,r,1440
4709837000,r,1440
4710087000,r,1440
4710088000,r,1440
4710088000,r,1440
4710089000,r,1440
4710089000,r,1440
4710090000,r,1440
4710090000,r,1440
4710091000,r,1440
4710328000,r,1440
4710328000,r,1440
4710329000,r,1440
4710329000,r,1440
4710330000,r,1440
4710330000,r,1440
4710331000,r,1440
4710331000,r,1440
4710484000,r,1440
4710485000,r,1440
4710485000,r,1440
4710486000,r,1440
4710486000,r,1440
4710487000,r,1440
4710487000,r,1440
4710488000,r,1440
4710632000,r,1440
4710633000,r,1440
4710633000,r,1440
4710633000,r,1440
4710634000,r,1440
4710634000,r,1440
4710635000,r,1440
4710635000,r,1440
4710775000,r,1440
4710775000,r,1440
4710776000,r,1440
4710776000,r,1440
4710777000,r,1440
4710777000,r,1440
4710778000,r,1440
4710778000,r,1440
4710916000,r,1440
4710916000,r,1440
4710917000,r,1440
4710917000,r,1440
4710918000,r,1440
4710918000,r,1440
4710919000,r,1440
4710919000,r,1440
4711115000,r,1440
4711115000,r,1440
4711116000,r,1440
4711116000,r,1440
4711117000,r,1440
4711117000,r,1440
4711118000,r,1440
4711118000,r,1440
4711254000,r,1440
4711255000,r,1440
4711255000,r,1440
4711256000,r,1440
4711703000,s,1340
4712278000,s,1340
4712718000,s,1340
4713113000,s,1340
4713552000,s,1340
4713708000,s,1340
4714146000,s,1340
4714390000,s,1340
4714784000,s,1340
4715025000,s,1340
4715283000,s,1340
4715402000,s,1340
4715903000,s,1340
4716046000,s,1340
4716356000,s,1340
4716575000,s,1340
4716748000,s,1340
4716923000,s,1340
4717092000,s,1340
4717529000,s,1340
4717796000,s,1340
4718040000,s,1340
4718380000,s,1340
4718656000,s,1340
4718843000,s,1340
4719244000,s,1340
4719491000,s,1340
4719690000,s,1340
4720060000,s,1340
4720286000,s,1340
4720582000,s,1340
4720921000,s,1340
4721253000,s,1340
4721480000,s,1340
4721803000,s,1340
4722288000,s,1340
4722552000,s,1340
4722749000,s,1340
4723106000,s,1340
4723317000,s,1340
4724037000,s,1340
4737649000,s,1340
4738548000,s,1340
4739227000,s,1340
4739804000,s,1340
4740816000,s,1340
4741174000,s,1340
4741532000,s,1340
4742580000,s,1340
4743117000,s,1340
4744190000,s,1340
4744411000,s,1340
4744586000,s,1340
4744700000,s,1340
4744858000,s,1340
4745012000,s,1340
4745183000,s,1340
4745336000,s,1340
4745521000,s,1340
4745990000,s,1340
4746391000,s,1340
4746882000,s,1340
4747176000,s,1340
4747390000,s,1340
4747691000,s,1340
4748308000,s,1340
4748409000,r,1440
4748521000,s,1340
4748409000,r,1440
4748410000,r,1440
4748410000,r,1440
4748411000,r,1440
4748411000,r,1440
4748412000,r,1440
4748412000,r,1440
4748882000,r,1440
4748882000,r,1440
4748883000,r,1440
4748883000,r,1440
4748884000,r,1440
4748884000,r,1440
4748885000,r,1440
4748885000,r,1440
4749042000,r,1440
4749042000,r,1440
4749043000,r,1440
4749043000,r,1440
4749044000,r,1440
4753122000,s,1340
4753438000,s,1340
4753668000,s,1340
4753898000,s,1340
4754093000,s,1340
4754368000,s,1340
4754565000,s,1340
4754740000,s,1340
4754938000,s,1340
4755064000,s,1340
4755251000,s,1340
4755471000,s,1340
4755683000,s,1340
4755893000,s,1340
4756090000,s,1340
4756285000,s,1340
4756488000,s,1340
4756683000,s,1340
4756873000,s,1340
4757085000,s,1340
4757240000,s,1340
4757391000,s,1340
4757597000,s,1340
4757753000,s,1340
4757946000,s,1340
4758136000,s,1340
4758423000,s,1340
4758628000,s,1340
4758810000,s,1340
4758955000,s,1340
4759159000,s,1340
4759367000,s,1340
4759559000,s,1340
4759734000,s,1340
4759927000,s,1340
4760194000,s,1340
4760403000,s,1340
4760597000,s,1340
4760796000,s,1340
4760991000,s,1340
4761185000,s,1340
4761425000,s,1340
4761623000,s,1340
4761831000,s,1340
4762024000,s,1340
4762298000,s,1340
4762489000,s,1340
4762698000,s,1340
4762907000,s,1340
4763102000,s,1340
4763297000,s,1340
4763502000,s,1340
4763700000,s,1340
4763901000,s,1340
4764091000,s,1340
4764289000,s,1340
4764490000,s,1340
4764698000,s,1340
4764897000,s,1340
4765113000,s,1340
4765311000,s,1340
4765517000,s,1340
4765714000,s,1340
4765904000,s,1340
4766104000,s,1340
4766345000,r,1440
4766412000,s,1340
4766346000,r,1440
4766346000,r,1440
4766347000,r,1440
4766347000,r,1440
4766348000,r,1440
4766348000,r,1440
4766349000,r,1440
4766787000,r,1440
4767572000,s,1340
4767823000,s,1340
4768039000,s,1340
4768122000,r,1440
4768123000,r,1440
4768123000,r,1440
4768124000,r,1440
4768631000,s,1340
4769057000,s,1340
4770335000,s,1340
4770872000,s,1340
4771100000,s,1340
4771312000,s,1340
4771508000,s,1340
4771707000,s,1340
4781085000,s,1340
6758323000,r,1440
6758323000,r,1440
6758324000,r,1440
6758324000,r,1440
6758325000,r,1440
6758325000,r,1440
6758326000,r,1440
6758326000,r,1440
6759102000,r,1440
6759102000,r,1440
6759103000,r,1440
6759103000,r,1440
6759104000,r,1440
6759104000,r,1440
6759105000,r,1440
6759105000,r,1440
6762474000,s,1340
6762894000,s,1340
6763069000,s,1340
6763216000,s,1340
6763437000,s,1340
6763582000,s,1340
6763725000,s,1340
6763871000,s,1340
6764020000,s,1340
6764149000,s,1340
6764270000,s,1340
6764487000,s,1340
6764687000,s,1340
6764825000,s,1340
6764958000,s,1340
6765164000,s,1340
6765421000,s,1340
6765698000,s,1340
6774257000,r,1440
6774257000,r,1440
6774257000,r,1440
6774257000,r,1440
6774258000,r,1440
6776597000,r,1440
6776597000,r,1440
6776597000,r,1440
6776597000,r,1440
6776597000,r,1440
6776598000,r,1440
6776598000,r,1440
6776598000,r,1440
6776671000,r,1440
6776672000,r,1440
6776672000,r,1440
6776672000,r,1440
6776672000,r,1440
6776673000,r,1440
6776673000,r,1440
6776673000,r,1440
6776741000,r,1440
6777075000,r,1440
6777269000,s,1340
6778958000,r,1440
6778958000,r,1440
6780021000,r,1440
6783341000,s,1340
6783593000,s,1340
6783748000,s,1340
6783954000,s,1340
6785136000,s,1340
6785596000,s,1340
6785986000,s,1340
6786458000,s,1340
6786758000,s,1340
6787076000,s,1340
6787371000,s,1340
6787659000,s,1340
6789051000,s,1340
6789587000,s,1340
6789878000,s,1340
6790079000,s,1340
6790633000,s,1340
6791025000,s,1340
6791278000,s,1340
6791568000,s,1340
6791830000,s,1340
6792049000,s,1340
6792243000,s,1340
6792437000,s,1340
6792697000,s,1340
6792981000,s,1340
6793218000,r,1440
6793261000,s,1340
6793557000,s,1340
6793829000,s,1340
6794133000,s,1340
6794524000,s,1340
6794814000,s,1340
6795093000,s,1340
6795614000,s,1340
6795926000,s,1340
6796234000,s,1340
6796523000,s,1340
6796826000,s,1340
6797134000,s,1340
6797412000,s,1340
6797725000,s,1340
6797970000,r,1440
6798046000,s,1340
6797971000,r,1440
6797971000,r,1440
6797971000,r,1440
6797972000,r,1440
6797972000,r,1440
6797973000,r,1440
6798454000,s,1340
6798761000,s,1340
6799070000,s,1340
6799244000,r,1440
6799245000,r,1440
6799245000,r,1440
6799245000,r,1440
6799246000,r,1440
6799246000,r,1440
6799247000,r,1440
6799368000,s,1340
6799247000,r,1440
6799420000,r,1440
6799421000,r,1440
6799421000,r,1440
6799422000,r,1440
6799658000,s,1340
6799943000,s,1340
6800282000,s,1340
6800573000,s,1340
6800582000,r,1440
6800875000,s,1340
6801172000,r,1440
6801186000,s,1340
6801172000,r,1440
6801173000,r,1440
6801478000,s,1340
6801770000,s,1340
6802044000,s,1340
6802557000,r,1440
6802558000,r,1440
6802558000,r,1440
6802558000,r,1440
6802559000,r,1440
6802638000,s,1340
6802692000,s,1340
6802721000,r,1440
6802770000,s,1340
6802874000,s,1340
6803076000,s,1340
6803346000,s,1340
6803607000,s,1340
6803876000,s,1340
6804158000,s,1340
6804432000,s,1340
6804436000,r,1440
6804437000,r,1440
6804714000,s,1340
6804976000,s,1340
6805262000,s,1340
6805584000,s,1340
6805870000,s,1340
6806138000,s,1340
6807783000,s,1340
6808091000,s,1340
6808219000,r,1440
6808380000,s,1340
6808684000,s,1340
6808969000,s,1340
6809259000,s,1340
6809565000,s,1340
6810547000,r,1440
6810547000,r,1440
6810548000,r,1440
6810548000,r,1440
6810548000,r,1440
6811931000,s,1340
6812173000,s,1340
6812391000,s,1340
6812577000,s,1340
6812774000,s,1340
6812960000,r,1440
6813150000,s,1340
6813434000,s,1340
6813708000,s,1340
6813995000,s,1340
6814101000,r,1440
6814352000,s,1340
6814374000,r,1440
6814635000,s,1340
6814896000,s,1340
6815180000,s,1340
6815455000,s,1340
6815708000,s,1340
6816306000,s,1340
6816687000,s,1340
6816699000,r,1440
6816899000,s,1340
6817129000,s,1340
6817367000,s,1340
6817649000,s,1340
6817903000,s,1340
6818175000,s,1340
6818262000,r,1440
6818579000,s,1340
6818869000,s,1340
6819169000,s,1340
6819475000,s,1340
6819763000,s,1340
6820042000,s,1340
6820339000,s,1340
6820612000,s,1340
6820888000,s,1340
6821155000,s,1340
6821290000,r,1440
6821291000,r,1440
6821438000,s,1340
6821732000,s,1340
6822027000,s,1340
6822454000,s,1340
6822781000,s,1340
6823211000,s,1340
6823507000,s,1340
6823799000,s,1340
6824053000,s,1340
6824325000,s,1340
6824613000,s,1340
6824924000,s,1340
6825297000,s,1340
6825803000,s,1340
6826099000,s,1340
6826235000,r,1440
6826236000,r,1440
6826236000,r,1440
6826458000,s,1340
6826751000,s,1340
6826941000,r,1440
6827011000,r,1440
6827060000,s,1340
6827351000,s,1340
6827621000,s,1340
6827853000,s,1340
6828057000,s,1340
6828238000,s,1340
6828437000,s,1340
6828566000,r,1440
6828629000,s,1340
6828914000,s,1340
6829199000,s,1340
6829458000,s,1340
6829671000,s,1340
6829881000,s,1340
6830068000,s,1340
6830250000,r,1440
6830361000,s,1340
6830567000,s,1340
6830775000,s,1340
6830963000,s,1340
6831343000,s,1340
6831599000,s,1340
6831864000,s,1340
6831978000,r,1440
6832128000,s,1340
6832387000,s,1340
6832580000,s,1340
6833625000,s,1340
6833986000,r,1440
6833987000,r,1440
6835317000,s,1340
6838066000,s,1340
9058719000,r,1440
9058720000,r,1440
9058720000,r,1440
9058721000,r,1440
9058721000,r,1440
9058722000,r,1440
9058722000,r,1440
9063151000,s,1340
9063577000,s,1340
9063786000,s,1340
9064050000,s,1340
9078322000,r,1440
9078670000,r,1440
9107581000,s,1340
14080519000,s,1340
14120521000,s,1340
14120972000,s,1340
14121163000,s,176
14142656000,r,120
14151782000,s,1340
16022680000,r,1440
16275955000,s,1340
16791292000,r,1440
16791293000,r,1440
16791293000,r,1440
16791294000,r,1440
16791294000,r,1440
16791295000,r,1440
16791295000,r,1440
16791296000,r,1440
16792024000,r,1440
16792025000,r,1440
16796560000,s,1340
16796939000,s,1340
16797128000,s,1340
16799651000,s,1340
16802315000,r,1440
16802316000,r,1440
16804304000,s,1340
16804490000,r,1440
16804655000,s,1340
16804882000,s,1340
16805110000,r,1440
16805137000,s,1340
16805380000,s,1340
16805956000,r,1440
16806503000,s,1340
16806810000,s,1340
16807007000,s,1340
16810317000,r,1440
16812964000,r,1440
16812965000,r,1440
16814040000,r,1440
16814041000,r,1440
16814538000,s,1340
16815118000,s,1340
16816821000,s,1340
16818253000,r,1440
16819448000,s,1340
21476811000,s,1340
21515667000,s,1340
21516109000,s,1340
22140276000,s,1340
22180522000,s,1340
22180954000,s,1340
22200645000,r,1440
22200645000,r,1440
22201213000,r,1440
22202857000,s,1340
22212771000,s,1340
22213439000,s,1340
22213768000,s,1340
22214453000,s,1340
22214747000,s,1340
22215689000,s,1340
22216024000,s,1340
22216329000,s,1340
22216617000,s,1340
22216893000,s,1340
22217174000,s,1340
22217464000,s,1340
22217753000,s,1340
22218049000,s,1340
22218420000,s,1340
22218697000,s,1340
22218954000,s,1340
22219221000,s,1340
22219508000,s,1340
22219774000,s,1340
22220014000,s,1340
22220243000,s,1340
22220515000,s,1340
22220793000,s,1340
22221076000,s,1340
22221350000,s,1340
22221646000,s,1340
22221924000,s,1340
22222302000,s,1340
22222599000,s,1340
22222903000,s,1340
22223193000,s,1340
22223668000,s,1340
22223993000,s,1340
22224283000,s,1340
22224569000,s,1340
22224865000,s,1340
22225137000,s,1340
22225428000,s,1340
22225705000,s,1340
22226003000,s,1340
22226427000,s,1340
22226710000,s,1340
22227017000,s,1340
22227331000,s,1340
22227898000,s,1340
22228209000,s,1340
22228474000,s,1340
22228750000,s,1340
22229038000,s,1340
22229310000,s,1340
22229541000,s,1340
22229767000,s,1340
22230027000,s,1340
22230550000,s,1340
22230827000,s,1340
22231083000,s,1340
22231358000,s,1340
22231611000,s,1340
22231848000,s,1340
22232075000,s,1340
22232341000,s,1340
22232598000,s,1340
22232863000,s,1340
22233109000,s,1340
22233376000,s,1340
22234113000,s,1340
22234476000,s,1340
22234746000,s,1340
22234999000,s,1340
22235268000,s,1340
22235535000,s,1340
22235780000,s,1340
22236006000,s,1340
22239606000,s,1340
25862119000,s,1340