0,s,1340
38157000,s,1340
39361000,s,1340
4214997000,s,1340
4268074000,s,1340
4268532000,s,1340
4268639000,s,176
4268695000,s,1340
4268715000,s,1340
4282804000,s,1340
4283007000,s,1340
4288443000,r,1440
4288443000,r,120
4289201000,r,1440
4290679000,s,1340
4318125000,r,1440
4318125000,r,1440
4319722000,s,1340
4319932000,s,1340
4320350000,s,1340
4320520000,s,1340
4320686000,s,1340
4321045000,s,1340
4321198000,s,1340
4321332000,s,1340
4321805000,s,1340
4321934000,s,1340
4322406000,s,1340
4322568000,s,1340
4322622000,s,1340
4322683000,s,1340
4322719000,s,1340
4323706000,s,1340
4323792000,s,1340
4323866000,s,1340
4323900000,s,1340
4324600000,s,1340
4324829000,r,1440
4324889000,s,1340
4325069000,s,1340
4325279000,s,1340
4325416000,s,1340
4325514000,s,1340
4325609000,s,1340
4326040000,s,1340
4326313000,s,1340
4326504000,s,1340
4326645000,s,1340
4326922000,s,1340
4327154000,r,1440
4327252000,s,1340
4327423000,s,1340
4327613000,s,1340
4327753000,s,1340
4328016000,s,1340
4328250000,s,1340
4328346000,s,1340
4328415000,s,1340
4328456000,s,1340
4328876000,s,1340
4328964000,r,1440
4329182000,s,1340
4329370000,s,1340
4329540000,s,1340
4329740000,s,1340
4329893000,s,1340
4330084000,s,1340
4330301000,s,1340
4330960000,s,1340
4331100000,s,1340
4331364000,s,1340
4331522000,s,1340
4331647000,s,1340
4331776000,s,1340
4332111000,s,1340
4332302000,s,1340
4332678000,s,1340
4332836000,s,1340
4332988000,s,1340
4333181000,s,1340
4333525000,s,1340
4333687000,s,1340
4333839000,s,1340
4333990000,s,1340
4334434000,s,1340
4334616000,s,1340
4334758000,s,1340
4335001000,s,1340
4335159000,s,1340
4335309000,s,1340
4335703000,s,1340
4335879000,s,1340
4336033000,s,1340
4336184000,s,1340
4336356000,s,1340
4336710000,s,1340
4336876000,s,1340
4337735000,s,1340
4337869000,s,1340
4337933000,s,1340
4337971000,s,1340
4338005000,s,1340
4341849000,s,1340
4341992000,s,1340
4342303000,s,1340
4342421000,s,1340
4342647000,s,1340
4342741000,s,1340
4342805000,s,1340
4343332000,s,1340
4343458000,s,1340
4343652000,s,1340
4343895000,s,1340
4344046000,s,1340
4344248000,s,1340
4344296000,s,1340
4344578000,s,1340
4344713000,s,1340
4344862000,s,1340
4344983000,s,1340
4345097000,s,1340
4345381000,s,1340
4345519000,s,1340
4345646000,s,1340
4345978000,s,1340
4346105000,s,1340
4346274000,s,1340
4346343000,r,1440
4346405000,s,1340
4346538000,s,1340
4346672000,s,1340
4346800000,s,1340
4347287000,s,1340
4347425000,s,1340
4347548000,s,1340
4351829000,r,1440
4351829000,r,1440
4351829000,r,1440
4352928000,s,1340
4353180000,s,1340
4353516000,s,1340
4353720000,s,1340
4353881000,s,1340
4354035000,s,1340
4354172000,s,1340
4354479000,s,1340
4354654000,s,1340
4354804000,s,1340
4354972000,s,1340
4355134000,s,1340
4355252000,s,1340
4355362000,s,1340
4355518000,s,1340
4355663000,s,1340
4355813000,s,1340
4356068000,s,1340
4356252000,s,1340
4356381000,s,1340
4356532000,s,1340
4356681000,s,1340
4356824000,s,1340
4356943000,s,1340
4357059000,s,1340
4357871000,s,1340
4358335000,s,1340
4358501000,s,1340
4358652000,s,1340
4358868000,s,1340
4359571000,s,1340
4359735000,s,1340
4359990000,s,1340
4360152000,s,1340
4360498000,s,1340
4360674000,s,1340
4360829000,s,1340
4360984000,s,1340
4361136000,s,1340
4361280000,s,1340
4361388000,r,1440
4361621000,s,1340
4361802000,s,1340
4361955000,s,1340
4366562000,r,1440
4367702000,s,1340
4367889000,s,1340
4368059000,s,1340
4368215000,s,1340
4368381000,s,1340
4368547000,s,1340
4368689000,s,1340
4368823000,s,1340
4368962000,s,1340
4369107000,s,1340
4369267000,s,1340
4369418000,s,1340
4369560000,s,1340
4369708000,s,1340
4369845000,s,1340
4369873000,r,1440
4369995000,s,1340
4369873000,r,1440
4370142000,s,1340
4370427000,s,1340
4370595000,s,1340
4370753000,s,1340
4370914000,s,1340
4371067000,s,1340
4371209000,s,1340
4371371000,s,1340
4371489000,s,1340
4371605000,s,1340
4371713000,s,1340
4371818000,s,1340
4371959000,r,1440
4371975000,s,1340
4372123000,s,1340
4372284000,s,1340
4372447000,s,1340
4372600000,s,1340
4372743000,s,1340
4372890000,s,1340
4373028000,s,1340
4373393000,s,1340
4373483000,s,1340
4373930000,s,1340
4374112000,s,1340
4374394000,s,1340
4374542000,s,1340
4374977000,s,1340
4375157000,s,1340
4375322000,s,1340
4375485000,s,1340
4375685000,s,1340
4375802000,s,1340
4376231000,s,1340
4376283000,s,1340
4376530000,s,1340
4376739000,s,1340
4377199000,s,1340
4377313000,s,1340
4377368000,s,1340
4377412000,s,1340
4377557000,s,1340
4377785000,s,1340
4378207000,s,1340
4378632000,s,1340
4378686000,s,1340
4379034000,s,1340
4379345000,s,1340
4379569000,s,1340
4379839000,s,1340
4380076000,s,1340
4380621000,s,1340
4380878000,s,1340
4381055000,s,1340
4381279000,s,1340
4381540000,s,1340
4382155000,s,1340
4382556000,s,1340
4382777000,s,1340
4382977000,s,1340
4383152000,s,1340
4383336000,s,1340
4383556000,s,1340
4383882000,s,1340
4384006000,s,1340
4384061000,s,1340
4384353000,s,1340
4384545000,s,1340
4384687000,s,1340
4384861000,s,1340
4385070000,s,1340
4385221000,s,1340
4385359000,s,1340
4385510000,s,1340
4387474000,r,1440
4388489000,s,1340
4388671000,s,1340
4388774000,s,1340
4388861000,s,1340
4389071000,r,1440
4389072000,r,1440
4389156000,s,1340
4389288000,s,1340
4389568000,s,1340
4389842000,s,1340
4389986000,s,1340
4390101000,s,1340
4390366000,s,1340
4390496000,s,1340
4390657000,s,1340
4390800000,s,1340
4390960000,s,1340
4391111000,s,1340
4391157000,r,1440
4391157000,r,1440
4391157000,r,1440
4391252000,s,1340
4391385000,r,1440
4391407000,s,1340
4391563000,s,1340
4391874000,s,1340
4392064000,s,1340
4392323000,s,1340
4392504000,s,1340
4392669000,s,1340
4394645000,r,1440
4394645000,r,1440
4394646000,r,1440
4395610000,s,1340
4402924000,s,1340
4416490000,r,1440
4416490000,r,1440
4418148000,s,1340
4418607000,s,1340
4418840000,s,1340
4419037000,s,1340
4419244000,s,1340
4419311000,r,1440
4419447000,s,1340
4419951000,s,1340
4420206000,s,1340
4420411000,s,1340
4420621000,s,1340
4420829000,s,1340
4421193000,s,1340
4421406000,r,1440
4421681000,s,1340
4421834000,s,1340
4421935000,s,1340
4422689000,s,1340
4422922000,s,1340
4423153000,s,1340
4423352000,s,1340
4423545000,s,1340
4423687000,s,1340
4423787000,s,1340
4424013000,s,1340
4424091000,s,1340
4424179000,s,1340
4424382000,s,1340
4424739000,s,1340
4425018000,s,1340
4425082000,s,1340
4425321000,s,1340
4425559000,s,1340
4425801000,s,1340
4426038000,s,1340
4426515000,s,1340
4426789000,s,1340
4427041000,s,1340
4427890000,s,1340
4427980000,s,1340
4428036000,s,1340
4428093000,s,1340
4428350000,s,1340
4428619000,s,1340
4428891000,s,1340
4428982000,s,1340
4429040000,s,1340
4429708000,s,1340
4429946000,s,1340
4430285000,s,1340
4430484000,s,1340
4430677000,s,1340
4431554000,s,1340
4431598000,s,1340
4431662000,s,1340
4431797000,s,1340
4433326000,s,1340
4434057000,s,1340
4434113000,s,1340
4434155000,s,1340
4434183000,s,1340
4434206000,s,1340
4434462000,s,1340
4444963000,s,1340
4445141000,s,1340
4445530000,s,1340
4445733000,s,1340
4446080000,s,1340
4446311000,s,1340
4446481000,s,1340
4446620000,s,1340
4446762000,s,1340
4446972000,s,1340
4447131000,s,1340
4447275000,s,1340
4447417000,s,1340
4447561000,s,1340
4447702000,s,1340
4447844000,s,1340
4448368000,s,1340
4448528000,s,1340
4448663000,s,1340
4448800000,s,1340
4448889000,s,1340
4449010000,s,1340
4449134000,s,1340
4449525000,s,1340
4449684000,s,1340
4449817000,s,1340
4449942000,s,1340
4450071000,s,1340
4450202000,s,1340
4450596000,s,1340
4450850000,s,1340
4451010000,s,1340
4451165000,s,1340
4451638000,s,1340
4451997000,s,1340
4452208000,s,1340
4452399000,s,1340
4452592000,s,1340
4452840000,s,1340
4453199000,s,1340
4453408000,s,1340
4453602000,s,1340
4453804000,s,1340
4454100000,s,1340
4454403000,s,1340
4454608000,s,1340
4454788000,s,1340
4454976000,s,1340
4455142000,s,1340
4455331000,s,1340
4455528000,s,1340
4455678000,s,1340
4455860000,s,1340
4456035000,s,1340
4456239000,s,1340
4456430000,s,1340
4456613000,s,1340
4456800000,s,1340
4456989000,s,1340
4457172000,s,1340
4457375000,s,1340
4457557000,s,1340
4457753000,s,1340
4457945000,s,1340
4458132000,s,1340
4458426000,s,1340
4458630000,s,1340
4458821000,s,1340
4459124000,s,1340
4459684000,s,1340
4459751000,s,1340
4469690000,s,1340
4469805000,s,1340
4469861000,s,1340
4470214000,s,1340
4470514000,s,1340
4471019000,s,1340
4471278000,s,1340
4471626000,s,1340
4471996000,s,1340
4472143000,s,1340
4472563000,s,1340
4472773000,s,1340
4472903000,s,1340
4473057000,s,1340
4473232000,s,1340
4473395000,s,1340
4473798000,s,1340
4474040000,s,1340
4474298000,s,1340
4474861000,s,1340
4475063000,s,1340
4475413000,s,1340
4475707000,s,1340
4475768000,s,1340
4475817000,s,1340
4476094000,s,1340
4476314000,s,1340
4476523000,s,1340
4476731000,s,1340
4476919000,s,1340
4477104000,s,1340
4477290000,s,1340
4477474000,s,1340
4477678000,s,1340
4477935000,s,1340
4478179000,s,1340
4478453000,s,1340
4478670000,s,1340
4478858000,s,1340
4479047000,s,1340
4479250000,s,1340
4479437000,s,1340
4479640000,s,1340
4479786000,s,1340
4479929000,s,1340
4480134000,s,1340
4480328000,s,1340
4480500000,s,1340
4480622000,s,1340
4480815000,s,1340
4481200000,s,1340
4481417000,s,1340
4481689000,s,1340
4481913000,s,1340
4482137000,s,1340
4482436000,s,1340
4482644000,s,1340
4482800000,s,1340
4482957000,s,1340
4483123000,s,1340
4483269000,s,1340
4483408000,s,1340
4483547000,s,1340
4483711000,s,1340
4484074000,s,1340
4484243000,s,1340
4484366000,s,1340
4484811000,s,1340
4484981000,s,1340
4485430000,s,1340
4485595000,s,1340
4485731000,s,1340
4485865000,s,1340
4486064000,s,1340
4486336000,s,1340
4486622000,s,1340
4486783000,s,1340
4486903000,s,1340
4487308000,s,1340
4487597000,s,1340
4487778000,s,1340
4488166000,s,1340
4488404000,s,1340
4488477000,s,1340
4488638000,s,1340
4488766000,s,1340
4495111000,s,1340
4505095000,r,1440
4505111000,s,1340
4505096000,r,1440
4505443000,s,1340
4505639000,s,1340
4505842000,s,1340
4506110000,s,1340
4508184000,r,1440
4508184000,r,1440
4508185000,r,1440
4509609000,r,1440
4509763000,s,1340
4510022000,s,1340
4517551000,s,1340
4689845000,r,1440
4689846000,r,1440
4689846000,r,1440
4689847000,r,1440
4694780000,s,1340
4695134000,s,1340
4699886000,s,1340
4704159000,s,1340
4704498000,s,1340
4705792000,r,1440
4705792000,r,1440
4708340000,r,1440
4709844000,s,1340
4716886000,r,1440
4716886000,r,1440
4719515000,s,1340
4728094000,s,1340
4728401000,s,1340
4740996000,r,1440
4740996000,r,1440
4740997000,r,1440
4745014000,s,1340
4746707000,r,1440
4746708000,r,1440
4748698000,s,1340
4749508000,s,1340
4752169000,s,1340
4752871000,s,1340
4755272000,s,1340
4762383000,r,1440
4764960000,r,1440
4764960000,r,1440
4764961000,r,1440
4764961000,r,1440
4766757000,s,1340
4767081000,s,1340
4767282000,s,1340
4767483000,s,1340
4768305000,s,1340
4768508000,s,1340
4769140000,s,1340
4770693000,r,1440
4771427000,s,1340
4773076000,s,1340
4774862000,s,1340
4776431000,s,1340
4778062000,s,1340
4778367000,r,1440
4779260000,s,1340
4779544000,s,1340
4779802000,s,1340
4780053000,s,1340
4780317000,s,1340
4780719000,s,1340
4780976000,s,1340
4781220000,s,1340
4781484000,s,1340
4781724000,s,1340
4782334000,s,1340
4786387000,r,1440
4788081000,s,1340
4790338000,r,1440
5336651000,r,1440
5336651000,r,1440
5336651000,r,1440
5336652000,r,1440
5336652000,r,1440
5336652000,r,1440
5336652000,r,1440
5336653000,r,1440
5336962000,r,1440
5338303000,r,1440
5338303000,r,1440
5338303000,r,1440
5338303000,r,1440
5338304000,r,1440
5338304000,r,1440
5339059000,s,1340
5339430000,s,1340
5339635000,s,1340
5339825000,s,1340
5340194000,s,1340
5340406000,s,1340
5340934000,s,1340
5341305000,s,1340
5341515000,s,1340
5341684000,s,1340
5341966000,s,1340
5342232000,s,1340
5342783000,s,1340
5343054000,s,1340
5343301000,s,1340
5343549000,s,1340
5343914000,s,1340
5344206000,s,1340
5350363000,r,1440
5352887000,s,1340
5353842000,r,1440
5353843000,r,1440
5353843000,r,1440
5355888000,s,1340
5356210000,s,1340
5356554000,s,1340
5356757000,s,1340
5357321000,s,1340
5357925000,s,1340
5358375000,s,1340
5358653000,s,1340
5358920000,s,1340
5359161000,s,1340
5359419000,s,1340
5359584000,s,1340
5359741000,s,1340
5359900000,s,1340
5360087000,s,1340
5360292000,s,1340
5360485000,s,1340
5360662000,s,1340
5360856000,s,1340
5361042000,s,1340
5361239000,s,1340
5361429000,s,1340
5361820000,s,1340
5362041000,s,1340
5362472000,s,1340
5362712000,s,1340
5362909000,s,1340
5363108000,s,1340
5363306000,s,1340
5363495000,s,1340
5363811000,s,1340
5365049000,s,1340
5365326000,s,1340
5365536000,s,1340
5365737000,s,1340
5365946000,s,1340
5366144000,s,1340
5369428000,s,1340
5369698000,s,1340
5369854000,s,1340
5370009000,s,1340
5370150000,s,1340
5370391000,s,1340
5370546000,s,1340
5370688000,s,1340
5370822000,s,1340
5371007000,s,1340
5371219000,s,1340
5371428000,s,1340
5371629000,s,1340
5371830000,s,1340
5372036000,s,1340
5372311000,s,1340
5372521000,s,1340
5372738000,s,1340
5372963000,s,1340
5373181000,s,1340
5373391000,s,1340
5373588000,s,1340
5373887000,s,1340
5374181000,s,1340
5374573000,s,1340
5374789000,s,1340
5374991000,s,1340
5375194000,s,1340
5375423000,s,1340
5375628000,s,1340
5375822000,s,1340
5376017000,s,1340
5376330000,s,1340
5376609000,s,1340
5376873000,s,1340
5377187000,s,1340
5377498000,s,1340
5377806000,s,1340
5378110000,s,1340
5378531000,s,1340
5378823000,s,1340
5379124000,s,1340
5379439000,s,1340
5379707000,s,1340
5379999000,s,1340
5380285000,s,1340
5380545000,s,1340
5380749000,s,1340
5381008000,s,1340
5381299000,s,1340
5381607000,s,1340
5381890000,s,1340
5382883000,s,1340
5383219000,s,1340
5383490000,s,1340
5383729000,s,1340
5384004000,s,1340
5384258000,s,1340
5384497000,s,1340
5384759000,s,1340
5385032000,s,1340
5390095000,s,1340
5429333000,s,1340
5429428000,s,1340
5440687000,r,1440
5442669000,r,1440
5445260000,r,1440
5445260000,r,1440
5445260000,r,1440
5445260000,r,1440
5446474000,s,1340
5446549000,s,1340
5446690000,s,1340
5447989000,r,1440
5447989000,r,1440
5447989000,r,1440
5447989000,r,1440
5447990000,r,1440
5447990000,r,1440
5447990000,r,1440
5447990000,r,1440
5448091000,r,1440
5448092000,r,1440
5448092000,r,1440
5448092000,r,1440
5448092000,r,1440
5448092000,r,1440
5448092000,r,1440
5448093000,r,1440
5448144000,r,1440
5448144000,r,1440
5448144000,r,1440
5449013000,s,1340
5449220000,s,1340
5449319000,s,1340
5449338000,r,1440
5449415000,s,1340
5449508000,s,1340
5449589000,s,1340
5450315000,s,1340
5450418000,s,1340
5450493000,s,1340
5450559000,s,1340
5450630000,s,1340
5450704000,s,1340
5450784000,s,1340
5450858000,s,1340
5450936000,s,1340
5451312000,s,1340
5451478000,s,1340
5452300000,s,1340
5452506000,s,1340
5452700000,s,1340
5452899000,s,1340
5453095000,s,1340
5453254000,s,1340
5453443000,s,1340
5453634000,s,1340
5453878000,s,1340
5453987000,s,1340
5454176000,s,1340
5454283000,r,1440
5454425000,s,1340
5454543000,s,1340
5454668000,s,1340
5458264000,r,1440
5458264000,r,1440
5458886000,s,1340
5469570000,s,1340
5471160000,s,1340
5472129000,s,1340
5472647000,s,1340
5493797000,r,1440
5498256000,r,1440
5498257000,r,1440
5498920000,s,1340
5499002000,s,1340
5499028000,s,1340
5499425000,s,1340
5499599000,s,1340
5499740000,s,1340
5500076000,s,1340
5500394000,s,1340
5500500000,s,1340
5500678000,s,1340
5500778000,s,1340
5501014000,s,1340
5501180000,s,1340
5501403000,s,1340
5501650000,s,1340
5501731000,s,1340
5501899000,s,1340
5502104000,s,1340
5502565000,s,1340
5502936000,s,1340
5503022000,s,1340
5503094000,s,1340
5503122000,s,1340
5503342000,s,1340
5503534000,s,1340
5503684000,s,1340
5503817000,s,1340
5503975000,s,1340
5504143000,s,1340
5504310000,s,1340
5504474000,s,1340
5504629000,s,1340
5504769000,s,1340
5504927000,s,1340
5505096000,s,1340
5505338000,s,1340
5505502000,s,1340
5505659000,s,1340
5505825000,s,1340
5505977000,s,1340
5506126000,s,1340
5506342000,s,1340
5506507000,s,1340
5506654000,s,1340
5506810000,s,1340
5506962000,s,1340
5507139000,s,1340
5507291000,s,1340
5507450000,s,1340
5507629000,s,1340
5507778000,s,1340
5507934000,s,1340
5507953000,r,1440
5507953000,r,1440
5508352000,s,1340
5508561000,s,1340
5508716000,s,1340
5509621000,r,1440
5510439000,s,1340
5511440000,r,1440
5511632000,r,1440
5513412000,r,1440
5514048000,s,1340
5514114000,r,1440
5514791000,s,1340
5516296000,r,1440
5520525000,r,1440
5521187000,s,1340
5521392000,s,1340
5521536000,s,1340
5521681000,s,1340
5521828000,s,1340
5521974000,s,1340
5522108000,s,1340
5522245000,r,1440
5522620000,s,1340
5522757000,s,1340
5522889000,s,1340
5523030000,s,1340
5523250000,r,1440
5523250000,r,1440
5523400000,s,1340
5523551000,s,1340
5523702000,s,1340
5523841000,s,1340
5523977000,s,1340
5524104000,s,1340
5524240000,s,1340
5524370000,s,1340
5524524000,s,1340
5524651000,s,1340
5524784000,s,1340
5524911000,s,1340
5525054000,s,1340
5525186000,s,1340
5525308000,s,1340
5525427000,s,1340
5525659000,s,1340
5525861000,s,1340
5525996000,s,1340
5526062000,s,1340
5526439000,r,1440
5526506000,s,1340
5526559000,s,1340
5526580000,s,1340
5528733000,r,1440
5528733000,r,1440
5529597000,s,1340
5532312000,r,1440
5532312000,r,1440
5533138000,s,1340
5533547000,r,1440
5534107000,s,1340
5536860000,s,1340
5549182000,r,1440
5549182000,r,1440
5551055000,s,1340
5552237000,s,1340
5552266000,s,1340
5562191000,r,1440
5563171000,r,1440
5563500000,r,1440
5564573000,r,1440
5564596000,s,1340
5564573000,r,1440
5564829000,s,1340
5565170000,s,1340
5565322000,s,1340
5565420000,s,1340
5565440000,r,1440
5565507000,s,1340
5565704000,s,1340
5566211000,s,1340
5566369000,s,1340
5566546000,s,1340
5566663000,s,1340
5566764000,s,1340
5573517000,r,1440
5574682000,r,1440
5574683000,r,1440
5575518000,s,1340
5575632000,s,1340
5576205000,r,1440
5576205000,r,1440
5576476000,r,1440
5576776000,s,1340
5576949000,s,1340
5577088000,s,1340
5577438000,s,1340
5577623000,s,1340
5577875000,s,1340
5578001000,r,1440
5578151000,s,1340
5578221000,s,1340
5578435000,s,1340
5578579000,s,1340
5578721000,s,1340
5578773000,s,1340
5580003000,s,1340
5580284000,s,1340
5580655000,s,1340
5580833000,s,1340
5581248000,s,1340
5581443000,s,1340
5581881000,s,1340
5582054000,s,1340
5582206000,s,1340
5582557000,s,1340
5582726000,s,1340
5582873000,s,1340
5582993000,s,1340
5583073000,s,1340
5583135000,s,1340
5583306000,r,1440
5583341000,s,1340
5583420000,s,1340
5585310000,r,1440
5585710000,s,1340
5587675000,r,1440
5587675000,r,1440
5587675000,r,1440
5587676000,r,1440
5587676000,r,1440
5587676000,r,1440
5587676000,r,1440
5587676000,r,1440
5588413000,r,1440
5588413000,r,1440
5588653000,s,1340
5588794000,s,1340
5588867000,s,1340
5588989000,s,1340
5589061000,s,1340
5589129000,s,1340
5589192000,s,1340
5589260000,s,1340
5589328000,s,1340
5589494000,r,1440
5589639000,s,1340
5589735000,s,1340
5589797000,s,1340
5590584000,r,1440
5591968000,s,1340
5592128000,s,1340
5592175000,s,1340
5593520000,s,1340
5593573000,s,1340
5593637000,s,1340
5595035000,s,1340
5595097000,s,1340
5595121000,s,1340
5595284000,s,1340
5595396000,s,1340
5595578000,s,1340
5595829000,s,1340
5595894000,s,1340
5595953000,s,1340
5596065000,s,1340
5596243000,s,1340
5596339000,s,1340
5596646000,s,1340
5596748000,s,1340
5596928000,s,1340
5597192000,s,1340
5597317000,s,1340
5597427000,s,1340
5597528000,s,1340
5597720000,s,1340
5598015000,s,1340
5598217000,s,1340
5598414000,s,1340
5598514000,s,1340
5598700000,s,1340
5598934000,s,1340
5599034000,s,1340
5599094000,s,1340
5599452000,s,1340
5599528000,s,1340
5599599000,s,1340
5599664000,s,1340
5599729000,s,1340
5599860000,s,1340
5600008000,s,1340
5600142000,s,1340
5600266000,s,1340
5600370000,s,1340
5600473000,s,1340
5600610000,s,1340
5600697000,s,1340
5601285000,s,1340
5601328000,s,1340
5601638000,s,1340
5601733000,s,1340
5602844000,s,1340
5602915000,s,1340
5603529000,r,1440
5603853000,s,1340
5603936000,s,1340
5603956000,s,1340
5606250000,r,1440
5606250000,r,1440
5606250000,r,1440
5606846000,s,1340
5606970000,s,1340
5607073000,s,1340
5608089000,r,1440
5608089000,r,1440
5608089000,r,1440
5608089000,r,1440
5608089000,r,1440
5608089000,r,1440
5608089000,r,1440
5608089000,r,1440
5608391000,s,1340
5608432000,s,1340
5608451000,s,1340
5608576000,s,1340
5608622000,s,1340
5618105000,r,1440
5618105000,r,1440
5618105000,r,1440
5618505000,s,1340
5618627000,s,1340
5618721000,s,1340
5618822000,s,1340
5619133000,r,1440
5619133000,r,1440
5641237000,s,1340
5641334000,s,1340
5658332000,r,1440
5661237000,r,1440
5661237000,r,1440
5661987000,s,1340
5669544000,r,1440
5671377000,r,1440
5671798000,s,1340
5726285000,r,1440
5727768000,s,1340
5734840000,r,1440
5771507000,s,1340
8375957000,s,1340
8409835000,s,1340
8410286000,s,1340
8514474000,r,1440
10814778000,r,1440
10814779000,r,1440
10814779000,r,1440
10814780000,r,1440
10814780000,r,1440
10818848000,s,1340
10819272000,s,1340
10819478000,s,1340
10820170000,s,1340
10830436000,s,1340
13222444000,r,1440
13222445000,r,1440
13222445000,r,1440
13222446000,r,1440
13222446000,r,1440
13222447000,r,1440
13223195000,r,1440
13223196000,r,1440
13223196000,r,1440
13223196000,r,1440
13223197000,r,1440
13228855000,s,1340
13229334000,s,1340
13229981000,s,1340
13230558000,s,1340
13230896000,s,1340
13231099000,s,1340
13231390000,s,1340
13231576000,s,1340
13231754000,s,1340
13232016000,s,1340
13232299000,s,1340
13232811000,s,1340
13233107000,s,1340
13233578000,s,1340
13233874000,s,1340
13234067000,s,1340
13234561000,s,1340
13235405000,s,1340
13236700000,s,1340
13237452000,s,1340
13237913000,s,1340
13238193000,s,1340
13240629000,s,1340
13240968000,s,1340
13241256000,s,1340
13241548000,s,1340
13241807000,s,1340
13242081000,s,1340
13242466000,s,1340
13242748000,s,1340
13242982000,s,1340
13243767000,s,1340
13244361000,r,1440
13244467000,s,1340
13244361000,r,1440
13244362000,r,1440
13244362000,r,1440
13244363000,r,1440
13244363000,r,1440
13244364000,r,1440
13244364000,r,1440
13244739000,r,1440
13244739000,r,1440
13244740000,r,1440
13244740000,r,1440
13244741000,r,1440
13244813000,s,1340
13244741000,r,1440
13244742000,r,1440
13244742000,r,1440
13244905000,r,1440
13244906000,r,1440
13244906000,r,1440
13244907000,r,1440
13244907000,r,1440
13244908000,r,1440
13245134000,s,1340
13245452000,s,1340
13245814000,s,1340
13246137000,s,1340
13246573000,s,1340
13246923000,s,1340
13247238000,s,1340
13247569000,s,1340
13248160000,s,1340
13248425000,s,1340
13248729000,s,1340
13249038000,s,1340
13249331000,s,1340
13249655000,s,1340
13249961000,s,1340
13250383000,s,1340
13250713000,s,1340
13251020000,s,1340
13251312000,s,1340
13251611000,s,1340
13251899000,s,1340
13252501000,s,1340
13252781000,s,1340
13256183000,s,1340
13256500000,s,1340
13256761000,s,1340
13257032000,s,1340
13257280000,s,1340
13257552000,s,1340
13257824000,s,1340
13258091000,s,1340
13258459000,s,1340
13258775000,s,1340
13259049000,s,1340
13259315000,s,1340
13259596000,s,1340
13259865000,s,1340
13260138000,s,1340
13260422000,s,1340
13260709000,s,1340
13260957000,s,1340
13261212000,s,1340
13261484000,s,1340
13261765000,s,1340
13263028000,s,1340
13263279000,s,1340
13263471000,s,1340
13263656000,s,1340
13263857000,s,1340
13264092000,s,1340
13264352000,s,1340
13265769000,s,1340
13266332000,r,1440
13266671000,s,1340
13266679000,r,1440
13266680000,r,1440
13266680000,r,1440
13268034000,s,1340
13268253000,s,1340
13268253000,r,1440
13268254000,r,1440
13268479000,s,1340
13268682000,s,1340
13268904000,s,1340
13269172000,s,1340
13269432000,s,1340
13269662000,s,1340
13269879000,s,1340
13270098000,s,1340
13270316000,r,1440
13270482000,s,1340
13270769000,s,1340
13271019000,s,1340
13271313000,s,1340
13271598000,s,1340
13271863000,s,1340
13272111000,s,1340
13272389000,s,1340
13272653000,s,1340
13272914000,s,1340
13273165000,s,1340
13273443000,s,1340
13273698000,s,1340
13273960000,s,1340
13274079000,r,1440
13274218000,s,1340
13274079000,r,1440
13274582000,s,1340
13275078000,s,1340
13275148000,r,1440
13275148000,r,1440
13275149000,r,1440
13275149000,r,1440
13275361000,s,1340
13275657000,s,1340
13275924000,s,1340
13276187000,s,1340
13276463000,s,1340
13276468000,r,1440
13276756000,s,1340
13277054000,s,1340
13277341000,s,1340
13277634000,s,1340
13277855000,s,1340
13278047000,s,1340
13278192000,s,1340
13278314000,r,1440
13278314000,r,1440
13278439000,s,1340
13278612000,s,1340
13278785000,s,1340
13279040000,s,1340
13279136000,r,1440
13279137000,r,1440
13279276000,s,1340
13279490000,s,1340
13279722000,s,1340
13279978000,s,1340
13280224000,s,1340
13280437000,s,1340
13280651000,s,1340
13280812000,r,1440
13280874000,s,1340
13280812000,r,1440
13280813000,r,1440
13280813000,r,1440
13281082000,s,1340
13281312000,s,1340
13281542000,s,1340
13281786000,s,1340
13281979000,s,1340
13282189000,s,1340
13282551000,s,1340
13282707000,s,1340
13282922000,s,1340
13283136000,s,1340
13283330000,s,1340
13283480000,s,1340
13283596000,r,1440
13283699000,s,1340
13283596000,r,1440
13283597000,r,1440
13283597000,r,1440
13283598000,r,1440
13283598000,r,1440
13283599000,r,1440
13283599000,r,1440
13283862000,r,1440
13283863000,r,1440
13283863000,r,1440
13283907000,s,1340
13284138000,s,1340
13284357000,s,1340
13284580000,s,1340
13284803000,s,1340
13285017000,s,1340
13285252000,s,1340
13285312000,r,1440
13285313000,r,1440
13285313000,r,1440
13285314000,r,1440
13285314000,r,1440
13285315000,r,1440
13285315000,r,1440
13285473000,s,1340
13285685000,s,1340
13285913000,s,1340
13286139000,s,1340
13286490000,s,1340
13286740000,s,1340
13286959000,s,1340
13287178000,s,1340
13287223000,r,1440
13287224000,r,1440
13287225000,r,1440
13287225000,r,1440
13287226000,r,1440
13287226000,r,1440
13287226000,r,1440
13287227000,r,1440
13287409000,s,1340
13287653000,s,1340
13287881000,s,1340
13288102000,s,1340
13288338000,s,1340
13288568000,s,1340
13288802000,s,1340
13289025000,s,1340
13289250000,s,1340
13289477000,s,1340
13289699000,s,1340
13289927000,s,1340
13290151000,s,1340
13290486000,s,1340
13290725000,s,1340
13290943000,s,1340
13291128000,s,1340
13291312000,s,1340
13291532000,s,1340
13291772000,s,1340
13292005000,s,1340
13292211000,s,1340
13292404000,s,1340
13292652000,s,1340
13292695000,r,1440
13292695000,r,1440
13292696000,r,1440
13292696000,r,1440
13292826000,s,1340
13292980000,s,1340
13293177000,s,1340
13293387000,s,1340
13293598000,s,1340
13293807000,s,1340
13294008000,s,1340
13294199000,s,1340
13295420000,s,1340
13295701000,s,1340
13295926000,s,1340
13296184000,s,1340
13296381000,s,1340
13296576000,s,1340
13296763000,s,1340
13296917000,s,1340
13297068000,s,1340
13297219000,s,1340
13297345000,s,1340
13297521000,s,1340
13297636000,s,1340
13297759000,s,1340
13298034000,s,1340
13298159000,s,1340
13298477000,s,1340
13298689000,s,1340
13298879000,s,1340
13299094000,s,1340
13299280000,s,1340
13299466000,s,1340
13299643000,s,1340
13299813000,s,1340
13299989000,s,1340
13300184000,s,1340
13300375000,s,1340
13300577000,s,1340
13300791000,s,1340
13300985000,s,1340
13301182000,s,1340
13301366000,s,1340
13301549000,s,1340
13301730000,s,1340
13301899000,s,1340
13302074000,s,1340
13302362000,s,1340
13302581000,s,1340
13302785000,s,1340
13302992000,s,1340
13303191000,s,1340
13303410000,s,1340
13303604000,s,1340
13303782000,s,1340
13303977000,s,1340
13304173000,s,1340
13304355000,s,1340
13304524000,s,1340
13304699000,s,1340
13304894000,s,1340
13305082000,s,1340
13305261000,s,1340
13305434000,s,1340
13305607000,s,1340
13305779000,s,1340
13305964000,s,1340
13306146000,s,1340
13306514000,s,1340
13306726000,s,1340
13306901000,s,1340
13307460000,s,1340
13307722000,s,1340
13307928000,s,1340
13308368000,s,1340
13308607000,s,1340
13309081000,s,1340
13309289000,s,1340
13309503000,s,1340
13309730000,s,1340
13309971000,s,1340
13310191000,s,1340
13310518000,s,1340
13310733000,s,1340
13311065000,s,1340
13311279000,s,1340
13311469000,s,1340
13311662000,s,1340
13311859000,s,1340
13312087000,s,1340
13312293000,s,1340
13312491000,s,1340
13312693000,s,1340
13313104000,r,1440
13313104000,r,1440
13313324000,s,1340
13313567000,s,1340
13313774000,s,1340
13313919000,s,1340
13314555000,s,1340
13314855000,s,1340
13315094000,s,1340
13315322000,s,1340
13315516000,s,1340
13316568000,s,1340
13317456000,s,1340
13317693000,s,1340
13317882000,s,1340
13318462000,s,1340
13318655000,s,1340
13319054000,s,1340
13319225000,s,1340
13319387000,s,1340
13319537000,s,1340
13319696000,s,1340
13319846000,s,1340
13319985000,s,1340
13320127000,s,1340
13320281000,s,1340
13329642000,s,1340
13330010000,s,1340
13330516000,s,1340
13330734000,s,1340
13331169000,s,1340
13331402000,s,1340
13331802000,s,1340
13332011000,s,1340
13332477000,s,1340
13332696000,s,1340
13333156000,s,1340
13333381000,s,1340
13333569000,s,1340
13334034000,s,1340
13334347000,s,1340
13334549000,s,1340
13335076000,s,1340
13335305000,s,1340
13335486000,s,1340
13335879000,s,1340
13336108000,s,1340
13336298000,s,1340
13336903000,s,1340
13337115000,s,1340
13337306000,s,1340
13337502000,s,1340
13337961000,s,1340
13338178000,s,1340
13338458000,s,1340
13339084000,s,1340
13339285000,s,1340
13339462000,s,1340
13339873000,s,1340
13340101000,s,1340
13340287000,s,1340
13340747000,s,1340
13340962000,s,1340
13341139000,s,1340
13341592000,s,1340
13341820000,s,1340
13342017000,s,1340
13342611000,s,1340
13342842000,s,1340
13343029000,s,1340
13343544000,s,1340
13343762000,s,1340
13343959000,s,1340
13344527000,s,1340
13344736000,s,1340
13344934000,s,1340
13345116000,s,1340
13345637000,s,1340
13345854000,s,1340
13346056000,s,1340
13346218000,s,1340
13346780000,s,1340
13346981000,s,1340
13347191000,s,1340
13347688000,s,1340
13347887000,s,1340
13348063000,s,1340
13348506000,s,1340
13348707000,s,1340
13348894000,s,1340
13349324000,s,1340
13349559000,s,1340
13349732000,s,1340
13349956000,s,1340
13360231000,s,1340
15009399000,s,1340
15049716000,s,1340
15051655000,s,1340
15051883000,s,1340
15051921000,s,1340
15078760000,r,1440
15078760000,r,1440
15078761000,r,1440
15081824000,s,1340
15082194000,s,1340
15082808000,s,1340
15083452000,s,1340
15083653000,s,1340
15083794000,s,1340
15083982000,s,1340
15084246000,s,1340
15084439000,s,1340
15084651000,s,1340
15084858000,s,1340
15085130000,s,1340
15085397000,s,1340
15085608000,s,1340
15085818000,s,1340
15086073000,s,1340
15086426000,s,1340
15086707000,s,1340
15086967000,s,1340
15087410000,s,1340
15087661000,s,1340
15087869000,s,1340
15088127000,s,1340
15088371000,s,1340
15088635000,s,1340
15088882000,s,1340
15089121000,s,1340
15089381000,s,1340
15089636000,s,1340
15089878000,s,1340
15090124000,s,1340
15090504000,s,1340
15090792000,s,1340
15091052000,s,1340
15091312000,s,1340
15091579000,s,1340
15091834000,s,1340
15092076000,s,1340
15092288000,r,1440
15092319000,s,1340
15092288000,r,1440
15092289000,r,1440
15092289000,r,1440
15092290000,r,1440
15092290000,r,1440
15092609000,s,1340
15092876000,s,1340
15093144000,s,1340
15093407000,s,1340
15093668000,s,1340
15093932000,s,1340
15094327000,s,1340
15094888000,s,1340
15095174000,s,1340
15095452000,s,1340
15095701000,s,1340
15095987000,s,1340
15096268000,s,1340
15096561000,s,1340
15096822000,s,1340
15097135000,s,1340
15097391000,s,1340
15097624000,s,1340
15097858000,s,1340
15098117000,s,1340
15098641000,s,1340
15098904000,s,1340
15099134000,s,1340
15099365000,s,1340
15099584000,s,1340
15099802000,s,1340
15100032000,s,1340
15100280000,s,1340
15100507000,s,1340
15100726000,s,1340
15100945000,s,1340
15101184000,s,1340
15101481000,s,1340
15101756000,s,1340
15102010000,s,1340
15102362000,s,1340
15102679000,s,1340
15102956000,s,1340
15103218000,s,1340
15103483000,s,1340
15103771000,s,1340
15104055000,s,1340
15104326000,s,1340
15104631000,s,1340
15104833000,r,1440
15104914000,s,1340
15104834000,r,1440
15104834000,r,1440
15104835000,r,1440
15105198000,s,1340
15105497000,s,1340
15105845000,s,1340
15106128000,s,1340
15106490000,s,1340
15106798000,s,1340
15107074000,s,1340
15107322000,s,1340
15107559000,s,1340
15107820000,s,1340
15108047000,s,1340
15108299000,s,1340
15108564000,s,1340
15108835000,s,1340
15109077000,s,1340
15109313000,s,1340
15109582000,s,1340
15109912000,s,1340
15110170000,s,1340
15110497000,s,1340
15110740000,s,1340
15122754000,r,1440
15124764000,r,1440
15124765000,r,1440
15124765000,r,1440
15125684000,r,1440
15127213000,s,1340
15127536000,s,1340
15153631000,s,1340
17266473000,r,1440
20883533000,s,1340
20921880000,s,1340
20922410000,s,1340
22749455000,s,1340
22774283000,r,1440
22774284000,r,1440
22774284000,r,1440
22777226000,s,1340
23262418000,r,1440
23262418000,r,1440
23262419000,r,1440
23262419000,r,1440
23267551000,s,1340
23267959000,s,1340
23268238000,s,1340
23270169000,s,1340
23277851000,s,1340
23278089000,r,1440
23278089000,r,1440
23278090000,r,1440
23280391000,s,1340
23280710000,s,1340
23281604000,r,1440
23285398000,r,1440
23285398000,r,1440
23285399000,r,1440
23287257000,s,1340
23290351000,r,1440
23290351000,r,1440
23290352000,r,1440
23291664000,s,1340
23291997000,s,1340
23292941000,r,1440
23292942000,r,1440
23292942000,r,1440
23293287000,s,1340
23293774000,r,1440
23294856000,s,1340
23298303000,r,1440
23298304000,r,1440
23299802000,r,1440
23299802000,r,1440
23299871000,s,1340
23300936000,r,1440
23301397000,s,1340
27201369000,s,1340
27241671000,s,1340
27242192000,s,1340