0,s,1340
1747432000,s,1340
1788234000,s,1340
1788770000,s,1340
3421264000,s,1340
3461104000,s,1340
3461545000,s,1340
3841154000,s,1340
3855060000,r,1440
3855061000,r,1440
3858448000,s,1340
3858990000,s,1340
3859313000,s,1340
3859596000,s,1340
3859850000,s,1340
3860248000,s,1340
3860796000,s,1340
3861011000,s,1340
3861194000,s,1340
3861392000,s,1340
3861671000,s,1340
3861968000,s,1340
3862178000,s,1340
3862704000,s,1340
3862992000,s,1340
3863276000,s,1340
3863546000,s,1340
3863829000,s,1340
3864114000,s,1340
3864400000,s,1340
3864766000,s,1340
3865062000,s,1340
3865363000,s,1340
3865626000,s,1340
3865865000,s,1340
3866118000,s,1340
3866386000,s,1340
3866661000,s,1340
3866946000,s,1340
3867193000,s,1340
3867461000,s,1340
3867702000,s,1340
3867948000,s,1340
3868193000,s,1340
3868457000,s,1340
3869139000,s,1340
3869402000,s,1340
3869632000,s,1340
3869842000,s,1340
3870064000,s,1340
3870277000,s,1340
3870513000,s,1340
3870728000,s,1340
3870943000,s,1340
3871152000,s,1340
3871365000,s,1340
3871611000,s,1340
3871836000,s,1340
3872061000,s,1340
3872272000,s,1340
3872489000,s,1340
3879279000,s,1340
4389980000,s,1340
4394021000,s,1340
4407338000,r,1440
4408559000,s,1340
4412530000,s,1340
4412657000,s,1340
4424668000,r,1440
4424668000,r,1440
4427109000,r,1440
4427812000,s,1340
4428112000,s,1340
4428160000,r,1440
4428221000,s,1340
4428307000,s,1340
4428680000,s,1340
4428966000,r,1440
4430972000,s,1340
4432493000,s,1340
4433231000,s,1340
4435982000,r,1440
4437318000,r,1440
4437450000,s,1340
4437517000,s,1340
4437892000,s,1340
4438643000,s,1340
4438797000,r,1440
4441625000,r,1440
4441625000,r,1440
4441625000,r,1440
4442131000,s,1340
4443848000,r,1440
4443848000,r,1440
4444299000,s,1340
4445580000,r,1440
4446212000,s,1340
4449353000,s,1340
4449744000,s,1340
4454152000,s,1340
4458367000,r,1440
4458367000,r,1440
4460164000,s,1340
4460647000,s,1340
4461150000,s,1340
4466602000,r,1440
4466603000,r,1440
4466603000,r,1440
4467260000,s,1340
4467308000,s,1340
4468659000,r,1440
4468659000,r,1440
4468660000,r,1440
4468660000,r,1440
4468660000,r,1440
4468660000,r,1440
4468660000,r,1440
4468995000,s,1340
4469199000,s,1340
4469321000,s,1340
4469422000,s,1340
4469492000,s,1340
4469593000,s,1340
4475653000,r,1440
4476156000,r,1440
4476156000,r,1440
4476595000,s,1340
4476685000,s,1340
4476842000,s,1340
4477880000,s,1340
4478016000,s,1340
4478115000,s,1340
4478778000,s,1340
4478879000,s,1340
4478970000,s,1340
4479039000,s,1340
4479106000,s,1340
4479302000,s,1340
4479583000,s,1340
4479703000,s,1340
4479790000,s,1340
4480044000,s,1340
4480069000,s,1340
4480141000,s,1340
4480189000,s,1340
4480897000,s,1340
4481027000,s,1340
4481107000,s,1340
4481282000,s,1340
4481391000,s,1340
4481984000,s,1340
4482097000,s,1340
4482206000,s,1340
4482317000,s,1340
4482423000,s,1340
4482512000,s,1340
4482620000,s,1340
4482740000,s,1340
4482848000,s,1340
4482937000,s,1340
4483028000,s,1340
4483157000,s,1340
4483288000,s,1340
4483437000,s,1340
4483454000,r,1440
4483590000,s,1340
4483719000,s,1340
4483845000,s,1340
4483970000,s,1340
4484092000,s,1340
4484214000,s,1340
4484334000,s,1340
4484463000,s,1340
4484601000,s,1340
4484882000,s,1340
4485010000,s,1340
4485117000,s,1340
4485222000,s,1340
4485329000,s,1340
4485452000,s,1340
4485606000,s,1340
4485764000,s,1340
4485936000,s,1340
4486081000,s,1340
4486308000,s,1340
4486448000,s,1340
4486600000,s,1340
4486750000,s,1340
4486896000,s,1340
4487048000,s,1340
4487207000,s,1340
4487350000,s,1340
4487489000,s,1340
4487765000,s,1340
4487943000,s,1340
4488120000,s,1340
4488294000,s,1340
4488435000,s,1340
4488580000,s,1340
4488931000,s,1340
4489050000,s,1340
4489268000,s,1340
4489436000,s,1340
4489507000,s,1340
4489693000,s,1340
4489737000,s,1340
4490135000,s,1340
4490262000,s,1340
4490325000,s,1340
4490380000,s,1340
4490631000,s,1340
4490794000,s,1340
4490906000,s,1340
4490986000,s,1340
4491056000,s,1340
4491598000,s,1340
4491837000,s,1340
4491973000,s,1340
4492120000,s,1340
4492168000,s,1340
4492487000,s,1340
4492784000,s,1340
4493411000,s,1340
4493578000,s,1340
4493664000,s,1340
4493723000,s,1340
4493797000,s,1340
4494010000,s,1340
4494216000,s,1340
4494337000,s,1340
4494543000,s,1340
4494690000,s,1340
4494762000,s,1340
4494820000,s,1340
4495002000,s,1340
4495040000,s,1340
4495252000,s,1340
4495310000,s,1340
4496164000,r,1440
4496174000,s,1340
4496241000,s,1340
4496164000,r,1440
4496164000,r,1440
4496164000,r,1440
4496164000,r,1440
4496164000,r,1440
4496164000,r,1440
4496164000,r,1440
4496297000,s,1340
4496536000,s,1340
4496581000,s,1340
4496769000,s,1340
4496793000,s,1340
4497131000,s,1340
4497346000,s,1340
4497531000,s,1340
4497650000,s,1340
4497776000,s,1340
4497895000,s,1340
4498075000,s,1340
4498144000,s,1340
4498203000,s,1340
4498251000,s,1340
4498397000,s,1340
4498545000,s,1340
4498612000,s,1340
4498673000,s,1340
4498727000,s,1340
4498885000,s,1340
4499047000,s,1340
4499113000,s,1340
4499170000,s,1340
4499390000,s,1340
4499484000,s,1340
4499729000,s,1340
4499859000,s,1340
4499995000,s,1340
4500096000,s,1340
4500513000,s,1340
4500795000,s,1340
4500891000,s,1340
4500982000,s,1340
4501089000,s,1340
4501198000,s,1340
4501449000,s,1340
4501516000,s,1340
4501679000,s,1340
4501758000,s,1340
4501911000,s,1340
4502038000,s,1340
4502432000,s,1340
4502477000,s,1340
4504189000,s,1340
4504287000,s,1340
4504468000,s,1340
4504709000,s,1340
4504781000,s,1340
4505126000,s,1340
4505179000,s,1340
4505230000,s,1340
4505284000,s,1340
4505453000,s,1340
4505681000,s,1340
4505895000,s,1340
4505943000,s,1340
4506595000,s,1340
4506673000,s,1340
4507755000,s,1340
4507885000,s,1340
4507953000,s,1340
4508990000,s,1340
4509195000,s,1340
4509250000,s,1340
4510227000,s,1340
4510421000,s,1340
4510507000,s,1340
4511410000,s,1340
4511591000,s,1340
4511670000,s,1340
4511822000,s,1340
4512031000,s,1340
4512115000,s,1340
4512188000,s,1340
4512324000,s,1340
4512387000,s,1340
4513613000,s,1340
4513859000,s,1340
4514705000,s,1340
4514902000,s,1340
4514984000,s,1340
4515050000,s,1340
4515808000,s,1340
4515898000,s,1340
4516084000,s,1340
4516253000,s,1340
4516425000,s,1340
4516584000,s,1340
4516697000,s,1340
4516898000,s,1340
4517061000,s,1340
4517154000,s,1340
4517344000,s,1340
4517426000,s,1340
4517564000,s,1340
4517641000,s,1340
4517802000,s,1340
4517953000,s,1340
4518134000,s,1340
4518224000,s,1340
4518392000,s,1340
4518567000,s,1340
4518721000,s,1340
4518806000,s,1340
4518959000,s,1340
4519069000,s,1340
4519139000,s,1340
4519286000,s,1340
4519340000,s,1340
4519553000,s,1340
4519606000,s,1340
4522933000,r,1440
4522933000,r,1440
4523637000,r,1440
4523637000,r,1440
4523637000,r,1440
4523707000,s,1340
4523766000,s,1340
4523984000,s,1340
4524060000,s,1340
4524118000,s,1340
4525645000,s,1340
4527165000,r,1440
4527165000,r,1440
4527165000,r,1440
4527165000,r,1440
4527165000,r,1440
4527165000,r,1440
4527165000,r,1440
4527165000,r,1440
4527271000,r,1440
4527271000,r,1440
4527271000,r,1440
4527272000,r,1440
4527272000,r,1440
4527272000,r,1440
4527272000,r,1440
4527272000,r,1440
4527305000,r,1440
4527305000,r,1440
4527305000,r,1440
4527305000,r,1440
4527305000,r,1440
4527726000,s,1340
4527821000,s,1340
4527840000,s,1340
4527850000,s,1340
4527860000,s,1340
4527868000,s,1340
4527878000,s,1340
4527896000,s,1340
4527905000,s,1340
4527929000,s,1340
4527940000,s,1340
4528050000,s,1340
4528149000,s,1340
4528226000,s,1340
4528300000,s,1340
4528517000,s,1340
4528601000,s,1340
4528682000,s,1340
4528825000,s,1340
4529388000,s,1340
4529721000,s,1340
4529821000,s,1340
4529912000,s,1340
4530112000,s,1340
4530210000,r,1440
4530216000,s,1340
4530210000,r,1440
4530210000,r,1440
4530210000,r,1440
4530417000,s,1340
4530482000,s,1340
4530609000,s,1340
4530669000,s,1340
4530793000,s,1340
4530928000,s,1340
4531038000,s,1340
4531359000,s,1340
4531485000,s,1340
4531726000,s,1340
4532064000,s,1340
4532148000,s,1340
4532371000,s,1340
4532488000,s,1340
4532595000,s,1340
4532742000,s,1340
4532832000,s,1340
4533435000,s,1340
4533526000,s,1340
4533711000,s,1340
4533807000,s,1340
4533897000,s,1340
4533984000,s,1340
4534075000,s,1340
4534159000,s,1340
4534247000,s,1340
4534336000,s,1340
4534422000,s,1340
4534507000,s,1340
4534586000,s,1340
4534767000,s,1340
4534970000,s,1340
4535076000,s,1340
4535163000,s,1340
4535215000,s,1340
4535415000,s,1340
4536156000,s,1340
4536403000,s,1340
4536555000,s,1340
4536700000,s,1340
4536929000,s,1340
4536975000,s,1340
4537035000,s,1340
4537212000,s,1340
4537275000,s,1340
4537382000,s,1340
4538811000,s,1340
4539043000,s,1340
4539215000,s,1340
4539480000,s,1340
4539588000,s,1340
4539694000,s,1340
4539824000,s,1340
4539970000,s,1340
4540088000,s,1340
4540213000,s,1340
4540448000,s,1340
4540571000,s,1340
4540742000,s,1340
4540789000,s,1340
4543520000,s,1340
4544125000,s,1340
4544232000,s,1340
4544318000,s,1340
4544462000,r,1440
4544497000,s,1340
4544462000,r,1440
4544462000,r,1440
4544567000,s,1340
4544462000,r,1440
4544592000,r,1440
4544592000,r,1440
4544592000,r,1440
4544792000,s,1340
4544903000,s,1340
4544978000,s,1340
4545046000,s,1340
4545116000,s,1340
4545179000,s,1340
4545272000,s,1340
4545339000,s,1340
4545516000,s,1340
4545746000,s,1340
4545956000,s,1340
4546062000,s,1340
4546375000,s,1340
4546519000,r,1440
4546520000,r,1440
4546520000,r,1440
4546520000,r,1440
4546579000,s,1340
4546687000,s,1340
4546760000,s,1340
4546882000,s,1340
4547128000,s,1340
4547177000,s,1340
4547201000,s,1340
4547212000,s,1340
4547263000,s,1340
4547424000,s,1340
4547541000,s,1340
4548633000,s,1340
4548720000,s,1340
4549825000,s,1340
4549952000,s,1340
4549974000,s,1340
4550249000,s,1340
4550392000,s,1340
4550843000,s,1340
4550871000,s,1340
4551602000,s,1340
4551802000,s,1340
4552826000,s,1340
4552980000,s,1340
4553069000,s,1340
4553254000,s,1340
4553357000,s,1340
4554020000,s,1340
4554170000,s,1340
4554255000,s,1340
4554322000,s,1340
4555333000,s,1340
4555463000,s,1340
4555568000,s,1340
4555668000,s,1340
4555769000,s,1340
4555861000,s,1340
4555949000,s,1340
4556039000,s,1340
4556128000,s,1340
4556220000,s,1340
4556310000,s,1340
4556405000,s,1340
4556543000,s,1340
4556675000,s,1340
4556768000,s,1340
4556886000,s,1340
4557002000,s,1340
4557117000,s,1340
4557235000,s,1340
4557350000,s,1340
4557466000,s,1340
4557584000,s,1340
4557704000,s,1340
4557824000,s,1340
4557951000,s,1340
4558068000,s,1340
4559403000,s,1340
4559521000,s,1340
4559537000,s,1340
4559549000,s,1340
4559923000,s,1340
4560000000,s,1340
4560227000,s,1340
4560268000,s,1340
4560544000,s,1340
4560580000,s,1340
4560994000,s,1340
4561044000,s,1340
4562334000,s,1340
4562387000,s,1340
4562443000,s,1340
4563488000,s,1340
4563553000,s,1340
4564798000,s,1340
4564988000,s,1340
4565066000,s,1340
4565250000,s,1340
4565326000,s,1340
4565484000,s,1340
4565642000,s,1340
4565881000,s,1340
4565983000,s,1340
4566061000,s,1340
4566132000,s,1340
4572668000,r,1440
4572668000,r,1440
4572669000,r,1440
4572669000,r,1440
4572669000,r,1440
4572669000,r,1440
4572669000,r,1440
4572669000,r,1440
4572873000,r,1440
4572873000,r,1440
4572873000,r,1440
4572873000,r,1440
4573417000,s,1340
4573485000,s,1340
4573774000,s,1340
4573854000,s,1340
4573944000,s,1340
4573999000,s,1340
4574055000,s,1340
4574106000,s,1340
4574285000,s,1340
4574405000,s,1340
4574615000,s,1340
4574650000,s,1340
4574720000,s,1340
4574913000,s,1340
4575014000,s,1340
4575365000,s,1340
4575452000,s,1340
4575514000,s,1340
4575602000,s,1340
4575631000,s,1340
4575641000,r,1440
4575641000,r,1440
4575641000,r,1440
4575642000,r,1440
4575642000,r,1440
4575811000,s,1340
4575868000,s,1340
4576775000,s,1340
4576880000,s,1340
4576948000,s,1340
4577027000,s,1340
4577106000,s,1340
4579335000,s,1340
4582034000,s,1340
4582073000,s,1340
4582365000,r,1440
4582365000,r,1440
4582365000,r,1440
4582366000,r,1440
4582462000,s,1340
4582765000,s,1340
4583110000,s,1340
4583636000,s,1340
4593117000,r,1440
4593117000,r,1440
4593117000,r,1440
4593118000,r,1440
4593118000,r,1440
4593118000,r,1440
4593118000,r,1440
4593470000,s,1340
4594212000,s,1340
4594300000,s,1340
4600945000,r,1440
4600945000,r,1440
4600945000,r,1440
4602019000,s,1340
4602134000,s,1340
4602212000,s,1340
4602268000,s,1340
4602506000,s,1340
4602708000,s,1340
4602884000,s,1340
4603049000,s,1340
4603218000,s,1340
4603340000,s,1340
4603424000,s,1340
4603603000,s,1340
4603777000,s,1340
4603893000,s,1340
4603979000,s,1340
4604163000,s,1340
4604240000,s,1340
4605549000,s,1340
4605678000,s,1340
4605773000,s,1340
4605906000,s,1340
4605934000,s,1340
4606087000,s,1340
4606285000,s,1340
4606655000,s,1340
4606731000,s,1340
4607079000,s,1340
4607270000,s,1340
4607377000,s,1340
4607557000,s,1340
4607635000,s,1340
4607704000,s,1340
4608046000,s,1340
4608126000,s,1340
4608224000,s,1340
4608287000,s,1340
4608343000,s,1340
4608760000,s,1340
4608954000,s,1340
4608998000,s,1340
4609152000,s,1340
4609282000,s,1340
4609452000,s,1340
4609544000,s,1340
4609692000,s,1340
4609789000,s,1340
4609884000,s,1340
4610001000,s,1340
4610145000,s,1340
4610269000,s,1340
4610393000,s,1340
4610526000,s,1340
4610679000,s,1340
4610748000,s,1340
4610905000,s,1340
4610926000,r,1440
4610983000,s,1340
4610926000,r,1440
4610926000,r,1440
4610926000,r,1440
4611155000,s,1340
4611418000,s,1340
4611521000,s,1340
4611611000,s,1340
4611827000,s,1340
4611905000,s,1340
4611971000,s,1340
4612037000,s,1340
4612060000,r,1440
4612060000,r,1440
4612060000,r,1440
4612060000,r,1440
4612263000,s,1340
4612385000,s,1340
4612511000,s,1340
4612545000,s,1340
4612558000,s,1340
4612569000,s,1340
4612746000,s,1340
4612824000,s,1340
4612890000,s,1340
4612978000,s,1340
4613027000,s,1340
4613198000,s,1340
4613297000,s,1340
4613375000,s,1340
4613679000,s,1340
4613739000,s,1340
4613792000,s,1340
4613952000,s,1340
4614102000,s,1340
4614669000,s,1340
4614784000,s,1340
4614922000,s,1340
4615075000,s,1340
4615217000,s,1340
4615432000,s,1340
4615503000,s,1340
4615645000,s,1340
4615773000,s,1340
4615859000,s,1340
4615909000,s,1340
4616131000,s,1340
4616228000,s,1340
4616281000,s,1340
4616449000,s,1340
4616648000,s,1340
4616714000,s,1340
4616818000,s,1340
4616959000,s,1340
4617115000,s,1340
4617155000,s,1340
4617237000,s,1340
4617384000,s,1340
4617539000,s,1340
4617614000,s,1340
4617809000,s,1340
4617897000,s,1340
4618058000,s,1340
4618245000,s,1340
4618325000,s,1340
4618528000,s,1340
4618633000,s,1340
4618809000,s,1340
4618898000,s,1340
4619091000,s,1340
4619252000,s,1340
4619361000,s,1340
4619617000,s,1340
4619666000,s,1340
4620173000,r,1440
4620340000,s,1340
4621516000,s,1340
4621654000,s,1340
4621940000,s,1340
4622035000,s,1340
4622133000,s,1340
4622201000,s,1340
4622350000,s,1340
4622447000,s,1340
4622600000,s,1340
4622733000,s,1340
4622870000,s,1340
4622940000,s,1340
4623085000,s,1340
4623237000,s,1340
4623254000,r,1440
4623315000,s,1340
4623385000,s,1340
4623545000,s,1340
4627711000,s,1340
4630414000,r,1440
4630414000,r,1440
4630414000,r,1440
4630414000,r,1440
4630414000,r,1440
4630415000,r,1440
4630415000,r,1440
4630415000,r,1440
4630516000,r,1440
4630984000,s,1340
4631114000,s,1340
4631157000,s,1340
4631169000,s,1340
4631197000,s,1340
4631232000,s,1340
4631387000,s,1340
4631437000,s,1340
4631515000,s,1340
4631545000,s,1340
4631630000,s,1340
4631720000,r,1440
4631720000,r,1440
4631720000,r,1440
4631720000,r,1440
4631720000,r,1440
4631720000,r,1440
4631720000,r,1440
4631932000,s,1340
4632119000,s,1340
4632225000,s,1340
4632296000,s,1340
4632379000,s,1340
4632461000,s,1340
4632545000,s,1340
4632656000,s,1340
4632959000,s,1340
4633441000,s,1340
4633562000,s,1340
4633764000,s,1340
4633845000,s,1340
4634010000,s,1340
4634152000,s,1340
4634313000,s,1340
4634482000,s,1340
4634661000,s,1340
4634740000,s,1340
4634817000,s,1340
4634993000,s,1340
4635092000,s,1340
4635383000,s,1340
4635461000,s,1340
4635708000,s,1340
4635791000,s,1340
4635864000,s,1340
4636027000,s,1340
4636396000,s,1340
4636531000,s,1340
4636651000,s,1340
4636731000,s,1340
4636900000,s,1340
4637007000,s,1340
4637135000,s,1340
4637209000,s,1340
4637278000,s,1340
4637379000,s,1340
4637527000,s,1340
4637687000,s,1340
4637761000,s,1340
4637924000,s,1340
4638199000,s,1340
4638238000,s,1340
4638276000,s,1340
4638553000,s,1340
4638607000,s,1340
4638661000,s,1340
4638791000,s,1340
4638877000,s,1340
4639036000,s,1340
4639181000,s,1340
4639257000,s,1340
4639436000,s,1340
4639595000,s,1340
4639681000,s,1340
4639834000,s,1340
4639922000,s,1340
4640183000,s,1340
4640226000,s,1340
4640291000,s,1340
4640668000,s,1340
4640735000,s,1340
4640835000,s,1340
4641155000,s,1340
4641350000,s,1340
4641561000,s,1340
4641641000,s,1340
4642359000,s,1340
4642521000,s,1340
4642712000,s,1340
4642771000,s,1340
4642923000,s,1340
4642999000,s,1340
4643092000,s,1340
4643134000,s,1340
4643245000,s,1340
4643284000,s,1340
4643959000,s,1340
4645134000,s,1340
4645290000,s,1340
4645439000,s,1340
4645519000,s,1340
4645896000,s,1340
4645935000,s,1340
4646113000,s,1340
4646151000,s,1340
4646172000,s,1340
4646232000,s,1340
4646407000,s,1340
4646445000,s,1340
4646781000,s,1340
4650801000,r,1440
4650801000,r,1440
4652682000,s,1340
4652789000,s,1340
4657687000,s,1340
4667437000,r,1440
4667437000,r,1440
4683367000,r,1440
4683367000,r,1440
4684078000,s,1340
4693961000,s,1340
4775958000,r,1440
4778480000,s,1340
4821500000,s,1340
5026105000,r,1440
5026105000,r,1440
5026106000,r,1440
5026106000,r,1440
5026106000,r,1440
5026107000,r,1440
5027861000,r,1440
5028188000,s,1340
5028287000,s,1340
5028539000,s,1340
5028812000,s,1340
5028968000,s,1340
5029078000,s,1340
5029182000,s,1340
5029277000,s,1340
5029294000,r,1440
5029958000,s,1340
5030150000,s,1340
5030249000,s,1340
5030292000,s,1340
5030669000,s,1340
5030877000,s,1340
5030940000,s,1340
5031190000,s,1340
5031746000,s,1340
5031860000,s,1340
5031921000,s,1340
5033532000,s,1340
5033888000,s,1340
5034090000,s,1340
5034608000,s,1340
5034898000,s,1340
5035085000,s,1340
5035251000,s,1340
5035415000,s,1340
5035594000,s,1340
5035805000,s,1340
5035979000,s,1340
5036167000,s,1340
5036346000,s,1340
5036531000,s,1340
5036801000,s,1340
5037100000,s,1340
5037301000,s,1340
5037441000,s,1340
5037564000,s,1340
5037767000,s,1340
5038581000,s,1340
5038784000,s,1340
5038964000,s,1340
5039195000,s,1340
5039278000,s,1340
5039429000,s,1340
5039514000,r,1440
5039580000,s,1340
5039742000,s,1340
5040303000,s,1340
5040598000,r,1440
5041017000,r,1440
5041287000,s,1340
5041470000,s,1340
5042163000,s,1340
5042321000,s,1340
5042646000,s,1340
5042779000,s,1340
5043222000,s,1340
5043264000,r,1440
5043383000,s,1340
5043508000,s,1340
5043592000,s,1340
5043667000,s,1340
5043749000,r,1440
5043773000,s,1340
5044018000,s,1340
5044277000,s,1340
5044409000,s,1340
5044537000,s,1340
5044729000,s,1340
5044867000,s,1340
5044966000,s,1340
5045057000,s,1340
5045134000,s,1340
5045252000,s,1340
5045384000,s,1340
5045502000,s,1340
5045660000,s,1340
5045786000,s,1340
5045902000,s,1340
5046185000,r,1440
5046284000,s,1340
5046421000,s,1340
5046549000,s,1340
5046708000,s,1340
5046845000,s,1340
5046986000,s,1340
5047133000,s,1340
5050219000,r,1440
5056987000,s,1340
7888823000,r,1440
7888824000,r,1440
7888824000,r,1440
7888825000,r,1440
7888825000,r,1440
7888826000,r,1440
7888826000,r,1440
7888826000,r,1440
7889812000,r,1440
7889813000,r,1440
7889813000,r,1440
7889814000,r,1440
7889814000,r,1440
7889815000,r,1440
7889815000,r,1440
7894035000,s,1340
7894464000,s,1340
7894881000,s,1340
7895433000,s,1340
7895782000,s,1340
7896214000,s,1340
7897244000,s,1340
7897584000,s,1340
7897853000,s,1340
7898107000,s,1340
7898345000,s,1340
7898616000,s,1340
7898905000,s,1340
7899180000,s,1340
7899428000,s,1340
7899694000,s,1340
7899951000,s,1340
7900212000,s,1340
7900470000,s,1340
7900903000,s,1340
7901181000,s,1340
7901436000,s,1340
7901691000,s,1340
7901957000,s,1340
7902220000,s,1340
7902503000,s,1340
7902767000,s,1340
7903057000,s,1340
7903315000,s,1340
7903582000,s,1340
7903862000,s,1340
7904175000,s,1340
7904435000,s,1340
7904822000,s,1340
7905137000,s,1340
7905401000,s,1340
7905661000,s,1340
7905918000,s,1340
7906189000,s,1340
7906441000,s,1340
7906689000,s,1340
7906889000,s,1340
7907107000,s,1340
7907380000,s,1340
7907638000,s,1340
7907893000,s,1340
7908168000,s,1340
7908318000,r,1440
7908438000,s,1340
7908319000,r,1440
7910639000,s,1340
7910878000,s,1340
7911021000,s,1340
7911147000,s,1340
7911277000,s,1340
7911410000,s,1340
7911606000,s,1340
7911794000,s,1340
7911989000,s,1340
7912277000,s,1340
7912543000,s,1340
7912997000,s,1340
7913263000,s,1340
7913537000,s,1340
7913733000,s,1340
7915066000,s,1340
7915344000,s,1340
7915597000,s,1340
7915884000,s,1340
7916128000,s,1340
7916404000,s,1340
7916870000,s,1340
7917189000,s,1340
7917703000,s,1340
7918003000,s,1340
7918280000,s,1340
7918565000,s,1340
7918854000,s,1340
7919116000,s,1340
7919387000,s,1340
7919648000,s,1340
7919917000,s,1340
7920153000,s,1340
7920355000,s,1340
7920539000,s,1340
7920907000,s,1340
7921119000,s,1340
7921343000,s,1340
7921721000,s,1340
7922001000,s,1340
7922186000,s,1340
7922323000,s,1340
7922443000,s,1340
7922554000,s,1340
7922719000,s,1340
7922828000,s,1340
7922929000,s,1340
7923033000,s,1340
7923227000,s,1340
7923396000,s,1340
7923563000,s,1340
7923746000,s,1340
7923922000,s,1340
7924108000,s,1340
7924296000,s,1340
7924462000,s,1340
7924695000,s,1340
7924827000,s,1340
7924954000,s,1340
7925078000,s,1340
7925202000,s,1340
7925320000,s,1340
7925431000,s,1340
7925537000,s,1340
7925654000,s,1340
7925777000,s,1340
7925904000,s,1340
7926026000,s,1340
7926148000,s,1340
7926268000,s,1340
7926390000,s,1340
7926513000,s,1340
7926638000,s,1340
7926768000,s,1340
7926886000,s,1340
7927012000,s,1340
7927135000,s,1340
7927273000,s,1340
7927395000,s,1340
7927519000,s,1340
7927639000,s,1340
7927762000,s,1340
7927892000,s,1340
7928015000,s,1340
7928153000,s,1340
7928298000,s,1340
7928437000,s,1340
7928578000,s,1340
7928763000,s,1340
7929206000,s,1340
7929354000,s,1340
7929415000,s,1340
7929457000,s,1340
7929835000,s,1340
7930031000,s,1340
7930184000,s,1340
7930360000,s,1340
7930455000,s,1340
7930558000,s,1340
7930740000,s,1340
7930782000,s,1340
7930855000,s,1340
7930919000,s,1340
7931029000,s,1340
7931082000,s,1340
7931131000,s,1340
7931606000,s,1340
7932684000,s,1340
7932855000,s,1340
7933247000,s,1340
7933387000,s,1340
7933533000,s,1340
7933680000,s,1340
7933813000,s,1340
7934103000,s,1340
7934241000,s,1340
7934370000,s,1340
7934500000,s,1340
7934622000,s,1340
7934756000,s,1340
7935058000,s,1340
7935191000,s,1340
7935468000,s,1340
7935617000,s,1340
7935744000,s,1340
7936430000,s,1340
7937537000,r,1440
7937664000,s,1340
7937809000,s,1340
7937915000,s,1340
7938053000,s,1340
7938167000,s,1340
7938294000,s,1340
7938620000,s,1340
7938768000,s,1340
7939122000,s,1340
7939259000,s,1340
7939583000,s,1340
7939713000,s,1340
7939839000,s,1340
7939939000,r,1440
7939939000,r,1440
7939939000,r,1440
7939939000,r,1440
7939939000,r,1440
7939939000,r,1440
7939940000,r,1440
7939940000,r,1440
7940050000,r,1440
7940050000,r,1440
7940051000,r,1440
7940051000,r,1440
7940051000,r,1440
7940051000,r,1440
7940051000,r,1440
7940051000,r,1440
7940088000,r,1440
7940088000,r,1440
7940090000,s,1340
7940233000,s,1340
7940360000,s,1340
7940489000,s,1340
7940659000,s,1340
7940795000,s,1340
7940927000,s,1340
7941050000,s,1340
7941181000,s,1340
7941317000,s,1340
7941427000,s,1340
7941482000,r,1440
7941482000,r,1440
7941483000,r,1440
7941483000,r,1440
7941483000,r,1440
7941681000,s,1340
7941800000,s,1340
7941912000,s,1340
7942028000,s,1340
7942130000,s,1340
7942229000,s,1340
7942327000,s,1340
7942425000,s,1340
7942532000,s,1340
7942629000,s,1340
7942987000,s,1340
7943130000,s,1340
7943278000,s,1340
7943397000,s,1340
7943501000,s,1340
7943601000,s,1340
7943735000,s,1340
7944035000,s,1340
7944173000,s,1340
7944510000,s,1340
7944697000,s,1340
7944890000,s,1340
7945022000,s,1340
7945503000,s,1340
7945674000,s,1340
7947140000,s,1340
7947529000,s,1340
7947681000,s,1340
7948010000,s,1340
7948176000,s,1340
7948507000,s,1340
7948905000,s,1340
7949012000,r,1440
7949013000,r,1440
7949013000,r,1440
7949013000,r,1440
7949216000,s,1340
7949369000,s,1340
7949552000,s,1340
7949698000,s,1340
7949850000,s,1340
7949991000,s,1340
7950145000,s,1340
7950259000,s,1340
7950651000,s,1340
7950817000,s,1340
7951007000,s,1340
7951114000,s,1340
7951665000,s,1340
7951806000,s,1340
7951936000,s,1340
7952170000,s,1340
7952332000,s,1340
7952478000,s,1340
7952903000,s,1340
7953051000,s,1340
7953140000,s,1340
7954687000,r,1440
7954814000,s,1340
7954960000,s,1340
7955171000,s,1340
7955329000,r,1440
7955329000,r,1440
7955329000,r,1440
7955329000,r,1440
7955472000,s,1340
7955548000,s,1340
7955632000,s,1340
7955712000,s,1340
7955761000,s,1340
7955814000,s,1340
7955863000,s,1340
7955909000,s,1340
7955989000,s,1340
7956043000,s,1340
7956092000,s,1340
7956264000,s,1340
7956467000,s,1340
7956608000,r,1440
7956688000,s,1340
7956819000,s,1340
7956940000,s,1340
7957046000,s,1340
7957181000,s,1340
7957327000,s,1340
7960185000,r,1440
7960185000,r,1440
7960186000,r,1440
7960186000,r,1440
7961533000,s,1340
7961903000,s,1340
7962599000,s,1340
7962765000,s,1340
7962845000,s,1340
7962880000,s,1340
7963361000,s,1340
7963628000,s,1340
7963834000,s,1340
7964245000,s,1340
7965119000,s,1340
7965452000,s,1340
7965670000,s,1340
7965894000,s,1340
7966094000,s,1340
7966302000,s,1340
7966513000,s,1340
7966743000,s,1340
7966951000,s,1340
7967146000,s,1340
7967375000,r,1440
7967375000,r,1440
7967375000,r,1440
7967376000,r,1440
7967376000,r,1440
7967376000,r,1440
7967377000,r,1440
7967377000,r,1440
7967728000,s,1340
7967748000,r,1440
7967749000,r,1440
7967749000,r,1440
7967749000,r,1440
7967750000,r,1440
7967750000,r,1440
7967750000,r,1440
7967751000,r,1440
7967858000,r,1440
7967859000,r,1440
7967859000,r,1440
7967859000,r,1440
7967860000,r,1440
7967860000,r,1440
7967861000,r,1440
7967861000,r,1440
7967957000,r,1440
7967957000,r,1440
7967957000,r,1440
7968338000,s,1340
7968561000,s,1340
7968907000,s,1340
7969148000,s,1340
7969388000,s,1340
7969614000,s,1340
7969844000,s,1340
7970076000,s,1340
7970298000,s,1340
7970496000,s,1340
7970697000,s,1340
7970858000,s,1340
7971009000,s,1340
7971155000,s,1340
7971320000,s,1340
7971469000,s,1340
7971616000,s,1340
7971799000,s,1340
7972015000,s,1340
7972221000,s,1340
7972433000,s,1340
7972704000,s,1340
7972930000,s,1340
7973144000,s,1340
7973350000,s,1340
7973546000,s,1340
7973739000,s,1340
7973939000,s,1340
7974125000,s,1340
7974307000,s,1340
7974491000,s,1340
7974682000,s,1340
7974868000,s,1340
7979733000,r,1440
7979734000,r,1440
7979734000,r,1440
7979734000,r,1440
7979735000,r,1440
7979735000,r,1440
7979736000,r,1440
7979736000,r,1440
7979994000,r,1440
7981156000,s,1340
7981266000,r,1440
7981267000,r,1440
7981715000,s,1340
7981838000,s,1340
7982286000,r,1440
7983004000,s,1340
7984445000,r,1440
7984445000,r,1440
7984446000,r,1440
7985880000,s,1340
7986011000,s,1340
7992685000,r,1440
9937238000,r,1440
9937239000,r,1440
9937239000,r,1440
9941628000,s,1340
9942125000,s,1340
9942435000,s,1340
9942694000,s,1340
9942881000,s,1340
9943060000,s,1340
9944040000,s,1340
9944316000,s,1340
9944508000,s,1340
9944795000,s,1340
9945054000,s,1340
9945234000,s,1340
9945418000,s,1340
9945669000,s,1340
9946171000,s,1340
9946387000,s,1340
9946632000,s,1340
9946867000,s,1340
9947110000,s,1340
9947355000,s,1340
9947550000,s,1340
9947736000,s,1340
9947965000,s,1340
9948148000,s,1340
9948334000,s,1340
9948513000,s,1340
9948891000,s,1340
9949168000,s,1340
9949413000,s,1340
9949652000,s,1340
9949886000,s,1340
9950133000,s,1340
9950389000,s,1340
9950633000,s,1340
9950875000,s,1340
9951118000,s,1340
9951371000,s,1340
9951611000,s,1340
9951848000,s,1340
9952091000,s,1340
9952396000,s,1340
9952926000,s,1340
9953187000,s,1340
9953460000,s,1340
9953712000,s,1340
9953954000,s,1340
9954192000,s,1340
9954451000,s,1340
9954696000,s,1340
9954944000,s,1340
9955189000,s,1340
9955426000,s,1340
9955683000,s,1340
9955918000,s,1340
9956154000,s,1340
9956378000,s,1340
9956698000,s,1340
9957207000,s,1340
9957505000,s,1340
9957761000,s,1340
9957996000,s,1340
9958205000,s,1340
9958408000,s,1340
9958623000,s,1340
9958869000,s,1340
9959104000,s,1340
9959319000,s,1340
9959524000,s,1340
9959756000,s,1340
9959959000,s,1340
9960170000,s,1340
9960375000,s,1340
9960583000,s,1340
9960954000,s,1340
9961495000,s,1340
9961765000,s,1340
9962022000,s,1340
9962240000,s,1340
9962450000,s,1340
9962664000,s,1340
9962886000,s,1340
9963121000,s,1340
9963336000,s,1340
9963563000,s,1340
9963769000,s,1340
9963999000,s,1340
9964222000,s,1340
9964486000,s,1340
9964828000,s,1340
9965478000,s,1340
12089250000,r,1440
12089250000,r,1440
12089251000,r,1440
12091130000,s,1340
12101960000,r,1440
12101961000,r,1440
12102398000,r,1440
12104106000,s,1340
12104461000,s,1340
16266998000,s,1340
16308453000,s,1340
16308981000,s,1340
17820874000,r,1440
17820875000,r,1440
17820875000,r,1440
17820876000,r,1440
17825693000,s,1340
17826091000,s,1340
17826301000,s,1340
17826554000,s,1340
17826745000,s,1340
17826929000,s,1340
17827180000,s,1340
17827440000,s,1340
17827685000,s,1340
17827874000,s,1340
17828083000,s,1340
17828344000,s,1340
17828583000,s,1340
17828895000,s,1340
17829158000,s,1340
17829399000,s,1340
17829632000,s,1340
17829873000,s,1340
17830111000,s,1340
17830346000,s,1340
17830586000,s,1340
17830845000,s,1340
17831068000,s,1340
17831276000,s,1340
17831496000,s,1340
17831742000,s,1340
17832021000,s,1340
17832251000,s,1340
17832745000,s,1340
17833017000,s,1340
17833258000,s,1340
17833509000,s,1340
17833747000,s,1340
17833977000,s,1340
17834219000,s,1340
17834441000,s,1340
17834655000,s,1340
17834906000,s,1340
17835148000,s,1340
17835361000,s,1340
17835582000,s,1340
17835810000,s,1340
17836047000,s,1340
17836299000,s,1340
17836535000,s,1340
17836924000,s,1340
17837180000,s,1340
17837428000,s,1340
17837650000,s,1340
17837867000,s,1340
17838088000,s,1340
17838316000,s,1340
17838320000,r,1440
17838321000,r,1440
17838543000,s,1340
17838752000,s,1340
17838973000,s,1340
17839219000,s,1340
17839474000,s,1340
17839678000,r,1440
17839703000,s,1340
17839936000,s,1340
17840172000,s,1340
17840405000,s,1340
17841066000,s,1340
17841335000,s,1340
17841615000,s,1340
17841857000,s,1340
17842092000,s,1340
17842331000,s,1340
17842602000,s,1340
17844745000,s,1340
17845036000,r,1440
17845058000,s,1340
17845383000,s,1340
17845746000,s,1340
17846304000,s,1340
17846576000,s,1340
17846838000,s,1340
17847120000,s,1340
17847382000,s,1340
17847642000,s,1340
17847919000,s,1340
17848176000,s,1340
17848424000,s,1340
17848772000,s,1340
17849042000,s,1340
17849295000,s,1340
17849540000,s,1340
17849800000,s,1340
17850085000,s,1340
17850340000,s,1340
17850585000,s,1340
17850828000,s,1340
17851109000,s,1340
17851356000,s,1340
17851595000,s,1340
17851881000,s,1340
17852499000,s,1340
17852858000,s,1340
17853108000,s,1340
17853372000,s,1340
17853623000,s,1340
17853878000,s,1340
17854171000,s,1340
17854445000,s,1340
17854690000,s,1340
17854931000,s,1340
17855168000,s,1340
17855409000,s,1340
17855678000,s,1340
17855916000,s,1340
17856154000,s,1340
17856403000,s,1340
17856762000,s,1340
17857027000,s,1340
17857270000,s,1340
22987955000,s,1340
23027222000,s,1340
23027663000,s,1340
23027835000,s,176
23046366000,r,1440
23046366000,r,120
23048354000,r,1440
23055516000,s,1340
23058975000,s,1340
26017369000,r,1440
26022125000,s,1340
26032752000,r,1440
26036726000,r,1440
26038596000,s,1340
26270998000,s,1340