0,r,1440
1951000,s,1340
585769000,s,1340
1848473000,r,1440
1848474000,r,1440
1848474000,r,1440
1848475000,r,1440
1851912000,s,1340
1852507000,s,1340
1862365000,r,1440
1862365000,r,1440
2772394000,r,1440
2775740000,s,1340
3209100000,s,1340
3209472000,s,1340
3209681000,s,1340
3237935000,r,1440
3237935000,r,1440
3241022000,r,1440
3241023000,r,1440
3241023000,r,1440
3242419000,s,1340
3242754000,s,1340
3248358000,s,1340
3251215000,s,1340
3251602000,s,1340
3251799000,s,1340
3252459000,s,1340
3252526000,r,1440
3253495000,r,1440
3256366000,r,1440
3256366000,r,1440
3257712000,s,1340
3262859000,r,1440
3264738000,s,1340
3266395000,r,1440
3275376000,r,1440
3276999000,s,1340
3277206000,r,1440
3278869000,r,1440
3278958000,r,1440
3280824000,s,1340
3281187000,s,1340
3304342000,s,1340
4204113000,r,1440
4937628000,s,1340
4983118000,s,1340
4983546000,s,1340
4983644000,s,1340
5002148000,s,1340
5002955000,s,1340
5006322000,s,1340
5006507000,r,1440
5007583000,s,1340
5012476000,s,1340
5012535000,s,1340
5017861000,r,1440
5017861000,r,1440
5019864000,r,1440
5020586000,s,1340
5022922000,s,1340
5024226000,s,1340
5024270000,s,1340
5024973000,r,1440
5024973000,r,1440
5025269000,s,1340
5025358000,s,1340
5025522000,s,1340
5027533000,s,1340
5027989000,r,1440
5029161000,s,1340
5030927000,s,1340
5033906000,r,1440
5038049000,r,1440
5039319000,r,1440
5039421000,r,1440
5039935000,s,1340
5040294000,s,1340
5040435000,s,1340
5041778000,r,1440
5041778000,r,1440
5041778000,r,1440
5042352000,s,1340
5049124000,r,1440
5051056000,r,1440
5051944000,s,1340
5058164000,r,1440
5059038000,s,1340
5060752000,s,1340
5062103000,s,1340
5067836000,r,1440
5067836000,r,1440
5067837000,r,1440
5067837000,r,1440
5067837000,r,1440
5067837000,r,1440
5067837000,r,1440
5067837000,r,1440
5068024000,r,1440
5068024000,r,1440
5068025000,r,1440
5068025000,r,1440
5068637000,s,1340
5068714000,s,1340
5068733000,s,1340
5068746000,s,1340
5068760000,s,1340
5068772000,s,1340
5068785000,s,1340
5070585000,r,1440
5078418000,r,1440
5078418000,r,1440
5079329000,s,1340
5079776000,s,1340
5093959000,s,1340
5094421000,s,1340
5104757000,s,1340
5107287000,r,1440
5113816000,r,1440
5113816000,r,1440
5113816000,r,1440
5113816000,r,1440
5114766000,s,1340
5114902000,s,1340
5115006000,s,1340
5115096000,s,1340
5115741000,r,1440
5115741000,r,1440
5115741000,r,1440
5115741000,r,1440
5115741000,r,1440
5115742000,r,1440
5115742000,r,1440
5115742000,r,1440
5115844000,r,1440
5115844000,r,1440
5115844000,r,1440
5115844000,r,1440
5115844000,r,1440
5115844000,r,1440
5115844000,r,1440
5115845000,r,1440
5115879000,r,1440
5115880000,r,1440
5116402000,s,1340
5116502000,s,1340
5116519000,s,1340
5116570000,s,1340
5116597000,s,1340
5116635000,s,1340
5116819000,s,1340
5116965000,s,1340
5117116000,s,1340
5117208000,s,1340
5117440000,r,1440
5117492000,s,1340
5117581000,s,1340
5117653000,s,1340
5117722000,s,1340
5117805000,s,1340
5117882000,s,1340
5117948000,s,1340
5118996000,s,1340
5119070000,s,1340
5120016000,s,1340
5120116000,s,1340
5120283000,s,1340
5120365000,s,1340
5120436000,s,1340
5120687000,s,1340
5120819000,s,1340
5120921000,s,1340
5120961000,s,1340
5121024000,s,1340
5121074000,s,1340
5121523000,s,1340
5121555000,s,1340
5121569000,s,1340
5121928000,s,1340
5122181000,s,1340
5122241000,s,1340
5122510000,s,1340
5122619000,s,1340
5122732000,s,1340
5122847000,s,1340
5123006000,s,1340
5123108000,s,1340
5123171000,s,1340
5123378000,s,1340
5123495000,s,1340
5123670000,s,1340
5123764000,s,1340
5124310000,s,1340
5124439000,s,1340
5124663000,s,1340
5124770000,s,1340
5125021000,s,1340
5125231000,s,1340
5125417000,s,1340
5125503000,s,1340
5125578000,s,1340
5125789000,s,1340
5125894000,r,1440
5125954000,s,1340
5125894000,r,1440
5125894000,r,1440
5125894000,r,1440
5125894000,r,1440
5125894000,r,1440
5126160000,s,1340
5126268000,s,1340
5126450000,s,1340
5126497000,s,1340
5126518000,s,1340
5126533000,s,1340
5126543000,s,1340
5126553000,s,1340
5126616000,s,1340
5126937000,s,1340
5127127000,s,1340
5127294000,s,1340
5127378000,s,1340
5127540000,s,1340
5127619000,s,1340
5127764000,s,1340
5127880000,s,1340
5128358000,s,1340
5128417000,s,1340
5129049000,s,1340
5129124000,s,1340
5129291000,s,1340
5129319000,s,1340
5129522000,s,1340
5129682000,s,1340
5129777000,s,1340
5129898000,s,1340
5130374000,s,1340
5130391000,s,1340
5130656000,s,1340
5130819000,s,1340
5131005000,s,1340
5131256000,s,1340
5131302000,s,1340
5131386000,s,1340
5131550000,s,1340
5131634000,s,1340
5131689000,s,1340
5132042000,s,1340
5132061000,s,1340
5132147000,s,1340
5132253000,s,1340
5132397000,s,1340
5132524000,s,1340
5132603000,s,1340
5132671000,r,1440
5132671000,r,1440
5132671000,r,1440
5132671000,r,1440
5133089000,s,1340
5133157000,s,1340
5133202000,s,1340
5133338000,s,1340
5133404000,s,1340
5134622000,s,1340
5134910000,s,1340
5134966000,s,1340
5135063000,s,1340
5135090000,s,1340
5135167000,s,1340
5135484000,s,1340
5135567000,s,1340
5135686000,s,1340
5135757000,s,1340
5135813000,r,1440
5135813000,r,1440
5136070000,s,1340
5136194000,s,1340
5136389000,s,1340
5136452000,s,1340
5137131000,s,1340
5138401000,s,1340
5138527000,s,1340
5138642000,s,1340
5138752000,s,1340
5138822000,s,1340
5138821000,r,1440
5138871000,s,1340
5138821000,r,1440
5138984000,s,1340
5139032000,s,1340
5139093000,s,1340
5139410000,r,1440
5139763000,s,1340
5141273000,r,1440
5141273000,r,1440
5141328000,r,1440
5141605000,s,1340
5142989000,r,1440
5144407000,r,1440
5144715000,s,1340
5145702000,r,1440
5145702000,r,1440
5145702000,r,1440
5146255000,s,1340
5156162000,s,1340
5158455000,r,1440
5158456000,r,1440
5158456000,r,1440
5158456000,r,1440
5158456000,r,1440
5158456000,r,1440
5158456000,r,1440
5158456000,r,1440
5158935000,s,1340
5159057000,s,1340
5159152000,s,1340
5159223000,s,1340
5159417000,s,1340
5159791000,s,1340
5159828000,s,1340
5170187000,r,1440
5170292000,s,1340
5170188000,r,1440
5170188000,r,1440
5170188000,r,1440
5170188000,r,1440
5171044000,s,1340
5171296000,s,1340
5171384000,s,1340
5171462000,s,1340
5171476000,r,1440
5171476000,r,1440
5171476000,r,1440
5171476000,r,1440
5171477000,r,1440
5171534000,s,1340
5171477000,r,1440
5171477000,r,1440
5171605000,s,1340
5171698000,s,1340
5171789000,s,1340
5171885000,s,1340
5172029000,s,1340
5172138000,s,1340
5172231000,s,1340
5172322000,s,1340
5172416000,s,1340
5172512000,s,1340
5172606000,s,1340
5172817000,s,1340
5172972000,s,1340
5173029000,s,1340
5173329000,s,1340
5173430000,s,1340
5173535000,s,1340
5173740000,s,1340
5173842000,s,1340
5174007000,s,1340
5174080000,s,1340
5174321000,s,1340
5174389000,s,1340
5174950000,s,1340
5175049000,s,1340
5176053000,s,1340
5176123000,s,1340
5176174000,s,1340
5177419000,s,1340
5177518000,s,1340
5177687000,s,1340
5177826000,s,1340
5178119000,s,1340
5178267000,s,1340
5178490000,s,1340
5178680000,s,1340
5178745000,s,1340
5179222000,s,1340
5179420000,s,1340
5179609000,s,1340
5179727000,s,1340
5179980000,s,1340
5180200000,s,1340
5180304000,s,1340
5180692000,s,1340
5180853000,s,1340
5181253000,s,1340
5181469000,s,1340
5181598000,s,1340
5181760000,s,1340
5182017000,s,1340
5182176000,s,1340
5182294000,s,1340
5182515000,s,1340
5182688000,s,1340
5182835000,s,1340
5182941000,s,1340
5183136000,s,1340
5183345000,s,1340
5183457000,s,1340
5183503000,s,1340
5183638000,s,1340
5183810000,s,1340
5184038000,s,1340
5184266000,s,1340
5184349000,s,1340
5184408000,s,1340
5184593000,s,1340
5184753000,s,1340
5184837000,s,1340
5184954000,s,1340
5185045000,s,1340
5195108000,s,1340
5195191000,s,1340
5195404000,s,1340
5195524000,s,1340
5195798000,s,1340
5196156000,s,1340
5196281000,s,1340
5196359000,s,1340
5196556000,s,1340
5196671000,s,1340
5196804000,s,1340
5197093000,s,1340
5197182000,s,1340
5197322000,s,1340
5197412000,s,1340
5197461000,s,1340
5197587000,s,1340
5197658000,s,1340
5197707000,s,1340
5197801000,s,1340
5197950000,s,1340
5198055000,s,1340
5199258000,s,1340
5199372000,s,1340
5199439000,s,1340
5199496000,s,1340
5199706000,s,1340
5199927000,s,1340
5200032000,s,1340
5200102000,s,1340
5200225000,s,1340
5200490000,s,1340
5200571000,s,1340
5200800000,s,1340
5200840000,s,1340
5200896000,s,1340
5200935000,s,1340
5201153000,s,1340
5201231000,s,1340
5201480000,s,1340
5201622000,s,1340
5201860000,s,1340
5201936000,s,1340
5202095000,s,1340
5202276000,s,1340
5202357000,s,1340
5202435000,s,1340
5203153000,s,1340
5203298000,s,1340
5203408000,s,1340
5203582000,s,1340
5203641000,s,1340
5214112000,s,1340
5228964000,s,1340
5229141000,s,1340
5234257000,r,1440
5242214000,s,1340
5243196000,s,1340
5247989000,r,1440
5247989000,r,1440
5254749000,r,1440
5255363000,r,1440
5255533000,s,1340
5256847000,r,1440
5256847000,r,1440
5257184000,s,1340
5257262000,s,1340
5259220000,s,1340
5302037000,r,1440
5302766000,r,1440
5305607000,r,1440
5305607000,r,1440
5306803000,r,1440
5306970000,r,1440
5307138000,s,1340
5307388000,s,1340
5317082000,r,1440
5317082000,r,1440
5317756000,s,1340
5318387000,r,1440
5348454000,s,1340
5357802000,r,1440
5358881000,r,1440
5359972000,r,1440
5360674000,s,1340
5531989000,r,1440
5531989000,r,1440
5531989000,r,1440
5531989000,r,1440
5531990000,r,1440
5531990000,r,1440
5533675000,s,1340
5533795000,s,1340
5533821000,s,1340
5533839000,s,1340
5533855000,s,1340
5533871000,s,1340
5533893000,s,1340
5534199000,s,1340
5534625000,s,1340
5534762000,s,1340
5535100000,s,1340
5535228000,s,1340
5535418000,s,1340
5535847000,s,1340
5536051000,s,1340
5536200000,s,1340
5536519000,s,1340
5536944000,s,1340
5537452000,s,1340
5537653000,s,1340
5537782000,s,1340
5537908000,s,1340
5545979000,r,1440
5545979000,r,1440
5546983000,r,1440
5547561000,s,1340
5547639000,s,1340
6453778000,r,1440
8156328000,r,1440
8156328000,r,1440
8156329000,r,1440
8156329000,r,1440
8156330000,r,1440
8156330000,r,1440
8156331000,r,1440
8156331000,r,1440
8157034000,r,1440
8157034000,r,1440
8157035000,r,1440
8157035000,r,1440
8160362000,s,1340
8160867000,s,1340
8161197000,s,1340
8161645000,s,1340
8161896000,s,1340
8162095000,s,1340
8162290000,s,1340
8162428000,s,1340
8162560000,s,1340
8172458000,r,1440
8172458000,r,1440
8172458000,r,1440
8172669000,s,1340
8174523000,s,1340
8174745000,s,1340
8175373000,r,1440
8175373000,r,1440
8175373000,r,1440
8175373000,r,1440
8175374000,r,1440
8175374000,r,1440
8175374000,r,1440
8175374000,r,1440
8175526000,r,1440
8175527000,r,1440
8175527000,r,1440
8175527000,r,1440
8175527000,r,1440
8175527000,r,1440
8175528000,r,1440
8175528000,r,1440
8175573000,r,1440
8177099000,s,1340
8177229000,s,1340
8177641000,s,1340
8178083000,s,1340
8178207000,s,1340
8178272000,s,1340
8178309000,s,1340
8178345000,s,1340
8179047000,s,1340
8179407000,s,1340
8179729000,s,1340
8180239000,s,1340
8180562000,s,1340
8182094000,s,1340
8182593000,s,1340
8182878000,s,1340
8183132000,s,1340
8183427000,s,1340
8183708000,s,1340
8184069000,s,1340
8184335000,s,1340
8185209000,s,1340
8187004000,r,1440
8187048000,s,1340
8187005000,r,1440
8188925000,r,1440
8188926000,r,1440
8188926000,r,1440
8188927000,r,1440
8189327000,s,1340
8190562000,s,1340
8190849000,s,1340
8191122000,s,1340
8191380000,s,1340
8191640000,s,1340
8191751000,r,1440
8191751000,r,1440
8191752000,r,1440
8191752000,r,1440
8191753000,r,1440
8191753000,r,1440
8191879000,s,1340
8191754000,r,1440
8191754000,r,1440
8191987000,r,1440
8191987000,r,1440
8191988000,r,1440
8191988000,r,1440
8191989000,r,1440
8191989000,r,1440
8191990000,r,1440
8191990000,r,1440
8192126000,r,1440
8192255000,s,1340
8192527000,s,1340
8192809000,s,1340
8193117000,s,1340
8193371000,r,1440
8193393000,s,1340
8193722000,s,1340
8194025000,s,1340
8194307000,s,1340
8194557000,s,1340
8194809000,s,1340
8195041000,s,1340
8195338000,s,1340
8195625000,s,1340
8195923000,s,1340
8196353000,s,1340
8196600000,s,1340
8196872000,s,1340
8197130000,s,1340
8197403000,s,1340
8197669000,s,1340
8197725000,r,1440
8197726000,r,1440
8197726000,r,1440
8197727000,r,1440
8197727000,r,1440
8197728000,r,1440
8197927000,s,1340
8197728000,r,1440
8197729000,r,1440
8198010000,r,1440
8198011000,r,1440
8198012000,r,1440
8198012000,r,1440
8198012000,r,1440
8198013000,r,1440
8198013000,r,1440
8198216000,s,1340
8198534000,s,1340
8198790000,s,1340
8199090000,s,1340
8199404000,s,1340
8199740000,s,1340
8200161000,s,1340
8200387000,s,1340
8200524000,r,1440
8200673000,s,1340
8200896000,r,1440
8201012000,s,1340
8201290000,s,1340
8201580000,s,1340
8201857000,s,1340
8202125000,s,1340
8202376000,s,1340
8202636000,s,1340
8202921000,s,1340
8203187000,s,1340
8203443000,s,1340
8203703000,s,1340
8204044000,s,1340
8204313000,s,1340
8204563000,s,1340
8204806000,s,1340
8205063000,s,1340
8205319000,s,1340
8205588000,s,1340
8205868000,s,1340
8206155000,s,1340
8206406000,s,1340
8206603000,s,1340
8206866000,s,1340
8207065000,s,1340
8207322000,s,1340
8212309000,s,1340
8228065000,r,1440
8229859000,s,1340
9123671000,r,1440
9123671000,r,1440
9127915000,s,1340
9940638000,r,1440
9940638000,r,1440
9944487000,s,1340
10033327000,s,1340
10404210000,r,1440
10404210000,r,1440
10404211000,r,1440
10404211000,r,1440
10409494000,s,1340
10409907000,s,1340
10410132000,s,1340
10410388000,s,1340
10417831000,s,1340
10420058000,r,1440
10424370000,r,1440
10424371000,r,1440
10426050000,s,1340
11332430000,r,1440
11332431000,r,1440
11332431000,r,1440
11335227000,s,1340
11335624000,s,1340
11347739000,r,1440
11347739000,r,1440
11347740000,r,1440
11349561000,s,1340
11364058000,r,1440
11364058000,r,1440
11365582000,s,1340
12292218000,r,1440
12295095000,s,1340
12686470000,s,1340
12728104000,r,1440
12729906000,r,1440
12729906000,r,1440
12730904000,r,1440
12731833000,r,1440
12732907000,s,1340
12733246000,s,1340
12734051000,r,1440
12734052000,r,1440
12734814000,r,1440
12737074000,s,1340
12740024000,r,1440
12740025000,r,1440
12742279000,s,1340
13624199000,r,1440
13626334000,s,1340
13692130000,r,1440
14600051000,r,1440
17516092000,r,1440
17517748000,s,1340
18187907000,r,1440
18187907000,r,1440
18187908000,r,1440
18187908000,r,1440
18187908000,r,1440
18191659000,s,1340
18192209000,s,1340
18196790000,s,1340
18197126000,s,1340
18201954000,s,1340
18212532000,r,1440
19156123000,r,1440
19156124000,r,1440
19157648000,s,1340
19972141000,r,1440
20744091000,r,1440
20747080000,s,1340
25608586000,r,1440
25608586000,r,1440
25608587000,r,1440
25612439000,s,1340
26365889000,s,1340
26403205000,s,1340
26403620000,s,1340
26428062000,r,1440
26432174000,r,1440
26434429000,s,1340
26444499000,r,1440
26446170000,s,1340
26448093000,r,1440
26448094000,r,1440
27300192000,r,1440
27300192000,r,1440
27300193000,r,1440
27300194000,r,1440
27302063000,s,1340
27302594000,s,1340
27303039000,s,1340