0,s,1340
33047000,s,1340
33465000,s,1340
33567000,s,1340
47478000,r,1440
47478000,r,1440
47685000,r,1440
47685000,r,1440
47686000,r,1440
47686000,r,1440
47686000,r,1440
47686000,r,1440
47892000,r,1440
47892000,r,1440
48229000,r,1440
48229000,r,1440
48524000,r,1440
48525000,r,1440
49137000,s,1340
49208000,s,1340
49230000,s,1340
50610000,r,1440
50611000,r,1440
50611000,r,1440
50611000,r,1440
50611000,r,1440
50611000,r,1440
50612000,r,1440
50612000,r,1440
51034000,s,1340
51304000,s,1340
51460000,s,1340
52883000,r,1440
53177000,r,1440
53392000,s,1340
54592000,r,1440
54592000,r,1440
54966000,s,1340
56077000,r,1440
57118000,r,1440
59595000,r,1440
59595000,r,1440
59900000,s,1340
59983000,s,1340
63630000,r,1440
64970000,r,1440
64970000,r,1440
65835000,s,1340
67572000,r,1440
70810000,r,1440
70810000,r,1440
71207000,s,1340
71264000,s,1340
72396000,r,1440
72396000,r,1440
74390000,r,1440
75016000,s,1340
75595000,r,1440
75596000,r,1440
76447000,s,1340
78738000,r,1440
78738000,r,1440
79630000,s,1340
80529000,r,1440
80530000,r,1440
83319000,r,1440
83319000,r,1440
83935000,s,1340
84061000,s,1340
85276000,r,1440
85276000,r,1440
87127000,r,1440
87586000,s,1340
89100000,r,1440
91607000,r,1440
92610000,s,1340
92690000,r,1440
92690000,r,1440
93184000,s,1340
94849000,r,1440
94849000,r,1440
97961000,r,1440
97962000,r,1440
99108000,s,1340
99299000,s,1340
102509000,r,1440
102510000,r,1440
102510000,r,1440
102510000,r,1440
103476000,s,1340
104680000,r,1440
104680000,r,1440
105958000,s,1340
106105000,r,1440
107017000,r,1440
108311000,s,1340
109416000,r,1440
109416000,r,1440
110620000,s,1340
115515000,r,1440
116463000,s,1340
728026000,r,1440
728027000,r,1440
728027000,r,1440
730954000,s,1340
734859000,r,1440
734859000,r,1440
734859000,r,1440
734860000,r,1440
734860000,r,1440
734861000,r,1440
734861000,r,1440
734862000,r,1440
735408000,r,1440
735409000,r,1440
735409000,r,1440
735410000,r,1440
736511000,r,1440
737165000,r,1440
737199000,s,1340
737362000,s,1340
737419000,s,1340
737559000,s,1340
738614000,r,1440
738614000,r,1440
740144000,s,1340
743501000,r,1440
743501000,r,1440
743502000,r,1440
744940000,s,1340
745223000,s,1340
745316000,r,1440
747615000,r,1440
751605000,r,1440
751605000,r,1440
753277000,s,1340
754850000,r,1440
754851000,r,1440
755375000,s,1340
756955000,r,1440
756955000,r,1440
757661000,s,1340
759649000,r,1440
759650000,r,1440
760035000,r,1440
761058000,s,1340
761155000,s,1340
763376000,r,1440
763377000,r,1440
763377000,r,1440
765079000,s,1340
766029000,r,1440
766029000,r,1440
766502000,r,1440
767243000,s,1340
767402000,s,1340
767628000,r,1440
769336000,r,1440
769517000,r,1440
769518000,r,1440
770508000,s,1340
771513000,r,1440
772353000,r,1440
772638000,s,1340
774057000,r,1440
774058000,r,1440
775220000,s,1340
776656000,r,1440
776657000,r,1440
777351000,s,1340
777523000,r,1440
777821000,s,1340
778558000,r,1440
783535000,r,1440
783535000,r,1440
785267000,s,1340
786134000,r,1440
786134000,r,1440
786765000,r,1440
787359000,s,1340
788189000,s,1340
788253000,r,1440
788253000,r,1440
789662000,r,1440
790152000,s,1340
790558000,r,1440
791414000,r,1440
792049000,s,1340
794081000,r,1440
794082000,r,1440
794680000,s,1340
797781000,r,1440
797782000,r,1440
798630000,s,1340
799651000,r,1440
799942000,r,1440
800401000,s,1340
803519000,r,1440
803520000,r,1440
804848000,s,1340
805711000,r,1440
806563000,s,1340
807628000,r,1440
808436000,r,1440
808994000,s,1340
810060000,r,1440
810061000,r,1440
813532000,r,1440
813533000,r,1440
814755000,s,1340
814849000,r,1440
815016000,s,1340
818066000,r,1440
818066000,r,1440
819158000,s,1340
823666000,r,1440
823667000,r,1440
825150000,s,1340
826311000,r,1440
826312000,r,1440
827169000,r,1440
827169000,r,1440
827389000,s,1340
830387000,r,1440
830388000,r,1440
831374000,s,1340
831496000,s,1340
833063000,r,1440
833064000,r,1440
835604000,r,1440
836544000,s,1340
838927000,r,1440
839629000,r,1440
840134000,s,1340
843671000,r,1440
843671000,r,1440
843672000,r,1440
844401000,s,1340
1599722000,r,1440
1599722000,r,1440
1599723000,r,1440
1599723000,r,1440
1599724000,r,1440
1599724000,r,1440
1599725000,r,1440
1599725000,r,1440
1600460000,r,1440
1600461000,r,1440
1600462000,r,1440
1600462000,r,1440
1600462000,r,1440
1600463000,r,1440
1600463000,r,1440
1600464000,r,1440
1600627000,r,1440
1600628000,r,1440
1600628000,r,1440
1600629000,r,1440
1600629000,r,1440
1600630000,r,1440
1600630000,r,1440
1600630000,r,1440
1600781000,r,1440
1600782000,r,1440
1600782000,r,1440
1600783000,r,1440
1600783000,r,1440
1600784000,r,1440
1600784000,r,1440
1600785000,r,1440
1600928000,r,1440
1600928000,r,1440
1600929000,r,1440
1600929000,r,1440
1600930000,r,1440
1600930000,r,1440
1600931000,r,1440
1600931000,r,1440
1601071000,r,1440
1601071000,r,1440
1601072000,r,1440
1601072000,r,1440
1601073000,r,1440
1601073000,r,1440
1601074000,r,1440
1601074000,r,1440
1601213000,r,1440
1601213000,r,1440
1601214000,r,1440
1601214000,r,1440
1601215000,r,1440
1601215000,r,1440
1601216000,r,1440
1601216000,r,1440
1601354000,r,1440
1601355000,r,1440
1601355000,r,1440
1601356000,r,1440
1601356000,r,1440
1601357000,r,1440
1601357000,r,1440
1601358000,r,1440
1601573000,r,1440
1601574000,r,1440
1601574000,r,1440
1601575000,r,1440
1601575000,r,1440
1601576000,r,1440
1601576000,r,1440
1601577000,r,1440
1601728000,r,1440
1601728000,r,1440
1601729000,r,1440
1601729000,r,1440
1601730000,r,1440
1601730000,r,1440
1601731000,r,1440
1601731000,r,1440
1601868000,r,1440
1601868000,r,1440
1601869000,r,1440
1601869000,r,1440
1601870000,r,1440
1601870000,r,1440
1601871000,r,1440
1601871000,r,1440
1602010000,r,1440
1602010000,r,1440
1602011000,r,1440
1602011000,r,1440
1602012000,r,1440
1602012000,r,1440
1602013000,r,1440
1602013000,r,1440
1602151000,r,1440
1602152000,r,1440
1602152000,r,1440
1602153000,r,1440
1602153000,r,1440
1602154000,r,1440
1602154000,r,1440
1602155000,r,1440
1602282000,r,1440
1602282000,r,1440
1602327000,r,1440
1602532000,s,1340
1603012000,s,1340
1603232000,s,1340
1603485000,s,1340
1604496000,s,1340
1604717000,s,1340
1604987000,s,1340
1605385000,s,1340
1608006000,r,1440
1608007000,r,1440
1608007000,r,1440
1609737000,s,1340
1610311000,r,1440
1611361000,r,1440
1612474000,s,1340
1614709000,r,1440
1614710000,r,1440
1615826000,s,1340
1618056000,r,1440
1618057000,r,1440
1620764000,r,1440
1620765000,r,1440
1622064000,s,1340
1622331000,s,1340
1623596000,r,1440
1623742000,r,1440
1626571000,r,1440
1627721000,s,1340
1631230000,r,1440
1631231000,r,1440
1632438000,s,1340
1633935000,r,1440
1633936000,r,1440
1633936000,r,1440
1634714000,r,1440
1635047000,s,1340
1639597000,r,1440
1639598000,r,1440
1640669000,s,1340
1640941000,s,1340
2315527000,r,1440
2315527000,r,1440
2315528000,r,1440
2315528000,r,1440
2315529000,r,1440
2315529000,r,1440
2315530000,r,1440
2315530000,r,1440
2316258000,r,1440
2316259000,r,1440
2316259000,r,1440
2316260000,r,1440
2316260000,r,1440
2316261000,r,1440
2316261000,r,1440
2316262000,r,1440
2316422000,r,1440
2316422000,r,1440
2316423000,r,1440
2316423000,r,1440
2316424000,r,1440
2316424000,r,1440
2316425000,r,1440
2316425000,r,1440
2316573000,r,1440
2316573000,r,1440
2316574000,r,1440
2316574000,r,1440
2316575000,r,1440
2316575000,r,1440
2316576000,r,1440
2316576000,r,1440
2316708000,r,1440
2316709000,r,1440
2316811000,r,1440
2317081000,r,1440
2317081000,r,1440
2318645000,s,1340
2318919000,s,1340
2319647000,r,1440
2319647000,r,1440
2321731000,r,1440
2321732000,r,1440
2322521000,r,1440
2322521000,r,1440
2322780000,s,1340
2324014000,s,1340
2325457000,r,1440
2325458000,r,1440
2325458000,r,1440
2325459000,r,1440
2325459000,r,1440
2325460000,r,1440
2325460000,r,1440
2325461000,r,1440
2325845000,r,1440
2325845000,r,1440
2325846000,r,1440
2325945000,r,1440
2327109000,s,1340
2328067000,s,1340
2328374000,s,1340
2330076000,r,1440
2330076000,r,1440
2330451000,r,1440
2331057000,s,1340
2333966000,r,1440
2333966000,r,1440
2333967000,r,1440
2334981000,s,1340
2335226000,s,1340
2335612000,r,1440
2339634000,r,1440
2340945000,r,1440
2340945000,r,1440
2342479000,s,1340
2342820000,r,1440
2343481000,s,1340
2344853000,r,1440
2347618000,r,1440
2348028000,r,1440
2348491000,s,1340
2349709000,r,1440
2349710000,r,1440
2350464000,s,1340
2350632000,s,1340
2351582000,r,1440
2355603000,r,1440
2355604000,r,1440
2355727000,r,1440
2356896000,s,1340
2358328000,r,1440
2358329000,r,1440
2358587000,r,1440
2359088000,s,1340
2359917000,s,1340
2360974000,r,1440
2363494000,r,1440
2363495000,r,1440
2364324000,s,1340
2364513000,s,1340
2365793000,r,1440
2367161000,r,1440
2370702000,r,1440
2370703000,r,1440
2370703000,r,1440
2371323000,r,1440
2371779000,s,1340
2372076000,s,1340
2372484000,s,1340
2375465000,r,1440
2375465000,r,1440
2376259000,r,1440
2376636000,s,1340
2379585000,r,1440
2380418000,s,1340
3029872000,r,1440
3029872000,r,1440
3029873000,r,1440
3029873000,r,1440
3029874000,r,1440
3029874000,r,1440
3029875000,r,1440
3029875000,r,1440
3030624000,r,1440
3030625000,r,1440
3030625000,r,1440
3030626000,r,1440
3030626000,r,1440
3030627000,r,1440
3030627000,r,1440
3030628000,r,1440
3030793000,r,1440
3030794000,r,1440
3030794000,r,1440
3030795000,r,1440
3030795000,r,1440
3030796000,r,1440
3030796000,r,1440
3030797000,r,1440
3032813000,s,1340
3033245000,s,1340
3033438000,s,1340
3694871000,r,1440
3694872000,r,1440
3694872000,r,1440
3694873000,r,1440
3694873000,r,1440
3694874000,r,1440
3694874000,r,1440
3694875000,r,1440
3695613000,r,1440
3695613000,r,1440
3695614000,r,1440
3695614000,r,1440
3695615000,r,1440
3695615000,r,1440
3695616000,r,1440
3695616000,r,1440
3695776000,r,1440
3695776000,r,1440
3695777000,r,1440
3695777000,r,1440
3695778000,r,1440
3695778000,r,1440
3695779000,r,1440
3695779000,r,1440
3695926000,r,1440
3695927000,r,1440
3695927000,r,1440
3695928000,r,1440
3695928000,r,1440
3695929000,r,1440
3696108000,r,1440
3696109000,r,1440
3696109000,r,1440
3696110000,r,1440
3696110000,r,1440
3696111000,r,1440
3696111000,r,1440
3696112000,r,1440
3696264000,r,1440
3696264000,r,1440
3696265000,r,1440
3696265000,r,1440
3696266000,r,1440
3696266000,r,1440
3696380000,r,1440
3696381000,r,1440
3696381000,r,1440
3696382000,r,1440
3697508000,s,1340
3697862000,s,1340
3698332000,s,1340
3698535000,s,1340
3699348000,r,1440
3699348000,r,1440
3699349000,r,1440
3699349000,r,1440
3699350000,r,1440
3699350000,r,1440
3699351000,r,1440
3699351000,r,1440
3699794000,r,1440
3699795000,r,1440
3700719000,s,1340
3700894000,s,1340
3701663000,s,1340
3702783000,r,1440
3702783000,r,1440
3702784000,r,1440
3703688000,r,1440
3704554000,s,1340
3706250000,r,1440
3706251000,r,1440
3707269000,r,1440
3707270000,r,1440
3707682000,s,1340
3708206000,s,1340
3710012000,r,1440
3710012000,r,1440
3710968000,r,1440
3711536000,s,1340
3711757000,s,1340
3713943000,r,1440
3713943000,r,1440
3715504000,r,1440
3716447000,s,1340
3716774000,r,1440
3718574000,r,1440
3718575000,r,1440
3719122000,s,1340
3719495000,s,1340
3721738000,r,1440
3721738000,r,1440
3723596000,r,1440
3724413000,r,1440
3724750000,s,1340
3727231000,r,1440
3727232000,r,1440
3727801000,s,1340
3728409000,s,1340
3728974000,r,1440
3728974000,r,1440
3730364000,r,1440
3731162000,s,1340
3733881000,r,1440
3733881000,r,1440
3735882000,s,1340
3737133000,r,1440
3737133000,r,1440
3737711000,r,1440
3738374000,s,1340
3743126000,r,1440
3743127000,r,1440
3744984000,s,1340
3745127000,s,1340
3747461000,r,1440
3747462000,r,1440
3748704000,r,1440
3749261000,s,1340
3751626000,r,1440
3752947000,r,1440
3753899000,s,1340
3753990000,r,1440
3755087000,r,1440
3755303000,r,1440
3755432000,s,1340
3757718000,r,1440
3757719000,r,1440
3758579000,s,1340
3758757000,s,1340
3759112000,r,1440
3761172000,r,1440
3761173000,r,1440
3762772000,s,1340
3765882000,r,1440
3765882000,r,1440
3766962000,s,1340
3770028000,r,1440
3770029000,r,1440
3771505000,s,1340
3773775000,r,1440
3774675000,r,1440
3777310000,r,1440
3777311000,r,1440
3778152000,r,1440
3778618000,s,1340
3779045000,s,1340
3779618000,r,1440
3780436000,r,1440
3780626000,s,1340
3782211000,r,1440
3782212000,r,1440
3783303000,s,1340
3783658000,s,1340
3784198000,r,1440
3787241000,r,1440
3787242000,r,1440
3787546000,r,1440
3788920000,s,1340
3790796000,r,1440
3791660000,s,1340
4459724000,r,1440
4459724000,r,1440
4459724000,r,1440
4459725000,r,1440
4459725000,r,1440
4459725000,r,1440
4459726000,r,1440
4459726000,r,1440
4460307000,r,1440
4460307000,r,1440
4460307000,r,1440
4460308000,r,1440
4460308000,r,1440
4460308000,r,1440
4460308000,r,1440
4460309000,r,1440
4460414000,r,1440
4460414000,r,1440
4460414000,r,1440
4460415000,r,1440
4460415000,r,1440
4460415000,r,1440
4460416000,r,1440
4460416000,r,1440
4461961000,s,1340
4462130000,s,1340
4463113000,s,1340
4463510000,s,1340
4609372000,s,1340
4968984000,s,1340
4985457000,r,1440
4985458000,r,1440
4985458000,r,1440
4986330000,r,1440
4988618000,s,1340
4988677000,r,1440
4988677000,r,1440
4988944000,s,1340
4989570000,r,1440
4990119000,s,1340
4990493000,r,1440
4995094000,r,1440
4995229000,s,1340
4995320000,s,1340
4996642000,r,1440
4998947000,r,1440
4998947000,r,1440
4999679000,s,1340
5002633000,r,1440
5002634000,r,1440
5003140000,s,1340
5005561000,r,1440
5005561000,r,1440
5006536000,s,1340
5007634000,r,1440
5007635000,r,1440
5007798000,r,1440
5009223000,s,1340
5009441000,s,1340
5009545000,s,1340
5009883000,r,1440
5010393000,r,1440
5013789000,r,1440
5013790000,r,1440
5015450000,s,1340
5016474000,r,1440
5017320000,s,1340
5030444000,s,1340
5039635000,r,1440
5039933000,r,1440
5041868000,r,1440
5041868000,r,1440
5042751000,s,1340
5043487000,r,1440
5043487000,r,1440
5043487000,r,1440
5044280000,s,1340
5044418000,s,1340
5044484000,s,1340
5044930000,r,1440
5045302000,r,1440
5046258000,s,1340
5047612000,r,1440
5050068000,r,1440
5050069000,r,1440
5051323000,s,1340
5051616000,r,1440
5052949000,r,1440
5053351000,s,1340
5054382000,r,1440
5054383000,r,1440
5054383000,r,1440
5055323000,r,1440
5055707000,s,1340
5056152000,s,1340
5056913000,r,1440
5056914000,r,1440
5058018000,s,1340
5058763000,r,1440
5059779000,s,1340
5060334000,s,1340
5060828000,r,1440
5062959000,r,1440
5064917000,r,1440
5065568000,r,1440
5065813000,s,1340
5066105000,s,1340
5067301000,r,1440
5067301000,r,1440
5067302000,r,1440
5068417000,r,1440
5068989000,s,1340
5069295000,s,1340
5071218000,r,1440
5071219000,r,1440
5071219000,r,1440
5073781000,s,1340
5074959000,r,1440
5075445000,r,1440
5076433000,s,1340
5079431000,r,1440
5079431000,r,1440
5079431000,r,1440
5079432000,r,1440
5079432000,r,1440
5079432000,r,1440
5079433000,r,1440
5079433000,r,1440
5079671000,r,1440
5079672000,r,1440
5079672000,r,1440
5079672000,r,1440
5079673000,r,1440
5080370000,r,1440
5080426000,s,1340
5081308000,s,1340
5081407000,s,1340
5081471000,s,1340
5081706000,s,1340
5082126000,r,1440
5082640000,s,1340
5083109000,s,1340
5083423000,s,1340
5083599000,r,1440
5083727000,r,1440
5083756000,s,1340
5084023000,s,1340
5084258000,s,1340
5086167000,r,1440
5086882000,s,1340
5090985000,r,1440
5092588000,r,1440
5092588000,r,1440
5093292000,s,1340
5093420000,s,1340
5093933000,r,1440
5094031000,s,1340
5095615000,r,1440
5099587000,r,1440
5099731000,r,1440
5100217000,s,1340
5142932000,s,1340
5143077000,s,1340
5151625000,r,1440
5151625000,r,1440
5152019000,r,1440
5153268000,s,1340
5154366000,r,1440
5154366000,r,1440
5155100000,s,1340
5157984000,r,1440
5157984000,r,1440
5158847000,s,1340
5159612000,r,1440
5160359000,r,1440
5163067000,r,1440
5163720000,s,1340
5164180000,s,1340
5164283000,r,1440
5164370000,s,1340
5166162000,r,1440
5166162000,r,1440
5166163000,r,1440
5166885000,s,1340
5167625000,r,1440
5168170000,r,1440
5168835000,s,1340
5171121000,r,1440
5171122000,r,1440
5171759000,s,1340
5173456000,r,1440
5174616000,s,1340
5174873000,s,1340
5175582000,r,1440
5176069000,r,1440
5176391000,s,1340
5178808000,r,1440
5178808000,r,1440
5179773000,s,1340
5180298000,r,1440
5180646000,s,1340
5182350000,r,1440
5182350000,r,1440
5183130000,s,1340
5185585000,r,1440
5191632000,r,1440
5191633000,r,1440
5191633000,r,1440
5192080000,s,1340
5192256000,s,1340
5192792000,r,1440
5192792000,r,1440
5192931000,s,1340
5195622000,r,1440
5196033000,r,1440
5196334000,s,1340
5196450000,s,1340
5196494000,s,1340
5196537000,s,1340
5196713000,s,1340
5196880000,s,1340
5196978000,s,1340
5197116000,s,1340
5197397000,s,1340
5197594000,s,1340
5197740000,s,1340
5197890000,s,1340
5198036000,s,1340
5198301000,r,1440
5198386000,s,1340
5198546000,s,1340
5198700000,s,1340
5198835000,s,1340
5198968000,s,1340
5199111000,s,1340
5199218000,s,1340
5199371000,s,1340
5199631000,s,1340
5199766000,s,1340
5199942000,s,1340
5200182000,s,1340
5200257000,s,1340
5200506000,s,1340
5200738000,r,1440
5200738000,r,1440
5200805000,s,1340
5200991000,s,1340
5201172000,s,1340
5201345000,s,1340
5202843000,r,1440
5203477000,s,1340
5203616000,r,1440
5203617000,r,1440
5203617000,r,1440
5204641000,s,1340
5204822000,s,1340
5208827000,r,1440
5208828000,r,1440
5208828000,r,1440
5208828000,r,1440
5208829000,r,1440
5208829000,r,1440
5208829000,r,1440
5208829000,r,1440
5209066000,r,1440
5209067000,r,1440
5209068000,r,1440
5209675000,r,1440
5209676000,r,1440
5209815000,s,1340
5209937000,s,1340
5209982000,s,1340
5210017000,s,1340
5210049000,s,1340
5210085000,s,1340
5210341000,s,1340
5210656000,s,1340
5210994000,s,1340
5211132000,r,1440
5211133000,r,1440
5211133000,r,1440
5211225000,s,1340
5211133000,r,1440
5211134000,r,1440
5211134000,r,1440
5211135000,r,1440
5211135000,r,1440
5211335000,r,1440
5211335000,r,1440
5211336000,r,1440
5211336000,r,1440
5211648000,s,1340
5211807000,s,1340
5211917000,s,1340
5212002000,s,1340
5212084000,s,1340
5212276000,s,1340
5212394000,s,1340
5212514000,s,1340
5212633000,s,1340
5212753000,s,1340
5212860000,s,1340
5212972000,s,1340
5213103000,r,1440
5213166000,s,1340
5213256000,r,1440
5213256000,r,1440
5213529000,s,1340
5213732000,s,1340
5213906000,s,1340
5214052000,s,1340
5214190000,s,1340
5214327000,s,1340
5214464000,s,1340
5214607000,s,1340
5214748000,s,1340
5214890000,s,1340
5215033000,s,1340
5215170000,s,1340
5215307000,s,1340
5215338000,r,1440
5215447000,s,1340
5215665000,s,1340
5215809000,s,1340
5215945000,r,1440
5215956000,s,1340
5216127000,s,1340
5218612000,r,1440
5218613000,r,1440
5218993000,s,1340
5219369000,r,1440
5220019000,s,1340
5220852000,r,1440
5220852000,r,1440
5220853000,r,1440
5220853000,r,1440
5220853000,r,1440
5220854000,r,1440
5220854000,r,1440
5220854000,r,1440
5221065000,r,1440
5221065000,r,1440
5221066000,r,1440
5221066000,r,1440
5221792000,s,1340
5221924000,s,1340
5221985000,s,1340
5222028000,s,1340
5222219000,s,1340
5222328000,s,1340
5222478000,s,1340
5222621000,r,1440
5223247000,r,1440
5223247000,r,1440
5223248000,r,1440
5223248000,r,1440
5223248000,r,1440
5223249000,r,1440
5223249000,r,1440
5223250000,r,1440
5223477000,s,1340
5223609000,s,1340
5223934000,s,1340
5224054000,s,1340
5224137000,s,1340
5224389000,s,1340
5224474000,s,1340
5224508000,s,1340
5224604000,s,1340
5224662000,r,1440
5224662000,r,1440
5224663000,r,1440
5224663000,r,1440
5224663000,r,1440
5224664000,r,1440
5224664000,r,1440
5225141000,s,1340
5225344000,s,1340
5225412000,r,1440
5225488000,s,1340
5225641000,s,1340
5225898000,s,1340
5226030000,r,1440
5226066000,s,1340
5226218000,s,1340
5226366000,s,1340
5226519000,s,1340
5226677000,s,1340
5226982000,s,1340
5227219000,s,1340
5227382000,s,1340
5227592000,r,1440
5230419000,r,1440
5230419000,r,1440
5230419000,r,1440
5231092000,s,1340
5231273000,s,1340
5235360000,r,1440
5235361000,r,1440
5236199000,s,1340
5237234000,r,1440
5237234000,r,1440
5237794000,s,1340
5238679000,r,1440
5238679000,r,1440
5239477000,s,1340
5240747000,r,1440
5240747000,r,1440
5240747000,r,1440
5241162000,s,1340
5241250000,s,1340
5243601000,r,1440
5247622000,r,1440
5249419000,s,1340
5250502000,r,1440
5250503000,r,1440
5250675000,s,1340
5251631000,r,1440
5253771000,r,1440
5255375000,r,1440
5255725000,s,1340
5256256000,s,1340
5256945000,r,1440
5258734000,r,1440
5259380000,s,1340
5259785000,r,1440
5261545000,r,1440
5261545000,r,1440
5262369000,s,1340
5262491000,s,1340
5262555000,s,1340
5262595000,s,1340
5262789000,s,1340
5262903000,s,1340
5262948000,s,1340
5263023000,s,1340
5263097000,s,1340
5263635000,r,1440
5263794000,r,1440
5264212000,s,1340
5264601000,s,1340
5264804000,s,1340
5265007000,s,1340
5265312000,s,1340
5265345000,r,1440
5265442000,s,1340
5265509000,s,1340
5265804000,s,1340
5265944000,s,1340
5266079000,s,1340
5266196000,s,1340
5266507000,s,1340
5266642000,s,1340
5266706000,s,1340
5266928000,s,1340
5267082000,s,1340
5267336000,s,1340
5267446000,s,1340
5267750000,s,1340
5268090000,s,1340
5268275000,s,1340
5268417000,s,1340
5268947000,s,1340
5269106000,s,1340
5269252000,s,1340
5269386000,s,1340
5269521000,s,1340
5269630000,s,1340
5270453000,s,1340
5270731000,s,1340
5271472000,s,1340
5271674000,s,1340
5271805000,s,1340
5271917000,s,1340
5271927000,r,1440
5272052000,s,1340
5271927000,r,1440
5272417000,s,1340
5272613000,s,1340
5273064000,s,1340
5273128000,s,1340
5273574000,s,1340
5273710000,s,1340
5273760000,s,1340
5274198000,s,1340
5274253000,r,1440
5274263000,s,1340
5274253000,r,1440
5274717000,s,1340
5274733000,r,1440
5274857000,s,1340
5274978000,s,1340
5275237000,s,1340
5275422000,s,1340
5276160000,r,1440
5279237000,r,1440
5279237000,r,1440
5279865000,s,1340
5279951000,s,1340
5282214000,r,1440
5283371000,r,1440
5283371000,r,1440
5283372000,r,1440
5283372000,r,1440
5284233000,s,1340
5284345000,s,1340
5285487000,r,1440
5285487000,r,1440
5285487000,r,1440
5285644000,s,1340
5286546000,s,1340
5286654000,s,1340
5286968000,r,1440
5289112000,s,1340
5289736000,r,1440
5289878000,r,1440
5289968000,s,1340
5290114000,r,1440
5290568000,s,1340
5292438000,r,1440
5295625000,r,1440
5296067000,s,1340
5297224000,r,1440
5297224000,r,1440
5297722000,s,1340
5299612000,r,1440
5299612000,r,1440
5299613000,r,1440
5299613000,r,1440
5300579000,r,1440
5300809000,s,1340
5300942000,s,1340
5302930000,r,1440
5306682000,r,1440
5306682000,r,1440
5306683000,r,1440
5307330000,s,1340
5307457000,s,1340
5308456000,r,1440
5308457000,r,1440
5308457000,r,1440
5309302000,s,1340
5309421000,s,1340
5310717000,r,1440
5310718000,r,1440
5310718000,r,1440
5310719000,r,1440
5310719000,r,1440
5310719000,r,1440
5310720000,r,1440
5311449000,s,1340
5311670000,s,1340
5311944000,s,1340
5312229000,s,1340
5314356000,r,1440
5314357000,r,1440
5317122000,r,1440
5317122000,r,1440
5317490000,s,1340
5319652000,r,1440
5319652000,r,1440
5319653000,r,1440
5319653000,r,1440
5319653000,r,1440
5319654000,r,1440
5320595000,s,1340
5320685000,s,1340
5320751000,s,1340
5320790000,s,1340
5323518000,r,1440
5323518000,r,1440
5323518000,r,1440
5323519000,r,1440
5323519000,r,1440
5323520000,r,1440
5323520000,r,1440
5323521000,r,1440
5324455000,s,1340
5324663000,s,1340
5324868000,s,1340
5327690000,s,1340
5327797000,s,1340
5327857000,s,1340
5334997000,s,1340
5337366000,r,1440
5337366000,r,1440
5337367000,r,1440
5337367000,r,1440
5337367000,r,1440
5337368000,r,1440
5337368000,r,1440
5337369000,r,1440
5337749000,r,1440
5337750000,r,1440
5338117000,s,1340
5338293000,s,1340
5338392000,s,1340
5338637000,r,1440
5339628000,r,1440
5340936000,r,1440
5341469000,s,1340
5343250000,r,1440
5343250000,r,1440
5344412000,s,1340
5345783000,r,1440
5345783000,r,1440
5346417000,s,1340
5347484000,r,1440
5347484000,r,1440
5350316000,r,1440
5350316000,r,1440
5350909000,s,1340
5351027000,s,1340
5351625000,r,1440
5355620000,r,1440
5358304000,r,1440
5358304000,r,1440
5359322000,s,1340
5359426000,r,1440
5360673000,r,1440
5360948000,s,1340
5362096000,r,1440
5363054000,s,1340
5363625000,r,1440
5366994000,r,1440
5366995000,r,1440
5367855000,s,1340
5368269000,s,1340
5370079000,r,1440
5370080000,r,1440
5371215000,r,1440
5371890000,s,1340
5374208000,r,1440
5375957000,r,1440
5376531000,s,1340
5377549000,r,1440
5377549000,r,1440
5378070000,s,1340
5378397000,r,1440
5381482000,r,1440
5381482000,r,1440
5382296000,s,1340
5382474000,s,1340
5383527000,r,1440
5385893000,r,1440
5387209000,r,1440
5387210000,r,1440
5388090000,s,1340
5389576000,r,1440
5389576000,r,1440
5390467000,s,1340
5391458000,r,1440
5391458000,r,1440
5391459000,r,1440
5392586000,s,1340
5392891000,r,1440
5393718000,r,1440
5394318000,s,1340
5395639000,r,1440
5396676000,s,1340
5399611000,r,1440
5399611000,r,1440
5399797000,r,1440
5400440000,s,1340
5401024000,r,1440
5401837000,s,1340
5403627000,r,1440
5403627000,r,1440
5403628000,r,1440
5404271000,s,1340
5407615000,r,1440
5411416000,r,1440
5411417000,r,1440
5412014000,s,1340
5412109000,s,1340
5413216000,r,1440
5413217000,r,1440
5415643000,r,1440
5416314000,s,1340
5416412000,r,1440
5418120000,r,1440
5418120000,r,1440
5418686000,s,1340
5418856000,s,1340
5422015000,r,1440
5422016000,r,1440
5423586000,r,1440
5424259000,s,1340
5427630000,r,1440
5427630000,r,1440
5428317000,s,1340
5429846000,r,1440
5429846000,r,1440
5430602000,s,1340
5430970000,r,1440
5433757000,r,1440
5433757000,r,1440
5434427000,s,1340
5434585000,s,1340
5434947000,r,1440
5437446000,r,1440
5437447000,r,1440
5438171000,s,1340
5439630000,r,1440
5440780000,r,1440
5441309000,s,1340
6114707000,r,1440
6114707000,r,1440
6114708000,r,1440
6114708000,r,1440
6114709000,r,1440
6114709000,r,1440
6114709000,r,1440
6114710000,r,1440
6115308000,r,1440
6115308000,r,1440
6115309000,r,1440
6115309000,r,1440
6115310000,r,1440
6115310000,r,1440
6115310000,r,1440
6115311000,r,1440
6115459000,r,1440
6115459000,r,1440
6115460000,r,1440
6115460000,r,1440
6115461000,r,1440
6115461000,r,1440
6115462000,r,1440
6115462000,r,1440
6115728000,r,1440
6115729000,r,1440
6115729000,r,1440
6115730000,r,1440
6115730000,r,1440
6115730000,r,1440
6115924000,r,1440
6116918000,s,1340
6117147000,s,1340
6121495000,r,1440
6121495000,r,1440
6121496000,r,1440
6121496000,r,1440
6122561000,s,1340
6123664000,r,1440
6124493000,s,1340
6126665000,r,1440
6126666000,r,1440
6127636000,s,1340
6131166000,r,1440
6131167000,r,1440
6133308000,r,1440
6133309000,r,1440
6134094000,s,1340
6134215000,s,1340
6135317000,r,1440
6135318000,r,1440
6139592000,r,1440
6140287000,s,1340
6143658000,r,1440
6149707000,r,1440
6150089000,s,1340
6150926000,r,1440
6150926000,r,1440
6151952000,s,1340
6153127000,r,1440
6153128000,r,1440
6155611000,r,1440
6156167000,s,1340
6156531000,s,1340
6159339000,r,1440
6159339000,r,1440
6162382000,r,1440
6162383000,r,1440
6163456000,s,1340
6165768000,r,1440
6165769000,r,1440
6166418000,s,1340
6170614000,r,1440
6170615000,r,1440
6171260000,s,1340
6175058000,r,1440
6175438000,r,1440
6179600000,r,1440
6180575000,s,1340
6180833000,s,1340
6180955000,r,1440
6180956000,r,1440
6181814000,r,1440
6182874000,s,1340
6183609000,r,1440
6185368000,r,1440
6187613000,r,1440
6188361000,s,1340
6188532000,s,1340
6191648000,r,1440
6192949000,r,1440
6192949000,r,1440
6193734000,s,1340
6194503000,r,1440
6195160000,r,1440
6195525000,s,1340
6198910000,r,1440
6198911000,r,1440
6199490000,s,1340
6200628000,r,1440
6201040000,r,1440
6203603000,r,1440
6204023000,s,1340
6204143000,s,1340
6206520000,r,1440
6206521000,r,1440
6210313000,r,1440
6210313000,r,1440
6211150000,s,1340
6211591000,r,1440
6212160000,s,1340
6214360000,r,1440
6214360000,r,1440
6214361000,r,1440
6215116000,s,1340
6216895000,r,1440
6216896000,r,1440
6217761000,s,1340
6219610000,r,1440
6220225000,s,1340
6222625000,r,1440
6223606000,r,1440
6226124000,r,1440
6226125000,r,1440
6226878000,s,1340
6227009000,s,1340
6228248000,r,1440
6228249000,r,1440
6228249000,r,1440
6229155000,s,1340
6230593000,r,1440
6230593000,r,1440
6231407000,s,1340
6232588000,r,1440
6233277000,s,1340
6233764000,r,1440
6235603000,r,1440
6237574000,r,1440
6237574000,r,1440
6238317000,s,1340
6238459000,s,1340
6239605000,r,1440
6242627000,r,1440
6242628000,r,1440
6243278000,s,1340
6245052000,r,1440
6245053000,r,1440
6245747000,s,1340
6247001000,r,1440
6247002000,r,1440
6247864000,s,1340
6250890000,r,1440
6250890000,r,1440
6250891000,r,1440
6251749000,s,1340
6251874000,s,1340
6254178000,r,1440
6255393000,r,1440
6255394000,r,1440
6256405000,s,1340
6259057000,r,1440
6259058000,r,1440
6259733000,s,1340
6262124000,r,1440
6262125000,r,1440
6262842000,s,1340
6263016000,r,1440
6267579000,r,1440
6268771000,r,1440
6268771000,r,1440
6269372000,s,1340
6269491000,s,1340
6270864000,r,1440
6270864000,r,1440
6272066000,r,1440
6272442000,s,1340
6274946000,r,1440
6275404000,r,1440
6276589000,s,1340
6278686000,r,1440
6279141000,s,1340
6280259000,r,1440
6280259000,r,1440
6280260000,r,1440
6281775000,r,1440
6282340000,s,1340
6282475000,s,1340
6284693000,r,1440
6284694000,r,1440
6285184000,s,1340
6285258000,s,1340
6286951000,r,1440
6286951000,r,1440
6288412000,r,1440
6288476000,s,1340
6289078000,s,1340
6290602000,r,1440
6292855000,r,1440
6293849000,s,1340
6295204000,r,1440
6295204000,r,1440
6297203000,r,1440
6297203000,r,1440
6297708000,s,1340
6297859000,s,1340
6299609000,r,1440
6302017000,r,1440
6302017000,r,1440
6302765000,s,1340
6307184000,r,1440
6311590000,r,1440
6312519000,s,1340
6312956000,r,1440
6312956000,r,1440
6313566000,s,1340
6313733000,r,1440
6314872000,r,1440
6318926000,r,1440
6318927000,r,1440
6319916000,s,1340
6320240000,s,1340
6321042000,r,1440
6321042000,r,1440
6323597000,r,1440
6324240000,s,1340
6326072000,r,1440
6326073000,r,1440
6326974000,s,1340
6327618000,r,1440
6328337000,s,1340
6331614000,r,1440
6333765000,r,1440
6333765000,r,1440
6333766000,r,1440
6334549000,s,1340
6334669000,s,1340
6335589000,r,1440
6338240000,r,1440
6338241000,r,1440
6338978000,s,1340
6342651000,r,1440
6342651000,r,1440
6342652000,r,1440
6342652000,r,1440
6342653000,r,1440
6342948000,s,1340
6343508000,s,1340
6343655000,s,1340
6344922000,r,1440
6344922000,r,1440
6349628000,r,1440
6349628000,r,1440
6350391000,s,1340
6351645000,r,1440
6352226000,s,1340
6355605000,r,1440
6355605000,r,1440
6356044000,s,1340
6357424000,r,1440
6357424000,r,1440
6358164000,s,1340
6359536000,r,1440
6359951000,s,1340
6361810000,r,1440
6361811000,r,1440
6362486000,s,1340
6363251000,r,1440
6365720000,r,1440
6367258000,r,1440
6367973000,s,1340
6368184000,s,1340
6369405000,r,1440
6369835000,r,1440
6370183000,s,1340
6371657000,r,1440
6372517000,s,1340
6375166000,r,1440
6375167000,r,1440
6376078000,s,1340
6379597000,r,1440
6379597000,r,1440
6380068000,s,1340
6380176000,s,1340
6383638000,r,1440
6384222000,s,1340
6395649000,r,1440
6395822000,r,1440
6396604000,s,1340
6396967000,r,1440
6399978000,r,1440
6399979000,r,1440
6400909000,s,1340
6401083000,s,1340
6402172000,r,1440
6402172000,r,1440
6663458000,r,1440
6663459000,r,1440
6663459000,r,1440
6663460000,r,1440
6663460000,r,1440
6663460000,r,1440
6663461000,r,1440
6663461000,r,1440
6663953000,r,1440
6663953000,r,1440
6663954000,r,1440
6663954000,r,1440
6663954000,r,1440
6663955000,r,1440
6663955000,r,1440
6663956000,r,1440
6664087000,r,1440
6664088000,r,1440
6664088000,r,1440
6664088000,r,1440
6664089000,r,1440
6664089000,r,1440
6664090000,r,1440
6664090000,r,1440
6664832000,r,1440
6664833000,r,1440
6664833000,r,1440
6665019000,s,1340
6665328000,s,1340
6665405000,s,1340
6665663000,s,1340
6665757000,s,1340
6665793000,s,1340
6666691000,r,1440
6666691000,r,1440
6666691000,r,1440
6666692000,r,1440
6666692000,r,1440
6666693000,r,1440
6666693000,r,1440
6666694000,r,1440
6666918000,r,1440
6666997000,s,1340
6667097000,s,1340
6667168000,s,1340
6667197000,s,1340
6667360000,s,1340
6667640000,s,1340
6668440000,s,1340
6668584000,s,1340
6668639000,r,1440
6668666000,s,1340
6668750000,s,1340
6668832000,s,1340
6668958000,s,1340
6669044000,s,1340
6669173000,s,1340
6669699000,r,1440
6671600000,r,1440
6671600000,r,1440
6672773000,s,1340
6674039000,r,1440
6674039000,r,1440
6674761000,s,1340
6675600000,r,1440
6676138000,s,1340
6676298000,s,1340
6678928000,r,1440
6678929000,r,1440
6678929000,r,1440
6678929000,r,1440
6678930000,r,1440
6678930000,r,1440
6679235000,r,1440
6679236000,r,1440
6680165000,s,1340
6680327000,s,1340
6680396000,s,1340
6680468000,s,1340
6680504000,s,1340
6680600000,s,1340
6682015000,r,1440
6684812000,r,1440
6684813000,r,1440
6685466000,s,1340
6687605000,r,1440
6690343000,r,1440
6690762000,s,1340
6690877000,s,1340
6691603000,r,1440
6692151000,s,1340
6695131000,r,1440
6695131000,r,1440
6698265000,r,1440
6698996000,s,1340
7435758000,r,1440
7435758000,r,1440
7435759000,r,1440
7435759000,r,1440
7435760000,r,1440
7435760000,r,1440
7435761000,r,1440
7435761000,r,1440
7436443000,r,1440
7438054000,s,1340
7439088000,s,1340
7439342000,s,1340
7451768000,r,1440
7451768000,r,1440
7451769000,r,1440
7451769000,r,1440
7451770000,r,1440
7451770000,r,1440
7451771000,r,1440
7451771000,r,1440
7452216000,r,1440
7452217000,r,1440
7452217000,r,1440
7452218000,r,1440
7452218000,r,1440
7452219000,r,1440
7452219000,r,1440
7452220000,r,1440
7452367000,r,1440
7452368000,r,1440
7452368000,r,1440
7452369000,r,1440
7452369000,r,1440
7452370000,r,1440
7452370000,r,1440
7452371000,r,1440
7452513000,r,1440
7452513000,r,1440
7452514000,r,1440
7452514000,r,1440
7452515000,r,1440
7452515000,r,1440
7452516000,r,1440
7452516000,r,1440
7452671000,r,1440
7452671000,r,1440
7452672000,r,1440
7452672000,r,1440
7452673000,r,1440
7452673000,r,1440
7452674000,r,1440
7452674000,r,1440
7452810000,r,1440
7452811000,r,1440
7452811000,r,1440
7452812000,r,1440
7452812000,r,1440
7452813000,r,1440
7452813000,r,1440
7452814000,r,1440
7452954000,r,1440
7452954000,r,1440
7452955000,r,1440
7452955000,r,1440
7452956000,r,1440
7452956000,r,1440
7452957000,r,1440
7452957000,r,1440
7453095000,r,1440
7453096000,r,1440
7453096000,r,1440
7453097000,r,1440
7453097000,r,1440
7453098000,r,1440
7453098000,r,1440
7453099000,r,1440
7453296000,r,1440
7453296000,r,1440
7453297000,r,1440
7453297000,r,1440
7453298000,r,1440
7453298000,r,1440
7453299000,r,1440
7453299000,r,1440
7453446000,r,1440
7453447000,r,1440
7453447000,r,1440
7453448000,r,1440
7453448000,r,1440
7453449000,r,1440
7453449000,r,1440
7453450000,r,1440
7453584000,r,1440
7453585000,r,1440
7453585000,r,1440
7453586000,r,1440
7453586000,r,1440
7453587000,r,1440
7453587000,r,1440
7453588000,r,1440
7453709000,r,1440
7453709000,r,1440
7454246000,s,1340
7454509000,s,1340
7454672000,s,1340
7454836000,s,1340
7455033000,s,1340
7455168000,s,1340
7455302000,s,1340
7456377000,s,1340
7458231000,s,1340
7458630000,r,1440
7458631000,r,1440
7458631000,r,1440
7458632000,r,1440
7458632000,r,1440
7458633000,r,1440
7459395000,s,1340
7459765000,s,1340
7459931000,s,1340
7463042000,r,1440
7463043000,r,1440
7466856000,r,1440
7466856000,r,1440
7467826000,s,1340
7471608000,r,1440
7471608000,r,1440
7471766000,r,1440
7472528000,s,1340
7472784000,s,1340
7473939000,r,1440
7473940000,r,1440
7475621000,r,1440
7476685000,r,1440
7477444000,s,1340
7478413000,r,1440
7478414000,r,1440
7479410000,r,1440
7480042000,s,1340
7480341000,s,1340
7481283000,r,1440
7481283000,r,1440
7482177000,s,1340
7483669000,r,1440
7484053000,r,1440
7484598000,s,1340
7487069000,r,1440
7487070000,r,1440
7487699000,s,1340
7490360000,r,1440
7490614000,r,1440
7493492000,r,1440
7493493000,r,1440
7494053000,s,1340
7494186000,s,1340
7495349000,r,1440
7495349000,r,1440
7499665000,r,1440
7499666000,r,1440
7499666000,r,1440
7499947000,r,1440
7500760000,s,1340
7500898000,s,1340
7503085000,r,1440
7503625000,r,1440
7504844000,r,1440
7505982000,r,1440
7506231000,s,1340
7508468000,r,1440
7508894000,s,1340
7511616000,r,1440
7511616000,r,1440
7512558000,s,1340
7513623000,r,1440
7513623000,r,1440
7515139000,r,1440
7515670000,s,1340
7515857000,s,1340
7517340000,r,1440
7519309000,r,1440
7519309000,r,1440
7519726000,s,1340
7521189000,r,1440
7521190000,r,1440
7522505000,r,1440
7522754000,s,1340
7523085000,s,1340
7526386000,r,1440
7526386000,r,1440
7526700000,r,1440
7527062000,r,1440
7527526000,s,1340
7527882000,s,1340
7529059000,r,1440
7529059000,r,1440
7530817000,r,1440
7531017000,s,1340
7532838000,r,1440
7532839000,r,1440
7533824000,s,1340
7534270000,s,1340
7534997000,r,1440
7535235000,r,1440
7539623000,r,1440
7541234000,s,1340
7894833000,r,1440
7894833000,r,1440
7894834000,r,1440
7894834000,r,1440
7894835000,r,1440
7894835000,r,1440
7894836000,r,1440
7894836000,r,1440
7895497000,r,1440
7895498000,r,1440
7895498000,r,1440
7895499000,r,1440
7895499000,r,1440
7895500000,r,1440
7895500000,r,1440
7895500000,r,1440
7895710000,r,1440
7895710000,r,1440
7895711000,r,1440
7895711000,r,1440
7895712000,r,1440
7895712000,r,1440
7895713000,r,1440
7895713000,r,1440
7895857000,r,1440
7895858000,r,1440
7895858000,r,1440
7895859000,r,1440
7895859000,r,1440
7895860000,r,1440
7895860000,r,1440
7895861000,r,1440
7895986000,r,1440
7897924000,r,1440
7899219000,s,1340
7899435000,s,1340
7899499000,s,1340
7899538000,r,1440
7899546000,s,1340
7899712000,s,1340
7900322000,s,1340
7900495000,s,1340
7900610000,s,1340
7902946000,r,1440
7902947000,r,1440
7905553000,r,1440
7905554000,r,1440
7906871000,r,1440
7907465000,s,1340
7907787000,s,1340
7907881000,s,1340
7909444000,r,1440
7909444000,r,1440
7910045000,r,1440
7910358000,r,1440
7911084000,s,1340
7911117000,r,1440
7912224000,s,1340
7913932000,r,1440
7913933000,r,1440
7914697000,r,1440
7915635000,r,1440
7916033000,s,1340
7917516000,r,1440
7917516000,r,1440
7918795000,s,1340
7918948000,s,1340
7921585000,r,1440
7921585000,r,1440
7923491000,r,1440
7924148000,s,1340
7926647000,r,1440
7926648000,r,1440
7927485000,s,1340
7929929000,r,1440
7929930000,r,1440
7930935000,s,1340
7934843000,r,1440
7934844000,r,1440
7934844000,r,1440
7935824000,s,1340
7935964000,s,1340
7938319000,r,1440
7938320000,r,1440
7938320000,r,1440
7938877000,s,1340
7941198000,r,1440
7941482000,r,1440
7942000000,s,1340
7942410000,r,1440
7943600000,r,1440
7944078000,s,1340
7945486000,r,1440
7945486000,r,1440
7946651000,s,1340
7947629000,r,1440
7948531000,s,1340
7949798000,r,1440
7949799000,r,1440
7951005000,s,1340
7955639000,r,1440
8193953000,s,1340
8194237000,s,1340
8209702000,r,1440
8209702000,r,1440
8211409000,r,1440
8212338000,r,1440
8213202000,s,1340
8213324000,r,1440
8213939000,s,1340
8215281000,r,1440
8215650000,r,1440
8216603000,s,1340
8217244000,r,1440
8217899000,r,1440
8219407000,r,1440
8220507000,r,1440
8221019000,s,1340
8221679000,r,1440
8221727000,s,1340
8223673000,r,1440
8224127000,s,1340
8224219000,r,1440
8224220000,r,1440
8225972000,r,1440
8227001000,s,1340
8227018000,r,1440
8227787000,s,1340
8229207000,r,1440
8231164000,r,1440
8232499000,s,1340
8234007000,r,1440
8234007000,r,1440
8234008000,r,1440
8235656000,s,1340
8235810000,s,1340
8237668000,r,1440
8237668000,r,1440
8238587000,r,1440
8239540000,s,1340
8239628000,r,1440
8242449000,r,1440
8242450000,r,1440
8244163000,s,1340
8244331000,r,1440
8244517000,s,1340
8246806000,r,1440
8246996000,r,1440
8248451000,s,1340
8249886000,r,1440
8251469000,r,1440
8252741000,s,1340
8254255000,r,1440
8254255000,r,1440
8255064000,r,1440
8255454000,s,1340
8259694000,r,1440
8261292000,r,1440
8261293000,r,1440
8261946000,s,1340
8262090000,s,1340
8264731000,r,1440
8264731000,r,1440
8266673000,r,1440
8266674000,r,1440
8267653000,s,1340
8268548000,r,1440
8269352000,s,1340
8481503000,s,1340
8481603000,s,1340
8494863000,r,1440
8495885000,r,1440
8499011000,r,1440
8499012000,r,1440
8499012000,r,1440
8499012000,r,1440
8499012000,r,1440
8499012000,r,1440
8499274000,s,1340
8499364000,s,1340
8499405000,s,1340
8499436000,s,1340
8499446000,s,1340
8499488000,s,1340
8502379000,r,1440
8505255000,r,1440
8505255000,r,1440
8505579000,s,1340
8507575000,r,1440
8510130000,s,1340
8510846000,r,1440
8510846000,r,1440
8511158000,s,1340
8511210000,s,1340
8512423000,r,1440
8515571000,r,1440
8516416000,r,1440
8516754000,s,1340
9172608000,r,1440
9172608000,r,1440
9172608000,r,1440
9172609000,r,1440
9172609000,r,1440
9172609000,r,1440
9172610000,r,1440
9172610000,r,1440
9173087000,r,1440
9173087000,r,1440
9173087000,r,1440
9173088000,r,1440
9173088000,r,1440
9173088000,r,1440
9173089000,r,1440
9173089000,r,1440
9173199000,r,1440
9173199000,r,1440
9173200000,r,1440
9173200000,r,1440
9173200000,r,1440
9173201000,r,1440
9173201000,r,1440
9173201000,r,1440
9173301000,r,1440
9173301000,r,1440
9173302000,r,1440
9173302000,r,1440
9173302000,r,1440
9173303000,r,1440
9173303000,r,1440
9174416000,r,1440
9174614000,s,1340
9174780000,s,1340
9176561000,r,1440
9180831000,r,1440
9180831000,r,1440
9181650000,s,1340
9182288000,r,1440
9182710000,s,1340
9183597000,r,1440
9184867000,r,1440
9185544000,r,1440
9185594000,s,1340
9188038000,r,1440
9190698000,r,1440
9192010000,s,1340
9192206000,s,1340
9839783000,r,1440
9839783000,r,1440
9839784000,r,1440
9839784000,r,1440
9839785000,r,1440
9839785000,r,1440
9839786000,r,1440
9839786000,r,1440
9840698000,r,1440
9840699000,r,1440
9840699000,r,1440
9840700000,r,1440
9840700000,r,1440
9840701000,r,1440
9840701000,r,1440
9840702000,r,1440
9840858000,r,1440
9840858000,r,1440
9840859000,r,1440
9840859000,r,1440
9840860000,r,1440
9840860000,r,1440
9840861000,r,1440
9840861000,r,1440
9841016000,r,1440
9841016000,r,1440
9841017000,r,1440
9841017000,r,1440
9841018000,r,1440
9841018000,r,1440
9841019000,r,1440
9841019000,r,1440
9841161000,r,1440
9841309000,r,1440
9841310000,r,1440
9841310000,r,1440
9841311000,r,1440
9841311000,r,1440
9841312000,r,1440
9841312000,r,1440
9841538000,r,1440
9843172000,s,1340
9843399000,s,1340
9843978000,s,1340
9844015000,r,1440
9844358000,s,1340
9844585000,s,1340
9844876000,s,1340
9846724000,r,1440
9846724000,r,1440
9846725000,r,1440
9847084000,r,1440
9848402000,s,1340
9848578000,s,1340
9851685000,r,1440
10455775000,r,1440
10455775000,r,1440
10455776000,r,1440
10455776000,r,1440
10455777000,r,1440
10455777000,r,1440
10455778000,r,1440
10456605000,r,1440
10457904000,s,1340
10458208000,s,1340
10458689000,s,1340
10459643000,r,1440
10459644000,r,1440
10459845000,r,1440
10461357000,r,1440
10461518000,s,1340
10461716000,r,1440
10462864000,r,1440
10463686000,s,1340
10464906000,s,1340
10467102000,r,1440
10467102000,r,1440
10467103000,r,1440
10468972000,s,1340
11115316000,r,1440
11115316000,r,1440
11115317000,r,1440
11115317000,r,1440
11115318000,r,1440
11115318000,r,1440
11115319000,r,1440
11115319000,r,1440
11115822000,r,1440
11115823000,r,1440
11115824000,r,1440
11115824000,r,1440
11115825000,r,1440
11115825000,r,1440
11115826000,r,1440
11115826000,r,1440
11115990000,r,1440
11115990000,r,1440
11115990000,r,1440
11115991000,r,1440
11115991000,r,1440
11115992000,r,1440
11115992000,r,1440
11115993000,r,1440
11116137000,r,1440
11116138000,r,1440
11116138000,r,1440
11116139000,r,1440
11116139000,r,1440
11116140000,r,1440
11118030000,s,1340
11118410000,s,1340
11118623000,s,1340
11118882000,s,1340
11126187000,r,1440
11126187000,r,1440
11126188000,r,1440
11126188000,r,1440
11126189000,r,1440
11126189000,r,1440
11126190000,r,1440
11128865000,s,1340
11129368000,s,1340
11129672000,s,1340
11129888000,r,1440
11129889000,r,1440
11134531000,r,1440
11134532000,r,1440
11134947000,r,1440
11136116000,s,1340
11136463000,s,1340
11838337000,r,1440
11838338000,r,1440
11838338000,r,1440
11838339000,r,1440
11838339000,r,1440
11838340000,r,1440
11838340000,r,1440
11838341000,r,1440
11839029000,r,1440
11839029000,r,1440
11839030000,r,1440
11839030000,r,1440
11839031000,r,1440
11839031000,r,1440
11839032000,r,1440
11839032000,r,1440
11839201000,r,1440
11839202000,r,1440
11839202000,r,1440
11839203000,r,1440
11839203000,r,1440
11839204000,r,1440
11839204000,r,1440
11839205000,r,1440
11839354000,r,1440
11839354000,r,1440
11839355000,r,1440
11839355000,r,1440
11839356000,r,1440
11839356000,r,1440
11839357000,r,1440
11839357000,r,1440
11839495000,r,1440
11839496000,r,1440
11839496000,r,1440
11839496000,r,1440
11839497000,r,1440
11839497000,r,1440
11839498000,r,1440
11839498000,r,1440
11839709000,r,1440
11839710000,r,1440
11839710000,r,1440
11839711000,r,1440
11839711000,r,1440
11839712000,r,1440
11839712000,r,1440
11839713000,r,1440
11839847000,r,1440
11839848000,r,1440
11839848000,r,1440
11839849000,r,1440
11839849000,r,1440
11839850000,r,1440
11839850000,r,1440
11839851000,r,1440
11840804000,r,1440
11841549000,s,1340
11841917000,s,1340
11842778000,r,1440
11843090000,s,1340
11843371000,s,1340
11843679000,r,1440
11845143000,r,1440
11845143000,r,1440
11846261000,s,1340
11849483000,r,1440
11849483000,r,1440
11853146000,s,1340
11853345000,r,1440
11854778000,s,1340
11854873000,r,1440
11854874000,r,1440
11856341000,r,1440
11856342000,r,1440
11857893000,s,1340
11858246000,s,1340
11858950000,r,1440
11862821000,r,1440
11862822000,r,1440
11864336000,s,1340
11865694000,r,1440
11865694000,r,1440
11866917000,r,1440
11867827000,s,1340
11868152000,s,1340
11869102000,r,1440
11869102000,r,1440
11870320000,r,1440
11871751000,s,1340
11873722000,r,1440
11873723000,r,1440
11873723000,r,1440
11875246000,s,1340
11875665000,s,1340
11877900000,r,1440
11877900000,r,1440
11881716000,r,1440
11881716000,r,1440
11882771000,r,1440
11883430000,s,1340
11883895000,s,1340
11885071000,r,1440
11885071000,r,1440
11886436000,s,1340
11887540000,r,1440
11888091000,r,1440
11889295000,r,1440
11890161000,s,1340
11890490000,s,1340
11890569000,r,1440
11891488000,r,1440
11892415000,r,1440
11892416000,r,1440
11893295000,r,1440
11893632000,s,1340
11894545000,s,1340
11894979000,r,1440
11898325000,r,1440
11898326000,r,1440
11899443000,r,1440
11899493000,s,1340
12299743000,r,1440
12299743000,r,1440
12299744000,r,1440
12299744000,r,1440
12299745000,r,1440
12299745000,r,1440
12299746000,r,1440
12299746000,r,1440
12300227000,r,1440
12300227000,r,1440
12300228000,r,1440
12300228000,r,1440
12300229000,r,1440
12300229000,r,1440
12300230000,r,1440
12300230000,r,1440
12300388000,r,1440
12300389000,r,1440
12300389000,r,1440
12300390000,r,1440
12300390000,r,1440
12300391000,r,1440
12300391000,r,1440
12300392000,r,1440
12300542000,r,1440
12300542000,r,1440
12300543000,r,1440
12300543000,r,1440
12300544000,r,1440
12300544000,r,1440
12300545000,r,1440
12300545000,r,1440
12300687000,r,1440
12300688000,r,1440
12300688000,r,1440
12300689000,r,1440
12300689000,r,1440
12300690000,r,1440
12300690000,r,1440
12300691000,r,1440
12300822000,r,1440
12300823000,r,1440
12300823000,r,1440
12300824000,r,1440
12300824000,r,1440
12300825000,r,1440
12300825000,r,1440
12300826000,r,1440
12300964000,r,1440
12300965000,r,1440
12300965000,r,1440
12300966000,r,1440
12300966000,r,1440
12300967000,r,1440
12300967000,r,1440
12300968000,r,1440
12301088000,r,1440
12301219000,r,1440
12301219000,r,1440
12301220000,r,1440
12301220000,r,1440
12301221000,r,1440
12301221000,r,1440
12301222000,r,1440
12301222000,r,1440
12301358000,r,1440
12301358000,r,1440
12302714000,r,1440
12303447000,s,1340
12303953000,s,1340
12304194000,s,1340
12304427000,s,1340
12304622000,s,1340
12304840000,s,1340
12305120000,s,1340
12305368000,s,1340
12306102000,r,1440
12306102000,r,1440
12307088000,r,1440
12307658000,r,1440
12308084000,s,1340
12308442000,s,1340
12309131000,r,1440
12309876000,r,1440
12311086000,r,1440
12312505000,s,1340
12312885000,s,1340
12313747000,r,1440
12313747000,r,1440
12313747000,r,1440
12314341000,r,1440
12316330000,s,1340
12318079000,r,1440
12318080000,r,1440
12319521000,s,1340
12322266000,r,1440
12322266000,r,1440
12323505000,s,1340
12325576000,r,1440
12325577000,r,1440
12326980000,r,1440
12327753000,s,1340
12328444000,s,1340
12329271000,r,1440
12329271000,r,1440
12330629000,r,1440
12331639000,r,1440
12331640000,r,1440
12331807000,s,1340
12332841000,r,1440
12332972000,s,1340
12334907000,r,1440
12336103000,s,1340
12338345000,r,1440
12338345000,r,1440
12339205000,r,1440
12339811000,s,1340
12340485000,s,1340
12341838000,r,1440
12341838000,r,1440
12342723000,r,1440
12342895000,s,1340
12343092000,r,1440
12344909000,r,1440
12344910000,r,1440
12344910000,r,1440
12346336000,s,1340
12346561000,r,1440
12346659000,s,1340
12347396000,r,1440
12351650000,r,1440
12352565000,s,1340
12355631000,r,1440
13014434000,r,1440
13014436000,r,1440
13014437000,r,1440
13014437000,r,1440
13014437000,r,1440
13014438000,r,1440
13014438000,r,1440
13014439000,r,1440
13014939000,r,1440
13014939000,r,1440
13014940000,r,1440
13014940000,r,1440
13014941000,r,1440
13014941000,r,1440
13014942000,r,1440
13014942000,r,1440
13015086000,r,1440
13015086000,r,1440
13015087000,r,1440
13015087000,r,1440
13015088000,r,1440
13015088000,r,1440
13015089000,r,1440
13015089000,r,1440
13015231000,r,1440
13015231000,r,1440
13015232000,r,1440
13015232000,r,1440
13015233000,r,1440
13015233000,r,1440
13015234000,r,1440
13015234000,r,1440
13015369000,r,1440
13015369000,r,1440
13015370000,r,1440
13015370000,r,1440
13015371000,r,1440
13015371000,r,1440
13015372000,r,1440
13015372000,r,1440
13015491000,r,1440
13015492000,r,1440
13016379000,r,1440
13016379000,r,1440
13016571000,s,1340
13016380000,r,1440
13016380000,r,1440
13016381000,r,1440
13016381000,r,1440
13016382000,r,1440
13016382000,r,1440
13016706000,r,1440
13017050000,s,1340
13017953000,r,1440
13018702000,s,1340
13019550000,s,1340
13019641000,r,1440
13021329000,r,1440
13021329000,r,1440
13022535000,r,1440
13022847000,s,1340
13026540000,r,1440
13026541000,r,1440
13028000000,s,1340
13028335000,s,1340
13029710000,r,1440
13029710000,r,1440
13030939000,r,1440
13032310000,s,1340
13034172000,r,1440
13034173000,r,1440
13034923000,r,1440
13035412000,s,1340
13036557000,s,1340
13038627000,r,1440
13038627000,r,1440
13038628000,r,1440
13040254000,s,1340
13041662000,r,1440
13041663000,r,1440
13042982000,r,1440
13043182000,s,1340
13044391000,s,1340
13046102000,r,1440
13046103000,r,1440
13046801000,r,1440
13048297000,s,1340
13049737000,r,1440
13049737000,r,1440
13051018000,s,1340
13052655000,r,1440
13052655000,r,1440
13053905000,s,1340
13054263000,r,1440
13057467000,r,1440
13057467000,r,1440
13058811000,s,1340
13059214000,s,1340
13062066000,r,1440
13062067000,r,1440
13063024000,r,1440
13063025000,r,1440
13064434000,s,1340
13065531000,r,1440
13065531000,r,1440
13066279000,r,1440
13066874000,s,1340
13067211000,s,1340
13067338000,r,1440
13069405000,r,1440
13069406000,r,1440
13070722000,r,1440
13070798000,s,1340
13072051000,s,1340
13073553000,r,1440
13073554000,r,1440
13073554000,r,1440
13073926000,r,1440
13074674000,s,1340
13074928000,r,1440
13076271000,s,1340
13078704000,r,1440
13078705000,r,1440
13079499000,r,1440
13080070000,s,1340
13081327000,r,1440
13083325000,r,1440
13084465000,s,1340
13084885000,s,1340
13087233000,r,1440
13087233000,r,1440
13087234000,r,1440
13088631000,s,1340
13090280000,r,1440
13090280000,r,1440
13094332000,s,1340
13095585000,r,1440
13095585000,r,1440
13095586000,r,1440
13096692000,s,1340
13097066000,r,1440
13097615000,r,1440
13098790000,s,1340
13516534000,s,1340
13520344000,s,1340
13523354000,s,1340
13527697000,r,1440
13530480000,r,1440
13530481000,r,1440
13530481000,r,1440
13530482000,r,1440
13530482000,r,1440
13533216000,s,1340
13533548000,s,1340
13533664000,r,1440
13533665000,r,1440
13534726000,r,1440
13536235000,s,1340
13537859000,r,1440
13537859000,r,1440
13539039000,s,1340
13539511000,r,1440
13540518000,s,1340
13542552000,r,1440
13542864000,r,1440
13543080000,s,1340
13545727000,r,1440
13545727000,r,1440
13545728000,r,1440
13546554000,r,1440
13548137000,s,1340
13548511000,s,1340
13550549000,r,1440
13550550000,r,1440
13554740000,r,1440
13554740000,r,1440
13556819000,r,1440
13556820000,r,1440
13557308000,s,1340
13557697000,s,1340
13557862000,r,1440
13558301000,s,1340
13558551000,r,1440
13558641000,s,1340
13561435000,r,1440
13561436000,r,1440
13562559000,r,1440
13562821000,s,1340
13563707000,s,1340
13567644000,r,1440
13567644000,r,1440
13568530000,s,1340
13571650000,r,1440
13572544000,s,1340
13581561000,r,1440
13581561000,r,1440
13581562000,r,1440
13581562000,r,1440
13581563000,r,1440
13583702000,r,1440
13583702000,r,1440
13583913000,s,1340
13584247000,r,1440
13584262000,s,1340
13584248000,r,1440
13584248000,r,1440
13584249000,r,1440
13584494000,s,1340
13584538000,r,1440
13584739000,s,1340
13584878000,r,1440
13585020000,s,1340
13585314000,s,1340
13585526000,s,1340
13586673000,r,1440
13586674000,r,1440
13586861000,s,1340
13587175000,s,1340
13587371000,s,1340
13590064000,r,1440
13590064000,r,1440
13590424000,r,1440
13591443000,s,1340
13592022000,s,1340
13592571000,s,1340
13593026000,r,1440
13593026000,r,1440
13593027000,r,1440
13593911000,r,1440
13595076000,s,1340
13595204000,r,1440
13595451000,s,1340
13595811000,s,1340
13597372000,s,1340
13597736000,s,1340
13598058000,s,1340
13598841000,r,1440
13598841000,r,1440
13603010000,r,1440
13603011000,r,1440
13604528000,s,1340
13605595000,r,1440
13605595000,r,1440
13606082000,s,1340
13606427000,s,1340
13606744000,r,1440
13607598000,r,1440
13608006000,s,1340
13610273000,r,1440
13611786000,s,1340
13613602000,r,1440
13613603000,r,1440
13614451000,r,1440
13614730000,s,1340
13615483000,s,1340
13616793000,r,1440
13616793000,r,1440
13617871000,r,1440
13619166000,s,1340
13619448000,r,1440
13620635000,s,1340
13622653000,r,1440
13622653000,r,1440
13622654000,r,1440
13624235000,s,1340
13625275000,r,1440
13625275000,r,1440
13625276000,r,1440
13625549000,s,1340
13626105000,r,1440
13627348000,s,1340
13628700000,r,1440
13628700000,r,1440
13628700000,r,1440
13628701000,r,1440
13629596000,s,1340
13631212000,s,1340
13631215000,r,1440
13631215000,r,1440
13631215000,r,1440
13631216000,r,1440
13631640000,s,1340
13631974000,s,1340
13632246000,r,1440
13632263000,s,1340
13632571000,s,1340
13632901000,s,1340
13633210000,s,1340
13633496000,s,1340
13633775000,s,1340
13634055000,s,1340
13634308000,s,1340
13634580000,s,1340
13634593000,r,1440
13634594000,r,1440
13634781000,s,1340
13635090000,s,1340
13635401000,s,1340
13635600000,r,1440
13635854000,s,1340
13636177000,s,1340
13636484000,s,1340
13636652000,r,1440
13637347000,s,1340
13637371000,r,1440
13637901000,s,1340
13638241000,s,1340
13638505000,r,1440
13638514000,s,1340
13642931000,s,1340
13644674000,r,1440
13644675000,r,1440
13646943000,r,1440
13648068000,s,1340
13649919000,s,1340
13650779000,r,1440
13650780000,r,1440
13651087000,r,1440
13652533000,s,1340
13652865000,s,1340
13655415000,r,1440
13655415000,r,1440
13656949000,r,1440
13656949000,r,1440
13657961000,s,1340
13658160000,r,1440
13659762000,s,1340
13662877000,r,1440
13662878000,r,1440
13664139000,s,1340
13666985000,r,1440
13666986000,r,1440
13666986000,r,1440
13671373000,r,1440
13671374000,r,1440
13672324000,s,1340
13672657000,s,1340
13672891000,s,1340
13673144000,s,1340
13673372000,s,1340
13673677000,r,1440
13673685000,s,1340
13673678000,r,1440
13673987000,s,1340
13674217000,s,1340
13674451000,s,1340
13674667000,s,1340
13674959000,s,1340
13675145000,r,1440
13675200000,s,1340
13675404000,r,1440
13675503000,s,1340
13675857000,s,1340
13676101000,s,1340
13678179000,r,1440
13678179000,r,1440
13679289000,r,1440
13679730000,s,1340
13681579000,r,1440
13681579000,r,1440
13682748000,r,1440
13682853000,s,1340
13683224000,s,1340
13684924000,r,1440
13684924000,r,1440
13685227000,s,1340
13685777000,r,1440
13685804000,s,1340
13687606000,r,1440
13688878000,s,1340
13689647000,r,1440
13689648000,r,1440
13690149000,r,1440
13690660000,s,1340
13691353000,r,1440
13695657000,r,1440
13696663000,s,1340
13698151000,r,1440
13698152000,r,1440
13699325000,s,1340
13700691000,r,1440
13700691000,r,1440
13702850000,r,1440
13703890000,s,1340
13704217000,s,1340
13712876000,s,1340
13723806000,r,1440
13723806000,r,1440
13723807000,r,1440
13725748000,s,1340
13726854000,r,1440
13726855000,r,1440
13726855000,r,1440
13728488000,s,1340
13728819000,s,1340
13731614000,r,1440
13731614000,r,1440
13731774000,r,1440
13731775000,r,1440
13733468000,r,1440
13733628000,s,1340
13734419000,s,1340
13734662000,r,1440
13735180000,r,1440
13736467000,s,1340
13739473000,r,1440
13739474000,r,1440
13740901000,r,1440
13742050000,s,1340
13742144000,r,1440
13742371000,s,1340
13743466000,r,1440
13743467000,r,1440
13744223000,r,1440
13745404000,s,1340
13746645000,r,1440
13747948000,s,1340
13748835000,r,1440
13748835000,r,1440
13749528000,r,1440
13750644000,s,1340
13751467000,r,1440
13754747000,r,1440
13754747000,r,1440
13756068000,s,1340
13756411000,s,1340
14507767000,r,1440
14507768000,r,1440
14507768000,r,1440
14507769000,r,1440
14507769000,r,1440
14507769000,r,1440
14507770000,r,1440
14507770000,r,1440
14508360000,r,1440
14508361000,r,1440
14508361000,r,1440
14508362000,r,1440
14508362000,r,1440
14508363000,r,1440
14508363000,r,1440
14508364000,r,1440
14508529000,r,1440
14508530000,r,1440
14508530000,r,1440
14508531000,r,1440
14508531000,r,1440
14508532000,r,1440
14508532000,r,1440
14508533000,r,1440
14508697000,r,1440
14508697000,r,1440
14508698000,r,1440
14508698000,r,1440
14508699000,r,1440
14508699000,r,1440
14508700000,r,1440
14508700000,r,1440
14508850000,r,1440
14508851000,r,1440
14508851000,r,1440
14508852000,r,1440
14508852000,r,1440
14508853000,r,1440
14508853000,r,1440
14508854000,r,1440
14508995000,r,1440
14508995000,r,1440
14508996000,r,1440
14508996000,r,1440
14508997000,r,1440
14508997000,r,1440
14508998000,r,1440
14508998000,r,1440
14509137000,r,1440
14509138000,r,1440
14509138000,r,1440
14509139000,r,1440
14509139000,r,1440
14509140000,r,1440
14509140000,r,1440
14509141000,r,1440
14509282000,r,1440
14509282000,r,1440
14509283000,r,1440
14509283000,r,1440
14509284000,r,1440
14509284000,r,1440
14509285000,r,1440
14509285000,r,1440
14509526000,r,1440
14509527000,r,1440
14509527000,r,1440
14509528000,r,1440
14509528000,r,1440
14509529000,r,1440
14509529000,r,1440
14509530000,r,1440
14509683000,r,1440
14509684000,r,1440
14509684000,r,1440
14509685000,r,1440
14509685000,r,1440
14509686000,r,1440
14509686000,r,1440
14509687000,r,1440
14509822000,r,1440
14509822000,r,1440
14509823000,r,1440
14509823000,r,1440
14509824000,r,1440
14509824000,r,1440
14509825000,r,1440
14509825000,r,1440
14509972000,r,1440
14509972000,r,1440
14509973000,r,1440
14509973000,r,1440
14509974000,r,1440
14509974000,r,1440
14509975000,r,1440
14509975000,r,1440
14510096000,r,1440
14510625000,s,1340
14511094000,s,1340
14511339000,s,1340
14513197000,s,1340
14513538000,s,1340
14514114000,s,1340
14514732000,s,1340
14514891000,s,1340
15223341000,r,1440
15223342000,r,1440
15223342000,r,1440
15223343000,r,1440
15223343000,r,1440
15223344000,r,1440
15223344000,r,1440
15223345000,r,1440
15223975000,r,1440
15223975000,r,1440
15223976000,r,1440
15223976000,r,1440
15223977000,r,1440
15223977000,r,1440
15223978000,r,1440
15223978000,r,1440
15224127000,r,1440
15224128000,r,1440
15224128000,r,1440
15224129000,r,1440
15224129000,r,1440
15224130000,r,1440
15224130000,r,1440
15224131000,r,1440
15224284000,r,1440
15224284000,r,1440
15224285000,r,1440
15224285000,r,1440
15224285000,r,1440
15224286000,r,1440
15224286000,r,1440
15224287000,r,1440
15224427000,r,1440
15224428000,r,1440
15224428000,r,1440
15224429000,r,1440
15224429000,r,1440
15224430000,r,1440
15224430000,r,1440
15224431000,r,1440
15224578000,r,1440
15224579000,r,1440
15224579000,r,1440
15224580000,r,1440
15224580000,r,1440
15224580000,r,1440
15224581000,r,1440
15224581000,r,1440
15224728000,r,1440
15224728000,r,1440
15224729000,r,1440
15224729000,r,1440
15224730000,r,1440
15224730000,r,1440
15224730000,r,1440
15224731000,r,1440
15224868000,r,1440
15224869000,r,1440
15224869000,r,1440
15224870000,r,1440
15224870000,r,1440
15224871000,r,1440
15224871000,r,1440
15224872000,r,1440
15225087000,r,1440
15225088000,r,1440
15225088000,r,1440
15225089000,r,1440
15225089000,r,1440
15225090000,r,1440
15225090000,r,1440
15225091000,r,1440
15225248000,r,1440
15225248000,r,1440
15225249000,r,1440
15225249000,r,1440
15225250000,r,1440
15225250000,r,1440
15225251000,r,1440
15225251000,r,1440
15225396000,r,1440
15225397000,r,1440
15225397000,r,1440
15225398000,r,1440
15225398000,r,1440
15225399000,r,1440
15225399000,r,1440
15225399000,r,1440
15225536000,r,1440
15225537000,r,1440
15225537000,r,1440
15225538000,r,1440
15225538000,r,1440
15225637000,r,1440
15227659000,r,1440
15227660000,r,1440
15229368000,r,1440
15229407000,s,1340
15229833000,s,1340
15230063000,s,1340
15230275000,r,1440
15231418000,s,1340
15232741000,s,1340
15232902000,r,1440
15232902000,r,1440
15232903000,r,1440
15233697000,s,1340
15234150000,s,1340
15234434000,s,1340
15234806000,r,1440
15238005000,r,1440
15238006000,r,1440
15238006000,r,1440
15239301000,s,1340
15239790000,s,1340
15242924000,r,1440
15242925000,r,1440
15242925000,r,1440
15243218000,r,1440
15244331000,s,1340
15246257000,r,1440
15246257000,r,1440
15246258000,r,1440
15247401000,r,1440
15247402000,r,1440
15247863000,s,1340
15248954000,r,1440
15248954000,r,1440
15251125000,r,1440
15251345000,s,1340
15253096000,r,1440
15253096000,r,1440
15254280000,r,1440
15254230000,s,1340
15255484000,s,1340
15258367000,r,1440
15258367000,r,1440
15258931000,s,1340
15261817000,s,1340
15935070000,r,1440
15935071000,r,1440
15935071000,r,1440
15935072000,r,1440
15935072000,r,1440
15935073000,r,1440
15935073000,r,1440
15935074000,r,1440
15935904000,r,1440
15935904000,r,1440
15935905000,r,1440
15935905000,r,1440
15935906000,r,1440
15935906000,r,1440
15935907000,r,1440
15935907000,r,1440
15936080000,r,1440
15936081000,r,1440
15936081000,r,1440
15936082000,r,1440
15936082000,r,1440
15936083000,r,1440
15936083000,r,1440
15936084000,r,1440
15936235000,r,1440
15936236000,r,1440
15936236000,r,1440
15936237000,r,1440
15936237000,r,1440
15936238000,r,1440
15936238000,r,1440
15936239000,r,1440
15936364000,r,1440
15936364000,r,1440
15936718000,r,1440
15936719000,r,1440
15938734000,r,1440
15938838000,s,1340
15938735000,r,1440
15938735000,r,1440
15938736000,r,1440
15938736000,r,1440
15938737000,r,1440
15938737000,r,1440
15938738000,r,1440
15939217000,r,1440
15939222000,s,1340
15939218000,r,1440
15939349000,r,1440
15939350000,r,1440
15939350000,r,1440
15939351000,r,1440
15939446000,r,1440
15939446000,r,1440
15939447000,r,1440
15939447000,r,1440
15940633000,s,1340
15941227000,s,1340
15941532000,s,1340
15941762000,s,1340
15942017000,s,1340
15942419000,r,1440
15942419000,r,1440
15942420000,r,1440
15942420000,r,1440
15942421000,r,1440
15942421000,r,1440
15942422000,r,1440
15942422000,r,1440
15944781000,s,1340
15945120000,s,1340
15946835000,r,1440
15946835000,r,1440
15949242000,r,1440
15949242000,r,1440
15950605000,s,1340
15951606000,r,1440
15953125000,s,1340
15953200000,r,1440
15954998000,r,1440
15954998000,r,1440
15956543000,s,1340
15957999000,r,1440
15957999000,r,1440
15958000000,r,1440
15958000000,r,1440
15958981000,r,1440
15959538000,s,1340
15960003000,s,1340
15960844000,r,1440
15960845000,r,1440
15961808000,s,1340
15963539000,r,1440
15964983000,r,1440
15966004000,r,1440
15966005000,r,1440
15966053000,s,1340
15966875000,r,1440
15967207000,s,1340
15969383000,r,1440
15969383000,r,1440
15970522000,r,1440
15970567000,s,1340
15970908000,s,1340
15975627000,r,1440
16604069000,r,1440
16604070000,r,1440
16604070000,r,1440
16604071000,r,1440
16604071000,r,1440
16604072000,r,1440
16604072000,r,1440
16604073000,r,1440
16604914000,r,1440
16604915000,r,1440
16604915000,r,1440
16604916000,r,1440
16604916000,r,1440
16604917000,r,1440
16604917000,r,1440
16604918000,r,1440
16605067000,r,1440
16605067000,r,1440
16605068000,r,1440
16605068000,r,1440
16605069000,r,1440
16605069000,r,1440
16605070000,r,1440
16605070000,r,1440
16605319000,r,1440
16605545000,r,1440
16606068000,r,1440
16607735000,s,1340
16607984000,s,1340
16608565000,s,1340
16609932000,r,1440
16609933000,r,1440
16610799000,r,1440
16611957000,s,1340
16615136000,r,1440
16615136000,r,1440
16617047000,s,1340
17369857000,r,1440
17369858000,r,1440
17369858000,r,1440
17369859000,r,1440
17369859000,r,1440
17369860000,r,1440
17369860000,r,1440
17369861000,r,1440
17370356000,r,1440
17370357000,r,1440
17370357000,r,1440
17370358000,r,1440
17370358000,r,1440
17370359000,r,1440
17370359000,r,1440
17370360000,r,1440
17370525000,r,1440
17370526000,r,1440
17370526000,r,1440
17370527000,r,1440
17370527000,r,1440
17370528000,r,1440
17370528000,r,1440
17370529000,r,1440
17370678000,r,1440
17370678000,r,1440
17370679000,r,1440
17370679000,r,1440
17370680000,r,1440
17370680000,r,1440
17370681000,r,1440
17370681000,r,1440
17370827000,r,1440
17370828000,r,1440
17370828000,r,1440
17370829000,r,1440
17370829000,r,1440
17370830000,r,1440
17370830000,r,1440
17370831000,r,1440
17370967000,r,1440
17370967000,r,1440
17370968000,r,1440
17370968000,r,1440
17370969000,r,1440
17370969000,r,1440
17370970000,r,1440
17370970000,r,1440
17371101000,r,1440
17371102000,r,1440
17371102000,r,1440
17371103000,r,1440
17371103000,r,1440
17371103000,r,1440
17371104000,r,1440
17371104000,r,1440
17371237000,r,1440
17371237000,r,1440
17371238000,r,1440
17371238000,r,1440
17371239000,r,1440
17371239000,r,1440
17371240000,r,1440
17371240000,r,1440
17371464000,r,1440
17371465000,r,1440
17371465000,r,1440
17371465000,r,1440
17371466000,r,1440
17371466000,r,1440
17371467000,r,1440
17371467000,r,1440
17371744000,r,1440
17371744000,r,1440
17371745000,r,1440
17371769000,s,1340
17371745000,r,1440
17371746000,r,1440
17371746000,r,1440
17371747000,r,1440
17371747000,r,1440
17371885000,r,1440
17371885000,r,1440
17371886000,r,1440
17371886000,r,1440
17371887000,r,1440
17371887000,r,1440
17371888000,r,1440
17371888000,r,1440
17372017000,r,1440
17372017000,r,1440
17372018000,r,1440
17372018000,r,1440
17372019000,r,1440
17372019000,r,1440
17372430000,r,1440
17372431000,r,1440
17372431000,r,1440
17372432000,r,1440
17372432000,r,1440
17372433000,r,1440
17372433000,r,1440
17375204000,s,1340
17375326000,r,1440
17375682000,s,1340
17375918000,s,1340
17376123000,s,1340
17376345000,s,1340
17377179000,r,1440
17378910000,r,1440
17380199000,s,1340
17382889000,r,1440
17382889000,r,1440
17384663000,s,1340
17385736000,r,1440
17385736000,r,1440
17385737000,r,1440
17386976000,s,1340
17387520000,r,1440
17387520000,r,1440
17388954000,s,1340
17389635000,r,1440
17390474000,r,1440
17391208000,s,1340
17393057000,r,1440
17393057000,r,1440
17394550000,s,1340
17394583000,r,1440
17395659000,s,1340
17396684000,r,1440
17396684000,r,1440
17398232000,s,1340
17399042000,r,1440
17399043000,r,1440
17401440000,r,1440
17401441000,r,1440
17402451000,r,1440
17402451000,r,1440
17402543000,s,1340
17403169000,s,1340
17405912000,r,1440
17405913000,r,1440
17406961000,s,1340
17407262000,r,1440
17408742000,s,1340
17409525000,r,1440
17409525000,r,1440
17409526000,r,1440
17410396000,r,1440
17411994000,s,1340
17413826000,r,1440
17413827000,r,1440
17415244000,s,1340
17415574000,r,1440
17416485000,s,1340
17417500000,r,1440
17422180000,r,1440
17422180000,r,1440
17423652000,s,1340
17425211000,r,1440
17425211000,r,1440
17426536000,s,1340
17426631000,r,1440
17427961000,s,1340
17430365000,r,1440
17430366000,r,1440
17430983000,r,1440
17431760000,s,1340
17435628000,r,1440
17437426000,s,1340
18190494000,r,1440
18190494000,r,1440
18190495000,r,1440
18190495000,r,1440
18190496000,r,1440
18190496000,r,1440
18190497000,r,1440
18190497000,r,1440
18191058000,r,1440
18191058000,r,1440
18191059000,r,1440
18191059000,r,1440
18191060000,r,1440
18191060000,r,1440
18191061000,r,1440
18191061000,r,1440
18191212000,r,1440
18191213000,r,1440
18191213000,r,1440
18191214000,r,1440
18191214000,r,1440
18191215000,r,1440
18191215000,r,1440
18191215000,r,1440
18191365000,r,1440
18191365000,r,1440
18191366000,r,1440
18191366000,r,1440
18191367000,r,1440
18191367000,r,1440
18191368000,r,1440
18191368000,r,1440
18191505000,r,1440
18191505000,r,1440
18191506000,r,1440
18191506000,r,1440
18191507000,r,1440
18191507000,r,1440
18191507000,r,1440
18191508000,r,1440
18191804000,r,1440
18191805000,r,1440
18191805000,r,1440
18191806000,r,1440
18191806000,r,1440
18191807000,r,1440
18191807000,r,1440
18191808000,r,1440
18191971000,r,1440
18191971000,r,1440
18191972000,r,1440
18191972000,r,1440
18191973000,r,1440
18191973000,r,1440
18191974000,r,1440
18191974000,r,1440
18192119000,r,1440
18192119000,r,1440
18192120000,r,1440
18192120000,r,1440
18192288000,r,1440
18192288000,r,1440
18192289000,r,1440
18192289000,r,1440
18192290000,r,1440
18192290000,r,1440
18192291000,r,1440
18192291000,r,1440
18192463000,r,1440
18192464000,r,1440
18192464000,r,1440
18192465000,r,1440
18192465000,r,1440
18192466000,r,1440
18192466000,r,1440
18192467000,r,1440
18192616000,r,1440
18192617000,r,1440
18192617000,r,1440
18192618000,r,1440
18192618000,r,1440
18192619000,r,1440
18192619000,r,1440
18192620000,r,1440
18192764000,r,1440
18192765000,r,1440
18192765000,r,1440
18192766000,r,1440
18192766000,r,1440
18192767000,r,1440
18192921000,r,1440
18192922000,r,1440
18192922000,r,1440
18192923000,r,1440
18193726000,s,1340
18195163000,s,1340
18195464000,s,1340
18195620000,r,1440
18195621000,r,1440
18195621000,r,1440
18195622000,r,1440
18195622000,r,1440
18195622000,r,1440
18195623000,r,1440
18195623000,r,1440
18195949000,r,1440
18196312000,s,1340
18196663000,s,1340
18196853000,s,1340
18197025000,s,1340
18197475000,s,1340
18197491000,r,1440
18197805000,s,1340
18198007000,s,1340
18198279000,s,1340
18198488000,s,1340
18198579000,r,1440
18198711000,s,1340
18198976000,s,1340
18203682000,r,1440
18203682000,r,1440
18203683000,r,1440
18205035000,s,1340
18205973000,r,1440
18205973000,r,1440
18207332000,s,1340
18207465000,r,1440
18207466000,r,1440
18209264000,s,1340
18209299000,r,1440
18211594000,r,1440
18211595000,r,1440
18212773000,s,1340
18213102000,s,1340
18214078000,r,1440
18215466000,r,1440
18217809000,r,1440
18217809000,r,1440
18218632000,r,1440
18219038000,s,1340
18219513000,s,1340
18899188000,r,1440
18899188000,r,1440
18899189000,r,1440
18899189000,r,1440
18899190000,r,1440
18899190000,r,1440
18899191000,r,1440
18899191000,r,1440
18899847000,r,1440
18899847000,r,1440
18899847000,r,1440
18899848000,r,1440
18899849000,r,1440
18899849000,r,1440
18899849000,r,1440
18899850000,r,1440
18899995000,r,1440
18899996000,r,1440
18902860000,s,1340
18903224000,s,1340
18915715000,r,1440
18916013000,r,1440
18916013000,r,1440
18917785000,s,1340
18919242000,r,1440
18919242000,r,1440
18921074000,s,1340
18922272000,r,1440
18922272000,r,1440
18922273000,r,1440
18923867000,s,1340
18927827000,r,1440
18927827000,r,1440
18929389000,s,1340
18929720000,s,1340
18931666000,r,1440
18931666000,r,1440
18934558000,r,1440
18934558000,r,1440
18934559000,r,1440
18934559000,r,1440
18935713000,s,1340
18936389000,s,1340
18939732000,r,1440
18940797000,s,1340
19567006000,r,1440
19567007000,r,1440
19567007000,r,1440
19567007000,r,1440
19567008000,r,1440
19567008000,r,1440
19567008000,r,1440
19567008000,r,1440
19567612000,r,1440
19567613000,r,1440
19567613000,r,1440
19567614000,r,1440
19567614000,r,1440
19567615000,r,1440
19567615000,r,1440
19567616000,r,1440
19567775000,r,1440
19567776000,r,1440
19567776000,r,1440
19567777000,r,1440
19567777000,r,1440
19567778000,r,1440
19567778000,r,1440
19567779000,r,1440
19569694000,r,1440
19569695000,r,1440
19569695000,r,1440
19569696000,r,1440
19569696000,r,1440
19569697000,r,1440
19569697000,r,1440
19569698000,r,1440
19570132000,s,1340
19570604000,s,1340
19570848000,s,1340
19571028000,r,1440
19571123000,s,1340
19571345000,s,1340
19571617000,r,1440
19571863000,s,1340
19573452000,r,1440
19573453000,r,1440
19574845000,s,1340
19575618000,r,1440
19576989000,s,1340
19578023000,r,1440
19578023000,r,1440
19579440000,s,1340
19581918000,r,1440
19581919000,r,1440
19582593000,r,1440
19583546000,s,1340
19583777000,s,1340
19586596000,r,1440
19586596000,r,1440
20340068000,r,1440
20340068000,r,1440
20340069000,r,1440
20340069000,r,1440
20340070000,r,1440
20340070000,r,1440
20340071000,r,1440
20340071000,r,1440
20340814000,r,1440
20340815000,r,1440
20340815000,r,1440
20340816000,r,1440
20340816000,r,1440
20340817000,r,1440
20340817000,r,1440
20340818000,r,1440
20340979000,r,1440
20340980000,r,1440
20340980000,r,1440
20340981000,r,1440
20340981000,r,1440
20340982000,r,1440
20340982000,r,1440
20340983000,r,1440
20341132000,r,1440
20341132000,r,1440
20341133000,r,1440
20341133000,r,1440
20341134000,r,1440
20341134000,r,1440
20341135000,r,1440
20341135000,r,1440
20341276000,r,1440
20341276000,r,1440
20341277000,r,1440
20341277000,r,1440
20341278000,r,1440
20342656000,s,1340
20344048000,s,1340
20344406000,s,1340
20482851000,s,1340
20901849000,r,1440
20901849000,r,1440
20901850000,r,1440
20901850000,r,1440
20901851000,r,1440
20901851000,r,1440
20901852000,r,1440
20901852000,r,1440
20902422000,r,1440
20902422000,r,1440
20902423000,r,1440
20902423000,r,1440
20902424000,r,1440
20902424000,r,1440
20902425000,r,1440
20902425000,r,1440
20902588000,r,1440
20902588000,r,1440
20902589000,r,1440
20902589000,r,1440
20902590000,r,1440
20902590000,r,1440
20902591000,r,1440
20902591000,r,1440
20902740000,r,1440
20902740000,r,1440
20902741000,r,1440
20902741000,r,1440
20902742000,r,1440
20902742000,r,1440
20902743000,r,1440
20902743000,r,1440
20902888000,r,1440
20902888000,r,1440
20902889000,r,1440
20902889000,r,1440
20902890000,r,1440
20902890000,r,1440
20902891000,r,1440
20902891000,r,1440
20903022000,r,1440
20903136000,r,1440
20903371000,r,1440
20905831000,r,1440
20905832000,r,1440
20906989000,r,1440
20907083000,s,1340
20907696000,s,1340
20908245000,s,1340
20910147000,r,1440
20910147000,r,1440
20912383000,s,1340
20914067000,r,1440
20914068000,r,1440
20914199000,r,1440
20915677000,s,1340
20916288000,r,1440
20916288000,r,1440
20917387000,r,1440
20917403000,s,1340
20917731000,s,1340
20918797000,r,1440
20920832000,r,1440
20920833000,r,1440
20921953000,s,1340
20923288000,r,1440
20924675000,s,1340
20926737000,r,1440
20926737000,r,1440
20928295000,s,1340
20929218000,r,1440
20929218000,r,1440
20929219000,r,1440
20930022000,r,1440
20930408000,s,1340
20930744000,s,1340
20931166000,r,1440
20933287000,r,1440
20933287000,r,1440
20934538000,r,1440
20934642000,s,1340
20935601000,r,1440
20935706000,s,1340
20938889000,r,1440
20938890000,r,1440
20940584000,s,1340
20942251000,r,1440
20942251000,r,1440
20943251000,r,1440
20943511000,s,1340
20944186000,s,1340
20945413000,r,1440
20945413000,r,1440
20946479000,r,1440
20947529000,s,1340
20949001000,r,1440
20949001000,r,1440
20949820000,r,1440
20950300000,s,1340
20950778000,r,1440
20950876000,s,1340
20953201000,r,1440
20953201000,r,1440
20954487000,s,1340
20954512000,r,1440
20955146000,r,1440
20955691000,s,1340
20957540000,r,1440
20957540000,r,1440
20957541000,r,1440
20958837000,r,1440
20959126000,s,1340
20959702000,s,1340
20961388000,r,1440
20961389000,r,1440
20962579000,s,1340
20963337000,r,1440
20967600000,r,1440
20970456000,r,1440
20970457000,r,1440
20971737000,s,1340
20972171000,s,1340
20973232000,r,1440
20973232000,r,1440
20974807000,r,1440
20975773000,s,1340
20977445000,r,1440
20977446000,r,1440
20977885000,r,1440
20978403000,s,1340
20979095000,s,1340
20979288000,r,1440
20983627000,r,1440
20986145000,r,1440
20986146000,r,1440
20987327000,r,1440
20987389000,s,1340
20987997000,s,1340
20989099000,r,1440
20989099000,r,1440
20990288000,s,1340
20991194000,r,1440
20994456000,r,1440
20994456000,r,1440
20995838000,s,1340
20996206000,s,1340
21666573000,r,1440
21666574000,r,1440
21666574000,r,1440
21666575000,r,1440
21666575000,r,1440
21666576000,r,1440
21666576000,r,1440
21666577000,r,1440
21667243000,r,1440
21667244000,r,1440
21667244000,r,1440
21667245000,r,1440
21667245000,r,1440
21667246000,r,1440
21667246000,r,1440
21667246000,r,1440
21667420000,r,1440
21667420000,r,1440
21667421000,r,1440
21667421000,r,1440
21667422000,r,1440
21667422000,r,1440
21667423000,r,1440
21667423000,r,1440
21667651000,r,1440
21667652000,r,1440
21667652000,r,1440
21667653000,r,1440
21667653000,r,1440
21667654000,r,1440
21667654000,r,1440
21667655000,r,1440
21667824000,r,1440
21667825000,r,1440
21667825000,r,1440
21667826000,r,1440
21667826000,r,1440
21667827000,r,1440
21667827000,r,1440
21667828000,r,1440
21667971000,r,1440
21667971000,r,1440
21667972000,r,1440
21667972000,r,1440
21667973000,r,1440
21667973000,r,1440
21667974000,r,1440
21667974000,r,1440
21668120000,r,1440
21668120000,r,1440
21668121000,r,1440
21668121000,r,1440
21668122000,r,1440
21668122000,r,1440
21668123000,r,1440
21668123000,r,1440
21668335000,r,1440
21668335000,r,1440
21669876000,r,1440
21670711000,r,1440
21670849000,s,1340
21671284000,s,1340
21671508000,s,1340
21671903000,s,1340
21674797000,r,1440
21674798000,r,1440
21674798000,r,1440
21676574000,s,1340
21678747000,r,1440
21678748000,r,1440
21680665000,s,1340
21682036000,r,1440
21682036000,r,1440
21682037000,r,1440
21682037000,r,1440
21683360000,s,1340
21683549000,r,1440
21683770000,s,1340
21685015000,s,1340
21685166000,r,1440
21687404000,r,1440
21688676000,s,1340
21689621000,r,1440
21689622000,r,1440
21693251000,r,1440
21693251000,r,1440
21694216000,r,1440
21694571000,s,1340
21694901000,s,1340
21699613000,r,1440
21699614000,r,1440
21700960000,s,1340
22027899000,r,1440
22027899000,r,1440
22027900000,r,1440
22027900000,r,1440
22027901000,r,1440
22030432000,s,1340
22030903000,s,1340
22099736000,s,1340
22639919000,r,1440
22639920000,r,1440
22639920000,r,1440
22639921000,r,1440
22639921000,r,1440
22639922000,r,1440
22639922000,r,1440
22639922000,r,1440
22640498000,r,1440
22640499000,r,1440
22640499000,r,1440
22640500000,r,1440
22640500000,r,1440
22640501000,r,1440
22640501000,r,1440
22640502000,r,1440
22640661000,r,1440
22640662000,r,1440
22640662000,r,1440
22640663000,r,1440
22640663000,r,1440
22640664000,r,1440
22644048000,r,1440
22644285000,s,1340
22644049000,r,1440
22644049000,r,1440
22644050000,r,1440
22644050000,r,1440
22644051000,r,1440
22644051000,r,1440
22644052000,r,1440
22644892000,s,1340
22645368000,r,1440
22646129000,r,1440
22646130000,r,1440
22646346000,r,1440
22646425000,s,1340
22647202000,s,1340
22647552000,s,1340
22647954000,s,1340
22650563000,r,1440
22650564000,r,1440
22652324000,s,1340
22653625000,r,1440
22653626000,r,1440
22654910000,s,1340
22655069000,r,1440
22657133000,r,1440
22657133000,r,1440
22658589000,s,1340
22658910000,s,1340
22660160000,r,1440
22660160000,r,1440
22663070000,r,1440
22664350000,s,1340
22665327000,r,1440
22665328000,r,1440
22665328000,r,1440
22666134000,r,1440
22666860000,s,1340
22667210000,s,1340
22670846000,r,1440
22670846000,r,1440
22672553000,s,1340
22675253000,r,1440
22675253000,r,1440
22676594000,s,1340
22677601000,r,1440
22677602000,r,1440
22677602000,r,1440
22678561000,r,1440
22678562000,r,1440
22679003000,s,1340
22679939000,s,1340
22681035000,r,1440
22681035000,r,1440
22682374000,r,1440
22682460000,s,1340
22683546000,r,1440
22684287000,r,1440
22685214000,s,1340
22685710000,s,1340
22686874000,r,1440
22691642000,r,1440
22695587000,r,1440
22696444000,s,1340
22696784000,r,1440
22696785000,r,1440
22697717000,r,1440
22698207000,s,1340
22698540000,s,1340
22699078000,r,1440
22701433000,r,1440
22701433000,r,1440
22702641000,r,1440
22702716000,s,1340
22703987000,s,1340
22705628000,r,1440
22705628000,r,1440
22706866000,s,1340
22710452000,r,1440
22710453000,r,1440
22712819000,r,1440
22712820000,r,1440
22713937000,r,1440
22714589000,s,1340
22714933000,s,1340
22718660000,r,1440
22718661000,r,1440
22723677000,r,1440
22724796000,s,1340
23363712000,r,1440
23363712000,r,1440
23363713000,r,1440
23363713000,r,1440
23363714000,r,1440
23363714000,r,1440
23363715000,r,1440
23363715000,r,1440
23364249000,r,1440
23364249000,r,1440
23364250000,r,1440
23364250000,r,1440
23364251000,r,1440
23364251000,r,1440
23364252000,r,1440
23364252000,r,1440
23364408000,r,1440
23364409000,r,1440
23364410000,r,1440
23364410000,r,1440
23364411000,r,1440
23364411000,r,1440
23364412000,r,1440
23364412000,r,1440
23364556000,r,1440
23364556000,r,1440
23364557000,r,1440
23364557000,r,1440
23364558000,r,1440
23364558000,r,1440
23364559000,r,1440
23364753000,r,1440
23365994000,r,1440
23367249000,s,1340
23367763000,s,1340
23368390000,r,1440
23369340000,r,1440
23373501000,r,1440
23373502000,r,1440
23374891000,s,1340
23376772000,r,1440
23376772000,r,1440
23376773000,r,1440
23377871000,s,1340
23378192000,s,1340
23378200000,r,1440
23382520000,r,1440
23382521000,r,1440
23383481000,r,1440
23384295000,s,1340
23384812000,r,1440
23385789000,r,1440
23386131000,s,1340
23386907000,r,1440
23387047000,s,1340
23389369000,r,1440
23389370000,r,1440
23389370000,r,1440
23391065000,s,1340
23391415000,s,1340
23391629000,r,1440
23402566000,r,1440
23402567000,r,1440
23402567000,r,1440
23402568000,r,1440
23402568000,r,1440
23402569000,r,1440
23402569000,r,1440
23402892000,r,1440
23404487000,s,1340
23404870000,s,1340
23407587000,r,1440
23407588000,r,1440
23409322000,r,1440
23410300000,r,1440
23410767000,s,1340
23411351000,r,1440
23412708000,s,1340
23413347000,r,1440
23413348000,r,1440
23414303000,s,1340
23414356000,r,1440
23419587000,r,1440
23421901000,r,1440
23421902000,r,1440
23422947000,r,1440
23424292000,s,1340
23424647000,s,1340
23425960000,r,1440
23425961000,r,1440
23427131000,r,1440
23428043000,s,1340
23430864000,r,1440
23430865000,r,1440
23432583000,s,1340
23433546000,r,1440
23433546000,r,1440
23434092000,r,1440
23435533000,r,1440
23435978000,s,1340
23436444000,r,1440
23437245000,r,1440
23438377000,s,1340
23438850000,s,1340
23439616000,r,1440
23440779000,r,1440
23442129000,r,1440
23443180000,r,1440
23444675000,s,1340
23447598000,r,1440
23448975000,s,1340
23450260000,r,1440
23450261000,r,1440
23451127000,r,1440
23451901000,s,1340
23455589000,r,1440
23457000000,r,1440
23457001000,r,1440
23458046000,r,1440
23458424000,s,1340
23458805000,s,1340
23459238000,r,1440
23463611000,r,1440
23465026000,s,1340
23466740000,r,1440
23466740000,r,1440
23468298000,s,1340
23468445000,r,1440
23469704000,s,1340
23469797000,r,1440
23469797000,r,1440
23471251000,r,1440
23472828000,s,1340
23475643000,r,1440
23475773000,r,1440
23476936000,s,1340
23478531000,r,1440
23479121000,r,1440
23479913000,s,1340
23481513000,r,1440
23481513000,r,1440
23487610000,r,1440
23490139000,s,1340
23490514000,s,1340
24228079000,r,1440
24228079000,r,1440
24228080000,r,1440
24228080000,r,1440
24228081000,r,1440
24228081000,r,1440
24228082000,r,1440
24228082000,r,1440
24228543000,r,1440
24228544000,r,1440
24228544000,r,1440
24228545000,r,1440
24228545000,r,1440
24228546000,r,1440
24228546000,r,1440
24228547000,r,1440
24228698000,r,1440
24228699000,r,1440
24228699000,r,1440
24228700000,r,1440
24228700000,r,1440
24228701000,r,1440
24228701000,r,1440
24228702000,r,1440
24231488000,s,1340
24231982000,s,1340
24842636000,r,1440
24842637000,r,1440
24842637000,r,1440
24842638000,r,1440
24842638000,r,1440
24842639000,r,1440
24842639000,r,1440
24842640000,r,1440
24843188000,r,1440
24843189000,r,1440
24843189000,r,1440
24843190000,r,1440
24843190000,r,1440
24843191000,r,1440
24843191000,r,1440
24843191000,r,1440
24843359000,r,1440
24843359000,r,1440
24843360000,r,1440
24843360000,r,1440
24843361000,r,1440
24843361000,r,1440
24843362000,r,1440
24843362000,r,1440
24843508000,r,1440
24843509000,r,1440
24843509000,r,1440
24845853000,s,1340
24846236000,s,1340
24846423000,s,1340
24911541000,r,1440
24911542000,r,1440
24911542000,r,1440
24911542000,r,1440
24911543000,r,1440
24911543000,r,1440
24911544000,r,1440
24911544000,r,1440
24912048000,r,1440
24912049000,r,1440
24912049000,r,1440
24912050000,r,1440
24912050000,r,1440
24912051000,r,1440
24912051000,r,1440
24912052000,r,1440
24912219000,r,1440
24912220000,r,1440
24912220000,r,1440
24912221000,r,1440
24912221000,r,1440
24912222000,r,1440
24912222000,r,1440
24912223000,r,1440
24912370000,r,1440
24912371000,r,1440
24912371000,r,1440
24912372000,r,1440
24912372000,r,1440
24912373000,r,1440
24912373000,r,1440
24912374000,r,1440
24912514000,r,1440
24912515000,r,1440
24912515000,r,1440
24912516000,r,1440
24912516000,r,1440
24912516000,r,1440
24912517000,r,1440
24912517000,r,1440
24912656000,r,1440
24912657000,r,1440
24912657000,r,1440
24912658000,r,1440
24912658000,r,1440
24912659000,r,1440
24912659000,r,1440
24912660000,r,1440
24912800000,r,1440
24912800000,r,1440
24912801000,r,1440
24912801000,r,1440
24912802000,r,1440
24912802000,r,1440
24912803000,r,1440
24912803000,r,1440
24912947000,r,1440
24912947000,r,1440
24912948000,r,1440
24912948000,r,1440
24912949000,r,1440
24912949000,r,1440
24912950000,r,1440
24912950000,r,1440
24913158000,r,1440
24913159000,r,1440
24913159000,r,1440
24913160000,r,1440
24913160000,r,1440
24913161000,r,1440
24913161000,r,1440
24913162000,r,1440
24913317000,r,1440
24913317000,r,1440
24913318000,r,1440
24913318000,r,1440
24913318000,r,1440
24913319000,r,1440
24913319000,r,1440
24913320000,r,1440
24913458000,r,1440
24913458000,r,1440
24913459000,r,1440
24913459000,r,1440
24913460000,r,1440
24913460000,r,1440
24913461000,r,1440
24913461000,r,1440
24913592000,r,1440
24913592000,r,1440
24913592000,r,1440
24913593000,r,1440
24913593000,r,1440
24914262000,r,1440
24914885000,s,1340
24915284000,s,1340
24915311000,r,1440
24915504000,s,1340
24917021000,s,1340
24917396000,s,1340
24917622000,s,1340
24917846000,s,1340
24918390000,r,1440
24918391000,r,1440
24920379000,s,1340
24920665000,r,1440
24920665000,r,1440
24921949000,r,1440
24922622000,r,1440
24923265000,s,1340
24923747000,s,1340
24926448000,r,1440
24926449000,r,1440
24927302000,r,1440
24927770000,s,1340
24931605000,r,1440
24932849000,s,1340
24933140000,r,1440
24933140000,r,1440
24934261000,r,1440
24934261000,r,1440
24934554000,s,1340
24934960000,r,1440
24936117000,s,1340
24936443000,s,1340
24937475000,r,1440
24937476000,r,1440
24939174000,r,1440
24939529000,r,1440
24940120000,s,1340
24941505000,r,1440
24942576000,s,1340
24946573000,r,1440
24946574000,r,1440
24947323000,r,1440
24948070000,s,1340
24949954000,r,1440
24949954000,r,1440
24950900000,r,1440
24951171000,s,1340
24951527000,s,1340
24955583000,r,1440
24955584000,r,1440
24956972000,s,1340
24957931000,r,1440
25607423000,r,1440
25607424000,r,1440
25607424000,r,1440
25607425000,r,1440
25607425000,r,1440
25607426000,r,1440
25607426000,r,1440
25607427000,r,1440
25608103000,r,1440
25608103000,r,1440
25608939000,r,1440
25608940000,r,1440
25610521000,s,1340
25610889000,s,1340
25611089000,s,1340
25614024000,r,1440
25614025000,r,1440
25614025000,r,1440
25614026000,r,1440
25614026000,r,1440
25614027000,r,1440
25614027000,r,1440
25614028000,r,1440
25614409000,r,1440
25614410000,r,1440
25614410000,r,1440
25614411000,r,1440
25614411000,r,1440
25614412000,r,1440
25614412000,r,1440
25614413000,r,1440
25614548000,r,1440
25614548000,r,1440
25614549000,r,1440
25614549000,r,1440
25614549000,r,1440
25614550000,r,1440
25614550000,r,1440
25614551000,r,1440
25614673000,r,1440
25614771000,r,1440
25616534000,s,1340
25617171000,s,1340
25617476000,s,1340
25617750000,s,1340
25617958000,s,1340
25619166000,r,1440
25619166000,r,1440
25619167000,r,1440
25619167000,r,1440
25621655000,s,1340
25622708000,r,1440
25622708000,r,1440
25624761000,s,1340
25627593000,r,1440
25628710000,s,1340
26290218000,r,1440
26290218000,r,1440
26290219000,r,1440
26290219000,r,1440
26290220000,r,1440
26290220000,r,1440
26290221000,r,1440
26290221000,r,1440
26290789000,r,1440
26290790000,r,1440
26290790000,r,1440
26290791000,r,1440
26290791000,r,1440
26290792000,r,1440
26290792000,r,1440
26290792000,r,1440
26290957000,r,1440
26290957000,r,1440
26290958000,r,1440
26290958000,r,1440
26290959000,r,1440
26290959000,r,1440
26290960000,r,1440
26290960000,r,1440
26291110000,r,1440
26291110000,r,1440
26291111000,r,1440
26291111000,r,1440
26291112000,r,1440
26291112000,r,1440
26291113000,r,1440
26291113000,r,1440
26291242000,r,1440
26291672000,r,1440
26293255000,r,1440
26293836000,r,1440
26293897000,s,1340
26294287000,s,1340
26294522000,s,1340
26294772000,s,1340
26295665000,r,1440
26296889000,r,1440
26296890000,r,1440
26297686000,s,1340
26298323000,s,1340
26299656000,r,1440
26301712000,s,1340
26302230000,r,1440
26302231000,r,1440
26306813000,r,1440
26306814000,r,1440
26306814000,r,1440
26308080000,s,1340
26308428000,s,1340
26308804000,r,1440
26308805000,r,1440
26309642000,r,1440
26311058000,s,1340
26311211000,r,1440
26312566000,r,1440
26312567000,r,1440
26312567000,r,1440
26313589000,r,1440
26313932000,s,1340
26314244000,s,1340
26863291000,s,1340
26902389000,s,1340
26902958000,s,1340
26919736000,r,1440
26919736000,r,1440
26919737000,r,1440
26919737000,r,1440
26919738000,r,1440
26919738000,r,1440
26919739000,r,1440
26919739000,r,1440
26920387000,r,1440
26920387000,r,1440
26922270000,s,1340
26922634000,s,1340
26922835000,s,1340
26923659000,r,1440
26926240000,r,1440
26926241000,r,1440
26928518000,s,1340
26929616000,r,1440
26929617000,r,1440
26931156000,r,1440
26931157000,r,1440
26931343000,s,1340
26932964000,s,1340
26934253000,r,1440
26934253000,r,1440
26938564000,r,1440
26938565000,r,1440
26938998000,r,1440
26939984000,s,1340
26940655000,s,1340
26943624000,r,1440
26943624000,r,1440
26946165000,r,1440
26946166000,r,1440
26947517000,s,1340
26949245000,r,1440
26949245000,r,1440
26950281000,r,1440
26950907000,s,1340
26951232000,s,1340
26951489000,r,1440
26953782000,r,1440
26954949000,r,1440
26956373000,s,1340
26958197000,r,1440
26958198000,r,1440
26961701000,s,1340
26962994000,r,1440
26962995000,r,1440
26964506000,s,1340
26966358000,r,1440
26966358000,r,1440
26968641000,r,1440
26968641000,r,1440
26969627000,r,1440
26970165000,s,1340
26970503000,s,1340
26971117000,r,1440
26974475000,r,1440
26974476000,r,1440
26974476000,r,1440
26975281000,r,1440
26976271000,s,1340
26976615000,s,1340
26977205000,s,1340
26979669000,r,1440
26980565000,r,1440
26980565000,r,1440
26981893000,s,1340
26982165000,r,1440
26983445000,s,1340
26984972000,r,1440
26984972000,r,1440
26986158000,s,1340
26986707000,r,1440
26987598000,r,1440
27708671000,r,1440
27708671000,r,1440
27708672000,r,1440
27708672000,r,1440
27708673000,r,1440
27708673000,r,1440
27708674000,r,1440
27708674000,r,1440
27709173000,r,1440
27709173000,r,1440
27709174000,r,1440
27709174000,r,1440
27709175000,r,1440
27709175000,r,1440
27709176000,r,1440
27709176000,r,1440
27709333000,r,1440
27709334000,r,1440
27709334000,r,1440
27709335000,r,1440
27709335000,r,1440
27709336000,r,1440
27709336000,r,1440
27709337000,r,1440
27709471000,r,1440
27709472000,r,1440
27709472000,r,1440
27709473000,r,1440
27709473000,r,1440
27709474000,r,1440
27709474000,r,1440
27709475000,r,1440
27709611000,r,1440
27709611000,r,1440
27709612000,r,1440
27709612000,r,1440
27709613000,r,1440
27709613000,r,1440
27709614000,r,1440
27709614000,r,1440
27709763000,r,1440
27709763000,r,1440
27709764000,r,1440
27709764000,r,1440
27709765000,r,1440
27709765000,r,1440
27709766000,r,1440
27709766000,r,1440
27709906000,r,1440
27709906000,r,1440
27709907000,r,1440
27709907000,r,1440
27709907000,r,1440
27709908000,r,1440
27709908000,r,1440
27709909000,r,1440
27710050000,r,1440
27710051000,r,1440
27710051000,r,1440
27710052000,r,1440
27710052000,r,1440
27710053000,r,1440
27710053000,r,1440
27710054000,r,1440
27710281000,r,1440
27710282000,r,1440
27710282000,r,1440
27710283000,r,1440
27710283000,r,1440
27710284000,r,1440
27710284000,r,1440
27710285000,r,1440
27710424000,r,1440
27710424000,r,1440
27711398000,s,1340
27711913000,s,1340
27712143000,s,1340
27713258000,s,1340
27713926000,s,1340
27715655000,r,1440
27715655000,r,1440
27718945000,r,1440
27718946000,r,1440
27718946000,r,1440
27722556000,r,1440
27722557000,r,1440
27723378000,s,1340
27723872000,s,1340
27724890000,r,1440
27724890000,r,1440
27726295000,r,1440
27726410000,s,1340
27726717000,r,1440
27728284000,s,1340
27731593000,r,1440
27732735000,s,1340
27733976000,r,1440
27733977000,r,1440
27734795000,r,1440
27735869000,s,1340
27738767000,r,1440
27738767000,r,1440
27738768000,r,1440
27740341000,s,1340
27740655000,s,1340
27743115000,r,1440
27743116000,r,1440
27743116000,r,1440
27744795000,s,1340
27746329000,r,1440
27746329000,r,1440
27746330000,r,1440
27747605000,r,1440
27747605000,r,1440
27747761000,s,1340
27748087000,s,1340
27750016000,r,1440
27751526000,s,1340
27751532000,r,1440
27752393000,r,1440
27753951000,s,1340
27754977000,r,1440
27756424000,s,1340
27756873000,r,1440
27756874000,r,1440
27758108000,r,1440
27759256000,r,1440
27759476000,s,1340
27760941000,s,1340
27763587000,r,1440
27767413000,r,1440
27767414000,r,1440
27768881000,s,1340
27770499000,r,1440
27770499000,r,1440
27771993000,s,1340
27772797000,r,1440
27772798000,r,1440
27774202000,s,1340
27774509000,r,1440
27776993000,r,1440
27776994000,r,1440
27779162000,s,1340
27779446000,r,1440
27779478000,s,1340
27780350000,r,1440
27782042000,r,1440
27783061000,s,1340
27784981000,r,1440
27784982000,r,1440
27786111000,r,1440
27787332000,r,1440
27787917000,s,1340
27788683000,s,1340
27791613000,r,1440
27798505000,r,1440
27798506000,r,1440
27798506000,r,1440
27798507000,r,1440
27798507000,r,1440
27798508000,r,1440
27798508000,r,1440
27798509000,r,1440
27798818000,r,1440
27798818000,r,1440
27798819000,r,1440
27799370000,r,1440
27800061000,s,1340
27800758000,s,1340
27801031000,s,1340
27803633000,r,1440
27806299000,r,1440
27806300000,r,1440
27807751000,s,1340
27811042000,r,1440
27811042000,r,1440
27812662000,s,1340
27814738000,r,1440
27814739000,r,1440
27816146000,s,1340
27817527000,r,1440
27817528000,r,1440
27823275000,r,1440
27823276000,r,1440
27824629000,s,1340
27825548000,s,1340
27826431000,r,1440
27826432000,r,1440
27831356000,r,1440
27831357000,r,1440
27833078000,s,1340
27834844000,r,1440
27834845000,r,1440
27837206000,s,1340
27837947000,r,1440
27837947000,r,1440
27838947000,r,1440
27839734000,s,1340
27842903000,r,1440
27842903000,r,1440
27844336000,s,1340
27844678000,s,1340
27845837000,r,1440
27845838000,r,1440
27847615000,r,1440
27848859000,s,1340
27849234000,r,1440
27852302000,r,1440
27852303000,r,1440
27853614000,s,1340
27853683000,r,1440
27853958000,s,1340
27854988000,r,1440
27858865000,r,1440
27858865000,r,1440
27860214000,s,1340
27860774000,r,1440
27860774000,r,1440
27861788000,r,1440
27862050000,s,1340
27862845000,s,1340
27864929000,r,1440
27864930000,r,1440
27864930000,r,1440
27866373000,r,1440
27866467000,s,1340
27867435000,r,1440
27867706000,s,1340
27871631000,r,1440
27872871000,s,1340
28375152000,r,1440
28375154000,r,1440
28375154000,r,1440
28375155000,r,1440
28375155000,r,1440
28375156000,r,1440
28375156000,r,1440
28375157000,r,1440
28375829000,r,1440
28375830000,r,1440
28375830000,r,1440
28375831000,r,1440
28375831000,r,1440
28375832000,r,1440
28375832000,r,1440
28375833000,r,1440
28375985000,r,1440
28375985000,r,1440
28375985000,r,1440
28375986000,r,1440
28375986000,r,1440
28375987000,r,1440
28375987000,r,1440
28375988000,r,1440
28376144000,r,1440
28376144000,r,1440
28376145000,r,1440
28376145000,r,1440
28376146000,r,1440
28376146000,r,1440
28376147000,r,1440
28376323000,r,1440
28377311000,r,1440
28378429000,s,1340
28378580000,r,1440
28378801000,s,1340
28381636000,r,1440
28381637000,r,1440
28381637000,r,1440
28383190000,r,1440
28383283000,s,1340
28383779000,s,1340
28384837000,s,1340
28387728000,r,1440
28387728000,r,1440
28391644000,r,1440
28393307000,r,1440
28393353000,s,1340
28393308000,r,1440
28394370000,r,1440
28394782000,s,1340
28395174000,r,1440
28395644000,s,1340
28397350000,r,1440
28397350000,r,1440
28398609000,r,1440
28398667000,s,1340
28400222000,s,1340
28401274000,r,1440
28401274000,r,1440
28402571000,s,1340
28403617000,r,1440
28404061000,r,1440
28406954000,r,1440
28408217000,s,1340
28408610000,s,1340