0,s,124
493000,s,124
576000,s,140
7034000,s,124
33164000,r,124
35475000,s,124
38354000,s,652
62582000,r,124
62582000,r,316
63979000,s,124
65184000,s,188
91344000,r,124
92853000,s,524
115328000,r,124
115328000,r,652
121353000,r,204
121353000,r,156
122533000,s,124
167789000,s,124
4945370000,s,124
4963436000,r,124
4965924000,s,124
4971880000,s,1340
4972050000,s,716
4984564000,r,124
4984564000,r,364
4986782000,s,124
4993495000,s,188
5007603000,r,204
5023777000,s,204
5025632000,s,620
5035347000,r,172
5037059000,s,156
5051321000,r,124
5067373000,s,156
5067450000,s,156
5068086000,r,1340
5068086000,r,1340
5068086000,r,1340
5068086000,r,1340
5068907000,s,124
5069083000,s,124
5069683000,r,1340
5069683000,r,1340
5069683000,r,1340
5069683000,r,1340
5069683000,r,1260
5070125000,s,124
5070371000,s,124
5107307000,r,172
5111704000,s,124
5123392000,r,188
5150050000,s,412
5151173000,s,332
5151385000,s,300
5151757000,s,220
5156436000,s,1340
5156538000,s,1340
5157202000,s,172
5163317000,r,124
5170786000,r,1340
5170786000,r,1340
5170787000,r,348
5170787000,r,620
5170787000,r,1340
5170788000,r,1340
5170788000,r,1340
5170789000,r,1340
5171004000,r,1340
5171005000,r,1340
5171005000,r,1340
5171006000,r,1340
5171006000,r,1340
5171007000,r,1340
5171007000,r,1340
5171007000,r,1340
5171136000,r,1340
5171137000,r,1340
5171137000,r,1372
5171137000,r,1372
5171881000,s,124
5172095000,s,124
5172238000,s,124
5172283000,s,124
5172318000,s,124
5173806000,s,124
5173912000,s,124
5173953000,s,124
5173984000,s,124
5174014000,s,124
5174091000,s,124
5174123000,s,124
5174153000,s,124
5174183000,s,124
5174259000,s,124
5174289000,s,124
5174317000,s,124
5174345000,s,124
5186609000,r,1340
5186609000,r,1340
5186610000,r,1340
5186610000,r,1340
5186610000,r,1340
5186611000,r,1340
5186611000,r,1340
5186612000,r,1340
5187026000,r,1340
5187026000,r,1340
5187027000,r,1340
5187027000,r,1340
5187028000,r,1340
5187028000,r,1340
5187028000,r,1340
5187029000,r,1340
5187152000,r,1340
5187152000,r,1340
5187153000,r,1340
5187318000,r,1340
5187318000,r,1340
5187318000,r,1340
5188065000,s,124
5188227000,s,124
5188917000,s,124
5189449000,s,124
5189503000,r,1340
5189587000,s,124
5189503000,r,1340
5189504000,r,1340
5189504000,r,1340
5189505000,r,1340
5189505000,r,1340
5189506000,r,1340
5189707000,s,124
5189506000,r,1340
5189763000,r,1340
5189763000,r,1340
5189764000,r,1340
5189764000,r,1340
5189765000,r,1340
5189833000,s,124
5189765000,r,1340
5189944000,s,124
5190058000,s,124
5190145000,s,124
5190268000,s,124
5190378000,s,124
5190517000,s,124
5190654000,s,124
5190774000,s,124
5190889000,s,124
5191019000,s,124
5191158000,s,124
5191291000,s,124
5191459000,s,124
5191597000,s,124
5191737000,s,124
5191859000,s,124
5191989000,s,124
5192130000,s,124
5192274000,s,124
5192420000,s,124
5192540000,s,124
5192670000,s,124
5192796000,s,124
5192924000,s,124
5193044000,s,124
5193302000,s,124
5193442000,s,124
5193557000,s,124
5193663000,s,124
5199342000,r,1340
5199343000,r,1340
5201196000,r,1340
5201196000,r,1340
5201197000,r,1340
5201197000,r,1340
5201198000,r,1340
5201198000,r,1340
5201199000,r,1340
5201199000,r,1340
5201369000,r,1340
5201370000,r,1340
5201370000,r,1340
5201371000,r,1340
5201371000,r,1340
5201372000,r,1340
5201372000,r,1340
5201372000,r,1340
5201507000,r,1340
5201507000,r,1340
5201507000,r,1340
5201508000,r,1340
5201508000,r,1340
5201509000,r,1340
5201954000,s,124
5202281000,s,124
5203646000,s,124
5203793000,s,124
5203862000,s,124
5203898000,s,124
5203931000,s,124
5203962000,s,124
5203991000,s,124
5204019000,s,124
5204048000,s,124
5204133000,s,124
5204168000,s,124
5204216000,s,124
5204246000,s,124
5204277000,s,124
5204306000,s,124
5204333000,s,124
5204361000,s,124
5204388000,s,124
5204416000,s,124
5204456000,s,124
5204487000,s,124
5204514000,s,124
5204604000,r,1340
5204605000,r,1340
5204605000,r,1340
5204606000,r,1340
5204606000,r,1340
5204607000,r,1340
5204607000,r,1340
5204607000,r,1340
5204837000,r,1340
5204837000,r,1340
5204837000,r,1340
5204838000,r,1340
5204838000,r,1340
5204839000,r,1340
5204839000,r,1340
5204840000,r,1340
5204971000,r,1340
5204971000,r,1340
5204972000,r,1340
5204972000,r,1340
5204973000,r,1340
5204973000,r,1340
5204973000,r,1340
5204974000,r,1340
5205149000,r,1340
5205149000,r,1340
5205150000,r,1340
5205150000,r,1340
5205151000,r,1340
5205151000,r,1340
5205152000,r,1340
5205152000,r,1340
5205279000,r,1340
5205279000,r,1340
5205280000,r,1340
5207326000,s,124
5207460000,s,124
5207725000,s,124
5207818000,s,124
5207888000,s,124
5207960000,s,124
5208026000,s,124
5208075000,s,124
5208130000,s,124
5208180000,s,124
5208215000,s,124
5208255000,s,124
5208290000,s,124
5208325000,s,124
5208465000,s,124
5208513000,s,124
5208553000,s,124
5208588000,s,124
5208619000,s,124
5208648000,s,124
5208676000,s,124
5208705000,s,124
5208734000,s,124
5208763000,s,124
5208793000,s,124
5208820000,s,124
5208818000,r,1340
5208819000,r,1340
5208819000,r,1340
5208885000,s,124
5208820000,r,1340
5208820000,r,1340
5208821000,r,1340
5208821000,r,1340
5208821000,r,1340
5208990000,r,1340
5208990000,r,1340
5208991000,r,1340
5208991000,r,1340
5208991000,r,1340
5209188000,s,124
5209440000,s,124
5209593000,s,124
5209736000,s,124
5209889000,s,124
5210022000,s,124
5210162000,s,124
5210279000,s,124
5210417000,s,124
5210743000,s,124
5210878000,s,124
5211010000,s,124
5211135000,s,124
5211240000,s,124
5211416000,s,124
5211528000,s,124
5211691000,s,124
5211771000,s,124
5211888000,s,124
5212017000,s,124
5212134000,s,124
5215295000,r,1340
5215295000,r,1340
5215295000,r,1340
5215296000,r,1340
5215296000,r,1340
5215297000,r,1340
5215297000,r,1340
5215298000,r,1340
5215557000,r,1340
5215557000,r,1340
5215558000,r,1340
5215558000,r,1340
5215559000,r,1340
5215559000,r,1340
5215560000,r,1340
5215560000,r,1340
5215695000,r,1340
5215748000,s,1340
5215900000,s,188
5216312000,s,124
5216446000,s,124
5216517000,s,124
5216555000,s,124
5216587000,s,124
5216617000,s,124
5216645000,s,124
5216676000,s,124
5216704000,s,124
5216751000,s,124
5216782000,s,124
5216813000,s,124
5216843000,s,124
5216872000,s,124
5216901000,s,124
5216929000,s,124
5216959000,s,124
5216992000,s,316
5218739000,r,1340
5218739000,r,1340
5218740000,r,1340
5218740000,r,1340
5218741000,r,1340
5218741000,r,1340
5218742000,r,1340
5218742000,r,1340
5219074000,r,1340
5219075000,r,1340
5219075000,r,1340
5219076000,r,1340
5219076000,r,1340
5219077000,r,1340
5219077000,r,1340
5219078000,r,1340
5219245000,r,1340
5219246000,r,1340
5219246000,r,1340
5219247000,r,1340
5219277000,r,1340
5219278000,r,1340
5219279000,r,1340
5219279000,r,1340
5219443000,r,1340
5219443000,r,1340
5219443000,r,1340
5219444000,r,1340
5219444000,r,1340
5219445000,r,1340
5219445000,r,1340
5219446000,r,1340
5219577000,r,1340
5219577000,r,1340
5219578000,r,1340
5219696000,r,1340
5219696000,r,1340
5219697000,r,1340
5219697000,r,1340
5219698000,r,1340
5219698000,r,1340
5219818000,r,1340
5219819000,r,1340
5219819000,r,1340
5219820000,r,1340
5219820000,r,1340
5219820000,r,1340
5219821000,r,1340
5219918000,s,124
5219821000,r,1340
5219958000,r,1340
5220076000,s,124
5220217000,s,124
5220287000,s,124
5220327000,s,124
5220358000,s,124
5220417000,s,124
5220453000,s,124
5220488000,s,124
5220521000,s,124
5220665000,s,124
5220802000,s,124
5220859000,s,124
5220902000,s,124
5220932000,s,124
5221350000,s,124
5221419000,s,124
5221602000,s,124
5221670000,s,124
5221730000,s,124
5221784000,s,124
5221842000,s,124
5221890000,s,124
5221936000,s,124
5221971000,s,124
5222233000,s,124
5222303000,s,124
5222368000,s,124
5222421000,s,124
5222478000,s,124
5222525000,s,124
5222601000,s,124
5222658000,s,124
5222690000,s,124
5222721000,s,348
5222750000,s,124
5222779000,s,124
5222808000,s,124
5222837000,s,124
5222865000,s,124
5222895000,s,124
5222888000,r,1340
5222937000,s,124
5222970000,s,124
5222888000,r,1340
5222889000,r,1340
5222889000,r,1340
5223049000,s,124
5222890000,r,1340
5222890000,r,1340
5222890000,r,1340
5222891000,r,1340
5223104000,s,124
5223144000,r,1340
5223153000,s,124
5223144000,r,1340
5223145000,r,1340
5223186000,s,124
5223145000,r,1340
5223146000,r,1340
5223217000,s,124
5223146000,r,1340
5223147000,r,1340
5223147000,r,1340
5223292000,s,124
5223334000,r,1340
5223350000,s,124
5223335000,r,1340
5223335000,r,1340
5223336000,r,1340
5223384000,s,124
5223336000,r,1340
5223336000,r,1340
5223337000,r,1340
5223337000,r,1340
5223471000,r,1340
5223471000,r,1340
5223471000,r,1340
5223472000,r,1340
5223472000,r,1340
5223473000,r,1340
5223473000,r,1340
5223740000,r,1340
5223740000,r,1340
5223741000,r,1340
5223741000,r,1340
5223742000,r,1340
5223742000,r,1340
5223742000,r,1340
5223743000,r,1340
5223892000,r,1340
5223893000,r,1340
5223893000,r,1340
5223893000,r,1340
5223894000,r,1340
5223894000,r,1340
5223895000,r,1340
5224517000,s,124
5224701000,s,124
5224753000,s,124
5224793000,s,124
5224830000,s,124
5224863000,s,124
5224894000,s,124
5224924000,s,124
5224956000,s,124
5227304000,r,1340
5227305000,r,1340
5227305000,r,1340
5227305000,r,1340
5227306000,r,1340
5227306000,r,1340
5227307000,r,1340
5227307000,r,1340
5227550000,r,1340
5227551000,r,1340
5227551000,r,1340
5227552000,r,1340
5227552000,r,1340
5227552000,r,1340
5227553000,r,1340
5227553000,r,1340
5227684000,r,1340
5227685000,r,1340
5227685000,r,1340
5227686000,r,1340
5227686000,r,1340
5227687000,r,1340
5227768000,s,124
5227687000,r,1340
5227687000,r,1340
5227844000,s,124
5227982000,s,124
5228007000,s,124
5228028000,s,124
5228057000,s,124
5228079000,s,124
5228102000,s,124
5228128000,s,124
5228150000,s,124
5228222000,s,124
5228247000,s,124
5228267000,s,124
5228492000,r,1340
5228492000,r,1340
5228615000,s,124
5228492000,r,1340
5228640000,s,124
5228493000,r,1340
5228665000,s,124
5228493000,r,1340
5228685000,s,124
5228494000,r,1340
5228494000,r,1340
5228708000,s,124
5228728000,s,124
5228749000,s,124
5228769000,s,124
5228791000,s,124
5228811000,s,124
5228834000,s,124
5228855000,s,124
5228878000,s,124
5228898000,s,124
5228921000,s,124
5228966000,s,124
5228985000,s,124
5229008000,s,124
5229029000,s,124
5229051000,s,124
5229072000,s,124
5229090000,s,124
5229112000,s,124
5229132000,s,124
5229152000,s,124
5229175000,s,124
5229194000,s,124
5229213000,s,124
5229231000,s,124
5229248000,s,124
5229393000,r,1340
5229394000,r,1340
5229755000,s,124
5229897000,s,124
5229940000,s,124
5229971000,s,124
5230002000,s,124
5230031000,s,124
5230059000,s,124
5230086000,s,124
5230135000,s,124
5230165000,s,124
5230194000,s,124
5230223000,s,124
5230252000,s,124
5230263000,r,1340
5230293000,s,124
5230354000,s,124
5230263000,r,1340
5230264000,r,1340
5230399000,s,124
5230264000,r,1340
5230265000,r,1340
5230265000,r,1340
5230441000,s,124
5230265000,r,1340
5230266000,r,1340
5230505000,s,124
5230515000,r,1340
5230516000,r,1340
5230516000,r,1340
5230517000,r,1340
5230593000,s,124
5230780000,s,124
5230897000,s,124
5231167000,s,124
5231459000,s,124
5231672000,s,124
5231825000,s,124
5231988000,s,124
5232133000,s,124
5232290000,s,124
5232464000,s,124
5232582000,s,124
5232733000,s,124
5232893000,s,124
5233057000,s,124
5233227000,s,124
5233392000,s,124
5233559000,s,124
5233726000,s,124
5233907000,s,124
5234072000,s,124
5234398000,s,220
5239385000,r,1340
5239385000,r,1340
5239386000,r,1340
5239386000,r,1340
5239387000,r,1340
5239387000,r,1340
5239388000,r,124
5239388000,r,1340
5239750000,r,1340
5239751000,r,1340
5239751000,r,1340
5239752000,r,1340
5239752000,r,1340
5239753000,r,1340
5239753000,r,1340
5239753000,r,1340
5239890000,r,1340
5239890000,r,1340
5239891000,r,1340
5239891000,r,1340
5239892000,r,1340
5239892000,r,1340
5239892000,r,1340
5239893000,r,1340
5240029000,r,1340
5240030000,r,1340
5240030000,r,1340
5240030000,r,1340
5240031000,r,1340
5240031000,r,1340
5240032000,r,1340
5240032000,r,1340
5240164000,r,1340
5240165000,r,1340
5240165000,r,1340
5240165000,r,1340
5240166000,r,1340
5240166000,r,1340
5240167000,r,1340
5240167000,r,1340
5240258000,s,124
5240295000,r,1340
5240295000,r,1340
5240295000,r,1340
5240337000,s,124
5240296000,r,1340
5240296000,r,1340
5240297000,r,1340
5240297000,r,1340
5240298000,r,1340
5240430000,r,1340
5240431000,r,1340
5240431000,r,1340
5240432000,r,1340
5240432000,r,1340
5240433000,r,1340
5240433000,r,1340
5240433000,r,1340
5240561000,r,1340
5240562000,r,1340
5240562000,r,1340
5240562000,r,1340
5240563000,r,1340
5240563000,r,1340
5240564000,r,1340
5240564000,r,1340
5240665000,s,124
5240755000,r,1340
5240755000,r,1340
5240756000,r,1340
5240756000,r,1340
5240757000,r,1340
5240757000,r,1340
5240758000,r,1340
5240758000,r,1340
5240908000,r,1340
5240909000,r,1340
5240909000,r,1340
5240909000,r,1340
5240910000,r,1340
5240910000,r,1340
5240911000,r,1340
5240911000,r,1340
5241039000,r,1340
5241039000,r,1340
5241040000,r,1340
5241040000,r,1340
5241040000,r,1340
5241041000,r,1340
5241041000,r,1340
5241042000,r,1340
5241164000,r,1340
5241164000,r,1340
5241165000,r,1340
5241165000,r,1340
5241253000,s,124
5241275000,r,1340
5241275000,r,1340
5241275000,r,1340
5241276000,r,1340
5241276000,r,1340
5241277000,r,1340
5241372000,s,124
5241840000,s,124
5241946000,s,124
5242045000,s,124
5242141000,s,124
5242235000,s,124
5242325000,s,124
5242435000,s,124
5242522000,s,124
5242680000,s,124
5242777000,s,124
5242868000,s,124
5242958000,s,124
5243079000,s,124
5243183000,s,124
5243336000,s,124
5243496000,s,124
5243620000,s,124
5243741000,s,124
5243839000,s,124
5243938000,r,1340
5243938000,r,1340
5243939000,r,1340
5243939000,r,1340
5243940000,r,1340
5243940000,r,1340
5243941000,r,1340
5243941000,r,1340
5244244000,r,1340
5244244000,r,1340
5244245000,r,1340
5244245000,r,1340
5244246000,r,1340
5244246000,r,1340
5244246000,r,1340
5244247000,r,1340
5244381000,r,1340
5244382000,r,1340
5244563000,s,124
5244625000,s,124
5244668000,s,124
5244790000,s,124
5244833000,s,124
5244866000,s,124
5245174000,s,124
5245288000,s,124
5245725000,s,124
5245863000,s,124
5245930000,s,124
5245965000,s,124
5245997000,s,124
5246025000,s,124
5246055000,s,124
5246083000,s,124
5246111000,s,124
5246139000,s,124
5246239000,s,124
5246299000,s,124
5246332000,s,124
5246373000,s,124
5252080000,r,1340
5252081000,r,1340
5252081000,r,1340
5252082000,r,1340
5252082000,r,1340
5252082000,r,1340
5252083000,r,1340
5252083000,r,124
5252294000,r,1340
5252294000,r,1340
5252295000,r,1340
5252295000,r,1340
5252296000,r,1340
5252296000,r,1340
5252296000,r,1340
5252297000,r,1340
5252427000,r,1340
5252427000,r,1340
5252428000,r,1340
5252428000,r,1340
5252429000,r,1340
5252429000,r,1340
5252430000,r,1340
5252430000,r,1340
5252563000,r,1340
5252563000,r,1340
5252564000,r,1340
5252564000,r,1340
5252565000,r,1340
5252565000,r,1340
5252565000,r,1340
5252566000,r,1340
5252694000,r,1340
5252695000,r,1340
5252695000,r,1340
5252696000,r,1340
5252696000,r,1340
5252697000,r,1340
5252697000,r,1340
5252697000,r,1340
5252821000,r,1340
5252822000,r,1340
5252822000,r,1340
5252823000,r,1340
5252823000,r,1340
5252823000,r,1340
5252824000,r,1340
5252824000,r,1340
5252950000,r,1340
5252950000,r,1340
5252951000,r,1340
5252951000,r,1340
5252952000,r,1340
5252952000,r,1340
5252952000,r,1340
5252953000,r,1340
5253078000,r,1340
5253078000,r,1340
5253078000,r,1340
5253079000,r,1340
5253079000,r,1340
5253080000,r,1340
5253080000,r,1340
5253081000,r,1340
5253241000,r,1340
5253242000,r,1340
5253242000,r,1340
5253242000,r,1340
5253243000,r,1340
5253243000,r,1340
5253244000,r,1340
5253244000,r,1340
5253376000,r,1340
5253377000,r,1340
5253377000,r,1340
5253377000,r,1340
5253378000,r,1340
5253378000,r,1340
5253379000,r,1340
5253379000,r,1340
5253502000,r,1340
5253502000,r,1340
5253503000,r,1340
5253503000,r,1340
5253504000,r,1340
5253504000,r,1340
5253505000,r,1340
5253505000,r,1340
5253627000,r,1340
5253627000,r,1340
5253627000,r,1340
5253628000,r,1340
5253628000,r,1340
5253629000,r,1340
5253629000,r,1340
5253630000,r,1340
5253745000,r,1340
5253745000,r,1340
5253746000,r,1340
5254119000,s,124
5254237000,s,124
5254282000,s,124
5254320000,s,124
5254358000,s,124
5254393000,s,124
5254427000,s,124
5254463000,s,124
5254497000,s,124
5254603000,s,124
5254640000,s,124
5255397000,s,124
5255543000,s,124
5255770000,s,124
5255880000,s,124
5256089000,s,124
5256247000,s,124
5256370000,r,1340
5256370000,r,1340
5256371000,r,1340
5256371000,r,1340
5256371000,r,1340
5256372000,r,1340
5256372000,r,1340
5256373000,r,876
5256538000,r,364
5256606000,r,1340
5256606000,r,1340
5256607000,r,1340
5256607000,r,1340
5256608000,r,1340
5256608000,r,1340
5256609000,r,1340
5256609000,r,1340
5256749000,r,1340
5256749000,r,1340
5256750000,r,1340
5256750000,r,1340
5256750000,r,1340
5256751000,r,508
5256751000,r,252
5256752000,r,252
5256881000,r,1340
5256882000,r,1340
5256882000,r,1340
5256883000,r,1340
5256883000,r,1340
5256884000,r,1340
5256884000,r,1340
5256884000,r,1340
5257003000,r,1340
5257003000,r,1340
5257004000,r,1340
5257004000,r,1340
5257531000,s,124
5258172000,s,124
5258253000,s,124
5258293000,s,124
5258326000,s,124
5258358000,s,124
5258412000,s,124
5258443000,s,124
5258473000,s,124
5258501000,s,124
5258850000,s,124
5258921000,s,124
5258968000,s,124
5259024000,r,1340
5259024000,r,508
5259025000,r,1340
5259025000,r,1340
5259026000,r,1132
5259189000,s,124
5259489000,s,124
5259562000,s,124
5259733000,s,124
5259975000,s,124
5260218000,s,124
5260345000,s,124
5260890000,s,124
5260970000,s,124
5260996000,s,124
5261045000,s,124
5261202000,s,124
5261292000,s,124
5261321000,s,124
5261784000,s,124
5261840000,s,124
5261877000,s,124
5261913000,s,124
5261942000,s,124
5261976000,s,124
5262008000,s,124
5262037000,s,124
5262069000,s,124
5262102000,s,124
5262249000,s,124
5262484000,s,124
5262590000,s,124
5262633000,s,124
5262669000,s,124
5262703000,s,124
5262785000,s,124
5262840000,s,124
5262982000,s,124
5263039000,s,124
5263419000,s,124
5263472000,s,124
5263661000,s,124
5263729000,s,124
5263767000,s,124
5263884000,s,124
5263941000,s,124
5263977000,s,124
5264008000,s,124
5264039000,s,124
5264068000,s,124
5264098000,s,124
5264127000,s,124
5264195000,s,124
5264236000,s,140
5264383000,s,124
5264473000,s,124
5270871000,s,220
5287310000,r,364
5287593000,r,1340
5287594000,r,1340
5287594000,r,1340
5287595000,r,1340
5287595000,r,1340
5287595000,r,1340
5287596000,r,1340
5287596000,r,1340
5287754000,r,1340
5287755000,r,1340
5287755000,r,1340
5287756000,r,1340
5287756000,r,1340
5287756000,r,508
5287757000,r,1340
5287757000,r,1340
5287889000,r,1340
5287889000,r,1340
5287890000,r,1340
5287890000,r,1340
5287891000,r,1340
5287891000,r,1340
5287891000,r,1340
5287892000,r,1340
5288019000,r,1340
5288019000,r,1340
5288020000,r,1340
5288020000,r,508
5288020000,r,1340
5288021000,r,1340
5288021000,r,1340
5288022000,r,1340
5288143000,r,1340
5288143000,r,1340
5289404000,s,124
5289533000,r,1340
5289555000,s,124
5289533000,r,1340
5289602000,s,124
5289534000,r,1340
5289534000,r,1340
5289636000,s,124
5289534000,r,1340
5289535000,r,1308
5290157000,s,124
5290302000,s,124
5290633000,s,124
5291001000,s,124
5291435000,s,124
5291646000,s,124
5291994000,s,124
5292245000,s,124
5292436000,s,124
5293391000,s,124
5293510000,s,124
5293573000,s,124
5293613000,s,140
5293644000,s,124
5293676000,s,124
5293844000,s,124
5294030000,s,124
5320026000,s,252
5325090000,s,220
5335405000,r,364
5339331000,r,1340
5339332000,r,1340
5339332000,r,1340
5339333000,r,1340
5339333000,r,1340
5339334000,r,1340
5339334000,r,1340
5339334000,r,1340
5339677000,r,1340
5339677000,r,1340
5339678000,r,1340
5339678000,r,1340
5339678000,r,1340
5339679000,r,508
5339679000,r,1340
5339680000,r,1340
5339811000,r,1340
5339811000,r,1340
5339812000,r,1340
5339812000,r,1340
5339813000,r,1340
5339813000,r,1340
5339814000,r,1340
5339814000,r,1340
5339942000,r,1340
5339942000,r,1340
5339943000,r,1340
5339943000,r,508
5339944000,r,1340
5339944000,r,1340
5339944000,r,1340
5339945000,r,1340
5340070000,r,1340
5340070000,r,1340
5340070000,r,1340
5340071000,r,1340
5340071000,r,1340
5340072000,r,1340
5340072000,r,1340
5340073000,r,1340
5340199000,r,1340
5340199000,r,508
5340200000,r,1340
5340200000,r,1340
5340200000,r,1340
5340201000,r,1340
5340201000,r,1340
5340202000,r,1340
5341695000,r,1340
5341696000,r,1340
5341696000,r,1340
5341697000,r,1340
5341697000,r,1340
5341697000,r,1340
5341797000,s,124
5341698000,r,1340
5341698000,r,156
5341856000,r,1340
5341857000,r,1340
5341857000,r,1340
5341858000,r,1340
5341858000,r,1340
5341859000,r,1340
5342080000,r,1340
5342085000,s,124
5342080000,r,1340
5342081000,r,1340
5342176000,s,124
5342081000,r,1340
5342082000,r,1340
5342082000,r,1340
5342082000,r,556
5342083000,r,684
5342783000,s,124
5342920000,s,124
5342972000,s,124
5343125000,s,124
5343511000,s,124
5344636000,s,124
5344814000,s,124
5344910000,s,124
5345000000,s,124
5345138000,s,124
5345227000,s,124
5345314000,s,124
5345439000,s,124
5345523000,s,124
5345690000,s,124
5345815000,s,124
5345948000,s,124
5346073000,s,124
5346534000,s,124
5346690000,s,124
5347134000,s,124
5347347000,s,124
5347411000,s,124
5347963000,s,124
5348108000,s,124
5852001000,s,108
5910549000,s,220
5916829000,s,220
5920880000,s,124
5928676000,r,124
5928676000,r,364
5931652000,r,1340
5931652000,r,1340
5931653000,r,1340
5931653000,r,1340
5931654000,r,1340
5931654000,r,1340
5931655000,r,1340
5931655000,r,1340
5932038000,r,1340
5932039000,r,1340
5932039000,r,1340
5932040000,r,1340
5932040000,r,1340
5932041000,r,508
5932041000,r,1340
5932042000,r,1340
5932188000,r,1340
5932189000,r,1340
5932189000,r,1340
5932190000,r,1340
5932190000,r,1340
5932190000,r,1340
5932191000,r,1340
5932191000,r,1340
5932339000,r,1340
5932340000,r,1340
5932340000,r,1340
5932340000,r,508
5932341000,r,1340
5932341000,r,1340
5932342000,r,1340
5934561000,r,1340
5934561000,r,1340
5934562000,r,1340
5934562000,r,1340
5934563000,r,1340
5934563000,r,1340
5934563000,r,1340
5934564000,r,1340
5934823000,s,124
5934875000,r,1340
5934876000,r,1340
5934876000,r,508
5934876000,r,1340
5934877000,r,1340
5934877000,r,1340
5934955000,s,124
5934878000,r,1340
5934878000,r,1340
5935018000,r,1340
5935018000,r,1340
5935019000,r,1340
5935019000,r,1340
5935020000,r,1340
5935020000,r,1340
5935021000,r,1340
5935021000,r,1340
5935153000,r,508
5935154000,r,1340
5935154000,r,1340
5935154000,r,1340
5935155000,r,1340
5935155000,r,1340
5935156000,r,1340
5935156000,r,1340
5935346000,r,1340
5935347000,r,1340
5935347000,r,1340
5935348000,r,1340
5935348000,r,1340
5935349000,r,1340
5935349000,r,508
5935350000,r,1340
5935454000,s,124
5935475000,r,1340
5935627000,s,124
5935918000,s,124
5936048000,s,124
5936409000,s,124
5936614000,r,1340
5936614000,r,1340
5936614000,r,1340
5936615000,r,1196
5936615000,r,124
5940869000,s,124
5941670000,s,124
5941790000,s,124
5946554000,r,1340
5946554000,r,1340
5946555000,r,1340
5946555000,r,1340
5946556000,r,1340
5946556000,r,1340
5946556000,r,1340
5946557000,r,1340
5947296000,r,1340
5947296000,r,1340
5947297000,r,1340
5947297000,r,1340
5947298000,r,1340
5947298000,r,1340
5947954000,s,1340
5948056000,s,764
5948495000,s,124
5949340000,r,1340
5949374000,s,124
5949341000,r,1340
5949341000,r,1340
5949342000,r,1340
5949342000,r,1340
5949343000,r,1340
5950018000,s,124
5953659000,r,1340
5953659000,r,1340
5953660000,r,1340
5953660000,r,1340
5953661000,r,1340
5953661000,r,1340
5953662000,r,1340
5953662000,r,1340
5953866000,r,1340
5953866000,r,1340
5953867000,r,1340
5953867000,r,1340
5953868000,r,1340
5953868000,r,1340
5953869000,r,1340
5953869000,r,1340
5953991000,r,1340
5953992000,r,1340
5955324000,r,1340
5955324000,r,1340
5955324000,r,1340
5955325000,r,1340
5955325000,r,1340
5955326000,r,1340
5955326000,r,1340
5955327000,r,1340
5955672000,r,1340
5955672000,r,1340
5955672000,r,1340
5955673000,r,1340
5955673000,r,1340
5955674000,r,1340
5955674000,r,1340
5955675000,r,1340
5955814000,r,1340
5955815000,r,1340
5955815000,r,1340
5955815000,r,1340
5955816000,r,1340
5955816000,r,1340
5955817000,r,1340
5955817000,r,1340
5956027000,r,1340
5956027000,r,1340
5956028000,r,1340
5956028000,r,1340
5956029000,r,1340
5956029000,r,1340
5956029000,r,1340
5956030000,r,1340
5956314000,r,1340
5956369000,r,1340
5956369000,r,1340
5956369000,r,1340
5956370000,r,1340
5956370000,r,1340
5956371000,r,1340
5956691000,r,1340
5956691000,r,1340
5956692000,r,1340
5956692000,r,1340
5956693000,r,1340
5956693000,r,1340
5956693000,r,1340
5956694000,r,1340
5956857000,r,1340
5958919000,s,124
5959298000,r,1340
5959298000,r,1340
5959299000,r,1340
5959299000,r,1340
5959300000,r,1340
5959300000,r,1340
5959301000,r,1340
5959301000,r,1340
5959516000,r,1340
5959517000,r,1340
5959517000,r,1340
5959518000,r,1340
5959518000,r,1340
5959518000,r,1340
5959519000,r,1340
5959519000,r,1340
5959654000,r,1340
5959654000,r,1340
5959655000,r,1340
5959655000,r,1340
5959656000,r,1340
5959656000,r,1340
5959657000,r,1340
5959657000,r,1340
5959803000,r,1340
5959803000,r,1340
5959804000,r,1340
5959804000,r,1340
5959805000,r,1340
5959805000,r,1340
5959806000,r,1340
5959960000,r,1340
5959960000,r,1340
5959961000,r,1340
5959961000,r,1340
5959961000,r,1340
5959962000,r,1340
5959962000,r,1340
5959963000,r,1340
5960097000,r,1340
5960725000,r,1340
5960725000,r,1340
5960726000,r,1340
5960726000,r,1340
5960727000,r,1340
5960727000,r,1340
5960728000,r,1340
5960728000,r,1340
5960990000,r,1340
5960991000,r,1340
5960991000,r,1340
5960992000,r,1340
5961110000,r,1340
5961111000,r,1340
5961111000,r,1340
5961111000,r,1340
5961112000,r,1340
5961112000,r,1340
5962747000,s,124
5963994000,s,124
5964000000,r,1340
5964000000,r,1340
5964000000,r,1340
5964001000,r,1340
5964001000,r,1340
5964002000,r,1340
5964002000,r,1340
5964003000,r,1340
5964258000,r,1340
5964258000,r,1340
5964259000,r,1340
5964259000,r,1340
5964260000,r,1340
5964260000,r,1340
5964261000,r,1340
5964261000,r,1340
5964401000,r,1340
5964402000,r,1340
5964402000,r,1340
5964403000,r,1340
5964403000,r,1340
5964467000,s,124
5964404000,r,1340
5964404000,r,1340
5964405000,r,1340
5964533000,r,124
5964534000,r,124
5964534000,r,1340
5964535000,r,1340
5965721000,r,1340
5965721000,r,1340
5965722000,r,1340
5965722000,r,1340
5965722000,r,1340
5965723000,r,1340
5965723000,r,364
5965724000,r,1340
5965881000,r,1340
5965881000,r,1340
5965881000,r,1340
5965882000,r,1340
5965882000,r,1340
5968233000,s,124
5972427000,s,188
5974123000,r,1340
5974123000,r,1340
5974124000,r,1340
5974124000,r,1340
5974124000,r,1340
5974125000,r,1340
5974392000,s,124
5974125000,r,1340
5974126000,r,1340
5974464000,r,1340
5974464000,r,1340
5974465000,r,1340
5974465000,r,1340
5974466000,r,1340
5974466000,r,1340
5974467000,r,1340
5974467000,r,1340
5974617000,r,1340
5974618000,r,1340
5974619000,r,1340
5974619000,r,1340
5974619000,r,1340
5974620000,r,1340
5974620000,r,1340
5974621000,r,1340
5974754000,r,1340
5974754000,r,1340
5974754000,r,1340
5974755000,r,1340
5974755000,r,1340
5974756000,r,1340
5974756000,r,1340
5974757000,r,1340
5974897000,r,1340
5974897000,r,1340
5974898000,r,1340
5974898000,r,1340
5974899000,r,1340
5974899000,r,1340
5974900000,r,1340
5974900000,r,1340
5975037000,r,1340
5975037000,r,1340
5975037000,r,1340
5975038000,r,1340
5975038000,r,1340
5975039000,r,1340
5975039000,r,1340
5975040000,r,1340
5975140000,s,124
5975181000,r,1340
5975181000,r,1340
5975182000,r,1340
5975182000,r,1340
5975183000,r,1340
5975183000,r,1340
5976547000,r,1340
5976548000,r,1340
5976548000,r,1340
5976549000,r,1340
5976549000,r,1340
5976549000,r,1340
5976550000,r,1340
5976550000,r,1340
5976815000,r,1340
5976816000,r,1340
5976816000,r,1340
5976816000,r,1340
5976817000,r,1340
5976817000,r,1340
5976818000,r,1340
5976818000,r,1340
5976959000,r,1340
5976959000,r,1340
5976960000,r,1340
5976960000,r,1340
5976961000,r,1340
5977127000,r,1340
5977182000,s,124
5977128000,r,1340
5977128000,r,1340
5977129000,r,1340
5977129000,r,1340
5977130000,r,1340
5977335000,s,124
5977420000,s,668
5979117000,r,1340
5979117000,r,1340
5979118000,r,1340
5979118000,r,1340
5979119000,r,1340
5979119000,r,1340
5979120000,r,1340
5979120000,r,1340
5979335000,r,1340
5979335000,r,1340
5979336000,r,1340
5979336000,r,1340
5979337000,r,1340
5979337000,r,1340
5979338000,r,1340
5979338000,r,1340
5979473000,r,1340
5979473000,r,1340
5979474000,r,1340
5979474000,r,1340
5979475000,r,1340
5979475000,r,1340
5979475000,r,1340
5979476000,r,1340
5979615000,r,1340
5979615000,r,1340
5979616000,r,1340
5979616000,r,1340
5979616000,r,1340
5979617000,r,1340
5979617000,r,1340
5979618000,r,1340
5979749000,r,1340
5979749000,r,1340
5979749000,r,1340
5979750000,r,1340
5979750000,r,1340
5979806000,s,124
5979751000,r,1340
5979751000,r,1340
5980052000,r,1340
5980052000,r,1340
5980053000,r,1340
5980053000,r,1340
5980053000,r,1340
5980054000,r,1340
5980054000,r,1340
5980055000,r,1340
5980273000,r,1340
5980273000,r,1340
5980274000,r,1340
5980274000,r,1340
5980275000,r,1340
5980275000,r,1340
5980276000,r,1340
5980276000,r,1340
5980445000,r,1340
5980446000,r,1340
5980711000,s,124
5981132000,s,124
5981475000,s,124
5982230000,r,1340
5982230000,r,1340
5982231000,r,1340
5982231000,r,1340
5982231000,r,1340
5982232000,r,1340
5982232000,r,1340
5982233000,r,1340
5982494000,s,124
5982514000,r,1340
5982515000,r,1340
5982515000,r,1340
5982516000,r,1340
5982516000,r,1340
5982517000,r,1340
5982517000,r,1340
5982518000,r,1340
5982658000,r,1340
5982659000,r,1340
5982659000,r,1340
5982660000,r,1340
5982660000,r,1340
5982803000,r,1340
5982804000,r,1340
5982804000,r,1340
5982805000,r,1340
5982805000,r,1340
5982806000,r,1340
5983044000,r,1340
5983044000,r,1340
5983044000,r,1340
5983045000,r,1340
5983045000,r,1340
5983046000,r,1340
5983046000,r,1340
5983047000,r,1340
5983205000,r,1340
5983438000,s,124
5983958000,s,124
5984155000,s,124
5984797000,r,1340
5984797000,r,1340
5984798000,r,1340
5984798000,r,1340
5984799000,r,1340
5984799000,r,1340
5984799000,r,1340
5984800000,r,1340
5985100000,r,1340
5985101000,r,1340
5985101000,r,1340
5985102000,r,1340
5985102000,r,1340
5985103000,r,1340
5985103000,r,1340
5985103000,r,1340
5985234000,r,1340
5985234000,r,1340
5985234000,r,1340
5985235000,r,1340
5985235000,r,1340
5985236000,r,1340
5985236000,r,1340
5985237000,r,1340
5985365000,r,1340
5985365000,r,1340
5985366000,r,1340
5985470000,r,1340
5985470000,r,1340
5985470000,r,1340
5985573000,r,1340
5985573000,r,1340
5985574000,r,1340
5985574000,r,1340
5985575000,r,1340
5985575000,r,1340
5985576000,r,1340
5985576000,r,1340
5985699000,r,1340
5986069000,r,1340
5986070000,r,1340
5986070000,r,1340
5986071000,r,1340
5986071000,r,1340
5986071000,r,1340
5986072000,r,1340
5986072000,r,1340
5986207000,r,1340
5986567000,s,124
5986670000,s,124
5986732000,s,124
5987038000,s,124
5987392000,s,124
5987517000,s,124
5987822000,s,124
5988822000,s,124
5988914000,r,1340
5988915000,r,1340
5988915000,r,1340
5988915000,r,1340
5988916000,r,1340
5988916000,r,1340
5988917000,r,1340
5988917000,r,1340
5989243000,r,1340
5989344000,s,124
5989562000,r,1340
5989562000,r,1340
5989563000,r,1340
5989563000,r,1340
5989563000,r,1340
5989564000,r,1340
5989564000,r,124
5989565000,r,204
5989727000,r,124
5989880000,s,124
5989994000,s,124
5990551000,s,124
5991331000,r,1340
5991331000,r,1340
5991332000,r,1340
5991332000,r,1340
5991333000,r,1340
5991333000,r,1340
5991334000,r,1340
5991334000,r,1340
5991523000,r,1340
5991524000,r,1340
5991524000,r,1340
5991525000,r,1340
5992302000,s,124
5992560000,s,124
5992729000,s,124
5993557000,r,1340
5993557000,r,1340
5993558000,r,1340
5993558000,r,1340
5993558000,r,1340
5993559000,r,1340
5993559000,r,1340
5993560000,r,1340
5993835000,r,1340
5993836000,r,1340
5993836000,r,1340
5993837000,r,1340
5993837000,r,1340
5993837000,r,1340
5993838000,r,1340
5993838000,r,1340
5994059000,r,1340
5994060000,r,1340
5994060000,r,1340
5994060000,r,1340
5994061000,r,1340
5994061000,r,1340
5994062000,r,1340
5994062000,r,1340
5994204000,r,1340
5994205000,r,1340
5994205000,r,1340
5994206000,r,1340
5994206000,r,1340
5994207000,r,1340
5994207000,r,1340
5994207000,r,1340
5994392000,s,124
5994428000,r,1340
5994428000,r,1340
5994429000,r,1340
5994597000,s,124
5994814000,s,124
5995059000,s,124
5995664000,s,124
5995884000,s,124
5995983000,r,1340
5995983000,r,1340
5995984000,r,1340
5996063000,s,124
5995984000,r,1340
5995985000,r,1340
5995985000,r,1340
5995985000,r,1340
5995986000,r,1340
5996182000,r,1340
5996183000,r,1340
5996183000,r,1340
5996183000,r,1340
5996236000,s,124
5996184000,r,1340
5996184000,r,1340
5996185000,r,1340
5996185000,r,1340
5996317000,r,1340
5996317000,r,1340
5996318000,r,1340
5996318000,r,1340
5996319000,r,1340
5996319000,r,1340
5996319000,r,1340
5996320000,r,1340
5996452000,r,1340
5996452000,r,1340
5996453000,r,1340
5996453000,r,1340
5996504000,s,124
5996453000,r,1340
5996454000,r,1340
5996454000,r,1340
5996455000,r,1340
5996585000,r,1340
5996585000,r,1340
5996586000,r,1340
5996586000,r,1340
5996634000,s,124
5996821000,s,124
5998451000,s,124
5998732000,s,124
5998805000,s,124
5998932000,r,1340
5998933000,r,1340
5998934000,r,1340
5998934000,r,1340
5998935000,r,1340
5998935000,r,1340
5998935000,r,1340
5998936000,r,1340
5999166000,r,1340
5999167000,r,1340
5999167000,r,1340
5999167000,r,1340
5999168000,r,1340
5999168000,r,1340
5999169000,r,1340
5999169000,r,1340
5999348000,r,1340
5999348000,r,1340
5999349000,r,1340
5999349000,r,1340
5999350000,r,1340
5999350000,r,1340
5999351000,r,1340
5999351000,r,1340
5999482000,r,1340
5999482000,r,1340
5999483000,r,1340
5999483000,r,1340
5999483000,r,1340
5999484000,r,1340
5999484000,r,1340
5999692000,r,1340
5999693000,r,1340
5999693000,r,1340
5999693000,r,1340
5999694000,r,1340
5999694000,r,1340
5999695000,r,1340
5999829000,s,124
5999695000,r,1340
5999903000,s,124
5999917000,r,1340
5999917000,r,1340
5999962000,s,124
5999918000,r,1340
5999918000,r,1340
6000001000,s,124
6000031000,r,1340
6000031000,r,1340
6000032000,r,1340
6000032000,r,1340
6000033000,r,1340
6000033000,r,1340
6000705000,s,124
6000751000,s,124
6000922000,s,124
6001101000,r,1340
6001101000,r,1340
6001102000,r,1340
6001460000,s,124
6001690000,s,124
6002016000,s,124
6002611000,s,124
6002970000,s,124
6003172000,s,124
6003473000,s,124
6003670000,s,124
6004362000,s,124
6004490000,s,124
6005178000,s,124
6005354000,s,124
6005524000,s,124
6005779000,r,1340
6005823000,s,124
6005780000,r,1340
6005780000,r,1340
6005780000,r,1340
6005781000,r,1340
6005781000,r,1340
6005782000,r,284
6005782000,r,1340
6006001000,s,124
6006020000,r,1340
6006020000,r,1340
6006021000,r,1340
6006021000,r,1340
6006022000,r,1340
6006022000,r,1340
6006023000,r,1340
6006253000,s,124
6006383000,s,124
6006591000,s,124
6006692000,s,124
6007078000,s,124
6007193000,s,124
6007525000,s,124
6008223000,s,124
6008444000,s,124
6008790000,s,124
6009339000,s,124
6009450000,s,124
6009511000,s,124
6009544000,s,124
6009574000,s,124
6010055000,s,124
6010111000,s,124
6010144000,s,124
6010509000,s,124
6010793000,s,124
6011514000,s,124
6023369000,r,1340
6023369000,r,1340
6023369000,r,1340
6023370000,r,1340
6023370000,r,1340
6023371000,r,1340
6023371000,r,1340
6023372000,r,1340
6023832000,r,1340
6023833000,r,1340
6023833000,r,428
6024877000,s,124
6024964000,s,124
6025012000,s,124
6025035000,s,124
6025056000,s,124
6025076000,s,124
6192758000,s,284
6250683000,r,124
6328544000,s,1340
6328778000,s,268
6347629000,r,124
6347630000,r,124
6395395000,r,380
6440427000,s,124
6566773000,r,1340
6566774000,r,1340
6566774000,r,1340
6566775000,r,1340
6566775000,r,1324
6566775000,r,1324
6568444000,s,124
6568574000,s,124
6568614000,s,124
7897383000,r,140
7897383000,r,124
7897384000,r,124
7900995000,s,124
7901705000,s,124
7901964000,s,124
7915720000,r,124
8157412000,s,124
8157851000,s,140
8469671000,s,124
8470126000,s,124
8487277000,r,140
8487277000,r,124
8487278000,r,140
8487278000,r,124
8487770000,s,108
8487803000,s,108
8487895000,s,108
8487952000,s,108
14023360000,s,156
14062129000,s,156
14062561000,s,156
14083469000,r,156
20144216000,s,156
20182333000,s,156
20182763000,s,156
20201397000,r,156
25311863000,s,108
25353396000,s,108
25353830000,s,108
26261824000,s,156
26304865000,s,156
26305299000,s,156
26323736000,r,156