0,s,1340
36823000,s,1340
37263000,s,1340
55852000,r,1440
68223000,s,1340
163573000,s,1340
167346000,s,1340
171304000,s,1340
173617000,r,1440
177641000,r,1440
179337000,r,1440
181435000,s,1340
184578000,s,1340
189315000,s,1340
189606000,s,1340
189818000,s,1340
189978000,s,1340
190082000,s,1340
190292000,s,1340
190424000,s,1340
190579000,s,1340
190689000,s,1340
190919000,s,1340
191103000,s,1340
191269000,s,1340
191413000,s,1340
191514000,s,1340
191666000,s,1340
191819000,s,1340
191940000,s,1340
192053000,s,1340
192156000,s,1340
192637000,s,1340
192908000,s,1340
193038000,s,1340
193147000,s,1340
193244000,s,1340
193384000,s,1340
193465000,s,1340
193618000,s,1340
193710000,s,1340
193796000,s,1340
193896000,s,1340
193977000,s,1340
194192000,s,1340
194334000,s,1340
194898000,s,1340
194997000,s,1340
195901000,s,1340
196099000,s,1340
196445000,s,1340
196576000,s,1340
197543000,r,1440
197924000,s,1340
198090000,r,1440
199389000,s,1340
199510000,s,1340
199756000,s,1340
200130000,s,1340
200565000,s,1340
200837000,r,1440
200838000,r,1440
200933000,s,1340
200993000,s,1340
201039000,s,1340
201276000,s,1340
201374000,s,1340
201442000,s,1340
201591000,s,1340
201939000,s,1340
202056000,s,1340
203755000,r,1440
203756000,r,1440
204547000,s,1340
206740000,r,1440
206740000,r,1440
206931000,s,1340
211898000,s,1340
213572000,r,1440
214803000,r,1440
214804000,r,1440
214853000,s,1340
216008000,s,1340
216621000,r,1440
217610000,s,1340
218479000,r,1440
220808000,r,1440
220808000,r,1440
222005000,s,1340
222755000,s,1340
222842000,s,1340
224415000,s,1340
228963000,r,1440
237910000,r,1440
238741000,s,1340
239488000,s,1340
249558000,r,1440
251295000,r,1440
252388000,s,1340
253082000,s,1340
253210000,s,1340
253271000,s,1340
253312000,r,1440
253795000,s,1340
254415000,s,1340
254609000,s,1340
254743000,s,1340
254875000,s,1340
255021000,s,1340
255431000,s,1340
255587000,s,1340
255739000,s,1340
255872000,s,1340
255990000,s,1340
256479000,s,1340
256877000,s,1340
260075000,s,1340
260334000,s,1340
260476000,s,1340
261445000,s,1340
261651000,s,1340
261773000,s,1340
261882000,s,1340
261988000,s,1340
262098000,s,1340
262198000,s,1340
262299000,s,1340
262639000,s,1340
262860000,s,1340
263046000,s,1340
263231000,s,1340
263415000,s,1340
263598000,s,1340
263876000,s,1340
264073000,s,1340
264262000,s,1340
264463000,s,1340
264659000,s,1340
264860000,s,1340
265061000,s,1340
265262000,s,1340
265469000,s,1340
265540000,r,1440
265540000,r,1440
265757000,s,1340
265975000,s,1340
266180000,s,1340
266391000,s,1340
266608000,s,1340
266680000,r,1440
266816000,s,1340
267029000,s,1340
267232000,s,1340
267435000,s,1340
267674000,s,1340
267897000,s,1340
268102000,s,1340
268304000,s,1340
268485000,r,1440
268500000,s,1340
268486000,r,1440
268707000,s,1340
268916000,s,1340
269153000,s,1340
269370000,s,1340
269750000,s,1340
269874000,s,1340
269992000,s,1340
270142000,r,1440
270248000,s,1340
270477000,s,1340
270697000,s,1340
270920000,s,1340
271153000,s,1340
271376000,s,1340
271588000,s,1340
271803000,s,1340
272007000,s,1340
272220000,s,1340
272421000,s,1340
272482000,r,1440
272698000,s,1340
272827000,s,1340
272949000,s,1340
273108000,s,1340
276389000,s,1340
276500000,s,1340
276536000,s,1340
277355000,r,1440
277435000,s,1340
277355000,r,1440
277356000,r,1440
277356000,r,1440
277356000,r,1440
277356000,r,1440
277357000,r,1440
277357000,r,1440
277572000,r,1440
277572000,r,1440
278512000,s,1340
278696000,s,1340
278851000,s,1340
279274000,s,1340
279438000,s,1340
279573000,s,1340
279694000,s,1340
279850000,s,1340
279951000,s,1340
279985000,s,1340
280241000,s,1340
280431000,s,1340
280651000,s,1340
281903000,s,1340
282088000,s,1340
282229000,s,1340
282354000,s,1340
282837000,s,1340
283001000,s,1340
283488000,s,1340
283635000,s,1340
283777000,s,1340
283874000,s,1340
283962000,s,1340
284089000,s,1340
284330000,s,1340
284583000,s,1340
284733000,s,1340
284936000,s,1340
285548000,s,1340
285690000,s,1340
285801000,s,1340
286001000,s,1340
286118000,s,1340
286825000,s,1340
286861000,s,1340
286977000,s,1340
287023000,s,1340
287076000,s,1340
287430000,s,1340
287505000,s,1340
288511000,s,1340
288742000,s,1340
288933000,s,1340
289022000,s,1340
289200000,s,1340
289405000,s,1340
289539000,s,1340
289596000,s,1340
289623000,s,1340
290021000,s,1340
290144000,s,1340
290189000,s,1340
290225000,s,1340
300546000,s,1340
300604000,s,1340
300619000,s,1340
300650000,s,1340
301869000,s,1340
301953000,s,1340
302143000,s,1340
302269000,s,1340
302367000,s,1340
302436000,s,1340
302486000,s,1340
303092000,s,1340
303140000,s,1340
303307000,s,1340
303362000,s,1340
304414000,s,1340
304608000,s,1340
304697000,s,1340
304891000,s,1340
304988000,s,1340
305303000,s,1340
305490000,s,1340
305766000,s,1340
305926000,s,1340
306016000,s,1340
306805000,s,1340
307028000,s,1340
307200000,s,1340
307283000,s,1340
307853000,s,1340
308116000,s,1340
308209000,s,1340
308290000,s,1340
308361000,s,1340
308580000,s,1340
308704000,s,1340
309019000,s,1340
309219000,s,1340
309244000,s,1340
309305000,s,1340
309606000,s,1340
310432000,s,1340
310482000,s,1340
310500000,s,1340
310569000,s,1340
311548000,s,1340
311608000,s,1340
311705000,s,1340
312768000,s,1340
312883000,s,1340
313168000,s,1340
313323000,s,1340
313530000,s,1340
313739000,s,1340
314023000,s,1340
314105000,s,1340
314189000,s,1340
314364000,s,1340
314429000,s,1340
315429000,s,1340
315514000,s,1340
315582000,s,1340
315648000,s,1340
315746000,s,1340
315798000,s,1340
316042000,s,1340
316123000,s,1340
316132000,r,1440
316133000,r,1440
316133000,r,1440
316133000,r,1440
316133000,r,1440
316133000,r,1440
316133000,r,1440
316133000,r,1440
316290000,r,1440
316291000,s,1340
316571000,s,1340
316619000,s,1340
316657000,s,1340
316807000,s,1340
317129000,s,1340
317256000,s,1340
317327000,r,1440
317647000,s,1340
318725000,s,1340
323327000,r,1440
325052000,r,1440
325052000,r,1440
325052000,r,1440
325922000,s,1340
327606000,r,1440
327606000,r,1440
328023000,s,1340
328404000,s,1340
328676000,r,1440
328676000,r,1440
329022000,s,1340
330467000,r,1440
330898000,s,1340
331078000,s,1340
331304000,s,1340
331482000,s,1340
331578000,s,1340
331723000,s,1340
331821000,s,1340
331910000,s,1340
332085000,s,1340
332288000,s,1340
332374000,s,1340
332549000,s,1340
332669000,s,1340
332758000,s,1340
332818000,s,1340
332971000,s,1340
333058000,s,1340
333249000,s,1340
333333000,s,1340
333406000,r,1440
333581000,s,1340
334069000,s,1340
334165000,s,1340
334225000,s,1340
334278000,s,1340
334331000,s,1340
334900000,s,1340
335136000,s,1340
335371000,s,1340
335550000,s,1340
335755000,s,1340
335998000,s,1340
336126000,s,1340
336209000,s,1340
336284000,s,1340
336311000,r,1440
336433000,s,1340
336556000,s,1340
337094000,s,1340
337248000,s,1340
337940000,r,1440
338001000,s,1340
337940000,r,1440
337940000,r,1440
338118000,s,1340
338164000,s,1340
338488000,s,1340
338537000,s,1340
338557000,s,1340
338672000,s,1340
338833000,s,1340
338925000,s,1340
338991000,s,1340
339069000,s,1340
339127000,s,1340
339314000,s,1340
339436000,s,1340
339595000,s,1340
339741000,s,1340
339830000,s,1340
340025000,s,1340
340104000,s,1340
340211000,s,1340
340285000,s,1340
341561000,s,1340
341807000,s,1340
342301000,r,1440
342301000,r,1440
342302000,r,1440
342302000,r,1440
342302000,r,1440
342302000,r,1440
342302000,r,1440
342302000,r,1440
342384000,r,1440
342384000,r,1440
342384000,r,1440
342384000,r,1440
342385000,r,1440
342385000,r,1440
342385000,r,1440
342385000,r,1440
342427000,r,1440
342427000,r,1440
342469000,r,1440
342469000,r,1440
342469000,r,1440
343135000,s,1340
343218000,s,1340
343466000,s,1340
343710000,s,1340
343871000,s,1340
344036000,s,1340
344200000,s,1340
344363000,s,1340
344550000,s,1340
344745000,s,1340
344907000,s,1340
345019000,s,1340
345092000,s,1340
345286000,s,1340
345385000,s,1340
345470000,s,1340
345599000,s,1340
345758000,s,1340
345852000,s,1340
345873000,s,1340
345890000,s,1340
345946000,s,1340
346002000,s,1340
346651000,s,1340
346914000,s,1340
347083000,s,1340
347183000,s,1340
347367000,s,1340
347533000,s,1340
347630000,s,1340
347761000,s,1340
347861000,s,1340
347986000,s,1340
348186000,s,1340
348333000,s,1340
348439000,s,1340
348692000,s,1340
348836000,s,1340
348931000,s,1340
349023000,s,1340
349272000,s,1340
349370000,s,1340
349467000,s,1340
349520000,r,1440
349808000,s,1340
350033000,s,1340
350196000,s,1340
350296000,s,1340
350461000,s,1340
350859000,s,1340
351029000,s,1340
351116000,s,1340
351403000,s,1340
351501000,s,1340
351599000,s,1340
351877000,s,1340
351898000,r,1440
351898000,r,1440
351970000,s,1340
352070000,s,1340
352202000,s,1340
352304000,s,1340
352402000,s,1340
352483000,s,1340
352560000,s,1340
352641000,s,1340
352945000,s,1340
353037000,s,1340
353287000,s,1340
353352000,s,1340
353566000,s,1340
353686000,s,1340
353810000,s,1340
353925000,s,1340
354035000,s,1340
354142000,s,1340
354269000,s,1340
354488000,s,1340
354593000,s,1340
355470000,r,1440
355470000,r,1440
355470000,r,1440
355852000,s,1340
355915000,s,1340
356089000,s,1340
356133000,s,1340
356368000,s,1340
357247000,r,1440
357247000,r,1440
357549000,s,1340
357663000,s,1340
357747000,s,1340
357786000,s,1340
357900000,s,1340
358007000,s,1340
358228000,s,1340
358319000,s,1340
358400000,s,1340
358615000,s,1340
358709000,s,1340
358792000,s,1340
359057000,s,1340
359817000,s,1340
359900000,s,1340
360173000,s,1340
360448000,s,1340
360615000,s,1340
360738000,s,1340
360874000,s,1340
361041000,s,1340
361094000,s,1340
361126000,s,1340
362359000,s,1340
362536000,s,1340
362657000,s,1340
363544000,s,1340
363622000,s,1340
363908000,s,1340
363997000,s,1340
364194000,s,1340
364322000,s,1340
364747000,s,1340
364882000,s,1340
365993000,s,1340
366074000,s,1340
366270000,s,1340
366401000,s,1340
367187000,s,1340
367273000,s,1340
367555000,s,1340
367641000,s,1340
367826000,s,1340
368007000,s,1340
368200000,s,1340
368319000,s,1340
368499000,s,1340
368656000,s,1340
368849000,s,1340
368974000,s,1340
369155000,s,1340
369349000,s,1340
369422000,s,1340
369687000,s,1340
370059000,s,1340
370104000,s,1340
370122000,s,1340
370227000,s,1340
370416000,s,1340
370473000,s,1340
370606000,s,1340
370820000,s,1340
370952000,s,1340
371050000,s,1340
371315000,s,1340
371520000,s,1340
371678000,s,1340
371804000,s,1340
371929000,s,1340
372053000,s,1340
372204000,s,1340
372347000,s,1340
372578000,s,1340
372645000,s,1340
372792000,s,1340
372868000,s,1340
373833000,s,1340
374073000,s,1340
374226000,s,1340
374343000,s,1340
375073000,s,1340
378812000,s,1340
378901000,s,1340
378981000,s,1340
379228000,s,1340
379331000,s,1340
379558000,s,1340
379651000,s,1340
379886000,s,1340
380109000,s,1340
380206000,s,1340
380291000,s,1340
380610000,s,1340
380716000,s,1340
380810000,s,1340
380896000,s,1340
380996000,s,1340
381231000,s,1340
381436000,s,1340
381604000,s,1340
381703000,s,1340
381886000,s,1340
381994000,s,1340
382243000,s,1340
382393000,s,1340
382490000,s,1340
382574000,s,1340
382630000,s,1340
382672000,s,1340
383161000,s,1340
383208000,s,1340
384357000,s,1340
384515000,s,1340
384743000,s,1340
384870000,s,1340
385256000,s,1340
385361000,s,1340
385463000,s,1340
385660000,s,1340
386010000,s,1340
386104000,s,1340
386164000,s,1340
386959000,s,1340
387057000,s,1340
387153000,s,1340
387235000,s,1340
387557000,s,1340
387746000,s,1340
387827000,s,1340
388734000,s,1340
388833000,s,1340
388868000,s,1340
388892000,s,1340
388913000,s,1340
389086000,s,1340
389415000,s,1340
389762000,s,1340
389881000,s,1340
390078000,s,1340
390127000,s,1340
391025000,s,1340
391197000,s,1340
391320000,s,1340
391410000,s,1340
391483000,s,1340
391549000,s,1340
391668000,s,1340
391927000,s,1340
392033000,s,1340
392361000,s,1340
392480000,s,1340
392838000,s,1340
392956000,s,1340
393201000,s,1340
393317000,s,1340
393430000,s,1340
393837000,s,1340
393965000,s,1340
394076000,s,1340
394169000,s,1340
394267000,s,1340
394356000,s,1340
394451000,s,1340
394771000,s,1340
394884000,s,1340
395380000,s,1340
395485000,s,1340
395566000,s,1340
395655000,s,1340
395762000,s,1340
395864000,s,1340
396068000,s,1340
396320000,s,1340
396432000,s,1340
396737000,r,1440
396825000,s,1340
396738000,r,1440
396738000,r,1440
396905000,s,1340
396947000,s,1340
397172000,s,1340
397305000,s,1340
397453000,s,1340
397537000,s,1340
397569000,s,1340
397845000,s,1340
397997000,s,1340
398374000,s,1340
398517000,s,1340
398649000,s,1340
398787000,s,1340
398932000,s,1340
399194000,s,1340
399321000,s,1340
399493000,r,1440
399545000,s,1340
399613000,s,1340
399667000,s,1340
399712000,s,1340
399907000,s,1340
400020000,s,1340
400267000,s,1340
400396000,s,1340
400547000,s,1340
401429000,s,1340
401690000,s,1340
401932000,s,1340
402024000,s,1340
402158000,s,1340
402654000,s,1340
403136000,r,1440
403137000,r,1440
403137000,r,1440
403137000,r,1440
403137000,r,1440
403137000,r,1440
403137000,r,1440
403138000,r,1440
403252000,r,1440
403314000,s,1340
405255000,r,1440
405406000,s,1340
405749000,s,1340
405847000,s,1340
405927000,r,1440
405939000,s,1340
405927000,r,1440
406038000,s,1340
406118000,s,1340
406221000,s,1340
406313000,s,1340
406442000,s,1340
406649000,s,1340
407757000,r,1440
408178000,s,1340
412602000,r,1440
413519000,r,1440
414425000,s,1340
414493000,r,1440
414792000,s,1340
416011000,s,1340
419549000,r,1440
419549000,r,1440
419549000,r,1440
419549000,r,1440
419549000,r,1440
419550000,r,1440
419550000,r,1440
419550000,r,1440
419682000,r,1440
419682000,r,1440
420169000,s,1340
420214000,s,1340
420304000,s,1340
420326000,s,1340
420335000,s,1340
420342000,s,1340
420348000,s,1340
420557000,s,1340
420612000,s,1340
420692000,s,1340
421826000,s,1340
421908000,s,1340
422689000,s,1340
422846000,s,1340
422884000,s,1340
423025000,s,1340
423067000,s,1340
423376000,s,1340
423479000,s,1340
423643000,s,1340
423674000,s,1340
423840000,s,1340
423896000,r,1440
423972000,s,1340
424003000,r,1440
424075000,s,1340
426486000,r,1440
426905000,s,1340
434752000,s,1340
461589000,s,1340
461655000,s,1340
463596000,s,1340
464440000,s,1340
476504000,r,1440
476504000,r,1440
476504000,r,1440
476504000,r,1440
477232000,s,1340
561628000,r,1440
563974000,r,1440
563974000,r,1440
564411000,s,1340
565247000,s,1340
565540000,r,1440
575398000,s,1340
588393000,r,1440
588393000,r,1440
588897000,r,1440
589570000,s,1340
589705000,s,1340
589804000,s,1340
589881000,s,1340
591136000,r,1440
593517000,r,1440
599146000,s,1340
605956000,s,1340
739229000,r,1440
2722297000,r,1440
2722297000,r,1440
2722297000,r,1440
2722297000,r,1440
2722297000,r,1440
2722297000,r,1440
2722297000,r,1440
2722298000,r,1440
2723056000,r,1440
2723056000,r,1440
2723056000,r,1440
2726035000,s,1340
2726504000,s,1340
2726669000,s,1340
2726768000,s,1340
2726859000,s,1340
2726996000,s,1340
2727143000,s,1340
2727269000,s,1340
2727397000,s,1340
2727493000,s,1340
2727586000,s,1340
2727682000,s,1340
2727805000,s,1340
2727914000,s,1340
2728020000,s,1340
2728471000,s,1340
2728626000,s,1340
2728749000,s,1340
2728865000,s,1340
2728989000,s,1340
2729103000,s,1340
2729255000,s,1340
2729380000,s,1340
2729549000,s,1340
2729699000,s,1340
2729822000,s,1340
2729942000,s,1340
2730056000,s,1340
2730569000,s,1340
2731249000,s,1340
2731406000,s,1340
2731526000,s,1340
2731654000,s,1340
2731771000,s,1340
2731897000,s,1340
2732025000,s,1340
2732329000,s,1340
2732464000,s,1340
2732613000,s,1340
2732778000,s,1340
2732927000,s,1340
2733127000,s,1340
2733324000,s,1340
2733613000,s,1340
2734075000,s,1340
2734316000,s,1340
2734468000,s,1340
2734611000,s,1340
2734827000,s,1340
2735023000,s,1340
2735209000,s,1340
2735400000,s,1340
2735597000,s,1340
2736390000,s,1340
2736460000,s,1340
2736485000,s,1340
2736496000,s,1340
2736506000,s,1340
2736516000,s,1340
2736524000,s,1340
2736531000,s,1340
2736551000,s,1340
2737833000,r,1440
2738399000,r,1440
2738426000,s,1340
2738399000,r,1440
2738399000,r,1440
2738400000,r,1440
2738400000,r,1440
2738400000,r,1440
2738400000,r,1440
2738400000,r,1440
2738504000,r,1440
2738540000,r,1440
2738540000,r,1440
2738540000,r,1440
2738778000,s,1340
2739101000,s,1340
2739410000,s,1340
2739689000,s,1340
2739967000,s,1340
2740233000,s,1340
2740429000,s,1340
2740638000,s,1340
2740900000,s,1340
2741084000,r,1440
2741084000,r,1440
2741085000,r,1440
2741085000,r,1440
2741085000,r,1440
2741086000,r,1440
2741086000,r,1440
2741087000,r,1440
2741203000,r,1440
2741203000,s,1340
2741203000,r,1440
2742022000,r,1440
2742100000,s,1340
2742438000,s,1340
2742688000,s,1340
2742959000,s,1340
2743213000,s,1340
2743495000,s,1340
2743655000,r,1440
2743784000,s,1340
2744034000,s,1340
2744306000,s,1340
2744585000,s,1340
2744865000,s,1340
2745139000,r,1440
2745151000,s,1340
2745429000,s,1340
2745919000,s,1340
2746194000,s,1340
2746474000,s,1340
2746738000,s,1340
2747002000,s,1340
2747107000,r,1440
2747108000,r,1440
2747291000,s,1340
2748255000,s,1340
2748624000,s,1340
2748924000,s,1340
2749164000,s,1340
2749393000,s,1340
2749587000,r,1440
2749587000,r,1440
2750306000,s,1340
2751106000,s,1340
2751406000,r,1440
2751406000,r,1440
2751406000,r,1440
2751776000,s,1340
2752748000,s,1340
2753017000,s,1340
2753179000,s,1340
2753361000,r,1440
2753382000,s,1340
2753361000,r,1440
2753643000,s,1340
2753863000,s,1340
2754073000,s,1340
2754285000,s,1340
2754510000,s,1340
2754724000,s,1340
2754890000,s,1340
2755046000,s,1340
2755201000,s,1340
2755410000,s,1340
2755475000,r,1440
2755475000,r,1440
2755475000,r,1440
2755476000,r,1440
2755476000,r,1440
2755476000,r,1440
2755476000,r,1440
2755477000,r,1440
2755602000,r,1440
2755603000,r,1440
2755635000,s,1340
2755849000,s,1340
2756057000,s,1340
2756238000,s,1340
2756413000,s,1340
2756603000,s,1340
2756772000,s,1340
2756954000,s,1340
2757130000,s,1340
2757294000,s,1340
2757577000,s,1340
2757759000,s,1340
2757974000,s,1340
2758150000,s,1340
2758438000,s,1340
2759111000,s,1340
2759428000,s,1340
2759976000,s,1340
2760132000,r,1440
2760133000,r,1440
2760133000,r,1440
2760133000,r,1440
2760134000,r,1440
2760134000,r,1440
2760134000,r,1440
2760135000,r,1440
2760861000,s,1340
2761180000,s,1340
2761413000,s,1340
2761811000,s,1340
2762073000,s,1340
2762142000,r,1440
2762142000,r,1440
2762143000,r,1440
2762143000,r,1440
2762143000,r,1440
2762143000,r,1440
2762143000,r,1440
2762144000,r,1440
2762268000,r,1440
2762314000,r,1440
2762331000,s,1340
2762631000,s,1340
2762894000,s,1340
2763395000,s,1340
2764433000,s,1340
2764748000,s,1340
2765059000,s,1340
2765318000,s,1340
2765534000,r,1440
2765698000,s,1340
2765970000,s,1340
2766363000,s,1340
2766556000,s,1340
2767054000,s,1340
2767311000,s,1340
2767502000,s,1340
2767661000,s,1340
2767888000,s,1340
2768111000,s,1340
2768336000,s,1340
2768549000,s,1340
2768778000,s,1340
2768968000,s,1340
2769151000,s,1340
2769373000,s,1340
2770103000,s,1340
2770248000,s,1340
2770384000,s,1340
2770489000,s,1340
2770595000,s,1340
2770700000,s,1340
2770788000,s,1340
2770878000,s,1340
2770962000,s,1340
2771057000,s,1340
2771144000,s,1340
2771234000,s,1340
2771319000,s,1340
2771414000,s,1340
2771500000,s,1340
2771582000,s,1340
2771678000,s,1340
2771792000,s,1340
2772016000,s,1340
2772184000,s,1340
2772342000,s,1340
2772487000,s,1340
2772650000,s,1340
2772831000,s,1340
2773001000,s,1340
2773092000,r,1440
2773092000,r,1440
2773902000,r,1440
2775749000,s,1340
2776709000,s,1340
2783931000,r,1440
2783932000,r,1440
2785022000,s,1340
2785220000,r,1440
2785843000,s,1340
2934081000,r,1440
5637986000,r,1440
5637987000,r,1440
5637987000,r,1440
5641712000,s,1340
5642180000,s,1340
5642406000,s,1340
5642710000,s,1340
5642941000,s,1340
5643123000,s,1340
5643297000,s,1340
5643550000,s,1340
5643815000,s,1340
5644084000,s,1340
5644365000,s,1340
5644564000,s,1340
5644758000,s,1340
5645021000,s,1340
5645253000,s,1340
5645609000,s,1340
5645886000,s,1340
5646098000,s,1340
5646300000,s,1340
5646573000,s,1340
5646767000,s,1340
5647045000,s,1340
5647480000,s,1340
5647790000,s,1340
5648059000,s,1340
5648315000,s,1340
5648579000,s,1340
5648927000,s,1340
5649208000,s,1340
5649476000,s,1340
5649889000,s,1340
5650176000,s,1340
5650448000,s,1340
5650719000,s,1340
5650963000,s,1340
5651228000,s,1340
5651454000,s,1340
5651677000,s,1340
5651898000,s,1340
5652118000,s,1340
5652368000,s,1340
5652602000,s,1340
5652822000,s,1340
5653048000,s,1340
5653316000,s,1340
5653673000,s,1340
5653964000,s,1340
5654209000,s,1340
5654462000,s,1340
5654689000,s,1340
5654919000,s,1340
5655139000,s,1340
5655380000,s,1340
5655606000,s,1340
5655867000,s,1340
5656094000,s,1340
5656320000,s,1340
5656565000,s,1340
5656799000,s,1340
5657026000,s,1340
5657288000,s,1340
5657647000,s,1340
5657908000,s,1340
5658147000,s,1340
5658403000,s,1340
5658670000,s,1340
5658909000,s,1340
5659132000,s,1340
5659363000,s,1340
5659588000,s,1340
5659872000,s,1340
5660435000,s,1340
5660718000,s,1340
5660956000,s,1340
5661193000,s,1340
5661452000,s,1340
5662428000,s,1340
5662704000,s,1340
5662988000,s,1340
5663250000,s,1340
5663513000,s,1340
5663777000,s,1340
5664052000,s,1340
5664323000,s,1340
5664571000,s,1340
5664829000,s,1340
5665254000,s,1340
5667637000,s,1340
5667962000,s,1340
5668246000,s,1340
5668498000,s,1340
5668737000,s,1340
5668975000,s,1340
5669232000,s,1340
5669885000,s,1340
5670377000,s,1340
5670669000,s,1340
5671142000,s,1340
5671648000,s,1340
5671929000,s,1340
5672178000,s,1340
5672437000,s,1340
5672908000,s,1340
5673172000,s,1340
5673766000,s,1340
5674221000,s,1340
5674499000,s,1340
5674754000,s,1340
5675009000,s,1340
5675259000,s,1340
5675500000,s,1340
5675779000,s,1340
5676023000,s,1340
5676322000,s,1340
5676571000,s,1340
5676844000,s,1340
5677086000,s,1340
5677818000,s,1340
5678422000,s,1340
5678695000,s,1340
5679215000,s,1340
5679710000,s,1340
5679991000,s,1340
5680474000,s,1340
5680949000,s,1340
5681435000,s,1340
5681802000,s,1340
5682076000,s,1340
5682570000,s,1340
5682830000,s,1340
5683107000,s,1340
5683370000,s,1340
5774090000,r,1440
7444318000,s,1340
7483163000,s,1340
7483597000,s,1340
8809701000,r,1440
12075581000,s,1340
12246009000,r,1440
12247278000,s,1340
12413718000,r,1440
12649647000,r,1440
12649648000,r,1440
12649648000,r,1440
12651563000,s,1340
12651720000,s,1340
12652104000,s,1340
12652462000,s,1340
12656126000,s,1340
12663313000,r,1440
12663313000,r,1440
12663314000,r,1440
12664186000,r,1440
12666548000,s,1340
12668804000,r,1440
12668805000,r,1440
12671702000,s,1340
12672055000,s,1340
12672263000,s,1340
12672550000,s,1340
12672683000,r,1440
12672755000,s,1340
12672935000,r,1440
12673057000,s,1340
12673352000,s,1340
12673753000,s,1340
12674044000,s,1340
12674253000,s,1340
12674360000,r,1440
12674528000,s,1340
12674571000,r,1440
12674787000,s,1340
12674999000,s,1340
12675176000,s,1340
12675415000,s,1340
12677582000,r,1440
12679286000,s,1340
12679603000,s,1340
12685085000,s,1340
12825721000,r,1440
17820859000,s,1340
17860879000,s,1340
17861334000,s,1340
18151281000,s,1340
18165650000,r,1440
18178189000,s,1340
18178990000,s,1340
18179281000,s,1340
18179524000,s,1340
18179785000,s,1340
18180014000,s,1340
18180225000,s,1340
18180457000,s,1340
18180670000,s,1340
18180915000,s,1340
18181154000,s,1340
18181404000,s,1340
18181788000,s,1340
18182066000,s,1340
18182348000,s,1340
18182607000,s,1340
18182882000,s,1340
18183401000,s,1340
18183684000,s,1340
18184508000,s,1340
18184795000,s,1340
18185032000,s,1340
18185255000,s,1340
18185472000,s,1340
18185828000,s,1340
18186067000,s,1340
18186288000,s,1340
18195120000,s,1340
18195510000,s,1340
18196021000,s,1340
18196304000,s,1340
18196590000,s,1340
18196844000,s,1340
18197103000,s,1340
18197383000,s,1340
18197808000,s,1340
18198095000,s,1340
18198361000,s,1340
18198679000,s,1340
18198979000,s,1340
18199261000,s,1340
18199563000,s,1340
18199844000,s,1340
18200105000,s,1340
18200401000,s,1340
18200714000,s,1340
18200994000,s,1340
18201270000,s,1340
18201656000,s,1340
18201940000,s,1340
18202194000,s,1340
18202442000,s,1340
18202700000,s,1340
18202985000,s,1340
18203239000,s,1340
18203498000,s,1340
18203751000,s,1340
18204030000,s,1340
18204290000,s,1340
18204555000,s,1340
18204825000,s,1340
18205105000,s,1340
18205367000,s,1340
18205766000,s,1340
18206056000,s,1340
18206314000,s,1340
18206581000,s,1340
18206841000,s,1340
18207167000,s,1340
18207444000,s,1340
18207707000,s,1340
18207968000,s,1340
18208245000,s,1340
18208504000,s,1340
18208762000,s,1340
18209020000,s,1340
18209304000,s,1340
18210604000,s,1340
18211367000,s,1340
18211661000,s,1340
18212116000,s,1340
18212502000,s,1340
18212766000,s,1340
18213019000,s,1340
18213268000,s,1340
18213639000,s,1340
18213893000,s,1340
18214146000,s,1340
18214389000,s,1340
18214647000,s,1340
18214894000,s,1340
18215144000,s,1340
18215400000,s,1340
18215673000,s,1340
18215920000,s,1340
18216181000,s,1340
18216426000,s,1340
18216700000,s,1340
18216958000,s,1340
18217213000,s,1340
18217464000,s,1340
18217809000,s,1340
18218051000,s,1340
18218319000,s,1340
18218555000,s,1340
18218827000,s,1340
18219075000,s,1340
18219312000,s,1340
18219575000,s,1340
18219832000,s,1340
18220104000,s,1340
18220442000,s,1340
18220684000,s,1340
18220933000,s,1340
18221181000,s,1340
18221428000,s,1340
18221754000,s,1340
18222023000,s,1340
18222276000,s,1340
18222550000,s,1340
18222797000,s,1340
18223058000,s,1340
18223304000,s,1340
18223575000,s,1340
18223826000,s,1340
18224089000,s,1340
18224309000,s,1340
18224522000,s,1340
18224748000,s,1340
18224963000,s,1340
18225177000,s,1340
18225393000,s,1340
18225716000,s,1340
18225958000,s,1340
18226229000,s,1340
18226474000,s,1340
18226692000,s,1340
18226913000,s,1340
18227260000,s,1340
18227495000,s,1340
18227722000,s,1340
18227956000,s,1340
18228199000,s,1340
18228433000,s,1340
18228665000,s,1340
18228895000,s,1340
18229114000,s,1340
18229365000,s,1340
18229695000,s,1340
18229940000,s,1340
18230165000,s,1340
18230420000,s,1340
18230656000,s,1340
18230886000,s,1340
18231122000,s,1340
18231370000,s,1340
18231610000,s,1340
18231858000,s,1340
18232096000,s,1340
18232332000,s,1340
18232570000,s,1340
18233265000,s,1340
18233728000,s,1340
18234007000,s,1340
18234278000,s,1340
18234538000,s,1340
18234839000,s,1340
18235111000,s,1340
18235371000,s,1340
18235627000,s,1340
18235888000,s,1340
18236142000,s,1340
18236413000,s,1340
18236686000,s,1340
18236987000,s,1340
18237259000,s,1340
18237598000,s,1340
18237896000,s,1340
18238171000,s,1340
18238455000,s,1340
18238747000,s,1340
18239051000,s,1340
18239349000,s,1340
18239631000,s,1340
18239912000,s,1340
18240188000,s,1340
18240451000,s,1340
18240743000,s,1340
18241008000,s,1340
18241267000,s,1340
18241625000,s,1340
18241911000,s,1340
18242198000,s,1340
18242479000,s,1340
18242751000,s,1340
18243014000,s,1340
18243348000,s,1340
18243628000,s,1340
18243896000,s,1340
18244189000,s,1340
18244486000,s,1340
18244757000,s,1340
18245034000,s,1340
18245311000,s,1340
18245645000,s,1340
18245943000,s,1340
18246215000,s,1340
18246516000,s,1340
18246772000,s,1340
18247026000,s,1340
18247287000,s,1340
18247569000,s,1340
18247816000,s,1340
18248069000,s,1340
18248326000,s,1340
18248624000,s,1340
18248900000,s,1340
18249164000,s,1340
18249440000,s,1340
18249805000,s,1340
18250077000,s,1340
18250350000,s,1340
18250644000,s,1340
18250917000,s,1340
18251175000,s,1340
18251443000,s,1340
18251799000,s,1340
18252091000,s,1340
18252359000,s,1340
18252629000,s,1340
18252920000,s,1340
18253181000,s,1340
18253441000,s,1340
18253773000,s,1340
18254044000,s,1340
18254311000,s,1340
18254593000,s,1340
18254890000,s,1340
18255166000,s,1340
18255428000,s,1340
18255680000,s,1340
18255954000,s,1340
18256206000,s,1340
18256475000,s,1340
18256760000,s,1340
18257049000,s,1340
18257345000,s,1340
18257698000,s,1340
18257967000,s,1340
18258252000,s,1340
18258511000,s,1340
18258775000,s,1340
18259043000,s,1340
18259334000,s,1340
18259614000,s,1340
18259876000,s,1340
18260156000,s,1340
18260429000,s,1340
18260700000,s,1340
18260968000,s,1340
18261252000,s,1340
18261626000,s,1340
18261914000,s,1340
18262333000,s,1340
18262623000,s,1340
18262880000,s,1340
18263131000,s,1340
18263402000,s,1340
18263672000,s,1340
18263955000,s,1340
18264227000,s,1340
18264503000,s,1340
18264783000,s,1340
18265055000,s,1340
18267490000,s,1340
18268323000,s,1340
18268573000,s,1340
18268787000,s,1340
18268975000,s,1340
18269174000,s,1340
18269359000,s,1340
18269750000,s,1340
18269978000,s,1340
18270189000,s,1340
18270396000,s,1340
18270584000,s,1340
18270786000,s,1340
18270990000,s,1340
18271201000,s,1340
18271428000,s,1340
18271636000,s,1340
18271846000,s,1340
18272059000,s,1340
18272277000,s,1340
18272467000,s,1340
18272653000,s,1340
18272876000,s,1340
18273075000,s,1340
18273263000,s,1340
18273449000,s,1340
18273700000,s,1340
18273891000,s,1340
18274083000,s,1340
18274281000,s,1340
18274625000,s,1340
18274823000,s,1340
18275026000,s,1340
18275230000,s,1340
18275415000,s,1340
18275840000,s,1340
18276072000,s,1340
18277295000,s,1340
18277741000,s,1340
18278058000,s,1340
18278346000,s,1340
18278615000,s,1340
18278893000,s,1340
18279164000,s,1340
18279926000,s,1340
18280180000,s,1340
18280724000,s,1340
18280985000,s,1340
18281217000,s,1340
18281402000,s,1340
18281653000,s,1340
18281832000,s,1340
18282025000,s,1340
18282483000,s,1340
18282797000,s,1340
18283073000,s,1340
18283342000,s,1340
18283639000,s,1340
18283907000,s,1340
18284176000,s,1340
18284434000,s,1340
18284715000,s,1340
18285001000,s,1340
18285269000,s,1340
18285646000,s,1340
18285905000,s,1340
18286098000,s,1340
18286288000,s,1340
18286477000,s,1340
18286761000,s,1340
18287029000,s,1340
18287297000,s,1340
18287557000,s,1340
18287843000,s,1340
18288107000,s,1340
18288379000,s,1340
18288634000,s,1340
18288829000,s,1340
18289021000,s,1340
18289224000,s,1340
18289407000,s,1340
18290003000,s,1340
18290307000,s,1340
18290568000,s,1340
18290830000,s,1340
18291134000,s,1340
18291431000,s,1340
18291716000,s,1340
18292016000,s,1340
18292294000,s,1340
18292574000,s,1340
18292836000,s,1340
18293106000,s,1340
18293367000,s,1340
18293721000,s,1340
18293982000,s,1340
18294224000,s,1340
18294405000,s,1340
18294609000,s,1340
18294984000,s,1340
18295373000,s,1340
18295581000,s,1340
18295758000,s,1340
18295940000,s,1340
18296129000,s,1340
18296325000,s,1340
18296564000,s,1340
18308011000,s,1340
18308402000,s,1340
18308699000,s,1340
18309018000,s,1340
18309300000,s,1340
18309701000,s,1340
18309987000,s,1340
18310288000,s,1340
18310819000,s,1340
18311143000,s,1340
18311439000,s,1340
18311733000,s,1340
18312034000,s,1340
18312532000,s,1340
18312824000,s,1340
18313102000,s,1340
18313410000,s,1340
18313781000,s,1340
18314063000,s,1340
18314385000,s,1340
18314675000,s,1340
18314949000,s,1340
18315238000,s,1340
18315542000,s,1340
18315819000,s,1340
18316096000,s,1340
18316393000,s,1340
18316686000,s,1340
18316979000,s,1340
18317261000,s,1340
18317656000,s,1340
18317960000,s,1340
18318266000,s,1340
18318573000,s,1340
18318851000,s,1340
18319121000,s,1340
18319446000,s,1340
18319770000,s,1340
18320070000,s,1340
18320347000,s,1340
18320640000,s,1340
18320893000,s,1340
18321168000,s,1340
18321436000,s,1340
18322152000,s,1340
18322425000,s,1340
18322710000,s,1340
18323004000,s,1340
18323287000,s,1340
18323551000,s,1340
18323829000,s,1340
18324111000,s,1340
18324384000,s,1340
18324651000,s,1340
18324931000,s,1340
18325195000,s,1340
18325465000,s,1340
18325891000,s,1340
18326258000,s,1340
18326519000,s,1340
18326811000,s,1340
18327075000,s,1340
18327312000,s,1340
18327534000,s,1340
18327770000,s,1340
18328003000,s,1340
18328254000,s,1340
18328487000,s,1340
18328718000,s,1340
18328966000,s,1340
18329684000,s,1340
18329977000,s,1340
18330252000,s,1340
18330500000,s,1340
18330738000,s,1340
18330967000,s,1340
18331223000,s,1340
18331506000,s,1340
18331761000,s,1340
18332019000,s,1340
18332269000,s,1340
18332564000,s,1340
18332838000,s,1340
18333109000,s,1340
18333358000,s,1340
18333736000,s,1340
18334010000,s,1340
18334294000,s,1340
18334599000,s,1340
18334870000,s,1340
18335133000,s,1340
18335396000,s,1340
18335667000,s,1340
18335903000,s,1340
18336103000,s,1340
18336281000,s,1340
18336478000,s,1340
18336680000,s,1340
18336867000,s,1340
18337036000,s,1340
18337199000,s,1340
18337362000,s,1340
18337706000,s,1340
18337924000,s,1340
18338108000,s,1340
18338294000,s,1340
18338468000,s,1340
18338669000,s,1340
18338867000,s,1340
18339045000,s,1340
18339239000,s,1340
18339419000,s,1340
18339609000,s,1340
18339822000,s,1340
18340033000,s,1340
18340227000,s,1340
18340422000,s,1340
18340616000,s,1340
18340826000,s,1340
18341027000,s,1340
18341226000,s,1340
18341454000,s,1340
18341824000,s,1340
18342057000,s,1340
18342240000,s,1340
18342427000,s,1340
18342600000,s,1340
18342787000,s,1340
18342983000,s,1340
18343177000,s,1340
18343375000,s,1340
18343565000,s,1340
18343747000,s,1340
18343943000,s,1340
18344161000,s,1340
18344363000,s,1340
18344548000,s,1340
18344721000,s,1340
18344892000,s,1340
18345076000,s,1340
18345263000,s,1340
18345447000,s,1340
18345693000,s,1340
18345894000,s,1340
18346088000,s,1340
18346286000,s,1340
18346481000,s,1340
18346675000,s,1340
18346849000,s,1340
18347012000,s,1340
18347191000,s,1340
18347385000,s,1340
18347575000,s,1340
18347747000,s,1340
18347931000,s,1340
18348132000,s,1340
18348332000,s,1340
18348537000,s,1340
18348735000,s,1340
18348939000,s,1340
18349125000,s,1340
18349323000,s,1340
18350962000,s,1340
18351195000,s,1340
18351403000,s,1340
18351618000,s,1340
18351805000,s,1340
18351994000,s,1340
18352213000,s,1340
18352399000,s,1340
18352601000,s,1340
18352821000,s,1340
18353018000,s,1340
18353208000,s,1340
18353381000,s,1340
18353662000,s,1340
18353862000,s,1340
18354053000,s,1340
18354247000,s,1340
18354439000,s,1340
18354618000,s,1340
18354809000,s,1340
18355001000,s,1340
18355185000,s,1340
18355366000,s,1340
18355552000,s,1340
18355759000,s,1340
18355963000,s,1340
18356144000,s,1340
18356330000,s,1340
18356503000,s,1340
18356672000,s,1340
18356851000,s,1340
18357023000,s,1340
18357382000,s,1340
18358157000,s,1340
18358484000,s,1340
18358871000,s,1340
18369235000,s,1340
18369638000,s,1340
18369990000,s,1340
18370162000,s,1340
18370328000,s,1340
18370496000,s,1340
18370644000,s,1340
18370790000,s,1340
18370934000,s,1340
18371077000,s,1340
18371226000,s,1340
18371367000,s,1340
18371513000,s,1340
18371665000,s,1340
18371802000,s,1340
18371950000,s,1340
18372090000,s,1340
18372234000,s,1340
18372371000,s,1340
18372508000,s,1340
18372663000,s,1340
18372913000,s,1340
18375408000,s,1340
18375587000,s,1340
18375747000,s,1340
18375909000,s,1340
18376079000,s,1340
18376233000,s,1340
18376577000,s,1340
18376724000,s,1340
18376890000,s,1340
18377033000,s,1340
18377719000,s,1340
18378007000,s,1340
18378205000,s,1340
18378392000,s,1340
18378579000,s,1340
18378762000,s,1340
18378957000,s,1340
18379166000,s,1340
18379903000,s,1340
18380126000,s,1340
18380969000,s,1340
18381193000,s,1340
18381877000,s,1340
18382319000,s,1340
18383114000,s,1340
18383408000,s,1340
18383681000,s,1340
18383945000,s,1340
18384210000,s,1340
18384490000,s,1340
18384744000,s,1340
18385001000,s,1340
18385273000,s,1340
18385673000,s,1340
18385960000,s,1340
18386220000,s,1340
18386510000,s,1340
18386765000,s,1340
18387008000,s,1340
18387249000,s,1340
18387482000,s,1340
18387744000,s,1340
18387988000,s,1340
18388217000,s,1340
18388442000,s,1340
18388696000,s,1340
18388932000,s,1340
18389160000,s,1340
18389408000,s,1340
18389832000,s,1340
18390105000,s,1340
18390372000,s,1340
18390640000,s,1340
18390911000,s,1340
18391193000,s,1340
18391532000,s,1340
18391815000,s,1340
18392073000,s,1340
18392342000,s,1340
18392606000,s,1340
18392884000,s,1340
18393149000,s,1340
18393417000,s,1340
18398194000,s,1340
18398502000,s,1340
18398775000,s,1340
18399048000,s,1340
18399280000,s,1340
18399469000,s,1340
18399640000,s,1340
18399806000,s,1340
18399974000,s,1340
18400157000,s,1340
18400381000,s,1340
18400735000,s,1340
18400959000,s,1340
18401222000,s,1340
18401585000,s,1340
18401893000,s,1340
18402157000,s,1340
18402432000,s,1340
18402706000,s,1340
18402969000,s,1340
18403769000,s,1340
18404000000,s,1340
18404190000,s,1340
18404380000,s,1340
18404583000,s,1340
18404783000,s,1340
18404984000,s,1340
18405195000,s,1340
18405394000,s,1340
18405883000,s,1340
18406088000,s,1340
18406270000,s,1340
18406472000,s,1340
18406685000,s,1340
18406883000,s,1340
18408148000,s,1340
18408790000,s,1340
18409344000,s,1340
18409848000,s,1340
18410151000,s,1340
18410410000,s,1340
18410651000,s,1340
18410906000,s,1340
18411152000,s,1340
18411428000,s,1340
18411671000,s,1340
18411939000,s,1340
18412182000,s,1340
18412457000,s,1340
18412870000,s,1340
18413154000,s,1340
18413403000,s,1340
18413746000,s,1340
18413998000,s,1340
18414269000,s,1340
18414546000,s,1340
18414781000,s,1340
18415014000,s,1340
18415262000,s,1340
18415500000,s,1340
18415741000,s,1340
18415963000,s,1340
18416223000,s,1340
18416464000,s,1340
18416701000,s,1340
18416935000,s,1340
18417159000,s,1340
18417425000,s,1340
18417871000,s,1340
18418071000,s,1340
18418238000,s,1340
18418410000,s,1340
18418572000,s,1340
18418737000,s,1340
18418915000,s,1340
18419084000,s,1340
18419245000,s,1340
18419432000,s,1340
18419600000,s,1340
18419768000,s,1340
18419946000,s,1340
18420114000,s,1340
18420276000,s,1340
18420459000,s,1340
18420628000,s,1340
18420818000,s,1340
18420995000,s,1340
18421159000,s,1340
18421323000,s,1340
18421868000,s,1340
18422082000,s,1340
18422269000,s,1340
18422464000,s,1340
18422646000,s,1340
18422768000,s,1340
18422951000,s,1340
18423134000,s,1340
18423309000,s,1340
18423471000,s,1340
18423659000,s,1340
18423823000,s,1340
18423979000,s,1340
18424147000,s,1340
18424316000,s,1340
18424478000,s,1340
18424670000,s,1340
18424839000,s,1340
18425002000,s,1340
18425161000,s,1340
18425655000,s,1340
19472438000,s,1340
19510924000,s,1340
19511364000,s,1340
19511556000,s,1340
19511591000,s,1340
19523150000,s,1340
19523455000,s,1340
19523939000,s,1340
19524163000,s,1340
19542142000,r,1440
19542142000,r,1440
19542143000,r,1440
19542143000,r,1440
19542144000,r,1440
19542144000,r,1440
19544567000,s,1340
19545306000,s,1340
19549611000,r,1440
19549611000,r,1440
19549612000,r,1440
19549612000,r,1440
19551909000,s,1340
19554582000,s,1340
19557607000,r,1440
19557607000,r,1440
19557980000,r,1440
19558722000,s,1340
19559260000,s,1340
19561277000,s,1340
19561652000,s,1340
19562601000,s,1340
19565715000,r,1440
19565715000,r,1440
19577055000,s,1340
19577631000,r,1440
19579319000,s,1340
19581190000,s,1340
19869651000,r,1440
20101965000,r,1440
21624454000,s,1340