0,s,156
38326000,s,156
38770000,s,156
57334000,r,156
359039000,s,124
363933000,s,124
375362000,r,124
377967000,s,124
383501000,s,1340
383582000,s,684
394422000,r,124
396130000,r,364
397077000,s,124
397837000,s,188
398419000,s,204
398658000,s,620
410093000,r,204
410093000,r,172
412440000,s,124
412783000,s,156
435123000,r,1340
435124000,r,1340
435124000,r,1340
435124000,r,1340
435125000,r,1340
435125000,r,1340
435125000,r,1340
435126000,r,1340
435515000,r,1340
435516000,r,1340
436965000,s,124
437123000,s,124
437351000,s,124
437953000,s,124
438250000,s,124
448268000,r,1340
448268000,r,1100
450440000,s,124
467177000,s,156
467279000,s,156
472222000,s,428
472309000,s,348
472758000,s,300
477880000,s,124
483521000,r,124
491844000,r,1340
491844000,r,1340
491844000,r,412
491844000,r,396
491844000,r,1340
491845000,r,1340
491845000,r,1340
491845000,r,1340
492007000,r,1340
492008000,r,1340
492008000,r,1340
492008000,r,1340
492008000,r,1340
492008000,r,1340
492008000,r,1340
492008000,r,1340
492046000,r,1340
492046000,r,508
492046000,r,124
492047000,r,1340
492047000,r,1340
492047000,r,1340
492047000,r,796
493103000,s,124
493169000,s,124
493185000,s,124
493198000,s,124
493209000,s,124
493219000,s,124
493229000,s,124
493738000,s,124
494113000,s,124
494170000,s,124
494538000,s,124
496793000,s,1340
496832000,s,700
506770000,r,1340
506770000,r,1340
506770000,r,1340
506770000,r,1340
506771000,r,1340
506771000,r,1340
506771000,r,1340
506771000,r,1340
506919000,r,1340
506919000,r,1340
506919000,r,1340
506920000,r,1340
506920000,r,1340
506920000,r,1340
506920000,r,1340
506920000,r,1340
506952000,r,1340
506952000,r,1340
506952000,r,1340
506952000,r,1340
506952000,r,1340
506952000,r,1340
506953000,r,1340
506953000,r,1340
506982000,r,1340
506982000,r,1340
506982000,r,1340
506982000,r,1340
506982000,r,1340
506982000,r,1340
506982000,r,1340
506982000,r,1340
507819000,s,124
508182000,s,124
508254000,s,124
508304000,s,124
508358000,s,124
508527000,s,124
508615000,s,124
508700000,s,124
508872000,s,124
508933000,r,1340
508979000,s,124
508934000,r,1340
508934000,r,1340
508934000,r,1340
508934000,r,1340
508934000,r,1340
508934000,r,1340
508934000,r,124
509024000,r,124
509024000,r,364
509266000,s,124
509322000,s,124
509406000,s,124
509632000,s,124
509682000,s,124
509847000,s,124
510069000,s,124
510293000,s,124
510657000,s,124
511021000,s,124
511480000,s,124
513312000,s,188
513437000,s,668
520108000,r,1340
520108000,r,1340
520859000,s,124
521921000,r,1340
521921000,r,1340
521921000,r,1340
521921000,r,1340
521921000,r,1340
521921000,r,1308
521921000,r,188
522250000,s,124
522530000,s,124
522917000,s,124
524849000,r,124
524849000,r,124
524850000,r,204
528110000,r,172
536048000,r,1340
536048000,r,1340
536048000,r,1340
536048000,r,1340
536048000,r,1340
536048000,r,1340
536049000,r,1340
536049000,r,1340
536589000,s,1340
536710000,s,1340
536789000,s,124
536858000,s,124
536928000,s,124
537103000,s,172
537147000,s,124
542667000,s,252
544354000,s,220
545114000,s,252
554245000,r,1340
554245000,r,1340
555205000,s,124
556105000,r,1340
556105000,r,1340
556105000,r,1340
556105000,r,1340
556105000,r,1340
556106000,r,1340
556106000,r,1340
556106000,r,1340
556179000,r,428
556179000,r,124
556546000,s,124
556648000,s,124
556730000,s,124
556979000,s,124
557071000,s,124
558589000,r,1372
558969000,r,1372
558969000,r,364
561655000,r,1340
561655000,r,1340
561656000,r,1340
561656000,r,1340
561656000,r,1340
561656000,r,1340
561656000,r,1340
561656000,r,1340
561799000,r,1340
561800000,r,1340
561800000,r,1340
561800000,r,1340
561800000,r,1340
561800000,r,508
561800000,r,1340
561800000,r,1340
561838000,r,1340
561838000,r,1340
562306000,r,1340
562306000,r,1340
562306000,r,1340
562410000,s,124
562584000,s,124
562821000,s,124
563426000,s,124
563513000,s,124
563712000,r,1340
563712000,r,1340
563712000,r,1340
563712000,r,1340
563712000,r,1340
563712000,r,1340
563712000,r,508
563713000,r,1340
563811000,r,1340
563811000,r,1340
563812000,r,1340
563812000,r,1340
563812000,r,1340
563812000,r,1340
563812000,r,1340
563812000,r,1340
563860000,r,1340
563860000,r,1340
563860000,r,1340
563860000,r,1340
563860000,r,508
563861000,r,1340
563861000,r,1340
564301000,r,1340
564301000,r,1340
564301000,r,1340
564301000,r,1340
564301000,r,1340
564301000,r,1340
564302000,r,1340
564302000,r,1340
564373000,r,1340
564373000,r,1340
564373000,r,1340
564373000,r,508
564373000,r,1340
564373000,r,1340
564373000,r,1340
564806000,r,1340
564806000,r,1340
564806000,r,1340
564806000,r,1340
564806000,r,1340
564807000,r,1340
564807000,r,1340
564807000,r,1340
564843000,r,1340
565321000,s,124
565358000,r,1340
565376000,s,1340
565358000,r,508
565358000,r,1340
565392000,s,124
565358000,r,1340
565358000,r,1340
565358000,r,1340
565501000,s,124
565597000,s,188
565695000,s,124
565765000,s,124
565809000,r,1340
565809000,r,1340
565809000,r,1340
565809000,r,1340
565809000,r,1340
565809000,r,1340
565810000,r,1340
565860000,s,124
565810000,r,1340
565875000,r,1340
565953000,s,316
566229000,s,124
566282000,s,124
566425000,s,124
566559000,s,124
566663000,s,124
566768000,s,124
566875000,s,124
566977000,s,124
567087000,s,124
567199000,s,124
567380000,r,508
567386000,s,124
567380000,r,1340
567380000,r,1340
567380000,r,1340
567381000,r,1340
567381000,r,1340
567381000,r,1340
567494000,s,124
567660000,s,124
567998000,s,124
568212000,s,124
568945000,s,124
569002000,s,124
569026000,s,124
569044000,s,124
569384000,s,124
569445000,s,348
569479000,s,124
571443000,s,124
571693000,s,124
571944000,s,124
572350000,s,124
572406000,s,124
572509000,s,124
572638000,s,124
572785000,s,124
573036000,s,124
573330000,s,124
573369000,s,124
573578000,s,124
574119000,s,124
574992000,r,1340
574992000,r,1340
574992000,r,1340
574993000,r,1340
575908000,s,124
575968000,s,124
576115000,r,1340
576116000,r,1340
576116000,r,1340
576774000,s,124
577066000,r,1340
577091000,s,124
577066000,r,1340
577066000,r,1340
577066000,r,1340
577066000,r,1340
577066000,r,1340
577067000,r,1340
577067000,r,1340
577154000,r,1340
577154000,r,1340
577154000,r,1340
577154000,r,1340
577154000,r,1340
577155000,r,1340
577155000,r,1340
577413000,r,1340
577413000,r,1340
577413000,r,1340
577413000,r,1340
577413000,r,1340
577414000,r,1340
578031000,s,124
578100000,s,124
578320000,r,1340
578320000,r,1340
578320000,r,1340
578320000,r,1340
578321000,r,1340
578321000,r,1340
578767000,s,124
578925000,s,124
579143000,s,124
579267000,s,124
579317000,s,124
579644000,s,124
579687000,s,124
579711000,s,124
579722000,s,124
579952000,s,124
579961000,r,1340
579961000,r,1340
579961000,r,1340
579962000,r,1340
579962000,r,1340
579962000,r,1340
579962000,r,1340
579962000,r,1340
580061000,s,124
580069000,r,1340
580069000,r,1340
580069000,r,1340
580069000,r,1340
580069000,r,1340
580069000,r,1340
580070000,r,1340
580070000,r,1340
580139000,r,1340
580139000,r,1340
580139000,r,1340
580140000,r,1340
580140000,r,1340
580213000,r,1340
580213000,r,1340
580214000,r,1340
580474000,s,124
580674000,r,1340
580674000,r,1340
580674000,r,1340
580674000,r,1340
580674000,r,1340
580674000,r,1340
580675000,r,1340
580675000,r,1340
580754000,r,1340
580850000,s,124
580945000,r,1340
580945000,r,1340
580945000,r,1340
581082000,s,124
581142000,s,124
581213000,r,1340
581213000,r,1340
581214000,r,1340
581444000,s,124
581543000,s,124
581750000,s,124
581874000,s,124
581953000,s,124
582078000,s,124
582185000,s,124
582351000,s,124
582503000,s,124
582529000,r,1340
582530000,r,1340
582530000,r,1340
582530000,r,1340
582530000,r,1340
582530000,r,1340
582530000,r,1340
582530000,r,1340
582653000,r,1340
582656000,s,124
582654000,r,1340
582654000,r,1340
582654000,r,1340
582654000,r,1340
582654000,r,1340
582654000,r,1340
582654000,r,1340
582701000,r,1340
582701000,r,1340
582701000,r,1340
582701000,r,1340
582701000,r,1340
582701000,r,1340
582701000,r,1340
582702000,r,1340
582949000,s,124
583125000,s,124
583220000,s,124
583467000,s,124
583683000,s,124
583736000,r,1340
583736000,r,1340
583736000,r,1340
583955000,s,124
584025000,s,124
584138000,s,124
584193000,s,124
584368000,r,1340
584368000,r,1340
584369000,r,1340
584369000,r,1340
584369000,r,1340
584369000,r,1340
584559000,s,124
584707000,s,124
584790000,s,124
584863000,s,124
584994000,s,124
585123000,s,124
585242000,s,124
585419000,s,124
585662000,s,124
585885000,s,124
586019000,s,124
586218000,s,124
586380000,r,1340
586404000,s,124
586380000,r,1340
586380000,r,1340
586380000,r,1340
586381000,r,1340
586381000,r,1340
586381000,r,1340
586381000,r,1340
586469000,r,124
586469000,r,1340
586469000,r,1340
586469000,r,1340
586469000,r,1340
586469000,r,1340
586470000,r,1340
586470000,r,1340
586533000,r,1340
586533000,r,1340
586533000,r,1340
586533000,r,1340
586533000,r,1340
586534000,r,1340
586534000,r,1340
586534000,r,1340
586570000,r,1340
586570000,r,1340
586571000,r,1340
586571000,r,1340
586571000,r,1340
586571000,r,1340
586571000,r,1340
586571000,r,1340
586607000,r,1340
586607000,r,1340
586607000,r,1340
586607000,r,1340
586732000,s,124
586864000,s,124
587054000,r,1340
587054000,r,1340
587054000,r,1340
587054000,r,1340
587054000,r,1340
587054000,r,1340
587055000,r,1340
587055000,r,1340
587116000,r,1340
587154000,s,124
587193000,s,124
587535000,s,124
587749000,s,124
587750000,r,1340
587798000,s,124
587750000,r,1340
587750000,r,1340
587750000,r,1340
587818000,s,124
587751000,r,1340
587751000,r,1340
587751000,r,1340
587751000,r,1340
587843000,r,1340
588004000,s,124
588045000,s,124
588308000,s,124
588416000,s,124
588473000,s,124
588591000,s,124
589342000,r,1340
589342000,r,1340
589342000,r,1340
589343000,r,1340
589343000,r,1340
589343000,r,1340
589343000,r,1340
589343000,r,124
589439000,r,1340
589439000,r,1340
589439000,r,1340
589439000,r,1340
589439000,r,1340
589440000,r,1340
589639000,s,124
589734000,s,124
589793000,s,124
589845000,s,124
589896000,s,124
590048000,s,124
590131000,s,124
590139000,r,1340
590139000,r,1340
590139000,r,1340
590375000,s,124
590458000,s,124
590646000,s,124
590734000,s,124
590789000,s,124
590981000,s,124
591031000,s,124
591175000,s,124
591214000,s,124
591247000,s,124
591283000,s,124
591336000,s,124
591388000,s,124
591443000,s,124
591527000,r,1340
591527000,r,1340
591527000,r,1340
591527000,r,1340
591528000,r,1340
591528000,r,1340
591528000,r,1340
591528000,r,1340
591616000,r,1340
591925000,r,1340
591943000,s,124
591925000,r,1340
591926000,r,1340
591926000,r,1340
591926000,r,1340
591926000,r,1340
591926000,r,1340
591926000,r,1340
591986000,r,1340
592132000,s,124
592197000,s,124
592437000,s,124
592575000,s,124
592730000,s,124
592849000,s,124
592940000,s,124
593170000,s,124
610136000,r,1340
610136000,r,1340
610136000,r,1340
610136000,r,1340
610136000,r,1340
610136000,r,1340
610136000,r,1340
610136000,r,1340
610342000,r,1340
610342000,r,1340
610342000,r,1340
610342000,r,1340
610342000,r,1340
610342000,r,1340
610342000,r,1340
610343000,r,1340
610379000,r,1340
610379000,r,1340
610379000,r,1340
610379000,r,1340
610379000,r,1340
610379000,r,1340
610379000,r,1340
610379000,r,1340
610415000,r,1340
610415000,r,1340
610415000,r,1340
610415000,r,1340
610416000,r,1340
610416000,r,1340
610416000,r,1340
610416000,r,1340
610451000,r,1340
610451000,r,1340
610452000,r,1340
610452000,r,1340
610452000,r,1340
610452000,r,1340
610452000,r,1340
610452000,r,1340
610486000,r,1340
610486000,r,1340
610486000,r,1340
610486000,r,1340
610486000,r,1340
610486000,r,1340
610486000,r,1340
610486000,r,1340
610521000,r,1340
610521000,r,1340
610521000,r,1340
610521000,r,1340
610521000,r,1340
610521000,r,1340
610521000,r,1340
610521000,r,1340
610556000,r,1340
610556000,r,1340
610556000,r,1340
610556000,r,1340
610557000,r,1340
610557000,r,1340
610557000,r,1340
610557000,r,1340
610619000,r,1340
610619000,r,1340
610619000,r,1340
610619000,r,1340
610620000,r,1340
610620000,r,1340
610620000,r,1340
610620000,r,1340
610669000,r,1340
610669000,r,1340
610669000,r,1340
610669000,r,1340
610669000,r,1340
610669000,r,1340
610669000,r,1340
610669000,r,1340
610708000,r,1340
610708000,r,1340
610708000,r,1340
610708000,r,1340
610708000,r,1340
610708000,r,1340
610709000,r,1340
610709000,r,1340
610742000,r,1340
610743000,r,1340
610743000,r,1340
610743000,r,1340
610743000,r,1340
610743000,r,1340
610743000,r,1340
610743000,r,1340
610783000,r,1340
610783000,r,1340
610783000,r,1340
610783000,r,1340
610783000,r,1340
610783000,r,1340
610784000,r,1340
610784000,r,1340
610817000,r,1340
610817000,r,1340
610817000,r,1340
610817000,r,1340
610818000,r,1340
610818000,r,1340
610818000,r,1340
610818000,r,1340
610857000,r,1340
610857000,r,1340
610858000,r,1340
610858000,r,1340
610858000,r,1340
610858000,r,1340
610858000,r,1340
610858000,r,1340
610891000,r,1340
610892000,r,1340
610892000,r,1340
610892000,r,1340
610892000,r,1340
610892000,r,1340
610892000,r,1340
610892000,r,1340
610950000,r,1340
610950000,r,1340
610950000,r,1340
610950000,r,1340
610950000,r,1340
610950000,r,1340
610950000,r,1340
610951000,r,1340
611002000,r,1340
611002000,r,1340
611002000,r,1340
611002000,r,1340
611002000,r,1340
611002000,r,1340
611002000,r,1340
611003000,r,1340
611036000,r,1340
611036000,r,1340
611037000,r,1340
611037000,r,1340
611037000,r,1340
611037000,r,1340
611037000,r,1340
611037000,r,876
611064000,r,252
611065000,r,252
611317000,s,124
611375000,s,124
611386000,s,124
611395000,s,124
611512000,s,124
611642000,s,124
611859000,s,124
611972000,s,124
612041000,s,124
612133000,s,124
612194000,s,124
612331000,s,124
612514000,s,124
612701000,s,124
612893000,s,124
613166000,s,124
613245000,s,124
613469000,s,124
613549000,s,124
613612000,s,124
613674000,s,124
613836000,s,124
614018000,s,124
614176000,s,124
614297000,s,124
614662000,s,124
614838000,s,124
615003000,s,124
615101000,s,124
615249000,s,124
615342000,s,1340
615375000,s,236
615478000,s,124
615685000,s,124
615860000,s,124
616050000,s,124
616284000,s,124
616454000,s,124
616600000,s,124
616790000,s,124
616949000,s,124
617105000,s,124
617283000,s,124
617484000,s,124
617667000,s,124
617802000,s,124
617967000,s,124
618112000,s,124
618298000,s,124
618418000,s,124
618579000,s,124
618749000,s,124
618892000,s,124
619051000,s,124
619209000,s,124
619392000,s,124
619565000,s,124
619754000,s,124
619956000,s,124
620136000,s,124
620458000,s,124
620553000,s,124
620663000,s,124
620924000,s,124
621094000,s,124
621218000,s,124
621348000,s,124
621478000,s,124
621688000,s,124
621865000,s,124
622564000,s,124
622648000,s,124
622818000,s,124
623040000,s,124
623358000,s,124
623456000,s,124
623670000,s,124
624107000,s,124
627300000,s,140
629888000,r,124
629888000,r,124
633298000,s,284
651857000,s,140
678086000,r,380
684108000,r,124
720938000,s,124
1384263000,r,1340
1384264000,r,1340
1384264000,r,1340
1384265000,r,1340
1384265000,r,1340
1384266000,r,1340
1384266000,r,1244
1384267000,r,1340
1385112000,r,1340
1385112000,r,1340
1385113000,r,1340
1385113000,r,1340
1385114000,r,1340
1385114000,r,1340
1385115000,r,1340
1385115000,r,1340
1385273000,r,1340
1385273000,r,636
1385274000,r,636
1390043000,s,124
1390354000,s,124
1390500000,s,124
1390893000,s,124
1391548000,s,124
1391937000,s,124
1392390000,s,124
1392652000,s,124
1392931000,s,124
1393283000,s,124
5693293000,s,140
5725966000,s,140
5726378000,s,140
5726439000,s,140
5740141000,r,140
5740142000,r,124
5740142000,r,124
5741147000,s,124
5741211000,s,124
5748354000,r,204
5784452000,r,252
5802900000,s,1340
5803130000,s,1340
5819642000,s,172
5820187000,r,140
5820188000,r,1340
5828171000,r,1340
5828172000,r,396
5828172000,r,1036
5828173000,r,124
5831336000,s,1340
5832414000,s,172
5832964000,s,124
5834264000,s,540
5835143000,s,1340
5835270000,s,1340
5835527000,s,1340
5835656000,s,1340
5835812000,s,1340
5835962000,s,1340
5836249000,s,1340
5836547000,s,1340
5836664000,s,1340
5836790000,s,1212
5848169000,r,220
5852194000,r,124
5852194000,r,124
5852195000,r,124
5852195000,r,124
5852196000,r,124
5852196000,r,124
5852196000,r,124
5853792000,s,124
5868297000,r,348
5868297000,r,252
5872762000,s,124
5913371000,r,124
5943376000,s,1340
5943888000,s,1340
5945505000,s,172
5959155000,r,140
5959156000,r,1340
5972242000,r,1340
5972243000,r,396
5972243000,r,1052
5972244000,r,124
5979933000,s,1340
5982908000,s,140
5983209000,s,172
5986021000,s,540
5987074000,s,124
5987859000,s,1132
5988188000,r,124
6000222000,r,220
6004222000,r,124
6004223000,r,124
6007456000,s,124
6016581000,r,348
6016582000,r,156
6020334000,s,124
6063804000,r,124
6130100000,s,172
6130555000,s,1340
6130818000,s,1340
6131012000,s,1340
6131295000,s,1340
6131505000,s,892
6146143000,r,124
6146144000,r,124
6146144000,r,124
6174832000,s,124
6188267000,r,236
6188267000,r,172
6192645000,s,124
6236214000,r,124
6266632000,s,1340
6267044000,s,1340
6267270000,s,172
6278622000,s,1340
6278970000,s,1340
6279177000,s,1340
6280772000,s,172
6284237000,r,140
6284238000,r,1340
6292266000,r,1340
6292267000,r,396
6292267000,r,1036
6296204000,r,140
6296205000,r,140
6296205000,r,1340
6296206000,r,1340
6300871000,s,1340
6303294000,s,140
6303630000,s,172
6304651000,s,124
6306867000,r,1340
6306867000,r,396
6306868000,r,1036
6306868000,r,124
6306869000,r,124
6314206000,s,1340
6318215000,s,140
6318532000,s,172
6320185000,r,220
6323283000,s,540
6323964000,s,124
6324503000,r,124
6325530000,s,1340
6326328000,s,988
6336588000,r,220
6340186000,r,124
6343110000,s,124
6344498000,r,124
6344498000,r,124
6348829000,s,124
6356279000,r,348
6356279000,r,124
6359598000,s,124
6401446000,r,124
6406855000,s,172
6407326000,s,1020
6424213000,r,124
6433247000,r,268
6433248000,r,332
6436298000,s,124
6462012000,s,124
6480183000,r,124
6535511000,s,1340
6535919000,s,1340
6537567000,s,172
6551964000,r,140
6551964000,r,1340
6564599000,r,1340
6564599000,r,396
6564600000,r,1036
6564600000,r,124
6571062000,s,1340
6574617000,s,140
6574954000,s,172
6577780000,s,540
6578793000,s,124
6579781000,s,1340
6580168000,s,1340
6580176000,r,124
6580463000,s,1340
6580714000,s,732
6592182000,r,220
6596242000,r,124
6596242000,r,124
6599020000,s,124
6600641000,r,124
6600641000,r,124
6620555000,r,348
6620555000,r,188
6624471000,s,124
6668299000,r,124
6753119000,s,1340
6753588000,s,1340
6754717000,s,172
6772595000,r,140
6772596000,r,1340
6780575000,r,1340
6780575000,r,396
6780576000,r,1036
6780576000,r,124
6787290000,s,1340
6790150000,s,140
6790409000,s,172
6793003000,s,540
6794125000,s,124
6795316000,s,1340
6795606000,s,1340
6795856000,s,1340
6796233000,r,124
6796391000,s,1340
6796660000,s,1340
6796946000,s,1340
6797462000,s,1260
6808429000,r,220
6808430000,r,124
6810655000,r,124
6810656000,r,124
6810656000,r,124
6810657000,r,124
6811595000,s,124
6840265000,r,124
6844305000,r,348
6844305000,r,316
6847853000,s,124
6888131000,r,124
6897560000,s,172
6898231000,s,796
6916440000,r,124
6928553000,r,236
6928554000,r,172
6931239000,s,124
6957554000,s,124
6972209000,r,124
6981067000,s,1340
6981934000,s,1340
6982204000,s,1340
6983618000,s,172
7000628000,r,140
7000629000,r,140
7000629000,r,1340
7000630000,r,1340
7012585000,r,1340
7012586000,r,396
7012586000,r,1052
7012587000,r,124
7020348000,s,1340
7022835000,s,140
7023103000,s,172
7025373000,s,540
7026484000,s,124
7026999000,s,1164
7028562000,r,124
7040195000,r,220
7040540000,r,124
7040541000,r,124
7043955000,s,124
7056637000,r,348
7056638000,r,348
7060270000,s,124
7101622000,r,124
7126878000,s,172
7127286000,s,1068
7143422000,r,124
7156262000,r,236
7156263000,r,124
7159306000,s,124
7185184000,s,124
7204440000,r,124
11362430000,r,156
11362430000,r,140
11362430000,r,124
11363979000,s,124
11364270000,s,124
11365455000,s,124
11376123000,r,124
17161771000,s,156
17173769000,r,156