0,s,156
38293000,s,156
38878000,s,156
58637000,r,156
763559000,s,124
768016000,s,124
779659000,r,124
782041000,s,124
785256000,s,1340
785460000,s,684
796202000,r,124
796202000,r,364
798146000,s,124
800403000,s,188
801320000,s,204
802435000,s,620
811506000,r,204
811506000,r,172
812945000,s,124
813029000,s,156
825571000,r,124
843838000,r,1340
843838000,r,1340
843838000,r,1340
843838000,r,1340
843838000,r,1340
843839000,r,1340
843839000,r,1340
843839000,r,1340
844222000,r,1340
844222000,r,1340
846490000,s,124
847134000,s,124
847287000,s,124
848493000,s,124
848757000,s,124
858556000,r,1340
858556000,r,1100
859394000,s,124
885021000,s,428
885119000,s,348
885931000,s,300
897269000,r,124
897827000,s,124
901635000,s,156
901750000,s,156
902127000,r,1340
903894000,r,1340
903894000,r,412
903894000,r,364
903894000,r,396
903895000,r,1340
903895000,r,1340
903895000,r,1340
903895000,r,1340
903986000,r,1340
903986000,r,1340
903986000,r,1340
903986000,r,1340
903987000,r,1340
903987000,r,1340
903987000,r,1340
903987000,r,1340
904021000,r,1340
904022000,r,1340
904022000,r,1340
904022000,r,1340
904022000,r,1340
904614000,s,124
904874000,s,124
905031000,s,124
905293000,s,124
905436000,s,124
905540000,s,124
905783000,s,124
905894000,s,124
906006000,s,124
906127000,s,124
908184000,r,124
908699000,s,124
911606000,s,1340
911648000,s,764
917837000,r,1340
917837000,r,1340
917837000,r,1340
917837000,r,1340
917837000,r,1340
917837000,r,1340
917837000,r,1340
917837000,r,1340
917959000,r,1340
917959000,r,1340
917959000,r,1340
917959000,r,1340
917960000,r,1340
917960000,r,1340
917960000,r,1340
917960000,r,1340
917993000,r,1340
917993000,r,1340
917993000,r,1340
917993000,r,1340
917993000,r,1340
917993000,r,1340
917993000,r,1340
917993000,r,1340
918562000,s,124
918888000,s,124
919114000,s,124
919284000,s,124
919372000,s,124
919417000,r,1340
919418000,r,1340
919418000,r,1340
919418000,r,1340
919418000,r,1340
919418000,r,1340
919418000,r,1340
919418000,r,1340
919478000,r,1340
919478000,r,1340
919478000,r,1340
919478000,r,1340
919478000,r,1340
919671000,s,124
919761000,s,124
919838000,s,124
920174000,r,1340
920174000,r,1340
920174000,r,1340
920174000,r,1340
920174000,r,1340
920175000,r,1340
920175000,r,1340
920222000,s,124
920307000,s,124
920422000,s,124
920487000,s,124
920641000,s,124
920855000,s,124
921013000,s,124
921164000,s,124
921607000,s,124
921745000,s,124
921964000,s,124
922192000,s,124
922271000,r,124
922271000,r,124
922272000,r,364
922558000,s,124
922872000,s,124
923028000,s,124
923633000,s,188
930557000,r,1340
930557000,r,1340
930557000,r,924
931787000,s,124
934536000,r,124
934537000,r,204
938537000,r,172
944167000,s,668
954541000,r,124
959117000,r,188
964459000,r,1340
964459000,r,1340
965806000,s,124
972472000,s,1340
972597000,s,1340
974358000,r,1340
974359000,r,1340
974359000,r,1340
974359000,r,1340
974359000,r,1340
974359000,r,1340
974359000,r,1340
974359000,r,1340
974716000,s,172
974849000,s,124
975678000,s,124
976906000,r,1340
976943000,s,124
976906000,r,1340
976906000,r,1340
976906000,r,1340
977069000,s,124
977142000,s,124
977381000,s,124
977830000,s,124
987596000,r,1340
987596000,r,1340
987596000,r,1340
987597000,r,1340
987597000,r,1372
987597000,r,428
987597000,r,1372
988348000,s,124
988410000,s,124
993264000,s,204
993906000,s,316
994049000,s,348
1007829000,r,124
1007829000,r,124
1009827000,s,252
1010585000,s,220
1020328000,r,124
1027300000,r,364
1027301000,r,364
1027301000,r,380
1027301000,r,1340
1027301000,r,1340
1027301000,r,1340
1027301000,r,1340
1027302000,r,1340
1027473000,r,1340
1027579000,r,1340
1027579000,r,1340
1027579000,r,1340
1028392000,s,124
1028493000,s,124
1028572000,s,124
1028593000,s,124
1028604000,s,124
1028614000,s,124
1028625000,s,124
1028635000,s,124
1028644000,s,124
1028653000,s,124
1028749000,s,124
1029263000,r,1340
1029263000,r,1340
1029263000,r,1340
1029263000,r,1340
1029264000,r,508
1029264000,r,1340
1029264000,r,1340
1029264000,r,1340
1029364000,r,1340
1029364000,r,1340
1029364000,r,1340
1029364000,r,1340
1029364000,r,1340
1029364000,r,1340
1029731000,r,1340
1029732000,r,1340
1029732000,r,1340
1030493000,s,140
1030711000,s,124
1030805000,s,124
1030886000,s,124
1031152000,s,124
1031264000,s,124
1031364000,s,124
1031463000,s,124
1031560000,s,124
1031660000,s,124
1031971000,r,1340
1031983000,s,124
1031971000,r,508
1031971000,r,1340
1031971000,r,1340
1031972000,r,1340
1031972000,r,1340
1031972000,r,1340
1032092000,s,124
1031972000,r,1340
1032115000,r,1340
1032115000,r,1340
1032115000,r,1340
1032115000,r,1340
1032115000,r,1340
1032115000,r,1340
1032115000,r,1340
1032116000,r,1340
1032175000,r,1340
1032175000,r,1340
1032175000,r,1340
1032186000,s,124
1032175000,r,1340
1032175000,r,1340
1032175000,r,1340
1032176000,r,1340
1032176000,r,1340
1032220000,r,1340
1032220000,r,1340
1032220000,r,1340
1032221000,r,1340
1032221000,r,1340
1032221000,r,1340
1032221000,r,1340
1032221000,r,1340
1032261000,r,1340
1032262000,r,1340
1032262000,r,1340
1032262000,r,1340
1032282000,s,124
1032291000,r,1340
1032291000,r,1340
1032291000,r,1340
1032291000,r,1340
1032291000,r,1340
1032291000,r,1340
1032323000,r,1340
1032323000,r,1340
1032323000,r,1340
1032375000,s,124
1032468000,s,124
1032565000,s,124
1032746000,s,124
1032832000,r,1340
1032837000,s,124
1032832000,r,1340
1032833000,r,1340
1032964000,r,1340
1032964000,r,1340
1032964000,r,1340
1032964000,r,1340
1032964000,r,1340
1032965000,r,1340
1032965000,r,1340
1032965000,r,1340
1033051000,r,1340
1034253000,s,124
1034373000,s,124
1034547000,r,1340
1034547000,r,1340
1034548000,r,1340
1034548000,r,1340
1034548000,r,1340
1034548000,r,1340
1035768000,s,124
1035828000,s,124
1035859000,s,124
1035871000,s,124
1035881000,s,124
1035978000,s,124
1036220000,s,124
1036429000,s,124
1036510000,s,124
1036576000,s,124
1036632000,s,124
1036820000,s,124
1036940000,s,124
1037096000,s,124
1037204000,s,124
1037284000,s,124
1037386000,s,124
1037450000,s,124
1037520000,s,124
1037564000,s,124
1037667000,s,124
1037716000,s,124
1037730000,s,124
1037919000,s,124
1037988000,s,124
1038054000,s,124
1038801000,s,124
1038943000,s,124
1038961000,s,124
1038972000,s,124
1038982000,s,124
1038992000,s,124
1039002000,s,124
1039011000,s,124
1041308000,s,124
1041381000,s,124
1041394000,s,124
1041403000,s,124
1041411000,s,124
1041418000,s,124
1041426000,s,124
1041433000,s,124
1041441000,s,124
1041448000,s,124
1041455000,s,124
1041462000,s,124
1041469000,s,124
1041476000,s,124
1041483000,s,124
1041489000,s,124
1041496000,s,124
1041549000,s,124
1041560000,s,124
1041568000,s,124
1041575000,s,124
1041584000,s,124
1041591000,s,124
1041599000,s,124
1041607000,s,124
1041615000,s,124
1041622000,s,124
1042311000,r,1340
1042311000,r,1340
1043116000,s,124
1043206000,s,124
1043212000,r,1340
1043212000,r,1340
1043212000,r,1340
1043212000,r,1340
1043212000,r,1340
1043212000,r,1340
1043213000,r,1340
1043213000,r,1340
1043297000,r,1340
1044291000,s,124
1044409000,s,124
1044527000,s,124
1044724000,s,124
1044782000,s,124
1044854000,s,124
1044929000,s,124
1044998000,s,124
1045065000,s,124
1045340000,r,1340
1045340000,r,1340
1045340000,r,1340
1045340000,r,1340
1045340000,r,1340
1045340000,r,1340
1045341000,r,1340
1045341000,r,1340
1045457000,r,1340
1045457000,r,1340
1045457000,r,1340
1045457000,r,1340
1045458000,r,1340
1045458000,r,1340
1045458000,r,1340
1045458000,r,1340
1045505000,r,1340
1045506000,r,1340
1045506000,r,1340
1045506000,r,1340
1045506000,r,1340
1045506000,r,1340
1045506000,r,1340
1045506000,r,1340
1045548000,r,1340
1045548000,r,1340
1045548000,r,1340
1045548000,r,1340
1045925000,s,124
1046027000,s,124
1046031000,r,1340
1046063000,s,124
1046031000,r,1340
1046075000,s,124
1046031000,r,1340
1046084000,s,124
1046032000,r,1340
1046032000,r,1340
1046032000,r,1340
1046032000,r,1340
1046032000,r,1340
1046111000,r,1340
1046111000,r,1340
1046111000,r,1340
1046111000,r,1340
1046229000,s,124
1046327000,s,124
1046409000,s,124
1046472000,s,124
1046931000,s,124
1046968000,s,124
1046990000,s,124
1046998000,s,124
1047007000,s,124
1047014000,s,124
1047108000,s,124
1047167000,s,124
1047265000,s,124
1047460000,s,124
1047480000,s,124
1047949000,r,1340
1047949000,r,1340
1047949000,r,1340
1047949000,r,1340
1047949000,r,1340
1047950000,r,1340
1047950000,r,1340
1047950000,r,1340
1048026000,r,1340
1048026000,r,1340
1048026000,r,1340
1048027000,r,1340
1048027000,r,1340
1048027000,r,1340
1048054000,r,1340
1048055000,r,1340
1048055000,r,1340
1048175000,s,124
1048221000,s,124
1048236000,s,124
1048255000,s,124
1048268000,s,124
1048279000,s,124
1048291000,s,124
1048308000,s,124
1048320000,s,124
1048329000,s,124
1048385000,s,124
1048400000,s,124
1048691000,s,124
1048753000,s,124
1049102000,s,124
1049192000,s,124
1049193000,r,1340
1049193000,r,1340
1049193000,r,1340
1049451000,s,124
1049513000,s,124
1049616000,s,124
1049674000,s,124
1049730000,s,124
1049780000,s,124
1049831000,s,124
1050015000,s,124
1050048000,s,124
1050061000,s,124
1050072000,s,124
1050081000,s,124
1050079000,r,1340
1050090000,s,124
1050096000,s,124
1050079000,r,1340
1050079000,r,1340
1050079000,r,1340
1050079000,r,1340
1050079000,r,1340
1050079000,r,1340
1050079000,r,1340
1050127000,r,1340
1050127000,r,1340
1050127000,r,1340
1050333000,s,124
1050346000,s,124
1050354000,s,124
1050360000,s,124
1050366000,s,124
1050405000,r,1340
1050405000,r,1340
1050406000,r,1340
1050406000,r,1340
1050406000,r,1340
1050406000,r,1340
1050406000,r,1340
1050406000,r,1340
1050459000,r,1340
1050645000,s,124
1050690000,s,124
1050836000,s,124
1051215000,r,1340
1051215000,r,1340
1051215000,r,1340
1051215000,r,1340
1051215000,r,1340
1051215000,r,1340
1051215000,r,1340
1051215000,r,1340
1051291000,r,1340
1051470000,s,124
1051495000,s,124
1051515000,s,124
1052080000,s,124
1052191000,s,124
1052256000,s,124
1052379000,s,124
1052412000,s,124
1052421000,s,124
1052428000,s,124
1052574000,s,124
1052601000,s,124
1052803000,s,124
1052954000,s,124
1053023000,s,124
1053159000,s,124
1053235000,s,124
1053381000,s,124
1053464000,s,124
1053528000,s,124
1053670000,s,124
1053763000,s,124
1053835000,s,124
1053896000,s,124
1054002000,s,124
1054192000,s,124
1054232000,s,124
1054459000,s,124
1054567000,s,124
1054637000,s,124
1054700000,s,124
1055070000,r,1340
1055070000,r,1340
1055070000,r,1340
1055070000,r,1340
1055070000,r,1340
1055070000,r,1340
1055071000,r,1340
1055071000,r,1340
1055161000,r,1340
1055161000,r,1340
1055161000,r,1340
1055161000,r,1340
1055162000,r,1340
1055162000,r,1340
1055162000,r,1340
1055162000,r,1340
1055190000,r,1340
1055190000,r,1340
1055190000,r,1340
1055190000,r,1340
1055190000,r,1340
1055223000,r,1340
1055223000,r,1340
1055223000,r,1340
1055223000,r,1340
1055223000,r,1340
1055224000,r,1340
1055224000,r,1340
1055224000,r,1340
1055251000,r,1340
1055487000,s,124
1055906000,s,124
1055983000,s,124
1056095000,r,1340
1056095000,r,1340
1056095000,r,1340
1056095000,r,1340
1056095000,r,1340
1056095000,r,1340
1056095000,r,1340
1056096000,r,1340
1056166000,r,1340
1056166000,r,1340
1056166000,r,1340
1056167000,r,1340
1056417000,s,124
1056476000,s,124
1057098000,s,124
1057313000,s,124
1057661000,s,124
1057664000,r,1340
1057665000,r,1340
1057665000,r,1340
1057665000,r,1340
1057665000,r,1340
1057723000,s,124
1057665000,r,1340
1057665000,r,1340
1057665000,r,1340
1057744000,r,1340
1057744000,r,1340
1057744000,r,1340
1057744000,r,1340
1057744000,r,1340
1057744000,r,1340
1057744000,r,1340
1057774000,s,124
1057821000,s,124
1057869000,s,124
1057911000,s,124
1058058000,r,1340
1058058000,r,1340
1058058000,r,1340
1058058000,r,1340
1058058000,r,1340
1058058000,r,1340
1058058000,r,1340
1058058000,r,1340
1058109000,r,1340
1058109000,r,1340
1058109000,r,1340
1058109000,r,1340
1058457000,s,124
1058535000,r,1340
1058535000,r,1340
1058535000,r,1340
1058536000,r,1340
1058536000,r,1340
1058536000,r,1340
1058979000,s,124
1059008000,s,124
1059021000,s,124
1059029000,s,124
1059037000,s,124
1059045000,s,124
1059052000,s,124
1059059000,s,124
1059065000,s,124
1059073000,s,124
1059079000,s,124
1059085000,s,124
1059092000,s,124
1059099000,s,124
1059106000,s,124
1059113000,s,124
1059119000,s,124
1059126000,s,124
1059134000,s,124
1059142000,s,124
1059149000,s,124
1059155000,s,124
1059187000,r,1340
1059187000,r,1340
1059187000,r,1340
1059187000,r,1340
1059187000,r,1340
1059187000,r,1340
1059374000,s,124
1059399000,s,124
1059411000,s,124
1059419000,s,124
1059647000,s,124
1059674000,s,1340
1059684000,s,236
1059693000,s,124
1059699000,s,124
1060538000,s,124
1060615000,s,124
1060671000,s,124
1060730000,s,124
1060789000,s,124
1060842000,s,124
1060895000,s,124
1060945000,s,124
1060997000,s,124
1061049000,s,124
1061099000,s,124
1061445000,r,1340
1061445000,r,1340
1061445000,r,1340
1061445000,r,1340
1061445000,r,1340
1061445000,r,1340
1061445000,r,1340
1061445000,r,1340
1061537000,r,1340
1061537000,r,1340
1061537000,r,1340
1061537000,r,1340
1061537000,r,1340
1061537000,r,1340
1061537000,r,1340
1061537000,r,1340
1061567000,r,1340
1061567000,r,1340
1061567000,r,1340
1061567000,r,1340
1061567000,r,1340
1061567000,r,1340
1061567000,r,1340
1061567000,r,1340
1061600000,r,1340
1061600000,r,1340
1062205000,r,1340
1062205000,r,1340
1062205000,r,1340
1062535000,r,1340
1062535000,r,1340
1062535000,r,1340
1062535000,r,1340
1062535000,r,1340
1062535000,r,1340
1063677000,s,124
1066475000,r,1340
1066475000,r,1340
1066475000,r,1340
1066475000,r,1340
1066475000,r,1340
1066475000,r,1340
1066475000,r,1340
1066475000,r,1340
1066613000,r,1340
1066613000,r,1340
1066614000,r,1340
1066614000,r,1340
1066614000,r,1340
1066614000,r,1340
1066614000,r,1340
1066614000,r,1340
1066647000,r,1340
1066648000,r,1340
1066648000,r,1340
1066648000,r,1340
1066648000,r,1340
1066648000,r,1340
1066648000,r,1340
1066648000,r,1340
1066678000,r,1340
1066678000,r,1340
1066678000,r,1340
1066678000,r,1340
1066678000,r,1340
1066678000,r,1340
1066678000,r,1340
1066679000,r,1340
1066710000,r,1340
1066710000,r,1340
1066710000,r,1340
1066711000,r,1340
1066711000,r,1340
1066711000,r,1340
1066711000,r,1340
1066711000,r,1340
1066741000,r,1340
1066741000,r,1340
1066741000,r,1340
1066741000,r,1340
1066741000,r,1340
1066741000,r,1340
1066741000,r,1340
1066742000,r,1340
1070536000,r,1340
1070536000,r,1340
1070536000,r,1340
1070536000,r,1340
1070536000,r,1340
1070537000,r,796
1075172000,r,124
1075172000,r,124
1085653000,s,124
1085742000,s,124
1085755000,s,124
1085765000,s,124
1085773000,s,124
1085781000,s,124
1085788000,s,124
1085795000,s,124
1085803000,s,124
1085810000,s,124
1085874000,s,124
1085889000,s,124
1085897000,s,124
1085904000,s,124
1085912000,s,124
1085919000,s,124
1085927000,s,124
1085972000,s,124
1085982000,s,124
1085990000,s,124
1085998000,s,124
1086005000,s,124
1086012000,s,124
1086019000,s,124
1086028000,s,124
1086035000,s,124
1086741000,s,124
1090438000,s,284
1134572000,r,380
1135345000,s,124
1141644000,r,124
1644911000,r,1340
1644911000,r,1340
1644911000,r,1340
1644912000,r,1340
1644912000,r,1340
1644912000,r,1340
1644912000,r,1244
1644913000,r,1340
1645369000,r,1340
1645369000,r,1340
1645369000,r,1340
1645370000,r,1340
1645370000,r,1340
1645371000,r,1340
1645371000,r,1340
1645372000,r,1340
1645496000,r,1340
1645497000,r,636
1647155000,s,124
1647420000,s,124
1647582000,s,124
1647719000,s,124
1647851000,s,124
1647980000,s,124
1648129000,s,124
1648271000,s,124
1648420000,s,124
6194688000,r,140
6194689000,r,124
6194689000,r,124
6198986000,s,124
6199403000,s,124
6229622000,s,1340
6229974000,s,1340
6232110000,s,172
6246749000,r,140
6246750000,r,1340
6259007000,r,1340
6259007000,r,396
6259008000,r,1036
6267083000,s,1340
6269314000,s,140
6269580000,s,172
6271079000,s,124
6274617000,r,124
6286706000,r,220
6314398000,s,124
11677645000,r,156
11677645000,r,140
11680704000,s,124
11682339000,s,124
11694158000,r,124
17140199000,s,156
17154653000,r,156
23252786000,s,156
23290129000,s,156
23290681000,s,156
23310685000,r,156