0,s,1340
37948000,s,1340
38414000,s,1340
285258000,s,1340
288661000,s,1340
301028000,r,1440
301029000,r,1440
303726000,s,1340
306143000,s,1340
306325000,s,1340
307414000,r,1440
307415000,r,1440
318508000,r,1440
319335000,s,1340
319855000,r,1440
319855000,r,1440
319855000,r,1440
320986000,s,1340
321155000,s,1340
322054000,r,1440
322098000,s,1340
322287000,s,1340
322816000,s,1340
322987000,s,1340
330158000,s,1340
332686000,r,1440
332686000,r,1440
333096000,r,1440
335626000,r,1440
336329000,s,1340
336520000,s,1340
336674000,s,1340
336866000,s,1340
345595000,r,1440
353112000,r,1440
353112000,r,1440
353112000,r,1440
353112000,r,1440
353112000,r,1440
353999000,s,1340
354074000,s,1340
354774000,s,1340
354828000,s,1340
354998000,s,1340
355334000,s,1340
355376000,s,1340
355433000,s,1340
356126000,s,1340
356239000,s,1340
356294000,s,1340
356725000,s,1340
356947000,r,1440
356988000,s,1340
356947000,r,1440
356947000,r,1440
356948000,r,1440
356948000,r,1440
357224000,s,1340
358057000,s,1340
358508000,s,1340
358566000,s,1340
358770000,s,1340
358803000,s,1340
358819000,s,1340
358830000,s,1340
358840000,s,1340
359072000,s,1340
359314000,s,1340
359481000,s,1340
360061000,s,1340
360113000,s,1340
360843000,s,1340
361084000,s,1340
361367000,s,1340
361807000,s,1340
362130000,s,1340
362267000,s,1340
362854000,s,1340
362886000,s,1340
363161000,s,1340
363490000,s,1340
363942000,s,1340
364472000,s,1340
366392000,s,1340
366506000,s,1340
367137000,s,1340
367262000,s,1340
367586000,s,1340
367808000,s,1340
367890000,s,1340
368064000,s,1340
368202000,s,1340
368276000,s,1340
368554000,s,1340
368628000,s,1340
368708000,s,1340
368859000,s,1340
369169000,r,1440
369169000,r,1440
369169000,r,1440
369170000,r,1440
369170000,r,1440
369170000,r,1440
369170000,r,1440
369506000,s,1340
369625000,s,1340
369731000,s,1340
370572000,s,1340
370683000,s,1340
370936000,s,1340
371313000,s,1340
371410000,s,1340
371997000,r,1440
372289000,r,1440
372290000,r,1440
372290000,r,1440
372693000,s,1340
372947000,r,1440
372947000,r,1440
372947000,r,1440
373478000,s,1340
373600000,s,1340
378757000,s,1340
378815000,s,1340
379341000,s,1340
382238000,s,1340
382290000,s,1340
383970000,s,1340
384051000,s,1340
393878000,r,1440
393878000,r,1440
393879000,r,1440
394652000,s,1340
395326000,s,1340
396097000,r,1440
396097000,r,1440
397699000,s,1340
397916000,r,1440
397917000,r,1440
397917000,r,1440
397917000,r,1440
397917000,r,1440
397917000,r,1440
397917000,r,1440
397917000,r,1440
398202000,r,1440
398202000,r,1440
398202000,r,1440
398202000,r,1440
398661000,r,1440
398661000,r,1440
398740000,s,1340
398781000,s,1340
398795000,s,1340
398806000,s,1340
398815000,s,1340
398966000,s,1340
399057000,s,1340
399120000,s,1340
399182000,s,1340
399252000,s,1340
399347000,s,1340
399422000,s,1340
399500000,s,1340
399573000,s,1340
399647000,s,1340
399738000,s,1340
399810000,s,1340
399881000,s,1340
399947000,r,1440
399989000,s,1340
399948000,r,1440
399948000,r,1440
399948000,r,1440
399948000,r,1440
400038000,s,1340
400157000,s,1340
400217000,s,1340
400253000,s,1340
400265000,s,1340
400287000,s,1340
405971000,r,1440
407310000,s,1340
407417000,s,1340
407938000,r,1440
407939000,r,1440
408012000,s,1340
408384000,s,1340
409778000,r,1440
409779000,r,1440
409779000,r,1440
410177000,s,1340
410216000,s,1340
410845000,r,1440
410950000,s,1340
411001000,s,1340
411047000,s,1340
411380000,r,1440
412052000,s,1340
412153000,s,1340
412233000,s,1340
412428000,s,1340
412618000,s,1340
412720000,s,1340
412804000,s,1340
412854000,s,1340
413312000,r,1440
413312000,r,1440
413588000,s,1340
413883000,s,1340
413913000,s,1340
414004000,s,1340
414070000,s,1340
414148000,s,1340
414644000,s,1340
414710000,s,1340
414767000,s,1340
415360000,s,1340
415643000,s,1340
415778000,r,1440
415973000,s,1340
416103000,s,1340
416241000,s,1340
416313000,s,1340
416383000,s,1340
416442000,s,1340
416614000,s,1340
416750000,s,1340
416847000,s,1340
416907000,s,1340
416946000,s,1340
417182000,s,1340
417409000,s,1340
417446000,s,1340
418154000,s,1340
418252000,s,1340
418447000,s,1340
418813000,s,1340
418899000,s,1340
419125000,r,1440
419125000,r,1440
419324000,s,1340
419398000,s,1340
419455000,s,1340
420438000,s,1340
420489000,s,1340
420505000,s,1340
420507000,r,1440
420707000,s,1340
421641000,r,1440
421673000,s,1340
421895000,s,1340
421947000,s,1340
422154000,s,1340
422202000,s,1340
422499000,s,1340
422554000,s,1340
422863000,r,1440
422863000,r,1440
423064000,s,1340
423116000,s,1340
423130000,s,1340
423491000,s,1340
423574000,s,1340
423752000,s,1340
423942000,s,1340
424016000,s,1340
424196000,r,1440
424748000,r,1440
424749000,r,1440
424952000,s,1340
425069000,s,1340
425092000,s,1340
426445000,r,1440
426445000,r,1440
426445000,r,1440
426445000,r,1440
426891000,s,1340
427880000,r,1440
428358000,r,1440
428454000,s,1340
428542000,s,1340
429943000,s,1340
429987000,r,1440
429987000,r,1440
431355000,s,1340
431608000,r,1440
435240000,s,1340
443811000,s,1340
447384000,r,1440
447384000,r,1440
447385000,r,1440
447385000,r,1440
447385000,r,1440
447385000,r,1440
447385000,r,1440
447385000,r,1440
447540000,r,1440
447541000,r,1440
448606000,s,1340
448724000,s,1340
449679000,s,1340
450090000,s,1340
455585000,r,1440
457902000,r,1440
457902000,r,1440
457902000,r,1440
457902000,r,1440
458282000,r,1440
458547000,s,1340
458660000,s,1340
458720000,s,1340
458771000,s,1340
458827000,s,1340
458890000,s,1340
458944000,s,1340
459135000,s,1340
459292000,s,1340
459495000,s,1340
459666000,s,1340
459774000,s,1340
459910000,s,1340
460034000,s,1340
460168000,s,1340
460284000,s,1340
460402000,s,1340
460519000,s,1340
460633000,s,1340
460832000,s,1340
460924000,s,1340
460988000,s,1340
461019000,r,1440
461085000,s,1340
461184000,s,1340
461224000,s,1340
461302000,s,1340
465734000,r,1440
465734000,r,1440
465734000,r,1440
465735000,r,1440
465735000,r,1440
466683000,s,1340
466795000,s,1340
467139000,s,1340
467187000,s,1340
467201000,s,1340
467210000,s,1340
467429000,r,1440
467452000,s,1340
467429000,r,1440
467429000,r,1440
467430000,r,1440
467430000,r,1440
467430000,r,1440
467531000,s,1340
467595000,s,1340
467743000,s,1340
467981000,s,1340
468063000,s,1340
468330000,s,1340
468378000,s,1340
468395000,s,1340
468407000,s,1340
468419000,s,1340
469689000,s,1340
469833000,s,1340
469910000,s,1340
470109000,s,1340
470184000,s,1340
470482000,s,1340
470748000,s,1340
470857000,s,1340
470891000,s,1340
471141000,s,1340
472716000,s,1340
472801000,s,1340
473119000,s,1340
473217000,s,1340
473391000,s,1340
473550000,s,1340
473625000,s,1340
474025000,s,1340
474131000,s,1340
474234000,s,1340
474454000,s,1340
474540000,s,1340
474597000,s,1340
475073000,s,1340
475154000,s,1340
475206000,s,1340
475357000,s,1340
475478000,s,1340
475921000,s,1340
475974000,s,1340
475986000,s,1340
476004000,s,1340
476214000,s,1340
476317000,s,1340
476770000,s,1340
477152000,s,1340
477275000,s,1340
477462000,s,1340
477666000,r,1440
477707000,s,1340
477812000,s,1340
477892000,s,1340
478115000,s,1340
478288000,s,1340
478367000,s,1340
478506000,s,1340
478602000,s,1340
478698000,s,1340
478932000,s,1340
479650000,r,1440
479650000,r,1440
479650000,r,1440
479650000,r,1440
479650000,r,1440
479651000,r,1440
479651000,r,1440
479651000,r,1440
479734000,r,1440
479735000,r,1440
480072000,s,1340
480182000,s,1340
480246000,s,1340
480301000,s,1340
480352000,s,1340
480402000,s,1340
481702000,s,1340
481748000,s,1340
481765000,s,1340
481907000,r,1440
481907000,r,1440
481907000,r,1440
481907000,r,1440
481907000,r,1440
481908000,r,1440
482337000,s,1340
482474000,r,1440
482474000,r,1440
482530000,s,1340
482747000,s,1340
486457000,r,1440
486458000,r,1440
486458000,r,1440
486458000,r,1440
487070000,r,1440
487332000,s,1340
487452000,s,1340
489784000,r,1440
489784000,r,1440
490188000,s,1340
490447000,r,1440
492216000,r,1440
492495000,s,1340
492548000,s,1340
493866000,r,1440
494100000,s,1340
495837000,r,1440
498446000,r,1440
500062000,r,1440
500370000,s,1340
505024000,r,1440
505024000,r,1440
505528000,s,1340
505904000,s,1340
506460000,r,1440
506461000,r,1440
506461000,r,1440
506461000,r,1440
506461000,r,1440
506461000,r,1440
506462000,r,1440
506806000,s,1340
507104000,s,1340
507240000,s,1340
508019000,r,1440
508019000,r,1440
508019000,r,1440
508448000,s,1340
508486000,s,1340
508683000,s,1340
508724000,s,1340
508862000,s,1340
508940000,s,1340
508987000,s,1340
509133000,s,1340
509688000,r,1440
509689000,r,1440
510074000,s,1340
510291000,s,1340
510381000,s,1340
510584000,s,1340
510748000,s,1340
510957000,s,1340
511194000,s,1340
511308000,s,1340
511389000,s,1340
511524000,s,1340
511602000,s,1340
511679000,r,1440
511679000,r,1440
511679000,r,1440
511772000,s,1340
511816000,r,1440
511816000,r,1440
511816000,r,1440
511897000,s,1340
511980000,s,1340
512123000,s,1340
512210000,s,1340
512284000,s,1340
512364000,s,1340
512563000,s,1340
512642000,s,1340
512757000,s,1340
512987000,s,1340
513067000,s,1340
513140000,s,1340
513215000,s,1340
513286000,s,1340
513361000,s,1340
513449000,s,1340
513626000,s,1340
513712000,s,1340
513796000,s,1340
514113000,s,1340
514211000,s,1340
514296000,s,1340
514545000,s,1340
514658000,s,1340
514930000,s,1340
515011000,s,1340
515092000,s,1340
515309000,s,1340
515400000,s,1340
515482000,s,1340
515704000,s,1340
515724000,r,1440
515771000,s,1340
515724000,r,1440
515844000,s,1340
515884000,s,1340
516082000,s,1340
516186000,s,1340
516364000,s,1340
516458000,s,1340
516629000,s,1340
516720000,s,1340
516795000,s,1340
517043000,s,1340
517141000,s,1340
517973000,s,1340
518062000,s,1340
518211000,s,1340
518275000,s,1340
518324000,r,1440
518324000,r,1440
518324000,r,1440
518467000,s,1340
518644000,s,1340
518739000,s,1340
521753000,r,1440
521753000,r,1440
521754000,r,1440
521754000,r,1440
522155000,s,1340
522520000,s,1340
522948000,r,1440
522991000,s,1340
522948000,r,1440
522948000,r,1440
522949000,r,1440
522949000,r,1440
522949000,r,1440
522949000,r,1440
522949000,r,1440
523252000,r,1440
523252000,r,1440
523252000,r,1440
523343000,r,1440
523343000,r,1440
523343000,r,1440
523515000,s,1340
523556000,s,1340
523574000,s,1340
523738000,s,1340
523958000,s,1340
524040000,s,1340
524109000,s,1340
524342000,s,1340
524620000,r,1440
524928000,s,1340
525899000,r,1440
525899000,r,1440
525899000,r,1440
527450000,r,1440
527451000,r,1440
527568000,s,1340
527651000,r,1440
527651000,r,1440
527776000,s,1340
527802000,s,1340
527813000,s,1340
527824000,s,1340
528137000,s,1340
528207000,s,1340
528263000,s,1340
528285000,r,1440
528331000,s,1340
528378000,s,1340
529479000,r,1440
529479000,r,1440
529480000,r,1440
529788000,s,1340
529861000,s,1340
529925000,s,1340
529981000,s,1340
530463000,s,1340
530724000,s,1340
531598000,r,1440
531598000,r,1440
531598000,r,1440
531680000,r,1440
532794000,s,1340
532844000,s,1340
533000000,r,1440
534000000,r,1440
540028000,s,1340
541048000,r,1440
541115000,s,1340
541993000,s,1340
542366000,r,1440
542366000,r,1440
542894000,s,1340
542965000,s,1340
543072000,s,1340
543112000,s,1340
543415000,r,1440
543495000,s,1340
543841000,r,1440
543943000,s,1340
544072000,s,1340
548060000,r,1440
548060000,r,1440
549571000,r,1440
549571000,r,1440
550370000,s,1340
550410000,s,1340
550448000,r,1440
550464000,s,1340
550820000,s,1340
550916000,s,1340
551150000,s,1340
551236000,s,1340
551311000,s,1340
551467000,s,1340
551645000,s,1340
551728000,s,1340
551873000,s,1340
552008000,r,1440
552097000,s,1340
552245000,s,1340
552306000,s,1340
552380000,s,1340
552633000,s,1340
560428000,r,1440
560428000,r,1440
560428000,r,1440
560428000,r,1440
560428000,r,1440
560428000,r,1440
560974000,s,1340
561041000,s,1340
561842000,r,1440
561842000,r,1440
561843000,r,1440
561843000,r,1440
561843000,r,1440
562232000,s,1340
562291000,s,1340
562527000,s,1340
562697000,s,1340
562798000,s,1340
563907000,r,1440
563907000,r,1440
565174000,r,1440
565174000,r,1440
565518000,s,1340
565741000,s,1340
566959000,r,1440
566959000,r,1440
568960000,r,1440
568960000,r,1440
568960000,r,1440
568960000,r,1440
568960000,r,1440
568960000,r,1440
569632000,s,1340
569747000,s,1340
569818000,s,1340
569879000,s,1340
569943000,s,1340
570033000,s,1340
570089000,s,1340
570135000,s,1340
570278000,s,1340
570486000,r,1440
570486000,r,1440
570486000,r,1440
570486000,r,1440
570486000,r,1440
570486000,r,1440
570486000,r,1440
570486000,r,1440
570634000,s,1340
570739000,s,1340
570832000,s,1340
570930000,s,1340
571022000,s,1340
571112000,s,1340
571269000,r,1440
571269000,r,1440
571356000,s,1340
571464000,s,1340
571565000,s,1340
571989000,s,1340
573044000,s,1340
573304000,s,1340
573357000,s,1340
573433000,s,1340
573635000,s,1340
574353000,s,1340
574361000,r,1440
574361000,r,1440
574361000,r,1440
574459000,s,1340
574597000,s,1340
574717000,s,1340
574851000,s,1340
574948000,s,1340
575042000,s,1340
575136000,s,1340
575244000,s,1340
575443000,s,1340
575540000,s,1340
575600000,s,1340
576186000,s,1340
576606000,s,1340
576619000,r,1440
576620000,r,1440
576620000,r,1440
576620000,r,1440
576620000,r,1440
576620000,r,1440
576804000,s,1340
576909000,s,1340
577078000,s,1340
577187000,s,1340
577448000,s,1340
577553000,s,1340
577644000,s,1340
577879000,s,1340
577999000,s,1340
578088000,s,1340
578145000,s,1340
578297000,s,1340
578573000,s,1340
578729000,s,1340
578815000,s,1340
578927000,r,1440
578927000,r,1440
578927000,r,1440
578927000,r,1440
578927000,r,1440
578928000,r,1440
579030000,s,1340
579227000,s,1340
579404000,s,1340
579544000,s,1340
579681000,s,1340
579790000,s,1340
579911000,s,1340
580028000,s,1340
580157000,s,1340
580291000,s,1340
580411000,s,1340
580524000,s,1340
580686000,s,1340
580966000,s,1340
580995000,s,1340
581032000,s,1340
581105000,r,1440
581105000,r,1440
581105000,r,1440
581172000,s,1340
581560000,s,1340
581665000,s,1340
581963000,s,1340
582013000,s,1340
582035000,s,1340
582327000,s,1340
582548000,s,1340
582626000,s,1340
582704000,s,1340
583295000,r,1440
583295000,r,1440
583295000,r,1440
583296000,r,1440
583296000,r,1440
583296000,r,1440
583296000,r,1440
583296000,r,1440
583396000,r,1440
584024000,s,1340
584056000,s,1340
584071000,s,1340
584356000,s,1340
584388000,s,1340
587460000,r,1440
587460000,r,1440
587460000,r,1440
587460000,r,1440
587460000,r,1440
587461000,r,1440
587461000,r,1440
587461000,r,1440
587576000,r,1440
587576000,r,1440
587576000,r,1440
587576000,r,1440
587576000,r,1440
587576000,r,1440
587576000,r,1440
587576000,r,1440
587610000,r,1440
587610000,r,1440
587610000,r,1440
587610000,r,1440
587610000,r,1440
587610000,r,1440
587611000,r,1440
587804000,r,1440
587804000,r,1440
587950000,s,1340
587994000,s,1340
588115000,s,1340
588132000,s,1340
588143000,s,1340
588153000,s,1340
588192000,s,1340
588203000,s,1340
588212000,s,1340
588923000,s,1340
588968000,s,1340
589055000,s,1340
589110000,r,1440
589239000,s,1340
589326000,s,1340
589498000,s,1340
592053000,r,1440
592053000,r,1440
592819000,s,1340
592899000,r,1440
597469000,r,1440
598036000,s,1340
599359000,r,1440
599359000,r,1440
599679000,s,1340
599741000,s,1340
600787000,r,1440
600787000,r,1440
601365000,r,1440
601924000,s,1340
602133000,s,1340
602255000,s,1340
602374000,s,1340
602441000,r,1440
602541000,s,1340
602664000,s,1340
602927000,s,1340
603240000,s,1340
603332000,s,1340
603417000,s,1340
603914000,s,1340
604007000,s,1340
604070000,s,1340
604125000,s,1340
604368000,s,1340
604428000,s,1340
604703000,s,1340
605100000,s,1340
605170000,s,1340
605211000,s,1340
605282000,s,1340
605326000,s,1340
605795000,s,1340
605856000,s,1340
606037000,s,1340
606498000,s,1340
606597000,s,1340
606670000,s,1340
607041000,s,1340
607257000,s,1340
607797000,s,1340
608590000,s,1340
609104000,r,1440
609105000,r,1440
609432000,s,1340
609552000,s,1340
609831000,s,1340
609928000,s,1340
610019000,s,1340
610234000,s,1340
610345000,s,1340
610751000,s,1340
610883000,s,1340
611025000,r,1440
611076000,s,1340
611168000,s,1340
611250000,s,1340
611334000,s,1340
611557000,s,1340
611623000,s,1340
611674000,s,1340
612499000,s,1340
612581000,s,1340
612641000,s,1340
612701000,s,1340
612854000,s,1340
612959000,s,1340
613370000,s,1340
613425000,s,1340
614644000,s,1340
614709000,s,1340
614833000,s,1340
614969000,s,1340
615085000,s,1340
615147000,s,1340
615831000,s,1340
615931000,s,1340
616110000,s,1340
616272000,s,1340
616401000,s,1340
616633000,s,1340
616745000,s,1340
616792000,s,1340
617463000,s,1340
617551000,s,1340
617720000,s,1340
617794000,s,1340
618115000,s,1340
618241000,s,1340
618513000,s,1340
618616000,s,1340
618756000,s,1340
618890000,s,1340
618954000,s,1340
619230000,s,1340
619558000,s,1340
619637000,s,1340
619708000,s,1340
619844000,s,1340
619998000,s,1340
620065000,s,1340
620283000,s,1340
620351000,s,1340
620496000,s,1340
620547000,s,1340
620883000,s,1340
621025000,s,1340
621135000,s,1340
621278000,s,1340
622593000,s,1340
622707000,s,1340
623799000,s,1340
623856000,s,1340
624806000,s,1340
624860000,s,1340
625965000,s,1340
626102000,r,1440
626133000,s,1340
626102000,r,1440
626102000,r,1440
626102000,r,1440
626203000,r,1440
626203000,r,1440
626301000,s,1340
626345000,s,1340
626391000,s,1340
626665000,s,1340
626746000,s,1340
628701000,r,1440
628702000,r,1440
629263000,r,1440
629494000,s,1340
630753000,r,1440
632625000,r,1440
633153000,s,1340
634587000,r,1440
635101000,s,1340
639465000,s,1340
642062000,r,1440
643130000,r,1440
655007000,s,1340
661714000,s,1340
662074000,s,1340
662702000,s,1340
665671000,r,1440
667446000,s,1340
667507000,s,1340
668103000,s,1340
669230000,r,1440
669230000,r,1440
669230000,r,1440
669886000,s,1340
670489000,r,1440
672368000,s,1340
672407000,s,1340
672636000,s,1340
672822000,s,1340
673280000,r,1440
673280000,r,1440
673358000,s,1340
675168000,r,1440
675168000,r,1440
675168000,r,1440
675395000,s,1340
675464000,s,1340
678813000,s,1340
678886000,r,1440
678937000,s,1340
679044000,s,1340
679124000,s,1340
679313000,s,1340
679484000,s,1340
679621000,s,1340
679759000,s,1340
679828000,s,1340
679898000,s,1340
680080000,s,1340
680186000,s,1340
680217000,s,1340
681084000,s,1340
681123000,s,1340
681198000,s,1340
681276000,s,1340
681331000,s,1340
681432000,r,1440
681926000,s,1340
682153000,s,1340
682261000,s,1340
682351000,s,1340
682662000,s,1340
682855000,s,1340
682947000,s,1340
683239000,s,1340
683289000,s,1340
683374000,s,1340
683743000,s,1340
683795000,s,1340
684134000,s,1340
684222000,s,1340
684305000,s,1340
684440000,s,1340
684631000,s,1340
684803000,s,1340
684927000,s,1340
685107000,s,1340
685222000,s,1340
685501000,s,1340
685553000,s,1340
686672000,s,1340
687177000,s,1340
687370000,s,1340
687433000,r,1440
687472000,s,1340
687794000,s,1340
687866000,s,1340
687949000,s,1340
688158000,s,1340
688179000,s,1340
688198000,s,1340
688616000,s,1340
688675000,s,1340
688729000,r,1440
688855000,s,1340
688899000,s,1340
688961000,s,1340
689423000,s,1340
689434000,r,1440
689526000,s,1340
689621000,s,1340
689861000,s,1340
690091000,s,1340
690299000,s,1340
690552000,s,1340
690632000,s,1340
690708000,s,1340
690921000,s,1340
691125000,s,1340
691218000,s,1340
691411000,s,1340
691593000,s,1340
691774000,r,1440
691788000,s,1340
691900000,s,1340
691980000,s,1340
692137000,s,1340
692297000,s,1340
692524000,s,1340
692622000,s,1340
692845000,s,1340
693067000,s,1340
693316000,s,1340
693498000,s,1340
693577000,s,1340
693621000,s,1340
694845000,s,1340
694983000,s,1340
696073000,s,1340
696166000,s,1340
696305000,s,1340
696802000,s,1340
696850000,s,1340
697532000,s,1340
697734000,s,1340
697790000,s,1340
697841000,s,1340
698721000,s,1340
698781000,s,1340
698964000,s,1340
699174000,s,1340
699278000,s,1340
699346000,s,1340
699873000,s,1340
699944000,s,1340
701062000,s,1340
701121000,s,1340
702326000,s,1340
703445000,s,1340
703589000,s,1340
703645000,s,1340
704623000,s,1340
704932000,s,1340
705076000,s,1340
705125000,s,1340
705793000,s,1340
706954000,s,1340
707060000,s,1340
708273000,s,1340
708490000,s,1340
708552000,s,1340
709043000,s,1340
709057000,s,1340
709282000,s,1340
709404000,s,1340
709419000,s,1340
709514000,s,1340
709795000,s,1340
709809000,s,1340
711219000,s,1340
711306000,s,1340
711481000,s,1340
711672000,s,1340
711743000,s,1340
722712000,s,1340
723258000,r,1440
723258000,r,1440
723259000,r,1440
723259000,r,1440
723259000,r,1440
723259000,r,1440
723259000,r,1440
723260000,r,1440
723448000,r,1440
723448000,r,1440
723448000,r,1440
723448000,r,1440
723448000,r,1440
723448000,r,1440
723449000,r,1440
723449000,r,1440
723509000,r,1440
723509000,r,1440
723509000,r,1440
723510000,r,1440
723510000,r,1440
723510000,r,1440
723510000,r,1440
723510000,r,1440
723579000,r,1440
723579000,r,1440
723579000,r,1440
724015000,s,1340
724096000,s,1340
724117000,s,1340
724233000,s,1340
724328000,s,1340
724410000,s,1340
724495000,s,1340
724594000,s,1340
724667000,s,1340
724742000,s,1340
724820000,s,1340
724897000,s,1340
724987000,s,1340
725067000,s,1340
726026000,s,1340
726680000,s,1340
726949000,s,1340
727298000,s,1340
728811000,s,1340
728995000,s,1340
730065000,s,1340
731916000,r,1440
734870000,s,1340
738085000,r,1440
738085000,r,1440
738085000,r,1440
738085000,r,1440
738770000,s,1340
738830000,s,1340
740738000,r,1440
740738000,r,1440
740738000,r,1440
740738000,r,1440
741303000,s,1340
741927000,r,1440
742259000,s,1340
747707000,s,1340
747773000,s,1340
748395000,s,1340
748544000,s,1340
750929000,s,1340
751552000,s,1340
751908000,s,1340
752432000,s,1340
758451000,r,1440
758451000,r,1440
758451000,r,1440
758451000,r,1440
759032000,s,1340
759626000,s,1340
759962000,s,1340
760082000,s,1340
760180000,s,1340
760215000,r,1440
760215000,r,1440
760215000,r,1440
760215000,r,1440
760216000,r,1440
760216000,r,1440
760492000,s,1340
760617000,s,1340
760701000,s,1340
760778000,s,1340
760852000,s,1340
760927000,s,1340
761011000,s,1340
761083000,s,1340
763993000,s,1340
764116000,s,1340
764191000,s,1340
765069000,s,1340
770960000,r,1440
770960000,r,1440
771068000,s,1340
773332000,r,1440
773586000,s,1340
773770000,r,1440
773802000,s,1340
773917000,s,1340
774007000,s,1340
774096000,s,1340
774298000,s,1340
774471000,r,1440
774487000,s,1340
774471000,r,1440
774715000,s,1340
774807000,s,1340
774895000,s,1340
774983000,s,1340
775031000,r,1440
775031000,r,1440
775116000,s,1340
775213000,s,1340
775338000,s,1340
775424000,s,1340
775512000,s,1340
775603000,s,1340
775813000,s,1340
776022000,s,1340
776108000,s,1340
776302000,s,1340
776498000,s,1340
776586000,s,1340
776675000,s,1340
776766000,s,1340
776943000,s,1340
777154000,s,1340
777278000,s,1340
777387000,s,1340
777439000,s,1340
777742000,r,1440
777742000,r,1440
777742000,r,1440
777860000,r,1440
777860000,r,1440
777860000,r,1440
777860000,r,1440
777861000,r,1440
777861000,r,1440
777861000,r,1440
777861000,r,1440
777911000,r,1440
777931000,s,1340
778112000,s,1340
778269000,s,1340
778393000,s,1340
778522000,s,1340
778593000,s,1340
778656000,s,1340
778710000,s,1340
778767000,s,1340
778821000,s,1340
780311000,s,1340
780374000,s,1340
780391000,s,1340
780404000,s,1340
782346000,r,1440
782347000,r,1440
782347000,r,1440
782924000,s,1340
783018000,r,1440
783018000,r,1440
783019000,r,1440
783019000,r,1440
783019000,r,1440
783019000,r,1440
783019000,r,1440
783019000,r,1440
783596000,s,1340
783791000,s,1340
784162000,s,1340
784236000,s,1340
784274000,s,1340
784299000,s,1340
784332000,s,1340
784435000,s,1340
784509000,s,1340
784554000,r,1440
784554000,r,1440
784554000,r,1440
784554000,r,1440
784669000,s,1340
784701000,s,1340
785485000,s,1340
785523000,s,1340
785540000,s,1340
785550000,s,1340
785559000,s,1340
785570000,s,1340
785578000,s,1340
785619000,s,1340
786582000,s,1340
786707000,s,1340
786758000,s,1340
786824000,s,1340
787087000,s,1340
787157000,s,1340
787212000,s,1340
787263000,s,1340
787393000,s,1340
787441000,s,1340
787609000,s,1340
787663000,s,1340
787775000,s,1340
787801000,r,1440
787801000,r,1440
787801000,r,1440
787801000,r,1440
787801000,r,1440
787801000,r,1440
787802000,r,1440
787802000,r,1440
787888000,r,1440
787888000,r,1440
788119000,s,1340
788309000,s,1340
788344000,s,1340
788368000,s,1340
788414000,s,1340
788429000,s,1340
788622000,r,1440
788622000,r,1440
791721000,s,1340
792571000,r,1440
792571000,r,1440
793521000,r,1440
793522000,r,1440
793522000,r,1440
793522000,r,1440
793522000,r,1440
793522000,r,1440
793522000,r,1440
793522000,r,1440
793591000,r,1440
793591000,r,1440
793591000,r,1440
793591000,r,1440
793591000,r,1440
793592000,r,1440
793592000,r,1440
793592000,r,1440
793625000,r,1440
793625000,r,1440
793872000,s,1340
793964000,s,1340
794033000,s,1340
794076000,s,1340
794115000,s,1340
794173000,s,1340
794989000,s,1340
795450000,s,1340
795740000,r,1440
795741000,r,1440
795741000,r,1440
795741000,r,1440
795741000,r,1440
795741000,r,1440
795741000,r,1440
795741000,r,1440
795832000,r,1440
795832000,r,1440
795832000,r,1440
795833000,r,1440
795833000,r,1440
795833000,r,1440
796072000,s,1340
796140000,s,1340
796242000,s,1340
796518000,s,1340
796620000,s,1340
796708000,s,1340
796794000,s,1340
796878000,s,1340
796922000,s,1340
796966000,s,1340
797004000,s,1340
797039000,s,1340
797079000,s,1340
797116000,s,1340
797152000,s,1340
797239000,s,1340
797338000,s,1340
797336000,r,1440
797336000,r,1440
797336000,r,1440
797336000,r,1440
797336000,r,1440
797337000,r,1440
797337000,r,1440
797422000,s,1340
797505000,s,1340
797592000,s,1340
797665000,s,1340
797744000,s,1340
798042000,s,1340
798091000,s,1340
798104000,s,1340
798291000,r,1440
798291000,r,1440
800655000,r,1440
800982000,s,1340
801255000,s,1340
801328000,s,1340
801373000,s,1340
801419000,s,1340
801516000,s,1340
801689000,s,1340
801710000,s,1340
801835000,s,1340
801849000,s,1340
801856000,s,1340
801871000,s,1340
802477000,s,1340
802679000,s,1340
802692000,s,1340
802700000,s,1340
802780000,s,1340
802889000,s,1340
802947000,s,1340
802994000,s,1340
803115000,s,1340
803162000,s,1340
803255000,s,1340
803314000,s,1340
803485000,s,1340
803540000,s,1340
803672000,s,1340
803804000,s,1340
803917000,s,1340
803961000,s,1340
804279000,s,1340
804418000,s,1340
805430000,s,1340
805485000,s,1340
806526000,s,1340
806582000,s,1340
806637000,s,1340
807023000,r,1440
807023000,r,1440
807023000,r,1440
807023000,r,1440
807023000,r,1440
807023000,r,1440
807024000,r,1440
807024000,r,1440
807125000,r,1440
807125000,r,1440
807125000,r,1440
807125000,r,1440
807125000,r,1440
807126000,r,1440
807126000,r,1440
807126000,r,1440
807158000,r,1440
807360000,s,1340
807497000,s,1340
807540000,s,1340
807561000,s,1340
807595000,s,1340
807703000,r,1440
807936000,s,1340
808012000,s,1340
808072000,s,1340
808284000,s,1340
811923000,r,1440
812683000,s,1340
812998000,r,1440
815464000,r,1440
815464000,r,1440
815464000,r,1440
815464000,r,1440
815465000,r,1440
815465000,r,1440
815465000,r,1440
815465000,r,1440
816119000,r,1440
816119000,r,1440
816157000,s,1340
816119000,r,1440
816119000,r,1440
816254000,s,1340
816499000,s,1340
816633000,s,1340
816713000,s,1340
816785000,s,1340
817421000,r,1440
817422000,r,1440
817422000,r,1440
817422000,r,1440
817422000,r,1440
818003000,s,1340
818064000,s,1340
818506000,s,1340
818579000,s,1340
818628000,s,1340
818674000,s,1340
818717000,s,1340
818760000,s,1340
818968000,s,1340
819192000,s,1340
819252000,s,1340
819366000,s,1340
819495000,s,1340
819610000,s,1340
819633000,r,1440
819633000,r,1440
819633000,r,1440
819633000,r,1440
819633000,r,1440
819633000,r,1440
819634000,r,1440
819723000,s,1340
819819000,s,1340
819990000,s,1340
820058000,s,1340
820732000,s,1340
820888000,s,1340
822983000,r,1440
825103000,r,1440
825103000,r,1440
825103000,r,1440
825104000,r,1440
825104000,r,1440
825104000,r,1440
825104000,r,1440
825104000,r,1440
825213000,r,1440
825213000,r,1440
825213000,r,1440
825685000,s,1340
825784000,s,1340
825835000,s,1340
825879000,s,1340
825923000,s,1340
825969000,s,1340
826012000,s,1340
826056000,s,1340
826101000,s,1340
826143000,s,1340
826242000,s,1340
826366000,s,1340
826526000,s,1340
826639000,s,1340
826649000,r,1440
826649000,r,1440
826649000,r,1440
826649000,r,1440
826649000,r,1440
826754000,s,1340
826836000,s,1340
826919000,s,1340
826955000,s,1340
827199000,s,1340
827756000,r,1440
831311000,r,1440
831311000,r,1440
832096000,s,1340
833441000,r,1440
833441000,r,1440
833441000,r,1440
833441000,r,1440
833441000,r,1440
833442000,r,1440
833442000,r,1440
833442000,r,1440
833557000,r,1440
833557000,r,1440
833557000,r,1440
834370000,r,1440
834371000,r,1440
834371000,r,1440
834753000,s,1340
834801000,s,1340
834834000,s,1340
834844000,s,1340
834964000,s,1340
835063000,s,1340
835831000,s,1340
835924000,s,1340
835940000,s,1340
836015000,s,1340
836224000,s,1340
836332000,r,1440
836502000,r,1440
836502000,r,1440
836502000,r,1440
837063000,s,1340
837107000,s,1340
837120000,s,1340
837129000,s,1340
837259000,s,1340
837357000,s,1340
837503000,s,1340
837577000,s,1340
837674000,s,1340
837817000,s,1340
837885000,s,1340
837975000,s,1340
838124000,s,1340
838213000,s,1340
838292000,s,1340
838492000,s,1340
838652000,s,1340
838675000,r,1440
838772000,s,1340
838873000,s,1340
839006000,s,1340
839082000,s,1340
839216000,s,1340
839348000,s,1340
839429000,s,1340
839487000,s,1340
839985000,s,1340
840748000,s,1340
840812000,s,1340
840849000,s,1340
841003000,s,1340
841067000,s,1340
841734000,s,1340
841884000,s,1340
842022000,s,1340
842080000,s,1340
842126000,s,1340
842314000,s,1340
842377000,s,1340
842855000,s,1340
842915000,s,1340
843042000,s,1340
843680000,s,1340
843742000,s,1340
844048000,r,1440
844458000,s,1340
846256000,r,1440
846444000,r,1440
846536000,s,1340
846701000,s,1340
847763000,r,1440
850511000,r,1440
850511000,r,1440
850799000,s,1340
851443000,r,1440
851443000,r,1440
851854000,s,1340
854904000,s,1340
855057000,r,1440
855449000,s,1340
855788000,r,1440
857543000,r,1440
864758000,r,1440
865224000,s,1340
869335000,r,1440
869824000,s,1340
871100000,r,1440
871100000,r,1440
871643000,s,1340
872829000,r,1440
876136000,s,1340
880591000,s,1340
885189000,r,1440
886440000,r,1440
900715000,r,1440
901717000,s,1340
912508000,s,1340
912572000,s,1340
912628000,s,1340
913535000,s,1340
913587000,s,1340
913646000,s,1340
914762000,s,1340
914880000,s,1340
914938000,s,1340
915114000,s,1340
915292000,s,1340
915347000,s,1340
915456000,s,1340
915488000,s,1340
915553000,s,1340
915599000,s,1340
915659000,s,1340
915874000,s,1340
915950000,s,1340
916212000,s,1340
916347000,s,1340
916442000,s,1340
916535000,s,1340
916627000,s,1340
916723000,s,1340
916837000,s,1340
916933000,s,1340
917052000,s,1340
917114000,s,1340
917206000,s,1340
917271000,s,1340
917375000,s,1340
917480000,s,1340
917576000,s,1340
917711000,s,1340
917862000,s,1340
918011000,s,1340
918118000,s,1340
918219000,s,1340
918311000,s,1340
918408000,s,1340
918651000,s,1340
918751000,s,1340
918846000,s,1340
918905000,s,1340
918963000,s,1340
919018000,s,1340
919233000,s,1340
919302000,s,1340
919362000,s,1340
919536000,s,1340
919836000,s,1340
919953000,s,1340
920089000,s,1340
920300000,s,1340
920399000,s,1340
920601000,s,1340
920667000,s,1340
920722000,s,1340
920774000,s,1340
920939000,s,1340
920970000,s,1340
921076000,s,1340
921140000,s,1340
921273000,s,1340
921405000,s,1340
921460000,s,1340
921586000,s,1340
921644000,s,1340
921769000,s,1340
922100000,s,1340
922178000,s,1340
922242000,s,1340
922366000,s,1340
922490000,s,1340
922916000,s,1340
923018000,s,1340
923121000,s,1340
923241000,s,1340
923394000,s,1340
923453000,s,1340
923628000,s,1340
923688000,s,1340
923795000,s,1340
923864000,s,1340
924025000,s,1340
924129000,s,1340
924265000,s,1340
924361000,s,1340
924419000,s,1340
924533000,s,1340
924652000,s,1340
924787000,s,1340
924923000,s,1340
925014000,s,1340
926194000,s,1340
926258000,s,1340
926381000,s,1340
926527000,s,1340
926637000,s,1340
926694000,s,1340
926811000,s,1340
926910000,s,1340
926966000,s,1340
927079000,s,1340
927205000,s,1340
927335000,s,1340
927425000,s,1340
927545000,s,1340
927608000,s,1340
927776000,s,1340
927904000,s,1340
928093000,s,1340
928166000,s,1340
928323000,s,1340
928408000,s,1340
928809000,s,1340
928899000,s,1340
928985000,s,1340
929072000,s,1340
929083000,r,1440
929083000,r,1440
929083000,r,1440
929083000,r,1440
929083000,r,1440
929083000,r,1440
929164000,s,1340
929258000,s,1340
929344000,s,1340
929436000,s,1340
929531000,s,1340
929624000,s,1340
929720000,s,1340
930023000,s,1340
930132000,s,1340
930164000,s,1340
930177000,s,1340
930186000,s,1340
930400000,s,1340
930715000,s,1340
930735000,s,1340
930743000,s,1340
931530000,r,1440
931531000,r,1440
931531000,r,1440
931531000,r,1440
931531000,r,1440
932230000,s,1340
932334000,s,1340
932452000,s,1340
932500000,s,1340
941579000,r,1440
941856000,s,1340
941898000,s,1340
941908000,s,1340
942273000,r,1440
942273000,r,1440
942273000,r,1440
942273000,r,1440
942627000,r,1440
942634000,s,1340
942672000,s,1340
942684000,s,1340
942723000,s,1340
943506000,s,1340
943565000,s,1340
944057000,s,1340
944101000,s,1340
944240000,r,1440
944446000,s,1340
948313000,s,1340
948360000,s,1340
948480000,s,1340
948657000,s,1340
948742000,s,1340
948804000,s,1340
948972000,s,1340
949088000,s,1340
949167000,s,1340
949292000,s,1340
949588000,r,1440
949655000,s,1340
949716000,s,1340
949731000,s,1340
949955000,s,1340
950120000,s,1340
950241000,s,1340
950629000,s,1340
950694000,s,1340
951204000,s,1340
951281000,s,1340
951328000,s,1340
951872000,s,1340
951937000,s,1340
952416000,s,1340
952540000,s,1340
952651000,s,1340
952785000,s,1340
952929000,s,1340
953077000,s,1340
953178000,s,1340
953274000,s,1340
953339000,s,1340
953495000,s,1340
953609000,s,1340
953841000,s,1340
953911000,s,1340
953972000,s,1340
954159000,s,1340
954293000,s,1340
954406000,s,1340
954497000,s,1340
954534000,s,1340
954561000,r,1440
954731000,s,1340
954810000,s,1340
955349000,s,1340
955520000,s,1340
955667000,s,1340
955833000,s,1340
955932000,s,1340
956025000,s,1340
956073000,s,1340
956132000,s,1340
956918000,s,1340
957039000,s,1340
957110000,s,1340
957325000,s,1340
957376000,s,1340
957527000,s,1340
957636000,s,1340
957907000,s,1340
957987000,s,1340
958049000,s,1340
958187000,s,1340
958250000,s,1340
958479000,s,1340
958483000,r,1440
958549000,s,1340
958484000,r,1440
958484000,r,1440
958484000,r,1440
958611000,s,1340
958717000,s,1340
958823000,s,1340
958890000,s,1340
958954000,s,1340
959015000,s,1340
959082000,s,1340
961854000,s,1340
961947000,s,1340
962152000,s,1340
964315000,s,1340
964410000,s,1340
964751000,r,1440
973685000,r,1440
973685000,r,1440
974395000,s,1340
974905000,s,1340
975888000,r,1440
976264000,s,1340
977576000,r,1440
986818000,r,1440
987586000,r,1440
987587000,r,1440
987767000,s,1340
987851000,s,1340
988021000,s,1340
989158000,r,1440
989159000,r,1440
989534000,s,1340
990681000,r,1440
992106000,r,1440
992107000,r,1440
992502000,s,1340
992658000,s,1340
992811000,s,1340
992936000,s,1340
993273000,s,1340
993347000,s,1340
993443000,r,1440
993643000,s,1340
998601000,s,1340
1000578000,r,1440
1000578000,r,1440
1000963000,s,1340
1001276000,s,1340
1001292000,r,1440
1007793000,s,1340
1014197000,r,1440
1015271000,r,1440
1015271000,r,1440
1015580000,r,1440
1015765000,r,1440
1015863000,s,1340
1015975000,s,1340
1016202000,s,1340
1016320000,s,1340
1016780000,r,1440
1016981000,s,1340
1017080000,s,1340
1017160000,s,1340
1017231000,s,1340
1017299000,s,1340
1017373000,s,1340
1017440000,s,1340
1017551000,r,1440
1017551000,r,1440
1018009000,s,1340
1021417000,r,1440
1021493000,r,1440
1021493000,r,1440
1021697000,s,1340
1021999000,s,1340
1022189000,s,1340
1022439000,r,1440
1022439000,r,1440
1022439000,r,1440
1022439000,r,1440
1022564000,r,1440
1022778000,r,1440
1022941000,s,1340
1022984000,s,1340
1023160000,s,1340
1023259000,s,1340
1023338000,s,1340
1023417000,s,1340
1023502000,s,1340
1023590000,s,1340
1023670000,s,1340
1023853000,s,1340
1023934000,s,1340
1024107000,s,1340
1024107000,r,1440
1024231000,s,1340
1024491000,s,1340
1024576000,s,1340
1024710000,s,1340
1024796000,s,1340
1024874000,s,1340
1025110000,s,1340
1025146000,s,1340
1025170000,s,1340
1025385000,s,1340
1025468000,s,1340
1025641000,s,1340
1025698000,s,1340
1025910000,s,1340
1025980000,s,1340
1026025000,s,1340
1026652000,s,1340
1026711000,s,1340
1026802000,s,1340
1027324000,r,1440
1027324000,r,1440
1027324000,r,1440
1027325000,r,1440
1027650000,s,1340
1027737000,s,1340
1027797000,s,1340
1027863000,s,1340
1027996000,s,1340
1028297000,s,1340
1028367000,s,1340
1028453000,s,1340
1028483000,s,1340
1028540000,s,1340
1029236000,s,1340
1029322000,s,1340
1029479000,s,1340
1029564000,s,1340
1029603000,s,1340
1029833000,s,1340
1030794000,s,1340
1030827000,s,1340
1030838000,s,1340
1030846000,s,1340
1030855000,s,1340
1030862000,s,1340
1030870000,s,1340
1030995000,s,1340
1031124000,s,1340
1031343000,s,1340
1031416000,s,1340
1031486000,s,1340
1031644000,s,1340
1031975000,s,1340
1032022000,s,1340
1032115000,r,1440
1032115000,r,1440
1032345000,s,1340
1032550000,s,1340
1032637000,s,1340
1032716000,s,1340
1032793000,s,1340
1032985000,s,1340
1033178000,s,1340
1033267000,s,1340
1033457000,s,1340
1033638000,s,1340
1033715000,s,1340
1033778000,s,1340
1033881000,s,1340
1033937000,s,1340
1034163000,s,1340
1034256000,s,1340
1034468000,s,1340
1034551000,s,1340
1034747000,s,1340
1034821000,s,1340
1034894000,r,1440
1035060000,s,1340
1037749000,r,1440
1037750000,r,1440
1037750000,r,1440
1038097000,s,1340
1038138000,s,1340
1038151000,s,1340
1038203000,s,1340
1038272000,s,1340
1038608000,r,1440
1038803000,s,1340
1038866000,s,1340
1040064000,r,1440
1040174000,s,1340
1040278000,s,1340
1041678000,r,1440
1042246000,r,1440
1042294000,s,1340
1042337000,s,1340
1042359000,s,1340
1042511000,s,1340
1042566000,s,1340
1043219000,r,1440
1043544000,s,1340
1043646000,s,1340
1043738000,s,1340
1043939000,s,1340
1044049000,s,1340
1044332000,s,1340
1044450000,s,1340
1044516000,s,1340
1044590000,s,1340
1044657000,s,1340
1044736000,s,1340
1044975000,s,1340
1045142000,s,1340
1045233000,s,1340
1045332000,s,1340
1045447000,s,1340
1045566000,s,1340
1045690000,s,1340
1045809000,s,1340
1045873000,s,1340
1045934000,s,1340
1046578000,s,1340
1046861000,s,1340
1046865000,r,1440
1046865000,r,1440
1047130000,s,1340
1047751000,s,1340
1047827000,s,1340
1048009000,s,1340
1048093000,s,1340
1048136000,r,1440
1058732000,s,1340
1058875000,s,1340
1058956000,s,1340
1059885000,s,1340
1060040000,s,1340
1060180000,s,1340
1060253000,s,1340
1060416000,s,1340
1060629000,s,1340
1060763000,s,1340
1060815000,s,1340
1061198000,s,1340
1061403000,s,1340
1061536000,s,1340
1061690000,s,1340
1062320000,s,1340
1062651000,s,1340
1062759000,s,1340
1062867000,s,1340
1062989000,s,1340
1063120000,s,1340
1063338000,s,1340
1063548000,s,1340
1063760000,s,1340
1063841000,s,1340
1064013000,s,1340
1064073000,s,1340
1064699000,s,1340
1064779000,s,1340
1064854000,s,1340
1065089000,s,1340
1065286000,s,1340
1065608000,s,1340
1065801000,s,1340
1065867000,s,1340
1066478000,s,1340
1067245000,s,1340
1067316000,s,1340
1068520000,s,1340
1068567000,s,1340
1068693000,s,1340
1069402000,s,1340
1069555000,s,1340
1070606000,s,1340
1070675000,s,1340
1071876000,s,1340
1072112000,s,1340
1072212000,s,1340
1072353000,s,1340
1072422000,s,1340
1072724000,s,1340
1072821000,s,1340
1072904000,s,1340
1073067000,s,1340
1073169000,s,1340
1073316000,s,1340
1073440000,s,1340
1073543000,r,1440
1073543000,r,1440
1073794000,s,1340
1073988000,s,1340
1074102000,s,1340
1074192000,s,1340
1074285000,s,1340
1074394000,s,1340
1074622000,s,1340
1074670000,s,1340
1074695000,s,1340
1074721000,s,1340
1074842000,s,1340
1075033000,s,1340
1075123000,s,1340
1075301000,s,1340
1075508000,s,1340
1075713000,s,1340
1075841000,s,1340
1075940000,s,1340
1076084000,s,1340
1076180000,s,1340
1076366000,s,1340
1076591000,s,1340
1076687000,s,1340
1076868000,s,1340
1077045000,s,1340
1077239000,s,1340
1077368000,s,1340
1077476000,s,1340
1077687000,s,1340
1077786000,s,1340
1077952000,s,1340
1078096000,s,1340
1078252000,s,1340
1078333000,s,1340
1078390000,s,1340
1078600000,s,1340
1078692000,s,1340
1079002000,s,1340
1079137000,s,1340
1079181000,s,1340
1079366000,s,1340
1079452000,s,1340
1079614000,s,1340
1079794000,s,1340
1079946000,s,1340
1080414000,s,1340
1080546000,s,1340
1080728000,s,1340
1080834000,s,1340
1081597000,s,1340
1081662000,s,1340
1081697000,s,1340
1081724000,s,1340
1082143000,s,1340
1082237000,s,1340
1082360000,s,1340
1082677000,s,1340
1082865000,s,1340
1082966000,s,1340
1083048000,s,1340
1083096000,s,1340
1083532000,s,1340
1083723000,s,1340
1083886000,s,1340
1083978000,s,1340
1084214000,s,1340
1084332000,s,1340
1084422000,s,1340
1084785000,s,1340
1084827000,s,1340
1084930000,s,1340
1084973000,s,1340
1085100000,s,1340
1095277000,s,1340
1099963000,r,1440
1107659000,s,1340
1112818000,r,1440
1112818000,r,1440
1114460000,r,1440
1114880000,s,1340
1114932000,s,1340
1114967000,s,1340
1115244000,s,1340
1115505000,s,1340
1115583000,s,1340
1115876000,s,1340
1115950000,s,1340
1116033000,s,1340
1116090000,s,1340
1116821000,s,1340
1116960000,s,1340
1117111000,s,1340
1117272000,s,1340
1117522000,s,1340
1117569000,s,1340
1117584000,s,1340
1117649000,s,1340
1117821000,s,1340
1117912000,s,1340
1118047000,s,1340
1118314000,s,1340
1118453000,s,1340
1118533000,s,1340
1118593000,s,1340
1118841000,s,1340
1118943000,s,1340
1119083000,s,1340
1119171000,s,1340
1119222000,s,1340
1119514000,s,1340
1119681000,s,1340
1119708000,s,1340
1119916000,s,1340
1120395000,s,1340
1120473000,s,1340
1120540000,s,1340
1120602000,s,1340
1120778000,s,1340
1120863000,s,1340
1121020000,s,1340
1121089000,s,1340
1121157000,s,1340
1121771000,s,1340
1121857000,s,1340
1121946000,s,1340
1122137000,s,1340
1122288000,s,1340
1122414000,s,1340
1122596000,s,1340
1122693000,s,1340
1122870000,s,1340
1123089000,s,1340
1123151000,s,1340
1123244000,s,1340
1123329000,s,1340
1123387000,s,1340
1123717000,s,1340
1123859000,s,1340
1124316000,s,1340
1124379000,s,1340
1124881000,s,1340
1124968000,s,1340
1125172000,s,1340
1125272000,s,1340
1125409000,s,1340
1125494000,s,1340
1125664000,s,1340
1125851000,s,1340
1125942000,s,1340
1126089000,s,1340
1126167000,s,1340
1126328000,s,1340
1126415000,s,1340
1126593000,s,1340
1126758000,s,1340
1137319000,s,1340
1170633000,r,1440
2921789000,r,1440
2921789000,r,1440
2921790000,r,1440
2921790000,r,1440
2921790000,r,1440
2921791000,r,1440
2921791000,r,1440
2921791000,r,1440
2922069000,r,1440
2922069000,r,1440
2922069000,r,1440
2922069000,r,1440
2922069000,r,1440
2922851000,s,1340
2922937000,s,1340
2922959000,s,1340
2923067000,s,1340
2923107000,s,1340
2923121000,s,1340
2923133000,s,1340
2933580000,s,1340
2934294000,r,1440
2934294000,r,1440
2934294000,r,1440
2934294000,r,1440
2934294000,r,1440
2934295000,r,1440
2935330000,s,1340
2935413000,s,1340
2935454000,s,1340
2935477000,s,1340
2935498000,s,1340
2935517000,s,1340
2937104000,r,1440
2937104000,r,1440
2937104000,r,1440
2937104000,r,1440
2937105000,r,1440
2937105000,r,1440
2937105000,r,1440
2937105000,r,1440
2937235000,r,1440
2937235000,r,1440
2937235000,r,1440
2937236000,r,1440
2937236000,r,1440
2937236000,r,1440
2938050000,s,1340
2938289000,s,1340
2938344000,s,1340
2938399000,s,1340
2938413000,s,1340
2938748000,s,1340
2938766000,s,1340
2939103000,s,1340
2939173000,s,1340
2939281000,s,1340
2939301000,s,1340
2939335000,s,1340
2939472000,s,1340
2939552000,s,1340
2939569000,s,1340
2939591000,s,1340
2939714000,s,1340
2940072000,s,1340
2940285000,s,1340
2940335000,s,1340
2941041000,s,1340
2941125000,s,1340
2941171000,s,1340
2941242000,s,1340
2941370000,s,1340
2941433000,s,1340
2941477000,s,1340
2941544000,s,1340
2942818000,s,1340
2942893000,s,1340
2942916000,s,1340
2943058000,s,1340
2943121000,s,1340
2943971000,s,1340
2944088000,s,1340
2944321000,s,1340
2944483000,s,1340
2944619000,s,1340
2944728000,s,1340
2944958000,s,1340
2945197000,s,1340
2945504000,s,1340
2945643000,s,1340
2945943000,s,1340
2946015000,s,1340
2946040000,s,1340
2946058000,s,1340
2946230000,s,1340
2946298000,s,1340
2946539000,s,1340
2946772000,s,1340
2947138000,s,1340
2947170000,r,1440
2947252000,s,1340
2947170000,r,1440
2947170000,r,1440
2947170000,r,1440
2947319000,s,1340
2947171000,r,1440
2947171000,r,1440
2947171000,r,1440
2947171000,r,1440
2947377000,s,1340
2947390000,r,1440
2947391000,r,1440
2947391000,r,1440
2947391000,r,1440
2947391000,r,1440
2947468000,s,1340
2947563000,s,1340
2947710000,s,1340
2947793000,s,1340
2947857000,s,1340
2947875000,s,1340
2947896000,s,1340
2948126000,s,1340
2948160000,s,1340
2948178000,s,1340
2948235000,s,1340
2948441000,s,1340
2948475000,s,1340
2948684000,s,1340
2948710000,s,1340
2948865000,s,1340
2949054000,s,1340
2949182000,s,1340
2949313000,s,1340
2949430000,s,1340
2949542000,s,1340
2949662000,s,1340
2949785000,s,1340
2949896000,s,1340
2950015000,s,1340
2950129000,s,1340
2950230000,s,1340
2950312000,s,1340
2950392000,s,1340
2950531000,s,1340
2950683000,s,1340
2950780000,s,1340
2950869000,s,1340
2950951000,s,1340
2951032000,s,1340
2951116000,s,1340
2951328000,s,1340
2951341000,r,1440
2951341000,r,1440
2951436000,s,1340
2951524000,s,1340
2951620000,s,1340
2951777000,s,1340
2951958000,s,1340
2952030000,s,1340
2952135000,s,1340
2952355000,s,1340
2952437000,s,1340
2952490000,s,1340
2952748000,s,1340
2952848000,s,1340
2953241000,s,1340
2953872000,s,1340
2954088000,s,1340
2954289000,s,1340
2954488000,s,1340
2954754000,s,1340
2954943000,s,1340
2955931000,r,1440
2955931000,r,1440
2955931000,r,1440
2955931000,r,1440
2955931000,r,1440
2955931000,r,1440
2955931000,r,1440
2955931000,r,1440
2956023000,r,1440
2956023000,r,1440
2956023000,r,1440
2956023000,r,1440
2956174000,r,1440
2956174000,r,1440
2956174000,r,1440
2956337000,s,1340
2956386000,s,1340
2956521000,s,1340
2956631000,s,1340
2956919000,s,1340
2956927000,r,1440
2956927000,r,1440
2956927000,r,1440
2957142000,s,1340
2957240000,s,1340
2957332000,s,1340
2957423000,s,1340
2957507000,s,1340
2957581000,s,1340
2957733000,s,1340
2957827000,s,1340
2957915000,s,1340
2958152000,s,1340
2958229000,r,1440
2958262000,s,1340
2958229000,r,1440
2958229000,r,1440
2958230000,r,1440
2958230000,r,1440
2958230000,r,1440
2958230000,r,1440
2958230000,r,1440
2958346000,r,1440
2958346000,r,1440
2958346000,r,1440
2958346000,r,1440
2958368000,s,1340
2958513000,s,1340
2958615000,s,1340
2958717000,s,1340
2958801000,s,1340
2958881000,s,1340
2958957000,s,1340
2959133000,s,1340
2959466000,s,1340
2959770000,s,1340
2959883000,s,1340
2959978000,s,1340
2960086000,s,1340
2960164000,s,1340
2960258000,s,1340
2960333000,s,1340
2960509000,r,1440
2960659000,s,1340
2960698000,s,1340
2960711000,s,1340
2960720000,s,1340
2961180000,s,1340
2961345000,s,1340
2961498000,s,1340
2961657000,s,1340
2961814000,s,1340
2961985000,s,1340
2962212000,r,1440
2962212000,r,1440
2962503000,s,1340
2962602000,s,1340
2962668000,s,1340
2962761000,s,1340
2962859000,s,1340
2962941000,s,1340
2963058000,s,1340
2963117000,s,1340
2963244000,s,1340
2963306000,s,1340
2966444000,r,1440
2967141000,r,1440
2968919000,r,1440
2968919000,r,1440
2969465000,s,1340
2969528000,r,1440
2969989000,s,1340
2970593000,r,1440
2973041000,r,1440
2973058000,s,1340
2973041000,r,1440
2973041000,r,1440
2973257000,s,1340
2994056000,s,1340
2994413000,s,1340
2994936000,s,1340
2994985000,s,1340
2994999000,s,1340
2995015000,s,1340
2995025000,s,1340
2995037000,s,1340
2995045000,s,1340
2995053000,s,1340
2995061000,s,1340
3004710000,r,1440
3021054000,r,1440
3021054000,r,1440
3021054000,r,1440
3021054000,r,1440
3021055000,r,1440
3022050000,s,1340
3022241000,s,1340
3022466000,r,1440
3022466000,r,1440
3023127000,s,1340
3023175000,s,1340
3023233000,s,1340
3023620000,s,1340
3023772000,s,1340
3023878000,s,1340
3023946000,s,1340
3024059000,s,1340
3024132000,s,1340
3024478000,s,1340
3024544000,s,1340
3024626000,s,1340
3024801000,s,1340
3024845000,s,1340
3025063000,s,1340
3025139000,s,1340
3025559000,s,1340
3025652000,s,1340
3025840000,s,1340
3025965000,s,1340
3026166000,s,1340
3026252000,s,1340
3026470000,s,1340
3026786000,s,1340
3027044000,s,1340
3027293000,s,1340
3027389000,s,1340
3027529000,s,1340
3027679000,s,1340
3027848000,s,1340
3028039000,s,1340
3028248000,s,1340
3028365000,s,1340
3028464000,s,1340
3028605000,s,1340
3028767000,s,1340
3029003000,s,1340
3029129000,s,1340
3029263000,s,1340
3029372000,s,1340
3029468000,s,1340
3029714000,s,1340
3029796000,s,1340
3029973000,s,1340
3030203000,s,1340
3030262000,s,1340
3030400000,s,1340
3030490000,s,1340
3031350000,s,1340
3031476000,s,1340
3031742000,s,1340
3031913000,s,1340
3032026000,s,1340
3032129000,s,1340
3032338000,s,1340
3032413000,s,1340
3033068000,s,1340
3033178000,s,1340
3033286000,s,1340
3033551000,s,1340
3033743000,s,1340
3033859000,s,1340
3034075000,s,1340
3034181000,s,1340
3034456000,r,1440
3034456000,r,1440
3034515000,s,1340
3034623000,s,1340
3034729000,s,1340
3034983000,s,1340
3035095000,s,1340
3035210000,s,1340
3035584000,s,1340
3035715000,s,1340
3035825000,s,1340
3035929000,s,1340
3036033000,s,1340
3036135000,s,1340
3036238000,s,1340
3036336000,r,1440
3036342000,s,1340
3036600000,s,1340
3036718000,s,1340
3036824000,s,1340
3036932000,s,1340
3037056000,r,1440
3037057000,r,1440
3037205000,s,1340
3037289000,s,1340
3037329000,s,1340
3037352000,s,1340
3037657000,s,1340
3037757000,s,1340
3037958000,s,1340
3038395000,s,1340
3038626000,s,1340
3038711000,s,1340
3038987000,s,1340
3039126000,s,1340
3039215000,s,1340
3039250000,r,1440
3039356000,s,1340
3039466000,s,1340
3039638000,s,1340
3039691000,s,1340
3041903000,s,1340
3050314000,s,1340
3050923000,r,1440
3092030000,r,1440
3137189000,r,1440
3138376000,s,1340
3140113000,r,1440
5643172000,r,1440
5643172000,r,1440
5643172000,r,1440
5643173000,r,1440
5643173000,r,1440
5643173000,r,1440
5644102000,s,1340
5644258000,s,1340
5644481000,s,1340
5644598000,s,1340
5644794000,r,1440
5644794000,r,1440
5644794000,r,1440
5644794000,r,1440
5644795000,r,1440
5644795000,r,1440
5644892000,s,1340
5644975000,s,1340
5645183000,s,1340
5645214000,s,1340
5655295000,s,1340
8410680000,r,1440
11686731000,r,1440
11690783000,s,1340
12584964000,s,1340
12624393000,s,1340
12624833000,s,1340
12916162000,r,1440
12916163000,r,1440
12916163000,r,1440
12916164000,r,1440
12916164000,r,1440
12916165000,r,1440
12916165000,r,1440
12916166000,r,1440
12916788000,r,1440
12921304000,s,1340
12921654000,s,1340
12921842000,s,1340
12923085000,s,1340
12923509000,s,1340
12932116000,s,1340
12938839000,r,1440
12982602000,r,1440
15264844000,s,1340
15303106000,s,1340
15303533000,s,1340
18898006000,r,1440
18902770000,s,1340
18915431000,s,1340
18923721000,r,1440
18923721000,r,1440
20826275000,s,1340