0,s,156
42850000,s,156
43259000,s,156
62131000,r,156
512177000,r,176
4218796000,s,124
4259737000,s,124
4260218000,s,124
4260309000,s,124
4260326000,s,124
4279785000,r,172
4298702000,s,1340
4298847000,s,1340
4299570000,s,172
4314134000,r,1372
4314135000,r,1372
4320737000,s,1340
4320847000,s,188
4322430000,s,316
4323111000,s,396
4336338000,r,124
4338597000,r,124
4354340000,r,252
4354340000,r,252
4361877000,s,140
4389620000,s,140
5139295000,s,140
5181798000,s,140
5183172000,s,140
5183402000,s,140
5192140000,r,236
5192140000,r,236
5195897000,r,252
5195898000,r,252
5198514000,s,300
5205877000,s,124
5219949000,r,124
5222300000,s,124
5242160000,s,1340
5242414000,s,684
5254543000,r,124
5254544000,r,364
5257013000,s,124
5261953000,s,188
5264458000,s,204
5267406000,s,652
5274557000,r,204
5274558000,r,172
5276701000,s,124
5277667000,s,156
5291884000,r,124
5306551000,r,1340
5306551000,r,1340
5306551000,r,1340
5306552000,r,1340
5306552000,r,1340
5306552000,r,1340
5306552000,r,1340
5306553000,r,1340
5306802000,r,1340
5308730000,s,124
5309090000,s,124
5309396000,s,124
5309703000,s,124
5353785000,s,124
5359549000,s,492
5359626000,s,396
5359814000,s,364
5360621000,s,348
5371635000,s,124
5371993000,s,124
5373304000,s,124
5378155000,r,124
5382199000,r,140
5387879000,r,1340
5387879000,r,1340
5387879000,r,1340
5387879000,r,1340
5387879000,r,1340
5387879000,r,1340
5387879000,r,1340
5387880000,r,780
5387988000,r,652
5387988000,r,1340
5387988000,r,1340
5387989000,r,1340
5387989000,r,1340
5387989000,r,1340
5387989000,r,1340
5387989000,r,1340
5388030000,r,1340
5388030000,r,1340
5389202000,s,124
5389432000,s,124
5389472000,s,124
5389486000,s,124
5389909000,s,124
5389939000,s,124
5390083000,s,124
5390452000,s,124
5390491000,s,124
5390505000,s,124
5390724000,s,124
5390890000,s,124
5390982000,s,124
5391128000,s,124
5391222000,s,124
5391293000,s,124
5391359000,s,124
5391419000,s,124
5401467000,r,1340
5401467000,r,1340
5401467000,r,1340
5402330000,s,124
5402598000,s,124
5402670000,s,124
5403607000,r,1340
5403607000,r,1340
5403608000,r,1340
5403608000,r,1340
5403608000,r,1340
5403608000,r,1340
5403608000,r,1340
5403609000,r,1340
5403777000,r,1340
5403778000,r,1340
5403778000,r,1340
5403778000,r,1340
5403778000,r,1340
5403778000,r,1340
5403779000,r,1340
5404220000,s,124
5404345000,s,124
5404451000,s,124
5404541000,s,124
5404631000,s,124
5404727000,s,124
5404819000,s,124
5404915000,s,124
5405141000,s,124
5405248000,s,124
5405343000,s,124
5405424000,s,124
5405564000,r,1340
5405564000,r,1340
5405565000,r,1340
5405565000,r,1340
5405565000,r,1340
5405565000,r,1340
5405565000,r,1340
5405566000,r,1340
5405660000,r,1340
5405661000,r,1340
5405661000,r,1340
5405661000,r,1340
5405661000,r,1340
5405661000,r,1340
5405662000,r,1340
5405662000,r,1340
5405720000,r,1340
5405720000,r,1340
5405720000,r,204
5405968000,s,124
5406045000,s,124
5406224000,s,124
5406401000,s,124
5406722000,s,124
5406843000,r,204
5406848000,s,124
5406960000,s,124
5407069000,s,124
5407253000,s,124
5407392000,s,124
5407510000,s,124
5407600000,s,124
5407686000,s,124
5407975000,s,124
5408028000,s,124
5408196000,s,124
5408589000,s,124
5408691000,s,124
5408824000,s,124
5408920000,s,124
5409086000,s,124
5415731000,s,124
5415895000,r,1340
5415895000,r,1340
5415896000,r,1340
5415896000,r,1340
5415896000,r,1340
5415896000,r,1340
5415896000,r,1340
5415897000,r,1340
5416078000,r,1340
5416078000,r,1340
5416078000,r,1340
5416078000,r,1340
5416078000,r,1340
5416079000,r,1340
5416079000,r,1340
5416079000,r,1340
5416141000,r,1340
5416141000,r,1340
5417444000,s,124
5418018000,s,124
5418095000,r,1340
5418095000,r,1340
5418095000,r,1340
5418095000,r,1340
5418096000,r,1340
5418096000,r,1340
5418096000,r,1340
5418096000,r,1340
5418226000,r,1340
5418227000,r,1340
5418240000,s,124
5418227000,r,1340
5418227000,r,1340
5418227000,r,1340
5418228000,r,1340
5418228000,r,1340
5418374000,s,124
5418503000,s,124
5418793000,s,124
5418885000,r,1340
5418939000,s,124
5418886000,r,1340
5418886000,r,1340
5418886000,r,1340
5418886000,r,1340
5418887000,r,1340
5418887000,r,1340
5418887000,r,1340
5419032000,r,1340
5419056000,s,124
5419173000,s,124
5419275000,s,124
5419372000,s,124
5419501000,s,124
5419532000,r,1340
5419532000,r,1340
5419532000,r,1340
5419532000,r,1340
5419691000,s,124
5419825000,s,124
5419993000,s,124
5420133000,s,124
5420226000,s,124
5420339000,s,124
5420455000,s,124
5420561000,s,124
5420685000,s,124
5420809000,s,124
5420938000,s,124
5421061000,s,124
5421191000,s,124
5421331000,s,124
5421545000,s,124
5421977000,s,124
5422150000,s,124
5422215000,s,124
5422382000,s,124
5422419000,s,124
5422468000,s,124
5422513000,s,124
5422552000,s,124
5422854000,s,124
5422880000,s,124
5423227000,s,124
5423250000,s,124
5423403000,s,124
5423543000,s,124
5423824000,s,124
5424315000,s,124
5424395000,s,124
5424653000,s,124
5424792000,s,124
5427912000,r,1340
5427912000,r,1340
5427912000,r,1340
5427913000,r,1340
5427913000,r,1340
5427913000,r,1340
5428646000,s,124
5428734000,s,124
5428755000,s,124
5428773000,s,124
5428934000,s,124
5428954000,s,124
5429665000,r,1340
5429666000,r,1340
5429666000,r,1340
5429666000,r,1340
5429666000,r,1340
5429667000,r,1340
5429667000,r,1340
5429667000,r,1340
5429836000,r,1340
5429836000,r,1340
5429836000,r,1340
5429837000,r,1340
5429837000,r,1340
5429837000,r,1340
5429837000,r,1340
5429838000,r,1340
5429905000,r,1340
5429905000,r,1340
5429906000,r,1340
5429906000,r,1340
5429906000,r,1340
5429906000,r,1340
5429907000,r,124
5429907000,r,1340
5429968000,r,1340
5429968000,r,1340
5429968000,r,1340
5429968000,r,1340
5429969000,r,1340
5429969000,r,1340
5429969000,r,1340
5429969000,r,1340
5430026000,r,1340
5430026000,r,1340
5430145000,r,1340
5430145000,r,1340
5430145000,r,1340
5430145000,r,1340
5430146000,r,1340
5430146000,r,1340
5430146000,r,1340
5430146000,r,1340
5430239000,r,1340
5430249000,s,124
5430378000,s,124
5430490000,s,124
5430526000,s,124
5430546000,s,124
5430564000,s,124
5431156000,s,124
5431224000,s,124
5431258000,s,124
5431437000,s,124
5431472000,s,124
5432003000,s,124
5432168000,s,124
5432321000,s,124
5432610000,s,124
5432738000,s,124
5432869000,s,124
5433004000,s,124
5433407000,r,1340
5433436000,s,124
5433407000,r,1340
5433408000,r,1340
5433408000,r,1340
5433408000,r,1340
5433408000,r,1340
5433408000,r,1340
5433409000,r,1340
5433532000,r,1340
5433533000,r,1340
5433533000,r,1340
5433533000,r,1340
5433533000,r,1340
5433534000,r,1340
5433534000,r,1340
5433534000,r,1340
5433634000,r,1340
5433634000,r,1340
5433634000,r,1340
5433635000,r,1340
5433635000,r,1340
5433635000,r,1340
5433635000,r,1340
5433780000,s,124
5433928000,s,124
5434435000,s,124
5434631000,s,124
5435008000,s,124
5435243000,s,124
5435416000,s,124
5435557000,s,124
5435786000,s,124
5435919000,r,1340
5436849000,r,1340
5436849000,r,1340
5436850000,r,1340
5436850000,r,1340
5436850000,r,1340
5436850000,r,1340
5436851000,r,1340
5436851000,r,1340
5437006000,r,1340
5437007000,r,1340
5437007000,r,1340
5437007000,r,1340
5437273000,s,124
5437432000,s,124
5437535000,s,1340
5437648000,s,732
5437741000,s,124
5437834000,s,124
5437933000,s,124
5438021000,s,124
5438134000,s,124
5438230000,s,124
5438328000,s,124
5438414000,s,124
5438580000,s,124
5438678000,s,124
5438765000,s,124
5438913000,s,124
5439014000,s,124
5439098000,s,124
5439175000,s,124
5439258000,s,124
5439341000,s,124
5439919000,r,1340
5439919000,r,1340
5439919000,r,1340
5439919000,r,1340
5439919000,r,1340
5439920000,r,1340
5439920000,r,1340
5439920000,r,1340
5440039000,r,1340
5440039000,r,1340
5440039000,r,1340
5440039000,r,1340
5440039000,r,1340
5440040000,r,1340
5440040000,r,1340
5440040000,r,1340
5440107000,r,1340
5440107000,r,1340
5440107000,r,1340
5440108000,r,1340
5440108000,r,1340
5440108000,r,1340
5440108000,r,1340
5440336000,s,124
5440484000,s,124
5440599000,s,124
5440725000,s,124
5440844000,s,124
5440936000,s,124
5441265000,s,124
5441407000,s,124
5441547000,s,124
5441646000,s,124
5441739000,s,124
5441874000,s,124
5442776000,s,124
5442767000,r,1340
5442767000,r,1340
5442768000,r,1340
5442768000,r,1340
5442768000,r,1340
5442768000,r,1340
5442853000,s,124
5442769000,r,1340
5442769000,r,1340
5442887000,r,1340
5442887000,r,1340
5442888000,r,1340
5442888000,r,1340
5442888000,r,1340
5442888000,r,1340
5442888000,r,1340
5442889000,r,1340
5442975000,r,1340
5442975000,r,1340
5442976000,r,1340
5442976000,r,1340
5442976000,r,1340
5442976000,r,1340
5442976000,r,1340
5442977000,r,1340
5443044000,r,1340
5443044000,r,1340
5443044000,r,1340
5443045000,r,1340
5443045000,r,1340
5443045000,r,1340
5443045000,r,1340
5443045000,r,1340
5443102000,r,1340
5443102000,r,1340
5443424000,s,124
5443455000,s,124
5443471000,s,124
5443725000,s,124
5443829000,s,124
5443942000,r,1340
5443942000,r,1340
5443942000,r,1340
5443942000,r,1340
5443942000,r,1340
5443943000,r,1340
5443943000,r,1340
5443943000,r,1340
5444039000,r,1340
5444039000,r,1340
5444040000,r,1340
5444040000,r,1340
5444040000,r,1340
5444040000,r,1340
5444040000,r,1340
5444040000,r,1340
5444091000,r,828
5444378000,s,124
5444461000,s,124
5445297000,s,124
5445344000,s,124
5445361000,s,124
5445400000,s,124
5445417000,s,124
5445430000,s,124
5445733000,s,124
5445948000,s,124
5445987000,s,124
5446096000,s,124
5446276000,s,124
5446307000,s,124
5446599000,s,124
5446796000,s,124
5447250000,s,124
5447306000,s,124
5447527000,s,124
5447733000,s,124
5447906000,s,124
5448020000,s,124
5448510000,s,124
5448616000,s,124
5448713000,s,124
5448803000,s,124
5448911000,s,124
5449797000,s,124
5449940000,s,124
5450033000,s,124
5450133000,s,124
5450229000,s,508
5450320000,s,124
5450442000,s,124
5450746000,s,124
5450946000,s,124
5451178000,s,124
5451453000,s,124
5451752000,s,124
5451959000,s,124
5452195000,s,124
5452844000,r,124
5452844000,r,124
5452844000,r,364
5453831000,s,124
5453897000,s,124
5453921000,s,124
5454168000,s,124
5454220000,s,124
5454491000,s,124
5454554000,s,124
5455663000,s,124
5456696000,s,124
5456940000,s,124
5457364000,s,124
5457414000,s,124
5457685000,s,124
5457918000,s,124
5459354000,s,124
5459484000,s,124
5459595000,s,124
5459689000,s,124
5459953000,s,124
5460051000,s,124
5460871000,s,188
5461267000,s,668
5464638000,r,364
5464639000,r,1340
5465367000,s,124
5467404000,r,1340
5467404000,r,1340
5467405000,r,1340
5467405000,r,1340
5467405000,r,1340
5467405000,r,1340
5467791000,r,1340
5467791000,r,1340
5467791000,r,1340
5467791000,r,1340
5467791000,r,1340
5467791000,r,1340
5467791000,r,508
5467792000,r,1340
5467901000,r,1340
5467902000,r,1340
5467902000,r,1340
5467902000,r,1340
5467902000,r,1340
5467902000,r,1340
5467902000,r,1340
5467902000,r,1340
5467936000,r,1340
5467936000,r,1340
5467936000,r,1340
5467937000,r,1340
5467937000,r,508
5467937000,r,1340
5467937000,r,1340
5467937000,r,1340
5467971000,r,1340
5467972000,r,1340
5467972000,r,1340
5467972000,r,1340
5467972000,r,1340
5467972000,r,1340
5467972000,r,1340
5467972000,r,1340
5468021000,r,1340
5468021000,r,1340
5468021000,r,508
5468021000,r,1340
5468022000,r,1340
5468022000,r,1340
5468022000,r,1340
5468022000,r,1340
5468441000,r,1340
5468441000,r,1340
5468441000,r,1340
5468442000,r,1340
5468442000,r,1340
5468442000,r,1340
5468442000,r,1340
5468442000,r,1340
5468498000,r,508
5469695000,r,1340
5469695000,r,1340
5469696000,r,1340
5469696000,r,1340
5469696000,r,1340
5469696000,r,620
5470306000,s,124
5470405000,s,124
5470477000,s,124
5470549000,r,124
5470549000,r,124
5470549000,r,204
5470813000,s,124
5470930000,s,124
5471028000,s,124
5471208000,s,124
5471282000,s,124
5471362000,s,124
5471434000,s,124
5471521000,s,124
5473641000,s,124
5473699000,s,124
5473713000,s,124
5473728000,s,124
5473736000,s,124
5473744000,s,124
5473751000,s,124
5473759000,s,124
5473767000,s,124
5473774000,s,124
5473782000,s,124
5473790000,s,124
5473797000,s,124
5473804000,s,124
5473811000,s,124
5473821000,s,124
5473828000,s,124
5473836000,s,124
5473891000,s,124
5482703000,r,1340
5482703000,r,1340
5482703000,r,1340
5482704000,r,1340
5482704000,r,1340
5482704000,r,1340
5482704000,r,1340
5482704000,r,1340
5482893000,r,1340
5483731000,s,124
5483894000,s,124
5483970000,s,124
5484016000,s,124
5484057000,s,124
5496585000,r,1340
5496585000,r,1340
5496585000,r,1340
5496585000,r,1340
5496585000,r,1340
5496585000,r,1340
5496585000,r,1340
5496586000,r,1340
5496738000,r,1340
5496738000,r,428
5497611000,s,124
5497764000,s,124
5497850000,s,124
5497921000,s,124
5498013000,s,124
5517004000,s,124
5612462000,s,1340
5612530000,s,284
5623913000,r,124
5623913000,r,124
5628884000,s,396
5631243000,s,364
5643896000,r,124
5671689000,r,380
5716417000,s,124
5783909000,r,1340
5783909000,r,1340
5783910000,r,876
5784968000,s,124
5785105000,s,124
5785150000,s,124
5788534000,r,176
7992408000,r,1340
7992409000,r,1340
7992409000,r,1340
7992410000,r,1340
7992410000,r,1340
7992411000,r,1340
7992411000,r,1244
7992412000,r,1340
7993090000,r,1340
7993090000,r,1340
7995999000,r,1340
7996510000,s,124
7996849000,s,124
7997012000,s,124
7997260000,s,124
7997434000,s,124
7997595000,s,124
7997759000,s,124
7997961000,s,124
7998168000,s,124
7998378000,s,124
7998592000,s,124
8012030000,r,1340
8012031000,r,1340
8012031000,r,1340
8012032000,r,1340
8012032000,r,1340
8012033000,r,1340
8012033000,r,1340
8012034000,r,1340
8012415000,r,1340
8012415000,r,1340
8012416000,r,1340
8012416000,r,1340
8012416000,r,1340
8012417000,r,1340
8012417000,r,1340
8012418000,r,1340
8012573000,r,1340
8012574000,r,1340
8012574000,r,1340
8012575000,r,1340
8012575000,r,1340
8013916000,s,124
8014434000,s,124
8014816000,s,124
8015069000,s,124
8015330000,s,124
8015548000,s,124
8015757000,s,124
8016071000,s,124
8016417000,s,124
8016877000,s,124
8017105000,s,124
8017513000,s,124
8017748000,s,124
8018106000,s,124
8018370000,s,124
8018752000,s,124
8019020000,s,124
8019244000,s,124
8019496000,s,124
8019738000,s,124
8020517000,s,124
8026476000,r,1340
8026476000,r,1340
8026476000,r,1340
8026477000,r,1340
8026477000,r,1340
8026477000,r,1340
8026477000,r,1340
8026477000,r,1340
8026623000,r,1340
8026624000,r,1340
8026624000,r,1340
8026624000,r,1340
8026624000,r,1340
8026624000,r,1340
8027959000,r,1340
8028038000,s,124
8027960000,r,1340
8027960000,r,1340
8027961000,r,1340
8027961000,r,1340
8027962000,r,1340
8027962000,r,1340
8027963000,r,1340
8029879000,r,1340
8029880000,r,1340
8029880000,r,1340
8029881000,r,1340
8029881000,r,1340
8029882000,r,1340
8029882000,r,1340
8029883000,r,1340
8030068000,r,1340
8030069000,r,956
8030189000,s,124
8032139000,s,124
8032589000,s,124
8032801000,s,124
8032998000,s,124
8033361000,s,124
8033582000,s,124
8033801000,s,124
8033974000,s,124
8034301000,s,124
8034531000,s,124
8034709000,s,124
8035016000,s,124
8035215000,s,124
8035551000,s,124
8035775000,s,124
8036102000,s,124
8036467000,s,124
8036709000,s,124
8036931000,s,124
8037121000,s,124
8037519000,s,124
8037776000,s,124
8037986000,s,124
8038196000,s,124
8038384000,s,124
8038569000,s,124
8038734000,s,124
8038912000,s,124
8039086000,s,124
8039208000,s,124
10754535000,r,140
10754535000,r,124
10754536000,r,124
10758465000,s,124
10758961000,s,124
11265016000,r,176
16146380000,s,156
16188426000,s,156
16188901000,s,156
16207954000,r,156
16589089000,r,176
16930421000,s,108
18071909000,r,156
18071909000,r,140
18071910000,r,124
18071910000,r,124
18076829000,s,124
18077272000,s,124
18077940000,s,124
18078888000,s,124
18091958000,r,124
22064148000,r,176
23265289000,s,156
23302474000,s,156
23302911000,s,156
23324008000,r,156
23552096000,s,1340
23554083000,s,1340
23557919000,s,172
23567979000,r,140
23569986000,r,1340
23579968000,r,1340
23579968000,r,396
23579968000,r,1036
23584247000,s,1340
23585412000,s,172
23585617000,s,124
23598562000,r,124
23603981000,r,220
23633710000,s,124
27392318000,r,176