0,s,156
42647000,s,156
43080000,s,156
60423000,r,156
1697006000,s,108
1736426000,s,108
1736886000,s,108
4700904000,s,140
4748365000,s,140
4748806000,s,140
4748928000,s,140
4748953000,s,140
4759642000,s,1340
4759804000,s,1340
4760457000,s,172
4767482000,r,252
4767482000,r,188
4767482000,r,252
4773022000,s,124
4775211000,r,1372
4775211000,r,1372
4777034000,s,204
4777784000,s,316
4778632000,s,396
4785674000,r,124
4786922000,s,124
4790783000,s,1340
4790900000,s,716
4791155000,r,124
4792875000,r,124
4805791000,r,124
4805791000,r,364
4808943000,s,124
4809065000,s,188
4809094000,s,204
4809241000,s,652
4809430000,r,380
4812963000,s,140
4820183000,r,204
4820183000,r,172
4822686000,s,124
4823531000,s,156
4841640000,r,1340
4841641000,r,1340
4841641000,r,1340
4842884000,r,1340
4842884000,r,1340
4842885000,r,1340
4842885000,r,1340
4842886000,r,1340
4842886000,r,1340
4843569000,s,124
4844226000,s,124
4844479000,s,124
4844685000,s,124
4885853000,s,492
4885946000,s,396
4888139000,s,364
4888326000,s,348
4889693000,s,140
4890046000,s,140
4890470000,s,140
4896222000,r,236
4896222000,r,156
4896222000,r,236
4896222000,r,124
4899352000,s,124
4905138000,r,1340
4905138000,r,1340
4905138000,r,1340
4905139000,r,1340
4905139000,r,1340
4905139000,r,1340
4905139000,r,1340
4905139000,r,780
4905253000,r,396
4905253000,r,1340
4905253000,r,1340
4905253000,r,1340
4905253000,r,1340
4905253000,r,1340
4905254000,r,1340
4905254000,r,1340
4905287000,r,1340
4905288000,r,1340
4905624000,s,124
4905675000,s,124
4905749000,s,124
4906440000,s,124
4906549000,s,124
4906883000,s,124
4906988000,s,124
4907479000,s,124
4907647000,s,124
4912585000,r,124
4913564000,s,124
4915235000,s,1340
4915474000,s,700
4919759000,r,1340
4919759000,r,1340
4919759000,r,1340
4919759000,r,1340
4919760000,r,1340
4919760000,r,1340
4919760000,r,1340
4919760000,r,1340
4919889000,r,1340
4919890000,r,1340
4919890000,r,1340
4919890000,r,1340
4919890000,r,1340
4919891000,r,1340
4919891000,r,1340
4919891000,r,1340
4919948000,r,1340
4919948000,r,1340
4919948000,r,1340
4919949000,r,1340
4919949000,r,1340
4919949000,r,1340
4919949000,r,1340
4919949000,r,1340
4920021000,r,1340
4920021000,r,1340
4920022000,r,1340
4920022000,r,1340
4920628000,r,1340
4920628000,r,1340
4920628000,r,1340
4920629000,r,1340
4920629000,r,1340
4920629000,r,1340
4920629000,r,1340
4920629000,r,1340
4920842000,s,124
4921526000,s,124
4922435000,s,124
4923001000,s,124
4923051000,s,124
4923830000,s,124
4924040000,s,124
4924340000,s,124
4924545000,s,124
4924754000,s,124
4925316000,s,124
4925540000,s,124
4925879000,s,124
4926368000,r,124
4926369000,r,124
4926519000,s,124
4926812000,s,124
4926909000,s,124
4927240000,s,124
4927684000,s,124
4927828000,r,364
4928755000,s,124
4930658000,s,188
4933625000,r,1340
4933625000,r,1340
4933626000,r,1340
4933626000,r,1340
4933626000,r,1340
4933626000,r,1340
4933626000,r,1340
4933626000,r,1340
4934211000,r,1340
4934211000,r,1340
4934211000,r,1340
4934211000,r,1340
4934211000,r,1340
4934211000,r,1340
4934212000,r,1340
4934212000,r,1340
4934294000,r,1340
4934295000,r,1340
4934295000,r,1340
4934295000,r,1340
4934366000,s,124
4934492000,s,124
4934646000,s,124
4934758000,s,124
4934855000,s,124
4934951000,s,124
4935053000,s,124
4935164000,s,124
4935277000,s,124
4935382000,s,124
4936180000,r,1340
4936180000,r,1340
4936180000,r,1340
4936180000,r,1340
4936180000,r,1340
4936180000,r,1340
4936181000,r,1340
4936181000,r,1340
4936297000,r,1340
4936297000,r,1340
4936297000,r,1340
4936297000,r,1340
4936298000,r,1340
4936298000,r,1340
4936298000,r,1340
4936298000,r,1340
4936352000,r,1340
4936352000,r,1340
4936352000,r,1340
4936352000,r,1340
4936352000,r,1340
4936352000,r,1340
4936353000,r,1340
4936353000,r,1340
4936384000,r,1340
4936829000,s,124
4937000000,s,668
4937023000,s,124
4937251000,s,124
4937490000,s,124
4937773000,s,124
4938061000,r,1340
4938061000,r,1340
4938061000,r,1340
4938061000,r,1340
4938061000,r,1340
4938061000,r,1340
4938062000,r,1340
4938062000,r,1340
4938131000,r,1340
4938131000,r,1340
4938131000,r,1340
4938132000,r,1340
4938132000,r,1340
4938132000,r,1340
4938227000,s,124
4938345000,s,124
4938450000,s,124
4938549000,s,124
4938662000,s,124
4938989000,s,124
4939113000,s,124
4939222000,s,124
4939393000,s,124
4939556000,s,124
4939826000,s,124
4939930000,s,124
4940111000,s,124
4940282000,s,124
4950218000,s,508
4952569000,r,1340
4952569000,r,1340
4952569000,r,1340
4952570000,r,1340
4952570000,r,1340
4952570000,r,1340
4952570000,r,1340
4952570000,r,1340
4952771000,r,1340
4952771000,r,1340
4952771000,r,1340
4952771000,r,1340
4952772000,r,1340
4952772000,r,124
4952772000,r,204
4952772000,r,1340
4952821000,r,1340
4952822000,r,1340
4952822000,r,1340
4952822000,r,1340
4952822000,r,1340
4952822000,r,1340
4952822000,r,1340
4952823000,r,1340
4952876000,r,1340
4952876000,r,1340
4952876000,r,1340
4952876000,r,1340
4952876000,r,1340
4952877000,r,1340
4952877000,r,1340
4952877000,r,1340
4952930000,r,1340
4952930000,r,1340
4952930000,r,1340
4952930000,r,1340
4952930000,r,1340
4952930000,r,1340
4952931000,r,1340
4952931000,r,1340
4952978000,r,1340
4952978000,r,1340
4952978000,r,1340
4952978000,r,1340
4952978000,r,1340
4952978000,r,1340
4952979000,r,1340
4952979000,r,1340
4953026000,r,1340
4953026000,r,1340
4953026000,r,1340
4953026000,r,1340
4953026000,r,1340
4953026000,r,1340
4953027000,r,1340
4953027000,r,1340
4953073000,r,1340
4953073000,r,1340
4953073000,r,1340
4953073000,r,124
4953073000,r,1340
4953074000,r,1340
4953074000,r,1340
4953074000,r,1340
4953150000,r,1340
4953150000,r,1340
4953150000,r,1340
4953150000,r,1340
4953150000,r,1340
4953150000,r,1340
4953150000,r,1340
4953151000,r,1340
4953226000,r,1340
4953226000,r,1340
4953226000,r,1340
4953226000,r,1340
4953226000,r,1340
4953227000,r,1340
4953227000,r,1340
4953227000,r,1340
4953264000,r,1340
4953264000,r,1340
4953264000,r,1340
4953264000,r,1340
4953264000,r,1340
4953264000,r,1340
4953265000,r,1340
4953265000,r,1340
4953300000,r,1340
4953300000,r,1340
4953305000,s,124
4953300000,r,1340
4953300000,r,1340
4953300000,r,1340
4953300000,r,1340
4953301000,r,1340
4953301000,r,1340
4953336000,r,1340
4953336000,r,1340
4953336000,r,1340
4953336000,r,1340
4953337000,r,1340
4953337000,r,1340
4953337000,r,1340
4953337000,r,1340
4953361000,s,124
4953560000,s,124
4954070000,s,124
4954444000,s,124
4954482000,s,124
4954498000,s,124
4954509000,s,124
4954517000,s,124
4954525000,s,124
4954538000,s,124
4954547000,s,124
4954555000,s,124
4954563000,s,124
4954571000,s,124
4954579000,s,124
4954587000,s,124
4954598000,s,124
4954606000,s,124
4954614000,s,124
4954646000,s,124
4954655000,s,124
4954675000,r,1340
4954675000,r,1340
4954675000,r,1340
4954675000,r,1340
4954675000,r,1340
4954675000,r,1340
4954675000,r,1340
4954676000,r,1340
4954778000,r,1340
4954778000,r,1340
4954778000,r,1340
4954778000,r,1340
4954779000,r,1340
4954779000,r,1340
4954779000,r,1340
4954779000,r,1340
4956194000,s,124
4956235000,s,124
4956252000,s,124
4956263000,s,124
4956274000,s,124
4956284000,s,124
4956297000,s,124
4956307000,s,124
4956314000,s,124
4956321000,s,124
4956330000,s,124
4956338000,s,124
4956345000,s,124
4956352000,s,124
4956359000,s,124
4956366000,s,124
4956373000,s,124
4956379000,s,124
4956386000,s,124
4956393000,s,124
4956399000,s,124
4956405000,s,124
4956412000,s,124
4956419000,s,124
4956425000,s,124
4956432000,s,124
4956439000,s,124
4956446000,s,124
4956452000,s,124
4956460000,s,124
4956466000,s,124
4956473000,s,124
4956480000,s,124
4956487000,s,124
4956493000,s,124
4956500000,s,124
4957981000,r,1340
4957981000,r,1340
4958748000,s,124
4960862000,r,1340
4960862000,r,1340
4960862000,r,1340
4960862000,r,1340
4960862000,r,1340
4960862000,r,1340
4961261000,s,124
4961302000,s,124
4961393000,s,124
4968029000,r,1340
4968029000,r,1340
4968029000,r,1340
4968029000,r,1340
4968029000,r,1340
4968029000,r,1340
4968030000,r,1340
4968030000,r,1340
4968201000,r,1340
4968201000,r,1340
4968201000,r,1340
4968201000,r,1340
4968201000,r,1340
4968202000,r,1340
4968202000,r,1340
4968202000,r,1340
4968241000,r,1340
4968242000,r,1340
4968242000,r,1340
4968242000,r,1340
4968242000,r,1340
4968242000,r,1340
4968242000,r,1340
4968242000,r,1340
4968278000,r,1340
4968946000,s,124
4968988000,r,1340
4969000000,s,124
4968988000,r,1340
4968988000,r,1340
4969017000,s,124
4969026000,s,124
4969216000,s,124
4969232000,s,124
4969240000,s,124
4969247000,s,124
4969255000,s,124
4969262000,s,124
4969270000,s,124
4969472000,s,124
4969619000,s,124
4969698000,s,124
4970382000,r,1340
4970382000,r,1340
4970382000,r,1340
4970382000,r,1340
4970383000,r,1340
4970383000,r,1340
4970383000,r,1340
4970383000,r,1340
4970466000,r,1340
4970466000,r,1340
4970466000,r,1340
4970466000,r,1340
4970466000,r,1340
4970466000,r,1340
4970466000,r,1340
4970467000,r,1340
4970500000,r,1340
4970500000,r,1340
4970500000,r,1340
4970500000,r,1340
4970500000,r,1340
4970500000,r,1340
4970501000,r,1340
4970501000,r,1340
4970532000,r,1340
4970532000,r,1340
4970532000,r,1340
4970532000,r,1340
4970532000,r,1340
4970532000,r,1340
4972409000,s,124
4972453000,s,124
4972470000,s,124
4972520000,s,124
4972536000,s,124
4972854000,r,1340
4972881000,s,124
4972854000,r,1340
4972911000,s,124
4972854000,r,1340
4972854000,r,1340
4972923000,s,124
4972854000,r,1340
4972854000,r,1340
4972932000,s,124
4972854000,r,1340
4972854000,r,1340
4972940000,s,124
4972950000,s,124
4972954000,r,1340
4972958000,s,124
4972954000,r,1340
4972954000,r,1340
4972966000,s,124
4972955000,r,1340
4972955000,r,1340
4972974000,s,124
4972955000,r,1340
4972955000,r,1340
4972955000,r,1340
4972983000,s,124
4972993000,r,1340
4972993000,r,1340
4972993000,r,1340
4972993000,r,1340
4972993000,r,1340
4972993000,r,1340
4972994000,r,1340
4972994000,r,1340
4973074000,s,124
4973370000,s,124
4973402000,s,124
4973455000,s,124
4973465000,s,124
4973474000,s,124
4973483000,s,124
4973491000,s,124
4973499000,s,124
4973507000,s,124
4973515000,s,124
4973522000,s,124
4974874000,r,1340
4974874000,r,1340
4974874000,r,1340
4974874000,r,1340
4974874000,r,828
4974874000,r,1340
4974875000,r,1340
4974875000,r,1340
4974994000,r,1340
4974994000,r,1340
4974994000,r,1340
4974994000,r,1340
4974994000,r,1340
4974995000,r,1340
4974995000,r,1340
4974995000,r,428
4975677000,s,124
4975809000,s,124
4975831000,s,124
4975841000,s,124
4975934000,s,124
4976041000,s,124
4976212000,s,124
4976476000,s,124
4976703000,s,124
5005430000,s,1340
5005682000,s,284
5042602000,s,284
5054674000,r,124
5054674000,r,124
5069606000,r,124
5069606000,r,380
5114660000,s,124
5152701000,s,396
5153440000,s,364
5164590000,r,124
5375389000,r,1340
5375389000,r,1340
5375389000,r,876
5375389000,r,876
5378073000,s,124
5378224000,s,124
6857837000,r,1340
6857837000,r,1340
6857838000,r,1340
6857838000,r,1340
6857839000,r,1340
6857839000,r,1340
6857840000,r,1244
6857840000,r,1340
6858728000,r,1340
6858729000,r,1340
6858729000,r,1340
6862413000,s,124
6862926000,s,124
6863240000,s,124
6863514000,s,124
6863701000,s,124
6863891000,s,124
6864068000,s,124
6864244000,s,124
6864613000,s,124
6865034000,s,124
6865435000,s,124
6877718000,r,1340
6877719000,r,1340
6877719000,r,1340
6879874000,s,124
6880592000,s,124
6880879000,s,124
6881800000,r,1340
6881800000,r,1340
6881801000,r,1340
6881801000,r,1340
6881802000,r,1340
6881802000,r,1340
6881803000,r,1340
6881803000,r,1340
6882204000,r,1340
6882204000,r,1340
6882205000,r,1340
6882205000,r,1340
6882206000,r,1340
6882206000,r,1340
6882207000,r,1340
6882207000,r,1340
6882349000,r,1340
6882349000,r,1340
6883832000,s,124
6884560000,s,124
6884758000,s,124
6884897000,s,124
6885083000,s,124
6887077000,s,124
6887397000,s,124
6887590000,s,124
6887848000,s,124
6888037000,s,124
6888215000,s,124
6888468000,s,124
6888737000,s,124
6888977000,s,124
6889237000,s,124
6889484000,s,124
6889845000,s,124
6890095000,s,124
6892936000,r,1340
6892936000,r,1340
6892937000,r,1340
6892937000,r,1340
6892938000,r,1340
6892938000,r,1340
6896309000,s,124
6896607000,s,124
6896856000,s,124
6897094000,s,124
6897303000,s,124
6897312000,r,1340
6897312000,r,1340
6897313000,r,1340
6897520000,s,124
6897313000,r,1340
6897314000,r,1340
6897314000,r,1340
6897315000,r,1340
6897315000,r,1340
6897710000,r,1340
6897711000,r,1340
6897711000,r,1340
6897712000,r,1340
6898601000,s,124
6899433000,s,124
6899880000,s,124
6900573000,s,124
6900870000,s,124
6901388000,s,124
6901673000,r,1340
6901785000,s,124
6901674000,r,1340
6901674000,r,1340
6901675000,r,1340
6901675000,r,1340
6901676000,r,1340
6901676000,r,1340
6901680000,r,1340
6902140000,r,1340
6902140000,r,1340
6902141000,r,1340
6902141000,r,1340
6902142000,r,1340
6902142000,r,956
6902791000,s,124
6903178000,s,124
6903473000,s,124
6903786000,s,124
6904075000,s,124
6904334000,s,124
6906939000,s,124
6907434000,s,124
6907972000,s,124
6908271000,s,124
6908823000,s,124
6909165000,s,124
6909452000,s,124
6910292000,s,124
6910688000,s,124
6910967000,s,124
6911229000,s,124
6911477000,s,124
6911726000,s,124
10138161000,r,140
10138161000,r,124
10138162000,r,124
10141772000,s,124
10142710000,s,124
16109925000,s,156
16147777000,s,156
16148208000,s,156
16169742000,r,156
16790020000,r,156
16790021000,r,140
16790021000,r,140
16793414000,s,124
16794088000,s,124
16796716000,s,124
16809710000,r,124
22221380000,s,156
22258898000,s,156
22259325000,s,156
22277773000,r,156