0,s,156
37427000,s,156
37860000,s,156
56686000,r,156
1420744000,s,124
1458424000,s,124
1458954000,s,124
1459005000,s,124
1482206000,r,124
1483955000,s,124
1488703000,s,156
1488784000,s,156
1492867000,s,1340
1493019000,s,684
1561560000,r,124
1562546000,r,364
1563664000,s,124
1564934000,s,188
1565351000,s,204
1565473000,s,652
1575570000,r,204
1575570000,r,172
1576657000,s,124
1576871000,s,156
1583186000,r,172
1600659000,r,1340
1600659000,r,1340
1600659000,r,1340
1601551000,s,124
1602938000,r,1340
1602938000,r,1340
1602938000,r,1340
1602939000,r,1340
1602939000,r,1340
1602939000,r,1340
1603548000,s,124
1603689000,s,124
1603996000,s,124
1627606000,s,492
1627834000,s,396
1627972000,s,364
1630223000,s,348
1632194000,s,124
1632564000,s,124
1632925000,s,124
1638716000,r,140
1642473000,r,124
1647208000,r,396
1647208000,r,1340
1647208000,r,1340
1648029000,r,1340
1648029000,r,1340
1648030000,r,1340
1648030000,r,1340
1648030000,r,1340
1648030000,r,1340
1648030000,r,1340
1648031000,r,1340
1648099000,r,1340
1648196000,s,124
1648723000,s,124
1648843000,s,124
1648935000,s,124
1649004000,s,124
1649087000,s,124
1649807000,r,1340
1649807000,r,1340
1649807000,r,1340
1649807000,r,1340
1649808000,r,1340
1649808000,r,1340
1650481000,s,124
1650533000,s,124
1650558000,s,124
1659498000,r,1340
1659498000,r,1340
1659498000,r,1340
1659902000,s,124
1662053000,r,1340
1662053000,r,1340
1662053000,r,1340
1662053000,r,1340
1662053000,r,1340
1662053000,r,1340
1662054000,r,1340
1662054000,r,1340
1662159000,r,1340
1662159000,r,1340
1662159000,r,1340
1662160000,r,1340
1662566000,s,124
1662682000,s,124
1662742000,s,124
1663107000,s,124
1663146000,s,124
1663256000,s,124
1664713000,r,1340
1664713000,r,1340
1664713000,r,1340
1664714000,r,1340
1664714000,r,1340
1664714000,r,1340
1664714000,r,1340
1664714000,r,204
1664800000,r,1340
1664800000,r,1340
1664800000,r,1340
1664800000,r,1340
1664800000,r,1340
1664801000,r,1340
1664801000,r,1340
1664801000,r,1340
1664842000,r,1340
1664843000,r,1340
1664843000,r,1340
1664843000,r,1340
1664843000,r,1340
1664843000,r,1340
1664843000,r,188
1664843000,r,204
1665606000,s,124
1665823000,s,124
1667076000,s,124
1667381000,s,124
1667635000,s,124
1667821000,s,124
1668012000,s,124
1668227000,s,124
1668580000,s,124
1669615000,s,124
1669960000,s,124
1671935000,s,124
1672260000,r,1340
1672260000,r,1340
1672608000,r,1340
1672608000,r,1340
1672789000,s,124
1673282000,s,124
1674542000,r,1340
1674542000,r,1340
1675354000,s,124
1675698000,r,1340
1675698000,r,1340
1675698000,r,1340
1675698000,r,1340
1675699000,r,1340
1675699000,r,1340
1676104000,s,1340
1676394000,s,124
1676610000,s,1340
1676721000,s,124
1676985000,s,124
1678735000,r,1340
1678735000,r,1340
1678735000,r,1340
1678735000,r,1340
1678736000,r,1340
1678736000,r,1340
1678736000,r,1340
1678737000,r,1340
1678927000,r,1340
1678927000,r,1340
1678928000,r,1340
1678928000,r,1340
1678928000,r,1340
1678929000,r,1340
1678929000,r,1340
1678929000,r,1340
1679161000,r,1340
1679162000,r,1340
1679162000,r,1340
1679162000,r,1340
1679163000,r,1340
1679163000,r,1340
1679163000,r,1340
1679163000,r,1340
1679296000,r,1340
1679296000,r,1340
1679296000,r,1340
1679297000,r,1340
1679297000,r,1340
1679297000,r,1340
1679633000,r,1340
1679633000,r,1340
1679633000,r,1340
1679633000,r,1340
1679633000,r,1340
1679633000,r,1340
1679926000,r,1340
1679926000,r,1340
1679926000,r,1340
1679926000,r,1340
1679926000,r,1340
1679926000,r,1340
1679994000,r,1340
1679994000,r,1340
1679994000,r,1340
1680357000,s,172
1681052000,s,124
1681254000,s,124
1681667000,s,124
1681803000,s,124
1682081000,s,124
1682242000,r,1340
1682243000,r,1340
1682243000,r,1340
1682243000,r,1340
1682243000,r,1340
1682243000,r,1340
1682243000,r,1340
1682243000,r,1340
1682307000,r,1340
1682307000,r,1340
1682444000,s,124
1682476000,s,124
1682626000,s,124
1682811000,s,124
1683125000,s,124
1683199000,s,124
1683348000,r,1340
1683348000,r,1340
1683422000,s,124
1683348000,r,1340
1683348000,r,1340
1683349000,r,1340
1683349000,r,124
1683616000,s,124
1683952000,s,124
1684239000,s,124
1684346000,s,124
1684480000,s,124
1685012000,s,124
1685038000,s,124
1685058000,s,124
1685202000,s,124
1685303000,s,124
1685707000,s,124
1685847000,s,124
1686115000,s,124
1686230000,s,124
1686407000,s,124
1686656000,s,124
1686886000,r,1340
1686894000,s,124
1686887000,r,1340
1686887000,r,1340
1686887000,r,1340
1686887000,r,1340
1686887000,r,1340
1686887000,r,1340
1687217000,s,124
1687494000,s,124
1687570000,s,124
1687772000,s,124
1688125000,s,124
1688370000,r,1340
1688370000,r,1340
1688370000,r,1340
1688370000,r,1340
1688371000,r,1340
1688371000,r,1340
1688371000,r,1340
1688371000,r,1340
1688451000,r,1340
1688451000,r,1340
1688757000,s,1340
1688815000,s,796
1689237000,s,124
1689642000,s,124
1689850000,s,124
1690013000,s,124
1690154000,s,124
1691925000,r,1340
1691926000,r,1340
1691926000,r,1340
1692533000,s,124
1692656000,s,124
1693736000,r,1340
1693736000,r,1340
1693737000,r,1340
1693737000,r,1340
1693737000,r,1340
1693737000,r,1340
1693737000,r,1340
1693738000,r,1340
1693886000,r,1340
1693887000,r,1340
1693887000,r,1340
1693887000,r,1340
1693887000,r,1340
1693888000,r,1340
1693888000,r,1340
1693888000,r,1340
1693961000,r,1340
1693961000,r,1340
1693961000,r,1340
1693961000,r,1340
1693962000,r,1340
1693962000,r,1340
1693962000,r,1340
1693962000,r,1340
1694306000,s,124
1694496000,s,124
1694672000,s,124
1695065000,s,124
1695231000,s,124
1696474000,s,124
1696510000,s,124
1696527000,s,124
1696541000,s,124
1696553000,s,124
1696565000,s,124
1696688000,s,124
1696767000,r,1340
1696768000,r,1340
1696768000,r,1340
1696768000,r,1340
1696768000,r,1340
1696768000,r,1340
1696768000,r,1340
1696768000,r,1340
1696863000,r,1340
1696863000,r,1340
1696864000,r,1340
1696864000,r,1340
1696864000,r,1340
1696864000,r,1340
1696864000,r,1340
1696864000,r,1340
1696899000,r,1340
1696899000,r,1340
1696899000,r,1340
1696899000,r,1340
1696899000,r,1340
1696900000,r,1340
1696900000,r,1340
1696900000,r,1340
1696932000,r,1340
1696932000,r,1340
1696932000,r,1340
1696932000,r,1340
1696932000,r,1340
1696932000,r,1340
1696932000,r,1340
1696932000,r,1340
1696961000,r,1340
1696961000,r,1340
1697214000,s,124
1697293000,s,124
1697350000,s,124
1697714000,s,124
1697862000,s,124
1697955000,s,124
1698010000,s,124
1698060000,s,124
1698110000,s,124
1698189000,s,124
1698256000,s,124
1698337000,s,124
1698387000,s,124
1698480000,s,124
1698556000,s,124
1698692000,r,1340
1698693000,r,1340
1698693000,r,1340
1698693000,r,1340
1698693000,r,1340
1698693000,r,1340
1698693000,r,1340
1698693000,r,1340
1698783000,s,124
1698798000,r,1340
1698798000,r,1340
1698798000,r,1340
1698798000,r,1340
1698798000,r,1340
1698798000,r,1340
1698799000,r,1340
1698799000,r,1340
1698841000,r,1340
1698842000,r,1340
1698842000,r,1340
1698842000,r,1340
1698842000,r,1340
1698842000,r,1340
1698842000,r,1340
1698842000,r,1340
1698872000,r,1340
1698872000,r,1340
1699041000,s,124
1699194000,s,124
1699229000,s,124
1699239000,s,124
1699267000,r,1340
1699267000,r,1340
1699267000,r,1340
1699602000,s,124
1699641000,s,124
1699802000,r,1340
1699802000,r,1340
1699802000,r,1340
1699802000,r,1340
1699803000,r,1340
1699803000,r,1340
1700202000,s,124
1700239000,s,124
1700251000,s,124
1700346000,s,124
1700402000,s,124
1700428000,s,124
1700568000,s,124
1700740000,s,124
1700826000,r,1340
1700826000,r,1340
1700826000,r,1340
1700826000,r,1340
1700827000,r,1340
1700827000,r,1340
1700827000,r,1340
1700827000,r,1340
1700916000,r,1340
1700916000,r,1340
1700917000,r,1340
1700917000,r,1340
1702786000,s,124
1702855000,s,124
1702872000,s,124
1702888000,s,124
1702900000,s,124
1702912000,s,124
1702925000,s,124
1702936000,s,124
1702951000,s,124
1703373000,r,1340
1703435000,s,124
1703373000,r,1340
1703374000,r,1340
1703374000,r,1340
1703374000,r,1340
1703374000,r,1340
1703374000,r,364
1703374000,r,124
1703478000,r,124
1703478000,r,364
1704071000,s,124
1704150000,s,124
1704183000,s,124
1704208000,s,124
1704224000,s,124
1705435000,s,188
1711630000,s,668
1715170000,r,124
1715171000,r,204
1722306000,r,124
1725276000,r,1340
1725635000,s,124
1726784000,r,1340
1726784000,r,1340
1726784000,r,1340
1726784000,r,1340
1726784000,r,1340
1726784000,r,1340
1726784000,r,1340
1727103000,s,1340
1727733000,s,124
1727875000,s,124
1728013000,s,124
1737385000,r,1340
1737385000,r,1340
1737385000,r,1340
1737385000,r,1340
1737386000,r,1372
1738174000,s,124
1738522000,s,124
1739423000,r,1340
1739423000,r,1340
1739423000,r,1340
1739423000,r,1340
1739423000,r,1340
1739423000,r,1340
1739423000,r,428
1739423000,r,1372
1740558000,s,124
1740745000,s,124
1740845000,s,124
1740931000,s,124
1741999000,r,1372
1744035000,s,1340
1744176000,s,188
1745157000,s,316
1745603000,s,396
1748830000,s,508
1767461000,r,124
1767461000,r,124
1767462000,r,364
1767462000,r,1340
1767462000,r,1340
1767462000,r,1340
1770474000,s,124
1770548000,s,124
1770564000,s,140
1781574000,r,1340
1781574000,r,1340
1781574000,r,1340
1781574000,r,1340
1781575000,r,1340
1781575000,r,1340
1781575000,r,1340
1781575000,r,1340
1781714000,r,1340
1781714000,r,1340
1781714000,r,508
1781715000,r,1340
1781715000,r,1340
1781715000,r,1340
1781715000,r,1340
1781715000,r,1340
1781756000,r,1340
1781756000,r,1340
1781757000,r,1340
1781757000,r,1340
1781757000,r,1340
1781757000,r,1340
1781757000,r,1340
1781757000,r,1340
1781796000,r,668
1781796000,r,1340
1781796000,r,1340
1781796000,r,1340
1781796000,r,1340
1781796000,r,1340
1781797000,r,1340
1781797000,r,1340
1781840000,r,1340
1781840000,r,1340
1781840000,r,1340
1781840000,r,1340
1781840000,r,1340
1781841000,r,1340
1781841000,r,508
1781841000,r,1340
1781880000,r,1340
1781880000,r,1340
1781880000,r,1340
1781880000,r,1340
1781880000,r,1340
1781881000,r,1340
1781881000,r,1340
1781881000,r,1340
1781917000,r,1340
1781918000,r,1340
1781918000,r,1340
1781918000,r,1340
1781918000,r,668
1781918000,r,1340
1781918000,r,1340
1781918000,r,1340
1781977000,r,1340
1781977000,r,1340
1781977000,r,364
1781977000,r,380
1782412000,s,124
1782545000,s,124
1782570000,s,124
1782582000,s,124
1782958000,s,124
1783141000,s,124
1783986000,s,124
1784144000,s,124
1784308000,s,124
1784837000,s,124
1784926000,s,124
1785311000,s,124
1785443000,s,124
1785761000,s,124
1786324000,s,124
1786670000,s,124
1786712000,s,124
1787432000,s,124
1787475000,s,124
1787488000,s,124
1787497000,s,124
1787510000,s,124
1787761000,s,124
1787868000,s,124
1788063000,s,124
1788165000,s,124
1788307000,s,124
1788489000,s,124
1788757000,s,124
1789757000,s,140
1832135000,s,124
1889308000,s,1340
1889413000,s,284
1902881000,r,124
1907009000,s,396
1907790000,s,364
1919178000,r,124
1963256000,r,380
2011822000,s,124
2067937000,r,1340
2067937000,r,1340
2067937000,r,876
2069461000,s,124
2069825000,s,124
2070008000,s,124
4283869000,r,1340
4283869000,r,1340
4283870000,r,1340
4283870000,r,1340
4283871000,r,1340
4283871000,r,1340
4283872000,r,1244
4283872000,r,1340
4284456000,r,1340
4284456000,r,1340
4284457000,r,1340
4287510000,s,124
4290420000,s,124
4290900000,s,124
4291188000,s,124
4291493000,s,124
4291724000,s,124
4291934000,s,124
4292118000,s,124
4292298000,s,124
4292464000,s,124
4292774000,s,124
4301645000,r,1340
4302488000,r,1340
4302489000,r,1340
4302489000,r,1340
4303687000,s,124
4305013000,r,1340
4305013000,r,1340
4305013000,r,1340
4305013000,r,1340
4305013000,r,1340
4305014000,r,1340
4305393000,s,124
4306325000,s,124
4306336000,r,1340
4306336000,r,1340
4306336000,r,1340
4306336000,r,1340
4306337000,r,1340
4306337000,r,1340
4306337000,r,1340
4306337000,r,1340
4306445000,r,1340
4306445000,r,1340
4306446000,r,1340
4306592000,s,124
4306789000,s,124
4306973000,s,124
4307662000,s,124
4309042000,s,124
4309472000,s,124
4310255000,s,124
4310565000,s,124
4310862000,s,124
4311160000,s,124
4311605000,s,124
4311905000,s,124
4312128000,s,124
4312713000,s,124
4313402000,s,124
4313914000,s,124
4314453000,s,124
4314655000,r,1340
4314669000,s,124
4314656000,r,1340
4314656000,r,1340
4314656000,r,1340
4316136000,s,124
4316628000,s,124
4316771000,s,124
4317129000,s,124
4318475000,r,1340
4318475000,r,1340
4318476000,r,1340
4318476000,r,1340
4318477000,r,1340
4318477000,r,1340
4318477000,r,1340
4318478000,r,1340
4318680000,r,1340
4318681000,r,1340
4318723000,r,1340
4318724000,r,1340
4319025000,r,1340
4319025000,r,1340
4319294000,s,124
4319722000,s,124
4319863000,s,124
4320065000,s,124
4320277000,r,1340
4320277000,r,1340
4321154000,s,124
4321296000,s,124
4321425000,s,124
4321548000,s,124
4321677000,s,124
4321796000,s,124
4321909000,s,124
4321997000,r,1340
4321997000,r,1340
4321997000,r,1340
4321997000,r,1340
4321997000,r,1340
4321998000,r,1340
4321998000,r,1340
4322025000,s,124
4321998000,r,1340
4322040000,r,1340
4322040000,r,1340
4322040000,r,1340
4322041000,r,956
4322138000,s,124
4322257000,s,124
4322385000,s,124
4322504000,s,124
4322817000,s,124
4323019000,s,124
4323250000,s,124
4323369000,s,124
4323640000,s,124
4323758000,s,124
4323943000,s,124
4324124000,s,124
4324303000,s,124
4324523000,s,124
4324642000,s,124
4324756000,s,124
7003919000,r,140
7003919000,r,124
7007946000,s,124
7019538000,r,124
7021330000,s,124
13112799000,s,156
13122585000,r,156
14319895000,r,156
14319895000,r,140
14319896000,r,124
14319896000,r,124
14324030000,s,124
14324465000,s,124
14325994000,s,124
14329817000,s,124
14343563000,r,124
17536286000,s,140
17572802000,s,140
17573229000,s,140
17573382000,s,140
17592321000,r,252
17592321000,r,204
17619291000,s,1340
17619640000,s,1340
17635537000,r,140
17635538000,r,1340
17635538000,r,1340
17635538000,r,1340
17643297000,s,140
17644367000,r,1340
17644367000,r,1340
17644368000,r,1340
17651203000,s,1340
17652093000,s,140
17655737000,s,140
17659524000,r,140
17661150000,s,140
17667315000,s,1340
17667513000,r,268
17667641000,s,732
17670706000,s,140
17675535000,s,140
17683480000,r,140
17683480000,r,140
17694063000,r,140
17694064000,r,1340
17694064000,r,1340
17694065000,r,1340
17694065000,r,1340
17694066000,r,1052
17696637000,s,140
17696890000,s,140
17697174000,s,140
17697635000,s,140
17697946000,s,140
17772627000,s,172
17776967000,s,172
17783511000,s,220
17785594000,s,124
17790066000,s,508
17793605000,s,1340
17793935000,s,1340
17794346000,s,1340
17795000000,s,1340
17795278000,s,1340
17795692000,s,1340
17795976000,r,1052
17795997000,s,1340
17795977000,r,220
17796294000,s,1340
17796566000,s,1340
17796855000,s,1340
17797120000,s,1340
17797435000,s,1340
17797982000,s,1340
17798277000,s,1340
17799503000,r,1100
17799577000,s,1340
17799927000,s,1340
17800214000,s,1340
17800721000,s,1340
17801442000,s,1340
17801758000,s,1340
17802073000,s,1340
17802356000,s,1340
17802629000,s,140
17802929000,s,1340
17803216000,s,1340
17803631000,s,1340
17803921000,s,1340
17804127000,s,1340
17804310000,s,1340
17804498000,s,1340
17804696000,s,1340
17804908000,s,620
17805417000,s,124
17806285000,s,124
17807517000,r,124
17809023000,r,124
17809023000,r,124
17809024000,r,124
17809705000,s,124
17811058000,r,124
17811058000,r,124
17811059000,r,124
17814281000,r,124
17814282000,r,124
17814282000,r,124
17816894000,r,124
17816894000,r,124
17816895000,r,124
17817689000,r,124
17817690000,r,124
17818736000,r,124
17847649000,r,124
17955601000,r,732
17991725000,s,124
18034803000,r,124
18270693000,s,1340
18271533000,s,1340
18271788000,s,1340
18273057000,s,172
18295953000,r,140
18295953000,r,140
18295954000,r,1340
18295954000,r,1340
18303492000,r,1340
18303493000,r,380
18303493000,r,1052
18310734000,s,1340
18313758000,s,140
18314033000,s,172
18317119000,s,524
18318769000,s,1340
18319052000,s,1340
18319544000,r,124
18319592000,s,764
18331501000,r,220
18334394000,r,124
18334395000,r,124
18334395000,r,124
18334396000,r,124
18336804000,s,124
18355539000,r,348
18355539000,r,284
18360040000,s,124
18403495000,r,124
18481687000,s,172
18482192000,s,1340
18482352000,s,652
18503657000,r,124
18519871000,r,428
18523497000,s,124
18567838000,r,124
18617114000,s,1340
18617474000,s,1340
18618088000,s,172
18639530000,r,140
18639531000,r,1340
18647573000,r,1340
18647573000,r,396
18647574000,r,1036
18647574000,r,124
18656770000,s,1340
18658870000,s,140
18659150000,s,172
18662245000,s,524
18663351000,s,124
18663493000,r,124
18663994000,s,1340
18666908000,s,140
18675555000,r,220
18678816000,r,124
18678817000,r,124
18681046000,s,124
18683484000,r,124
18699523000,r,348
18699524000,r,316
18704431000,s,124
18747498000,r,124
19137524000,s,1340
19138003000,s,1340
19138568000,s,172
19159599000,r,140
19159599000,r,1340
19171884000,r,1340
19171885000,r,396
19171885000,r,1052
19171886000,r,124
19178729000,s,1340
19181682000,s,140
19182037000,s,172
19183503000,r,124
19185543000,s,524
19186605000,s,124
19187590000,s,1340
19187999000,s,1340
19188231000,s,1340
19188628000,s,1340
19189514000,s,1340
19189793000,s,1340
19190080000,s,1340
19190549000,s,1340
19190841000,s,1340
19191333000,s,1340
19191800000,s,1340
19192060000,s,300
19199583000,r,220
19203092000,r,124
19203093000,r,124
19203093000,r,124
19203094000,r,124
19204641000,r,124
19204641000,r,124
19205660000,r,124
19205660000,r,124
19205820000,s,124
19387527000,r,348
19387528000,r,300
19387528000,r,348
19392958000,s,124
19393282000,s,124
19433223000,r,124
19758178000,s,1340
19758880000,s,1340
19759318000,s,172
19783682000,r,140
19783682000,r,1340
19791582000,r,1340
19791582000,r,396
19791583000,r,1036
19791583000,r,124
19797930000,s,1340
19800170000,s,140
19800461000,s,172
19802991000,s,524
19804572000,s,124
19805361000,s,1340
19805642000,s,1340
19805906000,s,1340
19806395000,s,1340
19807714000,s,1340
19807986000,s,1340
19808234000,s,1340
19808490000,s,972
19811865000,r,124
19815508000,r,220
19819051000,r,124
19819052000,r,124
19819462000,r,124
19820204000,r,124
19821654000,s,124
19822533000,r,124
19822533000,r,124
20003630000,r,348
20003631000,r,236
20003631000,r,348
20009116000,s,124
20009450000,s,124
20050422000,r,124
20075320000,s,172
20076130000,s,780
20095898000,r,124
20103518000,r,236
20103518000,r,156
20106903000,s,124
20133158000,s,124
20147471000,r,124
20303790000,s,348
20304270000,s,1340
20304714000,s,1340
20305004000,s,1340
20305217000,s,1340
20305798000,s,204
20325665000,r,124
20325665000,r,124
20325666000,r,124
20354878000,s,124
20399504000,r,268
20399505000,r,268
20405051000,s,124
20447517000,r,124