0,s,1340
36378000,s,1340
36843000,s,1340
36943000,s,1340
36966000,s,1340
56269000,r,1440
56269000,r,1440
56270000,r,1440
56704000,r,1440
58119000,s,1340
58443000,r,1440
59043000,s,1340
59801000,r,1440
59863000,s,1340
59801000,r,1440
61053000,s,1340
68040000,s,1340
71463000,r,1440
71983000,s,1340
73568000,r,1440
73678000,s,1340
73774000,s,1340
75246000,s,1340
75337000,s,1340
75657000,s,1340
81301000,r,1440
81301000,r,1440
84205000,r,1440
84205000,r,1440
85104000,s,1340
85116000,r,1440
85720000,s,1340
85800000,s,1340
86977000,s,1340
87925000,s,1340
88178000,s,1340
90197000,r,1440
90197000,r,1440
92556000,s,1340
92576000,r,1440
93325000,s,1340
93554000,s,1340
94690000,s,1340
108059000,r,1440
108060000,r,1440
109658000,r,1440
109658000,r,1440
110641000,s,1340
111092000,s,1340
111338000,s,1340
111471000,s,1340
111588000,s,1340
111707000,s,1340
111977000,s,1340
112634000,s,1340
112881000,s,1340
113095000,s,1340
113298000,s,1340
113665000,s,1340
113887000,s,1340
114094000,s,1340
114381000,s,1340
114610000,s,1340
114815000,s,1340
115034000,s,1340
115282000,s,1340
115503000,s,1340
115730000,s,1340
115927000,s,1340
116128000,s,1340
116332000,s,1340
116543000,s,1340
116774000,s,1340
116982000,s,1340
117187000,s,1340
117393000,s,1340
117614000,s,1340
117841000,s,1340
118063000,s,1340
118342000,s,1340
118543000,s,1340
118752000,s,1340
118976000,s,1340
119194000,s,1340
119398000,s,1340
119584000,s,1340
119779000,s,1340
121100000,r,1440
121714000,r,1440
123975000,r,1440
123976000,r,1440
123976000,r,1440
123976000,r,1440
124894000,s,1340
125292000,s,1340
125487000,r,1440
127468000,s,1340
130235000,s,1340
154327000,s,1340
162259000,r,1440
174434000,s,1340
174569000,s,1340
174609000,s,1340
174830000,s,1340
175146000,s,1340
175356000,s,1340
176208000,s,1340
176520000,s,1340
176909000,s,1340
177389000,s,1340
177632000,s,1340
177854000,s,1340
178059000,s,1340
178382000,s,1340
178604000,s,1340
179010000,s,1340
179272000,s,1340
179481000,s,1340
179680000,s,1340
179899000,s,1340
180403000,s,1340
180631000,s,1340
180853000,s,1340
181131000,s,1340
181353000,s,1340
181551000,s,1340
181750000,s,1340
181974000,s,1340
182335000,s,1340
182564000,s,1340
182780000,s,1340
183011000,s,1340
183224000,s,1340
183424000,s,1340
183617000,s,1340
183793000,s,1340
184075000,s,1340
184268000,r,1440
184428000,s,1340
184671000,s,1340
184915000,s,1340
185171000,s,1340
185545000,s,1340
185764000,s,1340
186062000,s,1340
186542000,s,1340
186759000,s,1340
186911000,s,1340
187061000,s,1340
187213000,s,1340
187354000,s,1340
187754000,s,1340
188156000,s,1340
188694000,s,1340
188863000,s,1340
189519000,s,1340
189739000,s,1340
189939000,s,1340
190126000,s,1340
190441000,s,1340
190625000,s,1340
190821000,s,1340
191014000,s,1340
191528000,s,1340
191747000,s,1340
191924000,s,1340
192270000,s,1340
192628000,s,1340
192988000,s,1340
193288000,s,1340
193785000,s,1340
194019000,s,1340
194309000,s,1340
194529000,s,1340
194790000,s,1340
195048000,s,1340
195236000,s,1340
195788000,s,1340
196046000,s,1340
196257000,s,1340
196478000,s,1340
196701000,s,1340
196932000,s,1340
197153000,s,1340
197452000,s,1340
197672000,s,1340
197906000,s,1340
198205000,s,1340
198449000,s,1340
198665000,s,1340
198897000,s,1340
199123000,s,1340
199344000,s,1340
199549000,s,1340
199758000,s,1340
199937000,s,1340
200165000,s,1340
200349000,s,1340
200555000,s,1340
200823000,s,1340
201209000,s,1340
201471000,s,1340
201703000,s,1340
201917000,s,1340
202410000,s,1340
202702000,s,1340
202920000,s,1340
203118000,s,1340
203339000,s,1340
203553000,s,1340
203761000,s,1340
203967000,s,1340
204179000,s,1340
204382000,s,1340
204582000,s,1340
204791000,s,1340
205051000,s,1340
205514000,s,1340
205792000,s,1340
216680000,s,1340
898324000,r,1440
898324000,r,1440
898325000,r,1440
898325000,r,1440
898326000,r,1440
898326000,r,1440
898327000,r,1440
898327000,r,1440
898963000,r,1440
898963000,r,1440
898964000,r,1440
898964000,r,1440
902098000,s,1340
903374000,s,1340
903676000,s,1340
903932000,s,1340
904240000,s,1340
904654000,s,1340
905384000,s,1340
906574000,s,1340
907666000,s,1340
907945000,s,1340
908210000,s,1340
908456000,s,1340
908702000,s,1340
908943000,s,1340
909215000,s,1340
909488000,s,1340
909745000,s,1340
909994000,s,1340
910342000,s,1340
910600000,s,1340
910849000,s,1340
911100000,s,1340
911369000,s,1340
911608000,s,1340
911861000,s,1340
912110000,s,1340
912354000,s,1340
912625000,s,1340
912879000,s,1340
913126000,s,1340
913367000,s,1340
913632000,s,1340
913904000,s,1340
914257000,s,1340
914540000,s,1340
914807000,s,1340
915072000,s,1340
915345000,s,1340
915632000,s,1340
915958000,s,1340
916531000,s,1340
916816000,s,1340
917071000,s,1340
917322000,s,1340
917569000,s,1340
917821000,s,1340
918047000,s,1340
918416000,s,1340
918669000,s,1340
918931000,s,1340
919174000,s,1340
919405000,s,1340
919645000,s,1340
919909000,s,1340
920168000,s,1340
920420000,s,1340
920677000,s,1340
920923000,s,1340
920962000,r,1440
920963000,r,1440
920963000,r,1440
921262000,s,1340
921540000,s,1340
921807000,s,1340
922085000,s,1340
922195000,r,1440
922399000,s,1340
922682000,s,1340
922958000,s,1340
923248000,s,1340
923506000,s,1340
923769000,s,1340
924040000,s,1340
924309000,s,1340
924558000,s,1340
924827000,s,1340
925093000,s,1340
925382000,s,1340
925667000,s,1340
925941000,s,1340
926345000,s,1340
926631000,s,1340
926911000,s,1340
927192000,s,1340
927491000,s,1340
927741000,s,1340
928031000,s,1340
928309000,s,1340
928598000,s,1340
928867000,s,1340
929137000,s,1340
929411000,s,1340
929715000,s,1340
929991000,s,1340
930378000,s,1340
930658000,s,1340
930938000,s,1340
931232000,s,1340
931511000,s,1340
931795000,s,1340
932053000,s,1340
932318000,s,1340
932581000,s,1340
932871000,s,1340
933132000,s,1340
933402000,s,1340
933657000,s,1340
933959000,s,1340
934395000,s,1340
934682000,s,1340
934970000,s,1340
935233000,s,1340
935488000,s,1340
935782000,s,1340
936009000,r,1440
936070000,s,1340
936009000,r,1440
936343000,s,1340
936610000,s,1340
936930000,s,1340
937265000,s,1340
937569000,s,1340
937868000,s,1340
938307000,s,1340
938618000,s,1340
938906000,s,1340
939207000,s,1340
939458000,s,1340
939720000,s,1340
939969000,s,1340
940261000,s,1340
940539000,s,1340
940777000,s,1340
940999000,s,1340
941241000,s,1340
941487000,s,1340
941738000,s,1340
942006000,s,1340
942400000,s,1340
942642000,s,1340
942865000,s,1340
943090000,s,1340
943313000,s,1340
943561000,s,1340
943788000,s,1340
944030000,s,1340
944278000,s,1340
944546000,s,1340
944884000,s,1340
945075000,s,1340
945253000,s,1340
945449000,s,1340
945639000,s,1340
945821000,s,1340
945989000,s,1340
946367000,s,1340
946572000,s,1340
946778000,s,1340
946970000,s,1340
947153000,s,1340
947429000,s,1340
947702000,s,1340
948045000,s,1340
948319000,s,1340
948587000,s,1340
948889000,s,1340
949151000,s,1340
949421000,s,1340
949682000,s,1340
949965000,s,1340
951898000,s,1340
952270000,s,1340
952542000,s,1340
952821000,s,1340
953020000,s,1340
953215000,s,1340
953424000,s,1340
953618000,s,1340
953852000,s,1340
953999000,s,1340
954221000,s,1340
954379000,s,1340
954585000,s,1340
954773000,s,1340
954953000,s,1340
955268000,s,1340
955504000,s,1340
955699000,s,1340
955886000,s,1340
956072000,s,1340
956346000,s,1340
956624000,s,1340
956877000,s,1340
957665000,s,1340
957873000,s,1340
958238000,s,1340
958725000,s,1340
959179000,s,1340
959419000,s,1340
959626000,s,1340
959819000,s,1340
959997000,s,1340
960179000,s,1340
960410000,s,1340
960612000,s,1340
960797000,s,1340
960990000,s,1340
961189000,s,1340
961386000,s,1340
961600000,s,1340
961788000,s,1340
961963000,s,1340
962200000,s,1340
962413000,s,1340
962630000,s,1340
962826000,s,1340
963014000,s,1340
963178000,s,1340
963457000,s,1340
963674000,s,1340
963855000,s,1340
964023000,s,1340
964189000,s,1340
964357000,s,1340
964524000,s,1340
964711000,s,1340
964894000,s,1340
965085000,s,1340
965294000,s,1340
965491000,s,1340
965698000,s,1340
965906000,s,1340
966192000,s,1340
966397000,s,1340
966595000,s,1340
966791000,s,1340
966939000,s,1340
967059000,s,1340
967164000,s,1340
967339000,s,1340
967518000,s,1340
967699000,s,1340
968213000,s,1340
968450000,s,1340
968656000,s,1340
968841000,s,1340
969059000,s,1340
969239000,s,1340
969434000,s,1340
969632000,s,1340
969883000,s,1340
970403000,s,1340
971741000,s,1340
972255000,s,1340
972499000,s,1340
972956000,s,1340
973175000,s,1340
973591000,s,1340
973835000,s,1340
974453000,s,1340
974703000,s,1340
975220000,s,1340
975498000,s,1340
975716000,s,1340
976234000,s,1340
976497000,s,1340
976723000,s,1340
977241000,s,1340
977483000,s,1340
977701000,s,1340
978311000,s,1340
978542000,s,1340
978755000,s,1340
979254000,s,1340
979477000,s,1340
979669000,s,1340
980191000,s,1340
980425000,s,1340
980653000,s,1340
981327000,s,1340
981567000,s,1340
981763000,s,1340
981973000,s,1340
982360000,s,1340
982572000,s,1340
982764000,s,1340
982975000,s,1340
983172000,s,1340
983365000,s,1340
993560000,s,1340
1005006000,s,1340
1005210000,s,1340
1016291000,r,1440
1016291000,r,1440
1020381000,r,1440
1021017000,s,1340
1021167000,s,1340
1021263000,s,1340
1021460000,s,1340
1021598000,s,1340
1021689000,s,1340
1021743000,s,1340
1022361000,s,1340
1022462000,s,1340
1022545000,s,1340
1022746000,s,1340
1022818000,s,1340
1022952000,s,1340
1023147000,s,1340
1023388000,s,1340
1023486000,s,1340
1023585000,s,1340
1023790000,s,1340
1023990000,s,1340
1024183000,s,1340
1024244000,s,1340
1024397000,s,1340
1024560000,s,1340
1024680000,s,1340
1024801000,s,1340
1024941000,s,1340
1025066000,s,1340
1025203000,s,1340
1025483000,s,1340
1025654000,s,1340
1025818000,s,1340
1026010000,s,1340
1026101000,s,1340
1026319000,s,1340
1026499000,s,1340
1026596000,s,1340
1026678000,s,1340
1026716000,s,1340
1026905000,s,1340
1027000000,s,1340
1027160000,s,1340
1027372000,s,1340
1027457000,s,1340
1027536000,s,1340
1027674000,s,1340
1027892000,s,1340
1027974000,s,1340
1028049000,s,1340
1028128000,s,1340
1028342000,s,1340
1028435000,s,1340
1028516000,s,1340
1028593000,s,1340
1028713000,s,1340
1028819000,s,1340
1028886000,s,1340
1029036000,s,1340
1029082000,s,1340
1029192000,s,1340
1029319000,s,1340
1029379000,s,1340
1029483000,s,1340
1029734000,s,1340
1029939000,s,1340
1030014000,s,1340
1030098000,s,1340
1030213000,s,1340
1030352000,s,1340
1030452000,s,1340
1030557000,s,1340
1031088000,s,1340
1031131000,s,1340
1032218000,r,1440
1032218000,r,1440
1032323000,s,1340
1032479000,s,1340
1032547000,s,1340
1032565000,r,1440
1032565000,r,1440
1032565000,r,1440
1032647000,s,1340
1032679000,s,1340
1032734000,s,1340
1032839000,s,1340
1032905000,s,1340
1032963000,s,1340
1033015000,s,1340
1033089000,s,1340
1033265000,s,1340
1033400000,s,1340
1033471000,s,1340
1033635000,s,1340
1033729000,s,1340
1033756000,r,1440
1033756000,r,1440
1033756000,r,1440
1033756000,r,1440
1033756000,r,1440
1033856000,s,1340
1033911000,s,1340
1033954000,s,1340
1033991000,s,1340
1034015000,s,1340
1034166000,s,1340
1034200000,s,1340
1034214000,s,1340
1034227000,s,1340
1035435000,s,1340
1035474000,s,1340
1035475000,r,1440
1035475000,r,1440
1035475000,r,1440
1035475000,r,1440
1035475000,r,1440
1035475000,r,1440
1035476000,r,1440
1035476000,r,1440
1035564000,s,1340
1035577000,r,1440
1035577000,r,1440
1035578000,r,1440
1035578000,r,1440
1035578000,r,1440
1035633000,s,1340
1036000000,s,1340
1036126000,s,1340
1036200000,s,1340
1036247000,s,1340
1036262000,s,1340
1036279000,s,1340
1036289000,s,1340
1036303000,s,1340
1036452000,s,1340
1036534000,s,1340
1036584000,s,1340
1036611000,s,1340
1036665000,s,1340
1036755000,s,1340
1036877000,s,1340
1036929000,s,1340
1037080000,s,1340
1037101000,s,1340
1037218000,s,1340
1037302000,s,1340
1037427000,s,1340
1037502000,s,1340
1037655000,s,1340
1037813000,s,1340
1037950000,s,1340
1038025000,s,1340
1038080000,s,1340
1038162000,s,1340
1038225000,s,1340
1038381000,s,1340
1038523000,s,1340
1038661000,s,1340
1038834000,s,1340
1038884000,s,1340
1038930000,s,1340
1039137000,s,1340
1039210000,s,1340
1039397000,s,1340
1039553000,s,1340
1039642000,s,1340
1039771000,s,1340
1039892000,s,1340
1040010000,s,1340
1040122000,s,1340
1040240000,s,1340
1040364000,s,1340
1040513000,s,1340
1040599000,s,1340
1041686000,s,1340
1041784000,s,1340
1041868000,s,1340
1042124000,s,1340
1042277000,s,1340
1042367000,s,1340
1042431000,s,1340
1042863000,s,1340
1042886000,r,1440
1043075000,s,1340
1043167000,s,1340
1043324000,s,1340
1043420000,s,1340
1043589000,s,1340
1043757000,s,1340
1043939000,s,1340
1044120000,s,1340
1044298000,s,1340
1044475000,s,1340
1044621000,s,1340
1044642000,r,1440
1044713000,s,1340
1044850000,s,1340
1044943000,s,1340
1045058000,s,1340
1045253000,s,1340
1045376000,s,1340
1045461000,s,1340
1045634000,s,1340
1046154000,r,1440
1046628000,s,1340
1047569000,r,1440
1047590000,s,1340
1047569000,r,1440
1047569000,r,1440
1048018000,s,1340
1058108000,r,1440
1058287000,s,1340
1058803000,s,1340
1060272000,s,1340
1060383000,s,1340
1071461000,r,1440
1071461000,r,1440
1073141000,r,1440
1073141000,r,1440
1073141000,r,1440
1073896000,s,1340
1074065000,s,1340
1074231000,s,1340
1074322000,s,1340
1074400000,s,1340
1074479000,s,1340
1074699000,s,1340
1074805000,s,1340
1074984000,s,1340
1075106000,s,1340
1075330000,s,1340
1075617000,s,1340
1075681000,s,1340
1075765000,s,1340
1075821000,s,1340
1076112000,s,1340
1077533000,s,1340
1077670000,s,1340
1077879000,s,1340
1078018000,s,1340
1078320000,s,1340
1078444000,s,1340
1078699000,s,1340
1078857000,s,1340
1078984000,s,1340
1079291000,s,1340
1079434000,s,1340
1079761000,s,1340
1079892000,s,1340
1080011000,s,1340
1080122000,s,1340
1080247000,s,1340
1080496000,s,1340
1080707000,s,1340
1080844000,s,1340
1080978000,s,1340
1081229000,s,1340
1081367000,s,1340
1081502000,s,1340
1081774000,s,1340
1082003000,s,1340
1082197000,s,1340
1082346000,s,1340
1082599000,s,1340
1082721000,s,1340
1082818000,s,1340
1082853000,s,1340
1083099000,s,1340
1083357000,s,1340
1083481000,s,1340
1083590000,s,1340
1083701000,s,1340
1083868000,s,1340
1083904000,s,1340
1083935000,s,1340
1084275000,s,1340
1084446000,s,1340
1084595000,s,1340
1084755000,s,1340
1084863000,s,1340
1085041000,s,1340
1085092000,s,1340
1085208000,s,1340
1085315000,s,1340
1085331000,r,1440
1085331000,r,1440
1085510000,s,1340
1090192000,r,1440
1090192000,r,1440
1090192000,r,1440
1090192000,r,1440
1090192000,r,1440
1090192000,r,1440
1090682000,s,1340
1090780000,r,1440
1090780000,r,1440
1090889000,s,1340
1091024000,s,1340
1091134000,s,1340
1091240000,s,1340
1091344000,s,1340
1091579000,s,1340
1091796000,s,1340
1092047000,r,1440
1092054000,s,1340
1092047000,r,1440
1092047000,r,1440
1092047000,r,1440
1092047000,r,1440
1092047000,r,1440
1092047000,r,1440
1092048000,r,1440
1092120000,r,1440
1092120000,r,1440
1092287000,s,1340
1092486000,s,1340
1092693000,s,1340
1092819000,s,1340
1093038000,s,1340
1093165000,s,1340
1093363000,s,1340
1093716000,s,1340
1093934000,s,1340
1094064000,s,1340
1094243000,s,1340
1094356000,s,1340
1094732000,s,1340
1094930000,s,1340
1095165000,s,1340
1095363000,s,1340
1095585000,s,1340
1095671000,r,1440
1095694000,s,1340
1095809000,s,1340
1095928000,s,1340
1096048000,s,1340
1096431000,s,1340
1096529000,r,1440
1096565000,s,1340
1096731000,s,1340
1096897000,s,1340
1097893000,r,1440
1098318000,s,1340
1102154000,r,1440
1102155000,r,1440
1102778000,s,1340
1103211000,s,1340
1103447000,s,1340
1103556000,s,1340
1103645000,s,1340
1103831000,s,1340
1103938000,s,1340
1104134000,s,1340
1104317000,s,1340
1104591000,s,1340
1104801000,s,1340
1105030000,s,1340
1105052000,r,1440
1105052000,r,1440
1105052000,r,1440
1105052000,r,1440
1105052000,r,1440
1105052000,r,1440
1105052000,r,1440
1105053000,r,1440
1105130000,r,1440
1105130000,r,1440
1105156000,s,1340
1105397000,s,1340
1105601000,s,1340
1105675000,s,1340
1105689000,s,1340
1105883000,s,1340
1105984000,s,1340
1106085000,s,1340
1106249000,s,1340
1106339000,s,1340
1106411000,s,1340
1106486000,s,1340
1106585000,s,1340
1106679000,s,1340
1106776000,s,1340
1106922000,r,1440
1107257000,s,1340
1111563000,r,1440
1112777000,s,1340
1117813000,s,1340
1120264000,s,1340
1120311000,s,1340
1121159000,s,1340
1121567000,r,1440
1121567000,r,1440
1121568000,r,1440
1121568000,r,1440
1122396000,s,1340
1137926000,r,1440
1137926000,r,1440
1137926000,r,1440
1137927000,r,1440
1137927000,r,1440
1137927000,r,1440
1137927000,r,1440
1138603000,s,1340
1138661000,s,1340
1140764000,r,1440
1140764000,r,1440
1140764000,r,1440
1140764000,r,1440
1140764000,r,1440
1140765000,r,1440
1140765000,r,1440
1140765000,r,1440
1140827000,r,1440
1140827000,r,1440
1140827000,r,1440
1140827000,r,1440
1140827000,r,1440
1140827000,r,1440
1140827000,r,1440
1140827000,r,1440
1140861000,r,1440
1140861000,r,1440
1140862000,r,1440
1140862000,r,1440
1140862000,r,1440
1140862000,r,1440
1141062000,s,1340
1141249000,s,1340
1141441000,s,1340
1141519000,s,1340
1141642000,s,1340
1141714000,s,1340
1141805000,s,1340
1141831000,s,1340
1141966000,s,1340
1142037000,s,1340
1142246000,s,1340
1142295000,r,1440
1142295000,r,1440
1142295000,r,1440
1142295000,r,1440
1142296000,r,1440
1142296000,r,1440
1142296000,r,1440
1142296000,r,1440
1142409000,r,1440
1142409000,r,1440
1142409000,r,1440
1142409000,r,1440
1142410000,r,1440
1142410000,r,1440
1142410000,r,1440
1142410000,r,1440
1142463000,r,1440
1142463000,r,1440
1142558000,s,1340
1142651000,s,1340
1142683000,s,1340
1142808000,s,1340
1142934000,s,1340
1143033000,s,1340
1143119000,s,1340
1143207000,s,1340
1143284000,s,1340
1143370000,s,1340
1143463000,s,1340
1143459000,r,1440
1143459000,r,1440
1143459000,r,1440
1143459000,r,1440
1143550000,s,1340
1143634000,s,1340
1143720000,s,1340
1143789000,s,1340
1143866000,s,1340
1143964000,s,1340
1144058000,s,1340
1144147000,s,1340
1144244000,s,1340
1144429000,s,1340
1144539000,s,1340
1144650000,s,1340
1144760000,s,1340
1144868000,s,1340
1144975000,s,1340
1145078000,s,1340
1145184000,s,1340
1145294000,s,1340
1145393000,s,1340
1145491000,s,1340
1145590000,s,1340
1145683000,s,1340
1145782000,s,1340
1145875000,s,1340
1145964000,s,1340
1146065000,s,1340
1150172000,r,1440
1151667000,r,1440
1151667000,r,1440
1152265000,s,1340
1152319000,s,1340
1152501000,s,1340
1152497000,r,1440
1152497000,r,1440
1152497000,r,1440
1152672000,s,1340
1152821000,s,1340
1152936000,s,1340
1153471000,s,1340
1153638000,s,1340
1153712000,s,1340
1153799000,s,1340
1153858000,s,1340
1153942000,s,1340
1154033000,s,1340
1154269000,r,1440
1154269000,r,1440
1154269000,r,1440
1154269000,r,1440
1154269000,r,1440
1154270000,r,1440
1154270000,r,1440
1154270000,r,1440
1154432000,r,1440
1154432000,r,1440
1154432000,r,1440
1154432000,r,1440
1154432000,r,1440
1154433000,r,1440
1154433000,r,1440
1154433000,r,1440
1154508000,r,1440
1154508000,r,1440
1154509000,r,1440
1154528000,s,1340
1154509000,r,1440
1154509000,r,1440
1154509000,r,1440
1154509000,r,1440
1154510000,r,1440
1154575000,r,1440
1154988000,s,1340
1155086000,s,1340
1155200000,s,1340
1155318000,s,1340
1155435000,s,1340
1155543000,s,1340
1155657000,s,1340
1155765000,s,1340
1155813000,r,1440
1155880000,s,1340
1155813000,r,1440
1155813000,r,1440
1155814000,r,1440
1155814000,r,1440
1155814000,r,1440
1155998000,s,1340
1156107000,s,1340
1156202000,s,1340
1156302000,s,1340
1156408000,s,1340
1156500000,s,1340
1156727000,s,1340
1156838000,s,1340
1156943000,s,1340
1157052000,s,1340
1157151000,s,1340
1157254000,s,1340
1157335000,s,1340
1157354000,r,1440
1157354000,r,1440
1157355000,r,1440
1157410000,s,1340
1157355000,r,1440
1157355000,r,1440
1157355000,r,1440
1157355000,r,1440
1157355000,r,1440
1157446000,r,1440
1157446000,r,1440
1157446000,r,1440
1157446000,r,1440
1157446000,r,1440
1157447000,r,1440
1157447000,r,1440
1157496000,s,1340
1157577000,s,1340
1157655000,s,1340
1157719000,r,1440
1157719000,r,1440
1157719000,r,1440
1157745000,s,1340
1157834000,s,1340
1157985000,s,1340
1158066000,r,1440
1158086000,s,1340
1158067000,r,1440
1158067000,r,1440
1158232000,s,1340
1158308000,s,1340
1158389000,s,1340
1158491000,s,1340
1158598000,s,1340
1158673000,r,1440
1158683000,s,1340
1158673000,r,1440
1158673000,r,1440
1158674000,r,1440
1158674000,r,1440
1158674000,r,1440
1158674000,r,1440
1158674000,r,1440
1158741000,r,1440
1158752000,r,1440
1158752000,r,1440
1158752000,r,1440
1158771000,s,1340
1158860000,s,1340
1158934000,s,1340
1159028000,s,1340
1159125000,s,1340
1159224000,s,1340
1159313000,s,1340
1159400000,s,1340
1159500000,s,1340
1159599000,s,1340
1159696000,s,1340
1159797000,s,1340
1159888000,s,1340
1159987000,s,1340
1160040000,r,1440
1160040000,r,1440
1160040000,r,1440
1160040000,r,1440
1160040000,r,1440
1160040000,r,1440
1160040000,r,1440
1160084000,s,1340
1160171000,s,1340
1160267000,s,1340
1160368000,s,1340
1160467000,s,1340
1160546000,s,1340
1160643000,s,1340
1160736000,s,1340
1160831000,s,1340
1160922000,s,1340
1160992000,s,1340
1161063000,s,1340
1161133000,s,1340
1161207000,s,1340
1161272000,s,1340
1161333000,s,1340
1161395000,s,1340
1161468000,s,1340
1161537000,s,1340
1161607000,s,1340
1161677000,s,1340
1161748000,s,1340
1161826000,s,1340
1161879000,s,1340
1161945000,s,1340
1162020000,s,1340
1162094000,s,1340
1162342000,s,1340
1162443000,s,1340
1162598000,s,1340
1162709000,s,1340
1163180000,s,1340
1163392000,s,1340
1163476000,s,1340
1163522000,s,1340
1164067000,s,1340
1164107000,s,1340
1164226000,s,1340
1164278000,s,1340
1165475000,s,1340
1166805000,s,1340
1166929000,s,1340
1167401000,s,1340
1167669000,s,1340
1167793000,s,1340
1168009000,s,1340
1168099000,s,1340
1168164000,s,1340
1168226000,s,1340
1168689000,s,1340
1168846000,s,1340
1169482000,s,1340
1169544000,r,1440
1169544000,r,1440
1169634000,s,1340
1169544000,r,1440
1169544000,r,1440
1169545000,r,1440
1169545000,r,1440
1169545000,r,1440
1169545000,r,1440
1169726000,r,1440
1169727000,r,1440
1169727000,r,1440
1169727000,r,1440
1169727000,r,1440
1169727000,r,1440
1169728000,r,1440
1169767000,s,1340
1169728000,r,1440
1169790000,r,1440
1169790000,r,1440
1169790000,r,1440
1169790000,r,1440
1169790000,r,1440
1169941000,s,1340
1170105000,s,1340
1170244000,s,1340
1170339000,s,1340
1170441000,s,1340
1170535000,s,1340
1170649000,s,1340
1170758000,s,1340
1170861000,s,1340
1170954000,r,1440
1170958000,s,1340
1170954000,r,1440
1171046000,s,1340
1171137000,s,1340
1171238000,s,1340
1171347000,s,1340
1171450000,s,1340
1171538000,s,1340
1171648000,s,1340
1171751000,s,1340
1171847000,s,1340
1171939000,s,1340
1172030000,s,1340
1172248000,s,1340
1172360000,s,1340
1172532000,s,1340
1172630000,s,1340
1172694000,s,1340
1172846000,s,1340
1172984000,s,1340
1173026000,s,1340
1173058000,s,1340
1173466000,s,1340
1173745000,s,1340
1173884000,s,1340
1173955000,s,1340
1174022000,s,1340
1174086000,s,1340
1174156000,s,1340
1174202000,s,1340
1174898000,r,1440
1175004000,s,1340
1175097000,s,1340
1175155000,s,1340
1175213000,s,1340
1176570000,r,1440
1179015000,r,1440
1179401000,s,1340
1182754000,s,1340
1182882000,s,1340
1185117000,s,1340
1198168000,r,1440
1198168000,r,1440
1205979000,s,1340
1209607000,s,1340
1254042000,r,1440
1258189000,r,1440
1265473000,s,1340
1298886000,s,1340
1565303000,r,1440
2130637000,r,1440
2130638000,r,1440
2130638000,r,1440
2130639000,r,1440
2130639000,r,1440
2130640000,r,1440
2130640000,r,1440
2130641000,r,1440
2131468000,r,1440
2131469000,r,1440
2131469000,r,1440
2134900000,s,1340
2135260000,s,1340
2135394000,s,1340
2135524000,s,1340
2135724000,s,1340
2135852000,s,1340
2135978000,s,1340
2136091000,s,1340
2136212000,s,1340
2136328000,s,1340
2136443000,s,1340
2136551000,s,1340
2136664000,s,1340
2137021000,s,1340
2137181000,s,1340
2137311000,s,1340
2137447000,s,1340
2137571000,s,1340
2137689000,s,1340
2137805000,s,1340
2138252000,s,1340
2138664000,s,1340
2138805000,s,1340
2138929000,s,1340
2139042000,s,1340
2139151000,s,1340
2139270000,s,1340
2139630000,s,1340
2140005000,s,1340
2140228000,s,1340
2141552000,s,1340
2142089000,s,1340
2142453000,s,1340
2142981000,s,1340
2143180000,s,1340
2143331000,s,1340
2143478000,s,1340
2143681000,s,1340
2143822000,s,1340
2143963000,s,1340
2144096000,s,1340
2144241000,s,1340
2144377000,s,1340
2144569000,s,1340
2144768000,s,1340
2144984000,s,1340
2145178000,s,1340
2145371000,s,1340
2145554000,s,1340
2145750000,s,1340
2145936000,s,1340
2146243000,s,1340
2146450000,s,1340
2146652000,s,1340
2146805000,s,1340
2146998000,s,1340
2147156000,s,1340
2147362000,s,1340
2147563000,s,1340
2147794000,s,1340
2148017000,s,1340
2148217000,s,1340
2148253000,r,1440
2148421000,s,1340
2148254000,r,1440
2148632000,s,1340
2148836000,s,1340
2149110000,s,1340
2149426000,s,1340
2149719000,s,1340
2150215000,r,1440
2151989000,r,1440
2152081000,s,1340
2152468000,s,1340
2154218000,r,1440
2154499000,s,1340
2156680000,s,1340
2157582000,r,1440
2159296000,s,1340
2161259000,s,1340
2162363000,s,1340
2162984000,s,1340
2164369000,s,1340
2164979000,s,1340
2165322000,s,1340
2166316000,s,1340
2166627000,s,1340
2167520000,s,1340
2167890000,s,1340
2168087000,s,1340
2168287000,s,1340
2168506000,s,1340
2168959000,s,1340
2169253000,s,1340
2169573000,s,1340
2170965000,s,1340
2171299000,s,1340
2171735000,s,1340
2172357000,s,1340
2173089000,s,1340
2173593000,s,1340
2173806000,s,1340
2176392000,s,1340
2176645000,s,1340
2180486000,s,1340
2180729000,s,1340
2180918000,s,1340
2181059000,s,1340
2181195000,s,1340
2181403000,s,1340
2181593000,s,1340
2184205000,s,1340
2185219000,s,1340
2185515000,s,1340
2187282000,s,1340
2191265000,s,1340
2191974000,s,1340
2192518000,s,1340
2192830000,s,1340
2193243000,s,1340
2193648000,s,1340
2194088000,s,1340
2194476000,s,1340
2195051000,s,1340
2195359000,s,1340
2195612000,s,1340
2195848000,s,1340
2196162000,s,1340
2196633000,s,1340
2196858000,s,1340
2197056000,s,1340
2197235000,s,1340
2197400000,s,1340
2197557000,s,1340
2197726000,s,1340
2197890000,s,1340
2198047000,s,1340
2198317000,s,1340
2198512000,s,1340
2198694000,s,1340
2198868000,s,1340
2199062000,s,1340
2199397000,s,1340
2199594000,s,1340
2199772000,s,1340
2199938000,s,1340
2200112000,s,1340
2200297000,s,1340
2200490000,s,1340
2200657000,s,1340
2200823000,s,1340
2200992000,s,1340
2201155000,s,1340
2201331000,s,1340
2201515000,s,1340
2201687000,s,1340
2201851000,s,1340
2202018000,s,1340
2202292000,s,1340
2202537000,s,1340
2202757000,s,1340
2202916000,s,1340
2203078000,s,1340
2203245000,s,1340
2203411000,s,1340
2203591000,s,1340
2203758000,s,1340
2203924000,s,1340
2204093000,s,1340
2204266000,s,1340
2204454000,s,1340
2204647000,s,1340
2204836000,s,1340
2205031000,s,1340
2205199000,s,1340
2205372000,s,1340
2205532000,s,1340
2205758000,s,1340
6326676000,r,1440
6326677000,r,1440
6326677000,r,1440
6326678000,r,1440
6326678000,r,1440
6330372000,s,1340
6330803000,s,1340
6330997000,s,1340
6331164000,s,1340
6339762000,s,1340
6342269000,r,1440
9006810000,s,1340
9047002000,s,1340
9047428000,s,1340
12158288000,r,1440
12158289000,r,1440
12158289000,r,1440
12158290000,r,1440
12158290000,r,1440
12158291000,r,1440
12161353000,s,1340
12161682000,s,1340
12161848000,s,1340
12162017000,s,1340
12163346000,s,1340
12175083000,r,1440
12176618000,r,1440
12214646000,s,1340
12215055000,s,1340
12215342000,s,1340
12215555000,s,1340
12215754000,s,1340
12215960000,s,1340
12216162000,s,1340
12217110000,s,1340
12217379000,s,1340
12217598000,s,1340
12217805000,s,1340
12218007000,s,1340
12218445000,s,1340
12218652000,s,1340
12218827000,s,1340
12219026000,s,1340
12219212000,s,1340
12219406000,s,1340
12219594000,s,1340
12219797000,s,1340
12219999000,s,1340
12220186000,s,1340
12220361000,s,1340
12220547000,s,1340
12220734000,s,1340
12220918000,s,1340
12221117000,s,1340
12221285000,s,1340
12221476000,s,1340
12221657000,s,1340
12221845000,s,1340
12222024000,s,1340
12222264000,s,1340
12222462000,s,1340
12222648000,s,1340
12222841000,s,1340
12223021000,s,1340
12223184000,s,1340
12223339000,s,1340
12223525000,s,1340
12223704000,s,1340
12223864000,s,1340
12224026000,s,1340
12224286000,s,1340
12224464000,s,1340
12224640000,s,1340
12224831000,s,1340
12225016000,s,1340
12225196000,s,1340
12225658000,s,1340
12225746000,s,1340
12225972000,r,1440
12226090000,s,1340
12226304000,s,1340
12226439000,s,1340
12226562000,s,1340
12226691000,s,1340
12226924000,s,1340
12226964000,s,1340
12227190000,s,1340
12227454000,s,1340
12227737000,s,1340
12227879000,s,1340
12228088000,s,1340
12228377000,s,1340
12228491000,s,1340
12228736000,s,1340
12228820000,s,1340
12229207000,s,1340
12229324000,s,1340
12229436000,s,1340
12229669000,s,1340
12229852000,s,1340
12229964000,s,1340
12230410000,s,1340
12230519000,s,1340
12230632000,s,1340
12230874000,s,1340
12231027000,s,1340
12231125000,s,1340
12231313000,s,1340
12231457000,s,1340
12231556000,s,1340
12231821000,s,1340
12231924000,s,1340
12232013000,s,1340
12232225000,s,1340
12232473000,s,1340
12232632000,s,1340
12232922000,s,1340
12233024000,s,1340
12233298000,s,1340
12233398000,s,1340
12233490000,s,1340
12233581000,s,1340
12233667000,s,1340
12233989000,s,1340
12234093000,s,1340
12234424000,s,1340
12234531000,s,1340
12234719000,s,1340
12234819000,s,1340
12235003000,s,1340
12235106000,s,1340
12235266000,s,1340
12235452000,s,1340
12235636000,s,1340
12244404000,s,1340
12245658000,s,1340
12253680000,r,1440
12253681000,r,1440
12526817000,r,1440
12529392000,s,1340
12540384000,r,1440
12540385000,r,1440
12541127000,r,1440
12543089000,s,1340
12543444000,s,1340
12553751000,r,1440
12553752000,r,1440
12555110000,r,1440
12556637000,s,1340
12567945000,r,1440
12567946000,r,1440
12567946000,r,1440
12570808000,s,1340
12571170000,s,1340
15993707000,s,1340
16034297000,s,1340
16034911000,s,1340
18341092000,s,1340
18379390000,s,1340
18379826000,s,1340
18398421000,r,1440
18402289000,r,1440
18411329000,s,1340
18770322000,r,1440
18773281000,s,1340
18786274000,r,1440