0,r,1440
0,r,1440
4304408000,r,1440
4304408000,r,1440
4308084000,s,1340
4326864000,s,1340
4332419000,s,1340
4335418000,r,1440
4335696000,r,1440
4337588000,s,1340
4339720000,r,1440
4339720000,r,1440
4340275000,r,1440
4340403000,s,1340
4341055000,s,1340
4341230000,s,1340
4341764000,s,1340
4341927000,s,1340
4342099000,s,1340
4342572000,s,1340
4342737000,s,1340
4342883000,s,1340
4343032000,r,1440
4343760000,s,1340
4344057000,s,1340
4344244000,s,1340
4344406000,s,1340
4345254000,s,1340
4345497000,s,1340
4345682000,s,1340
4345854000,s,1340
4346035000,s,1340
4346749000,s,1340
4346988000,s,1340
4347224000,s,1340
4347452000,s,1340
4347676000,s,1340
4347982000,s,1340
4348670000,s,1340
4348895000,s,1340
4349084000,s,1340
4349289000,s,1340
4349485000,s,1340
4350312000,s,1340
4350543000,s,1340
4350722000,s,1340
4350902000,s,1340
4351050000,s,1340
4351307000,s,1340
4351591000,s,1340
4351773000,s,1340
4351905000,r,1440
4351906000,r,1440
4351906000,r,1440
4351906000,r,1440
4351907000,r,1440
4352322000,r,1440
4353894000,r,1440
4354833000,r,1440
4354833000,r,1440
4354959000,s,1340
4355555000,s,1340
4355726000,s,1340
4355886000,s,1340
4356115000,s,1340
4356239000,s,1340
4356364000,s,1340
4356572000,s,1340
4356757000,s,1340
4356925000,s,1340
4357100000,s,1340
4357265000,s,1340
4357431000,s,1340
4357591000,s,1340
4357744000,s,1340
4357903000,s,1340
4358097000,s,1340
4358305000,s,1340
4358499000,s,1340
4358686000,s,1340
4358861000,s,1340
4359021000,s,1340
4359209000,s,1340
4359381000,s,1340
4359550000,s,1340
4359872000,r,1440
4360018000,s,1340
4360918000,s,1340
4361087000,s,1340
4365602000,s,1340
4371295000,r,1440
4371826000,r,1440
4371826000,r,1440
4372766000,s,1340
4373107000,r,1440
4373301000,s,1340
4373508000,s,1340
4373630000,s,1340
4374219000,s,1340
4374395000,s,1340
4374533000,s,1340
4374670000,s,1340
4374987000,s,1340
4375287000,s,1340
4375470000,s,1340
4375532000,s,1340
4375579000,s,1340
4375633000,r,1440
4375679000,s,1340
4375728000,s,1340
4375853000,s,1340
4378114000,r,1440
4378815000,s,1340
4378972000,s,1340
4379368000,s,1340
4379624000,s,1340
4379865000,s,1340
4380243000,r,1440
4383443000,r,1440
4383443000,r,1440
4384386000,s,1340
4386076000,r,1440
4386360000,r,1440
4387538000,s,1340
4390001000,s,1340
4390347000,r,1440
4390347000,r,1440
4390348000,r,1440
4391207000,s,1340
4391581000,s,1340
4392246000,r,1440
4392599000,s,1340
4392664000,s,1340
4392684000,s,1340
4393224000,s,1340
4393318000,s,1340
4393411000,s,1340
4393488000,s,1340
4393541000,s,1340
4393591000,s,1340
4393650000,s,1340
4393824000,s,1340
4393909000,s,1340
4394095000,s,1340
4394194000,s,1340
4394420000,s,1340
4394483000,s,1340
4394534000,s,1340
4394756000,s,1340
4394814000,s,1340
4395887000,s,1340
4395945000,s,1340
4396512000,s,1340
4396764000,r,1440
4396903000,s,1340
4396967000,r,1440
4397123000,s,1340
4397664000,s,1340
4397781000,s,1340
4402661000,r,1440
4402661000,r,1440
4403731000,s,1340
4403841000,r,1440
4403842000,r,1440
4404426000,s,1340
4405988000,r,1440
4405988000,r,1440
4405989000,r,1440
4406406000,s,1340
4406970000,s,1340
4407081000,r,1440
4407128000,s,1340
4407842000,r,1440
4414999000,r,1440
4415220000,s,1340
4416037000,s,1340
4416836000,r,1440
4429738000,r,1440
4429738000,r,1440
4429739000,r,1440
4429739000,r,1440
4429739000,r,1440
4429739000,r,1440
4429740000,r,1440
4429740000,r,1440
4430030000,r,1440
4430031000,r,1440
4430031000,r,1440
4430668000,s,1340
4430831000,s,1340
4431236000,s,1340
4431395000,s,1340
4431523000,s,1340
4431646000,s,1340
4431920000,s,1340
4432056000,s,1340
4432208000,s,1340
4432359000,s,1340
4432505000,s,1340
4432707000,s,1340
4432853000,s,1340
4433120000,s,1340
4433286000,s,1340
4433427000,s,1340
4433554000,s,1340
4433690000,s,1340
4433826000,s,1340
4433971000,s,1340
4434329000,s,1340
4434477000,s,1340
4434795000,s,1340
4434940000,s,1340
4435073000,s,1340
4435207000,s,1340
4435337000,s,1340
4435442000,s,1340
4435535000,s,1340
4435678000,s,1340
4435927000,s,1340
4436057000,s,1340
4436165000,s,1340
4436286000,s,1340
4436411000,s,1340
4436538000,s,1340
4436759000,s,1340
4436896000,s,1340
4437030000,s,1340
4437156000,s,1340
4437284000,s,1340
4437663000,s,1340
4437817000,s,1340
4438010000,s,1340
4438192000,s,1340
4438346000,s,1340
4438706000,s,1340
4438862000,s,1340
4439096000,s,1340
4439436000,s,1340
4439530000,s,1340
4439586000,s,1340
4439728000,s,1340
4439949000,s,1340
4440072000,s,1340
4440266000,s,1340
4440387000,s,1340
4440503000,s,1340
4440624000,s,1340
4440849000,s,1340
4440986000,s,1340
4441117000,s,1340
4441325000,s,1340
4441639000,s,1340
4441804000,s,1340
4441940000,s,1340
4442825000,s,1340
4442939000,s,1340
4443020000,s,1340
4443072000,s,1340
4443150000,s,1340
4443397000,s,1340
4443751000,s,1340
4443886000,r,1440
4443886000,r,1440
4443886000,r,1440
4444415000,s,1340
4446356000,s,1340
4447628000,r,1440
4447629000,r,1440
4447629000,r,1440
4447630000,r,1440
4447630000,r,1440
4447630000,r,1440
4447631000,r,1440
4447631000,r,1440
4447958000,r,1440
4447959000,r,1440
4448528000,s,1340
4448779000,r,1440
4448779000,r,1440
4448985000,s,1340
4449062000,s,1340
4449111000,s,1340
4449940000,r,1440
4451000000,s,1340
4451378000,r,1440
4453762000,r,1440
4454829000,s,1340
4455505000,s,1340
4455911000,s,1340
4457060000,r,1440
4457717000,s,1340
4458586000,r,1440
4459236000,s,1340
4459457000,s,1340
4472449000,r,1440
4472450000,r,1440
4473693000,s,1340
4473732000,r,1440
4476740000,r,1440
4476741000,r,1440
4477242000,s,1340
4477310000,s,1340
4489022000,s,1340
4489542000,s,1340
4490489000,r,1440
4490490000,r,1440
4490490000,r,1440
4490490000,r,1440
4490490000,r,1440
4490491000,r,1440
4490491000,r,1440
4490491000,r,1440
4491442000,s,1340
4492016000,s,1340
4501957000,s,1340
4502091000,s,1340
4502793000,s,1340
4503732000,r,1440
4503889000,s,1340
4503732000,r,1440
4503733000,r,1440
4503733000,r,1440
4503733000,r,1440
4504050000,r,1440
4504722000,s,1340
4504834000,s,1340
4505138000,r,1440
4506035000,s,1340
4510039000,r,1440
4510039000,r,1440
4510040000,r,1440
4510040000,r,1440
4510040000,r,1440
4510040000,r,1440
4510041000,r,1440
4510041000,r,1440
4510242000,r,1440
4510243000,r,1440
4510243000,r,1440
4510243000,r,1440
4510244000,r,1440
4510244000,r,1440
4510244000,r,1440
4510244000,r,1440
4510324000,r,1440
4510325000,r,1440
4510361000,r,1440
4510362000,r,1440
4510362000,r,1440
4510362000,r,1440
4510362000,r,1440
4510363000,r,1440
4510363000,r,1440
4510363000,r,1440
4510442000,r,1440
4510442000,r,1440
4510764000,r,1440
4510764000,r,1440
4511190000,s,1340
4511297000,s,1340
4511460000,s,1340
4511628000,s,1340
4511775000,s,1340
4511987000,s,1340
4512065000,s,1340
4512127000,s,1340
4512331000,s,1340
4512334000,r,1440
4512418000,s,1340
4512440000,s,1340
4512499000,s,1340
4512549000,s,1340
4512577000,s,1340
4512717000,s,1340
4512810000,s,1340
4512877000,s,1340
4512896000,s,1340
4513025000,s,1340
4513342000,s,1340
4513470000,s,1340
4513585000,s,1340
4513677000,s,1340
4513765000,s,1340
4513856000,s,1340
4514219000,s,1340
4514405000,s,1340
4514528000,s,1340
4514734000,s,1340
4514839000,s,1340
4515166000,s,1340
4515305000,s,1340
4515678000,s,1340
4515842000,r,1440
4516401000,s,1340
4516529000,s,1340
4516720000,s,1340
4517044000,s,1340
4517222000,s,1340
4517359000,r,1440
4517359000,r,1440
4517406000,s,1340
4517761000,s,1340
4517969000,s,1340
4518067000,s,1340
4518981000,r,1440
4519376000,s,1340
4522036000,r,1440
4522036000,r,1440
4522036000,r,1440
4522037000,r,1440
4522565000,s,1340
4522634000,s,1340
4523676000,r,1440
4525681000,r,1440
4528069000,r,1440
4528671000,s,1340
4528736000,s,1340
4530991000,s,1340
4556795000,s,1340
4589242000,r,1440
4591129000,r,1440
4591964000,s,1340
4592109000,r,1440
4595090000,r,1440
4596180000,s,1340
4596320000,s,1340
4597816000,r,1440
4598525000,s,1340
4598664000,r,1440
4600042000,s,1340
4600137000,s,1340
4600921000,r,1440
4602513000,s,1340
4613849000,r,1440
4613849000,r,1440
4613849000,r,1440
4613849000,r,1440
4613849000,r,1440
4613850000,r,1440
4613850000,r,1440
4613850000,r,1440
4614077000,r,1440
4614077000,r,1440
4614078000,r,1440
4614078000,r,1440
4615230000,r,1440
4615388000,s,1340
4615549000,s,1340
4615647000,s,1340
4615843000,r,1440
4616605000,s,1340
4617022000,r,1440
4617502000,s,1340
4617765000,s,1340
4617809000,s,1340
4617989000,s,1340
4618236000,r,1440
4618236000,r,1440
4618236000,r,1440
4618236000,r,1440
4618236000,r,1440
4618236000,r,1440
4618398000,s,1340
4618598000,s,1340
4618641000,s,1340
4618661000,s,1340
4618833000,s,1340
4618987000,s,1340
4619173000,s,1340
4619256000,s,1340
4619463000,s,1340
4619542000,s,1340
4619607000,s,1340
4619664000,s,1340
4619717000,s,1340
4619772000,s,1340
4619840000,r,1440
4619840000,r,1440
4619840000,r,1440
4619841000,r,1440
4619841000,r,1440
4619954000,s,1340
4620029000,s,1340
4620092000,s,1340
4620203000,s,1340
4620307000,s,1340
4620526000,s,1340
4620613000,s,1340
4620696000,s,1340
4620761000,s,1340
4620828000,s,1340
4620886000,s,1340
4620948000,s,1340
4621009000,s,1340
4621067000,s,1340
4621132000,s,1340
4621196000,s,1340
4621252000,s,1340
4621312000,s,1340
4621496000,s,1340
4621682000,s,1340
4622319000,s,1340
4622528000,s,1340
4622757000,s,1340
4622970000,s,1340
4623050000,s,1340
4623246000,s,1340
4623435000,s,1340
4623451000,r,1440
4623451000,r,1440
4623451000,r,1440
4623451000,r,1440
4623452000,r,1440
4623452000,r,1440
4623452000,r,1440
4623452000,r,1440
4623585000,r,1440
4623585000,r,1440
4623585000,r,1440
4623586000,r,1440
4623586000,r,1440
4623586000,r,1440
4623586000,r,1440
4623587000,r,1440
4623646000,r,1440
4623646000,r,1440
4623646000,r,1440
4623646000,r,1440
4623646000,r,1440
4624258000,s,1340
4624345000,s,1340
4624415000,s,1340
4624490000,s,1340
4624560000,s,1340
4624627000,s,1340
4624710000,s,1340
4624789000,s,1340
4624859000,s,1340
4624926000,s,1340
4624996000,s,1340
4625071000,s,1340
4625146000,s,1340
4625227000,s,1340
4625297000,s,1340
4625365000,s,1340
4625422000,s,1340
4625471000,s,1340
4625521000,s,1340
4625575000,s,1340
4625624000,r,1440
4625631000,s,1340
4625624000,r,1440
4625624000,r,1440
4625624000,r,1440
4625624000,r,1440
4625624000,r,1440
4625695000,s,1340
4625624000,r,1440
4625624000,r,1440
4625712000,r,1440
4625713000,r,1440
4625713000,r,1440
4625785000,s,1340
4625858000,s,1340
4625936000,s,1340
4626017000,s,1340
4626106000,s,1340
4626179000,s,1340
4626260000,s,1340
4626340000,s,1340
4626417000,s,1340
4626506000,s,1340
4626586000,s,1340
4626675000,s,1340
4626750000,s,1340
4626821000,s,1340
4626891000,s,1340
4626968000,s,1340
4627052000,s,1340
4627057000,r,1440
4627137000,s,1340
4627221000,s,1340
4627307000,s,1340
4627400000,s,1340
4627503000,s,1340
4627591000,s,1340
4627699000,s,1340
4627786000,s,1340
4627944000,s,1340
4628128000,s,1340
4628988000,s,1340
4629024000,s,1340
4629179000,s,1340
4629500000,s,1340
4629574000,s,1340
4629905000,s,1340
4630107000,s,1340
4630180000,s,1340
4630236000,s,1340
4630484000,s,1340
4630661000,s,1340
4630757000,s,1340
4630820000,s,1340
4630878000,s,1340
4630929000,s,1340
4631196000,s,1340
4631268000,s,1340
4631338000,s,1340
4631390000,s,1340
4631437000,s,1340
4631588000,s,1340
4631723000,s,1340
4632001000,s,1340
4632183000,s,1340
4632512000,s,1340
4632618000,s,1340
4632825000,s,1340
4633028000,s,1340
4633250000,s,1340
4633399000,s,1340
4633548000,s,1340
4633675000,r,1440
4633687000,s,1340
4633787000,s,1340
4633913000,s,1340
4633991000,s,1340
4634210000,s,1340
4634421000,s,1340
4634530000,s,1340
4634737000,s,1340
4634920000,s,1340
4635031000,s,1340
4635091000,s,1340
4635141000,s,1340
4635207000,s,1340
4635268000,s,1340
4635322000,s,1340
4636059000,s,1340
4636219000,s,1340
4636299000,s,1340
4636373000,s,1340
4636447000,s,1340
4636516000,s,1340
4636656000,s,1340
4636816000,s,1340
4636931000,s,1340
4637037000,s,1340
4637141000,s,1340
4637564000,s,1340
4637676000,s,1340
4637799000,s,1340
4638356000,s,1340
4638500000,s,1340
4638786000,s,1340
4639021000,s,1340
4639149000,s,1340
4639411000,s,1340
4639511000,s,1340
4639618000,r,1440
4639730000,s,1340
4639900000,s,1340
4640037000,s,1340
4640142000,s,1340
4640234000,s,1340
4640318000,s,1340
4640402000,s,1340
4640711000,s,1340
4640816000,s,1340
4640889000,r,1440
4640889000,r,1440
4640889000,r,1440
4640889000,r,1440
4640889000,r,1440
4640890000,r,1440
4641041000,r,1440
4641058000,s,1340
4641041000,r,1440
4641041000,r,1440
4641041000,r,1440
4641041000,r,1440
4641042000,r,1440
4641159000,s,1340
4641664000,s,1340
4641772000,s,1340
4641845000,s,1340
4641927000,s,1340
4641986000,s,1340
4642076000,s,1340
4642149000,s,1340
4642235000,s,1340
4642312000,s,1340
4642384000,s,1340
4642441000,s,1340
4642513000,s,1340
4642591000,s,1340
4642677000,s,1340
4642755000,s,1340
4642844000,s,1340
4642918000,s,1340
4642992000,s,1340
4643151000,s,1340
4643241000,s,1340
4643319000,s,1340
4643397000,s,1340
4643446000,r,1440
4643446000,r,1440
4643446000,r,1440
4643447000,r,1440
4643447000,r,1440
4643447000,r,1440
4643447000,r,1440
4643447000,r,1440
4643562000,r,1440
4643562000,r,1440
4643562000,r,1440
4643562000,r,1440
4643562000,r,1440
4643562000,r,1440
4643562000,r,1440
4643562000,r,1440
4643597000,r,1440
4643598000,r,1440
4643692000,s,1340
4643878000,s,1340
4644011000,s,1340
4644145000,s,1340
4644247000,s,1340
4644347000,s,1340
4644421000,r,1440
4644422000,r,1440
4644422000,r,1440
4644422000,r,1440
4644422000,r,1440
4644422000,r,1440
4644423000,r,1440
4644423000,r,1440
4644538000,r,1440
4644538000,r,1440
4644539000,r,1440
4644539000,r,1440
4644539000,r,1440
4644539000,r,1440
4644539000,r,1440
4644540000,r,1440
4644686000,s,1340
4644822000,s,1340
4644958000,s,1340
4645066000,s,1340
4645352000,r,1440
4645352000,r,1440
4645402000,s,1340
4645352000,r,1440
4645353000,r,1440
4645353000,r,1440
4645353000,r,1440
4645353000,r,1440
4645536000,s,1340
4645661000,s,1340
4645793000,s,1340
4645927000,s,1340
4646030000,s,1340
4646276000,s,1340
4646386000,s,1340
4646489000,s,1340
4646594000,s,1340
4646728000,s,1340
4646834000,s,1340
4646954000,s,1340
4647074000,s,1340
4647190000,s,1340
4647308000,s,1340
4647417000,s,1340
4647498000,s,1340
4647618000,s,1340
4647728000,s,1340
4647887000,s,1340
4647997000,s,1340
4648105000,s,1340
4648218000,s,1340
4648316000,s,1340
4648885000,s,1340
4648994000,s,1340
4649083000,s,1340
4649165000,s,1340
4649229000,s,1340
4649290000,s,1340
4649354000,s,1340
4649421000,s,1340
4649486000,s,1340
4649578000,s,1340
4649672000,s,1340
4649768000,s,1340
4649870000,s,1340
4649976000,s,1340
4650132000,s,1340
4650237000,s,1340
4650339000,s,1340
4650438000,s,1340
4650537000,s,1340
4650629000,s,1340
4651760000,r,1440
4651760000,r,1440
4651760000,r,1440
4652472000,s,1340
4652555000,r,1440
4652555000,r,1440
4652555000,r,1440
4652555000,r,1440
4652617000,s,1340
4652555000,r,1440
4652555000,r,1440
4652555000,r,1440
4652893000,s,1340
4652941000,s,1340
4652954000,s,1340
4653944000,s,1340
4653989000,s,1340
4654001000,s,1340
4654245000,s,1340
4654340000,s,1340
4654433000,s,1340
4654627000,s,1340
4654749000,s,1340
4655234000,s,1340
4655387000,s,1340
4655588000,s,1340
4655684000,s,1340
4655849000,r,1440
4655883000,s,1340
4655849000,r,1440
4655850000,r,1440
4655850000,r,1440
4655850000,r,1440
4655850000,r,1440
4655850000,r,1440
4655851000,r,1440
4656019000,r,1440
4656019000,r,1440
4656269000,s,1340
4656359000,s,1340
4656392000,s,1340
4656435000,s,1340
4656498000,s,1340
4656599000,s,1340
4656668000,s,1340
4657033000,s,1340
4657061000,s,1340
4657084000,s,1340
4657103000,s,1340
4657119000,s,1340
4657188000,s,1340
4657241000,s,1340
4657291000,s,1340
4658516000,s,1340
4658589000,s,1340
4659913000,s,1340
4660079000,s,1340
4660275000,s,1340
4660343000,r,1440
4660361000,s,1340
4660344000,r,1440
4660344000,r,1440
4660344000,r,1440
4660344000,r,1440
4660344000,r,1440
4660344000,r,1440
4660344000,r,1440
4660459000,r,1440
4660459000,r,1440
4660459000,r,1440
4660459000,r,1440
4660459000,r,1440
4660459000,r,1440
4660460000,r,1440
4660460000,r,1440
4660505000,r,1440
4660505000,r,1440
4660505000,r,1440
4660505000,r,1440
4660505000,r,1440
4660505000,r,1440
4660556000,s,1340
4660626000,s,1340
4661102000,s,1340
4661406000,s,1340
4661500000,s,1340
4661511000,r,1440
4661511000,r,1440
4661511000,r,1440
4661511000,r,1440
4661512000,r,1440
4661512000,r,1440
4661659000,s,1340
4661745000,s,1340
4661828000,s,1340
4661894000,s,1340
4661946000,s,1340
4662024000,s,1340
4662098000,s,1340
4662156000,s,1340
4662209000,s,1340
4662263000,s,1340
4662326000,s,1340
4662399000,s,1340
4662462000,s,1340
4662525000,s,1340
4662594000,s,1340
4662665000,s,1340
4662731000,s,1340
4662798000,s,1340
4662874000,s,1340
4662930000,s,1340
4663002000,s,1340
4663087000,s,1340
4663166000,s,1340
4663246000,s,1340
4663321000,s,1340
4663392000,s,1340
4663470000,s,1340
4663545000,s,1340
4663619000,s,1340
4663755000,s,1340
4663829000,r,1440
4663829000,r,1440
4663907000,s,1340
4663829000,r,1440
4663829000,r,1440
4663829000,r,1440
4663989000,s,1340
4664067000,s,1340
4664128000,s,1340
4664211000,s,1340
4664291000,s,1340
4664368000,s,1340
4664450000,s,1340
4664534000,s,1340
4664621000,s,1340
4664709000,s,1340
4665159000,r,1440
4665159000,r,1440
4665159000,r,1440
4665160000,r,1440
4665160000,r,1440
4665160000,r,1440
4665160000,r,1440
4665160000,r,1440
4665248000,r,1440
4665564000,s,1340
4665619000,s,1340
4665649000,s,1340
4665694000,s,1340
4665734000,s,1340
4665755000,s,1340
4665775000,s,1340
4665789000,s,1340
4665808000,s,1340
4665827000,s,1340
4665847000,s,1340
4665869000,s,1340
4665958000,s,1340
4666028000,s,1340
4666091000,s,1340
4666162000,s,1340
4666202000,s,1340
4666642000,r,1440
4666642000,r,1440
4666642000,r,1440
4666642000,r,1440
4666642000,r,1440
4666642000,r,1440
4666948000,s,1340
4666995000,s,1340
4667074000,s,1340
4667181000,s,1340
4667213000,s,1340
4667224000,s,1340
4667320000,s,1340
4667351000,s,1340
4667474000,s,1340
4667529000,s,1340
4667548000,s,1340
4667577000,s,1340
4668526000,s,1340
4668582000,s,1340
4669517000,s,1340
4669692000,s,1340
4669844000,s,1340
4670034000,s,1340
4670175000,s,1340
4670307000,s,1340
4670594000,s,1340
4670674000,s,1340
4670808000,s,1340
4670847000,s,1340
4670865000,s,1340
4671826000,r,1440
4671826000,r,1440
4671826000,r,1440
4671827000,r,1440
4671827000,r,1440
4671827000,r,1440
4672147000,s,1340
4672232000,s,1340
4672332000,s,1340
4672469000,s,1340
4672603000,s,1340
4672687000,s,1340
4672810000,s,1340
4672932000,s,1340
4673101000,s,1340
4673170000,s,1340
4673244000,s,1340
4673500000,s,1340
4673580000,s,1340
4673807000,s,1340
4673861000,s,1340
4673908000,s,1340
4674036000,s,1340
4674293000,s,1340
4674757000,s,1340
4674815000,s,1340
4675147000,s,1340
4675397000,s,1340
4675459000,s,1340
4675638000,s,1340
4675738000,s,1340
4675863000,r,1440
4675864000,r,1440
4675922000,s,1340
4675864000,r,1440
4675864000,r,1440
4675864000,r,1440
4675864000,r,1440
4675864000,r,1440
4675864000,r,1440
4675965000,r,1440
4675965000,r,1440
4675965000,r,1440
4675965000,r,1440
4675965000,r,1440
4675965000,r,1440
4675965000,r,1440
4675966000,r,1440
4676043000,s,1340
4676139000,s,1340
4676240000,s,1340
4676338000,s,1340
4676490000,s,1340
4676622000,s,1340
4676830000,s,1340
4676872000,s,1340
4676883000,s,1340
4676893000,s,1340
4676901000,s,1340
4676919000,s,1340
4676928000,s,1340
4676999000,s,1340
4677079000,s,1340
4677155000,s,1340
4677211000,s,1340
4677369000,s,1340
4677420000,s,1340
4678263000,s,1340
4678309000,s,1340
4678453000,s,1340
4678489000,s,1340
4679075000,s,1340
4679200000,s,1340
4679349000,s,1340
4679502000,s,1340
4679978000,s,1340
4680079000,r,1440
4680108000,s,1340
4680079000,r,1440
4680079000,r,1440
4680079000,r,1440
4680079000,r,1440
4680079000,r,1440
4680079000,r,1440
4680079000,r,1440
4680184000,r,1440
4680184000,r,1440
4680184000,r,1440
4680185000,r,1440
4680185000,r,1440
4680185000,r,1440
4680185000,r,1440
4680237000,s,1340
4680377000,s,1340
4680455000,s,1340
4680521000,s,1340
4680697000,s,1340
4680718000,r,1440
4680718000,r,1440
4680718000,r,1440
4680776000,s,1340
4680854000,s,1340
4680934000,s,1340
4681003000,s,1340
4681072000,s,1340
4681139000,s,1340
4681203000,s,1340
4681257000,s,1340
4681305000,s,1340
4681357000,s,1340
4681407000,s,1340
4681457000,s,1340
4681507000,s,1340
4681555000,s,1340
4681629000,s,1340
4681702000,s,1340
4681750000,s,1340
4681831000,s,1340
4681955000,s,1340
4682033000,s,1340
4683166000,r,1440
4683461000,r,1440
4685205000,r,1440
4685469000,s,1340
4689297000,r,1440
4692306000,s,1340
4693230000,r,1440
4693230000,r,1440
4693534000,s,1340
4693575000,s,1340
4693724000,r,1440
4693966000,r,1440
4694686000,s,1340
4695503000,r,1440
4697788000,r,1440
4699155000,s,1340
4699206000,s,1340
4700095000,r,1440
4700606000,r,1440
4702116000,r,1440
4702312000,s,1340
4703809000,r,1440
4705282000,r,1440
4705691000,s,1340
4707317000,r,1440
4707836000,s,1340
4709527000,r,1440
4711240000,r,1440
4746715000,r,1440
4746982000,r,1440
4748036000,s,1340
4748193000,s,1340
4748293000,s,1340
4748368000,s,1340
4748436000,s,1340
4748661000,s,1340
4749017000,s,1340
4749150000,s,1340
4749253000,s,1340
4749402000,s,1340
4749495000,s,1340
4749917000,s,1340
4750117000,s,1340
4750215000,s,1340
4750350000,s,1340
4750542000,s,1340
4750685000,s,1340
4750914000,s,1340
4751014000,s,1340
4751134000,s,1340
4751236000,s,1340
4751329000,s,1340
4751424000,s,1340
4751632000,s,1340
4751782000,s,1340
4751810000,r,1440
4751986000,s,1340
4760154000,r,1440
4760977000,r,1440
4761258000,s,1340
4761616000,s,1340
4761642000,s,1340
4761654000,r,1440
4761712000,s,1340
4761873000,s,1340
4762337000,s,1340
4762405000,r,1440
4762846000,s,1340
4765145000,r,1440
4765422000,s,1340
4766786000,r,1440
4770597000,r,1440
4770598000,r,1440
4770995000,s,1340
4772287000,s,1340
4772535000,r,1440
4772535000,r,1440
4772919000,s,1340
4773908000,r,1440
4774716000,s,1340
4775382000,r,1440
4776581000,r,1440
4779528000,r,1440
4780392000,s,1340
4782764000,r,1440
4782764000,r,1440
4783037000,s,1340
4804661000,s,1340
5275943000,r,1440
5275943000,r,1440
5275944000,r,1440
5275944000,r,1440
5275945000,r,1440
5275945000,r,1440
5275946000,r,1440
5275946000,r,1440
5276371000,r,1440
5276371000,r,1440
5276371000,r,1440
5276371000,r,1440
5276593000,r,1440
5276593000,r,1440
5276593000,r,1440
5276593000,r,1440
5277334000,s,1340
5277491000,s,1340
5277664000,s,1340
5277758000,s,1340
5277801000,s,1340
5277836000,s,1340
5288813000,s,1340
5295873000,r,1440
8480201000,s,1340
9766073000,r,1440
9766073000,r,1440
9766073000,r,1440
9771152000,s,1340
9771551000,s,1340
9781422000,r,1440
9781423000,r,1440
9786324000,r,1440
9786324000,r,1440
9788137000,s,1340
9790944000,r,1440
9790945000,r,1440
9792569000,s,1340
9797934000,r,1440
9797934000,r,1440
9798897000,r,1440
9799537000,s,1340
9812926000,s,1340
9823934000,r,1440
15256034000,r,1440
15256034000,r,1440
15256035000,r,1440
15256035000,r,1440
15259222000,s,1340
15259891000,s,1340
15260214000,s,1340
15260403000,s,1340
15260568000,s,1340
15260821000,s,1340
15261709000,s,1340
15262041000,s,1340
15262257000,s,1340
15262459000,s,1340
15262732000,s,1340
15262948000,s,1340
15264289000,s,1340
15266189000,s,1340
15266406000,s,1340
15266603000,s,1340
15266725000,s,1340
15266890000,s,1340
15267240000,s,1340
15267427000,s,1340
15267624000,s,1340
15267898000,s,1340
15268106000,s,1340
15268637000,s,1340
15268945000,s,1340
15269220000,s,1340
15269330000,r,1440
15269502000,s,1340
15269330000,r,1440
15269795000,s,1340
15270003000,s,1340
15270196000,s,1340
15270413000,s,1340
15270528000,r,1440
15270589000,s,1340
15270529000,r,1440
15270529000,r,1440
15270742000,s,1340
15270880000,s,1340
15271768000,s,1340
15271836000,r,1440
15272175000,s,1340
15272389000,s,1340
15272585000,s,1340
15272755000,s,1340
15272920000,s,1340
15273098000,s,1340
15273278000,s,1340
15273441000,s,1340
15273599000,s,1340
15273758000,s,1340
15273879000,s,1340
15273973000,s,1340
15274017000,r,1440
15274047000,s,1340
15274123000,s,1340
15274199000,s,1340
15274274000,s,1340
15274354000,s,1340
15274434000,s,1340
15274482000,r,1440
15274514000,s,1340
15274623000,s,1340
15274767000,s,1340
15274912000,s,1340
15275097000,s,1340
15275199000,s,1340
15275293000,s,1340
15275433000,s,1340
15275553000,s,1340
15275678000,s,1340
15275815000,r,1440
15275886000,s,1340
15276026000,s,1340
15276157000,s,1340
15276283000,s,1340
15276404000,s,1340
15276530000,s,1340
15276666000,s,1340
15276811000,s,1340
15276937000,s,1340
15277050000,s,1340
15277150000,s,1340
15277255000,s,1340
15277394000,s,1340
15277527000,s,1340
15277658000,s,1340
15282069000,r,1440
15282069000,r,1440
15282070000,r,1440
15282070000,r,1440
15282876000,s,1340
15283126000,s,1340
15285123000,r,1440
15285123000,r,1440
15285123000,r,1440
15286063000,s,1340
15286124000,s,1340
15286139000,s,1340
15287627000,r,1440
15287627000,r,1440
15287627000,r,1440
15288492000,s,1340
15289959000,r,1440
15291304000,r,1440
15291649000,s,1340
15295403000,r,1440
15295888000,s,1340
15298030000,r,1440
15298030000,r,1440
15300829000,r,1440
15300830000,r,1440
15301582000,s,1340
15301715000,s,1340
15302739000,r,1440
15302740000,r,1440
15302740000,r,1440
15303145000,s,1340
15305703000,r,1440
15305703000,r,1440
15305704000,r,1440
15306356000,s,1340
15306425000,s,1340
15310616000,r,1440
15310616000,r,1440
15311858000,r,1440
15312529000,s,1340
15313744000,r,1440
15313744000,r,1440
15314582000,s,1340
15323715000,r,1440
15323716000,r,1440
15324937000,s,1340
15325183000,r,1440
15326054000,r,1440
15327425000,r,1440
15328189000,s,1340
15328372000,s,1340
15330538000,r,1440
19455963000,r,1440
19455963000,r,1440
19459775000,s,1340
21502878000,s,1340
23663778000,s,1340
23702984000,s,1340
23703454000,s,1340
23703665000,s,1340
23703699000,s,1340
23723943000,r,1440
23724440000,r,1440
23726833000,r,1440
23727881000,r,1440
23727881000,r,1440
23727882000,r,1440
23728652000,s,1340
23729993000,s,1340
23730325000,s,1340
23738193000,r,1440
23738193000,r,1440
23738194000,r,1440
23738194000,r,1440
23739706000,r,1440
23740526000,s,1340
23740880000,s,1340
23741433000,r,1440
23747257000,s,1340
23749732000,s,1340
23750005000,s,1340
23750233000,s,1340
23751254000,s,1340
23756027000,r,1440
23759284000,r,1440
23759285000,r,1440
23761273000,s,1340
23763930000,r,1440
23767119000,r,1440
23767120000,r,1440
23768323000,s,1340
23768753000,s,1340
23795654000,s,1340
23807523000,r,1440
23807524000,r,1440