0,r,1440
0,r,1440
3798735000,s,1340
3839261000,s,1340
3839791000,s,1340
3864204000,r,1440
3866203000,s,1340
3878674000,r,1440
3878674000,r,1440
3878675000,r,1440
3879402000,r,1440
3882060000,s,1340
3882408000,s,1340
3882654000,r,1440
3882654000,r,1440
3887249000,r,1440
3887250000,r,1440
3887250000,r,1440
3889196000,s,1340
3889558000,s,1340
4558587000,r,1440
4558588000,r,1440
4558588000,r,1440
4558589000,r,1440
4561898000,s,1340
4758441000,s,1340
4761313000,s,1340
4765469000,s,1340
4775945000,r,1440
4775946000,r,1440
4776459000,r,1440
4778324000,r,1440
4779157000,s,1340
4784813000,r,1440
4785750000,s,1340
4788470000,s,1340
4801852000,r,1440
4803317000,r,1440
4803389000,s,1340
4803954000,s,1340
4804245000,s,1340
4804389000,s,1340
4804516000,s,1340
4804632000,s,1340
4804808000,s,1340
4805270000,s,1340
4805426000,s,1340
4805544000,s,1340
4805659000,s,1340
4805770000,s,1340
4807075000,s,1340
4807231000,s,1340
4807348000,s,1340
4807470000,s,1340
4807904000,s,1340
4808042000,s,1340
4808164000,s,1340
4808296000,s,1340
4808428000,s,1340
4808715000,s,1340
4808872000,s,1340
4808964000,s,1340
4809039000,s,1340
4809111000,s,1340
4809178000,s,1340
4809245000,s,1340
4809308000,s,1340
4809375000,s,1340
4809439000,s,1340
4809560000,s,1340
4809627000,s,1340
4809694000,s,1340
4809764000,s,1340
4809829000,s,1340
4809892000,s,1340
4810155000,s,1340
4810537000,s,1340
4810984000,s,1340
4811294000,s,1340
4811446000,s,1340
4811641000,s,1340
4811766000,s,1340
4811896000,s,1340
4812033000,s,1340
4812610000,s,1340
4812761000,s,1340
4812897000,s,1340
4813423000,s,1340
4813574000,s,1340
4813732000,s,1340
4813840000,s,1340
4814181000,s,1340
4814278000,s,1340
4814488000,s,1340
4814769000,s,1340
4815194000,s,1340
4815366000,s,1340
4815610000,s,1340
4815771000,s,1340
4815911000,s,1340
4816047000,s,1340
4816181000,s,1340
4816618000,s,1340
4816796000,s,1340
4816948000,s,1340
4817106000,s,1340
4817263000,s,1340
4817426000,s,1340
4817586000,s,1340
4820031000,r,1440
4820031000,r,1440
4820031000,r,1440
4820031000,r,1440
4820032000,r,1440
4820032000,r,1440
4820598000,s,1340
4820676000,s,1340
4820852000,s,1340
4820989000,s,1340
4821313000,r,1440
4821313000,r,1440
4822651000,s,1340
4822732000,s,1340
4823529000,r,1440
4823529000,r,1440
4825306000,r,1440
4825306000,r,1440
4825848000,s,1340
4827247000,r,1440
4827379000,s,1340
4827656000,s,1340
4828678000,r,1440
4829443000,r,1440
4829443000,r,1440
4830097000,s,1340
4830264000,s,1340
4830477000,r,1440
4830477000,r,1440
4830560000,s,1340
4830798000,s,1340
4831753000,s,1340
4834192000,r,1440
4834192000,r,1440
4835059000,r,1440
4835059000,r,1440
4835283000,s,1340
4835971000,r,1440
4836214000,s,1340
4838121000,r,1440
4838231000,r,1440
4838668000,s,1340
4838764000,s,1340
4838964000,s,1340
4839109000,s,1340
4839233000,s,1340
4839306000,r,1440
4839306000,r,1440
4839430000,s,1340
4839522000,r,1440
4839763000,s,1340
4839901000,s,1340
4840177000,s,1340
4840451000,s,1340
4840528000,s,1340
4840587000,s,1340
4840854000,s,1340
4840913000,s,1340
4841223000,s,1340
4841379000,s,1340
4841526000,s,1340
4841674000,s,1340
4841825000,s,1340
4841929000,r,1440
4841964000,s,1340
4841930000,r,1440
4841930000,r,1440
4842351000,s,1340
4842515000,s,1340
4842663000,s,1340
4842946000,s,1340
4844718000,r,1440
4846251000,r,1440
4846251000,r,1440
4846251000,r,1440
4846859000,s,1340
4847199000,r,1440
4847419000,s,1340
4850512000,r,1440
4850512000,r,1440
4850889000,s,1340
4851452000,s,1340
4851615000,r,1440
4851615000,r,1440
4851616000,r,1440
4851875000,r,1440
4851875000,r,1440
4852019000,s,1340
4852070000,s,1340
4852299000,s,1340
4852496000,s,1340
4852557000,s,1340
4852755000,s,1340
4852867000,s,1340
4852966000,s,1340
4853063000,s,1340
4853174000,s,1340
4853238000,s,1340
4853773000,s,1340
4853830000,s,1340
4853870000,s,1340
4853952000,s,1340
4854441000,r,1440
4854943000,s,1340
4855059000,s,1340
4859546000,r,1440
4859546000,r,1440
4859546000,r,1440
4859546000,r,1440
4859666000,r,1440
4859913000,s,1340
4860284000,s,1340
4860485000,s,1340
4863570000,r,1440
4864890000,r,1440
4864891000,r,1440
4865555000,s,1340
4865769000,s,1340
4866914000,r,1440
4866915000,r,1440
4866915000,r,1440
4866915000,r,1440
4867544000,s,1340
4867639000,s,1340
4867722000,s,1340
4867926000,s,1340
4868079000,s,1340
4868377000,s,1340
4868498000,s,1340
4868608000,s,1340
4869048000,s,1340
4869755000,r,1440
4869832000,s,1340
4870214000,s,1340
4870334000,s,1340
4870454000,s,1340
4870577000,s,1340
4870693000,s,1340
4870813000,s,1340
4870950000,s,1340
4871092000,s,1340
4871160000,r,1440
4871215000,r,1440
4871245000,s,1340
4871419000,s,1340
4871595000,s,1340
4871751000,s,1340
4871901000,s,1340
4872048000,s,1340
4872209000,s,1340
4872372000,s,1340
4872897000,s,1340
4873084000,s,1340
4873249000,s,1340
4873403000,s,1340
4873555000,s,1340
4873719000,s,1340
4873889000,s,1340
4874075000,s,1340
4874369000,r,1440
4874569000,s,1340
4874807000,s,1340
4875032000,s,1340
4875068000,r,1440
4875409000,s,1340
4875481000,s,1340
4875574000,s,1340
4875723000,s,1340
4875851000,s,1340
4875914000,s,1340
4876028000,s,1340
4876569000,s,1340
4877093000,s,1340
4877344000,s,1340
4877733000,s,1340
4877975000,s,1340
4878157000,s,1340
4878360000,s,1340
4878589000,s,1340
4878919000,s,1340
4879170000,s,1340
4879382000,s,1340
4879718000,s,1340
4879958000,s,1340
4880182000,s,1340
4880391000,s,1340
4880965000,s,1340
4881085000,r,1440
4881085000,r,1440
4881193000,s,1340
4881545000,s,1340
4881738000,s,1340
4881950000,s,1340
4882107000,s,1340
4882255000,s,1340
4883100000,r,1440
4883100000,r,1440
4883100000,r,1440
4883100000,r,1440
4883101000,r,1440
4883101000,r,1440
4883101000,r,1440
4883101000,r,1440
4883214000,r,1440
4883214000,r,1440
4883214000,r,1440
4883215000,r,1440
4884501000,s,1340
4884788000,s,1340
4885436000,s,1340
4885623000,s,1340
4885799000,s,1340
4885938000,r,1440
4885944000,s,1340
4885938000,r,1440
4885938000,r,1440
4886096000,s,1340
4885938000,r,1440
4885939000,r,1440
4886241000,s,1340
4886337000,s,1340
4886421000,s,1340
4886516000,s,1340
4886645000,s,1340
4886882000,s,1340
4887015000,s,1340
4887108000,s,1340
4887296000,s,1340
4887780000,r,1440
4888603000,s,1340
4890720000,r,1440
4890721000,r,1440
4892737000,r,1440
4892737000,r,1440
4893818000,s,1340
4894225000,r,1440
4894225000,r,1440
4895279000,s,1340
4895346000,r,1440
4895346000,r,1440
4895346000,r,1440
4896415000,s,1340
4897814000,r,1440
4897814000,r,1440
4898226000,s,1340
4899515000,r,1440
4899712000,r,1440
4899732000,s,1340
4901227000,r,1440
4902409000,r,1440
4902965000,s,1340
4905464000,r,1440
4905464000,r,1440
4905465000,r,1440
4906175000,s,1340
4906319000,s,1340
4908708000,s,1340
4908764000,r,1440
4908764000,r,1440
4909767000,s,1340
4910362000,s,1340
4911365000,r,1440
4912901000,r,1440
4912901000,r,1440
4913382000,s,1340
4918309000,r,1440
4918309000,r,1440
4918309000,r,1440
4919044000,s,1340
4919100000,s,1340
4919324000,r,1440
4922562000,r,1440
4922562000,r,1440
4922562000,r,1440
4923115000,s,1340
4923737000,s,1340
4924112000,r,1440
4924112000,r,1440
4924112000,r,1440
4924602000,s,1340
4924881000,r,1440
4924881000,r,1440
4924881000,r,1440
4924881000,r,1440
4924881000,r,1440
4924881000,r,1440
4925066000,s,1340
4925148000,s,1340
4925247000,s,1340
4925294000,s,1340
4925419000,s,1340
4925525000,s,1340
4925658000,s,1340
4925773000,s,1340
4925845000,s,1340
4926129000,s,1340
4926221000,s,1340
4926507000,r,1440
4926514000,s,1340
4926508000,r,1440
4926508000,r,1440
4926508000,r,1440
4926594000,s,1340
4926508000,r,1440
4926508000,r,1440
4926508000,r,1440
4926508000,r,1440
4926620000,r,1440
4926642000,s,1340
4926685000,s,1340
4926724000,s,1340
4927037000,s,1340
4927199000,s,1340
4927312000,s,1340
4927401000,s,1340
4927558000,r,1440
4927558000,r,1440
4927559000,r,1440
4927559000,r,1440
4927624000,s,1340
4927743000,s,1340
4928089000,s,1340
4928201000,s,1340
4928318000,s,1340
4928397000,s,1340
4928476000,s,1340
4928567000,s,1340
4928669000,s,1340
4928811000,s,1340
4928909000,s,1340
4930971000,r,1440
4930971000,r,1440
4930972000,r,1440
4930972000,r,1440
4931687000,s,1340
4932735000,r,1440
4932736000,r,1440
4933212000,s,1340
4933352000,s,1340
4933563000,s,1340
4934293000,r,1440
4934293000,r,1440
4934362000,s,1340
4934480000,s,1340
4934562000,s,1340
4934682000,s,1340
4934743000,s,1340
4934818000,s,1340
4934894000,s,1340
4934994000,s,1340
4935093000,s,1340
4935277000,s,1340
4935366000,s,1340
4935461000,r,1440
4935651000,r,1440
4935694000,s,1340
4935800000,s,1340
4935901000,s,1340
4935995000,s,1340
4936091000,s,1340
4936191000,s,1340
4936351000,s,1340
4936568000,s,1340
4936760000,s,1340
4936924000,s,1340
4937438000,s,1340
4937472000,s,1340
4937526000,s,1340
4938396000,s,1340
4938519000,s,1340
4938860000,s,1340
4939094000,s,1340
4939373000,s,1340
4939712000,s,1340
4939839000,s,1340
4939941000,s,1340
4940038000,s,1340
4940282000,s,1340
4940601000,s,1340
4940637000,s,1340
4940932000,s,1340
4941047000,s,1340
4941262000,s,1340
4941506000,s,1340
4941613000,s,1340
4941715000,s,1340
4941895000,s,1340
4942007000,s,1340
4942340000,s,1340
4942443000,s,1340
4942541000,s,1340
4942716000,s,1340
4942747000,s,1340
4943188000,s,1340
4943411000,s,1340
4943648000,s,1340
4943835000,s,1340
4944081000,s,1340
4944190000,s,1340
4944456000,s,1340
4944814000,s,1340
4944930000,s,1340
4945035000,s,1340
4945241000,s,1340
4945408000,s,1340
4945507000,s,1340
4945733000,s,1340
4945844000,s,1340
4946060000,s,1340
4946187000,s,1340
4946290000,s,1340
4946492000,s,1340
4946677000,s,1340
4946786000,s,1340
4946879000,s,1340
4946969000,s,1340
4947145000,s,1340
4947302000,s,1340
4947412000,s,1340
4947738000,s,1340
4947855000,s,1340
4947960000,s,1340
4948229000,s,1340
4948453000,s,1340
4948567000,s,1340
4948828000,s,1340
4949006000,s,1340
4949112000,s,1340
4949235000,s,1340
4949421000,s,1340
4949549000,s,1340
4949664000,s,1340
4949902000,s,1340
4950121000,s,1340
4950357000,s,1340
4950382000,r,1440
4950382000,r,1440
4950382000,r,1440
4950382000,r,1440
4950382000,r,1440
4950383000,r,1440
4950383000,r,1440
4950383000,r,1440
4950512000,r,1440
4950512000,r,1440
4950659000,s,1340
4950855000,s,1340
4951004000,s,1340
4951269000,s,1340
4951387000,s,1340
4951480000,s,1340
4951655000,s,1340
4951745000,s,1340
4955073000,r,1440
4955073000,r,1440
4955073000,r,1440
4955476000,s,1340
4957068000,r,1440
4957068000,r,1440
4957068000,r,1440
4957068000,r,1440
4957069000,r,1440
4957069000,r,1440
4957069000,r,1440
4957069000,r,1440
4957482000,s,1340
4957574000,s,1340
4959277000,r,1440
4959277000,r,1440
4961204000,r,1440
4961444000,s,1340
4961513000,s,1340
4963512000,r,1440
4963512000,r,1440
4964086000,s,1340
4967864000,r,1440
4968520000,s,1340
4972031000,s,1340
4974298000,s,1340
4977933000,r,1440
4987564000,r,1440
4987564000,r,1440
4987565000,r,1440
4987565000,r,1440
4987565000,r,1440
4987565000,r,1440
4987566000,r,1440
4987566000,r,1440
4987775000,r,1440
4988631000,s,1340
4988775000,s,1340
4990027000,r,1440
4990028000,r,1440
4990028000,r,1440
4990028000,r,1440
4990619000,s,1340
4991561000,r,1440
4991561000,r,1440
4991561000,r,1440
4991561000,r,1440
4991562000,r,1440
4992399000,s,1340
4992651000,s,1340
4992793000,s,1340
4993061000,s,1340
4993178000,s,1340
4993305000,s,1340
4993384000,s,1340
4993508000,r,1440
4993508000,r,1440
4993632000,s,1340
4993752000,s,1340
4993864000,s,1340
4994150000,s,1340
4994393000,s,1340
4994507000,r,1440
4994508000,s,1340
4994507000,r,1440
4994598000,s,1340
4995236000,s,1340
4995374000,s,1340
4995588000,s,1340
4996095000,s,1340
4996145000,s,1340
5000256000,r,1440
5003555000,r,1440
5005014000,r,1440
5005515000,s,1340
5005672000,s,1340
5007360000,r,1440
5009608000,r,1440
5009608000,r,1440
5009608000,r,1440
5009608000,r,1440
5009608000,r,1440
5009609000,r,1440
5009609000,r,1440
5010281000,s,1340
5010342000,s,1340
5010453000,s,1340
5011531000,r,1440
5012282000,s,1340
5013266000,s,1340
5015012000,r,1440
5015012000,r,1440
5015504000,r,1440
5016260000,s,1340
5017367000,r,1440
5020685000,s,1340
5021521000,r,1440
5022254000,s,1340
5022727000,r,1440
5023293000,r,1440
5023435000,s,1340
5024690000,r,1440
5025316000,r,1440
5026181000,s,1340
5026321000,s,1340
5026500000,s,1340
5026590000,s,1340
5026773000,r,1440
5026773000,r,1440
5026860000,s,1340
5026992000,s,1340
5027099000,s,1340
5027227000,s,1340
5027352000,s,1340
5027658000,s,1340
5027704000,s,1340
5027773000,s,1340
5027829000,s,1340
5028130000,s,1340
5028381000,s,1340
5028497000,s,1340
5028685000,s,1340
5028791000,s,1340
5028884000,s,1340
5028975000,s,1340
5029066000,s,1340
5029157000,s,1340
5029251000,s,1340
5029346000,s,1340
5029436000,s,1340
5029527000,s,1340
5029619000,s,1340
5029713000,s,1340
5029807000,s,1340
5029899000,s,1340
5029993000,s,1340
5030028000,r,1440
5030095000,s,1340
5030190000,s,1340
5030319000,s,1340
5030464000,s,1340
5030601000,s,1340
5030749000,s,1340
5030898000,s,1340
5031179000,s,1340
5031453000,s,1340
5031524000,r,1440
5031524000,r,1440
5031524000,r,1440
5031626000,s,1340
5031903000,s,1340
5031998000,s,1340
5032276000,s,1340
5032357000,s,1340
5032510000,s,1340
5032652000,s,1340
5032795000,s,1340
5032949000,s,1340
5033099000,s,1340
5033236000,s,1340
5033374000,s,1340
5033518000,s,1340
5033939000,s,1340
5033996000,s,1340
5034126000,s,1340
5034156000,r,1440
5034156000,r,1440
5034156000,r,1440
5034157000,r,1440
5034157000,r,1440
5034157000,r,1440
5034157000,r,1440
5034545000,s,1340
5034780000,s,1340
5034893000,s,1340
5035025000,s,1340
5035161000,s,1340
5035288000,s,1340
5035424000,s,1340
5035424000,r,1440
5035424000,r,1440
5035424000,r,1440
5035424000,r,1440
5035424000,r,1440
5035424000,r,1440
5035425000,r,1440
5035556000,s,1340
5035635000,s,1340
5035704000,s,1340
5035765000,s,1340
5035859000,s,1340
5036125000,s,1340
5036546000,s,1340
5037217000,r,1440
5037218000,r,1440
5037218000,r,1440
5037493000,s,1340
5037547000,s,1340
5037559000,s,1340
5037568000,s,1340
5037576000,s,1340
5037584000,s,1340
5038014000,r,1440
5038342000,s,1340
5042891000,s,1340
5043730000,s,1340
5046248000,s,1340
5047525000,r,1440
5047526000,r,1440
5047526000,r,1440
5047885000,s,1340
5050848000,r,1440
5050848000,r,1440
5050849000,r,1440
5050849000,r,1440
5050849000,r,1440
5050849000,r,1440
5050849000,r,1440
5050849000,r,1440
5050924000,r,1440
5051172000,s,1340
5051217000,s,1340
5051408000,s,1340
5051596000,s,1340
5052814000,r,1440
5052814000,r,1440
5052814000,r,1440
5052814000,r,1440
5052814000,r,1440
5052815000,r,1440
5053807000,s,1340
5053933000,s,1340
5054051000,s,1340
5054172000,s,1340
5054289000,s,1340
5054361000,s,1340
5054419000,s,1340
5054540000,s,1340
5054724000,r,1440
5054724000,r,1440
5054724000,r,1440
5054791000,s,1340
5054724000,r,1440
5054724000,r,1440
5054724000,r,1440
5054927000,s,1340
5055035000,s,1340
5055292000,s,1340
5055412000,s,1340
5055534000,s,1340
5055651000,s,1340
5055701000,r,1440
5055701000,r,1440
5055755000,s,1340
5055859000,s,1340
5055964000,s,1340
5056052000,s,1340
5056453000,s,1340
5056619000,s,1340
5056845000,s,1340
5056942000,s,1340
5057086000,s,1340
5057280000,s,1340
5057491000,s,1340
5057828000,s,1340
5057970000,s,1340
5058316000,s,1340
5058514000,s,1340
5058671000,s,1340
5058803000,s,1340
5058932000,s,1340
5059217000,s,1340
5059368000,s,1340
5059509000,r,1440
5059636000,s,1340
5059674000,s,1340
5059733000,s,1340
5060119000,s,1340
5060262000,s,1340
5060388000,s,1340
5060523000,s,1340
5060668000,s,1340
5060799000,s,1340
5061070000,s,1340
5061195000,s,1340
5061311000,s,1340
5061548000,s,1340
5061788000,s,1340
5061985000,s,1340
5062255000,s,1340
5062294000,s,1340
5062372000,s,1340
5062446000,s,1340
5062514000,s,1340
5062572000,s,1340
5062630000,s,1340
5062694000,s,1340
5064048000,s,1340
5064210000,s,1340
5064300000,s,1340
5064512000,s,1340
5064636000,s,1340
5064866000,s,1340
5064899000,s,1340
5065064000,s,1340
5065450000,s,1340
5065588000,s,1340
5065699000,s,1340
5066002000,s,1340
5066379000,s,1340
5066446000,s,1340
5066543000,s,1340
5066618000,s,1340
5067546000,s,1340
5067588000,s,1340
5068878000,s,1340
5069063000,s,1340
5069214000,s,1340
5069313000,s,1340
5069369000,s,1340
5069704000,s,1340
5070031000,s,1340
5070144000,s,1340
5070416000,s,1340
5070533000,s,1340
5070692000,s,1340
5070896000,s,1340
5070978000,s,1340
5070976000,r,1440
5070976000,r,1440
5070976000,r,1440
5070976000,r,1440
5071214000,s,1340
5071348000,s,1340
5071457000,s,1340
5071598000,s,1340
5071885000,s,1340
5072015000,s,1340
5072112000,s,1340
5072208000,s,1340
5072434000,s,1340
5072537000,s,1340
5072635000,s,1340
5072785000,s,1340
5072854000,s,1340
5072902000,s,1340
5072962000,s,1340
5073035000,s,1340
5073320000,s,1340
5073465000,s,1340
5073686000,s,1340
5073827000,s,1340
5073945000,s,1340
5074048000,s,1340
5074302000,s,1340
5074426000,s,1340
5074512000,s,1340
5074599000,s,1340
5074839000,r,1440
5074839000,r,1440
5074839000,r,1440
5074839000,r,1440
5075050000,r,1440
5075051000,r,1440
5075051000,r,1440
5075422000,s,1340
5075855000,s,1340
5075975000,s,1340
5076056000,s,1340
5079355000,s,1340
5079414000,s,1340
5079549000,s,1340
5079606000,s,1340
5080745000,s,1340
5080768000,r,1440
5080768000,r,1440
5080768000,r,1440
5080768000,r,1440
5080768000,r,1440
5080769000,r,1440
5080769000,r,1440
5080933000,s,1340
5081058000,r,1440
5081070000,s,1340
5081109000,s,1340
5081123000,s,1340
5081190000,s,1340
5082992000,r,1440
5085908000,r,1440
5085908000,r,1440
5086590000,s,1340
5086702000,s,1340
5091079000,s,1340
5099537000,r,1440
5102977000,r,1440
5102977000,r,1440
5102977000,r,1440
5102977000,r,1440
5102977000,r,1440
5102977000,r,1440
5102978000,r,1440
5102978000,r,1440
5103822000,s,1340
5103885000,s,1340
5105844000,s,1340
5119539000,r,1440
5119539000,r,1440
5119539000,r,1440
5120268000,s,1340
5120330000,s,1340
5122419000,r,1440
5124358000,r,1440
5127519000,r,1440
5127520000,r,1440
5128112000,s,1340
5128710000,r,1440
5128710000,r,1440
5128710000,r,1440
5128710000,r,1440
5128711000,r,1440
5129175000,s,1340
5129235000,s,1340
5147577000,r,1440
5148517000,s,1340
5149781000,r,1440
5149781000,r,1440
5149781000,r,1440
5150096000,r,1440
5150684000,s,1340
5150885000,s,1340
5160584000,r,1440
5160764000,r,1440
5162083000,r,1440
5162938000,s,1340
5163532000,r,1440
5175556000,r,1440
5175556000,r,1440
5175556000,r,1440
5175556000,r,1440
5176990000,r,1440
5176990000,r,1440
5176990000,r,1440
5176990000,r,1440
5176991000,r,1440
5176991000,r,1440
5176991000,r,1440
5177179000,s,1340
5177276000,s,1340
5177668000,s,1340
5178017000,s,1340
5178229000,s,1340
5179526000,r,1440
5179526000,r,1440
5196185000,s,1340
5212440000,r,1440
5212440000,r,1440
5212440000,r,1440
5212441000,r,1440
5212441000,r,1440
5212441000,r,1440
5213904000,s,1340
5214165000,s,1340
5229176000,r,1440
5229176000,r,1440
5229176000,r,1440
5229177000,r,1440
5230588000,s,1340
5230785000,s,1340
5231523000,r,1440
5231770000,r,1440
5233063000,r,1440
5233654000,s,1340
5233840000,r,1440
5234058000,s,1340
5235624000,r,1440
5237953000,r,1440
5237953000,r,1440
5238419000,s,1340
5239527000,r,1440
5242516000,r,1440
5242516000,r,1440
5242886000,s,1340
5243092000,s,1340
5246060000,r,1440
5246060000,r,1440
5246986000,r,1440
5247270000,s,1340
5249152000,r,1440
5253671000,r,1440
5253671000,r,1440
5254220000,s,1340
5254303000,s,1340
5255338000,r,1440
5272371000,s,1340
5282041000,r,1440
5282041000,r,1440
5283820000,r,1440
5285181000,s,1340
5285651000,r,1440
5287349000,r,1440
5287350000,r,1440
5288196000,s,1340
5288331000,s,1340
5290927000,r,1440
5290927000,r,1440
5293461000,r,1440
5293461000,r,1440
5293944000,s,1340
5294050000,r,1440
5294294000,s,1340
5295548000,r,1440
5298189000,r,1440
5298189000,r,1440
5298730000,r,1440
5299340000,s,1340
5301704000,r,1440
5301704000,r,1440
5301704000,r,1440
5302145000,s,1340
5302200000,s,1340
5303149000,r,1440
5303150000,r,1440
5309684000,r,1440
5309685000,r,1440
5309685000,r,1440
5309685000,r,1440
5310069000,s,1340
5310553000,s,1340
5310775000,s,1340
5312803000,r,1440
5312804000,r,1440
5323159000,r,1440
5323159000,r,1440
5324296000,s,1340
5324473000,s,1340
5325699000,r,1440
5325699000,r,1440
5326152000,s,1340
5327426000,r,1440
5329277000,r,1440
5329409000,r,1440
5329685000,s,1340
5329765000,s,1340
5333042000,r,1440
5333043000,r,1440
5335542000,r,1440
5335542000,r,1440
5336014000,s,1340
5336389000,r,1440
5336389000,r,1440
5337019000,s,1340
5337735000,r,1440
5338997000,s,1340
5341657000,r,1440
5341658000,r,1440
5341658000,r,1440
5341658000,r,1440
5342075000,s,1340
5342397000,s,1340
5345746000,r,1440
5345746000,r,1440
5345746000,r,1440
5346920000,s,1340
5347533000,r,1440
5347654000,r,1440
5348547000,s,1340
5348568000,r,1440
5349540000,s,1340
5351428000,r,1440
8655741000,r,1440
8655742000,r,1440
8655742000,r,1440
8655743000,r,1440
8655743000,r,1440
8655744000,r,1440
8655744000,r,1440
8655744000,r,1440
8656579000,r,1440
8656579000,r,1440
8656580000,r,1440
8656580000,r,1440
8656581000,r,1440
8656581000,r,1440
8656582000,r,1440
8660709000,s,1340
8661485000,s,1340
8662289000,s,1340
8662664000,s,1340
8662885000,s,1340
8663161000,s,1340
8663445000,s,1340
8663808000,s,1340
8664067000,s,1340
8664264000,s,1340
8664536000,s,1340
8664782000,s,1340
8664988000,s,1340
8665183000,s,1340
8665455000,s,1340
8665768000,s,1340
8666058000,s,1340
8666314000,s,1340
8666602000,s,1340
8667054000,s,1340
8667270000,s,1340
8667468000,s,1340
8667870000,s,1340
8668182000,s,1340
8668461000,s,1340
8668745000,s,1340
8669024000,s,1340
8669251000,s,1340
8669459000,s,1340
8669655000,s,1340
8669836000,s,1340
8670019000,s,1340
8670199000,s,1340
8670379000,s,1340
8670654000,s,1340
8671241000,s,1340
8671467000,s,1340
8672546000,s,1340
8672839000,s,1340
8673095000,s,1340
8673356000,s,1340
8673547000,r,1440
8673597000,s,1340
8673547000,r,1440
8673857000,s,1340
8675124000,s,1340
8675445000,s,1340
8675792000,s,1340
8676054000,s,1340
8676281000,s,1340
8676486000,s,1340
8676701000,s,1340
8676931000,s,1340
8677175000,s,1340
8677439000,s,1340
8677697000,s,1340
8677941000,s,1340
8678209000,s,1340
8678434000,s,1340
8678661000,s,1340
8678879000,s,1340
8679132000,s,1340
8679377000,s,1340
8679693000,s,1340
8679925000,s,1340
8680152000,s,1340
8680398000,s,1340
8680611000,s,1340
8680831000,s,1340
8681060000,s,1340
8681281000,s,1340
8681530000,s,1340
8681747000,s,1340
8681971000,s,1340
8682190000,s,1340
8682405000,s,1340
8682650000,s,1340
8682873000,s,1340
8683099000,s,1340
8683334000,s,1340
8683678000,s,1340
8685837000,s,1340
8687607000,r,1440
8687607000,r,1440
8687608000,r,1440
8687608000,r,1440
8687609000,r,1440
8687609000,r,1440
8687610000,r,1440
8687610000,r,1440
8688020000,r,1440
8688020000,r,1440
8688021000,r,1440
8688021000,r,1440
8688022000,r,1440
8688022000,r,1440
8688023000,r,1440
8688023000,r,1440
8688217000,r,1440
8688218000,r,1440
8688218000,r,1440
8688219000,r,1440
8688442000,r,1440
8688442000,r,1440
8688443000,r,1440
8688443000,r,1440
8688825000,r,1440
8688826000,r,1440
8689300000,r,1440
8689301000,r,1440
8689301000,r,1440
8689302000,r,1440
8689302000,r,1440
8689621000,s,1340
8690007000,s,1340
8690322000,s,1340
8690659000,s,1340
8690950000,s,1340
8691245000,s,1340
8691864000,s,1340
8692576000,s,1340
8694722000,s,1340
8695989000,s,1340
8696669000,s,1340
8697064000,s,1340
8697592000,s,1340
8697951000,s,1340
8698256000,s,1340
8698558000,s,1340
8698845000,s,1340
8699121000,s,1340
8699405000,s,1340
8699524000,r,1440
8699877000,s,1340
8700185000,s,1340
8700484000,s,1340
8700797000,s,1340
8701063000,s,1340
8701357000,s,1340
8701641000,s,1340
8701930000,s,1340
8702219000,s,1340
8702506000,s,1340
8702804000,s,1340
8703060000,s,1340
8703702000,s,1340
8704010000,s,1340
8704276000,s,1340
8704542000,s,1340
8704819000,s,1340
8705089000,s,1340
8705326000,s,1340
8705584000,s,1340
8705830000,s,1340
8706091000,s,1340
8706384000,s,1340
8706637000,s,1340
8706886000,s,1340
8707140000,s,1340
8707386000,s,1340
8709597000,s,1340
8709914000,s,1340
8710159000,s,1340
8710414000,s,1340
8713019000,s,1340
8713346000,s,1340
8713634000,s,1340
8713975000,s,1340
8714228000,s,1340
8714510000,s,1340
8714796000,s,1340
8715079000,s,1340
8715345000,s,1340
8715931000,r,1440
8716017000,s,1340
8715931000,r,1440
8715932000,r,1440
8715932000,r,1440
8715933000,r,1440
8715933000,r,1440
8715933000,r,1440
8716320000,s,1340
8717768000,s,1340
8718016000,s,1340
8718210000,s,1340
8718409000,s,1340
8718625000,s,1340
8718703000,r,1440
8718832000,s,1340
8718703000,r,1440
8718704000,r,1440
8718704000,r,1440
8718705000,r,1440
8718705000,r,1440
8718706000,r,1440
8718706000,r,1440
8719042000,s,1340
8719048000,r,1440
8719049000,r,1440
8719049000,r,1440
8719050000,r,1440
8719050000,r,1440
8719051000,r,1440
8719229000,r,1440
8719230000,r,1440
8719230000,r,1440
8719269000,s,1340
8719231000,r,1440
8719584000,s,1340
8719882000,s,1340
8720089000,s,1340
8720305000,s,1340
8720547000,s,1340
8720845000,s,1340
8721070000,s,1340
8721276000,s,1340
8721491000,s,1340
8721698000,s,1340
8721922000,s,1340
8722159000,s,1340
8722365000,s,1340
8722569000,s,1340
8722766000,s,1340
8722974000,s,1340
8723142000,r,1440
8723186000,s,1340
8723142000,r,1440
8723143000,r,1440
8723143000,r,1440
8723414000,s,1340
8723570000,r,1440
8723571000,r,1440
8723571000,r,1440
8723715000,s,1340
8723978000,s,1340
8724198000,s,1340
8724427000,s,1340
8724636000,s,1340
8724830000,s,1340
8725110000,s,1340
8725418000,s,1340
8725699000,s,1340
8725946000,s,1340
8726207000,s,1340
8726479000,s,1340
8726760000,s,1340
8726961000,s,1340
8727138000,s,1340
8727373000,s,1340
8727871000,s,1340
8728145000,s,1340
8728411000,s,1340
8728709000,s,1340
8728964000,s,1340
8729215000,s,1340
8729507000,s,1340
8729784000,s,1340
8730038000,s,1340
8730379000,s,1340
8730655000,s,1340
8730915000,s,1340
8731169000,s,1340
8731417000,s,1340
8731793000,s,1340
8732066000,s,1340
8732324000,s,1340
8732621000,s,1340
8732902000,s,1340
8733172000,s,1340
8733443000,s,1340
8733720000,s,1340
8733998000,s,1340
8734286000,s,1340
8734540000,s,1340
8734777000,s,1340
8735005000,s,1340
8735190000,s,1340
8735398000,s,1340
8735714000,s,1340
8736016000,s,1340
8736261000,s,1340
8736511000,s,1340
8736755000,s,1340
8736990000,s,1340
8737318000,s,1340
8737566000,s,1340
8737802000,s,1340
8738040000,s,1340
8738291000,s,1340
8738518000,s,1340
8738752000,s,1340
8738981000,s,1340
8739244000,s,1340
8739478000,s,1340
8739921000,s,1340
8740110000,s,1340
8740295000,s,1340
8740455000,s,1340
8740619000,s,1340
8740779000,s,1340
8740932000,s,1340
8741093000,s,1340
8741273000,s,1340
8741443000,s,1340
8741603000,s,1340
8741758000,s,1340
8741922000,s,1340
8742077000,s,1340
8742234000,s,1340
8742410000,s,1340
8742568000,s,1340
8742719000,s,1340
8742877000,s,1340
8743038000,s,1340
8743195000,s,1340
8743374000,s,1340
8747607000,r,1440
8747607000,r,1440
8749102000,s,1340
8749146000,r,1440
8749146000,r,1440
8749147000,r,1440
8749147000,r,1440
8749147000,r,1440
8749148000,r,1440
8749148000,r,1440
8749149000,r,1440
8749572000,r,1440
8749572000,r,1440
8749573000,r,1440
8749573000,r,1440
8749574000,r,1440
8749574000,r,1440
8749575000,r,1440
8749575000,r,1440
8749724000,r,1440
8749725000,r,1440
8749725000,r,1440
8749726000,r,1440
8749726000,r,1440
8749727000,r,1440
8749727000,r,1440
8750234000,r,1440
8750234000,r,1440
8750353000,s,1340
8751404000,r,1440
8751405000,r,1440
8751405000,r,1440
8751406000,r,1440
8751406000,r,1440
8753020000,r,1440
8753020000,r,1440
8753021000,r,1440
8753021000,r,1440
8753022000,r,1440
8753022000,r,1440
8753023000,r,1440
8753023000,r,1440
8754322000,r,1440
8754322000,r,1440
8754323000,r,1440
8754323000,r,1440
8755337000,r,1440
8758939000,r,1440
8758940000,r,1440
8758940000,r,1440
8758941000,r,1440
8758941000,r,1440
8758942000,r,1440
8760400000,s,1340
8760744000,s,1340
8761026000,s,1340
8761303000,s,1340
8761632000,s,1340
8761926000,s,1340
8762198000,s,1340
8762471000,s,1340
8762952000,s,1340
8763247000,s,1340
8763478000,r,1440
8763478000,r,1440
8763646000,s,1340
8763957000,s,1340
8764187000,r,1440
8764256000,s,1340
8764591000,s,1340
8764926000,s,1340
8765239000,s,1340
8765530000,s,1340
8765847000,s,1340
8766157000,s,1340
8766439000,s,1340
8766526000,r,1440
8766767000,s,1340
8767053000,s,1340
8767348000,s,1340
8767776000,s,1340
8768118000,s,1340
8768427000,s,1340
8768713000,s,1340
8769040000,s,1340
8769184000,r,1440
8769184000,r,1440
8769334000,s,1340
8769629000,s,1340
8769931000,s,1340
8770224000,s,1340
8770413000,r,1440
8770594000,s,1340
8770896000,s,1340
8771222000,s,1340
8771390000,r,1440
8771649000,s,1340
8771945000,s,1340
8772239000,s,1340
8772534000,s,1340
8772834000,s,1340
8773136000,s,1340
8773466000,s,1340
8773769000,s,1340
8773991000,s,1340
8775530000,r,1440
8776646000,r,1440
8776646000,r,1440
8776647000,r,1440
8776647000,r,1440
8776648000,r,1440
8777149000,s,1340
8777216000,r,1440
8777774000,s,1340
8778028000,s,1340
8779578000,r,1440
8779718000,r,1440
8780057000,r,1440
8781008000,s,1340
8781379000,s,1340
8782526000,r,1440
8786498000,r,1440
8786498000,r,1440
8787909000,s,1340
8789803000,r,1440
8789803000,r,1440
8790417000,r,1440
8791821000,s,1340
8793504000,s,1340
8795549000,r,1440
9468038000,r,1440
9468038000,r,1440
9468039000,r,1440
9468039000,r,1440
9468040000,r,1440
9468040000,r,1440
9470965000,s,1340
9471318000,s,1340
9931701000,r,1440
9931702000,r,1440
9932572000,r,1440
9932573000,r,1440
9932573000,r,1440
9932574000,r,1440
9932574000,r,1440
9935999000,s,1340
9936531000,s,1340
10239696000,r,1440
10239697000,r,1440
10239697000,r,1440
10239698000,r,1440
10239698000,r,1440
10239699000,r,1440
10239699000,r,1440
10239700000,r,1440
10240195000,r,1440
10243358000,s,1340
10244056000,s,1340
10244357000,s,1340
10244549000,s,1340
10254043000,r,1440
10254043000,r,1440
10260017000,r,1440
10262208000,s,1340
10276013000,r,1440
10276014000,r,1440
10276014000,r,1440
10276015000,r,1440
10276015000,r,1440
10277605000,s,1340
10277919000,r,1440
10277939000,s,1340
10279228000,r,1440
10279555000,s,1340
10283616000,r,1440
10283616000,r,1440
10285246000,s,1340
10285421000,r,1440
10285421000,r,1440
10287051000,s,1340
10290569000,r,1440
10290570000,r,1440
10290570000,r,1440
10290570000,r,1440
10291427000,r,1440
10292002000,s,1340
10292322000,s,1340
10292549000,r,1440
10293473000,r,1440
10294510000,s,1340
10299617000,r,1440
13971763000,r,1440
13971764000,r,1440
13973767000,s,1340
13973971000,s,1340
15526302000,s,1340
15565326000,s,1340
15565776000,s,1340
15565982000,s,176
15587962000,r,120
15596754000,s,1340
18682677000,r,1440
18682677000,r,1440
18682678000,r,1440
18682678000,r,1440
18682679000,r,1440
18682679000,r,1440
18686531000,s,1340
18686948000,s,1340
18687808000,s,1340
18691020000,s,1340
18698254000,s,1340
18702414000,r,1440
18702414000,r,1440
18702415000,r,1440
18702828000,r,1440
18704059000,s,1340
18704853000,s,1340
18705136000,s,1340
18705397000,s,1340
18705427000,r,1440
18705629000,s,1340
18705427000,r,1440
18705769000,s,1340
18705898000,r,1440
18705917000,s,1340
18706108000,s,1340
18706377000,s,1340
18706596000,s,1340
18706766000,s,1340
18706916000,s,1340
18707106000,s,1340
18710348000,r,1440
18710348000,r,1440
18710349000,r,1440
18711489000,r,1440
18712130000,s,1340
18712907000,s,1340
18714668000,r,1440
18714669000,r,1440
18714669000,r,1440
18715113000,r,1440
18716526000,s,1340
18716875000,s,1340
18717120000,r,1440
18717121000,r,1440
18717121000,r,1440
18718313000,r,1440
18718788000,s,1340
18719373000,s,1340
18721681000,r,1440
18721682000,r,1440
18721682000,r,1440
18721683000,r,1440
18722930000,s,1340
18723100000,r,1440
18723268000,s,1340
20726222000,s,1340
20765055000,s,1340
20765510000,s,1340
23092076000,r,1440
23092077000,r,1440
23095243000,s,1340
23551026000,r,1440
23551026000,r,1440
23551027000,r,1440
23551027000,r,1440
23551028000,r,1440
23551028000,r,1440
23551029000,r,1440
23551029000,r,1440
23553782000,s,1340
23554170000,s,1340
23563644000,r,1440
23565509000,r,1440
23565510000,r,1440
23566237000,r,1440
23567355000,s,1340