0,s,1340
41726000,s,1340
42194000,s,1340
2000209000,s,1340
2042015000,s,1340
2042474000,s,1340
2350503000,s,1340
2362237000,r,1440
2364173000,r,1440
4401092000,s,1340
4441587000,s,1340
4442020000,s,1340
4442122000,s,1340
4442143000,s,1340
4459010000,s,1340
4459208000,s,1340
4463995000,r,1440
4464693000,s,1340
4465343000,s,1340
4465392000,s,1340
4466134000,r,1440
4466134000,r,1440
4475801000,r,1440
4475801000,r,1440
4475801000,r,1440
4476576000,s,1340
4476896000,s,1340
4477092000,s,1340
4477195000,s,1340
4477366000,s,1340
4477774000,s,1340
4478130000,r,1440
4478131000,r,1440
4478200000,s,1340
4479168000,r,1440
4479747000,s,1340
4481036000,r,1440
4482456000,r,1440
4482845000,s,1340
4484435000,r,1440
4484910000,s,1340
4486556000,s,1340
4488428000,r,1440
4490490000,r,1440
4490490000,r,1440
4490490000,r,1440
4491322000,s,1340
4491606000,s,1340
4491733000,s,1340
4491849000,s,1340
4491961000,s,1340
4492075000,s,1340
4492184000,s,1340
4492293000,s,1340
4492399000,s,1340
4492749000,s,1340
4493127000,s,1340
4493335000,s,1340
4493447000,s,1340
4493685000,s,1340
4493850000,s,1340
4493947000,s,1340
4494127000,s,1340
4494281000,s,1340
4494496000,s,1340
4494713000,s,1340
4494774000,r,1440
4494827000,s,1340
4495095000,s,1340
4495214000,s,1340
4495384000,s,1340
4495438000,s,1340
4495670000,s,1340
4495738000,s,1340
4495812000,s,1340
4496042000,s,1340
4496102000,r,1440
4496215000,s,1340
4499499000,r,1440
4499937000,s,1340
4504425000,r,1440
4507060000,s,1340
4507151000,r,1440
4507152000,r,1440
4507690000,s,1340
4507779000,r,1440
4507796000,s,1340
4507922000,r,1440
4511348000,s,1340
4511463000,s,1340
4511553000,s,1340
4513121000,r,1440
4513121000,r,1440
4513121000,r,1440
4513964000,s,1340
4514414000,s,1340
4516483000,r,1440
4516484000,r,1440
4516484000,r,1440
4516485000,r,1440
4516485000,r,1440
4516485000,r,1440
4516486000,r,1440
4516486000,r,1440
4517349000,s,1340
4517636000,s,1340
4518018000,s,1340
4518353000,s,1340
4518427000,s,1340
4527102000,r,1440
4527102000,r,1440
4527264000,r,1440
4528118000,s,1340
4528275000,s,1340
4529400000,s,1340
4530275000,s,1340
4530509000,s,1340
4545348000,r,1440
4545348000,r,1440
4551489000,s,1340
4551622000,s,1340
4552769000,s,1340
4561773000,r,1440
4561774000,r,1440
4564406000,s,1340
4564712000,s,1340
4564929000,s,1340
4565044000,r,1440
4565044000,r,1440
4565166000,s,1340
4565289000,s,1340
4565433000,s,1340
4565484000,s,1340
4565509000,s,1340
4565526000,s,1340
4565621000,s,1340
4565711000,s,1340
4565917000,s,1340
4566031000,s,1340
4566097000,s,1340
4566255000,s,1340
4566402000,s,1340
4566521000,s,1340
4566815000,s,1340
4567084000,s,1340
4567213000,s,1340
4567336000,s,1340
4567569000,s,1340
4567692000,s,1340
4568071000,s,1340
4568322000,s,1340
4568364000,s,1340
4568436000,r,1440
4568539000,s,1340
4568661000,s,1340
4568785000,s,1340
4569029000,s,1340
4569292000,s,1340
4569409000,s,1340
4569529000,s,1340
4569790000,s,1340
4569918000,s,1340
4570079000,s,1340
4570286000,s,1340
4570407000,s,1340
4570530000,s,1340
4570641000,s,1340
4570812000,s,1340
4570975000,s,1340
4571224000,s,1340
4571298000,r,1440
4571299000,r,1440
4571299000,r,1440
4571384000,s,1340
4571500000,s,1340
4571650000,s,1340
4571752000,s,1340
4571813000,s,1340
4571813000,r,1440
4571813000,r,1440
4571883000,s,1340
4571937000,s,1340
4572062000,s,1340
4572120000,s,1340
4572145000,s,1340
4574121000,s,1340
4574265000,s,1340
4575139000,r,1440
4575139000,r,1440
4575139000,r,1440
4575139000,r,1440
4575139000,r,1440
4575139000,r,1440
4575140000,r,1440
4575140000,r,1440
4575255000,r,1440
4575255000,r,1440
4575255000,r,1440
4575255000,r,1440
4575897000,s,1340
4576352000,s,1340
4576538000,s,1340
4576647000,s,1340
4576739000,s,1340
4576825000,s,1340
4576953000,s,1340
4577084000,s,1340
4577178000,r,1440
4577201000,s,1340
4577178000,r,1440
4577178000,r,1440
4577178000,r,1440
4577178000,r,1440
4577179000,r,1440
4577179000,r,1440
4577179000,r,1440
4577267000,r,1440
4577267000,r,1440
4577267000,r,1440
4577267000,r,1440
4577327000,s,1340
4577472000,s,1340
4577605000,s,1340
4577738000,s,1340
4577888000,s,1340
4578022000,s,1340
4578157000,s,1340
4578282000,s,1340
4578423000,s,1340
4578567000,s,1340
4578698000,s,1340
4578828000,s,1340
4578954000,s,1340
4579083000,s,1340
4579214000,s,1340
4579309000,s,1340
4579436000,s,1340
4580082000,s,1340
4580863000,s,1340
4580973000,s,1340
4581065000,s,1340
4581126000,s,1340
4581190000,s,1340
4581283000,s,1340
4581366000,s,1340
4581464000,s,1340
4581514000,r,1440
4581586000,s,1340
4581514000,r,1440
4581514000,r,1440
4581514000,r,1440
4581683000,s,1340
4581783000,s,1340
4581910000,s,1340
4582033000,s,1340
4582148000,s,1340
4582266000,s,1340
4582850000,r,1440
4583445000,s,1340
4584434000,r,1440
4584963000,s,1340
4585031000,s,1340
4585377000,s,1340
4585717000,s,1340
4585844000,s,1340
4585947000,s,1340
4586043000,s,1340
4586123000,s,1340
4586210000,s,1340
4586260000,s,1340
4586532000,s,1340
4586675000,s,1340
4586730000,s,1340
4587944000,s,1340
4588059000,s,1340
4589461000,r,1440
4589473000,s,1340
4589461000,r,1440
4590235000,s,1340
4590338000,s,1340
4590413000,s,1340
4590717000,s,1340
4590910000,r,1440
4590910000,r,1440
4591004000,s,1340
4591172000,s,1340
4591350000,s,1340
4591442000,s,1340
4591515000,s,1340
4591705000,s,1340
4591796000,s,1340
4591988000,s,1340
4592253000,s,1340
4592334000,s,1340
4592674000,s,1340
4592735000,r,1440
4592753000,s,1340
4592829000,s,1340
4592958000,s,1340
4593040000,s,1340
4596421000,r,1440
4599979000,r,1440
4599979000,r,1440
4599979000,r,1440
4599979000,r,1440
4599979000,r,1440
4599979000,r,1440
4599980000,r,1440
4599980000,r,1440
4600540000,s,1340
4600776000,s,1340
4600854000,s,1340
4601277000,s,1340
4601411000,s,1340
4604888000,s,1340
4612041000,s,1340
4620330000,r,1440
4620330000,r,1440
4620331000,r,1440
4620331000,r,1440
4620331000,r,1440
4620331000,r,1440
4620331000,r,1440
4620331000,r,1440
4620565000,r,1440
4621226000,s,1340
4621310000,s,1340
4621330000,s,1340
4621344000,s,1340
4621394000,s,1340
4621417000,s,1340
4621491000,s,1340
4621534000,s,1340
4621549000,s,1340
4621562000,s,1340
4622708000,s,1340
4622820000,s,1340
4622908000,s,1340
4623109000,s,1340
4623429000,s,1340
4623527000,s,1340
4623801000,s,1340
4623924000,s,1340
4624148000,s,1340
4624479000,s,1340
4624691000,s,1340
4624810000,s,1340
4624901000,s,1340
4624985000,s,1340
4625067000,s,1340
4625287000,s,1340
4625403000,s,1340
4625730000,s,1340
4625819000,s,1340
4625903000,s,1340
4626072000,s,1340
4626246000,s,1340
4626676000,s,1340
4626828000,s,1340
4626993000,s,1340
4627122000,s,1340
4627224000,s,1340
4627328000,s,1340
4627446000,s,1340
4627751000,s,1340
4627860000,s,1340
4627965000,s,1340
4628128000,s,1340
4628355000,s,1340
4628586000,s,1340
4628855000,s,1340
4628965000,s,1340
4629065000,s,1340
4629158000,s,1340
4629412000,s,1340
4629886000,s,1340
4630082000,s,1340
4630200000,s,1340
4630302000,s,1340
4630441000,s,1340
4630559000,s,1340
4630683000,s,1340
4630772000,s,1340
4630928000,s,1340
4631036000,s,1340
4631114000,s,1340
4631330000,s,1340
4631351000,r,1440
4631351000,r,1440
4631522000,s,1340
4632746000,s,1340
4632849000,s,1340
4634135000,s,1340
4634320000,s,1340
4634491000,s,1340
4634655000,s,1340
4634817000,s,1340
4634923000,r,1440
4634923000,r,1440
4634923000,r,1440
4634963000,s,1340
4635170000,s,1340
4635336000,s,1340
4635480000,s,1340
4635630000,s,1340
4635771000,s,1340
4635920000,s,1340
4635939000,r,1440
4635939000,r,1440
4636074000,s,1340
4636229000,s,1340
4637000000,s,1340
4637141000,s,1340
4637223000,s,1340
4637295000,s,1340
4637324000,r,1440
4637393000,s,1340
4637471000,s,1340
4637544000,s,1340
4637642000,s,1340
4637738000,s,1340
4638063000,s,1340
4638182000,s,1340
4638267000,s,1340
4639504000,s,1340
4639614000,s,1340
4639722000,s,1340
4639779000,s,1340
4640025000,s,1340
4640086000,s,1340
4640186000,s,1340
4640827000,s,1340
4640884000,s,1340
4645799000,r,1440
4645799000,r,1440
4647201000,s,1340
4647273000,s,1340
4647352000,s,1340
4647568000,s,1340
4647779000,s,1340
4647806000,s,1340
4647984000,s,1340
4658097000,s,1340
4658276000,s,1340
4658372000,s,1340
4659216000,s,1340
4660240000,s,1340
4660335000,s,1340
4660691000,s,1340
4660808000,s,1340
4660908000,s,1340
4661224000,s,1340
4661336000,s,1340
4661530000,s,1340
4661648000,s,1340
4661799000,s,1340
4661906000,s,1340
4662002000,s,1340
4662159000,s,1340
4662255000,s,1340
4662453000,s,1340
4662676000,s,1340
4662730000,s,1340
4662812000,s,1340
4662880000,s,1340
4663124000,s,1340
4663235000,s,1340
4663290000,s,1340
4663516000,s,1340
4663906000,s,1340
4664572000,s,1340
4664681000,s,1340
4664778000,s,1340
4664981000,s,1340
4665088000,s,1340
4665363000,s,1340
4665467000,s,1340
4665636000,s,1340
4665733000,s,1340
4665819000,s,1340
4666053000,s,1340
4666277000,s,1340
4666430000,s,1340
4666543000,s,1340
4666619000,s,1340
4667124000,s,1340
4667222000,s,1340
4667313000,s,1340
4667401000,s,1340
4667468000,s,1340
4667532000,s,1340
4667765000,s,1340
4667867000,s,1340
4667961000,s,1340
4668218000,s,1340
4668805000,s,1340
4668942000,s,1340
4669229000,s,1340
4669350000,s,1340
4669491000,s,1340
4669607000,s,1340
4669792000,s,1340
4670077000,s,1340
4670287000,s,1340
4670403000,s,1340
4670510000,s,1340
4670713000,s,1340
4670831000,s,1340
4671089000,s,1340
4671291000,s,1340
4671393000,s,1340
4671624000,s,1340
4671736000,s,1340
4671966000,s,1340
4672153000,s,1340
4672264000,s,1340
4672372000,s,1340
4672567000,s,1340
4672692000,s,1340
4672811000,s,1340
4672925000,s,1340
4673040000,s,1340
4673307000,s,1340
4683591000,s,1340
4711904000,s,1340
4711998000,s,1340
4723611000,r,1440
4723869000,s,1340
4725472000,r,1440
4725472000,r,1440
4725933000,s,1340
4727671000,r,1440
4727672000,r,1440
4728598000,s,1340
4728625000,r,1440
4729099000,s,1340
4736068000,s,1340
4736163000,r,1440
4737603000,r,1440
4737753000,s,1340
4744431000,r,1440
4746691000,r,1440
4747023000,s,1340
4748038000,r,1440
4748378000,s,1340
4748454000,s,1340
4751248000,r,1440
4834386000,r,1440
4834386000,r,1440
4834386000,r,1440
4834386000,r,1440
4835365000,s,1340
4835461000,s,1340
4845414000,s,1340
4876996000,s,1340
4927737000,r,1440
4927737000,r,1440
4927737000,r,1440
4927737000,r,1440
4928886000,s,1340
4929089000,s,1340
4929156000,s,1340
4929183000,s,1340
4938536000,s,1340
7496655000,r,1440
7496656000,r,1440
7496656000,r,1440
7496657000,r,1440
7496657000,r,1440
7496658000,r,1440
7496658000,r,1440
7496659000,r,1440
7497637000,r,1440
7497637000,r,1440
7497804000,r,1440
7497805000,r,1440
7497805000,r,1440
7497806000,r,1440
7501941000,s,1340
7502394000,s,1340
7502619000,s,1340
7502902000,s,1340
7503130000,s,1340
7503333000,s,1340
7503635000,s,1340
7503929000,s,1340
7504210000,s,1340
7504397000,s,1340
7504724000,s,1340
7504987000,s,1340
7505194000,s,1340
7514526000,r,1440
7514527000,r,1440
7514527000,r,1440
7514528000,r,1440
7514528000,r,1440
7514529000,r,1440
7514529000,r,1440
7515604000,s,1340
7516013000,r,1440
7516013000,r,1440
7516014000,r,1440
7516014000,r,1440
7516015000,r,1440
7516015000,r,1440
7516016000,r,1440
7516016000,r,1440
7516168000,r,1440
7516168000,r,1440
7517904000,r,1440
7517904000,r,1440
7517905000,r,1440
7517905000,r,1440
7518672000,s,1340
7519754000,s,1340
7520917000,s,1340
7521147000,s,1340
7521305000,s,1340
7521470000,s,1340
7521765000,s,1340
7522570000,s,1340
7523017000,s,1340
7523409000,s,1340
7523725000,s,1340
7524001000,s,1340
7524258000,s,1340
7524637000,s,1340
7524959000,s,1340
7525694000,s,1340
7526381000,s,1340
7526711000,s,1340
7526998000,s,1340
7527262000,s,1340
7527531000,s,1340
7527793000,s,1340
7528070000,s,1340
7528343000,s,1340
7528551000,r,1440
7528722000,s,1340
7529039000,s,1340
7529326000,s,1340
7529598000,s,1340
7529882000,s,1340
7530203000,s,1340
7530289000,r,1440
7530289000,r,1440
7530290000,r,1440
7530507000,s,1340
7530290000,r,1440
7530797000,s,1340
7531067000,s,1340
7531322000,s,1340
7531594000,s,1340
7531862000,s,1340
7531868000,r,1440
7532133000,s,1340
7532248000,r,1440
7532383000,s,1340
7533790000,s,1340
7534120000,s,1340
7534421000,s,1340
7534699000,s,1340
7534964000,s,1340
7535220000,s,1340
7535303000,r,1440
7535304000,r,1440
7535481000,s,1340
7535748000,s,1340
7536013000,s,1340
7536303000,s,1340
7536483000,r,1440
7536730000,s,1340
7537058000,s,1340
7537351000,s,1340
7537618000,s,1340
7537923000,s,1340
7538196000,s,1340
7538471000,s,1340
7538762000,s,1340
7539034000,s,1340
7539296000,s,1340
7539429000,r,1440
7539597000,s,1340
7539430000,r,1440
7539430000,r,1440
7539431000,r,1440
7539431000,r,1440
7539432000,r,1440
7539432000,r,1440
7539432000,r,1440
7539819000,r,1440
7539877000,s,1340
7540171000,s,1340
7540566000,s,1340
7540908000,s,1340
7541218000,s,1340
7541533000,s,1340
7541804000,r,1440
7541804000,r,1440
7541978000,s,1340
7542302000,s,1340
7542626000,s,1340
7542906000,s,1340
7543208000,s,1340
7543479000,s,1340
7543742000,s,1340
7544026000,s,1340
7544277000,s,1340
7544457000,r,1440
7544457000,r,1440
7544457000,r,1440
7544457000,r,1440
7544671000,s,1340
7544977000,s,1340
7545154000,r,1440
7545154000,r,1440
7545154000,r,1440
7545154000,r,1440
7545155000,r,1440
7545155000,r,1440
7545269000,s,1340
7545577000,s,1340
7545875000,s,1340
7546185000,s,1340
7546472000,s,1340
7546759000,s,1340
7547058000,s,1340
7547387000,s,1340
7547669000,s,1340
7547884000,s,1340
7548177000,s,1340
7548543000,s,1340
7548823000,s,1340
7549089000,s,1340
7549379000,s,1340
7549630000,s,1340
7549886000,s,1340
7550151000,s,1340
7550435000,s,1340
7550717000,s,1340
7550996000,s,1340
7551267000,s,1340
7551566000,s,1340
7551836000,s,1340
7552099000,s,1340
7552406000,s,1340
7552799000,s,1340
7553077000,s,1340
7553329000,s,1340
7553622000,s,1340
7553889000,s,1340
7554145000,s,1340
7554409000,s,1340
7554693000,s,1340
7554989000,s,1340
7555250000,s,1340
7555509000,s,1340
7555530000,r,1440
7555530000,r,1440
7555803000,s,1340
7556070000,s,1340
7556103000,r,1440
7556353000,s,1340
7556701000,s,1340
7556973000,s,1340
7557269000,s,1340
7557548000,s,1340
7557837000,s,1340
7558117000,s,1340
7558408000,s,1340
7558676000,s,1340
7558955000,s,1340
7559236000,s,1340
7559515000,s,1340
7559725000,r,1440
7559784000,s,1340
7559725000,r,1440
7559726000,r,1440
7559726000,r,1440
7559727000,r,1440
7559727000,r,1440
7560096000,s,1340
7560377000,s,1340
7560478000,r,1440
7560479000,r,1440
7561051000,s,1340
7561353000,s,1340
7561649000,s,1340
7561947000,s,1340
7562044000,r,1440
7562045000,r,1440
7562045000,r,1440
7562305000,s,1340
7562614000,s,1340
7562907000,s,1340
7563069000,r,1440
7563218000,s,1340
7563451000,s,1340
7563676000,s,1340
7563899000,s,1340
7564131000,s,1340
7564356000,s,1340
7564639000,s,1340
7564873000,s,1340
7565076000,s,1340
7565284000,s,1340
7565509000,s,1340
7565734000,s,1340
7565947000,s,1340
7566161000,s,1340
7566372000,s,1340
7566567000,s,1340
7566792000,s,1340
7566995000,s,1340
7567168000,s,1340
7567390000,s,1340
7567637000,s,1340
7567841000,s,1340
7568038000,s,1340
7568233000,s,1340
7568514000,s,1340
7568724000,s,1340
7568916000,s,1340
7569102000,s,1340
7569296000,s,1340
7569521000,s,1340
7569969000,s,1340
7570156000,s,1340
7570327000,s,1340
7570499000,s,1340
7570668000,s,1340
7570823000,s,1340
7570981000,s,1340
7571136000,s,1340
7571295000,s,1340
7571449000,s,1340
7571603000,s,1340
7571759000,s,1340
7571912000,s,1340
7572064000,s,1340
7572211000,s,1340
7572361000,s,1340
7572605000,s,1340
7576089000,r,1440
7576784000,s,1340
7579271000,r,1440
7579271000,r,1440
7580252000,s,1340
7580340000,r,1440
7581609000,s,1340
7582470000,r,1440
7582471000,r,1440
7584439000,r,1440
7584908000,s,1340
7586254000,r,1440
7587099000,r,1440
7587733000,s,1340
7587877000,r,1440
7587961000,s,1340
9900613000,r,1440
9900613000,r,1440
9900614000,r,1440
9900614000,r,1440
9900615000,r,1440
9900615000,r,1440
9900616000,r,1440
9905741000,s,1340
9907373000,s,1340
9907735000,s,1340
9907946000,s,1340
9917794000,s,1340
13139067000,s,1340
13178193000,s,1340
13178621000,s,1340
15455026000,s,1340
15464489000,r,1440
15464490000,r,1440
15464490000,r,1440
15466216000,s,1340
15468492000,r,1440
15480759000,s,1340
17481003000,r,1440
17481004000,r,1440
17481004000,r,1440
17481005000,r,1440
17481005000,r,1440
17481006000,r,1440
17481006000,r,1440
17481007000,r,1440
17481665000,r,1440
17484763000,s,1340
17485201000,s,1340
17485464000,s,1340
17486361000,s,1340
17487600000,s,1340
17487937000,s,1340
17489101000,s,1340
17497538000,s,1340
17498019000,r,1440
17498019000,r,1440
17498859000,r,1440
17500052000,s,1340
17500369000,r,1440
17500370000,r,1440
17501657000,r,1440
17501940000,s,1340
17503319000,s,1340
20054151000,s,1340
20093916000,s,1340
20094374000,s,1340
23587227000,s,1340
23627750000,s,1340
23628181000,s,1340
23646653000,r,1440
23648498000,r,1440
23652497000,r,1440
23652497000,r,1440
23654750000,s,1340