0,s,156
13312000,r,156
1545784000,r,1340
1545785000,r,1340
1545785000,r,1340
1545786000,r,1340
1545786000,r,1340
1545787000,r,1340
1545787000,r,1244
1545788000,r,1340
1546397000,r,1340
1546397000,r,1340
1554057000,s,124
1554371000,s,124
1554563000,s,124
1555114000,s,124
1555297000,s,124
1555458000,s,124
1555765000,s,124
1555952000,s,124
1556077000,s,124
1556195000,s,124
1561068000,s,156
1561542000,s,156
1572523000,r,1340
1572524000,r,1340
1572524000,r,1340
1572525000,r,1340
1572525000,r,1340
1572526000,r,1340
1572526000,r,1340
1572527000,r,1340
1572947000,r,1340
1572947000,r,1340
1572948000,r,1340
1572948000,r,1340
1572949000,r,1340
1573241000,r,1340
1573242000,r,1340
1573242000,r,1340
1573243000,r,1340
1573243000,r,1340
1573244000,r,1340
1573244000,r,1340
1573245000,r,124
1573425000,r,124
1575722000,s,124
1576071000,s,124
1576698000,s,124
1577008000,s,124
1577387000,s,124
1577996000,s,124
1578470000,s,124
1578839000,s,124
1578994000,s,124
1579449000,s,124
1588261000,r,1340
1588262000,r,1340
1588262000,r,1340
1588262000,r,1340
1588262000,r,1340
1588263000,r,1340
1588263000,r,1340
1588263000,r,1340
1588432000,r,1340
1588432000,r,1340
1590432000,r,1340
1590432000,r,1340
1590433000,r,1340
1590433000,r,1340
1590434000,r,1340
1590434000,r,1340
1590435000,r,1340
1590435000,r,1340
1590668000,r,1340
1590669000,r,1340
1590669000,r,1340
1590670000,r,1340
1590670000,r,1340
1590671000,r,1340
1590671000,r,1340
1590672000,r,1340
1590797000,r,1340
1592097000,s,124
1592500000,s,124
1592747000,s,124
1593340000,r,1340
1593341000,r,1340
1593341000,r,1340
1593342000,r,1340
1593342000,r,1340
1593343000,r,1340
1593343000,r,956
1594269000,s,124
1594629000,s,124
1594870000,s,124
1595999000,s,124
1596270000,s,124
1596434000,s,124
1596568000,s,124
1596770000,s,124
1596933000,s,124
1597082000,s,124
1597428000,s,124
1598953000,s,124
1599206000,s,124
1599516000,s,124
4885392000,s,236
4916203000,s,236
4916643000,s,236
4916719000,s,1340
4916762000,s,1340
4916777000,s,172
4942606000,r,1372
4942606000,r,1372
4947656000,s,1340
4947954000,s,188
4948485000,s,316
4949023000,s,396
4962355000,r,124
4978164000,r,252
4978164000,r,252
4978989000,r,124
4981331000,s,140
4987133000,r,124
5013576000,s,140
5182753000,r,1340
5182753000,r,1340
5182754000,r,1340
5182754000,r,1340
5182755000,r,1340
5182755000,r,1340
5182756000,r,1340
5182756000,r,1340
5183267000,r,780
5188682000,s,124
5189462000,s,124
5189840000,s,124
5190140000,s,124
5197146000,r,780
5199127000,s,124
5235631000,s,476
5236189000,s,396
5238043000,s,364
5241074000,s,124
5242844000,s,124
5244312000,s,124
5245147000,s,124
5245380000,r,124
5246487000,r,124
5248618000,s,348
5249791000,r,140
5249792000,r,204
5249792000,r,124
5251231000,r,204
5252958000,s,124
5255695000,r,1340
5255695000,r,1340
5255695000,r,1340
5255696000,r,1340
5255696000,r,1340
5255696000,r,1340
5255696000,r,1340
5255696000,r,780
5255802000,r,652
5255802000,r,1340
5255802000,r,1340
5255962000,s,124
5256075000,s,124
5256114000,s,124
5256129000,s,124
5256512000,s,124
5256640000,s,124
5256748000,s,124
5256854000,s,124
5256957000,s,124
5257063000,s,124
5257184000,s,124
5257302000,r,1340
5257302000,r,1340
5257302000,r,1340
5257302000,r,1340
5257302000,r,1340
5257302000,r,1340
5257302000,r,1340
5257748000,s,124
5257970000,s,124
5258283000,s,124
5258706000,s,124
5258814000,s,124
5259061000,s,124
5259167000,s,124
5265050000,r,124
5265606000,s,124
5268535000,s,1340
5268582000,s,732
5269310000,r,1340
5269310000,r,1340
5269310000,r,1340
5269310000,r,1340
5269311000,r,1340
5269311000,r,1340
5269311000,r,1340
5269311000,r,1340
5269395000,r,1340
5269395000,r,1340
5269395000,r,1340
5269395000,r,1340
5269395000,r,1340
5269396000,r,1340
5269396000,r,1340
5269396000,r,1340
5269438000,r,1340
5269859000,r,1340
5269859000,r,1340
5269859000,r,1340
5269860000,r,1340
5269860000,r,1340
5269860000,r,1340
5269860000,r,1340
5269860000,r,1340
5269916000,r,1340
5269916000,r,1340
5269917000,r,1340
5269917000,r,1340
5269917000,r,1340
5269917000,r,1340
5270221000,s,124
5270526000,s,124
5270888000,s,124
5271016000,s,124
5271115000,s,124
5271197000,s,124
5271274000,s,124
5271349000,s,124
5271420000,s,124
5271468000,r,1340
5271468000,r,1340
5271502000,s,124
5271468000,r,1340
5271468000,r,1340
5271469000,r,1340
5271655000,s,124
5271771000,s,124
5271859000,s,124
5271948000,s,124
5272038000,s,124
5272249000,s,124
5272379000,s,124
5272501000,s,124
5272624000,s,124
5272739000,s,124
5272858000,s,124
5272979000,s,124
5273107000,s,124
5273219000,s,124
5273377000,s,124
5273508000,s,124
5273630000,s,124
5273740000,s,124
5274019000,s,124
5274136000,s,124
5274228000,s,124
5274319000,s,124
5274437000,s,124
5274547000,s,124
5274654000,s,124
5274766000,s,124
5283090000,r,124
5283090000,r,124
5283090000,r,364
5284508000,s,124
5285031000,r,1340
5285031000,r,1340
5285031000,r,1340
5285031000,r,1340
5285032000,r,1340
5285032000,r,1340
5285032000,r,1340
5285032000,r,1340
5285130000,r,1340
5285130000,r,1340
5285130000,r,1340
5285130000,r,1340
5285131000,r,1340
5285131000,r,1340
5285131000,r,1340
5285131000,r,1340
5285192000,r,1340
5285192000,r,1340
5285192000,r,1340
5285192000,r,1340
5285192000,r,1340
5285485000,r,1340
5285485000,r,1340
5285486000,r,1340
5285637000,s,124
5285726000,s,124
5285759000,s,124
5285899000,s,124
5285976000,s,124
5285998000,s,124
5286018000,s,124
5286179000,s,124
5286315000,s,188
5286434000,s,124
5286545000,s,124
5286658000,s,124
5286792000,s,124
5286937000,s,124
5287073000,s,124
5287208000,s,124
5287330000,s,124
5287444000,s,124
5287555000,s,124
5287651000,r,1340
5287678000,s,124
5287651000,r,1340
5287651000,r,1340
5287651000,r,1340
5287652000,r,1340
5287652000,r,1340
5287652000,r,1340
5287652000,r,1340
5287780000,r,1340
5287780000,r,1340
5287781000,r,1340
5287825000,s,124
5287978000,s,124
5288095000,s,124
5288251000,s,124
5288387000,r,1340
5288402000,s,124
5288387000,r,1340
5288387000,r,1340
5288557000,s,124
5288666000,s,124
5288766000,s,124
5288927000,r,1340
5288928000,r,1340
5288928000,r,1340
5288928000,r,1340
5288928000,r,1340
5288928000,r,1340
5288929000,r,1340
5289013000,s,124
5289178000,s,124
5292034000,s,124
5292319000,s,124
5292422000,s,124
5292514000,s,124
5292604000,s,124
5292697000,s,124
5292785000,s,124
5292914000,s,124
5293004000,s,124
5293147000,s,124
5293354000,s,124
5293482000,s,124
5293595000,s,124
5293727000,s,124
5293857000,s,124
5293985000,s,124
5296045000,s,668
5299260000,r,124
5299261000,r,1340
5299261000,r,1340
5299261000,r,1340
5299261000,r,1340
5299261000,r,1340
5299262000,r,1340
5299262000,r,1340
5299584000,r,1340
5299584000,r,1340
5299584000,r,1340
5299585000,r,1340
5299585000,r,1340
5300428000,s,124
5300733000,s,124
5300792000,r,1340
5300879000,s,124
5300944000,s,124
5300792000,r,1340
5300793000,r,1340
5300793000,r,1340
5300793000,r,1340
5300793000,r,1340
5300793000,r,1340
5300794000,r,1340
5301050000,r,1340
5301050000,r,1340
5301050000,r,204
5301841000,s,124
5301913000,s,124
5301936000,s,124
5301975000,s,124
5301995000,s,124
5302029000,s,124
5302046000,s,124
5302161000,s,124
5302216000,s,124
5302240000,s,124
5302255000,s,124
5302270000,s,124
5302284000,s,124
5302297000,s,124
5302311000,s,124
5302323000,s,124
5302336000,s,124
5302369000,s,124
5302542000,r,1340
5302542000,r,1340
5302542000,r,1340
5302543000,r,1340
5302543000,r,1340
5302543000,r,1340
5302543000,r,1340
5302972000,r,1340
5302972000,r,1340
5302972000,r,1340
5303115000,s,124
5303177000,s,124
5303194000,s,124
5303204000,s,124
5303212000,s,124
5303221000,s,124
5303238000,s,124
5303247000,s,124
5303255000,s,124
5303263000,s,124
5304516000,r,1340
5304517000,r,1340
5304517000,r,1340
5304517000,r,1340
5304517000,r,1340
5304517000,r,1340
5305115000,s,124
5305185000,s,124
5305202000,s,124
5305214000,s,124
5305234000,s,124
5305246000,s,124
5305838000,r,1340
5305838000,r,1340
5305838000,r,1340
5305839000,r,1340
5305839000,r,1340
5305839000,r,1340
5305839000,r,1340
5306338000,s,124
5306380000,r,1340
5306391000,s,124
5306407000,s,124
5306380000,r,1340
5306381000,r,1340
5306419000,s,124
5306430000,s,124
5306442000,s,124
5306452000,s,124
5306820000,s,124
5306914000,s,124
5306988000,s,124
5308258000,r,124
5311069000,s,492
5315196000,r,1340
5315197000,r,1340
5315197000,r,1340
5315197000,r,1340
5315197000,r,1340
5315197000,r,1340
5315197000,r,1340
5315197000,r,1340
5315416000,r,1340
5315416000,r,1340
5315416000,r,1340
5315416000,r,1340
5315417000,r,1340
5315417000,r,1340
5315417000,r,1340
5315417000,r,1340
5315451000,r,1340
5315451000,r,1340
5315921000,s,124
5315988000,s,124
5316006000,s,124
5316025000,s,124
5316037000,s,124
5316048000,s,124
5316058000,s,124
5316068000,s,124
5316081000,s,124
5316681000,r,1340
5316682000,r,1340
5316682000,r,1340
5316682000,r,1340
5316682000,r,1340
5316682000,r,1340
5316682000,r,1340
5316682000,r,1340
5316785000,r,1340
5316785000,r,1340
5316785000,r,1340
5316785000,r,1340
5316785000,r,1340
5317841000,s,124
5318477000,s,124
5318536000,s,124
5318549000,s,124
5318559000,s,124
5318568000,s,124
5320407000,r,1340
5320407000,r,1340
5320407000,r,1340
5320407000,r,1340
5320407000,r,1340
5320407000,r,1340
5320407000,r,1340
5320408000,r,1340
5320540000,r,1340
5320540000,r,1340
5320540000,r,1340
5320540000,r,1340
5320540000,r,1340
5320541000,r,1340
5320541000,r,1340
5320541000,r,1340
5320587000,r,1340
5320587000,r,1340
5320587000,r,1340
5320587000,r,1340
5320588000,r,1340
5320588000,r,1340
5320588000,r,1340
5320945000,s,124
5321111000,s,124
5321393000,s,124
5321520000,s,124
5321539000,s,124
5321788000,s,124
5321909000,s,124
5322005000,s,124
5322179000,s,124
5322391000,r,1340
5322431000,s,124
5322391000,r,1340
5322447000,s,124
5322392000,r,1340
5322392000,r,1340
5322668000,s,124
5322813000,s,124
5323007000,s,124
5328115000,r,1340
5328115000,r,1340
5329056000,s,124
5329150000,r,1340
5329150000,r,1340
5329151000,r,1340
5329151000,r,1340
5329151000,r,1340
5329151000,r,1340
5329151000,r,1340
5329151000,r,1340
5329244000,r,1340
5329877000,s,124
5329953000,s,124
5330027000,s,124
5330120000,s,124
5332151000,r,1340
5332152000,r,1340
5332152000,r,1340
5332152000,r,1340
5332152000,r,1340
5332152000,r,1340
5332152000,r,1340
5332751000,s,124
5332852000,s,124
5332905000,s,124
5332959000,s,124
5333007000,r,1340
5333007000,r,1340
5333007000,r,1340
5333007000,r,1340
5333007000,r,1340
5333007000,r,1340
5333007000,r,1340
5333007000,r,1340
5333113000,r,1340
5333113000,r,1340
5333113000,r,1340
5333113000,r,1340
5333113000,r,1340
5333114000,r,1340
5333114000,r,1340
5333114000,r,1340
5333150000,r,1340
5334727000,s,124
5334738000,r,1340
5334738000,r,1340
5334738000,r,1340
5334738000,r,1340
5334738000,r,1340
5334738000,r,1340
5334738000,r,1340
5334738000,r,1340
5334800000,s,124
5334810000,r,1340
5334810000,r,1340
5334810000,r,1340
5334810000,r,1340
5334810000,r,1340
5334810000,r,1340
5334810000,r,1340
5334810000,r,1340
5334849000,r,1340
5334849000,r,1340
5334849000,r,1340
5334861000,s,124
5334850000,r,1340
5334850000,r,1340
5334850000,r,1340
5334914000,s,124
5334965000,s,124
5335017000,s,124
5335069000,s,124
5335108000,s,124
5336868000,s,124
5336933000,s,124
5336987000,s,124
5337035000,s,124
5337087000,s,124
5337136000,s,124
5337189000,s,124
5337244000,s,124
5337333000,r,1340
5337333000,r,1340
5337333000,r,1340
5337333000,r,1340
5337334000,r,1340
5337334000,r,1340
5337334000,r,428
5337477000,s,124
5337534000,s,124
5337585000,s,124
5338241000,s,124
5338304000,s,124
5338353000,s,124
5338390000,s,124
5340246000,r,1340
5340246000,r,1340
5340246000,r,1340
5340687000,s,124
5340738000,s,124
5345316000,r,1340
5345316000,r,1340
5345316000,r,1340
5345317000,r,1340
5345317000,r,1340
5345317000,r,1340
5345317000,r,1340
5345743000,s,124
5345786000,s,124
5345798000,s,124
5352092000,r,1340
5352092000,r,1340
5352093000,r,1340
5352093000,r,1340
5352093000,r,1340
5352093000,r,1340
5352093000,r,1340
5352093000,r,1340
5352700000,r,1340
5352717000,s,124
5352700000,r,1340
5352700000,r,1340
5352700000,r,1340
5352700000,r,1340
5352700000,r,1340
5352700000,r,1340
5352700000,r,1340
5352774000,r,1340
5352774000,s,124
5352895000,s,124
5353055000,s,124
5353241000,s,124
5353360000,s,124
5353598000,s,124
5353803000,s,124
5354011000,s,124
5354757000,r,1340
5354757000,r,1340
5354757000,r,1340
5354757000,r,1340
5354757000,r,1340
5354757000,r,1340
5354758000,r,1340
5354758000,r,1340
5354854000,r,1340
5354854000,r,1340
5354854000,r,1340
5354854000,r,1340
5354855000,r,1340
5354855000,r,1340
5354855000,r,1340
5354855000,r,1340
5354897000,r,1340
5354898000,r,1340
5354898000,r,1340
5354898000,r,1340
5354898000,r,1340
5354898000,r,1340
5354898000,r,1340
5354898000,r,1340
5355208000,s,124
5355296000,s,124
5355404000,s,124
5355625000,s,124
5355706000,s,124
5355843000,s,124
5356029000,s,124
5356127000,s,124
5356247000,s,124
5356424000,s,124
5356574000,s,124
5356732000,s,124
5356738000,r,1340
5356738000,r,1340
5356738000,r,1340
5356738000,r,1340
5356738000,r,1340
5356738000,r,1340
5356738000,r,1340
5357049000,s,124
5357069000,s,124
5357080000,s,124
5369337000,r,1340
5369337000,r,1340
5369338000,r,1340
5369338000,r,1340
5369338000,r,1340
5369338000,r,1340
5369338000,r,1340
5369338000,r,1340
5369559000,r,524
5370164000,s,124
5370270000,s,124
5370346000,s,124
5370396000,s,124
5370437000,s,124
5486856000,s,1340
5486941000,s,348
5502377000,r,124
5528744000,s,364
5529655000,s,364
5540312000,r,124
5547585000,s,252
5547734000,s,252
5548063000,s,252
5559999000,r,124
5562806000,r,364
5563924000,r,1340
5563924000,r,1340
5563924000,r,1340
5563924000,r,1340
5563924000,r,1340
5563924000,r,1340
5563924000,r,1340
5563925000,r,1340
5564020000,r,1340
5564020000,r,1340
5564020000,r,1340
5564020000,r,1340
5564020000,r,1340
5564020000,r,1340
5564020000,r,1340
5564061000,r,1340
5564061000,r,1340
5564061000,r,1340
5564408000,s,124
5564460000,s,124
5564474000,s,124
5564486000,s,124
5564495000,s,124
5564505000,s,124
5564664000,s,124
5564692000,s,124
5564703000,s,124
5565892000,r,1340
5565893000,r,1340
5565893000,r,1340
5565893000,r,1340
5565893000,r,1340
5565893000,r,1116
5565893000,r,588
5565893000,r,1340
5565975000,r,1340
5565975000,r,1340
5565975000,r,1340
5565975000,r,1340
5565975000,r,1340
5565975000,r,1340
5565975000,r,1340
5565975000,r,1340
5566007000,r,1340
5566008000,r,1340
5566008000,r,1340
5566008000,r,1340
5566008000,r,1340
5566008000,r,1340
5566008000,r,1340
5566008000,r,1340
5566036000,r,1340
5566036000,r,1340
5566036000,r,1340
5566409000,r,1340
5566409000,r,1340
5566410000,r,1340
5566410000,r,1340
5566410000,r,1340
5566410000,r,1340
5566619000,s,124
5566878000,s,124
5567093000,s,124
5567291000,s,124
5567409000,s,124
5567833000,s,124
5567886000,s,124
5568063000,s,124
5568080000,s,124
5568677000,s,124
5568708000,s,124
5568718000,s,124
5568726000,s,124
5568736000,s,124
5569047000,s,124
5569144000,s,124
5569264000,s,124
5569697000,r,1340
5569697000,r,1340
5569697000,r,1340
5569697000,r,1340
5569698000,r,1340
5569698000,r,1340
5569698000,r,1340
5569698000,r,380
5570085000,s,124
5570114000,s,124
5570124000,s,124
5578055000,r,1340
5578055000,r,1340
5578056000,r,1340
5578056000,r,508
5578872000,s,124
5579011000,s,124
5613910000,s,124
5621769000,s,124
7180743000,r,1340
7180743000,r,1340
7180744000,r,1340
7180744000,r,1340
7180745000,r,1340
7180745000,r,1340
7180746000,r,812
7180746000,r,1340
7181537000,r,1340
7181538000,r,1340
7181538000,r,1340
7184494000,s,124
7184777000,s,124
7185200000,s,124
7185516000,s,124
7185658000,s,124
7185791000,s,124
7185903000,s,124
7186003000,s,124
7186099000,s,124
7186194000,s,124
7186287000,s,124
7198460000,s,156
7201385000,r,1340
7201385000,r,1340
7201385000,r,956
7204383000,s,124
7246615000,s,124
7253765000,r,124
10657422000,r,140
10657422000,r,124
10657423000,r,124
10661269000,s,124
10661929000,s,124
12351721000,r,1340
12351722000,r,1340
12351722000,r,1340
12351723000,r,1340
12351723000,r,1340
12351724000,r,1340
12351724000,r,1244
12351725000,r,1340
12352579000,r,1340
12352580000,r,1340
12358651000,s,124
12359090000,s,124
12359365000,s,124
12359678000,s,124
12360003000,s,124
12360314000,s,124
12360644000,s,124
12360914000,s,124
12361177000,s,124
12362533000,s,124
12371242000,r,1340
12371242000,r,1340
12371243000,r,1340
12371775000,s,156
12372080000,s,156
12372701000,r,1340
12372702000,r,1340
12372702000,r,1340
12372703000,r,1340
12372703000,r,1340
12372704000,r,1340
12372704000,r,1340
12372705000,r,1340
12372981000,r,1340
12372982000,r,1340
12372982000,r,1340
12372983000,r,1340
12372983000,r,1340
12372984000,r,1340
12372984000,r,1340
12373405000,r,1340
12373631000,s,124
12373823000,r,1340
12374126000,s,124
12375485000,s,124
12376036000,s,124
12376691000,s,124
12377187000,s,124
12377770000,s,124
12378278000,s,124
12381838000,s,124
12383021000,s,124
12385320000,r,124
12385320000,r,124
12388663000,r,1340
12388664000,r,1340
12388664000,r,1340
12388665000,r,1340
12388665000,r,1340
12388666000,r,1340
12388666000,r,1340
12388667000,r,1340
12388902000,r,1340
12388903000,r,1340
12388903000,r,1340
12388904000,r,1340
12388904000,r,1340
12388905000,r,1340
12388905000,r,1340
12388906000,r,1340
12389055000,r,1340
12389055000,r,1340
12389056000,r,1340
12389056000,r,1340
12389057000,r,1340
12389057000,r,1340
12389058000,r,1340
12389058000,r,1340
12389191000,r,1340
12389250000,r,1340
12389250000,r,1340
12389251000,r,1340
12390757000,r,1340
12390758000,r,1340
12390758000,r,1340
12390759000,r,1340
12391645000,s,124
12392264000,r,1340
12392264000,r,956
12392510000,s,124
12393065000,s,124
12393467000,s,124
12393730000,s,124
12394712000,s,124
12395120000,s,124
12395457000,s,124
12395999000,s,124
12396434000,s,124
12396643000,s,124
12397392000,s,124
12397621000,s,124
12397837000,s,124
12398060000,s,124
12398294000,s,124
12398507000,s,124
16134806000,s,108
16190437000,s,176
16197265000,r,120
16203711000,s,60
22138131000,s,156
22148139000,r,156
22389811000,r,156
22389812000,r,140
22389812000,r,124
22389813000,r,124
22394391000,s,124
22395903000,s,124
22409428000,r,124