0,s,156
38793000,s,156
39259000,s,156
57575000,r,156
3970009000,s,124
3974213000,s,124
3975427000,s,124
3983032000,r,236
3983367000,r,172
3983368000,r,236
3989909000,s,124
4005283000,r,124
4006681000,s,124
4016879000,s,1340
4017093000,s,716
4029498000,r,124
4030447000,r,364
4032079000,s,124
4034609000,s,188
4037174000,s,204
4037355000,s,604
4045050000,s,1340
4045118000,s,1340
4045182000,s,172
4047348000,r,204
4047669000,r,124
4047669000,r,172
4049042000,s,124
4049555000,s,156
4059522000,r,1372
4059522000,r,1372
4070937000,s,1340
4071260000,s,188
4072672000,s,316
4073230000,s,348
4078095000,r,1340
4078257000,r,1340
4078257000,r,1340
4078257000,r,1340
4078258000,r,1340
4078258000,r,1340
4078258000,r,1212
4078258000,r,1340
4078258000,r,1340
4078319000,r,1340
4078952000,s,124
4079157000,s,124
4079219000,s,124
4079429000,s,124
4079617000,s,124
4085182000,r,124
4089151000,r,124
4089869000,r,1340
4089870000,r,1340
4089870000,r,1340
4090705000,r,1340
4090705000,r,1340
4090705000,r,1340
4091067000,s,124
4091956000,s,124
4094160000,s,124
4094368000,r,1340
4094368000,r,1340
4094368000,r,1340
4094368000,r,1340
4094369000,r,1340
4094369000,r,1340
4094369000,r,1340
4094369000,r,1340
4094506000,r,284
4098406000,s,124
4098503000,s,124
4098522000,s,124
4098536000,s,124
4105981000,r,252
4105981000,r,252
4110598000,s,140
4120519000,s,428
4122299000,s,364
4122422000,s,380
4122836000,s,364
4133007000,r,124
4140771000,s,140
4141170000,r,1340
4141170000,r,1340
4141171000,r,412
4141171000,r,652
4141895000,r,396
4141895000,r,1340
4141895000,r,1340
4142120000,s,124
4142510000,s,124
4144283000,r,1340
4144283000,r,1340
4144283000,r,1340
4144283000,r,1340
4144283000,r,1340
4144283000,r,1340
4144284000,r,1340
4144284000,r,1340
4144397000,r,1340
4144397000,r,1340
4144397000,r,1340
4144397000,r,1340
4144398000,r,1340
4144398000,r,1340
4144398000,r,1340
4144398000,r,1340
4144445000,r,1340
4144445000,r,1340
4144445000,r,1340
4144445000,r,1340
4144445000,r,1340
4144446000,r,1340
4144904000,s,124
4145064000,r,1340
4145064000,r,1340
4145064000,r,1340
4145064000,r,1340
4145065000,r,1340
4145065000,r,1340
4145303000,s,124
4145356000,s,124
4145584000,s,124
4145682000,s,124
4145908000,s,124
4146203000,s,124
4146439000,s,124
4146744000,s,124
4147035000,s,124
4147392000,s,124
4147610000,s,124
4147953000,s,124
4148338000,s,124
4156326000,r,1340
4156326000,r,1340
4156326000,r,1340
4156327000,r,1340
4156327000,r,1340
4156327000,r,1340
4156327000,r,1340
4156327000,r,1340
4156449000,r,1340
4156449000,r,1340
4156450000,r,1340
4156495000,r,1340
4156495000,r,1340
4156495000,r,1340
4156495000,r,1340
4156495000,r,1340
4156496000,r,1340
4156496000,r,1340
4156496000,r,1340
4156556000,r,1340
4156556000,r,1340
4156556000,r,1340
4156556000,r,1340
4156556000,r,1340
4156689000,r,1340
4156690000,r,1340
4156690000,r,1340
4156690000,r,1340
4156690000,r,1340
4156690000,r,1340
4157643000,s,124
4157693000,s,124
4157708000,s,124
4157717000,s,124
4157727000,s,124
4157736000,s,124
4157744000,s,124
4157753000,s,124
4157761000,s,124
4157770000,s,124
4157778000,s,124
4157787000,s,124
4157783000,r,1340
4157796000,s,124
4157805000,s,124
4157814000,s,124
4157783000,r,1340
4157783000,r,1340
4158132000,s,124
4158566000,s,124
4159259000,r,1340
4159259000,r,1340
4159259000,r,1340
4159260000,r,1340
4159260000,r,1340
4159260000,r,1340
4159260000,r,1340
4159260000,r,1340
4159346000,r,1340
4159347000,r,1340
4159347000,r,1340
4159347000,r,1340
4159347000,r,1340
4159347000,r,1340
4159347000,r,1340
4159347000,r,1340
4159378000,r,1340
4159378000,r,1340
4159378000,r,1340
4159379000,r,1340
4159379000,r,1340
4160243000,s,124
4160271000,r,1340
4160271000,r,1340
4160271000,r,1340
4160339000,s,124
4160271000,r,1340
4160271000,r,1340
4160272000,r,1340
4160363000,s,124
4160272000,r,1340
4160272000,r,1340
4160396000,r,1340
4160396000,r,1340
4160396000,r,1340
4160396000,r,1340
4160396000,r,1340
4160397000,r,1340
4160739000,s,124
4160764000,s,124
4160785000,s,124
4160797000,s,124
4161520000,s,124
4161564000,s,124
4161582000,s,124
4161595000,s,124
4161607000,s,124
4161618000,s,124
4161735000,s,124
4162094000,s,124
4162135000,s,124
4162164000,s,124
4170466000,r,1340
4170466000,r,1340
4170466000,r,1340
4170467000,r,1340
4170467000,r,1340
4170467000,r,1340
4170467000,r,1340
4170467000,r,1340
4170632000,r,1340
4170632000,r,1340
4170632000,r,1340
4170632000,r,1340
4170632000,r,1340
4170632000,r,1340
4170632000,r,1340
4170633000,r,1340
4170681000,r,1340
4170681000,r,1340
4170682000,r,1340
4170682000,r,1340
4170682000,r,1340
4170682000,r,1340
4170682000,r,1340
4170682000,r,1340
4170724000,r,1340
4170770000,r,1340
4170770000,r,1340
4170770000,r,1340
4171148000,r,1340
4171148000,r,1340
4171148000,r,1340
4171148000,r,1340
4171148000,r,1340
4171149000,r,1340
4171312000,s,124
4171539000,s,124
4171846000,s,124
4172031000,s,124
4172162000,s,124
4172280000,s,124
4172397000,s,124
4172507000,s,124
4172666000,s,124
4172976000,s,124
4173295000,s,124
4173375000,r,1340
4173393000,s,124
4173375000,r,1340
4173376000,r,1340
4173376000,r,1340
4173376000,r,1340
4173376000,r,1340
4173376000,r,1340
4173376000,r,1340
4173476000,r,1340
4173476000,r,1340
4173476000,r,1340
4173488000,s,124
4173476000,r,1340
4173476000,r,1340
4173476000,r,1340
4173477000,r,1340
4173477000,r,1340
4173528000,r,1340
4173555000,r,1340
4173555000,r,1340
4173556000,r,1340
4173556000,r,1340
4173556000,r,1340
4173556000,r,1340
4173556000,r,1340
4173556000,r,1340
4173597000,r,1340
4173605000,r,1340
4173606000,r,1340
4173606000,r,1340
4173643000,s,124
4173744000,s,124
4173857000,s,124
4173948000,s,124
4174135000,s,124
4174301000,r,1340
4174301000,r,1340
4174301000,r,1340
4174301000,r,1340
4174302000,r,1340
4174302000,r,1340
4174302000,r,1340
4174302000,r,1340
4174354000,r,1340
4174517000,s,124
4174571000,s,124
4174825000,r,1340
4174825000,r,1340
4174825000,r,1340
4174825000,r,1340
4174826000,r,1340
4174826000,r,1340
4175136000,s,124
4175276000,s,124
4175836000,s,124
4175924000,s,124
4175962000,s,124
4176566000,r,1340
4176566000,r,1340
4176567000,r,1340
4176567000,r,1340
4176567000,r,1340
4176567000,r,1340
4176567000,r,1340
4176567000,r,1340
4176670000,r,1340
4176670000,r,1340
4176671000,r,1340
4176671000,r,1340
4176671000,r,1340
4176671000,r,1340
4176671000,r,1340
4176671000,r,1340
4176723000,r,1340
4176723000,r,1340
4176723000,r,1340
4176723000,r,1340
4176723000,r,1340
4177402000,s,124
4177476000,s,124
4177494000,s,124
4177508000,s,124
4177520000,s,124
4177533000,s,124
4177545000,s,124
4177556000,s,124
4177570000,s,124
4177581000,s,124
4177614000,s,124
4177626000,s,124
4177866000,r,1340
4177908000,s,124
4177866000,r,1340
4177866000,r,1340
4177866000,r,1340
4177866000,r,1340
4177866000,r,1340
4177867000,r,1340
4177867000,r,1340
4177964000,s,124
4177972000,r,1340
4177972000,r,1340
4177984000,s,124
4177972000,r,1340
4177972000,r,1340
4177972000,r,1340
4177972000,r,1340
4177973000,r,1340
4177973000,r,1340
4178020000,s,124
4178026000,r,1340
4178038000,s,124
4178053000,s,124
4178067000,s,124
4178080000,s,124
4178094000,s,124
4178108000,s,124
4178122000,s,124
4178135000,s,124
4178249000,s,124
4178350000,s,124
4178439000,s,124
4178519000,s,124
4178591000,s,124
4178662000,s,124
4178679000,r,1340
4178733000,s,124
4178679000,r,1340
4178679000,r,1340
4178807000,s,124
4178878000,s,124
4179236000,s,124
4179331000,s,124
4180065000,r,1340
4180065000,r,1340
4180065000,r,1340
4180066000,r,1340
4180066000,r,1340
4180066000,r,1340
4180066000,r,1340
4180699000,s,124
4181276000,s,124
4181397000,s,124
4187573000,s,124
4187959000,s,124
4188161000,r,1340
4188161000,r,1340
4188161000,r,1340
4188161000,r,1340
4188161000,r,1340
4188162000,r,1340
4188162000,r,1340
4188162000,r,1340
4188288000,r,1340
4188289000,r,1340
4188289000,r,1340
4188289000,r,1340
4188289000,r,1340
4188289000,r,1340
4188289000,r,1340
4188290000,r,1340
4188336000,r,1340
4188336000,r,1340
4188336000,r,1340
4188336000,r,1340
4188336000,r,1340
4188336000,r,1340
4188337000,r,1340
4188337000,r,604
4188755000,s,124
4188936000,s,124
4189079000,s,124
4189223000,s,124
4189304000,s,124
4189373000,s,124
4189444000,s,124
4189542000,s,124
4189604000,s,124
4189688000,s,124
4189767000,s,124
4189846000,s,124
4189943000,s,124
4192429000,s,364
4194696000,r,204
4194696000,r,140
4194696000,r,204
4197313000,s,124
4198172000,s,124
4233268000,r,124
4233268000,r,124
4233269000,r,1340
4233269000,r,124
4234576000,s,124
4234741000,s,124
4234839000,s,124
4235342000,s,1340
4235391000,s,700
4236073000,s,1340
4236094000,s,620
4245056000,r,124
4245057000,r,124
4245057000,r,124
4246028000,r,124
4246028000,r,124
4246028000,r,364
4246478000,s,124
4247029000,s,124
4247281000,r,1340
4247281000,r,1276
4247800000,s,188
4247939000,s,124
4248032000,s,124
4249202000,s,188
4250053000,s,684
4250186000,s,668
4258161000,r,124
4258161000,r,204
4269771000,s,284
4270159000,s,236
4270682000,s,236
4271354000,r,124
4271354000,r,204
4271355000,r,204
4271355000,r,124
4271355000,r,124
4271355000,r,1340
4271355000,r,1340
4271355000,r,1340
4271495000,r,1340
4271495000,r,1340
4271495000,r,1340
4271496000,r,1340
4271496000,r,732
4271496000,r,1340
4271496000,r,1340
4271496000,r,1340
4271544000,r,1340
4271544000,r,1340
4271544000,r,1340
4271544000,r,1340
4271544000,r,1340
4272428000,s,124
4272640000,s,124
4272882000,s,124
4273083000,s,124
4273311000,s,124
4273932000,s,124
4273977000,s,124
4273991000,s,124
4274177000,s,124
4285176000,r,1340
4285177000,r,1340
4285177000,r,1340
4285177000,r,1340
4285177000,r,1340
4285177000,r,1340
4285178000,r,1340
4285178000,r,1340
4285412000,r,1340
4285412000,r,1340
4285412000,r,428
4285412000,r,124
4286246000,s,124
4286380000,s,124
4286475000,s,124
4286536000,s,124
4286598000,s,124
4287920000,r,364
4287920000,r,364
4288516000,s,124
4292896000,r,1340
4292897000,r,1340
4292897000,r,1340
4292897000,r,1340
4292897000,r,1340
4292897000,r,1340
4292897000,r,1340
4292897000,r,1340
4293023000,r,1340
4293023000,r,1340
4293023000,r,1340
4293023000,r,1340
4293023000,r,1340
4293023000,r,1340
4293023000,r,1340
4293023000,r,1340
4293058000,r,1340
4293058000,r,1340
4293058000,r,1340
4293058000,r,1340
4293058000,r,1340
4293059000,r,1340
4293059000,r,1340
4293059000,r,1340
4293092000,r,1340
4293092000,r,1340
4293092000,r,988
4293092000,r,1340
4293092000,r,1340
4293093000,r,1340
4293093000,r,1340
4293093000,r,1340
4293140000,r,1340
4293140000,r,1340
4293141000,r,1340
4293141000,r,1340
4293141000,r,1340
4293141000,r,1340
4293141000,r,1340
4293141000,r,1340
4293175000,r,1340
4293175000,r,1340
4293176000,r,1340
4293176000,r,1340
4293176000,r,1340
4293176000,r,1340
4293176000,r,1340
4293176000,r,1340
4293208000,r,1340
4293208000,r,1340
4293208000,r,1340
4293208000,r,1340
4293208000,r,1340
4293208000,r,1148
4293208000,r,1340
4293208000,r,1340
4293238000,r,1340
4293238000,r,1340
4293852000,s,124
4293895000,s,124
4293907000,s,124
4293915000,s,124
4293922000,s,124
4293929000,s,124
4293936000,s,124
4294380000,r,1340
4294381000,r,1340
4294381000,r,1340
4294381000,r,1340
4294381000,r,1340
4294381000,r,1340
4294381000,r,1340
4294381000,r,1340
4294471000,r,1340
4294471000,r,1340
4294471000,r,1340
4294471000,r,1340
4294471000,r,1340
4294471000,r,1340
4294471000,r,1340
4294471000,r,1340
4294503000,r,1340
4294503000,r,1340
4294503000,r,1340
4294504000,r,1340
4294504000,r,1340
4294526000,r,1340
4294526000,r,1068
4294526000,r,1340
4294709000,s,124
4294741000,s,124
4294755000,s,124
4294766000,s,124
4294775000,s,124
4294783000,s,124
4294793000,s,124
4294801000,s,124
4294808000,s,124
4294816000,s,124
4295024000,r,1340
4295024000,r,1340
4295024000,r,1340
4295024000,r,1340
4295024000,r,1340
4295024000,r,1340
4295025000,r,1340
4295025000,r,1340
4295128000,r,1340
4295128000,r,1340
4295128000,r,1340
4295128000,r,1340
4295468000,s,124
4295625000,s,124
4295702000,s,124
4295756000,s,124
4295809000,s,124
4295861000,s,124
4295912000,s,124
4295979000,s,124
4296047000,s,124
4296104000,s,124
4296173000,s,124
4296226000,s,124
4296275000,s,124
4296347000,s,124
4296400000,s,124
4296452000,s,124
4296516000,s,124
4296568000,s,124
4296619000,s,124
4296664000,s,124
4296725000,s,124
4296789000,s,124
4296851000,s,124
4296910000,s,124
4296970000,s,124
4297014000,s,124
4297077000,s,124
4297121000,s,124
4297159000,r,1340
4297214000,s,124
4297159000,r,1340
4297159000,r,1340
4297159000,r,1340
4297160000,r,1340
4297160000,r,1340
4297160000,r,1340
4297160000,r,1340
4297268000,s,124
4297279000,r,620
4297279000,r,1340
4297279000,r,1340
4297279000,r,1340
4297279000,r,1340
4297280000,r,1340
4297280000,r,1340
4297345000,r,1340
4297345000,r,1340
4297345000,r,1340
4297345000,r,1340
4297345000,r,1340
4297345000,r,1340
4297346000,r,1340
4297346000,r,1340
4297412000,r,1340
4297892000,r,1340
4297892000,r,1340
4297892000,r,1340
4297892000,r,1340
4297893000,r,1340
4297893000,r,1340
4297954000,s,124
4298045000,s,124
4298094000,s,124
4298258000,s,124
4298422000,s,124
4298650000,r,1340
4298650000,r,1340
4298650000,r,1340
4298651000,r,1340
4298712000,s,124
4298651000,r,1340
4298651000,r,1340
4298651000,r,1340
4298651000,r,1340
4298751000,r,1340
4298751000,r,1340
4298751000,r,1340
4298751000,r,1340
4298752000,r,1340
4298752000,r,1340
4298752000,r,1340
4298752000,r,1340
4298797000,r,1340
4298797000,r,1340
4298880000,s,124
4298904000,s,124
4298917000,s,124
4299083000,s,124
4299222000,s,124
4299424000,s,124
4299549000,s,124
4299714000,s,124
4299914000,s,124
4300076000,s,124
4300108000,r,1340
4300108000,r,1340
4300108000,r,1340
4300234000,s,124
4300479000,s,124
4300704000,s,124
4300799000,s,124
4300877000,r,1340
4300888000,s,124
4300877000,r,1340
4300877000,r,1340
4300877000,r,1340
4300877000,r,1340
4300878000,r,1340
4300878000,r,1340
4300878000,r,1340
4300974000,s,124
4300978000,r,1340
4300978000,r,1340
4300978000,r,1340
4300978000,r,908
4301104000,s,124
4301215000,s,124
4301428000,s,124
4301604000,s,124
4301760000,s,124
4302046000,s,124
4302144000,s,124
4302235000,s,124
4302409000,s,124
4304255000,r,1340
4304255000,r,1340
4304763000,s,124
4308219000,r,1340
4308219000,r,1340
4308219000,r,1340
4308219000,r,1340
4308219000,r,1340
4308219000,r,1340
4308219000,r,1340
4308219000,r,1340
4308314000,r,1340
4308314000,r,1340
4308314000,r,1340
4308314000,r,1340
4308314000,r,1340
4309284000,r,1340
4309328000,s,124
4309284000,r,1340
4309284000,r,1340
4309284000,r,1340
4309285000,r,1340
4309285000,r,1340
4309285000,r,1340
4309285000,r,1340
4309382000,r,1340
4310006000,s,124
4310046000,s,124
4310059000,s,124
4310069000,s,124
4310078000,s,124
4310186000,s,124
4310259000,s,124
4310532000,s,124
4310644000,s,124
4311802000,r,1340
4311802000,r,1340
4311803000,r,1340
4311803000,r,1340
4311803000,r,1340
4311803000,r,1340
4311803000,r,1340
4311804000,r,1340
4311943000,r,1340
4311943000,r,1340
4311943000,r,1340
4311944000,r,1340
4311944000,r,1340
4311944000,r,1340
4311944000,r,1340
4311944000,r,1340
4311994000,r,1340
4311994000,r,1340
4311994000,r,1340
4311995000,r,1340
4311995000,r,1340
4311995000,r,1340
4311995000,r,1340
4311995000,r,1340
4312045000,r,1340
4312045000,r,1340
4312046000,r,1340
4312046000,r,1340
4312046000,r,1340
4312046000,r,1340
4312046000,r,1340
4312047000,r,1340
4312098000,r,1340
4312098000,r,1340
4312098000,r,1340
4312767000,r,1340
4312767000,r,1340
4312767000,r,1340
4312767000,r,1340
4312767000,r,1340
4312767000,r,1340
4312768000,r,1340
4312768000,r,1340
4312881000,r,1340
4313037000,s,124
4313501000,s,124
4313736000,r,1340
4313736000,r,1340
4313737000,r,1340
4313737000,r,1340
4313737000,r,1340
4313737000,r,1340
4313737000,r,1340
4313737000,r,1340
4313819000,r,1340
4313819000,r,1340
4313819000,r,1340
4313819000,r,1340
4313819000,r,1340
4313820000,r,1340
4313820000,r,1340
4313968000,s,124
4314270000,s,124
4314306000,s,124
4314337000,s,124
4314545000,r,1340
4314545000,r,1340
4314545000,r,1340
4314545000,r,1340
4314545000,r,1340
4314546000,r,1340
4314546000,r,1340
4314546000,r,1340
4314640000,r,1340
4314640000,r,1340
4314640000,r,1340
4314640000,r,1340
4314640000,r,1340
4314640000,r,1340
4314641000,r,1340
4314799000,s,124
4314990000,s,124
4315024000,r,1340
4315024000,r,1340
4315024000,r,1340
4316701000,s,124
4317152000,r,1340
4317152000,r,1340
4317152000,r,1340
4317152000,r,1340
4317153000,r,1340
4317153000,r,1340
4317153000,r,1340
4317153000,r,1340
4317238000,r,1340
4317238000,r,1340
4317238000,r,1340
4317238000,r,1340
4317397000,s,124
4317725000,s,124
4317884000,r,1340
4317885000,r,1340
4317885000,r,1340
4317885000,r,1340
4317885000,r,1340
4317885000,r,1340
4317885000,r,1340
4317885000,r,1340
4317972000,r,1340
4318146000,s,124
4318280000,s,124
4318799000,r,1340
4318799000,r,1340
4318799000,r,1340
4318800000,r,1340
4318800000,r,1340
4318800000,r,1340
4318800000,r,1340
4318800000,r,1340
4318896000,r,1340
4318896000,r,1340
4318896000,r,1340
4318896000,r,1340
4318970000,r,1340
4318970000,r,1340
4318970000,r,1340
4318971000,r,1340
4318971000,r,1340
4318971000,r,1340
4319404000,r,1340
4319404000,r,1340
4319404000,r,1340
4319404000,r,1340
4319404000,r,1340
4319404000,r,1340
4320032000,r,1340
4320032000,r,1340
4320032000,r,1340
4320032000,r,1340
4320032000,r,1340
4320032000,r,1340
4320033000,r,1340
4320033000,r,1340
4320126000,r,1340
4320126000,r,1340
4320126000,r,1340
4320127000,r,1340
4320127000,r,1340
4320127000,r,1340
4320127000,r,1340
4320188000,s,124
4320434000,s,124
4320654000,s,124
4320723000,s,124
4320844000,s,124
4320880000,s,124
4320930000,s,124
4321285000,s,124
4322513000,r,1340
4322514000,r,1340
4322514000,r,1340
4322514000,r,1340
4322514000,r,1340
4322514000,r,1340
4322514000,r,1340
4323121000,s,124
4323340000,s,124
4323439000,s,124
4324588000,r,1340
4324588000,r,1340
4325090000,s,124
4325153000,r,1340
4325153000,r,1340
4325153000,r,1340
4325153000,r,1340
4325153000,r,1340
4325153000,r,1340
4325496000,r,1340
4325496000,r,1340
4325496000,r,1340
4325496000,r,1340
4325496000,r,1340
4325497000,r,1340
4325647000,s,124
4325755000,s,124
4325953000,s,124
4326007000,s,124
4326283000,s,124
4327554000,r,1340
4327554000,r,1340
4327554000,r,1340
4327555000,r,1340
4327555000,r,1340
4327555000,r,1340
4327555000,r,1340
4327555000,r,1340
4327708000,r,1340
4327708000,r,1340
4327708000,r,1340
4327708000,r,1340
4327708000,r,1340
4327709000,r,1340
4327709000,r,1340
4327709000,r,1340
4327759000,r,1340
4327759000,r,1340
4327760000,r,1340
4327760000,r,1340
4328319000,s,124
4328583000,s,124
4328981000,r,1340
4328982000,r,1340
4328982000,r,1340
4328982000,r,1340
4328982000,r,1340
4328982000,r,1340
4328982000,r,140
4329344000,s,124
4329784000,s,124
4329872000,s,124
4329941000,s,124
4393244000,s,1340
4393473000,s,220
4394727000,s,236
4403674000,r,124
4403674000,r,124
4441248000,s,236
4446208000,r,124
4451582000,r,124
4454664000,r,380
4455456000,s,124
4534901000,r,460
4578068000,s,124
5513879000,r,1340
5513879000,r,1340
5513879000,r,1340
5513879000,r,1340
5513879000,r,1340
5513879000,r,1340
5513879000,r,1244
5513880000,r,1340
5514277000,r,1340
5514277000,r,1340
5514277000,r,1340
5514277000,r,1340
5515317000,s,124
5515914000,s,124
5516724000,s,124
5516947000,s,124
5517038000,s,124
5517102000,s,124
5517538000,s,124
5519211000,s,124
5519374000,s,124
5519449000,s,124
5519489000,s,124
5519523000,s,124
5528610000,r,1340
5528610000,r,1340
5528611000,r,1340
5528611000,r,1340
5528611000,r,1340
5528611000,r,1340
5528611000,r,1340
5528611000,r,1340
5528818000,r,1340
5530179000,s,124
5530260000,s,124
5530281000,s,124
5530294000,s,124
5530327000,s,124
5530665000,s,124
5531932000,s,124
5532643000,r,1340
5532643000,r,1340
5532643000,r,1340
5532644000,r,1340
5532644000,r,1340
5532644000,r,1340
5532644000,r,1340
5532644000,r,1340
5532855000,r,1340
5532855000,r,1340
5532856000,r,1340
5532856000,r,1340
5532856000,r,1340
5532856000,r,476
5534789000,s,124
5535151000,s,124
5535264000,s,124
5535481000,s,124
5535796000,s,124
5536047000,s,124
9269301000,r,140
9269301000,r,124
9272711000,s,124
9314250000,s,124
9461262000,r,140
9461263000,r,124
9463632000,s,124
9506207000,s,124
15076960000,s,156
15114625000,s,156
15115358000,s,156
15133210000,r,156
15502429000,r,156
15502429000,r,140
15502429000,r,124
15504002000,s,124
15504086000,s,124
15505189000,r,124
15506526000,s,124
15506822000,s,124
15517157000,r,124
17223799000,s,108
21200745000,s,156
21238982000,s,156
21239434000,s,156
21260656000,r,156
23181684000,s,1340
23182103000,s,1340
23182327000,s,1340
23184075000,s,172
23205256000,r,140
23205257000,r,140
23205257000,r,1340
23205258000,r,1340
23213230000,r,1340
23213231000,r,396
23213231000,r,1036
23220025000,s,1340
23223651000,s,140
23224073000,s,172
23224578000,s,124
23229220000,r,124
23241323000,r,220
23269557000,s,124