0,s,140
33741000,s,140
35038000,s,140
35121000,s,124
3822683000,s,156
3860422000,s,156
3860881000,s,156
3878876000,r,156
4794344000,s,124
4829891000,s,124
4830294000,s,124
4851964000,r,124
4853486000,s,124
4865688000,s,1340
4865801000,s,716
4876210000,r,124
4876211000,r,364
4878117000,s,124
4879683000,s,188
4890835000,r,204
4913406000,s,204
4915896000,s,604
4923960000,r,172
4925721000,s,156
4936254000,r,124
4956100000,r,1340
4956101000,r,1340
4956101000,r,1340
4957698000,r,1340
4957705000,s,124
4957698000,r,1340
4957699000,r,1340
4958505000,r,1212
4958506000,r,1340
4958506000,r,1340
4958506000,r,1340
4958888000,s,124
4958950000,s,124
4959228000,s,124
4959272000,s,124
4969426000,r,1340
4969426000,r,1340
4969427000,r,1340
4969427000,r,1340
4970381000,s,124
4970534000,s,124
4970825000,r,1340
4970825000,r,1340
4970825000,r,1340
4970825000,r,1340
4970825000,r,1340
4970826000,r,1340
4970826000,r,1340
4970826000,r,1340
4970979000,r,1340
4970980000,r,1340
4970980000,r,284
4971499000,s,124
4971558000,s,124
4971644000,s,124
4971700000,s,124
4972121000,s,124
5016076000,s,124
5085540000,s,428
5085697000,s,284
5085750000,s,220
5086167000,s,364
5100549000,r,124
5106890000,r,396
5106891000,r,364
5107467000,s,124
5107544000,s,124
5108079000,r,1340
5108079000,r,1340
5108080000,r,1340
5108637000,s,124
5108707000,s,124
5108744000,s,124
5109313000,r,1340
5109314000,r,1340
5109314000,r,1340
5109314000,r,1340
5109314000,r,1340
5109315000,r,1340
5109315000,r,1340
5109315000,r,1340
5109450000,r,1340
5109450000,r,1340
5109450000,r,1340
5109450000,r,1340
5109450000,r,1340
5109451000,r,1180
5109774000,s,124
5109864000,s,124
5110189000,r,1340
5110189000,r,1340
5110190000,r,1340
5110190000,r,1340
5110190000,r,1340
5110190000,r,1340
5110190000,r,1340
5110191000,r,1340
5110333000,r,1340
5110333000,r,1340
5110334000,r,1340
5110334000,r,1340
5110334000,r,1340
5110334000,r,1340
5110334000,r,1340
5110335000,r,1340
5110574000,s,124
5110605000,s,124
5110621000,s,124
5110636000,s,124
5110650000,s,124
5110667000,s,124
5110680000,s,124
5110694000,s,124
5110709000,s,124
5110723000,s,124
5110770000,s,124
5110788000,s,124
5110805000,s,124
5110819000,s,124
5110833000,s,124
5110847000,s,124
5110862000,s,124
5110877000,s,124
5110890000,s,124
5111086000,s,124
5111376000,s,124
5111465000,s,124
5111510000,s,124
5111535000,s,124
5111575000,s,124
5111597000,s,124
5111618000,s,124
5111638000,s,124
5120341000,r,1340
5120341000,r,1340
5120342000,r,1340
5120342000,r,1340
5120342000,r,1340
5120342000,r,1340
5121642000,s,124
5121722000,s,124
5121758000,s,124
5121781000,s,124
5121874000,s,124
5121888000,s,124
5122967000,r,1340
5122968000,r,1340
5122968000,r,1340
5122968000,r,1340
5122968000,r,1340
5122968000,r,1340
5122969000,r,1340
5122969000,r,1340
5123139000,r,1340
5123139000,r,1340
5123139000,r,1340
5123139000,r,1340
5123139000,r,1340
5123140000,r,1340
5123140000,r,1340
5123140000,r,1340
5123200000,r,1340
5123200000,r,1340
5123201000,r,1340
5123201000,r,1340
5123244000,r,1340
5123244000,r,1340
5123244000,r,1340
5123244000,r,1340
5123244000,r,1340
5123245000,r,1340
5123245000,r,1340
5123245000,r,1340
5123298000,r,1340
5124011000,r,1340
5124011000,r,1340
5124012000,r,1340
5124012000,r,1340
5124012000,r,1340
5124012000,r,1340
5124012000,r,1340
5124013000,r,1340
5124132000,r,1340
5124133000,r,1340
5124133000,r,1340
5124133000,r,1340
5124354000,r,1340
5124354000,r,1340
5124355000,r,1340
5124355000,r,1340
5124356000,r,1340
5124356000,r,1340
5124356000,r,1340
5124357000,r,1340
5124558000,r,1340
5124597000,s,124
5124662000,r,1340
5124662000,r,1340
5124662000,r,1340
5124701000,s,124
5124738000,s,124
5124959000,s,124
5125314000,s,124
5125393000,s,124
5125473000,s,124
5125507000,s,124
5125533000,s,124
5125557000,s,124
5125556000,r,1340
5125580000,s,124
5125597000,s,124
5125557000,r,1340
5125557000,r,1340
5125557000,r,1340
5125557000,r,1340
5125557000,r,1340
5125796000,s,124
5125919000,s,124
5126838000,r,1340
5126838000,r,1340
5126838000,r,1340
5126838000,r,1340
5126839000,r,1340
5127548000,s,124
5127667000,s,124
5127698000,s,124
5127729000,s,124
5127747000,s,124
5127762000,s,124
5127777000,s,124
5127792000,s,124
5127806000,s,124
5127820000,s,124
5127834000,s,124
5127932000,s,124
5127951000,s,124
5127964000,s,124
5127979000,s,124
5127992000,s,124
5128005000,s,124
5128026000,s,124
5128040000,s,124
5128056000,s,124
5128069000,s,124
5128084000,s,124
5128097000,s,124
5128111000,s,124
5128149000,s,124
5128187000,s,124
5128204000,s,124
5128273000,s,124
5128290000,s,124
5128306000,s,124
5128320000,s,124
5128340000,s,124
5128364000,s,124
5128437000,s,124
5128595000,s,124
5128758000,s,124
5128780000,s,124
5128805000,s,124
5129513000,s,124
5129728000,s,124
5129783000,s,124
5129801000,s,124
5129813000,s,124
5129822000,s,124
5129832000,s,124
5129841000,s,124
5129857000,s,124
5129868000,s,124
5129877000,s,124
5129891000,s,124
5130865000,s,156
5131043000,s,156
5134322000,r,1340
5134322000,r,1340
5134635000,r,1340
5134635000,r,1340
5134635000,r,1340
5134897000,s,124
5134944000,s,124
5134964000,s,124
5135166000,s,124
5135223000,r,1340
5135235000,s,124
5135223000,r,1340
5135224000,r,1340
5137708000,r,1340
5137708000,r,1340
5137708000,r,1340
5137780000,s,124
5137708000,r,1340
5137708000,r,1340
5137708000,r,1340
5137709000,r,1340
5137709000,r,1340
5137831000,r,1340
5137831000,r,1340
5137838000,s,124
5137832000,r,1340
5137832000,r,1340
5137832000,r,1340
5137847000,s,124
5137832000,r,1340
5137832000,r,1340
5137832000,r,1340
5137883000,r,1340
5137883000,r,1340
5137883000,r,1340
5138093000,s,124
5138153000,s,124
5138275000,s,124
5138314000,s,124
5138324000,s,124
5138333000,s,124
5138340000,s,124
5138347000,s,124
5138354000,s,124
5138361000,s,124
5138370000,s,124
5138377000,s,124
5138430000,r,1340
5138430000,r,1340
5138430000,r,1340
5138430000,r,1340
5138430000,r,1340
5138431000,r,1340
5138431000,r,1340
5138431000,r,188
5138496000,r,172
5138496000,r,1340
5138496000,r,1340
5138497000,r,1340
5138598000,s,124
5138634000,s,124
5138645000,s,124
5138661000,s,124
5138670000,s,124
5138677000,s,124
5138684000,s,124
5138694000,s,124
5138702000,s,124
5138757000,s,124
5138793000,s,124
5138806000,s,124
5138818000,s,124
5138884000,s,124
5138977000,s,124
5138999000,s,124
5139009000,s,124
5139479000,r,1340
5139479000,r,1340
5139479000,r,1340
5139479000,r,1340
5139480000,r,1340
5139480000,r,1340
5139480000,r,1340
5139480000,r,1340
5139608000,r,1340
5139608000,r,1340
5139608000,r,1340
5139608000,r,1340
5139608000,r,1340
5139608000,r,1340
5139608000,r,1340
5140059000,r,1340
5140060000,r,1340
5140060000,r,1340
5140060000,r,1340
5140060000,r,1340
5140060000,r,1340
5140060000,r,1340
5140060000,r,1340
5140144000,r,1340
5140197000,r,1340
5140197000,r,1340
5140197000,r,1340
5140198000,r,1340
5140198000,r,1340
5140198000,r,1340
5140340000,s,124
5140649000,r,1340
5140649000,r,1340
5140649000,r,1340
5140649000,r,1340
5140649000,r,1340
5140650000,r,1340
5140778000,r,1340
5140778000,r,1340
5140778000,r,1340
5141451000,r,1340
5141452000,r,1340
5141452000,r,1340
5141452000,r,1340
5141453000,r,1340
5141453000,r,1340
5141453000,r,1340
5141454000,r,1340
5141665000,r,1340
5141665000,r,1340
5141666000,r,1340
5141666000,r,1340
5141756000,r,1340
5141757000,r,1340
5141757000,r,1340
5142190000,r,1340
5142190000,r,1340
5142190000,r,1340
5142190000,r,1340
5142190000,r,1340
5142190000,r,1340
5142338000,r,1340
5142338000,r,1340
5142338000,r,1340
5142532000,s,124
5142596000,s,124
5142633000,s,124
5142657000,s,124
5142678000,s,124
5142700000,s,124
5142721000,s,124
5142741000,s,124
5142759000,s,124
5142783000,s,124
5142892000,s,124
5142952000,s,124
5142975000,s,124
5142992000,s,124
5143008000,s,124
5143025000,s,124
5143065000,s,124
5143082000,s,124
5143097000,s,124
5143113000,s,124
5143129000,s,124
5143153000,s,124
5143169000,s,124
5143185000,s,124
5143200000,s,124
5143215000,s,124
5143229000,s,124
5143554000,s,124
5144604000,r,1340
5144604000,r,1340
5144605000,r,1340
5144605000,r,1340
5144605000,r,1340
5144605000,r,1340
5144605000,r,1340
5144606000,r,1340
5144816000,r,1340
5144817000,r,1340
5144817000,r,1340
5144817000,r,1340
5144817000,r,1340
5144817000,r,1340
5144817000,r,1340
5144892000,r,1340
5144892000,r,1340
5144892000,r,1340
5144893000,r,1340
5144893000,r,1340
5144893000,r,1340
5144893000,r,1340
5144893000,r,1340
5144981000,r,1340
5144982000,r,1340
5144982000,r,1340
5144982000,r,1340
5145026000,r,1340
5145026000,r,1340
5145027000,r,1340
5145291000,r,1340
5145292000,r,1340
5145292000,r,1340
5147235000,r,1340
5147235000,r,1340
5147235000,r,1340
5147236000,r,1340
5147236000,r,1340
5147236000,r,1340
5147237000,r,1340
5147237000,r,1340
5147335000,s,124
5147355000,r,1340
5147396000,s,124
5147425000,s,124
5147474000,s,124
5147496000,s,124
5147516000,s,124
5147535000,s,124
5147556000,s,124
5147577000,s,124
5147602000,s,124
5147624000,s,124
5147643000,s,124
5147662000,s,124
5147683000,s,124
5147705000,s,124
5147726000,s,124
5147745000,s,124
5147767000,s,124
5147792000,s,124
5147817000,s,124
5147842000,s,124
5147869000,s,124
5147891000,s,124
5147915000,s,124
5147937000,s,124
5147970000,s,124
5147992000,s,124
5148012000,s,124
5148034000,s,124
5148056000,s,124
5148078000,s,124
5148101000,s,124
5148122000,s,124
5148140000,s,124
5148158000,s,124
5148186000,s,124
5148206000,s,124
5148226000,s,124
5148248000,s,124
5148270000,s,124
5148301000,s,124
5148330000,s,124
5148355000,s,124
5148382000,s,124
5148400000,s,124
5148424000,s,124
5148446000,s,124
5148469000,s,124
5148492000,s,124
5148523000,s,124
5148541000,s,124
5148566000,s,124
5148584000,s,124
5148608000,s,124
5148632000,s,124
5148651000,s,124
5148678000,s,124
5148701000,s,124
5148719000,s,124
5148741000,s,124
5148762000,s,124
5148785000,s,124
5148813000,s,124
5148840000,s,124
5148862000,s,124
5148885000,s,124
5148907000,s,124
5148927000,s,124
5148949000,s,124
5148971000,s,124
5148993000,s,124
5149019000,s,124
5149044000,s,124
5149068000,s,124
5149091000,s,124
5149113000,s,124
5155267000,r,1340
5155267000,r,1340
5155268000,r,1340
5155268000,r,1340
5155268000,r,1340
5155268000,r,1340
5155269000,r,1340
5155269000,r,1340
5155491000,r,1340
5155491000,r,1340
5155492000,r,1340
5155492000,r,1340
5155492000,r,1340
5155492000,r,1340
5155492000,r,1340
5155493000,r,1340
5155560000,r,1340
5155561000,r,1340
5155561000,r,1340
5155561000,r,1340
5155561000,r,1340
5155562000,r,1340
5155562000,r,1340
5155562000,r,1340
5155624000,r,1340
5155624000,r,1340
5155625000,r,1340
5155625000,r,1340
5155625000,r,1340
5155625000,r,1340
5155626000,r,1340
5155626000,r,1340
5155693000,r,1340
5155693000,r,1340
5155694000,r,1340
5155694000,r,1340
5155694000,r,1340
5155694000,r,1340
5155694000,r,1340
5155695000,r,1340
5155765000,r,1340
5155765000,r,1340
5155765000,r,1340
5155765000,r,1340
5155766000,r,1340
5155766000,r,1340
5155766000,r,1340
5155766000,r,1340
5155823000,r,1340
5155844000,s,124
5156325000,s,124
5156645000,s,124
5156688000,s,124
5156715000,s,124
5156739000,s,124
5156754000,s,124
5157192000,s,124
5157264000,s,124
5157298000,s,124
5157325000,s,124
5157349000,s,124
5157458000,s,124
5157561000,s,124
5157584000,s,124
5157602000,s,124
5157619000,s,124
5157633000,s,124
5157803000,s,124
5157958000,r,1340
5157958000,r,1340
5158032000,s,124
5157958000,r,1340
5157959000,r,1340
5157959000,r,1340
5157959000,r,1340
5157959000,r,1340
5157959000,r,1340
5158093000,s,124
5158102000,r,1340
5158103000,r,1340
5158116000,s,124
5158103000,r,1340
5158197000,s,124
5158538000,r,1340
5158539000,r,1340
5158539000,r,1340
5158539000,r,1340
5158539000,r,1340
5158539000,r,1340
5158540000,r,1340
5158540000,r,524
5158746000,s,124
5158811000,s,124
5158891000,s,124
5158913000,s,124
5158934000,s,124
5158951000,s,124
5158972000,s,124
5159001000,s,124
5159017000,s,124
5159036000,s,124
5159054000,s,124
5159318000,s,124
5159379000,s,124
5159409000,s,124
5159759000,s,124
5159803000,s,124
5159819000,s,124
5159834000,s,124
5159859000,s,124
5159877000,s,124
5159894000,s,124
5159912000,s,124
5160543000,s,124
5160576000,s,124
5160598000,s,124
5160618000,s,124
5160638000,s,124
5160657000,s,124
5160678000,s,124
5160699000,s,124
5160718000,s,124
5160733000,s,124
5160747000,s,124
5160762000,s,124
5160776000,s,124
5160790000,s,124
5160805000,s,124
5160820000,s,124
5160837000,s,124
5160852000,s,124
5160866000,s,124
5160880000,s,124
5160893000,s,124
5160907000,s,124
5160921000,s,124
5173457000,s,1340
5175778000,s,1340
5179265000,s,172
5184001000,s,236
5187981000,r,1372
5190209000,r,1372
5199474000,r,364
5201795000,r,1340
5201796000,r,1340
5201796000,r,1340
5201796000,r,1340
5201796000,r,1340
5201797000,r,1340
5201797000,r,1340
5202304000,s,124
5202729000,s,124
5202821000,s,124
5203378000,s,124
5205654000,r,1340
5205654000,r,1340
5205654000,r,1340
5205654000,r,1340
5205655000,r,1340
5205655000,r,1340
5205655000,r,508
5205655000,r,1340
5205807000,r,1340
5205808000,r,1340
5205808000,r,1340
5205808000,r,1340
5205808000,r,1340
5205808000,r,1340
5205809000,r,1340
5205809000,r,1340
5205883000,r,1340
5205883000,r,1340
5205883000,r,1340
5205884000,r,1340
5205884000,r,668
5205884000,r,1340
5205884000,r,1340
5205884000,r,1340
5205955000,r,1340
5205956000,r,1340
5205956000,r,1340
5205956000,r,1340
5205956000,r,1340
5205957000,r,1340
5205957000,r,1340
5205957000,r,1340
5206047000,r,1340
5206047000,r,1340
5206047000,r,508
5206047000,r,1340
5206048000,r,1340
5206048000,r,1340
5206048000,r,1340
5206048000,r,1340
5206112000,r,1340
5206112000,r,1340
5206112000,r,1340
5206113000,r,1340
5206113000,r,1340
5206113000,r,1340
5206113000,r,1340
5206113000,r,1340
5206174000,r,508
5206174000,r,1340
5206174000,r,1340
5206175000,r,1340
5206175000,r,1340
5206175000,r,1340
5206175000,r,1340
5206176000,r,1340
5206235000,r,1340
5206235000,r,300
5207048000,s,124
5207112000,s,124
5207379000,s,124
5207671000,s,124
5207904000,s,124
5208047000,s,124
5208374000,s,124
5208752000,s,124
5208921000,s,124
5209062000,s,124
5209197000,s,124
5209590000,s,124
5209628000,s,124
5209826000,s,124
5209871000,s,1340
5209983000,s,188
5210050000,s,124
5210269000,s,124
5210546000,s,124
5210758000,s,124
5210812000,s,124
5211025000,s,124
5211246000,s,124
5211615000,s,124
5211961000,s,124
5212265000,s,124
5212508000,s,124
5212737000,s,316
5212789000,s,124
5212952000,s,124
5212997000,s,348
5213276000,s,124
5213442000,s,124
5214843000,s,380
5217765000,r,124
5222845000,s,124
5224065000,s,364
5224320000,r,124
5228212000,r,124
5233668000,r,124
5233668000,r,124
5234975000,s,124
5238704000,r,396
5238705000,r,1340
5238705000,r,1340
5238705000,r,1340
5238705000,r,1340
5238706000,r,1340
5238706000,r,1340
5238706000,r,1340
5238918000,r,1340
5238918000,r,1340
5238918000,r,1340
5238918000,r,1340
5238918000,r,1340
5238919000,r,1340
5238919000,r,508
5238919000,r,1340
5239001000,r,1340
5239002000,r,1340
5239002000,r,1340
5239002000,r,1340
5239002000,r,1340
5239002000,r,1340
5239003000,r,1340
5239003000,r,1340
5239068000,r,1340
5239068000,r,1340
5239068000,r,1340
5239069000,r,1340
5239367000,s,1340
5239472000,s,732
5240003000,r,508
5240004000,r,1340
5240004000,r,1340
5240004000,r,1340
5240004000,r,860
5240004000,r,396
5240005000,r,1340
5240005000,r,1340
5240140000,r,1340
5240140000,r,1340
5240140000,r,1340
5240140000,r,1340
5240141000,r,1340
5240141000,r,1340
5240141000,r,1340
5240141000,r,1340
5240242000,r,1340
5240242000,r,1340
5240243000,r,1340
5240243000,r,508
5240243000,r,1340
5240243000,r,1340
5240244000,r,1340
5240244000,r,1340
5240324000,r,1340
5240324000,r,1340
5240747000,s,124
5240834000,s,124
5240869000,s,124
5240888000,s,124
5240906000,s,124
5240940000,s,124
5240958000,s,124
5241351000,s,124
5241476000,s,124
5241727000,s,124
5241934000,s,124
5242444000,s,124
5242557000,s,124
5242642000,r,1340
5242643000,r,1340
5242643000,r,1340
5242643000,r,1340
5242643000,r,1340
5242644000,r,1340
5242760000,s,124
5242644000,r,1340
5242644000,r,604
5242831000,r,220
5242831000,r,1340
5242832000,r,1340
5242832000,r,1340
5242832000,r,1340
5242875000,s,124
5242832000,r,1340
5242833000,r,1340
5242833000,r,1340
5242920000,r,1340
5242921000,r,1340
5242921000,r,1340
5242921000,r,1340
5242921000,r,1340
5242922000,r,1340
5242985000,s,124
5242922000,r,508
5242922000,r,220
5243020000,r,1340
5243020000,r,1340
5243021000,r,1340
5243021000,r,1340
5243021000,r,1340
5243021000,r,1340
5243126000,s,124
5243568000,s,124
5244051000,s,124
5244444000,s,124
5244862000,s,124
5245185000,s,124
5245233000,s,124
5245503000,s,124
5245624000,s,124
5246167000,r,1340
5246243000,s,124
5246168000,r,1340
5246168000,r,1340
5246168000,r,1340
5246169000,r,1340
5246169000,r,1340
5246169000,r,1340
5246169000,r,508
5246341000,r,220
5246341000,r,1340
5246342000,r,1340
5246342000,r,1340
5246376000,s,124
5246342000,r,1340
5246342000,r,1340
5246343000,r,1340
5246343000,r,1340
5246431000,r,1340
5246431000,r,1340
5246431000,r,1340
5246432000,r,1340
5246432000,r,1340
5246432000,r,1340
5246432000,r,604
5246433000,r,1340
5246538000,r,1340
5246539000,r,1340
5246539000,r,1340
5246539000,r,1340
5246539000,r,1340
5246540000,r,1340
5246540000,r,1340
5246540000,r,1340
5246625000,r,1340
5246626000,r,1340
5246626000,r,1340
5246626000,r,1340
5246626000,r,508
5246627000,r,1340
5246675000,s,124
5246627000,r,1340
5246627000,r,1340
5246718000,r,1340
5246718000,r,1340
5246718000,r,1340
5246719000,r,1340
5246748000,s,124
5246719000,r,1340
5246719000,r,1340
5246719000,r,1340
5246720000,r,1340
5247094000,s,124
5247235000,s,124
5247643000,s,124
5247877000,s,124
5247962000,s,124
5248192000,s,124
5248426000,s,124
5248890000,s,124
5249245000,s,124
5249546000,s,124
5249795000,s,124
5249939000,s,124
5250252000,s,124
5250299000,s,124
5250323000,s,124
5250350000,s,124
5250633000,s,124
5250854000,s,124
5250990000,s,124
5251127000,s,124
5251258000,s,124
5251378000,s,124
5251591000,s,124
5251694000,s,124
5251794000,s,124
5251908000,s,124
5252015000,s,124
5252126000,s,124
5252228000,s,124
5252338000,s,124
5252451000,s,124
5252443000,r,1340
5252443000,r,1340
5252443000,r,668
5252455000,r,1340
5252455000,r,1340
5252456000,r,1340
5252639000,s,124
5252456000,r,1340
5252456000,r,1340
5252691000,r,1340
5252691000,r,1340
5252692000,r,1340
5252692000,r,1340
5252692000,r,1340
5252693000,r,1340
5252693000,r,1340
5252693000,r,1340
5252800000,r,508
5252801000,r,220
5252801000,r,1340
5252801000,r,1340
5252802000,r,1340
5252802000,r,1340
5252802000,r,1340
5252803000,r,1340
5252896000,r,1340
5252896000,r,1340
5252896000,r,1340
5252897000,r,1340
5252897000,r,1340
5252897000,r,1340
5252898000,r,1340
5252898000,r,508
5252992000,r,1340
5252992000,r,1340
5252993000,r,1340
5252993000,r,1340
5252993000,r,1340
5252994000,r,1340
5252994000,r,1340
5252994000,r,1340
5253092000,r,1340
5253092000,r,1340
5253093000,r,1340
5253093000,r,1340
5253093000,r,1340
5253094000,r,604
5253094000,r,220
5253094000,r,1340
5253192000,r,1340
5253192000,r,1340
5253192000,r,1340
5253192000,r,1340
5253193000,r,1340
5253193000,r,1340
5253193000,r,1340
5253194000,r,1340
5253291000,r,1340
5253292000,r,1340
5253292000,r,1340
5253292000,r,1340
5253293000,r,508
5253293000,r,220
5253293000,r,1340
5253294000,r,1340
5253450000,r,1340
5253451000,r,1340
5253451000,r,1340
5253451000,r,1340
5253452000,r,1340
5253452000,r,1340
5253452000,r,1340
5253453000,r,1340
5253622000,r,1340
5253622000,r,1340
5253623000,r,1340
5253623000,r,508
5253623000,r,1340
5253624000,r,1340
5253624000,r,1340
5253624000,r,1340
5253719000,s,124
5253752000,r,1340
5253752000,r,1340
5253752000,r,1340
5253777000,s,124
5253753000,r,1340
5253753000,r,1340
5253753000,r,1340
5253753000,r,1340
5253804000,s,124
5253753000,r,1340
5253825000,s,124
5253827000,r,1340
5253827000,r,668
5253827000,r,1340
5253845000,s,124
5253827000,r,1340
5253828000,r,1340
5253828000,r,1340
5253828000,r,1340
5253828000,r,1340
5253895000,r,1340
5253895000,r,1340
5253895000,r,1340
5253896000,r,1340
5253896000,r,1340
5253896000,r,1340
5253896000,r,1340
5253896000,r,508
5253953000,r,220
5253950000,s,124
5254449000,s,124
5254612000,s,124
5254691000,s,124
5254758000,s,124
5254925000,s,124
5255026000,s,124
5255095000,s,124
5255234000,s,124
5255329000,s,124
5255418000,s,124
5255705000,s,124
5255799000,s,124
5255884000,s,124
5255949000,s,124
5256010000,s,124
5256088000,s,124
5256108000,r,1340
5256194000,s,124
5256109000,r,1340
5256109000,r,1340
5256109000,r,1340
5256110000,r,1340
5256110000,r,1340
5256110000,r,1340
5256111000,r,1340
5256289000,s,124
5256305000,r,1340
5256305000,r,1340
5256305000,r,1340
5256306000,r,1340
5256306000,r,1340
5256306000,r,188
5256307000,r,252
5256307000,r,252
5256389000,s,124
5256400000,r,124
5256400000,r,124
5256400000,r,124
5256481000,s,124
5256555000,s,124
5256623000,s,124
5256688000,s,124
5256691000,r,364
5256789000,s,124
5256861000,s,124
5256957000,s,124
5257021000,s,124
5257083000,s,124
5257158000,s,124
5257225000,s,124
5258409000,s,124
5259021000,s,140
5260775000,s,140
5263036000,s,124
5263391000,s,124
5263726000,s,124
5267201000,s,124
5267241000,s,124
5267552000,s,124
5267621000,s,124
5267651000,s,124
5267750000,s,124
5267840000,s,124
5267866000,s,124
5267898000,s,124
5268412000,s,124
5268478000,s,124
5268508000,s,124
5268532000,s,124
5268549000,s,124
5268563000,s,124
5268576000,s,124
5269146000,s,124
5269229000,s,124
5269262000,s,124
5269277000,s,124
5269291000,s,124
5273169000,s,188
5284086000,r,124
5284086000,r,204
5287264000,s,684
5299066000,r,124
5301379000,s,364
5302469000,r,1340
5302469000,r,1340
5302469000,r,1340
5302939000,s,124
5304990000,r,1340
5304991000,r,1340
5304991000,r,1340
5304991000,r,1340
5304991000,r,732
5305750000,s,124
5306284000,s,124
5306362000,s,124
5318553000,r,1340
5318553000,r,124
5319630000,s,124
5425018000,s,236
5426107000,s,252
5444270000,r,364
5446657000,r,1340
5446658000,r,1340
5446658000,r,1340
5446658000,r,1340
5446658000,r,1340
5446659000,r,1340
5446659000,r,1340
5446659000,r,1340
5446858000,r,1340
5446858000,r,1340
5446858000,r,1340
5446859000,r,1340
5446859000,r,1340
5446859000,r,508
5446860000,r,1340
5446860000,r,1340
5446960000,r,1340
5446960000,r,1340
5446961000,r,1340
5446961000,r,1340
5446961000,r,1340
5446962000,r,1340
5446962000,r,1340
5446962000,r,1340
5447062000,r,1340
5447062000,r,1340
5447062000,r,1340
5447063000,r,508
5447063000,r,284
5447063000,r,1340
5447063000,r,1340
5447064000,r,1340
5447152000,r,1340
5447152000,r,1340
5447232000,r,1340
5447232000,r,1340
5447233000,r,1340
5447233000,r,1340
5447233000,r,1340
5447234000,r,1340
5447234000,r,1340
5447234000,r,1340
5447333000,r,508
5447336000,s,124
5447373000,r,1340
5447373000,r,1340
5447373000,r,1340
5447841000,r,1340
5447841000,r,1340
5447841000,r,1340
5448071000,s,124
5448359000,s,124
5448454000,s,124
5448504000,s,124
5448532000,s,124
5448565000,s,124
5448589000,s,124
5448615000,s,124
5448638000,s,124
5448662000,s,124
5448687000,s,124
5448713000,s,124
5448750000,s,124
5448784000,s,124
5448812000,s,124
5448833000,s,124
5448853000,s,124
5448873000,s,124
5448897000,s,124
5448961000,s,124
5448998000,s,124
5449028000,s,124
5449049000,s,124
5450255000,r,1340
5450255000,r,1340
5450256000,r,1340
5450256000,r,1340
5450256000,r,1340
5450256000,r,1340
5450257000,r,1340
5450257000,r,508
5450477000,r,1340
5450478000,r,1340
5450478000,r,1340
5450478000,r,1340
5450479000,r,1340
5450479000,r,1340
5450479000,r,1340
5450480000,r,1340
5450585000,r,1340
5450586000,r,1340
5450586000,r,1340
5450586000,r,1340
5450587000,r,1340
5450587000,r,732
5450587000,r,1340
5450587000,r,1340
5450691000,r,1340
5450691000,r,1340
5450692000,r,1340
5450692000,r,1340
5450692000,r,1340
5450693000,r,1340
5450693000,r,1340
5450834000,r,1340
5450834000,r,1340
5450834000,r,636
5450835000,r,1340
5450835000,r,1340
5450835000,r,1340
5450901000,r,1340
5450902000,r,1340
5450902000,r,1340
5451254000,r,1340
5451254000,r,1340
5451254000,r,1340
5451254000,r,1340
5451254000,r,1340
5451255000,r,1340
5451255000,r,1340
5451255000,r,508
5451388000,r,1340
5451946000,s,124
5452069000,s,124
5452526000,r,1340
5452526000,r,1340
5452526000,r,1340
5452526000,r,1340
5452526000,r,1340
5452527000,r,1340
5452527000,r,1340
5452527000,r,1340
5452631000,r,1340
5452631000,r,1340
5452632000,r,1340
5452632000,r,1340
5452632000,r,508
5452664000,s,124
5452632000,r,1340
5452632000,r,1340
5452633000,r,1340
5452696000,r,1340
5452696000,r,1340
5452720000,s,124
5452738000,r,1340
5452744000,s,124
5452738000,r,1340
5452738000,r,1340
5452738000,r,1340
5452738000,r,1340
5452739000,r,1340
5452946000,s,124
5453072000,s,124
5454160000,s,124
5454252000,s,124
5454280000,s,124
5454301000,s,124
5454320000,s,124
5454354000,r,1340
5454354000,r,1340
5454354000,r,508
5454354000,r,1340
5454355000,r,1340
5454355000,r,1340
5454355000,r,1340
5454355000,r,1340
5454506000,r,1340
5454507000,r,1340
5454507000,r,1340
5454507000,r,1340
5454508000,r,1340
5454508000,r,1340
5454508000,r,1340
5454508000,r,1340
5454610000,r,508
5454610000,r,1340
5454610000,r,1340
5454611000,r,1340
5454611000,r,1340
5454611000,r,1340
5454611000,r,1340
5454612000,r,1340
5455190000,s,124
5455653000,s,124
5455694000,s,124
5455723000,s,124
5455737000,s,124
5456400000,s,124
5456664000,s,124
5456822000,s,124
5456918000,s,124
5456999000,s,124
5457113000,s,124
5457235000,s,124
5457332000,s,124
5457633000,s,124
5457769000,s,124
5457941000,s,124
5458051000,s,124
5458163000,s,124
5458264000,s,124
5458366000,s,124
5458525000,r,1340
5458594000,s,124
5458525000,r,1340
5458526000,r,1340
5458526000,r,1340
5458526000,r,1340
5458526000,r,1340
5458526000,r,508
5458527000,r,1340
5458680000,r,1340
5458680000,r,1340
5458681000,r,1340
5458681000,r,1340
5458703000,s,124
5458681000,r,1340
5458681000,r,1340
5458681000,r,1340
5458682000,r,1340
5458749000,r,1340
5458749000,r,1340
5458749000,r,1340
5458750000,r,1340
5458750000,r,508
5458750000,r,1340
5458750000,r,1340
5458806000,s,124
5458751000,r,1340
5458830000,r,1340
5458831000,r,1340
5458831000,r,1340
5458831000,r,1340
5458831000,r,1340
5458831000,r,1340
5458832000,r,1340
5458832000,r,1340
5458887000,r,252
5458910000,s,124
5459016000,s,124
5459306000,s,124
5459489000,s,124
5459623000,s,124
5460104000,s,124
5460238000,s,124
5460365000,s,124
5460487000,s,124
5460608000,s,124
5460736000,s,124
5460847000,s,124
5460976000,s,124
5461107000,s,124
5461296000,s,124
5461512000,s,124
5461777000,s,124
5461915000,s,124
5462043000,s,124
5462137000,s,124
5462262000,s,124
5462384000,s,124
5463142000,s,124
5464162000,s,124
5464347000,s,124
5464402000,s,124
5464662000,s,124
5465325000,s,124
5465426000,s,124
5465690000,s,124
5483251000,s,668
5494054000,r,124
5503452000,r,1340
5503452000,r,1340
5503453000,r,1340
5504405000,s,124
5504552000,r,1340
5504552000,r,1340
5504552000,r,1340
5504552000,r,1340
5504553000,r,1340
5504553000,r,1340
5505550000,s,124
5505877000,s,124
5506036000,s,124
5506084000,r,1340
5506084000,r,1340
5506084000,r,1340
5506084000,r,1340
5506084000,r,1340
5506085000,r,1340
5506085000,r,1340
5506537000,s,124
5506670000,s,124
5506734000,s,124
5506759000,s,124
5507981000,s,124
5515702000,r,1340
5515702000,r,1340
5515702000,r,428
5516537000,s,124
5560134000,s,124
5632194000,s,108
6791075000,s,1340
6822495000,s,1340
6822894000,s,1340
6822958000,s,220
6823830000,s,220
6859317000,r,124
6859317000,r,124
6880736000,s,236
6892307000,r,380
6893116000,s,124
6931680000,r,124
7048380000,r,460
7049546000,s,124
7218459000,s,236
7234449000,r,124
7765099000,r,140
7765100000,r,124
7766113000,s,124
7766463000,s,124
7769291000,r,124
7770068000,s,124
7777710000,r,124
8073267000,r,1340
8073267000,r,1340
8073267000,r,1340
8073898000,r,1340
8073898000,r,1340
8073899000,r,1340
8073899000,r,1244
8073899000,r,1340
8073899000,r,1340
8073900000,r,1340
8074472000,s,124
8074573000,s,124
8074609000,s,124
8074948000,s,124
8075297000,s,124
8075365000,s,124
8075513000,s,124
8075688000,s,124
8075941000,s,124
8076084000,s,124
8087499000,r,1340
8087499000,r,1340
8087499000,r,1340
8087500000,r,1340
8087500000,r,1340
8087500000,r,1340
8087500000,r,1340
8087501000,r,1340
8087862000,r,1340
8087863000,r,1340
8087863000,r,1340
8087863000,r,1340
8087864000,r,1340
8087864000,r,1340
8087865000,r,1340
8087865000,r,1340
8088001000,r,1340
8088001000,r,1340
8088002000,r,1340
8088002000,r,1340
8088567000,s,124
8088822000,s,124
8088961000,s,124
8089013000,s,124
8089334000,s,124
8089389000,s,124
8089426000,s,124
8089449000,s,124
8089471000,s,124
8089495000,s,124
8089532000,s,124
8089555000,s,124
8089582000,s,124
8089611000,s,124
8089689000,s,124
8090213000,s,124
8090650000,s,124
8090720000,s,124
8090785000,s,124
8091064000,s,124
8099382000,r,1340
8099383000,r,1340
8099383000,r,1340
8099383000,r,1340
8099383000,r,476
8100131000,s,124
8100180000,s,124
8100209000,s,124
8100273000,s,124
8100298000,s,124
8192047000,s,124
8195951000,s,140
9708566000,s,124
9737590000,s,124
9738025000,s,124
9738080000,s,124
9761773000,r,140
9761773000,r,140
9761773000,r,124
9761773000,r,124
9762388000,s,108
9762442000,s,108
9762453000,s,108
9762459000,s,108
14760998000,s,140
14800899000,s,140
14801374000,s,140
14801581000,s,140
14801626000,s,140
14821302000,r,172
14821302000,r,156
14821302000,r,204
14869549000,s,1340
14869781000,s,1340
14878949000,s,140
14891859000,r,140
14891859000,r,1340
14895517000,r,140
14897219000,s,140
14899491000,r,1340
14899492000,r,396
14899492000,r,1052
14899493000,r,140
14901239000,s,1340
14901379000,s,1132
14908361000,s,1340
14914887000,s,172
14919524000,r,140
14919525000,r,140
14923384000,s,172
14923657000,s,172
14926270000,s,476
14927519000,r,1340
14927519000,r,412
14928522000,s,140
14928711000,s,140
14930844000,s,220
14938463000,r,220
14943165000,r,124
14945298000,s,124
14947483000,r,1132
14951532000,r,460
14951532000,r,124
14953433000,s,124
14992249000,s,140
14995529000,r,124
20905048000,s,156
20944060000,s,156
20944523000,s,156
20963574000,r,156
25090050000,s,108
25129777000,s,108
25130244000,s,108
27006384000,s,156
27047114000,s,156
27047639000,s,156
27067580000,r,156