0,s,156
45161000,s,156
45601000,s,156
63451000,r,156
459953000,s,124
468545000,s,124
472711000,r,236
477016000,s,124
480817000,r,172
489147000,r,236
491116000,s,252
492468000,s,124
496697000,s,124
507255000,r,124
508468000,s,124
511121000,s,156
511255000,s,156
511413000,s,1340
511465000,s,716
518151000,r,188
518151000,r,172
521753000,r,124
524516000,r,364
525440000,s,124
526997000,s,188
527770000,s,204
528747000,s,652
540291000,r,204
540292000,r,172
542007000,s,124
542141000,s,1340
542210000,s,1340
542633000,s,156
542841000,s,172
557397000,r,1372
557397000,r,1372
561236000,s,1340
561596000,s,188
561936000,r,1340
561936000,r,1340
562440000,s,316
562556000,r,1340
562556000,r,1340
562557000,r,1340
562930000,s,396
563190000,s,124
563397000,s,124
564717000,r,1340
564718000,r,1340
564718000,r,1340
564719000,r,1340
564719000,r,1020
565842000,s,124
569681000,s,124
569797000,s,124
576418000,r,124
576418000,r,124
591692000,r,252
591692000,r,284
595302000,s,460
595554000,s,364
596733000,s,140
604807000,s,124
605727000,s,124
606664000,s,124
612824000,r,204
612825000,r,140
612825000,r,204
614365000,r,1340
614365000,r,1340
614365000,r,620
615198000,s,124
615240000,r,1340
615240000,r,1340
615240000,r,1340
615865000,s,124
615962000,s,124
616440000,s,140
616505000,r,1340
616505000,r,1340
616505000,r,1340
616505000,r,1340
616505000,r,1340
616505000,r,1340
616505000,r,1340
616506000,r,1340
616633000,r,1340
616634000,r,1340
616634000,r,1340
616634000,r,1340
616634000,r,1340
616634000,r,1180
616948000,s,124
617014000,s,124
617081000,s,124
617118000,s,124
617251000,s,124
617265000,s,124
617275000,s,140
617416000,s,124
618119000,s,140
622346000,r,188
622778000,s,140
624484000,r,204
624484000,r,188
629537000,s,124
630561000,s,124
640645000,r,124
641797000,s,124
642283000,r,124
642817000,s,1340
642939000,s,700
643034000,s,124
643490000,s,1340
643590000,s,620
654704000,r,124
654704000,r,124
654704000,r,364
655531000,r,124
655720000,s,124
657345000,s,188
658551000,s,668
663875000,r,1340
663875000,r,1340
663875000,r,1340
663875000,r,1340
663876000,r,1340
663876000,r,1116
664702000,s,124
664851000,s,124
664958000,s,124
665034000,s,124
665130000,s,124
665199000,s,124
665628000,s,252
667087000,r,124
667225000,r,204
667576000,s,220
667739000,s,748
669539000,s,300
669784000,r,124
677288000,r,1340
677288000,r,1340
677288000,r,1340
677288000,r,1340
677288000,r,1340
677288000,r,1340
677288000,r,1340
677288000,r,1340
677547000,r,1340
677547000,r,172
678616000,s,124
678840000,s,124
678868000,s,124
679097000,s,124
679205000,s,124
687964000,r,124
687964000,r,172
689026000,s,124
689124000,s,156
691819000,r,364
694253000,r,1340
694253000,r,1340
694253000,r,1340
694253000,r,1340
694254000,r,1340
694254000,r,1340
694254000,r,1340
694254000,r,1340
694362000,r,1340
694362000,r,1340
694363000,r,1340
694363000,r,1340
694363000,r,1340
694363000,r,508
694363000,r,1340
694363000,r,204
694406000,r,796
694855000,s,124
694953000,s,124
694974000,s,124
695042000,s,124
695104000,s,124
695129000,s,124
695813000,s,124
695963000,s,124
699330000,r,1340
699330000,r,1340
699330000,r,1340
699330000,r,1340
699330000,r,1340
699330000,r,1340
699331000,r,1340
699331000,r,1340
699440000,r,1340
699440000,r,428
699492000,s,156
700048000,s,124
700145000,s,124
700364000,s,124
700571000,s,124
700895000,s,124
704646000,s,316
711864000,r,124
735098000,s,1340
735175000,s,300
736798000,s,124
741952000,s,412
742186000,s,364
748723000,r,124
748723000,r,124
756632000,r,124
781219000,s,364
792742000,r,124
805239000,r,380
849440000,s,124
862929000,r,1340
862930000,r,1340
862930000,r,1340
862930000,r,1340
862930000,r,1340
862930000,r,1340
864414000,s,124
864479000,r,1340
864479000,r,1340
864479000,r,1340
864480000,r,1340
864480000,r,1340
864480000,r,924
864674000,s,124
864797000,s,124
865496000,s,124
865620000,s,124
865675000,s,124
877200000,r,1340
877200000,r,1340
877670000,r,1340
877670000,r,1340
877670000,r,1340
877671000,r,1340
877671000,r,1340
877671000,r,1340
877979000,r,1340
877980000,r,1340
877980000,r,1340
877980000,r,1340
877980000,r,1340
877980000,r,1340
878508000,r,1340
878508000,r,1340
878508000,r,1340
878509000,r,1340
878509000,r,1340
878509000,r,1340
878584000,s,124
878774000,s,124
879098000,s,124
879139000,s,124
879501000,s,124
879871000,r,1340
879885000,s,124
879914000,s,124
879871000,r,1340
879871000,r,1340
879871000,r,1340
879871000,r,1340
879871000,r,1340
879871000,r,1340
879872000,r,684
880202000,s,124
880349000,s,124
880445000,s,124
880852000,s,124
881131000,s,124
881157000,s,124
881304000,s,124
881400000,s,124
881539000,s,124
892649000,r,1340
892649000,r,1340
892649000,r,1340
892649000,r,1340
892649000,r,1340
892650000,r,1340
892650000,r,1340
892650000,r,1340
892862000,r,1340
892862000,r,1340
892863000,r,1340
892863000,r,1340
892863000,r,460
893715000,s,124
893781000,s,124
893799000,s,124
894373000,s,124
894513000,s,124
894627000,s,124
894847000,s,444
906423000,r,124
978543000,r,1340
978543000,r,1340
978543000,r,1340
978544000,r,1340
978544000,r,1340
978544000,r,1340
978544000,r,1340
978545000,r,1340
978878000,r,1340
979090000,r,1340
979091000,r,1340
979091000,r,940
980267000,s,124
980497000,s,124
980763000,s,124
980927000,s,124
981078000,s,124
981250000,s,124
983274000,r,1340
983274000,r,1340
983275000,r,1340
983275000,r,1340
983275000,r,1340
983275000,r,1340
983275000,r,508
984652000,s,124
985409000,s,124
985513000,s,124
1029793000,s,124
1091840000,s,1276
1105073000,r,124
1288471000,r,1340
1288471000,r,1340
1288472000,r,1340
1288472000,r,1340
1288473000,r,1340
1288473000,r,1340
1288473000,r,1340
1288474000,r,1340
1289308000,r,1340
1289309000,r,1340
1289309000,r,1340
1289309000,r,940
1289310000,r,1340
1289310000,r,1340
1289310000,r,1340
1289311000,r,1340
1289439000,r,1340
1289439000,r,1340
1289439000,r,1340
1289440000,r,1340
1289440000,r,1340
1289440000,r,1340
1289441000,r,1340
1289441000,r,1340
1289553000,r,1340
1289553000,r,1340
1289554000,r,1340
1289554000,r,1340
1289554000,r,1340
1289555000,r,1340
1291096000,s,124
1291732000,s,124
1292003000,s,124
1292054000,s,124
1292676000,s,124
1292852000,s,124
1293017000,s,124
1293089000,s,124
1293574000,s,124
1293628000,s,124
1293669000,s,124
1293705000,s,124
1293737000,s,124
1293777000,s,124
1293915000,s,124
1293954000,s,124
1293986000,s,124
1294011000,s,124
1294033000,s,124
1294059000,s,124
1294543000,s,124
1294579000,s,124
1294612000,s,124
1294646000,s,124
1294729000,s,124
1294765000,s,124
1294799000,s,124
1294831000,s,124
1294859000,s,124
1294881000,s,124
1304766000,r,1340
1304768000,r,1340
1304768000,r,1340
1304768000,r,1340
1306305000,s,124
1306383000,s,124
1306416000,s,124
1306421000,r,1340
1306430000,s,124
1306421000,r,1340
1306422000,r,1340
1306422000,r,1340
1306422000,r,1340
1306422000,r,1340
1306422000,r,1340
1306422000,r,1340
1306544000,r,1340
1306544000,r,1340
1306544000,r,1340
1306545000,r,1340
1306545000,r,1340
1306545000,r,1340
1306545000,r,1340
1306545000,r,1340
1306592000,r,1340
1306592000,r,1340
1306592000,r,1340
1306592000,r,1340
1306593000,r,1340
1306593000,r,1340
1306593000,r,1340
1306593000,r,1340
1307165000,s,124
1307192000,r,1340
1307192000,r,1340
1307193000,r,1340
1307243000,s,124
1307359000,s,124
1307399000,s,124
1307426000,s,124
1307443000,s,124
1307460000,s,124
1307527000,s,124
1307564000,s,124
1307588000,s,124
1307639000,s,124
1307700000,s,124
1307738000,s,124
1307758000,s,124
1308648000,r,1340
1308673000,s,124
1308648000,r,1340
1308649000,r,1340
1308716000,s,124
1308649000,r,1340
1308649000,r,1340
1308738000,s,124
1308650000,r,1340
1308650000,r,1340
1308650000,r,1340
1308777000,s,124
1308795000,r,1340
1308799000,s,124
1308795000,r,1340
1308796000,r,1340
1308821000,s,124
1308796000,r,1340
1308796000,r,1340
1308843000,s,124
1308796000,r,1340
1308797000,r,1340
1308797000,r,1340
1308873000,s,124
1308888000,r,1340
1308888000,r,1340
1308909000,s,124
1308888000,r,1340
1308889000,r,1340
1308889000,r,1340
1308889000,r,1340
1308940000,s,124
1308890000,r,1340
1308890000,r,1340
1308968000,s,124
1308972000,r,1340
1308995000,s,124
1309295000,s,124
1309595000,s,124
1310057000,s,124
1310134000,s,124
1310249000,s,124
1310366000,s,124
1310595000,s,124
1310879000,s,124
1311022000,s,124
1311411000,s,124
1311571000,s,124
1311714000,s,124
1311788000,r,1340
1311789000,r,1340
1311789000,r,1340
1311853000,s,124
1311789000,r,1340
1311994000,s,124
1312145000,s,124
1312264000,s,124
1312412000,s,124
1312544000,s,124
1312759000,s,124
1312909000,s,124
1313065000,s,124
1313370000,s,124
1313454000,s,124
1313486000,s,124
1313788000,s,124
1313987000,s,124
1314074000,s,124
1314118000,s,124
1314154000,s,124
1314476000,s,124
1322228000,r,1340
1322229000,r,1340
1322229000,r,1340
1322229000,r,1340
1322230000,r,1340
1322230000,r,1340
1322230000,r,1340
1322230000,r,1340
1322640000,r,1340
1322640000,r,1340
1322640000,r,1340
1322640000,r,1340
1322641000,r,1340
1322641000,r,1340
1323475000,s,124
1323574000,s,124
1323691000,s,124
1323723000,s,124
1323740000,s,124
1323758000,s,124
1323773000,s,124
1323803000,s,124
1323819000,s,124
1323834000,s,124
1323879000,s,124
1323895000,s,124
1323910000,s,124
1323925000,s,124
1326093000,r,1340
1326093000,r,1340
1326093000,r,1340
1326093000,r,1340
1326093000,r,1340
1326094000,r,1340
1326094000,r,1340
1326094000,r,1340
1326282000,r,1340
1326282000,r,1340
1326282000,r,1340
1326283000,r,1340
1326283000,r,1340
1326283000,r,1340
1326283000,r,1340
1326284000,r,1340
1326351000,r,1340
1326351000,r,1340
1326351000,r,1340
1326351000,r,1340
1326351000,r,1340
1326352000,r,1340
1326352000,r,1340
1326352000,r,1340
1326414000,r,1340
1326414000,r,1340
1326415000,r,1340
1326415000,r,1340
1326415000,r,1340
1326415000,r,1340
1326416000,r,1340
1326416000,r,1340
1326475000,r,1340
1326475000,r,1340
1326475000,r,1340
1326475000,r,1340
1327056000,s,124
1327218000,s,124
1327339000,s,124
1327482000,s,124
1327644000,s,124
1327774000,s,124
1327904000,s,124
1328021000,s,124
1328137000,s,124
1328261000,s,124
1328387000,s,124
1328508000,s,124
1328641000,r,1340
1328641000,r,1340
1328641000,r,1340
1328642000,r,1340
1328642000,r,1340
1328642000,r,1340
1328642000,r,1340
1328642000,r,1340
1328773000,s,124
1328781000,r,1340
1328782000,r,1340
1328782000,r,1340
1328782000,r,1340
1328782000,r,1340
1328911000,s,124
1329020000,s,124
1329166000,s,124
1329323000,s,124
1329481000,s,124
1329631000,s,124
1329800000,s,124
1329947000,s,124
1330102000,s,124
1330214000,s,124
1330321000,s,124
1330431000,s,124
1330538000,s,124
1330647000,s,124
1330756000,s,124
1330858000,s,124
1330960000,s,124
1331061000,s,124
1331167000,s,124
1331273000,s,124
1331389000,s,124
1331509000,s,124
1331621000,s,124
1331733000,s,124
1331841000,s,124
1331943000,s,124
1332042000,s,124
1332137000,s,124
1332226000,s,124
1332321000,s,124
1332417000,s,124
1332511000,s,124
1332595000,s,124
1332748000,s,124
1332918000,s,124
1333005000,s,124
1336646000,r,1340
1336647000,r,1340
1336830000,r,1340
1336830000,r,1340
1336830000,r,1340
1337739000,s,124
1338014000,s,124
1338099000,s,124
1338122000,s,124
1338259000,s,124
1339583000,r,1340
1339583000,r,1340
1339583000,r,1340
1339583000,r,1340
1339583000,r,1340
1339584000,r,1340
1340684000,s,124
1340826000,s,124
1340856000,s,124
1340880000,s,124
1341019000,r,1340
1341020000,r,1340
1341130000,s,124
1341020000,r,1340
1341020000,r,1340
1341020000,r,1340
1341021000,r,1340
1341021000,r,1340
1341021000,r,1340
1341522000,s,124
1341861000,s,124
1342634000,s,124
1342774000,r,1340
1342794000,s,124
1342774000,r,1340
1342774000,r,1340
1342775000,r,1340
1342775000,r,1340
1342775000,r,1340
1342776000,r,1340
1342776000,r,1340
1342936000,s,124
1342956000,r,1340
1342956000,r,1340
1342956000,r,1340
1342956000,r,1340
1342957000,r,1340
1342957000,r,1340
1342957000,r,1340
1343191000,s,124
1343301000,s,124
1343413000,s,124
1343532000,s,124
1343658000,s,124
1343812000,s,124
1343927000,s,124
1344041000,s,124
1344152000,s,124
1344306000,s,124
1344465000,s,124
1344661000,r,1340
1344677000,s,124
1344662000,r,1340
1344832000,s,124
1344995000,s,124
1345145000,s,124
1345300000,s,124
1345440000,s,124
1345574000,s,124
1345638000,r,1340
1345639000,r,1340
1345639000,r,1340
1345639000,r,1340
1345639000,r,1340
1345639000,r,1340
1345639000,r,1340
1345640000,r,1340
1345704000,s,124
1345714000,r,1340
1345842000,s,124
1345992000,s,124
1346141000,s,124
1346291000,s,124
1346439000,s,124
1346579000,s,124
1346719000,s,124
1346868000,s,124
1347016000,s,124
1347169000,s,124
1347318000,s,124
1347325000,r,1340
1347325000,r,1340
1347326000,r,1340
1347326000,r,1340
1347326000,r,1340
1347326000,r,1340
1347326000,r,1340
1347326000,r,1340
1347395000,r,1340
1347395000,r,1340
1347395000,r,1340
1347395000,r,1340
1347395000,r,1340
1347435000,r,1340
1347435000,r,1340
1347435000,r,1340
1347763000,s,124
1347826000,s,124
1348014000,s,124
1348068000,s,124
1348098000,s,124
1348113000,s,124
1348127000,s,124
1348141000,s,124
1348159000,s,124
1348177000,s,124
1348197000,s,124
1348210000,s,124
1348269000,s,124
1348300000,s,124
1348324000,s,124
1348342000,s,124
1349457000,r,1340
1349457000,r,1340
1349457000,r,1340
1349457000,r,1340
1349457000,r,1340
1349872000,s,124
1350151000,s,124
1350334000,s,124
1350480000,s,124
1350609000,s,124
1352647000,r,1340
1352647000,r,1340
1353472000,s,124
1353677000,s,124
1355667000,r,1340
1355667000,r,1340
1355668000,r,1340
1355668000,r,1340
1355668000,r,1340
1355668000,r,1340
1355669000,r,1340
1355669000,r,1340
1356493000,s,124
1356678000,s,124
1357136000,s,124
1357159000,r,1340
1357212000,s,124
1357160000,r,1340
1357240000,s,124
1357160000,r,1340
1357261000,s,124
1357280000,s,124
1357299000,s,124
1357585000,s,124
1357668000,s,124
1357709000,s,124
1358561000,r,1340
1358561000,r,1340
1358562000,r,1340
1358562000,r,1340
1358562000,r,1340
1358562000,r,1340
1358563000,r,1340
1358563000,r,1340
1358796000,r,1340
1358797000,r,1340
1358797000,r,1340
1358797000,r,1340
1358798000,r,1340
1358798000,r,1340
1358798000,r,1340
1358798000,r,1340
1358883000,r,1340
1358883000,r,1340
1358883000,r,1340
1358883000,r,1340
1358884000,r,1340
1358884000,r,1340
1358884000,r,1340
1359003000,r,1340
1359003000,r,1340
1359003000,r,1340
1359758000,s,124
1359902000,s,124
1359956000,s,124
1359990000,s,124
1360015000,s,124
1360037000,s,124
1360064000,s,124
1360105000,s,124
1360130000,s,124
1360156000,s,124
1360221000,s,124
1360268000,s,124
1360317000,s,124
1360344000,s,124
1360369000,s,124
1360394000,s,124
1360419000,s,124
1360444000,s,124
1360466000,s,124
1360488000,s,124
1360513000,s,124
1360536000,s,124
1360560000,s,124
1360589000,s,124
1360664000,s,124
1360842000,s,124
1361427000,r,1340
1361427000,r,1340
1361428000,r,1340
1361428000,r,1340
1361428000,r,1340
1361429000,r,1340
1361429000,r,1340
1362185000,s,124
1362199000,r,1340
1362199000,r,1340
1362199000,r,1340
1362199000,r,1340
1362200000,r,1340
1362200000,r,1340
1362200000,r,1340
1362201000,r,1340
1362352000,r,1340
1362352000,r,1340
1362353000,r,1340
1362353000,r,1340
1362353000,r,1340
1362354000,r,1340
1362354000,r,1340
1362354000,r,1340
1362450000,r,1340
1362450000,s,124
1362450000,r,1340
1362451000,r,1340
1362617000,s,124
1362769000,s,124
1362958000,s,124
1363108000,s,124
1363252000,s,124
1363390000,s,124
1363544000,s,124
1363677000,s,124
1363808000,s,124
1363935000,s,124
1364063000,s,124
1364173000,s,124
1364302000,s,124
1364432000,s,124
1364559000,s,124
1364750000,s,124
1364946000,s,124
1365080000,s,124
1365203000,s,124
1365338000,s,124
1365464000,s,124
1365581000,s,124
1365692000,s,124
1365805000,s,124
1368622000,r,1340
1368622000,r,1340
1368622000,r,1340
1368622000,r,1340
1368622000,r,1340
1369656000,r,1340
1369656000,r,1340
1369656000,r,1340
1369656000,r,1340
1369656000,r,1340
1369957000,s,124
1370060000,s,124
1370150000,s,124
1370216000,s,124
1370307000,s,124
1370390000,s,124
1370465000,s,124
1370541000,s,124
1370610000,s,124
1370686000,s,124
1372317000,r,1340
1372318000,r,1340
1372318000,r,1340
1372318000,r,1340
1372319000,r,1340
1372319000,r,1340
1372319000,r,1340
1372319000,r,1340
1372463000,r,1340
1373079000,s,124
1373178000,s,124
1373240000,s,124
1373295000,s,124
1373314000,r,1340
1373315000,r,1340
1373315000,r,1340
1373315000,r,1340
1373315000,r,1340
1373371000,s,124
1373315000,r,1340
1373315000,r,1340
1373315000,r,1340
1373391000,r,1340
1373391000,r,1340
1373391000,r,1340
1373391000,r,1340
1373552000,s,124
1373588000,s,124
1373601000,s,124
1373663000,r,1340
1373663000,r,1340
1373663000,r,1340
1373663000,r,1340
1373663000,r,1340
1373664000,r,1340
1373947000,s,124
1374033000,s,124
1374079000,s,124
1374223000,s,124
1374354000,s,124
1374447000,s,124
1374469000,r,1340
1374469000,r,1340
1374469000,r,1340
1374692000,s,124
1374820000,s,124
1374905000,s,124
1374980000,s,124
1375108000,s,124
1375239000,s,124
1375333000,s,124
1375425000,s,124
1375482000,s,124
1375605000,s,124
1375720000,s,124
1375896000,s,124
1375951000,s,124
1375970000,s,124
1376003000,r,1340
1376003000,r,1340
1376107000,s,124
1376004000,r,1340
1376004000,r,1340
1376004000,r,1340
1376140000,s,124
1376004000,r,1340
1376005000,r,1340
1376005000,r,1340
1376210000,r,1340
1376676000,s,124
1376789000,s,124
1376893000,s,124
1376989000,s,124
1377073000,s,124
1377153000,s,124
1377232000,s,124
1377311000,s,124
1377373000,s,124
1379024000,r,1340
1379024000,r,1340
1379025000,r,1340
1379025000,r,1340
1379025000,r,1340
1379025000,r,1340
1379026000,r,1340
1379026000,r,1340
1379208000,r,1340
1379208000,r,1340
1379209000,r,1340
1379209000,r,1340
1379209000,r,1340
1379209000,r,1340
1379210000,r,1340
1379210000,r,1340
1379282000,r,1340
1379283000,r,1340
1379283000,r,1340
1379746000,s,124
1379898000,s,124
1379982000,s,124
1380046000,s,124
1380112000,s,124
1380182000,s,124
1380775000,s,124
1380870000,s,124
1380944000,s,124
1381036000,s,124
1381104000,s,124
1381169000,s,124
1381233000,s,124
1382836000,r,1340
1382836000,r,1340
1382837000,r,1340
1382837000,r,1340
1382837000,r,1340
1382837000,r,1340
1382838000,r,1340
1382838000,r,1340
1383048000,r,1340
1383048000,r,1340
1383048000,r,1340
1383049000,r,1340
1383049000,r,1340
1383049000,r,1340
1383049000,r,1340
1383805000,s,124
1383872000,s,124
1384143000,s,124
1387000000,r,1340
1387000000,r,1340
1387000000,r,1340
1387000000,r,1340
1387000000,r,1340
1387000000,r,1340
1387001000,r,1340
1387001000,r,1340
1387113000,r,1340
1387113000,r,1340
1387704000,s,124
1388640000,r,1340
1388640000,r,1340
1388640000,r,1340
1389138000,s,124
1389383000,r,1340
1389383000,r,1340
1389384000,r,1340
1389384000,r,1340
1389384000,r,1340
1389384000,r,1340
1389384000,r,1340
1389384000,r,1340
1389439000,r,1340
1389439000,r,1340
1389439000,r,1340
1389730000,r,1340
1389730000,r,1340
1389731000,r,1340
1389731000,r,1340
1389731000,r,1340
1389731000,r,1340
1389731000,r,1340
1389732000,r,1340
1389839000,r,1340
1390603000,s,124
1391890000,r,1340
1391891000,r,1340
1391891000,r,1340
1391891000,r,1340
1391891000,r,1340
1391891000,r,1340
1392533000,s,124
1392692000,s,124
1392796000,s,124
1396671000,r,1340
1396671000,r,1340
1396671000,r,1340
1396672000,r,1340
1396672000,r,1340
1396672000,r,1340
1396672000,r,1340
1396672000,r,1340
1396772000,r,1340
1396772000,r,1340
1396773000,r,1340
1396773000,r,1340
1396773000,r,1340
1396773000,r,1340
1396773000,r,1340
1396773000,r,1340
1396804000,r,1340
1396804000,r,1340
1397301000,s,124
1397490000,s,124
1397625000,r,1340
1397625000,r,1340
1397625000,r,1340
1397625000,r,1340
1397625000,r,1340
1397625000,r,1340
1397625000,r,1340
1397626000,r,1340
1397705000,r,1340
1397706000,r,1340
1397706000,r,1340
1397706000,r,1340
1397706000,r,1340
1397706000,r,1340
1397706000,r,1340
1397781000,s,124
1398395000,s,124
1398864000,s,124
1399048000,s,124
1399418000,s,124
1399637000,s,124
1400625000,r,1340
1400625000,r,1340
1401095000,r,1340
1401095000,r,1340
1401095000,r,1340
1401096000,r,1340
1401096000,r,1340
1401096000,r,1340
1401216000,s,124
1401466000,s,124
1403174000,r,1340
1403174000,r,1340
1403263000,s,124
1403174000,r,1340
1403174000,r,1340
1403174000,r,1340
1403174000,r,1340
1403174000,r,1340
1403175000,r,1340
1403304000,r,1340
1403304000,r,1340
1403304000,r,1340
1403304000,r,1340
1403305000,r,1340
1403305000,r,1340
1403305000,r,1340
1403305000,r,1340
1403357000,r,1340
1403357000,r,1340
1404446000,s,124
1404625000,r,1340
1404625000,r,1340
1404625000,r,1340
1404625000,r,1340
1404625000,r,1340
1404625000,r,1340
1404691000,s,124
1404626000,r,1340
1404626000,r,1340
1404712000,r,1340
1405932000,s,124
1412626000,r,1340
1412626000,r,1340
1412626000,r,1340
1412626000,r,1340
1412626000,r,1340
1412626000,r,1340
1412626000,r,1340
1412626000,r,1340
1412749000,r,1340
1412749000,r,1340
1412749000,r,1340
1412749000,r,1340
1412749000,r,1340
1412749000,r,1340
1412749000,r,1340
1412750000,r,1340
1412791000,r,1340
1412791000,r,1340
1412791000,r,1340
1412791000,r,1340
1412791000,r,1340
1413313000,s,124
1413405000,s,124
1415113000,r,1340
1415113000,r,1340
1415113000,r,1340
1415114000,r,1340
1415114000,r,1340
1415114000,r,1340
1415114000,r,1340
1415114000,r,1340
1415223000,r,1340
1415223000,r,1340
1415223000,r,1340
1415224000,r,1340
1415224000,r,1340
1415224000,r,1340
1415224000,r,1340
1415224000,r,1340
1415281000,r,1340
1415281000,r,1340
1415281000,r,1340
1415281000,r,1340
1415281000,r,1340
1415281000,r,1340
1415282000,r,1340
1415282000,r,1340
1415338000,r,1340
1415847000,s,124
1415899000,s,124
1416090000,s,124
1416508000,s,124
1416622000,r,1340
1416644000,s,124
1416622000,r,1340
1416622000,r,1340
1416622000,r,1340
1416622000,r,1340
1416622000,r,1340
1416739000,s,124
1417144000,s,124
1417251000,s,124
1418219000,r,1340
1418220000,r,1340
1418220000,r,1340
1418220000,r,1340
1418220000,r,1340
1418220000,r,1340
1418220000,r,1340
1418221000,r,1340
1418268000,r,1340
1418268000,r,1340
1418268000,r,1340
1418269000,r,1340
1418269000,r,1340
1418269000,r,1340
1418269000,r,1340
1418269000,r,1340
1418302000,r,1340
1418302000,r,1340
1419630000,s,124
1420627000,r,1340
1420627000,r,1340
1420627000,r,1340
1420627000,r,1340
1420627000,r,1340
1420627000,r,1340
1420627000,r,1340
1421224000,s,124
1421263000,s,124
1421761000,s,124
1428515000,r,1340
1428515000,r,1340
1428515000,r,1340
1428516000,r,1340
1428516000,r,1340
1428516000,r,1340
1428516000,r,1340
1428516000,r,1340
1428650000,r,1340
1428650000,r,1340
1428650000,r,1340
1428650000,r,1340
1428650000,r,1340
1428651000,r,1340
1428651000,r,1340
1428651000,r,1340
1428693000,r,1340
1428693000,r,1340
1428694000,r,1340
1428694000,r,1340
1428694000,r,1340
1428694000,r,1340
1428694000,r,1340
1428694000,r,1340
1428730000,r,1340
1428730000,r,1340
1428731000,r,1340
1428731000,r,1340
1428731000,r,1340
1428731000,r,1340
1429071000,s,124
1429309000,s,124
1429509000,s,124
1430223000,r,1340
1430229000,s,124
1430263000,s,124
1430224000,r,1340
1430224000,r,1340
1430224000,r,1340
1430224000,r,1340
1430224000,r,1340
1430224000,r,1340
1430225000,r,1340
1430364000,r,1340
1430364000,r,1340
1430365000,r,1340
1430365000,r,1340
1430365000,r,1340
1430365000,r,1340
1430365000,r,1340
1430366000,r,1340
1430415000,s,124
1430878000,s,124
1431030000,s,124
1431132000,s,124
1431465000,s,124
1431572000,s,124
1431668000,s,124
1431766000,s,124
1431876000,s,124
1432397000,r,1340
1432397000,r,1340
1432397000,r,1340
1432397000,r,1340
1432397000,r,1340
1432398000,r,1340
1432398000,r,1340
1432398000,r,1340
1432496000,r,1340
1432496000,r,1340
1432496000,r,1340
1432496000,r,1340
1432496000,r,732
1433249000,s,124
1433363000,s,124
1433456000,s,124
1433549000,s,124
1433636000,s,124
1689159000,s,508
1704872000,r,124
1740437000,r,1196
1741569000,s,124
1771136000,s,140
1772117000,s,140
1773275000,s,140
1777715000,r,204
1777715000,r,188
1779834000,r,236
1791961000,s,140
1794323000,s,268
1807348000,r,476
1807348000,r,1340
1807348000,r,1340
1807348000,r,1340
1807349000,r,1340
1807349000,r,1340
1807349000,r,1340
1807349000,r,1340
1808447000,s,124
1808711000,s,124
1808763000,s,124
1808986000,s,124
1809013000,s,124
1809029000,s,124
1809147000,s,124
1809316000,s,124
1809442000,r,1340
1809442000,r,1340
1809443000,r,1340
1809443000,r,908
1809443000,r,1276
1809728000,s,124
1810093000,s,124
1810125000,s,124
1810525000,s,124
1810680000,s,124
1811633000,r,140
1812427000,s,140
1816312000,s,140
1817639000,s,140
1818659000,s,140
1822307000,s,1340
1822345000,s,748
1828070000,r,204
1828071000,r,204
1828071000,r,204
1828260000,s,604
1831715000,s,124
1834492000,s,124
1835788000,s,124
1837283000,s,124
1840220000,r,140
1840221000,r,380
1840968000,s,140
1841820000,s,204
1841886000,r,236
1841886000,r,172
1842071000,s,236
1842513000,s,652
1844627000,r,236
1844752000,r,124
1845428000,s,124
1847049000,s,1340
1847235000,s,700
1847595000,s,124
1858591000,r,124
1858591000,r,140
1858591000,r,220
1858592000,r,140
1858592000,r,204
1860124000,s,124
1860616000,r,140
1860617000,r,124
1860617000,r,1340
1860617000,r,1340
1860926000,s,1340
1861132000,s,652
1861304000,s,140
1861464000,s,172
1861725000,r,1340
1861733000,s,140
1861726000,r,1340
1861726000,r,1340
1861726000,r,1340
1861726000,r,1340
1861726000,r,1340
1861726000,r,956
1861726000,r,1340
1862591000,s,140
1863014000,s,140
1863560000,s,140
1866998000,r,1340
1866999000,r,1340
1866999000,r,1340
1866999000,r,1340
1866999000,r,1340
1866999000,r,1116
1867562000,s,124
1867653000,s,124
1867673000,s,124
1867686000,s,124
1867699000,s,124
1867710000,s,124
1870993000,r,124
1870993000,r,124
1872434000,s,252
1874409000,r,1340
1874409000,r,1340
1874410000,r,780
1874992000,s,220
1875188000,s,828
1875327000,s,124
1875433000,s,124
1875536000,s,1084
1875632000,s,124
1875972000,s,188
1876171000,s,204
1876487000,s,588
1879430000,r,1340
1879430000,r,1340
1879430000,r,1340
1879430000,r,1340
1880249000,r,140
1880249000,r,1340
1880277000,s,140
1880249000,r,1340
1880472000,s,140
1880996000,s,140
1881353000,r,1340
1881353000,r,1340
1882061000,s,140
1884066000,r,1340
1884066000,r,1340
1884703000,s,140
1885713000,r,1340
1885713000,r,1340
1885713000,r,172
1885713000,r,124
1885713000,r,1340
1885951000,r,1340
1885951000,r,412
1885951000,r,412
1886263000,s,140
1886707000,s,140
1886942000,s,124
1887554000,r,172
1887554000,r,156
1887554000,r,172
1887554000,r,1340
1887554000,r,1340
1888018000,r,1340
1888018000,r,1340
1888018000,r,1340
1888151000,s,124
1888225000,s,140
1888262000,s,156
1888290000,s,124
1888653000,s,124
1888951000,s,156
1890029000,r,1340
1890029000,r,1340
1890029000,r,1340
1890029000,r,684
1890029000,r,1340
1890029000,r,1340
1890030000,r,1340
1890030000,r,1340
1890498000,s,124
1890809000,s,124
1890955000,s,140
1891074000,s,140
1899928000,r,1340
1899928000,r,1340
1899928000,r,1340
1899928000,r,1340
1899928000,r,1340
1899928000,r,1340
1899928000,r,1340
1899929000,r,1340
1900071000,r,1340
1900071000,r,1340
1900071000,r,1340
1900071000,r,1340
1900071000,r,1340
1900071000,r,1340
1900071000,r,1340
1900072000,r,1340
1900108000,r,1340
1900108000,r,1340
1900624000,r,1340
1900624000,r,1340
1900701000,s,124
1900762000,s,124
1900788000,s,140
1900802000,s,140
1900829000,s,124
1900843000,s,124
1900864000,s,124
1900884000,s,124
1900895000,s,140
1901352000,s,124
1903446000,r,1340
1903446000,r,1340
1903446000,r,1340
1903447000,r,1340
1903447000,r,1340
1903447000,r,1340
1903447000,r,1340
1903447000,r,1340
1903551000,r,1340
1903552000,r,1340
1903552000,r,1340
1903594000,r,1340
1903594000,r,1340
1904406000,s,124
1904889000,r,1340
1904889000,r,1340
1904981000,s,124
1905210000,s,124
1905427000,s,140
1905603000,s,140
1905680000,r,1340
1905680000,r,1340
1906135000,s,140
1906722000,s,140
1906779000,s,140
1907043000,s,140
1907581000,r,1340
1907581000,r,1340
1907581000,r,1340
1907581000,r,1340
1908351000,s,140
1908689000,s,140
1910078000,r,1340
1910078000,r,1340
1910078000,r,1340
1910079000,r,1340
1911094000,s,140
1911194000,s,140
1912612000,r,1116
1913038000,r,1340
1913038000,r,1340
1913038000,r,1340
1913038000,r,1340
1913039000,r,1340
1913039000,r,1340
1913039000,r,1340
1913039000,r,1340
1913100000,r,1340
1913100000,r,1340
1913100000,r,1340
1913100000,r,1340
1913101000,r,1340
1913101000,r,1340
1913101000,r,1340
1913101000,r,1340
1913141000,r,1340
1913141000,r,1340
1913165000,r,1340
1913165000,r,1340
1913166000,r,1340
1913496000,s,124
1913680000,s,124
1915420000,r,1340
1915421000,r,1340
1915421000,r,1340
1915421000,r,1340
1915421000,r,1340
1915421000,r,1340
1915421000,r,1340
1915421000,r,1340
1915505000,r,444
1915655000,s,124
1915701000,s,124
1915718000,s,140
1915735000,s,124
1916255000,s,124
1916266000,r,1340
1916267000,r,1340
1916267000,r,1340
1916267000,r,540
1916420000,s,124
1916531000,s,124
1916639000,s,124
1916714000,s,124
1916794000,s,124
1916866000,s,124
1916939000,s,140
1917013000,s,140
1917061000,s,124
1917127000,s,124
1927691000,s,140
1933190000,s,124
1942666000,r,124
1947267000,r,140
1948403000,s,140
1949703000,s,1340
1949748000,s,844
1956979000,s,124
1967709000,r,140
1967709000,r,140
1967709000,r,380
1968422000,s,140
1969367000,s,204
1969785000,s,236
1970333000,s,796
1987192000,r,140
1987193000,r,220
1987193000,r,204
1987193000,r,140
1987193000,r,172
1987193000,r,140
1989383000,s,140
1989655000,s,172
2008712000,r,140
2050729000,r,1340
2050729000,r,1340
2050729000,r,508
2050729000,r,172
2053655000,s,140
2057061000,s,140
2829684000,s,268
2859173000,s,268
2859632000,s,268
2868728000,r,1340
2868728000,r,1340
2868729000,r,1340
2868729000,r,1340
2868730000,r,1340
2868730000,r,1340
2868731000,r,1244
2868731000,r,1340
2869142000,r,1340
2869143000,r,1340
2869143000,r,1340
2874830000,s,124
2875171000,s,124
2875398000,s,124
2875673000,s,124
2875899000,s,124
2876111000,s,124
2876396000,s,124
2876683000,s,124
2876917000,s,124
2877083000,s,124
2877212000,s,124
2888218000,r,140
2888219000,r,1340
2888219000,r,1340
2888220000,r,1340
2888220000,r,1340
2888221000,r,1340
2888221000,r,1340
2888222000,r,1340
2888767000,r,1340
2888768000,r,1340
2888768000,r,1340
2888769000,r,1340
2888769000,r,1340
2888770000,r,1340
2888770000,r,1340
2888771000,r,1340
2888927000,r,1340
2888928000,r,1340
2888928000,r,1340
2888928000,r,1340
2888929000,r,1340
2888929000,r,1340
2888930000,r,1340
2888930000,r,1340
2889062000,r,1340
2889062000,r,1340
2889063000,r,1340
2889063000,r,1340
2890430000,r,1340
2890430000,r,1340
2890431000,r,1340
2890431000,r,1340
2890432000,r,1340
2890432000,r,1340
2890433000,r,1340
2890433000,r,1340
2890775000,r,1340
2890775000,r,1340
2890776000,r,1340
2890776000,r,1340
2890777000,r,1340
2890777000,r,1340
2890778000,r,1340
2890778000,r,1340
2890912000,r,1340
2890913000,r,1340
2891073000,r,1340
2891074000,r,1340
2891074000,r,1340
2892204000,r,1340
2892204000,r,1340
2892205000,r,1340
2894755000,r,1340
2894755000,r,1340
2894756000,r,1340
2894756000,r,1340
2894757000,r,1340
2894757000,r,1340
2894758000,r,1340
2894758000,r,1340
2894908000,r,1340
2894908000,r,1340
2894964000,s,140
2895054000,r,1340
2895055000,r,1340
2895442000,r,1340
2895442000,r,1340
2896963000,s,140
2897501000,s,140
2898373000,s,124
2898682000,s,124
2899199000,s,124
2899479000,s,124
2899631000,r,1340
2899631000,r,1340
2899632000,r,1340
2899632000,r,1340
2899633000,r,1340
2899633000,r,1340
2899634000,r,1340
2899634000,r,1340
2899767000,s,124
2899790000,r,1340
2899790000,r,1340
2899791000,r,1340
2899791000,r,1340
2899792000,r,1340
2899792000,r,1340
2899989000,r,1340
2899990000,r,1340
2901038000,s,124
2901311000,s,124
2901481000,s,124
2901725000,s,124
2901901000,s,124
2902050000,s,124
2902200000,s,124
2902521000,s,124
2902750000,s,124
2902956000,s,124
2903163000,s,124
2903376000,s,124
2903587000,s,124
2903797000,s,124
2903995000,s,124
2904211000,s,124
2904639000,r,1340
2904639000,r,1340
2904640000,r,684
2905297000,s,140
2905569000,s,140
2905808000,s,140
2906545000,s,140
2906837000,s,140
2907094000,s,140
2907303000,s,140
2907523000,s,140
2907744000,s,140
2908003000,s,140
2908516000,s,140
2908930000,s,140
2909163000,s,140
2909395000,s,140
2909624000,s,140
2909857000,s,140
2910102000,s,140
2910142000,r,1340
2910325000,s,140
2910574000,s,140
2910818000,s,140
2911049000,s,140
2911318000,s,140
2911575000,s,140
2911812000,s,140
2912056000,s,140
2912281000,s,140
2912520000,s,140
2912839000,s,140
2912857000,r,1340
2912858000,r,1340
2912858000,r,1340
2912859000,r,1340
2912859000,r,1340
2912860000,r,1340
2912860000,r,1340
2912860000,r,1340
2913036000,r,1340
2913072000,r,1340
2913072000,s,124
2913073000,r,1340
2913073000,r,1340
2913849000,s,124
2914240000,s,124
2914638000,s,124
2914712000,r,1340
2914712000,r,1340
2914713000,r,1340
2914713000,r,1340
2914714000,r,1340
2914714000,r,1340
2914715000,r,1340
2914715000,r,1340
2914864000,r,1340
2914865000,r,1340
2914865000,r,1340
2915373000,s,124
2915686000,s,124
2915945000,s,124
2916511000,s,124
2916839000,s,124
2917272000,s,124
2917551000,s,124
2918857000,s,124
2919113000,s,124
2919354000,s,124
2919585000,s,124
2920841000,s,124
2921493000,s,124
2921738000,s,124
2921967000,s,124
2922428000,s,124
2922753000,s,124
2923952000,s,124
2924190000,s,124
2924404000,s,124
2924702000,r,1340
2924702000,r,1340
2924703000,r,1340
2926710000,s,124
2926956000,s,124
2927164000,s,124
2934504000,r,1340
2934504000,r,1340
2934505000,r,1340
2934505000,r,1340
2934506000,r,956
2936327000,s,124
2936709000,s,124
2936926000,s,124
2937092000,s,124
2937617000,s,124
2950654000,s,140
5945146000,r,140
5945147000,r,124
5945147000,r,124
5949359000,s,124
5949820000,s,124
6968738000,r,172
6968738000,r,140
6968739000,r,124
6968739000,r,124
6973124000,s,124
6973530000,s,124
6974292000,s,124
6988770000,r,124
11984774000,r,172
11984775000,r,156
11984775000,r,124
11984776000,r,172
11984776000,r,156
11984777000,r,124
11984777000,r,124
11984778000,r,124
11988460000,s,124
11998255000,s,176
11998588000,s,124
11998813000,s,124
11999072000,s,124
11999269000,s,124
11999468000,s,124
11999704000,s,124
11999956000,s,124
12009091000,r,120
12015594000,r,124
12015595000,r,124
12019133000,s,60
12905524000,r,156
12905524000,r,140
12905525000,r,124
12905525000,r,124
12908816000,s,124
12909492000,s,124
12909763000,s,124
12911646000,s,124
12924750000,r,124
17160920000,r,172
17160921000,r,156
17160921000,r,140
17160922000,r,140
17166189000,s,156
17167541000,s,140
17188757000,r,140
18029072000,r,172
18029073000,r,156
18029073000,r,156
18032159000,s,140
18032515000,s,156
18033274000,s,140
24142973000,s,156