0,s,156
39929000,s,156
40363000,s,156
60747000,r,156
4159791000,s,124
4200479000,s,124
4200963000,s,124
4201069000,s,124
4224656000,r,124
4225791000,s,124
4227565000,s,1340
4227669000,s,716
4234319000,s,1340
4234688000,s,1340
4235510000,s,172
4239362000,r,124
4240661000,r,364
4241210000,s,124
4242248000,s,188
4242965000,s,204
4243675000,s,652
4250006000,r,1372
4250007000,r,1372
4254284000,r,204
4254388000,s,1340
4254285000,r,172
4254500000,s,188
4254974000,s,316
4255285000,s,124
4255745000,s,156
4255847000,s,396
4269726000,r,124
4269726000,r,124
4286398000,r,252
4286398000,r,284
4288230000,s,140
4294764000,r,124
4308642000,r,124
4314610000,s,140
9537218000,r,1340
9537218000,r,1340
9537219000,r,1340
9537219000,r,1340
9537220000,r,1340
9537220000,r,1340
9537221000,r,1340
9537221000,r,1340
9537880000,r,1340
9537880000,r,1020
9537881000,r,1020
9541357000,s,124
9541574000,s,124
9541684000,s,124
9541724000,s,124
9541762000,s,124
9541799000,s,124
9557181000,s,156
9569501000,r,124
9607851000,s,476
9608236000,s,364
9624704000,r,124
9629994000,r,396
9629995000,r,1340
9629995000,r,1340
9629995000,r,1340
9629996000,r,1340
9629996000,r,1340
9629996000,r,1340
9629996000,r,1340
9630237000,r,1340
9630237000,r,1340
9630238000,r,1340
9630238000,r,1340
9630784000,r,1340
9630785000,r,1340
9630785000,r,1340
9630785000,r,1340
9630785000,r,1340
9630786000,r,1180
9630786000,r,1340
9630786000,r,1340
9631297000,s,124
9631472000,s,124
9631577000,s,124
9631874000,s,124
9631983000,s,124
9632076000,s,124
9632175000,s,124
9632243000,s,124
9632311000,s,124
9632372000,s,124
9644704000,r,380
9651569000,s,124
9664675000,r,124
9665929000,s,124
9668991000,s,1340
9669096000,s,764
9673492000,s,140
9675112000,s,140
9676435000,s,140
9689530000,s,124
9701208000,s,764
9712474000,s,300
9714814000,r,188
9714814000,r,204
9714814000,r,188
9716537000,s,124
9719152000,r,124
9719152000,r,124
9719152000,r,124
9719152000,r,364
9719809000,s,124
9720573000,s,188
9721234000,s,668
9733724000,r,124
9733724000,r,124
9733724000,r,204
9736675000,r,124
9737198000,r,364
9737338000,s,124
9737678000,s,124
9738671000,r,1340
9738671000,r,1340
9738671000,r,1340
9738671000,r,1340
9738671000,r,1340
9738672000,r,1340
9738810000,r,1340
9738810000,r,1340
9739617000,s,124
9739743000,s,124
9739798000,s,124
9739828000,s,124
9739855000,s,124
9739880000,s,124
9739905000,s,124
9739929000,s,124
9740686000,r,1340
9740686000,r,1340
9740687000,r,1340
9740687000,r,1340
9740687000,r,1340
9740688000,r,1340
9740688000,r,588
9742396000,s,1340
9742662000,s,684
9742880000,s,124
9743041000,s,124
9743233000,s,124
9743441000,s,124
9743632000,s,124
9743827000,s,124
9744020000,s,124
9744708000,r,1340
9744708000,r,1340
9744708000,r,1340
9744709000,r,1340
9745144000,r,1340
9745144000,r,1340
9745144000,r,1340
9745145000,r,1340
9745145000,r,1340
9746075000,s,124
9746304000,s,124
9746390000,s,124
9746927000,s,124
9747152000,s,124
9755489000,r,124
9759849000,r,1340
9759849000,r,1340
9759849000,r,1340
9759849000,r,1340
9759850000,r,1340
9759850000,r,1340
9759850000,r,1340
9759850000,r,1340
9759953000,r,1340
9759953000,r,428
9760508000,s,124
9760574000,s,124
9760590000,s,124
9760599000,s,124
9760656000,s,124
9762691000,r,1340
9762692000,r,1340
9762692000,r,1340
9762692000,r,1340
9762692000,r,1340
9762692000,r,1116
9763437000,s,124
9763512000,s,124
9763536000,s,124
9763560000,s,124
9763579000,s,124
9763597000,s,124
9767206000,s,252
9768022000,s,220
9768087000,s,748
9786537000,r,172
9786537000,r,124
9786538000,r,172
9787920000,s,124
9788392000,s,156
9788655000,r,796
9791419000,s,156
9795101000,s,316
9804545000,r,124
9819264000,s,412
9820055000,s,1340
9820083000,s,316
9820455000,s,364
9830190000,r,124
9830190000,r,124
9831121000,r,124
9855161000,r,124
9888684000,r,380
9934610000,s,124
9944752000,r,1340
9944752000,r,1340
9944752000,r,1340
9944752000,r,1340
9944752000,r,1340
9944753000,r,1340
9944753000,r,1340
9944753000,r,1340
9944988000,r,1340
9944988000,r,1340
9944988000,r,1340
9944988000,r,924
9946104000,s,124
9946438000,s,124
9946595000,s,124
9946812000,s,124
9947240000,s,124
9947538000,s,124
9960666000,r,1340
9960666000,r,1340
9960666000,r,1340
9960666000,r,1340
9960666000,r,1340
9960970000,r,1340
9960970000,r,1340
9960970000,r,1340
9962041000,s,124
9962120000,r,1340
9962168000,s,124
9962120000,r,1340
9962120000,r,1340
9962120000,r,1340
9962120000,r,1340
9962120000,r,1340
9962120000,r,1340
9962120000,r,1340
9962221000,r,1340
9962221000,r,1340
9962221000,r,1340
9962221000,r,1340
9962221000,r,1340
9962221000,r,1340
9962221000,r,1340
9962222000,r,1340
9962359000,s,124
9962518000,s,124
9962721000,s,124
9963003000,s,124
9963116000,s,124
9963218000,s,124
9963317000,s,124
9963654000,s,124
9963691000,s,124
9963932000,s,124
9970058000,s,444
9975025000,r,1340
9975025000,r,1340
9975026000,r,1340
9975026000,r,1340
9975026000,r,1340
9975590000,s,124
9975627000,s,124
9980696000,r,1340
9980696000,r,1340
9980696000,r,1340
9980697000,r,1340
9980697000,r,1340
9980697000,r,1340
9980697000,r,1340
9980697000,r,460
9981022000,s,124
9981364000,s,124
9981530000,s,124
9981670000,s,124
9982945000,r,124
10025961000,s,124
10043644000,r,1340
10043644000,r,1340
10043644000,r,1340
10043644000,r,1340
10043644000,r,1340
10043644000,r,1340
10043645000,r,1340
10043645000,r,1340
10043984000,r,1340
10045601000,s,124
10046384000,s,124
10046611000,s,124
10046759000,s,124
10046932000,s,124
10047097000,s,124
10047138000,r,1340
10047138000,r,1340
10047138000,r,940
10047139000,r,1340
10047139000,r,1340
10047139000,r,1340
10047140000,r,1340
10047140000,r,1340
10047402000,r,1340
10047402000,r,508
10047698000,s,124
10048070000,s,124
10048777000,s,124
10049133000,s,124
10050073000,s,124
10050570000,s,124
10050646000,s,124
10050671000,s,124
10050810000,s,124
10050873000,s,124
10050890000,s,124
10050926000,s,124
10051491000,s,124
10068324000,r,1340
10068325000,r,1340
10068325000,r,1340
10068325000,r,684
10069650000,s,124
10069731000,s,124
10069759000,s,124
10069789000,s,124
10137999000,s,1276
10156691000,r,124
10412825000,r,1340
10412826000,r,1340
10412826000,r,1340
10412827000,r,1340
10412827000,r,1340
10412828000,r,1340
10412828000,r,1340
10412829000,r,1340
10413718000,r,1340
10413719000,r,1340
10413719000,r,1340
10413720000,r,940
10413720000,r,1340
10413721000,r,1340
10413721000,r,1340
10413722000,r,1340
10413946000,r,1340
10413947000,r,1340
10413947000,r,1340
10413948000,r,1340
10413948000,r,1340
10413949000,r,1340
10413949000,r,1340
10413950000,r,1132
10414089000,r,1340
10414090000,r,1340
10414090000,r,1340
10414091000,r,1340
10414091000,r,1340
10414092000,r,1340
10415398000,s,124
10415748000,s,124
10415948000,s,124
10416219000,s,124
10416377000,s,124
10416519000,s,124
10416798000,s,124
10417031000,s,124
10417276000,s,124
10417437000,s,124
10417582000,s,124
10417820000,s,124
10417989000,s,124
10418143000,s,124
10418283000,s,124
10418432000,s,124
10418577000,s,124
10418953000,s,124
10419186000,s,124
10419432000,s,124
10419679000,s,124
10419918000,s,124
10420147000,s,124
10420371000,s,124
10420580000,s,124
10420987000,s,124
10421233000,s,124
10421454000,s,124
10421681000,s,124
10421888000,s,124
10428701000,r,1340
10428701000,r,1340
10428702000,r,1340
10430243000,r,1340
10430243000,r,1340
10430243000,r,1340
10430658000,s,124
10430876000,r,1340
10430876000,r,1340
10430877000,r,1340
10431055000,s,124
10431284000,s,124
10431510000,s,124
10431691000,s,124
10431858000,s,124
10432018000,s,124
10432685000,r,1340
10432685000,r,1340
10432686000,r,1340
10432686000,r,1340
10432686000,r,1340
10432686000,r,1340
10432797000,s,124
10432687000,r,1340
10432687000,r,1340
10432853000,r,1340
10432853000,r,1340
10432853000,r,1340
10432854000,r,1340
10432854000,r,1340
10432889000,s,124
10432854000,r,1340
10432854000,r,1340
10432855000,r,1340
10432931000,r,1340
10433818000,s,124
10434653000,r,1340
10434653000,r,1340
10434653000,r,1340
10434799000,s,124
10434654000,r,1340
10434654000,r,1340
10434654000,r,1340
10434898000,s,124
10434958000,s,124
10434999000,s,124
10435968000,s,124
10436043000,s,124
10436089000,s,124
10436126000,s,124
10436176000,s,124
10436708000,r,1340
10436708000,r,1340
10436709000,r,1340
10436864000,s,124
10436709000,r,1340
10436710000,r,1340
10436710000,r,1340
10437997000,s,124
10438174000,s,124
10438228000,s,124
10438293000,s,124
10438331000,s,124
10438368000,s,124
10438400000,s,124
10438434000,s,124
10438825000,s,124
10439281000,s,124
10439575000,s,124
10439793000,s,124
10440211000,s,124
10440457000,s,124
10440702000,s,124
10440904000,s,124
10441124000,s,124
10441316000,s,124
10444698000,r,1340
10444699000,r,1340
10444699000,r,1340
10446090000,s,124
10446411000,s,124
10446541000,r,1340
10446665000,s,124
10446541000,r,1340
10446542000,r,1340
10446542000,r,1340
10446543000,r,1340
10446543000,r,1340
10446544000,r,1340
10446544000,r,1340
10446879000,r,1340
10446880000,r,1340
10447930000,s,124
10448842000,s,124
10448942000,s,124
10449003000,s,124
10449385000,s,124
10449450000,s,124
10450169000,s,124
10450439000,s,124
10450673000,s,124
10450877000,r,1340
10450968000,s,124
10450878000,r,1340
10450878000,r,1340
10450879000,r,1340
10450892000,r,1340
10450893000,r,1340
10450893000,r,1340
10450894000,r,1340
10451604000,s,124
10452232000,s,124
10452905000,s,124
10453030000,r,1340
10453030000,r,1340
10453168000,s,124
10453031000,r,1340
10453031000,r,1340
10453032000,r,1340
10453032000,r,1340
10453033000,r,1340
10453033000,r,1340
10453333000,r,1340
10453334000,r,1340
10453334000,r,1340
10453335000,r,1340
10453335000,r,1340
10453336000,r,1340
10453336000,r,1340
10453337000,r,1340
10453531000,r,1340
10453531000,r,1340
10453532000,r,1340
10453682000,s,124
10453805000,s,124
10453852000,s,124
10453890000,s,124
10453997000,s,124
10454592000,s,124
10455070000,s,124
10455216000,s,124
10455280000,s,124
10456287000,s,124
10456421000,s,124
10456500000,s,124
10456537000,s,124
10456569000,s,124
10456770000,s,124
10457233000,s,124
10457400000,s,124
10457549000,s,124
10457690000,s,124
10457821000,s,124
10458054000,s,124
10458498000,s,124
10458625000,r,1340
10458625000,r,1340
10458626000,r,1340
10458803000,s,124
10459125000,s,124
10459176000,s,124
10459205000,s,124
10460683000,r,1340
10461214000,s,124
10463772000,r,1340
10463772000,r,1340
10463772000,r,1340
10463772000,r,1340
10463773000,r,1340
10463773000,r,1340
10463773000,r,1340
10463773000,r,1340
10463903000,r,1340
10463903000,r,1340
10463904000,r,1340
10464397000,s,124
10464695000,s,124
10464752000,s,124
10464774000,s,124
10464793000,s,124
10464828000,s,124
10464848000,s,124
10465323000,s,124
10465614000,s,124
10465843000,s,124
10466126000,s,124
10467267000,r,1340
10467268000,r,1340
10467268000,r,1340
10467268000,r,1340
10467268000,r,1340
10467269000,r,1340
10467269000,r,1340
10467269000,r,1340
10467388000,r,1340
10467389000,r,1340
10467389000,r,1340
10467389000,r,1340
10468048000,s,124
10468171000,s,124
10468243000,s,124
10468268000,s,124
10468287000,s,124
10468304000,s,124
10468749000,s,124
10469040000,s,124
10469238000,s,124
10469359000,s,124
10469476000,s,124
10469593000,s,124
10472682000,r,1340
10472683000,r,1340
10472683000,r,1340
10472683000,r,1340
10472683000,r,1340
10472684000,r,1340
10472684000,r,1340
10472684000,r,1340
10472912000,r,1340
10472913000,r,1340
10472913000,r,1340
10473057000,r,1340
10473058000,r,1340
10473058000,r,1340
10473059000,r,1340
10473059000,r,1340
10473060000,r,1340
10473060000,r,1340
10473061000,r,1340
10474324000,s,124
10474506000,s,124
10475193000,s,124
10477029000,s,124
10477100000,s,124
10477135000,s,124
10477173000,s,124
10477199000,s,124
10477225000,s,124
10477250000,s,124
10477274000,s,124
10477297000,s,124
10477320000,s,124
10477500000,s,124
10477760000,r,1340
10477761000,r,1340
10477761000,r,1340
10477761000,r,1340
10477762000,r,1340
10477762000,r,1340
10477762000,r,1340
10477937000,s,124
10478115000,s,124
10478274000,s,124
10478414000,s,124
10478546000,s,124
10478671000,s,124
10478826000,s,124
10478954000,s,124
10479079000,s,124
10479283000,s,124
10479405000,s,124
10479554000,s,124
10480652000,r,1340
10480652000,r,1340
10480652000,r,1340
10480653000,r,1340
10480746000,r,1340
10480746000,r,1340
10481784000,s,124
10481862000,s,124
10482064000,s,124
10482281000,s,124
10482354000,s,124
10482516000,s,124
10483786000,r,1340
10483787000,r,1340
10483787000,r,1340
10483788000,r,1340
10483788000,r,1340
10483789000,r,1340
10483789000,r,1340
10483789000,r,1340
10483944000,r,1340
10483944000,r,1340
10483945000,r,1340
10484605000,s,124
10484678000,s,124
10484910000,s,124
10484949000,s,124
10485148000,s,124
10485238000,s,124
10485457000,s,124
10485584000,s,124
10485706000,s,124
10485827000,s,124
10485954000,s,124
10488660000,r,1340
10489258000,s,124
10491933000,r,1340
10491933000,r,1340
10491934000,r,1340
10491934000,r,1340
10491934000,r,1340
10491934000,r,1340
10491935000,r,1340
10491935000,r,1340
10492086000,r,1340
10492086000,r,1340
10492087000,r,1340
10492087000,r,1340
10492087000,r,1340
10492088000,r,1340
10492088000,r,1340
10492088000,r,1340
10492159000,r,1340
10492160000,r,1340
10492160000,r,1340
10492160000,r,1340
10492416000,s,124
10492684000,s,124
10492780000,s,124
10492865000,s,124
10492924000,s,124
10492972000,s,124
10493096000,s,124
10493323000,s,124
10493353000,s,124
10493523000,s,124
10493552000,s,124
10493724000,s,124
10493842000,r,1340
10493873000,s,124
10493843000,r,1340
10493930000,s,124
10493843000,r,1340
10493843000,r,1340
10493843000,r,1340
10493843000,r,1340
10493844000,r,1340
10493844000,r,1340
10493996000,r,1340
10493996000,r,1340
10494139000,s,124
10494177000,s,124
10494220000,s,124
10494313000,s,124
10494453000,s,124
10494584000,s,124
10495049000,s,124
10495127000,s,124
10495172000,s,124
10495197000,s,124
10495218000,s,124
10495302000,s,124
10495748000,s,124
10495817000,s,124
10495848000,s,124
10495876000,s,124
10498263000,r,1340
10498263000,r,1340
10498264000,r,1340
10499097000,s,124
10499239000,s,124
10499367000,s,124
10502305000,r,1340
10502305000,r,1340
10502305000,r,1340
10502305000,r,1340
10502305000,r,1340
10502306000,r,1340
10502306000,r,1340
10502306000,r,1340
10502447000,r,1340
10502447000,r,1340
10502447000,r,1340
10502447000,r,1340
10502913000,s,124
10503259000,s,124
10503455000,s,124
10503595000,s,124
10503731000,s,124
10503869000,s,124
10504015000,s,124
10504153000,s,124
10504296000,s,124
10504379000,s,124
10504451000,s,124
10504569000,s,124
10504568000,r,1340
10504568000,r,1340
10504568000,r,1340
10505844000,s,124
10506088000,s,124
10506287000,r,1340
10506288000,r,1340
10506288000,r,1340
10506288000,r,1340
10506289000,r,1340
10506294000,r,1340
10506295000,r,1340
10506295000,r,1340
10506405000,r,1340
10506405000,r,1340
10506405000,r,1340
10506406000,r,1340
10506406000,r,1340
10506406000,r,1340
10506528000,s,124
10506983000,s,124
10506994000,r,1340
10506994000,r,1340
10506995000,r,1340
10507473000,s,124
10507649000,s,124
10507794000,s,124
10507940000,s,124
10508077000,s,124
10508218000,s,124
10508354000,s,124
10508560000,s,124
10508905000,s,124
10509073000,s,124
10509222000,s,124
10509409000,s,124
10509720000,s,124
10509882000,s,124
10510309000,s,124
10510519000,r,1340
10510520000,r,1340
10510520000,r,1340
10510520000,r,1340
10510521000,r,1340
10510521000,r,1340
10510889000,s,124
10511409000,s,124
10511565000,s,124
10511806000,s,124
10511950000,s,124
10512084000,s,124
10512243000,s,124
10512395000,r,1340
10512395000,r,1340
10512396000,r,1340
10512396000,r,1340
10512396000,r,1340
10512396000,r,1340
10512396000,r,1340
10512397000,r,1340
10513278000,s,124
10513552000,s,124
10513697000,s,124
10513950000,s,124
10514114000,s,124
10514240000,s,124
10514358000,s,124
10514487000,s,124
10516661000,r,1340
10517454000,s,124
10518660000,r,1340
10518660000,r,1340
10518660000,r,1340
10518661000,r,1340
10518661000,r,1340
10518661000,r,1340
10518661000,r,1340
10518661000,r,1340
10518778000,r,1340
10518778000,r,1340
10519344000,s,124
10519554000,s,124
10519742000,r,1340
10519751000,s,124
10519743000,r,1340
10519743000,r,1340
10519743000,r,1340
10519743000,r,1340
10520031000,s,124
10520192000,s,124
10520417000,s,124
10520663000,s,124
10520761000,r,1340
10520761000,r,1340
10520761000,r,1340
10520918000,s,124
10521062000,s,124
10521306000,s,124
10521458000,s,124
10521594000,s,124
10521741000,s,124
10521866000,s,124
10521992000,s,124
10522217000,s,124
10522376000,s,124
10522627000,s,124
10523611000,r,1340
10523611000,r,1340
10523611000,r,1340
10524507000,r,1340
10524517000,s,124
10524508000,r,1340
10524508000,r,1340
10524508000,r,1340
10524508000,r,1340
10524509000,r,1340
10524509000,r,1340
10524509000,r,1340
10524645000,r,1340
10524645000,r,1340
10524645000,r,1340
10524766000,s,124
10524921000,s,124
10525105000,s,124
10525553000,s,124
10525789000,s,124
10526072000,s,124
10526215000,s,124
10526445000,r,1340
10526502000,s,124
10526446000,r,1340
10526446000,r,1340
10526446000,r,1340
10526446000,r,1340
10526447000,r,1340
10526447000,r,1340
10526447000,r,1340
10526640000,r,1340
10526640000,s,124
10526640000,r,1340
10526640000,r,1340
10526640000,r,1340
10526641000,r,1340
10526641000,r,1340
10526641000,r,1340
10526786000,s,124
10527161000,s,124
10527418000,s,124
10527562000,s,124
10527798000,s,124
10528025000,s,124
10528253000,s,124
10528464000,s,124
10528744000,s,124
10528987000,s,124
10529201000,s,124
10529448000,s,124
10529586000,s,124
10529935000,s,124
10530125000,s,124
10530129000,r,1340
10530129000,r,1340
10530234000,s,124
10530382000,s,124
10530520000,s,124
10530654000,s,124
10530879000,s,124
10531024000,s,124
10535719000,r,1340
10535719000,r,1340
10535719000,r,1340
10535720000,r,1340
10535720000,r,1340
10535720000,r,1340
10535720000,r,1340
10535720000,r,1340
10535870000,r,1340
10535871000,r,1340
10535871000,r,1340
10536179000,r,1340
10536180000,r,1340
10536180000,r,1340
10536180000,r,1340
10536180000,r,1340
10536181000,r,1340
10536181000,r,1340
10536181000,r,1340
10536267000,r,1340
10536682000,s,124
10537314000,s,124
10537517000,s,124
10537601000,r,1340
10537601000,r,1340
10537601000,r,1340
10537601000,r,1340
10537602000,r,1340
10537602000,r,1340
10537602000,r,1340
10538024000,s,124
10538108000,s,124
10538147000,s,124
10538171000,s,124
10538191000,s,124
10538235000,s,124
10538269000,s,124
10538304000,s,124
10538334000,s,124
10538425000,s,124
10538985000,r,1340
10538985000,r,1340
10538985000,r,1340
10538985000,r,1340
10538986000,r,1340
10538986000,r,1340
10539177000,s,124
10539216000,s,124
10539241000,s,124
10539258000,s,124
10539274000,s,124
10539288000,s,124
10539302000,s,124
10539322000,s,124
10539349000,s,124
10539373000,s,124
10539544000,s,124
10539570000,s,124
10539594000,s,124
10539611000,s,124
10539636000,s,124
10540065000,s,124
10540669000,r,1340
10540670000,r,1340
10540670000,r,1340
10540670000,r,1340
10540757000,s,124
10540810000,r,1340
10540811000,r,1340
10540811000,r,1340
10540894000,s,124
10542518000,s,124
10542780000,s,124
10543028000,s,124
10543240000,s,124
10543933000,r,1340
10543933000,r,1340
10543933000,r,1340
10543934000,r,1340
10543934000,r,1340
10543934000,r,1340
10543935000,r,1340
10543935000,r,1340
10544115000,r,1340
10544115000,r,1340
10545180000,s,124
10546342000,s,124
10546575000,s,124
10547557000,s,124
10547779000,s,124
10548880000,r,1340
10548880000,r,1340
10548881000,r,1340
10550228000,r,1340
10550228000,r,1340
10550228000,r,1340
10550228000,r,1340
10550348000,s,124
10550558000,s,124
10551563000,s,124
10551782000,s,124
10552677000,r,1340
10552677000,r,1340
10552677000,r,1340
10552677000,r,1340
10552677000,r,1340
10552678000,r,1340
10552678000,r,1340
10552678000,r,1340
10552800000,r,1340
10552800000,r,1340
10552800000,r,1340
10552800000,r,1340
10554323000,s,124
10554913000,s,124
10555650000,r,1340
10555651000,r,1340
10555651000,r,1340
10555651000,r,1340
10555651000,r,1340
10555651000,r,1340
10555651000,r,1340
10555652000,r,1340
10555742000,s,124
10555749000,r,1340
10555749000,r,1340
10555749000,r,1340
10555749000,r,1340
10555749000,r,1340
10555750000,r,1340
10555750000,r,1340
10555750000,r,1340
10555814000,r,1340
10555814000,r,1340
10555814000,r,1340
10555814000,r,1340
10555814000,r,1340
10556960000,s,124
10558030000,s,124
10558551000,s,124
10558919000,s,124
10559491000,s,124
10559775000,s,124
10560212000,s,124
10560443000,s,124
10560666000,r,1340
10560666000,r,1340
10560666000,r,1340
10560666000,r,1340
10560818000,r,1340
10560818000,r,1340
10560819000,r,1340
10561078000,s,124
10561223000,s,124
10562100000,r,1340
10562100000,r,1340
10562100000,r,1340
10562101000,r,1340
10562909000,s,124
10564143000,r,1340
10564143000,r,1340
10564143000,r,1340
10564370000,s,124
10565014000,s,124
10566880000,s,124
10567219000,r,1340
10567219000,r,1340
10567219000,r,1340
10567219000,r,1340
10567219000,r,1340
10567220000,r,1340
10567220000,r,1340
10567220000,r,1340
10567361000,r,1340
10567361000,r,1340
10567362000,r,1340
10568950000,s,124
10569113000,s,124
10569248000,s,124
10570054000,s,124
10572538000,s,124
10572692000,r,1340
10572692000,r,1340
10572692000,r,1340
10572693000,r,1340
10572693000,r,1340
10572693000,r,1340
10572693000,r,1340
10572693000,r,1340
10572837000,r,1340
10572837000,r,1340
10572837000,r,1340
10572837000,r,1340
10573453000,r,1340
10573454000,r,1340
10573454000,r,1340
10573454000,r,1340
10573454000,r,1340
10573455000,r,1340
10573455000,r,1340
10573455000,r,1340
10573539000,r,1340
10573539000,r,1340
10573540000,r,1340
10574158000,s,124
10574362000,s,124
10574571000,s,124
10575500000,s,124
10575694000,s,124
10575865000,s,124
10576148000,s,124
10576326000,s,124
10576488000,s,124
10576670000,r,1340
10576670000,r,1340
10576670000,r,1340
10576671000,r,1340
10576671000,r,1340
10576671000,r,1340
10576671000,r,1340
10576672000,r,1340
10577813000,s,124
10578631000,r,1340
10578632000,r,1340
10578632000,r,1340
10578632000,r,1340
10578632000,r,1340
10578633000,r,1340
10578633000,r,1340
10578633000,r,1340
10578787000,r,1340
10578787000,r,1340
10578787000,r,1340
10578788000,r,1340
10578788000,r,1340
10578788000,r,1340
10580357000,s,124
10580544000,s,124
10580784000,s,124
10584505000,r,1340
10584505000,r,1340
10584506000,r,1340
10584506000,r,1340
10584506000,r,1340
10584506000,r,1340
10584507000,r,1340
10584507000,r,1340
10584697000,r,1340
10584697000,r,1340
10584697000,r,1340
10585828000,s,124
10586100000,s,124
10591706000,s,124
10592369000,r,1340
10592369000,r,1340
10592369000,r,1340
10592369000,r,1340
10592370000,r,1340
10592370000,r,1340
10592370000,r,1340
10592370000,r,1340
10592539000,r,1340
10592540000,r,1340
10592540000,r,1340
10592540000,r,1340
10592540000,r,1340
10592540000,r,1340
10592541000,r,1340
10592541000,r,1340
10592616000,r,1340
10592616000,r,1340
10592616000,r,1340
10592616000,r,1340
10592617000,r,1340
10592617000,r,1340
10592617000,r,1340
10592617000,r,1340
10592738000,r,1340
10592738000,r,1340
10592739000,r,1340
10592739000,r,1340
10592739000,r,1340
10594017000,s,124
10594267000,s,124
10594497000,s,124
10594930000,s,124
10595171000,s,124
10596095000,s,124
10596254000,s,124
10596479000,s,124
10597706000,s,124
10598590000,r,1340
10598590000,r,1340
10598591000,r,1340
10598591000,r,1340
10598591000,r,1340
10598591000,r,1340
10598592000,r,1340
10598592000,r,1340
10598742000,r,1340
10598742000,r,1340
10598743000,r,1340
10598743000,r,1340
10598743000,r,1340
10598743000,r,1340
10598743000,r,1340
10598744000,r,1340
10598816000,r,1340
10598817000,r,1340
10598817000,r,1340
10598817000,r,1340
10598817000,r,1340
10598818000,r,1340
10600479000,s,124
10600870000,s,124
10601264000,s,124
10601660000,s,124
10602104000,s,124
10602481000,s,124
10602655000,s,124
10602829000,s,124
10603271000,s,124
10611299000,r,1340
10611299000,r,1340
10611299000,r,1340
10611300000,r,1340
10611300000,r,1340
10611300000,r,1340
10611300000,r,1340
10611300000,r,1340
10611592000,r,1340
10611592000,r,1340
10611592000,r,1340
10611593000,r,1340
10611593000,r,1340
10611593000,r,1340
10611593000,r,1340
10611594000,r,1340
10611699000,r,1340
10611699000,r,1340
10611699000,r,1340
10611699000,r,1340
10611700000,r,1340
10611700000,r,1340
10611700000,r,1340
10611700000,r,1340
10611774000,r,1340
10611775000,r,1340
10611868000,r,1340
10611869000,r,1340
10611869000,r,1340
10611869000,r,1340
10611869000,r,1340
10611870000,r,1340
10611870000,r,1340
10614420000,s,124
10614607000,s,124
10614835000,s,124
10615134000,s,124
10615224000,s,124
10615528000,s,124
10616118000,s,124
10616297000,s,124
10616432000,s,124
10616664000,r,1340
10616665000,r,1340
10616665000,r,1340
10616665000,r,1340
10616665000,r,1340
10616666000,r,1340
10616666000,r,1340
10616666000,r,1340
10616874000,r,1340
10616875000,r,1340
10616875000,r,1340
10616875000,r,1340
10616875000,r,1340
10616876000,r,1340
10616876000,r,1340
10616876000,r,1340
10617011000,r,1340
10617011000,r,1340
10617012000,r,1340
10617012000,r,1340
10617012000,r,1340
10617012000,r,1340
10617013000,r,1340
10617013000,r,1340
10617102000,r,1340
10617157000,s,124
10619167000,s,124
10619382000,s,124
10619551000,s,124
10619687000,s,124
10619878000,s,124
10620054000,s,124
10620315000,s,124
10627602000,r,1340
10627602000,r,1340
10627602000,r,1340
10627602000,r,1340
10627603000,r,1340
10628879000,s,124
10632663000,r,1340
10632663000,r,1340
10632663000,r,1340
10632664000,r,1340
10632664000,r,1340
10632664000,r,1340
10632664000,r,1340
10632664000,r,1340
10632807000,r,1340
10632807000,r,1340
10632807000,r,1340
10632807000,r,1340
10632808000,r,1340
10633104000,r,1340
10633105000,r,1340
10633105000,r,1340
10633105000,r,748
10633958000,s,124
10634450000,s,124
10634550000,s,124
10634779000,s,124
10634972000,s,124
10635252000,s,124
10635341000,s,124
10961592000,s,508
10978738000,r,124
10997624000,r,1244
10998323000,s,124
11025767000,s,140
11027140000,s,140
11028073000,s,140
11032655000,r,204
11033968000,r,188
11033968000,r,236
11037462000,s,140
11038334000,s,268
11051554000,r,476
11051554000,r,1340
11051554000,r,1340
11052657000,r,1340
11052657000,r,1340
11052657000,r,1340
11052657000,r,1340
11052658000,r,1340
11052658000,r,1340
11052658000,r,1340
11052658000,r,1340
11052743000,r,908
11052743000,r,1276
11052877000,s,124
11053036000,s,124
11053157000,s,124
11053239000,s,124
11053345000,s,124
11053455000,s,124
11053563000,s,124
11053665000,s,124
11053766000,s,124
11053871000,s,124
11053977000,s,124
11054085000,s,124
11054199000,s,124
11055759000,r,140
11056476000,s,140
11060171000,s,1340
11060291000,s,748
11063417000,s,140
11064450000,s,140
11066867000,s,140
11070207000,r,204
11070207000,r,204
11073020000,s,604
11075399000,s,124
11076618000,s,124
11076711000,r,204
11077748000,s,124
11078285000,r,140
11078286000,r,380
11078934000,s,140
11079664000,s,124
11082296000,s,204
11083052000,r,236
11083206000,s,236
11084670000,r,172
11084671000,r,236
11085145000,s,652
11087946000,s,124
11092698000,r,124
11093470000,s,124
11094242000,s,1340
11094418000,s,668
11099617000,r,124
11099618000,r,140
11099618000,r,220
11099618000,r,204
11101017000,s,124
11102039000,r,140
11102039000,r,172
11102219000,s,1340
11102394000,s,652
11102730000,s,140
11102796000,s,172
11104889000,r,1340
11104890000,r,1340
11104890000,r,1340
11104890000,r,1340
11104890000,r,1340
11104890000,r,1340
11104890000,r,1340
11104891000,r,1340
11105429000,s,140
11105715000,s,140
11106126000,r,956
11106606000,s,140
11106609000,r,124
11106748000,s,140
11112670000,r,124
11112670000,r,124
11116676000,r,1340
11116677000,r,1340
11116677000,r,780
11117791000,s,124
11118217000,s,124
11118509000,s,124
11120034000,r,1340
11120101000,s,188
11120034000,r,1340
11120035000,r,1340
11120035000,r,1340
11120035000,r,1340
11120035000,r,1116
11120035000,r,1340
11120036000,r,1340
11121218000,s,828
11121314000,s,124
11121362000,s,124
11121883000,s,124
11121992000,s,124
11122075000,s,124
11122111000,s,124
11122263000,r,1340
11122270000,s,204
11122305000,s,140
11122264000,r,1340
11122264000,r,1340
11122264000,r,1340
11123498000,s,140
11123708000,s,140
11124495000,r,1340
11124495000,r,1340
11124495000,r,1340
11124496000,r,1340
11125434000,s,252
11125573000,s,140
11125609000,s,140
11127989000,s,588
11128050000,r,1340
11128050000,r,1340
11128050000,r,1340
11128051000,r,1340
11128131000,s,220
11128356000,s,140
11128400000,s,140
11128984000,r,1340
11128985000,r,1340
11129272000,s,140
11129698000,s,1084
11130439000,r,412
11132649000,r,1340
11132649000,r,1340
11132650000,r,412
11132650000,r,172
11132650000,r,1340
11132650000,r,1340
11132650000,r,156
11133327000,s,140
11133857000,s,140
11133972000,s,124
11134075000,s,156
11139007000,r,172
11141592000,r,1340
11141592000,r,1340
11141593000,r,1340
11141593000,r,1340
11141593000,r,1340
11141593000,r,1340
11141593000,r,1340
11141593000,r,1340
11141706000,r,1340
11141706000,r,1340
11141707000,r,172
11141707000,r,1340
11141707000,r,1340
11142217000,s,124
11142266000,s,124
11142468000,s,124
11142534000,s,140
11142763000,s,140
11143199000,s,140
11143232000,r,1340
11143239000,s,124
11143257000,s,156
11143232000,r,684
11143233000,r,1340
11143233000,r,1340
11143691000,s,140
11144135000,s,140
11146249000,r,1340
11146249000,r,1340
11146249000,r,1340
11146249000,r,1340
11146250000,r,1340
11146250000,r,1340
11147250000,s,124
11147370000,s,124
11147471000,s,124
11147707000,r,1340
11147707000,r,1340
11147708000,r,1340
11147708000,r,1340
11147708000,r,1340
11147708000,r,1340
11147708000,r,1340
11147708000,r,1340
11147815000,r,1340
11147815000,r,1340
11148171000,s,124
11148495000,s,140
11148645000,r,1340
11148690000,s,140
11148645000,r,1340
11148899000,s,140
11149387000,s,140
11149418000,s,140
11150513000,r,1340
11150513000,r,1340
11150513000,r,1340
11150513000,r,1340
11151099000,s,140
11151238000,s,140
11151596000,r,1340
11151596000,r,1340
11152229000,s,140
11155090000,r,1340
11155090000,r,1340
11155090000,r,1340
11155090000,r,1340
11155091000,r,1340
11155091000,r,1340
11155091000,r,1340
11155091000,r,1340
11155207000,r,1340
11155207000,r,1340
11155207000,r,1340
11155207000,r,1340
11155207000,r,1340
11155207000,r,1340
11155207000,r,1340
11155208000,r,1340
11155242000,r,1340
11155242000,r,1340
11155242000,r,428
11155794000,s,124
11155951000,s,124
11156078000,s,140
11156201000,s,124
11156337000,s,124
11156456000,s,124
11156569000,r,1116
11156574000,s,124
11156864000,s,140
11156985000,s,140
11160715000,r,1340
11160715000,r,1340
11160715000,r,1340
11160716000,r,1340
11160716000,r,1340
11160716000,r,1340
11160716000,r,1340
11160716000,r,1340
11160869000,r,1340
11160870000,r,1340
11160870000,r,1340
11160870000,r,1340
11160870000,r,1340
11160870000,r,1340
11160870000,r,1340
11160870000,r,1340
11161643000,s,124
11161900000,s,124
11162307000,s,124
11162454000,s,124
11162690000,s,124
11162986000,s,124
11163253000,s,124
11163500000,s,124
11169885000,r,1340
11169885000,r,1340
11169885000,r,1340
11169885000,r,1340
11169885000,r,1340
11169885000,r,1340
11169886000,r,1340
11169886000,r,1340
11170002000,r,1340
11170002000,r,1340
11170003000,r,1340
11170003000,r,540
11171262000,s,124
11171401000,s,124
11171530000,s,124
11171646000,s,140
11171770000,s,124
11172000000,s,124
11172207000,s,124
11185275000,s,124
11190183000,r,140
11191209000,s,140
11192260000,s,1340
11192389000,s,812
11196653000,r,124
11197104000,s,140
11205109000,s,124
11210271000,r,140
11210272000,r,140
11210272000,r,380
11211168000,s,140
11213203000,s,204
11214645000,s,236
11216109000,s,796
11231090000,r,140
11231091000,r,220
11231091000,r,204
11232323000,s,140
11232670000,r,140
11232670000,r,172
11233179000,s,172
11236681000,r,140
11236681000,r,1340
11236681000,r,1340
11236682000,r,508
11237345000,s,140
11237840000,s,140
11250879000,r,140
12075479000,s,268
12114760000,s,268
12115194000,s,268
12148097000,r,1340
12148097000,r,1340
12148098000,r,1340
12148098000,r,1340
12148099000,r,1340
12148099000,r,1340
12148100000,r,1340
12148100000,r,1340
12148714000,r,1340
12148714000,r,1340
12148715000,r,1340
12148715000,r,1340
12148716000,r,1340
12148716000,r,1340
12148717000,r,1340
12148717000,r,1340
12148888000,r,1340
12148888000,r,1340
12149320000,r,1340
12149320000,r,1340
12149321000,r,1340
12149322000,r,1340
12149322000,r,1340
12149322000,r,1340
12149978000,r,1340
12149979000,r,1340
12149979000,r,1340
12150907000,r,1340
12150907000,r,1340
12150908000,r,1340
12152106000,r,1340
12152106000,r,1340
12152107000,r,1340
12152107000,r,1340
12152108000,r,1340
12152108000,r,1340
12152486000,s,140
12153342000,s,140
12153741000,s,140
12154031000,s,140
12154248000,s,140
12154481000,r,1340
12154482000,r,1340
12154482000,r,1340
12154483000,r,1340
12154483000,r,1340
12154484000,r,1340
12154484000,r,1340
12154484000,r,1340
12154784000,r,1340
12154851000,s,140
12155195000,s,140
12155286000,r,1340
12155286000,r,1340
12155287000,r,1340
12155880000,r,1340
12155881000,r,1340
12157472000,s,140
12157796000,s,140
12158002000,s,140
12158314000,s,140
12158514000,s,140
12158779000,s,140
12159064000,s,140
12159312000,s,140
12159579000,s,140
12159829000,s,140
12160092000,s,140
12160377000,s,140
12160681000,r,1340
12160682000,r,1340
12160735000,s,140
12160682000,r,1340
12160683000,r,1340
12160683000,r,1340
12160684000,r,1340
12160684000,r,1340
12161031000,s,140
12161306000,s,140
12161599000,s,140
12161869000,s,140
12162147000,s,140
12162424000,s,140
12162725000,s,140
12163010000,s,140
12163296000,s,140
12163738000,s,140
12164666000,r,1340
12164666000,r,1340
12164667000,r,1340
12164667000,r,1340
12164668000,r,1340
12164668000,r,684
12165697000,s,140
12166079000,s,140
12166386000,s,140
12166742000,s,140
12166984000,s,140
12167179000,s,140
12167383000,s,140
12167593000,s,140
12167801000,s,140
12167988000,s,140
12168367000,s,140
12168562000,s,140
12168867000,s,140
12169062000,s,140
12169232000,s,140
12169419000,s,140
12169592000,s,140
12169782000,s,140
12169997000,s,140
12170252000,s,140
12170450000,s,140
12171141000,s,140
12171409000,s,140
12171644000,s,140
12171881000,s,140
12172136000,s,140
12172383000,s,140
12172615000,s,140
12172969000,s,140
12173214000,s,140
12173470000,s,140
12173707000,s,140
12173901000,s,140
12672819000,r,1340
12672819000,r,1340
12672820000,r,1340
12672820000,r,1340
12672821000,r,1340
12672821000,r,1340
12676065000,s,124
12676439000,s,124
12676898000,s,124
12677057000,r,1244
12677057000,r,1340
12677058000,r,1340
12677058000,r,1340
12677058000,r,1340
12677751000,s,124
12678044000,s,124
12678462000,s,124
12679068000,s,124
12679584000,s,124
12680197000,s,124
12680514000,s,124
12681007000,s,124
12688744000,r,1340
12688744000,r,1340
12688745000,r,1340
12688745000,r,1340
12688746000,r,1340
12691399000,s,124
12691747000,s,124
12692212000,s,124
12692496000,s,124
12692589000,r,1340
12692589000,r,1340
12692590000,r,1340
12692590000,r,1340
12692903000,s,124
12692591000,r,1340
12692591000,r,1340
12692592000,r,1340
12692592000,r,1340
12693049000,r,1340
12693049000,r,1340
12693050000,r,1340
12693050000,r,1340
12693051000,r,1340
12693051000,r,1340
12693052000,r,1340
12693052000,r,1340
12694215000,s,124
12695057000,s,124
12696159000,s,124
12696456000,s,124
12698105000,s,124
12699948000,s,124
12700219000,s,124
12700778000,s,124
12701916000,s,124
12702204000,s,124
12702483000,s,124
12702747000,s,124
12703249000,s,124
12703499000,s,124
12703604000,r,1340
12703725000,s,124
12703604000,r,1340
12703605000,r,1340
12703605000,r,1340
12703606000,r,1340
12703606000,r,1340
12703607000,r,1340
12703607000,r,1340
12704382000,r,1340
12704382000,r,1340
12705730000,s,124
12707697000,s,124
12708165000,r,1340
12708165000,r,1340
12708166000,r,1340
12708307000,s,124
12709545000,s,124
12710091000,s,124
12710388000,s,124
12710814000,s,124
12712177000,s,124
12712235000,r,1340
12712235000,r,1340
12712236000,r,1340
12712236000,r,1340
12712237000,r,1340
12712237000,r,1340
12713354000,s,124
12713729000,s,124
12714059000,r,1340
12714066000,s,124
12714059000,r,1340
12714060000,r,1340
12714060000,r,1340
12714421000,s,124
12714826000,s,124
12715076000,r,1340
12715129000,s,124
12715835000,s,124
12716197000,s,124
12716475000,s,124
12716901000,s,124
12717208000,s,124
12717519000,s,124
12717648000,r,1340
12717827000,s,124
12718131000,s,124
12718420000,s,124
12718621000,s,124
12719019000,s,124
12719277000,s,124
12724699000,r,1340
12724699000,r,1340
12724700000,r,1340
12724700000,r,1340
12724701000,r,1340
12724701000,r,1340
12724702000,r,956
12726882000,s,124
12727247000,s,124
12727987000,s,124
12728775000,s,124
12729307000,s,124
12729612000,s,124
12729867000,s,124
14964846000,r,140
14964847000,r,124
14968983000,s,124
14972722000,r,124
14974691000,s,124
16248838000,r,172
16248838000,r,140
16248839000,r,124
16248839000,r,124
16253323000,s,124
16254311000,s,124
16269166000,r,124
21213157000,r,172
21213157000,r,156
21213158000,r,124
21213158000,r,172
21213159000,r,156
21213159000,r,124
21213160000,r,156
21217388000,s,124
21217849000,s,124
21218243000,s,124
21218556000,s,124
21218734000,s,124
21219626000,s,124
21221220000,s,124
21235198000,r,124
21235198000,r,124
22596837000,r,156
22596837000,r,140
22596838000,r,124
22601079000,s,124
22601519000,s,124
22605163000,s,124
22621034000,r,124
26257537000,r,172
26257538000,r,156
26261660000,s,140
26263926000,s,140
26284865000,r,140
27252805000,r,172
27252805000,r,156
27252806000,r,140
27252806000,r,140
27254966000,s,140
27255339000,s,140
27255545000,s,156
27255730000,s,140
27277060000,r,140
30632936000,r,220
30636067000,s,140