0,s,1340
35355000,s,1340
35759000,s,1340
60044000,r,1440
60044000,r,1440
71809000,s,1340
2783145000,s,1340
2821795000,s,1340
2822354000,s,1340
2822571000,s,176
2842266000,r,120
2851729000,s,1340
4924426000,s,1340
4934986000,s,1340
4937362000,s,1340
4945940000,r,1440
4945941000,r,1440
4945941000,r,1440
4947177000,r,1440
4948052000,s,1340
4949220000,r,1440
4949984000,r,1440
4953599000,s,1340
4953829000,s,1340
4957901000,s,1340
4957950000,s,1340
4957965000,s,1340
4958823000,r,1440
4958823000,r,1440
4958823000,r,1440
4958823000,r,1440
4958823000,r,1440
4959227000,s,1340
4959282000,s,1340
4963132000,s,1340
4969477000,r,1440
4970502000,s,1340
4970893000,r,1440
4971751000,s,1340
4972184000,s,1340
4972658000,s,1340
4973348000,s,1340
4980570000,s,1340
4982469000,r,1440
4982703000,r,1440
4984148000,s,1340
4984272000,s,1340
4985021000,s,1340
4985165000,s,1340
4985358000,s,1340
4985465000,s,1340
4985798000,r,1440
4985907000,s,1340
4986559000,s,1340
4986850000,s,1340
4987172000,s,1340
4987429000,s,1340
4987583000,s,1340
4988018000,s,1340
4988120000,s,1340
4988414000,s,1340
4988596000,s,1340
4989778000,s,1340
4989903000,s,1340
4989996000,s,1340
4990102000,s,1340
4990203000,s,1340
4990273000,s,1340
4990351000,s,1340
4990426000,s,1340
4990575000,s,1340
4990751000,s,1340
4990839000,s,1340
4991068000,s,1340
4991412000,s,1340
4991774000,s,1340
4991841000,s,1340
4991973000,s,1340
4992389000,s,1340
4992583000,s,1340
4993000000,s,1340
4993127000,s,1340
4993232000,s,1340
4993333000,s,1340
4993429000,s,1340
4993521000,s,1340
4993612000,s,1340
4993702000,s,1340
4994466000,s,1340
4994558000,s,1340
4994711000,s,1340
4994798000,s,1340
4994940000,s,1340
4995242000,s,1340
4995390000,s,1340
4995531000,s,1340
4995681000,s,1340
4995923000,s,1340
4996103000,s,1340
4996377000,s,1340
4996580000,s,1340
4996609000,s,1340
4997276000,s,1340
4997425000,s,1340
4997663000,s,1340
4998410000,s,1340
4998762000,s,1340
4998974000,s,1340
4999163000,s,1340
4999357000,s,1340
4999568000,s,1340
4999744000,s,1340
4999917000,s,1340
5000038000,s,1340
5000146000,s,1340
5000264000,s,1340
5000378000,s,1340
5000587000,s,1340
5000781000,s,1340
5002819000,s,1340
5002880000,s,1340
5002922000,s,1340
5002941000,s,1340
5002957000,s,1340
5002971000,s,1340
5003353000,s,1340
5003500000,s,1340
5003651000,s,1340
5004123000,s,1340
5004222000,s,1340
5004420000,s,1340
5004662000,s,1340
5004823000,s,1340
5005075000,s,1340
5005194000,s,1340
5005276000,s,1340
5007865000,r,1440
5009607000,s,1340
5009695000,s,1340
5009756000,s,1340
5010254000,s,1340
5010442000,s,1340
5010598000,s,1340
5010888000,s,1340
5010983000,s,1340
5011179000,s,1340
5011261000,s,1340
5011333000,s,1340
5011462000,s,1340
5011678000,s,1340
5011755000,s,1340
5011929000,s,1340
5012129000,s,1340
5012299000,s,1340
5012444000,s,1340
5012584000,s,1340
5012725000,s,1340
5013719000,s,1340
5013791000,s,1340
5013819000,s,1340
5013830000,s,1340
5013839000,s,1340
5013847000,s,1340
5013897000,s,1340
5014179000,s,1340
5014249000,s,1340
5014759000,s,1340
5014795000,s,1340
5014848000,s,1340
5015219000,s,1340
5015582000,s,1340
5016115000,s,1340
5016219000,s,1340
5016307000,s,1340
5016437000,s,1340
5016711000,s,1340
5016802000,s,1340
5016857000,s,1340
5017007000,s,1340
5017153000,s,1340
5017303000,s,1340
5017627000,s,1340
5018001000,s,1340
5018187000,s,1340
5018317000,s,1340
5018411000,s,1340
5018604000,s,1340
5018965000,s,1340
5019030000,s,1340
5019053000,s,1340
5019238000,r,1440
5020123000,s,1340
5020344000,s,1340
5020630000,r,1440
5020702000,s,1340
5020829000,s,1340
5021932000,r,1440
5022771000,s,1340
5024048000,r,1440
5024049000,r,1440
5024959000,s,1340
5026128000,r,1440
5026694000,s,1340
5027600000,r,1440
5028388000,s,1340
5028434000,s,1340
5028482000,r,1440
5031203000,s,1340
5031830000,s,1340
5035465000,s,1340
5044108000,r,1440
5044108000,r,1440
5045647000,r,1440
5046239000,s,1340
5047749000,r,1440
5065165000,r,1440
5065723000,s,1340
5067417000,s,1340
5077638000,s,1340
5078118000,r,1440
5778226000,r,1440
5778227000,r,1440
5778227000,r,1440
5778228000,r,1440
5778228000,r,1440
5778229000,r,1440
5778229000,r,1440
5778230000,r,1440
5778887000,r,1440
5778887000,r,1440
5778888000,r,1440
5778888000,r,1440
5778889000,r,1440
5778889000,r,1440
5782462000,s,1340
5782895000,s,1340
5783138000,s,1340
5783398000,s,1340
5783630000,s,1340
5784279000,s,1340
5784609000,s,1340
5784822000,s,1340
5785084000,s,1340
5785294000,s,1340
5785494000,s,1340
5785757000,s,1340
5785927000,s,1340
5796297000,s,1340
5863655000,s,1340
5863929000,s,1340
5866568000,s,1340
5866727000,s,1340
5874858000,s,1340
5889034000,r,1440
5890976000,r,1440
5890977000,r,1440
5891837000,s,1340
5891980000,s,1340
5893884000,r,1440
5893884000,r,1440
5893884000,r,1440
5893885000,r,1440
5893885000,r,1440
5893885000,r,1440
5893885000,r,1440
5893885000,r,1440
5895873000,s,1340
5896144000,s,1340
5896272000,s,1340
5896338000,s,1340
5896360000,s,1340
5896370000,s,1340
5896729000,s,1340
5897060000,s,1340
5897108000,s,1340
5897122000,s,1340
5897205000,s,1340
5897277000,s,1340
5897509000,s,1340
5897703000,s,1340
5897810000,s,1340
5898330000,s,1340
5898826000,s,1340
5898934000,s,1340
5899033000,s,1340
5899487000,s,1340
5900082000,s,1340
5900258000,s,1340
5900290000,s,1340
5900651000,s,1340
5901178000,s,1340
5901295000,s,1340
5901563000,s,1340
5901670000,s,1340
5902015000,s,1340
5902176000,s,1340
5902256000,s,1340
5902420000,s,1340
5902846000,s,1340
5902962000,s,1340
5903063000,s,1340
5903293000,r,1440
5903293000,r,1440
5903293000,r,1440
5903428000,s,1340
5903746000,s,1340
5903788000,s,1340
5903801000,s,1340
5904087000,s,1340
5904332000,s,1340
5904426000,s,1340
5904506000,s,1340
5904695000,s,1340
5904822000,r,1440
5904823000,r,1440
5904823000,r,1440
5904823000,r,1440
5904823000,r,1440
5904823000,r,1440
5904823000,r,1440
5904939000,s,1340
5905055000,s,1340
5905161000,s,1340
5905268000,s,1340
5905370000,s,1340
5905449000,s,1340
5905522000,s,1340
5905597000,s,1340
5905699000,s,1340
5905773000,s,1340
5905838000,s,1340
5905939000,s,1340
5906041000,s,1340
5906332000,s,1340
5906478000,s,1340
5906582000,s,1340
5906667000,s,1340
5906802000,s,1340
5906936000,s,1340
5907146000,s,1340
5907478000,s,1340
5907640000,s,1340
5908029000,s,1340
5908079000,s,1340
5908094000,s,1340
5909547000,s,1340
5909890000,s,1340
5910139000,s,1340
5910454000,s,1340
5910761000,s,1340
5911046000,s,1340
5912046000,s,1340
5912179000,s,1340
5912288000,s,1340
5912642000,s,1340
5912946000,s,1340
5913060000,s,1340
5913360000,s,1340
5913476000,s,1340
5913736000,s,1340
5913780000,s,1340
5913850000,s,1340
5914008000,s,1340
5914756000,s,1340
5914830000,s,1340
5915890000,s,1340
5915961000,s,1340
5917127000,s,1340
5917211000,s,1340
5917417000,s,1340
5917539000,s,1340
5917640000,s,1340
5917927000,s,1340
5918052000,s,1340
5918208000,s,1340
5918502000,s,1340
5918555000,s,1340
5918627000,s,1340
5919721000,s,1340
5921090000,s,1340
5921306000,s,1340
5921472000,s,1340
5921501000,r,1440
5921501000,r,1440
5921501000,r,1440
5921501000,r,1440
5921605000,s,1340
5921712000,s,1340
5921923000,s,1340
5922232000,s,1340
5922356000,s,1340
5922467000,s,1340
5922578000,s,1340
5922709000,s,1340
5922820000,s,1340
5922930000,s,1340
5923044000,s,1340
5923161000,s,1340
5923269000,s,1340
5923605000,s,1340
5923719000,s,1340
5923955000,s,1340
5924153000,s,1340
5924223000,s,1340
5924272000,s,1340
5924921000,s,1340
5925042000,s,1340
5925270000,s,1340
5925372000,s,1340
5925613000,s,1340
5925728000,s,1340
5925900000,s,1340
5926057000,s,1340
5926259000,s,1340
5928758000,r,1440
5928758000,r,1440
5928758000,r,1440
5928840000,r,1440
5928840000,r,1440
5928840000,r,1440
5928840000,r,1440
5928840000,r,1440
5928840000,r,1440
5929270000,r,1440
5929271000,r,1440
5929271000,r,1440
5929354000,s,1340
5929412000,s,1340
5929436000,s,1340
5929461000,s,1340
5929634000,s,1340
5929756000,s,1340
5929983000,s,1340
5930052000,r,1440
5930053000,r,1440
5930053000,r,1440
5930136000,s,1340
5930053000,r,1440
5930053000,r,1440
5930053000,r,1440
5930053000,r,1440
5930053000,r,1440
5930177000,r,1440
5930247000,s,1340
5930358000,s,1340
5930467000,s,1340
5930608000,s,1340
5930698000,s,1340
5930825000,s,1340
5931140000,s,1340
5931290000,s,1340
5931576000,s,1340
5931749000,s,1340
5931901000,s,1340
5932045000,s,1340
5932185000,s,1340
5932317000,r,1440
5932338000,s,1340
5932317000,r,1440
5932317000,r,1440
5932317000,r,1440
5932317000,r,1440
5932317000,r,1440
5932318000,r,1440
5932574000,s,1340
5932803000,s,1340
5932930000,s,1340
5933267000,s,1340
5933510000,s,1340
5933630000,s,1340
5933745000,s,1340
5933844000,s,1340
5933941000,s,1340
5934042000,s,1340
5934215000,s,1340
5934318000,s,1340
5934444000,s,1340
5934560000,s,1340
5934668000,s,1340
5934779000,s,1340
5934893000,s,1340
5935020000,s,1340
5935135000,s,1340
5935256000,s,1340
5935366000,s,1340
5935483000,s,1340
5935850000,s,1340
5935973000,s,1340
5936083000,s,1340
5936288000,s,1340
5936728000,s,1340
5936763000,s,1340
5936779000,s,1340
5936800000,s,1340
5936948000,s,1340
5937205000,s,1340
5937322000,s,1340
5937448000,s,1340
5937555000,s,1340
5937777000,s,1340
5938130000,s,1340
5938258000,s,1340
5938364000,s,1340
5938696000,s,1340
5938805000,s,1340
5939176000,s,1340
5939441000,r,1440
5939441000,r,1440
5939441000,r,1440
5939441000,r,1440
5939441000,r,1440
5939665000,s,1340
5939711000,s,1340
5939736000,s,1340
5939748000,s,1340
5939760000,s,1340
5939772000,s,1340
5939882000,s,1340
5939946000,s,1340
5945807000,r,1440
5945808000,r,1440
5945808000,r,1440
5945808000,r,1440
5945808000,r,1440
5946305000,s,1340
5946405000,s,1340
5946618000,s,1340
5946694000,s,1340
5948081000,r,1440
5948082000,r,1440
5948082000,r,1440
5948082000,r,1440
5948082000,r,1440
5948082000,r,1440
5948083000,r,1440
5948083000,r,1440
5948207000,r,1440
5948207000,r,1440
5948207000,r,1440
5948207000,r,1440
5948207000,r,1440
5948208000,r,1440
5948208000,r,1440
5948208000,r,1440
5948265000,r,1440
5948265000,r,1440
5948265000,r,1440
5948265000,r,1440
5948266000,r,1440
5948763000,s,1340
5948952000,s,1340
5949071000,s,1340
5949225000,s,1340
5949351000,s,1340
5949503000,s,1340
5949842000,s,1340
5949992000,s,1340
5950228000,s,1340
5950445000,r,1440
5950445000,r,1440
5950445000,r,1440
5950445000,r,1440
5950849000,s,1340
5950985000,s,1340
5951103000,s,1340
5951204000,s,1340
5951329000,s,1340
5951449000,s,1340
5951573000,s,1340
5951691000,s,1340
5951795000,s,1340
5951900000,s,1340
5952008000,s,1340
5952110000,s,1340
5952225000,s,1340
5952324000,s,1340
5952432000,s,1340
5952534000,s,1340
5952640000,s,1340
5952742000,s,1340
5952822000,s,1340
5952899000,s,1340
5952974000,s,1340
5953075000,s,1340
5953183000,s,1340
5953283000,s,1340
5953381000,s,1340
5953479000,s,1340
5953582000,s,1340
5953685000,s,1340
5953942000,s,1340
5954040000,s,1340
5954350000,s,1340
5954463000,s,1340
5954652000,s,1340
5954751000,s,1340
5954881000,s,1340
5954979000,s,1340
5955195000,s,1340
5955241000,s,1340
5956339000,r,1440
5956339000,r,1440
5956339000,r,1440
5956339000,r,1440
5956339000,r,1440
5956340000,r,1440
5956474000,r,1440
5956474000,r,1440
5956475000,r,1440
5956689000,s,1340
5956820000,s,1340
5956946000,s,1340
5957062000,s,1340
5957164000,s,1340
5957293000,s,1340
5957428000,s,1340
5957701000,s,1340
5957817000,s,1340
5957920000,s,1340
5958044000,s,1340
5958224000,s,1340
5958365000,s,1340
5958423000,r,1440
5958478000,s,1340
5958423000,r,1440
5958423000,r,1440
5958423000,r,1440
5958704000,s,1340
5958849000,s,1340
5958872000,s,1340
5959071000,s,1340
5959107000,s,1340
5959188000,s,1340
5959277000,s,1340
5959357000,s,1340
5959563000,s,1340
5959751000,s,1340
5959915000,s,1340
5960017000,s,1340
5960093000,s,1340
5960239000,s,1340
5960306000,s,1340
5960576000,s,1340
5960698000,s,1340
5960940000,s,1340
5961048000,s,1340
5961317000,s,1340
5961425000,s,1340
5961531000,s,1340
5961700000,s,1340
5961787000,s,1340
5961846000,s,1340
5961904000,s,1340
5962199000,s,1340
5962391000,s,1340
5962513000,s,1340
5962596000,s,1340
5962749000,s,1340
5962978000,s,1340
5963096000,s,1340
5963339000,s,1340
5963438000,s,1340
5963562000,s,1340
5963651000,s,1340
5963721000,s,1340
5963781000,s,1340
5963882000,r,1440
5963882000,r,1440
5964225000,s,1340
5974637000,s,1340
5977671000,r,1440
5977671000,r,1440
5977671000,r,1440
5977671000,r,1440
5977671000,r,1440
5977672000,r,1440
5977672000,r,1440
5977672000,r,1440
5977808000,r,1440
5978329000,s,1340
5978386000,s,1340
5978417000,s,1340
5978432000,s,1340
5978571000,s,1340
5978966000,r,1440
5979067000,s,1340
5978966000,r,1440
5978966000,r,1440
5978967000,r,1440
5978967000,r,1440
5978967000,r,1440
5978967000,r,1440
5979126000,s,1340
5978967000,r,1440
5979149000,s,1340
5979154000,r,1440
5979154000,r,1440
5979166000,s,1340
5979155000,r,1440
5979155000,r,1440
5979181000,s,1340
5979155000,r,1440
5979155000,r,1440
5979195000,s,1340
5979155000,r,1440
5979346000,s,1340
5979552000,s,1340
5979602000,s,1340
5979635000,s,1340
5979731000,s,1340
5979796000,s,1340
5979828000,s,1340
5979845000,s,1340
5979859000,s,1340
5979872000,s,1340
5979885000,s,1340
5979898000,s,1340
5980066000,s,1340
5980106000,s,1340
5980132000,s,1340
5980258000,s,1340
5980385000,s,1340
5980498000,s,1340
5980604000,s,1340
5980721000,s,1340
5980847000,s,1340
5980989000,s,1340
5981118000,s,1340
5981238000,s,1340
5981360000,s,1340
5981477000,s,1340
5981595000,s,1340
5981719000,s,1340
5982050000,s,1340
5982138000,r,1440
5982138000,r,1440
5982138000,r,1440
5982139000,r,1440
5982139000,r,1440
5982142000,r,1440
5982255000,s,1340
5982381000,s,1340
5982483000,s,1340
5982570000,s,1340
5982653000,s,1340
5982745000,s,1340
5982818000,s,1340
5982878000,s,1340
5982937000,s,1340
5982996000,s,1340
5983388000,s,1340
5983619000,s,1340
5983776000,s,1340
5983834000,s,1340
5984217000,s,1340
5984404000,s,1340
5984568000,s,1340
5984726000,s,1340
5986715000,r,1440
5986715000,r,1440
5986715000,r,1440
5986715000,r,1440
5986715000,r,1440
5986716000,r,1440
5987691000,r,1440
5987691000,r,1440
5987691000,r,1440
5987691000,r,1440
5987692000,r,1440
5987889000,s,1340
5988001000,s,1340
5988303000,s,1340
5988464000,s,1340
5988877000,s,1340
5989061000,s,1340
5989964000,s,1340
5990210000,s,1340
5990392000,s,1340
5990555000,s,1340
5990720000,s,1340
5990895000,s,1340
5991068000,s,1340
5991243000,s,1340
5991407000,s,1340
5991574000,s,1340
5991757000,s,1340
5991947000,s,1340
5992125000,s,1340
5992283000,s,1340
5992560000,s,1340
5992643000,s,1340
5992671000,s,1340
5992854000,s,1340
5992982000,s,1340
5993295000,s,1340
5993524000,s,1340
5993626000,s,1340
5993746000,s,1340
5993833000,s,1340
5993921000,s,1340
5994200000,s,1340
5994496000,s,1340
5994674000,s,1340
5994857000,s,1340
5994901000,s,1340
5995065000,s,1340
5995152000,s,1340
5995199000,s,1340
5996327000,s,1340
5996457000,s,1340
5996529000,s,1340
5997564000,s,1340
5997637000,s,1340
5998244000,s,1340
5998367000,s,1340
5998435000,s,1340
5998534000,s,1340
5998673000,s,1340
5998849000,s,1340
5998975000,s,1340
5999108000,s,1340
5999247000,s,1340
5999361000,s,1340
5999441000,s,1340
5999479000,s,1340
5999584000,s,1340
5999977000,s,1340
6000192000,s,1340
6000290000,s,1340
6000373000,s,1340
6000534000,s,1340
6000727000,s,1340
6000877000,s,1340
6001070000,s,1340
6001241000,s,1340
6001256000,r,1440
6001423000,s,1340
6001504000,s,1340
6004779000,r,1440
6004779000,r,1440
6004779000,r,1440
6004780000,r,1440
6004780000,r,1440
6004780000,r,1440
6004780000,r,1440
6004780000,r,1440
6004905000,r,1440
6004905000,r,1440
6004905000,r,1440
6004905000,r,1440
6004905000,r,1440
6004905000,r,1440
6004906000,r,1440
6004906000,r,1440
6004943000,r,1440
6004943000,r,1440
6004943000,r,1440
6004943000,r,1440
6004943000,r,1440
6005409000,s,1340
6005604000,s,1340
6005633000,s,1340
6006104000,r,1440
6006104000,r,1440
6006104000,r,1440
6006104000,r,1440
6006259000,s,1340
6006288000,s,1340
6006299000,s,1340
6006309000,s,1340
6006317000,s,1340
6006325000,s,1340
6006333000,s,1340
6006342000,s,1340
6006349000,s,1340
6006357000,s,1340
6006365000,s,1340
6006372000,s,1340
6006380000,s,1340
6006389000,s,1340
6006676000,s,1340
6006765000,s,1340
6006866000,s,1340
6006936000,s,1340
6007026000,s,1340
6007197000,s,1340
6007288000,s,1340
6007373000,s,1340
6007456000,s,1340
6007527000,s,1340
6007635000,s,1340
6007721000,s,1340
6007950000,s,1340
6008172000,s,1340
6008261000,s,1340
6008453000,s,1340
6008524000,s,1340
6009402000,s,1340
6010663000,s,1340
6010735000,s,1340
6010785000,s,1340
6010953000,s,1340
6011004000,s,1340
6011027000,s,1340
6011103000,s,1340
6011202000,s,1340
6011220000,s,1340
6011387000,s,1340
6011574000,s,1340
6011686000,s,1340
6011917000,s,1340
6012140000,s,1340
6012332000,s,1340
6012364000,s,1340
6012427000,s,1340
6013489000,s,1340
6013555000,s,1340
6013889000,s,1340
6013974000,s,1340
6014141000,s,1340
6014263000,s,1340
6014514000,s,1340
6014542000,s,1340
6014721000,s,1340
6014761000,s,1340
6014828000,s,1340
6014893000,s,1340
6015866000,s,1340
6015920000,s,1340
6015991000,s,1340
6016089000,s,1340
6017152000,s,1340
6017262000,s,1340
6017412000,s,1340
6018251000,s,1340
6018332000,s,1340
6019003000,s,1340
6019140000,s,1340
6019355000,s,1340
6019437000,s,1340
6019517000,s,1340
6019616000,s,1340
6019697000,s,1340
6019760000,s,1340
6020645000,s,1340
6020815000,s,1340
6020900000,s,1340
6021134000,s,1340
6021213000,s,1340
6021403000,s,1340
6021562000,s,1340
6021750000,s,1340
6021872000,s,1340
6021948000,s,1340
6022655000,s,1340
6022875000,s,1340
6022973000,s,1340
6023150000,s,1340
6023383000,s,1340
6023689000,s,1340
6023781000,s,1340
6023864000,s,1340
6023942000,s,1340
6024125000,s,1340
6024214000,s,1340
6024386000,s,1340
6024562000,s,1340
6024713000,s,1340
6024769000,s,1340
6024992000,s,1340
6025111000,s,1340
6025343000,s,1340
6025853000,s,1340
6025984000,s,1340
6026115000,s,1340
6026111000,r,1440
6026111000,r,1440
6026111000,r,1440
6026111000,r,1440
6026112000,r,1440
6026112000,r,1440
6026112000,r,1440
6026420000,s,1340
6026507000,s,1340
6026521000,s,1340
6026637000,s,1340
6026735000,s,1340
6026874000,s,1340
6026911000,s,1340
6026983000,s,1340
6037086000,s,1340
6040975000,r,1440
6040975000,r,1440
6040975000,r,1440
6040975000,r,1440
6040976000,r,1440
6040976000,r,1440
6040976000,r,1440
6040976000,r,1440
6041103000,r,1440
6041103000,r,1440
6041103000,r,1440
6041103000,r,1440
6041103000,r,1440
6041104000,r,1440
6041104000,r,1440
6041104000,r,1440
6041148000,r,1440
6041148000,r,1440
6041148000,r,1440
6041148000,r,1440
6041148000,r,1440
6041148000,r,1440
6041411000,r,1440
6041411000,r,1440
6041412000,r,1440
6041412000,r,1440
6041412000,r,1440
6041412000,r,1440
6041791000,s,1340
6041815000,r,1440
6041816000,r,1440
6041816000,r,1440
6041959000,s,1340
6042041000,s,1340
6042210000,s,1340
6042615000,s,1340
6042667000,s,1340
6042748000,s,1340
6042827000,s,1340
6042883000,s,1340
6042937000,s,1340
6043021000,s,1340
6043101000,s,1340
6043173000,s,1340
6043249000,s,1340
6043284000,r,1440
6043327000,s,1340
6043284000,r,1440
6043285000,r,1440
6043285000,r,1440
6043285000,r,1440
6043285000,r,1440
6043425000,s,1340
6043662000,s,1340
6044333000,s,1340
6044454000,s,1340
6044557000,s,1340
6044651000,s,1340
6044744000,s,1340
6044826000,s,1340
6044885000,s,1340
6044953000,s,1340
6045037000,s,1340
6045126000,s,1340
6045219000,s,1340
6045306000,s,1340
6045398000,s,1340
6045489000,s,1340
6045949000,s,1340
6046333000,s,1340
6046668000,s,1340
6046773000,s,1340
6048323000,r,1440
6048352000,s,1340
6048658000,r,1440
6048658000,r,1440
6049477000,s,1340
6049616000,s,1340
6049722000,s,1340
6049824000,s,1340
6049924000,s,1340
6050030000,s,1340
6050166000,s,1340
6050360000,s,1340
6053144000,r,1440
6053144000,r,1440
6053144000,r,1440
6053144000,r,1440
6053144000,r,1440
6053144000,r,1440
6053144000,r,1440
6053144000,r,1440
6053216000,r,1440
6053910000,s,1340
6054040000,s,1340
6054146000,r,1440
6054146000,r,1440
6054195000,s,1340
6054146000,r,1440
6054273000,s,1340
6054343000,s,1340
6054420000,s,1340
6054495000,s,1340
6054567000,s,1340
6054616000,s,1340
6054662000,s,1340
6054707000,s,1340
6054750000,s,1340
6054812000,s,1340
6054883000,s,1340
6054929000,s,1340
6054971000,s,1340
6055044000,s,1340
6055109000,s,1340
6055304000,s,1340
6055432000,s,1340
6055621000,s,1340
6055862000,r,1440
6055862000,r,1440
6055908000,s,1340
6055863000,r,1440
6055863000,r,1440
6055863000,r,1440
6055863000,r,1440
6055863000,r,1440
6055863000,r,1440
6055949000,r,1440
6056076000,s,1340
6056468000,s,1340
6056561000,s,1340
6056609000,r,1440
6056622000,s,1340
6056609000,r,1440
6056609000,r,1440
6056609000,r,1440
6056985000,s,1340
6057057000,s,1340
6057132000,s,1340
6057186000,s,1340
6057239000,s,1340
6057312000,s,1340
6057365000,s,1340
6057419000,s,1340
6057471000,s,1340
6057550000,s,1340
6057605000,s,1340
6057675000,s,1340
6057747000,s,1340
6057823000,s,1340
6057897000,s,1340
6057951000,s,1340
6058023000,s,1340
6058114000,s,1340
6058188000,s,1340
6058270000,s,1340
6058337000,r,1440
6058340000,s,1340
6058337000,r,1440
6058337000,r,1440
6058495000,s,1340
6058579000,s,1340
6058661000,s,1340
6058736000,s,1340
6058832000,s,1340
6059078000,s,1340
6059171000,s,1340
6059254000,s,1340
6059335000,s,1340
6059415000,s,1340
6059491000,s,1340
6059565000,s,1340
6059636000,s,1340
6059703000,s,1340
6059766000,r,1440
6059774000,s,1340
6059766000,r,1440
6059766000,r,1440
6059767000,r,1440
6059767000,r,1440
6059920000,s,1340
6060459000,s,1340
6060551000,s,1340
6060635000,s,1340
6060715000,s,1340
6060882000,s,1340
6061010000,s,1340
6061215000,s,1340
6061389000,s,1340
6061476000,s,1340
6061606000,s,1340
6061733000,s,1340
6061764000,s,1340
6061814000,s,1340
6061840000,s,1340
6061957000,s,1340
6062030000,s,1340
6062099000,s,1340
6062675000,s,1340
6062799000,s,1340
6063479000,s,1340
6063599000,s,1340
6063657000,s,1340
6063796000,s,1340
6063873000,s,1340
6063953000,s,1340
6064061000,s,1340
6064121000,s,1340
6065135000,s,1340
6065182000,s,1340
6065282000,r,1440
6065282000,r,1440
6065322000,s,1340
6065282000,r,1440
6065283000,r,1440
6065283000,r,1440
6065384000,s,1340
6065533000,s,1340
6065629000,s,1340
6065687000,s,1340
6065763000,s,1340
6065819000,s,1340
6065869000,s,1340
6066090000,s,1340
6066403000,s,1340
6066631000,s,1340
6066805000,s,1340
6066904000,s,1340
6066997000,s,1340
6067204000,s,1340
6067317000,s,1340
6067432000,s,1340
6067542000,s,1340
6067659000,s,1340
6067770000,s,1340
6067874000,r,1440
6067875000,r,1440
6067875000,r,1440
6067875000,r,1440
6067875000,r,1440
6067875000,r,1440
6067949000,s,1340
6068372000,s,1340
6068475000,s,1340
6068555000,s,1340
6068609000,s,1340
6068702000,s,1340
6068797000,s,1340
6068882000,s,1340
6068965000,s,1340
6069026000,s,1340
6069343000,s,1340
6069436000,s,1340
6069669000,s,1340
6069783000,s,1340
6069891000,s,1340
6069997000,s,1340
6070377000,s,1340
6070473000,s,1340
6070668000,s,1340
6070870000,s,1340
6071286000,s,1340
6071632000,s,1340
6071978000,s,1340
6072357000,s,1340
6072655000,s,1340
6072950000,s,1340
6073308000,s,1340
6073567000,s,1340
6074774000,s,1340
6074842000,s,1340
6074866000,s,1340
6074882000,s,1340
6074895000,s,1340
6074911000,s,1340
6074925000,s,1340
6074940000,s,1340
6074952000,s,1340
6075059000,s,1340
6075305000,s,1340
6075371000,s,1340
6075423000,s,1340
6076552000,s,1340
6077039000,s,1340
6077115000,s,1340
6077218000,s,1340
6077286000,s,1340
6077520000,s,1340
6077602000,s,1340
6078167000,s,1340
6078252000,s,1340
6078323000,s,1340
6078854000,s,1340
6078931000,s,1340
6079460000,s,1340
6079546000,s,1340
6080111000,s,1340
6080192000,s,1340
6080727000,s,1340
6080800000,s,1340
6081070000,s,1340
6081156000,s,1340
6084850000,r,1440
6084851000,r,1440
6084851000,r,1440
6084851000,r,1440
6084851000,r,1440
6084851000,r,1440
6084851000,r,1440
6084851000,r,1440
6084947000,r,1440
6084947000,r,1440
6084948000,r,1440
6084948000,r,1440
6084948000,r,1440
6084948000,r,1440
6084948000,r,1440
6084948000,r,1440
6084991000,r,1440
6084991000,r,1440
6084991000,r,1440
6084991000,r,1440
6085314000,s,1340
6085437000,s,1340
6085466000,s,1340
6085485000,s,1340
6085651000,s,1340
6085820000,s,1340
6085999000,s,1340
6086304000,s,1340
6086353000,s,1340
6086381000,s,1340
6086409000,s,1340
6086423000,s,1340
6086488000,s,1340
6086568000,s,1340
6086602000,s,1340
6086619000,s,1340
6086667000,s,1340
6086682000,s,1340
6086758000,s,1340
6086893000,s,1340
6087073000,s,1340
6087288000,s,1340
6087392000,r,1440
6087392000,r,1440
6087393000,r,1440
6087393000,r,1440
6087393000,r,1440
6087393000,r,1440
6087394000,r,1440
6087394000,r,1440
6087530000,r,1440
6087530000,r,1440
6087530000,r,1440
6087531000,r,1440
6087531000,r,1440
6087531000,r,1440
6087531000,r,1440
6087531000,r,1440
6087606000,r,1440
6087606000,r,1440
6088663000,s,1340
6088747000,s,1340
6088826000,s,1340
6088879000,s,1340
6088955000,s,1340
6089027000,s,1340
6089099000,s,1340
6089147000,s,1340
6089215000,s,1340
6089243000,s,1340
6089264000,s,1340
6089281000,s,1340
6089362000,s,1340
6089417000,s,1340
6089465000,s,1340
6089526000,s,1340
6089571000,s,1340
6089624000,s,1340
6089676000,s,1340
6089726000,s,1340
6089776000,s,1340
6089828000,s,1340
6089877000,s,1340
6089924000,s,1340
6089972000,s,1340
6090032000,s,1340
6090121000,s,1340
6090188000,s,1340
6090236000,s,1340
6090283000,s,1340
6090449000,s,1340
6090502000,s,1340
6090526000,s,1340
6090542000,s,1340
6090556000,s,1340
6090569000,s,1340
6090581000,s,1340
6090598000,s,1340
6090610000,s,1340
6090623000,s,1340
6090638000,s,1340
6090651000,s,1340
6090665000,s,1340
6090677000,s,1340
6090690000,s,1340
6090702000,s,1340
6090717000,s,1340
6090812000,s,1340
6090998000,s,1340
6091296000,s,1340
6091563000,s,1340
6091778000,s,1340
6091936000,s,1340
6092030000,s,1340
6092497000,s,1340
6092686000,s,1340
6092775000,s,1340
6092896000,s,1340
6092982000,s,1340
6093055000,s,1340
6093223000,s,1340
6093281000,s,1340
6093375000,s,1340
6093417000,s,1340
6093781000,s,1340
6093852000,s,1340
6093939000,s,1340
6094132000,s,1340
6094475000,s,1340
6094613000,s,1340
6094784000,s,1340
6095099000,s,1340
6095176000,s,1340
6095239000,s,1340
6095442000,s,1340
6095486000,r,1440
6095486000,r,1440
6095678000,s,1340
6095872000,s,1340
6096057000,s,1340
6096196000,s,1340
6096286000,s,1340
6096408000,s,1340
6096477000,s,1340
6096696000,s,1340
6096825000,s,1340
6096955000,s,1340
6097081000,s,1340
6097196000,s,1340
6097339000,s,1340
6097416000,s,1340
6097521000,s,1340
6097748000,s,1340
6097883000,s,1340
6098024000,s,1340
6098183000,s,1340
6098281000,s,1340
6098542000,s,1340
6098701000,s,1340
6098839000,s,1340
6098986000,s,1340
6099117000,s,1340
6099258000,s,1340
6099419000,s,1340
6099568000,s,1340
6099719000,s,1340
6099799000,s,1340
6099895000,s,1340
6100084000,s,1340
6100193000,r,1440
6100247000,s,1340
6100193000,r,1440
6100193000,r,1440
6100194000,r,1440
6100496000,s,1340
6100642000,s,1340
6100881000,s,1340
6101017000,s,1340
6101109000,s,1340
6101278000,s,1340
6101432000,s,1340
6101625000,s,1340
6101810000,s,1340
6101906000,s,1340
6102001000,s,1340
6102193000,s,1340
6102300000,s,1340
6102392000,s,1340
6102558000,s,1340
6102698000,s,1340
6102892000,s,1340
6103060000,s,1340
6103223000,s,1340
6103417000,s,1340
6103714000,s,1340
6103857000,s,1340
6104334000,s,1340
6104452000,s,1340
6104603000,s,1340
6104607000,r,1440
6104607000,r,1440
6104607000,r,1440
6104607000,r,1440
6104607000,r,1440
6104607000,r,1440
6104608000,r,1440
6104608000,r,1440
6104668000,r,1440
6104789000,s,1340
6104902000,s,1340
6105012000,s,1340
6105193000,s,1340
6105349000,s,1340
6105463000,s,1340
6105669000,s,1340
6105791000,s,1340
6105796000,r,1440
6105797000,r,1440
6105797000,r,1440
6105797000,r,1440
6105797000,r,1440
6105797000,r,1440
6105797000,r,1440
6105797000,r,1440
6105892000,r,1440
6105892000,r,1440
6105898000,s,1340
6105892000,r,1440
6105892000,r,1440
6105892000,r,1440
6105892000,r,1440
6106000000,s,1340
6106165000,s,1340
6106284000,s,1340
6106392000,s,1340
6106595000,s,1340
6106725000,s,1340
6106868000,s,1340
6106981000,s,1340
6107107000,s,1340
6107327000,s,1340
6107470000,s,1340
6107740000,s,1340
6107850000,s,1340
6107960000,s,1340
6108064000,s,1340
6108161000,s,1340
6108271000,s,1340
6108406000,s,1340
6108501000,s,1340
6108598000,s,1340
6108667000,s,1340
6108731000,s,1340
6108796000,s,1340
6108863000,s,1340
6108928000,s,1340
6109172000,s,1340
6109266000,s,1340
6109643000,s,1340
6109994000,s,1340
6110460000,s,1340
6112635000,r,1440
6112635000,r,1440
6118125000,r,1440
6118882000,s,1340
6120386000,r,1440
6120939000,s,1340
6139416000,s,1340
6155061000,s,1340
6170126000,r,1440
6170126000,r,1440
6170126000,r,1440
6170345000,r,1440
6170345000,r,1440
6170345000,r,1440
6170345000,r,1440
6170345000,r,1440
6170345000,r,1440
6170964000,r,1440
6170964000,r,1440
6170964000,r,1440
6171453000,s,1340
6171598000,s,1340
6171909000,s,1340
6171996000,s,1340
6172218000,s,1340
6172337000,s,1340
6172432000,s,1340
6172520000,s,1340
6172607000,s,1340
6172647000,r,1440
6172648000,r,1440
6172705000,s,1340
6172648000,r,1440
6172648000,r,1440
6172648000,r,1440
6172648000,r,1440
6172648000,r,1440
6172648000,r,1440
6172749000,r,1440
6172749000,r,1440
6172749000,r,1440
6172749000,r,1440
6172750000,r,1440
6172750000,r,1440
6172750000,r,1440
6172750000,r,1440
6172789000,r,1440
6172789000,r,1440
6172789000,r,1440
6172789000,r,1440
6172804000,s,1340
6172789000,r,1440
6172789000,r,1440
6172790000,r,1440
6172989000,s,1340
6173072000,s,1340
6173310000,s,1340
6173427000,s,1340
6173485000,r,1440
6173485000,r,1440
6173485000,r,1440
6173485000,r,1440
6173547000,s,1340
6173653000,s,1340
6173757000,s,1340
6173859000,s,1340
6173962000,s,1340
6174069000,s,1340
6174227000,s,1340
6174331000,s,1340
6174413000,s,1340
6174484000,s,1340
6174551000,s,1340
6174617000,s,1340
6174684000,s,1340
6174760000,s,1340
6174843000,s,1340
6174917000,s,1340
6174994000,s,1340
6175064000,s,1340
6175137000,s,1340
6175214000,s,1340
6175343000,s,1340
6175418000,s,1340
6176124000,s,1340
6176235000,s,1340
6176315000,s,1340
6176394000,s,1340
6176463000,s,1340
6176523000,s,1340
6176575000,s,1340
6176625000,s,1340
6176672000,s,1340
6176719000,s,1340
6176788000,s,1340
6176840000,s,1340
6176884000,s,1340
6176922000,s,1340
6176961000,s,1340
6176998000,s,1340
6177040000,s,1340
6177078000,s,1340
6177115000,s,1340
6177781000,s,1340
6177853000,s,1340
6178059000,s,1340
6178185000,s,1340
6178220000,s,1340
6178407000,s,1340
6178938000,s,1340
6179116000,s,1340
6179218000,s,1340
6179523000,s,1340
6179607000,s,1340
6179678000,s,1340
6179820000,s,1340
6180019000,s,1340
6180216000,s,1340
6180298000,s,1340
6180590000,s,1340
6180667000,s,1340
6180801000,s,1340
6181041000,s,1340
6181358000,s,1340
6181529000,s,1340
6181602000,s,1340
6181774000,s,1340
6181866000,s,1340
6181912000,s,1340
6182010000,s,1340
6182541000,r,1440
6182583000,s,1340
6182541000,r,1440
6182667000,s,1340
6182743000,s,1340
6182872000,s,1340
6183057000,s,1340
6184552000,r,1440
6184552000,r,1440
6184552000,r,1440
6184552000,r,1440
6184552000,r,1440
6184552000,r,1440
6184552000,r,1440
6184552000,r,1440
6184646000,r,1440
6184646000,r,1440
6184647000,r,1440
6184647000,r,1440
6184647000,r,1440
6185073000,s,1340
6185155000,s,1340
6185227000,s,1340
6185295000,s,1340
6185361000,s,1340
6185436000,s,1340
6185508000,s,1340
6185577000,s,1340
6185643000,s,1340
6185713000,s,1340
6185781000,s,1340
6185847000,s,1340
6185916000,s,1340
6185982000,s,1340
6186051000,s,1340
6186098000,r,1440
6186098000,r,1440
6186098000,r,1440
6186098000,r,1440
6186098000,r,1440
6186098000,r,1440
6186098000,r,1440
6186099000,r,1440
6186180000,r,1440
6186180000,r,1440
6186269000,s,1340
6186363000,s,1340
6186408000,r,1440
6186456000,s,1340
6186547000,s,1340
6186636000,s,1340
6186729000,s,1340
6186813000,s,1340
6186906000,s,1340
6186992000,s,1340
6187086000,s,1340
6187165000,s,1340
6187248000,s,1340
6187324000,s,1340
6187402000,s,1340
6187483000,s,1340
6187556000,s,1340
6187615000,s,1340
6187679000,s,1340
6187737000,s,1340
6187807000,s,1340
6187879000,s,1340
6187933000,r,1440
6187947000,s,1340
6188122000,s,1340
6188328000,s,1340
6188375000,s,1340
6188484000,s,1340
6188706000,s,1340
6188798000,s,1340
6188947000,s,1340
6189029000,s,1340
6189245000,s,1340
6189413000,s,1340
6189495000,s,1340
6189690000,s,1340
6189772000,s,1340
6189956000,s,1340
6190203000,s,1340
6190280000,s,1340
6190349000,s,1340
6190552000,s,1340
6190580000,s,1340
6190766000,s,1340
6190848000,s,1340
6190923000,s,1340
6191205000,s,1340
6191289000,s,1340
6191361000,s,1340
6191546000,s,1340
6191690000,s,1340
6191831000,s,1340
6191919000,s,1340
6192179000,s,1340
6192248000,s,1340
6192311000,s,1340
6192495000,s,1340
6192742000,s,1340
6192773000,s,1340
6192956000,s,1340
6193019000,s,1340
6193147000,s,1340
6193216000,s,1340
6194200000,s,1340
6194356000,s,1340
6194495000,s,1340
6194618000,s,1340
6194715000,s,1340
6194791000,s,1340
6195306000,s,1340
6195350000,s,1340
6196639000,s,1340
6196730000,s,1340
6198020000,s,1340
6198252000,s,1340
6198346000,s,1340
6198529000,s,1340
6198701000,s,1340
6198781000,s,1340
6199052000,s,1340
6199137000,s,1340
6199319000,s,1340
6199452000,s,1340
6199588000,s,1340
6199682000,s,1340
6199798000,s,1340
6199915000,s,1340
6199966000,s,1340
6200276000,s,1340
6200382000,s,1340
6200485000,s,1340
6200689000,s,1340
6211456000,s,1340
6211614000,s,1340
6211705000,s,1340
6211958000,s,1340
6212095000,s,1340
6212189000,s,1340
6212393000,s,1340
6212484000,s,1340
6212699000,s,1340
6212843000,s,1340
6212966000,s,1340
6213040000,s,1340
6213104000,s,1340
6213163000,s,1340
6213232000,s,1340
6213302000,s,1340
6213364000,s,1340
6213430000,s,1340
6213498000,s,1340
6213566000,s,1340
6213631000,s,1340
6213690000,s,1340
6213756000,s,1340
6213822000,s,1340
6213892000,s,1340
6214139000,s,1340
6214266000,s,1340
6214516000,s,1340
6214647000,s,1340
6214905000,s,1340
6215036000,s,1340
6215235000,s,1340
6215358000,s,1340
6215602000,s,1340
6215725000,s,1340
6215840000,s,1340
6215973000,s,1340
6220177000,s,1340
6220305000,s,1340
6220407000,s,1340
6220502000,s,1340
6220605000,s,1340
6220711000,s,1340
6220820000,s,1340
6220914000,s,1340
6221010000,s,1340
6221241000,s,1340
6221545000,s,1340
6221663000,s,1340
6221768000,s,1340
6222027000,s,1340
6222214000,s,1340
6222367000,s,1340
6222481000,s,1340
6222669000,s,1340
6222778000,s,1340
6223133000,s,1340
6223401000,s,1340
6223514000,s,1340
6223684000,s,1340
6223813000,s,1340
6223925000,s,1340
6224044000,s,1340
6224415000,s,1340
6224481000,s,1340
6224699000,s,1340
6224849000,s,1340
6224973000,s,1340
6225232000,s,1340
6225403000,s,1340
6225522000,s,1340
6225768000,s,1340
6226181000,s,1340
6226243000,s,1340
6226590000,s,1340
6226653000,s,1340
6227550000,s,1340
6227580000,r,1440
6227691000,s,1340
6227988000,s,1340
6228073000,s,1340
6228291000,s,1340
6228641000,s,1340
6228725000,s,1340
6228817000,s,1340
6229018000,s,1340
6229148000,s,1340
6229229000,s,1340
6229375000,s,1340
6229528000,s,1340
6229619000,s,1340
6230116000,r,1440
6230117000,r,1440
6230117000,r,1440
6230640000,s,1340
6230757000,s,1340
6230867000,s,1340
6241468000,s,1340
6304232000,s,1340
6305218000,s,1340
6318994000,r,1440
7214800000,r,1440
7214801000,r,1440
7214801000,r,1440
7218192000,s,1340
7218518000,s,1340
7218673000,s,1340
7218822000,s,1340
7223816000,r,1440
7223817000,r,1440
7225458000,s,1340
7235638000,s,1340
10282359000,r,1440
11096607000,s,1340
11106317000,r,1440
11106318000,r,1440
11109083000,s,1340
11109468000,s,1340
11119666000,s,1340
11120287000,s,1340
11120543000,s,1340
11120858000,s,1340
11121546000,s,1340
11122156000,s,1340
11122439000,s,1340
11122643000,s,1340
11123266000,s,1340
11123560000,s,1340
11123886000,s,1340
11124663000,s,1340
11124947000,s,1340
11125212000,s,1340
11125454000,s,1340
11125719000,s,1340
11125965000,s,1340
11126338000,s,1340
11126573000,s,1340
11126740000,s,1340
11126905000,s,1340
11127071000,s,1340
11127227000,s,1340
11127391000,s,1340
11127559000,s,1340
11127806000,s,1340
11128222000,s,1340
11128470000,s,1340
11128709000,s,1340
11128978000,s,1340
11129236000,s,1340
11129504000,s,1340
11129769000,s,1340
11130004000,s,1340
11130237000,s,1340
11130420000,s,1340
11130593000,s,1340
11130750000,s,1340
11130929000,s,1340
11131105000,s,1340
11131276000,s,1340
11131445000,s,1340
11131619000,s,1340
11131805000,s,1340
11132005000,s,1340
11132676000,s,1340
11132875000,s,1340
11133086000,s,1340
11133338000,s,1340
11133592000,s,1340
11133851000,s,1340
11135170000,s,1340
11135513000,s,1340
11136318000,s,1340
11136609000,s,1340
11136888000,s,1340
11137794000,s,1340
11138353000,s,1340
11138639000,s,1340
11138911000,s,1340
11140059000,s,1340
11140367000,s,1340
11140640000,s,1340
11140878000,s,1340
11141128000,s,1340
11142919000,s,1340
11143217000,s,1340
11143477000,s,1340
11143740000,s,1340
11143977000,s,1340
11144240000,s,1340
11144498000,s,1340
11146031000,s,1340
11147502000,s,1340
11147802000,s,1340
11148071000,s,1340
11148315000,s,1340
11148565000,s,1340
11148813000,s,1340
11149066000,s,1340
11149310000,s,1340
11149568000,s,1340
11149838000,s,1340
11150220000,s,1340
11150489000,s,1340
11150750000,s,1340
11151012000,s,1340
11151289000,s,1340
11151538000,s,1340
11151802000,s,1340
11152055000,s,1340
11152318000,s,1340
11157560000,s,1340
11670225000,r,1440
11670226000,r,1440
11670226000,r,1440
11670227000,r,1440
11670227000,r,1440
11670228000,r,1440
11670228000,r,1440
11670229000,r,1440
11670772000,r,1440
11670773000,r,1440
11673690000,s,1340
11674743000,s,1340
11675141000,s,1340
11675455000,s,1340
11675741000,s,1340
11676006000,s,1340
11676276000,s,1340
11676484000,s,1340
11676675000,s,1340
11676936000,s,1340
11677224000,s,1340
11677426000,s,1340
11677693000,s,1340
11678804000,s,1340
11679032000,s,1340
11679205000,s,1340
11679390000,s,1340
11679537000,s,1340
11679785000,s,1340
11680051000,s,1340
11680317000,s,1340
11680733000,s,1340
11680979000,s,1340
11681277000,s,1340
11681531000,s,1340
11681875000,s,1340
11682310000,s,1340
11682581000,s,1340
11682828000,s,1340
11683091000,s,1340
11683352000,s,1340
11683590000,s,1340
11683831000,s,1340
11685060000,s,1340
11685407000,s,1340
11685684000,s,1340
11686189000,r,1440
11686326000,s,1340
11686189000,r,1440
11686701000,s,1340
11687724000,s,1340
11688129000,s,1340
11688352000,s,1340
11688458000,r,1440
11688552000,s,1340
11688458000,r,1440
11688459000,r,1440
11688459000,r,1440
11688460000,r,1440
11688460000,r,1440
11688838000,s,1340
11688461000,r,1440
11688461000,r,1440
11689093000,s,1340
11689420000,s,1340
11689736000,s,1340
11689938000,s,1340
11690246000,s,1340
11690547000,s,1340
11690787000,s,1340
11691093000,s,1340
11691377000,s,1340
11691641000,s,1340
11691963000,s,1340
11692259000,s,1340
11692516000,s,1340
11692787000,s,1340
11692841000,r,1440
11692841000,r,1440
11692842000,r,1440
11693083000,s,1340
11693316000,s,1340
11693534000,s,1340
11693760000,s,1340
11694172000,s,1340
11694470000,s,1340
11694737000,s,1340
11695035000,s,1340
11695312000,s,1340
11695571000,s,1340
11695833000,s,1340
11696119000,s,1340
11696407000,s,1340
11696687000,s,1340
11696948000,s,1340
11697294000,s,1340
11697821000,s,1340
11698169000,r,1440
11698243000,s,1340
11698170000,r,1440
11698803000,s,1340
11698809000,r,1440
11698809000,r,1440
11698810000,r,1440
11698810000,r,1440
11698811000,r,1440
11699114000,s,1340
11699426000,s,1340
11699698000,s,1340
11699990000,s,1340
11700272000,s,1340
11700578000,s,1340
11700875000,s,1340
11701172000,s,1340
11701488000,s,1340
11701786000,s,1340
11702175000,s,1340
11703022000,s,1340
11703512000,s,1340
11703822000,s,1340
11704312000,s,1340
11705123000,s,1340
11705407000,s,1340
11705710000,s,1340
11706580000,s,1340
11706868000,s,1340
11707116000,s,1340
11707604000,s,1340
11707909000,s,1340
11708176000,s,1340
11708727000,s,1340
11709011000,s,1340
11709283000,s,1340
11711128000,s,1340
11711461000,s,1340
11711762000,s,1340
11713113000,r,1440
11713113000,r,1440
11713114000,r,1440
11713114000,r,1440
11713115000,r,1440
11713115000,r,1440
11713384000,s,1340
11713116000,r,1440
11713116000,r,1440
11713483000,r,1440
11713484000,r,1440
11713484000,r,1440
11713485000,r,1440
11713485000,r,1440
11713486000,r,1440
11715373000,r,1440
11715419000,s,1340
11715374000,r,1440
11715374000,r,1440
11715375000,r,1440
11715375000,r,1440
11715376000,r,1440
11715847000,s,1340
11716061000,s,1340
11716268000,s,1340
11716473000,s,1340
11716654000,s,1340
11716840000,s,1340
11717049000,s,1340
11717281000,s,1340
11717485000,s,1340
11717666000,s,1340
11717876000,s,1340
11718195000,s,1340
11718420000,s,1340
11718624000,s,1340
11718867000,s,1340
11719122000,s,1340
11719399000,s,1340
11719701000,s,1340
11719970000,s,1340
11720282000,s,1340
11720638000,s,1340
11720922000,s,1340
11721182000,s,1340
11721457000,s,1340
11721505000,r,1440
11721505000,r,1440
11721506000,r,1440
11721506000,r,1440
11721507000,r,1440
11721507000,r,1440
11721748000,s,1340
11722043000,s,1340
11722452000,s,1340
11722802000,s,1340
11723103000,s,1340
11723387000,s,1340
11723663000,s,1340
11723925000,s,1340
11724201000,s,1340
11724456000,s,1340
11724727000,s,1340
11724996000,s,1340
11725271000,s,1340
11725549000,s,1340
11725820000,s,1340
11726151000,r,1440
11726169000,s,1340
11726151000,r,1440
11726469000,s,1340
11726753000,s,1340
11727037000,s,1340
11727316000,s,1340
11727626000,s,1340
11727898000,s,1340
11728108000,s,1340
11728298000,s,1340
11728495000,s,1340
11728761000,s,1340
11728936000,s,1340
11729095000,s,1340
11729261000,s,1340
11729524000,s,1340
11729891000,s,1340
11730294000,s,1340
11730552000,s,1340
11730810000,s,1340
11731048000,s,1340
11731324000,s,1340
11731559000,s,1340
11731789000,s,1340
11732022000,s,1340
11736506000,s,1340
11738175000,r,1440
11738176000,r,1440
11740386000,s,1340
11742181000,r,1440
11742182000,r,1440
11742182000,r,1440
11742183000,r,1440
11742183000,r,1440
11742184000,r,1440
11744268000,s,1340
11744907000,s,1340
11745073000,s,1340
11745679000,s,1340
11756609000,s,1340
11756796000,r,1440
11762154000,r,1440
11762155000,r,1440
11762155000,r,1440
11762156000,r,1440
11762156000,r,1440
11763901000,s,1340
11765546000,s,1340
11766781000,s,1340
11768620000,s,1340
11768930000,s,1340
11769136000,s,1340
11769284000,s,1340
11771360000,s,1340
11771701000,s,1340
11771891000,s,1340
11772016000,s,1340
11772241000,s,1340
11772450000,s,1340
11773244000,s,1340
11773455000,s,1340
11774494000,s,1340
11774783000,s,1340
11775035000,s,1340
11775284000,s,1340
11775520000,s,1340
11776458000,s,1340
11777147000,s,1340
11777687000,s,1340
11777965000,s,1340
11780310000,s,1340
11780599000,s,1340
11780858000,s,1340
11781308000,s,1340
11781596000,s,1340
11781860000,s,1340
11782226000,s,1340
11782501000,s,1340
11782770000,s,1340
11783077000,s,1340
11783425000,s,1340
11783687000,s,1340
11783956000,s,1340
11784194000,s,1340
11784424000,s,1340
11784666000,s,1340
11784926000,s,1340
11785175000,s,1340
11785426000,s,1340
11785418000,r,1440
11785419000,r,1440
11785682000,s,1340
11785980000,s,1340
11786378000,s,1340
11786693000,s,1340
11786997000,s,1340
11787295000,s,1340
11787570000,s,1340
11787855000,s,1340
11788153000,s,1340
11788441000,s,1340
11788729000,s,1340
11789278000,s,1340
11789607000,s,1340
11789901000,s,1340
11790110000,r,1440
11790332000,s,1340
11790640000,s,1340
11790954000,s,1340
11791756000,s,1340
11792086000,s,1340
11792426000,s,1340
11792939000,s,1340
11793254000,s,1340
11793559000,s,1340
11793865000,s,1340
11794282000,s,1340
11794613000,s,1340
11794918000,s,1340
11795217000,s,1340
11795739000,s,1340
11796065000,s,1340
11796383000,s,1340
11796684000,s,1340
11796949000,s,1340
11797239000,s,1340
11797554000,s,1340
11797878000,s,1340
11798427000,s,1340
11799637000,s,1340
11799858000,s,1340
11800040000,s,1340
11800179000,s,1340
11800356000,s,1340
11800838000,s,1340
11801103000,s,1340
11801365000,s,1340
11801569000,s,1340
11801764000,s,1340
11801979000,s,1340
11802267000,s,1340
11802470000,s,1340
11802662000,s,1340
11802854000,s,1340
11803069000,s,1340
11803249000,s,1340
11803393000,s,1340
11803578000,s,1340
11803777000,s,1340
11804045000,s,1340
11804305000,s,1340
11804560000,s,1340
11804798000,s,1340
11805046000,s,1340
11805283000,s,1340
11805515000,s,1340
11805756000,s,1340
11805987000,s,1340
11806339000,s,1340
11806591000,s,1340
11806840000,s,1340
11807085000,s,1340
11807468000,s,1340
11807737000,s,1340
11808008000,s,1340
11808261000,s,1340
11808672000,s,1340
11808974000,s,1340
11809659000,s,1340
11809928000,s,1340
11810335000,s,1340
11810475000,s,1340
11810863000,s,1340
11811077000,s,1340
11811487000,s,1340
11811694000,s,1340
11811898000,s,1340
11812083000,s,1340
11812272000,s,1340
11812443000,s,1340
11812613000,s,1340
11812775000,s,1340
11812943000,s,1340
11813113000,s,1340
11813266000,s,1340
11813426000,s,1340
11813590000,s,1340
11813747000,s,1340
11813903000,s,1340
11814059000,s,1340
11814513000,s,1340
11814676000,s,1340
11814850000,s,1340
11814964000,s,1340
11815067000,s,1340
11815170000,s,1340
11815267000,s,1340
11815363000,s,1340
11815461000,s,1340
11815559000,s,1340
11815664000,s,1340
11815785000,s,1340
11815911000,s,1340
11816048000,s,1340
11816231000,s,1340
11816429000,s,1340
11816612000,s,1340
11816794000,s,1340
11816989000,s,1340
11817173000,s,1340
11817356000,s,1340
11817529000,s,1340
11817715000,s,1340
11817896000,s,1340
11818148000,s,1340
11818334000,s,1340
11818521000,s,1340
11818683000,s,1340
11818838000,s,1340
11819009000,s,1340
11819176000,s,1340
11819348000,s,1340
11819525000,s,1340
11819700000,s,1340
11819856000,s,1340
11820010000,s,1340
11820187000,s,1340
11820363000,s,1340
11820537000,s,1340
11820718000,s,1340
11820930000,s,1340
11825908000,s,1340
16300394000,s,1340
16339449000,s,1340
16340212000,s,1340
17098391000,s,1340
17100766000,s,1340
17101178000,s,1340
17120491000,r,1440
17122103000,r,1440
17122908000,s,1340
17123067000,s,1340
17123194000,s,1340
17123312000,s,1340
17123739000,s,1340
17123879000,s,1340
17124161000,r,1440
17124951000,s,1340
17125629000,r,1440
17125629000,r,1440
17126778000,s,1340
17134717000,s,1340
19402606000,r,1440
19402606000,r,1440
19402607000,r,1440
19402607000,r,1440
19402608000,r,1440
19402608000,r,1440
19404969000,s,1340
19405725000,s,1340
19406273000,s,1340
21754561000,r,1440
21754561000,r,1440
21754562000,r,1440
21754562000,r,1440
21754563000,r,1440
21754563000,r,1440
21754564000,r,1440
21754564000,r,1440
21755243000,r,1440
21755243000,r,1440
21755244000,r,1440
21758980000,s,1340
21759413000,s,1340
21759615000,s,1340
21759875000,s,1340
21760979000,s,1340
21769116000,s,1340
21773869000,r,1440
21773870000,r,1440
24515972000,r,1440
24515973000,r,1440
24515973000,r,1440
24515974000,r,1440
24515974000,r,1440
24519554000,s,1340
24519979000,s,1340
24534317000,r,1440
24534318000,r,1440
24534318000,r,1440
24536422000,s,1340
24536568000,r,1440
24537256000,r,1440
24538491000,s,1340