0,s,1340
35170000,s,1340
35600000,s,1340
54310000,r,1440
56413000,r,1440
60402000,r,1440
60402000,r,1440
60402000,r,1440
61560000,r,1440
61561000,r,1440
62714000,s,1340
63099000,s,1340
2175679000,s,1340
2215085000,s,1340
2215502000,s,1340
2215582000,s,1340
2215603000,s,1340
2233624000,r,1440
2233624000,r,1440
2233624000,r,1440
2233859000,r,1440
2235820000,s,1340
2236609000,s,1340
2237586000,s,1340
2246078000,s,1340
2248337000,r,1440
2250447000,s,1340
2251077000,s,1340
2251213000,s,1340
2251365000,s,1340
2251705000,s,1340
2251825000,s,1340
2251988000,s,1340
2252424000,s,1340
2252622000,s,1340
2252736000,s,1340
2252833000,s,1340
2252937000,s,1340
2253045000,s,1340
2253886000,s,1340
2254019000,s,1340
2254130000,s,1340
2254238000,s,1340
2254345000,s,1340
2254768000,s,1340
2254901000,s,1340
2254984000,s,1340
2255181000,s,1340
2255286000,s,1340
2255408000,s,1340
2255573000,s,1340
2255634000,s,1340
2255705000,s,1340
2256351000,s,1340
2256429000,s,1340
2256580000,s,1340
2256695000,s,1340
2256767000,s,1340
2257119000,s,1340
2257375000,s,1340
2257697000,s,1340
2257947000,s,1340
2258097000,s,1340
2258224000,s,1340
2258557000,s,1340
2258706000,s,1340
2258887000,s,1340
2259041000,s,1340
2259233000,s,1340
2259273000,s,1340
2259379000,s,1340
2259584000,s,1340
2259794000,s,1340
2259889000,s,1340
2261234000,s,1340
2261289000,s,1340
2261304000,s,1340
2261316000,s,1340
2261328000,s,1340
2261876000,s,1340
2262010000,s,1340
2262133000,s,1340
2262489000,r,1440
2262508000,s,1340
2262547000,s,1340
2262563000,s,1340
2262624000,s,1340
2262827000,s,1340
2262870000,s,1340
2262981000,s,1340
2263044000,s,1340
2263123000,s,1340
2263190000,s,1340
2263367000,s,1340
2263545000,s,1340
2263735000,s,1340
2263874000,s,1340
2263933000,s,1340
2263974000,s,1340
2264280000,r,1440
2264334000,s,1340
2264411000,s,1340
2264619000,s,1340
2264891000,s,1340
2264929000,s,1340
2264992000,s,1340
2265044000,s,1340
2265087000,s,1340
2265154000,s,1340
2265354000,s,1340
2265422000,r,1440
2265422000,r,1440
2265513000,s,1340
2265625000,s,1340
2265704000,s,1340
2268081000,s,1340
2268345000,r,1440
2268345000,r,1440
2268345000,r,1440
2268345000,r,1440
2268784000,s,1340
2268985000,s,1340
2270100000,s,1340
2270683000,s,1340
2271292000,s,1340
2274490000,r,1440
2275467000,r,1440
2275468000,r,1440
2275905000,s,1340
2276609000,r,1440
2279175000,s,1340
2280185000,r,1440
2280752000,s,1340
2281262000,s,1340
2281394000,s,1340
2281508000,s,1340
2281601000,s,1340
2281780000,r,1440
2282230000,s,1340
2282511000,s,1340
2282546000,s,1340
2282626000,s,1340
2282691000,s,1340
2283922000,s,1340
2283989000,r,1440
2283989000,r,1440
2284148000,s,1340
2284198000,s,1340
2284250000,s,1340
2284275000,s,1340
2285068000,s,1340
2285294000,s,1340
2285396000,s,1340
2285764000,s,1340
2285946000,s,1340
2286413000,s,1340
2286539000,s,1340
2286650000,s,1340
2286755000,s,1340
2286858000,s,1340
2287101000,s,1340
2287237000,s,1340
2287307000,s,1340
2287368000,s,1340
2287425000,s,1340
2287485000,s,1340
2287546000,s,1340
2287751000,s,1340
2287904000,s,1340
2288166000,s,1340
2288448000,s,1340
2288583000,s,1340
2288681000,s,1340
2288781000,s,1340
2289065000,s,1340
2289126000,s,1340
2289200000,s,1340
2289309000,s,1340
2289421000,s,1340
2289516000,s,1340
2289707000,s,1340
2289903000,s,1340
2290190000,s,1340
2290364000,s,1340
2290447000,s,1340
2290632000,s,1340
2290805000,s,1340
2291171000,s,1340
2291341000,s,1340
2291503000,r,1440
2291612000,s,1340
2291701000,s,1340
2291739000,s,1340
2291763000,s,1340
2292038000,s,1340
2292258000,s,1340
2292377000,s,1340
2292617000,s,1340
2292727000,s,1340
2293132000,s,1340
2293171000,s,1340
2293349000,s,1340
2293400000,s,1340
2293595000,s,1340
2293682000,s,1340
2293988000,s,1340
2294016000,s,1340
2294100000,s,1340
2294359000,s,1340
2294471000,s,1340
2294862000,s,1340
2294993000,s,1340
2295105000,s,1340
2295212000,s,1340
2295494000,s,1340
2295708000,s,1340
2295994000,s,1340
2296112000,s,1340
2296156000,r,1440
2296220000,s,1340
2296157000,r,1440
2296157000,r,1440
2296369000,s,1340
2296666000,s,1340
2296791000,s,1340
2296888000,s,1340
2296981000,s,1340
2297076000,s,1340
2297344000,r,1440
2297541000,s,1340
2297705000,s,1340
2299483000,r,1440
2299858000,r,1440
2300321000,r,1440
2300365000,s,1340
2300426000,s,1340
2300444000,s,1340
2301593000,r,1440
2301593000,r,1440
2301593000,r,1440
2301593000,r,1440
2302205000,s,1340
2302262000,s,1340
2302627000,s,1340
2302841000,s,1340
2302900000,s,1340
2302981000,s,1340
2303050000,s,1340
2303107000,s,1340
2303168000,s,1340
2303230000,s,1340
2304054000,s,1340
2304194000,s,1340
2304357000,r,1440
2304370000,s,1340
2304357000,r,1440
2304357000,r,1440
2304357000,r,1440
2304358000,r,1440
2304358000,r,1440
2304358000,r,1440
2304358000,r,1440
2304448000,r,1440
2304496000,s,1340
2304615000,s,1340
2304755000,s,1340
2304863000,s,1340
2304991000,s,1340
2305115000,s,1340
2305235000,s,1340
2305355000,s,1340
2305481000,s,1340
2305597000,s,1340
2305715000,s,1340
2305815000,s,1340
2305913000,s,1340
2306005000,s,1340
2306207000,s,1340
2306324000,s,1340
2306612000,s,1340
2306823000,s,1340
2307112000,s,1340
2307223000,s,1340
2307339000,s,1340
2307448000,s,1340
2307626000,s,1340
2307857000,s,1340
2307963000,s,1340
2308093000,s,1340
2308165000,s,1340
2308361000,s,1340
2308500000,s,1340
2308577000,s,1340
2308631000,s,1340
2309035000,s,1340
2309122000,s,1340
2309737000,s,1340
2309942000,s,1340
2310741000,s,1340
2310877000,s,1340
2310937000,s,1340
2311351000,s,1340
2311528000,s,1340
2311547000,s,1340
2312560000,s,1340
2312596000,s,1340
2312777000,r,1440
2312933000,s,1340
2313020000,s,1340
2313372000,s,1340
2313713000,s,1340
2313823000,s,1340
2314007000,s,1340
2314127000,s,1340
2314479000,s,1340
2314553000,s,1340
2314619000,s,1340
2314710000,s,1340
2314781000,s,1340
2314885000,s,1340
2315010000,s,1340
2315346000,s,1340
2315680000,r,1440
2315680000,r,1440
2315967000,r,1440
2315967000,r,1440
2316162000,s,1340
2316244000,s,1340
2316262000,s,1340
2326200000,s,1340
2328533000,s,1340
2329396000,s,1340
2329438000,s,1340
2329929000,s,1340
2332818000,s,1340
2335017000,s,1340
2335834000,s,1340
2337280000,s,1340
2339858000,r,1440
2341952000,r,1440
2342206000,r,1440
2342206000,r,1440
2342588000,s,1340
2343190000,r,1440
2343612000,s,1340
2344787000,r,1440
2344787000,r,1440
2344787000,r,1440
2344787000,r,1440
2344787000,r,1440
2344787000,r,1440
2344787000,r,1440
2344787000,r,1440
2344866000,r,1440
2344866000,r,1440
2344867000,r,1440
2344867000,r,1440
2344867000,r,1440
2345170000,s,1340
2345232000,s,1340
2345409000,s,1340
2345567000,s,1340
2345631000,s,1340
2345856000,s,1340
2346058000,s,1340
2346093000,s,1340
2346151000,s,1340
2346150000,r,1440
2346197000,s,1340
2346150000,r,1440
2346150000,r,1440
2346150000,r,1440
2346151000,r,1440
2346151000,r,1440
2346373000,s,1340
2346438000,s,1340
2346515000,s,1340
2346593000,s,1340
2346733000,s,1340
2346815000,s,1340
2346879000,s,1340
2346952000,s,1340
2347004000,s,1340
2349997000,s,1340
2350272000,s,1340
2350455000,s,1340
2350583000,s,1340
2350669000,s,1340
2350857000,s,1340
2350995000,s,1340
2351263000,s,1340
2351356000,s,1340
2351531000,s,1340
2351710000,s,1340
2351863000,s,1340
2352061000,s,1340
2352226000,s,1340
2352422000,s,1340
2352606000,s,1340
2352749000,s,1340
2352921000,s,1340
2353060000,s,1340
2353149000,s,1340
2353351000,s,1340
2353424000,s,1340
2353612000,s,1340
2353755000,s,1340
2353900000,s,1340
2354059000,s,1340
2354228000,s,1340
2354337000,s,1340
2354516000,s,1340
2354627000,s,1340
2354711000,r,1440
2354746000,s,1340
2354931000,s,1340
2355561000,s,1340
2355620000,s,1340
2355704000,s,1340
2355792000,s,1340
2356315000,r,1440
2356502000,s,1340
2356606000,s,1340
2356784000,s,1340
2357736000,s,1340
2357944000,s,1340
2358072000,s,1340
2358133000,s,1340
2358176000,s,1340
2358338000,r,1440
2358338000,r,1440
2358338000,r,1440
2358339000,r,1440
2358339000,r,1440
2358339000,r,1440
2358339000,r,1440
2358339000,r,1440
2358418000,r,1440
2358418000,r,1440
2358419000,r,1440
2358419000,r,1440
2358520000,r,1440
2358520000,r,1440
2358520000,r,1440
2358536000,s,1340
2358667000,s,1340
2358777000,s,1340
2358876000,s,1340
2358987000,s,1340
2359083000,s,1340
2359186000,s,1340
2359280000,s,1340
2359470000,s,1340
2359578000,s,1340
2359662000,s,1340
2359755000,s,1340
2359855000,s,1340
2359960000,s,1340
2360062000,s,1340
2360152000,s,1340
2360241000,s,1340
2360443000,s,1340
2360606000,s,1340
2360771000,s,1340
2360843000,s,1340
2360913000,s,1340
2361015000,s,1340
2361178000,s,1340
2361328000,s,1340
2361475000,s,1340
2361529000,r,1440
2361529000,r,1440
2361529000,r,1440
2361584000,s,1340
2361529000,r,1440
2361529000,r,1440
2361530000,r,1440
2361702000,s,1340
2361873000,s,1340
2362137000,s,1340
2362545000,s,1340
2362791000,s,1340
2362855000,r,1440
2362874000,s,1340
2362856000,r,1440
2362856000,r,1440
2362856000,r,1440
2362856000,r,1440
2362856000,r,1440
2362856000,r,1440
2362856000,r,1440
2362950000,s,1340
2362957000,r,1440
2363024000,s,1340
2363088000,s,1340
2363289000,s,1340
2363425000,s,1340
2363778000,s,1340
2363864000,s,1340
2363933000,s,1340
2363997000,s,1340
2364061000,s,1340
2364108000,s,1340
2364140000,r,1440
2364150000,s,1340
2364140000,r,1440
2364140000,r,1440
2364140000,r,1440
2364216000,s,1340
2364140000,r,1440
2364140000,r,1440
2364286000,s,1340
2364874000,s,1340
2364945000,s,1340
2364971000,s,1340
2364990000,s,1340
2365006000,s,1340
2365022000,s,1340
2365037000,s,1340
2365053000,s,1340
2365069000,s,1340
2365159000,s,1340
2365267000,s,1340
2365342000,s,1340
2365442000,s,1340
2365523000,s,1340
2365577000,s,1340
2366264000,s,1340
2366371000,s,1340
2366433000,s,1340
2366816000,s,1340
2366885000,s,1340
2367166000,s,1340
2367348000,r,1440
2367349000,r,1440
2367349000,r,1440
2367759000,s,1340
2368041000,s,1340
2368136000,s,1340
2368187000,s,1340
2368202000,s,1340
2368442000,s,1340
2368608000,s,1340
2368704000,s,1340
2368793000,s,1340
2368800000,r,1440
2368800000,r,1440
2368800000,r,1440
2368800000,r,1440
2368800000,r,1440
2368801000,r,1440
2368911000,s,1340
2369064000,s,1340
2369301000,s,1340
2369410000,s,1340
2369522000,s,1340
2369621000,s,1340
2370603000,s,1340
2370783000,s,1340
2371955000,r,1440
2371955000,r,1440
2371956000,r,1440
2371956000,r,1440
2371956000,r,1440
2371956000,r,1440
2371956000,r,1440
2372277000,r,1440
2372277000,r,1440
2372278000,r,1440
2372521000,s,1340
2372628000,s,1340
2372705000,r,1440
2372705000,r,1440
2372705000,r,1440
2372705000,r,1440
2372705000,r,1440
2372705000,r,1440
2372793000,r,1440
2372793000,r,1440
2372793000,r,1440
2372859000,s,1340
2372962000,s,1340
2373040000,s,1340
2373122000,s,1340
2373203000,s,1340
2373301000,s,1340
2373401000,s,1340
2373509000,s,1340
2373627000,s,1340
2373721000,s,1340
2373816000,s,1340
2373903000,s,1340
2373993000,s,1340
2374081000,s,1340
2374175000,s,1340
2374263000,s,1340
2374351000,s,1340
2374421000,s,1340
2374518000,s,1340
2374607000,s,1340
2374682000,s,1340
2374767000,s,1340
2374842000,r,1440
2374847000,s,1340
2374842000,r,1440
2374842000,r,1440
2374843000,r,1440
2374843000,r,1440
2374843000,r,1440
2374843000,r,1440
2374843000,r,1440
2374917000,r,1440
2374917000,r,1440
2374998000,r,1440
2374998000,r,1440
2374998000,r,1440
2374998000,r,1440
2374999000,r,1440
2374999000,r,1440
2374999000,r,1440
2374999000,r,1440
2375057000,r,1440
2375081000,s,1340
2375181000,s,1340
2375255000,s,1340
2375358000,s,1340
2375436000,s,1340
2375514000,s,1340
2375591000,s,1340
2375667000,s,1340
2375735000,s,1340
2375822000,s,1340
2375907000,s,1340
2375996000,s,1340
2376093000,s,1340
2376177000,s,1340
2376255000,s,1340
2376479000,s,1340
2376567000,s,1340
2376646000,s,1340
2376722000,s,1340
2376790000,s,1340
2376999000,s,1340
2377170000,s,1340
2377174000,r,1440
2377174000,r,1440
2377174000,r,1440
2377174000,r,1440
2377175000,r,1440
2377175000,r,1440
2377175000,r,1440
2377175000,r,1440
2377285000,r,1440
2377285000,r,1440
2377285000,r,1440
2377285000,r,1440
2377286000,r,1440
2377361000,s,1340
2377531000,s,1340
2377654000,s,1340
2377773000,s,1340
2377896000,s,1340
2378010000,s,1340
2378169000,s,1340
2378289000,s,1340
2378515000,s,1340
2378658000,s,1340
2378792000,s,1340
2378928000,s,1340
2379290000,s,1340
2379346000,s,1340
2379392000,s,1340
2379417000,s,1340
2379503000,s,1340
2379541000,s,1340
2379561000,s,1340
2379603000,s,1340
2379771000,s,1340
2379801000,s,1340
2380014000,s,1340
2380088000,s,1340
2380242000,s,1340
2380574000,s,1340
2380675000,s,1340
2380963000,s,1340
2381056000,s,1340
2381108000,s,1340
2381341000,s,1340
2381583000,s,1340
2381676000,s,1340
2381841000,s,1340
2382026000,s,1340
2382372000,s,1340
2382623000,s,1340
2382691000,s,1340
2382878000,s,1340
2382966000,r,1440
2382966000,r,1440
2382966000,r,1440
2383150000,s,1340
2383159000,r,1440
2383159000,r,1440
2383159000,r,1440
2383373000,s,1340
2383530000,r,1440
2383530000,r,1440
2383530000,r,1440
2383530000,r,1440
2383606000,s,1340
2383530000,r,1440
2383530000,r,1440
2383531000,r,1440
2383531000,r,1440
2383643000,r,1440
2383779000,s,1340
2383945000,s,1340
2383988000,s,1340
2384007000,s,1340
2384022000,s,1340
2384216000,s,1340
2384374000,s,1340
2384496000,s,1340
2384575000,s,1340
2384655000,s,1340
2384736000,s,1340
2384827000,s,1340
2384890000,s,1340
2384973000,s,1340
2385000000,s,1340
2385085000,r,1440
2385085000,r,1440
2385086000,r,1440
2385086000,r,1440
2385217000,s,1340
2385280000,s,1340
2385337000,s,1340
2385430000,s,1340
2385459000,s,1340
2385477000,s,1340
2385551000,s,1340
2385576000,s,1340
2385686000,s,1340
2385809000,s,1340
2386150000,s,1340
2386249000,s,1340
2386451000,s,1340
2386601000,s,1340
2386697000,s,1340
2386993000,s,1340
2387116000,s,1340
2387207000,s,1340
2387332000,s,1340
2387569000,s,1340
2387757000,s,1340
2387853000,s,1340
2388008000,s,1340
2388211000,s,1340
2388448000,s,1340
2388527000,s,1340
2388569000,s,1340
2389813000,r,1440
2389813000,r,1440
2389813000,r,1440
2389813000,r,1440
2389814000,r,1440
2389814000,r,1440
2389814000,r,1440
2389814000,r,1440
2389886000,s,1340
2389897000,r,1440
2389972000,s,1340
2390025000,s,1340
2390251000,s,1340
2390476000,s,1340
2390573000,s,1340
2390664000,s,1340
2390749000,s,1340
2390844000,s,1340
2391189000,s,1340
2391380000,s,1340
2391646000,s,1340
2391731000,s,1340
2391846000,r,1440
2391846000,r,1440
2391846000,r,1440
2391846000,r,1440
2391847000,r,1440
2391847000,r,1440
2391937000,s,1340
2391847000,r,1440
2391847000,r,1440
2391968000,r,1440
2391968000,r,1440
2391968000,r,1440
2391968000,r,1440
2391968000,r,1440
2391968000,r,1440
2392035000,s,1340
2392100000,s,1340
2392164000,s,1340
2392254000,s,1340
2392386000,s,1340
2392428000,r,1440
2392428000,r,1440
2392428000,r,1440
2392481000,s,1340
2392571000,s,1340
2392591000,r,1440
2392591000,r,1440
2392591000,r,1440
2392591000,r,1440
2392592000,r,1440
2392592000,r,1440
2392592000,r,1440
2392592000,r,1440
2392660000,r,1440
2392670000,s,1340
2392753000,s,1340
2392840000,s,1340
2392841000,r,1440
2392841000,r,1440
2392841000,r,1440
2392958000,s,1340
2393100000,s,1340
2393160000,s,1340
2393191000,s,1340
2393497000,s,1340
2393551000,s,1340
2393573000,s,1340
2393611000,s,1340
2393643000,s,1340
2393676000,s,1340
2394003000,s,1340
2394109000,s,1340
2394150000,r,1440
2394151000,r,1440
2394151000,r,1440
2394200000,s,1340
2394151000,r,1440
2394151000,r,1440
2394151000,r,1440
2394151000,r,1440
2394151000,r,1440
2394229000,r,1440
2394229000,r,1440
2394229000,r,1440
2394229000,r,1440
2394253000,r,1440
2394254000,r,1440
2394254000,r,1440
2394254000,r,1440
2394254000,r,1440
2394254000,r,1440
2394301000,s,1340
2394393000,s,1340
2394480000,r,1440
2394480000,r,1440
2394488000,s,1340
2394480000,r,1440
2394579000,s,1340
2394665000,s,1340
2394752000,s,1340
2394848000,s,1340
2394882000,r,1440
2394882000,r,1440
2394882000,r,1440
2394882000,r,1440
2394882000,r,1440
2394882000,r,1440
2394941000,s,1340
2395029000,s,1340
2395102000,r,1440
2395118000,s,1340
2395102000,r,1440
2395102000,r,1440
2395189000,s,1340
2395256000,s,1340
2395344000,s,1340
2395411000,s,1340
2395493000,s,1340
2395576000,s,1340
2395639000,s,1340
2395695000,s,1340
2395922000,s,1340
2395955000,s,1340
2395968000,s,1340
2395978000,s,1340
2396134000,s,1340
2396255000,s,1340
2396484000,s,1340
2396509000,r,1440
2396572000,s,1340
2396509000,r,1440
2396509000,r,1440
2396509000,r,1440
2396510000,r,1440
2396510000,r,1440
2396510000,r,1440
2396510000,r,1440
2396626000,r,1440
2396626000,r,1440
2396627000,r,1440
2396627000,r,1440
2396627000,r,1440
2396627000,r,1440
2396651000,s,1340
2396627000,r,1440
2396627000,r,1440
2396668000,r,1440
2396669000,r,1440
2396669000,r,1440
2396669000,r,1440
2396669000,r,1440
2396669000,r,1440
2396669000,r,1440
2396669000,r,1440
2396723000,s,1340
2396801000,s,1340
2397135000,s,1340
2397183000,s,1340
2397201000,s,1340
2397212000,s,1340
2397223000,s,1340
2397234000,s,1340
2397246000,s,1340
2397255000,s,1340
2397265000,s,1340
2397504000,s,1340
2397587000,s,1340
2397754000,s,1340
2397819000,s,1340
2397894000,s,1340
2397949000,s,1340
2398010000,s,1340
2398105000,s,1340
2398172000,s,1340
2398231000,s,1340
2398294000,s,1340
2398394000,s,1340
2398471000,s,1340
2398546000,s,1340
2398603000,s,1340
2398663000,s,1340
2398720000,s,1340
2398776000,s,1340
2398827000,s,1340
2398878000,s,1340
2398930000,s,1340
2398997000,s,1340
2399052000,s,1340
2399103000,s,1340
2399250000,s,1340
2399309000,s,1340
2399362000,s,1340
2399419000,s,1340
2399510000,s,1340
2399571000,s,1340
2399752000,s,1340
2399917000,s,1340
2400005000,s,1340
2400200000,s,1340
2400254000,s,1340
2400936000,s,1340
2401022000,s,1340
2401419000,s,1340
2401494000,s,1340
2401691000,s,1340
2401818000,s,1340
2401938000,s,1340
2402000000,s,1340
2402112000,s,1340
2402815000,s,1340
2402873000,s,1340
2403019000,s,1340
2403142000,s,1340
2403249000,s,1340
2403979000,r,1440
2403980000,r,1440
2403980000,r,1440
2403980000,r,1440
2403980000,r,1440
2403980000,r,1440
2403980000,r,1440
2403980000,r,1440
2404093000,r,1440
2404093000,r,1440
2404093000,r,1440
2404093000,r,1440
2404134000,r,1440
2404134000,r,1440
2404134000,r,1440
2404134000,r,1440
2404134000,r,1440
2404134000,r,1440
2404158000,s,1340
2404360000,s,1340
2404440000,s,1340
2404522000,s,1340
2405683000,s,1340
2405709000,s,1340
2405720000,s,1340
2405729000,s,1340
2405739000,s,1340
2405748000,s,1340
2405756000,s,1340
2405767000,s,1340
2405776000,s,1340
2405786000,s,1340
2405796000,s,1340
2405805000,s,1340
2405818000,s,1340
2405828000,s,1340
2405837000,s,1340
2405847000,s,1340
2405855000,s,1340
2405864000,s,1340
2405873000,s,1340
2405928000,s,1340
2406007000,s,1340
2406032000,s,1340
2406134000,s,1340
2406158000,s,1340
2416996000,s,1340
2417104000,s,1340
2417155000,s,1340
2417296000,s,1340
2417368000,s,1340
2417413000,s,1340
2417945000,s,1340
2418180000,s,1340
2418256000,s,1340
2418410000,s,1340
2418557000,s,1340
2418683000,s,1340
2418748000,s,1340
2418895000,s,1340
2419125000,s,1340
2419197000,s,1340
2419558000,s,1340
2419701000,s,1340
2419750000,s,1340
2420373000,s,1340
2420410000,s,1340
2420626000,s,1340
2420838000,s,1340
2420920000,s,1340
2421200000,s,1340
2421281000,s,1340
2421465000,s,1340
2421596000,s,1340
2421805000,s,1340
2421985000,s,1340
2422174000,s,1340
2422258000,s,1340
2422406000,s,1340
2422496000,s,1340
2422714000,s,1340
2422889000,s,1340
2422966000,s,1340
2423143000,s,1340
2423280000,s,1340
2423407000,s,1340
2423556000,s,1340
2423690000,s,1340
2423818000,s,1340
2423940000,s,1340
2424065000,s,1340
2424239000,s,1340
2424441000,s,1340
2424577000,s,1340
2424614000,s,1340
2424690000,s,1340
2424729000,s,1340
2425300000,s,1340
2425377000,s,1340
2425557000,s,1340
2425643000,s,1340
2425692000,s,1340
2426511000,s,1340
2426725000,s,1340
2426828000,s,1340
2426898000,s,1340
2427772000,s,1340
2427955000,s,1340
2428049000,s,1340
2428342000,s,1340
2428658000,s,1340
2428921000,s,1340
2429225000,s,1340
2429318000,s,1340
2429531000,s,1340
2429776000,s,1340
2440731000,s,1340
2440868000,s,1340
2445400000,s,1340
2453813000,r,1440
2453813000,r,1440
2453813000,r,1440
2453813000,r,1440
2453813000,r,1440
2453813000,r,1440
2453813000,r,1440
2453813000,r,1440
2453996000,r,1440
2453997000,r,1440
2453997000,r,1440
2453997000,r,1440
2453997000,r,1440
2453997000,r,1440
2453997000,r,1440
2453997000,r,1440
2454046000,r,1440
2454046000,r,1440
2454046000,r,1440
2454046000,r,1440
2454046000,r,1440
2454046000,r,1440
2454047000,r,1440
2454047000,r,1440
2454092000,r,1440
2454092000,r,1440
2454093000,r,1440
2454093000,r,1440
2454093000,r,1440
2454093000,r,1440
2454093000,r,1440
2454093000,r,1440
2454137000,r,1440
2454137000,r,1440
2454138000,r,1440
2454138000,r,1440
2454138000,r,1440
2454138000,r,1440
2454138000,r,1440
2454138000,r,1440
2454182000,r,1440
2454182000,r,1440
2454182000,r,1440
2454182000,r,1440
2454182000,r,1440
2454182000,r,1440
2454182000,r,1440
2454182000,r,1440
2454221000,r,1440
2454221000,r,1440
2454221000,r,1440
2454600000,s,1340
2454958000,s,1340
2455075000,s,1340
2455188000,s,1340
2455295000,s,1340
2455378000,s,1340
2455564000,s,1340
2455669000,s,1340
2455774000,s,1340
2455846000,s,1340
2455940000,s,1340
2456034000,s,1340
2456107000,s,1340
2456187000,s,1340
2456284000,s,1340
2456410000,s,1340
2456513000,s,1340
2456614000,s,1340
2456695000,s,1340
2456800000,s,1340
2456896000,s,1340
2456987000,s,1340
2457087000,s,1340
2457178000,s,1340
2457251000,s,1340
2457325000,s,1340
2457423000,s,1340
2457505000,s,1340
2457585000,s,1340
2457660000,s,1340
2457760000,s,1340
2457822000,s,1340
2457908000,s,1340
2457990000,s,1340
2458081000,s,1340
2458188000,s,1340
2458292000,s,1340
2458387000,s,1340
2469026000,s,1340
2470565000,r,1440
2471595000,s,1340
2477743000,r,1440
2477743000,r,1440
2477744000,r,1440
2480327000,r,1440
2480327000,r,1440
2480328000,r,1440
2480328000,r,1440
2480328000,r,1440
2480328000,r,1440
2480328000,r,1440
2480328000,r,1440
2480433000,r,1440
2480433000,r,1440
2480433000,r,1440
2480433000,r,1440
2480433000,r,1440
2480433000,r,1440
2480434000,r,1440
2480434000,r,1440
2480474000,r,1440
2480474000,r,1440
2480474000,r,1440
2480475000,r,1440
2480475000,r,1440
2480475000,r,1440
2480475000,r,1440
2480475000,r,1440
2480511000,r,1440
2480511000,r,1440
2480519000,s,1340
2480611000,r,1440
2480611000,r,1440
2480611000,r,1440
2480611000,r,1440
2480611000,r,1440
2480611000,r,1440
2480611000,r,1440
2480612000,r,1440
2480674000,r,1440
2480674000,r,1440
2480674000,r,1440
2480674000,r,1440
2480674000,r,1440
2480674000,r,1440
2480675000,r,1440
2480699000,s,1340
2480675000,r,1440
2480717000,r,1440
2480717000,r,1440
2480717000,r,1440
2480717000,r,1440
2480717000,r,1440
2480718000,r,1440
2480718000,r,1440
2480718000,r,1440
2480757000,r,1440
2480757000,r,1440
2480757000,r,1440
2480757000,r,1440
2480757000,r,1440
2480757000,r,1440
2480757000,r,1440
2480758000,r,1440
2480839000,r,1440
2480838000,s,1340
2480925000,s,1340
2481442000,s,1340
2481539000,s,1340
2481899000,s,1340
2481952000,s,1340
2481972000,s,1340
2481990000,s,1340
2482003000,s,1340
2482018000,s,1340
2482031000,s,1340
2482041000,s,1340
2482049000,s,1340
2482057000,s,1340
2482068000,s,1340
2482080000,s,1340
2482090000,s,1340
2482099000,s,1340
2482112000,s,1340
2482211000,s,1340
2482230000,s,1340
2482241000,s,1340
2482252000,s,1340
2482278000,s,1340
2482290000,s,1340
2482300000,s,1340
2482309000,s,1340
2482317000,s,1340
2482325000,s,1340
2482334000,s,1340
2482341000,s,1340
2482350000,s,1340
2482358000,s,1340
2482366000,s,1340
2482373000,s,1340
2482389000,s,1340
2482401000,s,1340
2482461000,s,1340
2482475000,s,1340
2482509000,s,1340
2482770000,s,1340
2483275000,r,1440
2483275000,r,1440
2483275000,r,1440
2483275000,r,1440
2483275000,r,1440
2483275000,r,1440
2483276000,r,1440
2483276000,r,1440
2483345000,r,1440
2483676000,s,1340
2483863000,s,1340
2483894000,s,1340
2483949000,s,1340
2483987000,s,1340
2484009000,s,1340
2484029000,s,1340
2484041000,s,1340
2484322000,s,1340
2484371000,s,1340
2484434000,s,1340
2484493000,s,1340
2485447000,s,1340
2485514000,s,1340
2485646000,s,1340
2485714000,s,1340
2486640000,s,1340
2486712000,s,1340
2486897000,s,1340
2486988000,s,1340
2487067000,s,1340
2487168000,s,1340
2487230000,s,1340
2488425000,s,1340
2488506000,s,1340
2488635000,s,1340
2488839000,s,1340
2489121000,s,1340
2489287000,s,1340
2489402000,s,1340
2489607000,s,1340
2489767000,s,1340
2489851000,s,1340
2490040000,s,1340
2490102000,s,1340
2490134000,s,1340
2490539000,s,1340
2491074000,s,1340
2491256000,s,1340
2491388000,s,1340
2491590000,s,1340
2491756000,s,1340
2491931000,s,1340
2492115000,s,1340
2492178000,s,1340
2492329000,r,1440
2492695000,s,1340
2492822000,s,1340
2493843000,s,1340
2493951000,s,1340
2494004000,s,1340
2494122000,s,1340
2494228000,s,1340
2494385000,s,1340
2494524000,s,1340
2494653000,s,1340
2494759000,s,1340
2494912000,s,1340
2495056000,s,1340
2495113000,s,1340
2495163000,s,1340
2495457000,s,1340
2495652000,s,1340
2495721000,s,1340
2495877000,s,1340
2496032000,s,1340
2496118000,s,1340
2496442000,s,1340
2496483000,s,1340
2496500000,s,1340
2496681000,s,1340
2497022000,s,1340
2497087000,s,1340
2497680000,s,1340
2497843000,s,1340
2508389000,s,1340
2508548000,s,1340
2508724000,s,1340
2508800000,s,1340
2509265000,s,1340
2509347000,s,1340
2509470000,s,1340
2509593000,s,1340
2509691000,s,1340
2510524000,s,1340
2510576000,s,1340
2511870000,s,1340
2512039000,s,1340
2512254000,s,1340
2512527000,s,1340
2513062000,s,1340
2513150000,s,1340
2513226000,s,1340
2513422000,s,1340
2513460000,s,1340
2513651000,s,1340
2513726000,s,1340
2514075000,s,1340
2514265000,s,1340
2514347000,s,1340
2514653000,s,1340
2514693000,s,1340
2514888000,s,1340
2515023000,s,1340
2515154000,s,1340
2515232000,s,1340
2515309000,s,1340
2515371000,s,1340
2515453000,s,1340
2515626000,s,1340
2515777000,s,1340
2515851000,s,1340
2515910000,s,1340
2516230000,s,1340
2516401000,s,1340
2516470000,s,1340
2516554000,s,1340
2516687000,s,1340
2516857000,s,1340
2517006000,s,1340
2517138000,s,1340
2517279000,s,1340
2517437000,s,1340
2517585000,s,1340
2517679000,s,1340
2517776000,s,1340
2518577000,s,1340
2518771000,s,1340
2518860000,s,1340
2518925000,s,1340
2519851000,s,1340
2519905000,s,1340
2520016000,s,1340
2520264000,s,1340
2520408000,s,1340
2520570000,s,1340
2520732000,s,1340
2520825000,s,1340
2521081000,s,1340
2521313000,s,1340
2521410000,s,1340
2521574000,s,1340
2521746000,s,1340
2521896000,s,1340
2521976000,s,1340
2522127000,s,1340
2522279000,s,1340
2522435000,s,1340
2522529000,s,1340
2522583000,s,1340
2523089000,s,1340
2523370000,s,1340
2524001000,s,1340
2524184000,s,1340
2524361000,s,1340
2524495000,s,1340
2524652000,s,1340
2524727000,s,1340
2524780000,s,1340
2525541000,s,1340
2526714000,s,1340
2526932000,s,1340
2527012000,s,1340
2527066000,s,1340
2527234000,s,1340
2527395000,s,1340
2527478000,s,1340
2527620000,s,1340
2538447000,s,1340
2538511000,s,1340
2538639000,s,1340
2538683000,s,1340
2538917000,s,1340
2539142000,s,1340
2539297000,s,1340
2539351000,s,1340
2539409000,s,1340
2539493000,s,1340
2539550000,s,1340
2539591000,s,1340
2539790000,s,1340
2539882000,s,1340
2539939000,s,1340
2540034000,s,1340
2540095000,s,1340
2540153000,s,1340
2540402000,s,1340
2540489000,s,1340
2540563000,s,1340
2540708000,s,1340
2540897000,s,1340
2541010000,s,1340
2541150000,s,1340
2541222000,s,1340
2541274000,s,1340
2541438000,s,1340
2542225000,s,1340
2542478000,s,1340
2542591000,s,1340
2542714000,s,1340
2542807000,s,1340
2543006000,s,1340
2543194000,s,1340
2543323000,s,1340
2543411000,s,1340
2543629000,s,1340
2543715000,s,1340
2543802000,s,1340
2543884000,s,1340
2544093000,s,1340
2544197000,s,1340
2544483000,s,1340
2544670000,s,1340
2544757000,s,1340
2544945000,s,1340
2545097000,s,1340
2545185000,s,1340
2545281000,s,1340
2545622000,s,1340
2545685000,s,1340
2545712000,s,1340
2545958000,s,1340
2546105000,s,1340
2546236000,s,1340
2546357000,s,1340
2546689000,s,1340
2546801000,s,1340
2547020000,s,1340
2547290000,s,1340
2547387000,s,1340
2547567000,s,1340
2547637000,s,1340
2547870000,s,1340
2547989000,s,1340
2548092000,s,1340
2548183000,s,1340
2548277000,s,1340
2548647000,s,1340
2548745000,s,1340
2548836000,s,1340
2548923000,s,1340
2549242000,s,1340
2549370000,s,1340
2549534000,s,1340
2549872000,s,1340
2549976000,s,1340
2550057000,s,1340
2550148000,s,1340
2550226000,s,1340
2550452000,s,1340
2550588000,s,1340
2550642000,s,1340
2550689000,s,1340
2551217000,s,1340
2551380000,s,1340
2551561000,s,1340
2551656000,s,1340
2552044000,s,1340
2552178000,s,1340
2562670000,s,1340
2562844000,s,1340
2562942000,s,1340
2563051000,s,1340
2563129000,s,1340
2563194000,s,1340
2563268000,s,1340
2563350000,s,1340
2563405000,s,1340
2563458000,s,1340
2563804000,s,1340
2563891000,s,1340
2563958000,s,1340
2564020000,s,1340
2564091000,s,1340
2564147000,s,1340
2564197000,s,1340
2564260000,s,1340
2564365000,s,1340
2564552000,s,1340
2564673000,s,1340
2564773000,s,1340
2564887000,s,1340
2565160000,s,1340
2565287000,s,1340
2565398000,s,1340
2565660000,s,1340
2565840000,s,1340
2565951000,s,1340
2566050000,s,1340
2566147000,s,1340
2566279000,s,1340
2566388000,s,1340
2566470000,s,1340
2566549000,s,1340
2566614000,s,1340
2566672000,s,1340
2567003000,s,1340
2567576000,s,1340
2567716000,s,1340
2568503000,s,1340
2568627000,s,1340
2568882000,s,1340
2568991000,s,1340
2569230000,s,1340
2569339000,s,1340
2569571000,s,1340
2569671000,s,1340
2569946000,s,1340
2570048000,s,1340
2570140000,s,1340
2570440000,s,1340
2570545000,s,1340
2570744000,s,1340
2570928000,s,1340
2571021000,s,1340
2571345000,s,1340
2571424000,s,1340
2571637000,s,1340
2571779000,s,1340
2572063000,s,1340
2572133000,s,1340
2572199000,s,1340
2572405000,s,1340
2572452000,s,1340
2572702000,s,1340
2572794000,s,1340
2572860000,s,1340
2573385000,s,1340
2573686000,s,1340
2574214000,s,1340
2574447000,s,1340
2574603000,s,1340
2574698000,s,1340
2574790000,s,1340
2575014000,s,1340
2575119000,s,1340
2575206000,s,1340
2575295000,s,1340
2575485000,s,1340
2575629000,s,1340
2575777000,s,1340
2575874000,s,1340
2576695000,s,1340
2576740000,s,1340
2577014000,s,1340
2577073000,s,1340
2577417000,s,1340
2577468000,s,1340
2578625000,s,1340
2588770000,s,1340
2606934000,s,1340
2606999000,s,1340
2618731000,r,1440
2618731000,r,1440
2620721000,s,1340
2620833000,s,1340
2620889000,s,1340
2621204000,s,1340
2621247000,s,1340
2621418000,s,1340
2621458000,s,1340
2621477000,s,1340
2621511000,s,1340
2622454000,s,1340
2622562000,s,1340
2622821000,s,1340
2622977000,s,1340
2623070000,s,1340
2623128000,s,1340
2623609000,s,1340
2623852000,s,1340
2624030000,s,1340
2624199000,s,1340
2624289000,s,1340
2624538000,s,1340
2624669000,s,1340
2625169000,s,1340
2625253000,s,1340
2625697000,s,1340
2625796000,s,1340
2625858000,s,1340
2625917000,s,1340
2626626000,s,1340
2626917000,s,1340
2627081000,s,1340
2627401000,s,1340
2627743000,s,1340
2627906000,s,1340
2627965000,s,1340
2628219000,s,1340
2628409000,s,1340
2628939000,s,1340
2629164000,s,1340
2629180000,s,1340
2629242000,s,1340
2630167000,s,1340
2630478000,s,1340
2630787000,s,1340
2630954000,s,1340
2631089000,s,1340
2631182000,s,1340
2631253000,s,1340
2631906000,s,1340
2632066000,s,1340
2632272000,s,1340
2632463000,s,1340
2632551000,s,1340
2632713000,s,1340
2632826000,s,1340
2632894000,s,1340
2633066000,s,1340
2633128000,s,1340
2633364000,r,1440
2633471000,s,1340
2633533000,s,1340
2633579000,s,1340
2633829000,s,1340
2633942000,s,1340
2634064000,s,1340
2634168000,s,1340
2634265000,s,1340
2634459000,s,1340
2634552000,s,1340
2634727000,s,1340
2634769000,s,1340
2634836000,s,1340
2635403000,s,1340
2635812000,s,1340
2635906000,s,1340
2635992000,s,1340
2636181000,s,1340
2636266000,s,1340
2636596000,s,1340
2636664000,s,1340
2636796000,s,1340
2636905000,s,1340
2636959000,s,1340
2637284000,s,1340
2637486000,s,1340
2637906000,s,1340
2638082000,s,1340
2638136000,s,1340
2638274000,s,1340
2638329000,s,1340
2638479000,s,1340
2638536000,s,1340
2638741000,s,1340
2639195000,s,1340
2639325000,s,1340
2639423000,s,1340
2639485000,s,1340
2639538000,s,1340
2640443000,s,1340
2640543000,s,1340
2640613000,s,1340
2640783000,s,1340
2640969000,s,1340
2641048000,s,1340
2641221000,s,1340
2641401000,s,1340
2641578000,s,1340
2641655000,s,1340
2652441000,s,1340
2672968000,r,1440
2674635000,r,1440
2674964000,s,1340
2675734000,r,1440
2684483000,s,1340
2717002000,s,1340
2762952000,r,1440
2762952000,r,1440
2762952000,r,1440
2766327000,s,1340
2766538000,s,1340
2766672000,s,1340
2767378000,s,1340
2767523000,s,1340
2767650000,s,1340
2767771000,s,1340
2767903000,s,1340
2768407000,s,1340
2768827000,s,1340
2768964000,s,1340
2769202000,s,1340
2769298000,s,1340
2769394000,s,1340
2769673000,s,1340
2770232000,s,1340
2770502000,s,1340
2770633000,s,1340
2770749000,s,1340
2770861000,s,1340
2771148000,s,1340
2771401000,s,1340
2771544000,s,1340
2771787000,s,1340
2771943000,s,1340
2772187000,s,1340
2772385000,s,1340
2772637000,s,1340
2772821000,s,1340
2773019000,s,1340
2773136000,s,1340
2773650000,s,1340
2773788000,s,1340
2773990000,s,1340
2774174000,s,1340
2774383000,s,1340
2774485000,s,1340
2774532000,s,1340
2775585000,s,1340
2775851000,s,1340
2776205000,s,1340
2776297000,s,1340
2776507000,s,1340
2776778000,s,1340
2777557000,s,1340
2777626000,s,1340
2777944000,r,1440
2777978000,s,1340
2778091000,s,1340
2778146000,s,1340
2778182000,s,1340
2788902000,s,1340
2791691000,r,1440
2791691000,r,1440
2791691000,r,1440
2791691000,r,1440
2791691000,r,1440
2791692000,r,1440
2792842000,s,1340
2792985000,s,1340
2808963000,s,1340
2820039000,r,1440
2821585000,r,1440
2821586000,r,1440
2822384000,s,1340
4732405000,r,1440
4732406000,r,1440
4732406000,r,1440
4732406000,r,1440
4732407000,r,1440
4732407000,r,1440
4732407000,r,1440
4732408000,r,1440
4732888000,r,1440
4732888000,r,1440
4732889000,r,1440
4732889000,r,1440
4732889000,r,1440
4732889000,r,1440
4734199000,s,1340
4734402000,s,1340
4734465000,s,1340
4734495000,s,1340
4734520000,s,1340
4734545000,s,1340
4734565000,s,1340
4734577000,s,1340
4734631000,s,1340
4734857000,s,1340
4735058000,s,1340
4735442000,s,1340
4735506000,s,1340
4736103000,s,1340
4736277000,s,1340
4736397000,s,1340
4746260000,r,1440
4746350000,s,1340
4750681000,r,1440
4750682000,r,1440
4750682000,r,1440
4750682000,r,1440
4750682000,r,1440
4750683000,r,1440
4750683000,r,1440
4750683000,r,1440
4750823000,r,1440
4750824000,r,1440
4750824000,r,1440
4750824000,r,1440
4750824000,r,1440
4750824000,r,1440
4750825000,r,1440
4750825000,r,1440
4750874000,r,1440
4751916000,s,1340
4752131000,r,1440
4752131000,r,1440
4752131000,r,1440
4752131000,r,1440
4752394000,s,1340
4752812000,s,1340
4753235000,s,1340
4753511000,s,1340
4753696000,s,1340
4753880000,s,1340
4754056000,s,1340
4754230000,s,1340
4754400000,s,1340
4754575000,s,1340
4754746000,s,1340
4754921000,s,1340
4755106000,s,1340
4755279000,s,1340
4755444000,s,1340
4755550000,s,1340
4755664000,s,1340
4755765000,s,1340
4755878000,s,1340
4755989000,s,1340
4756098000,s,1340
4756196000,s,1340
4756297000,s,1340
4756525000,s,1340
4756648000,s,1340
4756839000,s,1340
4756986000,s,1340
4757105000,s,1340
4757209000,s,1340
4757297000,s,1340
4757438000,s,1340
4757601000,s,1340
4757746000,s,1340
4757856000,s,1340
4757998000,s,1340
4758163000,s,1340
4758399000,s,1340
4758624000,s,1340
4758837000,s,1340
4759035000,s,1340
4759232000,s,1340
4760205000,s,1340
4760719000,s,1340
4760864000,s,1340
4761018000,s,1340
4761151000,s,1340
4761297000,s,1340
4761459000,s,1340
4761729000,s,1340
4761948000,s,1340
4762319000,s,1340
4762535000,s,1340
4762718000,s,1340
4762847000,s,1340
4762980000,s,1340
4763111000,s,1340
4763244000,s,1340
4763377000,s,1340
4763503000,s,1340
4763555000,r,1440
4763639000,s,1340
4763555000,r,1440
4763770000,s,1340
4763898000,s,1340
4764032000,s,1340
4764162000,s,1340
4764298000,s,1340
4764763000,s,1340
4765004000,s,1340
4765383000,s,1340
4765450000,r,1440
4765450000,r,1440
4765450000,r,1440
4765451000,r,1440
4765561000,s,1340
4765706000,s,1340
4765843000,s,1340
4765974000,s,1340
4766110000,s,1340
4766257000,s,1340
4766394000,s,1340
4766759000,s,1340
4766849000,r,1440
4766927000,s,1340
4766849000,r,1440
4767064000,s,1340
4767589000,s,1340
4767755000,s,1340
4767881000,s,1340
4767886000,r,1440
4767886000,r,1440
4767886000,r,1440
4768020000,s,1340
4768167000,s,1340
4768294000,s,1340
4768488000,s,1340
4768638000,s,1340
4768780000,s,1340
4768880000,s,1340
4768973000,s,1340
4769071000,s,1340
4769171000,s,1340
4769395000,s,1340
4769537000,s,1340
4769666000,s,1340
4769802000,s,1340
4769944000,s,1340
4770082000,s,1340
4770298000,s,1340
4770432000,s,1340
4770577000,s,1340
4770706000,s,1340
4770886000,r,1440
4770886000,r,1440
4770886000,r,1440
4770887000,r,1440
4770887000,r,1440
4770887000,r,1440
4770887000,r,1440
4770888000,r,1440
4771032000,s,1340
4771035000,r,1440
4771035000,r,1440
4771166000,r,1440
4771166000,r,1440
4771179000,s,1340
4771166000,r,1440
4771166000,r,1440
4771167000,r,1440
4771167000,r,1440
4771329000,s,1340
4771480000,s,1340
4771588000,s,1340
4771748000,s,1340
4771873000,s,1340
4772007000,s,1340
4772136000,s,1340
4772260000,s,1340
4772498000,s,1340
4772521000,r,1440
4772521000,r,1440
4772521000,r,1440
4772521000,r,1440
4772521000,r,1440
4772641000,s,1340
4772769000,s,1340
4772894000,s,1340
4773023000,s,1340
4773165000,s,1340
4773307000,s,1340
4773429000,s,1340
4773552000,s,1340
4773688000,s,1340
4773817000,s,1340
4773943000,s,1340
4774076000,s,1340
4774214000,s,1340
4774350000,s,1340
4774483000,s,1340
4774619000,s,1340
4774724000,s,1340
4774816000,s,1340
4774911000,s,1340
4775013000,s,1340
4775150000,s,1340
4775282000,s,1340
4775427000,s,1340
4775554000,s,1340
4775682000,s,1340
4775820000,s,1340
4775935000,s,1340
4776044000,s,1340
4776136000,s,1340
4776264000,s,1340
4776443000,s,1340
4776600000,s,1340
4776727000,s,1340
4776847000,s,1340
4776960000,s,1340
4777081000,s,1340
4777197000,s,1340
4777333000,s,1340
4777459000,s,1340
4777582000,s,1340
4777709000,s,1340
4777835000,s,1340
4777972000,s,1340
4778106000,s,1340
4778234000,s,1340
4778364000,s,1340
4778500000,s,1340
4778628000,s,1340
4778740000,s,1340
4778863000,s,1340
4778994000,s,1340
4779112000,s,1340
4779233000,s,1340
4779374000,s,1340
4779492000,s,1340
4779620000,s,1340
4779744000,s,1340
4779753000,r,1440
4779872000,s,1340
4779995000,s,1340
4780127000,s,1340
4780266000,s,1340
4780452000,s,1340
4780585000,s,1340
4780729000,s,1340
4780857000,s,1340
4781002000,s,1340
4781132000,s,1340
4781262000,s,1340
4781437000,s,1340
4781584000,s,1340
4781911000,s,1340
4782072000,s,1340
4782215000,s,1340
4782505000,s,1340
4782647000,s,1340
4782921000,s,1340
4783254000,s,1340
4783386000,s,1340
4783487000,s,1340
4783573000,s,1340
4783702000,s,1340
4783877000,s,1340
4784022000,s,1340
4784162000,s,1340
4784561000,s,1340
4784792000,s,1340
4784847000,s,1340
4785065000,s,1340
4785222000,s,1340
4785544000,s,1340
4785684000,s,1340
4785990000,s,1340
4786132000,s,1340
4786348000,s,1340
4787404000,s,1340
4787541000,s,1340
4787675000,s,1340
4787946000,s,1340
4788075000,s,1340
4788202000,s,1340
4788377000,s,1340
4788516000,s,1340
4788646000,s,1340
4788759000,s,1340
4789026000,s,1340
4789168000,r,1440
4789168000,r,1440
4789168000,r,1440
4789168000,r,1440
4789239000,s,1340
4789168000,r,1440
4789544000,s,1340
4789656000,s,1340
4789762000,s,1340
4795747000,r,1440
4795747000,r,1440
4795747000,r,1440
4796578000,s,1340
4797748000,r,1440
4797748000,r,1440
4798317000,s,1340
4799205000,r,1440
4799517000,s,1340
4799651000,s,1340
6884802000,r,1440
7275840000,s,1340
7756119000,r,1440
7756120000,r,1440
7756120000,r,1440
7756121000,r,1440
7760773000,s,1340
7761204000,s,1340
7761428000,s,1340
7761683000,s,1340
7770141000,s,1340
11904767000,r,1440
11904768000,r,1440
11904768000,r,1440
11904769000,r,1440
11908725000,s,1340
14664455000,r,1440
14664456000,r,1440
14664456000,r,1440
14664457000,r,1440
14667096000,s,1340
14680769000,r,1440
14680974000,r,1440
14702828000,s,176
14703275000,s,1340
14703504000,s,1340
14703901000,s,1340
14704188000,s,1340
14704529000,s,1340
14704802000,s,1340
14705070000,s,1340
14705277000,s,1340
14705545000,s,1340
14705820000,s,1340
14706038000,s,1340
14706445000,s,1340
14706710000,s,1340
14706987000,s,1340
14707241000,s,1340
14707526000,s,1340
14707794000,s,1340
14708038000,s,1340
14708296000,s,1340
14708704000,s,1340
14708966000,s,1340
14709234000,s,1340
14709531000,s,1340
14709799000,s,1340
14710049000,s,1340
14710299000,s,1340
14710567000,s,1340
14710800000,s,1340
14711039000,s,1340
14711302000,s,1340
14711570000,s,1340
14711820000,s,1340
14712076000,s,1340
14712408000,s,1340
14712412000,r,120
14712754000,s,1340
14713033000,s,1340
14713315000,s,1340
14713578000,s,1340
14713870000,s,1340
14714130000,s,1340
14714586000,s,1340
14714874000,s,1340
14715150000,s,1340
14715401000,s,1340
14715635000,s,1340
14715899000,s,1340
14716155000,s,1340
14716424000,r,1440
14716512000,s,1340
14716809000,s,1340
14717086000,s,1340
14717356000,s,1340
14717625000,s,1340
14717882000,s,1340
14718171000,s,1340
14718434000,s,1340
14718569000,r,1440
14718726000,s,1340
14718570000,r,1440
14719040000,s,1340
14719350000,s,1340
14719656000,s,1340
14719975000,s,1340
14720422000,s,1340
14720700000,s,1340
14721274000,s,1340
14721510000,s,1340
14721709000,s,1340
14721893000,s,1340
14722066000,s,1340
14722252000,s,1340
14722448000,s,1340
14722698000,s,1340
14723173000,s,1340
14723456000,s,1340
14723753000,s,1340
14724015000,s,1340
14724270000,s,1340
14724679000,s,1340
14724948000,s,1340
14725195000,s,1340
14725460000,s,1340
14725719000,s,1340
14725959000,s,1340
14726204000,s,1340
14726469000,s,1340
14726718000,s,1340
14726969000,s,1340
14727213000,s,1340
14727457000,s,1340
14727732000,s,1340
14728009000,s,1340
14728599000,s,1340
14728895000,s,1340
14729162000,s,1340
20149054000,s,1340
20186240000,s,1340
20186669000,s,1340
20208424000,r,1440
23784844000,r,1440