0,s,156
10367000,r,156
1890513000,s,124
1928131000,s,124
1928563000,s,124
1928663000,s,176
1928688000,s,124
1928706000,s,124
1934493000,s,1340
1934573000,s,1340
1935881000,s,172
1941423000,s,1340
1941488000,s,1340
1941702000,s,172
1949527000,r,236
1949527000,r,172
1949527000,r,236
1949528000,r,120
1951956000,s,60
1952240000,s,124
1953410000,s,124
1954604000,r,140
1954605000,r,1340
1955766000,r,140
1955766000,r,1340
1963918000,r,124
1963926000,s,156
1964006000,s,156
1963918000,r,1340
1963918000,r,396
1963918000,r,1052
1963918000,r,124
1965028000,s,124
1966151000,s,1340
1966198000,s,780
1967370000,s,172
1967887000,s,124
1969214000,r,1340
1969214000,r,396
1969214000,r,1036
1970570000,r,172
1970571000,r,188
1971957000,s,1340
1973129000,s,172
1973582000,s,124
1977421000,r,124
1977421000,r,364
1977902000,s,124
1978493000,s,188
1979033000,s,204
1979546000,s,604
1980373000,r,124
1981181000,r,124
1981181000,r,220
1981955000,s,124
1989859000,r,220
1990021000,s,1340
1990307000,s,1340
1991014000,r,204
1991014000,r,172
1991993000,s,124
1992654000,s,172
1993954000,s,156
2005798000,r,1372
2005798000,r,1372
2017008000,s,1340
2017143000,s,124
2018465000,s,188
2021366000,s,316
2022825000,s,364
2032244000,r,124
2032244000,r,124
2038404000,r,124
2043812000,r,124
2050364000,r,412
2052021000,s,140
2061523000,r,124
5110889000,r,1340
5110889000,r,1340
5110890000,r,1340
5110890000,r,1340
5110891000,r,1340
5110891000,r,1340
5110892000,r,1340
5110892000,r,1340
5111669000,r,1340
5111669000,r,1340
5111670000,r,700
5115432000,s,124
5116408000,s,124
5116789000,s,124
5117076000,s,124
5117345000,s,124
5160183000,s,124
5198675000,s,412
5201012000,s,348
5201386000,s,572
5210795000,r,124
5214366000,r,124
5216823000,r,396
5216824000,r,1340
5217516000,r,1340
5217516000,r,1340
5217517000,r,1340
5217611000,s,124
5217690000,s,124
5218068000,s,124
5218091000,s,124
5218103000,s,124
5219924000,r,1340
5219924000,r,1340
5219924000,r,1340
5219924000,r,1340
5219924000,r,1340
5219925000,r,1340
5219925000,r,1340
5219925000,r,1340
5220071000,r,1340
5220071000,r,1340
5220071000,r,1340
5220071000,r,1340
5220071000,r,1340
5220071000,r,1340
5220072000,r,1340
5220072000,r,1340
5220110000,r,124
5220645000,s,124
5220688000,s,124
5220880000,s,124
5220904000,s,124
5220920000,s,124
5220929000,s,124
5221443000,s,124
5221689000,s,124
5221824000,s,124
5223190000,s,124
5223424000,s,124
5223518000,s,124
5223598000,s,124
5223677000,s,124
5223755000,s,124
5223854000,s,124
5223953000,s,124
5230368000,r,876
5230368000,r,124
5230369000,r,332
5232535000,s,124
5232780000,s,124
5237936000,r,1340
5237936000,r,1340
5237936000,r,1340
5237936000,r,1340
5237937000,r,124
5237937000,r,1340
5237937000,r,1340
5237938000,r,1340
5238149000,r,1340
5238150000,r,1340
5238150000,r,1340
5238150000,r,540
5239412000,s,124
5239690000,s,124
5239806000,s,124
5239918000,s,124
5240111000,s,124
5240255000,s,124
5240376000,s,124
5240764000,s,124
5240813000,s,124
5240841000,s,124
5240853000,s,124
5240864000,s,124
5248351000,s,1340
5248422000,s,732
5256790000,s,1340
5256904000,s,1340
5257290000,s,172
5259052000,r,124
5259053000,r,124
5262346000,r,364
5262944000,s,124
5263929000,s,188
5264495000,s,668
5303223000,s,124
5305645000,r,124
5306864000,s,668
5315684000,r,124
5315684000,r,124
5315684000,r,204
5316996000,r,124
5319346000,r,124
5319346000,r,140
5319346000,r,1340
5327570000,r,1340
5327570000,r,1340
5327570000,r,1340
5327570000,r,1340
5327570000,r,1340
5327571000,r,1340
5327571000,r,1340
5327571000,r,1340
5327742000,r,1340
5328220000,s,124
5328284000,s,124
5328340000,s,124
5328351000,s,124
5328360000,s,124
5329476000,r,1340
5329476000,r,396
5329477000,r,1036
5333733000,s,1340
5334608000,s,172
5334902000,s,124
5336458000,s,284
5336658000,s,236
5336859000,s,236
5338190000,s,236
5339471000,r,1340
5339471000,r,1340
5339471000,r,1340
5340076000,s,124
5342347000,r,1340
5342348000,r,1340
5342348000,r,1340
5342348000,r,1340
5342348000,r,1340
5342348000,r,1340
5342348000,r,428
5342925000,s,124
5343045000,s,124
5343140000,s,124
5343206000,s,124
5345427000,r,124
5346757000,r,124
5349857000,r,220
5354338000,r,604
5355617000,s,124
5357057000,r,1340
5357057000,r,1340
5357057000,r,1340
5357057000,r,1340
5357058000,r,1340
5357058000,r,1340
5357058000,r,1340
5357058000,r,1340
5357192000,r,1340
5357192000,r,1340
5357192000,r,1340
5357192000,r,1340
5357192000,r,1340
5357192000,r,1340
5357193000,r,1340
5357193000,r,1340
5357233000,r,1340
5357233000,r,1340
5357233000,r,1340
5357524000,r,1340
5357524000,r,1340
5357525000,r,1340
5357525000,r,1340
5357525000,r,1340
5357525000,r,1340
5357525000,r,1340
5357525000,r,1340
5357585000,r,1340
5357585000,r,1340
5358219000,s,124
5358286000,s,124
5358310000,s,124
5358380000,s,124
5358401000,s,124
5358418000,s,124
5358435000,s,124
5358453000,s,124
5358464000,s,124
5358473000,s,124
5358487000,s,124
5358497000,s,124
5358508000,s,124
5358518000,s,124
5358528000,s,124
5358537000,s,124
5358546000,s,124
5358556000,s,124
5358566000,s,124
5358612000,s,124
5358646000,s,124
5358680000,s,124
5358690000,s,124
5358698000,s,124
5358706000,s,124
5358713000,s,124
5358721000,s,124
5358728000,s,124
5358736000,s,124
5370093000,r,1340
5370093000,r,1340
5370093000,r,1340
5370093000,r,1340
5370093000,r,1340
5370093000,r,1340
5370093000,r,1340
5370094000,r,1340
5370296000,r,1340
5370296000,r,1340
5370297000,r,1340
5370297000,r,1340
5370297000,r,1340
5370297000,r,1340
5370297000,r,1340
5370297000,r,1340
5370351000,r,1340
5370351000,r,1340
5370351000,r,1340
5370351000,r,1340
5370351000,r,1340
5370351000,r,1340
5370352000,r,1340
5370352000,r,1340
5370410000,r,1340
5370410000,r,1340
5370410000,r,1340
5370967000,s,124
5371035000,s,124
5371067000,s,124
5371085000,s,124
5371100000,s,124
5371516000,s,124
5371759000,s,124
5371878000,s,124
5371984000,s,124
5372059000,s,124
5372150000,r,1340
5372150000,r,1340
5372216000,s,124
5372151000,r,1340
5372151000,r,1340
5372665000,s,124
5372732000,s,124
5372791000,s,124
5372854000,s,124
5372916000,s,124
5372964000,s,124
5373028000,s,124
5373091000,s,124
5373153000,s,124
5373218000,s,124
5373285000,s,124
5373355000,s,124
5373409000,s,124
5373459000,s,124
5373556000,s,124
5373622000,s,124
5373688000,s,124
5373745000,s,124
5373790000,s,124
5373831000,s,124
5375628000,s,124
5381671000,r,1340
5381865000,r,1340
5381865000,r,1340
5381866000,r,1340
5382529000,s,124
5382671000,s,124
5382876000,s,124
5382899000,s,124
5384632000,r,1340
5384633000,r,1340
5384633000,r,1340
5384633000,r,1340
5384633000,r,1340
5384634000,r,1340
5384634000,r,1340
5384634000,r,1340
5384796000,r,1340
5384796000,r,1340
5384796000,r,1340
5384796000,r,1340
5384797000,r,1340
5384797000,r,1340
5384797000,r,1340
5384797000,r,1340
5384869000,r,1340
5384870000,r,1340
5385477000,s,124
5385539000,s,124
5385747000,s,124
5385914000,s,124
5386082000,s,124
5386388000,s,124
5386430000,s,124
5386608000,s,124
5386731000,r,1340
5386747000,s,124
5386731000,r,1340
5386732000,r,1340
5386732000,r,1340
5386732000,r,1340
5386732000,r,1340
5387038000,s,124
5387068000,s,124
5387120000,s,124
5387557000,s,124
5387683000,s,124
5387762000,r,1340
5387762000,r,1340
5387762000,r,1340
5387762000,r,1340
5387762000,r,1340
5387817000,s,124
5387893000,s,124
5387985000,s,124
5388071000,s,124
5388159000,s,124
5388229000,s,124
5388425000,s,124
5388507000,s,124
5388621000,s,124
5388698000,s,124
5388753000,s,124
5390100000,s,124
5390165000,s,124
5390195000,s,124
5390212000,s,124
5395531000,r,1340
5395531000,r,1340
5395531000,r,1340
5396369000,s,124
5396484000,s,124
5396573000,s,124
5398146000,r,1340
5398146000,r,1340
5398146000,r,1340
5398147000,r,1340
5398147000,r,1340
5398147000,r,1340
5398147000,r,1340
5398147000,r,1340
5398232000,r,1340
5398232000,r,1340
5398232000,r,1340
5398232000,r,1340
5398232000,r,1340
5398232000,r,1340
5398422000,s,124
5398462000,s,124
5398473000,s,124
5398482000,s,124
5398570000,s,124
5398607000,s,124
5398619000,s,124
5398891000,s,124
5398910000,s,124
5398922000,s,124
5398928000,s,124
5398935000,s,124
5398941000,s,124
5398948000,s,124
5400088000,r,1340
5400088000,r,1340
5400088000,r,1340
5400368000,s,124
5400385000,s,124
5400498000,s,124
5401499000,r,1340
5401499000,r,1340
5401500000,r,1340
5401500000,r,1340
5401500000,r,1340
5401500000,r,1340
5401925000,s,124
5401966000,s,124
5401980000,s,124
5401994000,s,124
5402002000,s,124
5402120000,s,124
5403515000,r,1340
5403515000,r,1340
5403515000,r,1340
5403515000,r,1340
5403515000,r,1340
5403515000,r,1340
5403516000,r,1340
5403516000,r,1340
5403996000,s,124
5404204000,s,124
5404271000,s,124
5404414000,s,124
5404529000,s,124
5404765000,s,124
5404892000,s,124
5405021000,s,124
5407498000,r,1340
5407499000,r,1340
5407499000,r,1340
5408160000,s,124
5408210000,s,124
5408221000,s,124
5408885000,r,1340
5408885000,r,1340
5408885000,r,1340
5409346000,s,124
5409368000,s,124
5409378000,s,124
5410179000,r,1340
5410179000,r,1340
5410179000,r,1340
5410179000,r,1340
5410179000,r,1340
5410179000,r,1340
5410503000,s,124
5410630000,s,124
5410752000,s,124
5410879000,s,124
5411061000,s,124
5411091000,s,124
5411647000,r,1340
5411647000,r,1340
5411647000,r,1340
5411647000,r,1340
5411647000,r,1340
5411648000,r,1340
5411648000,r,1340
5411648000,r,1340
5411992000,s,124
5412016000,s,124
5412029000,s,124
5412053000,s,124
5412064000,s,124
5412075000,s,124
5412085000,s,124
5412092000,s,124
5414339000,r,1340
5414339000,r,1340
5414340000,r,1340
5414340000,r,1340
5414340000,r,1340
5414340000,r,1340
5414340000,r,1340
5414340000,r,1340
5414435000,r,1340
5414993000,s,1340
5415029000,s,284
5415032000,r,1340
5415032000,r,1340
5415032000,r,1340
5415091000,s,124
5415127000,s,124
5415243000,s,124
5415317000,s,124
5415395000,s,124
5415470000,s,124
5415541000,s,124
5415617000,s,124
5415677000,s,124
5415758000,s,124
5415841000,s,124
5415922000,s,124
5417743000,r,1340
5417743000,r,1340
5417743000,r,1340
5417743000,r,1340
5418328000,s,124
5418482000,s,124
5418602000,s,124
5420230000,s,124
5422340000,r,1340
5422340000,r,1340
5422340000,r,1340
5422341000,r,1340
5422757000,s,124
5422800000,s,124
5422811000,s,124
5422820000,s,124
5425440000,r,1340
5425440000,r,1340
5425440000,r,1340
5425441000,r,1340
5425441000,r,1340
5425441000,r,1340
5425441000,r,1340
5425441000,r,1340
5425526000,r,1340
5425526000,r,1340
5425526000,r,1340
5425526000,r,1340
5425928000,s,124
5426334000,r,1340
5426335000,r,1340
5426335000,r,1340
5426335000,r,1340
5426335000,r,1340
5426335000,r,1340
5426335000,r,1340
5426449000,s,124
5426491000,s,124
5426530000,s,124
5426546000,s,124
5426559000,s,124
5426570000,s,124
5426621000,s,124
5426654000,s,124
5426682000,s,124
5426851000,s,124
5426931000,s,124
5427328000,s,124
5427419000,s,124
5427439000,s,124
5427646000,s,124
5427706000,s,124
5427764000,s,124
5427796000,r,1340
5427796000,r,1340
5427796000,r,1340
5427796000,r,1340
5427796000,r,1340
5427797000,r,1340
5427797000,r,1340
5427797000,r,1340
5427892000,r,124
5427892000,r,124
5427892000,r,1340
5427892000,r,1340
5427892000,r,1340
5428719000,s,124
5428812000,s,124
5428871000,s,124
5428925000,s,124
5428977000,s,124
5429029000,s,124
5429039000,r,1340
5429087000,s,124
5429164000,s,124
5429245000,s,124
5429304000,s,124
5429380000,s,124
5429493000,s,124
5429690000,s,124
5434353000,r,1340
5434353000,r,1340
5434353000,r,1340
5435008000,r,1340
5435009000,r,1340
5435009000,r,1340
5435009000,r,1340
5435169000,s,124
5435247000,s,124
5435270000,s,124
5435611000,s,124
5435649000,s,124
5435667000,s,124
5435683000,s,124
5441079000,r,1340
5441079000,r,1340
5441080000,r,1340
5441080000,r,1340
5441080000,r,1340
5441080000,r,1340
5441080000,r,1340
5441080000,r,1340
5441308000,r,1340
5441308000,r,1340
5441308000,r,1340
5441308000,r,1340
5441308000,r,1340
5441308000,r,1340
5441308000,r,1340
5441308000,r,1340
5441348000,r,1340
5441348000,r,1340
5441348000,r,1340
5441348000,r,1340
5441348000,r,1340
5441348000,r,1340
5441348000,r,1340
5441348000,r,1340
5441383000,r,1340
5441425000,r,1340
5441425000,r,1340
5441425000,r,1340
5441425000,r,1340
5441425000,r,1340
5441425000,r,1340
5441425000,r,1340
5442221000,s,124
5442302000,s,124
5442565000,s,124
5442807000,s,124
5443180000,s,124
5443330000,s,124
5443347000,s,124
5443361000,s,124
5443560000,s,124
5443971000,s,124
5444066000,s,124
5444126000,s,124
5444182000,s,124
5444242000,s,124
5444300000,s,124
5444356000,s,124
5444412000,s,124
5444472000,s,124
5444525000,s,124
5444581000,s,124
5444634000,s,124
5444724000,s,124
5444782000,s,124
5444845000,s,124
5444917000,s,124
5446735000,s,124
5446986000,s,124
5447089000,s,124
5447098000,r,1340
5447180000,s,124
5447098000,r,1340
5447272000,s,124
5447360000,s,124
5447449000,s,124
5447602000,s,124
5447692000,s,124
5449118000,r,1340
5449118000,r,1340
5449118000,r,1340
5449118000,r,1340
5449118000,r,1340
5449118000,r,1340
5449806000,s,124
5449854000,s,124
5450164000,s,124
5450398000,s,124
5450489000,s,124
5450571000,s,124
5453629000,s,284
5456105000,r,1340
5456105000,r,1340
5456106000,r,1340
5456106000,r,1340
5456106000,r,1340
5456106000,r,1340
5456106000,r,1340
5456106000,r,1340
5456202000,r,1340
5456202000,r,1340
5456203000,r,1340
5456203000,r,1340
5456203000,r,1340
5456203000,r,1340
5456203000,r,1340
5456203000,r,1340
5456230000,r,1340
5457166000,s,124
5457323000,s,124
5457720000,s,124
5457798000,s,124
5457870000,s,124
5458000000,s,124
5458225000,r,1340
5458225000,r,1340
5458268000,s,124
5458225000,r,1340
5458225000,r,1340
5458225000,r,1340
5458225000,r,1340
5458225000,r,1340
5458226000,r,1340
5458300000,r,1340
5458300000,r,1340
5458300000,r,1340
5458300000,r,1340
5458301000,r,1340
5458301000,r,1340
5458301000,r,1340
5458301000,r,1340
5458352000,r,1340
5458352000,r,1340
5458352000,r,1340
5458397000,s,124
5459436000,s,124
5459480000,s,124
5459497000,s,124
5459776000,s,124
5460659000,r,1340
5460714000,s,124
5460801000,s,124
5460872000,s,124
5460940000,s,124
5460986000,s,124
5461061000,s,124
5462339000,r,1340
5462339000,r,1340
5462339000,r,1340
5462339000,r,1340
5462340000,r,1340
5462726000,s,124
5462838000,s,124
5462945000,s,124
5468013000,r,1340
5468013000,r,1340
5468013000,r,1340
5468014000,r,1340
5468602000,s,124
5468639000,s,124
5469213000,r,1340
5469213000,r,1340
5469213000,r,1340
5469213000,r,1340
5469213000,r,1340
5469214000,r,1340
5469214000,r,1340
5469214000,r,1340
5469268000,r,1340
5469268000,r,1340
5469268000,r,1340
5469268000,r,1340
5469268000,r,1340
5469269000,r,1340
5469269000,r,1340
5469523000,s,124
5469602000,s,124
5469620000,s,124
5469633000,s,124
5469804000,s,124
5469920000,s,124
5470038000,s,124
5471653000,r,1340
5471653000,r,1340
5471653000,r,1340
5471654000,r,1340
5471654000,r,1340
5471654000,r,1340
5471654000,r,1340
5471654000,r,1340
5471749000,r,1340
5471749000,r,1340
5471749000,r,1340
5471750000,r,1340
5471750000,r,1340
5471750000,r,1340
5472306000,s,124
5472739000,s,124
5472788000,s,124
5472810000,s,124
5473839000,r,1340
5473839000,r,1340
5473839000,r,1340
5473839000,r,1340
5473839000,r,1340
5473839000,r,1340
5473839000,r,1340
5473840000,r,1340
5473977000,r,1340
5473977000,r,1340
5473977000,r,1340
5477052000,s,124
5477162000,s,124
5477232000,s,124
5477280000,s,124
5477326000,s,124
5477378000,s,124
5477451000,s,124
5477529000,s,124
5477602000,s,124
5479789000,r,1340
5479789000,r,1340
5480559000,r,1340
5480584000,s,124
5481960000,r,1340
5481961000,r,1340
5481961000,r,1340
5481961000,r,1340
5481961000,r,1340
5481961000,r,1340
5482458000,s,124
5482909000,s,124
5483090000,s,124
5483147000,r,1340
5483147000,r,1340
5483147000,r,1340
5483147000,r,1340
5483147000,r,1340
5483147000,r,1340
5483147000,r,1340
5483602000,s,124
5483781000,s,124
5483886000,s,124
5484097000,s,124
5485350000,r,1340
5485350000,r,1340
5485350000,r,1340
5485351000,r,1340
5485351000,r,1340
5485351000,r,1340
5485351000,r,1340
5485351000,r,1340
5485692000,s,124
5485861000,s,124
5485902000,s,124
5485914000,s,124
5490205000,r,1340
5490205000,r,1340
5490205000,r,1340
5490205000,r,1340
5490205000,r,1340
5490205000,r,1340
5490205000,r,1340
5490205000,r,1340
5490362000,r,1340
5490362000,r,1340
5490362000,r,1340
5490362000,r,1340
5490362000,r,1340
5490362000,r,1340
5490363000,r,1340
5490841000,s,124
5491251000,r,1340
5491252000,r,1340
5491252000,r,1340
5491252000,r,1340
5491252000,r,1340
5491252000,r,1340
5491252000,r,1340
5491252000,r,380
5491312000,r,1340
5491550000,s,124
5492206000,s,124
5492249000,s,124
5492302000,r,1340
5492302000,r,1340
5492302000,r,1340
5493523000,r,1340
5493524000,r,1340
5493524000,r,1340
5493524000,r,1340
5493931000,s,124
5495234000,s,124
5495402000,s,124
5495955000,r,1340
5495956000,r,1340
5495956000,r,1340
5495956000,r,1340
5495956000,r,1340
5495956000,r,1340
5495956000,r,1340
5496774000,s,124
5496877000,s,124
5496937000,s,124
5498078000,r,1340
5498078000,r,1340
5498078000,r,1340
5498078000,r,1340
5498078000,r,1340
5498078000,r,1340
5498078000,r,1340
5498078000,r,1340
5498693000,s,124
5504376000,r,1340
5504377000,r,1340
5504377000,r,1340
5504377000,r,1340
5504377000,r,1340
5504377000,r,1340
5504377000,r,1340
5504377000,r,1340
5504471000,r,1340
5504471000,r,1340
5504471000,r,1340
5504472000,r,1340
5504472000,r,1340
5504472000,r,1340
5504472000,r,1340
5504472000,r,1340
5504508000,r,1340
5504508000,r,1340
5504508000,r,1340
5504508000,r,1340
5504508000,r,1340
5504508000,r,1340
5504508000,r,1340
5504509000,r,1340
5504795000,s,124
5505516000,s,124
5505631000,s,124
5505874000,s,124
5507213000,r,1340
5507213000,r,1340
5507213000,r,1340
5507213000,r,1340
5507213000,r,1340
5507213000,r,1340
5507213000,r,1340
5508069000,s,124
5509512000,r,1340
5509513000,r,1340
5509513000,r,1340
5509513000,r,1340
5509513000,r,1340
5509513000,r,1340
5509514000,r,1340
5509514000,r,1340
5510134000,s,124
5510522000,s,124
5510888000,s,124
5511053000,s,124
5512010000,r,1340
5512010000,r,1340
5512010000,r,1340
5512010000,r,1340
5512011000,r,1340
5512011000,r,1340
5512011000,r,1340
5512011000,r,1340
5512597000,s,124
5512643000,s,124
5512666000,s,124
5512802000,s,124
5518389000,r,1340
5518389000,r,1340
5518390000,r,1340
5518390000,r,1340
5519374000,s,124
5519439000,r,1340
5519439000,r,1340
5519439000,r,1340
5519439000,r,1340
5519439000,r,1340
5519439000,r,1340
5519439000,r,1340
5519440000,r,1340
5519519000,r,1340
5519519000,r,1340
5519520000,r,1340
5519520000,r,1340
5519520000,r,1340
5519520000,r,1340
5519520000,r,1340
5519520000,r,1340
5519554000,r,1340
5519554000,r,1340
5519554000,r,1340
5519555000,r,1340
5519555000,r,1340
5519555000,r,1340
5519818000,r,1340
5519818000,r,1340
5519818000,r,1340
5519969000,s,124
5520275000,s,124
5520424000,s,124
5520713000,s,124
5520970000,s,124
5521023000,r,1340
5521023000,r,1340
5521023000,r,1340
5521023000,r,1340
5521023000,r,1340
5521023000,r,1340
5521023000,r,1340
5521023000,r,1340
5521070000,s,124
5521070000,r,1340
5521070000,r,1340
5521070000,r,1340
5521071000,r,1340
5522377000,s,124
5522446000,s,124
5522461000,s,124
5522804000,s,124
5522928000,s,124
5523214000,s,124
5523249000,s,124
5524204000,s,124
5525647000,r,1340
5525647000,r,1340
5525647000,r,1340
5525648000,r,1340
5525648000,r,1340
5525648000,r,1340
5525648000,r,1340
5525648000,r,1340
5526109000,s,124
5526253000,s,124
5526386000,s,124
5526647000,s,124
5532832000,r,1340
5532833000,r,1340
5532833000,r,1340
5532833000,r,1340
5532833000,r,1340
5532833000,r,1340
5532833000,r,1340
5532833000,r,1340
5532940000,r,1340
5532940000,r,1340
5532940000,r,1340
5532940000,r,1340
5532941000,r,1340
5532941000,r,1340
5532941000,r,1340
5532941000,r,1340
5532977000,r,1340
5532977000,r,1340
5532978000,r,1340
5532978000,r,1340
5533402000,s,124
5533482000,s,124
5534598000,s,124
5535638000,r,1340
5535638000,r,1340
5535638000,r,1340
5535638000,r,1340
5535638000,r,1340
5535638000,r,1340
5535638000,r,1340
5535639000,r,1340
5535726000,r,1340
5535726000,r,1340
5535726000,r,1340
5535726000,r,1340
5535726000,r,1340
5535726000,r,1340
5535726000,r,1340
5535726000,r,1340
5535757000,r,1340
5535757000,r,1340
5536592000,s,124
5536610000,r,1340
5536610000,r,1340
5536610000,r,1340
5536610000,r,1340
5536610000,r,1340
5536610000,r,1340
5536610000,r,1340
5536611000,r,1340
5536668000,r,1340
5536668000,r,1340
5536668000,r,1340
5536674000,s,124
5536913000,s,124
5536955000,s,124
5537031000,s,124
5537751000,r,1340
5537751000,r,1340
5537751000,r,1340
5537751000,r,1340
5537751000,r,1340
5537752000,r,1340
5538173000,s,124
5544841000,r,1340
5544841000,r,1340
5544841000,r,1340
5544841000,r,1340
5544841000,r,1340
5544841000,r,1340
5544841000,r,1340
5544842000,r,1340
5545014000,r,1340
5545727000,s,124
5547055000,r,1340
5547055000,r,1340
5547055000,r,1340
5547055000,r,1340
5547055000,r,1340
5547055000,r,1340
5547055000,r,1340
5547056000,r,1340
5547127000,r,1340
5547127000,r,1340
5547128000,r,1340
5547128000,r,1340
5547128000,r,1340
5547128000,r,1340
5547128000,r,1340
5547128000,r,1340
5547158000,r,1340
5547158000,r,1340
5547657000,s,124
5547712000,s,124
5547727000,s,124
5547995000,s,124
5548077000,s,124
5548153000,s,124
5548219000,s,124
5548510000,s,124
5548815000,s,124
5549818000,r,1340
5549818000,r,1340
5549818000,r,1340
5549818000,r,1340
5549819000,r,1340
5549819000,r,1340
5549819000,r,1340
5549819000,r,1340
5549882000,r,1340
5549882000,r,1340
5549882000,r,1340
5549882000,r,1340
5549882000,r,1340
5549883000,r,1340
5549883000,r,1340
5549883000,r,1340
5549916000,r,1340
5549936000,r,1340
5549937000,r,1340
5549937000,r,1340
5549937000,r,1340
5549937000,r,1340
5549937000,r,1340
5549937000,r,1340
5549937000,r,1340
5549975000,r,1340
5549975000,r,1340
5549975000,r,1340
5549975000,r,1340
5549976000,r,1340
5550260000,s,124
5550483000,s,124
5550556000,s,124
5550951000,s,124
5551191000,s,124
5551282000,s,124
5551543000,s,124
5551620000,s,124
5551977000,s,124
5552061000,s,124
5560407000,r,1340
5560408000,r,1340
5560408000,r,1340
5560408000,r,1340
5560408000,r,1340
5560408000,r,1340
5560408000,r,1340
5560408000,r,1340
5560630000,r,1340
5560630000,r,1340
5560631000,r,1340
5560631000,r,1340
5560631000,r,1340
5560631000,r,1340
5560631000,r,1340
5560631000,r,1340
5560679000,r,1340
5560679000,r,1340
5561565000,s,124
5561705000,s,124
5561803000,s,124
5562048000,r,1340
5562048000,r,1340
5562048000,r,1340
5562049000,r,1340
5562049000,r,1340
5562049000,r,1340
5562049000,r,1340
5562049000,r,1340
5562158000,r,1340
5562158000,r,1340
5562158000,r,1340
5562158000,r,1340
5562158000,r,1340
5562159000,r,1340
5562159000,r,1340
5562693000,s,124
5562758000,s,124
5563864000,r,1340
5563864000,r,1340
5563864000,r,1340
5563865000,r,1340
5563865000,r,1340
5563865000,r,1340
5563865000,r,1340
5563865000,r,1340
5564021000,r,1340
5564021000,r,1340
5564021000,r,1340
5564021000,r,1340
5564022000,r,1340
5564022000,r,1340
5564022000,r,1340
5564022000,r,1340
5564085000,r,1340
5564085000,r,1340
5564447000,s,124
5564870000,r,1340
5564870000,r,1340
5564870000,r,1340
5564870000,r,1340
5564871000,r,1340
5564871000,r,1340
5565295000,s,124
5565436000,s,124
5565536000,s,124
5565656000,s,124
5565842000,s,124
5566099000,s,124
5572285000,r,1340
5572285000,r,1340
5572286000,r,1340
5573156000,r,1340
5573156000,r,1340
5573157000,r,1340
5573157000,r,1340
5573157000,r,1340
5573157000,r,1340
5573157000,r,1340
5573157000,r,1340
5573249000,r,1340
5573548000,r,1340
5573548000,r,1340
5573566000,s,124
5573549000,r,1340
5573549000,r,1340
5573549000,r,1340
5573549000,r,1340
5573805000,s,124
5573873000,s,124
5574653000,s,124
5575428000,r,1340
5575428000,r,1340
5575429000,r,1340
5575860000,r,1340
5575861000,r,1340
5575861000,r,1340
5575861000,r,1340
5575861000,r,1340
5575861000,r,1340
5575861000,r,1340
5575862000,r,1340
5575981000,r,1340
5575982000,r,1340
5575982000,r,1340
5575982000,r,1340
5575982000,r,1340
5575982000,r,1340
5575982000,r,1340
5577250000,r,1340
5577251000,r,1340
5577251000,r,1340
5577251000,r,1340
5577251000,r,1340
5577251000,r,1340
5577251000,r,1340
5577251000,r,1340
5577346000,r,1340
5577346000,r,1340
5577346000,r,1340
5577347000,r,1340
5577347000,r,1340
5577347000,r,1340
5577347000,r,1340
5577347000,r,1340
5577388000,r,1340
5577388000,r,1340
5577389000,r,1340
5577532000,s,124
5577929000,s,124
5578304000,s,124
5578370000,s,124
5578949000,r,1340
5578949000,r,1340
5578949000,r,1340
5578949000,r,1340
5578949000,r,1340
5578949000,r,1340
5578950000,r,1340
5578950000,r,1340
5579503000,s,124
5579832000,s,124
5579898000,s,124
5580274000,s,124
5586358000,r,1340
5586358000,r,1340
5586358000,r,1340
5586359000,r,1036
5587308000,s,124
8286532000,r,1340
8286533000,r,1340
8286533000,r,1340
8286534000,r,860
8286534000,r,860
8291020000,s,124
8291303000,s,124
8301483000,s,156
8354498000,r,124
10497110000,r,140
10497111000,r,124
10501420000,s,124
10543565000,s,124
14198728000,s,1340
14238821000,s,1340
14239286000,s,1340
14239504000,s,1340
14239688000,s,172
14266527000,r,140
14266527000,r,1340
14278456000,r,1340
14278456000,r,396
14278457000,r,1036
14287291000,s,1340
14289753000,s,140
14290096000,s,172
14290890000,s,124
14294774000,r,124
14306458000,r,220
14334223000,s,124
18322980000,r,156
18322980000,r,140
18322981000,r,140
18327931000,s,124
18331048000,s,124
18342446000,r,124
24164094000,s,156
24203172000,s,156
24203618000,s,156
24222447000,r,156