0,s,156
23543000,s,156
24350000,s,156
41023000,r,156
4226525000,s,140
4275709000,s,140
4276110000,s,140
4276198000,s,140
4276222000,s,140
4276272000,s,1340
4276290000,s,1340
4276304000,s,1340
4276316000,s,172
4276331000,s,1340
4276343000,s,1340
4276356000,s,172
4292549000,s,156
4292731000,s,156
4296688000,r,188
4302786000,r,140
4302786000,r,140
4302786000,r,140
4302787000,r,1340
4302787000,r,1340
4302787000,r,1340
4312861000,r,1340
4312861000,r,396
4312861000,r,1036
4312861000,r,124
4314546000,r,1340
4314547000,r,396
4314547000,r,1052
4314547000,r,124
4315096000,s,1340
4315624000,s,172
4315796000,s,124
4317354000,s,172
4317620000,s,124
4328257000,r,124
4328257000,r,124
4330169000,r,220
4330999000,s,124
4331945000,r,220
4332709000,s,124
4333430000,r,252
4340884000,r,188
4346892000,r,252
4348654000,s,124
4349790000,s,124
4356977000,r,172
4359990000,r,124
4361036000,s,124
4362583000,s,1340
4362683000,s,780
4372905000,r,124
4372905000,r,364
4374299000,s,124
4375247000,s,188
4375325000,s,1340
4375479000,s,1340
4375804000,s,204
4376402000,s,604
4376655000,s,172
4386055000,r,204
4386055000,r,172
4387454000,s,124
4387555000,s,156
4388701000,r,1372
4388701000,r,1372
4393548000,s,1340
4393747000,s,188
4394970000,s,316
4395422000,s,364
4397246000,r,124
4408964000,r,124
4412864000,r,124
4424910000,r,412
4427888000,s,140
4484951000,r,1340
4484952000,r,1340
4484952000,r,1340
4484952000,r,1340
4484952000,r,1340
4484953000,r,1340
4484953000,r,1340
4484953000,r,1340
4485368000,r,1340
4485369000,r,1340
4488142000,s,124
4488650000,s,124
4489115000,s,124
4489659000,s,124
4490647000,s,124
4500987000,r,700
4543234000,s,412
4543405000,s,348
4545476000,s,572
4549748000,s,140
4549985000,s,140
4550451000,s,140
4558365000,r,156
4563351000,r,124
4567398000,r,396
4567398000,r,1340
4567398000,r,1340
4567398000,r,1340
4567398000,r,1340
4567398000,r,1340
4567398000,r,1340
4567398000,r,1340
4567496000,r,1340
4567496000,r,1340
4567496000,r,1340
4567496000,r,1340
4567497000,r,1340
4567497000,r,1340
4567497000,r,508
4568362000,s,124
4568719000,s,124
4569119000,s,124
4569195000,r,1340
4569195000,r,1340
4569195000,r,1340
4569195000,r,1340
4569195000,r,1340
4569195000,r,1340
4569257000,s,124
4569195000,r,124
4569893000,s,124
4570316000,s,124
4570457000,s,124
4570890000,s,124
4570920000,s,124
4571082000,s,124
4579851000,r,876
4579851000,r,124
4579851000,r,284
4579851000,r,1340
4579851000,r,1340
4579851000,r,1340
4579851000,r,1340
4579852000,r,1340
4579987000,r,1340
4579988000,r,1340
4579988000,r,1340
4581550000,s,124
4581718000,s,124
4581818000,r,1340
4581867000,s,124
4581818000,r,1340
4581818000,r,1340
4581818000,r,156
4582018000,s,124
4582164000,s,124
4582313000,s,124
4582543000,s,124
4582764000,s,124
4583316000,r,236
4594853000,s,1340
4594951000,s,1340
4595416000,s,172
4597863000,s,124
4608048000,r,124
4609092000,s,124
4610227000,r,140
4610227000,r,1340
4612366000,s,1340
4612404000,s,764
4620895000,r,1340
4620896000,r,412
4620896000,r,1036
4620896000,r,124
4622015000,r,124
4623700000,r,124
4623701000,r,124
4623903000,r,364
4624221000,s,1340
4624282000,s,124
4624633000,s,172
4624729000,s,124
4625040000,s,124
4625556000,s,188
4625942000,s,668
4643211000,s,284
4643653000,s,236
4643716000,s,236
4643842000,s,236
4644781000,r,124
4644781000,r,124
4644782000,r,124
4644782000,r,204
4644782000,r,220
4644782000,r,1340
4644782000,r,1340
4644782000,r,1340
4644950000,r,1340
4644951000,r,1340
4645536000,s,124
4645581000,s,124
4645598000,s,124
4646620000,r,1340
4646620000,r,1340
4646620000,r,1340
4646620000,r,1340
4647539000,s,124
4647574000,s,124
4653727000,r,124
4655088000,s,124
4655738000,r,1340
4655738000,r,1340
4655738000,r,1340
4655738000,r,1340
4656086000,s,124
4656126000,s,124
4657030000,r,1340
4657031000,r,1340
4657031000,r,1340
4657031000,r,1340
4657031000,r,1340
4657031000,r,428
4657664000,s,124
4657706000,s,124
4657804000,s,124
4659720000,r,236
4660556000,s,284
4661006000,r,364
4661006000,r,364
4661007000,r,1340
4661007000,r,1340
4661007000,r,1340
4661431000,s,124
4661479000,s,124
4661493000,s,124
4661503000,s,124
4661513000,s,124
4662335000,r,1340
4662335000,r,1340
4662336000,r,1340
4662336000,r,1340
4662336000,r,1340
4662336000,r,1340
4662336000,r,1340
4662336000,r,1340
4662438000,r,1340
4662439000,r,1340
4662439000,r,508
4662439000,r,1340
4662487000,r,1340
4662487000,r,1340
4662487000,r,1340
4662830000,r,1340
4662830000,r,1340
4662831000,r,1340
4663263000,s,124
4663483000,s,124
4663559000,s,124
4663721000,s,124
4663795000,s,124
4663922000,s,124
4664046000,s,124
4664195000,s,124
4664270000,s,124
4664431000,s,124
4664533000,s,124
4664609000,s,124
4664781000,s,124
4664920000,s,124
4665026000,s,124
4665104000,s,124
4665169000,s,124
4665233000,s,124
4665509000,r,1340
4665510000,r,1340
4665510000,r,1340
4665510000,r,1340
4665510000,r,1340
4665510000,r,1340
4665510000,r,508
4665510000,r,1340
4665605000,r,1340
4665606000,r,1340
4665606000,r,1340
4665606000,r,1340
4665606000,r,1340
4665606000,r,1340
4665606000,r,1340
4665606000,r,1340
4665639000,r,1340
4665639000,r,1340
4665639000,r,1340
4665639000,r,1340
4665640000,r,508
4665640000,r,1340
4665640000,r,1340
4665640000,r,1340
4665665000,r,1340
4666663000,s,124
4666721000,s,124
4666847000,r,1340
4666847000,r,1340
4666847000,r,1340
4666847000,r,1340
4666848000,r,1340
4666848000,r,1340
4667006000,s,124
4667055000,s,124
4667167000,s,124
4667367000,s,124
4667541000,s,124
4667676000,s,124
4667768000,s,124
4667951000,s,124
4668130000,s,124
4668348000,s,124
4668382000,s,124
4668605000,s,124
4669052000,s,124
4669100000,s,124
4669120000,s,124
4669290000,s,124
4669436000,s,124
4669545000,s,124
4669626000,s,124
4669945000,s,124
4670048000,s,124
4670213000,s,124
4670394000,s,124
4670687000,s,124
4670712000,s,124
4670871000,s,124
4670990000,s,124
4671099000,s,124
4671295000,s,124
4676409000,r,1340
4676410000,r,1340
4676410000,r,1340
4676410000,r,1340
4676410000,r,1340
4677083000,r,1340
4677083000,r,1340
4677084000,r,1340
4677084000,r,1340
4677084000,r,1340
4677084000,r,1340
4677250000,s,124
4677365000,s,124
4677832000,r,1340
4677853000,s,124
4677897000,s,124
4677913000,s,124
4677833000,r,1340
4677833000,r,1340
4677928000,s,124
4677944000,s,124
4677967000,s,124
4678145000,s,124
4678216000,s,124
4678438000,s,124
4678824000,s,124
4678863000,r,1340
4678864000,r,1340
4678938000,s,124
4678864000,r,1340
4678864000,r,1340
4678864000,r,1340
4678865000,r,1340
4678865000,r,1340
4678865000,r,1340
4679007000,r,1340
4679008000,r,1340
4679008000,r,1340
4679025000,s,124
4679172000,s,124
4679272000,s,124
4679373000,s,124
4679484000,s,124
4679596000,s,124
4679695000,s,124
4679796000,s,124
4679895000,s,124
4679987000,s,124
4680079000,s,124
4680177000,s,124
4680208000,r,1340
4680208000,r,1340
4680208000,r,1340
4680208000,r,1340
4680209000,r,1340
4680209000,r,1340
4680209000,r,1340
4680209000,r,1340
4680323000,r,1340
4680323000,r,1340
4680323000,r,1340
4680324000,r,1340
4680324000,r,1340
4680324000,r,1340
4680324000,r,1340
4680324000,r,1340
4680364000,r,1340
4680364000,r,1340
4680365000,r,1340
4680365000,r,1340
4680365000,r,1340
4681039000,s,124
4681182000,s,124
4681220000,s,124
4681306000,s,124
4681429000,s,124
4681475000,s,124
4681570000,s,124
4681648000,s,124
4681746000,s,124
4681844000,s,124
4681951000,s,124
4682035000,s,124
4682189000,s,124
4682250000,r,1340
4682280000,s,124
4682250000,r,1340
4682250000,r,1340
4682250000,r,1340
4682250000,r,1340
4682250000,r,1340
4682251000,r,1340
4682251000,r,1340
4682351000,r,1340
4682352000,r,1340
4682352000,r,1340
4682352000,r,1340
4682352000,r,1340
4682352000,r,1340
4682352000,r,1340
4682353000,r,1340
4682394000,r,1340
4682395000,r,1340
4682395000,r,1340
4682395000,r,1340
4682395000,r,1340
4682395000,r,1340
4682458000,r,1340
4682459000,r,1340
4682459000,r,1340
4682491000,s,124
4682459000,r,1340
4682459000,r,1340
4682459000,r,1340
4682557000,s,124
4682618000,s,124
4682634000,s,124
4682667000,s,124
4682821000,s,124
4683144000,s,124
4683242000,s,124
4683324000,s,124
4683408000,s,124
4683484000,s,124
4683564000,s,124
4683650000,s,124
4684006000,s,124
4684092000,s,124
4684141000,s,124
4684206000,s,124
4684248000,s,124
4684402000,s,124
4684476000,s,124
4684524000,s,124
4684537000,r,1340
4684571000,s,124
4684537000,r,1340
4684537000,r,1340
4684537000,r,1340
4684538000,r,1340
4684538000,r,1340
4684538000,r,1340
4684538000,r,1340
4684650000,r,1340
4684650000,r,1340
4684650000,r,1340
4684650000,r,1340
4684650000,r,1340
4684651000,r,1340
4684651000,r,1340
4684651000,r,1340
4684692000,r,1340
4684693000,r,1340
4684693000,r,1340
4684693000,r,1340
4684693000,r,1340
4684693000,r,1340
4684715000,s,124
4684693000,r,1340
4684694000,r,1340
4684773000,s,124
4684897000,s,124
4684982000,s,124
4685061000,s,124
4685134000,s,124
4685206000,s,124
4685254000,s,124
4685329000,s,124
4685399000,s,124
4685452000,s,124
4685502000,s,124
4685549000,s,124
4685599000,s,124
4685646000,s,124
4685676000,r,1340
4685716000,s,124
4685676000,r,1340
4685676000,r,1340
4685785000,s,124
4686018000,s,124
4686090000,s,124
4686275000,s,124
4686317000,s,124
4686577000,s,124
4686634000,s,124
4686651000,s,124
4686670000,s,124
4686680000,s,124
4686690000,s,124
4686699000,s,124
4686712000,s,124
4686845000,s,124
4686985000,s,124
4687069000,s,124
4687101000,r,1340
4687132000,s,124
4687101000,r,1340
4687101000,r,1340
4687101000,r,1340
4687101000,r,1340
4687101000,r,1340
4687101000,r,1340
4687382000,s,124
4687430000,s,124
4687456000,s,124
4687469000,s,124
4687478000,s,124
4687505000,s,124
4687515000,s,124
4687703000,s,124
4687828000,s,124
4687879000,s,124
4688028000,s,124
4688078000,s,124
4688103000,s,124
4688118000,s,124
4688861000,r,1340
4688861000,r,1340
4689243000,s,124
4689313000,s,124
4690273000,r,1340
4690273000,r,1340
4690273000,r,1340
4690273000,r,1340
4690273000,r,1340
4690273000,r,1340
4690273000,r,1340
4690273000,r,1340
4690362000,r,1340
4690362000,r,1340
4690362000,r,1340
4690362000,r,1340
4690750000,s,124
4690847000,s,124
4690919000,s,124
4691044000,s,124
4691121000,s,124
4691205000,s,124
4691282000,s,124
4691356000,s,124
4691433000,s,124
4691490000,s,124
4691551000,s,124
4691629000,s,124
4692450000,r,1340
4692450000,r,1340
4692450000,r,1340
4692450000,r,1340
4692450000,r,1340
4692451000,r,1340
4692451000,r,1340
4692451000,r,1340
4692591000,r,1340
4692591000,r,1340
4692591000,r,1340
4692591000,r,1340
4692591000,r,1340
4692592000,r,1340
4692592000,r,1340
4692592000,r,1340
4692999000,s,124
4693051000,s,124
4693086000,s,124
4693185000,s,124
4693332000,s,124
4693350000,s,124
4693505000,s,124
4693834000,s,124
4693943000,s,124
4694045000,s,124
4694121000,s,124
4694244000,s,124
4694332000,s,124
4694803000,s,124
4694871000,s,124
4694952000,s,124
4695218000,r,1340
4695218000,r,1340
4695218000,r,1340
4695218000,r,1340
4695219000,r,1340
4695219000,r,1340
4695219000,r,1340
4695219000,r,1340
4695371000,r,1340
4695371000,r,1340
4695371000,r,1340
4695371000,r,1340
4695372000,r,1340
4695372000,r,1340
4695372000,r,1340
4695372000,r,1340
4695432000,r,1340
4695432000,r,1340
4695433000,r,1340
4695433000,r,1340
4695433000,r,1340
4695433000,r,1340
4695433000,r,1340
4695434000,r,1340
4695493000,r,1340
4695493000,r,1340
4695493000,r,1340
4695548000,r,1340
4695548000,r,1340
4695548000,r,1340
4695549000,r,1340
4695549000,r,1340
4695549000,r,1340
4695797000,s,124
4696128000,s,124
4696223000,s,124
4696332000,s,124
4696387000,s,124
4696563000,s,124
4696619000,s,124
4696673000,s,124
4697048000,s,124
4697078000,s,124
4697090000,s,124
4697174000,s,124
4697311000,s,124
4697327000,s,124
4697346000,s,124
4697360000,s,124
4697572000,s,124
4697624000,r,1340
4697625000,r,1340
4697654000,s,124
4697625000,r,1340
4697625000,r,1340
4697625000,r,1340
4697625000,r,1340
4697625000,r,1340
4697625000,r,1340
4697691000,r,1340
4697691000,r,1340
4697691000,r,1340
4697691000,r,1340
4697692000,r,1340
4697692000,r,1340
4697692000,r,1340
4697692000,r,1340
4697762000,r,1340
4697762000,r,1340
4697762000,r,1340
4697762000,r,1340
4697762000,r,1340
4697762000,r,1340
4697762000,r,1340
4698131000,s,124
4698210000,s,124
4698225000,r,1340
4698226000,r,1340
4698226000,r,1340
4698284000,s,124
4698356000,s,124
4698412000,s,124
4698485000,s,124
4698552000,r,1340
4698552000,r,1340
4698552000,r,1340
4698615000,s,124
4698784000,s,124
4698868000,s,124
4698925000,s,124
4699148000,s,124
4699244000,s,124
4699330000,s,124
4699397000,s,124
4699465000,s,124
4699545000,s,124
4699607000,s,124
4699673000,s,124
4699756000,s,124
4699844000,s,124
4699920000,s,124
4699990000,s,124
4700096000,r,1340
4700128000,s,124
4700096000,r,1340
4700096000,r,1340
4700097000,r,1340
4700097000,r,1340
4700097000,r,1340
4700097000,r,1340
4700097000,r,1340
4700208000,s,124
4700226000,r,1340
4700226000,r,1340
4700226000,r,1340
4700227000,r,1340
4700227000,r,1340
4700227000,r,1340
4700227000,r,1340
4700227000,r,1340
4700260000,r,1340
4700260000,r,1340
4700261000,r,1340
4700261000,r,1340
4700261000,r,1340
4700261000,r,1340
4700261000,r,1340
4700261000,r,1340
4700289000,r,1340
4700289000,r,1340
4700290000,r,1340
4700377000,s,124
4700447000,s,124
4700519000,s,124
4700569000,s,124
4700656000,s,124
4700720000,s,124
4700725000,r,1340
4700725000,r,1340
4700770000,s,124
4700725000,r,1340
4700725000,r,1340
4700725000,r,1340
4700725000,r,1340
4700725000,r,1340
4700726000,r,1340
4700796000,r,1340
4700876000,s,124
4700941000,s,124
4701002000,s,124
4701064000,s,124
4701141000,s,124
4701214000,s,124
4701285000,s,124
4701355000,s,124
4701429000,s,124
4701512000,s,124
4701584000,s,124
4701659000,s,124
4701738000,s,124
4701811000,s,124
4702101000,r,1340
4702102000,r,1340
4702102000,r,1340
4702102000,r,1340
4702102000,r,1340
4702102000,r,1340
4702102000,r,1340
4702102000,r,1340
4702167000,r,1340
4702167000,r,1340
4702167000,r,1340
4702167000,r,1340
4702167000,r,1340
4702167000,r,1340
4702167000,r,1340
4702167000,r,1340
4702198000,r,1340
4702198000,r,1340
4702198000,r,1340
4702198000,r,1340
4702199000,r,1340
4702199000,r,1340
4702199000,r,1340
4702199000,r,1340
4702248000,s,124
4702370000,s,124
4702463000,s,124
4702643000,s,124
4702734000,s,124
4702804000,s,124
4702852000,s,124
4702906000,s,124
4702961000,s,124
4703014000,s,124
4703063000,s,124
4703111000,s,124
4703162000,s,124
4703213000,s,124
4703259000,s,124
4703308000,s,124
4703358000,s,124
4703412000,s,124
4703464000,s,124
4703514000,s,124
4703591000,s,124
4703647000,s,124
4703700000,s,124
4703755000,s,124
4703826000,s,124
4703904000,s,124
4703961000,s,124
4704037000,s,124
4704170000,s,124
4704254000,s,124
4704330000,s,124
4704408000,s,124
4704483000,s,124
4704558000,s,124
4704630000,s,124
4704713000,s,124
4704746000,r,1340
4704746000,r,1340
4704747000,r,1340
4704747000,r,1340
4704747000,r,1340
4704747000,r,1340
4704747000,r,1340
4704823000,s,124
4704747000,r,1340
4704884000,r,1340
4704951000,s,124
4705030000,s,124
4705105000,s,124
4705184000,s,124
4705526000,s,124
4705614000,s,124
4705676000,s,124
4705724000,s,124
4705763000,s,124
4705811000,s,124
4705871000,s,124
4705925000,s,124
4705979000,s,124
4706030000,s,124
4706082000,s,124
4706139000,s,124
4706161000,r,1340
4706195000,s,124
4706161000,r,1340
4706161000,r,1340
4706161000,r,1340
4706161000,r,1340
4706162000,r,1340
4706162000,r,1340
4706162000,r,1340
4706255000,s,124
4706257000,r,1340
4706258000,r,1340
4706258000,r,1340
4706258000,r,1340
4706258000,r,1340
4706258000,r,1340
4706258000,r,1340
4706258000,r,1340
4706297000,r,1340
4706297000,r,1340
4706298000,r,1340
4706298000,r,1340
4706298000,r,1340
4706298000,r,1340
4706320000,s,124
4706298000,r,1340
4706298000,r,1340
4706340000,r,1340
4706340000,r,1340
4706340000,r,1340
4706341000,r,1340
4706341000,r,1340
4706341000,r,1340
4706396000,r,1340
4706398000,s,124
4706396000,r,1340
4706397000,r,1340
4706448000,s,124
4706494000,s,124
4706563000,s,124
4706633000,s,124
4706676000,s,124
4706716000,s,124
4706837000,r,1340
4706837000,r,1340
4706837000,r,1340
4706837000,r,1340
4706837000,r,1340
4706838000,r,1340
4706928000,s,124
4706937000,r,1340
4706937000,r,1340
4706937000,r,1340
4707002000,s,124
4707055000,s,124
4707121000,s,124
4707174000,s,124
4707230000,s,124
4707237000,r,1340
4707237000,r,1340
4707237000,r,1340
4707301000,s,124
4707378000,s,124
4707437000,s,124
4707488000,s,124
4707556000,s,124
4707623000,s,124
4707693000,r,1340
4707693000,r,1340
4707693000,r,1340
4707693000,r,1340
4707693000,r,1340
4707694000,r,1340
4707694000,r,1340
4707694000,r,1340
4707772000,r,1340
4707836000,s,124
4707925000,s,124
4707990000,s,124
4708042000,s,124
4708097000,s,124
4708171000,s,124
4708240000,s,124
4708298000,s,124
4708371000,s,124
4708439000,s,124
4708512000,s,124
4708582000,s,124
4708698000,s,124
4709079000,s,124
4709172000,s,124
4709253000,s,124
4709333000,s,124
4709408000,s,124
4709486000,s,124
4709562000,s,124
4709740000,s,124
4709821000,s,124
4709903000,s,124
4709988000,s,124
4710078000,s,124
4710164000,s,124
4710259000,s,124
4710360000,s,124
4710582000,s,124
4710585000,r,1340
4710585000,r,1340
4710585000,r,1340
4710586000,r,1340
4710586000,r,1340
4710586000,r,1340
4710586000,r,1340
4710669000,s,124
4710586000,r,1340
4710692000,r,1340
4710692000,r,1340
4710692000,r,1340
4710692000,r,1340
4710692000,r,1340
4710693000,r,1340
4710693000,r,1340
4710693000,r,1340
4710737000,r,1340
4710737000,r,1340
4710737000,r,1340
4710754000,s,124
4710832000,s,124
4710833000,r,1340
4710833000,r,1340
4710833000,r,1340
4710928000,s,124
4711019000,s,124
4711069000,r,1340
4711110000,s,124
4711069000,r,1340
4711069000,r,1340
4711069000,r,1340
4711069000,r,1340
4711069000,r,1340
4711185000,s,124
4711257000,s,124
4711351000,s,124
4711356000,r,1340
4711356000,r,1340
4711356000,r,1340
4711534000,s,124
4711637000,s,124
4711653000,r,1340
4711653000,r,1340
4711653000,r,1340
4711746000,r,1340
4711746000,r,1340
4711746000,r,1340
4711926000,s,124
4712024000,s,124
4712108000,s,124
4712106000,r,1340
4712106000,r,1340
4712106000,r,1340
4712106000,r,1340
4712106000,r,1340
4712107000,r,1340
4712198000,s,124
4712354000,s,124
4712451000,s,124
4712534000,s,124
4712606000,s,124
4712664000,s,124
4712771000,s,124
4712883000,s,124
4712967000,s,124
4713022000,s,124
4713393000,s,124
4713554000,s,124
4713635000,s,124
4713691000,s,124
4713778000,s,124
4713828000,s,124
4713866000,s,124
4713880000,r,1340
4713905000,s,124
4713880000,r,1340
4713880000,r,1340
4713880000,r,1340
4713881000,r,1340
4713881000,r,1340
4713881000,r,1340
4713881000,r,1340
4713966000,s,124
4714006000,s,124
4714064000,s,124
4714130000,s,124
4714184000,s,124
4714632000,r,1340
4714632000,r,1340
4714633000,r,1340
4714633000,r,1340
4714633000,r,1340
4714633000,r,1340
4714633000,r,1340
4714633000,r,1340
4714669000,r,1340
4714669000,r,1340
4714669000,r,1340
4714669000,r,1340
4714670000,r,1340
4714670000,r,1340
4714670000,r,1340
4714720000,r,1340
4714720000,r,1340
4714720000,r,1340
4714941000,r,1340
4714941000,r,1340
4714959000,s,124
4714942000,r,1340
4715045000,s,124
4715086000,r,1340
4715095000,s,124
4715086000,r,1340
4715086000,r,1340
4715087000,r,1340
4715087000,r,1340
4715087000,r,1340
4715162000,s,124
4715215000,s,124
4715261000,s,124
4715308000,s,124
4715367000,s,124
4715414000,s,124
4715423000,r,1340
4715423000,r,1340
4715423000,r,1340
4715469000,s,124
4715521000,s,124
4715571000,s,124
4715627000,s,124
4715687000,s,124
4715743000,s,124
4715794000,s,124
4715843000,s,124
4715898000,s,124
4715951000,s,124
4715999000,s,124
4716042000,s,124
4716098000,s,124
4716160000,s,124
4716212000,s,124
4716259000,s,124
4716301000,s,124
4716328000,r,1340
4716328000,r,1340
4716328000,r,1340
4716360000,s,124
4716328000,r,1340
4716328000,r,1340
4716328000,r,1340
4716329000,r,1340
4716329000,r,1340
4716386000,r,1340
4716418000,s,124
4716474000,s,124
4716525000,s,124
4716573000,s,124
4716619000,s,124
4716679000,s,124
4716729000,s,124
4716773000,s,124
4716822000,s,124
4716909000,s,124
4716982000,s,124
4717049000,s,124
4717109000,s,124
4717188000,s,124
4717245000,s,124
4717292000,s,124
4717396000,s,124
4717452000,s,124
4717508000,s,124
4717590000,s,124
4717660000,s,124
4717734000,s,124
4717812000,s,124
4717861000,s,124
4717913000,s,124
4717983000,s,124
4718046000,s,124
4718088000,s,124
4718125000,s,124
4718162000,s,124
4718204000,s,124
4718247000,s,124
4718290000,s,124
4718367000,s,124
4718421000,s,124
4718458000,r,1340
4718458000,r,1340
4718458000,r,1340
4718458000,r,1340
4718458000,r,1340
4718458000,r,1340
4718458000,r,1340
4718459000,r,1340
4718538000,r,1340
4718539000,r,1340
4718539000,r,1340
4718539000,r,1340
4718539000,r,1340
4718539000,r,1340
4718539000,r,1340
4718539000,r,1340
4718572000,r,1340
4718572000,r,1340
4718572000,r,1340
4718572000,r,1340
4718572000,r,1340
4718572000,r,1340
4718572000,r,1340
4718572000,r,1340
4718603000,r,1340
4718603000,r,1340
4718603000,r,1340
4718603000,r,1340
4718603000,r,1340
4718604000,r,1340
4718604000,r,1340
4718604000,r,1340
4718633000,r,1340
4718633000,r,1340
4718633000,r,1340
4718633000,r,1340
4719217000,s,124
4719979000,s,124
4720090000,s,124
4720165000,s,124
4720308000,s,124
4720378000,s,124
4720579000,s,124
4720699000,s,124
4720884000,r,1340
4720884000,r,1340
4720884000,r,1340
4720884000,r,1340
4720884000,r,1340
4720884000,r,1340
4720884000,r,1340
4720885000,r,1340
4720949000,r,1340
4720949000,r,1340
4720950000,r,1340
4720950000,r,1340
4720950000,r,1340
4720950000,r,1340
4720950000,r,1340
4720950000,r,1340
4720975000,r,1340
4720975000,r,1340
4720975000,r,1340
4720975000,r,1340
4720975000,r,1340
4720975000,r,1340
4720975000,r,1340
4720975000,r,1340
4721000000,r,1340
4721000000,r,1340
4721000000,r,1340
4721000000,r,1340
4721000000,r,1340
4721000000,r,1340
4721055000,s,124
4721129000,s,124
4721170000,r,1340
4721170000,r,1340
4721170000,r,1340
4721583000,r,1340
4721583000,r,1340
4721583000,r,1340
4721583000,r,1340
4721583000,r,1340
4721583000,r,1340
4721858000,s,1340
4721891000,s,284
4721901000,s,124
4721922000,s,124
4722028000,r,1340
4722028000,r,1340
4722028000,r,1340
4722028000,r,1340
4722028000,r,1340
4722028000,r,1340
4722028000,r,1340
4722028000,r,1340
4722065000,r,1340
4722178000,s,124
4722277000,s,124
4722394000,s,124
4722601000,s,124
4722765000,s,124
4722943000,s,124
4723121000,s,124
4723284000,s,124
4723471000,s,124
4723659000,s,124
4723846000,s,124
4724041000,s,124
4724336000,s,124
4724388000,s,124
4724555000,s,124
4724720000,s,124
4724957000,s,124
4725178000,s,124
4725372000,s,124
4725595000,s,124
4725626000,s,124
4734411000,r,1340
4734411000,r,1340
4734411000,r,1340
4734411000,r,1340
4734411000,r,1340
4734411000,r,1340
4734411000,r,1340
4734411000,r,1340
4734544000,r,1340
4734544000,r,1340
4734544000,r,1340
4734544000,r,1340
4734544000,r,1340
4734544000,r,1340
4734544000,r,1340
4734544000,r,1340
4734576000,r,1340
4734576000,r,1340
4734576000,r,1340
4734577000,r,1340
4734577000,r,1340
4734577000,r,1340
4734577000,r,1340
4734577000,r,1340
4734607000,r,1340
4734607000,r,1340
4734607000,r,1340
4734607000,r,1340
4734607000,r,1340
4734607000,r,1340
4734608000,r,1340
4734608000,r,1340
4734636000,r,1340
4734636000,r,1340
4734636000,r,1340
4734637000,r,1340
4734637000,r,1340
4734637000,r,1340
4734637000,r,1340
4734637000,r,1340
4734664000,r,1340
4734664000,r,1340
4734664000,r,1340
4734664000,r,1340
4734664000,r,1340
4734664000,r,1340
4734664000,r,1340
4734664000,r,1340
4734690000,r,1340
4734690000,r,1340
4734690000,r,1340
4734690000,r,1340
4734691000,r,1340
4734691000,r,1340
4734691000,r,1340
4734691000,r,1340
4734745000,r,1340
4734745000,r,1340
4734745000,r,1340
4734745000,r,1340
4734745000,r,1340
4734745000,r,1340
4734745000,r,1340
4734745000,r,1340
4734798000,r,1340
4734798000,r,1340
4734798000,r,1340
4734798000,r,1340
4734799000,r,1340
4734799000,r,1340
4734799000,r,1340
4734799000,r,1340
4734839000,r,1340
4734839000,r,1340
4734839000,r,1340
4734839000,r,1340
4734839000,r,1340
4734839000,r,1340
4734839000,r,1340
4734839000,r,1340
4734865000,r,1340
4734865000,r,1340
4734865000,r,1340
4734865000,r,1340
4734865000,r,1340
4734865000,r,1340
4734865000,r,1340
4734865000,r,1340
4734891000,r,1340
4734891000,r,1340
4734891000,r,1340
4734891000,r,1340
4734891000,r,1340
4734891000,r,1340
4734891000,r,1340
4734891000,r,1340
4734916000,r,1340
4734917000,r,1340
4734917000,r,1340
4734917000,r,1340
4734917000,r,1340
4734917000,r,1340
4734929000,s,124
4734917000,r,1340
4734917000,r,1340
4734945000,r,1340
4734945000,r,1340
4734945000,r,1340
4734946000,r,1340
4734946000,r,1340
4734946000,r,1340
4734946000,r,1340
4734946000,r,1340
4734972000,r,1340
4734972000,r,1340
4734972000,r,1340
4734972000,r,1340
4734973000,r,1340
4734973000,r,1340
4734973000,r,1340
4734973000,r,1340
4734998000,r,1340
4734998000,r,1340
4734998000,r,1340
4734998000,r,1340
4734999000,r,1340
4734999000,r,1340
4734999000,r,1340
4734999000,r,1340
4735047000,r,1340
4735047000,r,1340
4735047000,r,1340
4735047000,r,1340
4735047000,r,1340
4735047000,r,1340
4735047000,r,1340
4735047000,r,1340
4735074000,r,1340
4735074000,r,1340
4735074000,r,1340
4735074000,r,1340
4735074000,r,1340
4735074000,r,1340
4735074000,r,1340
4735074000,r,1340
4735099000,r,1340
4735099000,r,1340
4735099000,r,1340
4735099000,r,1340
4735099000,r,1340
4735099000,r,1340
4735099000,r,1340
4735100000,r,1340
4735124000,r,1340
4735124000,r,1340
4735124000,r,1340
4735124000,r,1340
4735124000,r,1340
4735125000,r,1340
4735125000,r,1340
4735125000,r,1340
4735147000,r,1340
4735147000,r,1340
4735158000,r,1340
4735158000,r,1340
4735158000,r,1340
4735158000,r,1340
4735158000,r,1340
4735158000,r,1340
4735158000,r,1340
4735173000,s,124
4735159000,r,1340
4735182000,r,1340
4735262000,s,124
4735490000,s,124
4735551000,s,124
4735993000,s,124
4736045000,s,124
4736060000,s,124
4736073000,s,124
4736082000,s,124
4736103000,s,124
4736260000,s,124
4736298000,r,1340
4736298000,r,1340
4736298000,r,1340
4736298000,r,1340
4736298000,r,1340
4736299000,r,1340
4736299000,r,1340
4736299000,r,1340
4736380000,r,1340
4736570000,s,124
4736742000,s,124
4736940000,s,124
4737092000,r,1340
4737092000,r,1340
4737092000,r,1340
4737092000,r,1340
4737093000,r,1084
4737486000,s,124
4737733000,s,124
4737833000,s,124
4738035000,s,124
4738157000,s,124
4738311000,s,124
4738398000,s,124
4738594000,s,124
4739124000,s,124
4739363000,s,124
4739404000,s,124
4739420000,s,124
4739689000,s,124
4739907000,s,124
4740108000,s,124
4740284000,s,124
4740480000,s,124
4740731000,s,124
4740951000,s,124
4741134000,s,124
4741312000,s,124
4741499000,s,124
4741755000,s,124
4741835000,s,124
4741927000,s,124
4741986000,s,124
4742193000,s,124
4742363000,s,124
4742629000,s,124
4742807000,s,124
4742961000,s,124
4743267000,s,124
4743356000,s,124
4743645000,s,124
4743976000,s,124
4744066000,s,124
4744166000,s,124
4744255000,s,124
4744371000,s,124
4744567000,s,124
4744975000,s,124
4745045000,s,124
4745401000,s,124
4745445000,r,124
4745445000,r,124
4745495000,s,124
4745659000,s,124
4745986000,s,124
4746089000,s,124
4746231000,s,124
4746442000,s,124
4746866000,s,124
4746914000,s,124
4746982000,s,124
4747008000,s,124
4747318000,s,124
4747514000,s,124
4747782000,s,124
4760063000,s,284
4790433000,r,380
4812872000,r,124
4833636000,s,124
4944881000,r,1340
4944881000,r,1340
4944881000,r,1340
4944881000,r,860
4946397000,s,124
4946493000,s,124
9852997000,r,140
9852998000,r,124
9852998000,r,124
9856950000,s,124
9866952000,s,176
9867739000,s,124
9876882000,r,120
9885757000,s,60
15021011000,r,156
15021012000,r,140
15021012000,r,124
15021013000,r,124
15027841000,s,124
15028797000,s,124
15041044000,r,124
16733336000,s,1340
16772680000,s,1340
16774280000,s,1340
16774509000,s,1340
16774554000,s,172
16801036000,r,140
16801036000,r,1340
16813444000,r,1340
16813444000,r,396
16813445000,r,1036
16820418000,s,1340
16823072000,s,140
16823393000,s,172
16824641000,s,124
16824985000,r,124
16840980000,r,220
16869743000,s,124
22154364000,s,156
22193691000,s,156
22194229000,s,156
22212931000,r,156