0,r,140
2131000,s,124
4849639000,s,124
4889980000,s,124
4890419000,s,124
4890549000,s,124
4890569000,s,124
4908750000,r,236
4908751000,r,172
4908751000,r,236
4915727000,s,124
4916431000,s,124
4926994000,r,124
4928565000,s,124
4929417000,s,1340
4929474000,s,716
4935254000,s,1340
4935951000,s,1340
4936825000,s,172
4939049000,r,124
4940385000,r,364
4940946000,s,124
4941844000,s,188
4943402000,s,204
4944157000,s,668
4949581000,r,1372
4949581000,r,1372
4951943000,r,204
4954051000,s,1340
4954162000,s,188
4954320000,r,124
4954320000,r,172
4955580000,s,316
4955694000,s,124
4955729000,s,396
4956107000,s,156
4971969000,r,124
4972242000,r,1196
4975966000,s,156
4980530000,s,236
4990630000,r,252
4990630000,r,252
4990630000,r,124
4994140000,s,140
4994986000,r,124
5019720000,s,140
5020367000,s,316
5021520000,s,396
5036032000,r,124
5052021000,r,252
5052022000,r,252
5055433000,s,140
5532106000,r,1340
5532107000,r,1340
5532107000,r,1340
5532108000,r,1340
5532108000,r,1340
5532109000,r,1340
5532109000,r,1340
5532110000,r,1340
5532807000,r,1212
5536885000,s,124
5537541000,s,124
5538201000,s,124
5539682000,s,124
5540350000,r,1212
5542893000,s,124
5611575000,s,476
5611811000,s,364
5629003000,r,124
5643851000,s,124
5647473000,s,124
5647827000,r,1340
5647827000,r,1340
5647827000,r,620
5647827000,r,1340
5647827000,r,1340
5647827000,r,1340
5647828000,r,1340
5647828000,r,1340
5648203000,r,1340
5648203000,r,1340
5648203000,r,1340
5648203000,r,1340
5648203000,r,1340
5648203000,r,1340
5648204000,r,1340
5648204000,r,1340
5648266000,r,508
5648266000,r,1340
5648976000,s,124
5649038000,s,124
5649077000,s,124
5649091000,s,124
5649104000,s,124
5649116000,s,124
5649128000,s,124
5649139000,s,124
5649149000,s,124
5649159000,s,124
5649563000,s,124
5649588000,s,124
5649599000,s,124
5649625000,s,124
5649636000,s,124
5649647000,s,124
5649656000,s,124
5649667000,s,124
5650062000,s,124
5650371000,r,204
5653668000,r,140
5657753000,r,204
5659059000,r,1340
5659059000,r,1340
5659267000,s,124
5659479000,r,796
5659693000,s,124
5659824000,s,124
5659994000,s,124
5670870000,r,124
5672352000,s,124
5673321000,s,1340
5673444000,s,796
5704595000,s,796
5712065000,r,124
5712066000,r,124
5712066000,r,364
5713746000,s,124
5714349000,s,188
5714934000,r,124
5715097000,s,284
5715404000,s,668
5724421000,r,124
5724422000,r,204
5725076000,r,124
5731948000,r,1340
5731948000,r,1340
5731948000,r,1340
5731948000,r,1340
5732913000,s,124
5733094000,s,124
5733627000,r,1340
5733627000,r,1340
5733627000,r,1340
5733627000,r,1340
5733628000,r,1340
5733628000,r,364
5733628000,r,1340
5733628000,r,1340
5733761000,r,1340
5733761000,r,1340
5733762000,r,1340
5733762000,r,1340
5733762000,r,1340
5733762000,r,1340
5733762000,r,1340
5733762000,r,1340
5733833000,r,1340
5733833000,r,1340
5733833000,r,1340
5733833000,r,1340
5733833000,r,1340
5733834000,r,1340
5733834000,r,1340
5733834000,r,1340
5733892000,r,1340
5733892000,r,1340
5734316000,s,124
5734441000,s,124
5734804000,s,124
5735071000,r,1340
5735093000,s,124
5735071000,r,1340
5735071000,r,1340
5735071000,r,1340
5735072000,r,1340
5735285000,s,124
5735382000,s,124
5735520000,s,124
5735669000,s,124
5735816000,s,124
5735999000,s,124
5736134000,s,124
5736268000,s,124
5736402000,s,124
5736621000,s,124
5736849000,s,124
5736982000,s,124
5737125000,s,124
5737240000,s,124
5737321000,s,124
5737385000,s,124
5737445000,s,124
5737507000,s,124
5737572000,s,124
5737639000,s,124
5737706000,s,124
5737772000,s,124
5737840000,s,124
5737902000,s,124
5737954000,s,124
5745270000,r,1340
5745270000,r,1340
5745271000,r,1340
5746651000,r,1340
5746652000,r,1340
5746652000,r,1340
5746652000,r,1340
5746653000,r,1340
5746653000,r,1340
5746653000,r,428
5746653000,r,1340
5746810000,r,1340
5747385000,r,1340
5747385000,r,1340
5747386000,r,1340
5747386000,r,1340
5747386000,r,1340
5747386000,r,1340
5747387000,r,1340
5747821000,s,124
5747997000,s,124
5748052000,s,124
5748077000,s,124
5748188000,s,124
5748237000,s,124
5748276000,s,124
5748308000,s,124
5748331000,s,124
5748551000,s,124
5748626000,s,124
5748656000,s,124
5748679000,s,124
5748700000,s,124
5750578000,r,1340
5750578000,r,1340
5750578000,r,1340
5750578000,r,1340
5750578000,r,1340
5750579000,r,1340
5750579000,r,1340
5750579000,r,124
5751418000,s,124
5751483000,s,124
5751502000,s,124
5751520000,s,124
5751532000,s,124
5751542000,s,124
5751552000,s,124
5751562000,s,124
5784481000,s,412
5784907000,s,364
5799284000,s,236
5800198000,s,220
5800231000,s,220
5800519000,s,220
5810280000,s,1340
5810352000,s,316
5815400000,r,124
5822304000,r,124
5822304000,r,124
5822304000,r,364
5823489000,r,1340
5823489000,r,1340
5823489000,r,1340
5824285000,s,124
5824414000,s,124
5826349000,r,1340
5826350000,r,1340
5826350000,r,1340
5826350000,r,1340
5826350000,r,1340
5826350000,r,1340
5826351000,r,1340
5826351000,r,1340
5826478000,r,1340
5826478000,r,1340
5826478000,r,1244
5827198000,s,124
5827257000,s,124
5827272000,s,124
5827282000,s,124
5827296000,s,124
5827946000,r,364
5827946000,r,1340
5827946000,r,1340
5828884000,r,1340
5828910000,s,124
5828884000,r,1340
5828968000,s,124
5828884000,r,1340
5828884000,r,1340
5828885000,r,1340
5828885000,r,1340
5828885000,r,1340
5828885000,r,1340
5829012000,r,1340
5829013000,r,1340
5829763000,s,124
5829800000,s,124
5829818000,s,124
5829947000,s,124
5829987000,s,124
5835436000,r,1340
5835436000,r,1340
5835436000,r,1340
5835436000,r,1340
5836017000,s,124
5836060000,s,124
5837776000,r,1340
5837776000,r,1340
5837776000,r,1340
5838253000,r,1340
5838292000,s,124
5838613000,s,124
5841386000,r,1340
5841386000,r,1340
5841386000,r,1340
5841386000,r,1340
5841386000,r,1340
5841386000,r,1340
5841387000,r,1340
5841387000,r,1340
5841468000,r,1340
5841468000,r,1340
5841468000,r,1340
5841468000,r,1340
5841468000,r,1340
5841468000,r,1340
5841468000,r,1340
5841468000,r,1340
5841781000,s,124
5842557000,s,124
5842709000,s,124
5842729000,s,124
5842768000,s,124
5842783000,s,124
5842859000,r,1340
5842859000,r,1340
5842859000,r,1340
5842859000,r,1340
5842859000,r,1340
5842860000,r,1340
5843574000,s,124
5843615000,s,124
5843822000,s,124
5843962000,s,124
5844044000,s,124
5847929000,r,1340
5847929000,r,1340
5847929000,r,1340
5847930000,r,1340
5848751000,s,124
5848843000,s,124
5850567000,r,1340
5850567000,r,1340
5850567000,r,1340
5850567000,r,1340
5851235000,s,124
5851285000,s,124
5855722000,r,1340
5855722000,r,1340
5855723000,r,1340
5855723000,r,1340
5855723000,r,1340
5855723000,r,1340
5855723000,r,1340
5855723000,r,1340
5855856000,r,1340
5855856000,r,1340
5855857000,r,1340
5855857000,r,1340
5856372000,s,124
5856505000,s,124
5856614000,s,124
5856710000,s,124
5857511000,s,124
5857610000,s,124
5859808000,r,1340
5859809000,r,1340
5859809000,r,1340
5859809000,r,1340
5859809000,r,1340
5859809000,r,1340
5859809000,r,1340
5859810000,r,1340
5860011000,r,1340
5860011000,r,1340
5860011000,r,1340
5860011000,r,1340
5860012000,r,1340
5860012000,r,1340
5860012000,r,1340
5861542000,s,124
5861589000,r,940
5861606000,s,124
5861747000,s,124
5861864000,s,124
5861951000,s,124
5862033000,s,124
5862262000,s,124
5862549000,s,124
5877070000,r,380
5924740000,s,124
6347298000,r,1340
6347298000,r,1340
6347299000,r,1340
6347299000,r,1340
6347299000,r,1340
6347299000,r,1340
6347300000,r,1340
6347300000,r,1340
6347677000,r,1340
6347678000,r,1340
6347678000,r,1340
6349365000,s,124
6349568000,s,124
6349768000,s,124
6349888000,s,124
6350111000,s,124
6360472000,r,1340
6360472000,r,1340
6360473000,r,428
6361481000,s,124
6361597000,s,124
7932050000,r,1340
7932051000,r,1340
7932051000,r,1340
7932052000,r,1340
7932052000,r,1340
7932053000,r,1340
7932053000,r,1244
7932054000,r,1340
7932678000,r,1340
7932679000,r,1340
7932679000,r,1340
7933574000,s,124
7933741000,s,124
7933872000,s,124
7934079000,s,124
7934673000,s,124
7976639000,s,124
7979074000,r,1340
7979074000,r,1340
7979074000,r,1340
7979074000,r,1340
7979074000,r,1340
7979074000,r,1340
7979075000,r,1340
7979075000,r,1340
7979268000,r,1340
7979268000,r,1340
7979268000,r,1340
7979268000,r,1340
7979268000,r,1340
7979269000,r,1340
7979269000,r,1340
7979269000,r,1340
7979382000,r,1340
7979383000,r,1340
7979794000,s,124
7980841000,s,124
7981029000,s,124
7981188000,s,124
7981342000,s,124
7981455000,s,124
7981594000,s,124
7981726000,s,124
7981870000,s,124
7982002000,s,124
7982162000,s,124
7982317000,s,124
7982476000,s,124
7982636000,s,124
7982790000,s,124
7982932000,s,124
7983132000,s,124
7983370000,s,124
7991428000,r,1340
7991428000,r,1340
7991429000,r,1340
7991429000,r,1340
7991429000,r,1340
7991429000,r,1340
7991429000,r,1340
7992345000,s,124
7992615000,s,124
7993032000,s,124
7993191000,s,124
7993356000,s,124
7993470000,s,124
7993613000,s,124
8015499000,r,1340
8015499000,r,1340
8015499000,r,1340
8015499000,r,1340
8015500000,r,1340
8015500000,r,1340
8015500000,r,1340
8015500000,r,1340
8015630000,r,1340
8015630000,r,1340
8015631000,r,1340
8015631000,r,1340
8015631000,r,1340
8015631000,r,1340
8015631000,r,1340
8015631000,r,1340
8015674000,r,1340
8015674000,r,1340
8015674000,r,1340
8015674000,r,1340
8015674000,r,1340
8015675000,r,1340
8015675000,r,1340
8015675000,r,1340
8015710000,r,1340
8015710000,r,1340
8015710000,r,1340
8017041000,s,124
8017221000,s,124
8017690000,s,124
8017764000,s,124
8017930000,s,124
8022100000,s,124
8022338000,s,124
8022517000,s,124
8022712000,s,124
8022886000,s,124
8023076000,s,124
8023250000,s,124
8023423000,s,124
8023587000,s,124
8023725000,s,124
8023849000,s,124
8024120000,s,124
8024268000,s,124
8024394000,s,124
8024517000,s,124
8024635000,s,124
8024764000,s,124
8024880000,s,124
8025049000,s,124
8025167000,s,124
8025276000,s,124
8025455000,s,124
8027919000,r,956
8028655000,s,124
11002053000,r,140
11002053000,r,124
11002054000,r,124
11007231000,s,124
11007836000,s,124
16141373000,s,156
16184074000,s,156
16184700000,s,156
16184906000,s,176
16203986000,r,156
16203986000,r,120
16213441000,s,60
17868075000,r,156
17868075000,r,140
17868076000,r,124
17868076000,r,124
17871838000,s,124
17872766000,s,124
17873055000,s,124
17875071000,s,124
17887992000,r,124
23253023000,s,156
23293283000,s,156
23293730000,s,156
23311869000,r,156