0,s,156
32317000,s,156
32753000,s,156
51509000,r,156
4941221000,s,140
4942455000,s,140
4946152000,s,140
4953517000,r,252
4953517000,r,188
4953518000,r,252
4958783000,s,124
4960929000,s,124
4971974000,r,124
4973577000,s,124
4978951000,s,1340
4979148000,s,748
4989269000,r,124
4992423000,r,364
4993051000,s,124
5004139000,s,188
5006661000,s,204
5008397000,s,668
5015599000,r,204
5017379000,r,172
5018316000,s,124
5018421000,s,1340
5018477000,s,1340
5018526000,s,156
5019250000,s,172
5031074000,r,124
5032501000,r,1372
5034004000,r,1372
5038233000,s,1340
5038341000,s,188
5039757000,s,316
5040199000,s,396
5053448000,r,124
5053448000,r,124
5072591000,r,252
5072591000,r,252
5075699000,s,140
5078879000,r,124
5101966000,s,140
5272965000,r,1196
5286450000,s,156
5297110000,s,236
5308201000,r,124
5308622000,s,316
5309030000,s,396
5324620000,r,124
5340726000,r,1340
5340727000,r,1340
5340727000,r,1340
5340728000,r,1340
5340728000,r,1340
5340729000,r,1340
5340729000,r,1340
5340730000,r,1340
5341100000,r,1212
5341100000,r,380
5343667000,s,124
5344013000,s,124
5345129000,s,124
5345428000,s,124
5373895000,s,140
5394068000,s,124
5412876000,s,476
5413014000,s,364
5418741000,s,124
5425159000,r,124
5428030000,r,1340
5428030000,r,1340
5428030000,r,380
5428502000,r,396
5428990000,s,124
5429088000,s,124
5429140000,s,124
5429457000,s,124
5430975000,r,1340
5430975000,r,1340
5430975000,r,1340
5430976000,r,1340
5430976000,r,1340
5430976000,r,1340
5430976000,r,1340
5430976000,r,1340
5431115000,r,1340
5431115000,r,1340
5431115000,r,1340
5431115000,r,1340
5431116000,r,1340
5431116000,r,1340
5431116000,r,124
5432807000,s,124
5432954000,s,124
5433073000,s,124
5433175000,s,124
5433280000,s,124
5433383000,s,124
5433501000,s,124
5433715000,s,124
5433975000,s,124
5434086000,s,124
5434206000,s,124
5434321000,s,124
5434426000,s,124
5434540000,s,124
5434649000,s,124
5435480000,s,1340
5435521000,s,764
5439717000,r,1340
5439717000,r,1340
5439717000,r,1180
5440462000,s,124
5440522000,s,124
5440536000,s,124
5446276000,r,124
5446276000,r,124
5446276000,r,364
5446920000,s,124
5448988000,s,188
5449819000,s,668
5459295000,r,124
5459295000,r,124
5459295000,r,204
5471262000,r,1340
5471262000,r,1340
5471262000,r,1340
5471263000,r,1340
5471263000,r,1340
5471263000,r,1340
5471263000,r,1340
5471263000,r,1340
5472688000,s,124
5473722000,s,124
5473778000,s,124
5473794000,s,124
5496296000,s,284
5504510000,r,1340
5504510000,r,1340
5504510000,r,1340
5504510000,r,1340
5504510000,r,1340
5504510000,r,1340
5504510000,r,1340
5504510000,r,1340
5505616000,s,124
5505674000,s,124
5505687000,s,124
5505701000,s,124
5517799000,r,1340
5517799000,r,1340
5517799000,r,428
5517799000,r,364
5517799000,r,1340
5518955000,s,124
5519136000,r,1340
5519136000,r,1340
5519136000,r,1340
5519136000,r,1340
5519136000,r,1340
5519136000,r,1340
5519136000,r,1340
5519136000,r,1340
5519223000,r,1340
5519223000,r,1340
5519223000,r,1340
5519223000,r,1340
5519415000,r,508
5519415000,r,1340
5519415000,r,1340
5519415000,r,1340
5519415000,r,1340
5519415000,r,1340
5519903000,s,124
5519954000,r,1340
5519968000,s,124
5520005000,s,124
5519954000,r,1340
5519954000,r,1340
5520024000,s,124
5520040000,s,124
5520055000,s,124
5520255000,s,124
5520322000,s,124
5520350000,s,124
5520365000,s,124
5520565000,s,124
5520857000,s,124
5521088000,s,124
5521224000,s,124
5521302000,s,124
5521475000,r,1340
5521475000,r,1340
5521475000,r,1340
5521475000,r,1340
5521476000,r,1340
5521476000,r,508
5521476000,r,1340
5521476000,r,1340
5521564000,r,1340
5521565000,s,124
5521564000,r,1340
5521564000,r,1340
5521564000,r,1340
5521564000,r,1340
5521564000,r,1340
5521564000,r,1340
5521564000,r,1340
5521611000,s,124
5521635000,s,124
5521652000,s,124
5521661000,s,124
5521737000,s,124
5521782000,s,124
5521795000,s,124
5522029000,s,124
5522080000,s,124
5522224000,s,124
5522246000,s,124
5522338000,s,124
5522507000,s,124
5522531000,s,124
5522958000,s,124
5523266000,s,124
5523412000,s,124
5523554000,s,124
5523589000,s,124
5523600000,s,124
5523609000,s,124
5526507000,s,124
5526600000,s,124
5526623000,s,124
5532529000,r,1340
5532529000,r,1340
5532529000,r,1340
5532529000,r,1340
5532529000,r,588
5533475000,s,124
5533629000,s,124
5533753000,s,124
5533959000,s,124
5534074000,s,124
5567434000,s,1340
5567499000,s,300
5577820000,r,124
5577820000,r,124
5583578000,s,412
5584453000,s,364
5596280000,r,124
5596966000,s,236
5597036000,s,220
5597052000,s,220
5597357000,s,220
5609966000,r,124
5615387000,r,364
5616052000,s,124
5616790000,r,1340
5616790000,r,1340
5616791000,r,1340
5616791000,r,1340
5616791000,r,1340
5616791000,r,1340
5616791000,r,1340
5616791000,r,1340
5616873000,r,1340
5616873000,r,1340
5616873000,r,1340
5616873000,r,1340
5616873000,r,1196
5616873000,r,364
5616873000,r,1340
5616873000,r,1340
5616904000,r,1340
5616904000,r,1340
5616904000,r,1340
5616904000,r,1340
5617172000,s,124
5617225000,s,124
5617236000,s,124
5617392000,s,124
5617418000,s,124
5617438000,s,124
5617439000,r,1340
5617447000,s,124
5617455000,s,124
5617462000,s,124
5617439000,r,1340
5617468000,s,124
5617439000,r,1340
5617476000,s,124
5617439000,r,1340
5617439000,r,1340
5617483000,s,124
5617439000,r,1340
5617490000,s,124
5617496000,s,124
5617503000,s,124
5617509000,s,124
5617516000,s,124
5617523000,s,124
5617529000,s,124
5617535000,s,124
5617607000,s,124
5617623000,s,124
5617649000,s,124
5617662000,s,124
5617669000,s,124
5617676000,s,124
5620120000,r,1340
5620120000,r,508
5620121000,r,1340
5620121000,r,1340
5620121000,r,1340
5620121000,r,1340
5620121000,r,1340
5620121000,r,1340
5620218000,r,1340
5620218000,r,1340
5620218000,r,1340
5620218000,r,1340
5620218000,r,1340
5620218000,r,1340
5620218000,r,1340
5620218000,r,508
5620253000,r,1340
5620253000,r,1340
5620253000,r,1340
5620253000,r,1340
5620253000,r,1340
5620253000,r,1340
5620254000,r,140
5620254000,r,588
5620286000,r,1340
5620286000,r,1340
5620286000,r,1340
5620286000,r,1340
5620286000,r,1340
5620286000,r,1340
5620286000,r,1340
5620286000,r,1340
5620317000,r,1340
5620317000,r,1340
5620317000,r,1340
5620317000,r,1340
5620317000,r,1340
5620317000,r,1340
5620317000,r,1340
5620318000,r,1340
5620345000,r,1340
5620467000,r,1340
5620467000,r,1340
5620467000,r,1340
5620531000,s,124
5620575000,s,124
5620642000,s,124
5620659000,s,124
5620694000,s,124
5620727000,s,124
5620737000,s,124
5620746000,s,124
5620754000,s,124
5620763000,s,124
5620771000,s,124
5620779000,s,124
5620787000,s,124
5620795000,s,124
5620803000,s,124
5620824000,s,124
5620922000,s,124
5621007000,s,124
5621037000,s,124
5621048000,s,124
5621057000,s,124
5621066000,s,124
5621211000,s,124
5621256000,s,124
5621270000,s,124
5621279000,s,124
5621666000,s,124
5621682000,s,124
5621697000,s,124
5621706000,s,124
5621714000,s,124
5621726000,s,124
5621737000,s,124
5621745000,s,124
5621793000,s,124
5621807000,s,124
5621819000,s,124
5621827000,s,124
5621839000,s,124
5621850000,s,124
5621859000,s,124
5621872000,s,124
5621883000,s,124
5622244000,r,1340
5622244000,r,1340
5622245000,r,1340
5622245000,r,1340
5622245000,r,1340
5622245000,r,1340
5622245000,r,892
5622245000,r,380
5622667000,s,124
5622991000,s,124
5623016000,s,124
5623025000,s,124
5623033000,s,124
5623040000,s,124
5623047000,s,124
5630625000,r,1340
5630625000,r,1340
5630625000,r,1340
5630625000,r,1340
5630625000,r,1340
5630625000,r,1340
5630626000,r,1340
5630626000,r,1340
5630833000,r,1340
5630833000,r,1340
5631509000,s,124
5631683000,r,1340
5631683000,r,1340
5631684000,r,1340
5631825000,s,124
5632170000,s,124
5632216000,s,124
5632237000,s,124
5632254000,s,124
5632270000,s,124
5632286000,s,124
5632300000,s,124
5632315000,s,124
5632330000,s,124
5632460000,s,124
5632508000,s,124
5632506000,r,1340
5632506000,r,1340
5632507000,r,1340
5632507000,r,1340
5632507000,r,1340
5632507000,r,1340
5632507000,r,124
5632749000,s,124
5633053000,s,124
5633104000,s,124
5633287000,s,124
5633561000,s,124
5634119000,s,124
5634155000,s,124
5665252000,s,124
10696701000,r,140
10696702000,r,124
10696702000,r,124
10701443000,s,124
10701906000,s,124
12796960000,r,1340
12796960000,r,1340
12796961000,r,1340
12796961000,r,1340
12796962000,r,1340
12796962000,r,1340
12796963000,r,1340
12796963000,r,1340
12797666000,r,1340
12797667000,r,1340
12797667000,r,1340
12800673000,s,124
12801223000,s,124
12801754000,s,124
12801913000,s,124
12802177000,s,124
12802304000,s,124
12802432000,s,124
12802565000,s,124
12802689000,s,124
12802801000,s,124
12802927000,s,124
12816696000,r,1340
12816696000,r,1340
12816697000,r,428
12818802000,s,124
12819112000,s,124
12819739000,s,124
12834782000,s,156
12888690000,r,124
18143695000,s,156
18180353000,s,156
18180857000,s,156
18181028000,s,176
18200658000,r,156
18200659000,r,120
18209989000,s,60
24258263000,s,156
24269972000,r,156