0,s,156
42807000,s,156
43260000,s,156
43396000,s,124
43419000,s,124
61896000,r,156
64679000,r,124
65503000,s,124
69652000,s,1340
69891000,s,748
77529000,s,1340
77805000,s,1340
78414000,s,172
81157000,r,124
81157000,r,364
82479000,s,124
83426000,s,188
83973000,s,204
84361000,s,604
93347000,r,1372
93347000,r,1372
93347000,r,204
93917000,r,124
93918000,r,172
95927000,s,124
96209000,s,156
98234000,s,1340
99450000,s,188
105622000,s,316
106484000,s,348
113013000,r,124
120075000,r,124
128069000,r,1340
128069000,r,1340
128069000,r,1340
128070000,r,1340
128070000,r,1340
128070000,r,1340
128071000,r,1340
128071000,r,1340
128208000,r,1340
128208000,r,1340
129291000,s,124
129811000,s,124
129978000,s,124
130094000,s,124
130130000,s,124
139251000,r,380
139252000,r,1340
139252000,r,1340
139252000,r,556
140762000,s,124
141373000,s,140
167832000,s,412
168519000,s,348
174762000,s,124
188126000,r,124
188126000,r,124
189295000,s,124
191900000,r,396
191900000,r,1340
191900000,r,1340
191900000,r,1340
191900000,r,1340
191900000,r,1340
191901000,r,1340
191901000,r,1340
191975000,r,1340
191975000,r,1340
191975000,r,1340
192451000,s,124
192577000,s,124
192825000,s,124
193375000,s,1340
193403000,s,732
193422000,s,124
193440000,s,124
194912000,r,1340
194913000,r,1340
194913000,r,1340
194913000,r,1340
194913000,r,1340
194913000,r,1340
194913000,r,1180
194913000,r,1340
195034000,r,1340
195034000,r,412
195345000,s,124
195455000,s,124
195794000,s,124
195894000,s,124
195977000,s,124
204071000,r,124
204071000,r,124
204071000,r,364
205345000,s,124
206757000,s,188
207541000,s,668
219548000,r,124
219548000,r,204
219549000,r,124
219549000,r,1340
219549000,r,1340
219549000,r,1340
219549000,r,1340
220396000,s,124
220552000,s,124
224053000,r,1340
224053000,r,1340
224053000,r,1340
224054000,r,1340
224054000,r,1340
224450000,s,124
224493000,s,124
224955000,s,124
236086000,r,1340
236086000,r,1340
236086000,r,1340
236086000,r,1340
236087000,r,1340
236087000,r,1340
236087000,r,1340
236087000,r,1340
236283000,r,1340
236283000,r,428
237480000,s,124
237738000,s,124
238082000,s,124
238181000,s,124
238514000,s,124
240579000,s,124
305934000,s,300
307146000,s,220
307681000,s,236
307832000,s,236
307949000,s,236
320500000,r,124
328604000,r,364
328604000,r,364
329656000,s,124
329739000,s,124
332575000,r,1340
332575000,r,1340
332575000,r,1340
332575000,r,1340
332576000,r,1340
332576000,r,1340
332576000,r,1340
332576000,r,1340
332712000,r,1340
332713000,r,1340
332713000,r,1340
332713000,r,1340
332713000,r,1340
332713000,r,1340
332713000,r,1340
332713000,r,1340
332765000,r,1340
332765000,r,1340
332765000,r,1340
332765000,r,1340
332765000,r,1340
332765000,r,1340
332765000,r,1340
332765000,r,1340
332799000,r,1340
332799000,r,1340
332800000,r,1340
332800000,r,1340
332800000,r,1340
332800000,r,1340
332800000,r,1340
332800000,r,1340
332831000,r,1340
332831000,r,1340
332831000,r,1340
332872000,r,1340
332872000,r,1340
332872000,r,1340
332872000,r,1340
332872000,r,1340
332873000,r,1340
335252000,s,124
335314000,s,124
335329000,s,124
335338000,s,124
335348000,s,124
335358000,s,124
335369000,s,124
335378000,s,124
335388000,s,124
335398000,s,124
335408000,s,124
335455000,s,124
335469000,s,124
335481000,s,124
335493000,s,124
335517000,s,124
335526000,s,124
335536000,s,124
335544000,s,124
335565000,s,124
335575000,s,124
335584000,s,124
335593000,s,124
335602000,s,124
335610000,s,124
335618000,s,124
335630000,s,124
335641000,s,124
335650000,s,124
335747000,s,124
335784000,s,124
335797000,s,124
335807000,s,124
335816000,s,124
335825000,s,124
335833000,s,124
335841000,s,124
335849000,s,124
335857000,s,124
335898000,s,124
335909000,s,124
345911000,r,1340
345911000,r,1340
345912000,r,1340
345912000,r,1340
346831000,s,124
346898000,r,1340
346898000,r,1340
346899000,r,1340
346899000,r,1340
346899000,r,1340
346899000,r,1340
346960000,r,1340
346960000,r,1340
346968000,s,124
346960000,r,1340
347058000,s,124
347127000,s,124
347213000,s,1340
347276000,s,220
347366000,s,124
347458000,s,124
347555000,s,124
347662000,s,124
347820000,s,124
347928000,s,124
348062000,r,1340
348113000,s,124
348062000,r,1340
348062000,r,1340
348217000,s,124
348602000,s,124
348728000,s,124
349191000,r,1340
349191000,r,1340
349191000,r,1340
349191000,r,1340
349191000,r,1340
349191000,r,1340
349192000,r,1340
349192000,r,1340
349275000,r,1340
349275000,r,1340
349275000,r,1340
349275000,r,1340
349276000,r,1340
349276000,r,1340
349276000,r,1340
349276000,r,1340
349333000,r,1340
349334000,r,1340
349334000,r,1340
349334000,r,1340
349334000,r,1340
349334000,r,1340
349334000,r,1340
349335000,r,1340
349386000,r,1340
349386000,r,1340
349386000,r,1340
349386000,r,1340
349386000,r,1340
349447000,r,1340
349447000,r,1340
349447000,r,1340
349611000,s,124
349724000,s,124
349952000,s,124
350274000,s,124
350458000,s,124
350536000,s,124
350718000,s,124
350802000,s,124
352340000,s,124
352396000,s,124
352415000,s,124
352428000,s,124
352442000,s,124
352454000,s,124
352466000,s,124
352491000,s,124
352503000,s,124
352512000,s,124
352534000,s,124
352542000,s,124
352551000,s,124
352559000,s,124
352569000,s,124
352602000,s,124
352616000,s,124
352625000,s,124
352974000,s,124
353036000,s,124
353301000,s,124
353551000,s,124
353651000,r,1340
353661000,s,124
353651000,r,1340
353652000,r,1340
353652000,r,1340
353734000,s,124
354177000,s,124
354212000,s,124
354247000,s,124
354806000,s,124
354838000,s,124
354858000,s,124
361853000,r,1340
361853000,r,1340
361853000,r,1340
361854000,r,1340
361854000,r,1340
361854000,r,1340
363030000,s,124
363271000,r,1340
363271000,r,1340
363271000,r,1340
363271000,r,1340
363271000,r,1340
363271000,r,1340
363272000,r,124
363272000,r,124
363388000,r,1340
363389000,r,1340
363389000,r,1340
363653000,s,124
363741000,s,124
363764000,s,124
363779000,s,124
363792000,s,124
363805000,s,124
363816000,s,124
363846000,s,124
364783000,s,124
364924000,s,124
365012000,s,124
365081000,s,124
365144000,s,124
365217000,s,124
365356000,r,1340
365356000,r,1340
365356000,r,1340
365356000,r,1340
365356000,r,1340
365357000,r,1340
365357000,r,1340
365357000,r,1340
365469000,r,1340
365469000,r,1340
365469000,r,1340
365469000,r,1340
365469000,r,1340
365469000,r,1340
365469000,r,1340
365469000,r,1340
365505000,r,1340
365506000,r,1340
365506000,r,1340
365506000,r,1340
365506000,r,1340
365506000,r,1340
365506000,r,1340
365506000,r,1340
365536000,r,1340
366023000,s,124
366124000,s,124
366206000,s,124
366307000,s,124
366389000,s,124
366469000,s,124
366536000,s,124
366601000,s,124
366668000,s,124
366730000,s,124
366793000,s,124
366865000,s,124
366939000,s,124
367007000,s,124
367076000,s,124
367148000,s,124
367208000,s,124
367272000,s,124
367333000,s,124
367391000,s,124
367443000,s,124
367493000,s,124
367549000,s,124
367609000,s,124
367666000,s,124
367821000,r,1340
367821000,r,1340
367821000,r,1340
367821000,r,1340
367821000,r,1340
367821000,r,1340
367821000,r,1340
367821000,r,1340
367930000,r,1340
367930000,r,1340
367930000,r,1340
367930000,r,1340
367930000,r,1340
367930000,r,1340
367930000,r,1340
368295000,s,124
368323000,s,124
368807000,s,124
368838000,s,124
368850000,s,124
368858000,s,124
368866000,s,124
368874000,s,124
368881000,s,124
368889000,s,124
368896000,s,124
368904000,s,124
368911000,s,124
368937000,s,124
368946000,s,124
375145000,r,1340
375145000,r,1340
375145000,r,1340
376153000,s,124
376209000,s,124
376222000,s,124
376686000,r,1340
376686000,r,1340
376687000,r,1340
376687000,r,1340
376687000,r,1340
377494000,s,124
377641000,s,124
377745000,s,124
377905000,s,124
378077000,s,124
379650000,s,284
380587000,r,1340
380587000,r,1340
380587000,r,1340
380588000,r,1340
380588000,r,1340
380588000,r,1340
380588000,r,1340
380588000,r,1340
380691000,r,1340
380691000,r,1340
380691000,r,1340
380692000,r,1340
381123000,s,124
381410000,s,124
381639000,s,124
381724000,s,124
381971000,s,124
382067000,s,124
383114000,r,1340
383115000,r,1340
383115000,r,1340
383115000,r,1340
383115000,r,1340
383115000,r,1340
386451000,r,1340
386451000,r,1340
386451000,r,1340
386549000,r,1340
386549000,r,1340
386549000,r,1340
386549000,r,1340
386550000,r,1340
386550000,r,1340
386550000,r,1340
386550000,r,1340
386587000,r,1340
386587000,r,1340
386588000,r,1340
386588000,r,1340
386588000,r,1340
386588000,r,1340
386588000,r,1340
386588000,r,1340
386623000,r,1340
386623000,r,1340
386623000,r,1340
386623000,r,1340
386623000,r,1340
386623000,r,1340
386623000,r,1340
386623000,r,1340
386657000,r,1340
386657000,r,1340
386657000,r,1340
386657000,r,1340
386658000,r,1340
386679000,s,124
386809000,s,124
386856000,s,124
387959000,s,124
388079000,s,124
388166000,s,124
388230000,s,124
388327000,s,124
388381000,s,124
388423000,s,124
388475000,s,124
388517000,s,124
388591000,s,124
388651000,s,124
388706000,s,124
388755000,s,124
388802000,s,124
388854000,s,124
388933000,s,124
394645000,r,1340
394645000,r,1340
394645000,r,1340
394646000,r,1340
394646000,r,1340
394646000,r,1340
394646000,r,1340
394646000,r,1340
394830000,r,1340
394830000,r,1340
394830000,r,1340
394831000,r,1340
395651000,s,124
395783000,s,124
395882000,s,124
395970000,s,124
396097000,s,124
396191000,s,124
397558000,r,1340
397558000,r,1340
397559000,r,1340
397559000,r,1340
397559000,r,1340
397559000,r,1340
398125000,s,124
398294000,s,124
398409000,s,124
403190000,r,1340
403190000,r,1340
403190000,r,1340
403190000,r,1340
403190000,r,1340
403190000,r,1340
403191000,r,1340
403191000,r,1340
403328000,r,1340
403328000,r,1340
403328000,r,1340
403328000,r,1340
403328000,r,1340
403328000,r,1340
403328000,r,1340
403329000,r,1340
403359000,r,1340
403359000,r,1340
403359000,r,1340
403359000,r,1340
403359000,r,1340
403359000,r,1340
403360000,r,1340
403360000,r,1340
403391000,r,1340
403391000,r,1340
403391000,r,1340
403391000,r,1340
403391000,r,380
403391000,r,1340
403391000,r,1340
403391000,r,1340
403418000,r,1340
403418000,r,1340
403418000,r,1340
403419000,r,1340
403419000,r,1340
403770000,r,1340
403770000,r,1340
403770000,r,1340
403770000,r,1340
403770000,r,1340
403770000,r,1340
403993000,s,124
404074000,s,124
404243000,s,124
404490000,s,124
404588000,s,124
404908000,s,124
405052000,s,124
405239000,s,124
405434000,s,124
405524000,s,124
405615000,s,124
405712000,s,124
405865000,s,124
406109000,s,124
406206000,s,124
407486000,s,124
407521000,s,124
407561000,s,124
407569000,s,124
407576000,s,124
407584000,s,124
407696000,r,1340
407697000,r,1340
407697000,r,1340
407697000,r,1340
407697000,r,1340
407697000,r,1340
407697000,r,1340
407697000,r,1340
407798000,r,1340
407798000,r,1340
407798000,r,1340
408465000,s,124
408754000,s,124
409013000,s,124
409188000,s,124
409329000,s,124
412056000,r,1340
412056000,r,1340
412056000,r,1340
412056000,r,1340
412057000,r,1340
412057000,r,1340
412057000,r,1340
412057000,r,1340
412429000,s,124
412757000,s,124
413038000,s,124
413142000,s,124
417979000,r,1340
417979000,r,1340
417979000,r,1340
417979000,r,1340
417979000,r,1340
417979000,r,1340
417979000,r,1340
417979000,r,1340
418076000,r,1340
418076000,r,1340
418076000,r,1340
418076000,r,1340
418076000,r,1340
418076000,r,1340
418077000,r,1340
418077000,r,1340
418106000,r,1340
418106000,r,1340
418106000,r,1340
418106000,r,1340
418106000,r,1340
418106000,r,1340
418106000,r,1340
418106000,r,1340
418137000,r,1340
418137000,r,1340
418137000,r,1340
418137000,r,1340
418137000,r,1340
418137000,r,1340
418172000,r,1340
418172000,r,1340
418172000,r,1340
418824000,s,124
419151000,s,124
419264000,s,124
419338000,s,124
419426000,s,124
419494000,s,124
419691000,s,124
419783000,s,124
419874000,s,124
420060000,r,1340
420090000,s,124
420060000,r,1340
420060000,r,1340
420060000,r,1340
420060000,r,1340
420061000,r,1340
420061000,r,1340
420061000,r,1340
420166000,r,1340
420167000,r,1340
420167000,r,1340
420167000,r,1340
420167000,r,1340
420167000,r,1340
420167000,r,1340
420167000,r,1340
420244000,s,124
420453000,s,124
420539000,s,124
420797000,s,124
420886000,s,124
420948000,s,124
421016000,s,124
421131000,s,124
421256000,s,124
421286000,s,124
421852000,s,124
421880000,r,1340
421894000,s,124
421906000,s,124
421915000,s,124
421923000,s,124
421880000,r,1340
421880000,r,1340
421880000,r,1340
422551000,s,124
422769000,s,124
428060000,r,1340
428061000,r,1340
428061000,r,1340
428061000,r,1340
428061000,r,1340
428061000,r,1340
428061000,r,1340
428061000,r,1340
428486000,s,124
428527000,s,124
428545000,s,124
428554000,s,124
430100000,r,1340
430100000,r,1340
430100000,r,1340
430100000,r,1340
430101000,r,1340
430101000,r,1340
430101000,r,1340
430101000,r,1340
430164000,r,1340
430362000,s,124
430656000,s,124
430779000,s,124
430851000,s,124
431693000,r,1340
431693000,r,1340
431693000,r,1340
431693000,r,1340
432374000,s,124
434411000,s,124
435363000,r,1340
435363000,r,1340
435363000,r,1340
435363000,r,1340
435363000,r,1340
435363000,r,1340
435363000,r,1340
435363000,r,1340
435457000,r,1340
435457000,r,1340
435457000,r,1340
435457000,r,1340
435457000,r,1340
435458000,r,1340
435458000,r,1340
435458000,r,1340
435487000,r,1340
435487000,r,1340
435487000,r,1340
435487000,r,1340
435487000,r,1340
435487000,r,1340
435487000,r,1340
435488000,r,1340
435519000,r,1340
435519000,r,1340
435519000,r,1340
435519000,r,1340
435520000,r,1340
435520000,r,1340
435520000,r,1340
435520000,r,1340
435548000,r,1340
435548000,r,1340
435548000,r,1340
435549000,r,1340
435549000,r,1340
435549000,r,1340
435549000,r,1340
435549000,r,1340
435573000,r,1340
436130000,s,124
436318000,s,124
436589000,s,124
436708000,s,124
436900000,s,124
437276000,r,1340
437276000,r,1340
437276000,r,1340
437276000,r,1340
437276000,r,1340
437354000,s,124
437465000,s,124
437598000,s,124
437782000,s,124
437972000,s,124
438162000,s,124
438606000,s,124
438735000,s,124
438901000,s,124
439211000,s,124
439332000,s,124
439490000,s,124
439680000,s,124
439881000,s,124
440270000,s,124
440790000,s,124
441303000,s,124
441401000,s,124
442764000,r,1340
442764000,r,1340
442764000,r,1340
442764000,r,1340
442764000,r,1340
442765000,r,1340
442765000,r,1340
442765000,r,1340
442865000,r,1340
442865000,r,1340
442865000,r,1340
442865000,r,1340
442865000,r,1340
442865000,r,1340
442866000,r,1340
442866000,r,1340
442906000,r,1340
443421000,s,124
443534000,s,124
443618000,s,124
443698000,s,124
443773000,s,124
443849000,s,124
443924000,s,124
443999000,s,124
444129000,s,124
446332000,r,1340
446332000,r,1340
446332000,r,1340
446332000,r,1340
446576000,r,1340
446576000,r,1340
446576000,r,1340
447122000,s,124
447246000,s,124
447361000,s,124
448554000,s,124
448870000,r,1340
448870000,r,1340
448871000,r,1340
448871000,r,1340
448871000,r,1340
448871000,r,1340
448871000,r,1340
448871000,r,1340
448950000,r,1340
448950000,r,1340
448951000,r,1340
449572000,s,124
449929000,s,124
450277000,s,124
450402000,s,124
450459000,s,124
450510000,s,124
451691000,r,1340
451691000,r,1340
451692000,r,1340
451692000,r,1340
451692000,r,1340
451692000,r,1340
451692000,r,1340
451692000,r,1340
451798000,r,1340
451798000,r,1340
451798000,r,1340
451798000,r,1340
451798000,r,1340
451798000,r,1340
451798000,r,1340
451799000,r,1340
451832000,r,1340
451832000,r,1340
451832000,r,1340
451832000,r,1340
451832000,r,1340
451833000,r,1340
452247000,s,124
452347000,s,124
452402000,s,124
452453000,s,124
452526000,r,1340
452547000,s,124
452526000,r,1340
452526000,r,1340
452526000,r,1340
452527000,r,1340
452527000,r,1340
452527000,r,1340
452527000,r,1340
452610000,s,124
452614000,r,1340
452614000,r,1340
452614000,r,1340
452665000,s,124
452766000,s,124
452961000,s,124
453102000,s,124
453239000,s,124
453431000,s,124
453714000,s,124
453836000,s,124
453989000,s,124
454148000,s,124
456059000,r,1340
456059000,r,1340
456059000,r,252
456621000,s,124
456963000,s,124
1018201000,r,1340
1018202000,r,1340
1018202000,r,1340
1018203000,r,1340
1018203000,r,1340
1018204000,r,1340
1018204000,r,1244
1018205000,r,1340
1019083000,r,1340
1019084000,r,1340
1019084000,r,1340
1019085000,r,1340
1019085000,r,1340
1019086000,r,1340
1019086000,r,1340
1019087000,r,1340
1019237000,r,1340
1019237000,r,1340
1019238000,r,1340
1021852000,s,124
1022119000,s,124
1022200000,s,124
1022240000,s,124
1022278000,s,124
1022333000,s,124
1022380000,s,124
1022414000,s,124
1022446000,s,124
1040195000,r,1244
1042009000,s,124
5468234000,r,140
5468234000,r,124
5468235000,r,124
5472993000,s,124
5473414000,s,124
11100088000,r,156
11100088000,r,140
11100088000,r,124
11100088000,r,124
11101075000,s,156
11101148000,s,124
11101191000,s,124
11109169000,r,156
11112773000,r,124
17214917000,s,156
17250796000,s,156
17251228000,s,156
17272198000,r,156