0,s,156
43047000,s,156
43838000,s,156
63280000,r,156
546806000,s,124
553875000,s,124
567190000,r,124
569956000,s,124
574345000,s,1340
574535000,s,684
587340000,r,124
587340000,r,364
589618000,s,124
590158000,s,188
590286000,s,204
590523000,s,668
602975000,r,204
602975000,r,172
604650000,s,124
604926000,s,156
614855000,s,156
615073000,s,156
626729000,r,172
626729000,r,188
628367000,r,1340
628367000,r,1340
628367000,r,1340
628368000,r,1340
628368000,r,1340
628368000,r,1340
628368000,r,1340
628368000,r,1340
628457000,r,1340
628457000,r,1340
629407000,s,124
629483000,s,124
629627000,s,124
629898000,s,124
630030000,s,124
632365000,s,1340
632513000,s,1340
632647000,s,172
640074000,r,172
647557000,r,1372
647557000,r,1372
650005000,s,204
651207000,s,316
652210000,s,396
664743000,s,524
664973000,s,396
672340000,r,124
673401000,r,124
673402000,r,124
673489000,s,124
675488000,s,124
676111000,r,124
676611000,s,124
679906000,r,204
681248000,r,396
685599000,r,1340
685599000,r,1340
685599000,r,1340
685600000,r,1340
685600000,r,1340
685600000,r,1340
685600000,r,1340
685600000,r,780
685726000,r,1340
685726000,r,1340
685727000,r,1340
685727000,r,1340
685727000,r,1340
685777000,r,1340
685778000,r,1340
685778000,r,1340
685778000,r,1340
685778000,r,1340
685778000,r,1340
685778000,r,1340
685778000,r,140
685825000,r,204
686140000,s,124
686187000,s,124
686278000,s,124
686406000,s,124
686459000,s,124
686476000,s,124
686485000,s,124
686568000,s,124
686587000,s,124
687006000,s,124
689747000,r,380
691749000,s,140
693020000,s,124
699156000,r,1340
699156000,r,1340
699156000,r,1340
699157000,r,1340
699157000,r,1180
699718000,s,124
700036000,s,124
700066000,s,124
703091000,r,124
703839000,s,124
706719000,s,1340
706768000,s,732
731971000,s,732
737745000,r,124
737909000,r,364
738734000,s,124
739730000,s,188
741082000,s,668
742345000,r,124
749160000,s,284
750721000,r,124
750721000,r,204
763072000,r,124
764856000,r,364
764857000,r,1340
764857000,r,1340
764857000,r,1340
765295000,s,124
765358000,s,124
767059000,r,1340
767059000,r,1340
767059000,r,1340
767059000,r,1340
767060000,r,1340
767060000,r,1340
767060000,r,1340
767060000,r,1340
767142000,r,1340
767142000,r,1340
767142000,r,508
767142000,r,1340
767142000,r,1340
767143000,r,1340
767143000,r,1340
767143000,r,1340
767198000,r,1340
767198000,r,1340
767198000,r,1340
767198000,r,1340
767199000,r,1340
767199000,r,1340
767199000,r,908
767783000,s,124
767839000,s,124
767868000,s,124
767882000,s,124
767893000,s,124
767918000,s,124
767940000,s,124
768038000,s,124
768240000,s,124
768345000,s,124
768448000,s,124
769257000,r,1340
769257000,r,1340
769257000,r,1340
769257000,r,1340
769258000,r,1340
769258000,r,1340
769258000,r,1340
769258000,r,1340
769883000,s,124
770020000,s,124
770307000,s,124
770409000,s,124
783095000,r,1340
783095000,r,1340
783095000,r,1340
783095000,r,1340
783096000,r,1340
783096000,r,1340
783096000,r,1340
783096000,r,1340
783451000,r,1340
783452000,r,1340
783452000,r,428
784585000,s,124
784778000,s,124
785098000,s,124
785415000,s,124
785811000,s,124
785924000,s,124
811610000,s,124
825222000,s,1340
825395000,s,380
833054000,s,412
833799000,s,364
836868000,r,124
836868000,r,124
843351000,r,124
999123000,r,380
1027746000,r,1340
1027746000,r,1340
1027746000,r,956
1029671000,s,124
1029785000,s,124
1029824000,s,124
1043618000,s,124
3403519000,r,1340
3403519000,r,1340
3403520000,r,1340
3403520000,r,1340
3403521000,r,1340
3403521000,r,1340
3403522000,r,1244
3403522000,r,1340
3404221000,r,1340
3404221000,r,1340
3404222000,r,1340
3406933000,s,124
3417949000,s,176
3418545000,s,124
3418867000,s,124
3418905000,r,1340
3419200000,s,124
3419507000,s,124
3419749000,s,124
3420034000,s,124
3420283000,s,124
3420535000,s,124
3420770000,s,124
3421060000,s,124
3421323000,s,124
3427174000,r,120
3432684000,r,1340
3432684000,r,1340
3432685000,r,1340
3432685000,r,1340
3432686000,r,1340
3432686000,r,1340
3432687000,r,1340
3432687000,r,1340
3433108000,r,1340
3433109000,r,1340
3433109000,r,1340
3433110000,r,1340
3433110000,r,1340
3433111000,r,1340
3433111000,r,1340
3433112000,r,1340
3433265000,r,1340
3433265000,r,1340
3433266000,r,1340
3433266000,r,1340
3433267000,r,1340
3433267000,r,1340
3434462000,s,124
3434850000,s,124
3435481000,s,124
3436131000,s,124
3436483000,s,124
3436758000,s,60
3437052000,s,124
3437309000,s,124
3438122000,s,124
3438371000,s,124
3438604000,s,124
3438795000,s,124
3438981000,s,124
3439250000,s,124
3439466000,s,124
3439955000,s,124
3440236000,s,124
3440479000,s,124
3440729000,s,124
3441792000,s,124
3442112000,s,124
3442329000,s,124
3442623000,s,124
3449991000,r,1340
3449991000,r,1340
3449992000,r,1340
3449992000,r,1340
3449992000,r,1340
3449993000,r,1340
3449993000,r,1340
3449994000,r,1340
3450392000,r,1340
3450392000,r,1340
3450393000,r,1340
3450393000,r,1340
3450394000,r,1340
3450394000,r,1340
3450394000,r,1340
3450395000,r,1340
3450498000,r,1340
3450498000,r,1340
3450499000,r,1340
3450499000,r,1340
3450499000,r,1340
3450500000,r,1340
3450500000,r,1340
3450500000,r,1340
3451110000,r,1340
3451111000,r,1340
3451111000,r,1340
3451111000,r,1340
3451112000,r,1340
3451112000,r,956
3454035000,s,124
3456025000,s,124
3457053000,s,124
3457295000,s,124
3457489000,s,124
3457698000,s,124
3458570000,s,124
3458822000,s,124
3459031000,s,124
3459320000,s,124
3459482000,s,124
3460886000,s,124
3461201000,s,124
3461443000,s,124
3461716000,s,124
3462534000,s,124
3462891000,s,124
3463301000,s,124
3463504000,s,124
3463675000,s,124
3463869000,s,124
3464064000,s,124
3464484000,s,124
3464734000,s,124
3464952000,s,124
3465137000,s,124
3465321000,s,124
3465507000,s,124
3465701000,s,124
3465879000,s,124
5915253000,r,140
5915253000,r,124
5919766000,s,124
5960297000,s,124
11117579000,s,156
11131179000,r,156
13439189000,r,156
13439189000,r,140
13439190000,r,124
13439190000,r,124
13443534000,s,124
13443960000,s,124
13444167000,s,124
13446310000,s,124
13459203000,r,124
19244075000,s,156
19282085000,s,156
19282559000,s,156
19303188000,r,156