0,s,156
15890000,r,156
4281996000,s,124
4315532000,s,124
4316092000,s,124
4316210000,s,124
4316246000,s,124
4333985000,r,236
4333985000,r,172
4333985000,r,236
4338213000,s,124
4349661000,r,124
4350420000,s,1340
4350672000,s,1340
4350796000,s,124
4352096000,s,1340
4352195000,s,716
4355747000,s,172
4363077000,r,124
4363077000,r,364
4364062000,s,124
4365295000,r,1372
4365340000,s,188
4365745000,s,204
4365845000,r,1372
4366523000,s,668
4369288000,s,1340
4369342000,s,188
4370316000,s,316
4370482000,s,396
4379611000,r,204
4379611000,r,172
4380326000,s,124
4380537000,s,156
4383573000,r,124
4383573000,r,124
4400329000,r,252
4400329000,r,252
4400909000,r,1340
4400910000,r,1340
4400910000,r,1340
4400910000,r,1340
4400910000,r,1340
4400910000,r,1340
4400910000,r,1340
4400910000,r,1340
4401000000,r,1340
4401000000,r,1340
4401980000,s,124
4402059000,s,124
4402446000,s,124
4402959000,s,124
4404349000,s,124
4409142000,s,140
4411034000,r,124
4411634000,r,172
4432945000,s,524
4434639000,s,396
4436011000,s,140
4439964000,s,124
4441377000,s,124
4442123000,s,124
4447456000,r,204
4447457000,r,140
4448401000,r,1340
4448401000,r,1340
4448401000,r,1340
4448825000,s,124
4449811000,r,1340
4449811000,r,1340
4449812000,r,1340
4449812000,r,1340
4449812000,r,780
4449812000,r,204
4450156000,s,124
4450198000,s,124
4450217000,s,124
4454198000,r,252
4454198000,r,396
4455430000,s,124
4455602000,r,1340
4455602000,r,1340
4455602000,r,1340
4456012000,s,124
4456370000,s,124
4456725000,r,1340
4456725000,r,1340
4456726000,r,1340
4456726000,r,1340
4456726000,r,1340
4456726000,r,1340
4456726000,r,1340
4456726000,r,1340
4456840000,r,1340
4457299000,s,124
4457346000,s,124
4457507000,s,124
4457632000,s,124
4463654000,r,1340
4463655000,r,1340
4463655000,r,1340
4463655000,r,1340
4463655000,r,1180
4464125000,s,124
4464472000,s,124
4464774000,s,124
4466876000,r,124
4467257000,s,124
4471798000,s,1340
4471861000,s,764
4481134000,s,140
4482633000,r,124
4482633000,r,124
4482634000,r,364
4483626000,s,124
4485006000,s,188
4485763000,s,668
4494702000,r,124
4494702000,r,204
4495610000,r,124
4505816000,r,1340
4505816000,r,1340
4505816000,r,1340
4506506000,s,124
4506561000,s,124
4507613000,r,1340
4507613000,r,1340
4507613000,r,1340
4507613000,r,1340
4507613000,r,1340
4508326000,s,124
4508601000,s,124
4518790000,r,1340
4518790000,r,1340
4518791000,r,1340
4518791000,r,1340
4518791000,r,1340
4518791000,r,1340
4518791000,r,1340
4518791000,r,1340
4518956000,r,1340
4518956000,r,1340
4518957000,r,428
4519092000,s,284
4519217000,s,124
4519526000,s,124
4519629000,s,124
4519841000,s,124
4519960000,s,124
4520011000,s,124
4536534000,r,364
4538779000,r,1340
4538779000,r,1340
4538779000,r,1340
4538779000,r,1340
4538779000,r,1340
4538779000,r,1340
4538779000,r,1340
4538779000,r,1340
4538874000,r,1340
4538875000,r,1340
4538875000,r,1340
4538875000,r,1340
4538875000,r,1340
4538875000,r,508
4538875000,r,1340
4538875000,r,1340
4538911000,r,1340
4538911000,r,1340
4538911000,r,1340
4538911000,r,1340
4538911000,r,1340
4538911000,r,1340
4538911000,r,1340
4538911000,r,1340
4538941000,r,1340
4538941000,r,908
4539358000,s,124
4539486000,s,124
4539801000,s,124
4540012000,s,124
4540185000,s,124
4540208000,s,124
4540318000,s,124
4540478000,s,124
4540619000,s,124
4540852000,s,124
4541047000,s,124
4541333000,s,124
4541763000,s,124
4584314000,s,124
4609146000,s,1340
4609230000,s,380
4619958000,s,412
4621521000,s,364
4636933000,r,124
4636933000,r,124
4659969000,s,364
4670305000,r,124
4679014000,r,380
4724065000,s,124
4734988000,r,1340
4734988000,r,1340
4734988000,r,956
4735667000,s,124
4735912000,s,124
4735955000,s,124
6279737000,r,1340
6279737000,r,1340
6279738000,r,1340
6283715000,r,1340
6283716000,r,1340
6283716000,r,1340
6283717000,r,1244
6283717000,r,1340
6283718000,r,1340
6283718000,r,1340
6284187000,s,124
6284628000,s,124
6284831000,s,124
6285398000,s,124
6286026000,s,124
6286285000,s,124
6286474000,s,124
6287191000,s,124
6287876000,s,124
6288146000,s,124
6298840000,r,1340
6298841000,r,1340
6298842000,r,1340
6298842000,r,1340
6298843000,r,1340
6298843000,r,1340
6298844000,r,1340
6298844000,r,1340
6299262000,r,1340
6299262000,r,1340
6299262000,r,1340
6299263000,r,1340
6299263000,r,1340
6299264000,r,1340
6299264000,r,1340
6299265000,r,1340
6299411000,r,1340
6299411000,r,1340
6299412000,r,1340
6299412000,r,1340
6303269000,s,124
6305159000,s,124
6307569000,s,124
6309267000,s,124
6309565000,s,124
6309786000,s,124
6310056000,s,124
6310251000,s,124
6310523000,s,124
6310786000,s,124
6311185000,s,124
6311448000,s,124
6312184000,s,124
6313469000,s,124
6314689000,s,124
6314691000,r,1340
6314691000,r,1340
6314988000,s,124
6315257000,s,124
6315539000,s,124
6315919000,s,124
6316199000,s,124
6316637000,r,1340
6316638000,r,1340
6317094000,s,124
6317404000,s,124
6318225000,s,124
6318525000,s,124
6319706000,r,1340
6319707000,r,1340
6321088000,r,1340
6321088000,r,1340
6321089000,r,1340
6321089000,r,1340
6321090000,r,1340
6321464000,s,124
6321787000,s,124
6323543000,s,124
6323682000,r,1340
6323683000,r,1340
6323683000,r,1340
6323684000,r,1340
6323684000,r,1340
6323685000,r,1340
6323685000,r,1340
6324606000,s,124
6324828000,s,124
6325423000,s,124
6325763000,s,124
6326265000,s,124
6326568000,r,1340
6326568000,r,1340
6326569000,r,1340
6326569000,r,1340
6326570000,r,1340
6326570000,r,1340
6328099000,s,124
6328408000,s,124
6328946000,s,124
6329287000,s,124
6329860000,s,124
6330258000,s,124
6330563000,s,124
6331202000,s,124
6331658000,r,1340
6331658000,r,1340
6331659000,r,1340
6331659000,r,1340
6331660000,r,1340
6331881000,s,124
6332176000,s,124
6332456000,s,124
6332581000,r,1340
6332680000,s,124
6333752000,s,124
6334032000,s,124
6334125000,r,1340
6334126000,r,1340
6334126000,r,1340
6334127000,r,956
6334941000,s,124
6335277000,s,124
6335535000,s,124
6335869000,s,124
6336258000,s,124
6336599000,s,124
6336878000,s,124
6337164000,s,124
9763017000,r,140
9763018000,r,124
9763019000,r,124
9768801000,s,124
9769382000,s,124
15128709000,s,156
15166229000,s,156
15166663000,s,156
15187716000,r,156
16319767000,r,156
16319768000,r,140
16319768000,r,124
16319769000,r,124
16323572000,s,124
16324136000,s,124
16324981000,s,124
16328615000,s,124
16344112000,r,124
16869556000,s,108
22238916000,s,156
22249271000,r,156