0,s,156
38138000,s,156
38579000,s,156
59340000,r,156
2870335000,s,124
2936605000,s,124
2937034000,s,124
2937134000,s,124
2945803000,s,156
2945947000,s,156
2958802000,r,124
2959694000,s,124
2960575000,s,1340
2960631000,s,684
2967219000,r,172
2971234000,r,188
2971234000,r,124
2972580000,r,364
2973320000,s,124
2974191000,s,188
2975676000,s,204
2975770000,s,636
2983515000,s,1340
2984370000,s,1340
2985759000,s,172
2987260000,r,204
2987260000,r,124
2987260000,r,172
2989251000,s,124
2990119000,s,156
2999054000,r,1372
2999055000,r,1372
3005241000,s,1340
3005423000,s,188
3014867000,s,316
3015519000,s,348
3020008000,r,124
3029398000,r,124
3041553000,r,124
3047517000,s,140
3055359000,r,124
3067741000,r,380
3097788000,s,140
6779684000,r,1340
6779685000,r,1340
6779685000,r,1340
6779686000,r,1340
6779686000,r,1340
6779687000,r,1340
6779687000,r,1212
6779688000,r,1340
6780397000,r,1340
6780398000,r,1340
6780398000,r,1340
6784802000,s,124
6794484000,s,176
6795771000,s,124
6796074000,s,124
6796280000,s,124
6796542000,s,124
6799345000,r,1340
6799346000,r,1340
6799346000,r,780
6801621000,s,124
6802294000,s,124
6806243000,r,120
6812277000,s,60
6849688000,s,428
6850666000,s,348
6867339000,r,124
6867339000,r,1340
6867339000,r,1340
6867340000,r,412
6868721000,s,124
6873637000,r,396
6875722000,s,124
6876355000,r,1340
6876355000,r,1340
6876355000,r,1340
6876355000,r,1340
6876356000,r,1340
6876356000,r,1340
6876356000,r,1340
6876356000,r,1340
6876445000,r,1340
6876446000,r,1340
6876446000,r,1340
6876446000,r,1340
6876446000,r,1340
6876446000,r,1340
6876446000,r,1340
6876446000,r,1340
6876478000,r,1180
6877113000,s,124
6877413000,s,124
6877508000,s,124
6877746000,s,124
6877899000,s,124
6877932000,s,124
6878425000,s,124
6878527000,s,124
6878607000,s,124
6880542000,s,124
6880883000,s,124
6889788000,r,204
6889788000,r,140
6899095000,s,124
6909955000,r,204
6909955000,r,124
6911319000,s,236
6911464000,s,124
6912476000,s,1340
6912616000,s,700
6919737000,s,124
6932552000,r,124
6932552000,r,124
6932552000,r,364
6933471000,s,124
6935803000,s,188
6936476000,s,668
6947084000,r,124
6947084000,r,204
6947084000,r,124
6951632000,r,1340
6951633000,r,1340
6951633000,r,1340
6952880000,s,124
6953003000,s,124
6953489000,r,1340
6953489000,r,1340
6953490000,r,1340
6953490000,r,1340
6953490000,r,1340
6953491000,r,1340
6954404000,s,124
6954499000,s,124
6954527000,s,124
6967572000,s,300
6967644000,s,220
6967819000,s,220
6968511000,s,252
6968550000,r,1340
6968550000,r,1340
6968551000,r,1340
6968551000,r,1340
6968551000,r,1340
6968551000,r,1340
6968551000,r,1340
6968551000,r,1340
6968698000,r,1340
6968698000,r,428
6968923000,s,220
6969092000,s,124
6969127000,s,124
6969138000,s,124
6969202000,s,124
6969249000,s,124
6985028000,r,124
6985028000,r,364
6986032000,s,124
6987868000,r,1340
6987868000,r,1340
6987868000,r,1340
6987868000,r,1340
6987868000,r,1340
6987868000,r,1340
6987869000,r,1340
6987869000,r,1340
6987958000,r,1340
6987959000,r,1340
6987959000,r,1340
6987959000,r,1340
6987959000,r,1340
6987959000,r,1340
6987959000,r,1340
6987959000,r,1340
6987994000,r,1340
6987994000,r,1340
6987994000,r,1340
6987994000,r,1340
6987994000,r,1340
6987994000,r,1340
6988669000,s,124
6988799000,r,1340
6988799000,r,1340
6988799000,r,1340
6988799000,r,1340
6988799000,r,1340
6988799000,r,1340
6988799000,r,1340
6988799000,r,1340
6988890000,r,1340
6988888000,s,124
6988890000,r,1340
6988891000,r,1340
6988891000,r,1340
6989007000,s,124
6989167000,s,124
6989290000,s,124
6989588000,s,124
6989697000,s,124
6989805000,s,124
6989903000,s,124
6990009000,s,124
6990108000,s,124
6990203000,s,124
6990300000,s,124
6990397000,s,124
6990438000,r,1340
6990438000,r,1340
6990439000,r,1340
6990439000,r,1340
6990439000,r,1340
6990439000,r,1340
6990532000,s,124
6990439000,r,1340
6990641000,s,124
6990721000,s,124
6990799000,s,124
6990887000,s,124
6991044000,s,124
6991528000,s,124
6991649000,s,124
6991805000,s,124
6991967000,s,124
6992053000,s,124
6992127000,s,124
6992201000,s,124
6992259000,s,124
6992310000,s,124
6992360000,s,124
6992410000,s,124
6992508000,s,124
6992717000,s,124
6993384000,s,124
6993511000,s,124
6993603000,s,124
6993711000,s,124
6993792000,s,124
6994048000,s,124
6994128000,s,124
6994327000,s,124
7006050000,r,1340
7006050000,r,1340
7006050000,r,1340
7006050000,r,1340
7006051000,r,1340
7006051000,r,1340
7006051000,r,1340
7006051000,r,1340
7006273000,r,1340
7006273000,r,1340
7006273000,r,1340
7006273000,r,1340
7006273000,r,1340
7006273000,r,1340
7006274000,r,1340
7006274000,r,1340
7006317000,r,1340
7006317000,r,1340
7006317000,r,1340
7006317000,r,1340
7006317000,r,1340
7006317000,r,1340
7006318000,r,1340
7006318000,r,1340
7006351000,r,1340
7006396000,r,1340
7006396000,r,1340
7006396000,r,1340
7007094000,s,124
7007289000,s,124
7007383000,s,124
7007490000,s,124
7007567000,s,124
7007638000,s,124
7007703000,s,124
7007797000,s,124
7008048000,s,124
7008161000,s,124
7008223000,s,124
7008276000,s,124
7008330000,s,124
7008391000,s,124
7008476000,s,124
7008598000,s,124
7008656000,s,124
7008720000,s,124
7008760000,s,124
7008815000,s,124
7008864000,s,124
7008901000,s,124
7008952000,s,124
7009001000,s,124
7009036000,s,124
7009074000,s,124
7009126000,s,124
7009178000,s,124
7010479000,r,1340
7010479000,r,1340
7010479000,r,1340
7010888000,s,156
7010974000,s,156
7011121000,s,124
7018117000,r,1340
7018117000,r,1340
7018117000,r,1340
7018117000,r,1340
7018117000,r,1340
7018117000,r,1340
7018118000,r,1340
7018118000,r,1340
7018283000,r,1340
7018283000,r,1340
7018283000,r,1340
7018283000,r,1340
7018283000,r,1340
7018283000,r,1340
7018283000,r,1340
7018412000,r,1340
7018412000,r,1340
7018413000,r,1340
7018413000,r,1340
7018413000,r,1340
7018413000,r,1340
7019260000,s,124
7019386000,s,124
7019455000,r,1340
7019466000,s,124
7019455000,r,1340
7019455000,r,1340
7019455000,r,1340
7019455000,r,1340
7019455000,r,1340
7019455000,r,1340
7019455000,r,1340
7019548000,r,1340
7019548000,s,124
7019548000,r,1340
7019548000,r,1340
7019548000,r,1340
7019745000,r,1340
7019746000,r,1340
7019746000,r,1340
7020397000,r,1340
7020397000,r,1340
7020397000,r,1340
7020397000,r,1340
7020397000,r,1340
7020398000,r,1340
7020584000,s,124
7020731000,r,1340
7020731000,r,1340
7020731000,r,1340
7020731000,r,1340
7020732000,r,1340
7020732000,r,1340
7020801000,s,124
7020939000,s,124
7021004000,s,124
7021022000,s,124
7021034000,s,124
7021043000,s,124
7021051000,s,124
7021059000,s,124
7021067000,s,124
7021074000,s,124
7021084000,s,124
7021246000,s,124
7021266000,s,124
7021278000,s,124
7021286000,s,124
7021399000,s,124
7021417000,s,124
7021515000,s,124
7021696000,s,124
7022734000,r,1340
7022734000,r,1340
7022734000,r,1340
7022734000,r,1340
7022735000,r,1340
7023181000,s,124
7023326000,s,124
7023415000,s,124
7030211000,r,1340
7030211000,r,1340
7030211000,r,1340
7030211000,r,1340
7030212000,r,1340
7030212000,r,1340
7030488000,r,1340
7030488000,r,1340
7030488000,r,1340
7030488000,r,1340
7030488000,r,1340
7030488000,r,1340
7030488000,r,1340
7030488000,r,1340
7030529000,r,1340
7031136000,s,1340
7031138000,r,1340
7031138000,r,1340
7031139000,r,1340
7031139000,r,1340
7031139000,r,1340
7031192000,s,284
7031139000,r,1340
7031240000,r,1340
7031240000,r,1340
7031241000,r,1340
7031379000,s,124
7031419000,s,124
7031594000,r,1340
7031594000,r,1340
7031594000,r,1340
7031665000,s,124
7031809000,s,124
7032108000,s,124
7032212000,s,124
7032281000,s,124
7032789000,s,124
7032869000,s,124
7032949000,s,124
7033065000,s,124
7033238000,s,124
7033358000,s,124
7033499000,r,1340
7033500000,r,1340
7033500000,r,1340
7033500000,r,1340
7033500000,r,1340
7033500000,r,1340
7033500000,r,1340
7034634000,s,124
7035225000,s,124
7035521000,s,124
7035649000,s,124
7044449000,r,1340
7044449000,r,1340
7044449000,r,1340
7045172000,s,124
7059743000,r,1340
7059743000,r,1340
7059743000,r,1340
7059743000,r,1340
7059743000,r,1340
7059743000,r,1340
7059743000,r,1340
7059744000,r,1340
7059950000,r,1340
7059950000,r,1340
7059951000,r,1340
7059951000,r,1340
7059951000,r,1340
7059951000,r,1340
7059951000,r,1340
7059951000,r,1340
7059988000,r,1340
7059988000,r,1340
7059988000,r,1340
7059988000,r,1340
7059988000,r,1340
7059988000,r,1340
7059988000,r,1340
7059989000,r,1340
7060362000,r,1340
7060362000,r,1340
7060362000,r,1340
7060363000,r,1340
7060363000,r,1340
7060363000,r,1340
7060363000,r,124
7060363000,r,124
7060422000,r,1340
7060422000,r,1340
7060422000,r,1340
7060422000,r,1340
7060423000,r,1340
7060423000,r,1340
7060423000,r,1340
7060423000,r,1340
7060457000,r,1340
7060457000,r,1340
7060457000,r,1340
7060457000,r,1340
7060457000,r,1340
7060457000,r,1340
7060457000,r,1340
7060458000,r,1340
7060492000,r,1340
7060493000,r,1340
7060493000,r,1340
7060493000,r,1340
7060493000,r,1340
7060493000,r,1340
7060493000,r,1340
7060493000,r,1340
7060523000,r,1340
7060788000,s,124
7060913000,s,124
7060927000,r,1340
7060927000,r,1340
7060985000,s,124
7060927000,r,1340
7060927000,r,1340
7060927000,r,1340
7060927000,r,1340
7060928000,r,1340
7060928000,r,1340
7061016000,r,1340
7061027000,r,1340
7061027000,r,1340
7061027000,r,1340
7061052000,s,124
7061275000,s,124
7061360000,s,124
7061413000,s,124
7061436000,r,1340
7061436000,r,1340
7061436000,r,1340
7061436000,r,1340
7061436000,r,1340
7061436000,r,1340
7061436000,r,1340
7061437000,r,1340
7061477000,r,1340
7061482000,s,124
7061565000,s,124
7061679000,s,124
7061744000,r,1340
7061744000,r,1340
7061744000,r,1340
7061941000,s,124
7062081000,s,124
7062176000,s,124
7062334000,s,124
7062747000,s,124
7062791000,s,124
7062810000,s,124
7062912000,s,124
7063091000,s,124
7063162000,s,124
7063381000,s,124
7063535000,s,124
7063700000,s,124
7063716000,r,1340
7063716000,r,1340
7063716000,r,1340
7063716000,r,1340
7063717000,r,1340
7063717000,r,1340
7063904000,s,124
7064176000,s,124
7064205000,s,124
7064217000,s,124
7064344000,s,124
7064602000,s,124
7064673000,s,124
7064747000,s,124
7064825000,s,124
7065042000,s,124
7065104000,s,124
7065207000,s,124
7065329000,s,124
7065541000,s,124
7065782000,s,124
7065911000,s,124
7066287000,s,124
7066373000,s,124
7066445000,s,124
7066600000,s,124
7071742000,s,284
7076753000,r,1340
7076753000,r,1340
7076753000,r,1340
7076753000,r,1340
7076753000,r,1340
7076753000,r,1340
7077547000,s,124
7077658000,s,124
7077727000,s,124
7078118000,r,1340
7078118000,r,1340
7078118000,r,1340
7078118000,r,1340
7078118000,r,1340
7078726000,s,124
7079100000,s,124
7083184000,s,252
7089843000,r,1340
7089843000,r,1340
7089843000,r,1340
7089843000,r,1340
7089843000,r,1340
7089843000,r,1340
7089843000,r,1340
7089843000,r,1340
7089976000,r,1340
7089976000,r,1340
7089976000,r,1340
7089976000,r,1340
7089976000,r,1340
7089976000,r,1340
7089976000,r,1340
7089976000,r,1340
7090012000,r,1340
7090012000,r,1340
7090012000,r,1340
7090012000,r,1340
7090013000,r,1340
7090013000,r,1340
7090013000,r,1340
7090013000,r,1340
7090136000,r,1340
7090136000,r,1340
7090137000,r,1340
7090197000,r,1340
7090197000,r,1340
7090198000,r,1340
7090650000,s,124
7090755000,s,124
7090997000,r,1340
7090997000,r,1340
7090997000,r,1340
7090997000,r,1340
7090997000,r,1340
7090998000,r,1340
7090998000,r,1340
7090998000,r,1340
7091099000,r,1340
7091100000,r,1340
7091100000,r,1340
7091100000,r,1340
7091100000,r,1340
7091100000,r,1340
7091100000,r,1340
7091133000,s,124
7091325000,s,124
7091399000,s,124
7091450000,s,124
7091663000,s,124
7091725000,s,124
7092030000,s,124
7092067000,r,1340
7092087000,s,124
7092067000,r,1340
7092067000,r,1340
7092067000,r,1340
7092067000,r,1340
7092067000,r,1340
7092067000,r,1340
7092067000,r,1340
7092131000,r,1340
7092131000,r,1340
7092131000,r,1340
7092138000,s,124
7092131000,r,1340
7092131000,r,1340
7092131000,r,1340
7092131000,r,1340
7092189000,s,124
7092238000,s,124
7092289000,s,124
7092375000,s,124
7092446000,s,124
7092854000,s,124
7092922000,s,124
7092938000,s,124
7092946000,s,124
7092964000,s,124
7093152000,s,124
7093375000,s,124
7093482000,s,124
7093596000,s,124
7093661000,r,1340
7093661000,r,1340
7093661000,r,1340
7093661000,r,1340
7093661000,r,1340
7093661000,r,1340
7093661000,r,1340
7093662000,r,1340
7093724000,r,1340
7093724000,r,1340
7093724000,r,1340
7093724000,r,1340
7093724000,r,1340
7093724000,r,1340
7093724000,r,1340
7093878000,s,124
7093919000,s,124
7093947000,s,124
7094202000,s,124
7094296000,s,124
7094390000,s,124
7094482000,s,124
7094562000,s,124
7094755000,s,124
7094825000,s,124
7095026000,s,124
7095028000,r,1340
7095028000,r,1340
7095068000,s,124
7095028000,r,1340
7097347000,s,124
7099227000,r,1340
7099227000,r,1340
7099227000,r,1340
7099227000,r,1340
7099227000,r,1340
7099227000,r,1340
7099349000,s,156
7099813000,s,124
7099893000,s,124
7099955000,s,124
7104211000,r,1340
7104211000,r,1340
7104211000,r,1340
7104211000,r,1340
7104211000,r,1340
7104211000,r,1340
7104211000,r,380
7104688000,s,124
7104970000,s,124
7105197000,s,124
7105361000,r,1340
7105361000,r,1340
7105361000,r,1340
7105894000,s,124
7113754000,r,1340
7113754000,r,1340
7113754000,r,1340
7113754000,r,1340
7113754000,r,1340
7113754000,r,1340
7113755000,r,1340
7113755000,r,1340
7113935000,r,1340
7113936000,r,1340
7113936000,r,1340
7113936000,r,1340
7114025000,r,1340
7114025000,r,1340
7114025000,r,1340
7114552000,s,124
7114610000,s,124
7114628000,s,124
7114652000,s,124
7114665000,s,124
7114732000,s,124
7115029000,s,124
7116629000,r,1340
7116629000,r,1340
7116629000,r,1340
7116629000,r,1340
7116630000,r,1340
7117144000,s,124
7117187000,s,124
7130043000,r,1340
7130043000,r,1340
7130043000,r,1340
7130044000,r,1340
7130044000,r,1340
7130044000,r,1340
7130044000,r,1340
7130044000,r,1340
7130269000,r,1340
7130269000,r,1340
7130269000,r,1340
7130270000,r,1340
7130336000,r,1340
7130337000,r,1340
7130337000,r,1340
7130337000,r,1340
7130337000,r,1340
7130337000,r,1340
7130392000,r,1340
7130393000,r,1340
7130393000,r,1340
7130393000,r,1340
7130393000,r,1340
7130393000,r,1340
7131318000,s,124
7131695000,r,1340
7131695000,r,1340
7131695000,r,1340
7131695000,r,1340
7131695000,r,1340
7131695000,r,1340
7131696000,r,1340
7131696000,r,1340
7131816000,r,1340
7131816000,r,1340
7131816000,r,1340
7131816000,r,1340
7131816000,r,1340
7131817000,r,1340
7131817000,r,1340
7132135000,r,1340
7132135000,r,1340
7132135000,r,1340
7132135000,r,1340
7132135000,r,1340
7132135000,r,1340
7132136000,r,1340
7132136000,r,1340
7132222000,r,1340
7132435000,r,1340
7132435000,r,1340
7132435000,r,1340
7132834000,s,124
7132899000,s,124
7132912000,s,124
7132923000,s,124
7132933000,s,124
7132942000,s,124
7133502000,s,124
7138026000,r,1340
7138026000,r,1340
7138026000,r,1340
7138026000,r,1340
7138026000,r,1340
7138027000,r,1340
7138027000,r,1340
7138027000,r,1340
7138134000,r,1340
7138134000,r,1340
7138134000,r,1340
7138135000,r,1340
7138135000,r,1340
7138135000,r,1340
7138135000,r,1340
7138135000,r,1340
7138169000,r,1340
7138169000,r,1340
7138169000,r,1340
7138169000,r,1340
7138169000,r,1340
7138169000,r,1340
7138170000,r,1340
7138170000,r,1340
7138200000,r,1340
7138200000,r,1340
7138733000,s,124
7138787000,s,124
7138966000,s,124
7139136000,s,124
7139424000,s,124
7139699000,s,124
7139853000,s,124
7140116000,s,124
7140305000,s,124
7140520000,s,124
7140799000,s,124
7140825000,s,124
7141175000,s,124
7143631000,r,1340
7143631000,r,1340
7143631000,r,1340
7143631000,r,1340
7143631000,r,1340
7143631000,r,1340
7143631000,r,1340
7143632000,r,1340
7143761000,r,1340
7143761000,r,1340
7143761000,r,1340
7143761000,r,1340
7143761000,r,1340
7143761000,r,1340
7143761000,r,1340
7143762000,r,1340
7143796000,r,1340
7143796000,r,1340
7143796000,r,1340
7143796000,r,1340
7143797000,r,1340
7143797000,r,1340
7143797000,r,1340
7143797000,r,1340
7145215000,r,1340
7145215000,r,1340
7145215000,r,1340
7145215000,r,1340
7145215000,r,1340
7145340000,s,124
7145402000,s,124
7145430000,s,124
7145443000,s,124
7145935000,s,124
7147491000,s,124
7166870000,r,1340
7166870000,r,1340
7166870000,r,1340
7166870000,r,1340
7166870000,r,1340
7166870000,r,1340
7166870000,r,1340
7166871000,r,1340
7167097000,r,1340
7167097000,r,1340
7167097000,r,1340
7167098000,r,1340
7167098000,r,1340
7167098000,r,1340
7167098000,r,1340
7167098000,r,1340
7167137000,r,1340
7167137000,r,1340
7167137000,r,1340
7167137000,r,1340
7167137000,r,1340
7167137000,r,1340
7167138000,r,1340
7167138000,r,1340
7167176000,r,1340
7167176000,r,1340
7167176000,r,1340
7167176000,r,1340
7167177000,r,1340
7167177000,r,1340
7167433000,r,1340
7167433000,r,1340
7167433000,r,1340
7167433000,r,1340
7167433000,r,1340
7167433000,r,1340
7167433000,r,1340
7167434000,r,1340
7167481000,r,1340
7167481000,r,1340
7167482000,r,1340
7167482000,r,1340
7167482000,r,1340
7167482000,r,1340
7167482000,r,1340
7167482000,r,1340
7167518000,r,1340
7167518000,r,1340
7167519000,r,1340
7167519000,r,1340
7167519000,r,1340
7167519000,r,1340
7167519000,r,1340
7167519000,r,1340
7167555000,r,1340
7167555000,r,1340
7167555000,r,1340
7167555000,r,1340
7167555000,r,1340
7167555000,r,1340
7167556000,r,1340
7167556000,r,1340
7167592000,r,1340
7167592000,r,1340
7167592000,r,1340
7167907000,s,124
7167984000,s,124
7168001000,s,124
7168012000,s,124
7168023000,s,124
7168190000,s,124
7168231000,s,124
7168283000,s,124
7168312000,s,124
7168331000,s,124
7168340000,s,124
7168680000,s,124
7169014000,s,124
7169266000,s,124
7169694000,s,124
7169773000,s,124
7170067000,s,124
7170217000,s,124
7170943000,s,124
7170993000,s,124
7172749000,r,1340
7172749000,r,1340
7172749000,r,1340
7173392000,s,124
7173864000,r,1340
7173864000,r,1340
7173865000,r,1340
7173865000,r,1340
7173865000,r,1340
7173865000,r,1340
7173865000,r,1340
7173865000,r,1340
7173914000,r,1340
7173914000,r,1340
7173914000,r,1340
7173914000,r,1340
7174341000,s,124
7174658000,s,124
7174810000,s,124
7176528000,r,1340
7176528000,r,1340
7176528000,r,1340
7176528000,r,1340
7176529000,r,1340
7176529000,r,1340
7176529000,r,1340
7176529000,r,1340
7176649000,r,1340
7176650000,r,1340
7176650000,r,1340
7176650000,r,1340
7176650000,r,1340
7176650000,r,1340
7176650000,r,1340
7176650000,r,1340
7176698000,r,1340
7176698000,r,1340
7176698000,r,1340
7176698000,r,1340
7176698000,r,1340
7176699000,r,1340
7176699000,r,1340
7176699000,r,1340
7176737000,r,1340
7176737000,r,1340
7176738000,r,1340
7176738000,r,1340
7176738000,r,1340
7176738000,r,1340
7176738000,r,1340
7176738000,r,1340
7176772000,r,1340
7178302000,s,124
7198521000,r,1340
7198521000,r,1340
7198521000,r,1340
7198522000,r,1340
7198522000,r,1340
7198522000,r,1340
7198522000,r,1340
7198522000,r,1340
7198767000,r,1340
7199649000,s,124
7200095000,s,124
7200286000,s,124
7200536000,s,124
7200570000,s,124
7200968000,r,1340
7200968000,r,1340
7200968000,r,1340
7200968000,r,1340
7200968000,r,1340
7200968000,r,1340
7200969000,r,1340
7200969000,r,1340
7201096000,r,1340
7201096000,r,1340
7201097000,r,1340
7201097000,r,1340
7201097000,r,1340
7201097000,r,1340
7201097000,r,1340
7201097000,r,1340
7201144000,r,1340
7201144000,r,1340
7201144000,r,1340
7201145000,r,1340
7201145000,r,1340
7201145000,r,1340
7201145000,r,1340
7201145000,r,1340
7201187000,r,1340
7201188000,r,1340
7201188000,r,1340
7201651000,s,124
7201706000,s,124
7202565000,s,124
7202660000,s,124
7203117000,s,124
7203232000,r,1340
7203232000,r,1340
7203232000,r,1340
7203232000,r,1340
7203233000,r,1340
7203233000,r,1340
7203233000,r,1340
7203233000,r,1340
7203333000,r,1340
7203334000,r,1340
7203334000,r,1340
7203334000,r,1340
7203334000,r,1340
7203334000,r,1340
7203334000,r,1340
7203334000,r,1340
7203380000,r,1340
7203380000,r,1340
7203380000,r,1340
7203380000,r,1340
7203380000,r,1340
7203380000,r,1340
7203380000,r,1340
7203381000,r,1340
7203418000,r,1340
7203418000,r,1340
7203418000,r,1340
7203418000,r,1340
7203418000,r,1340
7203419000,r,1340
7203419000,r,1340
7203419000,r,1340
7203455000,r,1340
7203455000,r,1340
7203456000,r,1340
7203456000,r,1340
7203456000,r,1340
7203456000,r,1340
7203456000,r,1340
7203456000,r,1340
7203489000,r,1340
7203489000,r,1340
7203839000,r,1340
7203839000,r,1340
7203839000,r,1340
7203839000,r,1340
7203840000,r,1340
7203840000,r,1340
7204107000,s,124
7204159000,s,124
7204237000,s,124
7204256000,s,124
7204271000,s,124
7204285000,s,124
7204498000,s,124
7204610000,s,124
7215801000,r,1340
7215801000,r,1340
7215802000,r,1340
7215802000,r,1340
7215802000,r,1340
7215802000,r,1340
7215802000,r,1340
7215802000,r,1340
7216016000,r,1340
7216016000,r,1340
7216016000,r,1340
7216016000,r,1340
7216016000,r,1340
7216016000,r,1340
7216017000,r,1340
7216017000,r,1340
7216055000,r,1340
7216055000,r,1340
7216133000,r,1340
7216133000,r,1340
7216133000,r,1340
7216133000,r,1340
7216133000,r,1340
7216133000,r,1340
7216784000,s,124
7216845000,s,124
7219226000,r,1340
7219226000,r,1340
7219226000,r,1340
7219226000,r,1340
7219226000,r,1340
7219226000,r,1340
7219226000,r,1340
7219226000,r,1340
7219742000,s,124
7232556000,r,1340
7232556000,r,1340
7232556000,r,1340
7232556000,r,1340
7232556000,r,1340
7232557000,r,1340
7233166000,s,124
7233831000,s,124
7233832000,r,1340
7233832000,r,1340
7233832000,r,1340
7233833000,r,1340
7233833000,r,1340
7233833000,r,1340
7234802000,s,124
7234979000,s,124
7240777000,r,1340
7240777000,r,1340
7240777000,r,1340
7240777000,r,1340
7240778000,r,1340
7240778000,r,1340
7240778000,r,1340
7240778000,r,1340
7240906000,r,1340
7240906000,r,1340
7240906000,r,1340
7240906000,r,1340
7241109000,r,1340
7241109000,r,1340
7241109000,r,1340
7241109000,r,1340
7241109000,r,1340
7241109000,r,1340
7241110000,r,1340
7241110000,r,1340
7241188000,r,1340
7241527000,s,124
7241583000,s,124
7241928000,s,124
7241963000,s,124
7242013000,r,1340
7242013000,r,1340
7242013000,r,1340
7242013000,r,1340
7242013000,r,1340
7242013000,r,1340
7242013000,r,1340
7242014000,r,1340
7242083000,r,1340
7242083000,r,1340
7242083000,r,1340
7242083000,r,1340
7242108000,r,1340
7242108000,r,1340
7242108000,r,1340
7242408000,s,124
7244026000,s,124
7244124000,s,124
7244847000,r,1340
7244847000,r,1340
7244847000,r,1340
7244847000,r,1340
7244848000,r,1340
7244848000,r,1340
7246480000,s,124
7255986000,r,1340
7255986000,r,1340
7255986000,r,1340
7255987000,r,1340
7255987000,r,1340
7255987000,r,1340
7256503000,r,1340
7256504000,r,1340
7256504000,r,1340
7256504000,r,1340
7256504000,r,1340
7256505000,r,1340
7256505000,r,1340
7256505000,r,1340
7256600000,r,1340
7256859000,r,1340
7256859000,r,1340
7256859000,r,1340
7256860000,r,1340
7256860000,r,1340
7256860000,r,1340
7257026000,s,124
7257196000,s,124
7257499000,r,1340
7257499000,r,1340
7257499000,r,1340
7257500000,r,1340
7257500000,r,1340
7257500000,r,1340
7257500000,r,1340
7257501000,r,1340
7257625000,r,1340
7257625000,r,1340
7257626000,r,1340
7257626000,r,1340
7257840000,r,1340
7257840000,r,1340
7257840000,r,1340
7260167000,r,1340
7260167000,r,1340
7260167000,r,1340
7260168000,r,1340
7260168000,r,1340
7260168000,r,1340
7260168000,r,1340
7260168000,r,1340
7260339000,r,1340
7260339000,r,1340
7260340000,r,1340
7260340000,r,1340
7260340000,r,1340
7260340000,r,1340
7260340000,r,1340
7260341000,r,1340
7260395000,r,1340
7260395000,r,1340
7260396000,r,1340
7260396000,r,1340
7260396000,r,1340
7260396000,r,1340
7260396000,r,1340
7260397000,r,1340
7260452000,r,1340
7260453000,r,1340
7260453000,r,1340
7260453000,r,1340
7260453000,r,1340
7260453000,r,1340
7260454000,r,1340
7260454000,r,1340
7260501000,r,1340
7260551000,r,1340
7260551000,r,1340
7260551000,r,1340
7260551000,r,1340
7260552000,r,1340
7260552000,r,1340
7260552000,r,1340
7260552000,r,1340
7260632000,r,1340
7260628000,s,124
7260937000,s,124
7260988000,s,124
7261005000,s,124
7261033000,s,124
7261048000,s,124
7261062000,s,124
7261074000,s,124
7261109000,s,124
7261123000,s,124
7261987000,s,124
7262172000,s,124
7262647000,r,1340
7262647000,r,1340
7262647000,r,1340
7262648000,r,1340
7262648000,r,1340
7262962000,s,124
7263040000,s,124
7263078000,s,124
7263464000,s,124
7263517000,s,124
7263544000,s,124
7263563000,s,124
7263581000,s,124
7264620000,s,124
7264703000,s,124
7264923000,s,124
7265037000,s,124
7265127000,s,124
7265241000,s,124
7269546000,r,1340
7269546000,r,1340
7269546000,r,1340
7269546000,r,1340
7269546000,r,1340
7269546000,r,1340
7269547000,r,1340
7269547000,r,1340
7269667000,r,1340
7269667000,r,1340
7269667000,r,1340
7269667000,r,1340
7269667000,r,1340
7269668000,r,1340
7269668000,r,1340
7269668000,r,1340
7269713000,r,1340
7269713000,r,1340
7270148000,r,1340
7270148000,r,1340
7270148000,r,1340
7270148000,r,1340
7270148000,r,1340
7270149000,r,1340
7270149000,r,1340
7270149000,r,1340
7270201000,r,1340
7270889000,r,1340
7270889000,r,1340
7270889000,r,1340
7270889000,r,1340
7270890000,r,1340
7270890000,r,1340
7271284000,s,124
7271405000,s,124
7271669000,s,124
7271683000,r,1340
7271683000,r,1340
7271771000,s,124
7271683000,r,1340
7272030000,s,124
7272106000,s,124
7272320000,s,124
7272349000,s,124
7273464000,r,1340
7273465000,r,1340
7273465000,r,1340
7273465000,r,1340
7273465000,r,1340
7273465000,r,1340
7273466000,r,1340
7274967000,s,124
7285730000,r,1340
7285731000,r,1340
7285731000,r,1340
7285731000,r,1340
7285731000,r,1340
7285732000,r,1340
7285732000,r,1340
7285732000,r,1340
7286008000,r,1340
7286008000,r,1340
7286009000,r,1340
7286009000,r,1340
7286128000,r,1340
7286129000,r,1340
7286129000,r,1340
7286129000,r,1340
7286129000,r,1340
7286130000,r,1340
7286338000,r,1340
7286339000,r,1340
7286339000,r,1340
7286772000,r,1340
7286772000,r,1340
7286772000,r,1340
7286773000,r,1340
7286773000,r,1340
7286773000,r,1340
7286773000,r,1340
7286773000,r,1340
7286884000,r,1340
7286994000,s,124
7287159000,r,1340
7287171000,s,124
7287159000,r,1340
7287159000,r,1340
7287160000,r,1340
7287160000,r,1340
7287160000,r,1340
7287569000,s,124
7287708000,r,1340
7287708000,r,1340
7287708000,r,1340
7287708000,r,1340
7287709000,r,1340
7287709000,r,1340
7287709000,r,1340
7287710000,r,1340
7287867000,r,1340
7287943000,s,124
7288061000,r,1340
7288076000,s,124
7288061000,r,1340
7288061000,r,1340
7288210000,s,124
7288297000,s,124
7288528000,s,124
7288819000,r,1340
7288820000,r,1340
7288820000,r,1340
7288820000,r,1340
7288820000,r,1340
7288821000,r,1340
7288821000,r,1340
7288821000,r,1340
7289015000,r,1340
7289015000,r,1340
7289015000,r,1340
7289015000,r,1340
7289886000,r,1340
7289886000,r,1340
7289887000,r,1340
7289887000,r,1340
7289887000,r,1340
7289888000,r,1340
7289888000,r,1340
7289888000,r,1340
7290078000,r,1340
7290078000,r,1340
7290078000,r,1340
7290079000,r,1340
7290079000,r,1340
7290079000,r,1340
7290079000,r,1340
7290080000,r,1340
7290150000,r,1340
7290150000,r,1340
7290252000,s,124
7290325000,s,124
7290345000,s,124
7290539000,s,124
7291948000,r,1340
7291948000,r,1340
7291948000,r,1340
7291948000,r,1340
7291948000,r,1340
7291948000,r,1340
7291949000,r,1340
7293134000,s,124
7293262000,s,124
7293710000,s,124
7293987000,s,124
7294484000,s,124
7295530000,r,1340
7295530000,r,1340
7295531000,r,1340
7295531000,r,1340
7295531000,r,1340
7295531000,r,1340
7295531000,r,1340
7295532000,r,1340
7295668000,r,1340
7295668000,r,1340
7295668000,r,1340
7295668000,r,1340
7295669000,r,1340
7295669000,r,1340
7295669000,r,1340
7295669000,r,1340
7295719000,r,1340
7295719000,r,1340
7295719000,r,1340
7295719000,r,1340
7295719000,r,1340
7295785000,r,1340
7295785000,r,1340
7295785000,r,1340
7295785000,r,1340
7295785000,r,1340
7295786000,r,1340
7296175000,s,124
7296429000,r,1340
7296463000,s,124
7296429000,r,1340
7296429000,r,1340
7296429000,r,1340
7296430000,r,1340
7296430000,r,1340
7296430000,r,1340
7296430000,r,1340
7296558000,r,1340
7296558000,r,1340
7296558000,r,1340
7296559000,r,1340
7296738000,s,124
7296851000,s,124
7297208000,s,124
7297331000,s,124
7297380000,s,124
7297512000,s,124
7297536000,s,124
7297877000,s,124
7298491000,r,1340
7298491000,r,1340
7298492000,r,1340
7298492000,r,1340
7298492000,r,1340
7298492000,r,1340
7298492000,r,1340
7299929000,r,1340
7299929000,r,1340
7299929000,r,1340
7299929000,r,1340
7299929000,r,1340
7299930000,r,1340
7299930000,r,1340
7299930000,r,1340
7300014000,r,1340
7300148000,s,124
7300504000,s,124
7300722000,s,124
7300935000,s,124
7301356000,s,124
7302674000,r,1340
7302674000,r,1340
7302674000,r,1340
7302675000,r,1340
7302675000,r,1340
7302675000,r,1340
7302675000,r,1340
7302675000,r,1340
7302752000,r,1340
7302752000,r,1340
7302753000,r,1340
7302753000,r,1340
7302753000,r,1340
7302753000,r,1340
7302753000,r,1340
7302753000,r,1340
7302814000,r,1340
7302814000,r,1340
7302815000,r,1340
7302815000,r,1340
7302815000,r,1340
7302815000,r,1340
7303555000,s,124
7303640000,r,1340
7303640000,r,1340
7303640000,r,1340
7303640000,r,1340
7303640000,r,1340
7303710000,s,124
7303640000,r,1340
7303641000,r,1340
7303641000,r,1340
7303741000,r,1340
7303742000,r,1340
7303742000,r,1340
7303742000,r,1340
7303742000,r,1340
7304385000,s,124
7304528000,s,124
7304621000,s,124
7306113000,r,1340
7306113000,r,1340
7306113000,r,1340
7306113000,r,1340
7306114000,r,1340
7306114000,r,1340
7306114000,r,1340
7306114000,r,1340
7306178000,r,1340
7306178000,r,1340
7306178000,r,1340
7306178000,r,1340
7306178000,r,1340
7306178000,r,1340
7306609000,r,1340
7306609000,r,1340
7306609000,r,1340
7306612000,r,1340
7306613000,r,1340
7306613000,r,1340
7306613000,r,1340
7306613000,r,1340
7306775000,r,1340
7306775000,r,1340
7306987000,s,124
7307135000,s,124
7307220000,s,124
7307298000,s,124
7307351000,s,124
7307400000,s,124
7307575000,s,124
7307624000,s,124
7307700000,r,1340
7307700000,r,1340
7307700000,r,1340
7307700000,r,1340
7307700000,r,1340
7307700000,r,1340
7307701000,r,1340
7307701000,r,1340
7307789000,r,1340
7307789000,r,1340
7307790000,r,1340
7307790000,r,1340
7307790000,r,1340
7307790000,r,1340
7307790000,r,1340
7308209000,r,1340
7308209000,r,1340
7308209000,r,1340
7308209000,r,1340
7308209000,r,1340
7308209000,r,1340
7308434000,s,124
7309278000,s,124
7311573000,r,1340
7311573000,r,1340
7311573000,r,1340
7311573000,r,1340
7311573000,r,1340
7311573000,r,1340
7311574000,r,1340
7311574000,r,1340
7311721000,r,1340
7311721000,r,1340
7311722000,r,1340
7311722000,r,1340
7311722000,r,1340
7311722000,r,1340
7311722000,r,1340
7311722000,r,1340
7311774000,r,1340
7311774000,r,1340
7311775000,r,1340
7311775000,r,1340
7311775000,r,1340
7311775000,r,1340
7311775000,r,1340
7311776000,r,1340
7311828000,r,1340
7311828000,r,1340
7311828000,r,1340
7311828000,r,1340
7311828000,r,1340
7311828000,r,1340
7311829000,r,1340
7311829000,r,1340
7311877000,r,1340
7311877000,r,1340
7312254000,s,124
7312364000,s,124
7312387000,s,124
7312708000,s,124
7312771000,s,124
7312940000,s,124
7313130000,s,124
7313191000,s,124
7313255000,s,124
7313406000,s,124
7313876000,r,1340
7313876000,r,1340
7313876000,r,1340
7313876000,r,1340
7313876000,r,1340
7313877000,r,1340
7313877000,r,1340
7313877000,r,1340
7314022000,r,1340
7314023000,r,1340
7314023000,r,1340
7314023000,r,1340
7314023000,r,1340
7314023000,r,1340
7314024000,r,1340
7314024000,r,1340
7314093000,r,1340
7314093000,r,1340
7314093000,r,1340
7314667000,s,124
7315673000,r,1340
7315673000,r,1340
7315673000,r,1340
7315673000,r,1340
7315673000,r,1340
7315673000,r,1340
7315674000,r,1340
7315853000,r,1340
7315853000,r,1340
7315853000,r,1340
7315853000,r,1340
7315853000,r,1340
7315854000,r,1340
7315917000,s,124
7316417000,s,124
7316556000,s,124
7316640000,s,124
7317908000,r,1340
7317908000,r,1340
7317908000,r,1340
7317908000,r,1340
7317908000,r,1340
7317909000,r,1340
7317909000,r,1340
7317909000,r,1340
7318041000,r,1340
7318042000,r,1340
7318042000,r,1340
7318042000,r,1340
7318042000,r,1340
7318042000,r,1340
7318043000,r,1340
7318043000,r,1340
7318104000,r,1340
7318104000,r,1340
7318105000,r,1340
7318105000,r,1340
7318105000,r,1340
7318105000,r,1340
7318105000,r,1340
7318106000,r,1340
7318154000,r,1340
7318154000,r,1340
7318484000,s,124
7318732000,s,124
7318964000,s,124
7319044000,s,124
7319913000,r,1340
7319914000,r,1340
7319914000,r,1340
7319914000,r,1340
7319914000,r,1340
7320286000,s,124
7320632000,s,124
7326908000,r,1340
7326908000,r,1340
7326908000,r,1340
7326908000,r,1340
7326909000,r,1340
7326909000,r,1340
7326909000,r,1340
7326909000,r,1340
7327070000,r,1340
7327070000,r,1340
7327070000,r,1340
7327070000,r,1340
7327070000,r,1340
7327070000,r,1340
7327071000,r,1340
7327071000,r,1340
7327134000,r,1340
7327134000,r,1340
7327134000,r,1340
7327134000,r,1340
7327135000,r,1340
7327135000,r,1340
7327135000,r,1340
7327135000,r,1340
7327185000,r,1340
7327185000,r,1340
7327186000,r,1340
7327186000,r,1340
7327186000,r,1340
7327186000,r,1340
7327186000,r,1340
7327187000,r,1340
7327257000,r,1340
7327258000,r,1340
7327757000,r,1340
7327757000,r,1340
7327757000,r,1340
7327757000,r,1340
7327758000,r,1340
7327758000,r,1340
7327758000,r,1340
7327758000,r,1340
7327879000,r,1340
7327879000,r,1340
7327879000,r,1340
7327879000,r,1340
7327879000,r,1340
7327880000,r,1340
7327880000,r,1340
7327880000,r,1340
7327926000,r,1340
7327944000,r,1340
7327945000,r,1340
7327945000,r,1340
7327945000,r,1340
7327945000,r,1340
7327945000,r,1340
7328159000,r,1340
7328159000,r,1340
7328159000,r,1340
7328159000,r,1340
7328159000,r,1340
7328159000,r,1340
7328407000,s,124
7328484000,s,124
7328501000,s,124
7328593000,s,124
7329569000,s,124
7329711000,s,124
7329749000,s,124
7329772000,s,124
7329795000,s,124
7329821000,s,124
7329876000,s,124
7329892000,s,124
7329921000,s,124
7329946000,s,124
7330443000,r,1340
7330443000,r,1340
7330444000,r,1340
7330444000,r,1340
7330444000,r,1340
7330444000,r,1340
7330444000,r,1340
7330445000,r,1340
7330551000,r,1340
7330551000,r,1340
7330551000,r,1340
7330551000,r,1340
7330551000,r,1340
7330551000,r,1340
7330552000,r,1340
7330552000,r,1340
7330604000,r,1340
7330604000,r,1340
7330604000,r,1340
7330604000,r,1340
7330605000,r,1340
7330605000,r,1340
7330605000,r,1340
7330605000,r,1340
7330655000,r,1340
7330655000,r,1340
7330655000,r,1340
7330655000,r,1340
7330655000,r,1340
7330655000,r,1340
7330971000,s,124
7331052000,s,124
7331150000,s,124
7331310000,s,124
7331373000,s,124
7331436000,s,124
7332030000,s,124
7332100000,s,124
7332124000,s,124
7332140000,s,124
7332256000,r,1340
7332256000,r,1340
7332256000,r,1340
7332256000,r,1340
7332256000,r,1340
7332257000,r,1340
7332257000,r,1340
7332257000,r,1340
7332355000,r,1340
7332355000,r,1340
7332355000,r,1340
7332356000,r,1340
7332356000,r,1340
7332356000,r,1340
7332356000,r,1340
7332823000,r,1340
7332823000,r,1340
7332823000,r,1340
7332876000,s,124
7333314000,r,1340
7333315000,r,1340
7333315000,r,1340
7333444000,r,1340
7333444000,r,1340
7333444000,r,1340
7333444000,r,1340
7333445000,r,1340
7333445000,r,1340
7333445000,r,1340
7333445000,r,1340
7333495000,r,1340
7333782000,s,124
7333810000,r,1340
7333810000,r,1340
7333810000,r,1340
7333810000,r,1340
7333810000,r,1340
7333811000,r,1340
7334036000,r,1340
7334036000,r,1340
7334036000,r,1340
7334036000,r,1340
7334037000,r,1340
7334037000,r,1340
7334081000,s,124
7334285000,s,124
7334363000,s,124
7334419000,s,124
7334564000,r,1340
7334564000,r,1340
7334564000,r,1340
7334909000,r,1340
7334909000,r,1340
7334910000,r,1340
7334910000,r,1340
7334910000,r,1340
7334910000,r,1340
7335155000,s,124
7335248000,s,124
7335279000,s,124
7335903000,r,1340
7335904000,r,1340
7335904000,r,1340
7335904000,r,1340
7335904000,r,1340
7336594000,s,124
7340264000,r,1340
7340264000,r,1340
7340264000,r,1340
7340864000,r,1340
7340864000,r,1340
7340864000,r,1340
7340864000,r,1340
7340865000,r,1340
7340865000,r,1340
7341389000,r,1340
7341390000,r,1340
7341390000,r,1340
7341390000,r,1340
7341390000,r,1340
7341390000,r,1340
7341390000,r,1340
7341391000,r,1340
7341489000,r,1340
7341490000,r,1340
7341490000,r,1340
7341490000,r,1340
7341490000,r,1340
7341490000,r,1340
7341490000,r,1340
7342543000,r,1340
7342543000,r,1340
7342544000,r,1340
7343131000,s,124
7343834000,r,1340
7343834000,r,1340
7343835000,r,1340
7343835000,r,1340
7343835000,r,1340
7343835000,r,1340
7343835000,r,1340
7343836000,r,1340
7343977000,r,1340
7343977000,r,1340
7343977000,r,1340
7343977000,r,1340
7343978000,r,1340
7343978000,r,1340
7345139000,r,1340
7345139000,r,1340
7345139000,r,1340
7345139000,r,1340
7345139000,r,1340
7345139000,r,1340
7345140000,r,1340
7345140000,r,1340
7345240000,r,1340
7345240000,r,1340
7345240000,r,1340
7345240000,r,1340
7345240000,r,1340
7345241000,r,1340
7345241000,r,1340
7345305000,r,1340
7345305000,r,1340
7345305000,r,1340
7345908000,s,124
7345996000,s,124
7346135000,s,124
7346247000,s,124
7346796000,s,124
7347118000,r,1340
7347118000,r,1340
7347119000,r,1340
7347119000,r,1340
7347119000,r,1340
7347119000,r,1340
7347119000,r,1340
7347119000,r,1340
7347238000,r,1340
7347238000,r,1340
7347239000,r,1340
7347252000,s,124
7347239000,r,1340
7347239000,r,1340
7347239000,r,1340
7347805000,s,124
7347859000,s,124
7347891000,s,124
7347907000,s,124
7347920000,s,124
7347933000,s,124
7347945000,s,124
7348070000,s,124
7348141000,r,1340
7348141000,r,1340
7348141000,r,1340
7350573000,r,1340
7350573000,r,1340
7350574000,r,1340
7350574000,r,1340
7350574000,r,1340
7350574000,r,1340
7350574000,r,1340
7350574000,r,1340
7350680000,r,1340
7350681000,r,1340
7350681000,r,1340
7350681000,r,1340
7350681000,r,1340
7350681000,r,1340
7350681000,r,1340
7350682000,r,1340
7350736000,r,1340
7350736000,r,1340
7350736000,r,1340
7350736000,r,1340
7350736000,r,1340
7350736000,r,1340
7350737000,r,1340
7350737000,r,1340
7350806000,r,1340
7350806000,r,1340
7350807000,r,1340
7350807000,r,1340
7350807000,r,1340
7350807000,r,1340
7350807000,r,1340
7350807000,r,1340
7350854000,r,1340
7350854000,r,1340
7350854000,r,1340
7350854000,r,1340
7350855000,r,1340
7350855000,r,1340
7350855000,r,1340
7350855000,r,1340
7350901000,r,1340
7350901000,r,1340
7350901000,r,1340
7350901000,r,1340
7350902000,r,1340
7350902000,r,1340
7350902000,r,1340
7350902000,r,1340
7350942000,r,1340
7350942000,r,1340
7350942000,r,1340
7351082000,r,1340
7351082000,r,1340
7351082000,r,1340
7351306000,s,124
7351356000,s,124
7351576000,s,124
7351890000,s,124
7352003000,s,124
7352075000,s,124
7352161000,s,124
7352600000,r,1340
7352600000,r,1340
7352600000,r,1340
7352600000,r,1340
7352601000,r,1340
7352601000,r,1340
7352601000,r,1340
7352601000,r,1340
7352743000,r,1340
7352743000,r,1340
7352744000,r,1340
7352744000,r,1340
7352744000,r,1340
7352744000,r,1340
7352744000,r,1340
7352744000,r,1340
7353010000,s,124
7353130000,s,124
7353513000,s,124
7353611000,s,124
7353707000,s,124
7354420000,s,124
7354649000,r,1340
7354649000,r,1340
7354649000,r,1340
7354649000,r,1340
7354649000,r,1340
7354650000,r,1340
7354650000,r,1340
7354650000,r,1340
7354769000,r,1340
7354769000,r,1340
7354769000,r,1340
7354821000,r,1340
7354822000,r,1340
7355337000,s,124
7355429000,s,124
7355862000,s,124
7356327000,s,124
7362474000,r,1340
7362474000,r,1340
7362474000,r,1340
7362474000,r,1340
7362474000,r,1340
7362475000,r,1340
7362475000,r,1340
7362475000,r,1340
7362706000,r,1340
7362707000,r,1340
7362707000,r,1340
7362707000,r,1340
7362707000,r,1340
7362707000,r,1340
7362708000,r,1340
7362708000,r,1340
7362770000,r,1340
7362770000,r,1340
7362770000,r,1340
7362770000,r,1340
7362771000,r,1340
7362771000,r,1340
7362771000,r,1340
7362771000,r,1340
7362832000,r,1340
7362832000,r,1340
7362833000,r,1340
7362833000,r,1340
7362833000,r,1340
7362833000,r,1340
7362912000,r,1340
7362912000,r,1340
7362913000,r,1340
7362913000,r,1340
7362913000,r,1340
7362913000,r,1340
7363561000,s,124
7363671000,s,124
7363699000,r,1340
7363699000,r,1340
7363699000,r,1340
7363700000,r,1340
7363700000,r,1340
7363700000,r,1340
7363700000,r,1340
7363700000,r,1340
7363832000,r,1340
7363836000,s,124
7363984000,s,124
7363990000,r,1340
7363990000,r,1340
7363991000,r,1340
7363991000,r,1340
7363991000,r,1340
7363991000,r,1340
7364062000,s,124
7364081000,r,1340
7364081000,r,1340
7364081000,r,1340
7364121000,s,124
7364185000,s,124
7364277000,s,124
7364351000,s,124
7364382000,r,1340
7364382000,r,1340
7364382000,r,1340
7364721000,s,124
7364865000,s,124
7364907000,s,124
7364926000,s,124
7364951000,s,124
7365185000,s,124
7365521000,s,124
7365608000,s,124
7365687000,s,124
7366003000,s,124
7366166000,r,1340
7366166000,r,1340
7366166000,r,1340
7366166000,r,1340
7366310000,r,1340
7366311000,r,1340
7366311000,r,1340
7366311000,r,1340
7366311000,r,1340
7366311000,r,1340
7366620000,r,1340
7366621000,r,1340
7366621000,r,1340
7366725000,s,124
7366745000,r,1340
7366746000,r,1340
7366746000,r,1340
7366746000,r,1340
7366746000,r,1340
7366798000,s,124
7366746000,r,1340
7366975000,s,124
7367136000,r,1340
7367136000,r,1340
7367136000,r,1340
7367270000,r,1340
7367271000,r,1340
7367271000,r,1340
7367446000,s,124
7367668000,r,1340
7367669000,r,1340
7367669000,r,1340
7367669000,r,1340
7367669000,r,1340
7367738000,s,124
7367669000,r,1340
7367908000,s,124
7368149000,s,124
7368231000,r,1340
7368231000,r,1340
7368231000,r,1340
7368281000,s,124
7368231000,r,1340
7368232000,r,1340
7368232000,r,1340
7368232000,r,1340
7368232000,r,1340
7368321000,r,1340
7368648000,s,124
7368796000,s,124
7368888000,s,124
7369010000,s,124
7369027000,r,1340
7369027000,r,1340
7369028000,r,1340
7369028000,r,1340
7369028000,r,1340
7369028000,r,1340
7369028000,r,1340
7369028000,r,1340
7369086000,r,1340
7369086000,r,1340
7369086000,r,1340
7369086000,r,1340
7369086000,r,1340
7369086000,r,1340
7369087000,r,1340
7369120000,s,124
7369205000,s,124
7369340000,r,1340
7369340000,r,1340
7369340000,r,1340
7369503000,s,124
7369679000,s,124
7369897000,r,1340
7369898000,r,1340
7369898000,r,1340
7369898000,r,1340
7369898000,r,1340
7369898000,r,1340
7370082000,s,124
7370115000,s,124
7370436000,s,124
7370567000,s,124
7370743000,r,1340
7370743000,r,1340
7370744000,r,1340
7370744000,r,1340
7370744000,r,1340
7370744000,r,1340
7370744000,r,1340
7370744000,r,1340
7370861000,r,1340
7370861000,r,1340
7370861000,r,1340
7370861000,r,1340
7370862000,r,1340
7370862000,r,1340
7370862000,r,1340
7370862000,r,1340
7370914000,r,1340
7370914000,r,1340
7370933000,s,124
7370998000,s,124
7371551000,s,124
7371645000,s,124
7371723000,s,124
7371876000,s,124
7372101000,s,124
7372348000,s,124
7372521000,s,124
7372626000,s,124
7373140000,s,124
7373187000,r,1340
7373187000,r,1340
7373250000,s,124
7373188000,r,1340
7373188000,r,1340
7373188000,r,1340
7373188000,r,1340
7373188000,r,1340
7373189000,r,1340
7373299000,r,1340
7373299000,r,1340
7373299000,r,1340
7373299000,r,1340
7373299000,r,1340
7373299000,r,1340
7373300000,r,1340
7373300000,r,1340
7373340000,s,124
7373351000,r,1340
7373351000,r,1340
7373351000,r,1340
7373351000,r,1340
7373600000,s,124
7373643000,s,124
7374703000,r,1340
7374703000,r,1340
7374703000,r,1340
7374703000,r,1340
7374703000,r,1340
7374704000,r,1340
7374704000,r,1340
7374704000,r,1340
7374818000,r,1340
7374818000,r,1340
7374818000,r,1340
7376030000,s,124
7380441000,r,1340
7380441000,r,1340
7380441000,r,1340
7381102000,r,1340
7381102000,r,1340
7381102000,r,1340
7381102000,r,1340
7381102000,r,1340
7381102000,r,1340
7381103000,r,1340
7381103000,r,1340
7381211000,r,1340
7381211000,r,1340
7381211000,r,1340
7381211000,r,1340
7381443000,s,124
7381543000,r,1340
7381543000,r,1340
7381543000,r,1340
7381543000,r,1340
7381543000,r,1340
7381544000,r,1340
7381634000,s,124
7381966000,s,124
7382106000,s,124
7382168000,s,124
7382189000,s,124
7382343000,s,124
7382786000,s,124
7383077000,s,124
7383140000,s,124
7383861000,r,1340
7383861000,r,1340
7383861000,r,1340
7383862000,r,1340
7383862000,r,1340
7383862000,r,1340
7383862000,r,1340
7383862000,r,1340
7383976000,r,1340
7383976000,r,1340
7383977000,r,1340
7383977000,r,1340
7383977000,r,1340
7383977000,r,1340
7383977000,r,1340
7383978000,r,1340
7384032000,r,1340
7384032000,r,1340
7384033000,r,1340
7384033000,r,1340
7384033000,r,1340
7384033000,r,1340
7384033000,r,1340
7384033000,r,1340
7384084000,r,1340
7384827000,s,124
7384895000,s,124
7384915000,s,124
7385037000,r,1340
7385037000,r,1340
7385037000,r,1340
7385037000,r,1340
7385037000,r,1340
7385037000,r,1340
7385038000,r,1340
7385038000,r,1340
7385121000,r,1340
7385121000,r,1340
7385121000,r,1340
7385121000,r,1340
7385122000,r,1340
7385122000,r,1340
7385122000,r,1340
7385122000,r,1340
7385172000,r,1340
7385172000,r,1340
7385377000,r,1340
7385434000,s,124
7385378000,r,1340
7385378000,r,1340
7385529000,s,124
7385598000,s,124
7385664000,s,124
7385680000,r,1340
7385680000,r,1340
7385680000,r,1340
7385911000,r,1340
7385926000,s,124
7385911000,r,1340
7385911000,r,1340
7385912000,r,1340
7385912000,r,1340
7385912000,r,1340
7385912000,r,1340
7385912000,r,1340
7385999000,r,1340
7386020000,s,124
7386153000,s,124
7386232000,s,124
7386269000,r,1340
7386269000,r,1340
7386269000,r,1340
7386302000,s,124
7386269000,r,1340
7386269000,r,1340
7386269000,r,1340
7386383000,s,124
7386486000,s,124
7386555000,s,124
7386758000,s,124
7386988000,s,124
7387256000,s,124
7387340000,s,124
7387488000,s,124
7387756000,r,1340
7387756000,r,1340
7387756000,r,1340
7387757000,r,1340
7387757000,r,1340
7387757000,r,1340
7387757000,r,1340
7387757000,r,1340
7387863000,r,1340
7387863000,r,1340
7387863000,r,1340
7387863000,r,1340
7387864000,r,1340
7387864000,r,1340
7387864000,r,1340
7387864000,r,1340
7387918000,s,124
7387923000,r,1340
7387924000,r,1340
7387924000,r,1340
7387924000,r,1340
7387950000,s,124
7387924000,r,1340
7387968000,s,124
7388162000,s,124
7388603000,s,124
7388689000,s,124
7388899000,s,124
7389570000,r,1340
7389571000,r,1340
7389571000,r,1340
7389571000,r,1340
7389571000,r,1340
7389571000,r,1340
7389572000,r,1340
7389572000,r,1340
7389674000,r,1340
7389674000,r,1340
7389674000,r,1340
7389674000,r,1340
7389979000,r,1340
7389979000,r,1340
7389979000,r,1340
7390500000,r,1340
7390500000,r,1340
7390500000,r,1340
7390501000,r,1340
7390501000,r,1340
7390501000,r,1340
7390617000,r,1340
7390617000,r,1340
7390617000,r,1340
7390617000,r,1340
7390617000,r,1340
7390617000,r,1340
7391140000,s,124
7391275000,s,124
7391340000,r,1340
7391351000,s,124
7391340000,r,1340
7391340000,r,1340
7391340000,r,1340
7391340000,r,1340
7391341000,r,1340
7391341000,r,1340
7391412000,s,124
7391341000,r,1340
7391426000,r,1340
7391464000,s,124
7392360000,s,124
7392434000,s,124
7392488000,s,124
7392536000,s,124
7392581000,s,124
7392854000,s,124
7393393000,r,1340
7393421000,s,124
7393394000,r,1340
7393394000,r,1340
7393394000,r,1340
7393394000,r,1340
7393394000,r,1340
7393394000,r,1340
7393395000,r,1340
7393495000,r,1340
7393498000,s,124
7393495000,r,1340
7393495000,r,1340
7393495000,r,1340
7393495000,r,1340
7393496000,r,1340
7393496000,r,1340
7393496000,r,1340
7393556000,r,1340
7393556000,r,1340
7393556000,r,1340
7393556000,r,1340
7393556000,r,1340
7393556000,r,1340
7393557000,r,1340
7393557000,r,1340
7394354000,s,124
7394540000,s,124
7394571000,s,124
7394585000,s,124
7394617000,r,1340
7394617000,r,1340
7394617000,r,1340
7394617000,r,1340
7394617000,r,1340
7394618000,r,1340
7394618000,r,1340
7394908000,s,124
7395289000,s,124
7395571000,s,124
7395665000,s,124
7395751000,s,124
7395815000,s,124
7395875000,s,124
7397112000,r,1340
7397113000,r,1340
7397227000,r,1340
7397227000,r,1340
7397227000,r,1340
7398780000,r,1340
7398780000,r,1340
7398780000,r,1340
7398780000,r,1340
7398781000,r,1340
7398781000,r,1340
7398781000,r,1340
7398781000,r,1340
7398867000,r,1340
7398867000,r,1340
7398867000,r,1340
7398867000,r,1340
7398867000,r,1340
7398867000,r,1340
7398868000,r,1340
7399360000,s,124
7399500000,s,124
7399564000,s,124
7399586000,s,124
7399720000,r,1340
7399720000,r,1340
7399720000,r,1340
7399720000,r,1340
7399721000,r,1340
7399721000,r,1340
7399721000,r,1340
7399721000,r,1340
7399827000,r,1340
7399942000,s,124
7399971000,s,124
7400075000,r,1340
7400075000,r,1340
7400076000,r,1340
7400076000,r,1340
7400076000,r,1340
7400076000,r,1340
7400210000,s,124
7400249000,r,1340
7400249000,r,1340
7400249000,r,1340
7400249000,r,1340
7400249000,r,1340
7400249000,r,1340
7400500000,s,124
7400589000,s,124
7400672000,s,124
7400755000,s,124
7400832000,s,124
7400859000,r,1340
7400860000,r,1340
7400860000,r,1340
7401163000,s,124
7401189000,s,124
7401542000,s,124
7401795000,s,124
7401919000,s,124
7402160000,s,124
7402409000,s,124
7403540000,r,1340
7403540000,r,1340
7403541000,r,1340
7403541000,r,1340
7403541000,r,1340
7403541000,r,1340
7403541000,r,1340
7403541000,r,1340
7403631000,r,1340
7403631000,r,1340
7403632000,r,1340
7403632000,r,1340
7403632000,r,1340
7403632000,r,1340
7403632000,r,1340
7403632000,r,1340
7403680000,r,1340
7403680000,r,1340
7403680000,r,1340
7403680000,r,1340
7403680000,r,1340
7403681000,r,1340
7403681000,r,1340
7403681000,r,1340
7403726000,r,1340
7403726000,r,1340
7403727000,r,1340
7403727000,r,1340
7403727000,r,1340
7403727000,r,1340
7403727000,r,1340
7403727000,r,1340
7403768000,r,1340
7403973000,s,124
7404021000,s,124
7404318000,s,124
7404409000,s,124
7404490000,r,1340
7404490000,r,1340
7404535000,s,124
7404491000,r,1340
7404491000,r,1340
7404491000,r,1340
7404491000,r,1340
7404491000,r,1340
7404491000,r,1340
7404581000,r,1340
7404839000,s,124
7404956000,s,124
7405188000,s,124
7405242000,s,124
7405291000,s,124
7405308000,s,124
7405396000,s,124
7406485000,r,1340
7406485000,r,1340
7406485000,r,1340
7406485000,r,1340
7406485000,r,1340
7406485000,r,1340
7406486000,r,1340
7406486000,r,1340
7406572000,r,1340
7406572000,r,1340
7406572000,r,1340
7406573000,r,1340
7406573000,r,1340
7406573000,r,1340
7406573000,r,1340
7406573000,r,1340
7406626000,r,1340
7406626000,r,1340
7406626000,r,1340
7406626000,r,1340
7406851000,r,1340
7406851000,r,1340
7406851000,r,1340
7407052000,r,1340
7407052000,r,1340
7407052000,r,1340
7407052000,r,1340
7407052000,r,1340
7407052000,r,1340
7407728000,r,1340
7407728000,r,1340
7407728000,r,1340
7407728000,r,1340
7407729000,r,1340
7407729000,r,1340
7407729000,r,1340
7407729000,r,1340
7407810000,r,1340
7409827000,s,124
7410804000,r,1340
7410805000,r,1340
7410805000,r,1340
7410805000,r,1340
7410805000,r,1340
7410805000,r,1340
7410805000,r,1340
7410805000,r,1340
7410949000,r,1340
7410949000,r,1340
7410949000,r,1340
7410949000,r,1340
7410949000,r,1340
7410949000,r,1340
7410949000,r,1340
7410950000,r,1340
7411006000,r,1340
7411006000,r,1340
7411007000,r,1340
7411007000,r,1340
7411007000,r,1340
7411007000,r,1340
7411007000,r,1340
7411007000,r,1340
7411056000,r,1340
7411056000,r,1340
7411057000,r,1340
7411057000,r,1340
7411057000,r,1340
7411057000,r,1340
7411057000,r,1340
7411057000,r,1340
7411097000,r,1340
7411097000,r,1340
7411098000,r,1340
7411098000,r,1340
7412025000,r,1340
7412025000,r,1340
7412025000,r,1340
7412025000,r,1340
7412025000,r,1340
7412025000,r,1340
7412025000,r,1340
7412026000,r,1340
7412108000,r,1340
7412109000,r,1340
7412109000,r,1340
7412109000,r,1340
7412109000,r,1340
7412109000,r,1340
7412109000,r,1340
7412109000,r,1340
7412154000,r,1340
7412154000,r,1340
7412154000,r,1340
7412154000,r,1340
7412154000,r,1340
7412154000,r,1340
7412212000,r,1340
7412212000,r,1340
7412212000,r,1340
7412722000,s,124
7412808000,s,124
7412883000,s,124
7412953000,s,124
7413057000,s,124
7413830000,r,1340
7413830000,r,1340
7413830000,r,1340
7413830000,r,1340
7413830000,r,1340
7413830000,r,1340
7413831000,r,1340
7413831000,r,1340
7413906000,r,1340
7413906000,r,1340
7414289000,r,1340
7414290000,r,1340
7414290000,r,1340
7414290000,r,1340
7414290000,r,1340
7414290000,r,1340
7414290000,r,1340
7414291000,r,1340
7414371000,r,1340
7414404000,r,1340
7414404000,r,1340
7414404000,r,1340
7414551000,s,124
7414602000,s,124
7414621000,s,124
7414633000,s,124
7414657000,s,124
7414669000,s,124
7414680000,s,124
7414692000,s,124
7414703000,s,124
7414714000,s,124
7414736000,s,124
7415140000,s,124
7415304000,s,124
7415499000,s,124
7415742000,s,124
7416606000,s,124
7416766000,s,124
7416839000,s,124
7416828000,r,1340
7416829000,r,1340
7416829000,r,1340
7416829000,r,1340
7416836000,r,1340
7416836000,r,1340
7416836000,r,1340
7416836000,r,1340
7417010000,r,1340
7417011000,r,1340
7417011000,r,1340
7417011000,r,1340
7417011000,r,1340
7417011000,r,1340
7417012000,r,1340
7417012000,r,1340
7417077000,r,1340
7417077000,r,1340
7417077000,r,1340
7417077000,r,1340
7418845000,r,1340
7418845000,r,1340
7418846000,r,1340
7418846000,r,1340
7418846000,r,1340
7418846000,r,1340
7418990000,r,1340
7419330000,s,124
7419501000,s,124
7419561000,s,124
7419777000,s,124
7419940000,s,124
7420156000,s,124
7420351000,s,124
7421885000,r,1340
7421885000,r,1340
7421885000,r,1340
7421885000,r,1340
7421886000,r,1340
7421886000,r,1340
7421886000,r,1340
7421886000,r,1340
7422033000,r,1340
7422034000,r,1340
7422034000,r,1340
7422034000,r,1340
7422034000,r,1340
7422034000,r,1340
7422034000,r,1340
7422035000,r,1340
7422087000,r,1340
7422087000,r,1340
7422087000,r,1340
7422087000,r,1340
7422087000,r,1340
7422087000,r,1340
7422088000,r,1340
7422088000,r,1340
7422504000,s,124
7422877000,s,124
7422927000,s,124
7422949000,s,124
7422963000,s,124
7422975000,s,124
7422986000,s,124
7422997000,s,124
7423008000,s,124
7423232000,r,1340
7423232000,r,1340
7423232000,r,1340
7423232000,r,1340
7423232000,r,1340
7423232000,r,1340
7423927000,s,124
7424247000,s,124
7424332000,s,124
7425466000,r,1340
7425466000,r,1340
7425466000,r,1340
7425466000,r,1340
7425466000,r,1340
7425466000,r,1340
7425467000,r,1340
7425467000,r,1340
7425607000,r,1340
7425608000,r,1340
7425608000,r,1340
7425608000,r,1340
7425608000,r,1340
7425608000,r,1340
7425608000,r,1340
7425609000,r,1340
7425655000,r,1340
7425655000,r,1340
7425655000,r,1340
7425656000,r,1340
7425656000,r,1340
7425656000,r,1340
7425656000,r,1340
7425656000,r,1340
7425707000,r,1340
7425708000,r,1340
7425708000,r,1340
7425708000,r,1340
7425708000,r,1340
7425708000,r,1340
7425709000,r,1340
7425709000,r,1340
7425793000,r,1340
7425793000,r,1340
7425793000,r,1340
7425793000,r,1340
7425794000,r,1340
7425794000,r,1340
7426003000,s,124
7426233000,s,124
7426277000,s,124
7426322000,s,124
7426342000,s,124
7426366000,s,124
7426547000,s,124
7426594000,s,124
7426621000,s,124
7426704000,r,1340
7426704000,r,1340
7426704000,r,1340
7426704000,r,1340
7426705000,r,1340
7426705000,r,1340
7427229000,s,124
7428296000,r,1340
7428296000,r,1340
7428296000,r,1340
7428296000,r,1340
7428296000,r,1340
7428297000,r,1340
7428297000,r,1340
7428297000,r,1340
7428429000,r,1340
7428429000,r,1340
7428429000,r,1340
7428429000,r,1340
7428430000,r,1340
7428430000,r,1340
7428430000,r,1340
7428430000,r,1340
7428480000,r,1340
7428480000,r,1340
7428566000,r,1340
7428567000,r,1340
7428567000,r,1340
7428567000,r,1340
7428567000,r,1340
7428567000,r,1340
7428567000,r,1340
7428568000,r,1340
7428674000,r,1340
7429058000,r,1340
7429059000,r,1340
7429059000,r,1340
7429059000,r,1340
7429059000,r,1340
7429059000,r,1340
7429202000,r,1340
7429202000,r,1340
7429203000,r,1340
7429490000,s,124
7429570000,s,124
7429837000,s,124
7429878000,r,1340
7429878000,r,1340
7429878000,r,1340
7429879000,r,1340
7429879000,r,1340
7429879000,r,1340
7429879000,r,1340
7429879000,r,1340
7429999000,r,1340
7429999000,r,1340
7429999000,r,1340
7429999000,r,1340
7430349000,r,1340
7430349000,r,1340
7430349000,r,1340
7430350000,r,1340
7430350000,r,1340
7430350000,r,1340
7431226000,s,124
7431988000,r,1340
7431989000,r,1340
7431989000,r,1340
7431989000,r,1340
7431989000,r,1340
7431989000,r,1340
7431989000,r,1340
7431990000,r,1340
7432363000,r,1340
7432364000,r,1340
7432364000,r,1340
7432520000,r,1340
7432520000,r,1340
7432520000,r,1340
7432668000,s,124
7432702000,s,124
7433094000,s,124
7433191000,s,124
7434816000,r,1340
7434816000,r,1340
7434816000,r,1340
7434816000,r,1340
7434816000,r,1340
7434816000,r,1340
7434817000,r,1340
7434817000,r,1340
7434958000,r,1340
7434958000,r,1340
7434958000,r,1340
7434959000,r,1340
7434959000,r,1340
7434959000,r,1340
7434959000,r,1340
7434959000,r,1340
7435008000,r,1340
7435008000,r,1340
7435008000,r,1340
7435008000,r,1340
7435008000,r,1340
7435008000,r,1340
7435009000,r,1340
7435009000,r,1340
7435051000,r,1340
7435051000,r,1340
7435051000,r,1340
7435407000,s,124
7435539000,s,124
7435586000,s,124
7436387000,s,124
7436911000,r,1340
7436911000,r,1340
7436911000,r,1340
7436911000,r,1340
7436911000,r,1340
7436911000,r,1340
7436912000,r,1340
7436912000,r,1340
7437006000,r,1340
7437007000,r,1340
7437007000,r,1340
7437007000,r,1340
7437007000,r,1340
7437007000,r,1340
7437007000,r,1340
7437008000,r,1340
7437055000,r,1340
7437055000,r,1340
7437456000,s,124
7437766000,s,124
7441735000,r,1340
7441736000,r,1340
7441736000,r,1340
7441736000,r,1340
7441736000,r,1340
7441736000,r,1340
7441736000,r,1340
7441737000,r,1340
7441874000,r,1340
7441875000,r,1340
7441875000,r,1340
7441875000,r,1340
7441875000,r,1340
7441875000,r,1340
7441875000,r,1340
7441876000,r,1340
7441923000,r,1340
7441923000,r,1340
7441923000,r,1340
7441924000,r,1340
7441924000,r,1340
7441924000,r,1340
7442030000,r,1340
7442030000,r,1340
7442030000,r,1340
7442031000,r,1340
7442031000,r,1340
7442031000,r,1340
7442549000,s,124
7442746000,s,124
7442849000,s,124
7443077000,r,1340
7443077000,r,1340
7443077000,r,1340
7443077000,r,1340
7443077000,r,1340
7443077000,r,1340
7443078000,r,1340
7443078000,r,1340
7443168000,r,1340
7443441000,s,124
7443537000,s,124
7443595000,s,124
7443726000,s,124
7443832000,s,124
7444130000,r,1340
7444130000,r,1340
7444130000,r,1340
7444800000,s,124
7445132000,r,1340
7445132000,r,1340
7445132000,r,1340
7445132000,r,1340
7445132000,r,1340
7445133000,r,1340
7445133000,r,1340
7445133000,r,1340
7445230000,r,1340
7445230000,r,1340
7445231000,r,1340
7445231000,r,1340
7445231000,r,1340
7445231000,r,1340
7445231000,r,1340
7445231000,r,1340
7445278000,r,1340
7445278000,r,1340
7445279000,r,1340
7445279000,r,1340
7445279000,r,1340
7445279000,r,1340
7445279000,r,1340
7445279000,r,1340
7445318000,r,1340
7445343000,r,1340
7445343000,r,1340
7445343000,r,1340
7445580000,s,124
7446026000,s,124
7446283000,s,124
7446488000,s,124
7446511000,s,124
7446530000,s,124
7447047000,r,1340
7447047000,r,1340
7447047000,r,1340
7447048000,r,1340
7447048000,r,1340
7447048000,r,1340
7447048000,r,1340
7447048000,r,1340
7447141000,r,1340
7447141000,r,1340
7447141000,r,1340
7447141000,r,1340
7447141000,r,1340
7447141000,r,1340
7447142000,r,1340
7447142000,r,1340
7447194000,r,1340
7447194000,r,1340
7447194000,r,1340
7447195000,r,1340
7447195000,r,1340
7447195000,r,1340
7447195000,r,1340
7447195000,r,1340
7448009000,r,1340
7448009000,r,1340
7448010000,r,1340
7448010000,r,1340
7448010000,r,1340
7448010000,r,1340
7448010000,r,1340
7448010000,r,1340
7448117000,r,1340
7448117000,r,1340
7448117000,r,1340
7448117000,r,1340
7448118000,r,1340
7448118000,r,1340
7448118000,r,1340
7448118000,r,1340
7448169000,r,1340
7448170000,r,1340
7448170000,r,1340
7448170000,r,1340
7448170000,r,1340
7448223000,s,124
7448314000,s,124
7448456000,s,124
7448706000,r,1340
7448706000,r,1340
7448777000,s,124
7448706000,r,1340
7448985000,s,124
7449076000,s,124
7449210000,s,124
7449714000,s,124
7449804000,s,124
7449881000,s,124
7449988000,s,124
7450212000,s,124
7450268000,r,1340
7450269000,r,1340
7450269000,r,1340
7450269000,r,1340
7450269000,r,1340
7450269000,r,1340
7450269000,r,1340
7450270000,r,1340
7450384000,r,1340
7450385000,r,1340
7450396000,s,124
7450385000,r,1340
7450385000,r,1340
7450385000,r,1340
7450385000,r,1340
7450385000,r,1340
7450386000,r,1340
7450428000,r,1340
7450742000,s,124
7450791000,r,1340
7450791000,r,1340
7450791000,r,1340
7450791000,r,1340
7450791000,r,1340
7450792000,r,1340
7450792000,r,1340
7450792000,r,1340
7450857000,r,1340
7450937000,s,124
7451152000,s,124
7451168000,r,1340
7451168000,r,1340
7451168000,r,1340
7451168000,r,1340
7451169000,r,1340
7451169000,r,1340
7451481000,s,124
7451629000,r,1340
7451629000,r,1340
7451629000,r,1340
7451629000,r,1340
7451629000,r,1340
7451630000,r,1340
7451823000,s,124
7451973000,s,124
7451996000,r,1340
7451997000,r,1340
7451997000,r,1340
7451997000,r,1340
7451997000,r,1340
7451997000,r,1340
7452087000,s,124
7452181000,s,124
7452230000,r,1340
7452231000,r,1340
7452231000,r,1340
7452231000,r,1340
7452231000,r,1340
7452276000,s,124
7452231000,r,1340
7452449000,s,124
7452664000,r,1340
7452664000,r,1340
7452664000,r,1340
7452804000,s,124
7452900000,r,1340
7452900000,r,1340
7452901000,r,1340
7452961000,s,124
7453356000,s,124
7453524000,s,124
7453707000,r,1340
7453707000,r,1340
7453707000,r,1340
7453707000,r,1340
7453707000,r,1340
7453708000,r,1340
7453708000,r,1340
7453708000,r,1340
7453827000,s,124
7453830000,r,1340
7453831000,r,1340
7453831000,r,1340
7453831000,r,1340
7453831000,r,1340
7453831000,r,1340
7453831000,r,1340
7453881000,r,1340
7453881000,r,1340
7453881000,r,1340
7453931000,s,124
7454031000,s,124
7454240000,s,124
7454463000,s,124
7454501000,s,124
7454527000,s,124
7454540000,r,1340
7454540000,r,1340
7454540000,r,1340
7454541000,r,1340
7454541000,r,1340
7454541000,r,1340
7454846000,s,124
7454956000,s,124
7455060000,s,124
7455266000,s,124
7455533000,s,124
7455788000,r,1340
7455788000,r,1340
7455788000,r,1340
7455789000,r,1340
7455789000,r,1340
7455789000,r,1340
7455789000,r,1340
7455853000,s,124
7456090000,s,124
7456389000,s,124
7456678000,s,124
7459329000,s,124
7463246000,r,1340
7463246000,r,1340
7463246000,r,1340
7463246000,r,1340
7463246000,r,1340
7463247000,r,1340
7463247000,r,1340
7463247000,r,1340
7463420000,r,1340
7463420000,r,1340
7463421000,r,1340
7463421000,r,1340
7463421000,r,1340
7463421000,r,1340
7463421000,r,1340
7463421000,r,1340
7463472000,r,1340
7463472000,r,1340
7463472000,r,1340
7463472000,r,1340
7463472000,r,1340
7463473000,r,1340
7463473000,r,1340
7463473000,r,1340
7463535000,r,1340
7463535000,r,1340
7463535000,r,1340
7463535000,r,1340
7463535000,r,1340
7463536000,r,1340
7463536000,r,1340
7463536000,r,1340
7463586000,r,1340
7463586000,r,1340
7463586000,r,1340
7463586000,r,1340
7463587000,r,1340
7463587000,r,1340
7463587000,r,1340
7463587000,r,1340
7463632000,r,1340
7463632000,r,1340
7463632000,r,1340
7463633000,r,1340
7463633000,r,1340
7463633000,r,1340
7463633000,r,1340
7463633000,r,1340
7463675000,r,1340
7463676000,r,1340
7463676000,r,1340
7463676000,r,1340
7463676000,r,1340
7463676000,r,1340
7463676000,r,1340
7463676000,r,1340
7463717000,r,1340
7463717000,r,1340
7464077000,s,124
7464129000,s,124
7464168000,s,124
7464309000,r,1340
7464309000,r,1340
7464309000,r,1340
7464309000,r,1340
7464309000,r,1340
7464309000,r,1340
7464310000,r,1340
7464310000,r,1340
7464422000,r,1340
7464422000,r,1340
7464422000,r,1340
7464422000,r,1340
7464422000,r,1340
7464447000,s,124
7464874000,s,124
7465032000,s,124
7465412000,s,124
7465541000,s,124
7466585000,s,124
7466605000,r,1340
7466605000,r,1340
7466605000,r,1340
7466605000,r,1340
7466605000,r,1340
7466605000,r,1340
7466605000,r,1340
7466606000,r,1340
7466709000,r,1340
7466709000,r,1340
7466709000,r,1340
7466710000,r,1340
7466710000,r,1340
7466710000,r,1340
7466710000,r,1340
7466710000,r,1340
7466779000,r,1340
7466779000,r,1340
7466780000,r,1340
7466780000,r,1340
7466780000,r,1340
7466780000,r,1340
7466780000,r,1340
7466780000,r,1340
7466829000,r,1340
7467162000,r,1340
7467162000,r,1340
7467162000,r,1340
7467163000,r,1340
7467163000,r,1340
7467163000,r,1340
7467163000,r,1340
7467163000,r,1340
7467279000,r,1340
7467279000,r,1340
7467280000,r,1340
7467280000,r,1340
7467415000,r,1340
7467415000,r,1340
7467415000,r,1340
7467416000,r,1340
7467416000,r,1340
7467416000,r,1340
7467589000,r,1340
7467590000,r,1340
7467590000,r,1340
7467907000,r,1340
7467908000,r,1340
7467908000,r,1340
7467908000,r,1340
7467908000,r,1340
7467908000,r,1340
7468403000,r,1340
7468403000,r,1340
7468403000,r,1340
7468601000,r,1340
7468601000,r,1340
7468601000,r,1340
7468601000,r,1340
7468601000,r,1340
7468602000,r,1340
7469109000,r,1340
7469109000,r,1340
7469109000,r,1340
7469109000,r,1340
7469109000,r,1340
7469109000,r,1340
7469299000,r,1340
7469300000,r,1340
7469300000,r,1340
7469521000,r,1340
7469521000,r,1340
7469522000,r,1340
7469522000,r,1340
7469522000,r,1340
7469522000,r,1340
7469790000,s,124
7469853000,r,1340
7469853000,r,1340
7469853000,r,1340
7469894000,r,1340
7469894000,r,1340
7469894000,r,1340
7469915000,s,124
7469937000,s,124
7469949000,s,124
7469964000,s,124
7469976000,s,124
7469988000,s,124
7470000000,s,124
7470011000,s,124
7470023000,s,124
7470040000,s,124
7470053000,s,124
7470064000,s,124
7470076000,s,124
7470089000,s,124
7470100000,s,124
7470244000,s,124
7470368000,s,124
7470473000,s,124
7470575000,s,124
7470683000,s,124
7470787000,s,124
7471010000,s,124
7471256000,s,124
7471833000,s,124
7471927000,s,124
7472090000,r,1340
7472090000,r,1340
7472091000,r,1340
7472091000,r,1340
7472091000,r,1340
7472091000,r,1340
7472091000,r,1340
7472091000,r,1340
7472146000,r,1340
7472146000,r,1340
7472146000,r,1340
7472146000,r,1340
7472146000,r,1340
7472170000,s,124
7472294000,s,124
7472336000,s,124
7472559000,s,124
7472650000,s,124
7472704000,s,124
7472773000,s,124
7472849000,s,124
7473002000,s,124
7473274000,s,124
7473318000,s,124
7473410000,s,124
7473870000,r,1340
7473870000,r,1340
7473870000,r,1340
7473870000,r,1340
7473870000,r,1340
7473871000,r,1340
7473871000,r,1340
7473871000,r,1340
7473956000,r,1340
7473956000,r,1340
7473956000,r,1340
7473956000,r,1340
7473957000,r,1340
7473957000,r,1340
7473957000,r,1340
7473957000,r,1340
7474013000,r,1340
7474013000,r,1340
7474014000,r,1340
7474014000,r,1340
7474014000,r,1340
7474014000,r,1340
7474014000,r,1340
7474014000,r,1340
7474056000,r,1340
7474057000,r,1340
7474057000,r,1340
7474057000,r,1340
7474057000,r,1340
7474057000,r,1340
7474057000,r,1340
7474058000,r,1340
7474092000,r,1340
7474137000,r,1340
7474137000,r,1340
7474138000,r,1340
7474138000,r,1340
7474138000,r,1340
7474138000,r,1340
7474346000,s,124
7474402000,s,124
7474423000,s,124
7474442000,s,124
7474453000,s,124
7474482000,s,124
7475226000,s,124
7475301000,s,124
7475438000,s,124
7475457000,s,124
7475619000,s,124
7475650000,s,124
7475943000,s,124
7475982000,s,124
7475997000,s,124
7477191000,r,1340
7477192000,r,1340
7477192000,r,1340
7477192000,r,1340
7477192000,r,1340
7477596000,s,124
7477676000,s,124
7478235000,s,124
7481336000,r,1340
7481337000,r,1340
7481337000,r,1340
7481337000,r,1340
7481337000,r,1340
7481337000,r,1340
7481338000,r,1340
7481338000,r,1340
7481486000,r,1340
7481486000,r,1340
7481486000,r,1340
7482111000,s,124
7482174000,s,124
7482203000,s,124
7482663000,r,1340
7482664000,r,1340
7482664000,r,1340
7482664000,r,1340
7482664000,r,1340
7483109000,s,124
7483438000,s,124
7483468000,s,124
7483683000,r,1340
7483684000,r,1340
7484274000,r,1340
7484275000,r,1340
7484275000,r,1340
7484656000,r,1340
7484656000,r,1340
7484656000,r,1340
7484656000,r,1340
7484657000,r,1340
7484657000,r,1340
7484753000,s,124
7484950000,s,124
7485215000,r,1340
7485215000,r,1340
7485216000,r,1340
7485216000,r,1340
7485216000,r,1340
7485216000,r,1340
7485216000,r,1340
7485216000,r,1340
7485310000,r,1340
7485310000,r,1340
7485310000,r,1340
7485310000,r,1340
7485356000,r,1340
7485356000,r,1340
7485357000,r,1340
7486396000,s,124
7487178000,r,1340
7487178000,r,1340
7487178000,r,1340
7487178000,r,1340
7487178000,r,1340
7487178000,r,1340
7487178000,r,1340
7487179000,r,1340
7487308000,r,1340
7487308000,r,1340
7487308000,r,1340
7487308000,r,1340
7487308000,r,1340
7487309000,r,1340
7487309000,r,1340
7487309000,r,1340
7487358000,r,1340
7487358000,r,1340
7487358000,r,1340
7487358000,r,1340
7487358000,r,1340
7487358000,r,1340
7487469000,s,124
7487514000,s,124
7487534000,s,124
7487669000,s,124
7487972000,s,124
7488089000,s,124
7488344000,r,1340
7488345000,r,1340
7488345000,r,1340
7488345000,r,1340
7488345000,r,1340
7488345000,r,1340
7488345000,r,1340
7488345000,r,1340
7488458000,r,1340
7488458000,r,1340
7488458000,r,1340
7488459000,r,1340
7488459000,r,1340
7488459000,r,1340
7488459000,r,1340
7488459000,r,1340
7488505000,r,1340
7488505000,r,1340
7488695000,s,124
7488758000,s,124
7488914000,s,124
7488959000,s,124
7489437000,r,1340
7489437000,r,1340
7489437000,r,1340
7489438000,r,1340
7489438000,r,1340
7489438000,r,1340
7489438000,r,1340
7489438000,r,1340
7489521000,r,1340
7489522000,r,1340
7489522000,r,1340
7489522000,r,1340
7489522000,r,1340
7489522000,r,1340
7489522000,r,1340
7489722000,s,124
7490102000,s,124
7490135000,s,124
7490150000,s,124
7492928000,r,1340
7492928000,r,1340
7492928000,r,1340
7492929000,r,1340
7492929000,r,1340
7492929000,r,1340
7492929000,r,1340
7492929000,r,252
7493634000,s,124
7493727000,s,124
12203315000,r,140
12203315000,r,124
12203316000,r,124
12206516000,s,124
12206994000,s,124
13998932000,r,1340
13998933000,r,1340
13998933000,r,1340
13998934000,r,1340
13998934000,r,1340
13998935000,r,1340
13998935000,r,1244
13998936000,r,1340
13999975000,r,1340
13999975000,r,1340
14003866000,s,124
14004231000,s,124
14007307000,r,1340
14016647000,s,156
14016927000,s,156
14018693000,r,1340
14018694000,r,1340
14018694000,r,1340
14018695000,r,1340
14018695000,r,1340
14018696000,r,1340
14018696000,r,1340
14018696000,r,1340
14019045000,r,1340
14019046000,r,1340
14019046000,r,1340
14019047000,r,1340
14019047000,r,1340
14019048000,r,1340
14019048000,r,1340
14019048000,r,1340
14019189000,r,1340
14019189000,r,140
14020979000,s,124
14021174000,s,124
14021284000,s,124
14021383000,s,124
14021566000,s,124
14021742000,s,124
14021853000,s,124
14071277000,r,124
18375084000,s,1340
18419754000,s,1340
18420230000,s,1340
18420494000,s,1340
18420528000,s,172
18447396000,r,140
18447396000,r,1340
18455376000,r,1340
18455376000,r,396
18455377000,r,1036
18463659000,s,1340
18465941000,s,140
18466244000,s,172
18466813000,s,124
18471287000,r,124
18483305000,r,220
18511792000,s,124
24083711000,r,156
24083712000,r,140
24083712000,r,124
24083713000,r,124
24120663000,s,124
24120996000,s,124
24121236000,s,124
24135231000,r,124
24142866000,s,156
24149897000,r,156