0,s,124
2881000,s,124
18621000,r,124
20893000,s,124
27102000,s,1340
27319000,s,748
37940000,r,124
37940000,r,364
39486000,s,124
41338000,s,188
42198000,s,204
43352000,s,636
52794000,r,204
52794000,r,172
54591000,s,124
55053000,s,156
58092000,s,156
58151000,s,156
67240000,r,188
67240000,r,172
67240000,r,124
82235000,r,1340
82235000,r,1340
82235000,r,1340
82236000,r,1340
82236000,r,1340
83501000,s,124
83614000,r,1340
83614000,r,1212
83615000,r,1340
83615000,r,1340
83615000,r,1340
83714000,s,124
84289000,s,124
84361000,s,124
84385000,s,124
85898000,s,1340
88428000,s,1340
89398000,s,172
95911000,r,1340
95911000,r,1340
95911000,r,1340
95911000,r,780
97048000,s,124
97311000,s,124
99664000,r,1372
101989000,s,428
102619000,s,348
102758000,s,300
103556000,r,1372
110127000,s,1340
110774000,s,124
111293000,s,188
115483000,s,316
115956000,s,348
116982000,r,124
134594000,r,1340
134594000,r,1340
134594000,r,412
134594000,r,396
134594000,r,1340
134595000,r,1340
134595000,r,1340
134595000,r,1340
134824000,r,1340
134824000,r,1340
134824000,r,1340
134825000,r,1340
134825000,r,1340
134825000,r,1340
134825000,r,1340
134825000,r,1340
134871000,r,1340
134872000,r,1340
135688000,s,124
135769000,s,124
135797000,s,124
135811000,s,124
135823000,s,124
135834000,s,124
135978000,s,124
136137000,s,124
136624000,r,1340
136668000,s,412
136624000,r,1340
136624000,r,1180
136625000,r,364
136625000,r,1340
136625000,r,1340
137265000,s,124
137860000,s,124
137980000,s,124
141752000,r,124
142586000,s,124
147442000,s,1340
147516000,s,700
149819000,r,124
149819000,r,1340
149819000,r,1340
149819000,r,1340
149819000,r,1340
149819000,r,1340
149819000,r,1340
149820000,r,1340
149943000,r,1340
149943000,r,1340
149943000,r,1340
149943000,r,1340
149943000,r,1340
149943000,r,1340
149943000,r,1340
150625000,r,1340
150625000,r,1340
150625000,r,1340
150625000,r,1340
150625000,r,1340
150625000,r,1340
150625000,r,1340
150625000,r,1340
150694000,r,1340
150745000,s,124
150884000,s,124
151116000,s,124
151351000,s,124
151752000,s,124
151882000,s,124
152101000,s,124
152301000,s,124
152408000,s,124
152620000,r,1340
152620000,r,1340
152620000,r,1340
152620000,r,1340
152620000,r,1340
152621000,r,1340
152621000,r,1340
152621000,r,1340
152691000,r,1340
152694000,s,124
152842000,s,124
153017000,s,124
153175000,s,124
153419000,s,124
153645000,s,124
153745000,s,124
155179000,r,1340
155179000,r,1340
155179000,r,1340
155179000,r,1340
155180000,r,1340
155180000,r,1340
155180000,r,1340
155180000,r,124
155735000,s,124
155856000,s,124
155936000,s,124
157658000,s,124
175620000,r,124
175620000,r,124
175620000,r,364
175620000,r,380
176763000,s,124
177742000,s,188
179207000,s,668
180043000,s,140
188622000,r,1340
188622000,r,1340
188622000,r,1340
188622000,r,1340
188623000,r,1340
188623000,r,1340
188623000,r,1340
188623000,r,1340
188804000,r,1340
188804000,r,1340
188804000,r,1340
188804000,r,1340
188804000,r,1340
188804000,r,1340
188804000,r,1340
188805000,r,1340
188846000,r,1340
188846000,r,1340
188846000,r,956
191419000,s,124
191478000,s,124
191491000,s,124
191797000,s,124
191839000,s,124
191850000,s,124
191859000,s,124
191867000,s,124
191874000,s,124
201998000,r,124
201998000,r,124
201999000,r,204
214121000,r,1340
214122000,r,1340
214122000,r,1340
214122000,r,1340
214122000,r,1340
214122000,r,1340
214122000,r,1340
214122000,r,1340
214330000,r,1340
214975000,s,124
215045000,s,124
215060000,s,124
215070000,s,124
215080000,s,124
234008000,s,236
234156000,s,220
234238000,s,252
234297000,s,220
237040000,r,1340
237040000,r,1340
237040000,r,1340
237040000,r,1340
237040000,r,1340
237041000,r,1340
237041000,r,1340
237041000,r,1340
237185000,r,1340
237185000,r,428
237743000,s,124
237813000,s,124
237830000,s,124
237849000,s,124
237860000,s,124
245198000,r,124
256992000,r,364
256992000,r,1340
256992000,r,1340
256992000,r,1340
256992000,r,1340
256992000,r,1340
257345000,r,1340
257346000,r,1340
257346000,r,1340
257346000,r,1340
257346000,r,1340
257346000,r,1340
257346000,r,1340
257346000,r,1340
257389000,r,1340
257389000,r,1340
257389000,r,1340
257389000,r,1340
257928000,r,1340
257929000,r,1340
257929000,r,1340
257929000,r,1340
257929000,r,1340
257929000,r,1340
257930000,r,1340
257930000,r,1340
258031000,r,1340
258054000,s,124
258186000,s,124
258454000,s,124
258754000,s,124
258852000,s,124
258871000,s,124
258883000,s,124
258895000,s,124
258931000,s,124
258941000,s,124
258950000,s,124
258958000,s,124
258966000,s,124
259960000,r,1340
259960000,r,1340
259960000,r,1340
259960000,r,1340
259960000,r,1340
259960000,r,1340
259960000,r,1340
259960000,r,1340
260052000,r,1340
260053000,r,1340
260053000,r,1340
260053000,r,1340
260245000,s,124
260571000,s,124
260612000,s,124
260631000,s,124
260663000,r,1340
260663000,r,1340
260663000,r,1340
260663000,r,1340
260810000,s,124
260663000,r,1340
260902000,s,124
261741000,s,124
261778000,s,124
261792000,s,124
271207000,r,1340
271208000,r,1340
271208000,r,1340
271753000,r,1340
271754000,r,1340
271754000,r,1340
271754000,r,1340
271754000,r,1340
271754000,r,1340
271754000,r,1340
271755000,r,1340
271846000,r,1340
272299000,s,124
272414000,s,124
272479000,s,124
272529000,s,124
272629000,s,124
272954000,s,124
273561000,s,1340
273632000,s,268
273829000,r,1340
273829000,r,1340
273830000,r,1340
273830000,r,1340
273830000,r,1340
273830000,r,1340
273830000,r,1340
273830000,r,1340
273930000,r,1340
273930000,r,1340
273930000,r,1340
273930000,r,1340
273930000,r,1340
273930000,r,1340
273930000,r,1340
273930000,r,1340
273960000,r,1340
273960000,r,1340
273960000,r,1340
274384000,s,124
274469000,s,124
274520000,s,124
274535000,r,1340
274535000,r,1340
274577000,s,124
274535000,r,1340
274535000,r,1340
274535000,r,1340
274535000,r,1340
274535000,r,1340
274535000,r,1340
274604000,r,1340
274629000,s,124
274698000,s,124
275111000,s,124
275335000,s,124
275418000,s,124
275494000,s,124
275570000,s,124
275639000,s,124
275718000,s,124
275852000,s,124
276413000,r,1340
276414000,r,1340
276414000,r,1340
276414000,r,1340
276414000,r,1340
276414000,r,1340
276913000,s,124
277000000,s,124
277023000,s,124
284968000,r,1340
284969000,r,1340
284969000,r,1340
284969000,r,1340
284969000,r,1340
285770000,s,124
285911000,s,124
286481000,r,1340
286482000,r,1340
286482000,r,1340
286482000,r,1340
286482000,r,1340
286482000,r,1340
286482000,r,1340
286482000,r,1340
286608000,r,124
286608000,r,124
286608000,r,1340
286609000,r,1340
286609000,r,1340
286609000,r,1340
286609000,r,1340
286609000,r,1340
286643000,r,1340
286643000,r,1340
286643000,r,1340
286677000,r,1340
286677000,r,1340
286677000,r,1340
286930000,s,124
286978000,s,124
287008000,s,124
287056000,s,124
287558000,r,1340
287558000,r,1340
287558000,r,1340
287558000,r,1340
287558000,r,1340
287558000,r,1340
287825000,r,1340
287825000,r,1340
287826000,r,1340
287885000,s,124
287917000,s,124
287936000,s,124
288008000,s,124
288047000,s,124
288058000,s,124
288295000,s,124
288520000,s,124
288920000,s,124
289447000,s,124
289499000,s,124
291198000,r,1340
291199000,r,1340
291199000,r,1340
291199000,r,1340
291199000,r,1340
291199000,r,1340
291199000,r,1340
291199000,r,1340
291332000,r,1340
291333000,r,1340
291333000,r,1340
291333000,r,1340
291333000,r,1340
291333000,r,1340
291911000,s,124
292049000,s,124
292095000,s,124
292168000,s,124
292851000,s,124
292900000,s,124
292910000,s,124
298770000,r,1340
298770000,r,1340
299485000,s,124
300610000,r,1340
300610000,r,1340
300610000,r,1340
300610000,r,1340
300610000,r,1340
300610000,r,1340
300610000,r,1340
300611000,r,1340
300720000,r,1340
300720000,r,1340
300720000,r,1340
300720000,r,1340
300720000,r,1340
300720000,r,1340
300721000,r,1340
300721000,r,1340
300755000,r,1340
300756000,r,1340
300756000,r,1340
300756000,r,1340
300756000,r,1340
300756000,r,1340
300756000,r,1340
300756000,r,1340
300787000,r,1340
300787000,r,1340
301089000,s,124
301247000,s,124
301344000,s,124
301401000,s,124
301475000,s,124
301529000,s,124
301584000,s,124
301638000,s,124
301688000,s,124
301764000,s,124
301818000,s,124
301874000,s,124
301949000,s,124
302240000,r,1340
302240000,r,1340
302240000,r,1340
302240000,r,1340
302240000,r,1340
302240000,r,1340
302241000,r,1340
302241000,r,1340
302626000,s,124
302660000,s,124
303051000,s,124
303129000,s,124
304100000,r,1340
304100000,r,1340
304100000,r,1340
304100000,r,1340
304100000,r,1340
304101000,r,1340
304101000,r,1340
304101000,r,1340
304215000,r,1340
304216000,r,1340
304216000,r,1340
304216000,r,1340
304216000,r,1340
304216000,r,1340
304216000,r,1340
304504000,s,124
304580000,s,124
304595000,s,124
304608000,s,124
304750000,s,124
304774000,s,124
304784000,s,124
304983000,s,284
310138000,r,1340
310138000,r,1340
311940000,r,1340
311940000,r,1340
311940000,r,1340
311940000,r,1340
311940000,r,1340
311941000,r,1340
311941000,r,1340
312164000,s,124
312495000,s,124
312578000,s,124
312625000,s,124
313748000,r,1340
313748000,r,1340
313748000,r,1340
313748000,r,1340
313749000,r,1340
313749000,r,1340
313749000,r,1340
313749000,r,1340
313841000,r,1340
314250000,s,124
314401000,r,1340
314401000,r,1340
314401000,r,1340
314401000,r,1340
314402000,r,1340
314402000,r,1340
314402000,r,1340
314402000,r,1340
314471000,r,1340
314472000,r,1340
314472000,r,1340
314472000,r,1340
314472000,r,1340
314472000,r,1340
314472000,r,1340
314472000,r,1340
314509000,s,124
314587000,s,124
314702000,s,124
314753000,s,124
315013000,s,124
315119000,s,124
315250000,s,124
315689000,s,124
315830000,s,124
315979000,s,124
316359000,s,124
316445000,s,124
316480000,r,1340
316480000,r,1340
316480000,r,1340
316480000,r,1340
316480000,r,1340
316481000,r,1340
316481000,r,1340
316481000,r,1340
316571000,r,1340
316571000,r,1340
316571000,r,1340
316571000,r,1340
316572000,r,1340
316572000,r,1340
317173000,r,1340
317173000,r,1340
317173000,r,1340
317173000,r,1340
317173000,r,1340
317952000,s,124
318056000,s,124
318121000,s,124
318204000,s,124
318253000,s,124
318298000,s,124
318356000,s,124
318420000,s,124
318605000,s,124
319386000,s,252
324227000,s,156
328011000,r,1340
328011000,r,1340
328011000,r,1340
328011000,r,1340
328011000,r,1340
328011000,r,1340
328011000,r,1340
328011000,r,1340
328143000,r,1340
328143000,r,1340
328143000,r,1340
328143000,r,1340
328143000,r,1340
328143000,r,1340
328143000,r,1340
328143000,r,1340
328173000,r,1340
328173000,r,1340
328173000,r,1340
328173000,r,1340
328173000,r,1340
328173000,r,1340
328173000,r,1340
328173000,r,1340
328200000,r,1340
328200000,r,1340
328200000,r,1340
328200000,r,1340
328200000,r,1340
328200000,r,1340
328201000,r,1340
328201000,r,1340
328226000,r,1340
328226000,r,1340
328594000,s,124
328643000,s,124
328655000,s,124
328799000,s,124
328888000,s,124
328939000,s,124
328992000,s,124
329040000,s,124
329089000,s,124
329139000,s,124
329187000,s,124
329254000,s,124
329322000,s,124
329367000,s,124
329427000,s,124
329486000,s,124
329531000,s,124
331187000,r,1340
331187000,r,1340
331187000,r,1340
331187000,r,1340
331187000,r,1340
331187000,r,1340
331188000,r,1340
331188000,r,1340
331282000,r,1340
331282000,r,1340
331282000,r,1340
331282000,r,1340
331282000,r,1340
331282000,r,1340
331282000,r,1340
331282000,r,1340
331311000,r,1340
331311000,r,1340
331311000,r,1340
331311000,r,1340
331311000,r,1340
331312000,r,1340
331883000,s,124
332109000,s,124
332491000,s,124
332556000,s,124
332671000,s,124
332924000,s,124
332992000,s,124
333058000,s,124
333121000,s,124
333186000,s,124
333236000,s,124
335120000,r,380
341358000,r,1340
341358000,r,1340
341358000,r,1340
341358000,r,1340
341359000,r,1340
341359000,r,1340
341359000,r,1340
341359000,r,1340
341481000,r,1340
341481000,r,1340
341481000,r,1340
341481000,r,1340
341482000,r,1340
341482000,r,1340
341482000,r,1340
341482000,r,1340
341510000,r,1340
341510000,r,1340
341510000,r,1340
341510000,r,1340
341510000,r,1340
341510000,r,1340
341511000,r,1340
341511000,r,1340
341534000,r,1340
341534000,r,1340
341534000,r,1340
341561000,r,1340
341561000,r,1340
341561000,r,1340
342427000,s,124
342482000,s,124
342816000,s,124
342899000,s,124
342919000,s,124
343093000,s,124
343183000,r,1340
343183000,r,1340
343183000,r,1340
343183000,r,1340
343183000,r,1340
343184000,r,1340
343184000,r,1340
343184000,r,1340
343255000,r,1340
343256000,r,1340
343256000,r,1340
343256000,r,1340
343256000,r,1340
343256000,r,1340
343256000,r,1340
343256000,r,1340
343592000,s,124
343709000,s,124
343727000,s,124
344135000,s,124
344251000,s,124
344763000,r,1340
344764000,r,1340
344764000,r,1340
344764000,r,1340
344764000,r,1340
344764000,r,1340
344764000,r,1340
344764000,r,1340
344817000,r,1340
344817000,r,1340
344817000,r,1340
344817000,r,1340
344817000,r,1340
345605000,s,124
345711000,s,124
345780000,s,124
346190000,s,124
346323000,s,124
355185000,r,1340
355185000,r,1340
355749000,r,1340
355750000,r,1340
355750000,r,1340
355750000,r,1340
355750000,r,1340
355750000,r,1340
355750000,r,1340
355750000,r,1340
355809000,r,1340
355809000,r,1340
355809000,r,1340
355809000,r,1340
355809000,r,1340
355809000,r,1340
355810000,r,1340
355810000,r,1340
355841000,r,1340
355841000,r,1340
355841000,r,1340
355841000,r,1340
355841000,r,1340
355842000,r,1340
355842000,r,1340
355842000,r,1340
355870000,r,1340
355870000,r,1340
355884000,r,1340
355884000,r,1340
355884000,r,1340
355884000,r,1340
355884000,r,1340
355884000,r,1340
355885000,r,1340
355885000,r,1340
355909000,r,1340
357823000,r,1340
357823000,r,1340
357823000,r,1340
357823000,r,1340
357823000,r,1340
357824000,r,1340
358715000,s,124
359328000,s,124
359339000,r,1340
359339000,r,1340
359339000,r,1340
359339000,r,1340
359340000,r,1340
359441000,s,124
360339000,s,124
360415000,s,124
360550000,s,124
361064000,s,124
361157000,s,124
361242000,s,124
361547000,r,1340
361547000,r,1340
361547000,r,1340
361547000,r,1340
361547000,r,1340
361547000,r,1340
361547000,r,1340
361547000,r,1340
361619000,r,1340
362102000,s,124
362250000,s,124
363175000,r,1340
363175000,r,1340
363175000,r,1340
363175000,r,1340
363175000,r,1340
363539000,s,124
363833000,s,124
371176000,r,1340
371176000,r,1340
371176000,r,1340
371177000,r,1340
371177000,r,1340
371177000,r,1340
371177000,r,1340
371177000,r,1340
371249000,r,1340
371249000,r,1340
371249000,r,1340
371249000,r,1340
371250000,r,1340
371250000,r,1340
371250000,r,1340
371250000,r,1340
371612000,s,124
372136000,s,124
372234000,s,124
372296000,s,124
372514000,r,1340
372514000,r,1340
372514000,r,1340
373246000,s,124
373687000,r,1340
373687000,r,1340
373687000,r,1340
373687000,r,1340
373687000,r,1340
373687000,r,1340
373687000,r,1340
373688000,r,1340
373760000,r,1340
373760000,r,1340
373761000,r,1340
373761000,r,1340
373761000,r,1340
373761000,r,1340
373761000,r,1340
374637000,s,124
376651000,r,1340
376651000,r,1340
376651000,r,1340
376651000,r,1340
376651000,r,1340
376652000,r,1340
376652000,r,1340
376652000,r,1340
376734000,r,1340
376734000,r,1340
376734000,r,1340
376734000,r,1340
376734000,r,1340
376735000,r,1340
376735000,r,1340
376735000,r,1340
376774000,r,1340
376774000,r,1340
376774000,r,1340
376774000,r,1340
376774000,r,1340
377149000,s,124
378130000,s,124
379201000,r,1340
379201000,r,1340
379201000,r,1340
379201000,r,1340
379201000,r,1340
379201000,r,1340
379201000,r,1340
379202000,r,1340
379511000,s,124
379862000,s,124
379946000,s,124
380575000,s,124
385158000,r,1340
385158000,r,1340
385158000,r,1340
385158000,r,1340
385159000,r,1340
385159000,r,1340
385159000,r,1340
385159000,r,1340
385272000,r,1340
385273000,r,1340
385273000,r,1340
385273000,r,1340
385273000,r,1340
385273000,r,1340
385763000,s,124
385981000,s,124
386112000,s,124
386300000,s,124
386412000,s,124
387749000,r,1340
387749000,r,1340
387749000,r,1340
387749000,r,1340
387749000,r,1340
387749000,r,1340
387750000,r,1340
387750000,r,1340
387802000,r,1340
387802000,r,1340
387802000,r,1340
387803000,r,1340
387803000,r,1340
387803000,r,1340
387803000,r,1340
387803000,r,1340
387837000,r,1340
387837000,r,1340
387837000,r,1340
387837000,r,1340
387837000,r,1340
388213000,s,124
388637000,s,124
388732000,s,124
388825000,s,124
388961000,s,124
390363000,r,1340
390363000,r,1340
390363000,r,1340
390363000,r,1340
390363000,r,1340
390363000,r,1340
390363000,r,1340
390363000,r,1340
390402000,r,1340
390402000,r,1340
390402000,r,1340
390402000,r,1340
390403000,r,1340
390403000,r,1340
390403000,r,1340
390403000,r,1340
391894000,r,1340
391895000,r,1340
391895000,r,1340
391895000,r,1340
391895000,r,1340
391895000,r,1340
391895000,r,1340
391895000,r,1340
391992000,r,1340
391992000,r,1340
391992000,r,1340
391992000,r,1340
391992000,r,1340
391992000,r,1340
391992000,r,1340
391992000,r,1340
392018000,r,1340
392448000,s,124
392542000,s,124
393457000,s,124
394633000,s,124
394683000,s,124
394704000,s,124
394713000,s,124
399195000,r,1340
399195000,r,1340
399195000,r,1340
399195000,r,1340
399195000,r,1340
399195000,r,1340
399195000,r,1340
399195000,r,1340
399302000,r,1340
399302000,r,1340
399302000,r,1340
399303000,r,1340
399303000,r,1340
399303000,r,1340
399656000,r,1340
399656000,r,1340
400112000,s,124
400198000,s,124
400339000,s,124
403180000,r,1340
403180000,r,1340
403180000,r,1340
403181000,r,1340
403818000,s,124
405548000,r,1340
405549000,r,1340
405549000,r,1340
405549000,r,1340
405549000,r,1340
405549000,r,1340
405549000,r,1340
405640000,r,1340
405640000,r,1340
405640000,r,1340
405640000,r,1340
405640000,r,1340
405640000,r,1340
406722000,s,124
406802000,s,124
406848000,s,124
410140000,r,1340
410140000,r,1340
410140000,r,1340
410140000,r,1340
410140000,r,1340
410141000,r,1340
410141000,r,1340
410141000,r,1340
410265000,r,1340
410265000,r,1340
410265000,r,1340
410265000,r,1340
410265000,r,1340
410265000,r,1340
410265000,r,1340
410265000,r,1340
410299000,r,1340
410299000,r,1340
410299000,r,1340
410299000,r,1340
410299000,r,1340
410299000,r,1340
410299000,r,1340
410299000,r,1340
410330000,r,1340
410330000,r,1340
410330000,r,1340
410330000,r,1340
410744000,s,124
410991000,s,124
411884000,r,1340
411884000,r,1340
411884000,r,1340
411884000,r,1340
411884000,r,1340
411884000,r,1340
411884000,r,1340
411885000,r,1340
411976000,r,1340
411976000,r,1340
411976000,r,1340
411976000,r,1340
411996000,r,1340
411996000,r,1340
411997000,r,1340
411997000,r,1340
411997000,r,1340
411997000,r,1340
411997000,r,1340
411997000,r,1340
412023000,r,1340
412251000,s,124
412304000,s,124
412561000,s,124
412678000,s,124
412881000,s,124
412978000,s,124
414197000,r,1340
414197000,r,1340
414197000,r,1340
414197000,r,1340
414197000,r,1340
415239000,s,124
415330000,s,124
417853000,r,1340
417853000,r,1340
417853000,r,1340
418266000,r,1340
418266000,r,1340
418266000,r,1340
418266000,r,1340
418267000,r,1340
418267000,r,1340
418267000,r,1340
418267000,r,1340
418335000,s,124
418342000,r,1340
419082000,s,124
419375000,s,124
419571000,s,124
419779000,s,124
419934000,r,1340
419934000,r,1340
419934000,r,1340
419935000,r,1340
419935000,r,1340
420068000,s,124
420337000,s,124
420810000,s,124
420967000,s,124
421905000,r,1340
421905000,r,1340
421905000,r,1340
422752000,s,124
422879000,r,1340
422879000,r,1340
422879000,r,1340
422879000,r,1340
422880000,r,1340
422880000,r,1340
422880000,r,1340
422880000,r,1340
422959000,r,1340
422959000,r,1340
422960000,r,1340
422960000,r,1340
422960000,r,1340
422960000,r,1340
422960000,r,1340
422960000,r,1340
422984000,r,1340
422984000,r,1340
423056000,r,1340
423056000,r,1340
423056000,r,1340
423056000,r,1340
423057000,r,1340
423057000,r,1340
423719000,s,124
423894000,s,124
426375000,s,124
426467000,s,124
426480000,r,1340
426537000,s,124
426480000,r,1340
426480000,r,1340
426480000,r,1340
426481000,r,1340
426481000,r,1340
426481000,r,1340
426481000,r,1340
426591000,s,124
426605000,r,1340
426605000,r,1340
426605000,r,1340
426606000,r,1340
426606000,r,1340
426606000,r,1340
426606000,r,1340
426606000,r,1340
426645000,r,1340
426645000,r,1340
426645000,r,1340
426662000,s,124
426731000,s,124
427323000,s,124
427413000,r,1340
427413000,r,1340
427413000,r,1340
427413000,r,1340
427413000,r,1340
427413000,r,1340
427413000,r,1340
427413000,r,1340
427532000,r,1340
427800000,s,124
427970000,s,124
428126000,s,124
428189000,s,124
428249000,s,124
428248000,r,1340
428248000,r,1340
428607000,s,124
431016000,r,1340
431016000,r,1340
431016000,r,1340
431017000,r,1340
431017000,r,1340
431017000,r,1340
431017000,r,1340
431017000,r,1340
431064000,r,1340
431448000,s,124
431544000,s,124
431844000,s,124
432518000,r,1340
432518000,r,1340
432518000,r,1340
432518000,r,1340
433489000,s,124
433768000,s,124
435187000,r,1340
435187000,r,1340
435187000,r,1340
435187000,r,1340
435187000,r,1340
435486000,s,124
435685000,r,1340
435685000,r,1340
435685000,r,1340
435686000,r,1340
435686000,r,1340
436159000,s,124
436491000,s,124
436695000,s,124
437684000,r,1340
437684000,r,1340
439099000,r,1340
439100000,r,1340
439100000,r,1340
439100000,r,1340
439100000,r,1340
439100000,r,1340
439643000,s,124
441149000,s,124
441194000,s,124
442639000,r,1340
442639000,r,1340
442639000,r,1340
442639000,r,1340
442640000,r,1340
442640000,r,1340
442640000,r,1340
442640000,r,1340
442796000,r,1340
442796000,r,1340
442797000,r,1340
442797000,r,1340
442797000,r,1340
442797000,r,1340
442797000,r,1340
442797000,r,1340
442840000,r,1340
442841000,r,1340
442841000,r,1340
442841000,r,1340
442841000,r,1340
442841000,r,1340
442841000,r,1340
442841000,r,1340
442887000,r,1340
442887000,r,1340
442888000,r,1340
442888000,r,1340
442888000,r,1340
442888000,r,1340
442888000,r,1340
442889000,r,1340
442935000,r,1340
442935000,r,1340
442935000,r,1340
442936000,r,1340
442936000,r,1340
442936000,r,1340
442936000,r,1340
442936000,r,1340
442971000,r,1340
442971000,r,1340
442971000,r,1340
442971000,r,1340
442971000,r,1340
442971000,r,1340
443571000,r,1340
443571000,r,1340
443571000,r,1340
443647000,s,124
443705000,s,124
443880000,s,124
443943000,s,124
444149000,s,124
444433000,s,124
444570000,s,124
444616000,s,124
444639000,s,124
444730000,s,124
444946000,r,1340
444946000,r,1340
444947000,r,1340
444992000,s,124
444947000,r,1340
444947000,r,1340
444947000,r,1340
445147000,s,124
445176000,s,124
445375000,s,124
445472000,s,124
445824000,s,124
446009000,s,124
446051000,s,124
446362000,s,124
446443000,s,124
446809000,r,1340
446809000,r,1340
446810000,r,1340
446810000,r,1340
446810000,r,1340
446810000,r,1340
446810000,r,1340
446810000,r,1340
446893000,r,1340
446893000,r,1340
446893000,r,1340
447474000,s,124
447590000,s,124
448097000,r,1340
448097000,r,1340
448097000,r,1340
448097000,r,1340
448214000,s,124
448469000,s,124
450840000,r,1340
450841000,r,1340
450841000,r,1340
450841000,r,1340
450841000,r,1340
451368000,s,124
451500000,s,124
452806000,r,1340
452806000,r,1340
453433000,s,124
455012000,r,1340
455012000,r,1340
455012000,r,1340
455012000,r,1340
455012000,r,1340
455012000,r,1340
455012000,r,1340
455176000,r,1340
455176000,r,1340
455176000,r,1340
455700000,s,124
456551000,s,124
457640000,r,1340
457640000,r,1340
457640000,r,1340
457640000,r,1340
457641000,r,1340
457641000,r,1340
457641000,r,1340
457641000,r,1340
457765000,r,1340
457765000,r,1340
457766000,r,1340
457766000,r,1340
457766000,r,1340
457766000,r,1340
457766000,r,1340
457766000,r,1340
457810000,r,1340
457811000,r,1340
457811000,r,1340
457811000,r,1340
457811000,r,1340
457811000,r,1340
457811000,r,1340
457812000,r,1340
457855000,r,1340
457855000,r,1340
457856000,r,1340
458381000,r,1340
458381000,r,1340
458381000,r,1340
458381000,r,1340
458381000,r,1340
458382000,r,1340
458382000,r,1340
458382000,r,1340
458473000,r,1340
458485000,r,1340
458485000,r,1340
458485000,r,1340
458927000,s,124
458981000,s,124
459000000,s,124
459023000,s,124
459039000,s,124
459049000,s,124
459179000,r,1340
459179000,r,1340
459179000,r,1340
459179000,r,1340
459179000,r,1340
459180000,r,1340
459747000,s,124
459789000,s,124
459802000,s,124
461453000,r,1340
461453000,r,1340
461454000,r,1340
461454000,r,1340
461454000,r,1340
461454000,r,1340
461454000,r,1340
461454000,r,1340
461588000,r,1340
461588000,r,1340
461588000,r,1340
461588000,r,1340
461588000,r,1340
461588000,r,1340
461588000,r,1340
461589000,r,1340
462011000,s,124
462508000,r,1340
462508000,r,1340
462508000,r,1340
462508000,r,1340
462509000,r,1340
462509000,r,1340
462509000,r,1340
462509000,r,1340
462798000,s,124
462888000,s,124
463119000,s,124
463213000,s,124
468104000,r,1340
468104000,r,1340
468104000,r,1340
468104000,r,1340
468105000,r,1340
468797000,s,124
469317000,s,124
471188000,r,1340
471188000,r,1340
471189000,r,1340
471189000,r,1340
471189000,r,1340
471189000,r,1340
471189000,r,1340
471654000,s,124
471758000,r,1340
471758000,r,1340
471758000,r,1340
471758000,r,1340
471831000,s,124
471921000,s,124
472340000,s,124
477370000,r,1340
477371000,r,1340
477371000,r,1340
477371000,r,1340
477371000,r,1340
477371000,r,1340
477371000,r,1340
477372000,r,1340
477557000,r,1340
477557000,r,1340
477557000,r,1340
477557000,r,1340
477557000,r,1340
477557000,r,1340
477557000,r,1340
477558000,r,1340
477602000,r,1340
477602000,r,1340
477602000,r,1340
477602000,r,1340
477602000,r,1340
477603000,r,1340
477603000,r,1340
477603000,r,1340
477645000,r,1340
477645000,r,1340
477645000,r,1340
477645000,r,1340
477645000,r,1340
477646000,r,1340
477646000,r,1340
477646000,r,1340
477699000,r,1340
477699000,r,1340
477699000,r,1340
477699000,r,1340
477699000,r,1340
477699000,r,1340
477700000,r,1340
477700000,r,1340
477738000,r,1340
477738000,r,1340
478620000,r,1340
478620000,r,1340
478620000,r,1340
478620000,r,1340
478621000,r,1340
478621000,r,1340
478621000,r,1340
478621000,r,1340
478746000,r,1340
478898000,r,1340
478898000,r,1340
478898000,r,1340
478898000,r,1340
478898000,r,1340
478898000,r,1340
479056000,s,124
479200000,r,1340
479200000,r,1340
479200000,r,1340
479200000,r,1340
479201000,r,1340
479201000,r,1340
479201000,r,1340
479201000,r,1340
479270000,r,1340
479487000,s,124
479586000,s,124
479665000,s,124
479774000,s,124
479977000,s,124
480081000,s,124
481279000,r,1340
481279000,r,1340
481279000,r,1340
481279000,r,1340
481279000,r,1340
481280000,r,1340
481280000,r,1340
481280000,r,1340
482422000,s,124
482521000,s,124
487190000,r,1340
487190000,r,1340
487191000,r,1340
487191000,r,1340
487191000,r,1340
487191000,r,1340
487191000,r,1340
487191000,r,1340
487314000,r,1340
487315000,r,1340
487315000,r,1340
488088000,s,124
488184000,s,124
488423000,s,124
488509000,s,124
493106000,r,1340
493106000,r,1340
493106000,r,1340
493107000,r,1340
493107000,r,1340
493107000,r,1340
493107000,r,1340
493107000,r,1340
493288000,r,1340
493289000,r,1340
493289000,r,1340
493289000,r,1340
493289000,r,1340
493289000,r,1340
493289000,r,1340
493290000,r,1340
493336000,r,1340
493336000,r,1340
493336000,r,1340
493337000,r,1340
493337000,r,1340
493337000,r,1340
493337000,r,1340
493337000,r,1340
493382000,r,1340
493382000,r,1340
493382000,r,1340
493382000,r,1340
493382000,r,1340
493382000,r,1340
493383000,r,1340
493383000,r,1340
493427000,r,1340
493427000,r,1340
493428000,r,1340
493428000,r,1340
493428000,r,1340
493428000,r,1340
493480000,r,1340
493480000,r,1340
493480000,r,1340
493734000,r,1340
493734000,r,1340
493734000,r,1340
494919000,r,1340
494919000,r,1340
494920000,r,1340
494920000,r,1340
494920000,r,1340
494920000,r,1340
494920000,r,1340
494920000,r,1340
495011000,r,1340
495010000,s,124
495011000,r,1340
495011000,r,1340
495011000,r,1340
495012000,r,1340
495012000,r,1340
495012000,r,1340
495089000,r,1340
495089000,r,1340
495090000,r,1340
495124000,s,124
495239000,s,124
495617000,s,124
495796000,s,124
495953000,s,124
496521000,r,1340
496556000,s,124
496521000,r,1340
496521000,r,1340
496522000,r,1340
496522000,r,1340
496522000,r,1340
496522000,r,1340
496522000,r,1340
496637000,r,1340
496638000,r,1340
496638000,r,1340
496965000,s,124
497553000,s,124
497785000,r,1340
497785000,r,1340
497785000,r,1340
497785000,r,1340
497785000,r,1340
498357000,s,124
502582000,r,1340
502582000,r,1340
502582000,r,1340
502583000,r,1340
502583000,r,1340
502583000,r,1340
502583000,r,1340
503387000,s,124
504984000,r,1340
504984000,r,1340
504984000,r,1340
504984000,r,1340
504985000,r,1340
505604000,s,124
505689000,s,124
508473000,r,1340
508473000,r,1340
508474000,r,1340
508474000,r,1340
508474000,r,1340
508474000,r,1340
508474000,r,1340
508474000,r,1340
508611000,r,1340
508611000,r,1340
508611000,r,1340
508612000,r,1340
508612000,r,1340
508612000,r,1340
508612000,r,1340
508612000,r,1340
508651000,r,1340
508651000,r,1340
509439000,s,124
509576000,r,1340
509576000,r,1340
509576000,r,1340
509576000,r,1340
509576000,r,1340
509577000,r,1340
509577000,r,1340
509577000,r,1340
509693000,r,1340
509693000,r,1340
509693000,r,1340
509693000,r,1340
509693000,r,1340
509693000,r,1340
509693000,r,1340
509694000,r,1340
509741000,r,1340
509741000,r,1340
509741000,r,1340
509742000,r,1340
509742000,r,1340
509742000,r,1340
509742000,r,1340
509742000,r,1340
509778000,r,1340
509778000,r,1340
509818000,r,1340
509818000,r,1340
509818000,r,1340
510950000,r,1340
510950000,r,1340
510950000,r,1340
510950000,r,1340
510950000,r,1340
510951000,r,1340
510951000,r,1340
510951000,r,1340
511052000,r,1340
511052000,r,1340
511052000,r,1340
511052000,r,1340
511053000,r,1340
511053000,r,1340
511053000,r,1340
511053000,r,1340
511101000,r,1340
511101000,r,1340
511101000,r,1340
511101000,r,1340
511101000,r,1340
511655000,r,1340
511655000,r,1340
511655000,r,1340
511656000,r,1340
511656000,r,1340
511656000,r,1340
511656000,r,1340
511656000,r,1340
511728000,r,1340
512067000,s,124
512339000,s,124
512820000,s,124
512962000,s,124
513103000,s,124
513606000,r,1340
513606000,r,1340
513606000,r,1340
513606000,r,1340
513606000,r,1340
513606000,r,1340
513607000,r,1340
514218000,s,124
514528000,s,124
514605000,s,124
517572000,r,1340
517572000,r,1340
517572000,r,1340
518164000,s,124
518297000,s,124
521536000,r,1340
521536000,r,1340
521536000,r,1340
521536000,r,1340
521536000,r,1340
521537000,r,1340
521537000,r,1340
521537000,r,1340
521645000,r,1340
522987000,r,1340
522987000,r,1340
522987000,r,1340
522988000,r,1340
524398000,s,124
527008000,s,124
527390000,r,1340
527391000,r,1340
527391000,r,1340
527391000,r,1340
527391000,r,1340
527391000,r,1340
527391000,r,1340
527392000,r,1340
527524000,r,1340
528195000,s,124
528284000,s,124
529062000,r,1340
529062000,r,1340
529062000,r,1340
529062000,r,1340
529062000,r,1340
529062000,r,1340
529063000,r,1340
529063000,r,1340
529218000,r,1340
529218000,r,1340
529218000,r,1340
529219000,r,1340
530073000,r,1340
530073000,r,1340
530073000,r,1340
530073000,r,1340
530074000,r,1340
530074000,r,1340
530074000,r,1340
530074000,r,1340
530167000,r,1340
530167000,r,1340
530168000,r,1340
530168000,r,1340
530168000,r,1340
530168000,r,1340
530168000,r,1340
530168000,r,1340
530210000,r,1340
530210000,r,1340
530436000,r,1340
530437000,r,1340
530437000,r,1340
530437000,r,1340
530437000,r,1340
530437000,r,1340
530697000,r,1340
530697000,r,1340
530697000,r,1340
530698000,r,1340
530698000,r,1340
530698000,r,1340
530962000,r,1340
530962000,r,1340
530962000,r,1340
530963000,r,1340
530963000,r,1340
530963000,r,1340
531450000,r,1340
531450000,r,1340
531450000,r,1340
531450000,r,1340
531450000,r,1340
531450000,r,1340
531646000,r,1340
531646000,r,1340
531647000,r,1340
532194000,s,124
532641000,r,1340
532641000,r,1340
532641000,r,1340
532641000,r,1340
532642000,r,1340
532642000,r,1340
532642000,r,1340
532642000,r,1340
532764000,r,1340
532794000,r,1340
532794000,r,1340
532795000,r,1340
532795000,r,1340
532795000,r,1340
532795000,r,1340
533120000,s,124
533494000,s,124
533597000,s,124
533686000,s,124
533762000,s,124
533844000,s,124
534080000,s,124
535190000,r,1340
535190000,r,1340
535190000,r,1340
535190000,r,1340
535190000,r,1340
535191000,r,1340
536190000,s,124
538004000,r,1340
538004000,r,1340
538004000,r,1340
538004000,r,1340
538004000,r,1340
538874000,s,124
538925000,s,124
541377000,r,1340
541377000,r,1340
541377000,r,1340
541378000,r,1340
541378000,r,1340
541378000,r,1340
542302000,s,124
542356000,s,124
545913000,r,1340
545913000,r,1340
545914000,r,1340
545914000,r,1340
545914000,r,1340
545914000,r,1340
545914000,r,1340
545914000,r,1340
546040000,r,1340
546040000,r,1340
546040000,r,1340
546040000,r,1340
546040000,r,1340
546040000,r,1340
546040000,r,1340
546041000,r,1340
546085000,r,1340
546085000,r,1340
546086000,r,1340
546086000,r,1340
546086000,r,1340
546086000,r,1340
546086000,r,1340
546086000,r,1340
546129000,r,1340
546129000,r,1340
546129000,r,1340
546129000,r,1340
546129000,r,1340
546130000,r,1340
546130000,r,1340
546130000,r,1340
546172000,r,1340
546172000,r,1340
546172000,r,1340
546172000,r,1340
546173000,r,1340
546173000,r,1340
546173000,r,1340
546173000,r,1340
546211000,r,1340
546211000,r,1340
546304000,r,1340
546304000,r,1340
546304000,r,1340
546579000,s,124
546849000,s,124
546975000,s,124
547855000,r,1340
547855000,r,1340
547855000,r,1340
547855000,r,1340
547855000,r,1340
547855000,r,1340
547855000,r,1340
547856000,r,1340
547984000,r,1340
547984000,r,1340
547984000,r,1340
547985000,r,1340
547985000,r,1340
547985000,r,1340
548431000,s,124
549723000,s,124
549982000,r,1340
549982000,r,1340
549982000,r,1340
549982000,r,1340
549982000,r,1340
549982000,r,1340
549982000,r,1340
549982000,r,1340
550078000,r,1340
550078000,r,1340
550078000,r,1340
550078000,r,1340
550078000,r,1340
550078000,r,1340
550078000,r,1340
550078000,r,1340
550121000,r,1340
550121000,r,1340
550121000,r,1340
550121000,r,1340
550122000,r,1340
550122000,r,1340
550122000,r,1340
550122000,r,1340
550171000,r,1340
550171000,r,1340
550171000,r,1340
550171000,r,1340
550171000,r,1340
550172000,r,1340
550261000,s,124
550732000,s,124
550795000,s,124
551132000,r,1340
551132000,r,1340
551132000,r,1340
551132000,r,1340
551132000,r,1340
551132000,r,1340
551132000,r,1340
551133000,r,1340
551281000,r,1340
551281000,r,1340
552101000,s,124
557663000,r,1340
557663000,r,1340
557663000,r,1340
557664000,r,1340
557664000,r,1340
557664000,r,1340
558353000,s,124
561346000,r,1340
561346000,r,1340
561346000,r,1340
561347000,r,1340
561347000,r,1340
561347000,r,1340
561347000,r,1340
561347000,r,1340
561490000,r,1340
561490000,r,1340
561490000,r,1340
561490000,r,1340
561491000,r,1340
561491000,r,1340
561491000,r,1340
561491000,r,1340
561537000,r,1340
561537000,r,1340
561538000,r,1340
561538000,r,1340
561538000,r,1340
561538000,r,1340
561538000,r,1340
561538000,r,1340
561583000,r,1340
561583000,r,1340
561583000,r,1340
561584000,r,1340
561584000,r,1340
561584000,r,1340
561584000,r,1340
561584000,r,1340
561627000,r,1340
561627000,r,1340
561627000,r,1340
561627000,r,1340
561628000,r,1340
561628000,r,1340
561628000,r,1340
561628000,r,1340
562188000,s,124
562360000,s,124
562417000,s,124
562831000,s,124
562858000,s,124
562877000,s,124
563191000,r,1340
563191000,r,1340
563191000,r,1340
563191000,r,1340
563191000,r,1340
563192000,r,1340
563192000,r,1340
563192000,r,1340
563338000,s,124
563449000,s,124
563540000,s,124
564033000,s,124
564098000,s,124
564177000,s,124
564481000,s,124
564705000,r,1340
564706000,r,1340
564706000,r,1340
564706000,r,1340
564706000,r,1340
564706000,r,1340
564706000,r,1340
564706000,r,1340
564830000,r,1340
565166000,s,124
565888000,r,1340
565888000,r,1340
565889000,r,1340
565889000,r,1340
565889000,r,1340
565889000,r,1340
565889000,r,1340
565889000,r,1340
566013000,r,1340
566013000,r,1340
566013000,r,1340
566013000,r,1340
566013000,r,1340
566013000,r,1340
566013000,r,1340
566014000,r,1340
566056000,r,1340
566056000,r,1340
566209000,r,1340
566209000,r,1340
566209000,r,1340
566209000,r,1340
566209000,r,1340
566210000,r,1340
567195000,r,1340
567195000,r,1340
567195000,r,1340
567195000,r,1340
567195000,r,1340
567196000,r,1340
567196000,r,1340
567196000,r,1340
567294000,r,1340
567294000,r,1340
567294000,r,1340
567294000,r,1340
567851000,r,1340
567851000,r,1340
567851000,r,1340
567852000,r,1340
567852000,r,1340
567852000,r,1340
568307000,r,1340
568307000,r,1340
568307000,r,1340
568604000,s,124
568663000,s,124
569000000,s,124
570062000,r,1340
570062000,r,1340
570063000,r,1340
570063000,r,1340
570063000,r,1340
570503000,s,124
570674000,s,124
575207000,r,1340
575207000,r,1340
575208000,r,1340
575208000,r,1340
575208000,r,1340
575208000,r,1340
575997000,s,124
583261000,r,1340
583261000,r,1340
583262000,r,1340
583262000,r,1340
583262000,r,1340
583262000,r,1340
583262000,r,1340
583262000,r,1340
583389000,r,1340
583389000,r,1340
583389000,r,1340
583389000,r,1340
583389000,r,1340
583389000,r,1340
583390000,r,1340
583390000,r,1340
583436000,r,1340
583436000,r,1340
583437000,r,1340
583437000,r,1340
583437000,r,1340
583437000,r,1340
583437000,r,1340
583437000,r,1340
583483000,r,1340
583484000,r,1340
583484000,r,1340
583484000,r,1340
583484000,r,1340
583484000,r,1340
583484000,r,1340
583485000,r,1340
583529000,r,1340
583529000,r,1340
583529000,r,1340
583529000,r,1340
583530000,r,1340
583530000,r,1340
583530000,r,1340
583530000,r,1340
583572000,r,1340
583572000,r,1340
583572000,r,1340
584085000,s,124
584335000,r,1340
584335000,r,1340
584335000,r,1340
584784000,s,124
585057000,s,124
585141000,s,124
586854000,r,1340
586854000,r,1340
586854000,r,1340
586854000,r,1340
586854000,r,1340
586855000,r,1340
586855000,r,1340
586855000,r,1340
586973000,r,1340
586973000,r,1340
586973000,r,1340
586973000,r,1340
586973000,r,1340
586973000,r,1340
587492000,s,124
587632000,s,124
587740000,s,124
588833000,r,1340
588833000,r,1340
588833000,r,1340
588833000,r,1340
588833000,r,1340
588833000,r,1340
588833000,r,1340
588834000,r,1340
588929000,r,1340
588929000,r,1340
588929000,r,1340
588929000,r,1340
588929000,r,1340
588930000,r,1340
588930000,r,1340
588930000,r,1340
588983000,r,1340
588983000,r,1340
588983000,r,1340
588983000,r,1340
588983000,r,1340
588983000,r,1340
588983000,r,1340
588983000,r,1340
589019000,r,1340
589019000,r,1340
589019000,r,1340
589019000,r,1340
589019000,r,1340
589019000,r,1340
589020000,r,1340
589020000,r,1340
589050000,r,1340
589051000,r,1340
589051000,r,1340
589051000,r,1340
589051000,r,1340
589051000,r,1340
589051000,r,1340
589051000,r,1340
589081000,r,1340
589081000,r,1340
589081000,r,1340
589082000,r,1340
589082000,r,1340
589082000,r,1340
589082000,r,1340
589082000,r,1340
589368000,s,124
589452000,s,124
589819000,s,124
590172000,r,1340
590172000,r,1340
590172000,r,1340
590172000,r,1340
590172000,r,1340
591317000,s,124
591905000,s,124
592715000,r,1340
592715000,r,1340
592716000,r,1340
592716000,r,1340
592716000,r,1340
592716000,r,1340
594500000,s,124
599629000,r,1340
599629000,r,1340
599629000,r,1340
599630000,r,1340
599630000,r,1340
599630000,r,1340
599630000,r,1340
599630000,r,1340
599794000,r,1340
599794000,r,1340
599794000,r,1340
599794000,r,1340
599794000,r,1340
599795000,r,1340
599795000,r,1340
599795000,r,1340
599878000,r,1340
599879000,r,1340
599879000,r,1340
599879000,r,1340
599879000,r,1340
599879000,r,1340
600184000,r,1340
600184000,r,1340
600184000,r,1340
600367000,s,124
600423000,s,124
600452000,s,124
600523000,s,124
600930000,s,124
601062000,r,1340
601062000,r,1340
601062000,r,1340
601238000,s,124
601348000,s,124
601650000,s,124
601767000,s,124
601868000,s,124
606646000,r,1340
606646000,r,1340
606646000,r,1340
606646000,r,1340
606646000,r,1340
606646000,r,1340
606646000,r,1340
606647000,r,1340
606775000,r,1340
606775000,r,1340
606775000,r,1340
606775000,r,1340
606775000,r,1340
606775000,r,1340
606775000,r,1340
606775000,r,1340
606810000,r,1340
606810000,r,1340
606810000,r,1340
606810000,r,1340
606811000,r,1340
606811000,r,1340
606811000,r,1340
606811000,r,1340
606847000,r,1340
606847000,r,1340
606847000,r,1340
606847000,r,1340
606847000,r,1340
606847000,r,1340
606848000,r,1340
606848000,r,1340
606881000,r,1340
606881000,r,1340
606881000,r,1340
606881000,r,1340
606881000,r,1340
606882000,r,1340
606882000,r,1340
606882000,r,1340
606914000,r,1340
606914000,r,1340
606915000,r,1340
606915000,r,1340
606915000,r,1340
606915000,r,1340
606915000,r,1340
606915000,r,1340
606947000,r,1340
606947000,r,1340
606947000,r,1340
606947000,r,1340
606947000,r,1340
606947000,r,1340
606947000,r,1340
606948000,r,1340
606979000,r,1340
606979000,r,1340
606979000,r,1340
606980000,r,1340
606980000,r,1340
606980000,r,1340
606980000,r,1340
606980000,r,1340
607036000,r,1340
607036000,r,1340
607036000,r,1340
607036000,r,1340
607036000,r,1340
607037000,r,1340
607037000,r,1340
607037000,r,1340
607071000,r,1340
607071000,r,1340
607071000,r,1340
607071000,r,1340
607072000,r,1340
607072000,r,1340
607072000,r,1340
607072000,r,1340
607534000,s,124
608057000,s,124
608097000,s,124
608113000,s,124
608260000,s,124
608290000,s,124
608442000,s,124
608751000,s,124
609082000,r,1340
609082000,r,1340
609082000,r,1340
609082000,r,1340
609083000,r,1340
609083000,r,1340
609083000,r,1340
609083000,r,1340
609174000,s,124
609420000,s,124
609527000,s,124
609680000,s,124
609865000,s,124
609965000,s,124
610205000,s,124
610917000,s,124
611460000,r,1340
611461000,r,1340
611461000,r,1340
611461000,r,1340
611461000,r,1340
611461000,r,1340
611461000,r,1340
611461000,r,1340
611573000,r,1340
612581000,s,124
612641000,s,124
612657000,s,124
612674000,s,124
612685000,s,124
612695000,s,124
613482000,s,124
613802000,s,124
614208000,s,124
614255000,s,124
614438000,s,124
614551000,s,124
614868000,s,124
615356000,s,124
615456000,s,124
615517000,s,124
616023000,s,124
616466000,r,1340
616466000,r,1340
616467000,r,1340
616467000,r,1340
616467000,r,1340
616467000,r,1340
616467000,r,1340
616467000,r,1340
616584000,r,1340
616585000,r,1340
616585000,r,1340
616585000,r,1340
616585000,r,1340
616585000,r,1340
616585000,r,1340
616640000,r,1340
616640000,r,1340
616640000,r,1340
616864000,r,1340
616864000,r,1340
616864000,r,1340
616943000,s,124
617220000,s,124
617546000,s,124
617600000,s,124
617863000,s,124
617887000,s,124
618001000,s,124
618373000,s,124
619210000,r,1340
619210000,r,1340
619210000,r,1340
619210000,r,1340
619210000,r,1340
619210000,r,1340
619211000,r,1340
619211000,r,1340
619305000,r,1340
619305000,r,1340
620063000,s,124
621258000,r,1340
621258000,r,1340
621258000,r,1340
621259000,r,1340
621259000,r,1340
621259000,r,1340
621259000,r,1340
621259000,r,1340
621340000,r,1340
621340000,r,1340
621340000,r,1340
621341000,r,1340
621341000,r,1340
621341000,r,1340
621341000,r,1340
621341000,r,1340
621387000,r,1340
622294000,s,124
622384000,s,124
622441000,s,124
622763000,s,124
623575000,s,124
623594000,s,124
623682000,s,124
624171000,r,1340
624171000,r,1340
624171000,r,1340
624171000,r,1340
624171000,r,1340
624171000,r,1340
624172000,r,1340
624172000,r,1340
624286000,r,1340
624287000,r,1340
624287000,r,1340
624287000,r,1340
624287000,r,1340
624287000,r,1340
624287000,r,1340
624287000,r,1340
624324000,r,1340
624324000,r,1340
624324000,r,1340
624324000,r,1340
624325000,r,1340
624325000,r,1340
624325000,r,1340
624325000,r,1340
624360000,r,1340
624360000,r,1340
624361000,r,1340
624361000,r,1340
624361000,r,1340
624361000,r,1340
624361000,r,1340
624361000,r,1340
624397000,r,1340
624397000,r,1340
624397000,r,1340
624398000,r,1340
624398000,r,1340
624398000,r,1340
626119000,s,124
626167000,s,124
628027000,r,1340
628027000,r,1340
628027000,r,1340
628027000,r,1340
628027000,r,1340
628027000,r,1340
628028000,r,1340
628028000,r,1340
629000000,s,124
629048000,s,124
629063000,r,1340
629078000,s,124
629089000,s,124
629064000,r,1340
629064000,r,1340
629064000,r,1340
629064000,r,1340
629064000,r,1340
629064000,r,1340
629065000,r,1340
629165000,r,1340
629428000,s,124
629605000,s,124
630021000,s,124
630909000,r,1340
630910000,r,1340
630910000,r,1340
631565000,s,124
632181000,r,1340
632181000,r,1340
632181000,r,1340
632181000,r,1340
632181000,r,1340
632182000,r,1340
632182000,r,1340
632182000,r,1340
632268000,r,1340
632269000,r,1340
632269000,r,1340
632269000,r,1340
632269000,r,1340
632269000,r,1340
632269000,r,1340
632269000,r,1340
632302000,r,1340
632302000,r,1340
632302000,r,1340
632302000,r,1340
632560000,r,1340
632560000,r,1340
632561000,r,1340
632607000,s,124
632668000,s,124
632748000,r,1340
632748000,r,1340
632748000,r,1340
632810000,s,124
632907000,s,124
633004000,s,124
633077000,s,124
633342000,r,1340
633342000,r,1340
633342000,r,1340
633342000,r,1340
633342000,r,1340
633342000,r,1340
633343000,r,1340
633343000,r,1340
633398000,r,1340
633573000,r,1340
633573000,r,1340
633573000,r,1340
633593000,s,124
633988000,r,1340
634020000,s,124
633988000,r,1340
633988000,r,1340
634073000,s,124
634560000,s,124
634673000,s,124
634771000,s,124
635661000,r,1340
635661000,r,1340
635662000,r,1340
635662000,r,1340
635662000,r,1340
635662000,r,1340
636406000,s,124
636523000,s,124
636990000,s,124
637864000,r,1340
637864000,r,1340
637864000,r,1340
637865000,r,1340
637865000,r,1340
637865000,r,1340
637865000,r,1340
637865000,r,1340
637985000,r,1340
637985000,r,1340
637985000,r,1340
637985000,r,1340
637985000,r,1340
637985000,r,1340
637985000,r,1340
638533000,s,124
638860000,s,124
639789000,s,124
640537000,r,1340
640537000,r,1340
640537000,r,1340
640537000,r,1340
640537000,r,1340
640537000,r,1340
641370000,s,124
643125000,r,1340
644075000,r,1340
644075000,r,1340
644075000,r,1340
644075000,r,1340
644075000,r,1340
644076000,r,1340
644076000,r,1340
644076000,r,1340
644166000,r,1340
644637000,s,124
644865000,s,124
644979000,s,124
645916000,r,1340
645916000,r,1340
645916000,r,1340
645916000,r,1340
645916000,r,1340
645916000,r,1340
645916000,r,1340
645916000,r,1340
646008000,r,1340
646008000,r,1340
646008000,r,1340
646008000,r,1340
646008000,r,1340
646009000,r,1340
646009000,r,1340
646047000,r,1340
646047000,r,1340
646047000,r,1340
646047000,r,1340
646047000,r,1340
646047000,r,1340
646048000,r,1340
646048000,r,1340
646082000,r,1340
646750000,r,1340
646750000,r,1340
646750000,r,1340
646750000,r,1340
646750000,r,1340
646750000,r,1340
646750000,r,1340
646750000,r,1340
646803000,r,1340
646804000,r,1340
646804000,r,1340
646804000,r,1340
646804000,r,1340
646804000,r,1340
646804000,r,1340
647175000,r,1340
647176000,r,1340
647176000,r,1340
647176000,r,1340
647176000,r,1340
647176000,r,1340
647397000,s,124
647446000,s,124
647842000,s,124
648075000,s,124
648095000,s,124
648234000,s,124
648334000,s,124
648763000,s,124
648900000,r,1340
648900000,r,1340
648900000,r,1340
648901000,r,1340
648901000,r,1340
648901000,r,1340
648901000,r,1340
648901000,r,1340
648991000,r,1340
648991000,r,1340
648991000,r,1340
648992000,r,1340
648992000,r,1340
648992000,r,1340
648992000,r,1340
648992000,r,1340
649042000,r,1340
649042000,r,1340
649042000,r,1340
649042000,r,1340
649042000,r,1340
649042000,r,1340
649043000,r,1340
649043000,r,1340
649519000,r,1340
649519000,r,1340
649519000,r,1340
649519000,r,1340
649519000,r,1340
649520000,r,1340
649520000,r,1340
649520000,r,1340
649576000,r,1340
649577000,r,1340
649577000,r,1340
649577000,r,1340
649891000,r,1340
649891000,r,1340
649891000,r,1340
649989000,s,124
650043000,s,124
650274000,s,124
650330000,s,124
650570000,s,124
650683000,s,124
650959000,s,124
651061000,s,124
651177000,s,124
651284000,s,124
651346000,s,124
651570000,s,124
651698000,s,124
651893000,r,1340
651893000,r,1340
651893000,r,1340
651893000,r,1340
651894000,r,1340
651894000,r,1340
651894000,r,1340
651894000,r,1340
651999000,r,1340
651999000,r,1340
651999000,r,1340
651999000,r,1340
652000000,r,1340
652000000,r,1340
652000000,r,1340
652000000,r,1340
652043000,r,1340
652043000,r,1340
652278000,s,124
652353000,s,124
652353000,r,1340
652353000,r,1340
652354000,r,1340
652354000,r,1340
652354000,r,1340
652354000,r,1340
652354000,r,1340
652354000,r,1340
652435000,r,1340
652437000,s,124
652503000,s,124
652619000,r,1340
652620000,r,1340
652620000,r,1340
652620000,r,1340
652620000,r,1340
652620000,r,1340
652860000,s,124
652951000,r,1340
652952000,r,1340
652952000,r,1340
653019000,s,124
653167000,s,124
653377000,s,124
653551000,s,124
653760000,s,124
653912000,s,124
654091000,s,124
654256000,r,1340
654256000,r,1340
654257000,r,1340
654257000,r,1340
654257000,r,1340
654257000,r,1340
654257000,r,1340
654257000,r,1340
654343000,r,1340
654343000,r,1340
654549000,s,124
654653000,s,124
654750000,s,124
654832000,s,124
655038000,s,124
657197000,s,124
657303000,s,124
659008000,r,1340
659009000,r,1340
659835000,s,124
661970000,r,1340
661970000,r,1340
661970000,r,1340
661970000,r,1340
661971000,r,1340
661971000,r,1340
661971000,r,1340
661971000,r,1340
662096000,r,1340
662096000,r,1340
662096000,r,1340
662097000,r,1340
662097000,r,1340
662097000,r,1340
662097000,r,1340
662097000,r,1340
662152000,r,1340
662152000,r,1340
662153000,r,1340
662153000,r,1340
662153000,r,1340
662153000,r,1340
662153000,r,1340
662154000,r,1340
662206000,r,1340
662207000,r,1340
662207000,r,1340
662207000,r,1340
662207000,r,1340
662207000,r,1340
662208000,r,1340
662208000,r,1340
662255000,r,1340
662255000,r,1340
662255000,r,1340
662255000,r,1340
662648000,s,124
662760000,s,124
663085000,s,124
663188000,r,1340
663189000,r,1340
663189000,r,1340
663189000,r,1340
663189000,r,1340
663189000,r,1340
663189000,r,1340
663269000,s,124
663190000,r,1340
663289000,r,1340
663289000,r,1340
663289000,r,1340
663289000,r,1340
663367000,r,1340
663367000,r,1340
663367000,r,1340
663518000,s,124
663695000,s,124
663831000,s,124
664207000,s,124
664323000,s,124
664428000,s,124
664500000,s,124
664656000,s,124
664925000,s,124
665022000,s,124
665037000,r,1340
665037000,r,1340
665038000,r,1340
665038000,r,1340
665038000,r,1340
665102000,s,124
665038000,r,1340
665038000,r,1340
665038000,r,1340
665142000,r,1340
665142000,r,1340
665142000,r,1340
665143000,r,1340
665143000,r,1340
665143000,r,1340
665143000,r,1340
665143000,r,1340
665185000,s,124
665191000,r,1340
665191000,r,1340
665191000,r,1340
665192000,r,1340
665313000,r,1340
665313000,r,1340
665313000,r,1340
665507000,s,124
665635000,s,124
665715000,r,1340
665715000,r,1340
665715000,r,1340
665715000,r,1340
665715000,r,1340
665716000,r,1340
665716000,r,1340
665716000,r,1340
665809000,r,1340
666003000,s,124
666094000,s,124
666150000,r,1340
666150000,r,1340
666199000,s,124
666150000,r,1340
666150000,r,1340
666150000,r,1340
666150000,r,1340
666430000,s,124
666542000,r,1340
666542000,r,1340
666543000,r,1340
666543000,r,1340
666543000,r,1340
666543000,r,1340
666761000,s,124
666855000,s,124
666946000,s,124
667288000,r,1340
667288000,r,1340
667289000,r,1340
667922000,s,124
669166000,r,1340
669167000,r,1340
669167000,r,1340
669167000,r,1340
669167000,r,1340
669167000,r,1340
669167000,r,1340
669168000,r,1340
669301000,r,1340
669301000,r,1340
669301000,r,1340
669301000,r,1340
669302000,r,1340
669302000,r,1340
669302000,r,1340
669302000,r,1340
669981000,r,1340
669981000,r,1340
669981000,r,1340
669981000,r,1340
669981000,r,1340
669981000,r,1340
670070000,s,124
669981000,r,1340
669982000,r,1340
670091000,r,1340
670091000,r,1340
670091000,r,1340
670091000,r,1340
670302000,s,124
670406000,s,124
670485000,s,124
670545000,s,124
670608000,s,124
670696000,s,124
670850000,s,124
670941000,s,124
671026000,s,124
671096000,s,124
671208000,s,124
671296000,s,124
671374000,s,124
671916000,r,1340
671917000,r,1340
671917000,r,1340
671917000,r,1340
671917000,r,1340
671917000,r,1340
673279000,s,124
675879000,r,1340
675879000,r,1340
675880000,r,1340
675880000,r,1340
675880000,r,1340
675880000,r,1340
675880000,r,1340
675880000,r,1340
676007000,r,1340
676007000,r,1340
676554000,s,124
676618000,s,124
679075000,r,1340
679076000,r,1340
679076000,r,1340
679076000,r,1340
679076000,r,1340
679076000,r,1340
679076000,r,1340
679076000,r,1340
679193000,r,1340
679193000,r,1340
679193000,r,1340
679193000,r,1340
679193000,r,1340
679193000,r,1340
679193000,r,1340
679193000,r,1340
679231000,r,1340
679231000,r,1340
679231000,r,1340
679231000,r,1340
679232000,r,1340
679232000,r,1340
679232000,r,1340
679232000,r,1340
679269000,r,1340
679269000,r,1340
679269000,r,1340
679269000,r,1340
679269000,r,1340
679269000,r,1340
679269000,r,1340
679269000,r,1340
679317000,r,1340
679317000,r,1340
679317000,r,1340
679317000,r,1340
679318000,r,1340
679318000,r,1340
679318000,r,1340
679318000,r,1340
679358000,r,1340
679619000,s,124
679892000,s,124
680088000,s,124
680388000,s,124
681251000,s,124
681271000,r,1340
681271000,r,1340
681271000,r,1340
681271000,r,1340
681272000,r,1340
681272000,r,1340
681272000,r,1340
681272000,r,1340
681336000,r,1340
681336000,r,1340
681336000,r,1340
681346000,s,124
681336000,r,1340
681337000,r,1340
681337000,r,1340
681337000,r,1340
681337000,r,1340
681372000,r,1340
681372000,r,1340
681373000,r,1340
681373000,r,1340
681373000,r,1340
681582000,r,1340
681582000,r,1340
681582000,r,1340
681582000,r,1340
681583000,r,1340
681583000,r,1340
681583000,r,1340
681583000,r,1340
681626000,r,1340
681883000,s,124
682007000,s,124
682689000,r,1340
682689000,r,1340
682689000,r,1340
682689000,r,1340
682690000,r,1340
682690000,r,1340
682690000,r,1340
682690000,r,1340
682780000,r,1340
682780000,r,1340
682780000,r,1340
682781000,r,1340
682781000,r,1340
682781000,r,1340
682781000,r,1340
682924000,s,124
682970000,s,124
683001000,s,124
683050000,s,124
683470000,s,124
683508000,s,124
683528000,s,124
683655000,s,124
683773000,s,124
684282000,r,1340
684282000,r,1340
684282000,r,1340
684282000,r,1340
684282000,r,1340
684282000,r,1340
684283000,r,1340
684702000,s,124
684942000,s,124
685107000,s,124
685212000,s,124
685663000,r,1340
685663000,r,1340
685663000,r,1340
685663000,r,1340
685663000,r,1340
685663000,r,1340
685663000,r,1340
685664000,r,1340
685761000,r,1340
685761000,r,1340
685761000,r,1340
685761000,r,1340
685762000,r,1340
685762000,r,1340
685762000,r,1340
685762000,r,1340
685802000,r,1340
685802000,r,1340
685802000,r,1340
685802000,r,1340
685803000,r,1340
686189000,s,124
686301000,r,1340
686301000,r,1340
686301000,r,1340
686301000,r,1340
686301000,r,1340
686301000,r,1340
686301000,r,1340
686302000,r,1340
686348000,r,1340
686370000,s,124
686509000,r,1340
686509000,r,1340
686509000,r,1340
686509000,r,1340
686509000,r,1340
686578000,s,124
686510000,r,1340
687244000,r,1340
687245000,r,1340
687245000,r,1340
687754000,s,124
687787000,s,124
687864000,r,1340
687864000,r,1340
687864000,r,1340
687981000,s,124
688196000,s,124
688447000,s,124
689325000,r,1340
689325000,r,1340
689325000,r,1340
689326000,r,1340
689326000,r,1340
689326000,r,1340
689326000,r,1340
689326000,r,1340
689449000,r,1340
690194000,s,124
691186000,r,1340
691186000,r,1340
691186000,r,1340
691841000,r,1340
692234000,s,124
700410000,r,1340
700410000,r,1340
700410000,r,1340
700410000,r,1340
700411000,r,1340
700411000,r,1340
700411000,r,1340
700411000,r,1340
700525000,r,1340
700525000,r,1340
700525000,r,1340
700525000,r,1340
700525000,r,1340
700525000,r,1340
700525000,r,1340
700526000,r,1340
700562000,r,1340
700562000,r,1340
700563000,r,1340
700563000,r,1340
700563000,r,1340
700563000,r,1340
700563000,r,1340
700563000,r,1340
700601000,r,1340
700601000,r,1340
700601000,r,1340
700601000,r,1340
700602000,r,1340
700602000,r,1340
700602000,r,1340
700602000,r,1340
700636000,r,1340
700636000,r,1340
700636000,r,1340
700913000,s,124
701249000,s,124
701499000,s,124
701663000,s,124
701768000,s,124
702940000,r,1340
702940000,r,1340
702940000,r,1340
702941000,r,1340
702941000,r,1340
702941000,r,1340
702941000,r,1340
702941000,r,1340
703053000,r,1340
703053000,r,1340
703054000,r,1340
703054000,r,1340
703054000,r,1340
703054000,r,1340
703054000,r,1340
703054000,r,1340
703137000,r,1340
703138000,r,1340
703138000,r,1340
703138000,r,1340
703138000,r,1340
703138000,r,1340
703138000,r,1340
703138000,r,1340
703265000,s,124
703442000,r,1340
703442000,r,1340
703442000,r,1340
703442000,r,1340
703442000,r,1340
703442000,r,1340
703443000,r,1340
703443000,r,1340
703494000,r,1340
703601000,s,124
704051000,r,1340
704051000,r,1340
704051000,r,1340
704051000,r,1340
704051000,r,1340
704051000,r,1340
704051000,r,1340
704052000,r,1340
704146000,r,1340
704146000,r,1340
704146000,r,1340
704146000,r,1340
704340000,s,124
704604000,r,1340
704604000,r,1340
704604000,r,1340
704604000,r,1340
704604000,r,1340
704604000,r,1340
704672000,s,124
704800000,s,124
705042000,s,124
705136000,s,124
705215000,s,124
705236000,r,1340
705236000,r,1340
705236000,r,1340
705236000,r,1340
705236000,r,1340
705236000,r,1340
705237000,r,1340
705237000,r,1340
705337000,r,1340
705552000,r,1340
705552000,r,1340
705552000,r,1340
705552000,r,1340
705552000,r,1340
705552000,r,1340
706832000,r,1340
706832000,r,1340
706833000,r,1340
706833000,r,1340
706833000,r,1340
706833000,r,1340
706833000,r,1340
706833000,r,1340
706927000,r,1340
706927000,r,1340
706927000,r,1340
706928000,r,1340
706928000,r,1340
706928000,r,1340
706928000,r,1340
706928000,r,1340
706965000,r,1340
706965000,r,1340
707151000,s,124
708411000,s,124
708594000,s,124
708671000,s,124
708727000,s,124
708816000,r,1340
708824000,s,124
708817000,r,1340
708817000,r,1340
708817000,r,1340
708817000,r,1340
708817000,r,1340
708817000,r,1340
708818000,r,1340
708965000,r,1340
708965000,r,1340
708965000,r,1340
708965000,r,1340
708965000,r,1340
708965000,r,1340
708966000,r,1340
708966000,r,1340
709011000,r,1340
709011000,r,1340
709011000,r,1340
709011000,r,1340
709011000,r,1340
709160000,r,1340
709160000,r,1340
709160000,r,1340
709160000,r,1340
709160000,r,1340
709160000,r,1340
709554000,r,1340
709554000,r,1340
709554000,r,1340
709554000,r,1340
709554000,r,1340
709554000,r,1340
709555000,r,1340
709555000,r,1340
709635000,r,1340
709659000,s,124
709855000,s,124
710043000,s,124
710139000,s,124
710223000,s,124
710349000,s,124
710673000,s,124
710880000,s,124
710994000,s,124
711270000,s,124
711446000,r,1340
711510000,s,124
711446000,r,1340
711447000,r,1340
711447000,r,1340
711447000,r,1340
711818000,s,124
713290000,s,124
718470000,r,1340
718470000,r,1340
718470000,r,1340
718470000,r,1340
718470000,r,1340
718471000,r,1340
718471000,r,1340
718471000,r,1340
718633000,r,1340
718633000,r,1340
718634000,r,1340
718634000,r,1340
718956000,s,124
719242000,s,124
719274000,s,124
719503000,r,1340
719503000,r,1340
719503000,r,1340
719504000,r,1340
719504000,r,1340
719504000,r,1340
719504000,r,1340
719504000,r,1340
719589000,r,1340
719589000,r,1340
719589000,r,1340
719589000,r,1340
719589000,r,1340
719590000,r,1340
719590000,r,1340
719590000,r,1340
719634000,r,1340
719634000,r,1340
719773000,s,124
719805000,s,124
719949000,s,124
720103000,s,124
720322000,s,124
720338000,r,1340
720338000,r,1340
720338000,r,1340
720519000,s,124
720734000,s,124
721602000,r,1340
721602000,r,1340
721602000,r,1340
721602000,r,1340
721602000,r,1340
721602000,r,1340
721602000,r,1340
721603000,r,1340
721671000,r,1340
721671000,r,1340
721671000,r,1340
721672000,r,1340
721672000,r,1340
721672000,r,1340
721672000,r,1340
721672000,r,1340
721711000,r,1340
722125000,r,1340
722125000,r,1340
722125000,r,1340
722125000,r,1340
722125000,r,1340
722126000,r,1340
722255000,r,1340
722255000,r,1340
722256000,r,1340
722256000,r,1340
722256000,r,1340
722256000,r,1340
722875000,r,1340
722875000,r,1340
722875000,r,1340
722875000,r,1340
722875000,r,1340
722875000,r,1340
722875000,r,1340
722876000,r,1340
722935000,r,1340
722970000,s,124
723015000,s,124
723035000,s,124
723047000,s,124
723060000,s,124
723758000,r,1340
723758000,r,1340
723758000,r,1340
723758000,r,1340
723758000,r,1340
723758000,r,1340
723758000,r,1340
723758000,r,1340
723841000,r,1340
723841000,r,1340
723841000,r,1340
723841000,r,1340
725023000,r,1340
725024000,r,1340
725024000,r,1340
725024000,r,1340
725024000,r,1340
725024000,r,1340
725024000,r,1340
725024000,r,1340
725120000,r,1340
725121000,r,1340
725121000,r,1340
725121000,r,1340
725121000,r,1340
725121000,r,1340
725121000,r,1340
725163000,r,1340
725163000,r,1340
725163000,r,1340
725163000,r,1340
725163000,r,1340
725163000,r,1340
725164000,r,1340
725164000,r,1340
725200000,r,1340
725459000,r,1340
725460000,r,1340
725460000,r,1340
725460000,r,1340
725460000,r,1340
725460000,r,1340
725734000,s,124
726283000,s,124
726382000,s,124
726465000,s,124
726812000,s,124
726863000,s,124
727044000,r,1340
727044000,r,1340
727045000,r,1340
727045000,r,1340
727045000,r,1340
727099000,s,124
727045000,r,1340
727045000,r,1340
727045000,r,1340
727130000,r,1340
727130000,r,1340
727130000,r,1340
727130000,r,1340
727131000,r,1340
727131000,r,1340
727131000,r,1340
727458000,s,124
728192000,s,124
728290000,s,124
728772000,r,1340
728772000,r,1340
728772000,r,1340
728772000,r,1340
728772000,r,1340
728773000,r,1340
728773000,r,1340
728773000,r,1340
728917000,r,1340
728917000,r,1340
728918000,r,1340
728918000,r,1340
729542000,s,124
729572000,r,1340
729572000,r,1340
729572000,r,1340
729572000,r,1340
729573000,r,1340
729573000,r,1340
729573000,r,1340
729573000,r,1340
729666000,r,1340
729666000,r,1340
729674000,s,124
729666000,r,1340
729666000,r,1340
729666000,r,1340
729666000,r,1340
729667000,r,1340
729813000,s,124
730161000,s,124
730533000,s,124
730678000,s,124
731010000,r,1340
731010000,r,1340
731010000,r,1340
731010000,r,1340
731010000,r,1340
731011000,r,1340
731011000,r,1340
731011000,r,1340
731098000,r,1340
731098000,r,1340
731098000,r,1340
731098000,r,1340
731113000,s,124
731182000,r,1340
731182000,r,1340
731182000,r,1340
731321000,s,124
731478000,s,124
731492000,r,1340
731492000,r,1340
731492000,r,1340
731798000,s,124
731867000,s,124
732819000,s,124
732873000,s,124
732901000,s,124
732978000,r,1340
732978000,r,1340
732978000,r,1340
732979000,r,1340
732979000,r,1340
732979000,r,1340
733144000,s,124
733168000,s,124
733184000,s,124
733314000,s,124
733497000,s,124
733583000,s,124
733677000,s,124
733754000,s,124
733968000,s,124
734134000,s,124
734294000,s,124
737665000,r,1340
737665000,r,1340
737665000,r,1340
737665000,r,1340
737665000,r,1340
737665000,r,1340
737666000,r,1340
737666000,r,1340
737799000,r,1340
737799000,r,1340
737799000,r,1340
737799000,r,1340
737800000,r,1340
737800000,r,1340
737800000,r,1340
737800000,r,1340
737853000,r,1340
737853000,r,1340
737853000,r,1340
737853000,r,1340
738317000,r,1340
738317000,r,1340
738317000,r,1340
738317000,r,1340
738317000,r,1340
738317000,r,1340
738318000,r,1340
738318000,r,1340
738387000,r,1340
738387000,r,1340
738387000,r,1340
738387000,r,1340
739137000,s,124
739263000,s,124
740072000,s,124
740132000,s,124
740170000,s,124
740205000,s,124
740217000,s,124
740237000,r,1340
740237000,r,1340
740237000,r,1340
740237000,r,1340
740238000,r,1340
740238000,r,1340
740238000,r,1340
740238000,r,332
740454000,s,124
740512000,s,124
740531000,s,124
740548000,s,124
740561000,s,124
740806000,s,124
740950000,s,124
788714000,s,124
1403343000,r,1340
1403343000,r,1340
1403343000,r,1340
1403344000,r,1340
1403344000,r,1340
1403345000,r,1340
1403345000,r,1244
1403346000,r,1340
1404142000,r,1340
1404143000,r,1340
1404143000,r,1340
1404144000,r,1340
1404144000,r,1340
1404145000,r,1340
1404145000,r,1340
1404146000,r,1340
1404301000,r,1340
1404301000,r,1340
1404302000,r,1340
1404302000,r,1340
1404303000,r,492
1404303000,r,1340
1404304000,r,1340
1404304000,r,1340
1404564000,r,1340
1404565000,r,1340
1404565000,r,1340
1404566000,r,1340
1404566000,r,988
1407906000,s,124
1408287000,s,124
1408449000,s,124
1408590000,s,124
1408783000,s,124
1408912000,s,124
1409018000,s,124
1409120000,s,124
1409220000,s,124
1409324000,s,124
1409683000,s,124
1409815000,s,124
1410007000,s,124
1410167000,s,124
1410325000,s,124
1410438000,s,124
1410606000,s,124
1411642000,r,988
1413332000,s,124
1413585000,s,124
5443328000,r,140
5443329000,r,124
5443329000,r,124
5447574000,s,124
5448048000,s,124
11458317000,s,156
11477971000,s,156
11478408000,s,156
11487286000,r,156
11487286000,r,140
11487286000,r,124
11487286000,r,124
11489937000,s,124
11490196000,s,124
11490459000,s,124
11491914000,s,124
11495466000,r,156
11502814000,r,124
17569015000,s,156
17605551000,s,156
17605962000,s,156
17627266000,r,156