0,s,1340
40935000,s,1340
41397000,s,1340
59627000,r,1440
3904462000,s,1340
3944293000,s,1340
3944734000,s,1340
4005107000,s,1340
4009972000,s,1340
4023264000,r,1440
4023264000,r,1440
4025486000,r,1440
4026402000,s,1340
4029416000,r,1440
4029417000,r,1440
4031342000,s,1340
4032852000,s,1340
4033093000,s,1340
4036991000,s,1340
4045690000,r,1440
4045691000,r,1440
4045691000,r,1440
4045691000,r,1440
4046653000,s,1340
4046746000,s,1340
4049528000,s,1340
4051306000,s,1340
4059177000,s,1340
4060609000,r,1440
4061249000,r,1440
4062002000,s,1340
4062813000,s,1340
4062949000,s,1340
4063405000,s,1340
4063564000,s,1340
4063605000,r,1440
4064222000,s,1340
4072730000,r,1440
4073088000,s,1340
4073148000,s,1340
4073170000,s,1340
4074366000,s,1340
4074525000,s,1340
4074608000,s,1340
4074801000,s,1340
4074913000,r,1440
4074944000,s,1340
4075083000,s,1340
4075253000,s,1340
4075393000,s,1340
4075736000,s,1340
4075921000,s,1340
4076078000,s,1340
4076230000,s,1340
4076517000,s,1340
4076626000,s,1340
4076698000,s,1340
4076765000,s,1340
4076832000,s,1340
4077252000,s,1340
4078096000,s,1340
4078155000,s,1340
4078253000,s,1340
4078314000,s,1340
4079647000,s,1340
4079790000,s,1340
4079918000,s,1340
4080037000,s,1340
4080160000,s,1340
4080376000,s,1340
4080549000,s,1340
4080624000,s,1340
4081661000,s,1340
4082028000,s,1340
4082178000,s,1340
4082405000,s,1340
4082938000,s,1340
4082981000,s,1340
4083030000,r,1440
4083030000,r,1440
4083031000,r,1440
4083311000,s,1340
4083825000,s,1340
4083974000,s,1340
4084076000,s,1340
4084172000,s,1340
4084393000,s,1340
4084484000,s,1340
4084585000,s,1340
4084686000,r,1440
4084936000,s,1340
4085100000,s,1340
4085300000,s,1340
4085533000,r,1440
4085533000,r,1440
4085914000,s,1340
4086123000,s,1340
4086215000,s,1340
4090752000,s,1340
4090855000,s,1340
4090929000,s,1340
4092491000,s,1340
4095852000,s,1340
4104478000,s,1340
4106596000,r,1440
4106596000,r,1440
4107049000,r,1440
4108704000,s,1340
4109677000,r,1440
4109865000,r,1440
4110123000,s,1340
4114696000,r,1440
4114987000,s,1340
4115070000,s,1340
4116321000,s,1340
4116771000,r,1440
4116891000,s,1340
4127017000,s,1340
4130689000,r,1440
4130689000,r,1440
4131606000,r,1440
4131770000,s,1340
4133395000,r,1440
4134090000,s,1340
4147517000,r,1440
4147517000,r,1440
4148275000,s,1340
4148847000,s,1340
4159502000,s,1340
4166114000,s,1340
4167188000,s,1340
4181062000,r,1440
4183610000,r,1440
4203620000,r,1440
4203620000,r,1440
4204491000,s,1340
4206721000,s,1340
4213902000,r,1440
4213902000,r,1440
4214585000,s,1340
4223379000,r,1440
4223829000,s,1340
4225910000,r,1440
4560037000,r,1440
4560038000,r,1440
4560038000,r,1440
4560039000,r,1440
4560039000,r,1440
4560040000,r,1440
4560040000,r,1440
4560040000,r,1440
4560580000,r,1440
4560580000,r,1440
4560581000,r,1440
4562990000,s,1340
4563393000,s,1340
4563802000,s,1340
4564078000,s,1340
4565006000,s,1340
4565358000,s,1340
4565424000,r,1440
4566118000,s,1340
4566464000,s,1340
4566674000,s,1340
4566944000,s,1340
4567147000,s,1340
4567441000,s,1340
4575693000,r,1440
4577222000,s,1340
4651672000,s,1340
4653455000,s,1340
4670686000,r,1440
4670687000,r,1440
4672514000,s,1340
4675603000,r,1440
4675603000,r,1440
4675604000,r,1440
4675604000,r,1440
4676432000,s,1340
4677061000,r,1440
4677091000,s,1340
4677260000,s,1340
4677400000,s,1340
4677590000,s,1340
4677897000,s,1340
4678052000,s,1340
4678181000,s,1340
4678280000,s,1340
4678380000,s,1340
4678484000,s,1340
4679341000,s,1340
4679471000,s,1340
4679533000,r,1440
4679533000,r,1440
4679534000,r,1440
4679534000,r,1440
4679534000,r,1440
4679535000,r,1440
4679765000,s,1340
4679535000,r,1440
4679535000,r,1440
4679804000,r,1440
4679933000,s,1340
4680172000,s,1340
4680410000,s,1340
4680628000,s,1340
4680772000,s,1340
4680882000,s,1340
4680993000,s,1340
4681110000,s,1340
4681260000,s,1340
4681363000,s,1340
4681513000,s,1340
4681614000,s,1340
4681749000,s,1340
4681886000,s,1340
4682029000,s,1340
4682159000,s,1340
4682281000,s,1340
4682397000,s,1340
4682620000,s,1340
4682631000,r,1440
4682631000,r,1440
4682631000,r,1440
4682631000,r,1440
4682631000,r,1440
4682777000,s,1340
4683057000,s,1340
4683192000,s,1340
4683328000,s,1340
4683445000,s,1340
4683566000,s,1340
4683764000,s,1340
4683899000,s,1340
4684004000,s,1340
4684118000,s,1340
4684243000,s,1340
4684362000,s,1340
4684484000,s,1340
4684596000,s,1340
4684736000,s,1340
4684854000,s,1340
4684967000,s,1340
4685085000,s,1340
4685202000,s,1340
4685319000,s,1340
4685430000,s,1340
4685539000,s,1340
4685657000,s,1340
4685785000,s,1340
4686061000,s,1340
4686237000,s,1340
4686454000,s,1340
4686620000,s,1340
4686785000,s,1340
4686953000,s,1340
4687118000,s,1340
4687275000,s,1340
4687444000,s,1340
4687672000,s,1340
4687836000,s,1340
4688003000,s,1340
4688226000,s,1340
4688480000,s,1340
4688656000,s,1340
4688875000,s,1340
4688979000,s,1340
4689076000,s,1340
4689147000,s,1340
4689496000,s,1340
4689973000,s,1340
4690088000,s,1340
4690189000,s,1340
4690848000,s,1340
4691777000,s,1340
4692325000,r,1440
4703129000,r,1440
4703129000,r,1440
4703129000,r,1440
4703130000,r,1440
4703130000,r,1440
4703130000,r,1440
4704598000,s,1340
4704754000,s,1340
4704923000,s,1340
4705026000,s,1340
4705092000,s,1340
4705658000,s,1340
4705767000,s,1340
4705862000,s,1340
4705949000,s,1340
4706041000,s,1340
4706131000,s,1340
4715774000,s,1340
4747650000,r,1440
4747651000,r,1440
4747651000,r,1440
4747651000,r,1440
4749446000,s,1340
4749656000,s,1340
4749693000,s,1340
4750076000,s,1340
4750410000,s,1340
4750831000,s,1340
4750922000,s,1340
4751214000,s,1340
4751473000,s,1340
4751753000,s,1340
4751963000,s,1340
4752166000,s,1340
4752360000,s,1340
4752548000,s,1340
4752759000,s,1340
4752935000,s,1340
4753139000,s,1340
4753340000,s,1340
4753545000,s,1340
4753907000,s,1340
4754067000,s,1340
4754135000,s,1340
4754238000,s,1340
4754298000,s,1340
4754629000,s,1340
4754853000,s,1340
4755317000,s,1340
4755531000,s,1340
4755811000,s,1340
4756003000,s,1340
4756182000,s,1340
4756368000,s,1340
4756696000,s,1340
4757038000,s,1340
4757143000,s,1340
4757213000,s,1340
4757519000,s,1340
4757703000,s,1340
4757870000,s,1340
4758075000,s,1340
4758712000,s,1340
4758906000,s,1340
4759112000,s,1340
4759447000,s,1340
4759744000,s,1340
4760136000,s,1340
4760688000,s,1340
4760871000,s,1340
4761034000,s,1340
4761338000,s,1340
4761527000,s,1340
4761676000,s,1340
4761866000,s,1340
4762073000,s,1340
4762294000,s,1340
4762641000,s,1340
4762997000,s,1340
4763434000,s,1340
4764061000,s,1340
4764293000,s,1340
4764681000,s,1340
4765032000,s,1340
4765239000,s,1340
4765432000,s,1340
4765627000,s,1340
4766143000,s,1340
4766801000,s,1340
4767021000,s,1340
4767183000,s,1340
4767303000,s,1340
4767432000,s,1340
4767629000,s,1340
4767776000,s,1340
4767893000,s,1340
4768005000,s,1340
4768118000,s,1340
4768235000,s,1340
4768524000,s,1340
4768651000,s,1340
4768773000,s,1340
4769089000,s,1340
4769221000,s,1340
4769563000,s,1340
4769637000,s,1340
4769861000,s,1340
4770206000,s,1340
4770357000,s,1340
4770503000,s,1340
4770730000,s,1340
4770950000,s,1340
4771237000,s,1340
4771429000,s,1340
4771855000,s,1340
4771989000,s,1340
4772118000,s,1340
4772375000,s,1340
4772499000,s,1340
4772726000,s,1340
4772862000,s,1340
4773123000,s,1340
4773288000,s,1340
4773596000,s,1340
4773924000,s,1340
4774080000,s,1340
4774368000,s,1340
4774416000,s,1340
4774849000,s,1340
4775012000,s,1340
4775298000,s,1340
4775435000,s,1340
4775869000,s,1340
4775980000,s,1340
4776137000,s,1340
4776271000,s,1340
4786185000,s,1340
4800863000,r,1440
4800863000,r,1440
4800863000,r,1440
4800863000,r,1440
4800863000,r,1440
4800864000,r,1440
4800864000,r,1440
4800864000,r,1440
4801016000,r,1440
4801016000,r,1440
4801016000,r,1440
4801016000,r,1440
4801016000,r,1440
4801016000,r,1440
4801016000,r,1440
4801017000,r,1440
4801051000,r,1440
4801051000,r,1440
4801051000,r,1440
4801051000,r,1440
4801052000,r,1440
4801052000,r,1440
4801052000,r,1440
4801052000,r,1440
4801651000,s,1340
4801744000,s,1340
4801985000,s,1340
4802080000,s,1340
4802329000,s,1340
4802390000,s,1340
4802427000,s,1340
4802453000,s,1340
4802476000,s,1340
4802530000,s,1340
4802993000,s,1340
4803327000,s,1340
4803511000,s,1340
4803541000,s,1340
4803798000,s,1340
4803820000,s,1340
4803834000,s,1340
4809629000,s,1340
4814133000,s,1340
4833161000,s,1340
4833570000,s,1340
4838821000,r,1440
4850905000,s,1340
4851555000,s,1340
4851742000,s,1340
4851947000,s,1340
4857689000,r,1440
4857689000,r,1440
4857689000,r,1440
4857689000,r,1440
4857689000,r,1440
4857689000,r,1440
4857689000,r,1440
4857689000,r,1440
4857863000,r,1440
4857863000,r,1440
4857863000,r,1440
4857864000,r,1440
4857864000,r,1440
4857864000,r,1440
4857864000,r,1440
4857864000,r,1440
4857897000,r,1440
4857897000,r,1440
4857897000,r,1440
4857897000,r,1440
4857897000,r,1440
4857897000,r,1440
4857897000,r,1440
4857897000,r,1440
4857930000,r,1440
4857930000,r,1440
4857931000,r,1440
4857931000,r,1440
4857931000,r,1440
4857931000,r,1440
4857931000,r,1440
4857931000,r,1440
4857962000,r,1440
4858131000,r,1440
4858131000,r,1440
4858131000,r,1440
4858131000,r,1440
4858131000,r,1440
4858132000,r,1440
4858538000,s,1340
4858793000,s,1340
4858827000,s,1340
4858843000,s,1340
4858854000,s,1340
4858864000,s,1340
4858872000,s,1340
4859007000,s,1340
4859041000,s,1340
4859054000,s,1340
4859065000,s,1340
4859073000,s,1340
4859081000,s,1340
4859092000,s,1340
4859099000,s,1340
4859106000,s,1340
4859115000,s,1340
4859122000,s,1340
4859132000,s,1340
4859139000,s,1340
4859146000,s,1340
4859153000,s,1340
4859162000,s,1340
4859169000,s,1340
4859176000,s,1340
4859183000,s,1340
4859194000,s,1340
4859201000,s,1340
4859210000,s,1340
4859217000,s,1340
4859225000,s,1340
4859234000,s,1340
4859820000,s,1340
4859946000,s,1340
4860025000,s,1340
4860131000,s,1340
4860250000,s,1340
4860356000,s,1340
4860455000,s,1340
4860553000,s,1340
4861855000,s,1340
4862175000,s,1340
4862291000,s,1340
4862406000,s,1340
4862511000,s,1340
4862601000,s,1340
4862671000,s,1340
4862739000,s,1340
4862840000,s,1340
4862978000,s,1340
4863252000,s,1340
4863458000,s,1340
4863519000,s,1340
4863562000,s,1340
4864026000,s,1340
4864303000,s,1340
4864505000,s,1340
4864737000,s,1340
4864833000,s,1340
4864881000,s,1340
4865150000,s,1340
4865329000,s,1340
4865459000,s,1340
4866494000,s,1340
4866748000,s,1340
4866873000,s,1340
4866979000,s,1340
4867254000,s,1340
4867412000,s,1340
4867462000,s,1340
4867527000,s,1340
4867567000,s,1340
4867630000,s,1340
4868225000,s,1340
4868329000,s,1340
4868532000,s,1340
4868873000,s,1340
4869045000,s,1340
4869247000,s,1340
4870673000,s,1340
4870777000,s,1340
4870834000,s,1340
4871121000,s,1340
4871901000,s,1340
4872544000,s,1340
4872817000,s,1340
4873017000,s,1340
4873176000,s,1340
4873279000,s,1340
4873366000,s,1340
4873448000,s,1340
4873508000,s,1340
4873564000,s,1340
4873644000,s,1340
4873723000,s,1340
4874421000,r,1440
4874421000,r,1440
4874421000,r,1440
4874936000,s,1340
4875054000,s,1340
4875141000,s,1340
4875226000,s,1340
4875308000,s,1340
4875369000,s,1340
4875726000,s,1340
4875797000,s,1340
4875859000,s,1340
4875915000,s,1340
4876085000,s,1340
4876211000,s,1340
4876267000,s,1340
4876547000,s,1340
4877842000,s,1340
4878546000,s,1340
4878677000,s,1340
4878890000,s,1340
4879011000,s,1340
4879119000,s,1340
4879226000,s,1340
4879401000,s,1340
4880554000,s,1340
4880692000,s,1340
4880749000,s,1340
4880796000,s,1340
4881140000,s,1340
4881226000,s,1340
4881465000,s,1340
4881598000,s,1340
4882175000,s,1340
4882260000,s,1340
4882879000,s,1340
4884201000,s,1340
4884462000,s,1340
4884505000,s,1340
4884598000,s,1340
4884701000,s,1340
4884785000,s,1340
4884845000,s,1340
4885372000,s,1340
4885512000,s,1340
4885538000,s,1340
4885622000,s,1340
4886970000,s,1340
4887025000,s,1340
4887151000,s,1340
4887348000,s,1340
4887555000,s,1340
4887646000,s,1340
4887739000,s,1340
4887796000,s,1340
4887845000,s,1340
4887991000,s,1340
4888091000,s,1340
4888394000,s,1340
4888888000,s,1340
4888988000,s,1340
4889190000,s,1340
4889334000,s,1340
4889437000,r,1440
4889497000,s,1340
4889437000,r,1440
4889551000,s,1340
4890507000,s,1340
4890724000,s,1340
4890770000,s,1340
4890904000,s,1340
4891076000,s,1340
4891839000,s,1340
4892773000,s,1340
4892908000,s,1340
4893236000,s,1340
4893437000,s,1340
4893527000,s,1340
4894207000,s,1340
4894365000,s,1340
4894586000,s,1340
4894730000,s,1340
4894807000,s,1340
4894969000,s,1340
4895052000,s,1340
4895112000,s,1340
4895280000,s,1340
4898959000,r,1440
4898959000,r,1440
4898959000,r,1440
4898959000,r,1440
4898959000,r,1440
4898959000,r,1440
4898960000,r,1440
4898960000,r,1440
4899065000,r,1440
4899065000,r,1440
4899065000,r,1440
4899065000,r,1440
4899066000,r,1440
4899066000,r,1440
4899066000,r,1440
4899066000,r,1440
4899100000,r,1440
4899100000,r,1440
4899344000,s,1340
4899407000,s,1340
4899476000,s,1340
4899504000,s,1340
4899516000,s,1340
4899526000,s,1340
4899536000,s,1340
4899545000,s,1340
4899605000,s,1340
4899684000,s,1340
4899701000,s,1340
4899711000,s,1340
4899721000,s,1340
4899735000,s,1340
4899744000,s,1340
4899752000,s,1340
4899760000,s,1340
4899768000,s,1340
4899779000,s,1340
4899787000,s,1340
4899796000,s,1340
4899804000,s,1340
4899814000,s,1340
4899822000,s,1340
4899974000,s,1340
4900029000,s,1340
4900113000,r,1440
4900149000,s,1340
4900114000,r,1440
4900114000,r,1440
4900114000,r,1440
4900114000,r,1440
4900114000,r,1440
4900114000,r,1440
4900114000,r,1440
4900204000,r,1440
4900436000,s,1340
4900482000,s,1340
4900516000,s,1340
4900833000,r,1440
4900833000,r,1440
4900833000,r,1440
4900867000,s,1340
4900833000,r,1440
4900833000,r,1440
4900833000,r,1440
4900959000,s,1340
4901045000,s,1340
4901114000,s,1340
4901183000,s,1340
4901253000,s,1340
4901325000,s,1340
4901385000,s,1340
4901443000,s,1340
4901505000,s,1340
4901563000,s,1340
4901626000,s,1340
4901686000,s,1340
4901748000,s,1340
4901803000,s,1340
4901860000,s,1340
4901913000,s,1340
4909761000,r,1440
4909761000,r,1440
4909762000,r,1440
4910701000,s,1340
4911007000,s,1340
4911070000,s,1340
4911153000,s,1340
4911210000,s,1340
4914135000,r,1440
4914135000,r,1440
4914135000,r,1440
4914135000,r,1440
4914653000,s,1340
4914803000,s,1340
4914862000,s,1340
4914882000,s,1340
4914891000,s,1340
4915556000,r,1440
4915556000,r,1440
4915556000,r,1440
4915556000,r,1440
4915556000,r,1440
4915556000,r,1440
4915556000,r,1440
4915557000,r,1440
4915660000,r,1440
4916146000,s,1340
4916369000,s,1340
4916433000,s,1340
4916599000,s,1340
4916691000,s,1340
4916755000,s,1340
4916893000,s,1340
4917353000,s,1340
4917441000,s,1340
4917508000,s,1340
4917578000,s,1340
4917645000,s,1340
4917710000,s,1340
4917894000,s,1340
4918522000,s,1340
4918638000,s,1340
4918688000,s,1340
4918840000,s,1340
4918852000,r,1440
4918852000,r,1440
4918852000,r,1440
4918852000,r,1440
4918852000,r,1440
4918852000,r,1440
4918853000,r,1440
4918853000,r,1440
4918924000,r,1440
4918924000,r,1440
4918924000,r,1440
4918924000,r,1440
4918924000,r,1440
4918924000,r,1440
4918924000,r,1440
4919052000,s,1340
4919139000,s,1340
4919296000,s,1340
4919351000,s,1340
4920707000,s,1340
4920799000,s,1340
4920861000,s,1340
4921209000,s,1340
4921252000,s,1340
4921380000,s,1340
4921406000,s,1340
4921526000,r,1440
4921527000,r,1440
4921527000,r,1440
4921527000,r,1440
4921527000,r,1440
4921681000,s,1340
4921715000,s,1340
4921734000,s,1340
4921750000,s,1340
4921765000,s,1340
4921780000,s,1340
4921795000,s,1340
4921843000,s,1340
4922047000,s,1340
4922060000,s,1340
4922069000,s,1340
4922076000,s,1340
4922084000,s,1340
4922092000,s,1340
4922099000,s,1340
4922106000,s,1340
4922114000,s,1340
4922122000,s,1340
4922130000,s,1340
4922137000,s,1340
4923231000,s,1340
4923290000,s,1340
4923472000,s,1340
4923780000,s,1340
4924041000,r,1440
4924052000,s,1340
4924041000,r,1440
4925355000,r,1440
4925691000,s,1340
4925827000,s,1340
4926001000,s,1340
4926067000,s,1340
4926178000,s,1340
4926286000,s,1340
4926392000,s,1340
4926468000,s,1340
4926528000,s,1340
4926608000,s,1340
4926800000,s,1340
4926856000,s,1340
4927097000,s,1340
4927348000,s,1340
4927435000,s,1340
4927852000,s,1340
4928656000,s,1340
4928674000,r,1440
4928833000,s,1340
4928866000,s,1340
4928960000,s,1340
4929192000,s,1340
4929435000,s,1340
4929513000,r,1440
4929522000,s,1340
4929513000,r,1440
4929514000,r,1440
4929514000,r,1440
4929665000,s,1340
4929696000,s,1340
4929777000,s,1340
4929859000,s,1340
4929885000,s,1340
4929896000,s,1340
4929964000,s,1340
4930707000,s,1340
4930753000,s,1340
4931215000,s,1340
4931267000,s,1340
4931381000,s,1340
4931598000,r,1440
4931599000,r,1440
4931599000,r,1440
4931599000,r,1440
4931599000,r,1440
4931971000,s,1340
4931992000,s,1340
4932165000,s,1340
4932197000,s,1340
4932283000,s,1340
4932309000,s,1340
4932437000,s,1340
4932541000,s,1340
4932558000,s,1340
4932570000,s,1340
4932581000,s,1340
4932719000,s,1340
4932841000,r,1440
4932841000,r,1440
4932841000,r,1440
4932878000,s,1340
4932971000,s,1340
4933123000,s,1340
4933228000,s,1340
4933311000,s,1340
4933394000,s,1340
4933476000,s,1340
4933539000,s,1340
4933622000,s,1340
4933987000,s,1340
4934063000,s,1340
4934135000,s,1340
4934225000,r,1440
4934241000,s,1340
4934225000,r,1440
4934225000,r,1440
4934226000,r,1440
4934226000,r,1440
4934321000,s,1340
4934425000,s,1340
4934520000,s,1340
4934540000,s,1340
4934553000,s,1340
4934565000,s,1340
4934574000,s,1340
4934583000,s,1340
4934595000,s,1340
4934604000,s,1340
4934649000,s,1340
4934732000,s,1340
4935346000,s,1340
4935466000,s,1340
4935564000,s,1340
4935669000,s,1340
4936347000,s,1340
4936518000,s,1340
4936604000,s,1340
4937159000,s,1340
4937226000,s,1340
4938208000,r,1440
4938551000,s,1340
4938581000,s,1340
4938645000,s,1340
4938675000,s,1340
4938915000,s,1340
4939362000,r,1440
4939362000,r,1440
4939362000,r,1440
4940175000,s,1340
4940277000,s,1340
4940427000,s,1340
4940478000,r,1440
4940478000,r,1440
4940478000,r,1440
4940478000,r,1440
4940478000,r,1440
4940479000,r,1440
4940479000,r,1440
4940479000,r,1440
4940563000,r,1440
4940566000,s,1340
4940697000,s,1340
4940816000,s,1340
4941056000,s,1340
4941172000,s,1340
4941309000,s,1340
4941429000,s,1340
4941551000,s,1340
4941669000,s,1340
4941679000,r,1440
4941679000,r,1440
4941679000,r,1440
4941679000,r,1440
4941680000,r,1440
4941680000,r,1440
4941680000,r,1440
4941680000,r,1440
4941754000,r,1440
4941793000,s,1340
4941914000,s,1340
4942017000,s,1340
4942142000,s,1340
4942263000,s,1340
4942397000,s,1340
4942520000,s,1340
4942639000,s,1340
4942741000,s,1340
4942875000,s,1340
4943000000,s,1340
4943115000,s,1340
4943229000,s,1340
4943349000,s,1340
4943466000,s,1340
4943617000,s,1340
4943739000,s,1340
4943866000,s,1340
4943980000,s,1340
4944068000,s,1340
4944154000,s,1340
4944227000,s,1340
4944306000,s,1340
4944387000,s,1340
4944459000,s,1340
4944548000,s,1340
4944625000,s,1340
4944700000,s,1340
4944772000,s,1340
4944850000,s,1340
4944931000,s,1340
4945008000,s,1340
4945080000,s,1340
4945132000,s,1340
4945208000,s,1340
4945280000,s,1340
4945349000,s,1340
4945415000,s,1340
4945493000,s,1340
4945567000,s,1340
4945638000,s,1340
4945708000,s,1340
4945774000,s,1340
4945848000,s,1340
4946079000,r,1440
4946079000,r,1440
4946079000,r,1440
4946562000,s,1340
4946645000,s,1340
4946713000,s,1340
4949496000,r,1440
4949496000,r,1440
4949496000,r,1440
4949496000,r,1440
4949496000,r,1440
4949496000,r,1440
4949496000,r,1440
4949496000,r,1440
4949564000,r,1440
4949940000,s,1340
4950049000,s,1340
4950146000,s,1340
4950340000,s,1340
4950449000,s,1340
4950530000,s,1340
4950614000,s,1340
4950639000,s,1340
4950651000,s,1340
4951588000,r,1440
4951589000,r,1440
4951589000,r,1440
4951589000,r,1440
4951589000,r,1440
4951589000,r,1440
4951589000,r,1440
4952010000,s,1340
4952212000,s,1340
4952234000,s,1340
4952882000,s,1340
4953099000,s,1340
4953182000,s,1340
4953231000,s,1340
4954429000,r,1440
4956798000,r,1440
4956798000,r,1440
4957064000,s,1340
4962483000,s,1340
4967645000,r,1440
4968847000,r,1440
4969095000,s,1340
4988137000,s,1340
5052179000,s,1340
5376508000,r,1440
5376509000,r,1440
5376509000,r,1440
5376509000,r,1440
5376510000,r,1440
5376510000,r,1440
5376510000,r,1440
5376511000,r,1440
5376965000,r,1440
5376965000,r,1440
5376965000,r,1440
5376966000,r,1440
5376966000,r,1440
5376966000,r,1440
5376967000,r,1440
5378447000,s,1340
5378600000,s,1340
5378665000,s,1340
5378698000,s,1340
5378726000,s,1340
5378752000,s,1340
5378863000,s,1340
5378898000,s,1340
5379193000,s,1340
5379909000,r,1440
5379972000,s,1340
5379909000,r,1440
5379909000,r,1440
5379909000,r,1440
5379910000,r,1440
5379910000,r,1440
5379910000,r,1440
5380380000,s,1340
5380578000,s,1340
5380772000,s,1340
5380953000,s,1340
5381131000,s,1340
5381300000,s,1340
5381471000,s,1340
5381624000,s,1340
5381813000,s,1340
5381980000,s,1340
5382131000,s,1340
5382289000,s,1340
5382457000,s,1340
5382625000,s,1340
5390128000,s,1340
5579732000,r,1440
7322128000,r,1440
7322128000,r,1440
7322129000,r,1440
7322129000,r,1440
7322129000,r,1440
7322129000,r,1440
7322129000,r,1440
7322130000,r,1440
7322444000,r,1440
7322444000,r,1440
7325132000,s,1340
7325458000,s,1340
7326021000,s,1340
7326399000,s,1340
7327080000,s,1340
7328190000,s,1340
7328440000,s,1340
7328655000,s,1340
7328869000,s,1340
7329059000,s,1340
7329274000,s,1340
7329420000,s,1340
7329556000,s,1340
7329695000,s,1340
7329838000,s,1340
7330150000,s,1340
7330302000,s,1340
7330437000,s,1340
7330631000,s,1340
7330805000,s,1340
7330986000,s,1340
7331124000,s,1340
7331290000,s,1340
7331467000,s,1340
7331793000,s,1340
7331977000,s,1340
7332160000,s,1340
7332332000,s,1340
7332519000,s,1340
7332698000,s,1340
7332880000,s,1340
7333139000,s,1340
7333342000,s,1340
7333535000,s,1340
7333703000,s,1340
7333887000,s,1340
7334086000,s,1340
7334279000,s,1340
7334470000,s,1340
7334687000,s,1340
7334889000,s,1340
7335099000,s,1340
7335289000,s,1340
7335480000,s,1340
7335751000,s,1340
7335962000,s,1340
7336156000,s,1340
7336367000,s,1340
7336565000,s,1340
7336769000,s,1340
7336960000,s,1340
7337160000,s,1340
7337349000,s,1340
7337548000,s,1340
7338055000,s,1340
7338253000,s,1340
7338456000,s,1340
7338668000,s,1340
7338869000,s,1340
7339055000,s,1340
7339247000,s,1340
7339437000,s,1340
7339716000,r,1440
7340021000,s,1340
7340264000,s,1340
7340566000,s,1340
7340826000,s,1340
7341060000,s,1340
7341615000,r,1440
7341616000,r,1440
7341616000,r,1440
7341617000,r,1440
7341617000,r,1440
7341618000,r,1440
7341618000,r,1440
7341619000,r,1440
7341870000,r,1440
7341870000,r,1440
7341870000,r,1440
7341871000,r,1440
7341871000,r,1440
7341872000,r,1440
7341872000,r,1440
7341873000,r,1440
7345137000,r,1440
7345138000,r,1440
7345138000,r,1440
7345139000,r,1440
7345139000,r,1440
7345140000,r,1440
7345140000,r,1440
7345141000,r,1440
7345339000,r,1440
7345340000,r,1440
7346784000,r,1440
7347874000,s,1340
7348106000,s,1340
7348301000,s,1340
7348482000,s,1340
7348660000,s,1340
7348844000,s,1340
7349019000,s,1340
7349037000,r,1440
7349210000,s,1340
7349401000,s,1340
7349582000,s,1340
7349752000,s,1340
7349958000,s,1340
7350146000,s,1340
7350326000,s,1340
7350511000,s,1340
7350690000,s,1340
7350869000,s,1340
7351047000,s,1340
7351237000,s,1340
7351359000,r,1440
7351418000,s,1340
7351672000,s,1340
7351883000,s,1340
7352092000,s,1340
7352294000,s,1340
7354208000,r,1440
7354208000,r,1440
7354208000,r,1440
7354305000,r,1440
7356384000,s,1340
7356626000,s,1340
7356988000,s,1340
7357185000,s,1340
7357376000,s,1340
7357585000,s,1340
7357799000,s,1340
7357988000,s,1340
7358186000,s,1340
7358372000,s,1340
7358560000,s,1340
7358776000,s,1340
7358985000,s,1340
7359197000,s,1340
7359376000,s,1340
7359555000,s,1340
7359885000,s,1340
7360085000,s,1340
7360285000,s,1340
7360485000,s,1340
7360674000,s,1340
7360861000,s,1340
7361077000,s,1340
7361249000,s,1340
7361266000,r,1440
7361266000,r,1440
7361267000,r,1440
7361451000,s,1340
7361267000,r,1440
7361268000,r,1440
7361641000,s,1340
7361823000,s,1340
7362059000,s,1340
7362287000,s,1340
7362636000,r,1440
7362650000,s,1340
7362636000,r,1440
7362637000,r,1440
7362637000,r,1440
7362888000,s,1340
7363111000,s,1340
7363309000,s,1340
7363495000,s,1340
7363782000,s,1340
7364000000,s,1340
7364245000,s,1340
7364451000,s,1340
7364639000,s,1340
7364832000,s,1340
7364973000,s,1340
7365112000,s,1340
7365253000,s,1340
7365442000,s,1340
7365578000,s,1340
7365767000,s,1340
7365958000,s,1340
7366153000,s,1340
7366252000,r,1440
7366252000,r,1440
7366252000,r,1440
7366357000,s,1340
7366253000,r,1440
7366253000,r,1440
7366253000,r,1440
7366253000,r,1440
7366254000,r,1440
7366446000,r,1440
7366541000,s,1340
7366720000,s,1340
7367885000,r,1440
7367885000,r,1440
7367885000,r,1440
7367885000,r,1440
7367886000,r,1440
7367886000,r,1440
7367886000,r,1440
7367886000,r,1440
7368030000,r,1440
7368115000,s,1340
7368457000,s,1340
7368889000,s,1340
7369152000,s,1340
7369408000,s,1340
7369578000,s,1340
7369690000,s,1340
7369825000,s,1340
7369943000,s,1340
7370116000,s,1340
7370254000,r,1440
7370270000,s,1340
7370381000,s,1340
7370533000,s,1340
7370714000,s,1340
7370854000,s,1340
7370991000,s,1340
7371133000,s,1340
7371266000,s,1340
7371416000,s,1340
7371627000,s,1340
7371752000,s,1340
7373016000,r,1440
7373016000,r,1440
7373016000,r,1440
7373016000,r,1440
7373973000,s,1340
7374161000,s,1340
7374312000,s,1340
7374411000,s,1340
7374569000,s,1340
7374723000,s,1340
7374892000,s,1340
7375060000,s,1340
7375211000,s,1340
7375418000,s,1340
7375642000,r,1440
7375674000,s,1340
7375643000,r,1440
7375643000,r,1440
7375644000,r,1440
7375644000,r,1440
7375846000,s,1340
7376017000,s,1340
7376374000,s,1340
7376545000,s,1340
7376775000,s,1340
7376966000,s,1340
7377124000,s,1340
7377267000,s,1340
7377412000,s,1340
7377562000,s,1340
7377721000,s,1340
7377885000,s,1340
7378064000,s,1340
7378214000,s,1340
7378369000,s,1340
7378647000,s,1340
7378803000,s,1340
7378950000,s,1340
7379117000,s,1340
7379276000,s,1340
7379415000,s,1340
7379550000,s,1340
7379694000,r,1440
7379771000,s,1340
7379935000,s,1340
7380085000,s,1340
7380245000,s,1340
7383622000,r,1440
7383623000,r,1440
7383623000,r,1440
7383624000,r,1440
7383624000,r,1440
7384853000,s,1340
7385295000,s,1340
7385519000,s,1340
7385703000,s,1340
7385883000,s,1340
7385992000,r,1440
7386082000,s,1340
7388594000,r,1440
7388594000,r,1440
7389504000,s,1340
7390518000,r,1440
7393805000,r,1440
7393805000,r,1440
7394843000,s,1340
7395038000,s,1340
7395484000,s,1340
7395603000,r,1440
10031740000,r,1440
10031741000,r,1440
10036467000,s,1340
10036900000,s,1340
10037113000,s,1340
10037394000,s,1340
10037590000,s,1340
10037780000,s,1340
10037975000,s,1340
10038156000,s,1340
10038363000,s,1340
10038541000,s,1340
10038724000,s,1340
10038920000,s,1340
10039106000,s,1340
10039290000,s,1340
10039567000,s,1340
10040082000,s,1340
10040242000,s,1340
10040382000,s,1340
10040652000,s,1340
10040973000,s,1340
10041558000,s,1340
10042113000,s,1340
10042411000,s,1340
10042707000,s,1340
10043005000,s,1340
10043222000,s,1340
10043496000,s,1340
10043831000,s,1340
10044103000,s,1340
10044329000,s,1340
10044533000,s,1340
10044781000,s,1340
10045046000,s,1340
10045247000,s,1340
10045451000,s,1340
10045699000,s,1340
10045957000,s,1340
10046245000,s,1340
10046499000,s,1340
10046747000,s,1340
10046998000,s,1340
10047279000,s,1340
10047558000,s,1340
10047917000,s,1340
10048182000,s,1340
10048455000,s,1340
10048736000,s,1340
10049006000,s,1340
10049267000,s,1340
10049548000,s,1340
10049807000,s,1340
10050077000,s,1340
10050350000,s,1340
10050617000,s,1340
10050855000,s,1340
10051112000,s,1340
10051357000,s,1340
10051735000,s,1340
10051993000,s,1340
10052250000,s,1340
10052502000,s,1340
10052737000,s,1340
10052955000,s,1340
10053185000,s,1340
10053424000,s,1340
10053685000,s,1340
10053958000,s,1340
10054511000,s,1340
10054777000,s,1340
10055011000,s,1340
10055242000,s,1340
10055462000,s,1340
10055989000,r,1440
10056000000,s,1340
10056276000,s,1340
10056506000,s,1340
10057010000,s,1340
10061642000,s,1340
10064030000,r,1440
10079721000,r,1440
10079721000,r,1440
10080982000,s,1340
13260416000,s,1340
13299339000,s,1340
13299864000,s,1340
14947383000,r,1440
14950573000,s,1340
15956326000,s,1340
15996924000,s,1340
15997406000,s,1340
17359738000,r,1440
17359738000,r,1440
17359739000,r,1440
17359739000,r,1440
17359740000,r,1440
17364692000,s,1340
17365233000,s,1340
17365548000,s,1340
17365753000,s,1340
17366019000,s,1340
17366294000,s,1340
17366480000,s,1340
17366661000,s,1340
17366918000,s,1340
17367181000,s,1340
17367378000,s,1340
17367563000,s,1340
17367960000,s,1340
17368225000,s,1340
17368413000,s,1340
17368591000,s,1340
17368850000,s,1340
17369052000,s,1340
17369247000,s,1340
17369516000,s,1340
17369713000,s,1340
17369915000,s,1340
17370171000,s,1340
17370446000,s,1340
17370651000,s,1340
17370861000,s,1340
17371104000,s,1340
17371385000,s,1340
17371759000,s,1340
17372040000,s,1340
17372284000,s,1340
17372565000,s,1340
17372842000,s,1340
17373104000,s,1340
17373376000,s,1340
17373644000,s,1340
17373919000,s,1340
17374176000,s,1340
17374439000,s,1340
17374711000,s,1340
17374989000,s,1340
17375247000,s,1340
17375500000,s,1340
17375650000,r,1440
17375650000,r,1440
17375849000,s,1340
17376103000,s,1340
17376352000,s,1340
17376631000,s,1340
17376934000,s,1340
17377133000,r,1440
17377198000,s,1340
17377472000,s,1340
17377770000,s,1340
17378035000,s,1340
17378253000,r,1440
17378288000,s,1340
17378560000,s,1340
17378862000,s,1340
17379121000,s,1340
17379360000,s,1340
17379691000,s,1340
17380505000,s,1340
17380759000,s,1340
17381030000,s,1340
17381296000,s,1340
17381539000,s,1340
17381766000,s,1340
17382028000,s,1340
17382281000,s,1340
17382530000,s,1340
17382788000,s,1340
17383057000,s,1340
17383146000,r,1440
17383146000,r,1440
17383338000,s,1340
17383147000,r,1440
17383675000,s,1340
17383938000,s,1340
17384208000,s,1340
17384471000,s,1340
17384733000,s,1340
17384886000,r,1440
17384886000,r,1440
17385960000,s,1340
17386264000,r,1440
17386489000,s,1340
17386785000,s,1340
17386941000,r,1440
17388144000,s,1340
17388784000,s,1340
17389346000,r,1440
17389347000,r,1440
17390777000,s,1340
17390861000,r,1440
17391349000,r,1440
17392559000,s,1340
20223814000,r,1440
22136152000,r,1440
24278254000,s,1340
24317771000,s,1340
24318200000,s,1340