0,s,1340
12981000,r,1440
12981000,r,1440
1894276000,s,1340
1935865000,s,1340
1936293000,s,1340
1936413000,s,1340
1962999000,r,1440
1965811000,s,1340
1968473000,s,1340
1968650000,s,1340
1973931000,s,1340
1974041000,s,1340
1979631000,r,1440
1980851000,r,1440
1981569000,s,1340
1984208000,s,1340
1985453000,s,1340
1988643000,s,1340
1992072000,s,1340
1995106000,r,1440
1996849000,r,1440
1997445000,s,1340
1997774000,s,1340
2006305000,s,1340
2009807000,r,1440
2024880000,r,1440
2026950000,r,1440
2027818000,s,1340
2029655000,s,1340
2032284000,r,1440
2033999000,r,1440
2034536000,r,1440
2034537000,r,1440
2035462000,s,1340
2038431000,s,1340
2038615000,r,1440
2038812000,s,1340
2038903000,s,1340
2040173000,s,1340
2040476000,s,1340
2040608000,s,1340
2040732000,s,1340
2040900000,s,1340
2041108000,s,1340
2041151000,s,1340
2041303000,s,1340
2041927000,s,1340
2042109000,s,1340
2042252000,s,1340
2042655000,s,1340
2043387000,s,1340
2043837000,s,1340
2043965000,s,1340
2044044000,s,1340
2045260000,s,1340
2045416000,s,1340
2045547000,s,1340
2045668000,s,1340
2046001000,s,1340
2046052000,s,1340
2046135000,s,1340
2046208000,s,1340
2046382000,s,1340
2046567000,s,1340
2046785000,s,1340
2046953000,s,1340
2047111000,s,1340
2047343000,s,1340
2047508000,s,1340
2047618000,s,1340
2047817000,s,1340
2047848000,s,1340
2048610000,s,1340
2049002000,s,1340
2049141000,s,1340
2049355000,s,1340
2049565000,s,1340
2049695000,s,1340
2049789000,s,1340
2050827000,s,1340
2050914000,s,1340
2050957000,s,1340
2051820000,s,1340
2051862000,s,1340
2052112000,s,1340
2052206000,s,1340
2052295000,s,1340
2052366000,s,1340
2052453000,s,1340
2052543000,s,1340
2052678000,r,1440
2053119000,s,1340
2053293000,s,1340
2053479000,s,1340
2053788000,s,1340
2053951000,s,1340
2054090000,s,1340
2054295000,s,1340
2054443000,s,1340
2054545000,s,1340
2054670000,s,1340
2054951000,s,1340
2055346000,s,1340
2055497000,s,1340
2055652000,s,1340
2055860000,s,1340
2056226000,s,1340
2056316000,s,1340
2056360000,s,1340
2056486000,s,1340
2056708000,s,1340
2056984000,s,1340
2057138000,s,1340
2057189000,s,1340
2057475000,s,1340
2057616000,s,1340
2057743000,s,1340
2058062000,s,1340
2058214000,s,1340
2058377000,s,1340
2058873000,s,1340
2058956000,s,1340
2058995000,s,1340
2059218000,s,1340
2059390000,s,1340
2059557000,s,1340
2059732000,s,1340
2059926000,s,1340
2060239000,s,1340
2060399000,s,1340
2060736000,s,1340
2061029000,s,1340
2061216000,s,1340
2061390000,s,1340
2061704000,s,1340
2061820000,s,1340
2064274000,r,1440
2064274000,r,1440
2067290000,r,1440
2068182000,r,1440
2068302000,s,1340
2072870000,r,1440
2072870000,r,1440
2073579000,s,1340
2073949000,s,1340
2076589000,r,1440
2076590000,r,1440
2082707000,s,1340
2082943000,s,1340
2084001000,s,1340
2086327000,s,1340
2086638000,r,1440
2086639000,r,1440
2086639000,r,1440
2086639000,r,1440
2086640000,r,1440
2086640000,r,1440
2086641000,r,1440
2086641000,r,1440
2086881000,r,1440
2086881000,r,1440
2086882000,r,1440
2086882000,r,1440
2087341000,s,1340
2088464000,s,1340
2088942000,s,1340
2089140000,s,1340
2089506000,s,1340
2089724000,s,1340
2089906000,s,1340
2090131000,s,1340
2095256000,r,1440
2100406000,s,1340
2110265000,r,1440
2110265000,r,1440
2111211000,s,1340
2111333000,s,1340
2111671000,s,1340
2116317000,s,1340
2121614000,s,1340
2125693000,r,1440
2125693000,r,1440
2125913000,r,1440
2126244000,s,1340
2127291000,s,1340
2127466000,r,1440
2127466000,r,1440
2128117000,s,1340
2129349000,r,1440
2131004000,s,1340
2131067000,s,1340
2134992000,r,1440
2134992000,r,1440
2134992000,r,1440
2135861000,s,1340
2135930000,s,1340
2136888000,r,1440
2136888000,r,1440
2136888000,r,1440
2136889000,r,1440
2136889000,r,1440
2136889000,r,1440
2136889000,r,1440
2136889000,r,1440
2136983000,r,1440
2136983000,r,1440
2136983000,r,1440
2137483000,s,1340
2137536000,s,1340
2137717000,s,1340
2137816000,s,1340
2137896000,s,1340
2137899000,r,1440
2137899000,r,1440
2137899000,r,1440
2137899000,r,1440
2137900000,r,1440
2138007000,s,1340
2138087000,s,1340
2138168000,s,1340
2138252000,s,1340
2138339000,s,1340
2138451000,s,1340
2138557000,s,1340
2138662000,s,1340
2138756000,s,1340
2139071000,s,1340
2139124000,s,1340
2139226000,s,1340
2139291000,s,1340
2139346000,s,1340
2139400000,s,1340
2139447000,s,1340
2139497000,s,1340
2139542000,s,1340
2139719000,s,1340
2139905000,s,1340
2140116000,s,1340
2140223000,s,1340
2140525000,s,1340
2140701000,s,1340
2140722000,s,1340
2141316000,s,1340
2141665000,s,1340
2141774000,s,1340
2142301000,s,1340
2142422000,s,1340
2142517000,s,1340
2142613000,s,1340
2142700000,s,1340
2142792000,s,1340
2143048000,s,1340
2143088000,s,1340
2143174000,s,1340
2143300000,s,1340
2143410000,s,1340
2143496000,s,1340
2143681000,s,1340
2143776000,s,1340
2143856000,s,1340
2144074000,s,1340
2144165000,s,1340
2144307000,s,1340
2144353000,s,1340
2144411000,s,1340
2144767000,s,1340
2144850000,s,1340
2144920000,s,1340
2145024000,s,1340
2145209000,s,1340
2145748000,s,1340
2145980000,s,1340
2146081000,s,1340
2146294000,s,1340
2146432000,s,1340
2147075000,r,1440
2147194000,s,1340
2147221000,s,1340
2147295000,s,1340
2147497000,s,1340
2147538000,s,1340
2147793000,s,1340
2147832000,s,1340
2147946000,s,1340
2148051000,s,1340
2148103000,s,1340
2148127000,s,1340
2148294000,s,1340
2148437000,s,1340
2148852000,r,1440
2148909000,s,1340
2148852000,r,1440
2148852000,r,1440
2148852000,r,1440
2148852000,r,1440
2148963000,s,1340
2149154000,s,1340
2149252000,s,1340
2149337000,s,1340
2149412000,s,1340
2149486000,s,1340
2149575000,s,1340
2149658000,s,1340
2149733000,s,1340
2149800000,s,1340
2149866000,s,1340
2150021000,s,1340
2150198000,s,1340
2150344000,s,1340
2150477000,s,1340
2150507000,s,1340
2150519000,s,1340
2150829000,s,1340
2150982000,s,1340
2151066000,s,1340
2151239000,s,1340
2151422000,s,1340
2151554000,s,1340
2151634000,s,1340
2151803000,s,1340
2151970000,s,1340
2152114000,s,1340
2152198000,s,1340
2152360000,s,1340
2152468000,s,1340
2152643000,s,1340
2152771000,s,1340
2152887000,s,1340
2153090000,s,1340
2156849000,r,1440
2157310000,s,1340
2157381000,s,1340
2157585000,s,1340
2157671000,s,1340
2158458000,s,1340
2158511000,r,1440
2158535000,s,1340
2158658000,s,1340
2158787000,s,1340
2162252000,r,1440
2162253000,r,1440
2162253000,r,1440
2162253000,r,1440
2162750000,s,1340
2162841000,s,1340
2162876000,s,1340
2169397000,s,1340
2169498000,s,1340
2169561000,s,1340
2169737000,s,1340
2169871000,s,1340
2170178000,s,1340
2170258000,s,1340
2170608000,s,1340
2170678000,s,1340
2170738000,s,1340
2170797000,s,1340
2170959000,s,1340
2171101000,s,1340
2171394000,s,1340
2171597000,s,1340
2171667000,s,1340
2171721000,s,1340
2171876000,s,1340
2172100000,s,1340
2172169000,s,1340
2172277000,s,1340
2172341000,s,1340
2172453000,s,1340
2172501000,s,1340
2172717000,r,1440
2172717000,r,1440
2172717000,r,1440
2172717000,r,1440
2172941000,s,1340
2172986000,s,1340
2173076000,s,1340
2173090000,s,1340
2173234000,s,1340
2173317000,s,1340
2173574000,s,1340
2173707000,s,1340
2173790000,s,1340
2173979000,s,1340
2174140000,s,1340
2174209000,s,1340
2174320000,r,1440
2174320000,r,1440
2174320000,r,1440
2174320000,r,1440
2174321000,r,1440
2174487000,s,1340
2174568000,s,1340
2174647000,s,1340
2174668000,s,1340
2174811000,s,1340
2174963000,s,1340
2175050000,s,1340
2176211000,r,1440
2177739000,s,1340
2178071000,s,1340
2178126000,r,1440
2178228000,s,1340
2178300000,s,1340
2178432000,s,1340
2178463000,s,1340
2178530000,s,1340
2179520000,r,1440
2179788000,s,1340
2179896000,s,1340
2180082000,s,1340
2180218000,s,1340
2180283000,s,1340
2180365000,s,1340
2180424000,s,1340
2180997000,s,1340
2181261000,s,1340
2181375000,s,1340
2181580000,s,1340
2181675000,s,1340
2181865000,s,1340
2182122000,s,1340
2182185000,s,1340
2182367000,s,1340
2182505000,s,1340
2182717000,s,1340
2182879000,s,1340
2183108000,s,1340
2183297000,s,1340
2183393000,s,1340
2183474000,s,1340
2183634000,s,1340
2185063000,s,1340
2185126000,s,1340
2185433000,s,1340
2185544000,s,1340
2185666000,s,1340
2185825000,s,1340
2186006000,s,1340
2186243000,s,1340
2186378000,s,1340
2186474000,s,1340
2186850000,s,1340
2186947000,s,1340
2187032000,s,1340
2187108000,s,1340
2187189000,s,1340
2187416000,s,1340
2187502000,s,1340
2187592000,s,1340
2187733000,s,1340
2187829000,s,1340
2187907000,s,1340
2188091000,s,1340
2188212000,s,1340
2188451000,s,1340
2188605000,s,1340
2188693000,s,1340
2188974000,s,1340
2189135000,s,1340
2189278000,s,1340
2189376000,s,1340
2189471000,s,1340
2189561000,s,1340
2189658000,s,1340
2189745000,s,1340
2189836000,s,1340
2190050000,s,1340
2190145000,s,1340
2190332000,s,1340
2190489000,s,1340
2190634000,s,1340
2190746000,s,1340
2190953000,s,1340
2191073000,s,1340
2191156000,s,1340
2191320000,s,1340
2191461000,s,1340
2191759000,s,1340
2191826000,s,1340
2191995000,s,1340
2192115000,s,1340
2192212000,s,1340
2192304000,s,1340
2192536000,s,1340
2192785000,s,1340
2192843000,s,1340
2193017000,s,1340
2193167000,s,1340
2193284000,s,1340
2193395000,s,1340
2193506000,s,1340
2193792000,s,1340
2193935000,s,1340
2194047000,s,1340
2194146000,s,1340
2194230000,s,1340
2194458000,s,1340
2194592000,s,1340
2194702000,s,1340
2194791000,s,1340
2195014000,s,1340
2195148000,s,1340
2195258000,s,1340
2195430000,s,1340
2195531000,s,1340
2195600000,r,1440
2195736000,s,1340
2195840000,s,1340
2196067000,s,1340
2203245000,r,1440
2203245000,r,1440
2203245000,r,1440
2203245000,r,1440
2203245000,r,1440
2203245000,r,1440
2203246000,r,1440
2203246000,r,1440
2203467000,r,1440
2203467000,r,1440
2203467000,r,1440
2203467000,r,1440
2203467000,r,1440
2203467000,r,1440
2203467000,r,1440
2203467000,r,1440
2203515000,r,1440
2203515000,r,1440
2203515000,r,1440
2203515000,r,1440
2203515000,r,1440
2204399000,s,1340
2204637000,s,1340
2204684000,s,1340
2204993000,s,1340
2205257000,s,1340
2205501000,s,1340
2205597000,s,1340
2205666000,s,1340
2205702000,s,1340
2205749000,s,1340
2205912000,s,1340
2205933000,s,1340
2206132000,s,1340
2206155000,s,1340
2206427000,s,1340
2206840000,s,1340
2216857000,s,1340
2226241000,r,1440
2226490000,r,1440
2228633000,r,1440
2229344000,s,1340
2234811000,s,1340
2249266000,r,1440
2250634000,s,1340
2252272000,r,1440
2252272000,r,1440
2252272000,r,1440
2252272000,r,1440
2252273000,r,1440
2252273000,r,1440
2252273000,r,1440
2252273000,r,1440
2252400000,r,1440
2252400000,r,1440
2252401000,r,1440
2252401000,r,1440
2252401000,r,1440
2252401000,r,1440
2252401000,r,1440
2252401000,r,1440
2252441000,r,1440
2252441000,r,1440
2252442000,r,1440
2252442000,r,1440
2252442000,r,1440
2252442000,r,1440
2252442000,r,1440
2252442000,r,1440
2252477000,r,1440
2252477000,r,1440
2252478000,r,1440
2252478000,r,1440
2252478000,r,1440
2252478000,r,1440
2252478000,r,1440
2252478000,r,1440
2252511000,r,1440
2252967000,s,1340
2253050000,s,1340
2253097000,s,1340
2253146000,s,1340
2253423000,s,1340
2253463000,s,1340
2253484000,s,1340
2253698000,s,1340
2254071000,s,1340
2254106000,r,1440
2254106000,r,1440
2254106000,r,1440
2254106000,r,1440
2254106000,r,1440
2254107000,r,1440
2254223000,s,1340
2254432000,s,1340
2254764000,s,1340
2255192000,s,1340
2255522000,s,1340
2255627000,s,1340
2255714000,s,1340
2255792000,s,1340
2255989000,s,1340
2256483000,s,1340
2256598000,s,1340
2256687000,s,1340
2256772000,s,1340
2257800000,s,1340
2257913000,s,1340
2257976000,s,1340
2258025000,s,1340
2258074000,s,1340
2258124000,s,1340
2258171000,s,1340
2258218000,s,1340
2258265000,s,1340
2258310000,s,1340
2258362000,s,1340
2258408000,s,1340
2258456000,s,1340
2258505000,s,1340
2258558000,s,1340
2258609000,s,1340
2258657000,s,1340
2258725000,s,1340
2258768000,s,1340
2258805000,s,1340
2258924000,s,1340
2258974000,s,1340
2259011000,s,1340
2259048000,s,1340
2259084000,s,1340
2259133000,s,1340
2259200000,s,1340
2259245000,s,1340
2259302000,s,1340
2259360000,s,1340
2259414000,s,1340
2259471000,s,1340
2259531000,s,1340
2259581000,s,1340
2264408000,s,1340
2264470000,s,1340
2265711000,s,1340
2268859000,r,1440
2268859000,r,1440
2268859000,r,1440
2268859000,r,1440
2269543000,s,1340
2269655000,s,1340
2269683000,s,1340
2269700000,s,1340
2269715000,s,1340
2269731000,s,1340
2270942000,s,1340
2271155000,s,1340
2271245000,s,1340
2271376000,s,1340
2271465000,s,1340
2271832000,s,1340
2271945000,s,1340
2272020000,s,1340
2272576000,s,1340
2272862000,s,1340
2273000000,s,1340
2273165000,s,1340
2273265000,s,1340
2273430000,s,1340
2273553000,s,1340
2273596000,s,1340
2273681000,s,1340
2273775000,s,1340
2273842000,s,1340
2273898000,s,1340
2274499000,s,1340
2274548000,s,1340
2274682000,s,1340
2274796000,s,1340
2274867000,s,1340
2274921000,s,1340
2275116000,s,1340
2275197000,s,1340
2275252000,s,1340
2275496000,s,1340
2275540000,s,1340
2275609000,s,1340
2275654000,s,1340
2276036000,s,1340
2276131000,s,1340
2276216000,s,1340
2276422000,s,1340
2276644000,s,1340
2276715000,s,1340
2276771000,s,1340
2277376000,s,1340
2277500000,s,1340
2278106000,s,1340
2279178000,r,1440
2279216000,s,1340
2279179000,r,1440
2279179000,r,1440
2279179000,r,1440
2279179000,r,1440
2279495000,s,1340
2279540000,s,1340
2279561000,s,1340
2279706000,s,1340
2281878000,r,1440
2282790000,r,1440
2283718000,r,1440
2284269000,s,1340
2284850000,r,1440
2286240000,r,1440
2286240000,r,1440
2286625000,s,1340
2286683000,s,1340
2287278000,r,1440
2296664000,s,1340
2296745000,s,1340
2296759000,s,1340
2297143000,s,1340
2298873000,s,1340
2312850000,r,1440
2314640000,r,1440
2318103000,r,1440
2318103000,r,1440
2318104000,r,1440
2318104000,r,1440
2318104000,r,1440
2318104000,r,1440
2318105000,r,1440
2318105000,r,1440
2318320000,r,1440
2318320000,r,1440
2318320000,r,1440
2318321000,r,1440
2318321000,r,1440
2318321000,r,1440
2318321000,r,1440
2318321000,r,1440
2318364000,r,1440
2318364000,r,1440
2318364000,r,1440
2318364000,r,1440
2318364000,r,1440
2318364000,r,1440
2318365000,r,1440
2318365000,r,1440
2318401000,r,1440
2318446000,r,1440
2318446000,r,1440
2318446000,r,1440
2318446000,r,1440
2318447000,r,1440
2318447000,r,1440
2318447000,r,1440
2318447000,r,1440
2318502000,r,1440
2318502000,r,1440
2318502000,r,1440
2318502000,r,1440
2318502000,r,1440
2318502000,r,1440
2318502000,r,1440
2318503000,r,1440
2318535000,r,1440
2318535000,r,1440
2318961000,s,1340
2319045000,s,1340
2319069000,s,1340
2319082000,s,1340
2319092000,s,1340
2319104000,s,1340
2319119000,s,1340
2319130000,s,1340
2319141000,s,1340
2319152000,s,1340
2319164000,s,1340
2319463000,s,1340
2319622000,s,1340
2319727000,s,1340
2319752000,r,1440
2319752000,r,1440
2319752000,r,1440
2319752000,r,1440
2319803000,s,1340
2319872000,s,1340
2319942000,s,1340
2320007000,s,1340
2320085000,s,1340
2320142000,s,1340
2320196000,s,1340
2320273000,s,1340
2320342000,s,1340
2320394000,s,1340
2320447000,s,1340
2320520000,s,1340
2320591000,s,1340
2320659000,s,1340
2320728000,s,1340
2320787000,s,1340
2320894000,s,1340
2320975000,s,1340
2321041000,s,1340
2321117000,s,1340
2321178000,s,1340
2321237000,s,1340
2321293000,s,1340
2321343000,s,1340
2321392000,s,1340
2321440000,s,1340
2321486000,s,1340
2321918000,s,1340
2322298000,s,1340
2322384000,s,1340
2322437000,s,1340
2322481000,s,1340
2322569000,s,1340
2322637000,s,1340
2322690000,s,1340
2322878000,s,1340
2322986000,s,1340
2323028000,s,1340
2323224000,s,1340
2323263000,s,1340
2323354000,s,1340
2323419000,s,1340
2323472000,s,1340
2323902000,s,1340
2324135000,s,1340
2324178000,s,1340
2324340000,s,1340
2324456000,s,1340
2324622000,s,1340
2324771000,s,1340
2325209000,s,1340
2325347000,s,1340
2325388000,s,1340
2325680000,s,1340
2325809000,s,1340
2326007000,s,1340
2326114000,s,1340
2326313000,s,1340
2326517000,s,1340
2326663000,s,1340
2326731000,s,1340
2327297000,s,1340
2327353000,s,1340
2327397000,s,1340
2328001000,s,1340
2328055000,s,1340
2328673000,r,1440
2328733000,s,1340
2328872000,s,1340
2328985000,s,1340
2329079000,s,1340
2329170000,s,1340
2329312000,s,1340
2329524000,s,1340
2329590000,s,1340
2329631000,s,1340
2329700000,s,1340
2330439000,r,1440
2330439000,r,1440
2331248000,s,1340
2331501000,s,1340
2331568000,s,1340
2331737000,s,1340
2332636000,s,1340
2332693000,s,1340
2332706000,s,1340
2332715000,s,1340
2332788000,s,1340
2333053000,r,1440
2333053000,r,1440
2333054000,r,1440
2333054000,r,1440
2333468000,s,1340
2333579000,s,1340
2333746000,s,1340
2333836000,s,1340
2334249000,s,1340
2334333000,s,1340
2334390000,s,1340
2334656000,s,1340
2334810000,s,1340
2334923000,s,1340
2335029000,s,1340
2335252000,s,1340
2335439000,s,1340
2335529000,s,1340
2335684000,s,1340
2336082000,s,1340
2336124000,s,1340
2336180000,s,1340
2336668000,s,1340
2336735000,s,1340
2336770000,s,1340
2337195000,s,1340
2337253000,s,1340
2337530000,s,1340
2337634000,s,1340
2337743000,s,1340
2337964000,s,1340
2338998000,s,1340
2339085000,s,1340
2339214000,s,1340
2339338000,s,1340
2340163000,s,1340
2340260000,s,1340
2340741000,s,1340
2340970000,s,1340
2341068000,s,1340
2341567000,s,1340
2342886000,s,1340
2342995000,s,1340
2343137000,s,1340
2344185000,s,1340
2344287000,s,1340
2344381000,s,1340
2344667000,s,1340
2344790000,s,1340
2345112000,s,1340
2345229000,s,1340
2345809000,s,1340
2346732000,s,1340
2347301000,s,1340
2347461000,s,1340
2347526000,s,1340
2348204000,s,1340
2348347000,s,1340
2348467000,s,1340
2348605000,s,1340
2348706000,s,1340
2348803000,s,1340
2349053000,s,1340
2349153000,s,1340
2349254000,s,1340
2349373000,s,1340
2349474000,s,1340
2349576000,s,1340
2349676000,s,1340
2349939000,s,1340
2350029000,s,1340
2350097000,s,1340
2350269000,s,1340
2350427000,s,1340
2360698000,s,1340
2377515000,s,1340
2391350000,r,1440
2391350000,r,1440
2391350000,r,1440
2391350000,r,1440
2391350000,r,1440
2391350000,r,1440
2391350000,r,1440
2391351000,r,1440
2391583000,r,1440
2391583000,r,1440
2391583000,r,1440
2391584000,r,1440
2391584000,r,1440
2391584000,r,1440
2391584000,r,1440
2391584000,r,1440
2391626000,r,1440
2391626000,r,1440
2391626000,r,1440
2391626000,r,1440
2391626000,r,1440
2392029000,r,1440
2392029000,r,1440
2392029000,r,1440
2392410000,s,1340
2392579000,s,1340
2392695000,s,1340
2392808000,s,1340
2392977000,s,1340
2393075000,r,1440
2393085000,s,1340
2393075000,r,1440
2393075000,r,1440
2393075000,r,1440
2393075000,r,1440
2393075000,r,1440
2393190000,s,1340
2393299000,s,1340
2393410000,s,1340
2393520000,s,1340
2393617000,s,1340
2393729000,s,1340
2393848000,s,1340
2393952000,s,1340
2394058000,s,1340
2394161000,s,1340
2394258000,s,1340
2394285000,r,1440
2394285000,r,1440
2394285000,r,1440
2394285000,r,1440
2394285000,r,1440
2394285000,r,1440
2394285000,r,1440
2394348000,s,1340
2394286000,r,1440
2394360000,r,1440
2394439000,s,1340
2394538000,s,1340
2394652000,s,1340
2394763000,s,1340
2394876000,s,1340
2395001000,s,1340
2395118000,s,1340
2395231000,s,1340
2395332000,s,1340
2395455000,s,1340
2395646000,r,1440
2395674000,s,1340
2395646000,r,1440
2395647000,r,1440
2395647000,r,1440
2395647000,r,1440
2395799000,s,1340
2395930000,s,1340
2396019000,s,1340
2396105000,s,1340
2396195000,s,1340
2396284000,s,1340
2396498000,s,1340
2396616000,s,1340
2396715000,s,1340
2396806000,s,1340
2396929000,s,1340
2397036000,s,1340
2397173000,s,1340
2397277000,s,1340
2397383000,s,1340
2397491000,s,1340
2397739000,s,1340
2406806000,s,1340
2554841000,r,1440
2556875000,r,1440
2557065000,s,1340
2558396000,r,1440
2558396000,r,1440
2558956000,s,1340
2567828000,s,1340
2587394000,r,1440
2588886000,r,1440
2590086000,s,1340
2590342000,s,1340
2782382000,r,1440
2784293000,s,1340
2785478000,r,1440
2902904000,r,1440
2903213000,r,1440
2904219000,r,1440
2904219000,r,1440
2904220000,r,1440
2904981000,s,1340
2905298000,r,1440
2905299000,r,1440
2905299000,r,1440
2905300000,r,1440
2905300000,r,1440
2905301000,r,1440
2905687000,s,1340
2905869000,s,1340
2905987000,s,1340
2906031000,s,1340
2906364000,s,1340
2906604000,s,1340
2906662000,r,1440
2906795000,s,1340
2906662000,r,1440
2906662000,r,1440
2906662000,r,1440
2906662000,r,1440
2906663000,r,1440
2906960000,s,1340
2907177000,s,1340
2907399000,s,1340
2907602000,s,1340
2907817000,s,1340
2908026000,s,1340
2908275000,s,1340
2908509000,s,1340
2908749000,s,1340
2909096000,s,1340
2909340000,s,1340
2909575000,s,1340
2909817000,s,1340
2910032000,s,1340
2910236000,s,1340
2910394000,s,1340
2910538000,s,1340
2910734000,s,1340
2910939000,s,1340
2911079000,s,1340
2911269000,s,1340
2911453000,s,1340
2911638000,s,1340
2911762000,s,1340
2911936000,s,1340
2912093000,s,1340
2912272000,s,1340
2912392000,s,1340
2912512000,s,1340
2912685000,s,1340
2912969000,s,1340
2913166000,s,1340
2913358000,s,1340
2913554000,s,1340
2913744000,s,1340
2913956000,s,1340
2914133000,s,1340
2914327000,s,1340
2914536000,s,1340
2914728000,s,1340
2914922000,s,1340
2915114000,s,1340
2915268000,s,1340
2915461000,s,1340
2915645000,s,1340
2915838000,s,1340
2916023000,s,1340
2916165000,s,1340
2916372000,s,1340
2916550000,s,1340
2916733000,s,1340
2916999000,s,1340
2917178000,s,1340
2920861000,r,1440
2921041000,r,1440
2924874000,r,1440
2925397000,s,1340
2925828000,s,1340
5901325000,r,1440
5901326000,r,1440
5901326000,r,1440
5901327000,r,1440
5901327000,r,1440
5901328000,r,1440
5901328000,r,1440
5901329000,r,1440
5902103000,r,1440
5902103000,r,1440
5902104000,r,1440
5902104000,r,1440
5902105000,r,1440
5905412000,s,1340
5905834000,s,1340
5906079000,s,1340
5906370000,s,1340
5906578000,s,1340
5906787000,s,1340
5907075000,s,1340
5907291000,s,1340
5907590000,s,1340
5907875000,s,1340
5908159000,s,1340
5908487000,s,1340
5908687000,s,1340
5909235000,s,1340
5909548000,s,1340
5909840000,s,1340
5910099000,s,1340
5910304000,s,1340
5910505000,s,1340
5910773000,s,1340
5911020000,s,1340
5911565000,s,1340
5911778000,s,1340
5911970000,s,1340
5912162000,s,1340
5912367000,s,1340
5912540000,s,1340
5912722000,s,1340
5913031000,s,1340
5913305000,s,1340
5913592000,s,1340
5913851000,s,1340
5914055000,s,1340
5914245000,s,1340
5914504000,s,1340
5914791000,s,1340
5915059000,s,1340
5915326000,s,1340
5915542000,s,1340
5915803000,s,1340
5916155000,s,1340
5916426000,s,1340
5916734000,s,1340
5917089000,s,1340
5917361000,s,1340
5917637000,s,1340
5917901000,s,1340
5918149000,s,1340
5918408000,s,1340
5918665000,s,1340
5918994000,s,1340
5919570000,s,1340
5919857000,s,1340
5920124000,s,1340
5920198000,r,1440
5920339000,s,1340
5920199000,r,1440
5920199000,r,1440
5920200000,r,1440
5920200000,r,1440
5920201000,r,1440
5920201000,r,1440
5920202000,r,1440
5920585000,r,1440
5920585000,r,1440
5920586000,r,1440
5920586000,r,1440
5920587000,r,1440
5920587000,r,1440
5920588000,r,1440
5920920000,s,1340
5921239000,s,1340
5921542000,s,1340
5921836000,s,1340
5922145000,s,1340
5922426000,s,1340
5922675000,r,1440
5922709000,s,1340
5922675000,r,1440
5922676000,r,1440
5922676000,r,1440
5922676000,r,1440
5922677000,r,1440
5922677000,r,1440
5922678000,r,1440
5922855000,r,1440
5922856000,r,1440
5922856000,r,1440
5922857000,r,1440
5922857000,r,1440
5922988000,s,1340
5923267000,s,1340
5923575000,s,1340
5923867000,s,1340
5924184000,s,1340
5924496000,s,1340
5924786000,s,1340
5925131000,s,1340
5925359000,s,1340
5925572000,s,1340
5925762000,s,1340
5925981000,s,1340
5926266000,s,1340
5926538000,s,1340
5926823000,s,1340
5927102000,s,1340
5927398000,s,1340
5927657000,s,1340
5927933000,s,1340
5928193000,s,1340
5928497000,s,1340
5928732000,s,1340
5929093000,s,1340
5929325000,s,1340
5929580000,s,1340
5929807000,s,1340
5930039000,s,1340
5930287000,s,1340
5930559000,s,1340
5930819000,s,1340
5931055000,s,1340
5931281000,s,1340
5931546000,s,1340
5931791000,s,1340
5932015000,s,1340
5932244000,s,1340
5932478000,s,1340
5932761000,s,1340
5933050000,s,1340
5933309000,s,1340
5933562000,s,1340
5933726000,s,1340
5933897000,s,1340
5934058000,s,1340
5934226000,s,1340
5934398000,s,1340
5934616000,s,1340
5934791000,s,1340
5935034000,s,1340
5935305000,s,1340
5935519000,s,1340
5935742000,s,1340
5935980000,s,1340
5936184000,s,1340
5936407000,s,1340
5936626000,s,1340
5937043000,s,1340
5937283000,s,1340
5937501000,s,1340
5937712000,s,1340
5937931000,s,1340
5938139000,s,1340
5938344000,s,1340
5938537000,s,1340
5938736000,s,1340
5938943000,s,1340
5939364000,r,1440
5939365000,r,1440
5939365000,r,1440
5940794000,s,1340
5940816000,r,1440
5940817000,r,1440
5940817000,r,1440
5940818000,r,1440
5941202000,s,1340
5941435000,s,1340
5941578000,r,1440
5941578000,r,1440
5941578000,r,1440
5942036000,s,1340
5942577000,r,1440
5942590000,s,1340
5942577000,r,1440
5942940000,s,1340
5943244000,s,1340
5943542000,s,1340
5944050000,s,1340
5944368000,s,1340
5944605000,s,1340
5944945000,r,1440
5945008000,s,1340
5944946000,r,1440
5944946000,r,1440
5944947000,r,1440
5944947000,r,1440
5944948000,r,1440
5944948000,r,1440
5944949000,r,1440
5945255000,r,1440
5945256000,r,1440
5945256000,r,1440
5945257000,r,1440
5945323000,s,1340
5945606000,s,1340
5945875000,s,1340
5946152000,s,1340
5946449000,s,1340
5946758000,s,1340
5947046000,s,1340
5947320000,s,1340
5947610000,s,1340
5947880000,s,1340
5948155000,s,1340
5948430000,s,1340
5948717000,s,1340
5948953000,r,1440
5948953000,r,1440
5948954000,r,1440
5948954000,r,1440
5949124000,s,1340
5949416000,s,1340
5949685000,s,1340
5949977000,s,1340
5950294000,s,1340
5950545000,s,1340
5950870000,s,1340
5951235000,s,1340
5951573000,s,1340
5951912000,s,1340
5952237000,s,1340
5952540000,s,1340
5952946000,s,1340
5953283000,s,1340
5953584000,s,1340
5953865000,s,1340
5954190000,s,1340
5954258000,r,1440
5954470000,s,1340
5954259000,r,1440
5954771000,s,1340
5955060000,s,1340
5955393000,s,1340
5955737000,s,1340
5956033000,s,1340
5956373000,s,1340
5956681000,s,1340
5957154000,s,1340
5957473000,s,1340
5957756000,s,1340
5960498000,s,1340
5962046000,s,1340
5962264000,s,1340
5962260000,r,1440
5962425000,s,1340
5962622000,s,1340
5962840000,s,1340
5963030000,s,1340
5963204000,s,1340
5963392000,s,1340
5963603000,s,1340
5963800000,s,1340
5963991000,s,1340
5964186000,s,1340
5964385000,s,1340
5964574000,s,1340
5964758000,s,1340
5965050000,s,1340
5965241000,s,1340
5965483000,s,1340
5965739000,s,1340
5966024000,s,1340
5966281000,s,1340
5966558000,s,1340
5966832000,s,1340
5967117000,s,1340
5967386000,s,1340
5967670000,s,1340
5967958000,s,1340
5968238000,s,1340
5972798000,r,1440
5972799000,r,1440
5974678000,r,1440
5974806000,s,1340
5975320000,s,1340
5975614000,r,1440
5976134000,s,1340
5976705000,r,1440
7437063000,r,1440
7437063000,r,1440
7437064000,r,1440
7437064000,r,1440
7440059000,s,1340
7440462000,s,1340
7440672000,s,1340
7451439000,s,1340
7457313000,r,1440
7457314000,r,1440
7457314000,r,1440
7459239000,s,1340
7459547000,s,1340
7463388000,r,1440
7463389000,r,1440
7463389000,r,1440
7465339000,s,1340
7471045000,r,1440
7471045000,r,1440
7471403000,r,1440
7473189000,s,1340
7473493000,s,1340
7481868000,s,1340
9122438000,s,1340
9159565000,s,1340
9160015000,s,1340
11434258000,s,1340
12914005000,r,1440
15884676000,r,1440
15884677000,r,1440
15884678000,r,1440
15884678000,r,1440
15884678000,r,1440
15884679000,r,1440
15888312000,s,1340
15888755000,s,1340
15889693000,s,1340
15889969000,s,1340
15893753000,s,1340
15900969000,r,1440
15900969000,r,1440
15908364000,r,1440
15908365000,r,1440
15908365000,r,1440
15910285000,s,1340
15910361000,r,1440
15910361000,r,1440
15910607000,s,1340
15912015000,s,1340
15920611000,s,1340
19720996000,r,1440
21857384000,s,1340
21896264000,s,1340
21896705000,s,1340
24377746000,s,1340
24418447000,s,1340
24418878000,s,1340