0,s,156
38192000,s,156
38627000,s,156
59498000,r,156
525861000,s,124
529012000,s,124
557192000,r,124
558410000,s,1340
558705000,s,204
560805000,s,124
568213000,s,1340
568492000,s,716
582283000,r,124
582283000,r,364
583451000,s,124
584676000,s,188
585309000,s,204
586036000,s,604
586510000,r,124
589025000,s,156
589076000,s,156
596364000,r,204
596364000,r,172
596956000,r,188
596956000,r,172
597522000,s,124
598322000,s,156
605524000,s,1340
605654000,s,1340
606422000,s,172
619575000,r,1372
619892000,r,1372
623293000,r,1340
623293000,r,1340
623293000,r,1340
623293000,r,1340
623293000,r,1340
623293000,r,1340
623294000,r,1340
623294000,r,1340
623436000,r,1340
623436000,r,1340
624184000,s,1340
624249000,s,124
624543000,s,188
624662000,s,124
625285000,s,124
625360000,s,124
625830000,s,124
627847000,r,188
627847000,r,172
628425000,s,316
628892000,s,348
633919000,s,140
634883000,r,1340
634883000,r,1340
634883000,r,556
635609000,s,124
640478000,r,124
648822000,r,124
648963000,s,1340
649025000,s,204
660482000,r,124
662060000,r,252
662061000,r,252
665473000,s,140
665630000,s,428
668585000,s,140
671051000,s,140
671970000,s,140
673008000,s,284
674899000,r,124
676863000,r,156
676976000,s,364
677226000,r,156
677312000,s,364
678359000,r,188
678948000,s,124
682001000,r,172
682002000,r,124
684166000,r,124
684240000,s,1340
684286000,s,1340
685542000,s,348
686765000,r,1340
686765000,r,1340
686765000,r,412
687366000,r,364
687458000,s,124
688241000,r,124
689189000,s,124
690212000,r,1340
690212000,r,1340
690212000,r,1340
690212000,r,1340
690212000,r,1340
690212000,r,1340
690213000,r,1340
690213000,r,1340
690293000,r,1340
690293000,r,1340
690294000,r,1340
690294000,r,1340
690294000,r,1340
690294000,r,508
690294000,r,1340
690294000,r,1340
690324000,r,1340
690324000,r,1340
690324000,r,1340
690324000,r,124
691037000,s,124
691076000,s,124
691269000,s,124
691281000,s,124
691290000,s,124
691296000,s,124
691311000,s,124
691320000,s,124
691754000,s,124
691909000,s,124
692909000,s,1340
693012000,s,764
693096000,s,140
696081000,s,140
700287000,r,1340
700287000,r,1340
700287000,r,1340
700287000,r,1340
700287000,r,1340
700287000,r,1340
700288000,r,140
700288000,r,1340
700420000,r,1340
700420000,r,1340
700737000,s,124
700796000,s,124
700813000,s,124
700838000,s,124
700855000,r,1340
700855000,r,1340
700856000,r,1340
701196000,s,124
701237000,s,124
701254000,s,172
701723000,r,1340
701723000,r,1340
701724000,r,1340
701724000,r,1340
701724000,r,1340
701724000,r,1340
702435000,s,572
702481000,s,124
702618000,s,124
702776000,s,124
703379000,r,1340
703380000,r,1340
703380000,r,1340
703380000,r,1340
703380000,r,1340
703380000,r,1340
703381000,r,1340
703381000,r,1340
703480000,r,1340
703524000,r,1340
703524000,r,1340
703524000,r,1340
703524000,r,1340
703524000,r,1340
703525000,r,1340
703592000,r,1340
703592000,r,1340
703592000,r,1340
704180000,s,124
704225000,s,124
704242000,s,124
704251000,s,124
704259000,s,124
704271000,s,124
704310000,s,124
704324000,s,124
704326000,r,1340
704326000,r,1340
704326000,r,1340
704477000,s,124
704746000,s,124
706533000,r,1340
706533000,r,1340
706533000,r,1340
706533000,r,1340
706533000,r,1340
706533000,r,1340
706533000,r,124
706534000,r,124
706618000,r,364
707218000,s,124
707314000,s,124
707692000,s,124
707782000,s,124
708650000,r,1340
708651000,r,412
708651000,r,1036
708651000,r,124
708741000,s,188
710450000,s,1340
710789000,r,1340
711151000,s,172
711187000,s,124
711425000,s,124
711982000,r,1340
711982000,r,1340
711982000,r,1340
711982000,r,1340
711982000,r,1340
711982000,r,1340
711983000,r,1340
711983000,r,1340
712059000,r,1340
712114000,s,668
712435000,s,124
712719000,s,124
712811000,s,124
712898000,s,124
713684000,r,1340
713684000,r,1340
713684000,r,1340
713684000,r,1340
713684000,r,1340
714069000,s,124
714109000,s,124
714129000,s,124
715310000,r,1340
715310000,r,1340
715311000,r,1340
715311000,r,1340
715311000,r,1340
715311000,r,1340
715311000,r,1340
715311000,r,1340
715425000,r,1340
715425000,r,1340
715425000,r,1340
715426000,r,1340
715426000,r,1340
715426000,r,1340
715426000,r,1340
715426000,r,1340
715458000,r,1340
715458000,r,1340
715458000,r,1340
715458000,r,1340
715830000,s,124
715852000,r,1340
715872000,s,124
715853000,r,1340
715853000,r,1340
715853000,r,1340
715853000,r,1340
715853000,r,1340
715853000,r,1340
715853000,r,1340
715907000,r,1340
716103000,r,1340
716103000,r,1340
716103000,r,1340
716140000,s,124
716218000,s,124
716384000,r,1340
716384000,r,1340
716384000,r,1340
716384000,r,1340
716384000,r,1340
716384000,r,1340
716489000,s,124
716637000,s,124
716798000,s,124
717037000,s,124
717165000,s,124
717543000,s,124
717685000,s,124
717895000,s,124
717913000,s,124
717927000,s,124
717939000,s,124
718592000,r,1340
718592000,r,1340
718592000,r,1340
718592000,r,1340
718592000,r,1340
718592000,r,1340
718592000,r,1340
718593000,r,1340
718664000,r,1340
718664000,r,1340
718664000,r,1340
718664000,r,1340
718664000,r,1340
718664000,r,1340
718911000,s,124
719074000,s,124
719153000,s,124
719229000,s,124
719636000,s,124
719671000,s,124
719868000,s,124
719988000,s,124
721684000,s,124
721736000,s,124
721751000,s,124
722224000,r,1340
722224000,r,1340
722224000,r,1340
722224000,r,1340
722224000,r,1340
722225000,r,1340
722225000,r,1340
722225000,r,1340
722338000,r,1340
722338000,r,1340
722338000,r,1340
722338000,r,1340
722338000,r,1340
722338000,r,124
722338000,r,124
722338000,r,124
722367000,r,204
722633000,s,124
723072000,s,124
723103000,r,1340
723109000,s,124
723103000,r,1340
723103000,r,1340
723184000,s,124
723104000,r,1340
723104000,r,1340
723104000,r,1340
723104000,r,1340
723104000,r,1340
723220000,r,1340
723220000,r,1340
723221000,r,1340
723591000,s,124
723673000,s,124
724264000,s,124
724324000,s,124
725107000,r,220
725535000,s,124
725733000,s,124
725825000,s,124
725898000,s,124
725982000,s,124
726100000,r,124
726897000,r,1340
726897000,r,1340
726897000,r,1340
726976000,r,1340
726976000,r,1340
726976000,r,1340
726976000,r,1340
726976000,r,1340
726976000,r,1340
727410000,s,124
727736000,s,124
727949000,s,124
728154000,r,1340
728154000,r,1340
728155000,r,1340
728337000,s,124
729115000,r,1340
729115000,r,1340
729115000,r,1340
729116000,r,1340
729116000,r,1340
729116000,r,1340
729116000,r,1340
729116000,r,1340
729651000,r,1340
729651000,r,1340
729651000,r,1340
729651000,r,1340
729652000,r,1340
729652000,r,1340
729652000,r,1340
729652000,r,1340
729687000,r,1340
729687000,r,1340
729687000,r,1340
729687000,r,1340
729900000,s,124
729934000,s,124
730478000,s,124
730546000,r,1340
730546000,r,1340
730547000,r,1340
730547000,r,1340
730547000,r,1340
730547000,r,1340
730547000,r,1340
730547000,r,1340
730611000,r,1340
730611000,r,1340
730612000,r,1340
730612000,r,1340
730683000,r,1340
730683000,r,1340
730683000,r,1340
730759000,s,124
730979000,r,1340
730979000,r,1340
730979000,r,1340
731290000,r,1340
731290000,r,1340
731290000,r,1340
731290000,r,1340
731290000,r,1340
731290000,r,1340
731433000,s,124
731506000,s,124
732072000,r,1340
732072000,r,1340
732072000,r,1340
732072000,r,1340
732072000,r,1340
732073000,r,1340
732073000,r,1340
732073000,r,1340
732126000,r,1340
732145000,r,1340
732145000,r,1340
732145000,r,1340
732252000,s,124
732305000,s,124
732324000,s,124
732335000,s,124
732343000,s,124
732352000,s,124
732368000,s,124
732377000,s,124
732651000,s,124
732759000,s,124
732843000,s,124
732927000,s,124
733008000,s,124
733092000,s,124
733169000,s,124
733245000,s,124
733305000,s,124
733383000,s,124
733470000,s,124
733559000,s,124
733635000,s,124
733712000,s,124
733787000,s,124
733858000,s,124
734020000,r,1340
734021000,r,1340
734021000,r,1340
734021000,r,1340
734021000,r,1340
734021000,r,1340
734021000,r,1340
734021000,r,1340
734101000,r,1340
734101000,r,1340
734101000,r,1340
734101000,r,1340
734101000,r,1340
734101000,r,1340
734101000,r,1340
734345000,r,1340
734345000,r,1340
734345000,r,1340
734535000,s,124
734625000,s,124
734705000,s,124
734785000,s,124
734866000,s,124
734941000,s,124
735014000,s,124
735087000,r,1340
735087000,r,1340
735087000,r,1340
735087000,r,1340
735087000,r,1340
735088000,r,1340
735088000,r,1340
735088000,r,1340
735143000,r,1340
735143000,r,1340
735143000,r,1340
735144000,r,1340
735144000,r,1340
735144000,r,1340
735144000,r,1340
735172000,r,1340
735172000,r,1340
735172000,r,1340
735415000,s,124
735504000,s,124
735655000,s,124
735752000,s,124
735890000,r,1340
735890000,r,1340
735890000,r,1340
735890000,r,1340
735890000,r,1340
735890000,r,1340
736197000,s,124
736244000,s,124
736290000,s,124
736340000,r,1340
736344000,s,124
736341000,r,1340
736341000,r,1340
736341000,r,1340
736341000,r,1340
736341000,r,1340
736341000,r,1340
736341000,r,876
736406000,r,124
736406000,r,204
736410000,s,124
736406000,r,1340
736406000,r,1340
738134000,s,124
738183000,s,124
738195000,s,124
738211000,s,124
738219000,s,124
738226000,s,124
738233000,s,124
738240000,s,124
738273000,r,1340
738273000,r,1340
738273000,r,1340
738273000,r,1340
738274000,r,1340
738274000,r,1340
738274000,r,1340
738274000,r,1340
738366000,r,1340
738366000,r,1340
738366000,r,1340
738366000,r,1340
738573000,r,1340
738573000,r,1340
738573000,r,1340
739009000,s,124
739109000,s,124
739161000,s,124
739369000,r,1340
739369000,r,1340
739404000,s,124
739369000,r,1340
739369000,r,1340
739369000,r,1340
739423000,s,124
739369000,r,1340
739369000,r,1340
739369000,r,1340
739438000,s,124
739441000,r,1340
739442000,r,1340
739447000,s,124
739442000,r,1340
739442000,r,1340
739457000,s,124
739465000,s,124
739492000,s,124
739766000,s,124
740100000,s,124
740269000,s,124
740339000,s,124
740605000,r,1340
740605000,r,1340
740605000,r,1340
740606000,r,1340
740606000,r,1228
741233000,s,124
741272000,s,124
741290000,s,124
741387000,s,124
741475000,s,124
748581000,s,124
748715000,s,124
749000000,s,124
758938000,r,1340
758938000,r,1340
758938000,r,1340
758938000,r,1340
758938000,r,1340
758939000,r,1340
758939000,r,1340
758939000,r,1340
759074000,r,1340
759074000,r,1340
759074000,r,428
759074000,r,124
759470000,s,124
759586000,s,124
759642000,s,124
759661000,s,124
759676000,s,124
759687000,s,124
765296000,r,156
765296000,r,140
765296000,r,156
769094000,s,1340
769233000,s,1340
769317000,s,172
777506000,s,588
786211000,r,140
786211000,r,1340
787736000,s,124
792552000,r,1340
792552000,r,396
792552000,r,1036
792552000,r,124
793733000,r,1340
794733000,r,1340
794733000,r,1340
794733000,r,1340
795065000,s,1340
795108000,s,124
795601000,s,124
795716000,s,124
796572000,r,1340
796572000,r,1340
796572000,r,1340
796572000,r,1340
796572000,r,1340
796572000,r,1340
796573000,r,476
797383000,s,124
797904000,s,124
798071000,s,124
798171000,s,124
808140000,s,236
808228000,s,220
808260000,s,236
808272000,s,236
808458000,s,220
809462000,r,220
809684000,r,124
819380000,r,124
827735000,r,828
827736000,r,1340
829164000,r,1340
829164000,r,1340
829164000,r,1340
829165000,r,1340
829165000,r,1340
829165000,r,1340
829165000,r,1340
829165000,r,1340
829269000,s,124
829286000,r,1340
829287000,r,1340
829287000,r,1340
829287000,r,1340
829358000,s,124
829654000,s,124
829727000,s,124
829749000,s,124
829774000,s,124
830051000,s,124
830391000,r,1340
830391000,r,1340
830392000,r,1340
830392000,r,1340
830525000,s,124
830563000,s,124
830585000,s,124
830596000,s,124
830604000,s,124
830612000,s,124
830625000,s,124
830975000,s,124
831079000,s,124
831165000,s,124
831197000,r,1340
831197000,r,1340
831197000,r,1340
831259000,s,124
831693000,s,124
831747000,s,124
831769000,s,124
833100000,r,1340
833100000,r,1340
833100000,r,1340
833100000,r,1340
833101000,r,1340
833101000,r,1340
833101000,r,1340
833101000,r,1340
833228000,r,1340
833228000,r,1340
833228000,r,1340
833228000,r,1340
833229000,r,1340
833229000,r,1340
833229000,r,1340
833229000,r,1340
833277000,r,1340
833277000,r,1340
833278000,r,1340
833278000,r,1276
833278000,r,1340
833278000,r,1340
833278000,r,1340
833278000,r,1340
833328000,r,1340
833328000,r,1340
833329000,r,1340
833329000,r,1340
833329000,r,1340
833329000,r,1340
833329000,r,1340
833329000,r,1340
833375000,r,1340
833375000,r,1340
833375000,r,1340
833376000,r,1340
833436000,r,1340
833436000,r,1340
833436000,r,1340
833436000,r,1340
833436000,r,1340
833436000,r,1340
833437000,r,1340
833437000,r,1340
833502000,r,1340
833502000,r,1340
833502000,r,1340
833502000,r,1340
833583000,r,1340
833583000,r,1340
833583000,r,1340
833636000,s,124
833781000,s,124
833816000,s,124
833830000,s,124
833881000,s,124
833883000,r,1340
833898000,s,124
833883000,r,1340
833914000,s,124
833883000,r,1340
833924000,s,124
833941000,s,124
833954000,s,124
833966000,s,124
833975000,s,124
834071000,r,1340
834071000,r,1340
834071000,r,1340
834134000,s,124
834235000,r,1340
834235000,r,1340
834235000,r,1340
834290000,s,124
834407000,s,124
834525000,s,124
834591000,r,1340
834591000,r,1340
834591000,r,1340
834622000,s,124
834591000,r,1340
834591000,r,1340
834592000,r,1340
834702000,s,124
834780000,s,124
834881000,s,124
834987000,s,124
835084000,s,124
835168000,s,124
835243000,s,124
835373000,s,124
835488000,s,124
835582000,s,124
835746000,s,124
835866000,s,124
835883000,r,1340
835987000,s,124
835883000,r,1340
835883000,r,1340
835883000,r,1340
835884000,r,1340
835884000,r,1340
835884000,r,1340
835884000,r,1340
836046000,r,1340
836400000,s,124
836516000,s,124
836600000,s,124
836710000,s,124
836916000,s,124
837020000,s,124
837147000,s,124
837251000,s,124
837337000,s,124
837422000,s,124
837505000,s,124
837507000,r,1340
837507000,r,1340
837574000,s,124
837507000,r,1340
837508000,r,1340
837508000,r,1340
837508000,r,1340
837508000,r,1340
837508000,r,1340
837621000,r,1340
837621000,r,1340
837622000,r,1340
837622000,r,1340
837622000,r,1340
837622000,r,1340
837622000,r,1340
837659000,s,124
837739000,s,124
837822000,s,124
837899000,s,124
837970000,s,124
838048000,s,124
838110000,s,124
838175000,s,124
838250000,s,124
838322000,s,124
838399000,s,124
838471000,s,124
838551000,s,124
838639000,s,124
838727000,s,124
838818000,s,124
838899000,s,124
838966000,s,124
839025000,r,1340
839042000,s,124
839025000,r,1340
839025000,r,1340
839025000,r,1340
839025000,r,1340
839025000,r,1340
839025000,r,1340
839026000,r,1340
839097000,r,1340
839097000,r,1212
839097000,r,1340
839097000,r,1340
839097000,r,1340
839097000,r,1340
839098000,r,1340
839120000,s,124
839098000,r,1340
839134000,r,1340
839135000,r,1340
839135000,r,1340
839135000,r,1340
839135000,r,1340
839135000,r,1340
839135000,r,1340
839135000,r,1340
839174000,r,1340
839174000,r,1340
839174000,r,1340
839174000,r,1340
839174000,r,1340
839174000,r,1340
839174000,r,1340
839198000,s,124
839174000,r,1340
839219000,r,1340
839220000,r,1340
839220000,r,1340
839220000,r,1340
839260000,s,124
839273000,r,1340
839273000,r,1340
839273000,r,1340
839273000,r,1340
839273000,r,1340
839273000,r,1340
839273000,r,1340
839274000,r,1340
839321000,s,124
839325000,r,1340
839426000,s,124
839971000,r,1340
839971000,r,1340
839971000,r,1340
839971000,r,1340
839971000,r,1340
839971000,r,1340
840042000,s,124
840136000,s,124
840193000,r,1340
840193000,r,1340
840193000,r,1340
840193000,r,1340
840193000,r,1340
840193000,r,1340
840193000,r,1340
840194000,r,1340
840232000,r,1340
840391000,s,124
840625000,r,1340
840625000,r,1340
840626000,r,1340
840626000,r,1340
840626000,r,1340
840626000,r,1340
840715000,r,1340
840716000,r,1340
840716000,r,1340
843727000,r,1340
843727000,r,1340
843728000,r,1340
843728000,r,1340
843728000,r,1340
843728000,r,1340
844505000,r,1340
844505000,r,1340
844505000,r,1340
844505000,r,1340
844505000,r,1340
847703000,s,124
847828000,s,124
847895000,s,124
847954000,s,124
848018000,s,124
848078000,s,124
848132000,s,124
848190000,s,124
848252000,s,124
848329000,s,124
848389000,s,124
848452000,s,124
848511000,s,124
848565000,s,124
848639000,s,124
848727000,s,124
848795000,s,124
848857000,s,124
848915000,s,124
848991000,s,124
849107000,s,124
849179000,s,124
849249000,s,124
849307000,s,124
849376000,s,124
849445000,s,124
849514000,s,124
849566000,r,1340
849583000,s,124
849566000,r,1340
849658000,s,124
849727000,s,124
851271000,s,124
851366000,r,1340
851367000,r,1340
851367000,r,1340
851367000,r,1340
851367000,r,1340
851367000,r,1340
851591000,s,124
851679000,s,124
851720000,r,1340
851750000,s,124
851721000,r,1340
851721000,r,1340
851721000,r,1340
851721000,r,1340
851721000,r,1340
851798000,r,1340
851798000,r,1340
851798000,r,1340
851812000,s,124
851875000,s,124
851948000,s,124
852028000,s,124
852132000,s,124
852172000,s,124
852196000,s,124
852207000,s,124
852217000,s,124
852226000,s,124
852325000,s,124
852346000,s,124
852361000,s,124
852370000,s,124
852379000,s,124
852387000,s,124
852398000,s,124
852407000,s,124
852415000,s,124
852425000,s,124
852434000,s,124
852442000,s,124
852451000,s,124
852460000,s,124
852468000,s,124
852478000,s,124
852496000,s,124
852647000,s,124
852686000,s,124
852715000,s,124
852728000,s,124
853039000,s,124
853343000,s,124
853379000,s,124
853398000,s,124
853408000,s,124
853416000,s,124
853423000,s,124
853430000,s,124
853438000,s,124
853445000,s,124
853453000,s,124
853460000,s,124
853468000,s,124
853475000,s,124
853482000,s,124
853489000,s,124
853497000,s,124
853504000,s,124
853513000,s,124
853520000,s,124
853527000,s,124
853537000,s,124
853544000,s,124
853552000,s,124
853560000,s,124
853567000,s,124
853574000,s,124
853581000,s,124
853589000,s,124
853596000,s,124
853604000,s,124
853611000,s,124
853620000,s,124
853629000,s,124
853638000,s,124
853646000,s,124
853659000,s,124
853673000,s,124
853687000,s,124
853698000,s,124
853707000,s,124
853719000,s,124
854548000,r,1340
854548000,r,1340
854548000,r,1340
854548000,r,1340
854548000,r,1340
854548000,r,1340
854548000,r,1340
854549000,r,1340
854676000,r,1340
854676000,r,1340
854676000,r,1340
854676000,r,1340
854676000,r,1340
854676000,r,1340
854676000,r,1340
854677000,r,1340
854718000,r,1340
854718000,r,1340
854718000,r,1340
854718000,r,1340
854718000,r,1340
854718000,r,1340
854718000,r,1340
854719000,r,1340
854755000,r,1340
854755000,r,1340
854755000,r,1340
855161000,r,1340
855161000,r,1340
855161000,r,1340
855161000,r,1340
855162000,r,1340
855162000,r,1340
855162000,r,1340
855162000,r,1340
855253000,r,1340
855253000,r,1340
855253000,r,1340
855253000,r,1340
855253000,r,1340
855254000,r,1340
855254000,r,1340
855625000,s,124
855690000,r,1340
855690000,r,1340
855691000,r,1340
855850000,s,124
855984000,s,124
856683000,s,124
856763000,s,124
857191000,r,1340
857191000,r,1340
857191000,r,1340
857191000,r,1340
857191000,r,1340
857191000,r,1340
857192000,r,1340
857192000,r,1340
857303000,r,1340
857303000,r,1340
857303000,r,1340
857303000,r,1340
857303000,r,1340
857303000,r,1340
857304000,r,1340
857304000,r,1340
857357000,r,1340
857357000,r,1340
857357000,r,1340
857357000,r,1340
857358000,r,1340
857358000,r,1340
857358000,r,1340
857358000,r,1340
857416000,r,1340
857416000,r,1340
857416000,r,1340
859233000,s,124
859430000,s,124
860083000,r,1340
860084000,r,1340
860084000,r,1340
860084000,r,1340
860084000,r,1340
860084000,r,1340
860084000,r,1340
860085000,r,1340
860184000,r,1340
860184000,r,1340
860184000,r,1340
860185000,r,1340
860185000,r,1340
860185000,r,1340
860185000,r,1340
860185000,r,1340
860218000,r,1340
860219000,r,1340
860234000,r,1340
860234000,r,1340
860234000,r,1340
860234000,r,1340
860234000,r,1340
860234000,r,1340
860950000,s,124
861018000,r,1340
861018000,r,1340
861018000,r,1340
861268000,s,124
861353000,s,124
862397000,r,1340
862397000,r,1340
862397000,r,1340
862397000,r,1340
862398000,r,1340
862801000,s,124
862895000,s,124
863291000,s,124
867276000,s,124
868060000,r,1340
868060000,r,1340
868060000,r,1340
868060000,r,1340
868061000,r,1340
868061000,r,1340
868061000,r,1340
868061000,r,1340
868152000,r,1340
868152000,r,1340
868152000,r,1340
868152000,r,1340
868153000,r,1340
868153000,r,1340
868153000,r,1340
868153000,r,1340
868184000,r,1340
868185000,r,1340
868185000,r,1340
868185000,r,1340
868185000,r,1340
868185000,r,1340
868185000,r,1340
868185000,r,1340
868214000,r,1340
868384000,r,1340
868384000,r,1340
868385000,r,1340
868765000,s,124
869181000,s,124
869252000,s,124
869885000,s,124
870151000,r,1340
870152000,r,1340
870152000,r,1340
870152000,r,1340
870152000,r,1340
870152000,r,1340
870152000,r,1340
870152000,r,1340
870218000,r,1340
870218000,r,1340
870218000,r,1340
870218000,r,1340
870218000,r,1340
870361000,s,124
870895000,s,124
871167000,s,124
871434000,s,124
871574000,s,124
871660000,s,124
871724000,r,1340
871724000,r,1340
871724000,r,1340
871724000,r,1340
871725000,r,1340
871725000,r,1340
871725000,r,1340
871725000,r,1340
871803000,r,1340
871803000,r,1340
871803000,r,1340
871803000,r,1340
871804000,r,1340
871804000,r,1340
871804000,r,1340
871804000,r,1340
871846000,r,1340
871846000,r,1340
871846000,r,1340
871846000,r,1340
871846000,r,1340
871846000,r,1340
871847000,r,1340
871847000,r,1340
871894000,r,1340
871894000,r,1340
871894000,r,1340
871894000,r,1340
871894000,r,1340
871895000,r,1340
872025000,r,1340
872025000,r,1340
872025000,r,1340
872025000,r,1340
872025000,r,1340
872026000,r,1340
872236000,r,1340
872236000,r,1340
872236000,r,1340
872447000,r,1340
872447000,r,1340
872447000,r,1340
872641000,r,1340
872641000,r,1340
872641000,r,1340
873271000,r,1340
873271000,r,1340
873271000,r,1340
873271000,r,1340
873271000,r,1340
873271000,r,1340
873271000,r,1340
873271000,r,1340
873366000,r,1340
873366000,r,1340
873366000,r,1340
873366000,r,1340
873560000,r,1340
873560000,r,1340
873561000,r,1340
873849000,s,124
874006000,s,124
874272000,r,1340
874272000,r,1340
874272000,r,1340
874316000,s,124
874574000,r,1340
874574000,r,1340
874575000,r,1340
874575000,r,1340
874575000,r,1340
874575000,r,1340
874575000,r,1340
874575000,r,1340
874640000,r,1340
874822000,s,124
874986000,s,124
875056000,s,124
875522000,s,124
875558000,s,124
875570000,s,124
877076000,r,1340
877076000,r,1340
877076000,r,1340
877076000,r,1340
877076000,r,1340
877076000,r,1340
877076000,r,1340
877077000,r,1340
877162000,r,1340
877162000,r,1340
877162000,r,1340
877163000,r,1340
877163000,r,1340
877163000,r,1340
877163000,r,1340
877163000,r,1340
877197000,r,1340
877197000,r,1340
877197000,r,1340
877197000,r,1340
877198000,r,1340
877222000,r,1340
877222000,r,1340
877222000,r,1340
877223000,r,1340
877223000,r,1340
877223000,r,1340
877223000,r,1340
877223000,r,1340
877253000,r,1340
877767000,s,124
877810000,s,124
878068000,r,1340
878068000,r,1340
878068000,r,1340
878068000,r,1340
878069000,r,1340
878069000,r,1340
878069000,r,1340
878069000,r,1340
878150000,r,1340
878150000,r,1340
878150000,r,1340
878150000,r,1340
878241000,s,124
878288000,s,124
878871000,r,1340
878871000,r,1340
878871000,r,1340
878871000,r,1340
878871000,r,1340
878872000,r,1340
878872000,r,1340
878872000,r,1340
878962000,r,1340
879370000,r,1340
879370000,r,1340
879370000,r,1340
879370000,r,1340
879370000,r,1340
879371000,r,1340
879765000,r,1340
879765000,r,1340
879765000,r,1340
879765000,r,1340
879802000,s,124
879765000,r,1340
879765000,r,1340
879765000,r,1340
879765000,r,1340
879828000,r,1340
880798000,s,124
881514000,r,1340
881514000,r,1340
881514000,r,1340
881514000,r,1340
881514000,r,1340
881514000,r,1340
881514000,r,1340
881515000,r,1340
881592000,r,1340
881592000,r,1340
881593000,r,1340
881593000,r,1340
881593000,r,1340
882238000,s,124
882578000,s,124
883171000,r,1340
883172000,r,1340
883172000,r,1340
883172000,r,1340
883172000,r,1340
883807000,s,124
883894000,s,124
885524000,r,1340
885524000,r,1340
885524000,r,1340
885525000,r,1340
885525000,r,1340
885525000,r,1340
885525000,r,1340
885525000,r,1340
885595000,r,1340
885596000,r,1340
885596000,r,1340
885596000,r,1340
885596000,r,1340
885596000,r,1340
885596000,r,1340
885596000,r,1340
885628000,r,1340
885628000,r,1340
885628000,r,1340
885628000,r,1340
885628000,r,1340
885628000,r,1340
886260000,r,1340
886260000,r,1340
886260000,r,1340
886260000,r,1340
886260000,r,1340
886260000,r,1340
886261000,r,1340
886261000,r,1340
886325000,r,1340
886325000,r,1340
886325000,r,1340
886325000,r,1340
886363000,r,1340
886363000,r,1340
886363000,r,1340
886388000,s,124
886474000,s,124
886619000,s,124
886691000,s,124
886795000,s,124
886939000,s,124
887062000,s,124
887140000,s,124
887290000,s,124
887487000,s,124
887597000,s,124
887753000,s,124
888078000,s,124
888184000,s,124
888287000,s,124
888411000,s,124
888849000,r,1340
888849000,r,1340
888850000,r,1340
888850000,r,1340
888850000,r,1340
888850000,r,1340
888850000,r,1340
888850000,r,1340
888935000,r,1340
888935000,r,1340
888935000,r,1340
888935000,r,1340
888936000,r,1340
888936000,r,1340
888936000,r,1340
888936000,r,1340
888976000,r,1340
888976000,r,1340
888976000,r,1340
888976000,r,1340
888976000,r,1340
888977000,r,1340
888977000,r,1340
888977000,r,1340
889015000,r,1340
889015000,r,1340
889015000,r,1340
889477000,r,1340
889477000,r,1340
889478000,r,1340
889478000,r,1340
889478000,r,1340
889478000,r,1340
889478000,r,1340
889478000,r,1340
889537000,r,1340
890088000,r,1340
890088000,r,1340
890088000,r,1340
890088000,r,1340
890089000,r,1340
890089000,r,1340
890089000,r,1340
890089000,r,1340
890136000,r,1340
890136000,r,1340
890137000,r,1340
890137000,r,1340
890503000,r,1340
890503000,r,1340
890503000,r,1340
890717000,s,124
891042000,s,124
891158000,s,124
891391000,s,124
891446000,s,124
891712000,s,124
891736000,s,124
891908000,s,124
892012000,s,124
892182000,r,1340
892183000,r,1340
892183000,r,1340
892183000,r,1340
892183000,r,1340
892183000,r,1340
892183000,r,1340
892840000,s,124
892927000,s,124
892990000,s,124
893931000,r,1340
893931000,r,1340
893931000,r,1340
893932000,r,1340
893932000,r,1340
893932000,r,1340
893932000,r,1340
893932000,r,1340
894015000,r,1340
894015000,r,1340
894015000,r,1340
894015000,r,1340
894015000,r,1340
894015000,r,1340
894015000,r,1340
894016000,r,1340
894048000,r,1340
894048000,r,1340
894048000,r,1340
894049000,r,1340
894049000,r,1340
894049000,r,1340
894049000,r,1340
894049000,r,1340
894081000,r,1340
894081000,r,1340
894081000,r,1340
894081000,r,1340
894081000,r,1340
894081000,r,1340
894426000,r,1340
894426000,r,1340
894427000,r,1340
894427000,r,1340
894427000,r,1340
894427000,r,1340
894427000,r,1340
894427000,r,1340
894504000,r,1340
894504000,r,1340
894504000,r,1340
894504000,r,1340
894505000,r,1340
894505000,r,1340
894505000,r,1340
894552000,r,1340
894553000,r,1340
894553000,r,1340
894875000,r,1340
894875000,r,1340
894875000,r,1340
894875000,r,1340
894875000,r,1340
894876000,r,1340
895253000,r,1340
895253000,r,1340
895253000,r,1340
895253000,r,1340
895253000,r,1340
895253000,r,1340
895640000,r,1340
895640000,r,1340
895640000,r,1340
895995000,s,124
896104000,s,124
896375000,r,1340
896376000,r,1340
896376000,r,1340
896376000,r,1340
896376000,r,1340
896376000,r,1340
896376000,r,1340
896376000,r,1340
896464000,r,1340
896464000,r,1340
896464000,r,1340
896464000,r,1340
896465000,r,1340
896465000,r,1340
896465000,r,1340
896602000,s,124
896829000,s,124
897048000,s,124
897198000,s,124
897491000,s,124
897647000,s,124
897745000,s,124
897811000,s,124
898163000,s,124
898845000,r,1340
898845000,r,1340
898845000,r,1340
898846000,r,1340
898846000,r,1340
898846000,r,1340
898846000,r,1340
898846000,r,1340
898901000,r,1340
898901000,r,1340
898901000,r,1340
898901000,r,1340
898902000,r,1340
898902000,r,1340
898902000,r,1340
898902000,r,1340
898935000,r,1340
898935000,r,1340
898935000,r,1340
898936000,r,1340
898936000,r,1340
898936000,r,1340
898936000,r,1340
898936000,r,1340
898980000,r,1340
898980000,r,1340
898980000,r,1340
899452000,s,124
899476000,r,1340
899476000,r,1340
899476000,r,1340
899476000,r,1340
899476000,r,1340
899476000,r,1340
899476000,r,1340
899477000,r,1340
899533000,s,124
899537000,r,1340
899612000,s,124
899728000,s,124
899904000,s,124
899945000,s,124
900063000,s,124
900096000,s,124
900122000,s,124
900191000,s,124
900398000,s,124
900432000,s,124
900693000,s,124
900769000,s,124
900834000,s,124
901762000,r,1340
901762000,r,1340
901762000,r,1340
901762000,r,1340
901762000,r,1340
901762000,r,1340
901763000,r,1340
901763000,r,1340
901856000,r,1340
901856000,r,1340
901856000,r,1340
901856000,r,1340
901856000,r,1340
901857000,r,1340
901857000,r,1340
901857000,r,1340
901896000,r,1340
901896000,r,1340
901897000,r,1340
901897000,r,1340
901897000,r,1340
901897000,r,1340
901897000,r,1340
901897000,r,1340
901927000,r,1340
901927000,r,1340
901928000,r,1340
902162000,r,1340
902162000,r,1340
902162000,r,1340
902162000,r,1340
902162000,r,1340
902162000,r,1340
902299000,s,124
902530000,s,124
902791000,s,124
902892000,s,124
902950000,s,124
903026000,s,124
903080000,s,124
903198000,s,124
903254000,s,124
903372000,s,124
903403000,s,124
903513000,s,124
903880000,s,124
903926000,r,1340
903926000,r,1340
903926000,r,1340
903926000,r,1340
903927000,r,1340
903927000,r,1340
903927000,r,1340
904607000,s,124
904719000,s,124
904800000,s,124
904881000,s,124
920813000,r,1340
920813000,r,1340
920813000,r,1340
920813000,r,1340
920813000,r,1340
920813000,r,1340
920813000,r,1340
920813000,r,1340
921012000,r,1340
921012000,r,1340
921012000,r,1340
921012000,r,1340
921012000,r,1340
921012000,r,1340
921012000,r,1340
921012000,r,1340
921050000,r,1340
921050000,r,1340
921050000,r,1340
921050000,r,1340
921050000,r,1340
921050000,r,1340
921050000,r,1340
921050000,r,1340
921089000,r,1340
921089000,r,1340
921089000,r,1340
921089000,r,1340
921089000,r,1340
921089000,r,1340
921089000,r,1340
921089000,r,1340
921125000,r,1340
921125000,r,1340
921125000,r,1340
921125000,r,1340
921126000,r,1340
921126000,r,1340
921126000,r,1340
921126000,r,1340
921158000,r,1340
921159000,r,1340
921159000,r,1340
921159000,r,1340
921159000,r,1340
921159000,r,1340
921159000,r,1340
921159000,r,1340
921192000,r,1340
921192000,r,1340
921192000,r,1340
921193000,r,1340
921193000,r,1340
921193000,r,1340
921193000,r,1340
921193000,r,1340
921225000,r,1340
921225000,r,1340
921225000,r,1340
921225000,r,1340
921225000,r,1340
921225000,r,1340
921226000,r,1340
921226000,r,1340
921325000,r,1340
921325000,r,1340
921325000,r,1340
921325000,r,1340
921325000,r,1340
921325000,r,1340
921326000,r,1340
921326000,r,1340
921378000,r,1340
921378000,r,1340
921378000,r,1340
921378000,r,1340
921378000,r,1340
921378000,r,1340
921379000,r,1340
921379000,r,1340
921415000,r,1340
921415000,r,1340
921415000,r,1340
921415000,r,1340
921415000,r,1340
921416000,r,1340
921416000,r,1340
921416000,r,1340
921452000,r,1340
921452000,r,1340
921452000,r,1340
921452000,r,1340
921452000,r,1340
921452000,r,1340
921452000,r,1340
921453000,r,1340
921493000,r,1340
921493000,r,1340
921493000,r,1340
921494000,r,1340
921494000,r,1340
921494000,r,1340
921494000,r,1340
921494000,r,1340
921532000,r,1340
921533000,r,1340
921533000,r,1340
921533000,r,1340
921533000,r,1340
921533000,r,1340
921533000,r,1340
921533000,r,1340
921570000,r,1340
921570000,r,1340
921570000,r,1340
921570000,r,1340
921570000,r,1340
921570000,r,1340
921570000,r,1340
921570000,r,1340
921609000,r,1340
921609000,r,1340
921609000,r,1340
921609000,r,1340
921609000,r,1340
921609000,r,1340
921609000,r,1340
921610000,r,1340
921753000,r,1340
921753000,r,1340
921753000,r,1340
921753000,r,1340
921754000,r,1340
921754000,r,1340
921754000,r,1340
921754000,r,1340
921811000,r,1340
921812000,r,1340
921812000,r,1340
921812000,r,1340
921812000,r,1340
921812000,r,1340
921812000,r,1340
921812000,r,1340
921847000,r,1340
921847000,r,1340
921847000,r,1340
921847000,r,1340
921847000,r,1340
921847000,r,1340
921847000,r,1340
921848000,r,1340
921881000,r,1340
921881000,r,1340
921881000,r,1340
921881000,r,1340
921881000,r,1340
921881000,r,1340
921881000,r,1340
921882000,r,1340
921914000,r,1340
921913000,s,124
921914000,r,1340
921914000,r,1340
921914000,r,1340
921914000,r,1340
921914000,r,1340
921915000,r,1340
921915000,r,1340
921946000,r,1340
921946000,r,1340
921946000,r,1340
921946000,r,1340
921946000,r,1340
921946000,r,1340
921946000,r,1340
921946000,r,1340
921977000,r,1340
921977000,r,1340
922049000,s,124
922133000,s,124
922309000,s,124
922310000,r,1340
922310000,r,1340
922310000,r,1340
922311000,r,1340
922311000,r,1340
922311000,r,1340
922311000,r,1340
922311000,r,1340
922355000,r,1340
922355000,r,1340
922355000,r,1340
922355000,r,1340
922355000,r,1340
922355000,r,1340
922355000,r,1340
922355000,r,1340
922386000,r,1340
922386000,r,1340
922386000,r,1340
922386000,r,1340
922395000,s,124
922386000,r,1340
922386000,r,1340
922386000,r,1340
922386000,r,1340
922419000,r,1340
922419000,r,1340
922419000,r,1340
922419000,r,1340
922419000,r,1340
922419000,r,1340
922419000,r,1340
922420000,r,1340
922449000,r,1340
922450000,r,1340
922450000,r,1340
922450000,r,1340
922512000,s,124
922599000,r,1340
922599000,r,1340
922599000,r,1340
922600000,r,1340
922600000,r,1340
922600000,r,1340
922710000,s,124
922860000,s,124
923145000,s,124
923294000,r,1340
923294000,r,1340
923294000,r,1340
923425000,s,124
923449000,s,124
923538000,s,124
923594000,s,124
923609000,s,124
923802000,s,124
923842000,s,124
923878000,s,124
924023000,s,124
924681000,s,124
924718000,r,1340
924718000,r,1340
924718000,r,1340
924718000,r,1340
924718000,r,1340
925816000,s,124
926023000,s,124
927715000,s,124
927751000,s,124
927773000,s,124
927783000,s,124
928112000,s,124
928139000,s,124
928350000,s,124
928473000,s,124
928641000,s,124
928760000,s,124
928821000,s,124
928931000,s,124
929087000,s,124
929240000,s,124
929462000,s,124
929526000,s,124
929568000,s,124
929608000,s,124
929738000,s,124
929893000,s,124
930027000,s,124
930176000,s,124
930523000,s,124
930553000,s,124
930570000,s,124
930715000,s,124
930857000,s,124
930993000,s,124
931138000,s,124
931276000,s,124
931696000,s,124
931775000,s,124
931845000,s,124
932450000,s,124
932531000,s,124
932608000,s,124
932666000,s,124
932749000,s,124
932891000,s,124
933499000,s,124
933635000,s,124
933729000,s,124
933831000,s,124
934142000,r,1340
934142000,r,1340
934142000,r,1340
934142000,r,1340
934142000,r,1340
934142000,r,1340
934142000,r,1340
934142000,r,1340
934266000,r,1340
934266000,r,1340
934266000,r,1340
934266000,r,1340
934266000,r,1340
934459000,r,1340
934459000,r,1340
934459000,r,1340
934658000,r,1340
934659000,r,1340
934659000,r,1340
934732000,s,124
934766000,s,124
934927000,s,124
935143000,s,124
935263000,s,124
935415000,s,124
935496000,s,124
937086000,r,1340
937086000,r,1340
937087000,r,1340
937087000,r,1340
937087000,r,1340
937087000,r,1340
937951000,s,124
938680000,s,124
938779000,s,124
938999000,s,124
939197000,r,1340
939197000,r,1340
939198000,r,1340
939198000,r,1340
939198000,r,1340
939198000,r,1340
939198000,r,1340
939198000,r,1340
939269000,r,1340
939269000,r,1340
939269000,r,1340
939270000,r,1340
940557000,s,124
940615000,r,1340
940615000,r,1340
940615000,r,1340
940616000,r,1340
940616000,r,1340
940616000,r,1340
940616000,r,1340
942192000,s,124
943188000,s,124
943318000,r,1340
943318000,r,1340
943318000,r,1340
943792000,s,1340
943833000,s,220
944109000,s,124
944965000,r,1340
944965000,r,1340
944965000,r,1340
944965000,r,1340
944965000,r,1340
944966000,r,1340
944966000,r,1340
944966000,r,1340
945057000,r,1340
945057000,r,1340
945057000,r,1340
945057000,r,1340
945114000,r,1340
945114000,r,1340
945115000,r,1340
945367000,s,124
945602000,s,124
946356000,s,124
946465000,s,124
946546000,s,124
947156000,r,1340
947156000,r,1340
947156000,r,1340
947156000,r,1340
947156000,r,1340
947157000,r,1340
947157000,r,1340
947157000,r,1340
947212000,r,1340
947212000,r,1340
947212000,r,1340
947212000,r,1340
947212000,r,1340
947213000,r,1340
947213000,r,1340
947213000,r,1340
947240000,r,1340
947240000,r,1340
947240000,r,1340
947240000,r,1340
947476000,r,1340
947476000,r,1340
947476000,r,1340
947780000,r,1340
947780000,r,1340
947780000,r,1340
947780000,r,1340
947780000,r,1340
947781000,r,1340
947781000,r,1340
947781000,r,1340
947839000,r,1340
948383000,s,124
948418000,s,124
948430000,s,124
948440000,s,124
948596000,r,1340
948606000,s,124
948597000,r,1340
948597000,r,1340
948597000,r,1340
948597000,r,1340
948597000,r,1340
948597000,r,1340
948597000,r,1340
948644000,r,1340
948644000,r,1340
948644000,r,1340
948644000,r,1340
948703000,r,1340
948703000,r,1340
948703000,r,1340
948947000,s,124
948997000,s,124
949193000,s,124
949338000,s,124
949542000,s,124
949719000,s,124
950051000,s,124
950521000,r,1340
950521000,r,1340
950521000,r,1340
950521000,r,1340
950521000,r,748
950884000,s,124
950923000,s,124
954547000,r,124
954547000,r,124
971772000,s,300
989724000,s,236
994982000,s,1340
995036000,s,1340
995047000,s,172
1000485000,r,124
1004207000,r,364
1007007000,r,1340
1007007000,r,1340
1007007000,r,1340
1007007000,r,1340
1007007000,r,1340
1007007000,r,1340
1007007000,r,1340
1007008000,r,1340
1007111000,r,1340
1007111000,r,1340
1007111000,r,1340
1007111000,r,1340
1007111000,r,1340
1007111000,r,508
1007111000,r,1340
1007111000,r,1340
1007166000,r,1340
1007166000,r,1340
1007166000,r,1340
1007166000,r,1340
1007166000,r,1340
1007166000,r,1340
1007166000,r,1340
1008446000,s,124
1009963000,r,1340
1009963000,r,1340
1009964000,r,1340
1009964000,r,1340
1009964000,r,508
1009964000,r,1340
1009964000,r,1340
1009964000,r,1340
1010062000,r,1340
1010062000,r,1340
1010063000,r,1340
1010063000,r,1340
1010063000,r,1340
1010063000,r,1340
1010063000,r,1340
1010063000,r,1340
1010094000,r,1340
1010094000,r,1340
1010094000,r,1340
1010094000,r,1340
1010095000,r,1340
1010095000,r,1340
1010095000,r,1340
1010095000,r,1340
1010125000,r,1340
1010125000,r,1340
1010125000,r,1340
1010125000,r,1340
1010126000,r,1340
1010126000,r,1340
1010126000,r,1340
1010126000,r,892
1010158000,r,412
1010158000,r,1340
1010158000,r,1340
1010158000,r,1340
1010159000,r,1340
1010159000,r,1340
1010159000,r,1340
1010190000,r,1340
1010190000,r,1340
1010190000,r,1340
1010190000,r,1340
1010190000,r,1340
1010191000,r,1340
1010191000,r,1340
1010191000,r,508
1010222000,r,1340
1010223000,r,1340
1010223000,r,1340
1010223000,r,1340
1010223000,r,1340
1010223000,r,1340
1010223000,r,1340
1010632000,r,1340
1010632000,r,1340
1010632000,r,1340
1010632000,r,1340
1010633000,r,1340
1010633000,r,1340
1010706000,r,668
1010706000,r,1340
1010706000,r,1340
1011011000,r,1340
1011011000,r,1340
1011011000,r,1340
1011363000,r,1340
1011363000,r,1340
1011363000,r,1340
1011364000,r,1340
1011364000,r,1340
1011364000,r,1340
1011693000,r,1340
1011693000,r,1340
1011693000,r,508
1011693000,r,1340
1011694000,r,1340
1011694000,r,1340
1012132000,r,1340
1012132000,r,1340
1012132000,r,1340
1012633000,r,1340
1012633000,r,1340
1012633000,r,1340
1012633000,r,1340
1012633000,r,1340
1012633000,r,1340
1012633000,r,1340
1012633000,r,508
1012698000,r,1340
1012698000,r,1340
1012698000,r,1340
1012698000,r,1340
1012925000,r,1340
1012926000,r,1340
1012926000,r,1340
1012926000,r,1340
1012926000,r,1340
1012926000,r,1340
1013429000,r,1340
1013429000,r,1340
1013429000,r,1340
1013429000,r,508
1013429000,r,1340
1013429000,r,1340
1013873000,s,124
1013980000,s,124
1014030000,s,124
1014582000,s,124
1014764000,r,1340
1014764000,r,1340
1014764000,r,1340
1014764000,r,1340
1014764000,r,1340
1014764000,r,1340
1015023000,s,124
1015099000,s,124
1015165000,s,124
1015215000,s,124
1016040000,s,124
1016359000,r,1340
1016359000,r,1340
1016359000,r,1340
1016360000,r,1340
1016360000,r,1340
1016360000,r,508
1016360000,r,412
1016360000,r,1340
1016454000,r,1340
1016454000,r,1340
1016454000,r,1340
1016455000,r,1340
1016455000,r,1340
1016455000,r,1340
1016455000,r,1340
1016455000,r,1340
1016483000,r,1340
1016483000,r,1340
1016483000,r,1340
1016483000,r,1340
1016483000,r,508
1016483000,r,1340
1016484000,r,1340
1016484000,r,1340
1016509000,r,1340
1016509000,r,1340
1016509000,r,1340
1016509000,r,1340
1016509000,r,1340
1016509000,r,1340
1016509000,r,1340
1016510000,r,1340
1016534000,r,1340
1016534000,r,1340
1016534000,r,508
1016535000,r,1340
1016968000,s,124
1017280000,r,1340
1017280000,r,1340
1017280000,r,1340
1017280000,r,1340
1017280000,r,1340
1017281000,r,1340
1017281000,r,1340
1017281000,r,1340
1017359000,r,1340
1017435000,s,124
1018052000,r,1340
1018052000,r,1340
1018052000,r,1340
1018052000,r,668
1018052000,r,1340
1018052000,r,1340
1018052000,r,1340
1018052000,r,1340
1018091000,r,1340
1018091000,r,1340
1018091000,r,1340
1018091000,r,1340
1018091000,r,1340
1018092000,r,1340
1018092000,r,1340
1018092000,r,1340
1018118000,r,1340
1018118000,r,508
1018355000,r,284
1018355000,r,1340
1018355000,r,1340
1018550000,r,1340
1018551000,r,1340
1018551000,r,1340
1019371000,r,1340
1019371000,r,1340
1019371000,r,1340
1019371000,r,1340
1019371000,r,1340
1019371000,r,1340
1019371000,r,1340
1019371000,r,1340
1019455000,r,508
1019455000,r,1340
1019455000,r,1340
1019455000,r,1340
1019835000,r,1340
1019835000,r,1340
1019835000,r,1340
1019835000,r,1340
1019836000,r,1340
1019836000,r,1340
1020189000,r,1340
1020189000,r,1340
1020189000,r,1340
1020189000,r,1340
1020189000,r,668
1020189000,r,1340
1020189000,r,1340
1020190000,r,1340
1020252000,r,1340
1020439000,r,1340
1020439000,r,1340
1020439000,r,1340
1020439000,r,1340
1020439000,r,1340
1020439000,r,1340
1020790000,r,1340
1020790000,r,1340
1020790000,r,1340
1021116000,r,508
1021116000,r,1340
1021116000,r,1340
1021482000,s,124
1021518000,s,124
1021531000,s,124
1022749000,r,1340
1022749000,r,1340
1022749000,r,1340
1022749000,r,380
1022749000,r,140
1022749000,r,1340
1022750000,r,1340
1022750000,r,396
1022829000,r,1036
1022829000,r,124
1023165000,s,124
1025599000,s,172
1025636000,s,124
1030890000,r,1340
1030890000,r,1340
1030890000,r,1340
1030989000,r,1340
1030989000,r,1340
1030989000,r,1340
1030989000,r,1340
1030989000,r,1340
1030989000,r,1340
1031082000,r,1340
1031082000,r,1340
1031082000,r,1340
1031082000,r,1340
1031082000,r,1340
1031082000,r,1340
1031477000,s,124
1031639000,r,1340
1031639000,r,1340
1031639000,r,1340
1031764000,s,124
1031788000,s,124
1031882000,r,1340
1031882000,r,1340
1031882000,r,1340
1031882000,r,1340
1031882000,r,1340
1031882000,r,1340
1032146000,s,124
1032232000,s,124
1032233000,r,1340
1032233000,r,1340
1032233000,r,1340
1032233000,r,1340
1032233000,r,1340
1032233000,r,1340
1032233000,r,1340
1032233000,r,1340
1032307000,r,1340
1032556000,s,124
1032595000,r,1340
1032616000,s,124
1032595000,r,1340
1032595000,r,1340
1032743000,s,124
1032949000,s,124
1033207000,s,124
1033414000,s,124
1033485000,s,124
1033575000,s,124
1033740000,s,124
1036649000,r,1340
1036649000,r,1340
1036649000,r,1340
1036649000,r,1340
1036650000,r,1340
1036650000,r,1340
1036650000,r,1340
1036650000,r,1340
1036780000,r,1340
1036780000,r,1340
1036780000,r,1340
1036780000,r,1340
1036780000,r,1340
1036780000,r,1340
1036780000,r,1340
1036781000,r,1340
1036812000,r,1340
1036812000,r,1340
1036812000,r,1340
1036812000,r,1340
1036812000,r,1340
1036813000,r,1340
1036813000,r,1340
1036813000,r,1340
1036839000,r,1340
1036840000,r,1340
1036840000,r,1340
1036840000,r,1340
1036840000,r,1340
1036840000,r,1340
1036840000,r,1340
1036840000,r,1340
1036868000,r,1340
1036868000,r,1340
1036868000,r,1340
1036868000,r,1340
1036868000,r,1340
1036868000,r,1340
1036868000,r,1340
1036868000,r,1340
1036896000,r,1340
1036896000,r,1340
1036897000,r,1340
1036897000,r,1340
1036897000,r,1340
1036897000,r,1340
1036897000,r,1340
1036897000,r,1340
1037618000,s,124
1038163000,r,1340
1038163000,r,1340
1038163000,r,1340
1038163000,r,1340
1038163000,r,1340
1038163000,r,1340
1038163000,r,1340
1038163000,r,1228
1038245000,r,124
1038617000,s,124
1038709000,s,124
1038783000,s,124
1038994000,s,124
1039585000,r,220
1039732000,s,124
1039812000,s,124
1040387000,s,124
1040483000,s,124
1040852000,s,124
1042455000,s,124
1063847000,s,124
1342695000,r,1340
1342695000,r,1340
1342696000,r,1340
1342696000,r,1340
1342696000,r,1340
1342696000,r,1340
1342697000,r,1340
1342697000,r,1340
1343118000,r,348
1343118000,r,348
1344773000,s,124
1344844000,s,124
1344860000,s,124
1345281000,s,124
1345422000,s,124
6051519000,r,140
6051519000,r,124
6055984000,s,124
6096557000,s,124
11431519000,r,156
11431520000,r,140
11431520000,r,124
11431521000,r,124
11435694000,s,124
11436147000,s,124
11436356000,s,124
11437648000,s,124
11451507000,r,124
17125795000,s,156
17166404000,s,156
17166865000,s,156
17187500000,r,156
23235503000,s,156
23274545000,s,156
23274985000,s,156
23295448000,r,156