0,s,124
39975000,s,124
40396000,s,124
40511000,s,124
40537000,s,156
40849000,s,1340
41146000,s,988
59327000,r,156
63703000,r,124
65493000,s,124
69790000,s,1340
69870000,s,716
77707000,r,124
80998000,r,124
81922000,r,364
82991000,s,124
84298000,s,188
85556000,s,204
86164000,r,268
86326000,r,316
86726000,s,604
88476000,s,124
94287000,r,204
95338000,s,1340
95845000,r,172
95902000,s,1340
96026000,s,172
97034000,s,124
97143000,s,156
109227000,r,124
109227000,r,1372
109228000,r,1372
111799000,s,1340
111880000,s,188
112424000,s,316
112923000,s,348
114840000,s,124
126158000,r,124
134757000,r,124
146183000,r,380
148738000,s,140
3413776000,r,1340
3413777000,r,1340
3413777000,r,1340
3413778000,r,1340
3413778000,r,1340
3413779000,r,1340
3413779000,r,1340
3413780000,r,1340
3414611000,r,1340
3414612000,r,1340
3414612000,r,1340
3418747000,s,124
3419177000,s,124
3419427000,s,124
3420045000,s,124
3420309000,s,124
3434282000,r,1340
3434283000,r,556
3437054000,s,124
3479886000,s,124
3506125000,s,1340
3506536000,s,172
3538830000,r,124
3552160000,r,188
3552160000,r,268
3555341000,s,124
3564546000,s,140
3567924000,s,140
3569049000,s,140
3572098000,r,156
3572116000,s,428
3572302000,s,364
3572515000,s,284
3573244000,s,364
3574992000,r,156
3574993000,r,188
3583196000,r,124
3583309000,s,1340
3583386000,s,1340
3585988000,s,124
3587034000,r,1340
3587035000,r,1340
3587035000,r,412
3587446000,s,124
3587491000,s,124
3587506000,s,124
3591137000,s,156
3591361000,s,348
3592353000,r,364
3592778000,s,124
3594831000,r,1340
3594831000,r,1340
3594831000,r,1340
3594831000,r,1340
3594832000,r,1340
3594832000,r,1340
3594832000,r,1340
3594832000,r,1340
3594963000,r,1340
3594963000,r,1340
3594963000,r,1340
3594963000,r,1340
3594964000,r,1340
3594964000,r,508
3594964000,r,652
3594964000,r,1340
3595014000,r,1340
3595014000,r,1340
3595014000,r,1340
3595509000,s,124
3595618000,s,124
3595789000,s,124
3596036000,s,124
3596338000,s,124
3596398000,s,172
3596416000,s,124
3596574000,s,124
3596835000,s,124
3597000000,s,124
3597569000,s,572
3599800000,r,1340
3599800000,r,1340
3599800000,r,1340
3599800000,r,1340
3599800000,r,1340
3599801000,r,1340
3600186000,s,124
3600504000,s,124
3600747000,s,124
3600915000,r,140
3600915000,r,1340
3601396000,r,124
3603754000,r,124
3603755000,r,124
3604403000,s,124
3607746000,s,1340
3607868000,s,796
3608401000,r,1340
3608401000,r,1340
3608401000,r,1340
3608401000,r,1340
3608401000,r,1340
3608401000,r,1340
3608401000,r,1340
3608402000,r,1340
3608524000,r,1340
3608524000,r,1340
3608524000,r,1340
3608524000,r,1340
3608524000,r,1340
3608525000,r,1340
3608525000,r,1340
3608525000,r,1340
3608571000,r,1340
3608571000,r,1340
3608572000,r,1340
3608572000,r,1340
3608572000,r,1340
3608572000,r,1340
3608572000,r,1340
3608572000,r,1340
3608615000,r,1340
3608615000,r,1340
3608615000,r,1340
3608691000,r,1340
3608691000,r,1340
3608692000,r,1340
3608982000,s,124
3609401000,s,124
3609595000,s,124
3609695000,s,124
3610040000,s,124
3610350000,s,124
3610458000,s,124
3610618000,s,124
3610810000,s,124
3611040000,s,124
3611391000,s,124
3611478000,r,1340
3611478000,r,1340
3611478000,r,1340
3611479000,r,1340
3611479000,r,1340
3611479000,r,1340
3611479000,r,1340
3611479000,r,1340
3611570000,r,1340
3611570000,r,1340
3611570000,r,1340
3611571000,r,1340
3611571000,r,1340
3611571000,r,1340
3611571000,r,1340
3611571000,r,1340
3611651000,s,124
3611760000,s,124
3612114000,s,124
3612179000,s,124
3612464000,s,124
3612986000,s,124
3613095000,s,124
3613189000,s,124
3613293000,s,124
3613442000,s,124
3613678000,s,124
3613810000,r,1340
3613811000,r,1340
3613811000,r,1340
3613811000,r,1340
3613811000,r,1340
3613903000,s,124
3613811000,r,396
3613812000,r,1036
3613812000,r,124
3613939000,r,124
3614533000,s,124
3614595000,s,124
3616192000,s,1340
3616592000,s,124
3616956000,s,124
3619028000,r,124
3619028000,r,124
3622800000,r,1340
3622800000,r,1340
3622800000,r,1340
3622800000,r,1340
3622801000,r,1340
3622801000,r,1340
3622801000,r,1340
3622801000,r,1340
3622944000,r,1340
3622944000,r,1340
3622944000,r,1340
3622944000,r,1340
3622944000,r,1340
3622944000,r,1340
3622944000,r,1340
3622945000,r,364
3622991000,r,1340
3622991000,r,1340
3622991000,r,1340
3622991000,r,1340
3622991000,r,1340
3622992000,r,1340
3622992000,r,1340
3622992000,r,1340
3623036000,r,1340
3623036000,r,1340
3623036000,r,1340
3623036000,r,1340
3623036000,r,1340
3623037000,r,1340
3623037000,r,1340
3623037000,r,1340
3623080000,r,1340
3623080000,r,1340
3623080000,r,1340
3623080000,r,1340
3623080000,r,1340
3623080000,r,1340
3623546000,s,124
3623645000,s,124
3623687000,s,124
3623717000,s,124
3623733000,s,124
3623749000,s,124
3623765000,s,124
3623779000,s,124
3623793000,s,124
3623828000,s,124
3623946000,s,124
3623998000,s,124
3624187000,s,124
3624358000,s,124
3624497000,s,124
3624629000,s,124
3624765000,s,124
3624902000,s,124
3625049000,s,124
3625190000,s,124
3625321000,s,188
3629009000,s,668
3630170000,r,1340
3630170000,r,1340
3630170000,r,1340
3630171000,r,1340
3631048000,s,124
3631391000,s,124
3634169000,r,1340
3634169000,r,1340
3634170000,r,1340
3634170000,r,1340
3634170000,r,1340
3634170000,r,1340
3634170000,r,1340
3634171000,r,1340
3634308000,r,1340
3634308000,r,1340
3634308000,r,1340
3634309000,r,1340
3634309000,r,1340
3634309000,r,1340
3634309000,r,1340
3634309000,r,1340
3634381000,r,1340
3634381000,r,1340
3634381000,r,1340
3634381000,r,1340
3634381000,r,1340
3634382000,r,1340
3634382000,r,1340
3634382000,r,1340
3634447000,r,1340
3634447000,r,1340
3634448000,r,1340
3634448000,r,1340
3634448000,r,1340
3634448000,r,1340
3634448000,r,1340
3634449000,r,1340
3634511000,r,1340
3634511000,r,1340
3634511000,r,1340
3634511000,r,1340
3634511000,r,1340
3634512000,r,1340
3634512000,r,1340
3634512000,r,876
3634574000,r,124
3634574000,r,172
3634574000,r,1340
3634575000,r,1340
3634575000,r,1340
3634575000,r,1340
3634575000,r,1340
3634575000,r,1340
3634638000,r,1340
3634639000,r,1340
3634639000,r,1340
3634639000,r,1340
3634639000,r,1340
3634639000,r,1340
3634640000,r,1340
3634640000,r,1340
3634693000,r,220
3635043000,s,124
3635188000,s,124
3635314000,s,124
3635434000,s,124
3635541000,s,124
3635652000,s,124
3635764000,s,124
3635896000,s,124
3635999000,s,124
3636092000,s,124
3636189000,s,124
3636293000,s,124
3636398000,s,124
3636506000,s,124
3636616000,s,124
3636731000,s,124
3636837000,s,124
3636938000,s,124
3637034000,s,124
3637137000,s,124
3637251000,s,124
3637358000,s,124
3637461000,s,124
3637573000,s,124
3637683000,s,124
3637788000,s,124
3637942000,r,1340
3637942000,r,1340
3637942000,r,1340
3638510000,s,124
3638827000,s,124
3639248000,s,124
3639700000,s,124
3641318000,r,1340
3641318000,r,1340
3641318000,r,1340
3641318000,r,1340
3641319000,r,1340
3641319000,r,1340
3641882000,s,124
3641951000,s,124
3641975000,s,124
3649126000,s,124
3649334000,s,124
3649802000,s,124
3652528000,r,1340
3652528000,r,1340
3652529000,r,1340
3652529000,r,1340
3652529000,r,1340
3652529000,r,1340
3652529000,r,1340
3652529000,r,1340
3652696000,r,1340
3652696000,r,1340
3652696000,r,1340
3652696000,r,1340
3652697000,r,1340
3652697000,r,1340
3652697000,r,1340
3652697000,r,1340
3652757000,r,1340
3652757000,r,1340
3652757000,r,1340
3652757000,r,1340
3652758000,r,1340
3652758000,r,1340
3652758000,r,1340
3652758000,r,1340
3652814000,r,1340
3652814000,r,1340
3652815000,r,1340
3652815000,r,1340
3652815000,r,1340
3652815000,r,1340
3652815000,r,1340
3652816000,r,1340
3652870000,r,1340
3652870000,r,1340
3652870000,r,1340
3652870000,r,1340
3652870000,r,1340
3652871000,r,1340
3652871000,r,1340
3652871000,r,1340
3652924000,r,1340
3652924000,r,1340
3652924000,r,1340
3652924000,r,1340
3652925000,r,1340
3652925000,r,1340
3652925000,r,1340
3652925000,r,1340
3652980000,r,1340
3652980000,r,1340
3652980000,r,1340
3652981000,r,1340
3652981000,r,1340
3652981000,r,1340
3652981000,r,1340
3652981000,r,1340
3653043000,r,1340
3653044000,r,1340
3653044000,r,1340
3653044000,r,1340
3653044000,r,1340
3653044000,r,124
3653045000,r,204
3653045000,r,124
3653146000,r,1340
3653146000,r,1340
3653146000,r,1340
3653146000,r,1340
3653147000,r,1340
3653147000,r,1340
3653147000,r,1340
3653147000,r,1340
3653209000,r,1340
3653209000,r,1340
3653209000,r,1340
3653209000,r,1340
3653209000,r,1340
3653210000,r,1340
3653210000,r,1340
3653210000,r,1340
3653260000,r,1340
3653260000,r,1340
3653260000,r,1340
3654027000,r,1340
3654028000,r,1340
3654028000,r,1340
3654028000,r,1340
3654028000,r,1340
3654288000,s,124
3654355000,s,124
3654378000,s,124
3654399000,s,124
3654411000,s,124
3654424000,s,124
3654437000,s,124
3654451000,s,124
3654463000,s,124
3654475000,s,124
3654486000,s,124
3654498000,s,124
3654672000,s,124
3654854000,s,124
3655155000,s,124
3655276000,s,124
3655408000,s,124
3655773000,s,124
3655963000,s,124
3656108000,s,124
3656208000,s,124
3656287000,s,124
3656430000,s,124
3656572000,s,124
3656648000,s,124
3656911000,s,124
3657064000,s,124
3657134000,s,124
3657275000,s,124
3657402000,r,1340
3657402000,r,1340
3657402000,r,1340
3657592000,s,124
3658069000,s,124
3658255000,s,124
3659132000,r,1340
3659132000,r,1340
3659132000,r,1340
3659133000,r,1340
3659133000,r,1340
3659133000,r,1340
3659502000,r,1340
3659502000,r,1340
3659502000,r,1340
3659650000,r,1340
3659654000,s,124
3659650000,r,1340
3659650000,r,1340
3659873000,s,124
3660004000,s,124
3660245000,s,124
3660485000,s,124
3660684000,s,124
3660802000,s,124
3660960000,r,1340
3660960000,r,1340
3660960000,r,1340
3661138000,s,124
3661167000,s,124
3661444000,s,124
3661541000,s,124
3661647000,s,124
3661781000,s,124
3661916000,s,124
3662048000,s,124
3662199000,s,124
3662343000,s,124
3662590000,s,124
3662725000,s,124
3664324000,r,1340
3664324000,r,1340
3664324000,r,1340
3664930000,s,124
3665117000,s,124
3665955000,r,1340
3665955000,r,1340
3665955000,r,1340
3665955000,r,1340
3665955000,r,1340
3665956000,r,1340
3665956000,r,1340
3665956000,r,1340
3666069000,r,1340
3666069000,r,1340
3666069000,r,1340
3666069000,r,1340
3666069000,r,1340
3666069000,r,1340
3666069000,r,1340
3666070000,r,1340
3666110000,r,1340
3666110000,r,1340
3666110000,r,1340
3666110000,r,1340
3666110000,r,1340
3666110000,r,748
3666110000,r,156
3666110000,r,156
3666176000,r,140
3666176000,r,124
3666842000,s,124
3667013000,s,124
3667156000,s,124
3667517000,s,124
3667742000,s,124
3667978000,s,124
3668147000,s,124
3668342000,s,124
3668552000,s,124
3669015000,s,124
3669163000,s,124
3674307000,s,1340
3674434000,s,1340
3674517000,s,172
3675437000,r,1340
3675437000,r,1340
3675437000,r,1340
3675438000,r,1340
3675438000,r,1340
3675438000,r,1340
3675438000,r,1340
3676212000,s,124
3676344000,r,1340
3676344000,r,1340
3676344000,r,1340
3676344000,r,428
3676401000,s,124
3676677000,s,124
3676874000,s,124
3677117000,s,124
3677338000,s,124
3680682000,s,588
3692563000,r,140
3693256000,r,1340
3702883000,s,236
3703474000,s,220
3703522000,s,236
3703537000,s,236
3703737000,s,220
3708899000,r,1340
3708899000,r,396
3708899000,r,1036
3708899000,r,124
3708899000,r,1340
3708899000,r,1340
3708900000,r,1340
3708900000,r,1340
3709068000,r,1340
3709841000,r,1340
3709841000,r,1340
3709841000,r,1340
3709841000,r,1340
3709842000,r,1340
3709842000,r,476
3711569000,s,1340
3711890000,s,124
3712555000,s,124
3714704000,s,124
3714792000,s,124
3714865000,s,124
3714917000,s,124
3719408000,r,124
3722504000,r,364
3722504000,r,1340
3722504000,r,1340
3722504000,r,1340
3722504000,r,1340
3722505000,r,1340
3722505000,r,1340
3722505000,r,1340
3722626000,r,1340
3722627000,r,1340
3722627000,r,1340
3722627000,r,1340
3722627000,r,1340
3722627000,r,1340
3722627000,r,1340
3722627000,r,1340
3722662000,r,1340
3722663000,r,1340
3722663000,r,1340
3722663000,r,1340
3722663000,r,1340
3722663000,r,1340
3722663000,r,1340
3722663000,r,1340
3722697000,r,1340
3722698000,r,1340
3722698000,r,1340
3722698000,r,892
3722698000,r,1340
3722698000,r,1340
3722698000,r,1340
3722698000,r,1340
3722731000,r,1340
3722731000,r,1340
3722732000,r,1340
3722732000,r,1340
3722732000,r,1340
3722732000,r,1340
3722732000,r,1340
3722732000,r,1340
3722765000,r,1340
3722765000,r,1340
3722765000,r,1340
3722765000,r,1340
3722765000,r,1340
3722806000,r,1340
3722806000,r,1340
3722806000,r,1340
3722806000,r,1340
3722806000,r,1340
3722806000,r,1340
3723050000,s,124
3723156000,r,1340
3723156000,r,1340
3723156000,r,1340
3723157000,r,892
3723157000,r,1340
3723157000,r,1340
3723272000,s,124
3723553000,s,124
3723877000,s,124
3724021000,s,124
3724180000,s,124
3724318000,r,1340
3724318000,r,1340
3724318000,r,1340
3724318000,r,1340
3724318000,r,1340
3724318000,r,1340
3724318000,r,1340
3724318000,r,1340
3724375000,r,1340
3724455000,s,124
3724481000,s,124
3724745000,s,124
3724984000,r,1340
3724984000,r,1340
3724984000,r,1340
3725041000,s,124
3725175000,s,124
3725281000,s,124
3725563000,s,124
3725753000,s,124
3725855000,s,124
3726110000,s,124
3726338000,s,124
3726606000,s,124
3726715000,s,124
3726822000,s,124
3726985000,r,1340
3726985000,r,1340
3726985000,r,1340
3727103000,s,124
3727221000,s,124
3727262000,s,124
3727476000,s,124
3727596000,s,124
3727704000,s,124
3727803000,s,124
3727878000,s,124
3727960000,s,124
3728359000,s,124
3728507000,s,124
3728667000,s,124
3728866000,s,124
3729223000,s,124
3729346000,s,124
3729525000,s,124
3729635000,r,1340
3729635000,r,1340
3729635000,r,1340
3729635000,r,1340
3729636000,r,1340
3729636000,r,1340
3729636000,r,1340
3729636000,r,1340
3729720000,r,1340
3729720000,r,1340
3729720000,r,332
3729720000,r,1340
3729720000,r,1340
3729720000,r,1340
3729720000,r,1340
3730167000,s,124
3730270000,s,124
3730355000,s,124
3730435000,s,124
3733416000,r,1340
3733417000,r,1340
3733417000,r,1340
3734227000,s,124
3734833000,r,1340
3734833000,r,1340
3734833000,r,1340
3735376000,s,124
3735537000,s,124
3741353000,s,124
3746899000,s,204
3762160000,r,1340
3762161000,r,1340
3762161000,r,1340
3762922000,r,1340
3762923000,r,1340
3762923000,r,1340
3762923000,r,1340
3762923000,r,1340
3762923000,r,1340
3762924000,r,1340
3762924000,r,1340
3763004000,r,1340
3763005000,r,1340
3763005000,r,1340
3763005000,r,1340
3763005000,r,1340
3763005000,r,1340
3763006000,r,1340
3763006000,r,1340
3763071000,r,1340
3763071000,r,1340
3763072000,r,1340
3763072000,r,1340
3763072000,r,1340
3763072000,r,1340
3763072000,r,1340
3763073000,r,1340
3763133000,r,1340
3763133000,r,1340
3763133000,r,1340
3763133000,r,1340
3763133000,r,1340
3763134000,r,1340
3763134000,r,1340
3763134000,r,1340
3763192000,r,1340
3763193000,r,1340
3763193000,r,1340
3763193000,r,1340
3763193000,r,1340
3763193000,r,1340
3763194000,r,1340
3763194000,r,1340
3763254000,r,1340
3763254000,r,1340
3763254000,r,1340
3763254000,r,1340
3763255000,r,1340
3763255000,r,1340
3763255000,r,1340
3763255000,r,1340
3763315000,r,1340
3763315000,r,1340
3763315000,r,1340
3763315000,r,1340
3763316000,r,1340
3763316000,r,1340
3763316000,r,1340
3763316000,r,1340
3763446000,r,1340
3763446000,r,1340
3763446000,r,1340
3763446000,r,1340
3763446000,r,1340
3763447000,r,1340
3763447000,r,1340
3763447000,r,1340
3763544000,r,1340
3763544000,r,1340
3763544000,r,1340
3763544000,r,1340
3763545000,r,1340
3763545000,r,1340
3763545000,r,1340
3763545000,r,1340
3763642000,r,1340
3763642000,r,1340
3763642000,r,1340
3763643000,r,1340
3763643000,r,1340
3763643000,r,1340
3763643000,r,1340
3763643000,r,1340
3763695000,r,1340
3763695000,r,1340
3763695000,r,1340
3763695000,r,1340
3763695000,r,1340
3763696000,r,1340
3763696000,r,1340
3763696000,r,1340
3763746000,r,1340
3763747000,r,1340
3763747000,r,1340
3763747000,r,1340
3763747000,r,1340
3763747000,r,1340
3763748000,r,1340
3763748000,r,1340
3763798000,r,1340
3763798000,r,220
3763799000,r,124
3763799000,r,1340
3763799000,r,1340
3763799000,r,1340
3763842000,r,1340
3763842000,r,1340
3763843000,r,1340
3763843000,r,1340
3763843000,r,1340
3763843000,r,1340
3763843000,r,1340
3763844000,r,1340
3763898000,r,1340
3763898000,r,1340
3763898000,r,1340
3763899000,r,1340
3763899000,r,1340
3763899000,r,1340
3763899000,r,1340
3763899000,r,1340
3763952000,r,1340
3763952000,r,1340
3763952000,r,1340
3763952000,r,1340
3763952000,r,1340
3763953000,r,1340
3763953000,r,1340
3763953000,r,1340
3764006000,r,1340
3764006000,r,1340
3764006000,r,1340
3764007000,r,1340
3764007000,r,1340
3764007000,r,1340
3764007000,r,1340
3764007000,r,1340
3764079000,r,1340
3764079000,r,1340
3764079000,r,1340
3764079000,r,1340
3764080000,r,1340
3764080000,r,1340
3764080000,r,1340
3764080000,r,1340
3764157000,r,1340
3764157000,r,1340
3764157000,r,1340
3764158000,r,1340
3764158000,r,1340
3764543000,s,124
3764614000,s,124
3764757000,s,124
3766545000,s,124
3766744000,s,124
3766800000,s,124
3766888000,s,124
3767031000,s,124
3767184000,s,124
3767233000,s,124
3768048000,r,1340
3768048000,r,1340
3768048000,r,1340
3768048000,r,1340
3768049000,r,1340
3768049000,r,1340
3768049000,r,1340
3768049000,r,1340
3768139000,r,1340
3768140000,r,1340
3768140000,r,1340
3768140000,r,1340
3768140000,r,1340
3768140000,r,1340
3768140000,r,1340
3768253000,s,124
3768401000,s,124
3768571000,s,124
3768843000,r,1340
3768843000,r,1340
3768843000,r,1340
3768843000,r,1340
3768844000,r,1340
3768844000,r,1340
3768844000,r,1340
3768844000,r,1340
3768960000,r,1340
3769393000,r,1340
3769393000,r,1340
3769394000,r,1340
3769394000,r,1340
3769394000,r,1340
3769394000,r,1340
3769394000,r,1340
3769394000,r,1340
3769496000,r,1340
3769496000,r,1340
3769496000,r,1340
3769496000,r,1340
3769587000,r,1340
3769587000,r,1340
3769587000,r,1340
3770233000,s,124
3770281000,s,124
3770299000,s,124
3770310000,s,124
3770508000,s,124
3770555000,s,124
3771123000,s,124
3771153000,s,124
3771150000,r,1340
3771150000,r,1340
3771151000,r,1340
3771151000,r,1340
3771151000,r,1340
3771151000,r,1340
3771151000,r,1340
3771290000,s,124
3771297000,r,476
3771297000,r,124
3771734000,s,124
3771855000,s,124
3772333000,s,124
3772504000,s,124
3772683000,s,124
3773051000,s,124
3780811000,r,1340
3780811000,r,1340
3780811000,r,1340
3780811000,r,1340
3780811000,r,1340
3780812000,r,1340
3782031000,s,124
3784876000,r,1340
3784877000,r,1340
3784877000,r,1340
3784877000,r,1340
3784877000,r,1340
3784877000,r,1340
3784878000,r,1340
3784878000,r,1340
3785038000,r,1340
3785038000,r,1340
3785038000,r,1340
3785038000,r,1340
3785039000,r,1340
3785039000,r,1340
3785039000,r,1340
3785039000,r,1340
3785106000,r,1340
3785106000,r,1340
3785106000,r,1340
3785106000,r,1340
3785107000,r,1340
3785107000,r,1340
3785107000,r,1340
3785107000,r,1340
3785176000,r,1340
3785176000,r,1340
3785176000,r,1340
3785177000,r,1340
3785177000,r,1340
3785177000,r,1340
3785177000,r,1340
3785177000,r,1340
3785244000,r,1340
3785245000,r,1340
3785245000,r,1340
3785245000,r,1340
3785245000,r,1340
3785246000,r,1340
3785246000,r,1340
3785246000,r,1340
3785313000,r,1340
3785313000,r,1340
3785313000,r,1340
3785313000,r,1340
3785314000,r,1340
3785314000,r,1340
3785314000,r,1340
3785314000,r,1340
3785372000,r,1340
3785372000,r,1340
3785373000,r,1340
3785443000,r,1340
3785443000,r,1340
3785443000,r,1340
3785443000,r,1340
3785444000,r,1340
3785444000,r,1340
3785588000,r,1340
3785589000,r,1340
3785589000,r,1340
3785589000,r,1340
3785589000,r,1340
3785590000,r,1340
3785902000,r,1340
3785902000,r,1340
3785903000,r,1340
3786345000,s,124
3786777000,r,1340
3786778000,r,1340
3786778000,r,1340
3786881000,s,124
3787049000,s,124
3787836000,s,124
3788142000,s,124
3788488000,s,124
3788535000,s,124
3788820000,s,124
3789398000,s,124
3789455000,s,124
3789470000,s,124
3789902000,s,124
3790039000,s,124
3790456000,s,124
3791541000,s,124
3791571000,r,1340
3791662000,s,124
3791571000,r,1340
3791571000,r,1340
3791879000,s,124
3791937000,s,124
3791953000,s,124
3792645000,s,124
3793075000,s,124
3793408000,r,1340
3793408000,r,1340
3793408000,r,1340
3793408000,r,1340
3793409000,r,1340
3793409000,r,1340
3793409000,r,1340
3793409000,r,1340
3793567000,r,1340
3793997000,s,124
3794060000,s,124
3794082000,s,124
3794617000,s,124
3797272000,s,156
3797302000,s,156
3799874000,r,1340
3799874000,r,1340
3799874000,r,1340
3800386000,s,124
3802154000,r,1340
3802154000,r,1340
3802155000,r,1340
3802158000,r,1340
3802159000,r,1340
3802159000,r,1340
3802159000,r,1340
3802159000,r,1340
3802262000,r,1340
3802262000,r,1340
3802262000,r,1340
3802262000,r,1340
3802262000,r,1340
3802262000,r,1340
3802263000,r,1340
3802263000,r,1340
3802341000,r,1340
3802341000,r,1340
3802341000,r,1340
3802341000,r,1340
3802341000,r,1340
3802342000,r,1340
3802342000,r,1340
3802342000,r,1340
3802376000,r,1340
3802376000,r,1340
3802376000,r,1340
3802429000,s,124
3802617000,s,124
3802644000,s,124
3802656000,s,124
3802664000,s,124
3803060000,s,124
3803093000,s,124
3803106000,s,124
3803113000,s,124
3803807000,s,124
3803876000,s,124
3804140000,s,124
3804213000,s,124
3804553000,s,124
3845161000,s,1340
3845322000,s,220
3846066000,r,1340
3846066000,r,1340
3846067000,r,1340
3846067000,r,1340
3846067000,r,1340
3846067000,r,1340
3846067000,r,1340
3846068000,r,1340
3846281000,r,1340
3846281000,r,1340
3846281000,r,1340
3846281000,r,1340
3846282000,r,1340
3846282000,r,1340
3846282000,r,1340
3846282000,r,1340
3846344000,r,1340
3846344000,r,1340
3846982000,s,124
3847124000,s,124
3847230000,s,124
3847301000,s,124
3847396000,s,124
3847495000,s,124
3847593000,s,124
3847688000,s,124
3847859000,s,124
3866005000,r,1340
3866005000,r,1340
3866005000,r,1340
3866006000,r,1340
3866006000,r,1340
3866006000,r,1340
3866006000,r,1340
3866006000,r,1340
3866377000,r,1340
3866377000,r,1340
3866377000,r,1340
3866377000,r,1340
3866378000,r,1340
3866378000,r,1340
3866378000,r,1340
3866378000,r,1340
3866441000,r,1340
3866441000,r,1340
3866441000,r,1340
3866441000,r,1340
3866442000,r,1340
3866442000,r,1340
3866442000,r,1340
3866442000,r,1340
3866502000,r,1340
3866503000,r,1340
3866503000,r,1340
3866503000,r,1340
3866503000,r,1340
3866503000,r,1340
3866504000,r,1340
3866504000,r,1340
3866562000,r,1340
3866562000,r,1340
3866562000,r,1340
3866562000,r,1340
3866562000,r,1340
3866563000,r,1340
3866563000,r,1340
3866563000,r,1340
3866618000,r,1340
3866618000,r,1340
3866618000,r,1340
3866619000,r,1340
3866619000,r,1340
3866619000,r,1340
3866619000,r,1340
3866619000,r,1340
3866673000,r,1340
3866674000,r,1340
3866674000,r,1340
3866674000,r,1340
3866674000,r,1340
3866674000,r,1340
3866675000,r,1340
3866675000,r,1340
3866729000,r,1340
3866729000,r,1340
3866729000,r,1340
3866729000,r,1340
3866729000,r,1340
3866730000,r,1340
3866730000,r,1340
3866730000,r,1340
3866838000,r,1340
3866838000,r,1340
3866839000,r,1340
3866839000,r,1340
3866839000,r,1340
3866839000,r,1340
3866839000,r,1340
3866840000,r,1340
3866898000,r,1340
3866898000,r,1340
3866898000,r,1340
3866898000,r,1340
3866898000,r,1340
3866899000,r,1340
3866899000,r,1340
3866899000,r,1340
3866955000,r,1340
3866955000,r,1340
3866955000,r,1340
3866955000,r,1340
3866956000,r,1340
3866956000,r,1340
3866956000,r,1340
3866956000,r,1340
3867010000,r,1340
3867010000,r,1340
3867011000,r,1340
3867011000,r,1340
3867011000,r,1340
3867011000,r,1340
3867011000,r,1340
3867012000,r,1340
3867064000,r,1340
3867064000,r,1340
3867064000,r,1340
3867064000,r,1340
3867065000,r,1340
3867065000,r,1340
3867065000,r,1340
3867065000,r,1340
3867179000,r,1340
3867179000,r,1340
3867179000,r,1340
3867179000,r,1340
3867179000,r,1340
3867179000,r,1340
3867180000,r,1340
3867180000,r,1340
3867273000,r,1340
3867273000,r,1340
3867273000,r,1340
3867273000,r,1340
3868413000,s,124
3868500000,s,124
3868621000,s,124
3868886000,s,124
3869284000,s,124
3869523000,s,124
3870323000,s,124
3870498000,s,156
3870955000,s,124
3871098000,s,124
3873113000,s,124
3873954000,s,124
3874023000,s,124
3874310000,s,124
3875042000,s,124
3875288000,s,124
3875914000,s,124
3876176000,s,124
3876397000,s,124
3876786000,s,124
3877034000,s,124
3877709000,s,124
3878021000,s,124
3878104000,s,124
3878458000,s,124
3878895000,s,124
3879195000,s,124
3879473000,s,124
3879955000,s,124
3881460000,s,124
3881568000,s,124
3881607000,s,124
3881619000,s,124
3881630000,s,124
3881641000,s,124
3881822000,s,124
3882089000,s,124
3882647000,s,124
3882671000,s,124
3882679000,s,124
3882896000,s,124
3883161000,s,124
3883329000,s,124
3883363000,s,124
3883665000,r,1340
3883701000,s,124
3883666000,r,1340
3883666000,r,1340
3883666000,r,1340
3883666000,r,1340
3883666000,r,1340
3883666000,r,1340
3883666000,r,1340
3883791000,r,1340
3883791000,r,1340
3883791000,r,1340
3883791000,r,1340
3883791000,r,1340
3883791000,r,1340
3883791000,r,1340
3883791000,r,1340
3883834000,r,1340
3883834000,r,1340
3883834000,r,1340
3883834000,r,1340
3883834000,r,1340
3883849000,s,124
3883834000,r,1340
3883834000,r,1340
3883835000,r,1340
3883873000,r,1340
3883873000,r,1340
3883874000,r,1340
3883874000,r,1340
3883874000,r,1340
3883874000,r,1340
3883874000,r,1340
3883874000,r,1340
3883914000,r,1340
3883915000,r,1340
3883915000,r,1340
3883915000,r,1340
3883915000,r,1340
3883915000,r,1340
3883915000,r,1340
3883915000,r,1340
3883953000,r,1340
3883953000,r,1340
3883953000,r,1340
3883953000,r,1340
3883953000,r,1340
3883953000,r,1340
3883953000,r,1340
3883954000,r,1340
3883986000,r,1340
3883986000,r,1340
3883986000,r,1340
3884108000,s,124
3884166000,s,124
3884510000,s,124
3884602000,s,124
3884791000,s,124
3884898000,s,124
3885031000,s,124
3885230000,s,124
3885273000,s,124
3885286000,s,124
3885301000,s,124
3885310000,s,124
3885317000,s,124
3885384000,s,124
3885529000,s,124
3885629000,s,124
3885731000,s,124
3885820000,s,124
3885886000,s,124
3885969000,s,124
3886030000,s,124
3886112000,s,124
3886677000,s,124
3886757000,s,124
3886968000,s,124
3887038000,s,124
3887096000,s,124
3887151000,s,124
3887197000,s,124
3887255000,s,124
3887467000,s,124
3887531000,s,124
3887590000,s,124
3887670000,s,124
3887722000,s,124
3888495000,s,124
3889862000,s,124
3889991000,s,124
3890100000,s,220
3894189000,r,1340
3894190000,r,1340
3894190000,r,1340
3894190000,r,1340
3894190000,r,1340
3894190000,r,1340
3894190000,r,1340
3894190000,r,1340
3894409000,r,1340
3894409000,r,1340
3894409000,r,1340
3894409000,r,1340
3894409000,r,1340
3894409000,r,1340
3894410000,r,1340
3894410000,r,1340
3894455000,r,1340
3894455000,r,1340
3894455000,r,1340
3894455000,r,1340
3894455000,r,1340
3894456000,r,1340
3894456000,r,1340
3894456000,r,1340
3894500000,r,1340
3894500000,r,1340
3894501000,r,1340
3894501000,r,1340
3894501000,r,1340
3894501000,r,1340
3894501000,r,1340
3894501000,r,1340
3894544000,r,1340
3894544000,r,1340
3894544000,r,124
3894544000,r,124
3894545000,r,1340
3894545000,r,1340
3894545000,r,1340
3894545000,r,1340
3894586000,r,1340
3894586000,r,1340
3894587000,r,1340
3894587000,r,1340
3894587000,r,1340
3894587000,r,1340
3894587000,r,1340
3894587000,r,1340
3894624000,r,1340
3895343000,s,124
3895488000,s,124
3895600000,s,124
3895885000,s,124
3896021000,s,124
3896158000,s,124
3896323000,s,124
3896552000,s,124
3896599000,s,124
3896775000,s,124
3897093000,s,124
3897269000,s,124
3897363000,s,124
3897602000,s,124
3897727000,s,124
3897988000,s,124
3898228000,s,124
3899036000,s,124
3899288000,s,124
3899380000,s,124
3899479000,s,124
3899652000,s,124
3899834000,s,124
3912949000,s,300
3917287000,r,1340
3917287000,r,1340
3917288000,r,1340
3917288000,r,1340
3917288000,r,1340
3917288000,r,1340
3917288000,r,124
3917288000,r,1340
3917412000,r,124
3917412000,r,1340
3917412000,r,1340
3917412000,r,1340
3917412000,r,1340
3917412000,r,1340
3917412000,r,1340
3917412000,r,1340
3917443000,r,1340
3917443000,r,1340
3917443000,r,1340
3917443000,r,1340
3917443000,r,1340
3917443000,r,1340
3917444000,r,1340
3917444000,r,1340
3917471000,r,1340
3917471000,r,1340
3917471000,r,1340
3917471000,r,1340
3917471000,r,1340
3917471000,r,1340
3917471000,r,1340
3917471000,r,1340
3917497000,r,1340
3917497000,r,1340
3917497000,r,1340
3917497000,r,1340
3917497000,r,1340
3917497000,r,1340
3917497000,r,1340
3917497000,r,1340
3917522000,r,1340
3917522000,r,1340
3917522000,r,1340
3917522000,r,1340
3917522000,r,1340
3917522000,r,1340
3917522000,r,1340
3917522000,r,1340
3917546000,r,1340
3917546000,r,1340
3917546000,r,1340
3917546000,r,1340
3917546000,r,1340
3917546000,r,1340
3917546000,r,1340
3917546000,r,1340
3917571000,r,1340
3917571000,r,1340
3917571000,r,1340
3917571000,r,1340
3917571000,r,1340
3917571000,r,1340
3917571000,r,1340
3917572000,r,1340
3917618000,r,1340
3917618000,r,1340
3917618000,r,1340
3917618000,r,1340
3917618000,r,1340
3917618000,r,1340
3917618000,r,1340
3917618000,r,1340
3917911000,s,124
3918042000,s,124
3918155000,s,124
3918478000,s,124
3918515000,s,124
3918695000,s,124
3918886000,s,124
3919309000,s,124
3919469000,s,124
3919589000,s,124
3919993000,s,124
3920115000,s,124
3920269000,s,124
3920560000,s,124
3920658000,s,124
3920734000,s,124
3920812000,s,124
3921122000,s,124
3921160000,s,124
3921355000,s,124
3921454000,s,124
3921571000,s,124
3921633000,s,124
3921770000,s,124
3921975000,s,124
3921988000,s,124
3922089000,s,124
3922211000,s,124
3922404000,s,124
3922430000,s,124
3922440000,s,124
3922666000,s,124
3922878000,s,124
3922963000,s,124
3923194000,s,124
3923388000,s,124
3923560000,s,124
3923745000,s,124
3933927000,s,236
3950168000,r,1340
3950168000,r,1340
3950168000,r,1340
3950168000,r,1340
3950168000,r,1340
3950168000,r,1340
3950169000,r,1340
3950169000,r,1340
3950439000,r,1340
3950439000,r,1340
3950439000,r,1340
3950439000,r,1340
3950439000,r,1340
3950439000,r,1340
3950439000,r,1340
3950440000,r,1340
3950488000,r,1340
3950488000,r,1340
3950488000,r,1340
3950488000,r,1340
3950488000,r,1340
3950488000,r,1340
3950489000,r,1340
3950489000,r,1340
3950532000,r,1340
3950533000,r,1340
3950533000,r,1340
3950533000,r,1340
3950533000,r,1340
3950533000,r,1340
3950533000,r,1340
3950534000,r,1340
3950576000,r,1340
3950576000,r,1340
3950576000,r,1340
3950577000,r,1340
3950577000,r,1340
3950577000,r,1340
3950577000,r,1340
3950577000,r,1340
3950620000,r,1340
3950620000,r,1340
3950621000,r,1340
3950621000,r,1340
3950621000,r,1340
3950621000,r,1340
3950621000,r,1340
3950621000,r,1340
3950668000,r,1340
3950668000,r,1340
3950668000,r,1340
3950668000,r,1340
3950668000,r,380
3950668000,r,1340
3950669000,r,1340
3950669000,r,1340
3950713000,r,1340
3950713000,r,1340
3950714000,r,1340
3950714000,r,1340
3950714000,r,1340
3950714000,r,1340
3950714000,r,1340
3950714000,r,1340
3950799000,r,1340
3950799000,r,1340
3950799000,r,1340
3950799000,r,1340
3950799000,r,1340
3950800000,r,1340
3950800000,r,1340
3950800000,r,1340
3951493000,s,124
3951626000,s,124
3951717000,s,124
3951784000,s,124
3951846000,s,124
3951932000,s,124
3952018000,s,124
3952111000,s,124
3952204000,s,124
3952310000,s,124
3952954000,s,124
3953050000,s,124
3953134000,s,124
3953199000,s,124
3953261000,s,124
3953315000,s,124
3953366000,s,124
3953413000,s,124
3953460000,s,124
3953505000,s,124
3953555000,s,124
3953612000,s,124
3953669000,s,124
3953728000,s,124
3953801000,s,124
3953857000,s,124
3953911000,s,124
3953960000,s,124
3954006000,s,124
3954056000,s,124
3954106000,s,124
3954205000,s,124
3954272000,s,124
3954334000,s,124
3954406000,s,124
3955483000,r,1340
3955483000,r,1340
3955483000,r,1340
3955484000,r,1340
3955484000,r,1340
3955484000,r,1340
3955484000,r,1340
3955484000,r,1340
3955633000,r,1340
3955647000,r,1340
3955647000,r,1340
3955647000,r,1340
3955647000,r,1340
3955648000,r,1340
3955648000,r,1340
3955976000,r,1340
3955976000,r,1340
3955976000,r,1340
3956416000,s,124
3956475000,s,124
3956512000,r,1340
3956512000,r,1340
3956512000,r,1340
3956552000,r,1340
3956552000,r,1340
3956552000,r,1340
3956552000,r,1340
3956552000,r,1340
3956552000,r,1340
3956667000,s,124
3956764000,s,124
3956850000,s,124
3956887000,r,1340
3956888000,r,1340
3956888000,r,1340
3956888000,r,124
3956888000,r,1340
3956888000,r,1340
3957060000,s,124
3957138000,s,124
3957186000,s,124
3957445000,s,124
3957495000,r,1340
3957495000,r,1340
3957496000,r,1340
3957553000,s,124
3957496000,r,1340
3957496000,r,1340
3957496000,r,1340
3957569000,s,124
3957781000,r,1340
3957781000,r,1340
3957781000,r,1340
3957884000,s,124
3957944000,s,124
3958015000,s,124
3958110000,r,1340
3958148000,s,124
3958111000,r,1340
3958111000,r,1340
3958111000,r,1340
3958111000,r,1340
3958111000,r,1340
3958355000,s,124
3958502000,s,124
3958559000,s,124
3958631000,r,1340
3958631000,r,1340
3958631000,r,1340
3958718000,s,124
3958740000,s,124
3958748000,s,124
3958754000,s,124
3958761000,s,124
3958919000,r,1340
3958919000,r,1340
3958919000,r,1340
3958919000,r,1340
3958919000,r,1340
3958920000,r,1340
3959219000,r,1340
3959219000,r,1340
3959219000,r,1340
3959550000,r,1340
3959550000,r,1340
3959550000,r,1340
3959755000,r,124
3959755000,r,1340
3959755000,r,1340
3960044000,s,124
3960155000,s,124
3960236000,s,124
3960310000,s,124
3960391000,s,124
3960471000,s,124
3960541000,s,124
3960613000,s,124
3960689000,s,124
3961514000,r,1340
3961514000,r,1340
3961514000,r,1340
3961514000,r,1340
3961514000,r,1340
3961514000,r,1340
3962192000,s,124
3962275000,s,124
3962338000,s,124
3962927000,r,1340
3962927000,r,1340
3962927000,r,1340
3962927000,r,1340
3962927000,r,1340
3962927000,r,1340
3962927000,r,1340
3962927000,r,1340
3962998000,r,1340
3963255000,s,124
3963552000,s,124
3963633000,s,124
3963672000,r,1340
3963695000,s,124
3963672000,r,1340
3963672000,r,1340
3963672000,r,1340
3963672000,r,1340
3963672000,r,1340
3963746000,r,1340
3963746000,r,1340
3963746000,r,1340
3963855000,s,124
3963997000,s,124
3964027000,s,124
3964041000,s,124
3964048000,s,124
3964526000,r,1340
3964526000,r,1340
3964526000,r,1340
3964526000,r,1340
3964526000,r,1340
3964527000,r,1340
3964527000,r,1340
3964527000,r,1340
3964606000,r,1340
3964606000,r,1340
3964606000,r,1340
3964606000,r,1340
3964733000,s,124
3964840000,r,1340
3964840000,r,1340
3964840000,r,1340
3965038000,s,124
3965162000,s,124
3965334000,r,1340
3965334000,r,1340
3965334000,r,1340
3965334000,r,1340
3965334000,r,1340
3965334000,r,1340
3965490000,s,124
3965507000,s,124
3965527000,s,124
3965536000,s,124
3965770000,s,124
3965823000,s,124
3966059000,r,1340
3966059000,r,1340
3966059000,r,1340
3966059000,r,1340
3966060000,r,1340
3966060000,r,1340
3966142000,r,1340
3966143000,r,1340
3966143000,r,1340
3966143000,r,1340
3966143000,r,1340
3966143000,r,1340
3966186000,s,124
3966340000,s,124
3966652000,s,124
3966753000,s,124
3966809000,r,1340
3966809000,r,1340
3966809000,r,1340
3966855000,s,124
3966959000,r,1340
3966959000,r,1340
3966960000,r,1340
3966960000,r,1340
3966960000,r,1340
3966960000,r,1340
3967018000,s,124
3967236000,s,124
3967407000,s,124
3967517000,s,124
3967525000,r,1340
3967525000,r,1340
3967525000,r,1340
3967614000,s,124
3967711000,s,124
3967816000,s,124
3968028000,s,124
3968132000,s,124
3969569000,r,1340
3969569000,r,1340
3969569000,r,1340
3969569000,r,1340
3969569000,r,1340
3969569000,r,1340
3970460000,s,124
3970634000,s,124
3970779000,s,124
3975216000,r,1340
3975216000,r,1340
3975216000,r,1340
3975216000,r,1340
3975216000,r,1340
3975216000,r,1340
3975217000,r,1340
3975217000,r,1340
3975406000,r,1340
3975406000,r,1340
3975406000,r,1340
3975406000,r,1340
3975406000,r,1340
3975406000,r,1340
3975406000,r,1340
3975878000,r,1340
3975878000,r,1340
3975878000,r,1340
3975878000,r,1340
3975878000,r,1340
3975878000,r,1340
3975878000,r,1340
3975878000,r,1340
3975941000,r,1340
3976039000,r,1340
3976039000,r,1340
3976039000,r,1340
3976039000,r,1340
3976040000,r,1340
3976040000,r,1340
3976278000,s,124
3976470000,r,1340
3976471000,r,1340
3976471000,r,1340
3976486000,s,124
3976684000,r,1340
3976684000,r,1340
3976684000,r,1340
3976708000,s,124
3976751000,s,124
3976765000,s,124
3976781000,s,124
3976790000,s,124
3976853000,s,124
3977017000,r,1340
3977034000,s,124
3977017000,r,1340
3977018000,r,1340
3977018000,r,1340
3977018000,r,1340
3977018000,r,1340
3977203000,s,124
3977319000,s,124
3977388000,s,124
3977469000,r,1340
3977469000,r,1340
3977469000,r,1340
3977559000,s,124
3977647000,s,124
3977818000,s,124
3977857000,r,1340
3977857000,r,1340
3977857000,r,1340
3977857000,r,1340
3977857000,r,1340
3977858000,r,1340
3977920000,s,124
3978004000,s,124
3978113000,s,124
3978155000,s,124
3978173000,s,124
3978184000,s,124
3978203000,s,124
3978438000,r,1340
3978438000,r,1340
3978438000,r,1340
3978438000,r,1340
3978438000,r,1340
3978438000,r,1340
3978575000,s,124
3978608000,s,124
3978731000,s,124
3978855000,r,1340
3978855000,r,1340
3978866000,s,124
3978855000,r,1340
3978855000,r,1340
3978855000,r,1340
3978855000,r,1340
3978975000,s,124
3979016000,s,124
3979117000,s,124
3979220000,s,124
3979504000,s,124
3982143000,r,1340
3982143000,r,1340
3982143000,r,1340
3982143000,r,1340
3982143000,r,1340
3982143000,r,1340
3982508000,s,124
3982668000,s,124
3982752000,s,124
3994691000,s,124
3995233000,r,1340
3995233000,r,1340
3995234000,r,1340
3995234000,r,1340
3995234000,r,1340
3995234000,r,1340
3995987000,r,1340
3996001000,s,124
3995987000,r,1340
3995987000,r,1340
3996175000,s,124
3996350000,s,124
3996509000,s,124
3996946000,s,124
4001027000,r,1340
4001027000,r,1340
4001027000,r,1340
4001650000,s,124
4005599000,r,1340
4005599000,r,1340
4005600000,r,1340
4005600000,r,1340
4005600000,r,1340
4005600000,r,1340
4005600000,r,1340
4005600000,r,1340
4005795000,r,1340
4005795000,r,1340
4005795000,r,1340
4005795000,r,1340
4005795000,r,1340
4005795000,r,1340
4005795000,r,1340
4005795000,r,1340
4005830000,r,1340
4005830000,r,1340
4005831000,r,1340
4005831000,r,1340
4005831000,r,1340
4005831000,r,1340
4005831000,r,1340
4005831000,r,1340
4005866000,r,1340
4005867000,r,1340
4005867000,r,1340
4005867000,r,1340
4005867000,r,1340
4005867000,r,1340
4005867000,r,1340
4005867000,r,1340
4005900000,r,1340
4005900000,r,1340
4005900000,r,1340
4005900000,r,1340
4005900000,r,1340
4005900000,r,1340
4005900000,r,1340
4005901000,r,1340
4005933000,r,1340
4005933000,r,1340
4005933000,r,1340
4005933000,r,1340
4005933000,r,1340
4005933000,r,1340
4005933000,r,1340
4005933000,r,1340
4005964000,r,1340
4005965000,r,1340
4005965000,r,1340
4005965000,r,1340
4005965000,r,1340
4005965000,r,1340
4005965000,r,1340
4005965000,r,1340
4005994000,r,1340
4005995000,r,1340
4005995000,r,1340
4005995000,r,1340
4006538000,s,124
4006846000,s,124
4007072000,s,124
4007220000,s,124
4007421000,s,124
4007535000,s,124
4007727000,s,124
4007913000,s,124
4008108000,s,124
4008293000,s,124
4008721000,s,124
4008840000,s,124
4008950000,s,124
4009354000,s,124
4009510000,s,124
4009628000,s,124
4009869000,s,124
4010182000,s,124
4010496000,s,124
4010749000,s,124
4011007000,s,124
4011220000,s,124
4011338000,s,124
4011470000,s,124
4011608000,s,124
4011797000,s,124
4012027000,s,124
4012230000,s,124
4012448000,s,124
4012819000,s,124
4019003000,r,1340
4019003000,r,1340
4019003000,r,1340
4019003000,r,1340
4019003000,r,1340
4019004000,r,1340
4019004000,r,1340
4019004000,r,1340
4019120000,r,1340
4019121000,r,1340
4019121000,r,1340
4019121000,r,1340
4019121000,r,1340
4019121000,r,1340
4019121000,r,1340
4019121000,r,1340
4019163000,r,1340
4019164000,r,1340
4019164000,r,1340
4019164000,r,1340
4019164000,r,1340
4019164000,r,1340
4019164000,r,1340
4019164000,r,1340
4019206000,r,1340
4019206000,r,1340
4019206000,r,1340
4019206000,r,1340
4019206000,r,1340
4019206000,r,1340
4019207000,r,1340
4019207000,r,1340
4019248000,r,1340
4019248000,r,1340
4019248000,r,1340
4019248000,r,1340
4019248000,r,1340
4019249000,r,1340
4019249000,r,1340
4019249000,r,1340
4019289000,r,1340
4019289000,r,1340
4019289000,r,1340
4019289000,r,1340
4019289000,r,1340
4019290000,r,1340
4019290000,r,1340
4019290000,r,1340
4019329000,r,1340
4019329000,r,1340
4019329000,r,1340
4019329000,r,1340
4019330000,r,1340
4019330000,r,1340
4019330000,r,1340
4019330000,r,1340
4019380000,r,1340
4019380000,r,1340
4019381000,r,1340
4019381000,r,1340
4019381000,r,1340
4019381000,r,1340
4019381000,r,1340
4019381000,r,1340
4019467000,r,1340
4019467000,r,1340
4019467000,r,1340
4019467000,r,1340
4019467000,r,1340
4019468000,r,1340
4019468000,r,1340
4019468000,r,1340
4019536000,r,1340
4019536000,r,1340
4019536000,r,1340
4019536000,r,1340
4019537000,r,1340
4019537000,r,1340
4019537000,r,1340
4019537000,r,1340
4019579000,r,1340
4019580000,r,1340
4019580000,r,1340
4019580000,r,1340
4019580000,r,1340
4019580000,r,1340
4019580000,r,1340
4019580000,r,1340
4019614000,r,1340
4019614000,r,1340
4019692000,s,124
4021169000,s,124
4021225000,s,124
4021244000,s,124
4021262000,s,124
4021361000,s,124
4021444000,s,124
4021529000,s,124
4021602000,s,124
4021673000,s,124
4021740000,s,124
4021797000,s,124
4021850000,s,124
4021889000,r,1340
4021905000,s,124
4021889000,r,1340
4021889000,r,1340
4021889000,r,1340
4021889000,r,1340
4021964000,s,124
4021889000,r,1340
4021890000,r,1340
4021890000,r,1340
4021989000,r,1340
4021989000,r,1340
4021989000,r,1340
4021990000,r,1340
4021990000,r,1340
4021990000,r,1340
4021990000,r,1340
4021990000,r,1340
4022018000,s,124
4022023000,r,1340
4022023000,r,1340
4022462000,s,124
4022544000,s,124
4022616000,r,1340
4022619000,s,124
4022616000,r,1340
4022616000,r,1340
4022616000,r,1340
4022616000,r,1340
4022616000,r,1340
4022697000,s,124
4022778000,s,124
4022929000,s,124
4023018000,s,124
4023146000,s,124
4023363000,s,124
4023448000,s,124
4023799000,s,124
4023847000,s,124
4023861000,s,124
4023878000,s,124
4024147000,s,124
4024466000,s,124
4024569000,s,124
4024636000,r,1340
4024636000,r,1340
4024636000,r,1340
4024636000,r,1340
4024636000,r,1340
4024636000,r,1340
4024727000,r,1340
4024727000,r,1340
4024727000,r,1340
4024878000,s,124
4025003000,s,124
4025096000,r,1340
4025096000,r,1340
4025096000,r,1340
4025096000,r,1340
4025096000,r,1340
4025096000,r,1340
4025485000,r,1340
4025485000,r,1340
4025485000,r,1340
4025485000,r,1340
4025485000,r,1340
4025485000,r,1340
4025661000,s,124
4025778000,s,124
4025865000,s,124
4025934000,s,124
4025998000,s,124
4026066000,s,124
4026185000,s,124
4026261000,s,124
4026333000,s,124
4027380000,s,124
4027488000,r,1340
4027488000,r,1340
4027488000,r,1340
4027528000,s,124
4027692000,s,124
4028021000,s,124
4028144000,s,124
4028312000,s,124
4028499000,s,124
4028713000,s,124
4029237000,s,124
4029463000,s,124
4029711000,s,124
4029815000,s,124
4030110000,s,124
4030318000,s,124
4030555000,s,124
4030710000,s,124
4032539000,s,124
4032591000,s,124
4032609000,s,124
4032623000,s,124
4032636000,s,124
4032648000,s,124
4032660000,s,124
4032671000,s,124
4032680000,s,124
4038393000,r,1340
4038393000,r,1340
4038393000,r,1340
4038393000,r,1340
4038393000,r,1340
4038393000,r,1340
4038393000,r,1340
4038394000,r,1340
4038595000,r,1340
4040315000,s,124
4040364000,s,124
4040375000,s,124
4040383000,s,124
4040391000,s,124
4040735000,r,1340
4040735000,r,1340
4040735000,r,1340
4040735000,r,1340
4040735000,r,1340
4040735000,r,1340
4040735000,r,1340
4040735000,r,1340
4040843000,r,1340
4040843000,r,1340
4040843000,r,1340
4040843000,r,1340
4040843000,r,1340
4040843000,r,1340
4040843000,r,1340
4040843000,r,1340
4040878000,r,1340
4040878000,r,1340
4040878000,r,1340
4040878000,r,1340
4040878000,r,1340
4040878000,r,1340
4040879000,r,1340
4040879000,r,1340
4040912000,r,1340
4040912000,r,1340
4040912000,r,1340
4040912000,r,1340
4040912000,r,1340
4040912000,r,1340
4040912000,r,1340
4040913000,r,1340
4040951000,r,1340
4040951000,r,1340
4040951000,r,1340
4040951000,r,1340
4040951000,r,1340
4040952000,r,1340
4040952000,r,1340
4040952000,r,1340
4040982000,r,1340
4040982000,r,1340
4040982000,r,1340
4040982000,r,1340
4040982000,r,1340
4040983000,r,1340
4040983000,r,1340
4040983000,r,1340
4041011000,r,1340
4041011000,r,1340
4041012000,r,1340
4041012000,r,1340
4041012000,r,1340
4041375000,s,124
4041729000,s,124
4041760000,s,124
4042903000,s,124
4042934000,s,124
4042944000,s,124
4042953000,s,124
4042962000,s,124
4042969000,s,124
4042977000,s,124
4042985000,s,124
4042992000,s,124
4042999000,s,124
4043006000,s,124
4043014000,s,124
4043022000,s,124
4043030000,s,124
4043037000,s,124
4043045000,s,124
4043053000,s,124
4043060000,s,124
4043089000,s,124
4043097000,s,124
4043128000,s,124
4043139000,s,124
4043150000,s,124
4048679000,s,1340
4048795000,s,1340
4049034000,s,172
4056310000,r,1340
4056310000,r,1340
4056310000,r,1340
4056310000,r,1340
4056311000,r,1340
4056311000,r,1340
4056311000,r,1340
4056311000,r,1340
4056530000,r,1340
4056530000,r,1340
4056530000,r,1340
4056530000,r,1340
4056530000,r,1340
4056530000,r,1340
4056531000,r,1340
4056531000,r,1340
4056574000,r,1340
4056574000,r,1340
4056574000,r,1340
4056575000,r,1340
4056575000,r,1340
4056575000,r,1340
4056575000,r,1340
4056575000,r,1340
4056617000,r,1340
4056617000,r,1340
4056617000,r,1340
4056617000,r,1340
4056618000,r,1340
4056618000,r,1340
4056618000,r,1340
4056618000,r,1340
4056657000,r,1340
4056658000,r,1340
4056658000,r,1340
4056658000,r,1340
4056658000,r,1340
4056658000,r,1340
4056658000,r,1340
4056658000,r,1340
4056697000,r,1340
4056697000,r,1340
4056698000,r,1340
4056698000,r,1340
4056698000,r,1340
4056698000,r,1340
4056698000,r,1340
4056698000,r,1340
4056741000,r,1340
4056741000,r,1340
4056741000,r,1340
4056741000,r,1340
4056741000,r,1340
4056741000,r,1340
4056742000,r,1340
4056742000,r,1340
4056783000,r,1340
4056783000,r,1340
4056783000,r,1340
4056784000,r,1340
4056784000,r,1340
4056784000,r,1340
4056784000,r,1340
4056784000,r,1340
4056829000,r,1340
4056829000,r,1340
4056829000,r,1340
4056830000,r,1340
4056830000,r,1340
4056830000,r,1340
4056830000,r,1340
4056830000,r,1340
4056875000,r,1340
4056875000,r,1340
4056875000,r,1340
4056875000,r,1340
4056875000,r,1340
4056875000,r,1340
4056875000,r,1340
4056875000,r,1340
4056917000,r,1340
4056917000,r,1340
4056917000,r,1340
4056917000,r,1340
4056917000,r,1340
4056917000,r,1340
4056917000,r,1340
4056917000,r,1340
4056956000,r,1340
4056956000,r,1340
4056956000,r,1340
4056956000,r,1340
4056956000,r,1340
4056956000,r,1340
4056957000,r,1340
4056957000,r,1340
4056995000,r,1340
4056995000,r,1340
4056996000,r,1340
4056996000,r,1340
4056996000,r,1340
4056996000,r,1340
4056996000,r,1340
4056996000,r,1340
4057034000,r,1340
4057034000,r,1340
4057034000,r,1340
4057034000,r,1340
4057034000,r,1340
4057034000,r,1340
4057034000,r,1340
4057034000,r,1340
4057071000,r,1340
4057072000,r,1340
4057072000,r,1340
4057072000,r,1340
4057072000,r,1340
4058179000,s,124
4058233000,s,124
4058248000,s,124
4058259000,s,124
4058269000,s,124
4058280000,s,124
4058290000,s,124
4058300000,s,124
4058307000,s,124
4058313000,s,124
4058321000,s,124
4058328000,s,124
4058335000,s,124
4058342000,s,124
4058348000,s,124
4058354000,s,124
4058361000,s,124
4058367000,s,124
4058373000,s,124
4058382000,s,124
4058389000,s,124
4058396000,s,124
4058403000,s,124
4058411000,s,124
4058417000,s,124
4058426000,s,124
4058434000,s,124
4058442000,s,124
4058450000,s,124
4058458000,s,124
4058466000,s,124
4058473000,s,124
4058481000,s,124
4058488000,s,124
4058500000,s,124
4058509000,s,124
4058516000,s,124
4058523000,s,124
4058530000,s,124
4059234000,s,124
4059261000,s,124
4059280000,s,124
4059290000,s,124
4059304000,s,124
4059317000,s,124
4059331000,s,124
4059345000,s,124
4059356000,s,124
4059363000,s,124
4059373000,s,124
4059380000,s,124
4059387000,s,124
4059398000,s,124
4059408000,s,124
4059414000,s,124
4059425000,s,124
4059436000,s,124
4059442000,s,124
4059452000,s,124
4066881000,r,1340
4066881000,r,1340
4066881000,r,1340
4067541000,s,124
4070628000,r,1340
4071033000,s,124
4078654000,r,1340
4078654000,r,1340
4078655000,r,1340
4079308000,s,124
4081647000,r,1340
4081647000,r,1340
4081648000,r,1340
4081648000,r,1340
4081648000,r,1340
4081648000,r,1340
4081648000,r,1340
4081648000,r,1340
4081716000,r,1340
4081716000,r,1340
4081716000,r,1340
4081716000,r,1340
4081716000,r,1340
4081716000,r,1340
4081716000,r,1340
4081716000,r,1340
4081745000,r,1340
4081745000,r,1340
4081745000,r,1340
4081745000,r,1340
4081746000,r,1340
4081746000,r,1340
4081746000,r,1340
4081746000,r,1340
4081775000,r,1340
4081775000,r,1340
4081775000,r,1340
4081775000,r,1340
4081775000,r,1340
4081775000,r,1340
4081775000,r,1340
4081775000,r,1340
4081801000,r,1340
4081801000,r,1340
4081801000,r,1340
4081801000,r,1340
4081801000,r,1340
4081801000,r,1340
4081801000,r,1340
4081802000,r,1340
4081828000,r,1340
4081828000,r,1340
4081828000,r,1340
4081828000,r,1340
4081828000,r,1340
4081828000,r,380
4081828000,r,140
4081828000,r,1340
4081852000,r,1340
4081852000,r,396
4081852000,r,1036
4081852000,r,124
4082021000,s,124
4082109000,s,124
4082210000,s,124
4082260000,s,124
4082302000,s,124
4082345000,s,124
4082409000,s,124
4082456000,s,124
4082500000,s,124
4082543000,s,124
4082602000,s,124
4082659000,s,124
4082708000,s,124
4082770000,s,124
4082831000,s,124
4082890000,s,124
4082945000,s,124
4083006000,s,124
4083085000,s,124
4083151000,s,124
4083208000,s,124
4083265000,s,124
4083311000,s,124
4083750000,s,172
4083824000,s,124
4096437000,r,124
4098423000,r,220
4099179000,s,124
7608391000,r,1340
7608391000,r,1340
7608391000,r,1340
7608392000,r,1340
7608392000,r,1340
7608392000,r,1340
7608392000,r,1340
7608392000,r,1340
7608982000,r,348
7608982000,r,348
7611639000,s,124
7612178000,s,124
7612386000,s,124
7612675000,s,124
7613472000,s,124
7620766000,s,156
7674249000,r,124
8998368000,r,140
8998368000,r,124
8998369000,r,124
9003075000,s,124
9003439000,s,124
14151203000,s,156
14190799000,s,156
14191236000,s,156
14209651000,r,156
17546352000,r,156
17546352000,r,140
17546353000,r,124
17551749000,s,124
17552546000,s,124
17566263000,r,124
23272637000,s,156
23311971000,s,156
23312405000,s,156
23330551000,r,156