0,s,156
44963000,s,156
45405000,s,156
63825000,r,156
4494368000,s,124
4558848000,s,124
4559554000,s,124
4559637000,s,124
4559655000,s,124
4559669000,s,1340
4559682000,s,1340
4559692000,s,172
4579012000,r,236
4579012000,r,172
4579013000,r,236
4582564000,s,124
4586240000,r,1372
4586241000,r,1372
4594987000,r,124
4596384000,s,124
4597878000,s,1340
4598064000,s,684
4599486000,s,1340
4599577000,s,188
4602720000,s,316
4602886000,s,396
4607998000,r,124
4609124000,r,364
4610056000,s,124
4611463000,s,188
4612465000,s,204
4613816000,r,124
4613876000,s,652
4618412000,r,124
4622759000,r,204
4622760000,r,172
4624000000,s,124
4624494000,s,156
4633538000,r,252
4633539000,r,252
4635212000,r,124
4635885000,s,140
4646970000,r,1340
4650613000,r,1340
4650613000,r,1340
4650614000,r,1340
4650614000,r,1340
4650615000,r,1340
4650615000,r,1340
4650615000,r,1340
4650616000,r,1340
4651000000,r,412
4651962000,s,124
4652121000,s,124
4652844000,s,124
4652935000,s,124
4652975000,s,124
4662793000,s,140
4678106000,s,476
4678220000,s,364
4686841000,s,124
4687257000,s,124
4687754000,s,124
4689633000,r,124
4693850000,s,124
4694031000,s,124
4694178000,r,1340
4694178000,r,1340
4694178000,r,620
4694285000,s,124
4694518000,s,124
4696766000,r,1340
4696766000,r,1340
4696766000,r,1340
4696766000,r,1340
4696766000,r,1340
4696766000,r,1340
4696767000,r,1340
4696767000,r,1340
4696888000,r,1340
4696888000,r,1340
4696888000,r,1340
4696888000,r,1340
4697477000,r,1340
4697497000,s,124
4697477000,r,1340
4697477000,r,1340
4697478000,r,1340
4697478000,r,1180
4697738000,s,124
4697786000,s,124
4698002000,s,124
4698293000,s,124
4698384000,s,124
4698574000,s,124
4698789000,s,124
4698956000,s,124
4723039000,r,204
4723039000,r,204
4723039000,r,140
4723039000,r,156
4723040000,r,268
4723040000,r,172
4727253000,s,1340
4727440000,s,1340
4727842000,s,124
4728992000,s,124
4731395000,s,172
4738943000,r,124
4739685000,s,124
4742298000,s,1340
4742354000,s,700
4754212000,r,124
4754212000,r,124
4754213000,r,124
4754213000,r,140
4754213000,r,1340
4754213000,r,364
4755212000,s,124
4755280000,s,124
4757987000,s,1340
4758032000,s,1100
4760071000,s,188
4760774000,s,668
4763504000,r,1340
4763504000,r,396
4763504000,r,1036
4765375000,s,172
4765640000,s,124
4766860000,s,972
4771844000,r,124
4771844000,r,124
4771845000,r,204
4782951000,r,1340
4782951000,r,1340
4782951000,r,1340
4782951000,r,1340
4782951000,r,1340
4782951000,r,1340
4782951000,r,1340
4782952000,r,1340
4783175000,r,124
4784009000,s,124
4784279000,r,124
4784279000,r,124
4784388000,s,124
4784520000,s,124
4784625000,s,124
4790925000,r,220
4794664000,r,1340
4794664000,r,348
4794664000,r,124
4795568000,s,124
4795625000,s,124
4795754000,r,1340
4795754000,r,1340
4795755000,r,1340
4795755000,r,1340
4795755000,r,1340
4795755000,r,1340
4795755000,r,1340
4795755000,r,1340
4795842000,r,1340
4795842000,r,1340
4795843000,r,428
4796165000,s,124
4796211000,s,124
4796230000,s,124
4796238000,s,124
4796246000,s,124
4796254000,s,124
4797866000,s,188
4798512000,s,124
4822379000,r,1084
4842884000,s,412
4845932000,s,364
4846986000,s,1340
4847082000,s,316
4856236000,r,124
4857666000,r,124
4857666000,r,124
4863350000,s,124
4871592000,r,1340
4874994000,r,1340
4874994000,r,1340
4874994000,r,1340
4874994000,r,1340
4874994000,r,1340
4874994000,r,1340
4874995000,r,1340
4874995000,r,1340
4875110000,r,236
4875110000,r,1340
4875110000,r,1340
4875110000,r,1340
4875111000,r,1340
4876994000,s,124
4877175000,r,1340
4877175000,r,1340
4877234000,s,124
4877175000,r,1340
4877587000,s,124
4877885000,s,124
4878168000,s,124
4878482000,r,1340
4878485000,s,124
4878482000,r,1340
4878483000,r,1340
4879121000,r,1340
4879344000,s,124
4879436000,s,124
4879540000,r,1340
4881234000,r,1340
4881234000,r,1340
4881234000,r,1340
4883364000,r,1340
4883364000,r,1340
4883364000,r,1340
4885045000,r,1340
4885045000,r,1340
4885045000,r,1340
4885503000,s,124
4885725000,s,124
4886057000,s,124
4886332000,s,124
4886591000,s,124
4887037000,r,1340
4887037000,r,1340
4887038000,r,1340
4887222000,s,124
4888277000,r,1340
4888277000,r,1340
4889260000,s,124
4889538000,s,124
4889863000,s,124
4890269000,s,124
4890454000,r,1340
4890454000,r,668
4891969000,s,124
4903051000,s,124
4903334000,r,380
4903870000,s,124
4904769000,s,124
4909982000,r,124
4909982000,r,284
4910738000,s,284
4910916000,r,188
4912847000,s,220
4913327000,s,220
4915533000,s,204
4915594000,s,124
4916178000,s,124
4917119000,s,124
4921930000,s,1340
4922097000,r,156
4922168000,s,1340
4922097000,r,140
4922918000,r,156
4925805000,r,124
4928563000,s,1340
4928613000,s,1340
4929778000,s,172
4931511000,r,380
4932829000,r,1340
4932829000,r,1340
4932829000,r,1340
4932829000,r,1340
4932829000,r,1340
4932829000,r,1340
4932829000,r,1340
4932829000,r,1340
4932925000,r,1340
4934228000,s,124
4934248000,r,1340
4934248000,r,1340
4934288000,s,124
4934249000,r,1340
4934249000,r,1340
4934249000,r,1340
4934301000,s,124
4934249000,r,1340
4934249000,r,1340
4934312000,s,124
4934249000,r,1340
4934322000,s,124
4935549000,s,124
4935793000,s,124
4935914000,s,124
4936001000,s,124
4936309000,s,172
4936861000,r,1340
4936861000,r,1340
4936862000,r,1340
4936862000,r,1340
4936862000,r,124
4936862000,r,1340
4936862000,r,1340
4936862000,r,1340
4936935000,r,1340
4937640000,s,572
4938036000,s,124
4938124000,s,124
4938282000,s,124
4938366000,s,124
4938927000,r,1340
4938927000,r,1340
4938928000,r,1340
4938928000,r,1340
4939582000,r,1340
4939907000,s,124
4940002000,s,124
4940204000,r,1340
4940204000,r,1340
4940205000,r,1340
4940731000,s,124
4941273000,r,1340
4941273000,r,1340
4941274000,r,1340
4941274000,r,1340
4941600000,s,124
4941896000,s,124
4941937000,s,124
4942948000,r,1340
4942948000,r,1340
4943380000,s,124
4945843000,r,1340
4945844000,r,1340
4945844000,r,1340
4945844000,r,1340
4945844000,r,348
4945844000,r,140
4945844000,r,140
4945844000,r,1340
4945940000,r,1340
4945941000,r,1340
4945941000,r,1340
4945941000,r,1340
4946629000,s,140
4947055000,s,124
4947225000,s,124
4947301000,s,124
4947368000,s,124
4949377000,r,1340
4949378000,r,1340
4950616000,r,1340
4950616000,r,1340
4950616000,r,1340
4950616000,r,1340
4950616000,r,1340
4950616000,r,1340
4950617000,r,1340
4951432000,s,124
4951574000,s,124
4951620000,s,124
4952354000,r,1340
4952355000,r,1340
4952355000,r,1340
4952355000,r,1340
4952355000,r,1340
4952355000,r,1340
4952355000,r,1340
4952355000,r,1340
4952439000,r,1340
4952439000,r,1340
4953904000,s,140
4954936000,r,1340
4954936000,r,396
4954936000,r,1036
4954936000,r,124
4954936000,r,1340
4956190000,s,172
4956334000,s,124
4958063000,r,1340
4958064000,r,1340
4958064000,r,1340
4959131000,s,124
4959186000,s,124
4959209000,s,124
4959371000,r,1340
4959371000,r,1340
4959371000,r,1340
4959371000,r,1340
4959372000,r,1340
4959372000,r,316
4959372000,r,1340
4959372000,r,1340
4959489000,r,1340
4959489000,r,1340
4959490000,r,1340
4959490000,r,1340
4959490000,r,252
4959490000,r,1340
4959490000,r,1340
4959490000,r,1340
4959527000,r,1340
4959528000,r,1340
4959528000,r,396
4959528000,r,1036
4959528000,r,1340
4959528000,r,1340
4959528000,r,1340
4959528000,r,1340
4959562000,r,1340
4959977000,r,1340
4960004000,s,124
4959977000,r,1340
4959977000,r,1340
4960033000,s,124
4960046000,s,124
4960474000,s,140
4961666000,s,172
4961976000,s,124
4963067000,r,1340
4963067000,r,1340
4963067000,r,1340
4963067000,r,1340
4963068000,r,1340
4963068000,r,1340
4963068000,r,1340
4963068000,r,1340
4964618000,s,124
4964996000,r,1340
4964997000,r,1340
4964997000,r,1340
4964997000,r,1340
4964997000,r,1340
4964997000,r,1340
4965195000,r,1340
4965195000,r,1340
4966930000,r,1340
4966930000,r,1340
4966931000,r,1340
4968206000,s,124
4968425000,r,1340
4968425000,r,1340
4968425000,r,1340
4968425000,r,1340
4968425000,r,1340
4968425000,r,1340
4968425000,r,1340
4970117000,s,124
4970956000,r,1340
4970956000,r,1340
4970957000,r,1340
4970957000,r,1340
4970957000,r,1340
4970957000,r,1340
4972112000,s,124
4974290000,r,1340
4974290000,r,1340
4974290000,r,1340
4974291000,r,1340
4974291000,r,220
4974291000,r,124
4974291000,r,1340
4974291000,r,1340
4974394000,r,1340
4974394000,r,1340
4975340000,r,1340
4975340000,r,1340
4975340000,r,1340
4975890000,s,124
4976857000,r,1340
4976857000,r,1340
4976857000,r,1340
4976857000,r,1340
4976857000,r,1340
4976858000,r,1340
4976858000,r,1340
4977555000,r,1340
4977555000,r,1340
4977555000,r,1340
4977555000,r,1340
4977555000,r,1340
4977555000,r,1340
4977555000,r,1340
4977555000,r,1340
4977617000,r,1340
4977618000,r,1340
4977618000,r,1340
4977618000,r,1340
4978174000,r,124
4978174000,r,1340
4978175000,r,1340
4979647000,r,1340
4979647000,r,1340
4979647000,r,1340
4981515000,r,1340
4981515000,r,1340
4981515000,r,1340
4981515000,r,1340
4981515000,r,1340
4981516000,r,1340
4981516000,r,1340
4981516000,r,1340
4981635000,r,1340
4982089000,s,124
4982202000,s,124
4982214000,r,1340
4982214000,r,1340
4982214000,r,1340
4982644000,s,124
4983387000,r,1340
4983387000,r,1340
4983387000,r,1340
4983387000,r,1340
4983388000,r,1340
4983388000,r,1340
4983388000,r,1340
4983388000,r,1340
4983454000,r,1340
4983454000,r,220
4984600000,s,124
4986919000,r,1340
4987245000,r,1340
4987245000,r,1340
4988143000,r,1340
4988143000,r,1340
4988143000,r,1340
4988628000,s,124
4990927000,r,1340
4990927000,r,1340
4990927000,r,1340
4990927000,r,636
4990927000,r,1340
4990928000,r,1340
4990928000,r,1340
4990928000,r,1340
4991555000,s,124
4992087000,r,1340
4992087000,r,1340
4992087000,r,1340
4992087000,r,1340
4992087000,r,1340
4992087000,r,1340
4992087000,r,1340
4992087000,r,1340
4992181000,r,1340
4993626000,r,1340
4993626000,r,1340
4993627000,r,1340
4993627000,r,1340
4993627000,r,1340
4993627000,r,1340
4994007000,s,124
4997812000,r,1340
4997812000,r,1340
4997812000,r,348
4997812000,r,1340
4997812000,r,1340
4997812000,r,1340
4997812000,r,1340
4997812000,r,1340
4997971000,r,1340
4997971000,r,1340
4997971000,r,1340
4997971000,r,1340
4997971000,r,1340
4998044000,r,1340
4998044000,r,1340
4998044000,r,1340
4998044000,r,1340
4998044000,r,1340
4998044000,r,1340
4998044000,r,1340
4998044000,r,1340
4998098000,r,1340
4998098000,r,1340
4998098000,r,1340
4998098000,r,1340
4998098000,r,1340
4998098000,r,1340
4998098000,r,1340
4998098000,r,1340
4998127000,r,1340
4998127000,r,1340
4999579000,s,124
4999891000,s,124
4999952000,r,1340
4999952000,r,1340
4999952000,r,1340
4999952000,r,1340
4999952000,r,1340
4999952000,r,1340
4999952000,r,1340
4999952000,r,1340
5000039000,r,1340
5000040000,r,1340
5000040000,r,1340
5000040000,r,1340
5000402000,s,124
5000931000,s,124
5002928000,r,1340
5002928000,r,1340
5002929000,r,1340
5002929000,r,1340
5002929000,r,1340
5002929000,r,1340
5002929000,r,1340
5002929000,r,1340
5003003000,r,1340
5003003000,r,1340
5003447000,s,124
5003548000,s,124
5003853000,s,124
5009193000,s,124
5009619000,r,1340
5009619000,r,1340
5009619000,r,1340
5009619000,r,1340
5009619000,r,1340
5009619000,r,1340
5010578000,s,124
5011600000,r,1340
5011600000,r,1340
5011600000,r,1340
5011600000,r,1340
5011600000,r,1340
5011600000,r,1340
5011600000,r,1340
5011600000,r,1340
5011695000,r,1340
5012460000,s,140
5013881000,r,1340
5013882000,r,1340
5013882000,r,1340
5015648000,r,1340
5015648000,r,1340
5015648000,r,1340
5015648000,r,1340
5015648000,r,1340
5015648000,r,1340
5015648000,r,1340
5015649000,r,1340
5015757000,r,1340
5016435000,s,124
5016492000,r,1340
5016492000,r,1340
5016492000,r,1340
5016492000,r,1340
5016492000,r,1340
5016492000,r,1340
5017505000,s,124
5021803000,r,1340
5021803000,r,1340
5021803000,r,1340
5021803000,r,1340
5021803000,r,1340
5021803000,r,1340
5021804000,r,1340
5021804000,r,1340
5021904000,r,1340
5021904000,r,1340
5021904000,r,1340
5021905000,r,1340
5021905000,r,1340
5021905000,r,1340
5021905000,r,1340
5021905000,r,1340
5021939000,r,1340
5021939000,r,1340
5021939000,r,1340
5021940000,r,1340
5021940000,r,1340
5021940000,r,1340
5021940000,r,1340
5021940000,r,1340
5021972000,r,1340
5021972000,r,1340
5021972000,r,1340
5021972000,r,1340
5021972000,r,1340
5021972000,r,1340
5023156000,s,124
5023300000,s,124
5023537000,s,124
5023591000,r,1340
5023591000,r,1340
5023591000,r,1340
5023591000,r,1340
5023591000,r,1340
5023592000,r,1340
5023592000,r,1340
5023592000,r,428
5023681000,r,1340
5024040000,s,124
5025294000,r,1340
5025294000,r,1340
5025295000,r,1340
5025295000,r,1340
5025295000,r,1340
5025295000,r,1340
5025295000,r,1340
5025295000,r,1340
5025365000,r,1340
5025365000,r,1340
5025366000,r,1340
5025366000,r,1340
5025366000,r,1340
5025366000,r,1340
5025366000,r,1340
5025366000,r,1340
5025394000,r,1340
5025891000,r,1340
5025919000,s,124
5026339000,s,124
5027500000,r,1340
5027500000,r,1340
5027500000,r,1340
5029609000,r,1340
5029609000,r,1340
5029609000,r,1340
5029610000,r,1340
5029610000,r,1052
5029610000,r,1340
5029610000,r,1340
5029610000,r,1340
5029707000,r,1340
5029707000,r,1340
5029707000,r,1340
5029707000,r,1340
5029707000,r,1340
5029707000,r,1340
5029707000,r,1340
5029708000,r,1340
5029741000,r,1340
5029741000,r,1340
5029741000,r,1340
5030541000,s,124
5030692000,s,124
5030707000,r,1340
5030708000,r,1340
5030708000,r,1340
5032609000,r,1340
5032610000,r,1340
5032610000,r,1340
5032610000,r,1340
5032610000,r,1340
5032610000,r,1340
5032610000,r,1340
5032610000,r,1340
5032709000,r,1340
5032709000,r,1340
5032709000,r,1340
5032710000,r,1340
5032710000,r,1340
5032710000,r,1340
5032710000,r,1340
5033519000,s,124
5033569000,s,124
5034434000,r,1340
5034434000,r,1340
5034434000,r,1340
5034434000,r,1340
5034434000,r,1340
5034434000,r,1340
5034434000,r,1340
5034434000,r,1340
5034513000,r,1340
5034513000,r,1340
5034513000,r,1340
5034513000,r,1340
5034514000,r,1340
5034514000,r,1340
5034514000,r,1340
5034514000,r,1340
5034542000,r,1340
5034543000,r,1340
5034543000,r,1340
5034543000,r,1340
5034979000,s,124
5035119000,s,124
5037195000,r,1340
5037195000,r,1340
5037195000,r,1340
5037195000,r,1340
5037195000,r,1340
5037195000,r,1340
5037797000,s,124
5040723000,r,1340
5040724000,r,1340
5040724000,r,1340
5040724000,r,1340
5040724000,r,1340
5040724000,r,1340
5040724000,r,1340
5040724000,r,1340
5040808000,r,1340
5040808000,r,1340
5040808000,r,1340
5040808000,r,1340
5040808000,r,1340
5040808000,r,1340
5040808000,r,1340
5040808000,r,1340
5040841000,r,1340
5040841000,r,1340
5040841000,r,1340
5040841000,r,1340
5040841000,r,1340
5040841000,r,1340
5040841000,r,460
5040842000,r,1340
5040873000,r,1340
5040873000,r,1340
5040873000,r,1340
5040873000,r,1340
5040873000,r,1340
5040874000,r,1340
5040874000,r,1340
5040874000,r,1340
5040903000,r,1340
5040904000,r,1340
5040904000,r,1340
5040904000,r,1340
5040904000,r,1340
5041818000,s,124
5042002000,s,124
5042078000,r,1340
5042078000,r,1340
5042078000,r,1340
5042350000,s,124
5044434000,r,1340
5044435000,r,1340
5044435000,r,1340
5044435000,r,1340
5044435000,r,1340
5044435000,r,1340
5044435000,r,1340
5044435000,r,1340
5044505000,r,1340
5044505000,r,1340
5044505000,r,1340
5044505000,r,1340
5044793000,s,124
5047008000,s,140
5048457000,r,1340
5048457000,r,1340
5048570000,r,1340
5048570000,r,1340
5048570000,r,1340
5050433000,r,1340
5050434000,r,1340
5050434000,r,1340
5050434000,r,1340
5050434000,r,1340
5050434000,r,1340
5050434000,r,1340
5050434000,r,1340
5050513000,r,1340
5050513000,r,1340
5050513000,r,1340
5050513000,r,1340
5050513000,r,1340
5050513000,r,1340
5050513000,r,1340
5050774000,r,1340
5050774000,r,1340
5050774000,r,1340
5051473000,s,124
5051560000,s,124
5052147000,r,1340
5052147000,r,748
5052147000,r,1340
5052147000,r,1340
5052147000,r,1340
5052148000,r,1340
5053527000,s,124
5053727000,r,1340
5053727000,r,1340
5053727000,r,1340
5053727000,r,1340
5053728000,r,1340
5053728000,r,1340
5053728000,r,1340
5055137000,r,1340
5055137000,r,1340
5055137000,r,1340
5055138000,r,1340
5055138000,r,1340
5055138000,r,1340
5055138000,r,1340
5055138000,r,1340
5055247000,r,1340
5056149000,s,124
5056466000,r,1340
5056466000,r,1340
5056466000,r,1340
5056467000,r,1340
5056467000,r,1340
5056467000,r,1340
5056467000,r,1052
5056467000,r,1340
5056545000,r,1340
5056546000,r,1340
5056546000,r,1340
5056546000,r,1340
5056546000,r,1340
5056546000,r,1340
5057403000,s,124
5057873000,s,124
5057954000,r,1340
5057954000,r,1340
5057954000,r,1340
5057954000,r,1340
5057954000,r,1340
5057954000,r,1340
5058833000,r,1340
5058833000,r,1340
5058833000,r,1340
5058833000,r,1340
5058833000,r,1340
5058833000,r,1340
5058833000,r,1340
5058833000,r,1340
5058894000,r,1340
5058894000,r,1340
5058894000,r,1340
5058894000,r,1340
5058894000,r,1340
5058894000,r,1340
5058894000,r,1340
5058895000,r,1340
5058940000,r,1340
5058941000,r,1340
5058941000,r,1340
5058941000,r,1340
5058941000,r,1340
5058941000,r,1340
5058941000,r,1340
5058941000,r,1340
5058971000,r,1340
5058971000,r,1340
5058971000,r,1340
5059855000,s,124
5059953000,s,124
5060031000,s,124
5063871000,r,1340
5063871000,r,1340
5063871000,r,1340
5063871000,r,1340
5063871000,r,1340
5063871000,r,1340
5063872000,r,1340
5063872000,r,1340
5063995000,r,1340
5063995000,r,1340
5063995000,r,1340
5063995000,r,1340
5063996000,r,1340
5063996000,r,748
5063996000,r,1340
5063996000,r,1340
5064026000,r,1340
5064026000,r,1340
5064026000,r,1340
5064026000,r,1340
5064026000,r,1340
5064027000,r,1340
5064027000,r,1340
5064027000,r,1340
5064056000,r,1340
5064056000,r,1340
5064056000,r,1340
5064056000,r,1340
5064056000,r,1340
5064057000,r,1340
5064057000,r,1340
5065218000,s,124
5065383000,r,1340
5065383000,r,1340
5065383000,r,1340
5065384000,r,1340
5065384000,r,1340
5065384000,r,1340
5065384000,r,1340
5065384000,r,1340
5065473000,r,1340
5065473000,r,1340
5065473000,r,1340
5065473000,r,1340
5065473000,r,1340
5065473000,r,1340
5065474000,r,1340
5065474000,r,1340
5065503000,r,1340
5065566000,s,124
5066058000,s,124
5066950000,r,1340
5066950000,r,1340
5066950000,r,1340
5066950000,r,1340
5066950000,r,1340
5066950000,r,1340
5066950000,r,1340
5066950000,r,1340
5067050000,r,1340
5068929000,s,124
5069084000,s,124
5069369000,s,124
5070926000,r,1340
5070926000,r,1340
5070926000,r,1340
5070926000,r,1340
5070926000,r,1340
5070926000,r,1340
5070927000,r,1340
5070927000,r,1340
5071012000,r,1340
5071012000,r,1340
5071012000,r,1340
5071013000,r,1340
5071013000,r,1340
5071013000,r,1340
5071013000,r,1340
5071013000,r,1340
5071045000,r,1340
5071045000,r,1340
5071045000,r,1340
5071045000,r,1340
5071045000,r,1340
5071045000,r,1340
5071045000,r,1340
5071046000,r,1340
5071077000,r,1340
5071077000,r,1340
5071077000,r,1340
5071077000,r,1340
5071078000,r,1340
5071078000,r,1340
5071078000,r,1340
5071078000,r,1340
5071110000,r,1340
5071110000,r,1340
5071110000,r,1340
5071110000,r,1340
5071110000,r,1340
5071110000,r,444
5071111000,r,1340
5071111000,r,1340
5071142000,r,1340
5071142000,r,1340
5071142000,r,1340
5071143000,r,1340
5071143000,r,1340
5071143000,r,1340
5071143000,r,1340
5071143000,r,1340
5071173000,r,1340
5071173000,r,1340
5071173000,r,1340
5071497000,r,1340
5071497000,r,1340
5071497000,r,1340
5071497000,r,1340
5071497000,r,1340
5071497000,r,1340
5071498000,r,1340
5071498000,r,1340
5071561000,r,1340
5071561000,r,1340
5071561000,r,1340
5071562000,r,1340
5071562000,r,1340
5071562000,r,1052
5071562000,r,1340
5071562000,r,1340
5071594000,r,1340
5071594000,r,1340
5071594000,r,1340
5071594000,r,1052
5072258000,s,124
5073126000,s,124
5073171000,s,124
5073629000,s,124
5074574000,s,140
5074836000,s,124
5075550000,s,124
5081513000,s,124
5102963000,r,124
5224294000,r,1340
5224294000,r,1340
5224294000,r,1340
5224294000,r,1340
5224294000,r,1340
5224294000,r,1340
5224294000,r,812
5224295000,r,1340
5224466000,r,1340
5224466000,r,1340
5225674000,s,124
5225733000,s,124
5225907000,s,124
5226369000,s,124
5226418000,s,124
5242959000,r,1340
5242959000,r,1340
5242959000,r,1340
5242959000,r,956
5243839000,s,124
5244013000,s,124
5276374000,s,140
5276949000,s,140
5277550000,s,140
5282958000,r,172
5282958000,r,156
5283595000,r,172
5289309000,s,1340
5289382000,s,1340
5290725000,s,140
5291208000,s,140
5292106000,s,140
5297558000,r,156
5297638000,s,172
5297558000,r,156
5298156000,r,188
5298460000,s,572
5303257000,s,1340
5303324000,s,1340
5304742000,r,140
5304742000,r,1340
5305753000,s,172
5307006000,s,540
5314100000,r,1340
5314241000,r,396
5314241000,r,1052
5314241000,r,140
5314241000,r,124
5315844000,s,172
5316010000,s,124
5318935000,r,140
5318935000,r,1340
5324082000,r,140
5324083000,r,124
5325905000,s,140
5326123000,r,1340
5326518000,s,140
5328172000,r,396
5328172000,r,1036
5328172000,r,124
5328172000,r,124
5328172000,r,556
5328245000,s,140
5328283000,s,124
5329153000,s,1340
5329283000,s,124
5330040000,s,124
5330158000,r,220
5330930000,r,508
5333061000,s,124
5333685000,r,252
5333685000,r,268
5336453000,r,188
5344452000,s,1340
5344516000,s,1340
5346640000,r,220
5346640000,r,124
5347216000,s,172
5347753000,s,492
5353974000,s,124
5354302000,s,124
5354847000,s,124
5358542000,s,700
5358665000,s,124
5359211000,r,140
5359679000,r,1340
5360569000,r,156
5360569000,r,140
5360569000,r,156
5364790000,s,1340
5364867000,s,1340
5369836000,s,172
5370153000,r,1340
5370153000,r,396
5370154000,r,1036
5370154000,r,124
5370154000,r,124
5370370000,s,556
5371496000,s,172
5371595000,s,124
5372975000,r,124
5373579000,s,124
5377058000,s,124
5377332000,s,124
5377650000,s,124
5379718000,r,140
5379719000,r,1340
5382933000,r,140
5382934000,r,124
5383815000,s,124
5385143000,r,204
5385143000,r,188
5385143000,r,236
5385143000,r,220
5385143000,r,348
5385868000,r,124
5387457000,r,1340
5387457000,r,396
5387457000,r,1036
5387457000,r,124
5388946000,r,1340
5389320000,r,1340
5389320000,r,1340
5389321000,r,1340
5389737000,r,1340
5389737000,r,1340
5389765000,s,1340
5389737000,r,1340
5389901000,s,1340
5390006000,s,1340
5390134000,s,124
5391237000,r,1340
5391237000,r,1340
5391238000,r,1340
5391238000,r,1340
5391238000,r,1340
5391238000,r,1340
5391238000,r,1340
5391238000,r,1340
5391380000,r,1340
5391380000,r,1340
5391381000,r,1340
5391381000,r,1340
5391381000,r,1340
5391381000,r,1340
5391381000,r,1340
5391382000,r,1340
5391432000,r,1340
5391432000,r,1340
5391630000,s,124
5391684000,s,124
5391769000,s,124
5392093000,s,124
5392271000,s,124
5392364000,s,124
5392423000,s,124
5392832000,s,172
5392867000,s,124
5393253000,s,124
5393733000,s,124
5393778000,s,124
5394486000,r,1340
5394486000,r,1340
5394486000,r,1340
5394486000,r,1340
5394486000,r,1340
5394486000,r,1340
5394486000,r,1340
5394486000,r,1340
5394578000,r,1100
5394578000,r,1340
5394578000,r,1340
5394578000,r,1340
5394578000,r,1340
5394578000,r,1340
5395163000,s,124
5395229000,s,124
5395248000,s,124
5395790000,r,1340
5395790000,r,1340
5396802000,r,1340
5396802000,r,1340
5397171000,r,1340
5397171000,r,1340
5397245000,s,124
5397305000,s,124
5397632000,s,124
5398163000,s,124
5398198000,s,124
5398213000,s,124
5398305000,s,124
5398352000,s,124
5399048000,r,1340
5399104000,s,124
5399937000,r,1340
5400245000,r,1340
5400245000,r,1340
5400405000,s,124
5401780000,r,1340
5401780000,r,1340
5402104000,s,124
5402816000,s,172
5402858000,s,124
5403542000,s,428
5404568000,r,140
5404568000,r,140
5404569000,r,1340
5405066000,r,1340
5405215000,s,668
5407166000,r,1340
5407167000,r,1340
5407228000,s,188
5407625000,s,124
5409496000,r,1340
5409497000,r,1340
5409497000,r,1340
5409497000,r,1340
5409497000,r,220
5409497000,r,124
5409497000,r,1340
5410563000,s,124
5410665000,s,124
5410772000,s,124
5410949000,s,124
5415671000,r,1340
5415671000,r,396
5415671000,r,1036
5416753000,s,172
5416849000,s,124
5418697000,r,1340
5418697000,r,1340
5419371000,r,124
5419371000,r,124
5419372000,r,1340
5419372000,r,1340
5419433000,s,124
5419691000,r,636
5420092000,s,124
5420223000,s,124
5421020000,r,1340
5421075000,r,1340
5421076000,r,1340
5421076000,r,1340
5421782000,s,124
5421873000,s,124
5423117000,r,1340
5423117000,r,1340
5423118000,r,1340
5423118000,r,1340
5424344000,s,124
5424386000,s,124
5424715000,r,508
5431461000,r,220
5431461000,r,364
5431461000,r,380
5432364000,s,124
5434876000,r,124
5438023000,r,1340
5438623000,s,124
5438833000,r,1340
5438833000,r,1340
5438833000,r,1340
5439180000,r,1340
5439180000,r,1340
5439181000,r,1340
5439647000,s,124
5439717000,s,124
5440001000,s,124
5440361000,r,1340
5440361000,r,1340
5440361000,r,1340
5440361000,r,1340
5440361000,r,1340
5440361000,r,1340
5440361000,r,1340
5440362000,r,1340
5440801000,s,124
5440808000,r,1340
5440808000,r,1340
5440964000,s,124
5441315000,s,124
5441360000,s,124
5441386000,s,124
5444529000,r,1340
5444529000,r,1340
5444529000,r,1340
5445281000,r,1340
5445281000,r,1340
5445281000,r,1340
5445281000,r,1340
5446552000,s,124
5446691000,s,124
5446747000,s,124
5447435000,r,1340
5447435000,r,1340
5447435000,r,1340
5447435000,r,1340
5447435000,r,1340
5447435000,r,1340
5447435000,r,1340
5447436000,r,1340
5447516000,r,1340
5447868000,s,124
5447924000,s,124
5448090000,s,124
5448137000,s,124
5448151000,s,124
5450144000,r,1340
5450144000,r,1340
5450144000,r,1340
5450145000,r,1340
5450145000,r,1164
5450769000,s,124
5450830000,s,124
5451026000,s,124
5458171000,s,124
5467040000,s,252
5468185000,r,124
5472183000,r,124
5477817000,r,124
5478193000,s,124
5491998000,r,172
5498871000,s,140
5527094000,r,124
5527882000,s,204
5529714000,s,124
5530094000,s,124
5530485000,s,124
5535848000,r,156
5535848000,r,140
5535848000,r,172
5539876000,s,1340
5539952000,s,1340
5546041000,s,172
5553989000,r,156
5553989000,r,124
5554822000,s,124
5557312000,s,1340
5557349000,s,172
5557639000,s,1340
5557721000,s,828
5566932000,r,140
5566932000,r,1340
5574946000,r,124
5575909000,r,1340
5575909000,r,396
5575909000,r,732
5577782000,s,1340
5578477000,s,172
5578567000,s,124
5578940000,s,1164
5579305000,s,1260
5579389000,s,1020
5586622000,r,124
5589769000,r,268
5589769000,r,300
5589770000,r,252
5589770000,r,332
5590450000,s,124
5594747000,r,124
5599921000,s,140
5605259000,r,220
5606198000,r,124
5607064000,s,124
5616490000,s,124
5618949000,r,460
5618949000,r,188
5619069000,r,268
5619069000,r,284
5620067000,s,124
5620125000,s,124
5626933000,r,124
5629665000,r,268
5629665000,r,332
5629665000,r,124
5630887000,s,124
5645226000,r,124
5677636000,r,124
6727072000,r,1340
6727072000,r,1340
6727073000,r,1340
6727073000,r,1340
6727073000,r,1340
6727073000,r,1340
6727073000,r,1244
6727074000,r,1340
6727719000,r,1340
6727719000,r,1340
6727720000,r,1340
6731324000,s,124
6731644000,s,124
6731844000,s,124
6732546000,s,124
6732706000,s,124
6748152000,r,1340
6748153000,r,1340
6748153000,r,1340
6748154000,r,1340
6748154000,r,1340
6748155000,r,1340
6748155000,r,1340
6748156000,r,1340
6748580000,r,1340
6748580000,r,1340
6748581000,r,1340
6748581000,r,1340
6748582000,r,1340
6748582000,r,1340
6748583000,r,1340
6748583000,r,1340
6748718000,r,1340
6748719000,r,1340
6750120000,s,124
6750339000,s,124
6750527000,s,124
6751017000,s,124
6751147000,s,124
6751214000,s,124
6751251000,s,124
6751300000,s,124
6751341000,s,124
6763033000,r,1340
6763033000,r,1340
6763034000,r,1340
6763034000,r,1340
6763035000,r,1340
6763035000,r,1340
6763036000,r,1340
6763036000,r,1340
6763483000,r,1340
6763484000,r,1340
6763484000,r,1340
6763485000,r,1340
6763485000,r,1340
6763486000,r,1340
6763486000,r,1340
6763487000,r,1340
6763629000,r,1340
6763629000,r,1340
6763630000,r,1340
6763630000,r,1340
6763631000,r,1340
6763631000,r,1340
6764557000,r,1340
6764557000,r,1340
6764558000,r,1340
6764558000,r,1340
6764558000,r,1340
6764559000,r,1340
6764559000,r,1340
6764560000,r,1340
6764736000,r,1340
6764737000,r,1340
6764737000,r,1340
6764738000,r,1340
6764738000,r,956
6765737000,s,124
6766515000,s,124
6767036000,s,124
6767405000,s,124
6767760000,s,124
6769047000,s,124
6769681000,s,124
6770282000,s,124
6770765000,s,124
6771550000,s,124
6771877000,s,124
6772129000,s,124
6772871000,s,124
6773097000,s,124
6774661000,s,124
6775047000,s,124
6775270000,s,124
6775415000,s,124
7553630000,s,1340
7588879000,s,1340
7589286000,s,1340
7589333000,s,1340
7589336000,s,1340
7589341000,s,1340
7589344000,s,1340
7589346000,s,1340
7589349000,s,1340
7589351000,s,1340
7589366000,s,1340
7589370000,s,1340
7589373000,s,828
7611813000,s,1340
7625133000,r,124
7630477000,r,124
7633214000,s,124
7633327000,r,124
7649090000,r,188
7649090000,r,140
7659680000,s,140
7689821000,r,124
7775982000,s,108
9993856000,r,140
9993856000,r,124
9993857000,r,124
9995221000,s,124
9995332000,s,124
15115101000,s,156
15126347000,r,156
16763432000,r,156
16763432000,r,140
16763433000,r,124
16763433000,r,124
16769104000,s,124
16770747000,s,124
16787122000,r,124
22236261000,s,156
22274517000,s,156
22275069000,s,156
22293369000,r,156