0,s,124
43128000,s,124
43550000,s,124
43639000,s,176
43657000,s,124
68244000,r,120
70872000,s,60
71812000,s,156
71895000,s,156
73596000,r,124
74504000,s,124
76977000,s,1340
77067000,s,780
125282000,r,124
125283000,r,364
126980000,s,124
131041000,s,188
132563000,s,204
133306000,r,172
135004000,s,652
149630000,r,188
157612000,r,204
157612000,r,172
159598000,s,124
160341000,s,156
165170000,s,1340
165742000,s,1340
166621000,s,172
193630000,r,1372
193630000,r,1372
201059000,s,1340
201252000,s,188
203756000,s,316
204000000,s,396
225674000,r,124
233660000,r,124
249757000,r,124
261330000,r,252
261331000,r,252
262131000,s,140
263812000,s,140
4026040000,r,1340
4026041000,r,1340
4026041000,r,1340
4026041000,r,1340
4026042000,r,1340
4026042000,r,1340
4026043000,r,1340
4026043000,r,1340
4026792000,r,1340
4026792000,r,1340
4026793000,r,1340
4031013000,s,124
4031498000,s,124
4032252000,s,124
4033279000,s,124
4034640000,s,124
4049676000,r,892
4052981000,s,124
4114525000,s,460
4114827000,s,364
4136648000,r,124
4136648000,r,124
4140080000,r,1340
4142749000,r,1340
4142749000,r,380
4142750000,r,396
4142750000,r,1340
4143617000,r,1340
4143618000,r,1340
4143618000,r,1340
4143852000,s,124
4144074000,s,124
4144469000,s,124
4145593000,r,1340
4145593000,r,1340
4145594000,r,1340
4145594000,r,1340
4145594000,r,1340
4145594000,r,1340
4145595000,r,1340
4145595000,r,1340
4145729000,r,1340
4145729000,r,508
4145730000,r,1340
4145730000,r,1340
4145730000,r,1340
4145730000,r,1340
4146495000,s,124
4146633000,s,124
4146800000,s,124
4146952000,s,124
4147115000,s,124
4147275000,s,124
4147441000,s,124
4151576000,s,124
4159275000,r,1340
4159275000,r,1340
4159276000,r,1340
4159276000,r,1340
4159276000,r,1340
4159276000,r,1340
4159276000,r,1340
4159277000,r,1340
4159461000,r,1340
4159461000,r,1340
4159461000,r,1068
4160199000,s,124
4160435000,s,124
4160575000,s,124
4160996000,s,124
4161110000,s,124
4161295000,s,124
4162280000,s,124
4163234000,r,124
4163542000,s,124
4163981000,s,124
4165051000,s,124
4167195000,s,1340
4167324000,s,796
4170667000,r,284
4173591000,r,172
4180217000,r,124
4180218000,r,124
4180218000,r,364
4181512000,s,124
4182167000,s,188
4182743000,s,668
4190924000,r,156
4192891000,s,124
4192914000,r,124
4192914000,r,124
4192914000,r,204
4200773000,r,1340
4201219000,s,124
4202982000,r,1340
4202982000,r,1340
4202982000,r,1340
4202982000,r,1340
4202982000,r,1340
4202982000,r,1340
4202982000,r,1340
4203359000,s,124
4203414000,s,124
4203441000,s,124
4215491000,r,1340
4215492000,r,1340
4215492000,r,1340
4215492000,r,1340
4215493000,r,1340
4215493000,r,1340
4215493000,r,1340
4215494000,r,1340
4215811000,r,1340
4215811000,r,1340
4215811000,r,428
4216609000,s,124
4216723000,s,124
4216762000,s,124
4216798000,s,124
4217360000,s,124
4217408000,s,124
4218409000,r,124
4219255000,s,124
4224183000,s,1340
4224235000,s,652
4250119000,r,124
4250119000,r,124
4251192000,s,284
4256089000,r,1340
4256927000,s,124
4257806000,r,1340
4257806000,r,1340
4257806000,r,1340
4257806000,r,1340
4257807000,r,1340
4257807000,r,604
4258309000,s,124
4258644000,s,124
4258663000,s,124
4258883000,s,124
4258908000,s,124
4259090000,s,124
4265592000,r,364
4269585000,r,1340
4269586000,r,1340
4269586000,r,1340
4269586000,r,1340
4270045000,s,124
4270208000,s,124
4276949000,r,1340
4276949000,r,1340
4276949000,r,1340
4276949000,r,1340
4276950000,r,1340
4277040000,s,188
4276950000,r,1340
4276950000,r,1340
4276950000,r,1340
4277067000,r,1340
4277067000,r,508
4277067000,r,1340
4277067000,r,1340
4277067000,r,1340
4277067000,r,1340
4277067000,r,1340
4277067000,r,1340
4277105000,r,1340
4277105000,r,1340
4277106000,r,1340
4277106000,r,1340
4277106000,r,1340
4277509000,s,124
4277611000,s,124
4277655000,s,124
4277677000,s,124
4277803000,s,124
4277821000,s,124
4278195000,s,124
4278201000,r,1340
4278212000,s,124
4278224000,s,124
4278233000,s,124
4278247000,s,124
4278201000,r,1340
4278201000,r,508
4278201000,r,1340
4278201000,r,1340
4278202000,r,1340
4278202000,r,1340
4278202000,r,1340
4278307000,r,1340
4278308000,r,1340
4278308000,r,1340
4278308000,r,1340
4278308000,r,1340
4278308000,r,1340
4278308000,r,1340
4278308000,r,1340
4278350000,r,508
4278563000,s,204
4278602000,s,124
4279261000,s,124
4279314000,s,124
4279344000,s,124
4279363000,s,124
4279380000,s,124
4279399000,s,124
4279427000,s,124
4281371000,s,812
4286165000,r,1340
4286165000,r,1340
4286166000,r,1340
4286166000,r,1340
4286166000,r,1340
4286166000,r,1340
4286166000,r,1340
4286166000,r,1340
4286284000,r,1340
4286285000,r,1340
4286285000,r,1340
4286571000,s,124
4286654000,s,124
4286685000,s,124
4286699000,s,124
4286766000,s,124
4286791000,s,124
4290353000,r,1340
4290353000,r,1340
4290353000,r,1340
4290353000,r,1340
4290353000,r,1340
4290353000,r,1340
4290354000,r,1340
4290354000,r,1340
4290467000,r,1340
4290467000,r,1340
4290468000,r,1340
4290468000,r,1340
4290468000,r,1340
4290468000,r,1340
4290468000,r,1340
4290468000,r,1340
4290504000,r,1340
4290504000,r,1340
4290505000,r,1340
4290505000,r,1340
4290505000,r,1340
4290505000,r,1340
4290505000,r,1340
4290505000,r,1340
4290541000,r,1340
4290541000,r,1340
4290541000,r,1340
4290541000,r,1340
4290541000,r,1340
4290542000,r,1340
4290542000,r,1340
4290542000,r,1340
4290575000,r,1340
4290576000,r,1340
4291413000,s,124
4291486000,s,124
4291709000,s,124
4292354000,s,124
4292382000,r,1340
4292395000,s,124
4292408000,s,124
4292417000,s,124
4292425000,s,124
4292382000,r,1340
4292382000,r,1340
4292522000,s,124
4292627000,s,124
4292644000,s,124
4292660000,s,124
4292908000,s,124
4293040000,s,124
4293385000,s,124
4293466000,s,124
4293646000,s,124
4293875000,s,124
4299607000,r,1340
4299607000,r,1340
4299608000,r,1340
4300200000,s,124
4300242000,s,124
4301590000,r,1340
4301591000,r,1340
4301591000,r,1340
4301591000,r,1340
4301591000,r,1340
4301591000,r,1340
4301591000,r,1340
4301591000,r,1340
4301689000,r,1340
4301689000,r,1340
4301689000,r,1340
4301689000,r,1340
4301689000,r,1340
4301689000,r,1340
4301689000,r,1340
4301690000,r,1340
4301721000,r,1340
4301721000,r,1340
4301721000,r,1340
4301722000,r,1340
4301722000,r,1084
4301722000,r,1340
4301722000,r,1340
4301722000,r,1340
4301754000,r,1340
4301754000,r,1340
4301754000,r,1340
4301754000,r,1340
4301754000,r,1340
4301754000,r,1340
4302230000,s,124
4302605000,s,124
4302669000,s,124
4303023000,s,124
4303265000,s,124
4303422000,s,124
4303558000,s,124
4303879000,s,124
4304179000,s,124
4304273000,s,124
4304509000,r,156
4304562000,s,124
4304510000,r,1340
4304510000,r,1340
4304510000,r,1340
4304625000,s,124
4304820000,s,124
4305066000,s,124
4305166000,s,156
4305502000,s,124
4305686000,s,124
4321900000,s,1340
4321965000,s,316
4325103000,r,1340
4325103000,r,1340
4325103000,r,1340
4325103000,r,1340
4325103000,r,1340
4325103000,r,1340
4325103000,r,1340
4325104000,r,1340
4325257000,r,1340
4325257000,r,1340
4325257000,r,1340
4325257000,r,1340
4325258000,r,1340
4325258000,r,1340
4325258000,r,1340
4325258000,r,1340
4325300000,r,1340
4325300000,r,1340
4325301000,r,1340
4325301000,r,1340
4325301000,r,1340
4325301000,r,1340
4325301000,r,1340
4325301000,r,1340
4325341000,r,1340
4325341000,r,1340
4325341000,r,1340
4325341000,r,1340
4325341000,r,1340
4325341000,r,1340
4325341000,r,1340
4325341000,r,1340
4325377000,r,1340
4325377000,r,1340
4325378000,r,1340
4325378000,r,1340
4325378000,r,1340
4325378000,r,1340
4325378000,r,124
4325378000,r,1340
4325409000,r,1340
4325783000,s,124
4325826000,s,124
4325838000,s,124
4325849000,s,124
4325858000,s,124
4325867000,s,124
4325875000,s,124
4325981000,s,124
4326016000,s,124
4326029000,s,124
4326230000,s,124
4326275000,s,124
4326288000,s,124
4326296000,s,124
4326305000,s,124
4326312000,s,124
4326319000,s,124
4326327000,s,124
4326334000,s,124
4326396000,s,124
4328305000,r,1340
4328305000,r,1340
4328305000,r,1340
4328739000,s,124
4330212000,r,1340
4330212000,r,1340
4330212000,r,1340
4330678000,s,124
4330755000,s,124
4331855000,s,444
4339451000,r,1340
4339451000,r,1340
4339451000,r,1340
4339451000,r,1340
4339452000,r,1340
4339452000,r,1340
4339452000,r,1340
4339452000,r,1340
4339603000,r,1340
4339603000,r,1340
4339604000,r,1340
4339604000,r,1340
4339604000,r,1340
4339604000,r,1340
4339604000,r,1340
4339604000,r,1340
4339637000,r,1340
4339637000,r,1340
4339637000,r,1340
4339637000,r,1340
4339637000,r,1340
4339637000,r,1340
4339637000,r,1340
4339637000,r,1340
4339665000,r,1340
4339665000,r,1340
4340020000,s,124
4340056000,s,124
4340423000,s,124
4340501000,s,124
4340587000,s,124
4340703000,s,124
4340832000,s,124
4340960000,s,124
4341156000,s,124
4341321000,s,124
4341438000,s,124
4341516000,s,124
4341657000,s,124
4345930000,s,124
4349578000,r,1340
4349578000,r,1340
4349579000,r,1340
4349579000,r,1340
4350047000,s,124
4350102000,s,124
4350902000,r,124
4350902000,r,124
4350902000,r,1340
4350903000,r,1340
4350903000,r,1340
4350903000,r,1340
4351563000,r,1340
4351563000,r,1340
4351563000,r,1340
4351563000,r,1340
4351564000,r,1340
4351564000,r,1340
4351564000,r,1340
4351564000,r,1340
4351639000,r,1340
4352282000,s,124
4352380000,s,124
4352463000,s,124
4352523000,s,124
4352578000,s,124
4352654000,s,124
4365596000,r,1340
4365596000,r,1340
4365596000,r,1340
4365596000,r,1340
4365596000,r,1340
4365596000,r,1340
4365597000,r,1340
4365597000,r,1340
4365810000,r,1340
4365810000,r,1340
4365811000,r,1340
4365811000,r,1340
4365811000,r,1340
4365811000,r,1340
4365811000,r,1340
4365811000,r,1340
4365857000,r,1340
4365858000,r,1340
4366574000,s,124
4366882000,s,124
4367169000,s,124
4367474000,s,124
4367776000,s,124
4368238000,s,124
4368515000,s,124
4368924000,s,124
4369051000,s,124
4392944000,r,1340
4392944000,r,1340
4392945000,r,1340
4392945000,r,1340
4392945000,r,1340
4392945000,r,1340
4392945000,r,1340
4392945000,r,1340
4393154000,r,1340
4393154000,r,1340
4393154000,r,1340
4393154000,r,1340
4393155000,r,1340
4393155000,r,1340
4393155000,r,1340
4393155000,r,124
4393199000,r,1340
4393199000,r,1340
4393199000,r,1340
4393200000,r,1340
4393200000,r,1340
4393200000,r,1340
4393200000,r,1340
4393200000,r,1340
4393246000,r,1340
4393246000,r,1340
4393247000,r,1340
4393247000,r,1340
4393247000,r,1340
4393247000,r,1340
4393247000,r,1340
4393247000,r,1340
4393289000,r,1340
4393289000,r,1340
4393289000,r,1340
4393289000,r,1340
4393289000,r,1340
4393289000,r,1340
4393289000,r,1340
4393290000,r,1340
4393327000,r,1340
4393327000,r,1340
4393327000,r,1340
4393327000,r,1340
4393327000,r,1340
4393328000,r,652
4393328000,r,1340
4393328000,r,1340
4393363000,r,1340
4393363000,r,1340
4393363000,r,1340
4393363000,r,1340
4393363000,r,1340
4393363000,r,1340
4393364000,r,1340
4393364000,r,1340
4393400000,r,1340
4393401000,r,1340
4393401000,r,1340
4393401000,r,1340
4393401000,r,1340
4393401000,r,1340
4393401000,r,1340
4393401000,r,1340
4393455000,r,1340
4393455000,r,1340
4393455000,r,1340
4393455000,r,1340
4393455000,r,1340
4393455000,r,1340
4393455000,r,1340
4393455000,r,1340
4393494000,r,1340
4393494000,r,1340
4393494000,r,1340
4393494000,r,1340
4393494000,r,1340
4393494000,r,1340
4393494000,r,1340
4393494000,r,1340
4393528000,r,1340
4393528000,r,1340
4393528000,r,380
4393914000,s,124
4394044000,s,124
4394629000,s,124
4395026000,s,124
4395158000,s,124
4395173000,s,124
4395182000,s,124
4395190000,s,124
4395297000,s,124
4395466000,s,124
4395618000,s,124
4395812000,s,124
4395914000,s,124
4396391000,s,124
4396663000,s,124
4396872000,s,124
4397204000,s,124
4397455000,s,124
4397610000,s,124
4397839000,s,124
4397989000,s,124
4398651000,s,124
4398746000,s,124
4398910000,s,124
4398945000,s,124
4399119000,s,124
4399137000,s,124
4399264000,s,124
4399417000,s,124
4399550000,s,124
4399719000,s,124
4399867000,s,124
4400126000,s,124
4400357000,s,124
4400587000,s,124
4401026000,s,124
4401207000,s,124
4401429000,s,124
4401602000,s,124
4401775000,s,124
4401887000,s,124
4401988000,s,124
4402082000,s,124
4402179000,s,124
4402276000,s,124
4402365000,s,124
4402454000,s,124
4402537000,s,124
4402639000,s,124
4402729000,s,124
4402818000,s,124
4402904000,s,124
4423231000,s,1340
4423345000,s,1340
4427267000,s,124
4428307000,s,124
4429534000,s,124
4429601000,r,1340
4429601000,r,1340
4430515000,s,444
4430645000,s,124
4446424000,s,124
4453684000,r,1340
4453684000,r,1340
4453684000,r,1340
4453684000,r,1340
4453684000,r,1340
4453684000,r,1340
4453684000,r,1340
4453685000,r,1340
4453818000,r,1340
4453818000,r,1340
4453819000,r,1340
4453819000,r,1340
4453819000,r,1340
4453819000,r,988
4453819000,r,156
4453819000,r,140
4453851000,r,156
4454640000,s,124
4454806000,s,124
4454948000,s,124
4455550000,s,124
4456316000,s,124
4457362000,s,124
4458611000,s,124
4473087000,s,1340
4473193000,s,1340
4476058000,s,156
4477357000,s,124
4478419000,s,124
4479434000,s,124
4481161000,s,140
4487550000,s,236
4488477000,r,140
4488937000,s,220
4489443000,s,220
4493597000,r,428
4493597000,r,1340
4493598000,r,1340
4493598000,r,1340
4493598000,r,1340
4493598000,r,1340
4493598000,r,1340
4493598000,r,1340
4493731000,r,1340
4493731000,r,1340
4493731000,r,1340
4493732000,r,1340
4493732000,r,1340
4493732000,r,1340
4493732000,r,1340
4493732000,r,1340
4493779000,r,1340
4493780000,r,1340
4493780000,r,1340
4493780000,r,1340
4493780000,r,1340
4493780000,r,1340
4493780000,r,1340
4493780000,r,1340
4493820000,r,1340
4493820000,r,1340
4494149000,s,124
4494713000,s,124
4495125000,s,124
4495672000,s,124
4496171000,s,124
4496355000,s,124
4496467000,s,124
4496642000,s,124
4496907000,s,124
4497324000,s,124
4500363000,s,1340
4500676000,s,140
4503723000,s,140
4513629000,r,1340
4513629000,r,1340
4513629000,r,1340
4513629000,r,1340
4513629000,r,1340
4513630000,r,1340
4513630000,r,1340
4513630000,r,1340
4513917000,r,1340
4513918000,r,1340
4513918000,r,1340
4513918000,r,1340
4513918000,r,1340
4513918000,r,1340
4513918000,r,1340
4513918000,r,1340
4513973000,r,1340
4513973000,r,1340
4513974000,r,1340
4513974000,r,1340
4513974000,r,1340
4513974000,r,140
4513974000,r,1340
4513974000,r,1340
4514022000,r,1340
4514023000,r,1340
4514023000,r,1340
4514023000,r,124
4514077000,r,284
4514077000,r,188
4514077000,r,1340
4514077000,r,1340
4514077000,r,1324
4514488000,s,124
4514970000,s,124
4515101000,s,124
4515325000,s,124
4516163000,s,124
4516240000,s,124
4516415000,s,124
4516576000,s,124
4517223000,s,124
4517582000,s,124
4517901000,s,124
4520475000,s,1340
4523037000,s,140
4526531000,r,140
4526531000,r,1340
4527907000,s,140
4528047000,s,124
4528273000,s,124
4532067000,s,1340
4532103000,s,748
4532887000,s,140
4535046000,s,172
4535812000,s,172
4536657000,r,124
4536657000,r,1340
4536658000,r,1340
4536658000,r,1340
4536658000,r,1340
4536658000,r,1340
4536658000,r,1340
4536659000,r,1340
4536816000,r,1340
4537385000,s,124
4537576000,r,1340
4537576000,r,1340
4537576000,r,1340
4537720000,s,124
4537942000,s,124
4538436000,s,124
4538484000,s,572
4538502000,s,124
4546153000,s,156
4549076000,r,1340
4549076000,r,1340
4549076000,r,1340
4549076000,r,1340
4549076000,r,1340
4549077000,r,1340
4549077000,r,1340
4549077000,r,1340
4549344000,r,1340
4549344000,r,1340
4549344000,r,1340
4549344000,r,1340
4549345000,r,1340
4549345000,r,924
4549345000,r,1340
4549345000,r,1340
4549404000,r,1340
4549404000,r,1340
4549404000,r,1340
4549404000,r,1340
4549404000,r,1340
4549404000,r,1340
4549405000,r,1340
4549405000,r,1340
4549454000,r,1340
4549454000,r,1340
4549454000,r,1340
4549454000,r,1340
4550419000,r,1340
4550436000,s,124
4550419000,r,1340
4550419000,r,1340
4550419000,r,1340
4550420000,r,1340
4550420000,r,1340
4550644000,s,124
4550778000,s,124
4550876000,s,124
4550945000,s,124
4551044000,s,124
4551124000,s,124
4551226000,s,124
4551316000,s,124
4551407000,s,124
4551496000,s,124
4551582000,s,124
4551678000,s,124
4551773000,s,124
4551865000,s,124
4551958000,s,124
4554586000,s,252
4581322000,r,1340
4581323000,r,1340
4581323000,r,1340
4581323000,r,1340
4581323000,r,1340
4581324000,r,1340
4581324000,r,1340
4581324000,r,1340
4581792000,r,1340
4581792000,r,1340
4581793000,r,1340
4581793000,r,1340
4581793000,r,1340
4581793000,r,1340
4581794000,r,1340
4581794000,r,1340
4581868000,r,1340
4581868000,r,1340
4581868000,r,1340
4581868000,r,1340
4581869000,r,1340
4581869000,r,1340
4581869000,r,1340
4581869000,r,1340
4581940000,r,1340
4581940000,r,1340
4581940000,r,1340
4581940000,r,1340
4581941000,r,1340
4583425000,s,124
4583625000,s,124
4584095000,s,124
4584536000,s,124
4584898000,s,124
4585383000,s,124
4586090000,s,124
4586158000,s,124
4586470000,s,124
4586917000,s,124
4587349000,s,124
4587502000,s,124
4587937000,s,124
4588330000,s,124
4588910000,s,124
4591713000,r,1340
4591713000,r,1340
4591714000,r,1340
4591714000,r,1340
4591714000,r,1340
4591714000,r,1340
4591715000,r,1340
4591715000,r,1340
4591890000,r,1340
4591890000,r,1340
4591890000,r,1340
4591891000,r,156
4591891000,r,140
4591891000,r,1052
4591891000,r,220
4591891000,r,124
4592626000,s,124
4592857000,s,124
4592977000,s,124
4593035000,s,124
4593055000,s,124
4594168000,s,124
4613613000,r,1340
4613613000,r,1340
4613613000,r,1340
4613614000,r,1340
4613614000,r,1340
4613614000,r,1340
4613614000,r,1340
4613614000,r,1340
4613835000,r,1340
4613876000,r,1340
4613876000,r,1340
4613876000,r,1340
4613876000,r,1340
4613877000,r,1340
4613877000,r,1340
4613877000,r,1340
4613877000,r,124
4613935000,r,1340
4613935000,r,1340
4613936000,r,1340
4613936000,r,1340
4613936000,r,1340
4613936000,r,1340
4613936000,r,700
4613936000,r,1340
4613989000,r,1340
4613990000,r,1340
4613990000,r,1340
4613990000,r,1340
4613990000,r,1340
4613990000,r,1340
4613990000,r,316
4613990000,r,1340
4614036000,r,1340
4614037000,r,1340
4614037000,r,1340
4615022000,s,124
4615082000,r,1340
4615082000,r,1340
4615082000,r,1036
4615083000,r,220
4615083000,r,1340
4615083000,r,1340
4615083000,r,1340
4615083000,r,1340
4615156000,s,124
4615213000,s,124
4615263000,s,124
4615310000,s,124
4615355000,s,124
4615399000,s,140
4615440000,s,140
4615481000,s,124
4615525000,s,124
4615596000,s,124
4615642000,s,140
4615691000,s,140
4615737000,s,124
4615808000,s,140
4615877000,s,124
4615942000,s,124
4615990000,s,124
4616033000,s,124
4616078000,s,124
4616145000,s,124
4616214000,s,124
4616285000,s,124
4621460000,s,1340
4621775000,s,620
4622877000,s,220
4623425000,s,124
4624046000,s,124
4650075000,s,124
4655535000,r,1340
4655535000,r,1340
4655535000,r,1340
4655535000,r,1340
4655535000,r,1340
4655536000,r,1340
4655536000,r,1340
4655536000,r,1340
4655825000,r,1340
4655825000,r,1340
4655825000,r,1340
4655826000,r,1340
4655826000,r,1340
4655826000,r,1340
4655826000,r,1340
4655826000,r,1340
4655889000,r,1340
4655889000,r,1340
4655889000,r,1340
4655890000,r,1340
4655890000,r,1340
4655890000,r,1340
4655890000,r,1340
4655890000,r,1340
4655945000,r,1340
4655945000,r,1340
4655945000,r,1340
4655945000,r,1340
4655946000,r,1340
4655946000,r,1340
4655946000,r,1340
4655946000,r,1340
4655997000,r,1340
4655997000,r,1340
4655997000,r,1340
4655997000,r,1340
4655998000,r,1340
4655998000,r,1340
4655998000,r,1340
4655998000,r,1340
4656048000,r,1340
4656048000,r,1340
4656048000,r,1340
4656048000,r,1340
4656048000,r,1340
4656048000,r,1340
4656049000,r,1340
4656049000,r,1340
4656098000,r,1340
4656098000,r,1340
4656098000,r,1340
4656098000,r,1340
4656099000,r,1340
4656099000,r,1340
4656099000,r,1340
4656099000,r,1340
4656147000,r,1340
4656147000,r,1340
4656148000,r,1340
4656148000,r,1340
4657041000,s,124
4657297000,s,124
4657756000,s,124
4657916000,s,124
4658021000,s,124
4658116000,s,124
4658791000,s,124
4658919000,s,124
4659016000,s,124
4659090000,s,124
4659160000,s,124
4659271000,s,124
4659363000,s,124
4659583000,s,124
4659736000,s,124
4659933000,s,124
4660081000,s,124
4661293000,s,124
4661436000,s,124
4662300000,s,124
4662718000,s,124
4663103000,s,124
4663947000,r,1340
4663947000,r,1340
4664084000,s,124
4663948000,r,124
4663948000,r,1340
4663948000,r,1340
4663949000,r,1340
4663949000,r,1340
4663949000,r,1340
4664199000,r,1340
4664199000,r,1340
4664199000,r,1340
4664200000,r,1340
4664200000,r,1340
4664200000,r,1340
4664200000,r,1340
4664314000,r,1340
4664314000,r,1340
4664314000,r,1340
4664524000,s,124
4664703000,s,124
4664939000,s,124
4665331000,r,1340
4665394000,s,124
4665331000,r,1340
4665332000,r,1340
4665332000,r,1340
4665332000,r,1340
4665333000,r,1340
4665333000,r,1340
4665333000,r,1340
4665537000,r,1340
4665537000,r,1340
4665537000,r,1340
4665537000,r,1340
4665538000,r,1340
4665538000,r,1340
4665538000,r,1340
4665539000,r,1340
4665659000,r,1340
4665659000,r,1340
4665735000,r,1340
4665735000,r,1340
4665736000,r,1340
4665736000,r,1340
4665805000,s,124
4665736000,r,1340
4665736000,r,1340
4665982000,s,124
4666076000,r,1340
4666076000,r,1340
4666077000,r,1340
4666077000,r,1340
4666077000,r,1340
4666077000,r,1340
4666258000,s,124
4666343000,r,1340
4666344000,r,1340
4666344000,r,1340
4666552000,r,1340
4666552000,r,1340
4666552000,r,1340
4666618000,s,124
4667051000,s,124
4667485000,s,124
4667482000,r,1340
4667482000,r,1340
4667483000,r,1340
4667483000,r,1340
4667483000,r,1340
4667483000,r,1340
4667484000,r,1340
4667484000,r,1340
4667597000,r,1340
4667597000,r,1340
4667597000,r,1340
4667598000,r,1340
4667754000,s,124
4668027000,s,124
4668355000,s,124
4668606000,s,124
4668858000,r,1340
4668858000,r,1340
4668859000,r,1340
4668859000,r,1340
4668859000,r,1340
4669074000,s,124
4669282000,s,124
4669908000,s,124
4669972000,s,124
4670253000,s,124
4670528000,s,124
4670899000,s,124
4671814000,s,124
4672119000,s,124
4672668000,s,124
4672757000,s,124
4672822000,s,124
4672888000,s,124
4673039000,s,124
4673150000,s,124
4673930000,s,124
4673995000,s,124
4674276000,s,124
4674390000,s,124
4674810000,s,124
4674860000,s,124
4675171000,s,124
4675275000,s,124
4675374000,s,124
4675580000,s,124
4675934000,s,124
4675983000,s,124
4676542000,s,124
4685324000,r,124
4703402000,r,1100
4703402000,r,1340
4703402000,r,1340
4703403000,r,1340
4703403000,r,1340
4703403000,r,1340
4703403000,r,1340
4703403000,r,1340
4703677000,r,1340
4703678000,r,1340
4703678000,r,1340
4703678000,r,1340
4703678000,r,1340
4703678000,r,1340
4703678000,r,1340
4703679000,r,1340
4706514000,s,124
4706635000,s,124
4706663000,s,124
4706698000,s,124
4706718000,s,124
4706750000,s,124
4706770000,s,124
4706794000,s,124
4725991000,r,124
4725991000,r,124
4725991000,r,1340
4725991000,r,1340
4725991000,r,1340
4725992000,r,1340
4725992000,r,1340
4725992000,r,1340
4726383000,r,1340
4726383000,r,1340
4726384000,r,1340
4726384000,r,1340
4726384000,r,1340
4726384000,r,1340
4726384000,r,1340
4726829000,r,1340
4726829000,r,1340
4726829000,r,1340
4728061000,s,124
4728183000,s,124
4728205000,s,124
4728221000,s,124
4728236000,s,124
4728251000,s,124
4728265000,s,124
4728279000,s,124
4729605000,r,1340
4729605000,r,1340
4729605000,r,1340
4729605000,r,1340
4729606000,r,1340
4730218000,s,124
4730300000,s,124
4746528000,s,140
4753654000,r,1340
4753654000,r,1340
4753655000,r,1340
4753655000,r,1340
4753655000,r,1340
4753655000,r,1340
4753655000,r,1340
4753656000,r,1340
4753925000,r,1340
4753926000,r,1340
4753926000,r,1340
4753926000,r,1340
4753926000,r,1340
4753926000,r,1340
4753927000,r,1340
4753927000,r,1340
4753990000,r,1340
4753990000,r,1340
4753991000,r,1340
4753991000,r,1020
4753991000,r,1340
4753991000,r,1340
4753991000,r,1340
4753992000,r,1340
4754053000,r,1340
4754053000,r,1340
4754054000,r,1340
4754054000,r,1340
4754054000,r,1340
4754054000,r,1340
4754054000,r,1340
4754055000,r,1340
4754110000,r,1340
4754110000,r,1340
4754110000,r,1340
4754110000,r,1340
4754176000,r,1340
4754176000,r,1340
4754176000,r,1340
4754176000,r,1340
4754176000,r,1340
4754176000,r,1340
4754177000,r,1340
4754177000,r,1340
4754238000,r,1340
4754239000,r,1340
4754239000,r,1340
4754239000,r,1340
4754239000,r,1340
4754239000,r,1340
4754240000,r,1340
4754240000,r,1340
4754297000,r,1340
4754297000,r,1340
4754297000,r,1340
4754297000,r,1340
4754298000,r,1340
4754298000,r,1340
4754298000,r,1340
4754298000,r,1340
4754357000,r,1340
4754357000,r,1340
4754357000,r,1340
4754358000,r,1340
4754358000,r,1340
4754358000,r,1340
4755186000,s,124
4755798000,r,1340
4755798000,r,1340
4755798000,r,1340
4755799000,r,1340
4755799000,r,1340
4755799000,r,1340
4755799000,r,1340
4755799000,r,1340
4755922000,r,1340
4755922000,r,1340
4755922000,r,1340
4755923000,r,1340
4756915000,s,124
4756976000,s,124
4756996000,s,124
4757011000,s,124
4757055000,r,1340
4757055000,r,1340
4757056000,r,1340
4757056000,r,1340
4757056000,r,1340
4757056000,r,1340
4757351000,s,124
4757612000,s,124
4757984000,s,124
4758053000,s,124
4758109000,s,124
4758435000,s,124
4759068000,s,124
4759588000,s,124
4760067000,s,124
4760139000,s,124
4760159000,s,124
4760282000,s,124
4760335000,s,124
4760355000,s,124
4760601000,s,124
4760753000,s,124
4760936000,s,124
4761122000,s,124
4761456000,s,124
4761719000,s,124
4762032000,s,124
4762085000,s,124
4762116000,s,124
4762185000,s,124
4762238000,s,124
4762253000,s,124
4762275000,s,124
4762289000,s,124
4762304000,s,124
4762316000,s,124
4762327000,s,124
4762341000,s,124
4762354000,s,124
4762366000,s,124
4762496000,s,124
4762554000,s,124
4762589000,s,124
4762605000,s,124
4762686000,s,124
4762719000,s,124
4765311000,s,188
4800509000,r,1340
4800509000,r,1340
4800510000,r,1340
4800510000,r,1340
4800510000,r,1340
4800510000,r,1340
4801794000,s,124
4801985000,s,124
4802117000,s,124
4833725000,r,1340
4833726000,r,1340
4833726000,r,1340
4833726000,r,1340
4833726000,r,1340
4833726000,r,1340
4833727000,r,1340
4833727000,r,1340
4834137000,r,1340
4834138000,r,1340
4834138000,r,1340
4834138000,r,1340
4834138000,r,1340
4834139000,r,1340
4834139000,r,1340
4834139000,r,1340
4834210000,r,1340
4834210000,r,1340
4834211000,r,1340
4834211000,r,1340
4834211000,r,1340
4834211000,r,1340
4834211000,r,1340
4834212000,r,1340
4834274000,r,1340
4834274000,r,1340
4834274000,r,1340
4834275000,r,1340
4834275000,r,1340
4834275000,r,1340
4834275000,r,1340
4834275000,r,1340
4834333000,r,1340
4834333000,r,1340
4834333000,r,1340
4834333000,r,1340
4834333000,r,1340
4834334000,r,1340
4834334000,r,1340
4834334000,r,1340
4834387000,r,1340
4834388000,r,1340
4834388000,r,1340
4834388000,r,1340
4834388000,r,1340
4834388000,r,1340
4834389000,r,1340
4834389000,r,1340
4834440000,r,1340
4834440000,r,1340
4834441000,r,1340
4834441000,r,1340
4834441000,r,1340
4834441000,r,1340
4834441000,r,1340
4834442000,r,1340
4834494000,r,1340
4834494000,r,1340
4834494000,r,1340
4834495000,r,1340
4834495000,r,1340
4834495000,r,1340
4834495000,r,1340
4834496000,r,1340
4834637000,r,1340
4834637000,r,1340
4834637000,r,1340
4834637000,r,1340
4834637000,r,1340
4834638000,r,1340
4834638000,r,1340
4834638000,r,1340
4834743000,r,1340
4834743000,r,1340
4834743000,r,1340
4834743000,r,1340
4834744000,r,1340
4834744000,r,1340
4834744000,r,1340
4834744000,r,1340
4834809000,r,1340
4834809000,r,1340
4834809000,r,1340
4834809000,r,1340
4834810000,r,1340
4834810000,r,1340
4834810000,r,1340
4835720000,s,124
4835866000,s,124
4835897000,s,124
4835935000,s,124
4835955000,s,124
4836037000,s,124
4836057000,s,124
4836074000,s,124
4836089000,s,124
4836104000,s,124
4836118000,s,124
4836134000,s,124
4836150000,s,124
4836166000,s,124
4836182000,s,124
4836483000,s,124
4837052000,s,124
4837788000,s,124
4838933000,s,124
4839468000,s,124
4840176000,s,124
4842098000,s,124
4842235000,s,124
4842284000,s,124
4842916000,s,124
4845652000,s,124
4845905000,s,124
4846098000,s,124
4847261000,s,124
4857073000,r,1340
4857074000,r,1340
4857074000,r,1340
4857074000,r,1340
4857074000,r,1340
4857074000,r,1340
4857074000,r,1340
4857075000,r,1340
4857369000,r,1340
4857369000,r,1340
4857370000,r,1340
4857370000,r,1340
4857370000,r,1340
4857370000,r,1340
4857370000,r,1340
4857371000,r,1340
4857432000,r,1340
4857432000,r,1340
4857432000,r,1340
4857432000,r,1340
4857432000,r,1340
4857433000,r,1340
4857433000,r,1340
4857433000,r,1340
4857489000,r,1340
4857489000,r,1340
4857489000,r,1340
4857489000,r,1340
4857490000,r,1340
4857490000,r,1340
4857490000,r,1340
4857490000,r,1340
4857541000,r,1340
4857541000,r,1340
4857541000,r,1340
4857541000,r,1340
4858938000,s,124
4859119000,s,124
4859216000,s,124
4859300000,s,124
4859941000,s,124
4860205000,s,124
4860365000,s,124
4860670000,s,124
4860968000,s,124
4863901000,s,124
4953775000,r,1340
4953775000,r,1340
4953776000,r,1340
4953776000,r,1340
4953777000,r,1340
4953777000,r,1340
4953778000,r,1340
4953778000,r,1340
4954488000,r,1340
4956803000,s,124
4957106000,s,124
4963780000,r,1340
4963780000,r,1340
4963780000,r,1340
4963781000,r,1340
4963781000,r,1340
4963781000,r,1340
4963781000,r,1340
4963782000,r,1340
4963993000,r,1340
4963994000,r,1340
4963994000,r,1340
4963994000,r,1340
4963994000,r,1340
4963995000,r,1340
4963995000,r,1340
4963995000,r,1340
4964065000,r,1340
4964065000,r,1340
4964066000,r,1340
4964066000,r,1340
4964066000,r,1068
4964066000,r,1340
4964066000,r,1340
4964067000,r,1340
4964143000,r,1340
4964143000,r,1340
4964144000,r,1340
4964144000,r,1340
4964144000,r,1340
4964144000,r,1340
4964145000,r,1340
4964145000,r,1340
4964216000,r,1340
4964216000,r,1340
4964216000,r,1340
4964216000,r,1340
4964217000,r,1340
4964217000,r,1340
4964217000,r,1340
4964217000,r,1340
4964286000,r,1340
4964287000,r,1340
4964287000,r,1340
4964287000,r,1340
4964287000,r,1340
4964287000,r,1340
4964288000,r,1340
4964288000,r,1340
4964351000,r,1340
4964352000,r,1340
4964352000,r,1340
4964352000,r,1340
4964352000,r,1340
4964353000,r,1340
4964353000,r,1340
4964353000,r,1340
4964410000,r,1340
4964411000,r,1340
4964411000,r,1340
4964411000,r,1340
4964411000,r,1340
4964412000,r,1340
4964412000,r,1340
4964412000,r,1340
4964506000,r,1340
4964506000,r,1340
4964507000,r,1340
4964507000,r,1340
4964507000,r,1340
4964507000,r,1340
4964508000,r,1340
4964508000,r,1340
4964579000,r,1340
4964579000,r,1340
4964580000,r,1340
4964580000,r,1340
4964580000,r,1340
4964580000,r,1340
4964581000,r,1340
4964581000,r,1340
4964640000,r,1340
4964640000,r,1340
4964640000,r,1340
4964640000,r,1340
4964640000,r,1340
4964641000,r,1340
4964641000,r,1340
4964641000,r,1340
4964699000,r,1340
4964699000,r,1340
4964700000,r,1340
4964700000,r,1340
4964700000,r,1340
4964700000,r,1340
4964701000,r,1340
4964701000,r,1340
4964757000,r,1340
4964757000,r,1340
4964758000,r,1340
4964758000,r,1340
4964758000,r,1340
4964758000,r,1340
4964758000,r,1340
4964759000,r,1340
4964817000,r,1340
4964817000,r,1340
4964817000,r,1340
4964818000,r,1340
4964818000,r,1340
4964818000,r,1340
4964818000,r,1340
4964819000,r,1340
4964883000,r,1340
4964883000,r,1340
4964883000,r,1340
4964884000,r,1340
4964884000,r,1340
4964884000,r,1340
4964884000,r,1340
4964885000,r,1340
4964952000,r,1340
4964952000,r,1340
4964952000,r,1340
4964952000,r,1340
4964953000,r,1340
4964953000,r,1340
4964953000,r,1340
4964953000,r,1340
4965026000,r,1340
4965026000,r,1340
4965026000,r,1340
4965026000,r,1340
4965027000,r,1340
4965027000,r,1340
4965027000,r,1340
4965027000,r,1340
4965173000,r,1340
4965173000,r,1340
4965173000,r,1340
4965174000,r,1340
4965174000,r,1340
4965174000,r,1340
4965174000,r,1340
4965175000,r,1340
4965246000,r,1340
4965246000,r,1340
4965247000,r,1340
4965247000,r,1340
4965247000,r,1340
4965247000,r,1340
4965248000,r,1340
4965248000,r,540
4965480000,s,124
4966173000,s,124
4966691000,s,124
4967153000,s,124
4967650000,s,124
4970932000,s,124
4971700000,s,124
4972749000,s,124
4973961000,s,124
4974635000,s,124
4974694000,s,124
4977444000,s,124
4977774000,s,124
4978280000,s,124
4978901000,s,124
4979071000,s,124
4979220000,s,124
4981899000,s,124
4982250000,s,156
5006774000,s,124
5029650000,r,124
5229594000,r,1340
5229594000,r,1340
5229594000,r,1340
5231372000,s,124
5243957000,r,1340
5243957000,r,1340
5243958000,r,1340
5243958000,r,1244
5243958000,r,1340
5243958000,r,1340
5243958000,r,1340
5243958000,r,1340
5244160000,r,1340
5244160000,r,1340
5244161000,r,1340
5244161000,r,1340
5244161000,r,1340
5244162000,r,780
5244162000,r,780
5244975000,s,124
5245214000,s,124
5245373000,s,124
5245472000,s,124
5245650000,s,124
5245763000,s,124
5245876000,s,124
5245952000,s,124
5248189000,s,140
5249216000,s,140
5250553000,s,140
5257286000,s,140
5258524000,s,140
5259720000,s,140
5260240000,s,156
5281585000,r,156
5281648000,s,140
5281585000,r,172
5281585000,r,172
5281585000,r,156
5281585000,r,156
5281585000,r,188
5282919000,s,140
5284238000,s,140
5288187000,s,1340
5288242000,s,1340
5290273000,s,140
5300364000,s,124
5301067000,s,124
5301690000,s,124
5302606000,r,300
5302606000,r,252
5302606000,r,188
5311391000,s,204
5311622000,s,156
5311735000,r,140
5311735000,r,1340
5311735000,r,1340
5311736000,r,1340
5311736000,r,140
5311736000,r,156
5312313000,s,604
5312454000,s,140
5313410000,s,1340
5322773000,s,140
5326662000,s,124
5327638000,s,124
5328722000,s,124
5329621000,r,140
5329621000,r,1340
5329622000,r,1340
5329622000,r,1340
5329622000,r,124
5329622000,r,156
5330680000,s,140
5330853000,s,188
5332939000,s,1340
5333019000,s,764
5333546000,s,140
5335708000,s,140
5338226000,s,140
5373408000,r,140
5373408000,r,204
5373409000,r,124
5373409000,r,156
5373410000,r,540
5373410000,r,1340
5373411000,r,1340
5373411000,r,1340
5373823000,r,1340
5373823000,r,1340
5373823000,r,1340
5373824000,r,1340
5373824000,r,1340
5373825000,r,188
5373825000,r,204
5373826000,r,236
5373963000,r,1340
5373963000,r,1340
5373964000,r,1340
5373964000,r,1340
5373965000,r,140
5373965000,r,156
5373966000,r,140
5373966000,r,204
5374915000,s,140
5375100000,s,124
5375203000,s,124
5375299000,s,124
5375398000,s,124
5375498000,s,124
5375598000,s,124
5375688000,s,124
5375758000,s,124
5375826000,s,124
5375896000,s,124
5375957000,s,124
5376075000,s,124
5376166000,s,124
5376249000,s,124
5376336000,s,140
5377951000,s,1340
5377999000,s,732
5380639000,s,268
5380757000,s,268
5390894000,s,1340
5391038000,s,684
5392087000,s,572
5395218000,s,140
5400476000,r,1340
5400476000,r,1340
5400477000,r,1340
5400477000,r,1340
5400478000,r,1340
5400478000,r,1340
5400478000,r,1340
5400479000,r,1340
5400848000,r,908
5400848000,r,1340
5400849000,r,1340
5401890000,s,124
5402797000,s,124
5403055000,s,124
5403142000,s,124
5403181000,s,140
5403212000,s,140
5403243000,s,140
5403285000,s,140
5403325000,s,140
5403374000,s,124
5403415000,s,124
5416823000,s,220
5418078000,s,236
5419183000,s,556
5424480000,r,140
5424480000,r,140
5424481000,r,1068
5424481000,r,220
5424482000,r,124
5424482000,r,1340
5424483000,r,1340
5424483000,r,1340
5424874000,r,1340
5424874000,r,1052
5424875000,r,1340
5424875000,r,140
5424876000,r,1340
5424876000,r,140
5424877000,r,1340
5424877000,r,1324
5425018000,r,140
5425019000,r,124
5425019000,r,1340
5425020000,r,1340
5425020000,r,1340
5425021000,r,1340
5425021000,r,652
5426317000,s,140
5426646000,s,140
5426840000,s,124
5427002000,s,140
5427155000,s,140
5427309000,s,140
5427939000,s,124
5428714000,s,124
5428960000,s,124
5430156000,s,124
5430372000,s,124
5430798000,s,140
5432107000,s,140
5432352000,s,140
5432604000,s,140
5432777000,s,140
5433074000,s,140
5434924000,s,1340
5435140000,s,716
5436446000,s,156
5439550000,s,220
5440094000,s,236
5441141000,s,588
5448314000,s,220
5449227000,s,236
5450667000,s,556
5453629000,r,540
5453629000,r,124
5453629000,r,1116
5453630000,r,620
5453630000,r,204
5453630000,r,172
5455384000,s,140
5457308000,s,124
5461064000,s,140
5465684000,r,1116
5465684000,r,140
5465684000,r,140
5465685000,r,172
5465685000,r,1100
5465686000,r,700
5465686000,r,1340
5465687000,r,1340
5466049000,r,1340
5466049000,r,1340
5467387000,s,140
5467571000,s,140
5467667000,s,172
5467736000,s,140
5467800000,s,172
5467883000,s,140
5468654000,r,1340
5468654000,r,1340
5469138000,r,1340
5469138000,r,1340
5470118000,s,140
5470933000,s,172
5471053000,s,172
5471142000,r,1340
5471142000,r,1340
5471142000,r,1340
5471143000,r,1340
5471143000,r,1340
5471144000,r,1340
5471955000,s,140
5472554000,s,140
5473143000,r,1340
5473143000,r,1340
5473144000,r,1340
5473189000,s,140
5473144000,r,1340
5473145000,r,924
5473145000,r,1340
5473146000,r,1340
5473146000,r,124
5473285000,r,140
5473310000,s,188
5473433000,s,140
5473536000,s,140
5473815000,s,140
5473978000,s,140
5474041000,s,140
5474079000,s,140
5474349000,s,140
5474925000,s,140
5475260000,r,1340
5475261000,r,1340
5475675000,r,524
5475675000,r,172
5475675000,r,172
5475676000,r,1340
5476116000,s,140
5477168000,s,140
5477201000,r,1340
5477333000,s,140
5478084000,s,140
5478928000,r,1340
5478928000,r,1340
5481873000,s,140
5482652000,r,1324
5483458000,s,1340
5483592000,s,1340
5484167000,r,140
5487809000,s,172
5488780000,s,220
5489789000,s,172
5490173000,s,444
5490270000,s,188
5490362000,s,236
5490617000,s,668
5493588000,r,124
5493588000,r,140
5493588000,r,140
5507159000,r,316
5507159000,r,124
5507160000,r,140
5508853000,s,124
5515179000,r,1340
5515179000,r,1340
5515180000,r,1340
5515180000,r,140
5515180000,r,140
5515180000,r,140
5515180000,r,140
5515180000,r,1100
5515350000,r,172
5515350000,r,476
5515350000,r,1340
5518217000,s,1340
5518390000,s,140
5519106000,s,172
5521613000,r,1340
5521613000,r,1340
5521614000,r,1340
5521614000,r,1340
5521614000,r,1340
5521614000,r,1244
5521614000,r,172
5523939000,s,140
5524139000,s,140
5524283000,s,140
5525610000,r,332
5525610000,r,1340
5525829000,s,172
5526010000,s,140
5527240000,s,140
5527507000,r,1340
5529592000,r,1340
5529592000,r,1340
5530218000,s,140
5534876000,s,124
5539108000,s,140
5547905000,r,1340
5547905000,r,1340
5549296000,s,140
5577352000,r,1340
5577353000,r,1340
5577353000,r,268
5577354000,r,1340
5577354000,r,1340
5577354000,r,140
5577355000,r,1340
5577355000,r,1340
5577824000,r,1340
5577825000,r,1340
5577825000,r,1340
5577826000,r,1340
5577826000,r,1340
5577826000,r,1340
5577827000,r,124
5577827000,r,1340
5577967000,r,1340
5577968000,r,268
5577968000,r,1340
5577968000,r,1340
5577969000,r,1340
5577969000,r,1340
5577970000,r,1340
5579068000,r,1340
5579068000,r,1340
5579069000,r,1340
5579069000,r,1340
5579070000,r,1340
5580065000,s,140
5580291000,s,140
5580520000,s,140
5580629000,s,140
5580805000,s,140
5580985000,s,140
5581488000,s,140
5582014000,s,140
5582314000,s,268
5582479000,s,140
5582775000,s,140
5582982000,s,268
5583137000,s,140
5583288000,s,140
5586759000,r,1340
5586759000,r,1340
5586759000,r,1340
5586760000,r,1340
5586760000,r,1340
5586761000,r,1340
5588097000,s,140
5588250000,s,140
5588800000,s,140
5601617000,r,1340
5601617000,r,1340
5601617000,r,1052
5601618000,r,220
5601618000,r,124
5601618000,r,1324
5603235000,s,140
5604025000,s,140
5604222000,s,124
5604370000,s,124
5605398000,s,172
5625543000,r,140
5639611000,s,780
5667886000,r,236
5695140000,s,124
5716884000,s,476
5723623000,s,124
5724763000,s,124
5725910000,s,124
5730002000,r,156
5732182000,r,140
5732182000,r,124
5732183000,r,172
5739304000,r,124
5740221000,r,364
5740221000,r,124
5746802000,s,124
5749652000,s,140
5751864000,s,140
5752168000,s,140
5756692000,s,1308
5765586000,r,140
5766440000,s,140
5768667000,r,140
5768667000,r,140
5769168000,s,140
5769297000,s,140
5769391000,s,1340
5769485000,s,716
5771972000,s,1340
5772073000,s,652
5773192000,r,124
5774166000,s,1340
5774201000,s,748
5785456000,r,140
5785889000,r,140
5793591000,r,364
5795641000,s,124
5797591000,r,300
5797591000,r,140
5797591000,r,140
5799680000,r,1340
5799680000,r,1340
5799680000,r,1340
5799680000,r,1340
5799680000,r,1340
5799680000,r,1340
5799680000,r,588
5800432000,s,140
5800587000,s,140
5800720000,s,140
5800822000,s,140
5800923000,s,140
5801014000,s,140
5801100000,s,140
5813587000,r,140
5813587000,r,140
5813587000,r,1340
5813933000,s,204
5814489000,s,236
5814535000,s,140
5814997000,s,140
5815066000,r,1340
5815066000,r,1340
5815066000,r,1340
5815066000,r,1340
5815066000,r,1340
5815066000,r,588
5815157000,s,140
5815484000,s,124
5815882000,s,124
5815911000,s,124
5815936000,s,124
5816440000,s,124
5816630000,s,124
5816999000,s,636
5817260000,s,236
5817482000,s,236
5817729000,s,716
5817940000,s,1020
5818042000,s,1276
5824724000,s,124
5825577000,r,1340
5825577000,r,1340
5825577000,r,1340
5825578000,r,1340
5825578000,r,1340
5825578000,r,1340
5825578000,r,588
5826520000,s,124
5826658000,s,124
5826944000,s,124
5827032000,s,124
5827357000,s,124
5827484000,s,124
5827597000,s,124
5832949000,r,588
5833219000,s,124
5848008000,r,748
5848009000,r,172
5848009000,r,140
5848009000,r,140
5848009000,r,140
5849054000,s,124
5849202000,s,140
5849662000,s,172
5850039000,r,124
5853157000,r,476
5865268000,r,460
5865268000,r,172
5865269000,r,444
5865269000,r,444
5865269000,r,172
5866726000,s,140
5874360000,s,172
5881669000,r,140
5898497000,r,140
7526212000,s,1340
7567608000,s,1340
7568096000,s,1340
7568265000,s,1340
7568286000,s,1340
7568302000,s,1340
7568316000,s,1340
7568330000,s,1340
7568342000,s,1340
7568355000,s,1340
7568367000,s,1340
7568380000,s,1340
7568394000,s,540
7605811000,r,124
7605812000,r,124
7605812000,r,124
7605813000,r,124
7605813000,r,124
7617699000,r,284
7617699000,r,140
7623316000,s,124
7650169000,s,124
7673651000,r,124
9401928000,r,140
9401928000,r,124
9405353000,s,124
9446764000,s,124
14650760000,s,156
14692946000,s,156
14693390000,s,156
14713712000,r,156
15137940000,r,156
15137940000,r,140
15137941000,r,124
15141659000,s,124
15142128000,s,124
15155644000,r,124
20755335000,s,156
20795282000,s,156
20795721000,s,156
20817972000,r,220
20824224000,s,140
20873771000,r,156
20893721000,r,140
20896174000,s,140
26854971000,s,156
26902082000,s,156
26902550000,s,156
26921204000,r,156