0,s,156
37253000,s,156
37663000,s,156
56233000,r,156
2203076000,s,124
2246862000,s,124
2247296000,s,124
2247406000,s,124
2252655000,s,1340
2252833000,s,1340
2253647000,s,172
2269459000,r,124
2270781000,s,124
2271968000,s,1340
2272089000,s,716
2273587000,r,1372
2273587000,r,1372
2275996000,s,204
2276523000,s,316
2276651000,s,396
2282234000,r,124
2283244000,r,364
2283981000,s,124
2285729000,s,188
2286803000,s,204
2287809000,s,652
2290960000,r,124
2296717000,r,204
2296718000,r,172
2298002000,s,124
2298349000,s,156
2309647000,r,252
2309648000,r,124
2309648000,r,252
2312632000,s,140
2327973000,r,1340
2327973000,r,1340
2327973000,r,1340
2327974000,r,1340
2327974000,r,1340
2327974000,r,1340
2327975000,r,1340
2327975000,r,1340
2328291000,r,1340
2328291000,r,1340
2330372000,s,124
2330554000,s,124
2330676000,s,124
2330976000,s,124
2331287000,s,124
2340501000,s,140
2341101000,r,1340
2341102000,r,892
2342622000,s,124
2366646000,s,460
2369521000,s,364
2383203000,s,124
2383207000,r,124
2385430000,s,156
2386838000,s,156
2387007000,s,156
2388526000,r,1340
2388526000,r,1340
2388526000,r,380
2389524000,r,396
2389525000,r,1340
2389525000,r,1340
2389525000,r,1340
2390323000,s,124
2390454000,s,124
2390498000,r,1340
2390498000,r,1340
2390498000,r,1340
2390560000,s,124
2391666000,r,1340
2391666000,r,1340
2391666000,r,1340
2391666000,r,1340
2391666000,r,1340
2391666000,r,1340
2391667000,r,1340
2391667000,r,1340
2391736000,r,1340
2391737000,r,1340
2391737000,r,1340
2391737000,r,1340
2391737000,r,188
2392164000,s,124
2392202000,s,124
2392834000,s,124
2393125000,s,124
2393278000,s,124
2393433000,s,124
2393811000,s,124
2393948000,r,332
2393948000,r,204
2393948000,r,124
2394479000,s,124
2396356000,s,1340
2396414000,s,1340
2396437000,s,1340
2396627000,s,172
2397595000,s,1340
2397735000,s,700
2397849000,s,124
2403928000,r,1340
2403928000,r,1340
2403929000,r,1340
2403929000,r,1340
2403929000,r,1340
2403929000,r,1340
2403929000,r,1340
2403929000,r,1340
2404045000,r,1340
2404045000,r,1340
2404045000,r,236
2404532000,s,124
2404739000,s,124
2404959000,s,124
2405108000,s,124
2405231000,s,124
2405339000,s,124
2407532000,r,124
2407532000,r,124
2407918000,r,364
2408345000,s,124
2408911000,s,188
2409281000,s,668
2419953000,r,124
2419953000,r,124
2419953000,r,204
2420557000,r,124
2420557000,r,140
2421397000,s,124
2422535000,s,1340
2422777000,s,1164
2423668000,r,1340
2423668000,r,1340
2424469000,s,124
2426677000,r,1340
2426677000,r,1340
2426677000,r,1340
2426678000,r,1340
2426678000,r,1340
2426678000,r,1340
2426678000,r,1340
2426678000,r,140
2426805000,r,1340
2426805000,r,1340
2427148000,s,124
2427564000,s,124
2427634000,s,124
2427665000,s,124
2438636000,r,1340
2438636000,r,1340
2438636000,r,1340
2438637000,r,1340
2438637000,r,1340
2438637000,r,396
2438637000,r,1036
2438637000,r,1340
2438784000,r,1340
2438784000,r,1340
2438784000,r,1340
2438784000,r,1340
2438784000,r,428
2439796000,s,124
2440014000,s,124
2442786000,s,124
2442847000,s,124
2442861000,s,124
2442885000,s,1340
2442894000,s,124
2444670000,s,972
2445639000,r,124
2445639000,r,124
2450258000,r,124
2455931000,r,1340
2455931000,r,348
2456581000,s,124
2456674000,s,124
2457813000,s,188
2469361000,r,220
2475711000,r,124
2476750000,s,124
2483246000,r,1084
2525196000,s,284
2528361000,s,124
2530692000,r,1340
2530692000,r,1340
2530692000,r,1340
2531921000,r,1340
2531921000,r,1340
2531921000,r,1340
2533599000,r,1340
2533599000,r,1340
2533599000,r,1340
2533599000,r,236
2533599000,r,1340
2533600000,r,1340
2533600000,r,1340
2533600000,r,1340
2533756000,s,124
2533904000,s,124
2534115000,s,124
2534542000,s,124
2534651000,s,124
2534749000,s,124
2534846000,s,124
2535703000,r,1340
2535703000,r,1340
2536528000,r,1340
2536528000,r,1340
2538737000,r,1340
2538737000,r,1340
2539033000,s,124
2539216000,s,124
2539405000,s,1340
2539523000,s,300
2539751000,s,124
2540159000,r,1340
2540159000,r,1340
2540159000,r,364
2540978000,s,124
2545102000,r,1340
2545102000,r,1340
2545102000,r,1340
2545102000,r,1340
2545103000,r,1340
2545103000,r,1340
2545103000,r,1340
2545103000,r,1340
2545274000,r,1340
2545274000,r,1340
2545274000,r,1340
2545275000,r,1340
2545275000,r,1340
2545275000,r,508
2545275000,r,1340
2545275000,r,1340
2545310000,r,1340
2545310000,r,1340
2545310000,r,1340
2545310000,r,1340
2545310000,r,1340
2545311000,r,1340
2545311000,r,1340
2545311000,r,1340
2545344000,r,1340
2545344000,r,1340
2545344000,r,1340
2545345000,r,508
2545345000,r,1340
2545345000,r,1340
2545345000,r,1340
2545345000,r,1340
2545379000,r,1340
2545379000,r,1340
2545379000,r,1340
2545380000,r,1340
2545380000,r,1340
2545380000,r,1340
2545380000,r,1340
2545380000,r,1340
2545411000,r,1340
2545412000,r,1340
2545412000,r,1340
2545412000,r,1340
2545412000,r,1340
2545412000,r,1340
2545412000,r,1340
2545412000,r,1340
2545442000,r,1340
2545442000,r,1340
2545895000,s,124
2546204000,s,124
2546272000,s,124
2546443000,s,124
2546465000,s,124
2546474000,s,124
2546797000,s,124
2546820000,s,124
2546829000,s,124
2546847000,s,124
2547023000,s,124
2547173000,s,124
2547297000,s,124
2547479000,s,124
2547554000,s,124
2547684000,s,124
2547744000,s,444
2547799000,s,124
2547940000,s,124
2548051000,s,124
2548099000,r,1340
2548099000,r,1340
2548099000,r,1340
2548099000,r,1340
2548100000,r,1340
2548100000,r,1340
2548100000,r,1340
2548100000,r,1340
2548154000,r,1340
2548154000,r,1340
2548154000,r,1340
2548256000,s,124
2548321000,s,124
2548408000,s,124
2548914000,s,124
2548975000,s,124
2549014000,r,1340
2549014000,r,1340
2549014000,r,1340
2549376000,s,124
2549682000,s,124
2549889000,s,124
2550438000,r,1340
2550438000,r,1340
2550956000,r,124
2550956000,r,124
2552488000,r,1340
2552489000,r,1340
2554087000,s,124
2554218000,s,124
2554234000,r,1340
2554234000,r,316
2554301000,s,124
2554409000,s,124
2554519000,s,124
2554606000,s,124
2554699000,s,124
2555354000,s,124
2559043000,s,140
2559588000,s,140
2560237000,s,140
2561091000,s,284
2561641000,r,1340
2561642000,r,1340
2561642000,r,1340
2561642000,r,1340
2561642000,r,1340
2561642000,r,1340
2561642000,r,1340
2561642000,r,1340
2561763000,r,1340
2561763000,r,1340
2561763000,r,1340
2561763000,r,1340
2561763000,r,1340
2561763000,r,1340
2561763000,r,1340
2561763000,r,1340
2561797000,r,1340
2561797000,r,1340
2561797000,r,1340
2561798000,r,1340
2561798000,r,1340
2561798000,r,1340
2561871000,r,1340
2561871000,r,1340
2561871000,r,1340
2562071000,r,1340
2562071000,r,1340
2562071000,r,1340
2562113000,s,156
2562254000,s,124
2562378000,s,124
2562539000,r,1340
2562540000,r,1340
2562540000,r,1340
2562594000,s,124
2562657000,s,124
2562723000,s,124
2562746000,s,156
2562826000,r,1340
2562826000,r,1340
2562827000,r,1340
2562827000,r,1340
2562827000,r,1340
2562827000,r,1340
2562988000,s,124
2563008000,s,124
2563020000,r,1340
2563020000,r,1340
2563020000,r,1340
2563068000,s,124
2563020000,r,1340
2563020000,r,1340
2563020000,r,1340
2563176000,s,124
2563355000,s,124
2563521000,s,124
2563547000,s,156
2563571000,s,124
2563653000,s,124
2563798000,s,124
2564821000,r,1340
2564821000,r,1340
2564821000,r,1340
2564821000,r,1340
2564822000,r,1340
2564822000,r,1340
2565183000,r,1340
2565183000,r,1340
2565183000,r,1340
2565183000,r,1340
2565183000,r,1340
2565184000,r,1340
2565184000,r,1340
2565184000,r,1340
2565241000,r,1340
2565333000,s,124
2565435000,s,124
2565461000,s,124
2565478000,s,124
2565489000,s,124
2565500000,s,124
2565511000,s,124
2565521000,s,124
2565751000,s,124
2566011000,s,124
2566090000,s,124
2566110000,r,1340
2566127000,s,124
2566110000,r,1340
2566110000,r,1340
2566111000,r,1340
2566111000,r,1340
2566111000,r,1340
2566179000,r,1340
2566179000,r,1340
2566179000,r,1340
2566629000,s,124
2567039000,s,124
2567074000,s,124
2567090000,s,124
2567112000,s,124
2567128000,s,124
2567141000,s,124
2567944000,r,1340
2567945000,r,1340
2567945000,r,1340
2567945000,r,1340
2567945000,r,1340
2567945000,r,252
2567946000,r,140
2567946000,r,172
2568314000,s,124
2568364000,r,172
2568412000,s,124
2568432000,s,124
2570630000,s,220
2570742000,r,172
2571178000,s,220
2573164000,s,1340
2573225000,s,1340
2573245000,s,1340
2573306000,s,172
2573702000,s,204
2573788000,s,572
2574256000,r,1340
2574256000,r,1340
2574256000,r,1340
2574256000,r,1340
2574256000,r,1340
2574256000,r,1340
2574256000,r,1340
2574256000,r,1340
2574356000,r,1340
2574356000,r,1340
2574357000,r,1340
2574357000,r,1340
2574357000,r,1340
2574403000,r,1340
2574403000,r,1340
2574403000,r,1340
2575025000,s,124
2575169000,s,124
2575408000,s,124
2575542000,s,124
2575598000,s,124
2575698000,s,124
2575792000,s,124
2575873000,s,124
2575875000,r,1340
2575875000,r,1340
2575875000,r,1340
2575876000,r,1340
2575876000,r,1340
2575876000,r,1340
2575876000,r,1340
2575876000,r,1340
2575976000,r,1340
2575976000,r,1340
2575976000,r,1340
2575976000,r,1340
2576544000,s,124
2576749000,s,124
2576783000,s,124
2577042000,s,124
2577222000,r,1340
2577222000,r,1340
2577222000,r,1340
2577222000,r,1340
2577222000,r,1340
2577222000,r,1340
2577331000,s,124
2577438000,s,124
2577671000,s,1340
2577781000,s,1340
2577913000,s,124
2577913000,r,1340
2577913000,r,1340
2577913000,r,1340
2577913000,r,1340
2577913000,r,1340
2577913000,r,1340
2577913000,r,1340
2577914000,r,1340
2577982000,r,1340
2578010000,s,172
2578117000,s,124
2578214000,s,124
2578546000,s,124
2578814000,s,124
2578935000,s,124
2579008000,r,1340
2579008000,r,1340
2579008000,r,1340
2579008000,r,1340
2579008000,r,1340
2579009000,r,1340
2579009000,r,1340
2579009000,r,1340
2579069000,r,1340
2579069000,r,1340
2579069000,r,1340
2579069000,r,1340
2579069000,r,1340
2579069000,r,1340
2579069000,r,1340
2579070000,r,1340
2579110000,r,1340
2579111000,r,1340
2579225000,s,124
2579326000,s,124
2579820000,s,124
2579971000,s,124
2580170000,s,124
2580804000,s,124
2580907000,s,124
2581232000,s,124
2581373000,s,124
2581426000,s,124
2582324000,r,1340
2582324000,r,1340
2582324000,r,1340
2582324000,r,1340
2582324000,r,1340
2582324000,r,1340
2582325000,r,1340
2582325000,r,1340
2582429000,r,1340
2582429000,r,1340
2582429000,r,1340
2582429000,r,1340
2582429000,r,1340
2582429000,r,1340
2582429000,r,1340
2582429000,r,204
2583285000,s,124
2583333000,s,124
2583556000,s,124
2583654000,s,124
2583730000,s,124
2583796000,s,124
2583848000,s,124
2583894000,s,124
2583990000,s,252
2585031000,r,1340
2585031000,r,1340
2585500000,s,124
2587947000,r,1340
2587948000,r,1340
2587948000,r,1340
2588393000,s,124
2589910000,r,1340
2589910000,r,1340
2589910000,r,1340
2589910000,r,1340
2589910000,r,1340
2589910000,r,1340
2589910000,r,1340
2589910000,r,1340
2590005000,r,1340
2590005000,r,1340
2590006000,r,1340
2590006000,r,1340
2590006000,r,124
2590006000,r,1340
2590006000,r,1340
2590006000,r,1340
2590035000,r,1340
2590035000,r,1340
2590036000,r,1340
2590036000,r,1340
2590768000,s,124
2590911000,s,124
2591021000,s,124
2591144000,s,124
2591514000,s,124
2591671000,s,124
2592977000,s,124
2593086000,s,124
2593090000,r,1340
2593090000,r,1340
2593090000,r,1340
2593090000,r,1340
2593091000,r,1340
2593091000,r,1340
2593091000,r,1340
2593091000,r,1340
2593180000,s,124
2593190000,r,1340
2593190000,r,1340
2593190000,r,1340
2593190000,r,1340
2593190000,r,1340
2593190000,r,1340
2593191000,r,1340
2593191000,r,1340
2593228000,r,1340
2593229000,r,1340
2593229000,r,1340
2593229000,r,1340
2593229000,r,1340
2593229000,r,1340
2593229000,r,1340
2593229000,r,1340
2593263000,r,140
2593263000,r,140
2593264000,r,1340
2593272000,s,124
2593264000,r,1340
2593264000,r,1340
2593264000,r,1340
2593264000,r,1340
2593264000,r,1340
2593298000,r,1340
2593298000,r,1340
2593299000,r,1340
2593299000,r,1340
2593299000,r,1340
2593299000,r,1340
2593299000,r,1340
2593299000,r,1340
2593332000,r,1340
2593332000,r,1340
2593332000,r,1340
2593332000,r,1340
2593332000,r,1340
2594221000,s,124
2594437000,s,124
2594539000,s,124
2594636000,s,124
2595014000,s,124
2595102000,r,1340
2595102000,r,1340
2595102000,r,1340
2595102000,r,1340
2595103000,r,1340
2595103000,r,1340
2595103000,r,1340
2595103000,r,1340
2595182000,r,1340
2595182000,r,1340
2595182000,r,1340
2595183000,r,1340
2595183000,r,1340
2595183000,r,1340
2595183000,r,1340
2595183000,r,1340
2595314000,s,124
2595566000,s,124
2595810000,r,1340
2595810000,r,1340
2595810000,r,1340
2595810000,r,1340
2595811000,r,1340
2595811000,r,1340
2595977000,s,124
2596340000,s,124
2596434000,s,124
2596807000,s,124
2596897000,r,1340
2596897000,r,1340
2596898000,r,1340
2596898000,r,1340
2596898000,r,1340
2596898000,r,1340
2596898000,r,1340
2596898000,r,1340
2596965000,r,1340
2597020000,s,124
2597117000,s,124
2597479000,s,124
2597596000,s,124
2597762000,r,1340
2597763000,r,1340
2597763000,r,1340
2597763000,r,1340
2597763000,r,1340
2597763000,r,1340
2597763000,r,124
2597763000,r,1340
2597830000,r,1340
2597831000,r,1340
2597837000,s,124
2597831000,r,1340
2597831000,r,1340
2597894000,s,124
2597954000,s,124
2598242000,s,124
2598440000,s,124
2598817000,s,124
2599033000,s,124
2599119000,s,124
2599278000,s,124
2599771000,s,124
2599793000,s,124
2599816000,s,124
2599925000,r,1340
2599925000,r,1340
2599925000,r,1340
2599926000,r,1340
2599926000,r,1340
2599926000,r,1340
2599926000,r,1340
2599926000,r,1340
2600001000,r,1340
2600001000,r,1340
2600001000,r,396
2600002000,r,1036
2600002000,r,124
2600002000,r,1340
2600294000,r,1340
2600295000,r,1340
2600310000,s,124
2600295000,r,1340
2600342000,s,124
2600354000,s,124
2600467000,s,124
2600489000,s,124
2600507000,s,124
2600603000,s,124
2600976000,s,124
2601043000,s,124
2601296000,s,124
2601446000,s,124
2601471000,s,124
2601725000,s,124
2601810000,s,124
2601961000,s,124
2602005000,s,124
2602006000,r,1340
2602006000,r,1340
2602006000,r,1340
2602006000,r,1340
2602006000,r,1340
2602006000,r,316
2602006000,r,1340
2602006000,r,1340
2602095000,r,1340
2602096000,r,1340
2602096000,r,1340
2602096000,r,1340
2602096000,r,1340
2602156000,s,124
2602292000,s,124
2602474000,s,124
2602742000,s,124
2602767000,s,124
2603141000,r,1340
2603141000,r,1340
2603142000,r,1340
2603142000,r,1340
2603142000,r,124
2603142000,r,1340
2603142000,r,1340
2603142000,r,1340
2603192000,r,1340
2603192000,r,796
2603192000,r,1340
2603192000,r,1340
2603192000,r,1340
2603192000,r,1340
2603596000,s,124
2603711000,s,124
2603918000,s,1340
2603925000,r,380
2604363000,r,140
2604363000,r,1340
2604363000,r,1340
2604363000,r,1340
2604363000,r,1340
2604363000,r,1340
2604568000,s,172
2604706000,s,124
2605424000,s,124
2605473000,s,124
2605651000,s,124
2605873000,s,124
2606069000,s,124
2606356000,s,124
2606561000,s,124
2606653000,s,140
2607037000,s,124
2607195000,s,124
2607429000,s,124
2607506000,r,1340
2607506000,r,1340
2607570000,s,124
2607506000,r,1340
2607506000,r,1340
2607765000,s,124
2610481000,r,1340
2610481000,r,1340
2610481000,r,1340
2610481000,r,1340
2610482000,r,1340
2610482000,r,1340
2610482000,r,1340
2610482000,r,1340
2611932000,r,1340
2612004000,s,124
2612720000,s,140
2612989000,r,1340
2612989000,r,1340
2612989000,r,1340
2612989000,r,220
2613383000,r,1340
2613383000,r,1340
2613383000,r,396
2614775000,s,172
2615656000,r,1340
2615656000,r,1036
2615656000,r,1340
2615656000,r,1340
2615924000,r,1340
2615924000,r,1340
2615925000,r,1340
2615925000,r,1340
2615925000,r,1340
2615925000,r,1340
2616921000,s,140
2616974000,s,124
2618306000,r,1340
2618306000,r,220
2618994000,r,124
2620832000,r,1340
2620832000,r,1340
2620832000,r,1340
2620832000,r,1340
2622471000,r,1340
2622603000,r,1340
2622603000,r,1340
2622603000,r,1340
2624311000,s,124
2624684000,r,1340
2624684000,r,1340
2624684000,r,1340
2624685000,r,1340
2626652000,r,1340
2626652000,r,1340
2628048000,r,1340
2628048000,r,1340
2628048000,r,1340
2628048000,r,1340
2628799000,r,1340
2630550000,s,124
2630762000,r,1340
2630762000,r,1340
2630762000,r,1340
2630763000,r,1340
2630763000,r,1340
2630763000,r,124
2630763000,r,124
2631783000,r,1340
2631783000,r,1340
2631784000,r,1340
2631784000,r,1340
2631784000,r,1340
2631784000,r,1340
2632315000,s,124
2633907000,r,1340
2633907000,r,1340
2633907000,r,1340
2634778000,r,1340
2634778000,r,1340
2634778000,r,1340
2634778000,r,1340
2634778000,r,1340
2634778000,r,1340
2634778000,r,1340
2635470000,s,124
2638104000,r,1340
2638105000,r,1340
2638105000,r,1340
2638105000,r,1340
2638105000,r,1340
2638105000,r,1340
2638105000,r,1340
2638105000,r,1340
2638826000,s,124
2640666000,r,1340
2640666000,r,1340
2640666000,r,1340
2640666000,r,1340
2640666000,r,1340
2640666000,r,1340
2640666000,r,220
2640666000,r,1340
2640779000,r,1340
2640780000,r,1340
2640780000,r,1340
2640780000,r,1340
2640780000,r,1340
2643024000,s,124
2643365000,r,1340
2643365000,r,1340
2643365000,r,1340
2643365000,r,1340
2643365000,r,1340
2643365000,r,1340
2643365000,r,1340
2643366000,r,1340
2643460000,r,1340
2643460000,r,1340
2644822000,s,124
2645397000,s,124
2645979000,s,124
2647932000,r,1340
2650560000,r,1340
2650560000,r,1340
2650560000,r,1340
2650560000,r,1340
2650560000,r,1340
2650560000,r,1340
2650560000,r,1340
2650560000,r,1340
2650635000,r,1340
2650635000,r,1340
2650635000,r,1340
2650636000,r,1340
2650949000,r,1340
2650949000,r,1340
2650949000,r,1340
2650949000,r,1340
2650949000,r,1340
2650949000,r,1340
2650949000,r,1340
2651230000,s,124
2651478000,s,124
2652077000,s,124
2657310000,r,1340
2657310000,r,1340
2657310000,r,1340
2657311000,r,1340
2657311000,r,1340
2657311000,r,1340
2657311000,r,1340
2657311000,r,1340
2657474000,r,1340
2657474000,r,1340
2657474000,r,1340
2658764000,s,124
2658948000,r,1340
2658963000,s,124
2658948000,r,1340
2658948000,r,1340
2658948000,r,1340
2658948000,r,1340
2658948000,r,1340
2658948000,r,1340
2658948000,r,1340
2659040000,r,1340
2659041000,r,1340
2659041000,r,1340
2659041000,r,1340
2659041000,r,1340
2659947000,r,1340
2659947000,r,1340
2659947000,r,1340
2659947000,r,1340
2659947000,r,1340
2659947000,r,1340
2659947000,r,1340
2659947000,r,1340
2660015000,r,1340
2660758000,r,1340
2660758000,r,1340
2660819000,s,124
2660758000,r,1228
2660758000,r,1340
2660758000,r,1340
2660758000,r,1340
2660759000,r,1340
2660973000,s,124
2661465000,s,124
2665770000,r,1340
2665770000,r,1340
2665771000,r,1340
2665771000,r,1340
2665771000,r,1340
2665771000,r,1340
2665771000,r,1340
2665771000,r,1340
2665855000,r,1340
2665855000,r,1340
2666295000,s,124
2666942000,r,1340
2666942000,r,1340
2666942000,r,1340
2666942000,r,1340
2666942000,r,1340
2666942000,r,1340
2666943000,r,1340
2666943000,r,1340
2667043000,r,1340
2667043000,r,1340
2667043000,r,1340
2667043000,r,1340
2667043000,r,1340
2667043000,r,1340
2667043000,r,140
2667646000,s,124
2668450000,r,1340
2668450000,r,1340
2668450000,r,1340
2668450000,r,1340
2668450000,r,1340
2668450000,r,1340
2668451000,r,1340
2668451000,r,1340
2668543000,r,1340
2669102000,s,124
2669439000,s,124
2670809000,r,1340
2670810000,r,1340
2670810000,r,1340
2670810000,r,1340
2670810000,r,1340
2670810000,r,1340
2671266000,r,1340
2671267000,r,1340
2671267000,r,1340
2671267000,r,1340
2671267000,r,1340
2671267000,r,1340
2671267000,r,1340
2671267000,r,1340
2671337000,r,1340
2671863000,s,124
2675727000,r,1340
2675728000,r,1340
2675728000,r,1340
2675728000,r,1340
2675728000,r,1340
2675728000,r,1340
2675728000,r,1340
2675728000,r,1340
2675886000,r,1340
2675886000,r,1340
2675886000,r,1340
2675886000,r,1340
2675886000,r,1340
2675886000,r,1340
2675886000,r,1340
2675886000,r,1340
2675943000,r,1340
2675944000,r,1340
2675944000,r,1340
2675944000,r,1340
2675944000,r,1340
2675944000,r,1340
2675944000,r,1340
2675944000,r,1340
2675977000,r,1340
2675977000,r,1340
2675977000,r,1340
2675977000,r,1340
2677017000,r,1340
2677017000,r,1340
2677017000,r,1340
2677017000,r,1340
2677017000,r,1340
2677017000,r,1340
2677017000,r,1340
2677018000,r,1340
2677089000,r,1340
2677089000,r,1340
2677089000,r,1340
2677090000,r,1340
2677234000,s,124
2678029000,s,140
2678106000,s,124
2678238000,s,124
2681729000,r,1340
2681730000,r,1340
2681730000,r,1340
2682191000,s,124
2683807000,r,1340
2683807000,r,1340
2683807000,r,1340
2683808000,r,1340
2683808000,r,1340
2683808000,r,1340
2683808000,r,1340
2683808000,r,1340
2683917000,r,1340
2683917000,r,1340
2683918000,r,1340
2683918000,r,1340
2683918000,r,1340
2683918000,r,1340
2683918000,r,1340
2683918000,r,1340
2683951000,r,1340
2685059000,s,124
2687936000,r,1340
2687936000,r,1340
2687936000,r,1340
2687936000,r,1340
2687936000,r,1340
2687936000,r,1340
2687936000,r,1340
2687936000,r,1340
2688031000,r,1340
2688031000,r,1340
2688032000,r,1340
2688759000,s,124
2690555000,r,1340
2690555000,r,1340
2690555000,r,1340
2690555000,r,1340
2690555000,r,1340
2690555000,r,1340
2690555000,r,1340
2690555000,r,1340
2690679000,r,1340
2690680000,r,1340
2690680000,r,1340
2690680000,r,1340
2690680000,r,1340
2690680000,r,1340
2690680000,r,1340
2690680000,r,1340
2690715000,r,1340
2690715000,r,1340
2690715000,r,1340
2690715000,r,1340
2690715000,r,1340
2690715000,r,1340
2690715000,r,1340
2690716000,r,1340
2690746000,r,1340
2691602000,s,124
2691703000,s,124
2691748000,s,124
2691928000,r,1340
2691928000,r,1340
2691928000,r,1340
2691928000,r,1340
2691928000,r,1340
2691928000,r,1340
2691928000,r,1340
2691928000,r,1340
2692012000,r,1340
2692012000,r,1340
2692012000,r,1340
2692012000,r,1340
2692012000,r,1340
2692012000,r,1340
2692012000,r,1340
2692013000,r,1340
2692044000,r,1340
2692044000,r,1340
2692044000,r,1340
2692044000,r,1340
2692044000,r,1340
2693038000,r,1340
2693039000,r,1340
2693039000,r,716
2693039000,r,1340
2693039000,r,1340
2693039000,r,1340
2693039000,r,1340
2693448000,s,124
2693490000,s,124
2693772000,s,124
2694859000,r,1340
2694859000,r,1340
2694859000,r,1340
2696144000,r,1340
2696144000,r,1340
2696144000,r,1340
2696144000,r,1340
2696144000,r,1340
2696144000,r,1340
2696145000,r,1340
2696145000,r,1340
2696219000,r,1340
2696219000,r,1340
2696219000,r,1340
2696219000,r,1340
2697093000,s,124
2699005000,r,1340
2699005000,r,1340
2699005000,r,1340
2699005000,r,1340
2699005000,r,1340
2699005000,r,1340
2699005000,r,1340
2699005000,r,1052
2699070000,r,1340
2699070000,r,1340
2699070000,r,1340
2699070000,r,1340
2699070000,r,1340
2699071000,r,1340
2699071000,r,1340
2699071000,r,1340
2699646000,s,124
2699829000,r,1340
2699829000,r,1340
2699829000,r,1340
2699829000,r,1340
2699829000,r,1340
2699830000,r,1340
2699830000,r,1340
2699830000,r,1340
2699938000,r,1340
2699938000,r,1340
2699938000,r,1340
2699938000,r,1340
2699938000,r,1340
2699939000,r,1340
2699939000,r,1340
2699939000,r,1340
2700470000,r,1340
2700471000,r,1340
2700471000,r,1052
2700471000,r,1340
2700543000,s,124
2700471000,r,1340
2700471000,r,1340
2701200000,s,124
2701584000,s,124
2703955000,r,1340
2703955000,r,1340
2703955000,r,1340
2703955000,r,1340
2703956000,r,1340
2703956000,r,1340
2703956000,r,1340
2703956000,r,1340
2704074000,r,1340
2704074000,r,1340
2704075000,r,1340
2704075000,r,1340
2704075000,r,1340
2704075000,r,1340
2704075000,r,1340
2704075000,r,1340
2704109000,r,1340
2704553000,s,124
2704755000,r,1340
2704755000,r,1340
2704756000,r,1340
2704756000,r,1340
2704756000,r,1340
2704756000,r,1340
2704756000,r,1340
2704756000,r,1340
2704824000,r,1340
2704824000,r,1340
2704824000,r,1340
2704824000,r,1340
2704824000,r,1340
2704824000,r,1340
2704824000,r,1340
2704824000,r,1340
2704857000,r,1340
2704857000,r,1340
2704857000,r,1340
2704857000,r,1340
2704858000,r,1340
2704858000,r,1340
2704858000,r,1340
2704858000,r,1340
2704889000,r,1340
2704890000,r,1340
2704890000,r,1340
2704890000,r,1340
2704890000,r,1340
2704890000,r,1340
2704890000,r,1340
2704890000,r,1340
2704918000,r,1340
2704945000,r,748
2704945000,r,1340
2704946000,r,1340
2705285000,s,124
2705597000,s,124
2706950000,r,1340
2706950000,r,1340
2706950000,r,1340
2706950000,r,1340
2706950000,r,1340
2706950000,r,1340
2706950000,r,1340
2706950000,r,1340
2707056000,r,1340
2707057000,r,1340
2707057000,r,1340
2707057000,r,1340
2707057000,r,1340
2707057000,r,1340
2707057000,r,1340
2707057000,r,1340
2707086000,r,1340
2707086000,r,1340
2707086000,r,1340
2707086000,r,1340
2708495000,s,140
2708654000,r,1340
2708654000,r,1340
2708654000,r,1340
2708654000,r,1340
2708654000,r,1052
2708654000,r,1340
2708654000,r,1340
2708654000,r,1340
2708740000,r,1340
2708740000,r,1340
2708740000,r,1340
2708740000,r,1340
2708741000,r,1340
2708741000,r,1340
2708831000,s,124
2708882000,s,124
2709220000,r,1340
2709220000,r,1340
2709221000,r,1340
2709221000,r,1340
2709221000,r,1340
2709221000,r,1340
2709221000,r,1340
2709221000,r,1340
2709309000,r,1340
2709629000,s,124
2709705000,s,124
2710817000,r,1340
2710817000,r,1340
2710817000,r,1340
2710817000,r,1340
2710817000,r,1340
2710817000,r,1340
2710818000,r,1340
2710818000,r,1340
2710891000,r,1052
2710891000,r,1340
2710891000,r,1340
2710891000,r,1340
2710891000,r,1340
2711038000,r,1340
2711173000,s,124
2711264000,s,124
2712041000,s,124
2714385000,r,1340
2714385000,r,1340
2714386000,r,1340
2714386000,r,1340
2714386000,r,1340
2714386000,r,1340
2714386000,r,1340
2714386000,r,1340
2714474000,r,1340
2714474000,r,1340
2714474000,r,1340
2714474000,r,1340
2714475000,r,1340
2714475000,r,1340
2714475000,r,1340
2714475000,r,1340
2714507000,r,1340
2714507000,r,1340
2714508000,r,1340
2714508000,r,1340
2714508000,r,1340
2714508000,r,1052
2714508000,r,1340
2714508000,r,1340
2714799000,s,124
2715073000,s,124
2716810000,r,1340
2716810000,r,1340
2716810000,r,1340
2716810000,r,1340
2716810000,r,1340
2716811000,r,1340
2716811000,r,1340
2716811000,r,1340
2716883000,r,1340
2716883000,r,1340
2716883000,r,1340
2716883000,r,1340
2716883000,r,1340
2716883000,r,1340
2716883000,r,1340
2716883000,r,1340
2716911000,r,1340
2716911000,r,1340
2717296000,s,124
2717989000,s,124
2718745000,r,1340
2718745000,r,1340
2718745000,r,1340
2718745000,r,1340
2718745000,r,1340
2718745000,r,1340
2718745000,r,1340
2718746000,r,1340
2718841000,r,1340
2718841000,r,1340
2718841000,r,1340
2718841000,r,1340
2718841000,r,1340
2718841000,r,1340
2718841000,r,1340
2719271000,r,1340
2719271000,r,1340
2719271000,r,1340
2719271000,r,1340
2719271000,r,1340
2719271000,r,1340
2719713000,s,124
2719806000,s,124
2721495000,r,1340
2721496000,r,1340
2721496000,r,1340
2721496000,r,1340
2721496000,r,1340
2721496000,r,1340
2721496000,r,1340
2721496000,r,1340
2721560000,r,1340
2721984000,s,124
2722824000,r,1340
2722824000,r,1340
2722824000,r,1340
2722824000,r,1340
2722824000,r,1340
2722824000,r,1340
2722824000,r,1340
2722825000,r,1340
2722904000,r,1340
2722904000,r,1340
2722905000,r,1340
2722905000,r,1340
2722905000,r,1340
2722905000,r,1340
2722905000,r,1340
2722905000,r,1340
2722934000,r,1340
2722934000,r,1340
2722934000,r,1340
2722934000,r,1340
2724405000,s,124
2724509000,s,124
2724889000,r,1340
2724889000,r,1340
2724889000,r,1340
2724890000,r,1340
2724890000,r,1340
2724890000,r,1340
2724890000,r,1340
2724890000,r,1340
2724992000,r,1340
2724992000,r,1340
2724992000,r,1340
2725536000,r,1340
2725536000,r,1340
2725536000,r,1340
2725904000,r,1340
2725904000,r,1340
2725904000,r,1340
2725904000,r,1340
2725904000,r,1340
2725904000,r,1340
2726469000,s,124
2726566000,s,124
2727143000,r,1340
2727143000,r,1340
2727143000,r,1340
2727143000,r,1340
2727143000,r,1340
2727143000,r,1340
2727143000,r,1340
2727144000,r,1340
2727228000,r,1340
2727228000,r,1340
2727228000,r,1340
2727228000,r,1340
2727229000,r,1340
2727229000,r,1340
2727229000,r,1340
2727229000,r,1340
2727259000,r,1340
2727259000,r,140
2727259000,r,1340
2728640000,s,124
2728681000,r,1340
2728681000,r,1340
2728682000,r,1340
2728682000,r,1340
2728682000,r,1004
2728839000,s,140
2729839000,s,124
2736385000,s,124
2758430000,r,124
2939629000,s,156
2940182000,s,156
2940944000,s,156
2947181000,s,156
2947384000,s,156
2947881000,s,156
2951926000,r,188
2951926000,r,188
2953278000,r,172
2974888000,s,156
2976215000,s,156
2977128000,s,156
2997167000,s,140
2998044000,s,140
2998234000,s,140
3000537000,s,620
3002437000,r,172
3003797000,r,172
3003797000,r,156
3003797000,r,172
3010964000,r,220
3012640000,s,1340
3012780000,s,1340
3012780000,r,188
3012881000,s,1340
3013414000,s,172
3021411000,s,1340
3021470000,s,1340
3021723000,s,172
3023928000,r,204
3026328000,s,1340
3026439000,r,124
3026475000,s,1340
3026581000,s,172
3027940000,r,1340
3028193000,s,572
3028755000,r,1340
3028755000,r,1340
3028756000,r,1340
3028756000,r,140
3028756000,r,1340
3028756000,r,140
3028757000,r,1340
3028757000,r,1340
3028907000,r,1340
3028907000,r,1340
3028907000,r,1340
3028908000,r,1340
3028908000,r,1340
3028908000,r,1340
3028908000,r,1340
3028909000,r,1340
3028981000,r,1340
3029017000,r,1340
3029017000,r,1340
3029512000,s,124
3030174000,s,124
3030319000,s,124
3030427000,s,124
3030892000,r,1340
3030892000,r,1340
3030936000,s,124
3030892000,r,1340
3030976000,s,124
3031068000,s,124
3031079000,s,124
3031839000,r,268
3032196000,s,556
3032260000,s,124
3032279000,s,124
3032289000,s,540
3033682000,r,1340
3033682000,r,1340
3033683000,r,1164
3034707000,s,124
3036135000,r,140
3036150000,s,140
3036579000,r,1340
3036810000,s,140
3037226000,s,140
3038114000,r,1340
3038114000,r,396
3038115000,r,1052
3038115000,r,140
3038938000,s,172
3040390000,s,124
3040636000,r,140
3041195000,r,1340
3041642000,r,220
3041642000,r,124
3043080000,s,124
3043110000,r,204
3045691000,r,1340
3045691000,r,396
3045691000,r,1036
3046887000,s,172
3046965000,r,124
3046997000,s,124
3048641000,r,1340
3048641000,r,1340
3048641000,r,1340
3048976000,r,1340
3048976000,r,1340
3048976000,r,1340
3049318000,s,124
3049355000,s,124
3050331000,r,1340
3050331000,r,1340
3050332000,r,1340
3050332000,r,1340
3050332000,r,1340
3050332000,r,1340
3050332000,r,1340
3050332000,r,1340
3050378000,r,1340
3050378000,r,1340
3050378000,r,1340
3050378000,r,1340
3050378000,r,1100
3050378000,r,1340
3050379000,r,380
3050379000,r,1052
3050405000,r,124
3050405000,r,556
3050772000,s,124
3050907000,s,124
3050985000,s,124
3051181000,s,124
3051378000,s,124
3051420000,s,124
3051435000,s,124
3051624000,s,124
3052039000,r,540
3052039000,r,124
3052308000,s,172
3053127000,s,124
3053678000,r,220
3055739000,s,1340
3055796000,s,1340
3055817000,s,1340
3056258000,s,172
3057067000,s,124
3060264000,s,652
3061010000,r,220
3062310000,s,124
3063531000,r,124
3063601000,s,188
3066233000,r,220
3067221000,s,124
3070889000,r,124
3078461000,r,124
3079921000,r,124
3081482000,r,140
3081482000,r,140
3081482000,r,1340
3081482000,r,1340
3081482000,r,124
3084805000,r,252
3085375000,s,300
3087589000,r,316
3087656000,r,140
3088045000,s,124
3092298000,r,1340
3092299000,r,396
3092299000,r,1036
3092299000,r,124
3092299000,r,1340
3092299000,r,1340
3092299000,r,1340
3092300000,r,1324
3093353000,s,124
3094396000,s,172
3094460000,s,124
3094757000,s,124
3094781000,s,124
3101779000,r,268
3109839000,s,1340
3109911000,s,1340
3109971000,s,172
3114838000,r,220
3114838000,r,124
3115197000,s,124
3124243000,r,140
3124244000,r,1340
3129034000,s,252
3131596000,r,1340
3131596000,r,396
3131597000,r,1052
3131597000,r,124
3132340000,r,124
3133058000,s,172
3133124000,s,124
3134310000,s,156
3134701000,s,156
3135390000,s,156
3135863000,s,700
3140967000,r,172
3140968000,r,172
3143282000,s,124
3147930000,r,220
3149697000,r,124
3150330000,r,140
3151738000,s,1340
3151787000,s,1340
3151922000,s,172
3152509000,s,124
3159326000,s,140
3170516000,r,1340
3170516000,r,1340
3170516000,r,1340
3170516000,r,1340
3170516000,r,1340
3170516000,r,1340
3170517000,r,1340
3170796000,r,1340
3170796000,r,1340
3170797000,r,1340
3172445000,s,124
3172630000,s,124
3173386000,r,1340
3173386000,r,1340
3173386000,r,524
3173386000,r,476
3173386000,r,1340
3173386000,r,1340
3173387000,r,1340
3173387000,r,1340
3173483000,r,1340
3173518000,r,1340
3173518000,r,1340
3173518000,r,1340
3173798000,s,124
3174412000,r,1340
3174412000,r,1340
3174412000,r,1340
3176186000,s,124
3177287000,s,124
3177337000,s,124
3177349000,s,124
3177659000,r,1340
3177659000,r,1340
3177660000,r,1340
3177660000,r,1340
3177660000,r,140
3177660000,r,1340
3177660000,r,1340
3177660000,r,1340
3177782000,r,1340
3177966000,s,124
3178004000,s,124
3178494000,s,124
3178530000,r,1340
3178562000,s,124
3178530000,r,1340
3178530000,r,1340
3178577000,s,124
3179399000,s,124
3179515000,s,124
3180018000,s,124
3180094000,s,124
3180146000,s,124
3181641000,r,1340
3181641000,r,1340
3181641000,r,1340
3181641000,r,1340
3181641000,r,508
3182552000,s,124
3182937000,s,124
3182951000,s,124
3184772000,r,124
3189239000,r,1340
3189239000,r,396
3189239000,r,732
3199988000,r,204
3200941000,s,252
3202303000,s,1340
3203034000,s,172
3203095000,r,124
3203313000,s,124
3204288000,s,1164
3211882000,r,124
3224817000,r,220
3231440000,r,124
3232271000,s,124
3240136000,r,460
3240136000,r,348
3241198000,s,124
3244459000,s,1132
3246101000,s,1276
3251595000,s,1020
3271948000,r,124
3274852000,r,268
3275914000,r,188
3277233000,s,124
3284136000,r,284
3284136000,r,268
3284137000,r,268
3284137000,r,236
3285392000,s,124
3285520000,s,124
3311799000,r,124
3312023000,s,124
3320201000,r,124
3407981000,r,1340
3407981000,r,1340
3407981000,r,1340
3408260000,r,1340
3408260000,r,1340
3408261000,r,1340
3408261000,r,1244
3408261000,r,1340
3408261000,r,1340
3408262000,r,1340
3409844000,s,124
3410098000,s,124
3410285000,s,124
3410450000,s,124
3410598000,s,124
3410742000,s,124
3410891000,s,124
3411042000,s,124
3411212000,s,124
3411361000,s,124
3415088000,r,1340
3415992000,s,124
3422415000,r,1340
3422415000,r,1340
3422415000,r,1340
3422415000,r,1340
3422415000,r,1340
3422416000,r,780
3423196000,s,124
3423605000,s,124
3423837000,s,124
3424079000,s,124
3424284000,s,124
3424426000,s,124
4170728000,s,1340
4210074000,s,1340
4210522000,s,1340
4210713000,s,828
4233549000,s,1340
4256070000,r,124
4260089000,r,124
4266204000,s,124
4300130000,r,284
4300131000,r,156
4319177000,s,140
4348584000,r,124
5139556000,s,1340
5177548000,s,1340
5178023000,s,1340
5178246000,s,1340
5178281000,s,1340
5178307000,s,1340
5178329000,s,1340
5178353000,s,1340
5178375000,s,1340
5178397000,s,1340
5178418000,s,1340
5178439000,s,1100
5217713000,r,124
5227624000,s,124
5263977000,r,188
5263978000,r,268
5274011000,s,140
5303970000,r,124
7712382000,r,140
7712383000,r,124
7712383000,r,124
7719058000,s,124
7722590000,s,124
13142282000,s,156
13188366000,s,156
13189132000,s,156
13207196000,r,156
13442246000,r,156
13442246000,r,140
13442247000,r,140
13443812000,s,124
13444157000,s,124
13444611000,s,124
13456001000,r,124
19273691000,s,156
19311156000,s,156
19311588000,s,156
19311749000,s,176
19330300000,r,120
19330301000,r,156
19338734000,s,60
25385950000,s,156
25423816000,s,156
25424287000,s,156
25442674000,r,156