0,s,1340
3639000,s,1340
1860057000,s,1340
1894024000,s,1340
1894427000,s,1340
1913659000,r,1440
1914941000,r,1440
1916935000,r,1440
1917753000,s,1340
4868205000,s,1340
4900699000,s,1340
4901110000,s,1340
4901202000,s,1340
4923516000,r,1440
4925533000,s,1340
4928125000,r,1440
4928125000,r,1440
4929137000,s,1340
4929284000,s,1340
4934743000,s,1340
4939642000,r,1440
4939642000,r,1440
4940514000,s,1340
4940706000,s,1340
4942733000,s,1340
4943492000,r,1440
4951362000,s,1340
4953266000,r,1440
4955502000,r,1440
4955985000,s,1340
4960657000,r,1440
4960657000,r,1440
4960657000,r,1440
4961201000,s,1340
4961281000,s,1340
4996281000,s,1340
5085037000,s,1340
5086108000,s,1340
5100493000,r,1440
5100493000,r,1440
5100895000,r,1440
5101493000,s,1340
5101576000,s,1340
5101621000,s,1340
5101758000,s,1340
5101837000,s,1340
5101872000,s,1340
5102207000,s,1340
5102390000,s,1340
5102547000,s,1340
5102625000,s,1340
5102722000,s,1340
5102813000,s,1340
5102872000,s,1340
5102930000,s,1340
5102989000,s,1340
5103081000,s,1340
5103347000,s,1340
5103737000,s,1340
5104002000,s,1340
5104100000,s,1340
5104137000,s,1340
5104179000,s,1340
5104414000,s,1340
5104464000,s,1340
5104653000,s,1340
5104770000,s,1340
5105064000,s,1340
5105271000,s,1340
5105469000,s,1340
5105777000,s,1340
5107248000,s,1340
5107759000,s,1340
5107845000,s,1340
5108962000,s,1340
5109064000,s,1340
5109128000,s,1340
5109182000,s,1340
5109283000,s,1340
5109346000,s,1340
5109396000,s,1340
5109449000,s,1340
5109514000,s,1340
5109565000,s,1340
5109614000,s,1340
5109663000,s,1340
5109712000,s,1340
5109762000,s,1340
5109814000,s,1340
5109865000,s,1340
5109919000,s,1340
5110421000,s,1340
5110451000,s,1340
5110928000,r,1440
5111096000,s,1340
5111404000,s,1340
5111582000,s,1340
5111758000,s,1340
5115299000,r,1440
5115299000,r,1440
5116556000,s,1340
5118292000,r,1440
5119491000,r,1440
5119856000,s,1340
5121174000,r,1440
5121175000,r,1440
5121500000,s,1340
5121973000,s,1340
5123511000,r,1440
5123512000,r,1440
5125072000,r,1440
5125693000,s,1340
5125774000,s,1340
5138421000,s,1340
5189696000,r,1440
5199857000,s,1340
5210932000,r,1440
5213920000,r,1440
5221953000,s,1340
5362195000,s,1340
5363344000,s,1340
5371020000,r,1440
5371021000,r,1440
5373958000,r,1440
5374299000,s,1340
5386871000,s,1340
5386973000,s,1340
5387545000,s,1340
5402161000,r,1440
5402161000,r,1440
5402498000,r,1440
5403293000,s,1340
5404474000,r,1440
5413031000,s,1340
5415028000,s,1340
5415170000,s,1340
5418383000,s,1340
5418825000,s,1340
5428213000,r,1440
5429134000,r,1440
5430295000,r,1440
5430911000,s,1340
5431839000,r,1440
5432266000,r,1440
5432751000,s,1340
5435269000,r,1440
5435270000,r,1440
5435270000,r,1440
5435861000,s,1340
5442421000,s,1340
5448800000,r,1440
5451088000,r,1440
5451309000,s,1340
5452531000,r,1440
5460256000,r,1440
5461033000,s,1340
5466634000,r,1440
5466635000,r,1440
5466635000,r,1440
5467807000,s,1340
5468000000,s,1340
5476172000,r,1440
5477499000,r,1440
5478441000,r,1440
5478441000,r,1440
5478999000,s,1340
5480478000,r,1440
5480824000,s,1340
5504642000,s,1340
5505328000,s,1340
5519522000,r,1440
5521953000,r,1440
5521954000,r,1440
5521954000,r,1440
5522870000,s,1340
5522998000,s,1340
5523421000,s,1340
5523501000,s,1340
5523618000,s,1340
5523679000,s,1340
5523720000,s,1340
5524396000,s,1340
5524581000,s,1340
5525192000,s,1340
5525362000,s,1340
5525501000,s,1340
5526142000,s,1340
5526286000,s,1340
5526411000,s,1340
5526538000,s,1340
5526657000,s,1340
5527054000,s,1340
5527641000,s,1340
5528006000,s,1340
5528349000,s,1340
5528494000,s,1340
5528642000,s,1340
5528781000,s,1340
5528938000,s,1340
5529052000,s,1340
5529775000,s,1340
5529975000,s,1340
5530100000,s,1340
5530333000,s,1340
5530429000,s,1340
5530524000,s,1340
5530653000,s,1340
5530794000,s,1340
5530987000,s,1340
5531162000,s,1340
5531434000,s,1340
5531901000,s,1340
5532063000,s,1340
5532196000,s,1340
5532484000,s,1340
5532813000,s,1340
5532976000,s,1340
5533141000,s,1340
5533310000,s,1340
5533481000,s,1340
5533633000,s,1340
5533789000,s,1340
5533933000,s,1340
5534204000,s,1340
5534382000,s,1340
5534529000,s,1340
5534864000,s,1340
5535025000,s,1340
5535188000,s,1340
5535632000,s,1340
5535731000,s,1340
5535976000,s,1340
5536131000,s,1340
5536273000,s,1340
5536511000,s,1340
5536635000,s,1340
5536706000,s,1340
5537278000,r,1440
5537561000,s,1340
5537804000,s,1340
5537980000,s,1340
5538127000,s,1340
5538275000,s,1340
5538421000,r,1440
5538547000,s,1340
5538688000,s,1340
5540813000,r,1440
5541135000,s,1340
5542368000,r,1440
5549560000,s,1340
5565733000,s,1340
5786671000,s,1340
5812343000,r,1440
5812534000,r,1440
5813252000,s,1340
5815510000,s,1340
5839013000,r,1440
5840678000,r,1440
5840678000,r,1440
5841711000,s,1340
5841798000,s,1340
5842911000,s,1340
5850447000,r,1440
5852119000,s,1340
5870837000,r,1440
5871521000,r,1440
5872242000,s,1340
5885426000,s,1340
5895024000,r,1440
5895024000,r,1440
5896603000,s,1340
5897404000,r,1440
5900393000,r,1440
5900394000,r,1440
5900996000,s,1340
5901088000,s,1340
5901120000,s,1340
5901167000,s,1340
5901218000,s,1340
5902269000,s,1340
5902361000,r,1440
5902422000,s,1340
5902513000,s,1340
5902573000,s,1340
5902992000,s,1340
5903033000,s,1340
5903159000,s,1340
5903231000,s,1340
5903299000,s,1340
5903351000,s,1340
5903404000,s,1340
5903500000,s,1340
5903558000,s,1340
5903658000,s,1340
5903867000,s,1340
5904181000,s,1340
5904271000,s,1340
5904444000,s,1340
5904726000,s,1340
5905030000,s,1340
5905265000,s,1340
5905459000,s,1340
5905603000,s,1340
5905751000,s,1340
5906173000,s,1340
5906308000,s,1340
5906435000,s,1340
5906658000,s,1340
5906730000,s,1340
5906852000,s,1340
5907040000,s,1340
5907209000,s,1340
5907408000,s,1340
5907599000,s,1340
5907718000,s,1340
5907826000,s,1340
5907926000,s,1340
5908068000,s,1340
5908129000,s,1340
5908514000,s,1340
5908802000,s,1340
5908968000,s,1340
5909196000,s,1340
5909601000,r,1440
5909679000,s,1340
5909753000,s,1340
5909885000,s,1340
5914632000,r,1440
5915612000,s,1340
5920012000,s,1340
5944077000,s,1340
6193389000,r,1440
6193389000,r,1440
6193389000,r,1440
6193389000,r,1440
6193390000,r,1440
6193390000,r,1440
6193390000,r,1440
6193390000,r,1440
6193683000,r,1440
6193684000,r,1440
6193684000,r,1440
6193684000,r,1440
6194905000,s,1340
6195073000,s,1340
6195184000,s,1340
6195276000,s,1340
6195577000,s,1340
6195723000,s,1340
6195847000,s,1340
6196061000,r,1440
6196061000,r,1440
6196061000,r,1440
6196062000,r,1440
6196234000,s,1340
6196395000,s,1340
6196545000,s,1340
6196682000,s,1340
6196804000,s,1340
6206294000,s,1340
6268706000,s,1340
6268818000,s,1340
6269282000,s,1340
6269828000,s,1340
6292029000,r,1440
6292029000,r,1440
6292030000,r,1440
6292030000,r,1440
6292030000,r,1440
6292929000,s,1340
6293000000,s,1340
6301682000,r,1440
6301682000,r,1440
6301683000,r,1440
6302628000,s,1340
6302943000,s,1340
6303021000,s,1340
6303061000,s,1340
6303087000,s,1340
6306209000,r,1440
6306209000,r,1440
6306209000,r,1440
6306209000,r,1440
6306210000,r,1440
6306210000,r,1440
6306210000,r,1440
6306210000,r,1440
6306499000,r,1440
6306500000,r,1440
6306500000,r,1440
6306500000,r,1440
6306501000,r,1440
6306501000,r,1440
6306501000,r,1440
6307223000,s,1340
6307342000,s,1340
6307528000,s,1340
6308144000,s,1340
6308300000,s,1340
6308421000,s,1340
6308545000,s,1340
6308651000,s,1340
6308869000,s,1340
6309139000,s,1340
6309241000,s,1340
6309328000,s,1340
6309557000,r,1440
6309557000,r,1440
6309558000,r,1440
6309558000,r,1440
6309558000,r,1440
6309871000,s,1340
6309959000,r,1440
6309960000,r,1440
6309960000,r,1440
6309999000,s,1340
6310082000,s,1340
6310308000,s,1340
6310396000,s,1340
6310528000,s,1340
6310738000,s,1340
6310818000,s,1340
6310931000,s,1340
6311360000,s,1340
6311503000,s,1340
6311616000,s,1340
6311725000,s,1340
6311827000,s,1340
6311939000,s,1340
6312039000,s,1340
6312137000,s,1340
6312236000,s,1340
6320662000,s,1340
6327298000,r,1440
6327298000,r,1440
6327298000,r,1440
6327298000,r,1440
6327298000,r,1440
6327299000,r,1440
6327299000,r,1440
6327299000,r,1440
6327518000,r,1440
6327629000,r,1440
6327629000,r,1440
6327629000,r,1440
6327629000,r,1440
6327629000,r,1440
6327630000,r,1440
6328053000,r,1440
6328053000,r,1440
6328053000,r,1440
6328054000,r,1440
6328111000,s,1340
6328054000,r,1440
6328054000,r,1440
6328054000,r,1440
6328054000,r,1440
6328153000,r,1440
6328245000,s,1340
6328343000,s,1340
6328421000,s,1340
6328490000,s,1340
6328570000,s,1340
6328649000,s,1340
6328726000,s,1340
6328827000,s,1340
6328894000,s,1340
6328992000,s,1340
6329091000,s,1340
6329192000,s,1340
6329296000,s,1340
6329405000,s,1340
6329518000,s,1340
6329632000,s,1340
6329762000,s,1340
6329869000,s,1340
6329967000,s,1340
6330059000,s,1340
6330146000,s,1340
6330308000,s,1340
6330383000,s,1340
6330470000,s,1340
6330541000,r,1440
6330553000,s,1340
6330541000,r,1440
6330542000,r,1440
6330542000,r,1440
6330542000,r,1440
6331105000,s,1340
6331220000,s,1340
6331250000,s,1340
6331270000,s,1340
6331290000,s,1340
6331328000,s,1340
6331495000,r,1440
6331601000,s,1340
6331664000,s,1340
6331888000,s,1340
6339804000,r,1440
6339804000,r,1440
6340717000,s,1340
6341724000,s,1340
6346809000,r,1440
6346809000,r,1440
6346810000,r,1440
6346810000,r,1440
6347504000,r,1440
6347504000,r,1440
6347504000,r,1440
6347504000,r,1440
6347505000,r,1440
6347505000,r,1440
6347505000,r,1440
6347505000,r,1440
6347645000,r,1440
6347646000,r,1440
6347646000,r,1440
6347646000,r,1440
6347646000,r,1440
6347647000,r,1440
6347647000,r,1440
6347647000,r,1440
6347719000,r,1440
6347871000,s,1340
6347996000,s,1340
6348114000,s,1340
6348195000,s,1340
6348316000,s,1340
6348435000,s,1340
6348552000,s,1340
6348669000,s,1340
6348763000,s,1340
6348857000,s,1340
6348992000,s,1340
6349124000,s,1340
6349249000,s,1340
6349345000,r,1440
6349366000,s,1340
6349345000,r,1440
6349345000,r,1440
6349346000,r,1440
6349346000,r,1440
6349346000,r,1440
6349346000,r,1440
6349347000,r,1440
6349474000,s,1340
6349491000,r,1440
6349491000,r,1440
6349491000,r,1440
6349577000,s,1340
6349667000,s,1340
6349756000,s,1340
6349872000,s,1340
6349993000,s,1340
6350119000,s,1340
6350238000,s,1340
6350369000,s,1340
6350504000,s,1340
6350625000,s,1340
6350740000,s,1340
6350852000,s,1340
6350967000,s,1340
6351072000,s,1340
6351179000,s,1340
6351295000,s,1340
6351405000,s,1340
6351607000,s,1340
6351732000,s,1340
6351845000,s,1340
6351958000,s,1340
6352049000,s,1340
6352193000,s,1340
6352302000,s,1340
6352405000,s,1340
6352506000,s,1340
6352603000,s,1340
6352704000,s,1340
6352816000,s,1340
6358690000,r,1440
6359303000,s,1340
6359420000,s,1340
6360417000,s,1340
6361636000,r,1440
6361636000,r,1440
6361637000,r,1440
6361637000,r,1440
6361637000,r,1440
6361637000,r,1440
6361637000,r,1440
6361638000,r,1440
6361788000,r,1440
6361788000,r,1440
6361788000,r,1440
6361788000,r,1440
6361789000,r,1440
6361789000,r,1440
6361789000,r,1440
6361789000,r,1440
6361860000,r,1440
6361860000,r,1440
6361860000,r,1440
6361860000,r,1440
6361860000,r,1440
6361861000,r,1440
6362231000,s,1340
6362324000,s,1340
6362356000,s,1340
6362383000,s,1340
6362409000,s,1340
6362431000,s,1340
6362457000,s,1340
6362524000,s,1340
6362567000,s,1340
6362592000,s,1340
6362635000,s,1340
6362658000,s,1340
6363062000,s,1340
6363172000,s,1340
6363212000,s,1340
6363234000,s,1340
6363254000,s,1340
6363668000,s,1340
6363747000,s,1340
6363780000,s,1340
6363803000,s,1340
6363906000,s,1340
6363950000,s,1340
6363984000,s,1340
6364012000,s,1340
6364038000,s,1340
6364148000,s,1340
6364191000,s,1340
6364325000,s,1340
6364366000,r,1440
6364401000,s,1340
6364434000,s,1340
6364366000,r,1440
6364366000,r,1440
6364366000,r,1440
6364367000,r,1440
6364367000,r,1440
6364367000,r,1440
6364367000,r,1440
6364558000,r,1440
6364559000,r,1440
6364611000,s,1340
6364660000,s,1340
6364686000,s,1340
6364706000,s,1340
6364725000,s,1340
6364788000,s,1340
6364840000,s,1340
6364885000,s,1340
6365109000,s,1340
6365201000,s,1340
6365294000,s,1340
6365331000,s,1340
6365441000,s,1340
6365499000,s,1340
6365676000,s,1340
6365764000,s,1340
6365806000,s,1340
6365841000,s,1340
6365918000,s,1340
6365979000,s,1340
6366018000,s,1340
6366109000,s,1340
6366153000,s,1340
6366291000,s,1340
6366347000,s,1340
6366555000,s,1340
6366812000,s,1340
6366966000,s,1340
6367026000,s,1340
6367052000,s,1340
6367900000,s,1340
6368083000,s,1340
6368402000,s,1340
6368699000,s,1340
6368834000,s,1340
6368987000,s,1340
6369062000,s,1340
6369394000,s,1340
6369533000,s,1340
6369637000,s,1340
6369901000,s,1340
6370022000,s,1340
6370850000,s,1340
6371007000,s,1340
6371098000,s,1340
6371382000,s,1340
6371718000,s,1340
6371790000,s,1340
6371887000,s,1340
6372319000,r,1440
6372339000,s,1340
6372465000,s,1340
6372568000,s,1340
6372691000,s,1340
6374987000,r,1440
6374987000,r,1440
6374987000,r,1440
6374988000,r,1440
6374988000,r,1440
6375914000,s,1340
6375995000,s,1340
6376036000,s,1340
6377412000,r,1440
6386303000,s,1340
6394865000,s,1340
6395842000,s,1340
6409472000,s,1340
6468179000,s,1340
6474919000,r,1440
6474920000,r,1440
6474920000,r,1440
6474920000,r,1440
6474920000,r,1440
6474921000,r,1440
6474921000,r,1440
6474921000,r,1440
6475171000,r,1440
6475171000,r,1440
6475172000,r,1440
6475172000,r,1440
6475172000,r,1440
6475173000,r,1440
6475173000,r,1440
6475173000,r,1440
6475260000,r,1440
6475260000,r,1440
6475260000,r,1440
6475261000,r,1440
6475261000,r,1440
6475261000,r,1440
6475261000,r,1440
6475262000,r,1440
6475334000,r,1440
6475334000,r,1440
6475335000,r,1440
6476093000,s,1340
6476679000,s,1340
6476878000,s,1340
6477041000,s,1340
6477108000,r,1440
6477108000,r,1440
6477187000,s,1340
6477108000,r,1440
6477109000,r,1440
6477109000,r,1440
6477109000,r,1440
6477335000,s,1340
6477481000,s,1340
6477601000,s,1340
6477762000,s,1340
6477915000,s,1340
6478066000,s,1340
6478223000,s,1340
6478441000,s,1340
6478602000,s,1340
6478768000,s,1340
6478913000,s,1340
6479061000,s,1340
6479209000,s,1340
6479363000,s,1340
6479582000,s,1340
6479766000,s,1340
6479916000,s,1340
6480067000,s,1340
6480176000,s,1340
6480290000,s,1340
6480540000,s,1340
6480695000,s,1340
6480857000,s,1340
6481099000,s,1340
6481253000,s,1340
6481546000,s,1340
6481648000,s,1340
6481698000,s,1340
6481938000,s,1340
6482211000,s,1340
6482267000,s,1340
6482306000,s,1340
6482546000,s,1340
6482659000,s,1340
6482790000,s,1340
6482901000,s,1340
6483096000,s,1340
6483173000,s,1340
6483350000,s,1340
6483402000,s,1340
6483553000,s,1340
6483665000,s,1340
6483917000,s,1340
6484093000,s,1340
6484395000,s,1340
6484614000,s,1340
6484666000,s,1340
6486080000,s,1340
6486281000,s,1340
6486381000,s,1340
6486509000,s,1340
6486680000,s,1340
6486909000,s,1340
6486965000,s,1340
6487194000,s,1340
6487260000,s,1340
6487347000,s,1340
6487640000,s,1340
6487692000,s,1340
6488002000,s,1340
6488148000,s,1340
6488236000,s,1340
6488317000,s,1340
6498838000,s,1340
6518626000,r,1440
6524461000,r,1440
6524461000,r,1440
6524462000,r,1440
6524462000,r,1440
6524462000,r,1440
6524462000,r,1440
6524463000,r,1440
6524463000,r,1440
6524699000,r,1440
6524699000,r,1440
6524700000,r,1440
6524700000,r,1440
6524700000,r,1440
6524700000,r,1440
6524701000,r,1440
6524701000,r,1440
6524776000,r,1440
6524777000,r,1440
6524856000,r,1440
6524856000,r,1440
6524856000,r,1440
6525460000,r,1440
6525460000,r,1440
6525461000,r,1440
6525461000,r,1440
6525461000,r,1440
6525462000,r,1440
6525462000,r,1440
6525462000,r,1440
6525638000,r,1440
6525689000,r,1440
6525689000,r,1440
6525690000,r,1440
6525868000,s,1340
6526130000,s,1340
6526181000,s,1340
6526195000,s,1340
6526361000,s,1340
6526697000,s,1340
6526766000,s,1340
6526985000,s,1340
6527028000,s,1340
6527066000,s,1340
6527084000,s,1340
6527323000,s,1340
6527418000,s,1340
6527510000,s,1340
6527688000,r,1440
6527688000,r,1440
6527688000,r,1440
6527688000,r,1440
6527689000,r,1440
6527689000,r,1440
6527689000,r,1440
6527845000,s,1340
6527917000,s,1340
6527947000,s,1340
6527971000,s,1340
6527993000,s,1340
6528080000,s,1340
6528145000,s,1340
6528432000,s,1340
6528625000,s,1340
6528738000,s,1340
6528890000,s,1340
6529011000,s,1340
6529462000,s,1340
6529884000,s,1340
6530022000,s,1340
6530133000,s,1340
6530234000,s,1340
6530331000,s,1340
6530430000,s,1340
6530561000,s,1340
6530666000,s,1340
6530765000,s,1340
6530860000,s,1340
6530984000,s,1340
6531114000,s,1340
6531256000,s,1340
6531390000,s,1340
6531565000,s,1340
6531706000,s,1340
6531839000,s,1340
6531975000,s,1340
6540740000,s,1340
6553125000,r,1440
6553126000,r,1440
6553126000,r,1440
6553126000,r,1440
6553126000,r,1440
6553127000,r,1440
6553127000,r,1440
6553127000,r,1440
6553339000,r,1440
6553339000,r,1440
6553339000,r,1440
6553339000,r,1440
6554112000,s,1340
6554294000,s,1340
6554418000,s,1340
6554507000,s,1340
6554499000,r,1440
6554499000,r,1440
6554499000,r,1440
6554499000,r,1440
6554589000,s,1340
6554500000,r,1440
6554500000,r,1440
6554500000,r,1440
6554500000,r,1440
6554636000,r,1440
6554636000,r,1440
6554637000,r,1440
6554637000,r,1440
6554637000,r,1440
6554637000,r,1440
6554671000,s,1340
6554637000,r,1440
6554638000,r,1440
6554699000,r,1440
6554699000,r,1440
6554770000,s,1340
6554851000,s,1340
6554927000,s,1340
6555202000,s,1340
6555599000,s,1340
6555728000,s,1340
6555801000,s,1340
6555954000,s,1340
6556057000,s,1340
6556292000,s,1340
6556396000,s,1340
6556523000,s,1340
6556620000,s,1340
6556705000,s,1340
6556765000,r,1440
6556765000,r,1440
6556816000,s,1340
6556765000,r,1440
6556765000,r,1440
6556766000,r,1440
6556766000,r,1440
6556766000,r,1440
6556921000,s,1340
6557005000,s,1340
6557079000,s,1340
6557171000,s,1340
6557254000,s,1340
6557333000,s,1340
6557418000,s,1340
6557497000,s,1340
6557605000,s,1340
6557685000,s,1340
6557760000,s,1340
6557869000,s,1340
6557944000,s,1340
6558043000,s,1340
6558324000,s,1340
6558389000,s,1340
6558541000,s,1340
6558639000,s,1340
6558762000,s,1340
6559055000,s,1340
6560040000,s,1340
6560382000,s,1340
6560498000,s,1340
6560742000,s,1340
6561166000,s,1340
6561743000,s,1340
6561828000,s,1340
6561907000,s,1340
6561981000,s,1340
6563159000,s,1340
6563355000,s,1340
6563637000,s,1340
6563769000,s,1340
6563982000,s,1340
6564109000,s,1340
6564206000,s,1340
6564310000,s,1340
6564578000,s,1340
6564748000,s,1340
6564906000,s,1340
6565133000,s,1340
6565550000,s,1340
6565714000,s,1340
6565867000,s,1340
6566274000,s,1340
6566434000,s,1340
6566587000,s,1340
6567022000,s,1340
6567149000,s,1340
6567206000,s,1340
6567549000,s,1340
6567730000,s,1340
6568541000,r,1440
6569335000,s,1340
6572287000,s,1340
6572536000,s,1340
6572790000,s,1340
6573118000,s,1340
6573226000,s,1340
6573509000,s,1340
6573765000,s,1340
6573829000,s,1340
6573849000,s,1340
6574009000,s,1340
6574153000,s,1340
6574420000,s,1340
6574619000,s,1340
6574814000,s,1340
6575028000,s,1340
6575219000,s,1340
6575530000,s,1340
6575621000,s,1340
6575691000,s,1340
6575785000,s,1340
6576011000,s,1340
6576182000,s,1340
6576362000,s,1340
6576443000,s,1340
6576546000,s,1340
6576719000,s,1340
6577246000,s,1340
6577276000,s,1340
6577294000,s,1340
6577309000,s,1340
6577416000,s,1340
6577511000,s,1340
6577585000,s,1340
6577740000,s,1340
6577804000,s,1340
6577928000,s,1340
6578388000,s,1340
6578525000,s,1340
6578616000,s,1340
6578844000,s,1340
6578973000,r,1440
6579088000,s,1340
6578973000,r,1440
6578973000,r,1440
6579153000,s,1340
6579255000,s,1340
6579330000,s,1340
6579484000,s,1340
6584688000,r,1440
6584688000,r,1440
6584688000,r,1440
6584689000,r,1440
6584689000,r,1440
6584689000,r,1440
6585384000,s,1340
6585411000,r,1440
6585411000,r,1440
6585506000,s,1340
6585411000,r,1440
6585708000,s,1340
6585922000,s,1340
6588012000,r,1440
6588013000,r,1440
6588013000,r,1440
6588013000,r,1440
6588013000,r,1440
6588525000,s,1340
6588569000,s,1340
6589908000,s,1340
6901497000,s,1340
6904887000,s,1340
6916965000,r,1440
6921249000,r,1440
6921250000,r,1440
6921250000,r,1440
6921250000,r,1440
6921251000,r,1440
6922320000,s,1340
6922524000,s,1340
6922787000,r,1440
6922787000,r,1440
6922787000,r,1440
6922787000,r,1440
6922788000,r,1440
6922788000,r,1440
6922953000,r,1440
6922953000,r,1440
6922954000,r,1440
6923417000,s,1340
6923746000,s,1340
6924096000,s,1340
6924422000,s,1340
6924568000,s,1340
6924684000,r,1440
6924786000,s,1340
6924684000,r,1440
6924684000,r,1440
6924685000,r,1440
6924685000,r,1440
6925121000,s,1340
6925252000,s,1340
6925404000,s,1340
6925539000,s,1340
6925663000,s,1340
6925797000,s,1340
6926025000,s,1340
6926196000,s,1340
6926303000,s,1340
6926417000,s,1340
6926518000,s,1340
6926768000,r,1440
6926768000,r,1440
6926769000,r,1440
6926769000,r,1440
6926769000,r,1440
6926770000,r,1440
6926902000,s,1340
6926991000,s,1340
6927141000,s,1340
6927244000,s,1340
6927280000,s,1340
6927991000,s,1340
6928031000,s,1340
6928565000,s,1340
6928740000,s,1340
6928889000,s,1340
6934420000,r,1440
6934421000,r,1440
6935423000,s,1340
6937157000,r,1440
6937157000,r,1440
6937157000,r,1440
6937157000,r,1440
6937158000,r,1440
6937158000,r,1440
6937158000,r,1440
6937158000,r,1440
6937403000,r,1440
6937404000,r,1440
6937404000,r,1440
6937404000,r,1440
6937404000,r,1440
6937405000,r,1440
6938293000,s,1340
6938766000,s,1340
6939144000,s,1340
6939204000,s,1340
6939225000,s,1340
6939246000,s,1340
6939265000,s,1340
6939282000,s,1340
6939300000,s,1340
6939321000,s,1340
6939396000,r,1440
6939397000,r,1440
6939571000,s,1340
6939397000,r,1440
6939397000,r,1440
6939397000,r,1440
6939398000,r,1440
6939398000,r,1440
6939398000,r,1440
6939683000,r,1440
6939683000,r,1440
6939684000,r,1440
6939763000,s,1340
6939858000,r,1440
6939858000,r,1440
6939859000,r,1440
6939859000,r,1440
6939859000,r,1440
6940047000,s,1340
6940219000,s,1340
6940282000,s,1340
6940347000,s,1340
6940564000,s,1340
6940730000,s,1340
6940849000,s,1340
6941077000,s,1340
6941123000,s,1340
6941229000,s,1340
6941437000,s,1340
6941490000,s,1340
6941512000,s,1340
6941528000,s,1340
6941607000,s,1340
6941638000,s,1340
6942069000,s,1340
6942253000,s,1340
6942606000,r,1440
6942606000,r,1440
6942791000,s,1340
6942877000,s,1340
6942906000,s,1340
6942937000,s,1340
6943226000,s,1340
6943641000,s,1340
6944173000,s,1340
6944258000,s,1340
6944460000,s,1340
6944548000,s,1340
6944581000,s,1340
6944730000,s,1340
6944828000,s,1340
6944930000,s,1340
6945053000,s,1340
6945151000,s,1340
6945244000,s,1340
6945806000,s,1340
6946193000,s,1340
6946271000,r,1440
6946362000,s,1340
6946586000,s,1340
6946930000,s,1340
6946982000,s,1340
6947175000,s,1340
6947384000,s,1340
6947582000,s,1340
6947960000,s,1340
6948184000,s,1340
6948419000,s,1340
6948640000,s,1340
6948707000,s,1340
6948879000,s,1340
6949049000,s,1340
6949100000,s,1340
6949171000,s,1340
6949364000,s,1340
6949418000,s,1340
6949494000,s,1340
6949604000,s,1340
6949687000,s,1340
6949911000,s,1340
6949970000,s,1340
6950086000,s,1340
6950174000,s,1340
6950268000,s,1340
6952751000,r,1440
6952751000,r,1440
6953173000,s,1340
6955225000,r,1440
6955580000,s,1340
6956559000,r,1440
6958996000,r,1440
6959645000,s,1340
6960929000,s,1340
6962872000,s,1340
6972222000,r,1440
6973320000,r,1440
6973320000,r,1440
6974253000,s,1340
6979496000,r,1440
6979496000,r,1440
6980332000,s,1340
6980484000,s,1340
6980569000,s,1340
6980652000,s,1340
6980770000,s,1340
6980854000,s,1340
6981209000,s,1340
6981296000,s,1340
6981333000,s,1340
6981504000,s,1340
6981552000,s,1340
6981768000,s,1340
6982073000,s,1340
6982114000,s,1340
6982232000,s,1340
6982467000,s,1340
6982594000,s,1340
6982758000,s,1340
6982806000,s,1340
6983036000,s,1340
6983293000,s,1340
6983427000,s,1340
6983596000,s,1340
6983722000,s,1340
6983901000,s,1340
6984011000,s,1340
6984138000,s,1340
6984258000,s,1340
6984394000,s,1340
6984891000,s,1340
6984994000,s,1340
6985089000,s,1340
6985208000,s,1340
6985285000,s,1340
6985357000,s,1340
6985490000,s,1340
6985610000,s,1340
6985698000,s,1340
6985830000,s,1340
6985922000,s,1340
6986004000,s,1340
6986087000,s,1340
6986154000,s,1340
6986259000,s,1340
6986363000,s,1340
6986442000,s,1340
6986632000,s,1340
6986678000,s,1340
6986938000,s,1340
6987052000,s,1340
6987159000,s,1340
6987226000,s,1340
6987235000,r,1440
6987235000,r,1440
6987235000,r,1440
6987235000,r,1440
6987418000,s,1340
6987521000,s,1340
6987563000,s,1340
6987690000,s,1340
6987865000,s,1340
6987944000,s,1340
6987983000,s,1340
6988004000,s,1340
6988025000,s,1340
6988076000,s,1340
6988308000,s,1340
6988383000,s,1340
6988530000,s,1340
6988597000,s,1340
6988724000,s,1340
6988909000,s,1340
6989018000,s,1340
6989068000,s,1340
6989224000,s,1340
6989263000,s,1340
6989367000,s,1340
6989437000,s,1340
6989564000,s,1340
6989701000,s,1340
6989830000,s,1340
6989939000,s,1340
6990035000,s,1340
6990284000,s,1340
6990376000,s,1340
6990443000,s,1340
6990501000,s,1340
6990554000,s,1340
6990687000,s,1340
7000843000,s,1340
7003497000,r,1440
7003497000,r,1440
7003498000,r,1440
7003498000,r,1440
7003498000,r,1440
7003498000,r,1440
7004282000,s,1340
7004336000,s,1340
7004363000,s,1340
7004377000,s,1340
7004471000,s,1340
7004523000,s,1340
7005976000,s,1340
7006028000,s,1340
7006057000,s,1340
7006071000,r,1440
7006071000,r,1440
7006148000,s,1340
7006072000,r,1440
7006072000,r,1440
7006072000,r,1440
7006072000,r,1440
7006072000,r,1440
7006073000,r,1440
7006218000,s,1340
7006264000,s,1340
7006312000,s,1340
7006617000,s,1340
7006866000,s,1340
7007043000,s,1340
7007119000,s,1340
7007143000,s,1340
7007188000,s,1340
7007354000,s,1340
7007388000,s,1340
7007413000,s,1340
7007585000,s,1340
7007658000,s,1340
7007803000,s,1340
7007910000,s,1340
7008397000,s,1340
7008484000,s,1340
7008575000,s,1340
7008871000,s,1340
7008973000,s,1340
7009128000,s,1340
7009189000,r,1440
7009231000,s,1340
7009189000,r,1440
7009189000,r,1440
7009734000,s,1340
7009775000,s,1340
7009802000,s,1340
7009819000,s,1340
7019757000,r,1440
7019757000,r,1440
7019757000,r,1440
7019757000,r,1440
7019757000,r,1440
7019757000,r,1440
7020287000,s,1340
7020678000,s,1340
7020814000,s,1340
7020986000,s,1340
7021172000,s,1340
7021441000,s,1340
7022199000,s,1340
7022353000,s,1340
7022558000,s,1340
7023280000,s,1340
7023358000,r,1440
7023422000,s,1340
7023358000,r,1440
7023359000,r,1440
7023359000,r,1440
7023594000,s,1340
7023711000,s,1340
7023814000,s,1340
7033865000,s,1340
7069707000,s,1340
7081873000,s,1340
7092688000,r,1440
7094287000,r,1440
7104383000,s,1340
7343165000,s,1340
7343305000,s,1340
7360319000,r,1440
7360319000,r,1440
7371898000,s,1340
7402754000,r,1440
7402754000,r,1440
7402755000,r,1440
7402755000,r,1440
7403933000,r,1440
7403933000,r,1440
7404417000,s,1340
7404706000,s,1340
7404732000,r,1440
7404739000,s,1340
7404767000,s,1340
7404790000,s,1340
7405289000,s,1340
7405426000,s,1340
7406648000,r,1440
7414768000,s,1340
7428800000,r,1440
7429644000,r,1440
7429900000,s,1340
7430203000,s,1340
7430449000,r,1440
7430547000,s,1340
7430690000,s,1340
7430787000,s,1340
7431092000,s,1340
7431230000,s,1340
7431364000,s,1340
7431498000,r,1440
7431555000,s,1340
7431848000,s,1340
7431929000,s,1340
7431969000,s,1340
7432094000,s,1340
7432231000,s,1340
7432546000,s,1340
7432620000,s,1340
7432826000,s,1340
7432896000,s,1340
7433010000,s,1340
7433093000,s,1340
7433348000,s,1340
7433415000,s,1340
7433515000,s,1340
7433613000,s,1340
7433889000,s,1340
7434042000,s,1340
7434188000,s,1340
7434431000,s,1340
7434518000,s,1340
7434576000,s,1340
7434641000,s,1340
7434707000,s,1340
7434752000,s,1340
7434988000,s,1340
7435125000,s,1340
7435212000,s,1340
7435646000,s,1340
7435812000,s,1340
7435890000,s,1340
7436650000,s,1340
7436881000,s,1340
7437052000,s,1340
7437220000,s,1340
7437345000,s,1340
7437485000,s,1340
7437847000,s,1340
7437932000,s,1340
7438081000,s,1340
7438154000,s,1340
7438207000,s,1340
7438407000,s,1340
7448819000,s,1340
7449032000,s,1340
7449203000,s,1340
7449467000,s,1340
7449575000,s,1340
7449610000,s,1340
7449633000,s,1340
7449897000,s,1340
7449994000,s,1340
7450381000,s,1340
7450640000,s,1340
7450879000,s,1340
7451168000,s,1340
7451584000,s,1340
7451757000,s,1340
7452018000,s,1340
7452242000,s,1340
7452536000,s,1340
7452651000,s,1340
7452861000,s,1340
7453075000,s,1340
7453301000,s,1340
7453608000,s,1340
7453764000,s,1340
7454008000,s,1340
7454250000,s,1340
7454555000,s,1340
7454703000,s,1340
7454948000,s,1340
7455189000,s,1340
7455401000,s,1340
7455751000,s,1340
7455872000,s,1340
7456080000,s,1340
7456336000,s,1340
7456549000,s,1340
7456802000,s,1340
7457041000,s,1340
7457278000,s,1340
7457516000,s,1340
7457749000,s,1340
7457961000,s,1340
7458245000,s,1340
7458361000,s,1340
7458562000,s,1340
7458773000,s,1340
7458988000,s,1340
7459349000,s,1340
7459666000,s,1340
7459912000,s,1340
7460158000,s,1340
7460397000,s,1340
7460634000,s,1340
7460935000,s,1340
7461176000,s,1340
7461428000,s,1340
7461694000,s,1340
7461936000,s,1340
7462165000,s,1340
7462407000,s,1340
7462656000,s,1340
7462901000,s,1340
7463157000,s,1340
7463420000,s,1340
7463893000,s,1340
7464045000,s,1340
7464184000,s,1340
7464324000,s,1340
7464453000,s,1340
7464586000,s,1340
7464726000,s,1340
7465115000,s,1340
7465390000,s,1340
7465548000,s,1340
7466011000,s,1340
7466184000,s,1340
7466822000,s,1340
7466981000,s,1340
7467124000,s,1340
7467237000,s,1340
7467377000,s,1340
7472326000,s,1340
7477785000,s,1340
7482111000,r,1440
7482111000,r,1440
7483475000,r,1440
7484378000,r,1440
7484397000,s,1340
7487065000,r,1440
7487728000,s,1340
7487963000,r,1440
7488778000,r,1440
7488991000,s,1340
7497461000,r,1440
7497461000,r,1440
7498129000,s,1340
7499318000,r,1440
7499318000,r,1440
7499737000,s,1340
7502462000,r,1440
7502874000,s,1340
7503053000,r,1440
7504439000,r,1440
7930425000,r,1440
7930425000,r,1440
7930426000,r,1440
7930426000,r,1440
7930427000,r,1440
7930427000,r,1440
7930428000,r,1440
7930428000,r,1440
7930901000,r,1440
7930902000,r,1440
7930902000,r,1440
7930903000,r,1440
7931948000,s,1340
7932151000,s,1340
7932258000,s,1340
7932396000,s,1340
7932535000,s,1340
7933533000,r,1440
7933534000,r,1440
7933534000,r,1440
7933534000,r,1440
7933534000,r,1440
7934371000,s,1340
7934527000,s,1340
7943094000,r,1440
7943095000,r,1440
7943276000,s,1340
7945727000,r,1440
7945727000,r,1440
7946671000,s,1340
7953988000,s,1340
8192455000,s,1340
8195985000,s,1340
9492991000,s,1340
9529958000,r,1440
9529958000,r,1440
9529958000,r,1440
9529958000,r,1440
9530523000,s,1340
9530570000,s,1340
9530585000,s,1340
10139465000,r,1440
10139465000,r,1440
10139465000,r,1440
10139465000,r,1440
10139466000,r,1440
10139466000,r,1440
10140394000,s,1340
10140518000,s,1340
10140562000,s,1340
10140598000,s,1340
10140634000,s,1340
10140671000,s,1340
10140713000,s,1340
10140751000,s,1340
10140788000,s,1340
10140849000,s,1340
10141002000,s,1340
10141197000,s,1340
10141249000,s,1340
10141312000,s,1340
10141363000,s,1340
10142555000,s,1340
10142606000,s,1340
10142723000,s,1340
10142859000,s,1340
10142931000,s,1340
10142932000,r,1440
10142990000,s,1340
10142932000,r,1440
10142932000,r,1440
10142932000,r,1440
10142932000,r,1440
10142932000,r,1440
10143058000,s,1340
10143153000,s,1340
10143312000,s,1340
10143355000,s,1340
10143414000,s,1340
10143490000,s,1340
10143537000,s,1340
10143558000,s,1340
10143568000,s,1340
10143578000,s,1340
10143645000,s,1340
10143682000,s,1340
10144050000,s,1340
10144124000,s,1340
10144169000,s,1340
10144923000,r,1440
10144973000,s,1340
10144923000,r,1440
10144924000,r,1440
10144924000,r,1440
10144924000,r,1440
10145042000,s,1340
10145188000,s,1340
10145207000,s,1340
10145220000,s,1340
10145231000,s,1340
10146322000,s,1340
10155688000,s,1340
10156373000,r,1440
10158276000,r,1440
10158276000,r,1440
10158277000,r,1440
10158738000,s,1340
10158817000,s,1340
10160060000,r,1440
10160061000,r,1440
10160061000,r,1440
10160061000,r,1440
10160061000,r,1440
10160061000,r,1440
10160061000,r,1440
10160062000,r,1440
10160175000,r,1440
10160175000,r,1440
10160175000,r,1440
10160192000,r,1440
10160192000,r,1440
10160391000,s,1340
10160690000,s,1340
10160750000,s,1340
10160764000,s,1340
10160774000,s,1340
10160782000,s,1340
10160790000,s,1340
10160799000,s,1340
10160817000,s,1340
10161008000,s,1340
10161975000,r,1440
10162006000,s,1340
10161975000,r,1440
10161975000,r,1440
10162044000,s,1340
10162092000,s,1340
10162209000,s,1340
10162348000,s,1340
10162448000,s,1340
10162480000,s,1340
10162511000,s,1340
10162928000,s,1340
10162977000,r,1440
10163017000,s,1340
10162978000,r,1440
10162978000,r,1440
10162978000,r,1440
10162978000,r,1440
10163068000,s,1340
10163196000,s,1340
10163334000,s,1340
10163403000,s,1340
10163489000,s,1340
10163559000,s,1340
10164344000,s,1340
10164494000,s,1340
10164561000,s,1340
10164692000,s,1340
10164882000,s,1340
10164988000,s,1340
10166030000,s,1340
10166054000,r,1440
10166054000,r,1440
10166112000,s,1340
10166302000,s,1340
10176803000,s,1340
10187275000,r,1440
10187275000,r,1440
10187275000,r,1440
10187275000,r,1440
10187275000,r,1440
10187275000,r,1440
10187276000,r,1440
10187276000,r,1440
10187426000,r,1440
10187426000,r,1440
10187426000,r,1440
10187426000,r,1440
10187426000,r,1440
10187426000,r,1440
10187427000,r,1440
10187427000,r,1440
10187498000,r,1440
10187498000,r,1440
10187498000,r,1440
10187498000,r,1440
10187498000,r,1440
10187499000,r,1440
10187499000,r,1440
10187499000,r,1440
10187541000,r,1440
10187541000,r,1440
10187541000,r,1440
10187542000,r,1440
10187542000,r,1440
10187542000,r,1440
10187542000,r,1440
10187958000,s,1340
10188055000,s,1340
10188134000,s,1340
10188194000,s,1340
10188253000,s,1340
10188307000,s,1340
10188381000,s,1340
10188458000,s,1340
10188532000,s,1340
10188606000,s,1340
10188680000,s,1340
10188759000,s,1340
10188839000,s,1340
10188920000,s,1340
10188999000,s,1340
10189081000,s,1340
10189161000,s,1340
10189236000,s,1340
10189314000,s,1340
10189388000,s,1340
10189462000,s,1340
10189530000,s,1340
10189591000,s,1340
10199118000,s,1340
10200787000,r,1440
10200787000,r,1440
10200787000,r,1440
10200788000,r,1440
10200788000,r,1440
10200788000,r,1440
10200962000,r,1440
10201316000,s,1340
10201364000,s,1340
10201384000,s,1340
10201485000,s,1340
10202205000,r,1440
10202878000,s,1340
10205952000,r,1440
10207224000,r,1440
10207224000,r,1440
10207521000,s,1340
10208739000,r,1440
10208739000,r,1440
10208846000,r,1440
10209323000,s,1340
10209371000,s,1340
10210185000,r,1440
10211087000,r,1440
10211637000,s,1340
10212830000,r,1440
10213660000,s,1340
10214493000,r,1440
10214493000,r,1440
10214494000,r,1440
10215092000,s,1340
10215200000,s,1340
10215221000,s,1340
10215233000,s,1340
10215286000,s,1340
10215962000,r,1440
10216202000,r,1440
10216347000,s,1340
10217734000,r,1440
10217954000,s,1340
10218966000,r,1440
10226039000,s,1340
15099692000,r,1440
15103131000,s,1340
18418688000,s,1340
18457524000,s,1340
18457991000,s,1340
19859723000,r,1440
19863040000,s,1340
20994598000,s,1340
21033050000,s,1340
21033507000,s,1340
23238682000,s,1340
23278398000,s,1340
23278853000,s,1340
24863687000,r,1440
24863688000,r,1440
24863688000,r,1440
24866614000,s,1340
26262036000,s,1340
26302438000,s,1340
26302891000,s,1340
26323592000,r,1440
26323966000,r,1440
26323966000,r,1440
26325901000,s,1340
26326248000,s,1340
26326310000,r,1440
29224643000,s,1340
29262740000,s,1340
29263164000,s,1340