0,s,156
36330000,s,156
37000000,s,156
54859000,r,156
4803890000,s,124
4844027000,s,124
4844435000,s,124
4844525000,s,124
4860393000,s,1340
4860576000,s,1340
4860817000,s,172
4869211000,r,124
4870333000,s,124
4875464000,r,1372
4875465000,r,1372
4875964000,s,1340
4876056000,s,684
4880344000,s,1340
4880394000,s,188
4881566000,s,316
4883209000,s,396
4886531000,r,124
4887593000,r,364
4888219000,s,124
4889377000,s,188
4890312000,s,204
4890694000,s,652
4894646000,r,124
4898152000,r,124
4899332000,r,204
4900998000,r,124
4900998000,r,172
4902804000,s,124
4903146000,s,156
4919507000,r,380
4925031000,s,140
4954892000,r,124
4977961000,r,1340
4977961000,r,1340
4977961000,r,1340
4977962000,r,1340
4977962000,r,1340
4977963000,r,1340
4977963000,r,1340
4977963000,r,1340
4978337000,r,1340
4978338000,r,1244
4979757000,s,124
4979948000,s,124
4980048000,s,124
4980094000,s,124
4980128000,s,124
5014393000,s,124
5015695000,s,460
5016553000,s,364
5020111000,s,140
5021320000,s,140
5022381000,s,140
5034878000,r,124
5034878000,r,124
5034879000,r,124
5035489000,s,124
5038082000,s,1340
5038145000,s,796
5041379000,r,1340
5041380000,r,1340
5041380000,r,620
5041506000,r,1340
5041507000,r,1340
5041507000,r,1340
5041507000,r,1340
5041507000,r,1340
5041507000,r,1340
5041508000,r,1340
5041508000,r,1340
5041578000,r,1340
5041579000,r,1340
5041579000,r,1340
5041935000,s,124
5041982000,s,124
5042045000,s,124
5043018000,s,124
5043070000,s,124
5043179000,r,1340
5043188000,s,124
5043179000,r,1340
5043179000,r,1340
5043179000,r,1340
5043179000,r,1340
5043179000,r,1180
5043377000,s,124
5043869000,s,124
5044183000,s,124
5044506000,s,124
5048651000,r,124
5048651000,r,124
5050189000,r,364
5051057000,s,124
5051291000,s,188
5051865000,s,668
5058845000,r,204
5062857000,r,124
5062857000,r,124
5062858000,r,204
5070444000,r,188
5074876000,r,1340
5074876000,r,1340
5074876000,r,1340
5074876000,r,1340
5074876000,r,1340
5074877000,r,1340
5074877000,r,1340
5074877000,r,1340
5075692000,s,124
5076156000,s,124
5076182000,s,124
5076777000,s,124
5094308000,r,1340
5094309000,r,1340
5094309000,r,1340
5094309000,r,1340
5094309000,r,1340
5094309000,r,1340
5094309000,r,1340
5094309000,r,1340
5094575000,r,1340
5094575000,r,1340
5094575000,r,428
5095559000,s,124
5095687000,s,124
5095730000,s,124
5095755000,s,124
5096096000,s,124
5096286000,s,124
5134853000,r,188
5137332000,s,124
5150056000,s,284
5150676000,r,124
5151783000,s,124
5155222000,s,1340
5155275000,s,652
5163222000,r,364
5165749000,r,1340
5165749000,r,1340
5165749000,r,1340
5165749000,r,1340
5165750000,r,1340
5165750000,r,1340
5165750000,r,1340
5165750000,r,1340
5165894000,r,1340
5165894000,r,1340
5165894000,r,1340
5165895000,r,1340
5165895000,r,1340
5165895000,r,1340
5165895000,r,1340
5165895000,r,1340
5165931000,r,1340
5165931000,r,1340
5165931000,r,1340
5165932000,r,1340
5165932000,r,1340
5165932000,r,1340
5165932000,r,1340
5165932000,r,1340
5165967000,r,1340
5165967000,r,1340
5165967000,r,1340
5165968000,r,1340
5165968000,r,1340
5165968000,r,1340
5165968000,r,1340
5165968000,r,1340
5166020000,r,1340
5166020000,r,1340
5166020000,r,1340
5166668000,s,124
5167494000,s,124
5167619000,r,1340
5167619000,r,1340
5167619000,r,1340
5167619000,r,1340
5167729000,s,124
5167772000,s,124
5167907000,s,124
5168309000,s,124
5168355000,s,124
5168425000,r,124
5168600000,s,124
5168813000,s,124
5169038000,s,124
5169988000,s,124
5170135000,s,124
5170381000,s,124
5170477000,s,124
5170559000,s,1340
5170650000,s,300
5170737000,s,124
5170882000,s,124
5171451000,s,124
5172464000,s,124
5172516000,s,124
5172529000,s,124
5173763000,r,1340
5174126000,s,124
5175226000,r,1340
5175226000,r,1340
5175226000,r,1340
5175226000,r,1340
5175226000,r,1116
5175843000,s,124
5175931000,s,124
5175968000,s,124
5176112000,s,124
5176249000,s,124
5178847000,r,1340
5178847000,r,780
5179226000,s,124
5181718000,r,124
5181718000,r,124
5183418000,s,412
5184537000,s,364
5190715000,s,252
5191511000,s,220
5191822000,s,748
5195793000,r,124
5204201000,r,172
5204201000,r,172
5205123000,s,124
5205427000,s,156
5211013000,r,796
5212754000,s,156
5215510000,s,316
5225423000,r,124
5237665000,r,380
5270337000,r,124
5274684000,r,476
5279430000,s,124
5319915000,s,124
5385129000,r,1340
5385129000,r,1340
5385129000,r,1340
5385129000,r,1340
5385130000,r,1340
5385130000,r,1340
5385431000,r,1340
5385431000,r,1340
5385432000,r,1340
5385432000,r,1340
5385432000,r,1340
5385432000,r,924
5388506000,s,124
5388765000,s,124
5388937000,s,124
5389107000,s,124
5389622000,s,124
5390716000,s,124
5410890000,r,1340
5410890000,r,1340
5410890000,r,1340
5410890000,r,1340
5410891000,r,1340
5410891000,r,1340
5410891000,r,1340
5410891000,r,1340
5411168000,r,1340
5411168000,r,1340
5411168000,r,1340
5411168000,r,1340
5411168000,r,1340
5411169000,r,1340
5411169000,r,1340
5411169000,r,1340
5411237000,r,1340
5411237000,r,1340
5411237000,r,1340
5411237000,r,1340
5411237000,r,1340
5411237000,r,1340
5411238000,r,1340
5411238000,r,1340
5411956000,s,124
5412100000,s,124
5412197000,s,124
5412265000,s,124
5412350000,s,124
5412417000,s,124
5412506000,s,124
5412608000,s,124
5412700000,s,124
5412852000,s,124
5412938000,s,124
5413023000,s,124
5423291000,s,444
5426660000,r,1340
5426660000,r,1340
5426660000,r,1340
5426661000,r,1340
5426661000,r,1340
5426661000,r,1340
5426661000,r,1340
5426661000,r,1340
5426814000,r,1340
5426814000,r,1340
5426814000,r,1340
5426814000,r,1340
5426815000,r,364
5427566000,s,124
5427698000,s,124
5427811000,s,124
5427900000,s,124
5427977000,s,124
5428071000,s,124
5436778000,r,124
5471987000,s,124
5492108000,r,1340
5492109000,r,1340
5492109000,r,1340
5492943000,r,1340
5492944000,r,844
5492944000,r,1340
5492944000,r,1340
5492944000,r,1340
5492944000,r,1340
5493398000,s,124
5493485000,s,124
5493528000,s,124
5493553000,s,124
5493571000,s,124
5493967000,s,124
5494106000,r,1340
5494134000,s,124
5494106000,r,1340
5494107000,r,1340
5494107000,r,252
5494107000,r,1340
5494107000,r,1340
5494108000,r,1340
5494108000,r,1340
5494279000,r,1340
5494279000,r,1340
5494280000,r,508
5494308000,s,124
5494429000,s,124
5494637000,s,124
5494715000,s,124
5494742000,s,124
5494762000,s,124
5494779000,s,124
5495032000,s,124
5495095000,s,124
5495213000,s,124
5495270000,s,124
5495291000,s,124
5496112000,s,124
5627657000,s,1276
5640675000,r,124
5795353000,r,1340
5795354000,r,1340
5795354000,r,1340
5795354000,r,1340
5795354000,r,1340
5795354000,r,1340
5795354000,r,1340
5795355000,r,1340
5795698000,r,1340
5795698000,r,1340
5795698000,r,1340
5795699000,r,940
5795699000,r,1340
5795699000,r,1340
5795699000,r,1340
5795699000,r,1340
5795777000,r,1340
5795777000,r,1340
5795777000,r,1340
5796904000,r,1340
5796911000,s,124
5796904000,r,1340
5796905000,r,1340
5796905000,r,1340
5796905000,r,1340
5797581000,s,124
5797799000,s,124
5797964000,s,124
5799027000,s,124
5799192000,s,124
5799361000,s,124
5799529000,s,124
5799696000,s,124
5799859000,s,124
5800030000,s,124
5800180000,s,124
5804191000,s,124
5804300000,s,124
5804389000,s,124
5804449000,s,124
5804507000,s,124
5804585000,s,124
5804666000,s,124
5804724000,s,124
5804804000,s,124
5804866000,s,124
5804931000,s,124
5805023000,s,124
5811252000,r,1340
5811252000,r,1340
5811252000,r,1340
5811253000,r,1340
5811253000,r,1340
5811253000,r,1340
5811254000,r,1340
5811254000,r,1340
5811506000,r,1340
5811507000,r,1340
5811507000,r,1340
5812709000,s,124
5812801000,s,124
5812847000,s,124
5812874000,s,124
5812899000,s,124
5813080000,r,1340
5813147000,s,124
5813080000,r,1340
5813081000,r,1340
5813081000,r,1340
5813196000,s,124
5813081000,r,1340
5813081000,r,1340
5813082000,r,1340
5813082000,r,1340
5813258000,r,1340
5813259000,r,1340
5813278000,s,124
5813259000,r,1340
5813259000,r,1340
5813260000,r,1340
5813412000,s,124
5813694000,s,124
5813831000,s,124
5813974000,s,124
5814497000,s,124
5814616000,s,124
5814796000,s,124
5815415000,s,124
5815569000,r,1340
5815569000,r,1340
5817673000,r,1340
5817673000,r,1340
5817673000,r,1340
5817674000,r,1340
5817674000,r,1340
5817674000,r,1340
5817675000,r,1340
5817675000,r,1340
5817850000,r,1340
5817851000,r,1340
5817851000,r,1340
5817851000,r,1340
5818870000,r,1340
5818870000,r,1340
5818989000,s,124
5818871000,r,1340
5818871000,r,1340
5818871000,r,1340
5818871000,r,1340
5819274000,s,124
5819399000,s,124
5819512000,s,124
5819624000,s,124
5819729000,s,124
5819813000,s,124
5819896000,s,124
5819971000,s,124
5820146000,r,1340
5820146000,r,1340
5820146000,r,1340
5820146000,r,1340
5821014000,s,124
5821143000,s,124
5821258000,s,124
5821399000,s,124
5821529000,s,124
5821669000,s,124
5821791000,s,124
5821910000,s,124
5822023000,s,124
5822140000,s,124
5822265000,s,124
5822384000,s,124
5822514000,s,124
5822636000,s,124
5822758000,s,124
5822933000,s,124
5823055000,s,124
5823165000,s,124
5823276000,s,124
5823385000,s,124
5823501000,s,124
5823838000,s,124
5823890000,s,124
5826855000,r,1340
5826855000,r,1340
5826855000,r,1340
5826856000,r,1340
5826856000,r,1340
5826856000,r,1340
5826856000,r,1340
5826856000,r,1340
5827297000,s,124
5827410000,s,124
5827464000,s,124
5827487000,s,124
5827498000,s,124
5827513000,s,124
5827523000,s,124
5827531000,s,124
5830440000,r,1340
5830440000,r,1340
5830440000,r,1340
5830441000,r,1340
5830441000,r,1340
5830441000,r,1340
5830441000,r,1340
5830442000,r,1340
5830770000,s,124
5830896000,s,124
5831106000,s,124
5831164000,s,124
5831199000,s,124
5831212000,s,124
5831221000,s,124
5831228000,s,124
5831699000,r,1340
5831699000,r,1340
5831699000,r,1340
5831699000,r,1340
5831699000,r,1340
5832069000,s,124
5832358000,s,124
5832531000,s,124
5832660000,s,124
5832794000,s,124
5834863000,r,1340
5834863000,r,1340
5834864000,r,1340
5834864000,r,1340
5834864000,r,1340
5834864000,r,1340
5834864000,r,1340
5834865000,r,1340
5834992000,r,1340
5834992000,r,1340
5834992000,r,1340
5835422000,s,124
5835705000,s,124
5835774000,s,124
5835807000,s,124
5835825000,s,124
5835840000,s,124
5835857000,s,124
5835879000,s,124
5835894000,s,124
5835908000,s,124
5836115000,s,124
5839076000,r,1340
5839076000,r,1340
5839076000,r,1340
5839076000,r,1340
5839076000,r,1340
5839076000,r,1340
5839076000,r,1340
5839077000,r,1340
5839210000,r,1340
5839210000,r,1340
5839210000,r,1340
5839210000,r,1340
5839211000,r,1340
5839211000,r,1340
5839211000,r,1340
5839211000,r,1340
5839248000,r,1340
5839704000,s,124
5839918000,s,124
5840320000,s,124
5840445000,s,124
5840761000,s,124
5840810000,s,124
5840821000,r,1340
5840829000,s,124
5840839000,s,124
5840848000,s,124
5840821000,r,1340
5840821000,r,1340
5840822000,r,1340
5840822000,r,1340
5840822000,r,1340
5840822000,r,1340
5840822000,r,1340
5840933000,r,1340
5840997000,s,124
5841110000,s,124
5841309000,s,124
5841439000,s,124
5841583000,s,124
5841732000,s,124
5841878000,s,124
5842025000,s,124
5842340000,s,124
5842508000,s,124
5842628000,s,124
5842751000,s,124
5842924000,s,124
5843058000,s,124
5843183000,s,124
5843297000,s,124
5843412000,s,124
5850243000,r,1340
5850243000,r,1340
5850243000,r,1340
5850243000,r,1340
5850243000,r,1340
5850244000,r,1340
5850244000,r,1340
5850244000,r,1340
5850348000,r,1340
5850348000,r,1340
5850348000,r,1340
5850349000,r,1340
5850349000,r,1340
5850349000,r,1340
5850349000,r,1340
5850349000,r,1340
5850383000,r,1340
5850704000,s,124
5850755000,s,124
5850852000,s,124
5850892000,s,124
5850906000,s,124
5850916000,s,124
5851009000,s,124
5851113000,s,124
5851195000,s,124
5851278000,s,124
5851387000,s,124
5851486000,s,124
5851648000,s,124
5851751000,s,124
5851845000,s,124
5851950000,s,124
5852030000,r,1340
5852037000,s,124
5852030000,r,1340
5852030000,r,1340
5852030000,r,1340
5852030000,r,1340
5852030000,r,1340
5852724000,s,124
5852883000,r,1340
5852883000,r,1340
5853157000,s,124
5853176000,r,1340
5853177000,r,1340
5853177000,r,1340
5853249000,s,124
5853401000,s,124
5853476000,s,124
5853665000,s,124
5853782000,s,124
5854103000,s,124
5854274000,s,124
5854298000,s,124
5854524000,s,124
5854725000,r,1340
5854725000,r,1340
5854725000,r,1340
5854725000,r,1340
5854726000,r,1340
5854726000,r,1340
5854726000,r,1340
5854726000,r,1340
5854790000,r,1340
5855021000,s,124
5855058000,s,124
5855072000,s,124
5855081000,s,124
5855089000,s,124
5855101000,s,124
5855119000,s,124
5855128000,s,124
5855137000,s,124
5857166000,r,1340
5857167000,r,1340
5857167000,r,1340
5857167000,r,1340
5857167000,r,1340
5857167000,r,1340
5857167000,r,1340
5857167000,r,1340
5857310000,r,1340
5857953000,s,124
5858406000,s,124
5858443000,s,124
5858465000,s,124
5858486000,s,124
5858695000,s,124
5859099000,s,124
5859124000,r,1340
5859124000,r,1340
5859125000,r,1340
5859125000,r,1340
5859125000,r,1340
5859126000,r,1340
5859273000,s,124
5859126000,r,1340
5859477000,s,124
5859942000,s,124
5859986000,s,124
5860273000,s,124
5860392000,s,124
5860615000,s,124
5860730000,s,124
5860864000,s,124
5864842000,r,1340
5864842000,r,1340
5864842000,r,1340
5864842000,r,1340
5865385000,s,124
5865432000,s,124
5865449000,s,124
5865459000,s,124
5866547000,r,1340
5866547000,r,1340
5866548000,r,1340
5866548000,r,1340
5866548000,r,1340
5866548000,r,1340
5866810000,s,124
5866870000,r,1340
5866870000,r,1340
5866870000,r,1340
5867131000,s,124
5867219000,s,124
5867275000,s,124
5867519000,s,124
5867700000,s,124
5867830000,s,124
5867931000,s,124
5868007000,s,124
5868530000,r,1340
5868530000,r,1340
5868530000,r,1340
5868530000,r,1340
5868530000,r,1340
5868531000,r,1340
5868531000,r,1340
5868531000,r,1340
5868613000,r,1340
5868613000,r,1340
5868613000,r,1340
5868614000,r,1340
5868614000,r,1340
5868614000,r,1340
5869016000,s,124
5869210000,s,124
5869281000,s,124
5869370000,s,124
5869493000,s,124
5869725000,s,124
5869786000,r,1340
5869786000,r,1340
5869871000,s,124
5869945000,s,124
5870033000,s,124
5870060000,s,124
5870262000,s,124
5870309000,s,124
5870329000,s,124
5870344000,s,124
5870357000,s,124
5870370000,s,124
5874154000,r,1340
5874154000,r,1340
5874154000,r,1340
5874154000,r,1340
5874155000,r,1340
5874155000,r,1340
5874155000,r,1340
5874155000,r,1340
5874227000,r,1340
5874227000,r,1340
5874228000,r,1340
5874228000,r,1340
5874611000,s,124
5874618000,r,1340
5874618000,r,1340
5874618000,r,1340
5874618000,r,1340
5874618000,r,1340
5874618000,r,1340
5874808000,s,124
5874869000,s,124
5874883000,s,124
5874893000,s,124
5874904000,s,124
5874913000,s,124
5874921000,s,124
5874929000,s,124
5874937000,s,124
5874955000,s,124
5874964000,s,124
5874980000,s,124
5874995000,s,124
5875008000,s,124
5875020000,s,124
5875028000,s,124
5875036000,s,124
5876615000,r,1340
5876616000,r,1340
5876616000,r,1340
5876616000,r,1340
5876616000,r,1340
5876616000,r,1340
5876876000,s,124
5876910000,s,124
5876987000,s,124
5877010000,s,124
5877022000,s,124
5877032000,s,124
5878099000,r,1340
5878100000,r,1340
5878100000,r,1340
5878100000,r,1340
5878670000,s,124
5878790000,s,124
5878953000,s,124
5879047000,s,124
5882322000,r,1340
5882322000,r,1340
5882322000,r,1340
5882322000,r,1340
5882322000,r,1340
5882322000,r,1340
5882323000,r,1340
5882323000,r,1340
5882394000,r,1340
5882984000,s,124
5883347000,s,124
5883435000,r,1340
5883435000,r,1340
5883435000,r,1340
5883435000,r,1340
5883435000,r,1340
5883435000,r,1340
5883471000,s,124
5883436000,r,1340
5883436000,r,1340
5883491000,r,1340
5883550000,s,124
5883618000,s,124
5883693000,s,124
5883771000,s,124
5883850000,s,124
5883859000,r,1340
5883859000,r,1340
5883859000,r,1340
5883859000,r,1340
5883859000,r,1340
5883860000,r,1340
5884046000,s,124
5884090000,s,124
5884122000,s,124
5884237000,s,124
5884304000,s,124
5884603000,s,124
5884778000,s,124
5885205000,s,124
5885232000,s,124
5885249000,s,124
5885268000,s,124
5885564000,s,124
5885627000,r,1340
5885627000,r,1340
5885682000,s,124
5885627000,r,1340
5885628000,r,1340
5885628000,r,1340
5885758000,s,124
5885847000,s,124
5885936000,s,124
5886028000,s,124
5886108000,s,124
5886385000,s,124
5886492000,s,124
5886584000,s,124
5890137000,r,1340
5890137000,r,1340
5890706000,s,124
5890930000,s,124
5891568000,r,1340
5891568000,r,1340
5891569000,r,1340
5891569000,r,1340
5891569000,r,1340
5891569000,r,1340
5891569000,r,1340
5891569000,r,1340
5891632000,r,1340
5892262000,s,124
5892306000,s,124
5892330000,s,124
5892671000,s,124
5892788000,s,124
5892879000,s,124
5892964000,s,124
5893118000,s,124
5893217000,s,124
5893527000,r,1340
5893527000,r,1340
5893527000,r,1340
5893528000,r,1340
5893528000,r,1340
5893528000,r,1340
5893528000,r,1340
5893528000,r,1340
5893630000,r,1340
5893869000,s,124
5893977000,s,124
5894074000,s,124
5894141000,s,124
5895025000,s,124
5895052000,s,124
5895067000,s,124
5895076000,s,124
5895084000,s,124
5896449000,r,1340
5896449000,r,1340
5896449000,r,1340
5896449000,r,1340
5896449000,r,1340
5896449000,r,1340
5896449000,r,1340
5896450000,r,1340
5896554000,r,1340
5896555000,r,1340
5896555000,r,1340
5896555000,r,1340
5896555000,r,1340
5896555000,r,1340
5896555000,r,1340
5896555000,r,1340
5896595000,r,1340
5896595000,r,1340
5896595000,r,1340
5897270000,s,124
5897317000,s,124
5897340000,s,124
5897352000,s,124
5897362000,s,124
5897372000,s,124
5897381000,s,124
5897391000,s,124
5897487000,s,124
5897521000,s,124
5897539000,s,124
5897758000,s,124
5897871000,s,124
5897984000,s,124
5898083000,s,124
5898185000,s,124
5898282000,s,124
5898370000,s,124
5898465000,s,124
5900451000,r,1340
5900451000,r,1340
5900451000,r,1340
5900451000,r,1340
5900452000,r,1340
5900452000,r,1340
5900452000,r,1340
5900960000,s,124
5901436000,s,124
5901522000,s,124
5901590000,s,124
5901679000,s,124
5901742000,s,124
5901837000,s,124
5902862000,r,1340
5902862000,r,1340
5902862000,r,1340
5902862000,r,1340
5902863000,r,1340
5902863000,r,1340
5903542000,s,124
5903724000,s,124
5903762000,s,124
5903782000,s,124
5903797000,s,124
5903897000,r,1340
5903897000,r,1340
5903897000,r,1340
5903898000,r,1340
5903898000,r,1340
5903898000,r,1340
5904179000,s,124
5904584000,s,124
5904957000,s,124
5905010000,r,1340
5905010000,r,1340
5905065000,s,124
5905010000,r,1340
5905141000,s,124
5905227000,s,124
5905312000,s,124
5905521000,s,124
5905711000,s,124
5905818000,s,124
5910855000,r,1340
5910855000,r,1340
5910856000,r,1340
5910856000,r,1340
5910856000,r,1340
5910856000,r,1340
5910856000,r,1340
5910856000,r,1340
5910958000,r,1340
5910958000,r,1340
5910958000,r,1340
5910958000,r,1340
5910958000,r,1340
5910958000,r,1340
5910958000,r,1340
5910958000,r,1340
5910993000,r,1340
5910993000,r,1340
5911594000,r,1340
5911594000,r,1340
5911594000,r,1340
5911594000,r,1340
5911594000,r,1340
5911594000,r,1340
5911594000,r,1340
5911595000,r,1340
5911626000,s,124
5911652000,r,1340
5911653000,r,1340
5911738000,s,124
5911950000,s,124
5912093000,s,124
5912107000,r,1340
5912107000,r,1340
5912108000,r,1340
5912194000,s,124
5912302000,s,124
5912396000,s,124
5912574000,s,124
5912675000,s,124
5912776000,s,124
5912888000,s,124
5913004000,s,124
5913328000,s,124
5913439000,s,124
5913533000,r,1340
5913533000,r,1340
5913533000,r,1340
5913533000,r,1340
5913533000,r,1340
5913533000,r,1340
5913533000,r,1340
5913533000,r,1340
5913770000,s,124
5913865000,s,124
5913962000,s,124
5914439000,s,124
5914483000,s,124
5914503000,s,124
5915762000,r,1340
5915763000,r,1340
5915763000,r,1340
5915763000,r,1340
5915763000,r,1340
5915763000,r,1340
5916766000,s,124
5917513000,s,124
5920474000,r,1340
5920474000,r,1340
5920474000,r,1340
5920474000,r,1340
5920474000,r,1340
5920475000,r,1340
5920475000,r,1340
5921789000,r,1340
5921789000,r,1340
5921790000,r,1340
5922014000,s,124
5922393000,s,124
5923283000,s,124
5923500000,s,124
5924503000,r,1340
5924504000,r,1340
5924504000,r,1340
5924504000,r,1340
5924504000,r,1340
5924505000,r,1340
5925388000,s,124
5926324000,s,124
5927128000,r,1340
5927128000,r,1340
5927129000,r,1340
5927243000,s,124
5928155000,s,124
5928519000,s,124
5930242000,r,1340
5930242000,r,1340
5930242000,r,1340
5930242000,r,1340
5930242000,r,1340
5930242000,r,1340
5930242000,r,1340
5930243000,r,1340
5930375000,r,1340
5930375000,r,1340
5930375000,r,1340
5930375000,r,1340
5930375000,r,1340
5930376000,r,1340
5930376000,r,1340
5930516000,r,1340
5930516000,r,1340
5930516000,r,1340
5930517000,r,1340
5930517000,r,1340
5930517000,r,1340
5930848000,r,1340
5930848000,r,1340
5930848000,r,1340
5930848000,r,1340
5930848000,r,1340
5930848000,r,1340
5931349000,r,1340
5931349000,r,1340
5931349000,r,1340
5932215000,s,124
5933047000,s,124
5933522000,s,124
5933542000,r,1340
5933542000,r,1340
5933542000,r,1340
5933542000,r,1340
5933542000,r,1340
5933543000,r,1340
5933543000,r,1340
5933543000,r,1340
5933607000,r,1340
5933649000,s,124
5933836000,s,124
5934844000,r,1340
5934844000,r,1340
5934844000,r,1340
5934844000,r,1340
5934844000,r,1340
5934965000,s,124
5936131000,s,124
5936282000,s,124
5937066000,s,124
5937278000,s,124
5937553000,r,1340
5937553000,r,1340
5937554000,r,1340
5937554000,r,1340
5937938000,s,124
5938511000,s,124
5939635000,r,1340
5939635000,r,1340
5939636000,r,1340
5939636000,r,1340
5939636000,r,1340
5939636000,r,1340
5939636000,r,1340
5939636000,r,1340
5940208000,s,124
5940365000,s,124
5941267000,r,1340
5941268000,r,1340
5941268000,r,1340
5941268000,r,1340
5941623000,s,124
5941859000,s,124
5943421000,s,124
5948718000,r,1340
5948718000,r,1340
5948719000,r,1340
5948719000,r,1340
5948719000,r,1340
5948719000,r,1340
5948719000,r,1340
5948719000,r,1340
5949827000,r,1340
5949827000,r,1340
5949827000,r,1340
5950200000,s,124
5950253000,s,124
5950857000,r,1340
5950857000,r,1340
5950857000,r,1340
5950857000,r,1340
5950857000,r,1340
5950858000,r,1340
5950858000,r,1340
5950858000,r,1340
5950960000,r,1340
5950960000,r,1340
5950960000,r,1340
5950960000,r,1340
5950960000,r,1340
5952142000,r,1340
5952142000,r,1340
5952142000,r,1340
5952142000,r,1340
5952142000,r,1340
5952142000,r,1340
5952142000,r,1340
5952142000,r,1340
5952277000,s,124
5953553000,s,124
5953672000,s,124
5953777000,s,124
5953879000,s,124
5953992000,s,124
5954103000,s,124
5954217000,s,124
5954325000,s,124
5954437000,s,124
5954545000,s,124
5954590000,r,1340
5954591000,r,1340
5954657000,s,124
5955667000,s,124
5956132000,r,1340
5956132000,r,1340
5956132000,r,1340
5956132000,r,1340
5956132000,r,1340
5956133000,r,1340
5956133000,r,1340
5956133000,r,1340
5956192000,r,1340
5956192000,r,1340
5956192000,r,1340
5956192000,r,1340
5956193000,r,1340
5956193000,r,1340
5956193000,r,1340
5957188000,s,124
5957404000,s,124
5957620000,s,124
5957759000,s,124
5957922000,s,124
5958076000,s,124
5958751000,r,1340
5958751000,r,1340
5958751000,r,1340
5958751000,r,1340
5958751000,r,1340
5958751000,r,1340
5958751000,r,1340
5958752000,r,1340
5958810000,r,1340
5958810000,r,1340
5958811000,r,1340
5958811000,r,1340
5958811000,r,1340
5960190000,r,1340
5960190000,r,1340
5960190000,r,1340
5960190000,r,1340
5960190000,r,1340
5960191000,r,1340
5960508000,s,124
5960748000,s,124
5961146000,s,124
5961365000,s,124
5961496000,s,124
5966890000,r,1340
5966890000,r,1340
5966890000,r,1340
5968128000,s,124
5970838000,r,1340
5970838000,r,1340
5970838000,r,1340
5970838000,r,1340
5971472000,s,124
5971506000,r,1340
5971506000,r,1340
5971506000,r,1340
5971506000,r,1340
5971506000,r,1340
5971506000,r,1340
5971507000,r,1340
5971507000,r,1340
5971557000,r,1340
5971557000,r,1340
5971557000,r,1340
5971557000,r,1340
5971558000,r,1340
5971558000,r,1340
5971558000,r,1340
5971558000,r,1340
5971595000,r,1340
5971595000,r,1340
5971793000,s,124
5972163000,r,1340
5972163000,r,1340
5972163000,r,1340
5972163000,r,1340
5972163000,r,1340
5972163000,r,1340
5972810000,s,124
5972947000,s,124
5973140000,s,124
5973380000,s,124
5973512000,s,124
5973689000,s,124
5973897000,s,124
5974419000,s,124
5974841000,r,1340
5974841000,r,1340
5974842000,r,1340
5974842000,r,1340
5974842000,r,1340
5975425000,s,124
5975601000,s,124
5975940000,r,1340
5975940000,r,1340
5975940000,r,1340
5975940000,r,1340
5975940000,r,1340
5975941000,r,1340
5975941000,r,1340
5975941000,r,1340
5976048000,r,1340
5976049000,r,1340
5976049000,r,1340
5976049000,r,1340
5977160000,r,1340
5977160000,r,1340
5977160000,r,1340
5977161000,r,1340
5977161000,r,1340
5977161000,r,1340
5977161000,r,1340
5977161000,r,1340
5977234000,r,1340
5977454000,s,124
5977529000,s,124
5977583000,s,124
5978355000,r,1340
5978355000,r,1340
5978355000,r,1340
5978355000,r,1340
5978355000,r,1340
5978355000,r,1340
5978576000,s,124
5979420000,s,124
5979593000,s,124
5980201000,s,124
5982875000,r,1340
5982875000,r,1340
5982876000,r,1340
5982876000,r,1340
5982876000,r,1340
5982876000,r,1340
5982876000,r,1340
5982876000,r,1340
5983798000,s,124
5984697000,s,124
5984849000,s,124
5984985000,s,124
5986973000,r,1340
5986973000,r,1340
5986973000,r,1340
5986973000,r,1340
5986973000,r,1340
5986974000,r,1340
5986974000,r,1340
5986974000,r,1340
5987032000,r,1340
5987032000,r,1340
5988195000,s,124
5988379000,s,124
5988510000,s,124
5988574000,r,1340
5988574000,r,1340
5988574000,r,1340
5988575000,r,1340
5988575000,r,1340
5988575000,r,1340
5988575000,r,476
5988846000,s,124
5989748000,s,124
5989913000,s,124
5990039000,s,124
5990171000,s,124
6216417000,s,508
6228743000,r,124
6262160000,r,1196
6263745000,s,124
6298309000,s,140
6298795000,s,140
6299331000,s,140
6312063000,s,268
6325616000,r,476
6325782000,r,1340
6325782000,r,1340
6325783000,r,1340
6326700000,s,124
6326848000,r,1340
6326849000,r,1340
6326849000,r,1340
6326884000,s,124
6326948000,s,124
6327164000,s,124
6327544000,s,124
6327612000,s,124
6327638000,s,124
6327679000,r,1340
6327680000,r,1340
6327680000,r,1340
6327680000,r,1340
6327680000,r,1340
6327680000,r,796
6328870000,s,124
6328931000,s,124
6329235000,s,124
6329342000,s,124
6329411000,s,124
6329471000,s,124
6336651000,s,140
6337693000,s,140
6338673000,s,140
6341337000,r,204
6346454000,s,604
6346709000,r,188
6353378000,s,124
6354812000,s,124
6356244000,s,124
6361652000,r,172
6362905000,s,140
6377997000,r,892
6377997000,r,204
6380498000,r,140
6381151000,s,140
6384757000,s,1340
6384861000,s,844
6388595000,s,572
6390485000,r,204
6398883000,r,236
6399701000,s,268
6400957000,r,236
6402845000,r,140
6402845000,r,380
6403197000,s,140
6404434000,r,236
6406729000,s,124
6416926000,r,124
6417644000,s,124
6417860000,s,204
6421685000,s,1340
6421716000,s,620
6422295000,s,236
6423243000,s,652
6426938000,r,940
6431985000,r,124
6431985000,r,124
6437570000,r,140
6437570000,r,1340
6437570000,r,1340
6437570000,r,780
6437570000,r,220
6437571000,r,204
6438511000,s,124
6438608000,s,124
6438657000,s,124
6439949000,r,140
6439949000,r,172
6446028000,s,140
6447545000,s,140
6449685000,s,188
6450158000,s,172
6450781000,s,204
6452030000,s,588
6456603000,r,204
6459374000,s,124
6462691000,r,412
6462691000,r,412
6462691000,r,172
6462691000,r,156
6462865000,r,1340
6462866000,r,1340
6463445000,s,124
6463831000,s,156
6465167000,r,1340
6465167000,r,1340
6465167000,r,1340
6465168000,r,1340
6465168000,r,140
6465881000,s,124
6465959000,s,124
6466255000,s,140
6467239000,r,140
6467838000,s,1340
6468036000,s,780
6471196000,s,124
6474885000,r,124
6475738000,s,124
6477008000,s,1340
6477169000,s,700
6477202000,r,1340
6477202000,r,1340
6477202000,r,1340
6477203000,r,1340
6477203000,r,1340
6477203000,r,1340
6477203000,r,1340
6477203000,r,1340
6477288000,r,1340
6477288000,r,1340
6477288000,r,1340
6477288000,r,1340
6477288000,r,1340
6477288000,r,1340
6477289000,r,1340
6477289000,r,1340
6477336000,r,1340
6477336000,r,1340
6477336000,r,1340
6477336000,r,1340
6477950000,s,124
6478117000,s,124
6478248000,s,124
6478375000,s,124
6478511000,s,124
6478652000,s,124
6478765000,s,124
6479019000,s,124
6479154000,s,124
6479276000,s,124
6486854000,r,140
6486854000,r,140
6486854000,r,380
6487957000,s,140
6489703000,s,204
6490796000,s,236
6490879000,r,1340
6490879000,r,1340
6490879000,r,1340
6490879000,r,1340
6490880000,r,1340
6490880000,r,1340
6490880000,r,1340
6490880000,r,1340
6491029000,r,1340
6491029000,r,1340
6491029000,r,1340
6491030000,r,1340
6491030000,r,1340
6491030000,r,1340
6491030000,r,1340
6491772000,s,796
6491865000,s,124
6492071000,s,124
6492454000,s,124
6492541000,r,1340
6492753000,s,124
6493106000,s,124
6493327000,s,124
6493569000,s,124
6493784000,s,124
6494098000,r,1340
6494099000,r,1340
6494099000,r,1340
6494099000,r,1340
6494100000,r,1340
6494100000,r,1340
6494101000,r,1340
6494101000,r,1340
6494245000,r,1340
6494245000,r,1340
6494246000,r,1340
6494246000,r,540
6494246000,r,124
6495111000,s,124
6495456000,s,124
6495575000,s,124
6495701000,s,124
6495791000,s,124
6495860000,s,124
6497306000,r,1340
6497306000,r,1340
6497306000,r,1340
6497306000,r,1340
6497306000,r,1340
6497307000,r,1116
6499052000,s,124
6499224000,s,124
6500262000,s,124
6500677000,s,124
6501198000,s,124
6501757000,s,124
6510508000,r,140
6510511000,r,220
6510511000,r,204
6512373000,r,140
6512373000,r,172
6513130000,s,252
6513250000,s,140
6513763000,s,172
6513954000,s,220
6514817000,s,1100
6526355000,r,172
6526355000,r,172
6527736000,s,124
6528430000,s,156
6538857000,r,684
6538857000,r,140
6546908000,r,1340
6546908000,r,1340
6548724000,s,140
6548880000,r,1340
6548880000,r,1340
6548880000,r,1340
6548881000,r,1340
6548881000,r,1340
6548881000,r,1340
6550514000,s,140
6550876000,r,1340
6550955000,s,140
6550876000,r,1340
6551432000,s,140
6551743000,r,1340
6551743000,r,1340
6551743000,r,1340
6551744000,r,1340
6552556000,s,140
6553054000,s,140
6553556000,s,140
6569430000,r,1340
6569430000,r,1340
6569430000,r,1340
6569430000,r,1340
6569431000,r,1340
6569431000,r,1340
6569691000,r,1340
6569691000,r,1340
6571045000,s,140
6571429000,r,1340
6571477000,s,140
6571429000,r,1340
6571738000,s,140
6572148000,s,140
6572512000,s,140
6572770000,r,1340
6572771000,r,428
6572771000,r,172
6572771000,r,1340
6572771000,r,1340
6573744000,s,140
6573973000,s,140
6575256000,r,1340
6575256000,r,1340
6575256000,r,1340
6575257000,r,1340
6576482000,s,140
6576507000,r,1340
6576507000,r,1340
6576855000,s,140
6577239000,s,140
6578104000,r,1340
6578104000,r,1340
6579081000,s,140
6582025000,r,1340
6582025000,r,1340
6582583000,s,140
6583254000,s,124
6585225000,r,1340
6585225000,r,1340
6585226000,r,124
6585226000,r,1340
6585226000,r,1340
6585226000,r,1340
6586384000,s,140
6588047000,s,140
6589349000,r,1340
6589955000,r,1340
6589956000,r,1340
6589956000,r,1340
6590484000,s,140
6591133000,s,140
6592097000,r,1340
6592098000,r,1340
6592703000,s,140
6594867000,r,1340
6594867000,r,1340
6594868000,r,1340
6594868000,r,1340
6595470000,s,140
6595539000,s,140
6596373000,r,1340
6596373000,r,1340
6596373000,r,1340
6596373000,r,1340
6596373000,r,1340
6596373000,r,1340
6596832000,s,140
6597246000,r,1340
6597246000,r,476
6597331000,s,140
6597475000,s,140
6597734000,s,140
6615814000,s,140
6639463000,s,140
7396541000,s,268
7436925000,s,268
7437363000,s,268
7511095000,r,140
7537179000,r,1340
7537180000,r,1340
7537180000,r,1340
7537181000,r,1340
7537181000,r,1340
7537182000,r,1340
7537182000,r,1340
7537183000,r,1340
7537657000,r,1340
7539882000,s,140
7541062000,s,140
7541380000,s,140
7541600000,s,140
7541799000,r,1340
7541866000,s,140
7541799000,r,1340
7541800000,r,1340
7541800000,r,1340
7541801000,r,1340
7541801000,r,1340
7541801000,r,1340
7542087000,s,140
7541802000,r,1340
7542156000,r,1340
7542157000,r,1340
7542157000,r,1340
7542158000,r,1340
7542158000,r,1340
7542159000,r,1340
7542159000,r,460
7542355000,s,140
7542615000,s,140
7542937000,s,140
7543449000,s,140
7543677000,s,140
7544326000,s,140
7544609000,s,140
7544885000,s,140
7545080000,s,140
7545279000,s,140
7545497000,s,140
7545707000,s,140
7545892000,s,140
7546086000,s,140
7546314000,s,140
7546670000,s,140
7547176000,s,140
7547396000,s,140
7554979000,r,1340
7554980000,r,1340
7554980000,r,1340
7554981000,r,1340
7554981000,r,1340
7554982000,r,1340
7557956000,s,140
7558195000,r,1340
7558196000,r,1340
7558196000,r,1340
7558197000,r,1340
7558197000,r,1340
7558197000,r,1340
7558198000,r,1340
7558198000,r,1340
7558536000,r,1340
7558536000,r,1340
7558537000,r,1340
7558537000,r,1340
7558538000,r,1340
7558538000,r,1340
7558539000,r,1340
7558539000,r,1340
7558684000,r,1340
7558684000,r,1340
7558685000,r,1340
7558685000,r,1340
7558686000,r,1340
7558686000,r,1340
7558687000,r,1340
7558687000,r,1340
7558896000,r,1340
7558897000,r,1340
7558897000,r,1340
7558897000,r,1340
7558898000,r,1340
7558898000,r,1340
7558899000,r,1340
7558899000,r,1340
7559049000,r,1340
7559049000,r,1340
7559050000,r,1340
7559050000,r,1340
7559990000,r,1340
7562121000,s,140
7562198000,r,1340
7562198000,r,1340
7562199000,r,1340
7562199000,r,1340
7562200000,r,1340
7562200000,r,1340
7562201000,r,1340
7562201000,r,1340
7562588000,s,140
7564644000,s,140
7564711000,r,1340
7564711000,r,1340
7564712000,r,1340
7564712000,r,1340
7564713000,r,1340
7564713000,r,1340
7564991000,s,140
7565280000,s,140
7565562000,s,140
7566677000,s,140
7566907000,r,1340
7566954000,s,140
7566907000,r,1340
7566908000,r,1340
7567182000,s,140
7567344000,s,140
7567557000,s,140
7567814000,s,140
7568063000,s,140
7568524000,s,140
7568825000,s,140
7569143000,s,140
7569442000,s,140
7570310000,s,140
7570651000,s,140
7570902000,r,1340
7570903000,r,1340
7570903000,r,1340
7571046000,s,140
7571346000,s,140
7571631000,s,140
7571904000,s,140
7572170000,s,140
7572381000,r,1340
7572419000,s,140
7572382000,r,1340
7572382000,r,1340
7572383000,r,1340
7572383000,r,1340
7572384000,r,204
7572696000,s,140
7572989000,s,140
7573299000,s,140
7573844000,s,140
7574156000,s,140
7574435000,s,140
7574731000,s,140
7575171000,s,140
7575457000,s,140
7575728000,s,140
7575984000,s,140
7576272000,s,140
7576528000,s,140
7576816000,s,140
7577101000,s,140
7577362000,s,140
7577577000,s,140
7577861000,s,140
7578138000,s,140
7580309000,r,1340
7580309000,r,1340
7580601000,s,140
7580931000,s,140
7581491000,s,140
7581514000,r,1340
7581515000,r,1340
7581515000,r,1340
7582909000,r,1340
7582986000,s,140
7582909000,r,1340
7582910000,r,1340
7582910000,r,1340
7582911000,r,1340
7582911000,r,1340
7582912000,r,1340
7583616000,s,140
7584360000,s,140
7584506000,r,1340
7584506000,r,1340
7584507000,r,1340
7586142000,s,140
7587390000,r,1340
7587391000,r,1340
7587391000,r,1340
7587392000,r,1340
7587392000,r,1340
7587393000,r,1340
7587393000,r,1340
7587394000,r,1340
7587693000,r,252
7588127000,s,140
7588623000,s,140
7588831000,s,140
7589240000,s,140
7590237000,s,140
7590536000,s,140
7590815000,s,140
7591204000,s,140
7591474000,s,140
7591743000,s,140
7592010000,s,140
7592300000,s,140
7592569000,s,140
7592813000,s,140
7593027000,s,140
7593230000,s,140
7593417000,s,140
7593816000,s,140
7594012000,s,140
7594209000,s,140
7594405000,s,140
7594586000,s,140
7594769000,s,140
7595025000,s,140
7595227000,s,140
7595424000,s,140
7596308000,s,140
7596850000,s,140
7597408000,s,140
7597626000,s,140
7597803000,s,140
7597980000,s,140
7598195000,s,140
7598405000,s,140
7598596000,s,140
7598987000,s,140
7599200000,s,140
7599406000,s,140
7599620000,s,140
7599832000,s,140
7600044000,s,140
7643026000,r,1340
7643027000,r,1340
7643381000,r,1340
7643381000,r,1340
7643382000,r,1340
7643382000,r,1340
7643383000,r,1244
7643383000,r,1340
7643384000,r,1340
7643384000,r,1340
7645065000,s,124
7645857000,s,124
7646173000,s,124
7646444000,s,124
7646794000,s,124
7647034000,s,124
7648440000,s,124
7650101000,s,124
7650414000,s,124
7650611000,s,124
7658193000,r,1340
7658194000,r,1340
7658194000,r,1340
7658195000,r,1340
7658195000,r,1340
7658196000,r,1340
7658196000,r,1340
7658197000,r,1340
7658644000,r,1340
7658644000,r,1340
7658645000,r,1340
7658645000,r,1340
7660093000,s,124
7660983000,s,124
7661380000,s,124
7661673000,s,124
7662023000,r,1340
7662023000,r,1340
7662024000,r,1340
7662024000,r,1340
7662025000,r,1340
7662025000,r,1340
7662026000,r,1340
7662026000,r,1340
7662396000,s,124
7663364000,s,124
7663746000,s,124
7664039000,s,124
7664454000,s,124
7665488000,s,124
7666125000,s,124
7666787000,s,124
7668672000,s,124
7670076000,s,124
7671315000,s,124
7671587000,s,124
7671811000,s,124
7672051000,s,124
7672286000,s,124
7672520000,s,124
7673392000,r,1340
7673393000,r,1340
7673393000,r,1340
7673394000,r,1340
7673394000,r,1340
7673395000,r,1340
7673395000,r,1340
7673396000,r,1340
7673795000,r,1340
7673796000,r,1340
7676641000,s,124
7677747000,s,124
7678114000,s,124
7678405000,s,124
7678879000,r,1340
7678880000,r,1340
7678880000,r,1340
7678881000,r,1340
7678881000,r,1340
7678881000,r,1340
7678882000,r,1340
7678882000,r,1340
7679040000,r,1340
7679041000,r,1340
7679041000,r,1340
7679042000,r,1340
7679145000,s,124
7679466000,s,124
7679778000,s,124
7680352000,s,124
7680996000,r,1340
7680996000,r,1340
7680997000,r,1340
7680997000,r,1340
7680998000,r,1340
7680998000,r,1340
7682738000,s,124
7682888000,r,1340
7682888000,r,1340
7682889000,r,1340
7683053000,r,1340
7683064000,r,1340
7683065000,r,988
7684401000,s,124
7685246000,s,124
7685844000,s,124
7686152000,s,124
7686426000,s,124
7686685000,s,124
7687253000,s,124
7687548000,s,124
7687787000,s,124
7688051000,s,124
7688281000,s,124
7688471000,s,124
7688673000,s,124
7688863000,s,124
7689068000,s,124
7689440000,s,124
7689652000,s,124
7689865000,s,124
7690061000,s,124
7690266000,s,124
7690467000,s,124
7690615000,s,124
7690812000,s,124
7691136000,s,124
7691289000,s,124
10399427000,r,140
10399427000,r,124
10399428000,r,124
10403987000,s,124
10404407000,s,124
11626999000,r,172
11626999000,r,140
11627000000,r,124
11627000000,r,124
11632051000,s,124
11632447000,s,124
11633322000,s,124
11647063000,r,124
16495086000,r,172
16495087000,r,156
16495087000,r,124
16495088000,r,124
16500674000,s,124
16501136000,s,124
16501338000,s,124
16502560000,s,124
16531061000,r,172
16531062000,r,156
16533469000,s,124
16534546000,s,124
16551413000,r,124
17770382000,r,156
17770382000,r,140
17770383000,r,124
17770383000,r,124
17774244000,s,124
17774632000,s,124
17774812000,s,124
17775528000,s,124
17787002000,r,124
21663668000,r,172
21663669000,r,156
21663669000,r,140
21663670000,r,140
21667900000,s,140
21668296000,s,140
21668505000,s,156
21669440000,s,140
21690927000,r,140
22639343000,r,172
22639345000,r,156
22644247000,s,140
22645728000,s,140
22651323000,r,156
22653201000,s,156
22666950000,r,140
28162723000,s,156
28206119000,s,156
28206549000,s,156
28226964000,r,156