0,s,156
12044000,r,156
1644325000,s,124
1692951000,s,124
1693759000,s,124
1693874000,s,124
1715378000,r,124
1716692000,s,124
1721758000,s,1340
1721817000,s,684
1723743000,s,1340
1723903000,s,1340
1724618000,s,172
1734150000,r,124
1737881000,r,364
1737881000,r,1372
1739385000,s,124
1741049000,s,188
1742013000,r,1372
1742272000,s,204
1742677000,s,652
1750862000,s,1340
1751072000,s,188
1752044000,r,204
1752044000,r,124
1752044000,r,172
1752244000,s,316
1752519000,s,396
1753167000,s,124
1753572000,s,156
1765863000,r,124
1765863000,r,124
1788647000,r,252
1788647000,r,252
1800389000,s,140
1804833000,r,124
1830440000,s,140
1900838000,r,1340
1900838000,r,1340
1900839000,r,1340
1900839000,r,1340
1900840000,r,1340
1900840000,r,1340
1900841000,r,1340
1900841000,r,1340
1901323000,r,1340
1901323000,r,1244
1904035000,s,124
1904413000,s,124
1905068000,s,124
1905656000,s,124
1906819000,s,124
1930044000,s,460
1930128000,s,364
1940688000,r,124
1940688000,r,124
1941123000,s,124
1946286000,r,1340
1946286000,r,1340
1946286000,r,620
1947476000,s,124
1947929000,r,1340
1947929000,r,1340
1947929000,r,1340
1947929000,r,1340
1947929000,r,1340
1947929000,r,1340
1947929000,r,1340
1947929000,r,1340
1948018000,r,1340
1948018000,r,1340
1948448000,s,140
1949206000,s,124
1949252000,s,124
1949301000,s,124
1949310000,s,124
1949317000,s,124
1949325000,s,140
1949400000,r,1340
1949400000,r,1340
1949400000,r,1340
1949400000,r,508
1949400000,r,1340
1949400000,r,1340
1949400000,r,1340
1951255000,s,140
1951936000,r,124
1952723000,s,124
1952914000,s,124
1953102000,s,124
1953434000,s,124
1953843000,s,124
1958053000,s,1340
1958094000,s,732
1958295000,r,796
1970338000,r,124
1970338000,r,124
1970338000,r,364
1971031000,s,124
1972578000,s,188
1973550000,s,668
2002679000,s,124
2003125000,r,124
2003125000,r,124
2003125000,r,204
2003956000,r,188
2006657000,s,284
2006807000,r,1340
2007372000,s,124
2007511000,r,1340
2007512000,r,1340
2007512000,r,1340
2008047000,s,124
2011467000,r,1340
2011467000,r,1340
2011468000,r,1340
2011468000,r,1340
2011468000,r,1340
2012512000,s,124
2012702000,s,124
2012893000,s,124
2017128000,r,204
2019465000,r,1340
2019465000,r,1340
2019465000,r,1340
2020319000,s,124
2020916000,r,1340
2020916000,r,1340
2020916000,r,1340
2020917000,r,1340
2020917000,r,1340
2021548000,s,124
2021648000,s,124
2021708000,s,124
2022385000,r,1340
2022385000,r,428
2022385000,r,364
2023525000,s,124
2023577000,s,124
2026194000,r,1340
2026194000,r,1340
2026195000,r,1340
2026195000,r,1340
2026195000,r,1340
2026195000,r,1340
2026195000,r,1340
2026196000,r,1340
2026406000,r,1340
2026407000,r,1340
2026407000,r,1340
2026407000,r,1340
2026407000,r,1340
2026407000,r,1340
2026408000,r,1340
2026408000,r,1340
2026470000,r,1340
2026470000,r,1340
2026471000,r,1340
2026471000,r,1340
2026471000,r,1340
2026471000,r,1340
2026471000,r,1340
2026472000,r,1340
2026534000,r,1340
2026534000,r,1340
2026534000,r,1340
2026534000,r,1340
2026534000,r,1340
2026614000,r,1340
2026614000,r,1340
2026614000,r,1340
2026615000,r,1340
2026615000,r,1340
2026615000,r,1340
2028462000,r,1340
2028462000,r,1340
2028521000,s,124
2028462000,r,1340
2028462000,r,1340
2028463000,r,1340
2028595000,s,124
2028632000,s,124
2028655000,s,124
2028677000,s,124
2028696000,s,124
2028910000,s,124
2028935000,s,124
2028947000,s,124
2028962000,s,124
2029148000,s,124
2029210000,s,124
2029316000,s,124
2029500000,s,124
2029608000,s,124
2029667000,s,124
2029681000,s,124
2029774000,s,124
2029967000,s,124
2029998000,s,124
2030013000,s,124
2030336000,s,124
2030364000,s,124
2030489000,s,124
2030547000,s,124
2030740000,r,188
2030792000,s,124
2030846000,s,124
2030864000,s,124
2030877000,s,124
2030888000,s,124
2030899000,s,124
2030909000,s,124
2030920000,s,124
2030932000,s,124
2030971000,s,124
2030983000,s,124
2030994000,s,124
2031005000,s,124
2031016000,s,124
2031027000,s,124
2034450000,s,124
2035676000,r,748
2036241000,s,124
2046986000,r,124
2047817000,s,124
2048460000,s,1340
2048510000,s,620
2061153000,r,124
2064520000,s,1340
2064596000,s,284
2068506000,r,1340
2068506000,r,1340
2068507000,r,1340
2068507000,r,1340
2068507000,r,1340
2068507000,r,1116
2069113000,s,124
2069449000,s,124
2069575000,s,124
2069650000,s,124
2069741000,s,124
2069800000,s,124
2070774000,s,252
2071131000,s,220
2071568000,s,748
2075103000,r,124
2075103000,r,124
2076983000,s,412
2077130000,s,364
2086109000,r,172
2086109000,r,172
2087025000,s,124
2087898000,r,124
2088151000,s,156
2090597000,r,796
2094105000,s,156
2098419000,s,316
2105893000,r,124
2143369000,r,380
2151554000,r,124
2187265000,s,124
2256215000,r,1340
2256215000,r,1340
2256215000,r,1340
2256215000,r,1340
2256215000,r,1340
2256215000,r,1340
2256216000,r,1340
2256216000,r,1340
2256487000,r,1340
2256488000,r,1340
2256488000,r,1340
2256488000,r,924
2258080000,s,124
2258184000,s,124
2258230000,s,124
2258251000,s,124
2258626000,s,124
2258984000,s,124
2269957000,r,1340
2270976000,r,1340
2270976000,r,1340
2270976000,r,1340
2270976000,r,1340
2270977000,r,1340
2270977000,r,1340
2271718000,s,124
2271853000,s,124
2271919000,s,124
2273391000,r,1340
2273391000,r,1340
2273391000,r,1340
2273392000,r,1340
2273392000,r,1340
2273392000,r,1340
2273392000,r,1340
2273392000,r,1340
2273548000,r,1340
2273549000,r,1340
2273549000,r,1340
2273549000,r,1340
2273549000,r,1340
2273549000,r,1340
2273549000,r,1340
2273550000,r,1340
2273604000,r,1340
2274597000,s,124
2274772000,s,124
2274859000,s,124
2275275000,s,124
2275369000,s,124
2275448000,s,124
2275517000,s,124
2275584000,s,124
2275643000,s,124
2284909000,s,444
2287748000,r,476
2289267000,s,124
2298412000,r,1340
2298412000,r,1340
2298413000,r,1340
2298413000,r,1340
2298413000,r,1340
2298413000,r,1340
2298413000,r,1340
2298413000,r,1340
2298635000,r,1340
2298635000,r,1340
2298635000,r,1340
2298635000,r,1340
2298635000,r,364
2298635000,r,124
2299588000,s,124
2299850000,s,124
2300121000,s,124
2300502000,s,124
2300871000,s,124
2301184000,s,124
2343527000,s,124
2350362000,r,1340
2350362000,r,1340
2350362000,r,1340
2350362000,r,1340
2350363000,r,1340
2350363000,r,1340
2350363000,r,1340
2350363000,r,1340
2350628000,r,1340
2350628000,r,1340
2350628000,r,1340
2350628000,r,940
2350629000,r,1340
2350629000,r,1340
2350629000,r,1340
2350629000,r,1340
2350685000,r,1340
2350685000,r,1340
2350685000,r,508
2351427000,s,124
2351519000,s,124
2351557000,s,124
2351573000,s,124
2351586000,s,124
2351598000,s,124
2351611000,s,124
2351623000,s,124
2351635000,s,124
2351980000,s,124
2352520000,s,124
2352760000,s,124
2353277000,s,124
2353557000,s,124
2353961000,s,124
2354831000,s,124
2354956000,s,124
2355618000,s,124
2355728000,s,124
2451196000,s,1276
2464194000,r,124
2611112000,r,1340
2611112000,r,1340
2611113000,r,1340
2612641000,s,124
2612728000,s,124
2612746000,s,124
2613299000,r,1340
2613299000,r,1340
2613299000,r,1340
2613299000,r,1340
2613299000,r,1340
2613299000,r,1340
2613300000,r,1340
2613300000,r,1340
2613516000,r,940
2613516000,r,1340
2613517000,r,1340
2613517000,r,1340
2613517000,r,1340
2613517000,r,1340
2613518000,r,1340
2613518000,r,1340
2613601000,r,1340
2613602000,r,1340
2613602000,r,1340
2614015000,s,124
2614066000,s,124
2614591000,s,124
2614793000,s,124
2615501000,s,124
2615740000,s,124
2615929000,s,124
2616098000,s,124
2616270000,s,124
2616442000,s,124
2616604000,s,124
2616767000,s,124
2616931000,s,124
2617102000,s,124
2617287000,s,124
2617462000,s,124
2617634000,s,124
2617818000,s,124
2617981000,s,124
2628296000,r,1340
2628296000,r,1340
2628296000,r,1340
2628296000,r,1340
2628296000,r,1340
2628297000,r,1340
2628297000,r,1340
2628297000,r,1340
2628525000,r,1340
2628525000,r,1340
2628526000,r,1340
2628526000,r,1340
2628526000,r,1340
2628526000,r,1340
2629668000,s,124
2629675000,r,1340
2629675000,r,1340
2629675000,r,1340
2629675000,r,1340
2629675000,r,1340
2629676000,r,1340
2629676000,r,1340
2629676000,r,1340
2629809000,r,1340
2629809000,r,1340
2629810000,r,1340
2629810000,r,1340
2629810000,r,1340
2629810000,r,1340
2629811000,r,1340
2629811000,r,1340
2629911000,s,124
2630090000,s,124
2630264000,s,124
2630771000,r,1340
2630771000,r,1340
2630771000,r,1340
2630772000,r,1340
2630772000,r,1340
2630772000,r,1340
2630772000,r,1340
2630772000,r,1340
2630961000,r,1340
2630962000,r,1340
2630962000,r,1340
2630962000,r,1340
2630962000,r,1340
2630963000,r,1340
2631378000,s,124
2631564000,s,124
2631726000,s,124
2631880000,s,124
2632054000,s,124
2632219000,s,124
2632382000,s,124
2632509000,s,124
2632636000,s,124
2632782000,s,124
2633019000,s,124
2633162000,s,124
2633262000,s,124
2633378000,s,124
2633484000,s,124
2633602000,s,124
2633717000,s,124
2633837000,s,124
2633959000,s,124
2634078000,s,124
2634198000,s,124
2634371000,s,124
2634504000,s,124
2634642000,s,124
2634760000,s,124
2634945000,s,124
2635093000,s,124
2635211000,s,124
2635333000,s,124
2635492000,s,124
2635639000,s,124
2635801000,s,124
2635932000,s,124
2636088000,s,124
2636243000,s,124
2636387000,s,124
2636561000,s,124
2636726000,s,124
2636888000,s,124
2637030000,s,124
2641957000,r,1340
2641957000,r,1340
2641957000,r,1340
2643880000,r,1340
2643880000,r,1340
2643880000,r,1340
2643881000,r,1340
2643881000,r,1340
2643881000,r,1340
2643881000,r,1340
2643881000,r,1340
2644005000,r,1340
2644146000,r,1340
2644146000,r,1340
2645116000,s,124
2645196000,s,124
2645214000,s,124
2645987000,s,124
2646827000,r,1340
2646827000,r,1340
2646827000,r,1340
2646827000,r,1340
2646827000,r,1340
2646828000,r,1340
2646828000,r,1340
2646828000,r,1340
2646958000,r,1340
2646958000,r,1340
2646958000,r,1340
2646958000,r,1340
2646958000,r,1340
2647696000,s,124
2647883000,s,124
2648049000,s,124
2648314000,s,124
2648888000,r,1340
2648889000,r,1340
2648889000,r,1340
2648889000,r,1340
2648889000,r,1340
2648890000,r,1340
2648890000,r,1340
2648890000,r,1340
2648997000,r,1340
2648997000,r,1340
2648997000,r,1340
2648998000,r,1340
2648998000,r,1340
2648998000,r,1340
2649239000,s,124
2649322000,s,124
2649359000,s,124
2649619000,s,124
2649825000,s,124
2650049000,s,124
2650365000,r,1340
2650395000,s,124
2650365000,r,1340
2650365000,r,1340
2650365000,r,1340
2650366000,r,1340
2650366000,r,1340
2650573000,s,124
2650773000,s,124
2651338000,s,124
2651374000,s,124
2651573000,s,124
2651717000,s,124
2652042000,s,124
2652147000,s,124
2652647000,s,124
2652815000,s,124
2652940000,s,124
2652979000,s,124
2652996000,s,124
2653374000,s,124
2653567000,s,124
2653697000,s,124
2653938000,s,124
2655107000,s,124
2655348000,s,124
2655515000,s,124
2655687000,s,124
2655973000,s,124
2656069000,s,124
2656374000,s,124
2656439000,s,124
2656747000,s,124
2656962000,s,124
2657157000,s,124
2657452000,s,124
2657598000,s,124
2657929000,s,124
2658084000,s,124
2660103000,r,1340
2660103000,r,1340
2660104000,r,1340
2660104000,r,1340
2660104000,r,1340
2660104000,r,1340
2660104000,r,1340
2660104000,r,1340
2660611000,r,1340
2660777000,s,124
2661203000,s,124
2661292000,r,1340
2661329000,s,124
2661293000,r,1340
2661293000,r,1340
2661424000,s,124
2661482000,s,124
2661578000,s,124
2661664000,s,124
2661762000,s,124
2661871000,s,124
2661964000,s,124
2662038000,r,1340
2662061000,s,124
2662038000,r,1340
2662038000,r,1340
2662171000,s,124
2662750000,s,124
2662915000,s,124
2663182000,r,1340
2663182000,r,1340
2663270000,s,124
2663607000,s,124
2663725000,s,124
2665258000,r,1340
2665258000,r,1340
2665258000,r,1340
2665259000,r,1340
2665259000,r,1340
2665259000,r,1340
2665259000,r,1340
2665899000,s,124
2665967000,s,124
2665985000,s,124
2666008000,s,124
2666022000,s,124
2666151000,s,124
2666197000,s,124
2667660000,r,1340
2667660000,r,1340
2667661000,r,1340
2667661000,r,1340
2667661000,r,1340
2667661000,r,1340
2667661000,r,1340
2667662000,r,1340
2667781000,r,1340
2667782000,r,1340
2667782000,r,1340
2667782000,r,1340
2667782000,r,1340
2667782000,r,1340
2667896000,s,124
2668508000,s,124
2668549000,s,124
2668572000,s,124
2668586000,s,124
2668598000,s,124
2668612000,s,124
2668629000,s,124
2668642000,s,124
2668654000,s,124
2668666000,s,124
2668678000,s,124
2669004000,s,124
2669034000,s,124
2670359000,r,1340
2670359000,r,1340
2670359000,r,1340
2670359000,r,1340
2670359000,r,1340
2670359000,r,1340
2671032000,s,124
2671345000,r,1340
2671345000,r,1340
2671346000,r,1340
2671380000,s,124
2671346000,r,1340
2671500000,s,124
2671593000,s,124
2671669000,s,124
2671733000,s,124
2671870000,s,124
2672273000,s,124
2672336000,s,124
2672389000,s,124
2673693000,r,1340
2673693000,r,1340
2673693000,r,1340
2673693000,r,1340
2673693000,r,1340
2673694000,r,1340
2673694000,r,1340
2673694000,r,1340
2673815000,r,1340
2674220000,s,124
2674280000,s,124
2674297000,s,124
2674350000,s,124
2674366000,s,124
2674398000,s,124
2674412000,s,124
2674426000,s,124
2674438000,s,124
2675265000,r,1340
2675265000,r,1340
2675265000,r,1340
2675266000,r,1340
2675266000,r,1340
2675266000,r,1340
2675771000,s,124
2675843000,s,124
2676107000,s,124
2676240000,s,124
2676342000,s,124
2676433000,s,124
2676634000,r,1340
2676635000,r,1340
2676635000,r,1340
2676635000,r,1340
2677150000,s,124
2677203000,s,124
2677228000,s,124
2677251000,s,124
2681363000,r,1340
2681364000,r,1340
2681364000,r,1340
2681364000,r,1340
2681364000,r,1340
2681364000,r,1340
2681364000,r,1340
2681365000,r,1340
2681516000,r,1340
2681517000,r,1340
2681517000,r,1340
2681517000,r,1340
2681517000,r,1340
2681517000,r,1340
2681517000,r,1340
2681518000,r,1340
2681572000,r,1340
2681572000,r,1340
2681573000,r,1340
2682174000,s,124
2682367000,s,124
2682459000,s,124
2682638000,s,124
2682778000,s,124
2682917000,s,124
2682973000,s,124
2683002000,s,124
2683022000,s,124
2683036000,s,124
2683113000,s,124
2683296000,s,124
2683791000,s,124
2683971000,s,124
2684190000,s,124
2684309000,s,124
2684531000,s,124
2684654000,s,124
2684770000,s,124
2693138000,r,1340
2693138000,r,1340
2693139000,r,1340
2693139000,r,1340
2693139000,r,1340
2693139000,r,1340
2693139000,r,1340
2693139000,r,1340
2693311000,r,1340
2693311000,r,1340
2693311000,r,1340
2693311000,r,1340
2693311000,r,1340
2693311000,r,1340
2693311000,r,1340
2693312000,r,1340
2693348000,r,1340
2693349000,r,1340
2693349000,r,1340
2693349000,r,1340
2693349000,r,1340
2693349000,r,1340
2693349000,r,1340
2693349000,r,1340
2693385000,r,1340
2693385000,r,1340
2693385000,r,1340
2693385000,r,1340
2693385000,r,1340
2693385000,r,1340
2693386000,r,1340
2693386000,r,1340
2693838000,s,124
2693898000,s,124
2693927000,s,124
2693946000,s,124
2693956000,s,124
2694269000,s,124
2694469000,s,124
2694592000,s,124
2694723000,s,124
2694824000,s,124
2694943000,s,124
2695061000,s,124
2695141000,s,124
2695227000,s,124
2695342000,s,124
2695738000,s,124
2695807000,s,124
2696140000,s,124
2696263000,s,124
2696608000,s,124
2696825000,s,124
2696914000,s,124
2696940000,s,124
2697165000,s,124
2697264000,s,124
2697326000,r,1340
2697348000,s,124
2697448000,s,124
2697726000,s,124
2697832000,s,124
2698011000,s,124
2698117000,s,124
2698225000,s,124
2698337000,r,1340
2698337000,r,1340
2698337000,r,1340
2698337000,r,1340
2698337000,r,1340
2698337000,r,1340
2698337000,r,1340
2698431000,s,124
2698338000,r,1340
2698452000,r,1340
2698452000,r,1340
2698452000,r,1340
2698453000,r,1340
2698768000,s,124
2699047000,s,124
2699187000,s,124
2699313000,s,124
2699419000,s,124
2699569000,s,124
2699801000,s,124
2700171000,s,124
2700357000,s,124
2700515000,r,1340
2700564000,s,124
2700516000,r,1340
2700516000,r,1340
2700516000,r,1340
2700516000,r,1340
2700516000,r,1340
2700516000,r,1340
2700517000,r,1340
2700662000,s,124
2700966000,s,124
2701326000,s,124
2701466000,s,124
2701571000,s,124
2701693000,s,124
2701804000,s,124
2702171000,s,124
2702289000,s,124
2702439000,s,124
2706313000,r,1340
2706313000,r,1340
2706313000,r,1340
2706314000,r,1340
2706684000,s,124
2706794000,s,124
2706896000,s,124
2706997000,s,124
2707740000,r,1340
2707741000,r,1340
2707741000,r,1340
2707741000,r,1340
2707741000,r,1340
2707741000,r,1340
2707741000,r,1340
2707741000,r,1340
2707801000,r,1340
2707801000,r,1340
2707801000,r,1340
2707801000,r,1340
2707802000,r,1340
2707802000,r,1340
2708170000,s,124
2708329000,s,124
2708460000,s,124
2708576000,s,124
2708748000,s,124
2708796000,s,124
2708815000,s,124
2708825000,s,124
2708835000,s,124
2708844000,s,124
2708853000,s,124
2708862000,s,124
2708876000,s,124
2708886000,s,124
2710322000,r,1340
2710323000,r,1340
2710735000,r,1340
2710735000,r,1340
2710736000,r,1340
2710736000,r,1340
2710766000,s,124
2710736000,r,1340
2710736000,r,1340
2710736000,r,1340
2710736000,r,1340
2710794000,r,1340
2710794000,r,1340
2710794000,r,1340
2710794000,r,1340
2710809000,s,124
2711003000,s,124
2711067000,s,124
2711196000,s,124
2711406000,s,124
2711510000,s,124
2711601000,s,124
2711681000,s,124
2711761000,s,124
2711839000,s,124
2711896000,s,124
2711979000,s,124
2712060000,s,124
2712870000,r,1340
2712870000,r,1340
2712870000,r,1340
2712870000,r,1340
2712870000,r,1340
2712870000,r,1340
2712870000,r,1340
2712871000,r,1340
2713834000,r,1340
2713834000,r,1340
2713835000,r,1340
2713979000,s,124
2714020000,s,124
2714041000,s,124
2714051000,s,124
2714061000,s,124
2714070000,s,124
2714078000,s,124
2714253000,s,124
2714439000,s,124
2714490000,s,124
2714714000,s,124
2716470000,r,1340
2716471000,r,1340
2716471000,r,1340
2716471000,r,1340
2716471000,r,1340
2716471000,r,1340
2716471000,r,1340
2716471000,r,1340
2716547000,r,1340
2716547000,r,1340
2716547000,r,1340
2716547000,r,1340
2716873000,s,124
2717130000,s,124
2717160000,s,124
2717250000,s,124
2717393000,s,124
2717571000,s,124
2717698000,s,124
2717806000,s,124
2717895000,s,124
2717993000,s,124
2718106000,s,124
2718215000,s,124
2718322000,r,1340
2718322000,r,1340
2718724000,s,124
2718842000,s,124
2721697000,r,1340
2721697000,r,1340
2721697000,r,1340
2721697000,r,1340
2721697000,r,1340
2722268000,s,124
2722327000,r,1340
2722327000,r,1340
2722327000,r,1340
2722422000,s,124
2722517000,s,124
2722600000,s,124
2722715000,s,124
2722807000,s,124
2722893000,s,124
2722988000,s,124
2723684000,r,1340
2723684000,r,1340
2723684000,r,1340
2723684000,r,1340
2723684000,r,1340
2723684000,r,1340
2723684000,r,1340
2723685000,r,1340
2723769000,r,1340
2723769000,r,1340
2723769000,r,1340
2723769000,r,1340
2723769000,r,1340
2723769000,r,1340
2723770000,r,1340
2724209000,s,124
2724387000,s,124
2724485000,s,124
2724596000,s,124
2724628000,s,124
2724746000,s,124
2724960000,s,124
2724985000,s,124
2725190000,s,124
2725250000,r,1340
2725295000,s,124
2725323000,s,124
2725250000,r,1340
2725251000,r,1340
2725251000,r,1340
2725251000,r,1340
2725251000,r,1340
2725251000,r,1340
2725251000,r,1340
2725390000,r,1340
2725445000,s,124
2725485000,s,124
2725684000,s,124
2725903000,s,124
2725987000,s,124
2726038000,r,1340
2726038000,r,1340
2726091000,s,124
2726264000,s,124
2726466000,s,124
2726558000,s,124
2726649000,s,124
2726744000,s,124
2726842000,s,124
2726934000,s,124
2727035000,s,124
2727300000,r,1340
2727300000,r,1340
2727300000,r,1340
2727652000,s,124
2727759000,s,124
2728907000,r,1340
2728907000,r,1340
2728908000,r,1340
2728908000,r,1340
2730013000,s,124
2730333000,r,1340
2730333000,r,1340
2730333000,r,1340
2730333000,r,1340
2730334000,r,1340
2730334000,r,1340
2730334000,r,1340
2730334000,r,1340
2731097000,s,124
2731324000,s,124
2731453000,s,124
2731569000,s,124
2733242000,r,1340
2733242000,r,1340
2733243000,r,1340
2733243000,r,1340
2733243000,r,1340
2733243000,r,1340
2733243000,r,1340
2733244000,r,1340
2733311000,r,1340
2733956000,s,124
2734003000,s,124
2734334000,r,1340
2734334000,r,1340
2735072000,s,124
2736414000,r,1340
2736415000,r,1340
2736415000,r,1340
2736415000,r,1340
2736415000,r,1340
2736415000,r,1340
2736416000,r,1340
2737304000,s,124
2737581000,s,124
2740221000,r,1340
2740222000,r,1340
2740222000,r,1340
2740222000,r,1340
2740222000,r,1340
2740222000,r,1340
2740222000,r,1340
2740223000,r,1340
2740318000,r,1340
2740318000,r,1340
2740318000,r,1340
2740319000,r,1340
2740319000,r,1340
2740685000,s,124
2740996000,s,124
2741036000,r,1340
2741036000,r,1340
2741036000,r,1340
2741036000,r,1340
2741037000,r,1340
2741037000,r,1340
2741037000,r,1340
2741037000,r,1340
2741099000,r,1340
2741099000,r,1340
2741099000,r,1340
2741099000,r,1340
2741100000,r,1340
2741100000,r,1340
2741100000,r,1340
2741369000,s,124
2741591000,s,124
2741851000,s,124
2742079000,s,124
2742344000,s,124
2743284000,r,1340
2743284000,r,1340
2743285000,r,1340
2743285000,r,1340
2743285000,r,1340
2743285000,r,1340
2743285000,r,1340
2743600000,s,124
2743770000,s,124
2745675000,r,1340
2745675000,r,1340
2745675000,r,1340
2745675000,r,1340
2745675000,r,1340
2745676000,r,1340
2745676000,r,1340
2745676000,r,1340
2745748000,r,1340
2746671000,s,124
2746785000,s,124
2747128000,s,124
2747845000,r,1340
2747845000,r,1340
2747845000,r,1340
2747845000,r,1340
2747845000,r,1340
2747846000,r,1340
2747846000,r,1340
2747846000,r,1340
2747959000,r,1340
2747959000,r,1340
2747959000,r,1340
2748581000,s,124
2748872000,s,124
2749297000,s,124
2749403000,s,124
2749849000,s,124
2750329000,r,1340
2750329000,r,1340
2750329000,r,1340
2750330000,r,1340
2750896000,s,124
2751316000,s,124
2754338000,r,1340
2754339000,r,1340
2754339000,r,1340
2754339000,r,1340
2754339000,r,1340
2754339000,r,1340
2754339000,r,1340
2754339000,r,1340
2754479000,r,1340
2754947000,s,124
2755006000,s,124
2756301000,r,1340
2756301000,r,1340
2756302000,r,1340
2756302000,r,1340
2756302000,r,1340
2756302000,r,1340
2756302000,r,1340
2756303000,r,1340
2756423000,r,1340
2756424000,r,1340
2756424000,r,1340
2756424000,r,1340
2756424000,r,1340
2756424000,r,1340
2757392000,s,124
2758329000,r,1340
2758329000,r,1340
2758329000,r,1340
2758329000,r,1340
2758329000,r,1340
2758329000,r,1340
2758329000,r,1340
2758330000,r,1340
2758407000,r,1340
2758408000,r,1340
2758408000,r,1340
2758408000,r,1340
2758408000,r,1340
2758408000,r,1340
2758897000,s,124
2759088000,s,124
2759205000,s,124
2759301000,s,124
2759530000,s,124
2760214000,r,1340
2760214000,r,1340
2760214000,r,1340
2760215000,r,1340
2760215000,r,1340
2760718000,r,1340
2760718000,r,1340
2760718000,r,1340
2760718000,r,1340
2760718000,r,1340
2760718000,r,1340
2760718000,r,1340
2760718000,r,1340
2760786000,r,1340
2761418000,s,124
2761646000,s,124
2761875000,s,124
2761970000,s,124
2762320000,r,1340
2762320000,r,1340
2762321000,r,1340
2762384000,s,124
2762507000,s,124
2762762000,s,124
2764025000,r,1340
2764025000,r,1340
2764025000,r,1340
2764025000,r,1340
2764025000,r,1340
2764025000,r,1340
2764025000,r,1340
2764026000,r,1340
2764418000,s,124
2765044000,s,124
2767908000,r,1340
2767908000,r,1340
2767908000,r,1340
2767908000,r,1340
2767908000,r,1340
2768576000,s,124
2768998000,s,124
2769078000,r,1340
2769078000,r,1340
2769078000,r,1340
2769078000,r,1340
2769078000,r,1340
2769605000,s,124
2769850000,s,124
2770067000,s,124
2770152000,r,1340
2770152000,r,1340
2770152000,r,1340
2770868000,s,124
2771830000,r,1340
2771830000,r,1340
2771830000,r,1340
2771830000,r,1340
2771831000,r,1340
2771831000,r,1340
2771831000,r,1340
2771831000,r,1340
2771898000,r,1340
2771898000,r,1340
2771898000,r,1340
2771898000,r,1340
2772092000,r,1340
2772092000,r,1340
2772093000,r,1340
2772256000,s,124
2772946000,s,124
2773259000,s,124
2774335000,r,1340
2774335000,r,1340
2774335000,r,1340
2774335000,r,1340
2774336000,r,1340
2774336000,r,1340
2774336000,r,1340
2774336000,r,1340
2774458000,r,1340
2774458000,r,1340
2774458000,r,1340
2774459000,r,1340
2774459000,r,1340
2774459000,r,1340
2774459000,r,1340
2774459000,r,1340
2774501000,r,1340
2774501000,r,1340
2775271000,s,124
2775398000,s,124
2775509000,s,124
2775685000,s,124
2775890000,s,124
2776017000,s,124
2776121000,s,124
2776574000,r,1340
2776574000,r,1340
2776574000,r,1340
2776574000,r,1340
2776575000,r,1340
2776577000,r,1340
2776577000,r,1340
2776578000,r,1340
2776710000,r,1340
2776711000,r,1340
2776711000,r,1340
2777497000,s,124
2777670000,r,1340
2777670000,r,1340
2777670000,r,1340
2777670000,r,1340
2777670000,r,1340
2777671000,r,1340
2777671000,r,1340
2777671000,r,1340
2777740000,r,1340
2778522000,s,124
2778760000,s,124
2779359000,s,124
2779486000,s,124
2780367000,s,124
2780497000,s,124
2780617000,s,124
2782337000,r,1340
2782337000,r,1340
2782337000,r,1340
2782338000,r,1340
2783409000,s,124
2783889000,s,124
2784575000,r,1340
2784575000,r,1340
2784575000,r,1340
2784575000,r,1340
2784575000,r,1340
2784576000,r,1340
2784576000,r,1340
2784576000,r,1340
2785319000,s,124
2786092000,s,124
2786262000,s,124
2786932000,s,124
2788633000,r,1340
2788633000,r,1340
2788633000,r,1340
2788634000,r,1340
2788634000,r,1340
2788634000,r,1340
2788634000,r,1340
2788634000,r,1340
2788729000,r,1340
2788729000,r,1340
2788730000,r,1340
2788730000,r,1340
2788730000,r,1340
2788730000,r,1340
2788730000,r,1340
2788730000,r,1340
2788776000,r,1340
2788776000,r,1340
2788776000,r,1340
2788777000,r,1340
2788777000,r,1340
2788777000,r,1340
2788777000,r,1340
2788777000,r,1340
2788830000,r,1340
2788831000,r,1340
2788831000,r,1340
2791952000,s,124
2792094000,s,124
2792212000,s,124
2792332000,s,124
2792461000,s,124
2792595000,s,124
2792713000,s,124
2792838000,s,124
2792937000,s,124
2793118000,s,124
2793219000,s,124
2793318000,s,124
2794074000,r,1340
2794074000,r,1340
2794074000,r,1340
2794074000,r,1340
2794074000,r,1340
2794074000,r,1340
2794074000,r,1340
2794074000,r,636
2795975000,s,124
2796112000,s,124
2796233000,s,124
2796308000,s,124
3013899000,s,508
3034342000,r,124
3067316000,r,1196
3068046000,s,124
3115854000,s,140
3116887000,s,140
3118816000,s,140
3138539000,s,268
3151823000,r,1340
3151824000,r,1340
3152486000,r,1340
3152487000,r,1340
3152487000,r,1340
3152786000,s,124
3152839000,s,124
3153604000,s,124
3153666000,s,124
3153680000,s,124
3153839000,r,1340
3153839000,r,1340
3153839000,r,1340
3153840000,r,1340
3153840000,r,1340
3153840000,r,1244
3153840000,r,1276
3155018000,s,124
3155082000,s,124
3155102000,s,124
3155115000,s,124
3155128000,s,124
3155222000,s,124
3155400000,s,124
3160635000,r,204
3164791000,s,140
3165669000,s,140
3166805000,s,140
3176037000,s,604
3177898000,r,188
3177986000,s,124
3179050000,s,124
3180650000,s,124
3188410000,r,172
3199771000,s,140
3202286000,r,204
3202286000,r,204
3205618000,r,236
3206400000,s,268
3209771000,r,892
3216073000,s,572
3218339000,r,140
3218971000,s,140
3221691000,s,1340
3221766000,s,844
3233137000,r,204
3237786000,s,124
3239006000,r,140
3239006000,r,380
3240437000,s,140
3242721000,s,204
3243651000,s,236
3245034000,s,652
3250358000,r,124
3251511000,s,124
3254126000,r,924
3254798000,s,1340
3254966000,s,668
3262133000,r,140
3262133000,r,220
3262133000,r,204
3262134000,r,140
3262134000,r,172
3262134000,r,140
3263812000,s,140
3264464000,s,172
3269375000,r,124
3275814000,r,1340
3275815000,r,1340
3275815000,r,1340
3275815000,r,1340
3275815000,r,1340
3275815000,r,1116
3275980000,s,140
3276751000,s,124
3276851000,s,124
3277076000,s,124
3277604000,s,124
3277731000,s,124
3277824000,s,124
3281831000,s,252
3282325000,r,140
3282759000,s,220
3283786000,s,1084
3294366000,r,140
3294366000,r,172
3295239000,r,172
3295393000,s,140
3297808000,r,684
3298931000,s,124
3299884000,s,1340
3299914000,s,780
3300113000,s,124
3305146000,s,156
3306892000,s,124
3308165000,s,156
3318390000,r,140
3318390000,r,380
3319401000,s,140
3321113000,s,204
3321995000,s,236
3323364000,s,796
3339645000,r,140
3339645000,r,220
3339646000,r,204
3339646000,r,140
3339647000,r,172
3341840000,s,140
3342025000,r,140
3342642000,s,172
3358357000,r,124
3362375000,r,140
3366386000,r,252
3375893000,r,1340
3375894000,r,1340
3375894000,r,1340
3375894000,r,1340
3375894000,r,1340
3375894000,r,1340
3375894000,r,1340
3375895000,r,1340
3376053000,r,1340
3376053000,r,1340
3377424000,s,140
3377838000,r,1340
3377838000,r,1340
3377999000,s,140
3378478000,r,1340
3378479000,r,1340
3378595000,s,140
3380573000,s,140
3381978000,s,140
3383549000,s,140
3383640000,s,140
3395372000,r,1340
3395372000,r,428
3395372000,r,172
3395372000,r,1340
3395373000,r,1340
3395373000,r,1340
3395373000,r,1340
3396823000,s,140
3397087000,s,140
3397422000,s,140
3398379000,r,1340
3398380000,r,1340
3398676000,r,1340
3398676000,r,1340
3399981000,s,140
3400313000,s,140
3400461000,r,1340
3400461000,r,1340
3402501000,s,140
3409311000,r,1340
3409311000,r,1340
3409311000,r,1340
3409311000,r,1340
3409311000,r,1340
3409311000,r,1340
3409311000,r,1340
3409312000,r,1340
3409459000,r,1340
3409459000,r,1340
3409459000,r,1340
3409459000,r,1340
3409460000,r,1340
3409460000,r,1340
3410327000,r,1340
3410327000,r,1340
3411418000,s,140
3411820000,r,1340
3412779000,s,140
3412893000,s,140
3412938000,s,140
3412962000,s,140
3412982000,s,140
3413446000,s,140
3413664000,s,140
3418352000,r,1340
3418352000,r,1340
3418352000,r,1340
3418352000,r,1340
3418352000,r,1340
3418353000,r,1340
3418353000,r,1340
3418353000,r,1340
3419480000,r,1340
3419480000,r,1340
3419480000,r,1340
3419480000,r,1340
3420413000,s,140
3420573000,s,140
3420719000,s,140
3420843000,s,140
3421019000,s,140
3421158000,s,140
3422269000,r,1340
3422269000,r,1340
3422269000,r,1340
3422269000,r,1340
3422269000,r,1340
3422269000,r,316
3423726000,s,140
3423883000,s,140
3423984000,s,140
3434120000,s,156
3438800000,s,140
3467882000,s,140
3488578000,r,252
3491908000,s,124
3503338000,r,124
3503880000,s,124
3506621000,s,1340
3506659000,s,652
3518413000,r,124
3518413000,r,124
3522354000,r,1340
3522354000,r,1340
3522354000,r,780
3523595000,s,124
3523795000,s,124
3523967000,s,124
3526093000,s,188
3527728000,s,204
3529466000,s,572
3537038000,r,412
3537038000,r,412
3537039000,r,172
3538090000,r,156
3538972000,s,124
3539736000,s,156
3542385000,r,1340
3542385000,r,1340
3542385000,r,1340
3542385000,r,1340
3542385000,r,1340
3542385000,r,1340
3543738000,s,124
3544276000,s,124
3544921000,s,124
3553624000,r,1340
3553625000,r,1340
3553625000,r,1340
3553626000,r,1340
3553626000,r,1340
3553626000,r,1340
3553627000,r,1340
3553627000,r,1340
3554179000,r,1340
3554179000,r,1340
3555295000,s,124
3555665000,s,124
3556001000,s,124
3556338000,s,124
3556626000,s,124
3558345000,r,1340
3558345000,r,1340
3558345000,r,1340
3558345000,r,1340
3558345000,r,1340
3558345000,r,1340
3558346000,r,1340
3558346000,r,1340
3558490000,r,1340
3558490000,r,1340
3559810000,s,124
3560042000,s,124
3560219000,s,124
3560983000,s,124
3561390000,s,124
3568706000,r,1340
3568706000,r,1340
3568707000,r,1340
3568707000,r,1340
3568707000,r,1340
3568707000,r,1340
3568707000,r,1340
3568708000,r,1340
3568870000,r,1340
3568870000,r,1340
3568870000,r,1340
3568870000,r,1340
3568870000,r,1340
3568871000,r,1340
3568871000,r,1340
3568871000,r,1340
3568912000,r,1340
3568913000,r,1340
3568913000,r,1340
3569941000,r,1340
3569941000,r,1340
3571114000,s,124
3571314000,r,1340
3571315000,r,1340
3571315000,r,1340
3572203000,s,124
3572340000,s,124
3572523000,r,1340
3572523000,r,1340
3572524000,r,1340
3572524000,r,540
3573491000,s,124
3573554000,s,124
3573581000,s,124
3574658000,s,124
3575184000,s,124
3575583000,s,124
3577743000,s,124
3577798000,s,124
3577819000,s,124
3577829000,s,124
3577838000,s,124
3734566000,r,236
3737867000,s,268
3974793000,r,236
3978036000,s,268
3990815000,r,236
3992652000,s,268
4182227000,s,268
4202443000,r,140
4205178000,r,1340
4205178000,r,1340
4205179000,r,1340
4205179000,r,1340
4205180000,r,1340
4205180000,r,1340
4205181000,r,1340
4205181000,r,1340
4205632000,r,1340
4205633000,r,1340
4205633000,r,1340
4205634000,r,1340
4205634000,r,1340
4205635000,r,1340
4205635000,r,1340
4205636000,r,1340
4205781000,r,1340
4205782000,r,1340
4205782000,r,1340
4205783000,r,1340
4207261000,s,140
4208008000,s,140
4208584000,s,140
4208889000,s,140
4209318000,s,140
4209580000,s,140
4209706000,r,1340
4209707000,r,1340
4209707000,r,1340
4209708000,r,1340
4209708000,r,1340
4209709000,r,1340
4209709000,r,1340
4209710000,r,1340
4210051000,r,1340
4210052000,r,1340
4210052000,r,1340
4210088000,s,140
4210053000,r,1340
4210053000,r,1340
4210054000,r,1340
4210054000,r,1340
4210055000,r,1340
4210597000,s,140
4211184000,s,140
4211481000,s,140
4211502000,r,1340
4211502000,r,1340
4211503000,r,1340
4211503000,r,1340
4211504000,r,1340
4211504000,r,1340
4211505000,r,1340
4211505000,r,1340
4211675000,r,1340
4211675000,r,1340
4211700000,s,140
4211676000,r,1340
4211676000,r,1340
4212310000,s,140
4212692000,s,140
4212963000,s,140
4213331000,s,140
4213628000,s,140
4213941000,s,140
4214257000,r,1340
4214258000,r,1340
4214258000,r,1340
4214259000,r,1340
4214259000,r,1340
4214260000,r,1340
4214260000,r,1340
4214261000,r,1340
4214452000,r,1340
4214452000,r,1340
4214543000,s,140
4214683000,r,1340
4214683000,r,1340
4214684000,r,1340
4215150000,r,1340
4215150000,r,1340
4215150000,r,1340
4215300000,s,140
4215628000,s,140
4215929000,s,140
4216233000,s,140
4216754000,s,140
4217070000,s,140
4217393000,s,140
4217715000,s,140
4217855000,r,1340
4217855000,r,1340
4217856000,r,1340
4217856000,r,1340
4217857000,r,1340
4218009000,s,140
4218788000,s,140
4219680000,s,140
4222095000,s,140
4224689000,s,140
4225586000,s,140
4225922000,s,140
4226192000,s,140
4226814000,s,140
4227145000,s,140
4227405000,s,140
4227839000,s,140
4228143000,s,140
4228405000,s,140
4228677000,s,140
4228933000,s,140
4229216000,s,140
4229272000,r,1340
4229491000,s,140
4229273000,r,1340
4229274000,r,1340
4229274000,r,1340
4229274000,r,1340
4229275000,r,1340
4229275000,r,1340
4229276000,r,1340
4229731000,r,1340
4229743000,s,140
4229732000,r,1340
4229732000,r,1340
4229733000,r,1340
4229733000,r,1340
4229734000,r,1340
4229734000,r,1340
4229735000,r,1340
4230173000,s,140
4230792000,s,140
4231069000,s,140
4231750000,s,140
4232050000,s,140
4232346000,s,140
4232594000,s,140
4232886000,s,140
4233010000,r,1340
4233011000,r,1340
4233011000,r,1340
4233012000,r,1340
4233012000,r,1340
4233013000,r,1340
4233013000,r,1340
4233014000,r,1340
4233160000,s,140
4233201000,r,1340
4233202000,r,1340
4233202000,r,1340
4233203000,r,1340
4233203000,r,1340
4233204000,r,1340
4233204000,r,1340
4233205000,r,1340
4233341000,r,1340
4233341000,r,1340
4233342000,r,1340
4233342000,r,1340
4233455000,s,140
4233741000,s,140
4234046000,s,140
4234483000,s,140
4234788000,s,140
4235070000,s,140
4235345000,s,140
4235629000,s,140
4235934000,s,140
4236134000,s,140
4236189000,r,1340
4236189000,r,1340
4236190000,r,1340
4236190000,r,1340
4236191000,r,1340
4236191000,r,1340
4236351000,s,140
4236192000,r,1340
4236192000,r,1340
4236429000,r,1340
4236429000,r,540
4236566000,s,140
4236851000,s,140
4237054000,s,140
4237346000,s,140
4237658000,s,140
4237973000,s,140
4238404000,s,140
4238724000,s,140
4239032000,s,140
4239240000,s,140
4239535000,s,140
4239861000,s,140
4240068000,s,140
4240296000,s,140
4240581000,s,140
4240801000,s,140
4241479000,s,140
4242101000,s,140
4242534000,s,140
4243048000,s,140
4243353000,s,140
4243878000,s,140
4244205000,s,140
4244780000,s,140
4245185000,s,140
4245370000,s,140
4245851000,s,140
4246181000,s,140
4246634000,s,140
4246901000,s,140
4247392000,s,140
4247669000,s,140
4247943000,s,140
4248142000,s,140
4248598000,s,140
4248845000,s,140
4249087000,s,140
4249294000,s,140
4249502000,s,140
4249780000,s,140
4250021000,s,140
4250535000,s,140
4250785000,s,140
4251246000,s,140
4251462000,s,140
4251723000,s,140
4252013000,s,140
4252246000,s,140
4252952000,s,140
4254076000,s,140
5090462000,r,1340
5090463000,r,1340
5090463000,r,1340
5090464000,r,1340
5090464000,r,1340
5090465000,r,1340
5090465000,r,1244
5090466000,r,1340
5091078000,r,1340
5091078000,r,1340
5091079000,r,1340
5094238000,s,124
5094794000,s,124
5095062000,s,124
5095262000,s,124
5095492000,s,124
5095751000,s,124
5096274000,s,124
5096843000,s,124
5097054000,s,124
5097333000,s,124
5097528000,s,124
5110861000,r,1340
5110861000,r,1340
5110862000,r,1340
5110862000,r,1340
5110863000,r,1340
5110863000,r,1340
5110864000,r,1340
5110864000,r,1340
5111315000,r,1340
5111316000,r,1340
5111316000,r,1340
5114091000,r,1340
5114091000,r,1340
5114092000,r,1340
5114092000,r,1340
5114093000,r,1340
5114093000,r,1340
5114094000,r,1340
5114094000,r,1340
5114497000,r,1340
5114498000,r,1340
5114869000,s,124
5115292000,s,124
5115527000,s,124
5115746000,s,124
5116021000,s,124
5116325000,s,124
5117140000,s,124
5117478000,s,124
5118032000,s,124
5120010000,s,124
5122544000,s,124
5122853000,s,124
5123118000,s,124
5123378000,s,124
5123615000,s,124
5123854000,s,124
5124244000,s,124
5124431000,s,124
5129282000,r,1340
5129283000,r,1340
5129283000,r,1340
5129284000,r,1340
5129284000,r,1340
5129285000,r,1340
5129285000,r,1340
5129285000,r,1340
5129558000,r,1340
5129632000,s,124
5129803000,s,124
5130059000,s,124
5130122000,r,1340
5130122000,r,1340
5130123000,r,1340
5131007000,s,124
5131239000,s,124
5131914000,s,124
5132037000,r,1340
5132085000,s,124
5132231000,s,124
5132370000,s,124
5132700000,s,124
5132864000,s,124
5133004000,s,124
5133129000,s,124
5133420000,s,124
5133589000,s,124
5133721000,s,124
5138353000,r,1340
5138353000,r,1340
5138353000,r,1340
5138353000,r,1340
5138354000,r,1340
5138354000,r,1340
5138354000,r,1340
5139319000,s,124
5139849000,r,1340
5139890000,s,124
5139929000,s,124
5139946000,s,124
5139959000,s,124
5140074000,s,124
5140204000,s,124
5140254000,r,1340
5140255000,r,1340
5140255000,r,1340
5140485000,s,124
5140609000,s,124
5140738000,s,124
5141129000,s,124
5141249000,r,1340
5141249000,r,1340
5141249000,r,1340
5141967000,s,124
5142171000,r,1340
5142171000,r,1340
5142171000,r,1340
5142171000,r,1340
5142171000,r,956
5142261000,s,124
5142582000,s,124
5142736000,s,124
5142869000,s,124
5142997000,s,124
5143124000,s,124
5143214000,s,124
7242674000,r,140
7242675000,r,124
7242675000,r,124
7247577000,s,124
7248061000,s,124
8678753000,r,172
8678753000,r,140
8678754000,r,124
8678754000,r,124
8681109000,s,124
8683066000,s,124
8698801000,r,124
13386915000,r,172
13386916000,r,156
13386916000,r,124
13386917000,r,172
13386917000,r,156
13386918000,r,124
13386918000,r,124
13386918000,r,124
13391470000,s,124
13392166000,s,124
13392479000,s,124
13392687000,s,124
13393638000,s,124
13395438000,s,124
13408511000,r,124
13408512000,r,124
15126453000,r,156
15126454000,r,140
15126454000,r,124
15126454000,r,124
15129819000,s,124
15130210000,s,124
15130796000,s,124
15131519000,s,124
15146813000,r,124
18510950000,r,172
18510951000,r,156
18510951000,r,156
18513339000,s,140
18515461000,s,156
18516174000,s,140
18538803000,r,140
19279081000,r,172
19279082000,r,156
19283439000,s,140
19284481000,s,140
19306809000,r,140
25163016000,s,156
25189290000,s,156
25189722000,s,156
25208826000,r,156