0,s,156
37712000,s,156
38148000,s,156
56149000,r,156
537868000,s,124
542929000,s,124
545444000,s,124
552025000,r,236
552025000,r,172
556100000,r,236
563333000,s,124
566092000,s,124
578399000,r,124
579900000,s,124
581101000,s,1340
581230000,s,780
594624000,r,124
594624000,r,364
595726000,s,124
596334000,s,188
596789000,s,204
597345000,s,652
608130000,r,204
608131000,r,172
609673000,s,124
609909000,s,156
613233000,s,1340
613279000,s,1340
613508000,s,172
619951000,r,124
627965000,r,1372
628279000,r,1372
630363000,r,1340
630363000,r,1340
630807000,r,1340
630807000,r,1340
630808000,r,1340
631658000,s,124
632004000,s,124
632530000,r,1340
632530000,r,1340
632530000,r,1340
632531000,r,1340
632531000,r,1244
633872000,s,124
634130000,s,124
634242000,s,124
640182000,s,1340
640261000,s,188
641877000,s,316
643202000,s,396
659748000,r,124
659748000,r,124
662123000,s,460
663111000,s,364
667961000,s,124
673933000,r,124
673933000,r,252
674231000,r,252
675838000,s,140
678539000,s,140
678933000,s,140
679340000,s,140
679998000,r,396
681532000,r,1340
681532000,r,1340
681533000,r,1340
681533000,r,1340
681533000,r,1340
681533000,r,1340
681533000,r,1340
681533000,r,1340
681618000,r,1340
681618000,r,1340
681618000,r,1340
681619000,r,1340
681619000,r,1340
681619000,r,1340
681619000,r,1340
681619000,r,1340
681655000,r,1180
681665000,r,1340
681665000,r,1340
681665000,r,124
681980000,s,124
682185000,s,124
682297000,s,124
682405000,s,124
682577000,s,124
682838000,s,124
683009000,s,124
683120000,s,124
683350000,s,124
683555000,s,124
683781000,s,124
685393000,s,1340
685500000,s,764
685500000,r,188
685500000,r,204
685500000,r,188
687635000,s,124
692074000,r,380
702251000,s,140
714586000,r,124
714586000,r,124
714586000,r,364
714586000,r,124
715973000,s,124
716325000,s,124
716671000,s,188
717511000,s,1340
717646000,s,716
717776000,s,668
727368000,r,124
727368000,r,204
727368000,r,124
730077000,r,124
736086000,r,1340
736086000,r,1340
736906000,s,124
737410000,s,124
738728000,r,1340
738728000,r,1340
738728000,r,1340
738728000,r,1116
738728000,r,1340
738728000,r,1340
738729000,r,1340
738729000,r,1340
738817000,r,1340
738818000,r,1340
738818000,r,1340
738818000,r,1340
739455000,s,124
739602000,s,124
739711000,s,124
739798000,s,124
739883000,s,124
739973000,s,124
740136000,s,124
740243000,s,124
740683000,s,124
750807000,r,1340
750807000,r,1340
750807000,r,1340
751993000,r,1340
751993000,r,1340
751993000,r,1340
752154000,s,124
752356000,s,124
752766000,s,124
753083000,r,1340
753083000,r,1340
753083000,r,1340
753084000,r,1340
753084000,r,428
753346000,s,124
753404000,s,124
753417000,s,124
753929000,s,252
755236000,s,220
755599000,s,748
780297000,r,172
780297000,r,172
780298000,r,796
781233000,s,124
784294000,s,156
784337000,s,156
786385000,s,316
790241000,s,284
796405000,r,124
805778000,s,1340
805907000,s,300
808219000,r,364
808220000,r,1340
808220000,r,1340
808220000,r,1340
808220000,r,1340
808220000,r,1340
808220000,r,1340
808220000,r,1340
808427000,r,1340
808427000,r,1340
808427000,r,1340
808428000,r,1340
808428000,r,1340
808428000,r,1340
808428000,r,1340
808428000,r,1340
808468000,r,1340
808468000,r,1340
808468000,r,1340
808468000,r,1340
808468000,r,1340
808469000,r,1340
808469000,r,1340
808469000,r,1340
808513000,r,1340
808513000,r,1340
808513000,r,1340
808513000,r,1340
808513000,r,1340
808513000,r,1340
808514000,r,1340
808514000,r,1340
808552000,r,1340
808552000,r,1340
809759000,s,124
809817000,s,124
809919000,r,1340
809919000,r,1340
809920000,r,1340
809920000,r,1340
809920000,r,1340
809920000,r,1340
809920000,r,1340
810047000,s,124
810066000,s,124
810082000,s,124
810091000,s,124
810100000,s,124
810109000,s,124
810118000,s,124
810182000,s,124
810474000,s,124
810513000,s,124
810532000,s,124
810544000,s,124
810647000,s,124
810671000,s,124
811439000,s,124
811502000,s,124
811522000,s,124
811533000,s,124
813260000,s,124
813311000,s,124
813322000,s,124
813331000,s,124
813339000,s,124
813347000,s,124
813355000,s,124
813362000,s,124
813369000,s,124
813376000,s,124
813417000,s,124
813433000,s,124
813442000,s,124
813450000,s,124
813458000,s,124
813526000,s,124
813557000,s,124
813568000,s,124
813577000,s,124
813585000,s,124
813593000,s,124
817297000,r,124
817297000,r,124
817878000,s,412
818265000,s,364
819993000,r,748
828061000,r,124
839911000,r,124
864864000,s,124
868130000,r,380
917059000,s,124
952203000,r,1340
952203000,r,1340
952203000,r,1340
952203000,r,1340
952204000,r,828
952204000,r,1340
952204000,r,1340
952204000,r,1340
952684000,r,1340
952685000,r,1340
952685000,r,1340
952685000,r,1340
954028000,s,124
954186000,s,124
954505000,s,124
955379000,s,124
955493000,s,124
955524000,s,124
963260000,r,476
964232000,s,124
976677000,r,1340
976677000,r,1340
976677000,r,1340
976678000,r,1340
976678000,r,1340
976678000,r,1340
976678000,r,1340
976678000,r,1340
976935000,r,1340
976935000,r,1340
976935000,r,1340
976936000,r,1340
976936000,r,1340
976936000,r,1340
976936000,r,1340
976936000,r,1340
976996000,r,1340
976996000,r,1340
976996000,r,1340
976997000,r,1340
976997000,r,1340
976997000,r,1340
976997000,r,1340
976997000,r,1340
977637000,s,124
977823000,s,124
977846000,s,124
978527000,s,124
978757000,s,124
978901000,s,124
979184000,s,124
979537000,s,124
980225000,s,124
980467000,s,124
980596000,s,124
980695000,s,124
985230000,s,444
993857000,r,1340
993857000,r,1340
993857000,r,1340
993858000,r,1340
993858000,r,1340
993858000,r,1340
994830000,r,1340
994830000,r,1340
994830000,r,1340
994830000,r,1340
994830000,r,1340
994831000,r,1340
995172000,s,124
995351000,s,124
995539000,r,572
996214000,s,124
996371000,s,124
996755000,s,124
997456000,s,124
997567000,r,124
1040751000,s,124
1058025000,r,1340
1058025000,r,1340
1058025000,r,1340
1058025000,r,1340
1058026000,r,1340
1058026000,r,1340
1058026000,r,1340
1058026000,r,1340
1058330000,r,1340
1058446000,r,1340
1058446000,r,1340
1058447000,r,1340
1059151000,s,124
1059335000,s,124
1059481000,s,124
1059576000,s,124
1059711000,s,124
1059833000,s,124
1059844000,r,1340
1059844000,r,1340
1059844000,r,1340
1059844000,r,1340
1059845000,r,1340
1059845000,r,1340
1060188000,s,124
1060343000,s,124
1060461000,s,124
1060601000,s,124
1060736000,s,124
1060823000,s,124
1060908000,s,124
1060984000,s,124
1061065000,s,124
1061144000,s,124
1061243000,s,124
1061327000,s,124
1201615000,s,1276
1219547000,r,124
1375428000,r,1340
1375428000,r,1340
1375428000,r,1340
1375429000,r,1340
1375429000,r,1340
1375430000,r,1340
1375430000,r,1340
1375430000,r,1340
1376138000,r,1340
1376138000,r,1340
1376139000,r,1340
1376139000,r,972
1376139000,r,1340
1376140000,r,1340
1376140000,r,604
1376140000,r,1340
1376244000,r,1340
1376244000,r,1340
1376748000,r,1340
1376748000,r,1340
1376748000,r,1340
1376749000,r,1340
1376749000,r,1340
1376750000,r,1340
1377684000,s,124
1385151000,s,124
1385599000,s,124
1385634000,s,124
1386233000,s,124
1386605000,s,124
1386687000,s,124
1386708000,s,124
1386897000,s,124
1387895000,s,124
1387976000,s,124
1388015000,s,124
1388032000,s,124
1388298000,s,124
1388588000,s,124
1388623000,s,124
1389114000,s,124
1389462000,s,124
1389581000,s,124
1389612000,s,124
1390017000,s,124
1390222000,s,124
1390265000,r,1340
1390322000,s,124
1390266000,r,1340
1390514000,s,124
1390972000,s,124
1391089000,s,124
1398212000,r,1340
1398212000,r,1340
1398212000,r,1340
1398212000,r,1340
1398212000,r,1340
1398213000,r,1340
1398786000,r,1340
1398786000,r,1340
1398786000,r,1340
1399144000,s,124
1399445000,s,124
1399559000,s,124
1399776000,s,124
1399875000,s,124
1399963000,s,124
1400004000,r,1340
1400004000,r,1340
1400004000,r,1340
1400004000,r,1340
1400004000,r,1340
1400004000,r,1340
1400086000,s,124
1400004000,r,1340
1400004000,r,1340
1400109000,r,1340
1400109000,r,1340
1400110000,r,1340
1400203000,s,124
1400297000,s,124
1400390000,r,1340
1400390000,r,1340
1400390000,r,1340
1400390000,r,1340
1400391000,r,1340
1400391000,r,1340
1400478000,s,124
1400966000,s,124
1401110000,s,124
1401331000,s,124
1401454000,s,124
1401573000,s,124
1401690000,s,124
1401807000,s,124
1401924000,s,124
1402162000,s,124
1402206000,s,124
1402207000,r,1340
1402208000,r,1340
1402208000,r,1340
1402208000,r,1340
1402208000,r,1340
1402208000,r,1340
1402209000,r,1340
1402209000,r,1340
1402323000,r,1340
1402323000,r,1340
1402324000,r,1340
1402324000,r,1340
1402719000,s,124
1402746000,s,124
1402775000,s,124
1402792000,s,124
1402807000,s,124
1402821000,s,124
1402913000,s,124
1403466000,r,1340
1403528000,s,124
1403466000,r,1340
1403466000,r,1340
1403904000,s,124
1404025000,s,124
1404164000,s,124
1404267000,s,124
1404367000,s,124
1404506000,s,124
1404604000,s,124
1404693000,s,124
1404785000,s,124
1404880000,s,124
1404976000,s,124
1405082000,s,124
1405178000,s,124
1405239000,r,1340
1405239000,r,1340
1405239000,r,1340
1405239000,r,1340
1405239000,r,1340
1405239000,r,1340
1405239000,r,1340
1405508000,s,124
1405718000,s,124
1405900000,s,124
1406395000,s,124
1406422000,s,124
1406621000,s,124
1406831000,s,124
1411935000,r,1340
1411935000,r,1340
1411935000,r,1340
1411936000,r,1340
1412787000,r,1340
1412788000,r,1340
1412788000,r,1340
1413320000,s,124
1413389000,s,124
1413798000,s,124
1413953000,s,124
1414093000,s,124
1414296000,s,124
1414426000,s,124
1414688000,r,1340
1414688000,r,1340
1414688000,r,1340
1414688000,r,1340
1414688000,r,1340
1414688000,r,1340
1414689000,r,1340
1414689000,r,1340
1414809000,r,1340
1414809000,r,1340
1414809000,r,1340
1414810000,r,1340
1414810000,r,1340
1414810000,r,1340
1414810000,r,1340
1415341000,s,124
1415393000,s,124
1415415000,s,124
1415426000,s,124
1415503000,s,124
1415529000,s,124
1415867000,s,124
1415981000,s,124
1416021000,s,124
1416045000,s,124
1416121000,s,124
1416144000,s,124
1416225000,s,124
1416246000,s,124
1416266000,s,124
1416837000,r,1340
1416837000,r,1340
1416837000,r,1340
1416838000,r,1340
1416838000,r,1340
1416838000,r,1340
1416839000,r,1340
1416839000,r,1340
1417001000,r,1340
1417001000,r,1340
1417001000,r,1340
1417410000,s,124
1417812000,s,124
1418008000,s,124
1418198000,s,124
1418572000,s,124
1418613000,s,124
1418769000,r,1340
1418769000,r,1340
1418769000,r,1340
1418770000,r,1340
1418770000,r,1340
1418770000,r,1340
1418770000,r,1340
1418771000,r,1340
1418935000,r,1340
1418936000,r,1340
1418936000,r,1340
1419193000,s,124
1419482000,s,124
1419690000,s,124
1419873000,s,124
1420033000,s,124
1420327000,s,124
1420468000,s,124
1420623000,s,124
1420730000,s,124
1420851000,s,124
1421063000,s,124
1421199000,s,124
1421334000,s,124
1421477000,s,124
1421727000,s,124
1421872000,s,124
1424165000,r,1340
1424165000,r,1340
1424166000,r,1340
1424166000,r,1340
1424166000,r,1340
1424167000,r,1340
1424167000,r,1340
1425336000,s,124
1425543000,s,124
1425706000,s,124
1425852000,s,124
1426041000,s,124
1426111000,s,124
1426143000,s,124
1426476000,r,1340
1427374000,s,124
1430023000,r,1340
1430023000,r,1340
1430023000,r,1340
1430023000,r,1340
1430023000,r,1340
1430024000,r,1340
1430024000,r,1340
1430024000,r,1340
1430125000,r,1340
1430125000,r,1340
1430125000,r,1340
1430125000,r,1340
1430125000,r,1340
1430125000,r,1340
1430126000,r,1340
1430126000,r,1340
1430178000,r,1340
1430178000,r,1340
1430178000,r,1340
1430178000,r,1340
1430178000,r,1340
1430178000,r,1340
1430179000,r,1340
1430179000,r,1340
1430217000,r,1340
1430217000,r,1340
1430217000,r,1340
1430721000,s,124
1430961000,r,1340
1430961000,r,1340
1431514000,s,124
1431570000,s,124
1431594000,s,124
1431605000,s,124
1431613000,s,124
1431622000,s,124
1431642000,s,124
1431652000,s,124
1431847000,s,124
1431880000,s,124
1432033000,s,124
1432703000,s,124
1432743000,s,124
1433084000,s,124
1433099000,r,1340
1433099000,r,1340
1433099000,r,1340
1433100000,r,1340
1433100000,r,1340
1433100000,r,1340
1433100000,r,1340
1433100000,r,1340
1433228000,r,1340
1433228000,r,1340
1433229000,r,1340
1433229000,r,1340
1433229000,r,1340
1433602000,s,124
1433709000,s,124
1433731000,s,124
1433750000,s,124
1433764000,s,124
1433778000,s,124
1433895000,s,124
1434487000,s,124
1434532000,s,124
1434559000,s,124
1434582000,s,124
1434660000,s,124
1434835000,s,124
1434994000,s,124
1435423000,s,124
1435451000,s,124
1435452000,r,1340
1435475000,s,124
1435662000,s,124
1435894000,s,124
1436191000,s,124
1436359000,s,124
1436686000,s,124
1436998000,s,124
1437157000,s,124
1437300000,s,124
1437445000,s,124
1437597000,s,124
1437656000,r,1340
1437656000,r,1340
1437656000,r,1340
1437745000,s,124
1438140000,s,124
1438223000,s,124
1438265000,s,124
1439882000,r,1340
1439882000,r,1340
1439882000,r,1340
1439882000,r,1340
1439882000,r,1340
1439883000,r,1340
1440641000,s,124
1440771000,s,124
1440792000,s,124
1440806000,s,124
1440819000,s,124
1441159000,r,1340
1441322000,s,124
1441483000,s,124
1443287000,r,1340
1444156000,s,124
1445348000,r,1340
1445349000,r,1340
1445349000,r,1340
1445349000,r,1340
1445349000,r,1340
1445349000,r,1340
1445644000,s,124
1446100000,s,124
1446229000,s,124
1446341000,s,124
1446430000,s,124
1446514000,s,124
1447892000,r,1340
1447892000,r,1340
1447893000,r,1340
1447893000,r,1340
1447893000,r,1340
1447893000,r,1340
1447893000,r,1340
1447893000,r,1340
1447989000,r,1340
1447989000,r,1340
1447990000,r,1340
1447990000,r,1340
1447990000,r,1340
1447990000,r,1340
1447990000,r,1340
1447990000,r,1340
1448028000,r,1340
1448028000,r,1340
1448028000,r,1340
1448028000,r,1340
1448029000,r,1340
1448029000,r,1340
1448029000,r,1340
1448534000,s,124
1448715000,s,124
1448815000,s,124
1448871000,s,124
1449070000,r,1340
1449107000,s,124
1449071000,r,1340
1449071000,r,1340
1449071000,r,1340
1449071000,r,1340
1449071000,r,1340
1449071000,r,1340
1449072000,r,1340
1449200000,r,1340
1449219000,s,124
1449289000,s,124
1449375000,s,124
1449467000,s,124
1449603000,s,124
1449748000,s,124
1449837000,s,124
1449995000,s,124
1450185000,s,124
1450327000,s,124
1450438000,s,124
1450546000,s,124
1450704000,s,124
1450740000,r,1340
1450740000,r,1340
1450740000,r,1340
1450740000,r,1340
1450740000,r,1340
1450741000,r,1340
1450741000,r,1340
1450928000,s,124
1451246000,s,124
1451282000,s,124
1451413000,s,124
1451576000,s,124
1451831000,s,124
1452015000,s,124
1452478000,s,124
1452617000,s,124
1452760000,s,124
1452886000,s,124
1453024000,s,124
1453137000,s,124
1453331000,s,124
1453481000,s,124
1453625000,s,124
1453771000,s,124
1453914000,s,124
1454052000,s,124
1454051000,r,1340
1454051000,r,1340
1454169000,s,124
1454306000,s,124
1454577000,s,124
1454724000,s,124
1456102000,r,1340
1456102000,r,1340
1456102000,r,1340
1456103000,r,1340
1456103000,r,1340
1456103000,r,1340
1457120000,r,1340
1457120000,r,1340
1457121000,r,1340
1457254000,s,124
1457402000,s,124
1457520000,s,124
1457683000,s,124
1457801000,s,124
1458077000,s,124
1458270000,s,124
1458277000,r,1340
1458412000,s,124
1458570000,s,124
1458886000,s,124
1460069000,r,1340
1460069000,r,1340
1460069000,r,1340
1460069000,r,1340
1460069000,r,1340
1460069000,r,1340
1461095000,s,124
1461169000,s,124
1461209000,s,124
1461234000,s,124
1461252000,s,124
1461615000,s,124
1464085000,r,1340
1464085000,r,1340
1464085000,r,1340
1464085000,r,1340
1464085000,r,1340
1464085000,r,1340
1464085000,r,1340
1464085000,r,1340
1464194000,r,1340
1464194000,r,1340
1464194000,r,1340
1464194000,r,1340
1464194000,r,1340
1464194000,r,1340
1464195000,r,1340
1464195000,r,1340
1464239000,r,1340
1464239000,r,1340
1464239000,r,1340
1464239000,r,1340
1464621000,s,124
1464889000,s,124
1464960000,s,124
1465281000,s,124
1465694000,s,124
1465846000,s,124
1465983000,s,124
1466110000,s,124
1466238000,s,124
1466367000,s,124
1466488000,s,124
1466512000,r,1340
1466512000,r,1340
1466512000,r,1340
1466512000,r,1340
1466512000,r,1340
1466512000,r,1340
1466512000,r,1340
1466513000,r,1340
1466581000,r,1340
1466581000,r,1340
1466581000,r,1340
1466581000,r,1340
1466581000,r,1340
1466581000,r,1340
1466806000,s,124
1466860000,s,124
1466889000,s,124
1466901000,s,124
1467042000,s,124
1467299000,s,124
1467561000,s,124
1467666000,s,124
1467692000,s,124
1468076000,r,1340
1468076000,r,1340
1468076000,r,1340
1468076000,r,1340
1468076000,r,1340
1468076000,r,1340
1468076000,r,1340
1468195000,s,124
1468376000,s,124
1468518000,s,124
1468638000,s,124
1469045000,r,1340
1469045000,r,1340
1469306000,s,124
1469438000,s,124
1469690000,s,124
1469824000,s,124
1469851000,s,124
1469962000,s,124
1470303000,s,124
1470434000,s,124
1470597000,s,124
1470727000,s,124
1470837000,s,124
1470955000,s,124
1471079000,s,124
1471201000,s,124
1471334000,s,124
1471467000,s,124
1471603000,s,124
1471732000,s,124
1471873000,s,124
1472024000,r,1340
1472024000,r,1340
1472025000,r,1340
1472025000,r,1340
1472025000,r,1340
1472025000,r,1340
1472813000,s,124
1473242000,s,124
1473274000,s,124
1473440000,s,124
1473722000,s,124
1473919000,s,124
1474156000,r,1340
1474156000,r,1340
1474156000,r,1340
1474157000,r,1340
1474157000,r,1340
1474641000,s,124
1474810000,s,124
1474954000,s,124
1475077000,s,124
1475190000,s,124
1475406000,r,1340
1475407000,r,1340
1475407000,r,1340
1475407000,r,1340
1475891000,s,124
1476014000,s,124
1476344000,s,124
1476547000,s,124
1478626000,r,1340
1478626000,r,1340
1479507000,s,124
1479555000,s,124
1480008000,r,1340
1480008000,r,1340
1480008000,r,1340
1480009000,r,1340
1480546000,s,124
1480580000,r,1340
1480581000,r,1340
1480581000,r,1340
1480581000,r,1340
1480852000,s,124
1480889000,s,124
1481242000,s,124
1481362000,s,124
1481564000,s,124
1481660000,s,124
1481752000,s,124
1482657000,r,1340
1482658000,r,1340
1482658000,r,1340
1482658000,r,1340
1482658000,r,1340
1482658000,r,1340
1482659000,r,1340
1482659000,r,1340
1482760000,r,1340
1482996000,s,124
1483103000,s,124
1483295000,s,124
1483332000,s,124
1483467000,s,124
1483568000,s,124
1483705000,s,124
1483823000,s,124
1483946000,s,124
1489509000,r,1340
1489510000,r,1340
1489510000,r,1340
1489510000,r,1340
1489510000,r,1340
1489510000,r,1340
1489511000,r,1340
1489511000,r,1340
1489645000,r,1340
1489645000,r,1340
1489645000,r,1340
1489645000,r,1340
1489645000,r,1340
1489646000,r,1340
1489646000,r,1340
1489646000,r,1340
1489723000,r,1340
1489724000,r,1340
1489724000,r,1340
1489724000,r,1340
1489724000,r,1340
1489724000,r,1340
1489725000,r,1340
1489725000,r,1340
1489784000,r,1340
1489784000,r,1340
1489784000,r,1340
1489784000,r,1340
1489784000,r,1340
1489784000,r,1340
1489785000,r,1340
1489785000,r,1340
1489842000,r,1340
1489842000,r,1340
1489842000,r,1340
1489842000,r,1340
1489842000,r,1340
1489842000,r,1340
1489843000,r,1340
1489843000,r,1340
1489893000,r,1340
1490223000,s,124
1490459000,s,124
1490607000,s,124
1490713000,s,124
1490801000,s,124
1490921000,s,124
1491037000,s,124
1491157000,s,124
1491272000,s,124
1491490000,s,124
1491744000,s,124
1491892000,s,124
1492008000,s,124
1492168000,s,124
1492280000,s,124
1492380000,s,124
1492491000,s,124
1492621000,s,124
1492723000,s,124
1492827000,s,124
1492943000,s,124
1493059000,s,124
1493170000,s,124
1493276000,s,124
1493371000,s,124
1493484000,s,124
1493666000,s,124
1493744000,s,124
1493803000,s,124
1498515000,r,1340
1498515000,r,1340
1498515000,r,1340
1498515000,r,1340
1498515000,r,1340
1498515000,r,1340
1498515000,r,1340
1498515000,r,1340
1498609000,r,1340
1498609000,r,1340
1498609000,r,1340
1499284000,s,124
1499699000,r,1340
1499699000,r,1340
1499815000,s,124
1499699000,r,1340
1499883000,s,124
1501122000,r,1340
1501145000,s,124
1501123000,r,1340
1501123000,r,1340
1501123000,r,1340
1501123000,r,1340
1501123000,r,1340
1501124000,r,1340
1501124000,r,1340
1501581000,s,124
1501622000,s,124
1501650000,s,124
1502254000,r,1340
1502913000,s,124
1506925000,r,1340
1506925000,r,1340
1506925000,r,1340
1506925000,r,1340
1506925000,r,1340
1506925000,r,1340
1506925000,r,1340
1506925000,r,1340
1507039000,r,1340
1507845000,s,124
1508217000,s,124
1508552000,s,124
1508596000,s,124
1510919000,r,1340
1510920000,r,1340
1510920000,r,1340
1510920000,r,1340
1510920000,r,1340
1510921000,r,1340
1510921000,r,1340
1512244000,s,124
1520411000,r,1340
1520411000,r,1340
1520411000,r,1340
1520411000,r,1340
1521299000,s,124
1521792000,s,124
1524102000,r,1340
1524102000,r,1340
1524102000,r,1340
1524103000,r,1340
1524103000,r,1340
1524103000,r,1340
1524103000,r,1340
1524103000,r,1340
1524308000,r,1340
1524309000,r,1340
1524309000,r,1340
1524309000,r,1340
1524309000,r,1340
1524310000,r,1340
1524310000,r,1340
1524310000,r,1340
1524384000,r,1340
1524384000,r,1340
1524384000,r,1340
1524384000,r,1340
1524385000,r,1340
1524385000,r,1340
1524385000,r,1340
1524385000,r,1340
1524449000,r,1340
1524449000,r,1340
1524449000,r,1340
1524518000,r,1340
1524519000,r,1340
1524519000,r,1340
1524519000,r,1340
1524519000,r,1340
1524520000,r,1340
1524520000,r,1340
1524520000,r,1340
1524591000,r,1340
1524591000,r,1340
1524592000,r,1340
1524592000,r,1340
1524592000,r,1340
1524592000,r,1340
1524593000,r,1340
1524593000,r,1340
1524648000,r,1340
1524648000,r,1340
1524648000,r,1340
1524649000,r,1340
1525721000,s,124
1525778000,s,124
1526255000,s,124
1526517000,s,124
1526891000,s,124
1527565000,s,124
1528492000,s,124
1528700000,s,124
1529320000,s,124
1529771000,s,124
1530474000,s,124
1530565000,s,124
1531008000,s,124
1531251000,s,124
1531944000,s,124
1532079000,r,1340
1532079000,r,1340
1532079000,r,1340
1532080000,r,1340
1532080000,r,1340
1532080000,r,1340
1532080000,r,1340
1532080000,r,1340
1532198000,r,1340
1532198000,r,1340
1532199000,r,1340
1532199000,r,1340
1532199000,r,1340
1532592000,s,124
1533295000,s,124
1533862000,s,124
1533914000,s,124
1534204000,s,124
1534642000,r,1340
1534665000,s,124
1534642000,r,1340
1536086000,r,1340
1536086000,r,1340
1536086000,r,1340
1536086000,r,1340
1536304000,s,124
1538648000,s,124
1539977000,r,1340
1539977000,r,1340
1539977000,r,1340
1539977000,r,1340
1539977000,r,1340
1540542000,s,124
1541824000,r,1340
1541824000,r,1340
1541824000,r,1340
1541824000,r,1340
1541824000,r,1340
1541824000,r,1340
1541824000,r,1340
1541825000,r,1340
1541906000,r,1340
1541906000,r,1340
1541906000,r,1340
1541906000,r,1340
1541906000,r,1340
1541906000,r,1340
1543167000,r,1340
1543167000,r,1340
1543167000,r,1340
1543167000,r,1340
1543207000,s,124
1543167000,r,1340
1543167000,r,1340
1543168000,r,1340
1543168000,r,1340
1543251000,r,1340
1543251000,r,1340
1543251000,r,1340
1543251000,r,1340
1543251000,r,1340
1543298000,r,1340
1543298000,r,1340
1543298000,r,1340
1543298000,r,1340
1543441000,s,124
1543549000,s,124
1543693000,s,124
1544678000,s,124
1544911000,s,124
1545049000,s,124
1545152000,r,1340
1545153000,r,1340
1545153000,r,1340
1545153000,r,1340
1545153000,r,1340
1545153000,r,1340
1545153000,r,1340
1545153000,r,1340
1545872000,s,124
1546318000,s,124
1547170000,r,1340
1547170000,r,1340
1547170000,r,1340
1547171000,r,1340
1547171000,r,1340
1547171000,r,1340
1547171000,r,1340
1547171000,r,1340
1547224000,r,1340
1547225000,r,1340
1547225000,r,1340
1547225000,r,1340
1547225000,r,1340
1547225000,r,1340
1548210000,s,124
1548250000,s,124
1551475000,r,1340
1551475000,r,1340
1551475000,r,1340
1551475000,r,1340
1551475000,r,1340
1551476000,r,1340
1551476000,r,1340
1551476000,r,1340
1551539000,r,1340
1551539000,r,1340
1551540000,r,1340
1552286000,s,124
1552385000,r,1340
1552385000,r,1340
1552386000,r,1340
1552415000,s,124
1552534000,s,124
1552645000,s,124
1552767000,s,124
1553080000,s,124
1553503000,s,124
1555414000,r,1340
1555415000,r,1340
1555415000,r,1340
1555415000,r,1340
1556555000,s,124
1559071000,r,1340
1559071000,r,1340
1559071000,r,1340
1559072000,r,1340
1559072000,r,1340
1559072000,r,1340
1559072000,r,1340
1559072000,r,1340
1559215000,r,1340
1559215000,r,1340
1559215000,r,1340
1559216000,r,1340
1559216000,r,1340
1559216000,r,1340
1559216000,r,1340
1559216000,r,1340
1559305000,r,1340
1559755000,s,124
1559906000,r,1340
1559907000,r,1340
1560207000,s,124
1560322000,s,124
1560607000,s,124
1560680000,s,124
1560826000,s,124
1560945000,s,124
1561131000,s,124
1561364000,s,124
1562492000,r,1340
1562493000,r,1340
1563234000,s,124
1564075000,r,1340
1564075000,r,1340
1564076000,r,1340
1564076000,r,1340
1564076000,r,1340
1564076000,r,1340
1564076000,r,1340
1564076000,r,1340
1564156000,r,1340
1564156000,r,1340
1564156000,r,1340
1564156000,r,1340
1564157000,r,1340
1564157000,r,1340
1564157000,r,1340
1564157000,r,1340
1564199000,r,1340
1564199000,r,1340
1564200000,r,1340
1564200000,r,1340
1564200000,r,1340
1564200000,r,1340
1564200000,r,1340
1564200000,r,1340
1564233000,r,1340
1564233000,r,1340
1565131000,s,124
1565342000,s,124
1565548000,s,124
1565676000,s,124
1565914000,s,124
1566032000,s,124
1566269000,s,124
1566397000,s,124
1566514000,s,124
1566631000,s,124
1566730000,s,124
1568076000,r,1340
1568076000,r,1340
1568076000,r,1340
1568076000,r,1340
1568076000,r,1340
1568076000,r,1340
1568076000,r,1340
1568077000,r,1340
1568173000,r,1340
1568173000,r,1340
1568173000,r,1340
1568173000,r,1340
1568173000,r,1340
1568174000,r,1340
1568174000,r,1340
1568174000,r,1340
1568209000,r,1324
1569032000,s,124
1569337000,s,124
1570733000,s,124
1799451000,s,508
1816373000,r,124
1840084000,r,1244
1841053000,s,124
1874015000,s,140
1875204000,s,140
1876800000,s,140
1881133000,r,204
1881133000,r,188
1884102000,r,236
1889896000,s,140
1895679000,s,268
1907371000,r,140
1908168000,s,140
1908203000,r,476
1908203000,r,1340
1908958000,r,1340
1908958000,r,1340
1908958000,r,1340
1908958000,r,1340
1908958000,r,1340
1908958000,r,1340
1909256000,s,124
1909720000,s,124
1909857000,s,124
1909910000,s,124
1909933000,s,124
1909949000,s,124
1909968000,s,124
1910092000,s,124
1910776000,r,1340
1910776000,r,1340
1910776000,r,1340
1910776000,r,1340
1910776000,r,828
1911247000,s,124
1911416000,s,124
1911852000,s,124
1911907000,s,124
1911955000,s,124
1912129000,s,1340
1912159000,s,844
1922808000,s,140
1929725000,r,204
1929725000,r,140
1929725000,r,380
1931881000,s,140
1931933000,s,140
1932336000,s,140
1932461000,s,604
1936270000,s,124
1937387000,s,124
1938259000,r,204
1938259000,r,204
1938690000,s,124
1939408000,s,204
1942221000,s,124
1942826000,s,236
1943511000,s,652
1944073000,r,236
1944073000,r,172
1945214000,r,236
1947875000,s,124
1956119000,r,124
1956581000,r,140
1956581000,r,220
1956581000,r,204
1957606000,s,124
1958328000,r,124
1959473000,s,1340
1959696000,s,732
1959875000,s,140
1960240000,s,172
1960400000,s,124
1960575000,s,1340
1960793000,s,652
1962583000,r,140
1962583000,r,172
1962584000,r,1340
1962584000,r,1340
1962584000,r,1340
1964291000,s,140
1964800000,s,140
1965045000,r,1340
1965046000,r,1340
1965046000,r,1340
1965046000,r,1340
1965047000,r,1340
1965047000,r,892
1966320000,s,140
1966733000,s,140
1972106000,r,124
1972106000,r,124
1972674000,r,124
1972674000,r,1340
1972674000,r,1340
1972674000,r,780
1973401000,s,124
1973465000,s,124
1973491000,s,124
1978466000,s,572
1979587000,r,1340
1979588000,r,1340
1979588000,r,1340
1979588000,r,1340
1980080000,r,1340
1980080000,r,1340
1980080000,r,1340
1980080000,r,1116
1980080000,r,1340
1980081000,r,1340
1980469000,s,140
1980973000,s,124
1981039000,s,124
1981235000,s,124
1981389000,s,124
1981518000,s,124
1981846000,s,124
1981881000,s,140
1982095000,r,1340
1982095000,r,1340
1982182000,r,1340
1982182000,r,1340
1982797000,s,140
1983305000,s,188
1983347000,r,1340
1983347000,r,1340
1983632000,s,140
1983752000,s,140
1985488000,r,1340
1985488000,r,1340
1985807000,s,140
1986229000,s,204
1986280000,r,1340
1986280000,r,1340
1986637000,s,140
1987530000,s,588
1988084000,r,1340
1988084000,r,1340
1988369000,r,1340
1988369000,r,1340
1988809000,s,140
1988980000,s,140
1989818000,r,1340
1989818000,r,1340
1990393000,s,140
1994543000,r,412
1994592000,s,252
1994543000,r,412
1994543000,r,172
1995654000,s,124
1996070000,r,156
1996234000,s,220
1996948000,s,156
1997514000,s,1100
1998893000,r,1340
1998893000,r,1340
1999298000,s,140
2001790000,r,1340
2001790000,r,1340
2001790000,r,1340
2001790000,r,1340
2001790000,r,1340
2001790000,r,1340
2001791000,r,1340
2001791000,r,1340
2001907000,r,1340
2001907000,r,1340
2001907000,r,1340
2001907000,r,1340
2001907000,r,1340
2002368000,s,140
2002539000,s,124
2002700000,s,124
2002976000,s,124
2003176000,s,140
2003169000,r,1340
2003169000,r,1340
2003394000,s,140
2003556000,s,140
2003876000,s,140
2005784000,r,1340
2005784000,r,1340
2006080000,s,140
2008150000,r,1340
2008150000,r,1340
2008150000,r,1340
2008537000,s,124
2012535000,r,1340
2012535000,r,1340
2012535000,r,1340
2012536000,r,1340
2012536000,r,1340
2012536000,r,1340
2012536000,r,1340
2012536000,r,1340
2012642000,r,1340
2012642000,r,172
2012642000,r,1340
2012642000,r,1340
2012642000,r,924
2012642000,r,1340
2012642000,r,1340
2012642000,r,172
2012681000,r,1340
2012681000,r,1340
2012681000,r,1340
2012682000,r,1340
2012682000,r,1340
2012682000,r,1340
2012682000,r,684
2012991000,s,124
2013350000,s,140
2013388000,s,124
2013409000,s,140
2013420000,s,124
2013428000,s,140
2013438000,s,140
2013853000,s,140
2013996000,s,140
2014108000,s,140
2016067000,r,1340
2016067000,r,1340
2016067000,r,1340
2016067000,r,412
2016067000,r,1340
2016067000,r,1340
2016067000,r,1340
2016068000,r,1340
2016127000,r,1340
2016127000,r,1340
2017056000,s,140
2017115000,s,124
2017140000,s,140
2017152000,s,124
2017447000,s,124
2017546000,r,1340
2017546000,r,1340
2017546000,r,1340
2017546000,r,1340
2017546000,r,1340
2017547000,r,1340
2017677000,s,124
2017836000,s,124
2017970000,s,124
2018099000,s,124
2018652000,r,1340
2018652000,r,1340
2018652000,r,1340
2019321000,s,124
2026390000,s,156
2027313000,r,1340
2027313000,r,1340
2027313000,r,1340
2027313000,r,1340
2027313000,r,1340
2027314000,r,1340
2028021000,s,124
2028105000,s,124
2028129000,s,124
2028443000,r,1340
2028443000,r,1340
2028443000,r,1340
2028443000,r,1340
2028443000,r,1340
2028443000,r,1340
2028444000,r,1340
2028444000,r,1340
2028518000,r,1340
2028518000,r,1340
2028518000,r,1340
2028518000,r,1340
2029103000,s,124
2029245000,s,124
2029355000,s,124
2029463000,s,124
2029565000,s,124
2029659000,s,124
2029828000,r,1340
2029828000,r,1340
2029828000,r,1340
2029828000,r,1340
2029829000,r,1340
2029829000,r,1340
2029829000,r,540
2030341000,s,124
2030459000,s,124
2030612000,s,124
2030743000,s,124
2036342000,s,140
2056101000,r,140
2056639000,s,124
2056986000,s,140
2060694000,s,1340
2060746000,s,844
2080093000,r,140
2080093000,r,124
2080093000,r,380
2080750000,s,140
2082982000,s,204
2083748000,s,236
2085277000,s,796
2103337000,r,140
2103338000,r,220
2103338000,r,140
2103338000,r,204
2103339000,r,140
2103339000,r,1340
2103339000,r,428
2106072000,s,140
2106300000,s,140
2113566000,s,172
2131792000,r,140
2860548000,r,1340
2860549000,r,1340
2860549000,r,1340
2860550000,r,1340
2860550000,r,1340
2860551000,r,1340
2860551000,r,1244
2860552000,r,1340
2861352000,r,1340
2861353000,r,1340
2861354000,r,1340
2864912000,s,124
2865466000,s,124
2865783000,s,124
2867062000,s,124
2867299000,s,124
2867483000,s,124
2867644000,s,124
2868000000,s,124
2868440000,s,124
2869016000,s,124
2869237000,s,124
2881727000,r,1340
2881727000,r,1340
2881728000,r,1340
2881728000,r,1340
2881729000,r,1340
2881729000,r,1340
2884232000,s,124
2884355000,r,1340
2884356000,r,1340
2884356000,r,1340
2884357000,r,1340
2884357000,r,1340
2884358000,r,1340
2884358000,r,1340
2884359000,r,1340
2884704000,r,1340
2884705000,r,1340
2884705000,r,1340
2884706000,r,1340
2884706000,r,1340
2884788000,s,124
2884707000,r,1340
2884707000,r,1340
2885085000,s,124
2885704000,s,124
2886011000,s,124
2886204000,s,124
2886523000,s,124
2886945000,s,124
2887665000,s,124
2888403000,s,124
2888710000,s,124
2889460000,s,124
2889838000,s,124
2890168000,s,124
2890446000,s,124
2891136000,s,124
2892338000,s,124
2893260000,s,124
2893543000,s,124
2893794000,s,124
2894051000,s,124
2899533000,r,1340
2899533000,r,1340
2899534000,r,1340
2899534000,r,1340
2899535000,r,1340
2899535000,r,1340
2899536000,r,1340
2899536000,r,1340
2899987000,r,1340
2899987000,r,1340
2899988000,r,1340
2899988000,r,1340
2899989000,r,1340
2899989000,r,1340
2899990000,r,1340
2900473000,r,1340
2900474000,r,1340
2902348000,r,1340
2902348000,r,1340
2902671000,r,1340
2903657000,s,124
2903679000,r,1340
2903680000,r,1340
2904002000,s,124
2904476000,s,124
2904790000,s,124
2905067000,s,124
2905313000,s,124
2905563000,s,124
2905841000,s,124
2906117000,s,124
2906310000,s,124
2906461000,r,1340
2906462000,r,1340
2906735000,s,124
2907245000,s,124
2907712000,s,124
2908336000,s,124
2908766000,s,124
2909178000,s,124
2909453000,s,124
2909744000,s,124
2910033000,s,124
2910504000,s,124
2910779000,s,124
2911384000,s,124
2914724000,s,124
2915020000,s,124
2916127000,r,1340
2916128000,r,1340
2916128000,r,1340
2916129000,r,1340
2916129000,r,1340
2917954000,r,1340
2917955000,r,1340
2917955000,r,956
2918479000,s,124
2920714000,s,124
2921200000,s,124
2921581000,s,124
2922044000,s,124
2922603000,s,124
2922941000,s,124
2923220000,s,124
2932867000,s,268
2956122000,r,1340
2956123000,r,1340
2956123000,r,1340
2956124000,r,1340
2956124000,r,1340
2956125000,r,1340
2956125000,r,1340
2956126000,r,1340
2956570000,r,1340
2956570000,r,1340
2956571000,r,1340
2956571000,r,1340
2957098000,r,1340
2957099000,r,1340
2957099000,r,1340
2957894000,r,1340
2957895000,r,1340
2957895000,r,1340
2958518000,r,1340
2958518000,r,1340
2958519000,r,1340
2960232000,r,1340
2960232000,r,1340
2960233000,r,1340
2960631000,s,140
2960718000,r,1340
2960718000,r,1340
2960719000,r,1340
2961183000,s,140
2961392000,s,140
2962137000,s,140
2962236000,r,1340
2962236000,r,1340
2962237000,r,1340
2962237000,r,1340
2962238000,r,1340
2962238000,r,1340
2962424000,s,140
2962590000,s,140
2963063000,r,1340
2963064000,r,1340
2963064000,r,1340
2963483000,s,140
2963811000,s,140
2963982000,s,140
2964492000,r,1340
2964493000,r,1340
2964493000,r,1340
2964851000,s,140
2965140000,s,140
2965455000,r,1340
2965455000,r,1340
2965456000,r,1340
2965456000,r,1340
2965457000,r,1340
2965457000,r,1340
2967532000,r,1340
2967533000,r,1340
2967533000,r,1340
2967534000,r,1340
2967534000,r,1340
2967535000,r,1340
2967860000,r,1340
2969258000,s,140
2969378000,r,1340
2969379000,r,1340
2969379000,r,1340
2969380000,r,1340
2969380000,r,1340
2969552000,s,140
2969823000,s,140
2970069000,s,140
2970298000,s,140
2970514000,s,140
2970745000,s,140
2970883000,s,140
2971023000,r,1340
2971023000,r,1340
2971024000,r,1340
2971024000,r,1340
2971025000,r,1340
2971025000,r,1340
2971650000,s,140
2971814000,r,1340
2971815000,r,1340
2972388000,s,140
2973047000,s,140
2973295000,s,140
2973591000,s,140
2974031000,r,1340
2974031000,r,1340
2974032000,r,1340
2974336000,s,140
2975366000,s,140
2975581000,s,140
2975761000,s,140
2978597000,s,140
2979467000,s,140
2979750000,r,1340
2979750000,r,1340
2979751000,r,1340
2979751000,r,1340
2979752000,r,1340
2979752000,r,1340
2980177000,r,1340
2980177000,r,1340
2980332000,r,1340
2980552000,s,140
2981145000,r,1340
2981146000,r,1340
2981146000,r,1340
2982186000,s,140
2982404000,r,1340
2982404000,r,1340
2982404000,r,1340
2982479000,s,140
2982845000,s,140
2983206000,r,1340
2983278000,s,140
2983206000,r,1340
2983207000,r,1340
2983476000,s,140
2983987000,s,140
2984199000,s,140
2984363000,s,140
2984752000,s,140
2985187000,r,1340
2985187000,r,1340
2985719000,s,140
2987037000,s,140
2987244000,s,140
2987389000,s,140
2988143000,r,1340
2988143000,r,1340
2988144000,r,1340
2988144000,r,1340
2990413000,s,140
2990819000,s,140
2991776000,r,1340
2991776000,r,1340
2991777000,r,1340
2991777000,r,1340
2991778000,r,1340
2991778000,r,1340
2991778000,r,1340
2991779000,r,1340
2992128000,r,1340
2992128000,r,1340
2992129000,r,1340
2992129000,r,1340
2992130000,r,1340
2992130000,r,1340
2992131000,r,1340
2992131000,r,1340
2992293000,r,1340
2992293000,r,1340
2992294000,r,1340
2992294000,r,1340
2992398000,r,1340
2992732000,r,1340
2992732000,r,556
2994276000,s,140
2995165000,s,140
2995972000,s,140
2996696000,s,140
2997599000,s,140
2997768000,s,140
2998040000,s,140
2998195000,s,140
2998458000,s,140
2998630000,s,140
2998770000,s,140
3042522000,s,140
5928309000,r,140
5928309000,r,124
5928310000,r,124
5932669000,s,124
5933113000,s,124
7112308000,r,172
7112309000,r,140
7112310000,r,124
7112310000,r,124
7116383000,s,124
7117532000,s,124
7132595000,r,124
12072246000,r,172
12072247000,r,156
12072247000,r,172
12072248000,r,156
12072248000,r,156
12072249000,r,156
12077082000,s,124
12077547000,s,124
12077760000,s,124
12078958000,s,124
12080504000,s,124
12093799000,r,124
12093799000,r,124
12788229000,r,156
12788230000,r,140
12788230000,r,124
12788231000,r,124
12789803000,s,124
12790357000,s,124
12790821000,s,124
12791383000,s,124
12804232000,r,124
17408299000,r,172
17408300000,r,156
17408300000,r,156
17413366000,s,156
17415378000,s,140
17424521000,r,204
17426600000,s,156
17440512000,r,140
18012222000,r,172
18012223000,r,156
18014810000,s,140
18016874000,s,140
18028524000,r,156
18030507000,s,124
23146403000,s,156
23158034000,r,156