0,s,1340
39768000,s,1340
40231000,s,1340
1099859000,s,1340
1138715000,s,1340
1139150000,s,1340
1157967000,r,1440
1160077000,r,1440
1763647000,s,1340
1765199000,s,1340
1783861000,r,1440
1786848000,s,1340
1787378000,s,1340
1787489000,s,1340
1788134000,s,1340
1788274000,s,1340
1788423000,s,1340
1789428000,s,1340
1789620000,s,1340
1789730000,s,1340
1789827000,s,1340
1790395000,s,1340
1790503000,s,1340
1790890000,s,1340
1790996000,s,1340
1791087000,s,1340
1791760000,s,1340
1791867000,s,1340
1791967000,s,1340
1792063000,s,1340
1792736000,s,1340
1792847000,s,1340
1793015000,s,1340
1793106000,s,1340
1793444000,s,1340
1793540000,s,1340
1793619000,s,1340
1793704000,s,1340
1793879000,s,1340
1794052000,s,1340
1794250000,s,1340
1794427000,s,1340
1794640000,s,1340
1794806000,s,1340
1795208000,s,1340
1795300000,s,1340
1795382000,s,1340
1795550000,s,1340
1795724000,s,1340
1795929000,s,1340
1796147000,s,1340
1796336000,s,1340
1796519000,s,1340
1796719000,s,1340
1797480000,s,1340
1797597000,s,1340
1797657000,s,1340
1797682000,s,1340
1797707000,s,1340
1797733000,s,1340
1797824000,s,1340
1798008000,s,1340
1798123000,s,1340
1798209000,s,1340
1798245000,s,1340
1798415000,s,1340
1798470000,s,1340
1799156000,s,1340
1799678000,s,1340
1799828000,s,1340
1799943000,s,1340
1800317000,s,1340
1800533000,s,1340
1801277000,s,1340
1801427000,s,1340
1801549000,s,1340
1801907000,s,1340
1802050000,s,1340
1802462000,s,1340
1802587000,s,1340
1802668000,s,1340
1803052000,s,1340
1803195000,s,1340
1803277000,s,1340
1803357000,s,1340
1803429000,s,1340
1803829000,s,1340
1804062000,s,1340
1804151000,s,1340
1804235000,s,1340
1804440000,s,1340
1804597000,s,1340
1804739000,s,1340
1804824000,s,1340
1804856000,s,1340
1805113000,s,1340
1805350000,s,1340
1805437000,s,1340
1806104000,s,1340
1806210000,s,1340
1810113000,r,1440
1810784000,r,1440
1811194000,s,1340
1811931000,r,1440
1811931000,r,1440
1813438000,s,1340
1814273000,s,1340
1816086000,s,1340
1821247000,s,1340
1828953000,r,1440
1828953000,r,1440
1830303000,s,1340
1830945000,s,1340
1842059000,r,1440
1842633000,s,1340
1842761000,s,1340
1845538000,r,1440
1848814000,r,1440
1848814000,r,1440
1848814000,r,1440
1848814000,r,1440
1848814000,r,1440
1848814000,r,1440
1848815000,r,1440
1849587000,s,1340
1849657000,s,1340
1849884000,s,1340
1850026000,s,1340
1850183000,s,1340
1851383000,r,1440
1851383000,r,1440
1851383000,r,1440
1851383000,r,1440
1851954000,s,1340
1852257000,s,1340
1860720000,s,1340
1883390000,s,1340
1884773000,s,1340
1886089000,s,1340
1888925000,s,1340
1889983000,s,1340
1891082000,s,1340
1894057000,r,1440
1895624000,r,1440
1895624000,r,1440
1896604000,s,1340
1896647000,r,1440
1897395000,s,1340
1897965000,s,1340
1898058000,s,1340
1899526000,r,1440
1899526000,r,1440
1902380000,r,1440
1902380000,r,1440
1902380000,r,1440
1902831000,s,1340
1902971000,s,1340
1903146000,s,1340
1903293000,s,1340
1903523000,s,1340
1904342000,s,1340
1904393000,s,1340
1904464000,s,1340
1905528000,s,1340
1906671000,s,1340
1906815000,s,1340
1907009000,s,1340
1907127000,s,1340
1907284000,s,1340
1907331000,s,1340
1907409000,s,1340
1907465000,s,1340
1908344000,s,1340
1908467000,s,1340
1908575000,s,1340
1908683000,s,1340
1909033000,s,1340
1909165000,s,1340
1909290000,s,1340
1909637000,s,1340
1909764000,s,1340
1909891000,s,1340
1910255000,s,1340
1910366000,s,1340
1910494000,s,1340
1910748000,s,1340
1911086000,s,1340
1911240000,s,1340
1911477000,s,1340
1911695000,s,1340
1911823000,s,1340
1912328000,s,1340
1912523000,s,1340
1912686000,s,1340
1912868000,s,1340
1913100000,s,1340
1913391000,s,1340
1913446000,s,1340
1913460000,s,1340
1913482000,s,1340
1913767000,r,1440
1913767000,r,1440
1913767000,r,1440
1913767000,r,1440
1913767000,r,1440
1913767000,r,1440
1913768000,r,1440
1913768000,r,1440
1913874000,r,1440
1913874000,r,1440
1913874000,r,1440
1913874000,r,1440
1914159000,s,1340
1914207000,s,1340
1914375000,s,1340
1914426000,s,1340
1914447000,s,1340
1914497000,s,1340
1914518000,s,1340
1914646000,r,1440
1914646000,r,1440
1914646000,r,1440
1914646000,r,1440
1914646000,r,1440
1914646000,r,1440
1914697000,s,1340
1914830000,s,1340
1914893000,s,1340
1915030000,s,1340
1915139000,s,1340
1915239000,s,1340
1915323000,s,1340
1915423000,s,1340
1915524000,s,1340
1915614000,s,1340
1915808000,s,1340
1916135000,s,1340
1916238000,s,1340
1916338000,s,1340
1916433000,s,1340
1916535000,s,1340
1916702000,s,1340
1916879000,s,1340
1917021000,s,1340
1917144000,s,1340
1917184000,s,1340
1917307000,s,1340
1917508000,s,1340
1922144000,r,1440
1922144000,r,1440
1922144000,r,1440
1922144000,r,1440
1922144000,r,1440
1922709000,s,1340
1922766000,s,1340
1922787000,s,1340
1923365000,r,1440
1923365000,r,1440
1923365000,r,1440
1923365000,r,1440
1923365000,r,1440
1923365000,r,1440
1923880000,s,1340
1923940000,s,1340
1923972000,s,1340
1924168000,r,1440
1924927000,s,1340
1926369000,r,1440
1927734000,s,1340
1927868000,s,1340
1928482000,s,1340
1928713000,r,1440
1929102000,s,1340
1929161000,s,1340
1929181000,s,1340
1929369000,s,1340
1929657000,r,1440
1931057000,s,1340
1932242000,r,1440
1932319000,s,1340
1935169000,r,1440
1935169000,r,1440
1935698000,s,1340
1936057000,r,1440
1945395000,r,1440
1945896000,s,1340
1946213000,s,1340
1946872000,r,1440
1946872000,r,1440
1946872000,r,1440
1946872000,r,1440
1946872000,r,1440
1946872000,r,1440
1946873000,r,1440
1946873000,r,1440
1946986000,r,1440
1947519000,s,1340
1947567000,s,1340
1947878000,s,1340
1948056000,s,1340
1948192000,s,1340
1948275000,s,1340
1955193000,r,1440
1955193000,r,1440
1958979000,r,1440
1959679000,s,1340
1962148000,r,1440
1962148000,r,1440
1962149000,r,1440
1962149000,r,1440
1962149000,r,1440
1962149000,r,1440
1962149000,r,1440
1962149000,r,1440
1962261000,r,1440
1962261000,r,1440
1962261000,r,1440
1962664000,r,1440
1962664000,r,1440
1963001000,s,1340
1963124000,s,1340
1963202000,s,1340
1963309000,s,1340
1963387000,s,1340
1963465000,s,1340
1963570000,s,1340
1963667000,r,1440
1963873000,s,1340
1964030000,s,1340
1964138000,s,1340
1964244000,s,1340
1964340000,s,1340
1964413000,s,1340
1964480000,s,1340
1964568000,s,1340
1964752000,s,1340
1965018000,s,1340
1965186000,s,1340
1965345000,s,1340
1965551000,s,1340
1966064000,s,1340
1966184000,s,1340
1966280000,s,1340
1966352000,s,1340
1966513000,r,1440
1966518000,s,1340
1966701000,s,1340
1966881000,s,1340
1967118000,s,1340
1967383000,s,1340
1967468000,s,1340
1967545000,s,1340
1967831000,s,1340
1967934000,s,1340
1968278000,s,1340
1968395000,s,1340
1969199000,s,1340
1969438000,s,1340
1969548000,s,1340
1969642000,s,1340
1969822000,s,1340
1969973000,s,1340
1970097000,s,1340
1970195000,s,1340
1970244000,s,1340
1971109000,s,1340
1971275000,s,1340
1971325000,s,1340
1971426000,s,1340
1971480000,s,1340
1971550000,s,1340
1971643000,s,1340
1971725000,s,1340
1971788000,s,1340
1971848000,s,1340
1971904000,s,1340
1972524000,s,1340
1972633000,s,1340
1972743000,s,1340
1972807000,s,1340
1972868000,s,1340
1973073000,s,1340
1973190000,s,1340
1973409000,s,1340
1973494000,s,1340
1973749000,s,1340
1974321000,s,1340
1974359000,s,1340
1975723000,s,1340
1975825000,s,1340
1976029000,s,1340
1976196000,s,1340
1976280000,s,1340
1976321000,r,1440
1976395000,s,1340
1976321000,r,1440
1976321000,r,1440
1976321000,r,1440
1976322000,r,1440
1976570000,s,1340
1976676000,s,1340
1976785000,s,1340
1976863000,s,1340
1976920000,r,1440
1976920000,r,1440
1976920000,r,1440
1976921000,r,1440
1977003000,s,1340
1977222000,s,1340
1977975000,s,1340
1978112000,s,1340
1980830000,r,1440
1987408000,s,1340
1997830000,s,1340
2017366000,s,1340
2018696000,r,1440
2018696000,r,1440
2018696000,r,1440
2019299000,s,1340
2020221000,s,1340
2034074000,s,1340
2034166000,s,1340
2039110000,r,1440
2039110000,r,1440
2039111000,r,1440
2039111000,r,1440
2039111000,r,1440
2039111000,r,1440
2039111000,r,1440
2039111000,r,1440
2039275000,r,1440
2039275000,r,1440
2039275000,r,1440
2039275000,r,1440
2039275000,r,1440
2039275000,r,1440
2039276000,r,1440
2039276000,r,1440
2039317000,r,1440
2039317000,r,1440
2039317000,r,1440
2039318000,r,1440
2039318000,r,1440
2040303000,s,1340
2040445000,s,1340
2040555000,s,1340
2040655000,s,1340
2040751000,s,1340
2040848000,s,1340
2041054000,s,1340
2041157000,s,1340
2041250000,s,1340
2041542000,s,1340
2041661000,s,1340
2041659000,r,1440
2041659000,r,1440
2041659000,r,1440
2041659000,r,1440
2041660000,r,1440
2041660000,r,1440
2041660000,r,1440
2041660000,r,1440
2041750000,r,1440
2041751000,r,1440
2041751000,r,1440
2041751000,r,1440
2041751000,r,1440
2041751000,r,1440
2041751000,r,1440
2041751000,r,1440
2041783000,s,1340
2041791000,r,1440
2041791000,r,1440
2041911000,s,1340
2042026000,s,1340
2042130000,s,1340
2042242000,s,1340
2042363000,s,1340
2042471000,s,1340
2042529000,r,1440
2042529000,r,1440
2042529000,r,1440
2042530000,r,1440
2042530000,r,1440
2042530000,r,1440
2042530000,r,1440
2042530000,r,1440
2042576000,s,1340
2042585000,r,1440
2042586000,r,1440
2042586000,r,1440
2042586000,r,1440
2042586000,r,1440
2042586000,r,1440
2042586000,r,1440
2042679000,s,1340
2042784000,s,1340
2042854000,r,1440
2042885000,s,1340
2042854000,r,1440
2042854000,r,1440
2042854000,r,1440
2042854000,r,1440
2042854000,r,1440
2042991000,s,1340
2043093000,s,1340
2043184000,s,1340
2043282000,s,1340
2043384000,s,1340
2043484000,s,1340
2043591000,s,1340
2043686000,s,1340
2043783000,s,1340
2043888000,s,1340
2043988000,s,1340
2044082000,s,1340
2044176000,s,1340
2044276000,s,1340
2044377000,s,1340
2044476000,s,1340
2044573000,s,1340
2044683000,s,1340
2044787000,s,1340
2044891000,s,1340
2045019000,s,1340
2045106000,s,1340
2045201000,s,1340
2045298000,s,1340
2045393000,s,1340
2045488000,s,1340
2045579000,s,1340
2045671000,s,1340
2045761000,s,1340
2045845000,s,1340
2045924000,s,1340
2046004000,s,1340
2046062000,s,1340
2046115000,s,1340
2046165000,s,1340
2046217000,s,1340
2046277000,s,1340
2046339000,s,1340
2046403000,s,1340
2046529000,s,1340
2046600000,s,1340
2046754000,s,1340
2046903000,s,1340
2047001000,s,1340
2047068000,s,1340
2047135000,s,1340
2047238000,s,1340
2047334000,s,1340
2047429000,s,1340
2047546000,r,1440
2047621000,s,1340
2047547000,r,1440
2047547000,r,1440
2047547000,r,1440
2047547000,r,1440
2047547000,r,1440
2047715000,s,1340
2047806000,s,1340
2047913000,s,1340
2048018000,s,1340
2048105000,s,1340
2048187000,s,1340
2048259000,s,1340
2048334000,s,1340
2048410000,s,1340
2048494000,s,1340
2048559000,s,1340
2048638000,s,1340
2048714000,s,1340
2048784000,s,1340
2048870000,s,1340
2049025000,s,1340
2049111000,s,1340
2049196000,s,1340
2049274000,s,1340
2049356000,s,1340
2049837000,s,1340
2049922000,s,1340
2049943000,s,1340
2050012000,s,1340
2050084000,s,1340
2050823000,s,1340
2050932000,s,1340
2051282000,s,1340
2051375000,s,1340
2051596000,s,1340
2051767000,s,1340
2051856000,s,1340
2051945000,s,1340
2052037000,s,1340
2052187000,s,1340
2052282000,s,1340
2052370000,s,1340
2052455000,s,1340
2052533000,s,1340
2052612000,s,1340
2052700000,s,1340
2052829000,s,1340
2052972000,s,1340
2053198000,s,1340
2053305000,s,1340
2053722000,s,1340
2053814000,s,1340
2053897000,s,1340
2054187000,s,1340
2054288000,s,1340
2054376000,s,1340
2054662000,s,1340
2054746000,s,1340
2054823000,s,1340
2055052000,s,1340
2055184000,s,1340
2055269000,s,1340
2055574000,s,1340
2055671000,s,1340
2055761000,s,1340
2055838000,s,1340
2055911000,s,1340
2056136000,s,1340
2056234000,s,1340
2056434000,s,1340
2056560000,s,1340
2056723000,s,1340
2056811000,s,1340
2056893000,s,1340
2056945000,s,1340
2056989000,s,1340
2057234000,r,1440
2057234000,r,1440
2057234000,r,1440
2057234000,r,1440
2057234000,r,1440
2057492000,s,1340
2057530000,s,1340
2057639000,s,1340
2057710000,s,1340
2057796000,s,1340
2057813000,s,1340
2057840000,s,1340
2057918000,s,1340
2057958000,s,1340
2058102000,s,1340
2058154000,s,1340
2058364000,s,1340
2058412000,s,1340
2059718000,s,1340
2059841000,s,1340
2060002000,s,1340
2060071000,s,1340
2061005000,s,1340
2061058000,s,1340
2062293000,s,1340
2062367000,s,1340
2062426000,s,1340
2062565000,s,1340
2062699000,s,1340
2062748000,s,1340
2066864000,s,1340
2067310000,s,1340
2067462000,s,1340
2067664000,s,1340
2067744000,s,1340
2067814000,s,1340
2067943000,s,1340
2068090000,s,1340
2068200000,s,1340
2068762000,s,1340
2068834000,s,1340
2069096000,s,1340
2069268000,s,1340
2069379000,s,1340
2069479000,s,1340
2069606000,s,1340
2069746000,s,1340
2069902000,s,1340
2070213000,r,1440
2070227000,s,1340
2070214000,r,1440
2070214000,r,1440
2070214000,r,1440
2070214000,r,1440
2070214000,r,1440
2070375000,s,1340
2070445000,r,1440
2070464000,s,1340
2070445000,r,1440
2070445000,r,1440
2070445000,r,1440
2070445000,r,1440
2070445000,r,1440
2070445000,r,1440
2070445000,r,1440
2070517000,r,1440
2070554000,s,1340
2070635000,s,1340
2070833000,r,1440
2070833000,r,1440
2070833000,r,1440
2070958000,s,1340
2071065000,s,1340
2071172000,s,1340
2071266000,s,1340
2071352000,s,1340
2071440000,s,1340
2071530000,s,1340
2071624000,s,1340
2071718000,s,1340
2071804000,s,1340
2072312000,s,1340
2072526000,r,1440
2072526000,r,1440
2072526000,r,1440
2072526000,r,1440
2072526000,r,1440
2072526000,r,1440
2072526000,r,1440
2072526000,r,1440
2072594000,r,1440
2072594000,r,1440
2072594000,r,1440
2072595000,r,1440
2072595000,r,1440
2072595000,r,1440
2072595000,r,1440
2072595000,r,1440
2072639000,r,1440
2072639000,r,1440
2072639000,r,1440
2072639000,r,1440
2072639000,r,1440
2072807000,r,1440
2072807000,r,1440
2072807000,r,1440
2073131000,s,1340
2073417000,s,1340
2073462000,s,1340
2073482000,s,1340
2073492000,s,1340
2073636000,s,1340
2073668000,s,1340
2074133000,s,1340
2074152000,s,1340
2074161000,s,1340
2074168000,s,1340
2074175000,s,1340
2074217000,r,1440
2074217000,r,1440
2074244000,s,1340
2074217000,r,1440
2074217000,r,1440
2074217000,r,1440
2074217000,r,1440
2074217000,r,1440
2074217000,r,1440
2074281000,r,1440
2074281000,r,1440
2074281000,r,1440
2074281000,r,1440
2074281000,r,1440
2074282000,r,1440
2074282000,r,1440
2074282000,r,1440
2074325000,s,1340
2074346000,s,1340
2074365000,s,1340
2074372000,s,1340
2074720000,s,1340
2074871000,s,1340
2075035000,s,1340
2075082000,s,1340
2075131000,s,1340
2075165000,s,1340
2075183000,s,1340
2075282000,s,1340
2075524000,s,1340
2075549000,s,1340
2075677000,s,1340
2080164000,s,1340
2081058000,s,1340
2081924000,s,1340
2083715000,s,1340
2084860000,s,1340
2090492000,r,1440
2090492000,r,1440
2090492000,r,1440
2090492000,r,1440
2090492000,r,1440
2090492000,r,1440
2090493000,r,1440
2090493000,r,1440
2090911000,s,1340
2091193000,s,1340
2091251000,s,1340
2091417000,s,1340
2091670000,s,1340
2091907000,s,1340
2091990000,s,1340
2092143000,s,1340
2092347000,s,1340
2092546000,s,1340
2092625000,s,1340
2092793000,s,1340
2093007000,s,1340
2093089000,s,1340
2093252000,s,1340
2093487000,s,1340
2093597000,s,1340
2093705000,s,1340
2093990000,s,1340
2094154000,s,1340
2094269000,s,1340
2094407000,s,1340
2094636000,s,1340
2094736000,s,1340
2094828000,s,1340
2094993000,s,1340
2095076000,s,1340
2095893000,s,1340
2095941000,s,1340
2096734000,s,1340
2096829000,s,1340
2096884000,s,1340
2097066000,s,1340
2097107000,s,1340
2097147000,s,1340
2097343000,s,1340
2097427000,s,1340
2097486000,s,1340
2098349000,s,1340
2098424000,s,1340
2099515000,s,1340
2099660000,s,1340
2099842000,s,1340
2100019000,s,1340
2100170000,s,1340
2100305000,s,1340
2100430000,s,1340
2100531000,s,1340
2100666000,s,1340
2100793000,s,1340
2100956000,s,1340
2101127000,s,1340
2101613000,r,1440
2101681000,s,1340
2101613000,r,1440
2101613000,r,1440
2101614000,r,1440
2101614000,r,1440
2101614000,r,1440
2101614000,r,1440
2101614000,r,1440
2101770000,r,1440
2101770000,r,1440
2101770000,r,1440
2101770000,r,1440
2101771000,r,1440
2101771000,r,1440
2101771000,r,1440
2101771000,r,1440
2101812000,r,1440
2101812000,r,1440
2101986000,r,1440
2101986000,r,1440
2101986000,r,1440
2102164000,s,1340
2102204000,s,1340
2102342000,s,1340
2102431000,s,1340
2102595000,s,1340
2102623000,s,1340
2102650000,s,1340
2102707000,s,1340
2102862000,s,1340
2103003000,s,1340
2103132000,s,1340
2103247000,s,1340
2103299000,r,1440
2103300000,r,1440
2103300000,r,1440
2103300000,r,1440
2103387000,s,1340
2103300000,r,1440
2103488000,s,1340
2103586000,s,1340
2103684000,s,1340
2103779000,s,1340
2104109000,s,1340
2104224000,s,1340
2104328000,s,1340
2104426000,s,1340
2104521000,s,1340
2104609000,s,1340
2104696000,s,1340
2104775000,s,1340
2104853000,s,1340
2104994000,s,1340
2105093000,s,1340
2105183000,s,1340
2105278000,s,1340
2105385000,s,1340
2105471000,s,1340
2105673000,s,1340
2105776000,s,1340
2105846000,s,1340
2105878000,s,1340
2106269000,s,1340
2106477000,s,1340
2106577000,s,1340
2106778000,s,1340
2107080000,s,1340
2107235000,s,1340
2107410000,s,1340
2107633000,s,1340
2107835000,s,1340
2107931000,s,1340
2108115000,s,1340
2108299000,s,1340
2108397000,s,1340
2108496000,s,1340
2108588000,s,1340
2109733000,s,1340
2110007000,s,1340
2110121000,s,1340
2110319000,s,1340
2110468000,s,1340
2110535000,s,1340
2110807000,s,1340
2111373000,s,1340
2111463000,s,1340
2111645000,s,1340
2111792000,s,1340
2111885000,s,1340
2112084000,s,1340
2112175000,s,1340
2112260000,s,1340
2112507000,s,1340
2112590000,s,1340
2112749000,s,1340
2112820000,s,1340
2112952000,r,1440
2112952000,r,1440
2112952000,r,1440
2113039000,s,1340
2112952000,r,1440
2112952000,r,1440
2112952000,r,1440
2113828000,s,1340
2113882000,s,1340
2113995000,s,1340
2114068000,s,1340
2114130000,s,1340
2114185000,s,1340
2114239000,s,1340
2114313000,s,1340
2114361000,s,1340
2114757000,r,1440
2114757000,r,1440
2114757000,r,1440
2114757000,r,1440
2114757000,r,1440
2114758000,r,1440
2114990000,s,1340
2115121000,s,1340
2115946000,s,1340
2116001000,s,1340
2116022000,s,1340
2116039000,s,1340
2116051000,s,1340
2116064000,s,1340
2116092000,s,1340
2116982000,s,1340
2117028000,s,1340
2124486000,r,1440
2124486000,r,1440
2124486000,r,1440
2124486000,r,1440
2124486000,r,1440
2124486000,r,1440
2124486000,r,1440
2124486000,r,1440
2124610000,r,1440
2124610000,r,1440
2124610000,r,1440
2124610000,r,1440
2124610000,r,1440
2124611000,r,1440
2124611000,r,1440
2125113000,s,1340
2125211000,s,1340
2125398000,s,1340
2125506000,s,1340
2125593000,s,1340
2125684000,s,1340
2125765000,s,1340
2125921000,s,1340
2126010000,s,1340
2126065000,s,1340
2126181000,s,1340
2128527000,s,1340
2128622000,s,1340
2135384000,s,1340
2135709000,r,1440
2135709000,r,1440
2135710000,r,1440
2136195000,s,1340
2136391000,s,1340
2136542000,s,1340
2139017000,r,1440
2139018000,r,1440
2139018000,r,1440
2139018000,r,1440
2139018000,r,1440
2139018000,r,1440
2139018000,r,1440
2139018000,r,1440
2139125000,r,1440
2139125000,r,1440
2139126000,r,1440
2139126000,r,1440
2139126000,r,1440
2139126000,r,1440
2139126000,r,1440
2139126000,r,1440
2139166000,r,1440
2139166000,r,1440
2139166000,r,1440
2139167000,r,1440
2139167000,r,1440
2139167000,r,1440
2139167000,r,1440
2139167000,r,1440
2139203000,r,1440
2139203000,r,1440
2139204000,r,1440
2139885000,s,1340
2140158000,s,1340
2140360000,s,1340
2140466000,s,1340
2140535000,s,1340
2140622000,s,1340
2140698000,s,1340
2140782000,s,1340
2140864000,s,1340
2140989000,s,1340
2141072000,s,1340
2141135000,s,1340
2141218000,s,1340
2141278000,s,1340
2141339000,s,1340
2141397000,s,1340
2141453000,s,1340
2141505000,s,1340
2141554000,s,1340
2141607000,s,1340
2141668000,s,1340
2141759000,s,1340
2141824000,s,1340
2142039000,s,1340
2142322000,s,1340
2142473000,s,1340
2142561000,s,1340
2142644000,s,1340
2142724000,s,1340
2142729000,r,1440
2142892000,s,1340
2143038000,s,1340
2143330000,s,1340
2143444000,s,1340
2143527000,s,1340
2143582000,s,1340
2144176000,s,1340
2144350000,s,1340
2144630000,s,1340
2145213000,s,1340
2145294000,s,1340
2145443000,s,1340
2145690000,s,1340
2145884000,s,1340
2146004000,s,1340
2146118000,s,1340
2146183000,s,1340
2146242000,s,1340
2146484000,s,1340
2146551000,s,1340
2146627000,s,1340
2146926000,s,1340
2147136000,s,1340
2147278000,s,1340
2147384000,s,1340
2147494000,s,1340
2147616000,s,1340
2147742000,s,1340
2147864000,s,1340
2148047000,s,1340
2148176000,s,1340
2148252000,s,1340
2148322000,s,1340
2148385000,s,1340
2148445000,s,1340
2148791000,s,1340
2148877000,s,1340
2149354000,s,1340
2149419000,s,1340
2149593000,s,1340
2149992000,s,1340
2150073000,s,1340
2150259000,s,1340
2150355000,s,1340
2150419000,s,1340
2151280000,s,1340
2151507000,s,1340
2151580000,s,1340
2151736000,s,1340
2151840000,s,1340
2152045000,s,1340
2152257000,s,1340
2152349000,s,1340
2152655000,s,1340
2152743000,s,1340
2152982000,s,1340
2153053000,s,1340
2153245000,s,1340
2153356000,s,1340
2153491000,s,1340
2153565000,s,1340
2154910000,s,1340
2155153000,s,1340
2155240000,s,1340
2155526000,s,1340
2155662000,s,1340
2155730000,s,1340
2155791000,s,1340
2155897000,s,1340
2156031000,s,1340
2156094000,s,1340
2157389000,s,1340
2157561000,s,1340
2157613000,s,1340
2158753000,s,1340
2161339000,r,1440
2161339000,r,1440
2161340000,r,1440
2161340000,r,1440
2161340000,r,1440
2161978000,s,1340
2162091000,s,1340
2162211000,s,1340
2162272000,s,1340
2162320000,s,1340
2163951000,s,1340
2164034000,s,1340
2164167000,s,1340
2164286000,s,1340
2164434000,s,1340
2164548000,s,1340
2164685000,s,1340
2165062000,r,1440
2165094000,s,1340
2165062000,r,1440
2165062000,r,1440
2165062000,r,1440
2165172000,s,1340
2165307000,s,1340
2165411000,s,1340
2165906000,s,1340
2165956000,s,1340
2165981000,s,1340
2166626000,s,1340
2166759000,s,1340
2166880000,s,1340
2166953000,s,1340
2167806000,s,1340
2167871000,s,1340
2167965000,s,1340
2168002000,s,1340
2168087000,s,1340
2168161000,s,1340
2168178000,s,1340
2168237000,s,1340
2169380000,s,1340
2169460000,s,1340
2169534000,s,1340
2169591000,s,1340
2170228000,s,1340
2170302000,s,1340
2170361000,s,1340
2170463000,s,1340
2170744000,s,1340
2170794000,s,1340
2171949000,s,1340
2172072000,s,1340
2172222000,s,1340
2172302000,s,1340
2172563000,s,1340
2172632000,s,1340
2172806000,s,1340
2172935000,s,1340
2173025000,s,1340
2173190000,s,1340
2173299000,s,1340
2173533000,s,1340
2173664000,s,1340
2173859000,s,1340
2176971000,r,1440
2176971000,r,1440
2176971000,r,1440
2176971000,r,1440
2177772000,s,1340
2177995000,s,1340
2178525000,r,1440
2179260000,r,1440
2179461000,s,1340
2180732000,r,1440
2182960000,r,1440
2182960000,r,1440
2183810000,s,1340
2184848000,r,1440
2184848000,r,1440
2185120000,s,1340
2185223000,s,1340
2187835000,s,1340
2187898000,r,1440
2196544000,r,1440
2196544000,r,1440
2196544000,r,1440
2196544000,r,1440
2197394000,s,1340
2197509000,s,1340
2197536000,s,1340
2197549000,s,1340
2197610000,s,1340
2197964000,s,1340
2198058000,s,1340
2198217000,s,1340
2198317000,s,1340
2198571000,s,1340
2198866000,s,1340
2198942000,s,1340
2199145000,s,1340
2199222000,r,1440
2199222000,r,1440
2199400000,s,1340
2199645000,s,1340
2200042000,s,1340
2200218000,r,1440
2207796000,r,1440
2209665000,s,1340
2232805000,r,1440
2232805000,r,1440
2234152000,s,1340
2234595000,s,1340
2235785000,r,1440
2235785000,r,1440
2239266000,r,1440
2239266000,r,1440
2239266000,r,1440
2239903000,s,1340
2240040000,s,1340
2240079000,r,1440
2240079000,r,1440
2240467000,s,1340
2240603000,s,1340
2240710000,s,1340
2240956000,s,1340
2241095000,s,1340
2241206000,s,1340
2241315000,s,1340
2241436000,s,1340
2241552000,s,1340
2241635000,s,1340
2241929000,s,1340
2242111000,s,1340
2242336000,s,1340
2242444000,s,1340
2242494000,s,1340
2242687000,s,1340
2242941000,s,1340
2243165000,s,1340
2243320000,s,1340
2243678000,s,1340
2243839000,s,1340
2244073000,s,1340
2244143000,s,1340
2244203000,s,1340
2244335000,s,1340
2244442000,s,1340
2244499000,s,1340
2244720000,s,1340
2244779000,s,1340
2244862000,s,1340
2245763000,s,1340
2245856000,s,1340
2245891000,s,1340
2245911000,s,1340
2246359000,s,1340
2246775000,s,1340
2246900000,s,1340
2247228000,s,1340
2247510000,s,1340
2247610000,s,1340
2247919000,s,1340
2247994000,s,1340
2248078000,s,1340
2248167000,s,1340
2248233000,s,1340
2248310000,s,1340
2248361000,s,1340
2248837000,s,1340
2248990000,s,1340
2249076000,s,1340
2249302000,s,1340
2249395000,s,1340
2249597000,s,1340
2249713000,s,1340
2249869000,s,1340
2250058000,s,1340
2250162000,s,1340
2250233000,s,1340
2250307000,s,1340
2250577000,s,1340
2250738000,s,1340
2251358000,s,1340
2252592000,s,1340
2252675000,s,1340
2252823000,s,1340
2253040000,s,1340
2253119000,s,1340
2253285000,s,1340
2253644000,s,1340
2253782000,s,1340
2253908000,s,1340
2253999000,s,1340
2254279000,s,1340
2254408000,s,1340
2255778000,s,1340
2255819000,s,1340
2256071000,s,1340
2266588000,s,1340
2268004000,r,1440
2268004000,r,1440
2271862000,r,1440
2272456000,s,1340
2279379000,s,1340
2437811000,s,1340
2438175000,s,1340
2438894000,s,1340
2445115000,s,1340
2445932000,s,1340
2446362000,r,1440
2446362000,r,1440
2446602000,s,1340
2447866000,s,1340
2447960000,s,1340
2448004000,s,1340
2448078000,s,1340
2448255000,s,1340
2448311000,s,1340
2448494000,s,1340
2448574000,s,1340
2448657000,s,1340
2449011000,s,1340
2449161000,s,1340
2449256000,s,1340
2449281000,s,1340
2449369000,s,1340
2449485000,s,1340
2449605000,s,1340
2449700000,s,1340
2449751000,s,1340
2450630000,s,1340
2450774000,s,1340
2450963000,s,1340
2451047000,s,1340
2451175000,s,1340
2451256000,s,1340
2451380000,s,1340
2451524000,s,1340
2451661000,s,1340
2452000000,s,1340
2452248000,s,1340
2452360000,s,1340
2452444000,s,1340
2452532000,s,1340
2452602000,s,1340
2452687000,s,1340
2452749000,r,1440
2452756000,s,1340
2452887000,s,1340
2459103000,s,1340
2459172000,s,1340
2459464000,s,1340
2459591000,s,1340
2459701000,s,1340
2459778000,s,1340
2459899000,s,1340
2460012000,s,1340
2460280000,s,1340
2460544000,s,1340
2460862000,s,1340
2461125000,s,1340
2461238000,s,1340
2461321000,s,1340
2464205000,s,1340
2464257000,s,1340
2464324000,s,1340
2464821000,s,1340
2464934000,s,1340
2465046000,s,1340
2466084000,s,1340
2466270000,s,1340
2466404000,s,1340
2466595000,s,1340
2466715000,s,1340
2466942000,s,1340
2467051000,s,1340
2467197000,s,1340
2467428000,s,1340
2467531000,s,1340
2467711000,s,1340
2467905000,s,1340
2467979000,s,1340
2468052000,s,1340
2468199000,s,1340
2468354000,s,1340
2468551000,s,1340
2468702000,s,1340
2468786000,s,1340
2468985000,s,1340
2469071000,s,1340
2469270000,s,1340
2469431000,s,1340
2469459000,s,1340
2469640000,s,1340
2469744000,s,1340
2469955000,s,1340
2469995000,s,1340
2470340000,s,1340
2470421000,s,1340
2470478000,s,1340
2470534000,s,1340
2470665000,s,1340
2470758000,s,1340
2470834000,s,1340
2471015000,s,1340
2471113000,s,1340
2471180000,s,1340
2471710000,s,1340
2472206000,s,1340
2473100000,s,1340
2473270000,s,1340
2473333000,s,1340
2473544000,s,1340
2473768000,s,1340
2473871000,s,1340
2474147000,s,1340
2474228000,s,1340
2474307000,s,1340
2474410000,s,1340
2474595000,s,1340
2474734000,s,1340
2474820000,s,1340
2474905000,s,1340
2475113000,s,1340
2475175000,s,1340
2475319000,s,1340
2475404000,s,1340
2475596000,s,1340
2475685000,s,1340
2475887000,s,1340
2476076000,s,1340
2476176000,s,1340
2476270000,s,1340
2476455000,s,1340
2476696000,s,1340
2476838000,s,1340
2476954000,s,1340
2477036000,s,1340
2477159000,s,1340
2477324000,s,1340
2477391000,s,1340
2478505000,s,1340
2478621000,s,1340
2478764000,s,1340
2478853000,s,1340
2479006000,s,1340
2479092000,s,1340
2479549000,s,1340
2479635000,s,1340
2479755000,s,1340
2480041000,s,1340
2480130000,s,1340
2480359000,s,1340
2480697000,s,1340
2480721000,s,1340
2480784000,s,1340
2481087000,s,1340
2481174000,s,1340
2481307000,s,1340
2481580000,r,1440
2481649000,s,1340
2481694000,s,1340
2481866000,s,1340
2482219000,s,1340
2482320000,s,1340
2483366000,r,1440
2483366000,r,1440
2483367000,r,1440
2483367000,r,1440
2483367000,r,1440
2483767000,s,1340
2483880000,s,1340
2483915000,s,1340
2483927000,s,1340
2484211000,s,1340
2484235000,s,1340
2484945000,s,1340
2485170000,s,1340
2485269000,s,1340
2485352000,s,1340
2485434000,s,1340
2485514000,s,1340
2485713000,s,1340
2485894000,s,1340
2486071000,s,1340
2486296000,s,1340
2486397000,s,1340
2486487000,s,1340
2486633000,s,1340
2487454000,s,1340
2487595000,s,1340
2488583000,s,1340
2489870000,s,1340
2490100000,s,1340
2490135000,s,1340
2490150000,s,1340
2490234000,s,1340
2490312000,s,1340
2490359000,s,1340
2491317000,s,1340
2491571000,s,1340
2491691000,s,1340
2491793000,s,1340
2491884000,s,1340
2492061000,s,1340
2492838000,s,1340
2492982000,s,1340
2493079000,s,1340
2493183000,s,1340
2493269000,s,1340
2493351000,s,1340
2493523000,s,1340
2493850000,s,1340
2494032000,s,1340
2494117000,s,1340
2494400000,s,1340
2494538000,s,1340
2494682000,s,1340
2494809000,s,1340
2494918000,s,1340
2495116000,s,1340
2495175000,s,1340
2495233000,s,1340
2495291000,s,1340
2495435000,s,1340
2495493000,s,1340
2496208000,s,1340
2496272000,s,1340
2496527000,s,1340
2496608000,s,1340
2496659000,s,1340
2496706000,s,1340
2496752000,s,1340
2496793000,s,1340
2496821000,s,1340
2496865000,s,1340
2498164000,s,1340
2498295000,s,1340
2498393000,s,1340
2498516000,s,1340
2498676000,s,1340
2498758000,s,1340
2498936000,s,1340
2499025000,s,1340
2499425000,s,1340
2499514000,s,1340
2499703000,s,1340
2499859000,s,1340
2499939000,s,1340
2500128000,s,1340
2500256000,s,1340
2509980000,s,1340
2510169000,s,1340
2510264000,s,1340
2510332000,s,1340
2510417000,s,1340
2510481000,s,1340
2510660000,s,1340
2510700000,s,1340
2510923000,s,1340
2511310000,s,1340
2511448000,s,1340
2511700000,s,1340
2511827000,s,1340
2511867000,s,1340
2513091000,s,1340
2513280000,s,1340
2513763000,s,1340
2513794000,s,1340
2513994000,s,1340
2514099000,s,1340
2514283000,s,1340
2514440000,s,1340
2514508000,s,1340
2514653000,s,1340
2514765000,s,1340
2514884000,s,1340
2515976000,s,1340
2516062000,s,1340
2516100000,s,1340
2516123000,s,1340
2516142000,s,1340
2516167000,s,1340
2516186000,s,1340
2516298000,s,1340
2516432000,s,1340
2516612000,s,1340
2516714000,s,1340
2517051000,s,1340
2517087000,s,1340
2517245000,s,1340
2517435000,s,1340
2517512000,s,1340
2517561000,s,1340
2518162000,r,1440
2518162000,r,1440
2518163000,r,1440
2518163000,r,1440
2518163000,r,1440
2518163000,r,1440
2518163000,r,1440
2518163000,r,1440
2518265000,r,1440
2518266000,r,1440
2518266000,r,1440
2518266000,r,1440
2518266000,r,1440
2518266000,r,1440
2518266000,r,1440
2518266000,r,1440
2518298000,r,1440
2518298000,r,1440
2518298000,r,1440
2518298000,r,1440
2518559000,s,1340
2518603000,s,1340
2518623000,s,1340
2518853000,s,1340
2519261000,s,1340
2519280000,s,1340
2519585000,s,1340
2519627000,s,1340
2520990000,s,1340
2521065000,s,1340
2521102000,s,1340
2521192000,s,1340
2521287000,s,1340
2521335000,s,1340
2521464000,s,1340
2521596000,s,1340
2521727000,s,1340
2521852000,s,1340
2521891000,s,1340
2522052000,s,1340
2522167000,s,1340
2522275000,s,1340
2522374000,s,1340
2522608000,s,1340
2522708000,s,1340
2522818000,s,1340
2523022000,s,1340
2523725000,s,1340
2523829000,s,1340
2523963000,s,1340
2524067000,s,1340
2524142000,s,1340
2524189000,s,1340
2524809000,s,1340
2524972000,s,1340
2525276000,s,1340
2525387000,s,1340
2525606000,s,1340
2525702000,s,1340
2525807000,s,1340
2525913000,s,1340
2525950000,s,1340
2526009000,s,1340
2526062000,s,1340
2526388000,s,1340
2526452000,s,1340
2527735000,s,1340
2527829000,s,1340
2528369000,s,1340
2528475000,s,1340
2528543000,s,1340
2528631000,s,1340
2528687000,s,1340
2528770000,s,1340
2528859000,s,1340
2529094000,s,1340
2529178000,s,1340
2531122000,s,1340
2531212000,s,1340
2531436000,s,1340
2531576000,s,1340
2531666000,s,1340
2532067000,s,1340
2532182000,s,1340
2532364000,s,1340
2532502000,s,1340
2532658000,s,1340
2532758000,s,1340
2533049000,s,1340
2533134000,s,1340
2533211000,s,1340
2533355000,s,1340
2533423000,s,1340
2533746000,s,1340
2533936000,s,1340
2534059000,s,1340
2534131000,s,1340
2534280000,s,1340
2534436000,s,1340
2534594000,s,1340
2534756000,s,1340
2534907000,s,1340
2534982000,s,1340
2535056000,s,1340
2535123000,s,1340
2535192000,s,1340
2535390000,s,1340
2535468000,s,1340
2540935000,r,1440
2540935000,r,1440
2540935000,r,1440
2540935000,r,1440
2540935000,r,1440
2541828000,s,1340
2541934000,s,1340
2542013000,s,1340
2542083000,s,1340
2542259000,s,1340
2542452000,s,1340
2542610000,s,1340
2542799000,s,1340
2542883000,s,1340
2542953000,s,1340
2543085000,s,1340
2543250000,s,1340
2543336000,s,1340
2543489000,s,1340
2543657000,s,1340
2543744000,s,1340
2543896000,s,1340
2544074000,s,1340
2544225000,s,1340
2544588000,s,1340
2545139000,s,1340
2545207000,s,1340
2545272000,s,1340
2545320000,s,1340
2545359000,s,1340
2545486000,s,1340
2545579000,s,1340
2546029000,s,1340
2546182000,s,1340
2546306000,s,1340
2548882000,s,1340
2549052000,s,1340
2549567000,s,1340
2550315000,s,1340
2556366000,r,1440
2556366000,r,1440
2556367000,r,1440
2556367000,r,1440
2557172000,s,1340
2557284000,s,1340
2557321000,s,1340
2557344000,s,1340
2557533000,s,1340
2557650000,s,1340
2557827000,s,1340
2557963000,s,1340
2558186000,s,1340
2558296000,s,1340
2558396000,s,1340
2558620000,s,1340
2558819000,s,1340
2558933000,s,1340
2559023000,s,1340
2559228000,s,1340
2559271000,s,1340
2559956000,s,1340
2560048000,s,1340
2560764000,s,1340
2562831000,s,1340
2562921000,s,1340
2562943000,s,1340
2563508000,s,1340
2563860000,s,1340
2563951000,s,1340
2564018000,s,1340
2564017000,r,1440
2564071000,s,1340
2564017000,r,1440
2564017000,r,1440
2564017000,r,1440
2564017000,r,1440
2564018000,r,1440
2564018000,r,1440
2564018000,r,1440
2564117000,r,1440
2564117000,r,1440
2564213000,s,1340
2564341000,s,1340
2564458000,s,1340
2564483000,s,1340
2564509000,s,1340
2564520000,s,1340
2564553000,s,1340
2564765000,s,1340
2565045000,s,1340
2565225000,s,1340
2565268000,s,1340
2565366000,s,1340
2565429000,s,1340
2565519000,s,1340
2565563000,s,1340
2565647000,s,1340
2565693000,s,1340
2565711000,s,1340
2565772000,s,1340
2565834000,s,1340
2566854000,s,1340
2566916000,s,1340
2567041000,s,1340
2567164000,s,1340
2567221000,s,1340
2567276000,s,1340
2567506000,s,1340
2567574000,s,1340
2567638000,s,1340
2567702000,s,1340
2567758000,s,1340
2567898000,s,1340
2567960000,s,1340
2569962000,s,1340
2570267000,s,1340
2570421000,s,1340
2570621000,s,1340
2570742000,s,1340
2570907000,s,1340
2570980000,s,1340
2571034000,s,1340
2571083000,s,1340
2571130000,s,1340
2571218000,s,1340
2571463000,s,1340
2571530000,s,1340
2571607000,s,1340
2572417000,r,1440
2572417000,r,1440
2572417000,r,1440
2572417000,r,1440
2572699000,s,1340
2572748000,s,1340
2572793000,s,1340
2572992000,s,1340
2573022000,s,1340
2573225000,s,1340
2573681000,s,1340
2575730000,s,1340
2582945000,s,1340
2591104000,s,1340
2596941000,r,1440
2596941000,r,1440
2596941000,r,1440
2596941000,r,1440
2596941000,r,1440
2596941000,r,1440
2596941000,r,1440
2596941000,r,1440
2597087000,r,1440
2597087000,r,1440
2597087000,r,1440
2597087000,r,1440
2597087000,r,1440
2597087000,r,1440
2597087000,r,1440
2597088000,r,1440
2597122000,r,1440
2597122000,r,1440
2597122000,r,1440
2597122000,r,1440
2597123000,r,1440
2597123000,r,1440
2597123000,r,1440
2597123000,r,1440
2597155000,r,1440
2597155000,r,1440
2597155000,r,1440
2597156000,r,1440
2597156000,r,1440
2597156000,r,1440
2597156000,r,1440
2597156000,r,1440
2598226000,s,1340
2598293000,s,1340
2598344000,s,1340
2598736000,s,1340
2598759000,s,1340
2598769000,s,1340
2599037000,s,1340
2599144000,s,1340
2600473000,s,1340
2600603000,s,1340
2600799000,s,1340
2600928000,s,1340
2601128000,s,1340
2601156000,s,1340
2601333000,s,1340
2601444000,s,1340
2601628000,s,1340
2601773000,s,1340
2601867000,s,1340
2602113000,s,1340
2602217000,s,1340
2602310000,s,1340
2602554000,r,1440
2602722000,s,1340
2602769000,s,1340
2602895000,s,1340
2603003000,s,1340
2603353000,s,1340
2603461000,s,1340
2603561000,s,1340
2603645000,s,1340
2603906000,s,1340
2604034000,s,1340
2604150000,s,1340
2604265000,s,1340
2604505000,s,1340
2604626000,s,1340
2604732000,r,1440
2604892000,s,1340
2605085000,s,1340
2605206000,s,1340
2605506000,s,1340
2605648000,s,1340
2605755000,s,1340
2605869000,s,1340
2606056000,s,1340
2606212000,s,1340
2606338000,s,1340
2606453000,s,1340
2606636000,s,1340
2606785000,s,1340
2607057000,s,1340
2607238000,s,1340
2607368000,s,1340
2607633000,s,1340
2607763000,s,1340
2607876000,s,1340
2607985000,s,1340
2608096000,s,1340
2608205000,s,1340
2608305000,s,1340
2608407000,s,1340
2608520000,s,1340
2608632000,s,1340
2608750000,s,1340
2608934000,s,1340
2609068000,s,1340
2609176000,s,1340
2609276000,s,1340
2609368000,s,1340
2609609000,s,1340
2609727000,s,1340
2609972000,s,1340
2610099000,s,1340
2610214000,s,1340
2610317000,s,1340
2610418000,s,1340
2610663000,s,1340
2611045000,s,1340
2611680000,s,1340
2611854000,s,1340
2612021000,s,1340
2612173000,s,1340
2612304000,s,1340
2612516000,s,1340
2612768000,s,1340
2612811000,s,1340
2612834000,s,1340
2612884000,r,1440
2612884000,r,1440
2613900000,s,1340
2613995000,s,1340
2614564000,s,1340
2614748000,s,1340
2614787000,s,1340
2614823000,s,1340
2614960000,s,1340
2615055000,s,1340
2615159000,s,1340
2615278000,s,1340
2615806000,s,1340
2616222000,s,1340
2616430000,s,1340
2616659000,s,1340
2616795000,s,1340
2616870000,s,1340
2616964000,s,1340
2617243000,r,1440
2617649000,s,1340
2623921000,r,1440
2623921000,r,1440
2623921000,r,1440
2623921000,r,1440
2623921000,r,1440
2623922000,r,1440
2624411000,s,1340
2624503000,s,1340
2624880000,s,1340
2626055000,r,1440
2626055000,r,1440
2626056000,r,1440
2626056000,r,1440
2626056000,r,1440
2626056000,r,1440
2626056000,r,1440
2626057000,r,1440
2626222000,r,1440
2626222000,r,1440
2626222000,r,1440
2626222000,r,1440
2626223000,r,1440
2626223000,r,1440
2626223000,r,1440
2626463000,s,1340
2626680000,s,1340
2626869000,s,1340
2627075000,s,1340
2627182000,s,1340
2627384000,s,1340
2628836000,s,1340
2628888000,s,1340
2628928000,s,1340
2628942000,s,1340
2628952000,s,1340
2628962000,s,1340
2629470000,r,1440
2629470000,r,1440
2629470000,r,1440
2629989000,s,1340
2636572000,r,1440
2636572000,r,1440
2636572000,r,1440
2637228000,s,1340
2637362000,s,1340
2637457000,s,1340
2637706000,s,1340
2638613000,r,1440
2638613000,r,1440
2647924000,s,1340
2653440000,r,1440
2653440000,r,1440
2653440000,r,1440
2653440000,r,1440
2653440000,r,1440
2653440000,r,1440
2653440000,r,1440
2653441000,r,1440
2653652000,r,1440
2653652000,r,1440
2653652000,r,1440
2654118000,r,1440
2654118000,r,1440
2654118000,r,1440
2654354000,s,1340
2654799000,s,1340
2654924000,s,1340
2655032000,s,1340
2655923000,s,1340
2656233000,s,1340
2656425000,s,1340
2656668000,s,1340
2656699000,r,1440
2656699000,r,1440
2656699000,r,1440
2656878000,s,1340
2657583000,s,1340
2657772000,s,1340
2660234000,r,1440
2660234000,r,1440
2663832000,s,1340
2664087000,r,1440
2664087000,r,1440
2664087000,r,1440
2665534000,s,1340
2665772000,r,1440
2665772000,r,1440
2665865000,s,1340
2665977000,s,1340
2666036000,r,1440
2666072000,s,1340
2667007000,s,1340
2667217000,s,1340
2668103000,r,1440
2668103000,r,1440
2668924000,s,1340
2668968000,s,1340
2668983000,s,1340
2668992000,s,1340
2669002000,s,1340
2669011000,s,1340
2669028000,s,1340
2669038000,s,1340
2669048000,s,1340
2669056000,s,1340
2669069000,s,1340
2669079000,s,1340
2669089000,s,1340
2669098000,s,1340
2669106000,s,1340
2669268000,s,1340
2669363000,s,1340
2669430000,s,1340
2669617000,r,1440
2669617000,r,1440
2669798000,s,1340
2669848000,s,1340
2669888000,s,1340
2670478000,s,1340
2670766000,s,1340
2670980000,s,1340
2671133000,s,1340
2671244000,s,1340
2671361000,s,1340
2671465000,s,1340
2671508000,s,1340
2672065000,s,1340
2672159000,s,1340
2672220000,s,1340
2672303000,s,1340
2672386000,s,1340
2672452000,s,1340
2672634000,s,1340
2672717000,s,1340
2672991000,s,1340
2673072000,s,1340
2673219000,s,1340
2673310000,s,1340
2673441000,s,1340
2673502000,s,1340
2674365000,s,1340
2674534000,s,1340
2674733000,s,1340
2674873000,s,1340
2675059000,s,1340
2675134000,s,1340
2675328000,s,1340
2675587000,s,1340
2675682000,s,1340
2675763000,s,1340
2675944000,s,1340
2676029000,s,1340
2676121000,s,1340
2676349000,s,1340
2676443000,s,1340
2676558000,s,1340
2676627000,s,1340
2676947000,s,1340
2677034000,s,1340
2677260000,s,1340
2677581000,s,1340
2678141000,s,1340
2678208000,s,1340
2678401000,s,1340
2678465000,s,1340
2678559000,s,1340
2678667000,s,1340
2678955000,s,1340
2679077000,s,1340
2681040000,r,1440
2681040000,r,1440
2681040000,r,1440
2681040000,r,1440
2681164000,s,1340
2681737000,s,1340
2681824000,s,1340
2682199000,s,1340
2682280000,s,1340
2682349000,s,1340
2682401000,s,1340
2682475000,s,1340
2682529000,s,1340
2682902000,s,1340
2682964000,s,1340
2683070000,s,1340
2683222000,s,1340
2683369000,s,1340
2683497000,s,1340
2683629000,s,1340
2683762000,s,1340
2683854000,s,1340
2684004000,s,1340
2684138000,s,1340
2684280000,s,1340
2684406000,s,1340
2684484000,s,1340
2684611000,s,1340
2684720000,s,1340
2684860000,r,1440
2684880000,s,1340
2684860000,r,1440
2684860000,r,1440
2684860000,r,1440
2684860000,r,1440
2684860000,r,1440
2684860000,r,1440
2684861000,r,1440
2684969000,r,1440
2684969000,r,1440
2684969000,r,1440
2684969000,r,1440
2684969000,r,1440
2684969000,r,1440
2685079000,s,1340
2685173000,s,1340
2685307000,s,1340
2685361000,s,1340
2685923000,s,1340
2686023000,s,1340
2686105000,s,1340
2686188000,s,1340
2691669000,r,1440
2691669000,r,1440
2691669000,r,1440
2691669000,r,1440
2691669000,r,1440
2691669000,r,1440
2691669000,r,1440
2691669000,r,1440
2691777000,r,1440
2692079000,s,1340
2692232000,s,1340
2692556000,s,1340
2692595000,s,1340
2692609000,s,1340
2693604000,r,1440
2694696000,r,1440
2695269000,r,1440
2695631000,s,1340
2702431000,s,1340
2711252000,r,1440
2712481000,r,1440
2713546000,s,1340
2714258000,r,1440
2714790000,s,1340
2718165000,s,1340
2727249000,r,1440
2727845000,r,1440
2728918000,r,1440
2729400000,s,1340
2748013000,s,1340
2776311000,r,1440
2776311000,r,1440
2777122000,s,1340
2777369000,s,1340
2777469000,s,1340
2777659000,s,1340
2777787000,s,1340
2778028000,s,1340
2778159000,s,1340
2778191000,s,1340
2778257000,s,1340
2779109000,s,1340
2780022000,s,1340
2780064000,s,1340
2780077000,s,1340
2780262000,s,1340
2780302000,s,1340
2780553000,s,1340
2780614000,s,1340
2782166000,s,1340
2782209000,s,1340
2782226000,s,1340
2782393000,s,1340
2782478000,s,1340
2782626000,s,1340
2782766000,s,1340
2782854000,s,1340
2782899000,s,1340
2783852000,s,1340
2783951000,s,1340
2784124000,s,1340
2784300000,s,1340
2784387000,s,1340
2784425000,s,1340
2784697000,s,1340
2784785000,s,1340
2784851000,s,1340
2785891000,s,1340
2786021000,s,1340
2786129000,s,1340
2786265000,s,1340
2786392000,s,1340
2786525000,s,1340
2786622000,s,1340
2786773000,s,1340
2786810000,s,1340
2786873000,s,1340
2787501000,s,1340
2787686000,s,1340
2787763000,s,1340
2787894000,s,1340
2787955000,s,1340
2788116000,s,1340
2788182000,s,1340
2788633000,s,1340
2788700000,s,1340
2789054000,s,1340
2789094000,s,1340
2789234000,s,1340
2789314000,s,1340
2789370000,s,1340
2790252000,s,1340
2790296000,s,1340
2790394000,s,1340
2790497000,s,1340
2790812000,s,1340
2790890000,s,1340
2791220000,s,1340
2791334000,s,1340
2791417000,s,1340
2791653000,s,1340
2791742000,s,1340
2791912000,s,1340
2791993000,s,1340
2792172000,s,1340
2792332000,s,1340
2792409000,s,1340
2792608000,s,1340
2792724000,s,1340
2792802000,s,1340
2792984000,s,1340
2793021000,s,1340
2793507000,s,1340
2793595000,s,1340
2793671000,s,1340
2793793000,s,1340
2793864000,s,1340
2794606000,s,1340
2794713000,s,1340
2794841000,s,1340
2794956000,s,1340
2795031000,s,1340
2795184000,s,1340
2795366000,s,1340
2795401000,s,1340
2795481000,s,1340
2795728000,s,1340
2795897000,s,1340
2795975000,s,1340
2796190000,s,1340
2796291000,s,1340
2796351000,s,1340
2796425000,s,1340
2803569000,s,1340
2806658000,s,1340
2815404000,r,1440
2815404000,r,1440
2822045000,s,1340
2824127000,s,1340
2824840000,s,1340
2825571000,s,1340
2830936000,r,1440
2832093000,r,1440
2832093000,r,1440
2832638000,s,1340
2836967000,r,1440
2844917000,r,1440
2845891000,s,1340
2845967000,r,1440
2846197000,s,1340
2846425000,s,1340
2846543000,s,1340
2846747000,s,1340
2846856000,s,1340
2846909000,s,1340
2847598000,r,1440
2847598000,r,1440
2847713000,s,1340
2847847000,s,1340
2847948000,s,1340
2848276000,s,1340
2848401000,s,1340
2848497000,s,1340
2848591000,s,1340
2848859000,s,1340
2848996000,s,1340
2849149000,s,1340
2849239000,s,1340
2849416000,s,1340
2849514000,s,1340
2849613000,s,1340
2849820000,s,1340
2849905000,s,1340
2850124000,s,1340
2850224000,s,1340
2850328000,s,1340
2850512000,s,1340
2850612000,s,1340
2850673000,s,1340
2851179000,s,1340
2851418000,s,1340
2851535000,s,1340
2851640000,s,1340
2851865000,s,1340
2851968000,s,1340
2852277000,s,1340
2852561000,s,1340
2852685000,s,1340
2852892000,s,1340
2853266000,s,1340
2853383000,s,1340
2853494000,s,1340
2853616000,s,1340
2853761000,s,1340
2853951000,s,1340
2854070000,s,1340
2854257000,s,1340
2854376000,s,1340
2854473000,s,1340
2854678000,s,1340
2854968000,s,1340
2855093000,s,1340
2855421000,s,1340
2855557000,s,1340
2855676000,s,1340
2855900000,s,1340
2856005000,s,1340
2856089000,s,1340
2856713000,s,1340
2856849000,s,1340
2857185000,s,1340
2857283000,s,1340
2857344000,s,1340
2858510000,s,1340
2858572000,s,1340
2859390000,s,1340
2859702000,s,1340
2860911000,r,1440
2860911000,r,1440
2861138000,s,1340
2861266000,s,1340
2861388000,s,1340
2861493000,s,1340
2861606000,s,1340
2861699000,s,1340
2863937000,r,1440
2863937000,r,1440
2863937000,r,1440
2863937000,r,1440
2863937000,r,1440
2863937000,r,1440
2863938000,r,1440
2863938000,r,1440
2864436000,s,1340
2864556000,s,1340
2864779000,s,1340
2865164000,s,1340
2865273000,s,1340
2865536000,s,1340
2865649000,s,1340
2865751000,s,1340
2866205000,s,1340
2866332000,s,1340
2866448000,s,1340
2866555000,s,1340
2866662000,s,1340
2866765000,s,1340
2866880000,s,1340
2867083000,s,1340
2867189000,s,1340
2867288000,s,1340
2867415000,s,1340
2867525000,s,1340
2867760000,s,1340
2867877000,s,1340
2867992000,s,1340
2868567000,s,1340
2868644000,s,1340
2868709000,s,1340
2869846000,s,1340
2869957000,s,1340
2870203000,s,1340
2870250000,s,1340
2870320000,s,1340
2870997000,s,1340
2872242000,s,1340
2873011000,s,1340
2873136000,s,1340
2873425000,s,1340
2873672000,s,1340
2873900000,s,1340
2874035000,s,1340
2874159000,s,1340
2874387000,s,1340
2874653000,s,1340
2874770000,s,1340
2874881000,s,1340
2875085000,s,1340
2875297000,s,1340
2875401000,s,1340
2875596000,s,1340
2875818000,s,1340
2875942000,s,1340
2876057000,r,1440
2876057000,r,1440
2876095000,s,1340
2876057000,r,1440
2876057000,r,1440
2876057000,r,1440
2876057000,r,1440
2876057000,r,1440
2876214000,s,1340
2876388000,s,1340
2876863000,s,1340
2877103000,s,1340
2886550000,s,1340
2896967000,r,1440
2896967000,r,1440
2896968000,r,1440
2896968000,r,1440
2896968000,r,1440
2896968000,r,1440
2897432000,s,1340
2897680000,s,1340
2905051000,r,1440
2905051000,r,1440
2905052000,r,1440
2905052000,r,1440
2905052000,r,1440
2905052000,r,1440
2905728000,s,1340
2906330000,s,1340
2906443000,s,1340
2906505000,s,1340
2906557000,s,1340
2906772000,s,1340
2906900000,s,1340
2907210000,s,1340
2907357000,s,1340
2907477000,s,1340
2907576000,s,1340
2907670000,s,1340
2907754000,s,1340
2907967000,s,1340
2908068000,s,1340
2908119000,s,1340
2908355000,s,1340
2908563000,s,1340
2908607000,s,1340
2909034000,s,1340
2909167000,s,1340
2909275000,s,1340
2909364000,s,1340
2909466000,s,1340
2909565000,s,1340
2909653000,s,1340
2909978000,s,1340
2910090000,s,1340
2910198000,s,1340
2910293000,s,1340
2910533000,s,1340
2910712000,s,1340
2910817000,s,1340
2911113000,s,1340
2911209000,s,1340
2911308000,s,1340
2911404000,s,1340
2911513000,s,1340
2911615000,s,1340
2911776000,s,1340
2911999000,s,1340
2912218000,s,1340
2912333000,s,1340
2912627000,s,1340
2912736000,s,1340
2913066000,s,1340
2913181000,s,1340
2913281000,s,1340
2913508000,s,1340
2913659000,s,1340
2913923000,s,1340
2914042000,s,1340
2914203000,s,1340
2915468000,s,1340
2915579000,s,1340
2915802000,s,1340
2915933000,s,1340
2916009000,s,1340
2916077000,s,1340
2916143000,s,1340
2916315000,s,1340
2916466000,s,1340
2916668000,s,1340
2917075000,s,1340
2917165000,s,1340
2917237000,s,1340
2917301000,s,1340
2917360000,s,1340
2918477000,s,1340
2918545000,s,1340
2918623000,s,1340
2918758000,s,1340
2918869000,s,1340
2918941000,s,1340
2919009000,s,1340
2919071000,s,1340
2919131000,s,1340
2919191000,s,1340
2919248000,s,1340
2919312000,s,1340
2919373000,s,1340
2919430000,s,1340
2919487000,s,1340
2919540000,s,1340
2919814000,s,1340
2920385000,s,1340
2920525000,s,1340
2921210000,s,1340
2921431000,s,1340
2921558000,s,1340
2921660000,s,1340
2921864000,s,1340
2921965000,s,1340
2922117000,s,1340
2922226000,s,1340
2922317000,s,1340
2922412000,s,1340
2922579000,s,1340
2933093000,s,1340
2933251000,s,1340
2933570000,s,1340
2933711000,s,1340
2933827000,s,1340
2933937000,s,1340
2934306000,s,1340
2934431000,s,1340
2934528000,s,1340
2934784000,s,1340
2934849000,s,1340
2935075000,s,1340
2935390000,s,1340
2935506000,r,1440
2935551000,s,1340
2935506000,r,1440
2935506000,r,1440
2935723000,s,1340
2935868000,s,1340
2936015000,s,1340
2936358000,s,1340
2936499000,r,1440
2936500000,r,1440
2936500000,r,1440
2936500000,r,1440
2936563000,s,1340
2936501000,r,1440
2936501000,r,1440
2936749000,s,1340
2937073000,s,1340
2937270000,s,1340
2937459000,s,1340
2937655000,s,1340
2937838000,s,1340
2944990000,r,1440
2944990000,r,1440
2944991000,r,1440
2945119000,r,1440
2945119000,r,1440
2945119000,r,1440
2945120000,r,1440
2945120000,r,1440
2945120000,r,1440
2945121000,r,1440
2946311000,s,1340
2946412000,s,1340
2946707000,s,1340
2946828000,s,1340
2946898000,s,1340
2946971000,s,1340
2947614000,s,1340
2947883000,s,1340
2948107000,s,1340
2948561000,s,1340
2948818000,s,1340
2949137000,s,1340
2949860000,s,1340
2951064000,s,1340
2951322000,s,1340
2951553000,s,1340
2951756000,s,1340
2951933000,s,1340
2952118000,s,1340
2952322000,s,1340
2952503000,s,1340
2952677000,s,1340
2952842000,s,1340
2953085000,s,1340
2953304000,s,1340
2953511000,s,1340
2953723000,s,1340
2953905000,s,1340
2954554000,s,1340
2954979000,s,1340
2955204000,s,1340
2955401000,s,1340
2955769000,s,1340
2955976000,s,1340
2956167000,s,1340
2956376000,s,1340
2956558000,s,1340
2957296000,s,1340
2957516000,s,1340
2957687000,s,1340
2957866000,s,1340
2958048000,s,1340
2958232000,s,1340
2958558000,s,1340
2958783000,s,1340
2958985000,s,1340
2959479000,s,1340
2959758000,s,1340
2959967000,s,1340
2960133000,s,1340
2960432000,s,1340
2961375000,r,1440
2961376000,r,1440
2961376000,r,1440
2961376000,r,1440
2961377000,r,1440
2961585000,s,1340
2963039000,s,1340
2963322000,s,1340
2963517000,s,1340
2963710000,s,1340
2963968000,s,1340
2964147000,s,1340
2964323000,s,1340
2964490000,s,1340
2964792000,s,1340
2965066000,s,1340
2965200000,s,1340
2965372000,s,1340
2965768000,s,1340
2966272000,s,1340
2966438000,s,1340
2966585000,s,1340
2966876000,s,1340
2966883000,r,1440
2966883000,r,1440
2966884000,r,1440
2967072000,s,1340
2967362000,s,1340
2967515000,s,1340
2967623000,s,1340
2967744000,s,1340
2967870000,s,1340
2968001000,s,1340
2968086000,r,1440
2968138000,s,1340
2968086000,r,1440
2968086000,r,1440
2968086000,r,1440
2969147000,s,1340
2969905000,s,1340
2970037000,s,1340
2971096000,s,1340
2976595000,r,1440
2976596000,r,1440
2976596000,r,1440
2976596000,r,1440
2976596000,r,1440
2976596000,r,1440
2976596000,r,1440
2977948000,s,1340
2978640000,s,1340
2980396000,s,1340
2992921000,r,1440
2993672000,s,1340
2993820000,s,1340
2994232000,s,1340
2994492000,s,1340
2994849000,s,1340
2995036000,s,1340
2995147000,s,1340
2995248000,s,1340
2995545000,s,1340
2995659000,s,1340
2996055000,s,1340
2996369000,s,1340
2996723000,s,1340
2997028000,s,1340
2997134000,s,1340
2997349000,s,1340
2997460000,s,1340
2997563000,s,1340
2997658000,s,1340
2998017000,s,1340
2998131000,s,1340
2998241000,s,1340
2998345000,s,1340
2998442000,s,1340
2998833000,s,1340
2998960000,s,1340
2999067000,s,1340
2999167000,s,1340
2999266000,s,1340
2999367000,s,1340
2999464000,s,1340
2999559000,s,1340
2999662000,s,1340
2999757000,s,1340
2999854000,s,1340
2999965000,s,1340
3000070000,s,1340
3000220000,s,1340
3000327000,s,1340
3000526000,s,1340
3000658000,s,1340
3000708000,s,1340
3001604000,s,1340
3002360000,s,1340
3002719000,s,1340
3002920000,s,1340
3003561000,s,1340
3003923000,s,1340
3004141000,s,1340
3004355000,s,1340
3004556000,s,1340
3004738000,s,1340
3005043000,s,1340
3005248000,s,1340
3005559000,s,1340
3006525000,s,1340
3006768000,s,1340
3007073000,s,1340
3008993000,s,1340
3009248000,s,1340
3009415000,s,1340
3009816000,s,1340
3010011000,s,1340
3016966000,r,1440
3018228000,r,1440
3018654000,s,1340
3020922000,r,1440
3021494000,s,1340
3022847000,r,1440
3022847000,r,1440
3023615000,s,1340
3027221000,s,1340
3028910000,r,1440
3028910000,r,1440
3028999000,s,1340
3032908000,r,1440
3033723000,s,1340
3033960000,s,1340
3034335000,s,1340
3034507000,s,1340
3034809000,s,1340
3034969000,s,1340
3035338000,s,1340
3035497000,s,1340
3035830000,s,1340
3035998000,s,1340
3036335000,s,1340
3036500000,s,1340
3036720000,s,1340
3036977000,s,1340
3037194000,s,1340
3037379000,s,1340
3037580000,s,1340
3037789000,s,1340
3038455000,s,1340
3038920000,s,1340
3039129000,s,1340
3039311000,s,1340
3040156000,s,1340
3041097000,s,1340
3042284000,s,1340
3042494000,s,1340
3043025000,s,1340
3043240000,s,1340
3043757000,s,1340
3043959000,s,1340
3044139000,s,1340
3045907000,s,1340
3046509000,s,1340
3046709000,s,1340
3046916000,s,1340
3047105000,s,1340
3047312000,s,1340
3047511000,s,1340
3047712000,s,1340
3047908000,s,1340
3048101000,s,1340
3048299000,s,1340
3048510000,s,1340
3049494000,s,1340
3050631000,s,1340
3050999000,s,1340
3051221000,s,1340
3051413000,s,1340
3051601000,s,1340
3051814000,s,1340
3052012000,s,1340
3052192000,s,1340
3052494000,s,1340
3052688000,s,1340
3057535000,s,1340
3058288000,s,1340
3058416000,s,1340
3058524000,s,1340
3058629000,s,1340
3058732000,s,1340
3058828000,s,1340
3058923000,s,1340
3059021000,s,1340
3059127000,s,1340
3059223000,s,1340
3059317000,s,1340
3059414000,s,1340
3059777000,s,1340
3060252000,s,1340
3060389000,s,1340
3060572000,s,1340
3060676000,s,1340
3060780000,s,1340
3060879000,s,1340
3061038000,s,1340
3061177000,s,1340
3061333000,s,1340
3061444000,s,1340
3061569000,s,1340
3061765000,s,1340
3061971000,s,1340
3062143000,s,1340
3062334000,s,1340
3062540000,s,1340
3062760000,s,1340
3062955000,s,1340
3063147000,s,1340
3063349000,s,1340
3063566000,s,1340
3063740000,s,1340
3063920000,s,1340
3064101000,s,1340
3064272000,s,1340
3064467000,s,1340
3064635000,s,1340
3064819000,s,1340
3065116000,s,1340
3065298000,s,1340
3065475000,s,1340
3074948000,s,1340
3085318000,r,1440
4885986000,r,1440
4885986000,r,1440
4885986000,r,1440
4885987000,r,1440
4885987000,r,1440
4885987000,r,1440
4885987000,r,1440
4885987000,r,1440
4886471000,r,1440
4886471000,r,1440
4886472000,r,1440
4886472000,r,1440
4886472000,r,1440
4886472000,r,1440
4886472000,r,1440
4887795000,s,1340
4888002000,s,1340
4888052000,s,1340
4888090000,s,1340
4888126000,s,1340
4888155000,s,1340
4888182000,s,1340
4888209000,s,1340
4888243000,s,1340
4888271000,s,1340
4888311000,s,1340
4888341000,s,1340
4888369000,s,1340
4898666000,s,1340
4902118000,r,1440
4902118000,r,1440
4902118000,r,1440
4902119000,r,1440
4902119000,r,1440
4902119000,r,1440
4902120000,r,1440
4902414000,r,1440
4902414000,r,1440
4902414000,r,1440
4902415000,r,1440
4902599000,r,1440
4902599000,r,1440
4903010000,r,1440
4903010000,r,1440
4903011000,r,1440
4903011000,r,1440
4903142000,s,1340
4903445000,s,1340
4903659000,s,1340
4903816000,s,1340
4903946000,s,1340
4904059000,s,1340
4904166000,s,1340
4904418000,s,1340
4904546000,r,1440
4904613000,s,1340
4904546000,r,1440
4904546000,r,1440
4904547000,r,1440
4904818000,s,1340
4905067000,s,1340
4905236000,s,1340
4905390000,s,1340
4905555000,s,1340
4905679000,s,1340
4905791000,s,1340
4905910000,s,1340
4906081000,s,1340
4906256000,s,1340
4906426000,s,1340
4906590000,s,1340
4906761000,s,1340
4906914000,s,1340
4906948000,r,1440
4907034000,s,1340
4907173000,s,1340
4907314000,s,1340
4907456000,s,1340
4907601000,s,1340
4907745000,s,1340
4907903000,s,1340
4908047000,s,1340
4908187000,s,1340
4908322000,s,1340
4908460000,s,1340
4908603000,s,1340
4908736000,s,1340
4908873000,s,1340
4909049000,s,1340
4909154000,s,1340
4916139000,r,1440
4916139000,r,1440
4916139000,r,1440
4916139000,r,1440
4916139000,r,1440
4916140000,r,1440
4916140000,r,1440
4916140000,r,1440
4916337000,r,1440
4916337000,r,1440
4916338000,r,1440
4916338000,r,1440
4916338000,r,1440
4916338000,r,1440
4916338000,r,1440
4917266000,s,1340
4917891000,r,1440
4917961000,s,1340
4917891000,r,1440
4917891000,r,1440
4917892000,r,1440
4917892000,r,1440
4918160000,s,1340
4918291000,s,1340
4918434000,s,1340
4918542000,s,1340
4918638000,s,1340
4918782000,s,1340
4919043000,s,1340
4919196000,s,1340
4919346000,s,1340
4919432000,r,1440
4919432000,r,1440
4919433000,r,1440
4919433000,r,1440
4919433000,r,1440
4919434000,r,1440
4919520000,s,1340
4919434000,r,1440
4919434000,r,1440
4919575000,r,1440
4919576000,r,1440
4919576000,r,1440
4919576000,r,1440
4919576000,r,1440
4919663000,r,1440
4919684000,s,1340
4919834000,s,1340
4919986000,s,1340
4920142000,s,1340
4920290000,s,1340
4920437000,s,1340
4920576000,s,1340
4920713000,s,1340
4920870000,s,1340
4921081000,s,1340
4921225000,s,1340
4921365000,s,1340
4921510000,s,1340
4921622000,s,1340
4921756000,s,1340
4921902000,s,1340
4922101000,s,1340
4922289000,s,1340
4922508000,s,1340
4922746000,s,1340
4922959000,s,1340
4923192000,s,1340
4923469000,s,1340
4923904000,s,1340
4924189000,s,1340
4924385000,s,1340
4924771000,s,1340
4925130000,r,1440
4925171000,s,1340
4925130000,r,1440
4925131000,r,1440
4925449000,s,1340
4925725000,s,1340
4926005000,s,1340
4926293000,s,1340
4926534000,s,1340
4926737000,s,1340
4926931000,s,1340
4927163000,s,1340
4927166000,r,1440
4927166000,r,1440
4927422000,s,1340
4927636000,s,1340
4927916000,s,1340
4928165000,s,1340
4928441000,s,1340
4928797000,s,1340
4929178000,s,1340
4929502000,s,1340
4929962000,s,1340
4930228000,s,1340
4930480000,s,1340
4930711000,s,1340
4930942000,s,1340
4931190000,s,1340
4931419000,s,1340
4931618000,s,1340
4931813000,s,1340
4932001000,s,1340
4932184000,s,1340
4932313000,s,1340
4932427000,r,1440
4932428000,r,1440
4932488000,s,1340
4932680000,s,1340
4935692000,r,1440
4936241000,s,1340
4974409000,s,1340
4974884000,s,1340
4975550000,s,1340
4976539000,s,1340
4976685000,s,1340
4976816000,s,1340
4977962000,s,1340
4978115000,s,1340
4978824000,s,1340
4978963000,s,1340
5004983000,r,1440
5004983000,r,1440
5004983000,r,1440
5004983000,r,1440
5004983000,r,1440
5007009000,s,1340
5007335000,s,1340
5014539000,s,1340
5016933000,r,1440
5016933000,r,1440
5017994000,s,1340
5018946000,r,1440
5018946000,r,1440
5021471000,s,1340
5027964000,s,1340
5029793000,s,1340
5096957000,s,1340
5101225000,r,1440
5120729000,r,1440
5120729000,r,1440
5123294000,s,1340
5132713000,s,1340
7077602000,r,1440
7145482000,r,1440
7145482000,r,1440
7148561000,s,1340
7149160000,s,1340
7149390000,s,1340
7190758000,s,1340
11212435000,s,1340
11251714000,s,1340
11252140000,s,1340
13179399000,s,1340
13224370000,r,1440
13224370000,r,1440
14905210000,r,1440
14905210000,r,1440
14905211000,r,1440
14905211000,r,1440
14905212000,r,1440
14905212000,r,1440
14909309000,s,1340
14909774000,s,1340
14910024000,s,1340
14910300000,s,1340
14910935000,s,1340
14911277000,s,1340
14912501000,s,1340
14921655000,s,1340
14925065000,r,1440
14925065000,r,1440
20302482000,s,1340
20340485000,s,1340
20340917000,s,1340
20341186000,s,176
20359940000,r,1440
20359940000,r,120
20365308000,r,1440
20369338000,s,1340
20373738000,s,1340
23399494000,r,1440
23403841000,s,1340