0,s,1340
40870000,s,1340
41383000,s,1340
1685303000,s,1340
1696990000,r,1440
3828843000,s,1340
3874591000,s,1340
3875011000,s,1340
3875114000,s,1340
3875137000,s,1340
3875180000,s,1340
3875196000,s,1340
3875210000,s,1340
3875222000,s,1340
3875233000,s,1340
3875247000,s,1340
3893769000,r,1440
3893770000,r,1440
3895430000,r,1440
3895430000,r,1440
3895430000,r,1440
3895430000,r,1440
3895431000,r,1440
3895431000,r,1440
3895431000,r,1440
3895431000,r,1440
3896278000,r,1440
3897054000,s,1340
3897281000,s,1340
3897705000,s,1340
3900176000,s,1340
3908489000,s,1340
3909605000,s,1340
3909842000,s,1340
3910176000,s,1340
3911140000,r,1440
3912577000,s,1340
3914338000,s,1340
3914473000,s,1340
3914519000,s,1340
3914542000,s,1340
3914723000,r,1440
3914723000,r,1440
3915651000,s,1340
3915773000,r,1440
3915809000,s,1340
3917788000,r,1440
3921554000,s,1340
3921702000,s,1340
3922776000,s,1340
3925518000,r,1440
3925519000,r,1440
3925519000,r,1440
3926658000,s,1340
3927435000,r,1440
3927435000,r,1440
3927436000,r,1440
3929157000,s,1340
3929319000,s,1340
3929548000,s,1340
3929955000,r,1440
3929955000,r,1440
3929955000,r,1440
3929956000,r,1440
3929956000,r,1440
3929956000,r,1440
3931209000,s,1340
3931385000,r,1440
3931536000,s,1340
3932202000,s,1340
3932339000,s,1340
3932489000,s,1340
3932628000,s,1340
3932761000,s,1340
3932972000,s,1340
3933119000,s,1340
3933266000,s,1340
3933394000,s,1340
3933815000,s,1340
3933918000,s,1340
3934148000,s,1340
3934523000,s,1340
3934803000,s,1340
3934799000,r,1440
3934887000,s,1340
3935033000,s,1340
3935259000,s,1340
3935680000,s,1340
3935841000,s,1340
3935984000,s,1340
3936413000,s,1340
3936562000,s,1340
3936761000,r,1440
3936761000,r,1440
3936761000,r,1440
3937021000,s,1340
3937182000,s,1340
3937338000,s,1340
3937350000,r,1440
3937350000,r,1440
3937489000,s,1340
3937623000,s,1340
3937828000,s,1340
3937989000,s,1340
3938139000,r,1440
3938144000,s,1340
3938139000,r,1440
3938139000,r,1440
3938292000,s,1340
3938433000,s,1340
3938554000,s,1340
3938701000,s,1340
3938839000,s,1340
3938999000,s,1340
3939185000,s,1340
3939364000,s,1340
3939525000,s,1340
3939743000,s,1340
3939991000,s,1340
3940191000,s,1340
3940394000,s,1340
3940593000,s,1340
3940792000,s,1340
3940801000,r,1440
3940988000,s,1340
3941188000,s,1340
3941388000,s,1340
3941571000,s,1340
3941836000,s,1340
3942040000,s,1340
3942179000,s,1340
3942312000,s,1340
3942446000,s,1340
3942566000,s,1340
3942695000,s,1340
3942822000,s,1340
3943006000,s,1340
3943158000,s,1340
3943287000,s,1340
3943530000,s,1340
3943651000,s,1340
3943700000,s,1340
3943919000,s,1340
3946074000,s,1340
3946199000,s,1340
3946233000,s,1340
3946257000,s,1340
3946279000,s,1340
3946300000,s,1340
3946321000,s,1340
3946345000,s,1340
3946424000,s,1340
3946800000,s,1340
3947298000,r,1440
3947433000,s,1340
3947974000,s,1340
3948113000,s,1340
3948309000,s,1340
3948538000,s,1340
3948606000,r,1440
3948717000,s,1340
3948944000,s,1340
3949190000,s,1340
3949401000,r,1440
3949410000,s,1340
3949477000,s,1340
3949402000,r,1440
3949670000,s,1340
3950012000,s,1340
3950105000,s,1340
3950989000,s,1340
3952704000,r,1440
3952704000,r,1440
3953161000,s,1340
3954149000,r,1440
3954150000,r,1440
3954259000,s,1340
3955219000,r,1440
3955390000,s,1340
3955459000,s,1340
3956213000,s,1340
3956473000,s,1340
3956651000,s,1340
3956781000,s,1340
3956901000,s,1340
3957025000,s,1340
3957348000,s,1340
3957480000,s,1340
3957613000,s,1340
3957774000,s,1340
3958070000,s,1340
3958206000,s,1340
3958331000,s,1340
3958601000,s,1340
3958779000,s,1340
3959312000,s,1340
3959356000,s,1340
3959417000,s,1340
3959450000,s,1340
3959989000,s,1340
3960138000,s,1340
3960406000,s,1340
3960463000,s,1340
3960543000,s,1340
3960607000,s,1340
3960670000,s,1340
3960722000,s,1340
3960879000,s,1340
3961400000,s,1340
3961480000,s,1340
3961534000,s,1340
3962951000,s,1340
3963411000,s,1340
3963813000,s,1340
3963826000,r,1440
3964405000,r,1440
3964405000,r,1440
3965011000,s,1340
3965620000,r,1440
3965981000,s,1340
3966457000,r,1440
3969098000,r,1440
3969504000,s,1340
3970895000,r,1440
3973284000,r,1440
3973284000,r,1440
3973863000,s,1340
3973987000,s,1340
3974082000,s,1340
3981241000,s,1340
3985752000,r,1440
3985752000,r,1440
3986925000,r,1440
3987468000,s,1340
3987560000,s,1340
3987608000,s,1340
3988680000,s,1340
3988726000,s,1340
3988758000,s,1340
3988899000,s,1340
3989163000,s,1340
3989220000,s,1340
3989415000,s,1340
3989488000,s,1340
3989595000,s,1340
3989746000,s,1340
3989958000,s,1340
3990097000,s,1340
3990361000,s,1340
3990497000,s,1340
3990556000,s,1340
3990752000,s,1340
3990947000,s,1340
3991127000,s,1340
3991257000,s,1340
3991370000,s,1340
3991643000,s,1340
3991773000,s,1340
3991976000,s,1340
3992159000,s,1340
3992299000,s,1340
3992416000,s,1340
3992530000,s,1340
3992640000,s,1340
3992757000,s,1340
3993030000,s,1340
3993158000,s,1340
3993281000,s,1340
3993408000,s,1340
3993601000,s,1340
3993871000,s,1340
3994153000,s,1340
3994544000,r,1440
3994593000,s,1340
3994544000,r,1440
3994771000,s,1340
3994902000,s,1340
4006145000,s,1340
4006282000,s,1340
4006293000,r,1440
4006293000,r,1440
4006294000,r,1440
4006294000,r,1440
4006294000,r,1440
4006294000,r,1440
4006294000,r,1440
4006294000,r,1440
4006412000,r,1440
4006413000,r,1440
4006481000,s,1340
4006596000,s,1340
4006707000,s,1340
4006828000,s,1340
4006996000,s,1340
4007112000,s,1340
4007244000,s,1340
4007384000,s,1340
4007505000,s,1340
4007633000,s,1340
4007744000,s,1340
4007862000,s,1340
4007984000,s,1340
4008102000,s,1340
4008239000,s,1340
4008566000,s,1340
4008713000,s,1340
4008837000,s,1340
4009140000,s,1340
4009224000,s,1340
4009510000,s,1340
4009641000,s,1340
4010043000,s,1340
4010172000,s,1340
4010297000,s,1340
4010599000,s,1340
4010782000,s,1340
4010880000,s,1340
4011079000,s,1340
4011463000,s,1340
4011589000,s,1340
4011677000,s,1340
4011787000,s,1340
4011895000,s,1340
4012008000,s,1340
4012110000,s,1340
4012326000,s,1340
4012447000,s,1340
4012802000,s,1340
4012978000,s,1340
4013107000,s,1340
4013216000,s,1340
4013459000,s,1340
4013636000,s,1340
4013806000,s,1340
4014086000,s,1340
4014295000,s,1340
4014471000,s,1340
4014571000,s,1340
4014660000,s,1340
4014738000,s,1340
4014828000,s,1340
4015046000,s,1340
4015143000,s,1340
4015370000,s,1340
4015642000,s,1340
4015802000,s,1340
4016234000,s,1340
4016451000,s,1340
4016868000,s,1340
4017066000,s,1340
4017238000,s,1340
4017395000,s,1340
4017643000,s,1340
4017811000,s,1340
4017864000,s,1340
4018046000,s,1340
4018166000,r,1440
4018335000,s,1340
4018527000,s,1340
4018639000,s,1340
4018898000,s,1340
4018969000,s,1340
4019361000,s,1340
4019595000,s,1340
4020164000,s,1340
4020409000,s,1340
4020630000,s,1340
4020840000,s,1340
4021070000,s,1340
4021307000,s,1340
4021562000,s,1340
4022340000,s,1340
4022499000,s,1340
4022755000,s,1340
4022930000,s,1340
4023112000,s,1340
4023403000,s,1340
4023512000,s,1340
4023761000,s,1340
4023941000,s,1340
4024048000,s,1340
4024397000,s,1340
4024494000,s,1340
4024583000,s,1340
4024852000,s,1340
4024948000,s,1340
4025025000,s,1340
4025226000,s,1340
4026362000,s,1340
4026458000,s,1340
4026540000,s,1340
4026808000,s,1340
4026943000,s,1340
4037890000,s,1340
4038058000,s,1340
4038121000,s,1340
4038197000,s,1340
4038246000,s,1340
4038413000,s,1340
4038497000,s,1340
4038695000,s,1340
4038800000,s,1340
4039008000,s,1340
4039154000,s,1340
4039230000,s,1340
4040159000,s,1340
4040319000,s,1340
4040541000,s,1340
4040710000,s,1340
4040991000,s,1340
4041129000,s,1340
4041254000,s,1340
4041507000,s,1340
4041622000,s,1340
4041794000,s,1340
4042116000,s,1340
4042154000,s,1340
4042462000,s,1340
4042580000,s,1340
4043000000,s,1340
4043157000,s,1340
4043293000,s,1340
4043416000,s,1340
4043546000,s,1340
4043812000,s,1340
4043870000,s,1340
4043958000,s,1340
4044027000,s,1340
4044829000,s,1340
4044889000,s,1340
4045012000,s,1340
4045184000,s,1340
4045625000,s,1340
4045836000,s,1340
4045947000,s,1340
4046030000,s,1340
4046108000,s,1340
4046344000,s,1340
4046439000,s,1340
4046823000,s,1340
4047329000,s,1340
4047517000,s,1340
4047557000,s,1340
4047743000,s,1340
4048015000,s,1340
4048187000,s,1340
4048282000,s,1340
4048558000,s,1340
4048644000,s,1340
4048707000,s,1340
4048768000,s,1340
4049045000,s,1340
4049117000,s,1340
4049635000,s,1340
4049870000,s,1340
4049957000,s,1340
4056575000,s,1340
4058166000,s,1340
4059132000,s,1340
4060278000,s,1340
4066104000,r,1440
4066104000,r,1440
4066104000,r,1440
4066928000,s,1340
4067876000,r,1440
4067876000,r,1440
4068584000,s,1340
4068679000,s,1340
4068770000,s,1340
4068829000,s,1340
4068989000,s,1340
4069087000,s,1340
4069146000,s,1340
4069284000,s,1340
4069344000,s,1340
4069646000,s,1340
4069668000,s,1340
4069833000,r,1440
4070021000,s,1340
4070333000,s,1340
4070380000,s,1340
4070402000,s,1340
4070550000,s,1340
4070750000,s,1340
4070778000,s,1340
4070837000,s,1340
4071103000,s,1340
4071155000,s,1340
4071904000,s,1340
4071999000,s,1340
4072086000,s,1340
4072170000,s,1340
4072316000,s,1340
4072772000,s,1340
4074073000,s,1340
4074178000,s,1340
4074355000,s,1340
4075185000,s,1340
4075239000,s,1340
4075361000,s,1340
4075566000,s,1340
4075669000,s,1340
4075727000,s,1340
4076256000,s,1340
4076269000,r,1440
4076269000,r,1440
4076269000,r,1440
4076269000,r,1440
4076270000,r,1440
4076270000,r,1440
4076270000,r,1440
4076270000,r,1440
4076424000,r,1440
4076424000,r,1440
4076425000,r,1440
4076425000,r,1440
4076425000,r,1440
4076425000,r,1440
4076425000,r,1440
4076425000,r,1440
4076472000,r,1440
4076472000,r,1440
4076539000,s,1340
4076586000,s,1340
4076641000,s,1340
4076804000,s,1340
4076853000,s,1340
4076874000,s,1340
4076890000,s,1340
4076903000,s,1340
4076916000,s,1340
4076927000,s,1340
4076940000,s,1340
4076951000,s,1340
4076981000,s,1340
4076994000,s,1340
4077037000,s,1340
4077062000,s,1340
4077170000,s,1340
4077415000,s,1340
4077600000,s,1340
4077805000,s,1340
4077919000,s,1340
4077956000,s,1340
4078112000,r,1440
4078113000,r,1440
4078113000,r,1440
4078113000,r,1440
4078113000,r,1440
4078113000,r,1440
4078594000,s,1340
4078661000,s,1340
4078788000,s,1340
4078872000,s,1340
4078934000,s,1340
4078995000,s,1340
4079063000,s,1340
4079128000,s,1340
4079198000,s,1340
4079258000,s,1340
4079469000,s,1340
4079553000,s,1340
4079661000,s,1340
4079859000,s,1340
4079949000,s,1340
4080174000,s,1340
4080225000,s,1340
4080603000,r,1440
4081043000,s,1340
4081232000,s,1340
4081326000,s,1340
4081347000,r,1440
4081766000,s,1340
4081876000,s,1340
4081942000,s,1340
4082038000,s,1340
4082215000,s,1340
4082522000,s,1340
4082636000,s,1340
4083094000,s,1340
4083223000,s,1340
4083290000,s,1340
4083344000,s,1340
4083346000,r,1440
4083539000,s,1340
4083943000,s,1340
4083965000,s,1340
4084143000,s,1340
4084426000,s,1340
4084504000,s,1340
4084604000,s,1340
4084895000,s,1340
4084959000,s,1340
4085212000,s,1340
4085323000,s,1340
4085433000,s,1340
4085455000,r,1440
4085455000,r,1440
4085455000,r,1440
4085456000,r,1440
4085634000,s,1340
4085811000,s,1340
4085892000,s,1340
4086504000,s,1340
4086609000,s,1340
4087396000,s,1340
4087721000,s,1340
4090683000,r,1440
4090683000,r,1440
4090684000,r,1440
4090684000,r,1440
4090684000,r,1440
4090684000,r,1440
4090684000,r,1440
4090684000,r,1440
4090781000,r,1440
4090781000,r,1440
4090781000,r,1440
4090781000,r,1440
4090781000,r,1440
4091042000,r,1440
4091123000,s,1340
4091508000,s,1340
4091551000,s,1340
4091574000,s,1340
4091587000,s,1340
4091603000,s,1340
4091753000,s,1340
4091855000,s,1340
4091925000,s,1340
4091994000,s,1340
4092109000,s,1340
4092205000,s,1340
4092263000,s,1340
4092345000,s,1340
4092436000,s,1340
4092564000,s,1340
4092654000,s,1340
4092843000,s,1340
4097760000,r,1440
4097760000,r,1440
4099494000,r,1440
4099527000,s,1340
4099630000,s,1340
4099712000,s,1340
4099780000,s,1340
4099844000,s,1340
4099911000,s,1340
4099984000,s,1340
4100052000,s,1340
4100124000,s,1340
4100365000,s,1340
4100462000,s,1340
4100583000,s,1340
4100659000,s,1340
4100706000,s,1340
4100899000,r,1440
4101087000,s,1340
4105139000,s,1340
4106138000,s,1340
4111927000,s,1340
4113092000,r,1440
4113559000,r,1440
4113559000,r,1440
4113559000,r,1440
4114500000,s,1340
4114879000,s,1340
4115106000,s,1340
4115219000,s,1340
4115302000,s,1340
4115303000,r,1440
4115303000,r,1440
4115716000,s,1340
4115839000,s,1340
4116010000,r,1440
4116010000,r,1440
4116100000,s,1340
4116208000,s,1340
4116343000,s,1340
4118954000,s,1340
4119079000,s,1340
4119177000,s,1340
4119240000,s,1340
4119297000,s,1340
4119384000,s,1340
4119451000,s,1340
4119516000,s,1340
4119707000,s,1340
4120153000,s,1340
4120237000,s,1340
4120298000,s,1340
4120345000,s,1340
4120461000,s,1340
4120606000,s,1340
4120995000,s,1340
4121137000,s,1340
4121345000,s,1340
4121438000,s,1340
4121541000,s,1340
4121651000,s,1340
4121796000,s,1340
4121902000,s,1340
4122136000,s,1340
4122357000,s,1340
4122494000,s,1340
4122721000,s,1340
4122986000,r,1440
4123120000,s,1340
4123284000,s,1340
4123393000,s,1340
4123503000,s,1340
4123695000,s,1340
4123805000,s,1340
4124036000,s,1340
4124169000,s,1340
4124244000,s,1340
4124308000,s,1340
4124373000,s,1340
4125351000,s,1340
4125521000,s,1340
4125744000,r,1440
4125754000,s,1340
4125744000,r,1440
4125744000,r,1440
4125785000,s,1340
4125848000,s,1340
4125980000,s,1340
4126049000,s,1340
4126170000,s,1340
4126676000,r,1440
4126845000,s,1340
4127010000,s,1340
4127398000,s,1340
4127778000,s,1340
4131555000,r,1440
4131555000,r,1440
4131555000,r,1440
4131555000,r,1440
4131555000,r,1440
4131556000,r,1440
4131556000,r,1440
4131556000,r,1440
4131700000,r,1440
4132182000,s,1340
4132351000,s,1340
4132401000,s,1340
4132418000,s,1340
4132430000,s,1340
4132515000,s,1340
4132532000,s,1340
4132555000,s,1340
4132860000,s,1340
4132980000,s,1340
4133226000,s,1340
4133390000,s,1340
4133818000,s,1340
4133915000,s,1340
4134093000,s,1340
4134289000,s,1340
4134522000,s,1340
4134715000,s,1340
4134899000,s,1340
4134930000,s,1340
4134957000,s,1340
4135179000,s,1340
4135432000,s,1340
4135688000,s,1340
4135791000,s,1340
4135816000,s,1340
4140831000,s,1340
4140903000,r,1440
4140986000,s,1340
4140903000,r,1440
4141093000,s,1340
4141245000,s,1340
4141388000,s,1340
4141469000,s,1340
4141510000,s,1340
4141850000,r,1440
4141850000,r,1440
4142121000,s,1340
4142206000,s,1340
4142251000,s,1340
4142723000,s,1340
4142904000,s,1340
4143024000,s,1340
4143272000,s,1340
4143520000,s,1340
4143557000,r,1440
4143586000,s,1340
4143558000,r,1440
4143558000,r,1440
4143558000,r,1440
4143558000,r,1440
4143558000,r,1440
4143702000,s,1340
4143559000,r,1440
4143559000,r,1440
4143739000,r,1440
4143739000,r,1440
4143739000,r,1440
4143881000,s,1340
4143919000,s,1340
4143951000,s,1340
4144163000,s,1340
4144330000,s,1340
4144552000,s,1340
4144581000,s,1340
4144596000,s,1340
4144655000,s,1340
4144835000,s,1340
4144936000,s,1340
4145005000,s,1340
4145080000,s,1340
4145145000,s,1340
4145239000,s,1340
4145306000,s,1340
4145376000,s,1340
4145476000,s,1340
4145566000,s,1340
4145668000,s,1340
4145751000,r,1440
4145848000,s,1340
4145751000,r,1440
4145923000,s,1340
4145993000,s,1340
4146053000,s,1340
4146471000,s,1340
4146631000,s,1340
4146758000,s,1340
4146993000,s,1340
4147263000,s,1340
4147687000,s,1340
4147868000,s,1340
4147972000,s,1340
4148386000,s,1340
4148525000,s,1340
4148714000,s,1340
4148938000,s,1340
4148953000,r,1440
4149052000,s,1340
4149160000,s,1340
4149196000,s,1340
4152336000,r,1440
4155944000,s,1340
4156827000,s,1340
4156860000,s,1340
4157334000,s,1340
4159223000,s,1340
4167998000,r,1440
4167998000,r,1440
4168971000,r,1440
4169266000,s,1340
4173749000,r,1440
4175096000,r,1440
4175572000,s,1340
4175704000,s,1340
4175883000,s,1340
4175981000,s,1340
4176046000,s,1340
4176628000,s,1340
4176712000,s,1340
4176757000,s,1340
4176833000,r,1440
4176833000,r,1440
4176833000,r,1440
4176834000,r,1440
4176834000,r,1440
4176834000,r,1440
4176834000,r,1440
4176834000,r,1440
4176997000,r,1440
4176997000,r,1440
4176997000,r,1440
4176997000,r,1440
4176998000,r,1440
4176998000,r,1440
4176998000,r,1440
4176998000,r,1440
4177065000,r,1440
4177065000,r,1440
4177065000,r,1440
4177065000,r,1440
4177066000,r,1440
4177066000,r,1440
4177066000,r,1440
4177066000,r,1440
4177123000,r,1440
4177162000,r,1440
4177162000,r,1440
4177162000,r,1440
4177163000,r,1440
4177163000,r,1440
4177163000,r,1440
4177469000,r,1440
4177469000,r,1440
4177469000,r,1440
4178436000,r,1440
4178436000,r,1440
4178436000,r,1440
4178436000,r,1440
4178437000,r,1440
4178437000,r,1440
4178437000,r,1440
4178437000,r,1440
4178517000,r,1440
4178517000,r,1440
4178517000,r,1440
4178517000,r,1440
4178649000,s,1340
4178694000,s,1340
4178710000,s,1340
4178720000,s,1340
4178729000,s,1340
4178738000,s,1340
4178747000,s,1340
4179307000,s,1340
4179350000,s,1340
4179363000,s,1340
4179372000,s,1340
4179548000,s,1340
4179585000,s,1340
4179609000,s,1340
4179620000,s,1340
4179629000,s,1340
4179636000,s,1340
4179643000,s,1340
4179650000,s,1340
4179657000,s,1340
4179663000,s,1340
4179670000,s,1340
4179697000,s,1340
4179705000,s,1340
4179712000,s,1340
4179719000,s,1340
4179729000,s,1340
4179737000,s,1340
4179744000,s,1340
4179752000,s,1340
4179759000,s,1340
4179766000,s,1340
4179773000,s,1340
4179779000,s,1340
4179786000,s,1340
4179792000,s,1340
4179798000,s,1340
4179991000,s,1340
4180056000,s,1340
4180328000,s,1340
4180554000,r,1440
4180554000,r,1440
4180554000,r,1440
4180554000,r,1440
4180554000,r,1440
4180555000,r,1440
4180555000,r,1440
4180555000,r,1440
4181000000,s,1340
4181105000,s,1340
4181159000,s,1340
4181204000,s,1340
4181247000,s,1340
4181295000,s,1340
4181345000,s,1340
4188030000,r,1440
4188030000,r,1440
4188030000,r,1440
4188031000,r,1440
4188996000,s,1340
4189133000,s,1340
4189232000,s,1340
4189747000,r,1440
4189747000,r,1440
4189747000,r,1440
4189747000,r,1440
4190164000,s,1340
4190425000,s,1340
4190526000,s,1340
4190740000,s,1340
4190909000,s,1340
4191078000,s,1340
4191166000,s,1340
4191310000,s,1340
4191422000,s,1340
4192449000,r,1440
4192449000,r,1440
4192449000,r,1440
4192449000,r,1440
4192449000,r,1440
4192450000,r,1440
4192450000,r,1440
4192450000,r,1440
4192622000,r,1440
4192622000,r,1440
4192622000,r,1440
4192622000,r,1440
4192622000,r,1440
4192623000,r,1440
4192623000,r,1440
4192623000,r,1440
4192685000,r,1440
4192686000,r,1440
4192686000,r,1440
4192686000,r,1440
4192755000,r,1440
4192756000,r,1440
4192756000,r,1440
4192756000,r,1440
4192867000,s,1340
4192929000,s,1340
4192966000,s,1340
4193931000,s,1340
4193974000,s,1340
4193989000,s,1340
4193998000,s,1340
4194007000,s,1340
4194015000,s,1340
4194024000,s,1340
4194033000,s,1340
4194055000,s,1340
4194414000,s,1340
4195238000,r,1440
4195238000,r,1440
4195239000,r,1440
4195239000,r,1440
4195239000,r,1440
4195239000,r,1440
4195239000,r,1440
4195239000,r,1440
4195321000,r,1440
4195322000,r,1440
4195322000,r,1440
4195322000,r,1440
4195322000,r,1440
4195347000,r,1440
4195347000,r,1440
4195347000,r,1440
4195371000,s,1340
4195406000,s,1340
4195421000,s,1340
4195432000,s,1340
4195443000,s,1340
4195453000,s,1340
4195463000,s,1340
4195474000,s,1340
4196299000,r,1440
4196299000,r,1440
4196300000,r,1440
4196300000,r,1440
4196300000,r,1440
4196300000,r,1440
4196300000,r,1440
4196300000,r,1440
4196381000,r,1440
4196381000,r,1440
4196381000,r,1440
4196381000,r,1440
4196545000,r,1440
4196545000,r,1440
4196545000,r,1440
4196546000,r,1440
4196546000,r,1440
4196546000,r,1440
4196546000,r,1440
4196546000,r,1440
4196636000,r,1440
4196905000,r,1440
4196905000,r,1440
4196906000,r,1440
4197088000,r,1440
4197088000,r,1440
4197088000,r,1440
4197689000,r,1440
4197751000,s,1340
4197689000,r,1440
4197689000,r,1440
4197689000,r,1440
4197690000,r,1440
4197690000,r,1440
4197690000,r,1440
4197783000,s,1340
4197690000,r,1440
4197795000,s,1340
4197799000,r,1440
4197807000,s,1340
4197819000,s,1340
4197833000,s,1340
4197842000,s,1340
4197852000,s,1340
4197861000,s,1340
4197870000,s,1340
4197880000,s,1340
4197890000,s,1340
4197898000,s,1340
4197909000,s,1340
4197918000,s,1340
4197928000,s,1340
4197937000,s,1340
4197947000,s,1340
4197956000,s,1340
4197964000,s,1340
4197972000,s,1340
4197981000,s,1340
4197990000,s,1340
4197998000,s,1340
4198006000,s,1340
4198014000,s,1340
4198022000,s,1340
4198030000,s,1340
4198038000,s,1340
4198046000,s,1340
4198053000,s,1340
4198061000,s,1340
4198218000,s,1340
4198300000,s,1340
4198379000,s,1340
4198432000,s,1340
4198487000,s,1340
4198555000,s,1340
4198620000,s,1340
4198669000,s,1340
4198735000,s,1340
4198809000,s,1340
4198891000,s,1340
4198982000,s,1340
4199069000,s,1340
4199093000,r,1440
4199122000,s,1340
4199093000,r,1440
4199093000,r,1440
4199167000,s,1340
4199094000,r,1440
4199094000,r,1440
4199094000,r,1440
4199094000,r,1440
4199211000,s,1340
4199261000,s,1340
4199303000,s,1340
4199390000,s,1340
4199472000,s,1340
4199554000,s,1340
4199629000,s,1340
4199699000,s,1340
4199772000,s,1340
4199840000,s,1340
4199888000,s,1340
4199935000,s,1340
4200011000,s,1340
4200069000,s,1340
4200134000,s,1340
4200190000,s,1340
4200246000,s,1340
4200292000,s,1340
4200377000,s,1340
4200443000,s,1340
4200499000,s,1340
4200558000,s,1340
4200616000,s,1340
4200708000,s,1340
4200774000,s,1340
4200833000,s,1340
4200920000,s,1340
4201025000,s,1340
4201092000,s,1340
4201173000,s,1340
4201254000,s,1340
4201303000,s,1340
4201435000,s,1340
4201574000,s,1340
4201634000,s,1340
4201807000,s,1340
4201885000,s,1340
4202233000,s,1340
4202393000,s,1340
4202521000,s,1340
4202712000,s,1340
4202859000,s,1340
4202964000,s,1340
4203091000,s,1340
4204613000,s,1340
4204668000,s,1340
4204686000,s,1340
4204798000,s,1340
4205019000,s,1340
4205146000,s,1340
4205355000,s,1340
4205394000,r,1440
4205453000,s,1340
4205395000,r,1440
4205395000,r,1440
4205395000,r,1440
4205395000,r,1440
4205395000,r,1440
4205626000,s,1340
4205699000,s,1340
4205812000,s,1340
4205925000,s,1340
4206017000,s,1340
4206105000,s,1340
4206126000,r,1440
4206160000,s,1340
4206127000,r,1440
4206127000,r,1440
4206212000,s,1340
4206258000,s,1340
4206301000,s,1340
4206345000,s,1340
4206387000,s,1340
4206477000,s,1340
4206523000,s,1340
4206577000,s,1340
4206654000,s,1340
4206697000,s,1340
4206754000,s,1340
4206793000,s,1340
4207115000,s,1340
4207206000,s,1340
4207257000,s,1340
4207325000,s,1340
4207460000,r,1440
4207460000,r,1440
4207460000,r,1440
4207460000,r,1440
4207460000,r,1440
4207460000,r,1440
4207460000,r,1440
4207461000,r,1440
4207531000,r,1440
4207531000,r,1440
4207531000,r,1440
4207531000,r,1440
4207531000,r,1440
4207532000,r,1440
4207532000,r,1440
4207532000,r,1440
4207567000,r,1440
4207567000,r,1440
4207567000,r,1440
4207567000,r,1440
4207768000,s,1340
4207908000,s,1340
4208002000,s,1340
4208088000,s,1340
4208168000,s,1340
4208220000,r,1440
4208248000,s,1340
4208220000,r,1440
4208220000,r,1440
4208220000,r,1440
4208220000,r,1440
4208220000,r,1440
4208321000,s,1340
4208397000,s,1340
4208465000,s,1340
4208537000,s,1340
4208608000,s,1340
4208683000,s,1340
4208759000,s,1340
4208830000,s,1340
4208904000,s,1340
4208976000,s,1340
4209049000,s,1340
4209115000,s,1340
4209189000,s,1340
4209254000,s,1340
4209312000,s,1340
4209365000,s,1340
4209431000,s,1340
4209499000,s,1340
4209550000,s,1340
4209622000,s,1340
4209696000,s,1340
4209806000,s,1340
4209943000,s,1340
4210021000,s,1340
4210110000,s,1340
4210180000,s,1340
4210261000,s,1340
4210338000,s,1340
4210420000,s,1340
4210500000,s,1340
4213424000,r,1440
4213424000,r,1440
4213424000,r,1440
4213424000,r,1440
4213425000,r,1440
4213425000,r,1440
4213925000,r,1440
4213925000,r,1440
4213926000,r,1440
4213926000,r,1440
4213926000,r,1440
4214085000,s,1340
4214177000,s,1340
4214287000,s,1340
4214360000,s,1340
4214498000,s,1340
4214539000,s,1340
4214559000,s,1340
4214568000,s,1340
4214582000,s,1340
4214636000,s,1340
4215103000,s,1340
4215199000,s,1340
4215300000,s,1340
4215414000,s,1340
4215575000,s,1340
4215658000,s,1340
4215783000,s,1340
4216090000,s,1340
4216221000,s,1340
4216264000,s,1340
4216307000,s,1340
4217046000,s,1340
4217101000,s,1340
4217234000,s,1340
4217341000,s,1340
4217902000,s,1340
4217947000,s,1340
4218268000,s,1340
4218443000,s,1340
4218523000,s,1340
4218784000,s,1340
4218872000,s,1340
4218958000,s,1340
4219149000,s,1340
4219261000,s,1340
4219313000,s,1340
4219699000,r,1440
4219699000,r,1440
4219699000,r,1440
4219699000,r,1440
4219700000,r,1440
4219700000,r,1440
4220194000,s,1340
4220300000,s,1340
4220381000,s,1340
4220442000,s,1340
4220444000,r,1440
4220445000,r,1440
4220445000,r,1440
4220445000,r,1440
4220499000,s,1340
4220445000,r,1440
4220445000,r,1440
4220445000,r,1440
4220445000,r,1440
4220536000,r,1440
4220536000,r,1440
4220536000,r,1440
4220536000,r,1440
4220536000,r,1440
4220536000,r,1440
4220554000,s,1340
4220536000,r,1440
4220602000,s,1340
4220645000,s,1340
4220764000,r,1440
4220782000,s,1340
4220764000,r,1440
4220765000,r,1440
4220765000,r,1440
4220765000,r,1440
4220765000,r,1440
4220831000,s,1340
4220843000,s,1340
4220953000,s,1340
4221045000,s,1340
4221131000,s,1340
4221159000,s,1340
4221216000,s,1340
4221284000,s,1340
4221334000,s,1340
4221384000,s,1340
4221417000,r,1440
4221435000,s,1340
4221418000,r,1440
4221418000,r,1440
4221502000,s,1340
4221561000,s,1340
4221612000,s,1340
4221669000,s,1340
4221704000,r,1440
4221704000,r,1440
4221704000,r,1440
4221704000,r,1440
4221704000,r,1440
4221705000,r,1440
4221705000,r,1440
4221705000,r,1440
4221791000,r,1440
4221799000,s,1340
4221866000,s,1340
4221916000,s,1340
4221971000,s,1340
4222027000,s,1340
4222087000,s,1340
4222140000,s,1340
4222223000,s,1340
4222253000,r,1440
4222279000,s,1340
4222253000,r,1440
4222253000,r,1440
4222253000,r,1440
4222253000,r,1440
4222253000,r,1440
4222337000,s,1340
4222393000,s,1340
4222443000,s,1340
4222524000,s,1340
4222608000,s,1340
4222673000,s,1340
4222743000,s,1340
4222837000,s,1340
4222932000,s,1340
4223019000,s,1340
4223055000,r,1440
4223097000,s,1340
4223055000,r,1440
4223056000,r,1440
4223056000,r,1440
4223056000,r,1440
4223056000,r,1440
4223056000,r,1440
4223057000,r,1440
4223160000,r,1440
4223177000,s,1340
4223244000,s,1340
4223319000,s,1340
4223403000,s,1340
4223473000,s,1340
4223536000,s,1340
4223601000,s,1340
4223678000,s,1340
4223755000,s,1340
4223837000,s,1340
4223909000,s,1340
4223975000,s,1340
4224044000,s,1340
4224115000,s,1340
4224175000,s,1340
4224234000,s,1340
4224292000,s,1340
4224353000,s,1340
4224415000,s,1340
4224455000,r,1440
4224478000,s,1340
4224456000,r,1440
4224456000,r,1440
4224456000,r,1440
4224456000,r,1440
4224456000,r,1440
4224456000,r,1440
4224456000,r,1440
4224529000,r,1440
4224529000,r,1440
4224529000,r,1440
4224536000,s,1340
4224529000,r,1440
4224530000,r,1440
4224530000,r,1440
4224530000,r,1440
4224530000,r,1440
4224559000,r,1440
4224559000,r,1440
4224559000,r,1440
4224560000,r,1440
4224560000,r,1440
4224560000,r,1440
4224560000,r,1440
4224560000,r,1440
4224598000,s,1340
4224702000,s,1340
4224738000,s,1340
4224766000,s,1340
4224916000,s,1340
4224955000,s,1340
4224970000,s,1340
4224982000,s,1340
4225047000,s,1340
4225063000,s,1340
4225074000,s,1340
4225084000,s,1340
4225094000,s,1340
4225106000,s,1340
4225116000,s,1340
4225123000,s,1340
4225134000,s,1340
4225143000,s,1340
4225150000,s,1340
4225161000,s,1340
4225202000,s,1340
4226365000,s,1340
4226532000,s,1340
4226715000,s,1340
4226830000,s,1340
4226902000,s,1340
4227065000,s,1340
4227187000,s,1340
4227331000,s,1340
4229108000,r,1440
4229108000,r,1440
4229108000,r,1440
4229109000,r,1440
4229109000,r,1440
4229109000,r,1440
4229109000,r,1440
4229109000,r,1440
4229196000,r,1440
4229196000,r,1440
4229196000,r,1440
4229196000,r,1440
4229196000,r,1440
4229196000,r,1440
4229196000,r,1440
4229278000,r,1440
4229278000,r,1440
4229278000,r,1440
4229494000,s,1340
4229558000,s,1340
4229648000,s,1340
4229786000,s,1340
4229866000,s,1340
4229938000,s,1340
4229998000,s,1340
4230062000,s,1340
4230127000,s,1340
4230192000,s,1340
4230240000,s,1340
4230342000,s,1340
4230414000,s,1340
4230480000,s,1340
4230544000,s,1340
4230565000,r,1440
4230565000,r,1440
4230565000,r,1440
4230565000,r,1440
4230606000,s,1340
4230565000,r,1440
4230566000,r,1440
4230566000,r,1440
4230566000,r,1440
4230628000,r,1440
4230628000,r,1440
4230628000,r,1440
4230628000,r,1440
4230628000,r,1440
4230628000,r,1440
4230628000,r,1440
4230628000,r,1440
4230653000,r,1440
4230653000,r,1440
4230660000,s,1340
4230714000,s,1340
4230809000,s,1340
4230877000,r,1440
4230877000,r,1440
4230877000,r,1440
4231009000,s,1340
4231094000,s,1340
4231164000,s,1340
4231234000,s,1340
4231308000,s,1340
4231374000,s,1340
4231441000,s,1340
4231518000,s,1340
4231592000,s,1340
4231662000,s,1340
4231716000,r,1440
4231738000,s,1340
4231716000,r,1440
4231716000,r,1440
4231716000,r,1440
4231716000,r,1440
4231716000,r,1440
4231716000,r,1440
4231716000,r,1440
4231789000,r,1440
4231789000,r,1440
4231789000,r,1440
4231789000,r,1440
4231812000,s,1340
4231870000,s,1340
4231938000,s,1340
4232009000,s,1340
4232077000,s,1340
4232077000,r,1440
4232077000,r,1440
4232078000,r,1440
4232149000,s,1340
4232218000,s,1340
4232295000,s,1340
4232366000,s,1340
4232401000,r,1440
4232401000,r,1440
4232433000,s,1340
4232401000,r,1440
4232401000,r,1440
4232401000,r,1440
4232401000,r,1440
4232401000,r,1440
4232401000,r,1440
4232455000,r,1440
4232499000,s,1340
4232568000,s,1340
4232637000,s,1340
4232710000,s,1340
4232780000,s,1340
4232847000,s,1340
4232909000,s,1340
4232966000,s,1340
4233045000,s,1340
4233123000,s,1340
4233197000,s,1340
4233272000,s,1340
4233340000,s,1340
4233408000,s,1340
4233463000,r,1440
4233479000,s,1340
4233463000,r,1440
4233463000,r,1440
4233554000,s,1340
4233620000,s,1340
4233686000,s,1340
4233821000,s,1340
4233899000,s,1340
4233969000,s,1340
4234037000,s,1340
4234079000,r,1440
4234111000,s,1340
4234079000,r,1440
4234079000,r,1440
4234079000,r,1440
4234079000,r,1440
4234080000,r,1440
4234080000,r,1440
4234080000,r,1440
4234161000,r,1440
4234162000,r,1440
4234162000,r,1440
4234162000,r,1440
4234179000,s,1340
4234245000,s,1340
4234321000,s,1340
4234383000,s,1340
4234453000,s,1340
4234530000,s,1340
4234612000,s,1340
4234697000,s,1340
4234777000,s,1340
4234841000,s,1340
4234912000,s,1340
4234978000,s,1340
4235044000,s,1340
4235118000,s,1340
4235185000,s,1340
4235251000,s,1340
4235314000,s,1340
4235380000,s,1340
4235445000,s,1340
4235506000,s,1340
4235566000,s,1340
4235626000,s,1340
4235687000,s,1340
4235752000,s,1340
4235819000,s,1340
4235888000,s,1340
4235952000,s,1340
4236046000,s,1340
4240807000,r,1440
4240808000,r,1440
4240808000,r,1440
4240808000,r,1440
4240808000,r,1440
4240808000,r,1440
4240808000,r,1440
4240808000,r,1440
4240910000,r,1440
4240910000,r,1440
4240911000,r,1440
4240911000,r,1440
4240911000,r,1440
4240911000,r,1440
4240911000,r,1440
4240911000,r,1440
4240941000,r,1440
4240941000,r,1440
4241085000,s,1340
4241136000,s,1340
4241317000,s,1340
4241327000,s,1340
4241335000,s,1340
4241343000,s,1340
4241351000,s,1340
4241359000,s,1340
4241366000,s,1340
4241368000,r,1440
4241375000,s,1340
4241368000,r,1440
4241368000,r,1440
4241447000,s,1340
4241457000,s,1340
4241464000,s,1340
4241471000,s,1340
4241480000,r,1440
4241480000,r,1440
4241480000,r,1440
4241480000,r,1440
4241481000,r,1440
4241481000,r,1440
4241481000,r,1440
4241481000,r,1440
4241517000,r,1440
4241893000,s,1340
4242084000,r,1440
4242084000,r,1440
4242085000,r,1440
4242085000,r,1440
4242085000,r,1440
4242085000,r,1440
4242148000,s,1340
4242182000,s,1340
4242193000,s,1340
4242323000,s,1340
4242401000,s,1340
4242460000,s,1340
4242520000,s,1340
4242585000,s,1340
4242646000,s,1340
4242707000,s,1340
4243431000,s,1340
4243461000,s,1340
4243482000,s,1340
4243489000,s,1340
4243497000,s,1340
4243504000,s,1340
4243511000,s,1340
4243517000,s,1340
4243522000,s,1340
4243529000,s,1340
4243535000,s,1340
4243542000,s,1340
4243548000,s,1340
4243555000,s,1340
4243565000,s,1340
4243573000,s,1340
4243579000,s,1340
4243585000,s,1340
4243591000,s,1340
4243610000,s,1340
4243620000,s,1340
4243633000,s,1340
4243701000,s,1340
4243762000,s,1340
4243928000,s,1340
4244002000,s,1340
4244066000,s,1340
4244115000,s,1340
4244234000,s,1340
4244358000,s,1340
4244487000,s,1340
4244590000,s,1340
4245326000,s,1340
4245533000,s,1340
4245666000,s,1340
4245827000,s,1340
4245949000,s,1340
4246074000,s,1340
4246180000,s,1340
4246306000,s,1340
4246429000,s,1340
4246544000,s,1340
4246745000,s,1340
4246936000,s,1340
4247031000,s,1340
4247217000,s,1340
4247465000,s,1340
4247547000,s,1340
4247661000,s,1340
4247769000,s,1340
4247859000,s,1340
4247947000,s,1340
4248145000,s,1340
4248203000,s,1340
4248456000,s,1340
4248514000,s,1340
4248731000,s,1340
4248832000,s,1340
4249158000,s,1340
4250232000,s,1340
4250255000,s,1340
4250317000,s,1340
4251503000,s,1340
4252788000,s,1340
4252965000,s,1340
4253049000,s,1340
4253226000,s,1340
4253396000,s,1340
4253579000,s,1340
4253667000,s,1340
4253859000,s,1340
4253950000,s,1340
4254129000,s,1340
4254219000,s,1340
4254306000,s,1340
4265262000,s,1340
4265569000,s,1340
4265657000,s,1340
4265776000,s,1340
4265835000,s,1340
4265879000,s,1340
4266067000,s,1340
4266231000,s,1340
4266447000,s,1340
4266478000,s,1340
4266492000,s,1340
4266553000,s,1340
4266667000,s,1340
4267109000,r,1440
4267109000,r,1440
4267109000,r,1440
4267109000,r,1440
4267109000,r,1440
4267110000,r,1440
4267110000,r,1440
4267110000,r,1440
4267211000,r,1440
4267211000,r,1440
4267211000,r,1440
4267211000,r,1440
4267211000,r,1440
4267211000,r,1440
4267211000,r,1440
4267212000,r,1440
4267244000,r,1440
4267244000,r,1440
4267244000,r,1440
4267244000,r,1440
4267245000,r,1440
4267245000,r,1440
4267245000,r,1440
4267245000,r,1440
4267275000,r,1440
4267275000,r,1440
4267275000,r,1440
4267275000,r,1440
4267275000,r,1440
4267275000,r,1440
4267275000,r,1440
4267275000,r,1440
4267304000,r,1440
4267304000,r,1440
4267304000,r,1440
4267304000,r,1440
4267304000,r,1440
4267304000,r,1440
4267304000,r,1440
4267304000,r,1440
4267334000,r,1440
4267334000,r,1440
4267334000,r,1440
4267334000,r,1440
4267334000,r,1440
4267334000,r,1440
4267334000,r,1440
4267334000,r,1440
4267362000,s,1340
4267365000,r,1440
4267365000,r,1440
4267365000,r,1440
4267365000,r,1440
4267365000,r,1440
4267366000,r,1440
4267366000,r,1440
4267366000,r,1440
4267394000,r,1440
4267394000,r,1440
4267394000,r,1440
4267394000,r,1440
4267394000,r,1440
4267394000,r,1440
4267394000,r,1440
4267394000,r,1440
4267447000,r,1440
4267447000,r,1440
4267447000,r,1440
4267447000,r,1440
4267447000,r,1440
4267447000,r,1440
4267448000,r,1440
4267448000,r,1440
4267482000,r,1440
4267482000,r,1440
4267483000,r,1440
4267483000,r,1440
4267483000,r,1440
4267483000,r,1440
4267483000,r,1440
4267483000,r,1440
4267511000,s,1340
4267514000,r,1440
4267514000,r,1440
4267514000,r,1440
4267514000,r,1440
4267514000,r,1440
4267514000,r,1440
4267514000,r,1440
4267514000,r,1440
4267544000,r,1440
4267544000,r,1440
4267544000,r,1440
4267544000,r,1440
4267544000,r,1440
4267544000,r,1440
4267544000,r,1440
4267544000,r,1440
4267573000,r,1440
4267573000,r,1440
4267573000,r,1440
4267573000,r,1440
4267574000,r,1440
4267574000,r,1440
4267574000,r,1440
4267574000,r,1440
4267601000,r,1440
4267601000,r,1440
4267601000,r,1440
4267601000,r,1440
4267601000,r,1440
4267602000,r,1440
4267602000,r,1440
4267602000,r,1440
4267629000,r,1440
4267629000,r,1440
4267629000,r,1440
4267630000,r,1440
4267630000,r,1440
4267630000,r,1440
4267630000,r,1440
4267647000,s,1340
4267630000,r,1440
4267658000,r,1440
4267658000,r,1440
4267658000,r,1440
4267658000,r,1440
4267659000,r,1440
4267659000,r,1440
4267659000,r,1440
4267659000,r,1440
4267688000,r,1440
4267689000,r,1440
4267696000,s,1340
4267689000,r,1440
4267689000,r,1440
4267689000,r,1440
4267689000,r,1440
4267689000,r,1440
4267689000,r,1440
4267711000,s,1340
4267720000,r,1440
4267720000,r,1440
4267721000,r,1440
4267721000,r,1440
4267721000,r,1440
4267721000,r,1440
4267721000,r,1440
4267721000,r,1440
4267752000,r,1440
4267753000,r,1440
4267753000,r,1440
4267753000,r,1440
4267753000,r,1440
4267753000,r,1440
4267753000,r,1440
4267753000,r,1440
4267807000,r,1440
4267807000,r,1440
4267808000,r,1440
4267808000,r,1440
4267808000,r,1440
4267808000,r,1440
4267808000,r,1440
4267808000,r,1440
4267838000,r,1440
4267838000,r,1440
4267838000,r,1440
4267838000,r,1440
4267838000,r,1440
4267852000,s,1340
4267838000,r,1440
4267838000,r,1440
4267838000,r,1440
4267867000,r,1440
4267867000,r,1440
4267871000,s,1340
4267867000,r,1440
4267867000,r,1440
4267867000,r,1440
4267882000,s,1340
4267867000,r,1440
4267867000,r,1440
4267867000,r,1440
4267896000,r,1440
4267896000,r,1440
4267896000,r,1440
4267896000,r,1440
4267896000,r,1440
4267927000,s,1340
4268033000,s,1340
4268159000,s,1340
4268186000,s,1340
4268200000,r,1440
4268200000,r,1440
4268200000,r,1440
4268200000,r,1440
4268200000,r,1440
4268200000,r,1440
4268345000,s,1340
4268441000,s,1340
4268507000,s,1340
4268572000,s,1340
4268628000,s,1340
4268650000,s,1340
4268659000,s,1340
4268672000,s,1340
4268687000,s,1340
4268697000,s,1340
4268769000,s,1340
4268830000,s,1340
4268886000,s,1340
4268968000,s,1340
4269024000,s,1340
4269089000,s,1340
4269144000,s,1340
4269221000,s,1340
4269277000,s,1340
4269339000,s,1340
4269397000,s,1340
4269453000,s,1340
4269537000,s,1340
4269606000,s,1340
4269670000,s,1340
4269757000,s,1340
4269874000,s,1340
4269939000,s,1340
4270002000,s,1340
4270067000,s,1340
4270112000,s,1340
4270150000,s,1340
4270192000,s,1340
4270249000,s,1340
4270325000,s,1340
4270396000,s,1340
4270461000,s,1340
4270531000,s,1340
4270598000,s,1340
4270661000,s,1340
4270730000,s,1340
4270797000,s,1340
4270874000,s,1340
4271571000,s,1340
4271652000,s,1340
4271709000,s,1340
4271765000,s,1340
4271830000,s,1340
4271885000,s,1340
4271944000,s,1340
4272005000,s,1340
4272073000,s,1340
4272134000,s,1340
4272200000,s,1340
4272260000,s,1340
4272322000,s,1340
4272386000,s,1340
4272448000,s,1340
4272497000,s,1340
4272566000,s,1340
4272619000,s,1340
4272712000,s,1340
4272784000,s,1340
4272993000,s,1340
4273148000,s,1340
4273218000,s,1340
4273284000,s,1340
4273387000,s,1340
4273455000,s,1340
4273520000,s,1340
4273583000,s,1340
4273645000,s,1340
4273704000,s,1340
4273788000,s,1340
4273855000,s,1340
4273923000,s,1340
4274245000,s,1340
4274265000,r,1440
4274265000,r,1440
4274266000,r,1440
4274266000,r,1440
4274266000,r,1440
4274266000,r,1440
4274383000,s,1340
4274463000,s,1340
4274786000,s,1340
4274978000,s,1340
4275126000,r,1440
4275126000,r,1440
4275126000,r,1440
4275126000,r,1440
4275126000,r,1440
4275126000,r,1440
4275126000,r,1440
4275127000,r,1440
4275204000,r,1440
4275301000,s,1340
4275350000,r,1440
4275374000,s,1340
4275350000,r,1440
4275351000,r,1440
4275351000,r,1440
4275351000,r,1440
4275351000,r,1440
4275441000,s,1340
4275509000,s,1340
4275570000,s,1340
4275616000,s,1340
4275671000,s,1340
4275782000,s,1340
4275801000,r,1440
4275801000,r,1440
4275801000,r,1440
4275801000,r,1440
4275801000,r,1440
4275801000,r,1440
4275852000,s,1340
4275802000,r,1440
4275802000,r,1440
4275867000,r,1440
4275917000,s,1340
4275982000,s,1340
4276052000,s,1340
4276115000,s,1340
4276175000,s,1340
4276241000,s,1340
4276456000,s,1340
4276673000,s,1340
4276715000,r,1440
4276715000,r,1440
4276748000,s,1340
4276715000,r,1440
4276716000,r,1440
4276716000,r,1440
4276716000,r,1440
4276716000,r,1440
4276716000,r,1440
4276784000,r,1440
4276784000,r,1440
4276784000,r,1440
4276784000,r,1440
4276784000,r,1440
4276784000,r,1440
4276784000,r,1440
4276815000,s,1340
4276885000,s,1340
4276952000,s,1340
4277021000,s,1340
4277095000,s,1340
4277252000,s,1340
4277330000,s,1340
4277397000,s,1340
4277460000,s,1340
4277519000,s,1340
4277575000,s,1340
4277699000,s,1340
4277773000,s,1340
4277828000,s,1340
4277873000,s,1340
4277914000,s,1340
4277956000,s,1340
4278008000,s,1340
4278076000,s,1340
4278144000,s,1340
4278209000,s,1340
4278272000,s,1340
4278328000,s,1340
4278676000,s,1340
4279019000,s,1340
4279092000,s,1340
4279279000,s,1340
4279421000,s,1340
4279563000,s,1340
4279662000,s,1340
4279683000,r,1440
4279683000,r,1440
4279683000,r,1440
4279683000,r,1440
4279683000,r,1440
4279683000,r,1440
4279683000,r,1440
4279683000,r,1440
4279772000,r,1440
4279772000,r,1440
4279773000,r,1440
4279773000,r,1440
4279773000,r,1440
4279773000,r,1440
4279906000,s,1340
4279970000,s,1340
4280084000,s,1340
4280221000,s,1340
4280253000,s,1340
4280361000,s,1340
4280378000,s,1340
4280381000,r,1440
4280385000,s,1340
4280396000,s,1340
4280381000,r,1440
4280381000,r,1440
4280381000,r,1440
4280381000,r,1440
4280381000,r,1440
4280517000,s,1340
4280608000,s,1340
4280665000,s,1340
4281488000,s,1340
4281631000,s,1340
4281668000,s,1340
4281688000,s,1340
4288581000,r,1440
4288581000,r,1440
4288581000,r,1440
4288582000,r,1440
4288582000,r,1440
4288582000,r,1440
4288582000,r,1440
4288582000,r,1440
4288698000,r,1440
4288731000,r,1440
4288731000,r,1440
4288731000,r,1440
4289234000,r,1440
4289234000,r,1440
4289234000,r,1440
4289234000,r,1440
4289234000,r,1440
4289234000,r,1440
4289234000,r,1440
4289234000,r,1440
4289300000,r,1440
4289366000,s,1340
4289460000,s,1340
4289523000,s,1340
4289643000,s,1340
4289830000,s,1340
4290049000,s,1340
4290130000,r,1440
4290130000,r,1440
4290130000,r,1440
4290195000,s,1340
4290427000,s,1340
4290510000,s,1340
4290580000,s,1340
4290704000,s,1340
4290775000,s,1340
4290914000,s,1340
4291000000,s,1340
4291076000,s,1340
4291197000,s,1340
4291285000,s,1340
4291345000,s,1340
4291406000,s,1340
4291477000,s,1340
4291531000,s,1340
4291585000,s,1340
4291660000,s,1340
4291728000,s,1340
4291886000,s,1340
4291888000,r,1440
4291888000,r,1440
4291888000,r,1440
4291888000,r,1440
4291888000,r,1440
4291888000,r,1440
4291888000,r,1440
4291889000,r,1440
4291976000,r,1440
4291976000,r,1440
4291976000,r,1440
4291976000,r,1440
4291977000,r,1440
4291977000,r,1440
4291977000,r,1440
4291977000,r,1440
4292004000,r,1440
4292004000,r,1440
4292007000,s,1340
4292004000,r,1440
4292004000,r,1440
4292004000,r,1440
4292004000,r,1440
4292004000,r,1440
4292005000,r,1440
4292029000,r,1440
4292208000,r,1440
4292208000,r,1440
4292208000,r,1440
4292208000,r,1440
4292208000,r,1440
4292209000,r,1440
4292373000,r,1440
4292374000,r,1440
4292374000,r,1440
4292558000,s,1340
4292721000,s,1340
4292883000,s,1340
4292939000,s,1340
4293038000,s,1340
4293125000,s,1340
4293240000,s,1340
4293324000,s,1340
4293395000,s,1340
4293478000,s,1340
4293552000,s,1340
4293619000,s,1340
4293686000,s,1340
4293794000,s,1340
4293870000,s,1340
4293943000,s,1340
4294019000,s,1340
4294087000,s,1340
4294158000,s,1340
4294170000,r,1440
4294170000,r,1440
4294170000,r,1440
4294170000,r,1440
4294171000,r,1440
4294171000,r,1440
4294171000,r,1440
4294171000,r,1440
4294238000,r,1440
4294238000,r,1440
4294238000,r,1440
4294238000,r,1440
4294238000,r,1440
4294238000,r,1440
4294238000,r,1440
4294238000,r,1440
4294262000,r,1440
4294262000,r,1440
4294262000,r,1440
4294262000,r,1440
4294612000,s,1340
4294716000,s,1340
4294792000,s,1340
4294879000,s,1340
4294966000,s,1340
4295061000,s,1340
4295151000,s,1340
4295218000,s,1340
4295286000,s,1340
4295344000,s,1340
4295398000,s,1340
4295449000,s,1340
4295528000,s,1340
4295580000,s,1340
4295644000,s,1340
4295704000,s,1340
4295745000,s,1340
4295784000,s,1340
4295828000,s,1340
4295875000,s,1340
4295927000,s,1340
4295979000,s,1340
4296043000,s,1340
4296109000,s,1340
4296162000,s,1340
4296204000,s,1340
4296240000,s,1340
4296275000,s,1340
4296312000,s,1340
4296350000,s,1340
4296385000,s,1340
4296420000,s,1340
4296473000,s,1340
4297248000,s,1340
4297534000,s,1340
4297585000,s,1340
4297609000,s,1340
4297780000,s,1340
4297908000,s,1340
4297975000,s,1340
4298376000,s,1340
4298465000,s,1340
4298627000,s,1340
4298793000,s,1340
4298873000,s,1340
4298921000,s,1340
4299910000,s,1340
4299935000,s,1340
4299965000,s,1340
4300597000,r,1440
4300597000,r,1440
4300597000,r,1440
4300597000,r,1440
4300598000,r,1440
4300598000,r,1440
4300598000,r,1440
4300598000,r,1440
4300690000,r,1440
4300876000,r,1440
4300876000,r,1440
4300876000,r,1440
4300944000,s,1340
4301128000,s,1340
4301228000,s,1340
4301275000,r,1440
4301316000,s,1340
4301275000,r,1440
4301276000,r,1440
4301276000,r,1440
4301276000,r,1440
4301276000,r,1440
4301276000,r,1440
4301276000,r,1440
4301362000,r,1440
4301412000,s,1340
4301507000,s,1340
4301596000,s,1340
4301688000,s,1340
4301744000,r,1440
4301744000,r,1440
4301744000,r,1440
4301744000,r,1440
4301744000,r,1440
4301744000,r,1440
4301816000,s,1340
4301911000,s,1340
4302007000,s,1340
4302097000,s,1340
4302191000,s,1340
4302280000,s,1340
4302374000,s,1340
4302444000,s,1340
4302513000,s,1340
4302590000,r,1440
4302594000,s,1340
4302590000,r,1440
4302590000,r,1440
4302672000,s,1340
4302747000,s,1340
4302823000,s,1340
4302899000,s,1340
4302973000,s,1340
4303050000,s,1340
4303117000,s,1340
4303175000,s,1340
4303252000,s,1340
4303333000,s,1340
4303404000,s,1340
4303474000,s,1340
4303519000,s,1340
4303535000,r,1440
4303564000,s,1340
4303607000,s,1340
4303535000,r,1440
4303535000,r,1440
4303535000,r,1440
4303535000,r,1440
4303535000,r,1440
4303536000,r,1440
4303536000,r,1440
4303648000,s,1340
4303651000,r,1440
4303652000,r,1440
4303652000,r,1440
4303652000,r,1440
4303652000,r,1440
4303652000,r,1440
4303725000,s,1340
4303797000,s,1340
4303843000,s,1340
4303898000,s,1340
4303970000,s,1340
4304045000,s,1340
4304100000,s,1340
4304174000,s,1340
4304223000,s,1340
4304270000,s,1340
4304340000,s,1340
4304410000,s,1340
4304464000,s,1340
4304515000,s,1340
4304567000,s,1340
4304649000,s,1340
4304717000,s,1340
4304792000,s,1340
4304864000,s,1340
4304934000,s,1340
4305005000,s,1340
4305144000,s,1340
4305220000,s,1340
4305305000,s,1340
4305373000,s,1340
4309053000,r,1440
4309053000,r,1440
4309053000,r,1440
4309054000,r,1440
4309818000,s,1340
4313046000,r,1440
4313297000,s,1340
4314888000,s,1340
4316690000,r,1440
4318391000,r,1440
4318738000,s,1340
4321026000,r,1440
4321735000,r,1440
4323699000,r,1440
4323961000,s,1340
4324010000,s,1340
4358621000,s,1340
8933784000,r,1440
9090189000,r,1440
9090190000,r,1440
9090190000,r,1440
9090191000,r,1440
9094017000,s,1340
9094331000,s,1340
9095398000,s,1340
9095694000,s,1340
9114721000,s,1340
9114969000,s,1340
9115113000,s,1340
9115235000,s,1340
9115345000,s,1340
9115516000,s,1340
9115654000,s,1340
9115797000,s,1340
9115924000,s,1340
9116059000,s,1340
9116195000,s,1340
9116324000,s,1340
9116513000,s,1340
9116691000,s,1340
9116860000,s,1340
9116974000,s,1340
9117370000,s,1340
9117595000,s,1340
9117906000,s,1340
9118120000,s,1340
9118268000,s,1340
9118414000,s,1340
9118759000,s,1340
9118912000,s,1340
9119049000,s,1340
9119185000,s,1340
9119388000,s,1340
9119611000,s,1340
9119809000,s,1340
9119990000,s,1340
9120160000,s,1340
9120316000,s,1340
9120470000,s,1340
9120622000,s,1340
9120779000,s,1340
9120932000,s,1340
9121076000,s,1340
9121229000,s,1340
9121380000,s,1340
9132018000,s,1340
9132516000,s,1340
9132734000,s,1340
9133181000,s,1340
9133381000,s,1340
9133558000,s,1340
9134177000,s,1340
9134386000,s,1340
9134585000,s,1340
9135066000,s,1340
9135263000,s,1340
9135437000,s,1340
9135628000,s,1340
9136149000,s,1340
9136358000,s,1340
9136531000,s,1340
9136923000,s,1340
9137138000,s,1340
9137311000,s,1340
9137836000,s,1340
9138035000,s,1340
9138226000,s,1340
9138672000,s,1340
9138892000,s,1340
9139061000,s,1340
9139473000,s,1340
9139669000,s,1340
9139865000,s,1340
9140321000,s,1340
9140521000,s,1340
9140693000,s,1340
9141139000,s,1340
9141353000,s,1340
9141528000,s,1340
9142549000,s,1340
9142776000,s,1340
9142947000,s,1340
9143060000,s,1340
9143635000,s,1340
9143840000,s,1340
9144030000,s,1340
9144191000,s,1340
9144352000,s,1340
9144508000,s,1340
9145204000,s,1340
9145433000,s,1340
9145633000,s,1340
9145897000,s,1340
9146086000,s,1340
9146311000,s,1340
9146494000,s,1340
9146679000,s,1340
9146855000,s,1340
9147017000,s,1340
9147203000,s,1340
9147383000,s,1340
9147593000,s,1340
9147790000,s,1340
9147967000,s,1340
9148145000,s,1340
9148348000,s,1340
9148541000,s,1340
9148733000,s,1340
9148926000,s,1340
9149101000,s,1340
9149261000,s,1340
9149450000,s,1340
9149633000,s,1340
9149897000,s,1340
9150092000,s,1340
9150268000,s,1340
9150447000,s,1340
9150617000,s,1340
9150774000,s,1340
9150930000,s,1340
9151091000,s,1340
9160556000,s,1340
9169857000,r,1440
9325853000,r,1440
9325854000,r,1440
9328217000,s,1340
9328898000,s,1340
9375049000,s,1340
12264115000,s,1340
12304332000,s,1340
12304781000,s,1340
14084809000,s,1340
14107500000,s,1340
14107968000,s,1340
14818188000,s,1340
14830011000,r,1440
19190308000,r,1440
19190308000,r,1440
19190309000,r,1440
19190309000,r,1440
19190310000,r,1440
19195066000,s,1340
19195507000,s,1340
19195745000,s,1340
19196038000,s,1340
19196258000,s,1340
19196561000,s,1340
19196880000,s,1340
19197093000,s,1340
19197392000,s,1340
19197603000,s,1340
19197940000,s,1340
19198233000,s,1340
19198464000,s,1340
19198766000,s,1340
19198988000,s,1340
19199200000,s,1340
19199508000,s,1340
19199737000,s,1340
19200036000,s,1340
19200340000,s,1340
19200556000,s,1340
19200865000,s,1340
19201169000,s,1340
19201457000,s,1340
19201848000,s,1340
19202149000,s,1340
19202446000,s,1340
19202756000,s,1340
19203059000,s,1340
19203397000,s,1340
19203696000,s,1340
19204005000,s,1340
19204304000,s,1340
19204635000,s,1340
19204943000,s,1340
19205249000,s,1340
19205571000,s,1340
19205979000,s,1340
19206286000,s,1340
19206604000,s,1340
19206896000,s,1340
19207177000,s,1340
19207430000,s,1340
19207659000,s,1340
19207858000,s,1340
19208056000,s,1340
19208241000,s,1340
19208458000,s,1340
19208759000,s,1340
19209068000,s,1340
19209430000,s,1340
19211837000,s,1340
19212253000,s,1340
19212548000,s,1340
19212847000,s,1340
19213122000,s,1340
19213390000,s,1340
19213688000,s,1340
19214063000,s,1340
19214343000,s,1340
19214611000,s,1340
19214909000,s,1340
19215214000,s,1340
19215476000,s,1340
19215728000,s,1340
19215978000,s,1340
19216243000,s,1340
19216500000,s,1340
19216744000,s,1340
19217015000,s,1340
19217270000,s,1340
19217519000,s,1340
19217900000,s,1340
19218175000,s,1340
19218432000,s,1340
19218696000,s,1340
19219551000,s,1340
19219761000,s,1340
19219955000,s,1340
19220129000,s,1340
19220327000,s,1340
19220571000,s,1340
19220811000,s,1340
19221074000,s,1340
19221359000,s,1340
19221620000,s,1340
19225908000,s,1340
19237830000,r,1440
19237831000,r,1440
19237831000,r,1440
19237832000,r,1440
19240335000,s,1340
22968418000,s,1340
23011760000,s,1340
23012246000,s,1340
23012492000,s,1340
23012527000,s,1340
23029904000,r,1440
23029904000,r,1440
23029905000,r,1440
23030322000,r,1440
23033058000,s,1340
23033421000,s,1340
23033634000,s,1340
23034037000,s,1340
23034253000,s,1340
23034485000,s,1340
23034794000,s,1340
23035004000,s,1340
23035228000,s,1340
23035489000,s,1340
23035707000,s,1340
23035987000,s,1340
23036199000,s,1340
23036408000,s,1340
23036570000,s,1340
23036712000,s,1340
23036848000,s,1340
23037051000,s,1340
23037189000,s,1340
23037324000,s,1340
23037449000,s,1340
23037584000,s,1340
23037844000,s,1340
23038074000,s,1340
23038361000,s,1340
23038590000,s,1340
23038810000,s,1340
23039081000,s,1340
23039359000,s,1340
23039618000,s,1340
23039821000,s,1340
23040032000,s,1340
23040303000,s,1340
23040561000,s,1340
23041039000,s,1340
23041377000,s,1340
23041676000,s,1340
23043810000,s,1340
23046794000,s,1340
23047092000,s,1340
23047554000,s,1340
23047819000,s,1340
23048001000,s,1340
23048167000,s,1340
23048326000,s,1340
23048492000,s,1340
23048657000,s,1340
23048811000,s,1340
23052829000,s,1340
23053122000,s,1340
23053448000,s,1340
23069831000,r,1440
23070178000,r,1440
23070178000,r,1440
23072286000,s,1340
23072588000,r,1440
23077260000,s,1340
23081890000,r,1440
23081890000,r,1440
23081891000,r,1440
23084885000,s,1340
23088071000,s,1340
23088546000,s,1340
23088834000,s,1340
23089041000,s,1340
23089325000,s,1340
23089676000,s,1340
23090041000,s,1340
23090331000,s,1340
23090626000,s,1340
23090916000,s,1340
23091129000,s,1340
23091417000,s,1340
23091684000,s,1340
23091974000,s,1340
23092243000,s,1340
23092553000,s,1340
23092868000,s,1340
23093142000,s,1340
23093400000,s,1340
23093928000,s,1340
23094201000,s,1340
23094438000,s,1340
23094633000,s,1340
23094838000,s,1340
23095035000,s,1340
23095228000,s,1340
23095404000,s,1340
23095589000,s,1340
23095810000,s,1340
23096056000,s,1340
23096308000,s,1340
23096516000,s,1340
23096683000,s,1340
23096842000,s,1340
23097001000,s,1340
23097157000,s,1340
23097336000,s,1340
23097495000,s,1340
23097652000,s,1340
23097969000,s,1340
23098224000,s,1340
23098481000,s,1340
23098721000,s,1340
23098943000,s,1340
23099174000,s,1340
23101642000,s,1340
23101945000,s,1340
23102141000,s,1340
23102302000,s,1340
23102461000,s,1340
23102759000,s,1340
23103077000,s,1340
23103255000,s,1340
23103422000,s,1340
23103577000,s,1340
23112847000,r,1440
23112847000,r,1440
23114237000,s,1340
23117921000,r,1440
23117922000,r,1440
23120123000,s,1340
23146517000,s,1340
25272900000,s,1340
25312735000,s,1340
25313199000,s,1340