0,s,1340
2582780000,s,1340
2622390000,s,1340
2622838000,s,1340
2642686000,r,1440
2644359000,r,1440
2671207000,s,1340
2673119000,s,1340
2676102000,s,1340
2680732000,r,1440
2680733000,r,1440
2693516000,s,1340
2697379000,s,1340
2701766000,s,1340
2703801000,r,1440
2703802000,r,1440
2705453000,s,1340
2707438000,s,1340
2708744000,s,1340
2708858000,r,1440
2708944000,s,1340
2708858000,r,1440
2712618000,r,1440
2712619000,r,1440
2712619000,r,1440
2713502000,s,1340
2713658000,s,1340
2714640000,r,1440
2714640000,r,1440
2714640000,r,1440
2715346000,r,1440
2715346000,r,1440
2715415000,s,1340
2716221000,s,1340
2718001000,s,1340
2718048000,s,1340
2718062000,s,1340
2718179000,s,1340
2718286000,s,1340
2718449000,s,1340
2719642000,r,1440
2723129000,s,1340
2723190000,s,1340
2723220000,s,1340
2724768000,r,1440
2727742000,r,1440
2727742000,r,1440
2727958000,s,1340
2733141000,r,1440
2733759000,s,1340
2735478000,r,1440
2735479000,r,1440
2735479000,r,1440
2735479000,r,1440
2735479000,r,1440
2735479000,r,1440
2736905000,s,1340
2737009000,s,1340
2738441000,r,1440
2738565000,r,1440
2738565000,r,1440
2738586000,s,1340
2738566000,r,1440
2738736000,s,1340
2739406000,s,1340
2739631000,s,1340
2739709000,s,1340
2741201000,s,1340
2741378000,s,1340
2744516000,s,1340
2744823000,r,1440
2745406000,r,1440
2745406000,r,1440
2745406000,r,1440
2745407000,r,1440
2745407000,r,1440
2745407000,r,1440
2746650000,s,1340
2746950000,s,1340
2747203000,s,1340
2747341000,s,1340
2747757000,r,1440
2747758000,r,1440
2748237000,s,1340
2748417000,s,1340
2748507000,s,1340
2748544000,s,1340
2748573000,s,1340
2749752000,s,1340
2750046000,s,1340
2750487000,s,1340
2750996000,r,1440
2750996000,r,1440
2750996000,r,1440
2750996000,r,1440
2750996000,r,1440
2751176000,s,1340
2751398000,s,1340
2751592000,s,1340
2751856000,s,1340
2752455000,r,1440
2752985000,s,1340
2753143000,s,1340
2753237000,r,1440
2753274000,s,1340
2753381000,s,1340
2753500000,s,1340
2753619000,s,1340
2756680000,r,1440
2756680000,r,1440
2756681000,r,1440
2757477000,s,1340
2757753000,s,1340
2759091000,s,1340
2759894000,s,1340
2760182000,r,1440
2760182000,r,1440
2760182000,r,1440
2760697000,s,1340
2763419000,r,1440
2763419000,r,1440
2763990000,s,1340
2764469000,r,1440
2764723000,s,1340
2765717000,r,1440
2765717000,r,1440
2766114000,s,1340
2768041000,r,1440
2768714000,r,1440
2769378000,s,1340
2770354000,r,1440
2770859000,s,1340
2772579000,r,1440
2772579000,r,1440
2772580000,r,1440
2772580000,r,1440
2773853000,s,1340
2774088000,s,1340
2774280000,s,1340
2774434000,s,1340
2774677000,s,1340
2774872000,r,1440
2774872000,r,1440
2777580000,s,1340
2780819000,r,1440
2785821000,s,1340
2787090000,r,1440
2787090000,r,1440
2788592000,s,1340
2796662000,s,1340
2799239000,s,1340
2802798000,r,1440
2802798000,r,1440
2802798000,r,1440
2802798000,r,1440
2802798000,r,1440
2802798000,r,1440
2802799000,r,1440
2802799000,r,1440
2802955000,r,1440
2802955000,r,1440
2802955000,r,1440
2803940000,s,1340
2804056000,s,1340
2804096000,r,1440
2804234000,r,1440
2804234000,r,1440
2804334000,s,1340
2804418000,s,1340
2804452000,s,1340
2804480000,s,1340
2804503000,s,1340
2804532000,s,1340
2805060000,s,1340
2807311000,r,1440
2807312000,r,1440
2807598000,r,1440
2808009000,s,1340
2808111000,s,1340
2813726000,s,1340
2816563000,r,1440
2819172000,r,1440
2827412000,s,1340
2841033000,r,1440
2841033000,r,1440
2841646000,s,1340
2841798000,s,1340
2841870000,s,1340
2841950000,s,1340
2842024000,s,1340
2849011000,s,1340
2850296000,s,1340
2850579000,r,1440
2851160000,s,1340
2852819000,r,1440
2853847000,r,1440
2855011000,r,1440
2855485000,s,1340
2858654000,r,1440
2858654000,r,1440
2858654000,r,1440
2859535000,s,1340
2859662000,s,1340
2860144000,r,1440
2860144000,r,1440
2860144000,r,1440
2860145000,r,1440
2860145000,r,1440
2860145000,r,1440
2860145000,r,1440
2860145000,r,1440
2860230000,r,1440
2860231000,r,1440
2860231000,r,1440
2860258000,r,1440
2860258000,r,1440
2860258000,r,1440
2860258000,r,1440
2860258000,r,1440
2860258000,r,1440
2860677000,s,1340
2860723000,s,1340
2860869000,s,1340
2861321000,s,1340
2861712000,s,1340
2861737000,s,1340
2861866000,r,1440
2861866000,r,1440
2861866000,r,1440
2861866000,r,1440
2861867000,r,1440
2861867000,r,1440
2861867000,r,1440
2862300000,s,1340
2862540000,s,1340
2862671000,s,1340
2862740000,s,1340
2862915000,s,1340
2863011000,s,1340
2863494000,s,1340
2863606000,s,1340
2863711000,s,1340
2863811000,s,1340
2863920000,s,1340
2864011000,s,1340
2864077000,s,1340
2864169000,s,1340
2864261000,s,1340
2864627000,s,1340
2864873000,s,1340
2864991000,s,1340
2865083000,s,1340
2865294000,s,1340
2865407000,s,1340
2865719000,s,1340
2865851000,s,1340
2865957000,s,1340
2866075000,s,1340
2866240000,s,1340
2866323000,s,1340
2866343000,r,1440
2866343000,r,1440
2866567000,s,1340
2866811000,s,1340
2866970000,s,1340
2867128000,s,1340
2867178000,s,1340
2867196000,s,1340
2867205000,s,1340
2867993000,s,1340
2868085000,s,1340
2868215000,s,1340
2868478000,s,1340
2868567000,s,1340
2868649000,s,1340
2868701000,s,1340
2868892000,s,1340
2868975000,s,1340
2869022000,s,1340
2869493000,s,1340
2869533000,s,1340
2869714000,s,1340
2869934000,s,1340
2870641000,s,1340
2871827000,s,1340
2871994000,r,1440
2872015000,s,1340
2871994000,r,1440
2871994000,r,1440
2871994000,r,1440
2871995000,r,1440
2871995000,r,1440
2871995000,r,1440
2871995000,r,1440
2872136000,s,1340
2872203000,s,1340
2872265000,s,1340
2872376000,s,1340
2872470000,s,1340
2872847000,s,1340
2872943000,s,1340
2873061000,s,1340
2873130000,s,1340
2873325000,s,1340
2873411000,s,1340
2873525000,s,1340
2873761000,s,1340
2873854000,s,1340
2874014000,s,1340
2874120000,s,1340
2874184000,s,1340
2874326000,s,1340
2874355000,s,1340
2874404000,s,1340
2874607000,s,1340
2874686000,s,1340
2874713000,s,1340
2874819000,s,1340
2875370000,s,1340
2875485000,s,1340
2875707000,s,1340
2875808000,s,1340
2876048000,s,1340
2876232000,s,1340
2876334000,s,1340
2876486000,r,1440
2876486000,r,1440
2876486000,r,1440
2876486000,r,1440
2876486000,r,1440
2876486000,r,1440
2876682000,s,1340
2876863000,s,1340
2876974000,s,1340
2877081000,s,1340
2877182000,s,1340
2877286000,s,1340
2877380000,s,1340
2877474000,s,1340
2877559000,s,1340
2877643000,r,1440
2877649000,s,1340
2877643000,r,1440
2877643000,r,1440
2877643000,r,1440
2877643000,r,1440
2877643000,r,1440
2877643000,r,1440
2877751000,s,1340
2877857000,s,1340
2877961000,s,1340
2878076000,s,1340
2878180000,s,1340
2878279000,s,1340
2878372000,s,1340
2878464000,s,1340
2878559000,s,1340
2878652000,s,1340
2878720000,s,1340
2878785000,s,1340
2878847000,s,1340
2879072000,s,1340
2879212000,s,1340
2879445000,s,1340
2879572000,s,1340
2879655000,s,1340
2879807000,s,1340
2880038000,s,1340
2880230000,s,1340
2880319000,s,1340
2880490000,s,1340
2880708000,s,1340
2880946000,s,1340
2881047000,s,1340
2881264000,s,1340
2881394000,s,1340
2881612000,s,1340
2881787000,s,1340
2881913000,s,1340
2882146000,s,1340
2882344000,s,1340
2882442000,s,1340
2882740000,r,1440
2882790000,s,1340
2882740000,r,1440
2882740000,r,1440
2882740000,r,1440
2882740000,r,1440
2882740000,r,1440
2882920000,s,1340
2883016000,s,1340
2883106000,s,1340
2883196000,s,1340
2883431000,s,1340
2883510000,s,1340
2884815000,r,1440
2884815000,r,1440
2884815000,r,1440
2885627000,s,1340
2885731000,s,1340
2886251000,s,1340
2886339000,s,1340
2892808000,r,1440
2892808000,r,1440
2895737000,r,1440
2895737000,r,1440
2895737000,r,1440
2895975000,s,1340
2896200000,s,1340
2896475000,s,1340
2896571000,s,1340
2896945000,s,1340
2896977000,s,1340
2897104000,s,1340
2897388000,s,1340
2897554000,s,1340
2897643000,s,1340
2897892000,s,1340
2897982000,s,1340
2898229000,s,1340
2898315000,s,1340
2898594000,s,1340
2898614000,r,1440
2898741000,s,1340
2898831000,s,1340
2908994000,s,1340
2910360000,s,1340
2916219000,r,1440
2916219000,r,1440
2916219000,r,1440
2917666000,s,1340
2918652000,s,1340
2918883000,s,1340
2919047000,s,1340
2919154000,r,1440
2919177000,s,1340
2919154000,r,1440
2919154000,r,1440
2919155000,r,1440
2919155000,r,1440
2919155000,r,1440
2919155000,r,1440
2919156000,r,1440
2919337000,r,1440
2919513000,s,1340
2919602000,s,1340
2919629000,s,1340
2919792000,s,1340
2920048000,s,1340
2924826000,r,1440
2924826000,r,1440
2925322000,s,1340
2926381000,r,1440
2926381000,r,1440
2927034000,s,1340
2927099000,s,1340
2928531000,r,1440
2928531000,r,1440
2928736000,s,1340
2929699000,s,1340
2932829000,r,1440
2935529000,s,1340
2940769000,r,1440
2940769000,r,1440
2940769000,r,1440
2940769000,r,1440
2940769000,r,1440
2940769000,r,1440
2940769000,r,1440
2941706000,s,1340
2941830000,s,1340
2942147000,r,1440
2942315000,s,1340
2942826000,r,1440
2948437000,r,1440
2948437000,r,1440
2948438000,r,1440
2948438000,r,1440
2948438000,r,1440
2949042000,s,1340
2949134000,s,1340
2949867000,s,1340
2949938000,s,1340
2949965000,s,1340
2949987000,s,1340
2950069000,r,1440
2950070000,r,1440
2950070000,r,1440
2950070000,r,1440
2950070000,r,1440
2950445000,s,1340
2950584000,s,1340
2950667000,s,1340
2950737000,s,1340
2950953000,s,1340
2951081000,s,1340
2959306000,r,1440
2961180000,s,1340
2961387000,r,1440
2961387000,r,1440
2961387000,r,1440
2961388000,r,1440
2962347000,s,1340
2962424000,s,1340
2962748000,s,1340
2962847000,r,1440
2962847000,r,1440
2962847000,r,1440
2962847000,r,1440
2962848000,r,1440
2962848000,r,1440
2962848000,r,1440
2963037000,s,1340
2963278000,s,1340
2963397000,s,1340
2963524000,s,1340
2963711000,s,1340
2963764000,s,1340
2963796000,s,1340
2963824000,s,1340
2963851000,s,1340
2963877000,s,1340
2963900000,s,1340
2964115000,r,1440
2964138000,s,1340
2964262000,s,1340
2964390000,s,1340
2966432000,r,1440
2968815000,r,1440
2969646000,s,1340
2971773000,r,1440
2972294000,r,1440
2972519000,s,1340
2973751000,r,1440
2973751000,r,1440
2974090000,s,1340
2974141000,s,1340
2975030000,r,1440
2977169000,r,1440
2979657000,r,1440
2979657000,r,1440
2980077000,s,1340
2980120000,s,1340
2982913000,r,1440
2983111000,s,1340
2983494000,s,1340
2983616000,s,1340
2983742000,r,1440
2984334000,r,1440
2984408000,s,1340
2986172000,r,1440
2986172000,r,1440
2986660000,s,1340
2996814000,r,1440
2999082000,r,1440
2999636000,s,1340
3001946000,r,1440
3002547000,s,1340
3002654000,r,1440
3002654000,r,1440
3002654000,r,1440
3002654000,r,1440
3002654000,r,1440
3002655000,r,1440
3002655000,r,1440
3002655000,r,1440
3002738000,r,1440
3002739000,r,1440
3002739000,r,1440
3002739000,r,1440
3002739000,r,1440
3002739000,r,1440
3002739000,r,1440
3003123000,s,1340
3003175000,s,1340
3003288000,s,1340
3003308000,s,1340
3003453000,s,1340
3003577000,s,1340
3003685000,s,1340
3003784000,s,1340
3003880000,s,1340
3004100000,s,1340
3004289000,s,1340
3004445000,s,1340
3004726000,s,1340
3004784000,r,1440
3004784000,r,1440
3004784000,r,1440
3004784000,r,1440
3004785000,r,1440
3004962000,s,1340
3005138000,s,1340
3005419000,s,1340
3005542000,s,1340
3005638000,s,1340
3005683000,r,1440
3005683000,r,1440
3005683000,r,1440
3005737000,s,1340
3005684000,r,1440
3005684000,r,1440
3005684000,r,1440
3005685000,r,1440
3005685000,r,1440
3005799000,r,1440
3005837000,s,1340
3005933000,s,1340
3006029000,s,1340
3006122000,s,1340
3006215000,s,1340
3006253000,r,1440
3006253000,r,1440
3006253000,r,1440
3006306000,s,1340
3006253000,r,1440
3006253000,r,1440
3006253000,r,1440
3006253000,r,1440
3006254000,r,1440
3006344000,r,1440
3006344000,r,1440
3006344000,r,1440
3006344000,r,1440
3006397000,s,1340
3006495000,s,1340
3006566000,r,1440
3006566000,r,1440
3006566000,r,1440
3006566000,r,1440
3006566000,r,1440
3006567000,r,1440
3006598000,s,1340
3006702000,s,1340
3006807000,s,1340
3006915000,s,1340
3007027000,s,1340
3007126000,s,1340
3007220000,s,1340
3007319000,s,1340
3007421000,s,1340
3007515000,s,1340
3007613000,s,1340
3007716000,s,1340
3007821000,s,1340
3007931000,s,1340
3008032000,s,1340
3008138000,s,1340
3008235000,s,1340
3008331000,s,1340
3008418000,s,1340
3008426000,r,1440
3008426000,r,1440
3008426000,r,1440
3008427000,r,1440
3008427000,r,1440
3008427000,r,1440
3008427000,r,1440
3008510000,s,1340
3008597000,s,1340
3008698000,s,1340
3008785000,s,1340
3008922000,s,1340
3009026000,s,1340
3009129000,s,1340
3009211000,s,1340
3009272000,s,1340
3009332000,s,1340
3009429000,s,1340
3009514000,s,1340
3009610000,s,1340
3009702000,s,1340
3009793000,s,1340
3009881000,s,1340
3009972000,s,1340
3010061000,s,1340
3010157000,s,1340
3010252000,s,1340
3010335000,s,1340
3012814000,r,1440
3012814000,r,1440
3012815000,r,1440
3013209000,s,1340
3013267000,s,1340
3016741000,r,1440
3016741000,r,1440
3016742000,r,1440
3016742000,r,1440
3016742000,r,1440
3016742000,r,1440
3017122000,s,1340
3017197000,s,1340
3018441000,r,1440
3018442000,r,1440
3018442000,r,1440
3018442000,r,1440
3018442000,r,1440
3018442000,r,1440
3018443000,r,1440
3018443000,r,1440
3018615000,r,1440
3018615000,r,1440
3018615000,r,1440
3018616000,r,1440
3018689000,r,1440
3018689000,r,1440
3018690000,r,1440
3018690000,r,1440
3018690000,r,1440
3018690000,r,1440
3018816000,r,1440
3018816000,r,1440
3018816000,r,1440
3019153000,s,1340
3019244000,s,1340
3019271000,r,1440
3019272000,r,1440
3019272000,r,1440
3019518000,s,1340
3019623000,s,1340
3019699000,s,1340
3019765000,s,1340
3019831000,s,1340
3019940000,s,1340
3020036000,s,1340
3020125000,s,1340
3020210000,s,1340
3020370000,s,1340
3020460000,s,1340
3020542000,s,1340
3020622000,s,1340
3020702000,s,1340
3020817000,s,1340
3020905000,s,1340
3020979000,s,1340
3021175000,s,1340
3021182000,r,1440
3021182000,r,1440
3021182000,r,1440
3021182000,r,1440
3021182000,r,1440
3021183000,r,1440
3021183000,r,1440
3021183000,r,1440
3021350000,s,1340
3021448000,s,1340
3021519000,s,1340
3021627000,s,1340
3021819000,s,1340
3021918000,s,1340
3021961000,s,1340
3021979000,s,1340
3022304000,s,1340
3022414000,s,1340
3022662000,s,1340
3022790000,s,1340
3022854000,s,1340
3022899000,s,1340
3023335000,r,1440
3023335000,r,1440
3023335000,r,1440
3023336000,r,1440
3023336000,r,1440
3023336000,r,1440
3023336000,r,1440
3023336000,r,1440
3023454000,r,1440
3023455000,r,1440
3023455000,r,1440
3023455000,r,1440
3023455000,r,1440
3023456000,r,1440
3023456000,r,1440
3023456000,r,1440
3023528000,r,1440
3023528000,r,1440
3023529000,r,1440
3023529000,r,1440
3023529000,r,1440
3023529000,r,1440
3023529000,r,1440
3023530000,r,1440
3023590000,r,1440
3023590000,r,1440
3023590000,r,1440
3023590000,r,1440
3023591000,r,1440
3023591000,r,1440
3023666000,r,1440
3023666000,r,1440
3023667000,r,1440
3023667000,r,1440
3023667000,r,1440
3023667000,r,1440
3023667000,r,1440
3023668000,r,1440
3023733000,r,1440
3023733000,r,1440
3023733000,r,1440
3023733000,r,1440
3023798000,s,1340
3024132000,r,1440
3024132000,r,1440
3024132000,r,1440
3024132000,r,1440
3024133000,r,1440
3024133000,r,1440
3024180000,s,1340
3024133000,r,1440
3024133000,r,1440
3024205000,r,1440
3024206000,r,1440
3024206000,r,1440
3024206000,r,1440
3024247000,s,1340
3024269000,s,1340
3024285000,s,1340
3024300000,s,1340
3024349000,s,1340
3024365000,s,1340
3024379000,s,1340
3024478000,s,1340
3024602000,s,1340
3024669000,s,1340
3024708000,s,1340
3024740000,s,1340
3024885000,s,1340
3025112000,s,1340
3025333000,s,1340
3025552000,s,1340
3025731000,s,1340
3025907000,s,1340
3026098000,s,1340
3026270000,s,1340
3026431000,s,1340
3026510000,r,1440
3026578000,s,1340
3026510000,r,1440
3026510000,r,1440
3026510000,r,1440
3026511000,r,1440
3026511000,r,1440
3026511000,r,1440
3026511000,r,1440
3026672000,r,1440
3026672000,r,1440
3026673000,r,1440
3026673000,r,1440
3026673000,r,1440
3026673000,r,1440
3026762000,s,1340
3026944000,s,1340
3027114000,s,1340
3027325000,s,1340
3027527000,s,1340
3027718000,s,1340
3027773000,r,1440
3027773000,r,1440
3027897000,s,1340
3027773000,r,1440
3027773000,r,1440
3027774000,r,1440
3027774000,r,1440
3028035000,s,1340
3028160000,s,1340
3028278000,s,1340
3028439000,s,1340
3028563000,s,1340
3028694000,s,1340
3028907000,s,1340
3029085000,s,1340
3029243000,s,1340
3029411000,s,1340
3029555000,s,1340
3029710000,s,1340
3029923000,s,1340
3030090000,s,1340
3030212000,s,1340
3030326000,s,1340
3030471000,s,1340
3030625000,s,1340
3030839000,s,1340
3030974000,s,1340
3031122000,s,1340
3031273000,s,1340
3031402000,s,1340
3031528000,s,1340
3031651000,s,1340
3031770000,s,1340
3031896000,s,1340
3032013000,s,1340
3032126000,s,1340
3032251000,s,1340
3032338000,s,1340
3032424000,s,1340
3032487000,s,1340
3032568000,s,1340
3032647000,s,1340
3032732000,s,1340
3032902000,s,1340
3032986000,s,1340
3033048000,s,1340
3033121000,s,1340
3033181000,s,1340
3033237000,s,1340
3033289000,s,1340
3033342000,s,1340
3033396000,s,1340
3033451000,s,1340
3033527000,s,1340
3033604000,s,1340
3033675000,s,1340
3033749000,s,1340
3033860000,s,1340
3033912000,r,1440
3033935000,s,1340
3034005000,s,1340
3034076000,s,1340
3035712000,s,1340
3035809000,s,1340
3035887000,s,1340
3036061000,s,1340
3036298000,s,1340
3036532000,s,1340
3036671000,s,1340
3036919000,s,1340
3037005000,s,1340
3037087000,s,1340
3037160000,s,1340
3037261000,s,1340
3037706000,s,1340
3037786000,s,1340
3037851000,s,1340
3038834000,s,1340
3039353000,s,1340
3039401000,r,1440
3039466000,s,1340
3039401000,r,1440
3039651000,s,1340
3039881000,s,1340
3039914000,s,1340
3040133000,s,1340
3040188000,s,1340
3040254000,s,1340
3041324000,s,1340
3041417000,s,1340
3041553000,s,1340
3041634000,s,1340
3041686000,s,1340
3042571000,s,1340
3042749000,r,1440
3042782000,s,1340
3042749000,r,1440
3042749000,r,1440
3042749000,r,1440
3042749000,r,1440
3042749000,r,1440
3042750000,r,1440
3042750000,r,1440
3042882000,r,1440
3042882000,r,1440
3042882000,r,1440
3042882000,r,1440
3042882000,r,1440
3042883000,r,1440
3042883000,r,1440
3042917000,s,1340
3042950000,r,1440
3042950000,r,1440
3042950000,r,1440
3042950000,r,1440
3042950000,r,1440
3042950000,r,1440
3042950000,r,1440
3042950000,r,1440
3043006000,r,1440
3043018000,s,1340
3043140000,s,1340
3043204000,s,1340
3043285000,s,1340
3043339000,s,1340
3043394000,s,1340
3043462000,s,1340
3043545000,s,1340
3043688000,s,1340
3043740000,s,1340
3043776000,s,1340
3043849000,s,1340
3044008000,s,1340
3044060000,s,1340
3044198000,s,1340
3044227000,s,1340
3044384000,s,1340
3044410000,s,1340
3044442000,s,1340
3044475000,s,1340
3044531000,s,1340
3044560000,s,1340
3044839000,s,1340
3044860000,s,1340
3044872000,s,1340
3044881000,s,1340
3044890000,s,1340
3044918000,s,1340
3046251000,s,1340
3046437000,s,1340
3046572000,s,1340
3046702000,s,1340
3047003000,s,1340
3047094000,s,1340
3047199000,r,1440
3047200000,r,1440
3047200000,r,1440
3047200000,r,1440
3047200000,r,1440
3047200000,r,1440
3047200000,r,1440
3047200000,r,1440
3047309000,r,1440
3047309000,r,1440
3047309000,r,1440
3047310000,r,1440
3047310000,r,1440
3047310000,r,1440
3047310000,r,1440
3047310000,r,1440
3047349000,r,1440
3047350000,r,1440
3047350000,r,1440
3047350000,r,1440
3047350000,r,1440
3047350000,r,1440
3047350000,r,1440
3047350000,r,1440
3047426000,r,1440
3047426000,r,1440
3047426000,r,1440
3047426000,r,1440
3047427000,r,1440
3047427000,r,1440
3047427000,r,1440
3047427000,r,1440
3047466000,r,1440
3047466000,r,1440
3047466000,r,1440
3047466000,r,1440
3047466000,r,1440
3047466000,r,1440
3047467000,r,1440
3047467000,r,1440
3047505000,r,1440
3047505000,r,1440
3047505000,r,1440
3047505000,r,1440
3047505000,r,1440
3047505000,r,1440
3047506000,r,1440
3047506000,r,1440
3047566000,r,1440
3047566000,r,1440
3047566000,r,1440
3047566000,r,1440
3047566000,r,1440
3047566000,r,1440
3047891000,s,1340
3048002000,s,1340
3048091000,s,1340
3048254000,s,1340
3048392000,s,1340
3048508000,s,1340
3048554000,s,1340
3048596000,s,1340
3048827000,s,1340
3049078000,s,1340
3049166000,s,1340
3049218000,s,1340
3049294000,s,1340
3049361000,s,1340
3049413000,s,1340
3049483000,s,1340
3049548000,s,1340
3049826000,s,1340
3049892000,s,1340
3049934000,s,1340
3050969000,s,1340
3051055000,s,1340
3055341000,s,1340
3055412000,s,1340
3055428000,s,1340
3055442000,s,1340
3055463000,s,1340
3055475000,s,1340
3055486000,s,1340
3055498000,s,1340
3055507000,s,1340
3055518000,s,1340
3055528000,s,1340
3055537000,s,1340
3055547000,s,1340
3055558000,s,1340
3055568000,s,1340
3055577000,s,1340
3056474000,r,1440
3056474000,r,1440
3056474000,r,1440
3056475000,r,1440
3056475000,r,1440
3056475000,r,1440
3056475000,r,1440
3056475000,r,1440
3056667000,r,1440
3056667000,r,1440
3056667000,r,1440
3056668000,r,1440
3056668000,r,1440
3056668000,r,1440
3056668000,r,1440
3056668000,r,1440
3056712000,r,1440
3056712000,r,1440
3056712000,r,1440
3056712000,r,1440
3056713000,r,1440
3056713000,r,1440
3056713000,r,1440
3056713000,r,1440
3057310000,s,1340
3057623000,s,1340
3057690000,s,1340
3057707000,s,1340
3057827000,s,1340
3057865000,s,1340
3057878000,s,1340
3057889000,s,1340
3057899000,s,1340
3057909000,s,1340
3057921000,s,1340
3057931000,s,1340
3057947000,s,1340
3057960000,s,1340
3057975000,s,1340
3057990000,s,1340
3058005000,s,1340
3058002000,r,1440
3058019000,s,1340
3058032000,s,1340
3058045000,s,1340
3058002000,r,1440
3058059000,s,1340
3058002000,r,1440
3058002000,r,1440
3058003000,r,1440
3058003000,r,1440
3058003000,r,1440
3058003000,r,1440
3058100000,r,1440
3058100000,r,1440
3058100000,r,1440
3058100000,r,1440
3058100000,r,1440
3058120000,s,1340
3058100000,r,1440
3058100000,r,1440
3058101000,r,1440
3058141000,r,1440
3058141000,r,1440
3058141000,r,1440
3058142000,r,1440
3058142000,r,1440
3058142000,r,1440
3058142000,r,1440
3058142000,r,1440
3058281000,s,1340
3058422000,s,1340
3058532000,s,1340
3058620000,s,1340
3058699000,s,1340
3058778000,s,1340
3058858000,s,1340
3058935000,s,1340
3059044000,r,1440
3059044000,r,1440
3059044000,r,1440
3059044000,r,1440
3059104000,s,1340
3059044000,r,1440
3059044000,r,1440
3059177000,s,1340
3059221000,s,1340
3059265000,s,1340
3059334000,s,1340
3059536000,s,1340
3059604000,s,1340
3059667000,s,1340
3059722000,s,1340
3059781000,s,1340
3059840000,s,1340
3059899000,s,1340
3059962000,s,1340
3060021000,s,1340
3060079000,s,1340
3060136000,s,1340
3060196000,s,1340
3060259000,s,1340
3060316000,s,1340
3063861000,s,1340
3063973000,s,1340
3069258000,r,1440
3069258000,r,1440
3069258000,r,1440
3069258000,r,1440
3069259000,r,1440
3069259000,r,1440
3069259000,r,1440
3069259000,r,1440
3069399000,r,1440
3069400000,r,1440
3069400000,r,1440
3069400000,r,1440
3069400000,r,1440
3069400000,r,1440
3069400000,r,1440
3069400000,r,1440
3069434000,r,1440
3069434000,r,1440
3069434000,r,1440
3069435000,r,1440
3069435000,r,1440
3069435000,r,1440
3069435000,r,1440
3069435000,r,1440
3069468000,r,1440
3069468000,r,1440
3069468000,r,1440
3069468000,r,1440
3069468000,r,1440
3069468000,r,1440
3069468000,r,1440
3069468000,r,1440
3069495000,r,1440
3069528000,r,1440
3069528000,r,1440
3069529000,r,1440
3069529000,r,1440
3069529000,r,1440
3069529000,r,1440
3069854000,s,1340
3069957000,s,1340
3070012000,s,1340
3070066000,s,1340
3070120000,s,1340
3070165000,s,1340
3070213000,s,1340
3070268000,s,1340
3070332000,s,1340
3070381000,s,1340
3070431000,s,1340
3070495000,s,1340
3070558000,s,1340
3070605000,s,1340
3070669000,s,1340
3070717000,s,1340
3070761000,s,1340
3070827000,s,1340
3070840000,r,1440
3070840000,r,1440
3070840000,r,1440
3070840000,r,1440
3070894000,s,1340
3070841000,r,1440
3070841000,r,1440
3070841000,r,1440
3070841000,r,1440
3070914000,r,1440
3070956000,s,1340
3071012000,s,1340
3071065000,s,1340
3071133000,s,1340
3071193000,s,1340
3071233000,s,1340
3071286000,s,1340
3071340000,s,1340
3071380000,s,1340
3071423000,s,1340
3071577000,s,1340
3071656000,s,1340
3071694000,s,1340
3071705000,s,1340
3072370000,s,1340
3072583000,s,1340
3072618000,r,1440
3072619000,r,1440
3072619000,r,1440
3072619000,r,1440
3072619000,r,1440
3072619000,r,1440
3072619000,r,1440
3072745000,s,1340
3072892000,s,1340
3073071000,s,1340
3073141000,s,1340
3073212000,s,1340
3073264000,s,1340
3073312000,s,1340
3073396000,s,1340
3073447000,s,1340
3073462000,s,1340
3073473000,s,1340
3074858000,s,1340
3074947000,s,1340
3075111000,s,1340
3075218000,s,1340
3075297000,s,1340
3075455000,s,1340
3075590000,s,1340
3075682000,s,1340
3075729000,s,1340
3075901000,s,1340
3077025000,s,1340
3078249000,s,1340
3078440000,s,1340
3078626000,s,1340
3079540000,s,1340
3079597000,s,1340
3079803000,s,1340
3079888000,s,1340
3080051000,s,1340
3080136000,s,1340
3080364000,s,1340
3080464000,s,1340
3081077000,s,1340
3081153000,s,1340
3081221000,s,1340
3081295000,s,1340
3081492000,s,1340
3081617000,s,1340
3081782000,s,1340
3081850000,s,1340
3081911000,s,1340
3082051000,s,1340
3082117000,s,1340
3082178000,s,1340
3082573000,s,1340
3082662000,s,1340
3083818000,s,1340
3083883000,s,1340
3085193000,s,1340
3085360000,s,1340
3085411000,s,1340
3085586000,s,1340
3085642000,s,1340
3086089000,s,1340
3086255000,s,1340
3086576000,s,1340
3086683000,s,1340
3086749000,s,1340
3086945000,s,1340
3087120000,s,1340
3087198000,s,1340
3087470000,s,1340
3087782000,s,1340
3087898000,s,1340
3087970000,s,1340
3088062000,s,1340
3088154000,s,1340
3088239000,s,1340
3088616000,s,1340
3088727000,r,1440
3088727000,r,1440
3088727000,r,1440
3088728000,r,1440
3088728000,r,1440
3088728000,r,1440
3089326000,s,1340
3089448000,s,1340
3089563000,s,1340
3091027000,r,1440
3091027000,r,1440
3091027000,r,1440
3091028000,r,1440
3091028000,r,1440
3091028000,r,1440
3091028000,r,1440
3091028000,r,1440
3091150000,r,1440
3091150000,r,1440
3091150000,r,1440
3091150000,r,1440
3091150000,r,1440
3091151000,r,1440
3091151000,r,1440
3091151000,r,1440
3091201000,r,1440
3091201000,r,1440
3091201000,r,1440
3091201000,r,1440
3091202000,r,1440
3091202000,r,1440
3091202000,r,1440
3091202000,r,1440
3091250000,r,1440
3091251000,r,1440
3091251000,r,1440
3091251000,r,1440
3091251000,r,1440
3091251000,r,1440
3091251000,r,1440
3091251000,r,1440
3091300000,r,1440
3091300000,r,1440
3091301000,r,1440
3091301000,r,1440
3091301000,r,1440
3091301000,r,1440
3091301000,r,1440
3091301000,r,1440
3091347000,r,1440
3091347000,r,1440
3091751000,s,1340
3092265000,s,1340
3092607000,r,1440
3092607000,r,1440
3092607000,r,1440
3092608000,r,1440
3092608000,r,1440
3092608000,r,1440
3092608000,r,1440
3092608000,r,1440
3092697000,s,1340
3092703000,r,1440
3092703000,r,1440
3092703000,r,1440
3092703000,r,1440
3092703000,r,1440
3092704000,r,1440
3092704000,r,1440
3092704000,r,1440
3092758000,r,1440
3092758000,r,1440
3092758000,r,1440
3092758000,r,1440
3092758000,r,1440
3092842000,r,1440
3092844000,s,1340
3092842000,r,1440
3092842000,r,1440
3093002000,s,1340
3093088000,s,1340
3093154000,s,1340
3093219000,s,1340
3093332000,s,1340
3093377000,s,1340
3093416000,s,1340
3093725000,s,1340
3093877000,s,1340
3093931000,s,1340
3093946000,s,1340
3093958000,s,1340
3094124000,r,1440
3094124000,r,1440
3094124000,r,1440
3094179000,s,1340
3094124000,r,1440
3094124000,r,1440
3094124000,r,1440
3094290000,s,1340
3094366000,s,1340
3094437000,s,1340
3094505000,s,1340
3094599000,s,1340
3094665000,s,1340
3094900000,s,1340
3094973000,s,1340
3095031000,s,1340
3095097000,s,1340
3095158000,s,1340
3095295000,s,1340
3095423000,s,1340
3095484000,s,1340
3095551000,s,1340
3095693000,s,1340
3095787000,s,1340
3095871000,s,1340
3095959000,s,1340
3096044000,s,1340
3096131000,s,1340
3096217000,s,1340
3096309000,s,1340
3096394000,s,1340
3096487000,s,1340
3096580000,s,1340
3096663000,s,1340
3096743000,s,1340
3096859000,s,1340
3096926000,s,1340
3096991000,s,1340
3097076000,s,1340
3097160000,s,1340
3097249000,s,1340
3097340000,s,1340
3097430000,s,1340
3097512000,s,1340
3097578000,s,1340
3097669000,s,1340
3097765000,s,1340
3097849000,s,1340
3097943000,s,1340
3098030000,s,1340
3098118000,s,1340
3098203000,s,1340
3098336000,s,1340
3098428000,s,1340
3098519000,s,1340
3098612000,s,1340
3098718000,s,1340
3098804000,s,1340
3098881000,s,1340
3098962000,s,1340
3099042000,s,1340
3099131000,s,1340
3099214000,s,1340
3099296000,s,1340
3099375000,s,1340
3099434000,r,1440
3099456000,s,1340
3099434000,r,1440
3099434000,r,1440
3099434000,r,1440
3099434000,r,1440
3099434000,r,1440
3099434000,r,1440
3099434000,r,1440
3099522000,r,1440
3099522000,r,1440
3099522000,r,1440
3099522000,r,1440
3099534000,s,1340
3099617000,s,1340
3099703000,s,1340
3099768000,s,1340
3099992000,s,1340
3100083000,s,1340
3100159000,s,1340
3100212000,s,1340
3100329000,s,1340
3100435000,s,1340
3100514000,s,1340
3100680000,s,1340
3100757000,s,1340
3100843000,s,1340
3101268000,r,1440
3101268000,r,1440
3101268000,r,1440
3101268000,r,1440
3101268000,r,1440
3101269000,r,1440
3101269000,r,1440
3101269000,r,1440
3101349000,r,1440
3101349000,r,1440
3101349000,r,1440
3101349000,r,1440
3101349000,r,1440
3101349000,r,1440
3101349000,r,1440
3101349000,r,1440
3101382000,r,1440
3101382000,r,1440
3101382000,r,1440
3101382000,r,1440
3101382000,r,1440
3101383000,r,1440
3101383000,r,1440
3101383000,r,1440
3101416000,r,1440
3101416000,r,1440
3101416000,r,1440
3101466000,r,1440
3101466000,r,1440
3101466000,r,1440
3101466000,r,1440
3101466000,r,1440
3101466000,r,1440
3101525000,s,1340
3101648000,s,1340
3101747000,s,1340
3101781000,s,1340
3101782000,r,1440
3101782000,r,1440
3101783000,r,1440
3101823000,s,1340
3101841000,s,1340
3101852000,s,1340
3102407000,r,1440
3102407000,r,1440
3102407000,r,1440
3102407000,r,1440
3102408000,r,1440
3102408000,r,1440
3102408000,r,1440
3102408000,r,1440
3102462000,r,1440
3102809000,s,1340
3103225000,s,1340
3103272000,s,1340
3103284000,s,1340
3103293000,s,1340
3103302000,s,1340
3103309000,s,1340
3103317000,s,1340
3103324000,s,1340
3103394000,s,1340
3103449000,s,1340
3103534000,r,1440
3103534000,r,1440
3103534000,r,1440
3103534000,r,1440
3103534000,r,1440
3103534000,r,1440
3103675000,s,1340
3103729000,s,1340
3103743000,r,1440
3103743000,r,1440
3103744000,r,1440
3103744000,r,1440
3103774000,s,1340
3103744000,r,1440
3103744000,r,1440
3103744000,r,1440
3103744000,r,1440
3103795000,r,1440
3103841000,s,1340
3103856000,s,1340
3104108000,s,1340
3104136000,s,1340
3104148000,s,1340
3104159000,s,1340
3104168000,s,1340
3104265000,s,1340
3104334000,s,1340
3104382000,s,1340
3104452000,s,1340
3104609000,s,1340
3104696000,s,1340
3105421000,r,1440
3105421000,r,1440
3105421000,r,1440
3105421000,r,1440
3105421000,r,1440
3105421000,r,1440
3105497000,s,1340
3105612000,s,1340
3105680000,s,1340
3105706000,s,1340
3105717000,s,1340
3105905000,s,1340
3105980000,s,1340
3106945000,s,1340
3107060000,s,1340
3107097000,s,1340
3107152000,s,1340
3108364000,s,1340
3108471000,s,1340
3108643000,s,1340
3108918000,s,1340
3108997000,s,1340
3109184000,s,1340
3109292000,s,1340
3109381000,s,1340
3109439000,s,1340
3109606000,s,1340
3110663000,s,1340
3112021000,s,1340
3112265000,s,1340
3112364000,s,1340
3112547000,s,1340
3112639000,s,1340
3112777000,s,1340
3112866000,s,1340
3112908000,s,1340
3113112000,s,1340
3114355000,s,1340
3115619000,s,1340
3115799000,s,1340
3115924000,s,1340
3116016000,s,1340
3116298000,s,1340
3116376000,s,1340
3116425000,s,1340
3116741000,s,1340
3116817000,s,1340
3116850000,s,1340
3117033000,s,1340
3117159000,s,1340
3117370000,s,1340
3117439000,s,1340
3117916000,s,1340
3118014000,s,1340
3118105000,s,1340
3118322000,s,1340
3118397000,s,1340
3118462000,s,1340
3118528000,s,1340
3118674000,s,1340
3118797000,s,1340
3118967000,s,1340
3119171000,s,1340
3119285000,r,1440
3119285000,r,1440
3119285000,r,1440
3119285000,r,1440
3119285000,r,1440
3119285000,r,1440
3119490000,s,1340
3119607000,s,1340
3119713000,s,1340
3119824000,s,1340
3119846000,r,1440
3119846000,r,1440
3119846000,r,1440
3119847000,r,1440
3119847000,r,1440
3119847000,r,1440
3119847000,r,1440
3119847000,r,1440
3119928000,r,1440
3119929000,r,1440
3119935000,s,1340
3119929000,r,1440
3119929000,r,1440
3120014000,r,1440
3120014000,r,1440
3120014000,r,1440
3120146000,s,1340
3120191000,s,1340
3120264000,s,1340
3120510000,s,1340
3120593000,s,1340
3120603000,r,1440
3120604000,r,1440
3120604000,r,1440
3120662000,s,1340
3120806000,s,1340
3120997000,s,1340
3121068000,s,1340
3121137000,s,1340
3121212000,s,1340
3121480000,r,1440
3121498000,s,1340
3121480000,r,1440
3121480000,r,1440
3121480000,r,1440
3121480000,r,1440
3121542000,s,1340
3121480000,r,1440
3121565000,s,1340
3121650000,s,1340
3121710000,s,1340
3121751000,s,1340
3121778000,s,1340
3121865000,s,1340
3121928000,s,1340
3122174000,s,1340
3122233000,s,1340
3123061000,s,1340
3123106000,s,1340
3123180000,s,1340
3123224000,s,1340
3123287000,s,1340
3124419000,s,1340
3124628000,s,1340
3124753000,s,1340
3124887000,s,1340
3124938000,s,1340
3125277000,s,1340
3125334000,s,1340
3125621000,s,1340
3125751000,s,1340
3126721000,s,1340
3126819000,s,1340
3126982000,s,1340
3127159000,s,1340
3127202000,s,1340
3127353000,s,1340
3127396000,s,1340
3127572000,s,1340
3127961000,s,1340
3128073000,s,1340
3128296000,s,1340
3128433000,s,1340
3128891000,s,1340
3128939000,s,1340
3128961000,s,1340
3129026000,s,1340
3129079000,s,1340
3129740000,s,1340
3129851000,s,1340
3129949000,s,1340
3130032000,s,1340
3130269000,s,1340
3130442000,s,1340
3130663000,s,1340
3130770000,s,1340
3130863000,s,1340
3131275000,s,1340
3131480000,s,1340
3131664000,s,1340
3131848000,s,1340
3132013000,s,1340
3132103000,s,1340
3132294000,s,1340
3132291000,r,1440
3132291000,r,1440
3132292000,r,1440
3132292000,r,1440
3132292000,r,1440
3132292000,r,1440
3132292000,r,1440
3132292000,r,1440
3132416000,r,1440
3132416000,r,1440
3132416000,r,1440
3132417000,r,1440
3132417000,r,1440
3132417000,r,1440
3132417000,r,1440
3132465000,s,1340
3132595000,s,1340
3132637000,r,1440
3132638000,r,1440
3132638000,r,1440
3132638000,r,1440
3132638000,r,1440
3132638000,r,1440
3132748000,s,1340
3132915000,s,1340
3133003000,s,1340
3133099000,s,1340
3133302000,s,1340
3133519000,s,1340
3135324000,r,1440
3135324000,r,1440
3135324000,r,1440
3135324000,r,1440
3135324000,r,1440
3135325000,r,1440
3135325000,r,1440
3135325000,r,1440
3135414000,r,1440
3135414000,r,1440
3135414000,r,1440
3135414000,r,1440
3135415000,r,1440
3135415000,r,1440
3135415000,r,1440
3135415000,r,1440
3135448000,r,1440
3135448000,r,1440
3135448000,r,1440
3135448000,r,1440
3135448000,r,1440
3135449000,r,1440
3135449000,r,1440
3135449000,r,1440
3135480000,r,1440
3135480000,r,1440
3135480000,r,1440
3135481000,r,1440
3135481000,r,1440
3135481000,r,1440
3135481000,r,1440
3135481000,r,1440
3135509000,r,1440
3135548000,r,1440
3135548000,r,1440
3135548000,r,1440
3135548000,r,1440
3135549000,r,1440
3135549000,r,1440
3135549000,r,1440
3135549000,r,1440
3135599000,r,1440
3136562000,r,1440
3136562000,r,1440
3136563000,r,1440
3136563000,r,1440
3136563000,r,1440
3136563000,r,1440
3136563000,r,1440
3136563000,r,1440
3136644000,r,1440
3136970000,s,1340
3137075000,s,1340
3137163000,s,1340
3137642000,r,1440
3137642000,r,1440
3137642000,r,1440
3137643000,r,1440
3137643000,r,1440
3137643000,r,1440
3139988000,s,1340
3140048000,s,1340
3140072000,s,1340
3140091000,s,1340
3140108000,s,1340
3140218000,s,1340
3140301000,s,1340
3140501000,s,1340
3140559000,s,1340
3140672000,s,1340
3140731000,s,1340
3140930000,s,1340
3141044000,s,1340
3141074000,r,1440
3141107000,s,1340
3141074000,r,1440
3141128000,s,1340
3141074000,r,1440
3141075000,r,1440
3141075000,r,1440
3141075000,r,1440
3141075000,r,1440
3141075000,r,1440
3141182000,r,1440
3141183000,r,1440
3141183000,r,1440
3141183000,r,1440
3141183000,r,1440
3141183000,r,1440
3141183000,r,1440
3141219000,s,1340
3141346000,s,1340
3141427000,s,1340
3141481000,r,1440
3141484000,s,1340
3141482000,r,1440
3141482000,r,1440
3141568000,s,1340
3141627000,s,1340
3141683000,s,1340
3141874000,r,1440
3141874000,r,1440
3141874000,r,1440
3141874000,r,1440
3141875000,r,1440
3141875000,r,1440
3141959000,s,1340
3142049000,s,1340
3142106000,r,1440
3142107000,r,1440
3142130000,s,1340
3142107000,r,1440
3142107000,r,1440
3142107000,r,1440
3142107000,r,1440
3142208000,s,1340
3142290000,s,1340
3142372000,s,1340
3142445000,s,1340
3142512000,s,1340
3142585000,s,1340
3142655000,s,1340
3142727000,s,1340
3142803000,s,1340
3142886000,s,1340
3142941000,s,1340
3142988000,s,1340
3143080000,s,1340
3143097000,r,1440
3143097000,r,1440
3143097000,r,1440
3143098000,r,1440
3143098000,r,1440
3143149000,s,1340
3143098000,r,1440
3143098000,r,1440
3143098000,r,1440
3143185000,r,1440
3143185000,r,1440
3143185000,r,1440
3143185000,r,1440
3143185000,r,1440
3143186000,r,1440
3143216000,s,1340
3143186000,r,1440
3143281000,s,1340
3143354000,s,1340
3143407000,s,1340
3143485000,s,1340
3143566000,s,1340
3143639000,s,1340
3143706000,r,1440
3143711000,s,1340
3143706000,r,1440
3143706000,r,1440
3143706000,r,1440
3143707000,r,1440
3143707000,r,1440
3143707000,r,1440
3143707000,r,1440
3143781000,r,1440
3143793000,s,1340
3143852000,s,1340
3143933000,s,1340
3144012000,s,1340
3144106000,s,1340
3144191000,s,1340
3144216000,r,1440
3144269000,s,1340
3144217000,r,1440
3144217000,r,1440
3144217000,r,1440
3144217000,r,1440
3144217000,r,1440
3144340000,s,1340
3144411000,s,1340
3144486000,s,1340
3144561000,s,1340
3144636000,s,1340
3144703000,s,1340
3144770000,s,1340
3144897000,s,1340
3144967000,s,1340
3145034000,s,1340
3145183000,s,1340
3145255000,s,1340
3145328000,s,1340
3145412000,r,1440
3145412000,r,1440
3145412000,r,1440
3145412000,r,1440
3145412000,r,1440
3145412000,r,1440
3145413000,r,1440
3145490000,s,1340
3145413000,r,1440
3145504000,r,1440
3145514000,r,1440
3145514000,r,1440
3145514000,r,1440
3145565000,s,1340
3145663000,s,1340
3145718000,s,1340
3145887000,s,1340
3146054000,s,1340
3146080000,s,1340
3146343000,s,1340
3146430000,s,1340
3146617000,s,1340
3148552000,r,1440
3148552000,r,1440
3148553000,r,1440
3148553000,r,1440
3148553000,r,1440
3148553000,r,1440
3149150000,s,1340
3149246000,s,1340
3149336000,s,1340
3149667000,s,1340
3151626000,s,1340
3151802000,s,1340
3152395000,s,1340
3152436000,s,1340
3152488000,s,1340
3152840000,s,1340
3152929000,s,1340
3153000000,s,1340
3153528000,s,1340
3153699000,s,1340
3154048000,s,1340
3154181000,s,1340
3154290000,s,1340
3154495000,s,1340
3155216000,s,1340
3155394000,s,1340
3155523000,s,1340
3155611000,s,1340
3155784000,s,1340
3155940000,s,1340
3156012000,s,1340
3156417000,s,1340
3156505000,s,1340
3156586000,s,1340
3156732000,s,1340
3156846000,s,1340
3156887000,s,1340
3157662000,r,1440
3157662000,r,1440
3157663000,r,1440
3157663000,r,1440
3157781000,s,1340
3157663000,r,1440
3157663000,r,1440
3157841000,s,1340
3157881000,s,1340
3157929000,s,1340
3158180000,s,1340
3158282000,s,1340
3158361000,s,1340
3158637000,s,1340
3158712000,s,1340
3166357000,r,1440
3166357000,r,1440
3166357000,r,1440
3166357000,r,1440
3166358000,r,1440
3166358000,r,1440
3166358000,r,1440
3166358000,r,1440
3166465000,r,1440
3166465000,r,1440
3166465000,r,1440
3166465000,r,1440
3167060000,s,1340
3167163000,s,1340
3167187000,s,1340
3167275000,s,1340
3167430000,s,1340
3167642000,r,1440
3167642000,r,1440
3167642000,r,1440
3167643000,r,1440
3167643000,r,1440
3167643000,r,1440
3167714000,s,1340
3167643000,r,1440
3167643000,r,1440
3167735000,r,1440
3167735000,r,1440
3167735000,r,1440
3167735000,r,1440
3167796000,s,1340
3167867000,s,1340
3168268000,r,1440
3168268000,r,1440
3168269000,r,1440
3169504000,s,1340
3169549000,s,1340
3169561000,s,1340
3169573000,s,1340
3169583000,s,1340
3169592000,s,1340
3169601000,s,1340
3169615000,s,1340
3169626000,s,1340
3169636000,s,1340
3169644000,s,1340
3169652000,s,1340
3169661000,s,1340
3169735000,r,1440
3169736000,r,1440
3169736000,r,1440
3169736000,r,1440
3169736000,r,1440
3170050000,s,1340
3170094000,s,1340
3170278000,r,1440
3170278000,r,1440
3170278000,r,1440
3170278000,r,1440
3170278000,r,1440
3170278000,r,1440
3170451000,r,1440
3170451000,r,1440
3170452000,r,1440
3170584000,s,1340
3170683000,s,1340
3170760000,r,1440
3170768000,s,1340
3170760000,r,1440
3170760000,r,1440
3170760000,r,1440
3170760000,r,1440
3170760000,r,1440
3170842000,s,1340
3170918000,s,1340
3170984000,s,1340
3171044000,s,1340
3171115000,s,1340
3171131000,r,1440
3171131000,r,1440
3171131000,r,1440
3171180000,s,1340
3171328000,s,1340
3171539000,s,1340
3171602000,s,1340
3171629000,s,1340
3171712000,r,1440
3171712000,r,1440
3171713000,r,1440
3171713000,r,1440
3171713000,r,1440
3171713000,r,1440
3171713000,r,1440
3171713000,r,1440
3171796000,r,1440
3171911000,s,1340
3172038000,s,1340
3172133000,s,1340
3172216000,s,1340
3172221000,r,1440
3172221000,r,1440
3172221000,r,1440
3172292000,s,1340
3172321000,r,1440
3172321000,r,1440
3172321000,r,1440
3172321000,r,1440
3172322000,r,1440
3172322000,r,1440
3172322000,r,1440
3172322000,r,1440
3172357000,r,1440
3172363000,s,1340
3172422000,s,1340
3172472000,s,1340
3172595000,s,1340
3172679000,s,1340
3172907000,s,1340
3173012000,s,1340
3173131000,s,1340
3173164000,s,1340
3173199000,s,1340
3173242000,s,1340
3173461000,r,1440
3173496000,s,1340
3173461000,r,1440
3173461000,r,1440
3173462000,r,1440
3173462000,r,1440
3173462000,r,1440
3173554000,s,1340
3173750000,s,1340
3173800000,s,1340
3174133000,r,1440
3174148000,s,1340
3174133000,r,1440
3174212000,s,1340
3174133000,r,1440
3174133000,r,1440
3174133000,r,1440
3174133000,r,1440
3174133000,r,1440
3174134000,r,1440
3174255000,r,1440
3174256000,r,1440
3174265000,s,1340
3174256000,r,1440
3174256000,r,1440
3174316000,s,1340
3174315000,r,1440
3174315000,r,1440
3174315000,r,1440
3174315000,r,1440
3174315000,r,1440
3174315000,r,1440
3174316000,r,1440
3174316000,r,1440
3174381000,s,1340
3174386000,r,1440
3174599000,s,1340
3174666000,s,1340
3174680000,r,1440
3174681000,r,1440
3174681000,r,1440
3174779000,r,1440
3174779000,r,1440
3174779000,r,1440
3175229000,s,1340
3175404000,s,1340
3175525000,s,1340
3175633000,s,1340
3175746000,s,1340
3176346000,s,1340
3176437000,s,1340
3176529000,s,1340
3176610000,s,1340
3176629000,r,1440
3176629000,r,1440
3176629000,r,1440
3176629000,r,1440
3176629000,r,1440
3176696000,s,1340
3176629000,r,1440
3176785000,s,1340
3176919000,s,1340
3177016000,s,1340
3177126000,s,1340
3177229000,s,1340
3177332000,s,1340
3177418000,s,1340
3177502000,s,1340
3177590000,s,1340
3177659000,s,1340
3177727000,s,1340
3177819000,s,1340
3177913000,s,1340
3178141000,r,1440
3178141000,r,1440
3178141000,r,1440
3178142000,r,1440
3178142000,r,1440
3178142000,r,1440
3178142000,r,1440
3178142000,r,1440
3178227000,s,1340
3178376000,s,1340
3178443000,s,1340
3178576000,s,1340
3178684000,s,1340
3178804000,s,1340
3178893000,s,1340
3178959000,s,1340
3179042000,s,1340
3179117000,s,1340
3179189000,s,1340
3179273000,s,1340
3179481000,s,1340
3179637000,s,1340
3179730000,s,1340
3179990000,s,1340
3180092000,s,1340
3180182000,s,1340
3180311000,s,1340
3180417000,s,1340
3180603000,s,1340
3180899000,s,1340
3181030000,s,1340
3181273000,s,1340
3181346000,s,1340
3181406000,s,1340
3181586000,s,1340
3181682000,s,1340
3181981000,s,1340
3182477000,s,1340
3182592000,s,1340
3182708000,s,1340
3182823000,s,1340
3182885000,s,1340
3183030000,s,1340
3183111000,s,1340
3184135000,s,1340
3184855000,s,1340
3184903000,s,1340
3185037000,s,1340
3185123000,s,1340
3185232000,s,1340
3186428000,s,1340
3186504000,s,1340
3187377000,s,1340
3187636000,s,1340
3187718000,s,1340
3187911000,s,1340
3188856000,s,1340
3188959000,s,1340
3189046000,s,1340
3189105000,s,1340
3189672000,r,1440
3189672000,r,1440
3190470000,s,1340
3191772000,s,1340
3191881000,s,1340
3192083000,s,1340
3192282000,s,1340
3192364000,s,1340
3192816000,s,1340
3192899000,s,1340
3192954000,s,1340
3193100000,s,1340
3194586000,s,1340
3194830000,s,1340
3194980000,s,1340
3195182000,s,1340
3195249000,s,1340
3195515000,s,1340
3195644000,s,1340
3195734000,s,1340
3195816000,s,1340
3195862000,s,1340
3196892000,s,1340
3196934000,s,1340
3197027000,s,1340
3197073000,s,1340
3197987000,s,1340
3198066000,s,1340
3198260000,s,1340
3198388000,s,1340
3198638000,s,1340
3198712000,s,1340
3198922000,s,1340
3198990000,s,1340
3199226000,s,1340
3199257000,s,1340
3199321000,s,1340
3200516000,s,1340
3200625000,s,1340
3201661000,s,1340
3201774000,s,1340
3201881000,s,1340
3202428000,s,1340
3202640000,s,1340
3202776000,s,1340
3202880000,s,1340
3202930000,s,1340
3202999000,s,1340
3203072000,s,1340
3204211000,s,1340
3204389000,s,1340
3204500000,s,1340
3204588000,s,1340
3204671000,s,1340
3204917000,s,1340
3204993000,s,1340
3205188000,s,1340
3205338000,s,1340
3205407000,s,1340
3205466000,s,1340
3205620000,s,1340
3205775000,s,1340
3205865000,s,1340
3206013000,s,1340
3206201000,s,1340
3206448000,s,1340
3206541000,s,1340
3206627000,s,1340
3206724000,s,1340
3206855000,s,1340
3206944000,s,1340
3207072000,s,1340
3207299000,s,1340
3207445000,s,1340
3207586000,s,1340
3207671000,s,1340
3207815000,s,1340
3208002000,s,1340
3208087000,s,1340
3208147000,s,1340
3208482000,s,1340
3208566000,s,1340
3209824000,s,1340
3209940000,s,1340
3210675000,r,1440
3210931000,s,1340
3211034000,s,1340
3211232000,s,1340
3211322000,s,1340
3211491000,s,1340
3211638000,s,1340
3211788000,s,1340
3211927000,s,1340
3212008000,s,1340
3212056000,s,1340
3212298000,s,1340
3212528000,s,1340
3212700000,s,1340
3217782000,r,1440
3217783000,r,1440
3217783000,r,1440
3217783000,r,1440
3218245000,r,1440
3218246000,r,1440
3218246000,r,1440
3218246000,r,1440
3218246000,r,1440
3218246000,r,1440
3218246000,r,1440
3218246000,r,1440
3219416000,s,1340
3219726000,s,1340
3219816000,s,1340
3219904000,s,1340
3220061000,s,1340
3220212000,s,1340
3229517000,s,1340
3257354000,s,1340
3676939000,r,1440
4088515000,r,1440
4088515000,r,1440
4088516000,r,1440
4088516000,r,1440
4088517000,r,1440
4088517000,r,1440
4088518000,r,1440
4088518000,r,1440
4089246000,r,1440
4089247000,r,1440
4089247000,r,1440
4089248000,r,1440
4089248000,r,1440
4089249000,r,1440
4089249000,r,1440
4089250000,r,1440
4089399000,r,1440
4089400000,r,1440
4089400000,r,1440
4089401000,r,1440
4089401000,r,1440
4089402000,r,1440
4089402000,r,1440
4089403000,r,1440
4089541000,r,1440
4089542000,r,1440
4092182000,s,1340
4092446000,r,1440
4092595000,s,1340
4092759000,s,1340
4093051000,s,1340
4093217000,s,1340
4095571000,r,1440
4095571000,r,1440
4098114000,s,1340
4100329000,r,1440
4100329000,r,1440
4102550000,s,1340
4108922000,r,1440
4110954000,s,1340
4112910000,r,1440
4600980000,r,1440
4600980000,r,1440
4600981000,r,1440
4600981000,r,1440
4600982000,r,1440
4600982000,r,1440
4600983000,r,1440
4600983000,r,1440
4601808000,r,1440
4601809000,r,1440
4601809000,r,1440
4601810000,r,1440
4601810000,r,1440
4601811000,r,1440
4601811000,r,1440
4601812000,r,1440
4601973000,r,1440
4601973000,r,1440
4601974000,r,1440
4601974000,r,1440
4601975000,r,1440
4602191000,r,1440
4602192000,r,1440
4602192000,r,1440
4602193000,r,1440
4602193000,r,1440
4602194000,r,1440
4602194000,r,1440
4602195000,r,1440
4602352000,r,1440
4602353000,r,1440
4602353000,r,1440
4602354000,r,1440
4602354000,r,1440
4602355000,r,1440
4602355000,r,1440
4602356000,r,1440
4602479000,r,1440
4602479000,r,1440
4604363000,s,1340
4604739000,s,1340
4604914000,r,1440
4605052000,s,1340
4605671000,s,1340
4605941000,s,1340
4607435000,r,1440
4607436000,r,1440
4608773000,s,1340
4612900000,r,1440
4614102000,s,1340
4614631000,r,1440
4614632000,r,1440
4615664000,s,1340
4615848000,r,1440
4842917000,s,1340
5025005000,r,1440
5524881000,r,1440
5524881000,r,1440
5524882000,r,1440
5524882000,r,1440
5524883000,r,1440
5524883000,r,1440
5524884000,r,1440
5524884000,r,1440
5525268000,r,1440
5525268000,r,1440
5525269000,r,1440
5525269000,r,1440
5525269000,r,1440
5525270000,r,1440
5525270000,r,1440
5525271000,r,1440
5525397000,r,1440
5525398000,r,1440
5525398000,r,1440
5525398000,r,1440
5525399000,r,1440
5525399000,r,1440
5525400000,r,1440
5525400000,r,1440
5525524000,r,1440
5525525000,r,1440
5525525000,r,1440
5525525000,r,1440
5525526000,r,1440
5525526000,r,1440
5525527000,r,1440
5525527000,r,1440
5525649000,r,1440
5525649000,r,1440
5525650000,r,1440
5525650000,r,1440
5525651000,r,1440
5525651000,r,1440
5525652000,r,1440
5525652000,r,1440
5525773000,r,1440
5525774000,r,1440
5525774000,r,1440
5525775000,r,1440
5525775000,r,1440
5525775000,r,1440
5525776000,r,1440
5525776000,r,1440
5525893000,r,1440
5525893000,r,1440
5526068000,s,1340
5526258000,s,1340
5526927000,s,1340
5527376000,s,1340
5527525000,s,1340
5536337000,r,1440
5536337000,r,1440
5539609000,r,1440
5539609000,r,1440
5539610000,r,1440
5540386000,r,1440
5540673000,s,1340
5540873000,s,1340
5542927000,r,1440
5542928000,r,1440
5543889000,s,1340
5547038000,r,1440
5547039000,r,1440
5547665000,s,1340
6035982000,r,1440
6035983000,r,1440
6035983000,r,1440
6035984000,r,1440
6035984000,r,1440
6035985000,r,1440
6035985000,r,1440
6035986000,r,1440
6036923000,r,1440
6036924000,r,1440
6036924000,r,1440
6036925000,r,1440
6036925000,r,1440
6036926000,r,1440
6036926000,r,1440
6036927000,r,1440
6037097000,r,1440
6037098000,r,1440
6037098000,r,1440
6037098000,r,1440
6037099000,r,1440
6037099000,r,1440
6037100000,r,1440
6037100000,r,1440
6037252000,r,1440
6037252000,r,1440
6037253000,r,1440
6037253000,r,1440
6037254000,r,1440
6037254000,r,1440
6037255000,r,1440
6037255000,r,1440
6037393000,r,1440
6037394000,r,1440
6037395000,r,1440
6037395000,r,1440
6037396000,r,1440
6037396000,r,1440
6037397000,r,1440
6037397000,r,1440
6037522000,r,1440
6037522000,r,1440
6037667000,r,1440
6039279000,r,1440
6039965000,s,1340
6040483000,s,1340
6042011000,s,1340
6042406000,s,1340
6044184000,r,1440
6044185000,r,1440
6048900000,r,1440
6051159000,s,1340
6556462000,r,1440
6556462000,r,1440
6556463000,r,1440
6556463000,r,1440
6556464000,r,1440
6556464000,r,1440
6556465000,r,1440
6556465000,r,1440
6557116000,r,1440
6557117000,r,1440
6557117000,r,1440
6557118000,r,1440
6557118000,r,1440
6557119000,r,1440
6557119000,r,1440
6557120000,r,1440
6557319000,r,1440
6557320000,r,1440
6557321000,r,1440
6557321000,r,1440
6557321000,r,1440
6557322000,r,1440
6557322000,r,1440
6557323000,r,1440
6557474000,r,1440
6557474000,r,1440
6557475000,r,1440
6557475000,r,1440
6557476000,r,1440
6557476000,r,1440
6557477000,r,1440
6557477000,r,1440
6557621000,r,1440
6557622000,r,1440
6557622000,r,1440
6557623000,r,1440
6557623000,r,1440
6557624000,r,1440
6557624000,r,1440
6557625000,r,1440
6557763000,r,1440
6557764000,r,1440
6557764000,r,1440
6557765000,r,1440
6557765000,r,1440
6557766000,r,1440
6557766000,r,1440
6557767000,r,1440
6557898000,r,1440
6557899000,r,1440
6557899000,r,1440
6557900000,r,1440
6557900000,r,1440
6558061000,r,1440
6560517000,r,1440
6561809000,s,1340
6562197000,s,1340
6562417000,s,1340
6562404000,r,1440
6562748000,s,1340
6563703000,r,1440
6568906000,r,1440
6570919000,s,1340
8289376000,r,1440
8289377000,r,1440
8289377000,r,1440
8289378000,r,1440
8289378000,r,1440
8289379000,r,1440
8289379000,r,1440
8289380000,r,1440
8290235000,r,1440
8293722000,s,1340
8294217000,s,1340
8294434000,s,1340
8294632000,s,1340
8294900000,s,1340
8304160000,s,1340
8304897000,r,1440
8307400000,r,1440
8307400000,r,1440
8308728000,r,1440
8309034000,s,1340
8315341000,r,1440
8315342000,r,1440
8316261000,r,1440
8317009000,s,1340
8317453000,s,1340
8318735000,r,1440
8318736000,r,1440
8320511000,s,1340
8326861000,r,1440
8326861000,r,1440
8328088000,r,1440
8328404000,s,1340
8328766000,s,1340
8331021000,r,1440
8331021000,r,1440
13353315000,r,1440
13353316000,r,1440
13353316000,r,1440
13353317000,r,1440
13353317000,r,1440
13353318000,r,1440
13353318000,r,1440
13353319000,r,1440
13357121000,s,1340
13357537000,s,1340
13357788000,s,1340
13358066000,s,1340
13358899000,s,1340
13368025000,s,1340
13368904000,r,1440
13368904000,r,1440
13372897000,r,1440
13374506000,s,1340
13376932000,r,1440
15604976000,r,1440
15607868000,s,1340
16370759000,s,1340
16410840000,s,1340
16411291000,s,1340
21728217000,s,1340
21772353000,s,1340
21773389000,s,1340
21773584000,s,1340
21773627000,s,1340
21773656000,s,1340
21773681000,s,1340
21791979000,r,1440
21800900000,r,1440
21800900000,r,1440
21800901000,r,1440
21800901000,r,1440
21801311000,r,1440
21803471000,r,1440
21804132000,s,1340
21804423000,s,1340
21804581000,s,1340
21805681000,s,1340
21806023000,s,1340
21806263000,s,1340
21806559000,s,1340
21806780000,s,1340
21806993000,s,1340
21807277000,s,1340
21807483000,s,1340
21807703000,s,1340
21808001000,s,1340
21808315000,s,1340
21808584000,s,1340
21808996000,s,1340
21809292000,s,1340
21809791000,s,1340
21810111000,s,1340
21810398000,s,1340
21810540000,r,1440
21810697000,s,1340
21810541000,r,1440
21810541000,r,1440
21810542000,r,1440
21810542000,r,1440
21811020000,s,1340
21811321000,s,1340
21811585000,s,1340
21811909000,s,1340
21812188000,s,1340
21812472000,s,1340
21812918000,s,1340
21813213000,s,1340
21813485000,s,1340
21813740000,s,1340
21814054000,s,1340
21814366000,s,1340
21814661000,s,1340
21814926000,s,1340
21815196000,s,1340
21815476000,s,1340
21815787000,s,1340
21816078000,s,1340
21816372000,s,1340
21816631000,s,1340
21816936000,r,1440
21817017000,s,1340
21817339000,s,1340
21817641000,s,1340
21817919000,s,1340
21819364000,s,1340
21820389000,s,1340
21820621000,s,1340
21820933000,s,1340
21821159000,s,1340
21821371000,s,1340
21821585000,s,1340
21821786000,s,1340
21822034000,s,1340
21822260000,s,1340
21822484000,s,1340
21822688000,s,1340
21822884000,s,1340
21823151000,s,1340
21823354000,s,1340
21823557000,s,1340
21823767000,s,1340
21823982000,s,1340
21824187000,s,1340
21824398000,s,1340
21824892000,r,1440
21824978000,s,1340
21825304000,s,1340
21826071000,s,1340
21826303000,s,1340
21826505000,s,1340
21826698000,s,1340
21826924000,s,1340
21827128000,s,1340
21827316000,s,1340
21827498000,s,1340
21829817000,s,1340
21844903000,r,1440
21847585000,s,1340
24731104000,s,1340
24771654000,s,1340
24772258000,s,1340