0,s,1340
41115000,s,1340
41905000,s,1340
64541000,r,1440
64541000,r,1440
66398000,r,1440
69261000,r,1440
69512000,s,1340
69884000,s,1340
609333000,r,1440
609333000,r,1440
612280000,s,1340
625546000,r,1440
1865369000,r,1440
1868057000,s,1340
1891811000,s,176
1901312000,r,120
1910645000,s,1340
2229388000,r,1440
2229389000,r,1440
2229389000,r,1440
2231846000,s,1340
2433469000,r,1440
2433470000,r,1440
2436380000,s,1340
2436770000,s,1340
2840517000,r,1440
2840518000,r,1440
4334335000,s,1340
4336903000,s,1340
4341484000,s,1340
4347969000,r,1440
4348541000,r,1440
4349534000,r,1440
4350983000,s,1340
4358081000,r,1440
4358082000,r,1440
4358082000,r,1440
4358498000,s,1340
4358567000,s,1340
4361824000,s,1340
4387121000,s,1340
4387377000,s,1340
4387878000,s,1340
4397220000,r,1440
4397953000,r,1440
4402293000,s,1340
4402408000,s,1340
4404152000,s,1340
4410912000,r,1440
4410912000,r,1440
4412042000,r,1440
4412902000,s,1340
4413256000,r,1440
4413256000,r,1440
4413256000,r,1440
4413256000,r,1440
4413384000,s,1340
4413661000,s,1340
4413809000,s,1340
4413924000,s,1340
4414029000,s,1340
4414140000,s,1340
4414421000,s,1340
4414506000,s,1340
4414548000,s,1340
4416503000,r,1440
4416503000,r,1440
4416971000,s,1340
4417021000,s,1340
4417450000,s,1340
4417451000,r,1440
4417936000,s,1340
4418283000,r,1440
4419932000,r,1440
4420240000,s,1340
4420346000,s,1340
4421447000,r,1440
4421447000,r,1440
4425682000,r,1440
4425682000,r,1440
4425682000,r,1440
4426008000,s,1340
4426261000,s,1340
4426443000,s,1340
4429097000,r,1440
4429097000,r,1440
4429097000,r,1440
4429097000,r,1440
4429568000,s,1340
4430737000,r,1440
4430818000,s,1340
4431028000,s,1340
4431146000,s,1340
4434093000,r,1440
4435045000,r,1440
4435046000,r,1440
4435743000,s,1340
4436643000,r,1440
4436643000,r,1440
4437152000,s,1340
4438364000,r,1440
4438705000,s,1340
4438918000,s,1340
4439017000,s,1340
4439101000,s,1340
4439201000,s,1340
4439285000,s,1340
4439340000,s,1340
4439902000,r,1440
4439902000,r,1440
4439959000,s,1340
4440029000,s,1340
4440242000,s,1340
4440344000,s,1340
4440442000,s,1340
4440678000,s,1340
4440771000,s,1340
4440856000,s,1340
4441065000,s,1340
4441302000,s,1340
4441462000,s,1340
4441914000,s,1340
4442128000,s,1340
4442369000,s,1340
4442779000,s,1340
4442874000,s,1340
4442931000,s,1340
4442983000,s,1340
4443527000,s,1340
4443664000,s,1340
4443839000,s,1340
4443857000,s,1340
4443991000,s,1340
4444323000,s,1340
4444365000,s,1340
4444462000,s,1340
4444556000,s,1340
4444733000,s,1340
4445017000,s,1340
4445106000,s,1340
4445316000,s,1340
4445464000,s,1340
4445603000,s,1340
4445744000,s,1340
4445894000,s,1340
4445985000,s,1340
4446272000,s,1340
4446377000,s,1340
4446436000,s,1340
4446977000,s,1340
4447094000,s,1340
4447177000,s,1340
4447230000,s,1340
4447408000,s,1340
4447629000,s,1340
4447910000,s,1340
4448038000,s,1340
4448149000,s,1340
4448259000,s,1340
4448522000,s,1340
4448763000,s,1340
4448866000,s,1340
4448973000,r,1440
4449219000,s,1340
4449323000,s,1340
4449435000,s,1340
4449536000,s,1340
4451220000,r,1440
4451790000,r,1440
4452003000,r,1440
4452007000,s,1340
4452340000,s,1340
4452479000,s,1340
4452588000,s,1340
4453050000,r,1440
4453601000,s,1340
4453712000,s,1340
4454372000,r,1440
4455042000,r,1440
4455746000,r,1440
4455954000,s,1340
4456410000,r,1440
4458566000,r,1440
4458974000,s,1340
4460235000,r,1440
4460492000,s,1340
4463613000,r,1440
4463613000,r,1440
4465176000,r,1440
4465697000,s,1340
4465818000,s,1340
4471512000,r,1440
4472328000,s,1340
4473198000,r,1440
4482576000,s,1340
4482727000,s,1340
4482811000,s,1340
4482886000,s,1340
4483145000,s,1340
4483533000,s,1340
4483600000,s,1340
4483621000,s,1340
4483771000,s,1340
4484132000,s,1340
4484167000,s,1340
4484478000,s,1340
4484751000,s,1340
4484971000,s,1340
4485126000,s,1340
4485223000,s,1340
4485286000,s,1340
4485332000,s,1340
4485374000,s,1340
4485568000,s,1340
4485775000,s,1340
4485848000,s,1340
4485888000,s,1340
4485987000,s,1340
4486067000,s,1340
4486115000,s,1340
4486156000,s,1340
4486528000,s,1340
4486798000,s,1340
4486960000,s,1340
4487101000,s,1340
4487346000,s,1340
4487598000,s,1340
4487630000,s,1340
4487748000,s,1340
4487824000,s,1340
4487949000,s,1340
4487976000,s,1340
4488122000,s,1340
4488147000,s,1340
4488207000,s,1340
4488270000,s,1340
4488503000,s,1340
4488562000,s,1340
4488611000,s,1340
4488654000,s,1340
4488669000,s,1340
4489011000,s,1340
4489324000,s,1340
4489582000,s,1340
4489711000,s,1340
4489839000,s,1340
4489946000,s,1340
4490083000,s,1340
4490222000,s,1340
4490337000,s,1340
4490455000,s,1340
4490559000,s,1340
4490756000,s,1340
4490953000,s,1340
4491243000,s,1340
4491622000,s,1340
4492058000,s,1340
4492219000,s,1340
4492272000,s,1340
4492586000,s,1340
4492636000,s,1340
4492790000,s,1340
4493111000,s,1340
4493198000,r,1440
4493341000,s,1340
4493501000,s,1340
4493658000,s,1340
4494132000,r,1440
4495368000,s,1340
4495510000,s,1340
4495858000,r,1440
4495858000,r,1440
4495858000,r,1440
4495989000,s,1340
4496487000,r,1440
4496493000,s,1340
4497059000,r,1440
4497465000,s,1340
4497852000,s,1340
4498150000,r,1440
4498274000,s,1340
4498480000,s,1340
4498702000,s,1340
4499179000,s,1340
4499310000,s,1340
4499308000,r,1440
4499529000,s,1340
4499754000,s,1340
4500168000,s,1340
4500561000,s,1340
4500659000,r,1440
4500659000,r,1440
4500698000,s,1340
4500924000,s,1340
4501225000,s,1340
4501359000,s,1340
4501807000,s,1340
4501967000,r,1440
4501971000,s,1340
4501967000,r,1440
4502081000,s,1340
4502196000,s,1340
4502309000,s,1340
4502449000,s,1340
4502583000,s,1340
4502713000,s,1340
4503173000,r,1440
4503584000,s,1340
4504400000,r,1440
4505027000,s,1340
4505235000,s,1340
4505379000,s,1340
4505523000,s,1340
4505664000,s,1340
4505702000,r,1440
4505702000,r,1440
4505798000,s,1340
4505951000,s,1340
4506192000,s,1340
4506343000,s,1340
4506476000,s,1340
4506582000,s,1340
4506717000,s,1340
4506846000,s,1340
4507284000,s,1340
4507434000,s,1340
4507527000,s,1340
4507657000,s,1340
4507779000,s,1340
4507902000,s,1340
4508028000,s,1340
4508172000,s,1340
4508640000,s,1340
4508764000,s,1340
4508863000,s,1340
4509446000,s,1340
4509621000,s,1340
4509809000,r,1440
4509835000,s,1340
4509809000,r,1440
4509952000,s,1340
4510028000,s,1340
4510098000,s,1340
4510511000,s,1340
4510561000,r,1440
4510631000,s,1340
4510904000,s,1340
4511028000,s,1340
4511519000,s,1340
4511743000,s,1340
4511862000,s,1340
4512005000,s,1340
4512190000,s,1340
4512239000,r,1440
4512492000,s,1340
4515057000,r,1440
4515057000,r,1440
4515057000,r,1440
4515057000,r,1440
4515513000,s,1340
4515636000,s,1340
4515747000,s,1340
4516656000,r,1440
4516852000,s,1340
4517756000,s,1340
4517796000,r,1440
4518502000,s,1340
4518715000,r,1440
4519891000,r,1440
4521193000,r,1440
4521394000,s,1340
4521523000,r,1440
4522120000,r,1440
4522787000,s,1340
4525233000,r,1440
4525529000,r,1440
4525826000,s,1340
4527934000,r,1440
4527934000,r,1440
4527934000,r,1440
4528266000,r,1440
4528664000,s,1340
4528984000,s,1340
4529420000,s,1340
4529560000,s,1340
4530595000,r,1440
4530595000,r,1440
4532170000,r,1440
4532614000,r,1440
4532782000,s,1340
4539162000,r,1440
4539877000,s,1340
4539901000,r,1440
4540055000,s,1340
4540369000,s,1340
4542506000,s,1340
4542686000,s,1340
4542749000,s,1340
4542973000,s,1340
4543133000,s,1340
4543281000,s,1340
4543425000,s,1340
4543886000,s,1340
4544036000,s,1340
4544191000,s,1340
4544651000,s,1340
4544796000,s,1340
4544947000,s,1340
4545057000,s,1340
4545435000,s,1340
4545583000,s,1340
4545773000,s,1340
4545968000,s,1340
4546015000,s,1340
4546205000,s,1340
4546252000,s,1340
4546605000,s,1340
4546774000,s,1340
4546920000,s,1340
4547214000,s,1340
4547543000,s,1340
4547691000,s,1340
4547836000,s,1340
4547937000,s,1340
4548342000,s,1340
4548445000,r,1440
4548460000,s,1340
4548445000,r,1440
4548809000,s,1340
4548964000,s,1340
4549126000,s,1340
4549584000,s,1340
4549664000,s,1340
4549786000,s,1340
4549842000,r,1440
4549904000,s,1340
4550049000,s,1340
4550196000,s,1340
4552502000,r,1440
4553754000,r,1440
4554243000,r,1440
4554529000,s,1340
4554725000,s,1340
4556081000,r,1440
4557197000,r,1440
4559976000,s,1340
4561226000,r,1440
4561226000,r,1440
4561226000,r,1440
4561226000,r,1440
4561226000,r,1440
4561227000,r,1440
4561227000,r,1440
4561227000,r,1440
4561321000,r,1440
4561321000,r,1440
4561321000,r,1440
4561321000,r,1440
4561739000,s,1340
4561743000,r,1440
4561788000,s,1340
4561824000,s,1340
4562427000,s,1340
4562479000,s,1340
4562516000,s,1340
4562541000,s,1340
4562564000,s,1340
4562623000,s,1340
4562886000,s,1340
4563044000,s,1340
4563175000,s,1340
4563316000,s,1340
4563438000,s,1340
4566239000,r,1440
4566239000,r,1440
4566239000,r,1440
4567017000,s,1340
4567114000,s,1340
4573003000,r,1440
4573003000,r,1440
4573142000,s,1340
4573003000,r,1440
4573596000,s,1340
4577289000,r,1440
4577289000,r,1440
4577289000,r,1440
4577290000,r,1440
4577290000,r,1440
4577290000,r,1440
4578068000,s,1340
4578448000,s,1340
4584206000,r,1440
4584206000,r,1440
4588578000,r,1440
4588578000,r,1440
4589148000,s,1340
4589639000,s,1340
4590241000,r,1440
4590764000,s,1340
4601305000,r,1440
4602885000,s,1340
4608219000,r,1440
4610800000,s,1340
4611823000,s,1340
4612088000,r,1440
4614000000,s,1340
4616667000,s,1340
4617723000,s,1340
4618496000,s,1340
4627518000,r,1440
4627518000,r,1440
4627518000,r,1440
4628125000,s,1340
4637404000,r,1440
4637404000,r,1440
4637404000,r,1440
4637404000,r,1440
4637405000,r,1440
4637405000,r,1440
4637405000,r,1440
4637405000,r,1440
4637545000,r,1440
4637545000,r,1440
4637546000,r,1440
4637546000,r,1440
4637660000,r,1440
4637660000,r,1440
4637661000,r,1440
4637977000,s,1340
4638136000,s,1340
4638483000,s,1340
4638711000,s,1340
4638878000,s,1340
4639065000,s,1340
4639177000,s,1340
4639184000,r,1440
4639184000,r,1440
4639184000,r,1440
4639184000,r,1440
4639185000,r,1440
4639185000,r,1440
4639185000,r,1440
4639185000,r,1440
4639285000,s,1340
4639397000,s,1340
4639524000,s,1340
4639846000,s,1340
4639970000,r,1440
4640042000,s,1340
4640158000,s,1340
4640262000,s,1340
4640372000,s,1340
4640476000,s,1340
4640583000,s,1340
4640713000,s,1340
4640838000,s,1340
4640963000,s,1340
4641078000,s,1340
4641597000,s,1340
4641652000,s,1340
4641692000,s,1340
4641734000,s,1340
4641824000,s,1340
4641994000,s,1340
4642275000,s,1340
4642439000,s,1340
4642826000,s,1340
4642882000,s,1340
4642896000,s,1340
4643312000,s,1340
4643457000,s,1340
4643966000,s,1340
4644071000,r,1440
4644086000,s,1340
4644071000,r,1440
4644072000,r,1440
4644072000,r,1440
4644194000,s,1340
4644299000,s,1340
4644402000,s,1340
4644621000,s,1340
4644900000,s,1340
4645563000,r,1440
4645563000,r,1440
4645848000,s,1340
4646635000,s,1340
4646758000,s,1340
4647105000,r,1440
4647938000,r,1440
4647938000,r,1440
4649269000,s,1340
4649553000,r,1440
4649553000,r,1440
4649554000,r,1440
4649554000,r,1440
4649554000,r,1440
4649554000,r,1440
4649554000,r,1440
4649554000,r,1440
4649692000,r,1440
4649692000,r,1440
4649692000,r,1440
4649693000,r,1440
4650448000,r,1440
4650516000,s,1340
4650588000,s,1340
4650748000,s,1340
4650798000,s,1340
4650900000,s,1340
4651171000,s,1340
4651226000,s,1340
4651318000,s,1340
4651399000,s,1340
4651478000,s,1340
4651522000,s,1340
4651612000,s,1340
4651659000,s,1340
4651674000,s,1340
4651672000,r,1440
4651982000,s,1340
4652549000,s,1340
4654535000,r,1440
4654536000,r,1440
4654536000,r,1440
4655152000,s,1340
4656334000,r,1440
4656795000,s,1340
4656866000,s,1340
4656979000,s,1340
4657923000,r,1440
4658515000,r,1440
4660273000,r,1440
4660868000,s,1340
4662101000,s,1340
4685230000,r,1440
4697478000,r,1440
4697478000,r,1440
4697478000,r,1440
4698173000,s,1340
4698254000,s,1340
4699595000,r,1440
4699595000,r,1440
4701181000,r,1440
4701489000,r,1440
4701489000,r,1440
4701489000,r,1440
4701779000,s,1340
4701830000,s,1340
4702550000,r,1440
4702807000,s,1340
4702850000,s,1340
4702865000,s,1340
4702896000,r,1440
4702918000,s,1340
4703024000,s,1340
4708742000,r,1440
4708988000,s,1340
4709095000,s,1340
4709153000,s,1340
4709219000,s,1340
4710359000,s,1340
4710413000,s,1340
4710511000,s,1340
4710556000,s,1340
4710584000,s,1340
4710616000,s,1340
4710797000,r,1440
4711326000,s,1340
4711492000,s,1340
4712123000,r,1440
4712124000,r,1440
4713005000,s,1340
4717244000,r,1440
4722274000,s,1340
4731658000,r,1440
4731658000,r,1440
4731658000,r,1440
4731658000,r,1440
4732138000,s,1340
4732191000,s,1340
4733341000,r,1440
4734300000,s,1340
4743301000,r,1440
4745034000,s,1340
4754168000,r,1440
4777189000,r,1440
4778029000,s,1340
4778265000,s,1340
4778368000,s,1340
4778471000,s,1340
4778511000,s,1340
4778615000,s,1340
4778657000,s,1340
4779603000,r,1440
4779603000,r,1440
4779603000,r,1440
4779807000,s,1340
4779858000,s,1340
4779887000,s,1340
4780035000,s,1340
4780200000,s,1340
4781346000,s,1340
4781447000,s,1340
4781502000,s,1340
4782330000,s,1340
4782407000,s,1340
4783592000,s,1340
4783697000,s,1340
4783804000,s,1340
4783866000,s,1340
4784091000,r,1440
4785444000,s,1340
4785637000,s,1340
4785877000,s,1340
4786634000,s,1340
4788091000,r,1440
4788401000,r,1440
4788401000,r,1440
4789047000,s,1340
4792007000,r,1440
4793400000,r,1440
4793867000,s,1340
4794294000,s,1340
4795540000,r,1440
4796140000,s,1340
4799963000,r,1440
4799963000,r,1440
4799963000,r,1440
4799963000,r,1440
4801002000,s,1340
4801111000,s,1340
4802002000,r,1440
4804427000,r,1440
4804428000,r,1440
4805392000,s,1340
4806133000,r,1440
4806133000,r,1440
4806134000,r,1440
4806134000,r,1440
4806134000,r,1440
4806134000,r,1440
4806134000,r,1440
4806134000,r,1440
4806223000,r,1440
4806223000,r,1440
4806224000,r,1440
4806224000,r,1440
4806224000,r,1440
4806224000,r,1440
4806224000,r,1440
4806224000,r,1440
4806261000,r,1440
4806261000,r,1440
4806261000,r,1440
4806261000,r,1440
4806836000,s,1340
4806899000,s,1340
4807007000,r,1440
4807008000,r,1440
4807008000,r,1440
4807008000,r,1440
4807008000,r,1440
4807008000,r,1440
4807008000,r,1440
4807008000,r,1440
4807104000,r,1440
4807190000,s,1340
4807331000,s,1340
4807431000,s,1340
4807524000,s,1340
4807657000,s,1340
4807780000,s,1340
4807903000,s,1340
4808113000,s,1340
4808248000,s,1340
4808348000,r,1440
4808384000,s,1340
4808348000,r,1440
4808348000,r,1440
4808348000,r,1440
4808348000,r,1440
4808348000,r,1440
4808348000,r,1440
4808349000,r,1440
4808458000,r,1440
4808458000,r,1440
4808458000,r,1440
4808458000,r,1440
4808459000,r,1440
4808459000,r,1440
4808486000,s,1340
4808610000,s,1340
4808726000,s,1340
4808848000,s,1340
4808975000,s,1340
4809103000,s,1340
4809560000,r,1440
4809560000,r,1440
4809561000,r,1440
4810032000,s,1340
4810292000,r,1440
4810317000,s,1340
4810293000,r,1440
4810293000,r,1440
4810293000,r,1440
4810293000,r,1440
4810293000,r,1440
4810293000,r,1440
4810293000,r,1440
4810424000,s,1340
4810521000,s,1340
4810600000,s,1340
4810699000,s,1340
4811070000,s,1340
4811184000,s,1340
4811298000,s,1340
4811499000,s,1340
4811597000,r,1440
4811597000,r,1440
4811597000,r,1440
4811830000,s,1340
4812041000,s,1340
4812280000,s,1340
4812375000,s,1340
4812474000,s,1340
4812575000,s,1340
4812701000,s,1340
4812821000,s,1340
4812951000,s,1340
4813076000,s,1340
4813257000,s,1340
4813385000,s,1340
4813507000,s,1340
4813520000,r,1440
4813628000,s,1340
4813751000,s,1340
4813926000,s,1340
4814050000,s,1340
4814174000,s,1340
4814536000,s,1340
4814673000,s,1340
4814790000,s,1340
4814898000,s,1340
4815024000,s,1340
4815132000,s,1340
4815242000,s,1340
4815357000,s,1340
4815460000,s,1340
4815581000,s,1340
4815693000,s,1340
4815802000,s,1340
4815909000,s,1340
4816025000,s,1340
4816131000,s,1340
4816244000,s,1340
4816352000,s,1340
4816462000,s,1340
4816686000,s,1340
4816821000,s,1340
4816938000,s,1340
4817043000,s,1340
4817151000,s,1340
4817328000,s,1340
4817441000,s,1340
4817556000,s,1340
4817677000,s,1340
4817869000,s,1340
4818124000,s,1340
4818374000,s,1340
4818443000,s,1340
4820993000,r,1440
4824400000,s,1340
4827068000,r,1440
4827068000,r,1440
4827068000,r,1440
4827068000,r,1440
4827068000,r,1440
4827068000,r,1440
4827068000,r,1440
4827068000,r,1440
4827203000,r,1440
4827203000,r,1440
4827203000,r,1440
4827203000,r,1440
4827204000,r,1440
4827204000,r,1440
4827204000,r,1440
4827204000,r,1440
4827245000,r,1440
4827245000,r,1440
4827245000,r,1440
4827245000,r,1440
4827245000,r,1440
4827245000,r,1440
4827246000,r,1440
4827246000,r,1440
4827283000,r,1440
4827284000,r,1440
4827284000,r,1440
4827284000,r,1440
4827284000,r,1440
4827284000,r,1440
4827284000,r,1440
4827284000,r,1440
4827316000,r,1440
4827316000,r,1440
4827316000,r,1440
4827317000,r,1440
4827317000,r,1440
4827317000,r,1440
4827317000,r,1440
4827317000,r,1440
4827353000,r,1440
4827353000,r,1440
4827353000,r,1440
4827353000,r,1440
4827353000,r,1440
4827353000,r,1440
4827353000,r,1440
4827353000,r,1440
4827386000,r,1440
4827386000,r,1440
4827386000,r,1440
4827386000,r,1440
4827386000,r,1440
4827386000,r,1440
4827387000,r,1440
4827387000,r,1440
4827420000,r,1440
4827420000,r,1440
4827420000,r,1440
4827420000,r,1440
4827420000,r,1440
4827420000,r,1440
4827420000,r,1440
4827420000,r,1440
4827455000,r,1440
4827456000,r,1440
4827456000,r,1440
4827456000,r,1440
4827456000,r,1440
4827456000,r,1440
4827456000,r,1440
4827456000,r,1440
4827487000,r,1440
4827488000,r,1440
4827488000,r,1440
4827488000,r,1440
4827488000,r,1440
4827488000,r,1440
4827488000,r,1440
4827488000,r,1440
4827518000,r,1440
4827792000,s,1340
4827933000,s,1340
4828086000,s,1340
4828226000,s,1340
4828316000,s,1340
4828401000,s,1340
4828483000,s,1340
4828562000,s,1340
4828643000,s,1340
4828725000,s,1340
4828906000,s,1340
4828992000,s,1340
4829074000,s,1340
4829142000,s,1340
4829280000,s,1340
4829361000,s,1340
4829430000,s,1340
4829510000,s,1340
4829587000,s,1340
4829663000,s,1340
4829736000,s,1340
4829812000,s,1340
4829896000,s,1340
4830096000,s,1340
4830197000,s,1340
4830296000,s,1340
4830389000,s,1340
4830598000,s,1340
4830686000,s,1340
4830945000,s,1340
4831035000,s,1340
4831133000,s,1340
4831277000,r,1440
4831277000,r,1440
4831277000,r,1440
4831277000,r,1440
4831277000,r,1440
4831277000,r,1440
4831278000,r,1440
4831278000,r,1440
4831365000,r,1440
4831365000,r,1440
4831365000,r,1440
4831365000,r,1440
4831365000,r,1440
4831365000,r,1440
4831365000,r,1440
4831365000,r,1440
4831400000,r,1440
4831400000,r,1440
4831400000,r,1440
4831400000,r,1440
4831414000,s,1340
4831489000,s,1340
4831560000,s,1340
4831635000,s,1340
4831705000,s,1340
4831783000,s,1340
4831901000,s,1340
4832012000,s,1340
4832118000,s,1340
4832363000,s,1340
4832484000,s,1340
4832587000,s,1340
4832681000,s,1340
4832929000,s,1340
4833039000,s,1340
4833138000,s,1340
4833263000,s,1340
4833357000,s,1340
4833658000,s,1340
4833758000,s,1340
4833915000,s,1340
4834076000,s,1340
4834283000,s,1340
4834376000,s,1340
4834535000,s,1340
4834759000,s,1340
4834966000,s,1340
4835130000,s,1340
4835232000,s,1340
4835331000,s,1340
4835428000,s,1340
4835526000,s,1340
4835615000,s,1340
4835702000,s,1340
4835794000,s,1340
4835885000,s,1340
4835971000,s,1340
4836177000,s,1340
4836632000,r,1440
4842488000,s,1340
4843701000,r,1440
4843701000,r,1440
4843701000,r,1440
4843701000,r,1440
4843701000,r,1440
4843701000,r,1440
4843701000,r,1440
4843701000,r,1440
4843809000,r,1440
4843809000,r,1440
4843809000,r,1440
4843809000,r,1440
4843809000,r,1440
4843809000,r,1440
4843809000,r,1440
4844013000,r,1440
4844013000,r,1440
4844014000,r,1440
4844452000,s,1340
4844779000,r,1440
4844779000,r,1440
4844779000,r,1440
4844779000,r,1440
4844779000,r,1440
4844779000,r,1440
4844818000,r,1440
4844818000,r,1440
4844818000,r,1440
4844926000,s,1340
4844983000,s,1340
4845009000,s,1340
4845020000,s,1340
4845028000,s,1340
4845038000,s,1340
4846463000,s,1340
4846621000,s,1340
4846699000,s,1340
4846780000,s,1340
4846856000,s,1340
4846939000,s,1340
4846964000,r,1440
4846965000,r,1440
4847008000,s,1340
4846965000,r,1440
4846965000,r,1440
4846965000,r,1440
4846965000,r,1440
4846965000,r,1440
4846965000,r,1440
4847048000,r,1440
4847048000,r,1440
4847048000,r,1440
4847048000,r,1440
4847048000,r,1440
4847048000,r,1440
4847048000,r,1440
4847048000,r,1440
4847088000,r,1440
4847088000,r,1440
4847088000,r,1440
4847089000,r,1440
4847089000,r,1440
4847101000,s,1340
4847089000,r,1440
4847089000,r,1440
4847089000,r,1440
4847119000,r,1440
4847119000,r,1440
4847176000,s,1340
4847251000,s,1340
4847268000,r,1440
4847269000,r,1440
4847269000,r,1440
4847324000,s,1340
4847402000,s,1340
4847481000,s,1340
4847598000,s,1340
4847703000,s,1340
4847800000,s,1340
4847893000,s,1340
4847986000,s,1340
4848093000,s,1340
4848192000,s,1340
4848293000,s,1340
4848293000,r,1440
4848293000,r,1440
4848293000,r,1440
4848293000,r,1440
4848293000,r,1440
4848294000,r,1440
4848294000,r,1440
4848294000,r,1440
4848360000,r,1440
4848361000,r,1440
4848361000,r,1440
4848361000,r,1440
4848361000,r,1440
4848361000,r,1440
4848361000,r,1440
4848388000,s,1340
4848481000,s,1340
4848576000,s,1340
4848670000,s,1340
4848765000,s,1340
4848854000,r,1440
4848862000,s,1340
4848855000,r,1440
4848855000,r,1440
4848855000,r,1440
4848855000,r,1440
4848855000,r,1440
4848950000,s,1340
4849030000,s,1340
4849121000,s,1340
4849240000,s,1340
4849333000,s,1340
4849430000,s,1340
4849521000,s,1340
4849627000,s,1340
4849704000,s,1340
4849811000,s,1340
4849910000,s,1340
4850006000,s,1340
4850111000,s,1340
4850214000,s,1340
4850322000,s,1340
4850424000,s,1340
4850527000,s,1340
4850630000,s,1340
4850735000,s,1340
4850819000,s,1340
4850923000,s,1340
4851020000,s,1340
4851119000,r,1440
4851119000,r,1440
4851119000,r,1440
4851120000,r,1440
4851120000,r,1440
4851120000,r,1440
4851120000,r,1440
4851120000,r,1440
4851206000,r,1440
4851206000,r,1440
4851206000,r,1440
4851206000,r,1440
4851206000,r,1440
4851206000,r,1440
4851206000,r,1440
4851596000,s,1340
4851715000,s,1340
4851763000,r,1440
4851763000,r,1440
4851763000,r,1440
4851763000,r,1440
4851763000,r,1440
4851763000,r,1440
4851763000,r,1440
4851818000,s,1340
4851921000,s,1340
4852035000,s,1340
4852148000,s,1340
4852249000,s,1340
4852345000,s,1340
4852450000,s,1340
4852570000,s,1340
4852665000,s,1340
4852769000,s,1340
4852868000,s,1340
4852960000,s,1340
4853052000,s,1340
4853140000,s,1340
4853271000,s,1340
4853366000,s,1340
4853451000,s,1340
4853533000,s,1340
4853637000,s,1340
4853748000,s,1340
4853861000,s,1340
4853961000,s,1340
4854061000,s,1340
4854166000,s,1340
4854283000,s,1340
4854406000,s,1340
4854537000,s,1340
4854655000,s,1340
4854757000,s,1340
4854859000,s,1340
4854959000,s,1340
4855059000,s,1340
4855160000,s,1340
4855253000,s,1340
4855327000,s,1340
4855430000,s,1340
4855524000,s,1340
4855598000,s,1340
4855664000,s,1340
4855719000,s,1340
4855771000,s,1340
4855813000,s,1340
4855861000,s,1340
4855910000,s,1340
4855981000,s,1340
4856049000,s,1340
4856119000,s,1340
4856183000,s,1340
4856245000,s,1340
4856305000,s,1340
4856365000,s,1340
4856407000,s,1340
4856444000,s,1340
4856499000,s,1340
4856556000,s,1340
4856616000,s,1340
4856676000,s,1340
4856720000,s,1340
4856759000,s,1340
4856938000,s,1340
4857120000,s,1340
4857333000,s,1340
4857699000,s,1340
4857917000,s,1340
4858161000,s,1340
4858246000,s,1340
4858423000,s,1340
4858658000,s,1340
4858796000,s,1340
4858884000,s,1340
4858995000,s,1340
4859153000,s,1340
4859220000,s,1340
4860337000,s,1340
4860530000,s,1340
4860624000,s,1340
4860687000,s,1340
4860828000,s,1340
4860884000,s,1340
4861678000,s,1340
4862121000,s,1340
4862234000,s,1340
4862309000,s,1340
4863334000,s,1340
4863443000,s,1340
4863657000,s,1340
4863772000,s,1340
4863860000,s,1340
4864049000,s,1340
4864277000,r,1440
4864344000,r,1440
4864344000,r,1440
4864344000,r,1440
4864344000,r,1440
4864344000,r,1440
4864344000,r,1440
4864428000,s,1340
4864483000,r,1440
4864484000,r,1440
4864484000,r,1440
4864484000,r,1440
4864484000,r,1440
4864484000,r,1440
4864534000,s,1340
4864556000,s,1340
4864590000,s,1340
4864718000,s,1340
4864753000,s,1340
4864775000,s,1340
4864792000,s,1340
4864906000,r,1440
4864906000,r,1440
4864907000,r,1440
4865154000,s,1340
4865179000,r,1440
4865192000,s,1340
4865179000,r,1440
4865180000,r,1440
4865180000,r,1440
4865180000,r,1440
4865180000,r,1440
4865210000,s,1340
4865220000,s,1340
4865289000,s,1340
4865324000,s,1340
4865340000,s,1340
4865412000,s,1340
4865459000,s,1340
4865568000,s,1340
4865588000,s,1340
4865597000,s,1340
4865611000,s,1340
4865622000,s,1340
4865658000,s,1340
4865718000,s,1340
4865855000,s,1340
4865947000,s,1340
4866025000,s,1340
4866101000,s,1340
4866173000,s,1340
4866248000,s,1340
4866327000,s,1340
4866406000,s,1340
4866490000,s,1340
4866565000,s,1340
4866646000,s,1340
4866718000,s,1340
4866781000,s,1340
4867177000,r,1440
4867177000,r,1440
4867177000,r,1440
4867177000,r,1440
4867177000,r,1440
4867177000,r,1440
4867643000,s,1340
4867701000,s,1340
4867717000,s,1340
4867740000,s,1340
4867938000,s,1340
4868041000,s,1340
4868127000,s,1340
4868205000,s,1340
4868283000,s,1340
4868360000,s,1340
4868536000,s,1340
4868674000,s,1340
4868742000,s,1340
4869001000,s,1340
4869063000,s,1340
4869605000,s,1340
4869713000,s,1340
4870607000,s,1340
4870674000,s,1340
4871644000,s,1340
4871808000,s,1340
4871958000,s,1340
4872129000,s,1340
4872314000,r,1440
4872344000,s,1340
4872315000,r,1440
4872315000,r,1440
4872315000,r,1440
4872315000,r,1440
4872315000,r,1440
4872609000,s,1340
4872779000,s,1340
4872831000,s,1340
4872883000,s,1340
4872932000,s,1340
4872977000,s,1340
4875534000,r,1440
4875535000,r,1440
4875535000,r,1440
4875535000,r,1440
4875535000,r,1440
4875535000,r,1440
4875535000,r,1440
4875535000,r,1440
4875642000,r,1440
4875642000,r,1440
4875642000,r,1440
4875643000,r,1440
4875643000,r,1440
4875643000,r,1440
4875643000,r,1440
4875643000,r,1440
4875680000,r,1440
4875680000,r,1440
4875680000,r,1440
4875680000,r,1440
4875680000,r,1440
4875681000,r,1440
4875681000,r,1440
4875681000,r,1440
4875716000,r,1440
4875716000,r,1440
4875716000,r,1440
4875717000,r,1440
4875717000,r,1440
4875717000,r,1440
4875717000,r,1440
4875717000,r,1440
4875752000,r,1440
4875752000,r,1440
4875752000,r,1440
4875752000,r,1440
4875752000,r,1440
4875752000,r,1440
4875752000,r,1440
4875966000,s,1340
4876161000,s,1340
4876250000,s,1340
4876490000,s,1340
4876602000,s,1340
4876666000,s,1340
4876753000,r,1440
4876785000,s,1340
4876753000,r,1440
4876754000,r,1440
4876754000,r,1440
4876754000,r,1440
4876754000,r,1440
4876754000,r,1440
4876754000,r,1440
4876844000,r,1440
4876844000,r,1440
4876853000,s,1340
4876844000,r,1440
4876845000,r,1440
4876845000,r,1440
4876845000,r,1440
4876845000,r,1440
4876845000,r,1440
4876884000,r,1440
4876884000,r,1440
4876884000,r,1440
4876885000,r,1440
4876903000,s,1340
4876952000,s,1340
4876999000,s,1340
4877055000,s,1340
4877103000,s,1340
4877153000,s,1340
4877266000,s,1340
4877312000,s,1340
4877359000,s,1340
4877422000,s,1340
4877466000,s,1340
4877511000,s,1340
4877567000,s,1340
4877616000,s,1340
4877658000,s,1340
4877723000,s,1340
4877770000,s,1340
4877813000,s,1340
4877858000,s,1340
4877921000,s,1340
4877988000,s,1340
4878036000,s,1340
4878109000,s,1340
4878158000,s,1340
4878203000,s,1340
4878204000,r,1440
4878252000,s,1340
4878204000,r,1440
4878205000,r,1440
4878205000,r,1440
4878205000,r,1440
4878205000,r,1440
4878205000,r,1440
4878205000,r,1440
4878320000,s,1340
4878326000,r,1440
4878326000,r,1440
4878326000,r,1440
4878326000,r,1440
4878383000,s,1340
4878452000,s,1340
4878516000,s,1340
4878656000,s,1340
4878726000,s,1340
4878770000,s,1340
4878809000,s,1340
4878917000,s,1340
4879040000,s,1340
4879163000,s,1340
4879279000,s,1340
4879384000,s,1340
4879498000,s,1340
4879606000,s,1340
4879719000,s,1340
4879834000,s,1340
4879930000,s,1340
4880059000,s,1340
4880168000,s,1340
4880273000,s,1340
4880394000,s,1340
4880507000,s,1340
4880632000,s,1340
4880747000,s,1340
4880866000,s,1340
4880896000,s,1340
4880937000,s,1340
4881187000,r,1440
4881187000,r,1440
4881187000,r,1440
4881187000,r,1440
4881187000,r,1440
4881187000,r,1440
4881187000,r,1440
4881188000,r,1440
4881264000,r,1440
4881264000,r,1440
4881264000,r,1440
4881264000,r,1440
4881264000,r,1440
4881265000,r,1440
4881265000,r,1440
4881265000,r,1440
4881299000,s,1340
4881305000,r,1440
4881305000,r,1440
4881305000,r,1440
4881305000,r,1440
4881306000,r,1440
4881306000,r,1440
4881306000,r,1440
4881390000,s,1340
4881457000,s,1340
4881516000,s,1340
4881601000,s,1340
4881601000,r,1440
4881601000,r,1440
4881601000,r,1440
4881601000,r,1440
4881601000,r,1440
4881601000,r,1440
4881601000,r,1440
4881602000,r,1440
4881682000,s,1340
4881739000,s,1340
4881868000,s,1340
4881937000,s,1340
4881989000,s,1340
4882057000,s,1340
4882107000,s,1340
4882171000,s,1340
4882235000,s,1340
4882292000,s,1340
4882345000,s,1340
4882409000,s,1340
4882474000,s,1340
4882538000,s,1340
4882609000,s,1340
4882674000,s,1340
4882740000,s,1340
4882790000,s,1340
4882838000,s,1340
4882889000,s,1340
4882937000,s,1340
4882982000,s,1340
4883029000,s,1340
4883095000,s,1340
4883159000,s,1340
4883204000,s,1340
4883316000,s,1340
4883427000,s,1340
4883505000,s,1340
4883571000,s,1340
4883640000,s,1340
4883695000,s,1340
4883749000,s,1340
4883951000,s,1340
4884032000,s,1340
4884101000,s,1340
4884169000,s,1340
4884238000,s,1340
4884307000,s,1340
4884366000,s,1340
4884419000,s,1340
4884492000,s,1340
4884568000,s,1340
4884637000,s,1340
4884713000,s,1340
4884866000,s,1340
4884938000,s,1340
4885007000,s,1340
4885087000,s,1340
4885374000,s,1340
4885447000,s,1340
4885519000,s,1340
4885588000,s,1340
4885660000,s,1340
4892811000,r,1440
4893030000,r,1440
4893030000,r,1440
4893030000,r,1440
4893833000,r,1440
4893833000,r,1440
4893833000,r,1440
4893833000,r,1440
4893833000,r,1440
4893833000,r,1440
4893928000,r,1440
4893928000,r,1440
4893928000,r,1440
4893929000,r,1440
4893929000,r,1440
4893929000,r,1440
4894180000,s,1340
4894601000,r,1440
4894602000,r,1440
4894602000,r,1440
4894602000,r,1440
4894602000,r,1440
4894602000,r,1440
4894602000,r,1440
4894602000,r,1440
4894667000,r,1440
4895065000,r,1440
4895065000,r,1440
4895065000,r,1440
4895130000,s,1340
4895148000,r,1440
4895148000,r,1440
4895148000,r,1440
4895149000,r,1440
4895149000,r,1440
4895149000,r,1440
4895229000,s,1340
4895303000,s,1340
4895360000,s,1340
4895419000,s,1340
4895579000,s,1340
4895688000,s,1340
4896234000,s,1340
4896758000,s,1340
4896880000,s,1340
4896953000,s,1340
4897037000,s,1340
4897041000,r,1440
4897041000,r,1440
4897041000,r,1440
4897093000,s,1340
4897041000,r,1440
4897041000,r,1440
4897041000,r,1440
4897042000,r,1440
4897042000,r,1440
4897133000,r,1440
4897133000,r,1440
4897134000,r,1440
4897134000,r,1440
4897134000,r,1440
4897134000,r,1440
4897209000,s,1340
4897297000,s,1340
4897355000,s,1340
4897419000,s,1340
4897473000,s,1340
4897530000,s,1340
4897605000,s,1340
4897666000,r,1440
4897685000,s,1340
4897666000,r,1440
4897666000,r,1440
4897667000,r,1440
4897667000,r,1440
4897667000,r,1440
4897761000,s,1340
4897842000,s,1340
4897923000,s,1340
4898003000,s,1340
4898036000,r,1440
4898036000,r,1440
4898036000,r,1440
4898079000,s,1340
4898158000,s,1340
4898234000,s,1340
4898310000,s,1340
4898369000,s,1340
4898451000,s,1340
4898530000,s,1340
4898605000,s,1340
4898687000,s,1340
4898767000,s,1340
4898850000,s,1340
4898940000,s,1340
4899027000,s,1340
4899097000,s,1340
4899161000,s,1340
4899240000,s,1340
4899270000,r,1440
4899270000,r,1440
4899270000,r,1440
4899270000,r,1440
4899270000,r,1440
4899270000,r,1440
4899325000,s,1340
4899411000,s,1340
4899490000,s,1340
4899625000,s,1340
4899665000,s,1340
4899727000,s,1340
4899766000,s,1340
4899862000,s,1340
4899969000,s,1340
4900058000,s,1340
4900268000,s,1340
4900350000,s,1340
4900426000,s,1340
4900509000,s,1340
4900708000,s,1340
4900792000,s,1340
4900951000,s,1340
4901085000,s,1340
4901143000,s,1340
4901556000,s,1340
4901792000,s,1340
4901887000,s,1340
4902048000,s,1340
4902184000,s,1340
4902383000,s,1340
4902578000,s,1340
4902657000,s,1340
4902737000,s,1340
4902903000,s,1340
4903023000,s,1340
4903155000,s,1340
4904267000,s,1340
4904302000,r,1440
4904323000,s,1340
4904302000,r,1440
4904303000,r,1440
4904303000,r,1440
4904303000,r,1440
4904303000,r,1440
4904303000,r,1440
4904303000,r,1440
4904412000,r,1440
4904443000,r,1440
4904443000,r,1440
4904443000,r,1440
4904554000,s,1340
4904579000,s,1340
4904681000,s,1340
4904800000,s,1340
4904872000,s,1340
4905001000,r,1440
4905043000,s,1340
4905001000,r,1440
4905001000,r,1440
4905125000,s,1340
4905457000,s,1340
4906087000,s,1340
4906123000,s,1340
4907976000,s,1340
4908239000,s,1340
4908275000,s,1340
4908446000,s,1340
4908645000,s,1340
4908811000,s,1340
4908996000,s,1340
4909051000,r,1440
4909051000,r,1440
4909051000,r,1440
4909051000,r,1440
4909051000,r,1440
4909052000,r,1440
4909052000,r,1440
4909052000,r,1440
4909225000,r,1440
4909226000,r,1440
4909226000,r,1440
4909226000,r,1440
4909226000,r,1440
4909226000,r,1440
4909226000,r,1440
4909226000,r,1440
4909261000,r,1440
4909261000,r,1440
4909261000,r,1440
4909262000,r,1440
4909262000,r,1440
4909262000,r,1440
4909262000,r,1440
4909262000,r,1440
4909295000,r,1440
4909295000,r,1440
4909295000,r,1440
4909295000,r,1440
4909295000,r,1440
4909296000,r,1440
4909296000,r,1440
4909296000,r,1440
4909328000,r,1440
4909328000,r,1440
4909328000,r,1440
4909609000,s,1340
4909743000,s,1340
4909793000,s,1340
4909848000,s,1340
4909893000,s,1340
4909986000,s,1340
4910136000,s,1340
4910199000,s,1340
4910202000,r,1440
4910202000,r,1440
4910245000,s,1340
4910202000,r,1440
4910202000,r,1440
4910202000,r,1440
4910284000,s,1340
4910341000,s,1340
4910380000,s,1340
4910463000,s,1340
4910675000,r,1440
4910675000,r,1440
4910675000,r,1440
4910730000,s,1340
4910675000,r,1440
4910675000,r,1440
4910675000,r,1440
4910982000,r,1440
4911023000,s,1340
4910982000,r,1440
4910982000,r,1440
4910982000,r,1440
4910983000,r,1440
4910983000,r,1440
4911111000,s,1340
4911178000,s,1340
4911260000,s,1340
4911613000,s,1340
4911816000,r,1440
4911816000,r,1440
4911816000,r,1440
4911816000,r,1440
4911816000,r,1440
4911816000,r,1440
4911816000,r,1440
4911817000,r,1440
4911888000,r,1440
4911888000,r,1440
4911889000,r,1440
4911889000,r,1440
4911889000,r,1440
4911889000,r,1440
4911889000,r,1440
4911952000,r,1440
4911952000,r,1440
4911952000,r,1440
4912017000,s,1340
4912058000,s,1340
4912308000,s,1340
4912462000,s,1340
4912549000,s,1340
4912635000,s,1340
4912712000,s,1340
4912789000,s,1340
4912868000,s,1340
4912938000,s,1340
4913014000,s,1340
4913088000,s,1340
4913188000,s,1340
4913362000,s,1340
4913446000,s,1340
4913499000,s,1340
4913512000,r,1440
4913512000,r,1440
4913512000,r,1440
4913512000,r,1440
4913563000,s,1340
4913653000,s,1340
4913750000,s,1340
4913840000,s,1340
4913951000,s,1340
4913977000,s,1340
4914048000,s,1340
4914349000,s,1340
4914601000,s,1340
4914674000,s,1340
4914800000,s,1340
4914947000,s,1340
4915075000,s,1340
4915153000,s,1340
4915216000,s,1340
4915276000,s,1340
4915472000,s,1340
4915670000,s,1340
4915811000,s,1340
4916137000,s,1340
4916301000,s,1340
4916499000,s,1340
4916554000,s,1340
4916604000,s,1340
4916683000,s,1340
4916739000,s,1340
4917583000,s,1340
4917619000,s,1340
4917632000,s,1340
4917641000,s,1340
4917649000,s,1340
4917657000,s,1340
4917705000,s,1340
4918522000,r,1440
4918522000,r,1440
4918522000,r,1440
4918522000,r,1440
4918522000,r,1440
4918522000,r,1440
4918522000,r,1440
4918522000,r,1440
4918599000,r,1440
4918672000,s,1340
4918726000,r,1440
4918727000,r,1440
4918727000,r,1440
4918727000,r,1440
4918727000,r,1440
4918727000,r,1440
4918862000,s,1340
4918956000,s,1340
4919033000,s,1340
4919120000,s,1340
4919207000,s,1340
4919288000,s,1340
4919348000,s,1340
4919535000,s,1340
4919613000,s,1340
4919683000,s,1340
4919955000,s,1340
4920352000,r,1440
4920352000,r,1440
4920352000,r,1440
4920353000,r,1440
4920353000,r,1440
4920353000,r,1440
4920353000,r,1440
4920612000,s,1340
4920699000,s,1340
4920827000,s,1340
4920904000,s,1340
4920966000,s,1340
4921027000,s,1340
4921069000,s,1340
4921109000,s,1340
4921246000,s,1340
4921307000,s,1340
4921346000,s,1340
4921534000,s,1340
4921611000,s,1340
4922417000,s,1340
4922592000,s,1340
4922690000,s,1340
4922995000,r,1440
4922995000,r,1440
4922996000,r,1440
4922996000,r,1440
4922996000,r,1440
4922996000,r,1440
4922996000,r,1440
4922996000,r,1440
4923099000,r,1440
4923099000,r,1440
4923099000,r,1440
4923099000,r,1440
4923144000,r,1440
4923144000,r,1440
4923144000,r,1440
4923145000,r,1440
4923145000,r,1440
4923145000,r,1440
4924134000,s,1340
4924181000,s,1340
4924193000,s,1340
4924281000,s,1340
4924910000,s,1340
4924942000,s,1340
4925065000,s,1340
4925091000,s,1340
4925120000,r,1440
4925120000,r,1440
4925120000,r,1440
4925120000,r,1440
4925120000,r,1440
4925121000,r,1440
4925626000,s,1340
4925689000,s,1340
4925713000,s,1340
4925724000,s,1340
4926124000,r,1440
4926124000,r,1440
4926124000,r,1440
4926124000,r,1440
4926124000,r,1440
4926124000,r,1440
4926124000,r,1440
4926125000,r,1440
4926249000,r,1440
4926621000,s,1340
4926698000,s,1340
4926768000,s,1340
4926835000,s,1340
4927047000,r,1440
4927047000,r,1440
4927047000,r,1440
4927047000,r,1440
4927047000,r,1440
4927048000,r,1440
4927048000,r,1440
4927048000,r,1440
4927131000,r,1440
4927131000,r,1440
4927131000,r,1440
4927131000,r,1440
4927132000,r,1440
4927132000,r,1440
4927132000,r,1440
4927503000,s,1340
4927625000,r,1440
4927625000,r,1440
4927625000,r,1440
4927625000,r,1440
4927625000,r,1440
4927625000,r,1440
4927625000,r,1440
4927625000,r,1440
4927695000,r,1440
4927797000,s,1340
4927891000,s,1340
4928042000,s,1340
4928069000,s,1340
4928319000,s,1340
4928633000,s,1340
4928665000,s,1340
4929436000,s,1340
4930007000,r,1440
4930007000,r,1440
4930007000,r,1440
4930007000,r,1440
4930008000,r,1440
4930008000,r,1440
4930008000,r,1440
4930008000,r,1440
4930110000,r,1440
4930110000,r,1440
4930110000,r,1440
4930831000,r,1440
4930831000,r,1440
4930831000,r,1440
4930831000,r,1440
4930832000,r,1440
4930925000,s,1340
4930832000,r,1440
4930832000,r,1440
4930832000,r,1440
4930957000,r,1440
4930957000,r,1440
4930960000,r,1440
4930960000,r,1440
4930987000,s,1340
4931098000,s,1340
4931135000,s,1340
4931149000,s,1340
4931315000,r,1440
4931342000,s,1340
4931316000,r,1440
4931316000,r,1440
4931462000,s,1340
4931585000,s,1340
4931860000,s,1340
4931910000,s,1340
4931934000,s,1340
4932022000,s,1340
4932789000,r,1440
4932789000,r,1440
4932789000,r,1440
4932789000,r,1440
4932789000,r,1440
4932789000,r,1440
4932790000,r,1440
4932901000,s,1340
4933285000,s,1340
4933508000,s,1340
4933677000,s,1340
4933961000,s,1340
4935319000,r,1440
4935319000,r,1440
4935374000,s,1340
4935319000,r,1440
4935319000,r,1440
4935319000,r,1440
4935319000,r,1440
4935320000,r,1440
4935320000,r,1440
4935417000,r,1440
4935417000,r,1440
4935417000,r,1440
4935417000,r,1440
4935417000,r,1440
4935417000,r,1440
4935417000,r,1440
4935418000,r,1440
4935484000,r,1440
4935484000,r,1440
4935775000,s,1340
4935821000,s,1340
4936135000,s,1340
4936231000,s,1340
4936362000,s,1340
4936586000,s,1340
4937040000,r,1440
4937040000,r,1440
4937040000,r,1440
4937040000,r,1440
4937040000,r,1440
4937041000,r,1440
4937041000,r,1440
4937041000,r,1440
4937121000,r,1440
4937121000,r,1440
4937415000,s,1340
4937448000,s,1340
4938360000,s,1340
4938760000,r,1440
4938761000,r,1440
4938761000,r,1440
4938761000,r,1440
4938761000,r,1440
4938761000,r,1440
4938761000,r,1440
4938761000,r,1440
4938984000,r,1440
4938984000,r,1440
4938984000,r,1440
4938984000,r,1440
4938985000,r,1440
4938985000,r,1440
4939194000,r,1440
4939195000,r,1440
4939195000,r,1440
4939195000,r,1440
4939195000,r,1440
4939195000,r,1440
4939460000,r,1440
4939460000,r,1440
4939461000,r,1440
4939668000,s,1340
4939706000,s,1340
4940048000,s,1340
4940134000,s,1340
4940183000,s,1340
4940333000,s,1340
4940983000,s,1340
4941582000,r,1440
4941582000,r,1440
4941582000,r,1440
4941582000,r,1440
4941582000,r,1440
4941582000,r,1440
4941582000,r,1440
4941583000,r,1440
4941686000,r,1440
4941686000,r,1440
4941762000,r,1440
4941762000,r,1440
4941762000,r,1440
4941762000,r,1440
4941762000,r,1440
4941763000,r,1440
4942217000,r,1440
4942218000,r,1440
4942218000,r,1440
4942218000,r,1440
4942218000,r,1440
4942218000,r,1440
4942218000,r,1440
4942218000,r,1440
4942271000,r,1440
4942323000,s,1340
4942464000,s,1340
4942520000,s,1340
4942611000,s,1340
4942650000,s,1340
4942755000,r,1440
4942755000,r,1440
4942755000,r,1440
4942755000,r,1440
4942755000,r,1440
4942755000,r,1440
4943185000,s,1340
4943305000,s,1340
4943351000,s,1340
4943966000,r,1440
4943966000,r,1440
4943966000,r,1440
4943966000,r,1440
4943966000,r,1440
4944071000,s,1340
4944419000,s,1340
4944499000,s,1340
4945075000,r,1440
4945075000,r,1440
4945076000,r,1440
4945076000,r,1440
4945076000,r,1440
4945076000,r,1440
4945379000,s,1340
4945624000,s,1340
4945626000,r,1440
4945626000,r,1440
4945626000,r,1440
4945627000,r,1440
4945627000,r,1440
4945627000,r,1440
4945701000,s,1340
4945802000,r,1440
4945802000,r,1440
4945802000,r,1440
4945851000,r,1440
4945851000,r,1440
4945851000,r,1440
4945974000,s,1340
4946084000,s,1340
4946272000,s,1340
4946300000,s,1340
4946534000,s,1340
4947069000,s,1340
4947096000,s,1340
4947137000,r,1440
4947137000,r,1440
4947137000,r,1440
4947138000,r,1440
4947138000,r,1440
4947205000,s,1340
4947290000,s,1340
4947343000,s,1340
4947423000,s,1340
4947472000,s,1340
4947540000,s,1340
4947607000,s,1340
4947675000,s,1340
4947777000,s,1340
4947933000,s,1340
4948060000,s,1340
4948154000,s,1340
4948308000,s,1340
4948419000,s,1340
4948501000,s,1340
4948669000,s,1340
4948807000,s,1340
4948837000,r,1440
4948837000,r,1440
4948884000,s,1340
4948837000,r,1440
4948838000,r,1440
4948838000,r,1440
4948838000,r,1440
4949021000,s,1340
4949096000,s,1340
4949227000,s,1340
4949314000,s,1340
4949390000,s,1340
4949445000,s,1340
4949556000,s,1340
4949610000,s,1340
4949673000,s,1340
4949739000,s,1340
4949790000,s,1340
4949852000,s,1340
4949921000,s,1340
4950002000,r,1440
4950002000,r,1440
4950002000,r,1440
4950066000,s,1340
4950002000,r,1440
4950002000,r,1440
4950002000,r,1440
4950164000,s,1340
4950284000,s,1340
4950327000,s,1340
4950339000,s,1340
4950347000,s,1340
4950371000,s,1340
4950545000,s,1340
4950583000,s,1340
4950599000,s,1340
4950610000,s,1340
4950618000,s,1340
4950660000,s,1340
4951158000,s,1340
4951194000,s,1340
4951221000,r,1440
4951258000,s,1340
4951221000,r,1440
4951222000,r,1440
4951222000,r,1440
4951222000,r,1440
4951222000,r,1440
4951306000,s,1340
4951222000,r,1440
4951222000,r,1440
4951329000,r,1440
4951329000,r,1440
4951420000,s,1340
4951471000,s,1340
4951664000,s,1340
4951702000,s,1340
4951714000,s,1340
4951859000,s,1340
4952442000,s,1340
4957137000,r,1440
4957137000,r,1440
4957137000,r,1440
4957137000,r,1440
4957137000,r,1440
4957578000,s,1340
4957638000,s,1340
4958319000,r,1440
4958319000,r,1440
4958319000,r,1440
4958319000,r,1440
4958319000,r,1440
4958319000,r,1440
4958319000,r,1440
4958319000,r,1440
4958441000,s,1340
4958443000,r,1440
4958443000,r,1440
4958444000,r,1440
4958444000,r,1440
4958444000,r,1440
4958444000,r,1440
4958444000,r,1440
4958444000,r,1440
4958607000,s,1340
4958713000,s,1340
4958824000,s,1340
4958875000,s,1340
4958905000,s,1340
4959687000,s,1340
4959860000,s,1340
4959873000,r,1440
4959948000,s,1340
4959874000,r,1440
4959874000,r,1440
4959874000,r,1440
4959874000,r,1440
4959874000,r,1440
4960175000,s,1340
4960305000,s,1340
4960382000,s,1340
4960456000,s,1340
4960519000,s,1340
4961132000,s,1340
4961663000,r,1440
4962918000,r,1440
4963998000,r,1440
4963998000,r,1440
4963998000,r,1440
4963998000,r,1440
4963998000,r,1440
4964335000,s,1340
4964380000,s,1340
4964394000,s,1340
4964422000,s,1340
4964524000,s,1340
4964608000,s,1340
4964664000,s,1340
4964804000,s,1340
4964989000,s,1340
4965105000,s,1340
4965209000,s,1340
4965275000,s,1340
4965313000,s,1340
4965443000,s,1340
4965448000,r,1440
4965448000,r,1440
4965511000,r,1440
4965511000,r,1440
4965549000,s,1340
4965606000,s,1340
4965773000,s,1340
4965802000,s,1340
4965814000,s,1340
4966381000,s,1340
4966505000,s,1340
4966743000,s,1340
4966871000,s,1340
4967271000,s,1340
4967367000,s,1340
4967452000,s,1340
4967618000,s,1340
4967689000,s,1340
4968196000,s,1340
4968216000,s,1340
4968445000,s,1340
4968475000,s,1340
4968831000,s,1340
4968882000,s,1340
4968895000,s,1340
4969014000,s,1340
4969095000,s,1340
4969243000,s,1340
4969788000,s,1340
4969908000,s,1340
4970083000,s,1340
4970155000,s,1340
4970430000,s,1340
4971044000,s,1340
4971121000,s,1340
4971319000,s,1340
4971469000,s,1340
4971681000,s,1340
4972036000,s,1340
4972090000,s,1340
4972499000,s,1340
4972615000,s,1340
4972777000,s,1340
4972836000,s,1340
4973258000,s,1340
4973339000,s,1340
4973396000,s,1340
4973599000,s,1340
4973683000,s,1340
4973864000,s,1340
4974440000,s,1340
4974685000,s,1340
4975042000,s,1340
4975136000,s,1340
4975249000,s,1340
4975331000,s,1340
4975528000,r,1440
4975528000,r,1440
4975902000,s,1340
4976079000,s,1340
4976494000,s,1340
4976543000,s,1340
4976558000,s,1340
4976613000,s,1340
4976757000,s,1340
4976791000,s,1340
4976876000,s,1340
4977134000,s,1340
4977396000,r,1440
4977397000,r,1440
4977397000,r,1440
4977618000,s,1340
4977665000,s,1340
4977706000,s,1340
4977967000,s,1340
4978071000,s,1340
4978273000,s,1340
4978418000,s,1340
4978725000,r,1440
4978725000,r,1440
4978824000,s,1340
4978910000,s,1340
4979035000,s,1340
4979281000,s,1340
4979390000,s,1340
4979527000,s,1340
4979665000,s,1340
4979898000,s,1340
4979958000,s,1340
4980452000,s,1340
4980523000,s,1340
4980632000,s,1340
4980697000,s,1340
4980797000,s,1340
4980883000,s,1340
4980954000,s,1340
4981436000,s,1340
4981597000,s,1340
4981686000,s,1340
4981716000,r,1440
4981846000,s,1340
4981924000,s,1340
4982090000,s,1340
4982140000,s,1340
4982701000,s,1340
4982751000,s,1340
4982930000,s,1340
4983735000,s,1340
4984944000,s,1340
4985012000,s,1340
4985077000,s,1340
4986086000,s,1340
4986155000,s,1340
4986970000,s,1340
4988108000,r,1440
4988108000,r,1440
4988109000,r,1440
4988109000,r,1440
4988109000,r,1440
4988109000,r,1440
4988109000,r,1440
4988109000,r,1440
4988204000,r,1440
4988692000,s,1340
4988774000,s,1340
4988841000,s,1340
4988893000,s,1340
4988946000,s,1340
4989001000,s,1340
4989050000,s,1340
4989119000,s,1340
4989206000,s,1340
4989267000,s,1340
4989409000,s,1340
4989745000,s,1340
4989846000,s,1340
4989877000,s,1340
4990021000,s,1340
4990212000,s,1340
4990266000,s,1340
4990402000,s,1340
4990520000,s,1340
4990652000,s,1340
4990688000,s,1340
4990699000,s,1340
4990952000,s,1340
4991148000,s,1340
4991508000,s,1340
4991654000,s,1340
4991744000,s,1340
4991838000,s,1340
4991933000,s,1340
4992856000,s,1340
4992996000,s,1340
4993085000,s,1340
4993253000,s,1340
4993316000,s,1340
4993362000,s,1340
4993955000,s,1340
4994031000,s,1340
4994072000,s,1340
4994498000,s,1340
4994648000,s,1340
4994729000,s,1340
4994993000,s,1340
4995061000,s,1340
4995111000,s,1340
4995247000,s,1340
4995405000,s,1340
4995515000,s,1340
4995759000,s,1340
4995828000,s,1340
4995935000,s,1340
4996063000,s,1340
4996221000,s,1340
4996365000,s,1340
4996517000,s,1340
4996570000,s,1340
4996621000,s,1340
4996674000,s,1340
4997076000,s,1340
4997155000,s,1340
4997246000,s,1340
4997375000,s,1340
4997481000,s,1340
4997558000,s,1340
4997617000,s,1340
4997741000,r,1440
4997741000,r,1440
4998035000,s,1340
5000833000,r,1440
5000834000,r,1440
5000834000,r,1440
5001281000,s,1340
5001391000,s,1340
5001490000,s,1340
5001625000,s,1340
5001697000,s,1340
5002697000,s,1340
5002752000,r,1440
5002752000,r,1440
5002800000,s,1340
5002752000,r,1440
5002752000,r,1440
5002752000,r,1440
5002752000,r,1440
5002753000,r,1440
5002753000,r,1440
5002867000,s,1340
5003004000,s,1340
5003099000,s,1340
5003189000,s,1340
5003281000,s,1340
5003365000,s,1340
5003419000,s,1340
5003466000,s,1340
5003514000,s,1340
5003591000,s,1340
5003671000,s,1340
5003750000,s,1340
5003829000,s,1340
5004050000,s,1340
5004255000,s,1340
5004500000,s,1340
5004602000,s,1340
5004691000,s,1340
5004842000,s,1340
5005108000,s,1340
5005213000,s,1340
5005271000,s,1340
5005326000,s,1340
5005401000,s,1340
5005576000,s,1340
5005640000,s,1340
5005810000,s,1340
5006422000,s,1340
5006472000,s,1340
5006539000,s,1340
5007070000,s,1340
5007295000,s,1340
5007494000,s,1340
5007783000,s,1340
5007900000,s,1340
5008144000,s,1340
5008418000,s,1340
5008506000,s,1340
5008713000,s,1340
5008783000,r,1440
5008966000,s,1340
5009091000,s,1340
5009385000,s,1340
5009555000,s,1340
5009665000,s,1340
5009769000,s,1340
5009972000,s,1340
5010146000,s,1340
5010158000,r,1440
5010263000,s,1340
5010370000,s,1340
5010466000,s,1340
5012276000,r,1440
5012955000,s,1340
5013972000,r,1440
5014327000,r,1440
5014327000,r,1440
5014784000,s,1340
5014835000,s,1340
5020112000,s,1340
5029577000,s,1340
5029648000,s,1340
5040819000,r,1440
5040819000,r,1440
5052088000,s,1340
5074622000,r,1440
5074622000,r,1440
5074622000,r,1440
5074622000,r,1440
5075980000,r,1440
5076421000,s,1340
5076685000,s,1340
5076857000,r,1440
5076891000,s,1340
5076995000,s,1340
5077089000,s,1340
5077216000,s,1340
5078029000,s,1340
5078144000,s,1340
5078188000,s,1340
5078523000,s,1340
5078584000,s,1340
5079007000,s,1340
5079186000,s,1340
5079388000,s,1340
5079636000,s,1340
5079814000,s,1340
5079922000,s,1340
5080022000,s,1340
5080245000,s,1340
5080483000,s,1340
5080618000,s,1340
5080649000,s,1340
5080928000,s,1340
5081054000,s,1340
5081397000,s,1340
5081511000,s,1340
5081756000,s,1340
5081861000,s,1340
5082240000,s,1340
5082341000,s,1340
5082437000,s,1340
5082536000,s,1340
5082636000,s,1340
5082829000,s,1340
5083081000,s,1340
5083158000,s,1340
5083197000,s,1340
5083292000,s,1340
5083930000,s,1340
5084050000,s,1340
5084149000,s,1340
5084493000,s,1340
5084792000,s,1340
5085000000,r,1440
5085249000,s,1340
5085460000,s,1340
5085558000,s,1340
5085652000,s,1340
5085750000,s,1340
5085851000,s,1340
5086170000,s,1340
5086269000,s,1340
5086358000,s,1340
5086442000,s,1340
5086654000,s,1340
5086923000,s,1340
5087070000,s,1340
5087187000,s,1340
5087440000,s,1340
5087547000,s,1340
5087635000,s,1340
5092686000,r,1440
5093194000,r,1440
5093632000,s,1340
5093811000,s,1340
5094052000,s,1340
5094143000,s,1340
5094356000,s,1340
5094656000,s,1340
5094743000,s,1340
5094932000,s,1340
5095048000,r,1440
5095125000,s,1340
5095265000,s,1340
5095354000,s,1340
5099085000,r,1440
5099607000,s,1340
5099727000,s,1340
5099965000,s,1340
5100073000,s,1340
5100275000,s,1340
5100423000,s,1340
5100504000,s,1340
5100557000,s,1340
5100967000,s,1340
5101057000,s,1340
5101138000,s,1340
5101256000,s,1340
5101446000,s,1340
5101541000,s,1340
5101839000,s,1340
5101929000,s,1340
5102121000,s,1340
5102221000,s,1340
5102308000,s,1340
5102499000,s,1340
5102585000,s,1340
5102811000,s,1340
5102906000,r,1440
5103014000,s,1340
5106373000,r,1440
5108151000,r,1440
5108530000,s,1340
5109011000,r,1440
5109378000,s,1340
5110194000,r,1440
5111280000,r,1440
5111280000,r,1440
5111586000,s,1340
5112982000,s,1340
5137977000,s,1340
5148439000,r,1440
6823199000,s,1340
6863209000,s,1340
6863676000,s,1340
6889679000,r,1440
7555715000,r,1440
7558456000,s,1340
7573288000,r,1440
9920542000,s,1340
9960821000,s,1340
9961434000,s,1340
9984651000,r,1440
9986732000,s,1340
10001294000,r,1440
10003128000,s,1340
10013222000,r,1440
10113318000,r,1440
10113319000,r,1440
10113319000,r,1440
10116158000,s,1340
10116480000,s,1340
10129306000,r,1440
10158484000,s,1340
14153433000,r,1440
14619296000,r,1440
14619296000,r,1440
14622528000,s,1340
14635407000,r,1440
14635408000,r,1440
14637782000,s,1340
14649350000,r,1440
14650975000,s,1340
14661388000,r,1440
15132684000,r,1440
15132684000,r,1440
15132685000,r,1440
15132685000,r,1440
15135789000,s,1340
15136147000,s,1340
15136361000,s,1340
15136621000,s,1340
15136818000,s,1340
15137004000,s,1340
15137397000,s,1340
15137692000,s,1340
15137881000,s,1340
15138128000,s,1340
15138391000,s,1340
15138869000,s,1340
15139197000,s,1340
15139409000,s,1340
15139700000,s,1340
15139955000,s,1340
15140238000,s,1340
15140467000,s,1340
15140700000,s,1340
15140975000,s,1340
15141466000,s,1340
15141725000,s,1340
15141973000,s,1340
15142183000,s,1340
15142379000,s,1340
15142635000,s,1340
15142832000,s,1340
15143015000,s,1340
15143201000,s,1340
15143455000,s,1340
15143723000,s,1340
15143926000,s,1340
15144113000,s,1340
15144365000,s,1340
15144555000,s,1340
15144742000,s,1340
15144933000,s,1340
15145320000,s,1340
15145605000,s,1340
15145873000,s,1340
15146121000,s,1340
15146371000,s,1340
15146597000,s,1340
15146846000,s,1340
15147084000,s,1340
15147319000,s,1340
15147550000,s,1340
15147807000,s,1340
15148058000,s,1340
15148297000,s,1340
15148468000,r,1440
15148555000,s,1340
15148468000,r,1440
15148469000,r,1440
15148469000,r,1440
15148831000,s,1340
15149084000,s,1340
15149427000,s,1340
15149701000,s,1340
15149984000,s,1340
15150238000,s,1340
15150468000,s,1340
15150703000,s,1340
15150943000,s,1340
15151193000,s,1340
15151373000,s,1340
15151415000,r,1440
15151563000,s,1340
15151416000,r,1440
15151416000,r,1440
15152472000,s,1340
15152720000,s,1340
15152917000,s,1340
15153120000,s,1340
15153427000,s,1340
15153515000,r,1440
15153711000,s,1340
15153999000,s,1340
15154282000,s,1340
15154523000,s,1340
15154767000,s,1340
15155012000,s,1340
15155267000,s,1340
15157267000,r,1440
15157561000,r,1440
15157561000,r,1440
15157562000,r,1440
15158774000,r,1440
15159350000,s,1340
15159663000,r,1440
15160251000,s,1340
15160504000,r,1440
15161377000,s,1340
15163767000,r,1440
15163768000,r,1440
15163768000,r,1440
15163943000,s,1340
15165363000,s,1340
15168323000,s,1340
15168987000,r,1440
15168988000,r,1440
15170485000,r,1440
15171597000,s,1340
15176788000,r,1440
15176789000,r,1440
15180130000,s,1340
15794039000,r,1440
15794039000,r,1440
15795126000,s,1340
15805462000,r,1440
18941861000,s,1340
18979686000,s,1340
18980118000,s,1340
19005703000,r,1440
21733466000,r,1440
21736334000,s,1340
21736779000,s,1340
21950522000,s,1340
22201595000,r,1440
22201596000,r,1440
22201596000,r,1440
22204658000,s,1340
22605471000,r,1440
22605471000,r,1440
22605472000,r,1440
22608439000,s,1340
22608804000,s,1340
23117389000,r,1440
23117390000,r,1440
24189115000,r,1440
24197005000,s,1340
24197580000,s,1340
24653374000,r,1440
24653375000,r,1440
24654357000,s,1340
24665466000,r,1440
24667419000,r,1440
24667419000,r,1440
24668800000,s,1340
24673302000,r,1440
24674150000,s,1340
24677297000,r,1440
24679134000,s,1340
24679385000,r,1440
24679385000,r,1440
24681135000,s,1340
24681245000,r,1440
24685331000,r,1440
25165484000,r,1440
25165485000,r,1440
25168684000,s,1340
25169060000,s,1340
25180967000,r,1440
25180968000,r,1440
25180968000,r,1440
25183062000,s,1340
25197566000,r,1440
27261299000,r,1440
27265415000,s,1340
27281346000,r,1440
27282976000,s,1340
27293341000,r,1440