0,s,1340
46126000,s,1340
46589000,s,1340
115894000,s,1340
553806000,r,1440
1767915000,s,1340
1883550000,s,1340
1888485000,s,1340
1896968000,s,1340
1897717000,r,1440
1898121000,r,1440
1909766000,s,1340
1935691000,r,1440
1936885000,s,1340
1937043000,r,1440
1937909000,s,1340
1938091000,s,1340
1938223000,s,1340
1938646000,s,1340
1938734000,r,1440
1938787000,s,1340
1938904000,s,1340
1939067000,s,1340
1939215000,s,1340
1939349000,s,1340
1939454000,s,1340
1939798000,s,1340
1940082000,s,1340
1940238000,s,1340
1940310000,r,1440
1940571000,s,1340
1940737000,s,1340
1940880000,s,1340
1941065000,s,1340
1941265000,s,1340
1941517000,s,1340
1941753000,s,1340
1941867000,s,1340
1941964000,s,1340
1942569000,s,1340
1942698000,s,1340
1943002000,s,1340
1943139000,s,1340
1943463000,s,1340
1943668000,s,1340
1943827000,s,1340
1943916000,s,1340
1943998000,s,1340
1944080000,s,1340
1944162000,s,1340
1944379000,s,1340
1944547000,r,1440
1944622000,s,1340
1944652000,s,1340
1944799000,s,1340
1946330000,r,1440
1946947000,r,1440
1947545000,s,1340
1949517000,r,1440
1955981000,s,1340
1959838000,r,1440
1959838000,r,1440
1960158000,s,1340
1960259000,s,1340
1961608000,r,1440
1962993000,s,1340
1963138000,s,1340
1963365000,s,1340
1963518000,s,1340
1963557000,r,1440
1963557000,r,1440
1964038000,s,1340
1964120000,s,1340
1964290000,s,1340
1964561000,s,1340
1964732000,s,1340
1964869000,s,1340
1965324000,s,1340
1965421000,s,1340
1965469000,s,1340
1965643000,s,1340
1966008000,r,1440
1966024000,s,1340
1966009000,r,1440
1966373000,s,1340
1966545000,s,1340
1966657000,s,1340
1966808000,s,1340
1966934000,s,1340
1973262000,r,1440
1975037000,s,1340
1975465000,r,1440
1977241000,r,1440
1977489000,s,1340
1978163000,r,1440
1978163000,r,1440
1979107000,s,1340
1979662000,r,1440
1980258000,s,1340
1980681000,r,1440
1989599000,r,1440
1990836000,s,1340
2006579000,s,1340
2007137000,r,1440
2007138000,r,1440
2008843000,s,1340
2009050000,r,1440
2081369000,r,1440
2086127000,s,1340
2086492000,s,1340
2087396000,s,1340
2097642000,r,1440
2099190000,s,1340
2101237000,r,1440
2101279000,s,1340
2101368000,s,1340
2113673000,r,1440
2113673000,r,1440
2115254000,s,1340
2115484000,s,1340
2118652000,s,1340
2119866000,s,1340
2121838000,s,1340
2132234000,r,1440
2132234000,r,1440
2132235000,r,1440
2133379000,s,1340
2133846000,s,1340
2134258000,s,1340
2143978000,s,1340
2145727000,r,1440
2150059000,r,1440
2153718000,r,1440
2154929000,s,1340
2155731000,r,1440
2155731000,r,1440
2156708000,s,1340
2156964000,s,1340
2165695000,r,1440
2165696000,r,1440
2165696000,r,1440
2165697000,r,1440
2165697000,r,1440
2165698000,r,1440
2165698000,r,1440
2165699000,r,1440
2166093000,r,1440
2166094000,r,1440
2166228000,r,1440
2166229000,r,1440
2167360000,s,1340
2167693000,s,1340
2168185000,s,1340
2168486000,s,1340
2168710000,s,1340
2168949000,s,1340
2169125000,s,1340
2169348000,s,1340
2169540000,s,1340
2169788000,s,1340
2169932000,s,1340
2170080000,s,1340
2170268000,s,1340
2170457000,s,1340
2170677000,s,1340
2170824000,s,1340
2170977000,s,1340
2171168000,s,1340
2171315000,s,1340
2171500000,s,1340
2171711000,s,1340
2171888000,s,1340
2172070000,s,1340
2172505000,s,1340
2172731000,s,1340
2173197000,s,1340
2173445000,s,1340
2173982000,s,1340
2174166000,s,1340
2174454000,s,1340
2174876000,s,1340
2175045000,s,1340
2175190000,s,1340
2175736000,s,1340
2175942000,s,1340
2176118000,s,1340
2176500000,s,1340
2176600000,s,1340
2177331000,s,1340
2177513000,s,1340
2177756000,s,1340
2177908000,s,1340
2178052000,s,1340
2178197000,s,1340
2178847000,s,1340
2179105000,s,1340
2179271000,s,1340
2180004000,s,1340
2180958000,s,1340
2181160000,s,1340
2181325000,s,1340
2181479000,s,1340
2181737000,s,1340
2181935000,s,1340
2182349000,s,1340
2182811000,s,1340
2183242000,s,1340
2184076000,s,1340
2185369000,s,1340
2185930000,s,1340
2186296000,s,1340
2189075000,s,1340
2189366000,s,1340
2189666000,s,1340
2189877000,s,1340
2190039000,s,1340
2190198000,s,1340
2190362000,s,1340
2190522000,s,1340
2190673000,s,1340
2190817000,s,1340
2190945000,s,1340
2191070000,s,1340
2191194000,s,1340
2191358000,s,1340
2191448000,s,1340
2191525000,s,1340
2191602000,s,1340
2191673000,s,1340
2191732000,s,1340
2191857000,s,1340
2191982000,s,1340
2192071000,s,1340
2192194000,s,1340
2192319000,s,1340
2193316000,s,1340
2193476000,s,1340
2193712000,s,1340
2193976000,s,1340
2194136000,s,1340
2194285000,s,1340
2194431000,s,1340
2194575000,s,1340
2194676000,s,1340
2195147000,s,1340
2195289000,s,1340
2195578000,s,1340
2195746000,s,1340
2195866000,s,1340
2195979000,s,1340
2196089000,s,1340
2197354000,s,1340
2197554000,s,1340
2197782000,s,1340
2197896000,s,1340
2197992000,s,1340
2198099000,s,1340
2198200000,s,1340
2198628000,s,1340
2198753000,s,1340
2198858000,s,1340
2198976000,s,1340
2199116000,s,1340
2200912000,s,1340
2201046000,s,1340
2201153000,s,1340
2201707000,s,1340
2207362000,s,1340
2208122000,s,1340
2211806000,s,1340
2213975000,s,1340
2214772000,s,1340
2216161000,s,1340
2221517000,r,1440
2223426000,r,1440
2223427000,r,1440
2224113000,s,1340
2224375000,r,1440
2229302000,r,1440
2229303000,r,1440
2229303000,r,1440
2229303000,r,1440
2229303000,r,1440
2229303000,r,1440
2229303000,r,1440
2229303000,r,1440
2229393000,r,1440
2229393000,r,1440
2229777000,s,1340
2229979000,s,1340
2230216000,s,1340
2230370000,s,1340
2230652000,s,1340
2230861000,s,1340
2231347000,r,1440
2231388000,s,1340
2231347000,r,1440
2231347000,r,1440
2231347000,r,1440
2231348000,r,1440
2231489000,s,1340
2231348000,r,1440
2231518000,s,1340
2231538000,s,1340
2231881000,s,1340
2231936000,s,1340
2232104000,s,1340
2232193000,s,1340
2232210000,s,1340
2232240000,s,1340
2232434000,s,1340
2232478000,s,1340
2232548000,s,1340
2232645000,s,1340
2232716000,s,1340
2233141000,s,1340
2233195000,s,1340
2233209000,s,1340
2233220000,s,1340
2233293000,s,1340
2234402000,s,1340
2234557000,s,1340
2234567000,r,1440
2234642000,s,1340
2234567000,r,1440
2234567000,r,1440
2234567000,r,1440
2234774000,s,1340
2234822000,s,1340
2235045000,s,1340
2235137000,s,1340
2235382000,s,1340
2235464000,s,1340
2235647000,s,1340
2235719000,s,1340
2235785000,s,1340
2235850000,s,1340
2235913000,s,1340
2235973000,s,1340
2236032000,s,1340
2236219000,s,1340
2236459000,s,1340
2236615000,s,1340
2236759000,s,1340
2236908000,s,1340
2237137000,s,1340
2237328000,s,1340
2239326000,r,1440
2240060000,s,1340
2240341000,s,1340
2240374000,r,1440
2240374000,r,1440
2240374000,r,1440
2240464000,s,1340
2240724000,s,1340
2240896000,s,1340
2241245000,s,1340
2241422000,s,1340
2241558000,s,1340
2241721000,s,1340
2241821000,s,1340
2242772000,s,1340
2242854000,s,1340
2242884000,s,1340
2243055000,s,1340
2243104000,s,1340
2243517000,s,1340
2243816000,s,1340
2243936000,s,1340
2244140000,s,1340
2244341000,s,1340
2244540000,s,1340
2244732000,s,1340
2244773000,s,1340
2244847000,s,1340
2245060000,r,1440
2245247000,s,1340
2245278000,s,1340
2245382000,s,1340
2246112000,r,1440
2246882000,s,1340
2246980000,s,1340
2247063000,s,1340
2247125000,r,1440
2247171000,s,1340
2247257000,s,1340
2247344000,s,1340
2247459000,s,1340
2251897000,r,1440
2251897000,r,1440
2252472000,s,1340
2255930000,r,1440
2256343000,s,1340
2256483000,s,1340
2257442000,r,1440
2340181000,s,1340
2355759000,r,1440
2355759000,r,1440
2355759000,r,1440
2355759000,r,1440
2355759000,r,1440
2355760000,r,1440
2355760000,r,1440
2355760000,r,1440
2355987000,r,1440
2355987000,r,1440
2355988000,r,1440
2355988000,r,1440
2355988000,r,1440
2356049000,r,1440
2356049000,r,1440
2356049000,r,1440
2356049000,r,1440
2356050000,r,1440
2356050000,r,1440
2356251000,r,1440
2356251000,r,1440
2356251000,r,1440
2356742000,r,1440
2356742000,r,1440
2356742000,r,1440
2357520000,s,1340
2358373000,s,1340
2358472000,s,1340
2358519000,s,1340
2358612000,s,1340
2358786000,s,1340
2358829000,s,1340
2358841000,s,1340
2358850000,s,1340
2359177000,s,1340
2359201000,s,1340
2359264000,s,1340
2359294000,s,1340
2359310000,s,1340
2359398000,s,1340
2359436000,s,1340
2360030000,s,1340
2360127000,s,1340
2360143000,s,1340
2360152000,s,1340
2360159000,s,1340
2360167000,s,1340
2360306000,s,1340
2360397000,r,1440
2360401000,s,1340
2360397000,r,1440
2360397000,r,1440
2360397000,r,1440
2360397000,r,1440
2360397000,r,1440
2360397000,r,1440
2360398000,r,1440
2360514000,r,1440
2360514000,r,1440
2360515000,r,1440
2360515000,r,1440
2360515000,r,1440
2360515000,r,1440
2360515000,r,1440
2360515000,r,1440
2360546000,r,1440
2360716000,s,1340
2360849000,s,1340
2360933000,s,1340
2361072000,s,1340
2361149000,s,1340
2361180000,s,1340
2361192000,s,1340
2361201000,s,1340
2361209000,s,1340
2361216000,s,1340
2361224000,s,1340
2361339000,s,1340
2361438000,s,1340
2361512000,s,1340
2361687000,s,1340
2361770000,s,1340
2361846000,s,1340
2362269000,s,1340
2362594000,s,1340
2362725000,s,1340
2362819000,s,1340
2362935000,s,1340
2363101000,s,1340
2363214000,s,1340
2364532000,s,1340
2364644000,s,1340
2364721000,s,1340
2364796000,s,1340
2365105000,s,1340
2365142000,s,1340
2365168000,s,1340
2366005000,s,1340
2366066000,s,1340
2366193000,s,1340
2366275000,s,1340
2366329000,s,1340
2366378000,s,1340
2366755000,s,1340
2367017000,s,1340
2367123000,s,1340
2367287000,s,1340
2367539000,s,1340
2367571000,s,1340
2367976000,s,1340
2368060000,s,1340
2368130000,s,1340
2368402000,s,1340
2368578000,s,1340
2368732000,s,1340
2368823000,s,1340
2368891000,s,1340
2368990000,r,1440
2368990000,r,1440
2368991000,r,1440
2368991000,r,1440
2369106000,s,1340
2369227000,s,1340
2369325000,s,1340
2369481000,r,1440
2369502000,s,1340
2369481000,r,1440
2369481000,r,1440
2369482000,r,1440
2369482000,r,1440
2369482000,r,1440
2369640000,s,1340
2369929000,s,1340
2370013000,s,1340
2370076000,s,1340
2370168000,s,1340
2370238000,s,1340
2370316000,s,1340
2370390000,s,1340
2370463000,s,1340
2370532000,s,1340
2370582000,s,1340
2370654000,s,1340
2370727000,s,1340
2370793000,s,1340
2370859000,s,1340
2370931000,s,1340
2371003000,s,1340
2371076000,s,1340
2371238000,s,1340
2371361000,r,1440
2371374000,s,1340
2371459000,s,1340
2371362000,r,1440
2371362000,r,1440
2371362000,r,1440
2371362000,r,1440
2371362000,r,1440
2371511000,s,1340
2371558000,s,1340
2372326000,s,1340
2372470000,s,1340
2372602000,s,1340
2372745000,s,1340
2372876000,s,1340
2372913000,s,1340
2372960000,s,1340
2373109000,s,1340
2373154000,s,1340
2373191000,s,1340
2373328000,s,1340
2373617000,r,1440
2373953000,s,1340
2374486000,s,1340
2374511000,r,1440
2374519000,s,1340
2374531000,s,1340
2374540000,s,1340
2374591000,s,1340
2374909000,s,1340
2375502000,s,1340
2375890000,s,1340
2375900000,r,1440
2376694000,r,1440
2378444000,r,1440
2378899000,s,1340
2385531000,s,1340
2387711000,r,1440
2387711000,r,1440
2387711000,r,1440
2388199000,s,1340
2388230000,s,1340
2388892000,r,1440
2388893000,r,1440
2388893000,r,1440
2389545000,s,1340
2389911000,r,1440
2389911000,r,1440
2389911000,r,1440
2389912000,r,1440
2389912000,r,1440
2389912000,r,1440
2389912000,r,1440
2389912000,r,1440
2390045000,r,1440
2390045000,r,1440
2390046000,r,1440
2390046000,r,1440
2390046000,r,1440
2390046000,r,1440
2390046000,r,1440
2390208000,s,1340
2390891000,s,1340
2390962000,r,1440
2390963000,r,1440
2390963000,r,1440
2390963000,r,1440
2390963000,r,1440
2390963000,r,1440
2391132000,r,1440
2391163000,s,1340
2391133000,r,1440
2391133000,r,1440
2391133000,r,1440
2391133000,r,1440
2391133000,r,1440
2391133000,r,1440
2391134000,r,1440
2391210000,s,1340
2391230000,r,1440
2391267000,s,1340
2391284000,s,1340
2391342000,s,1340
2391609000,s,1340
2391779000,s,1340
2392924000,s,1340
2392979000,r,1440
2392991000,s,1340
2393017000,s,1340
2392979000,r,1440
2392979000,r,1440
2393036000,s,1340
2392979000,r,1440
2392979000,r,1440
2392980000,r,1440
2393045000,s,1340
2392980000,r,1440
2392980000,r,1440
2393061000,r,1440
2393061000,r,1440
2393287000,s,1340
2393315000,s,1340
2393649000,s,1340
2393740000,s,1340
2393876000,r,1440
2393876000,r,1440
2393876000,r,1440
2393876000,r,1440
2393876000,r,1440
2393876000,r,1440
2394293000,s,1340
2394405000,s,1340
2394673000,s,1340
2394756000,s,1340
2394830000,s,1340
2395019000,s,1340
2395090000,s,1340
2395158000,s,1340
2395316000,s,1340
2395365000,r,1440
2395365000,r,1440
2395366000,r,1440
2395366000,r,1440
2395366000,r,1440
2395457000,s,1340
2395617000,s,1340
2395652000,s,1340
2395663000,s,1340
2395672000,s,1340
2395680000,s,1340
2395736000,s,1340
2395768000,s,1340
2396034000,s,1340
2396075000,s,1340
2396088000,s,1340
2396096000,s,1340
2396249000,s,1340
2396408000,s,1340
2396565000,s,1340
2396641000,s,1340
2396713000,s,1340
2396780000,s,1340
2396849000,s,1340
2397306000,s,1340
2397405000,s,1340
2397481000,s,1340
2397552000,s,1340
2397659000,s,1340
2397751000,s,1340
2397851000,s,1340
2397943000,s,1340
2398032000,s,1340
2398128000,s,1340
2398229000,s,1340
2398320000,s,1340
2398412000,s,1340
2398505000,s,1340
2398595000,s,1340
2398971000,s,1340
2399077000,s,1340
2399320000,s,1340
2399439000,s,1340
2399531000,s,1340
2400017000,s,1340
2400128000,r,1440
2400128000,r,1440
2400240000,s,1340
2400515000,s,1340
2400606000,s,1340
2400677000,s,1340
2400748000,s,1340
2400819000,s,1340
2400893000,s,1340
2401106000,s,1340
2401410000,s,1340
2401575000,s,1340
2401686000,s,1340
2401770000,s,1340
2401854000,s,1340
2401953000,s,1340
2402120000,s,1340
2402119000,r,1440
2402119000,r,1440
2402119000,r,1440
2402119000,r,1440
2402119000,r,1440
2402119000,r,1440
2402120000,r,1440
2402120000,r,1440
2402207000,r,1440
2402207000,r,1440
2402207000,r,1440
2402207000,r,1440
2402302000,s,1340
2402384000,s,1340
2402746000,s,1340
2402857000,s,1340
2402929000,s,1340
2403029000,s,1340
2403065000,r,1440
2403065000,r,1440
2403065000,r,1440
2403066000,r,1440
2403116000,s,1340
2403066000,r,1440
2403066000,r,1440
2403066000,r,1440
2403207000,s,1340
2403292000,s,1340
2403421000,s,1340
2403513000,s,1340
2403597000,s,1340
2403693000,s,1340
2403788000,s,1340
2404204000,s,1340
2404403000,s,1340
2404494000,s,1340
2404579000,s,1340
2404667000,s,1340
2404760000,s,1340
2404848000,s,1340
2405037000,s,1340
2405137000,s,1340
2405315000,s,1340
2405404000,s,1340
2405496000,s,1340
2405610000,s,1340
2405706000,s,1340
2405789000,s,1340
2405879000,s,1340
2405963000,s,1340
2406055000,s,1340
2406377000,s,1340
2406471000,s,1340
2406554000,s,1340
2406787000,s,1340
2406921000,s,1340
2407094000,s,1340
2407210000,s,1340
2407337000,s,1340
2407419000,s,1340
2407756000,s,1340
2407841000,s,1340
2407921000,s,1340
2408013000,s,1340
2408092000,s,1340
2408258000,s,1340
2408674000,s,1340
2408845000,s,1340
2409299000,s,1340
2409831000,s,1340
2409997000,s,1340
2410144000,s,1340
2410225000,s,1340
2410305000,s,1340
2410391000,s,1340
2410464000,s,1340
2410613000,s,1340
2410693000,s,1340
2410936000,s,1340
2411036000,s,1340
2411153000,s,1340
2411207000,s,1340
2411591000,s,1340
2411704000,s,1340
2413602000,r,1440
2413603000,r,1440
2413603000,r,1440
2413603000,r,1440
2413603000,r,1440
2413603000,r,1440
2413603000,r,1440
2413603000,r,1440
2413712000,r,1440
2413731000,r,1440
2413731000,r,1440
2413731000,r,1440
2414062000,r,1440
2414062000,r,1440
2414062000,r,1440
2414062000,r,1440
2414062000,r,1440
2414062000,r,1440
2414193000,s,1340
2414367000,r,1440
2414367000,r,1440
2414367000,r,1440
2414418000,s,1340
2414451000,s,1340
2414464000,s,1340
2414475000,s,1340
2414484000,s,1340
2414494000,s,1340
2414503000,s,1340
2414512000,s,1340
2414523000,s,1340
2414616000,s,1340
2414651000,s,1340
2414772000,r,1440
2414772000,r,1440
2414815000,s,1340
2414773000,r,1440
2414773000,r,1440
2414773000,r,1440
2414773000,r,1440
2414863000,s,1340
2414887000,s,1340
2414952000,s,1340
2414997000,s,1340
2415014000,s,1340
2415036000,s,1340
2415075000,s,1340
2415324000,s,1340
2415437000,s,1340
2415526000,s,1340
2415628000,s,1340
2415709000,s,1340
2415798000,s,1340
2415894000,s,1340
2416039000,r,1440
2416039000,r,1440
2416040000,r,1440
2416040000,r,1440
2416040000,r,1440
2416087000,s,1340
2416040000,r,1440
2416204000,s,1340
2416262000,s,1340
2416280000,s,1340
2416394000,s,1340
2416501000,s,1340
2416589000,s,1340
2418999000,r,1440
2419000000,r,1440
2419000000,r,1440
2419267000,s,1340
2419295000,s,1340
2419925000,r,1440
2419925000,r,1440
2419925000,r,1440
2419925000,r,1440
2419925000,r,1440
2419925000,r,1440
2419925000,r,1440
2419925000,r,1440
2419995000,r,1440
2419995000,r,1440
2419995000,r,1440
2419995000,r,1440
2420691000,r,1440
2420691000,r,1440
2420691000,r,1440
2420757000,s,1340
2420692000,r,1440
2420692000,r,1440
2420692000,r,1440
2420692000,r,1440
2420692000,r,1440
2420790000,r,1440
2420790000,r,1440
2420790000,r,1440
2420805000,s,1340
2420790000,r,1440
2420791000,r,1440
2420791000,r,1440
2420791000,r,1440
2420836000,s,1340
2420967000,s,1340
2421078000,s,1340
2421298000,s,1340
2421393000,s,1340
2421757000,s,1340
2421846000,r,1440
2421846000,r,1440
2421846000,r,1440
2421847000,r,1440
2421847000,r,1440
2421847000,r,1440
2421847000,r,1440
2421847000,r,1440
2421936000,r,1440
2421936000,r,1440
2421936000,r,1440
2421936000,r,1440
2421936000,r,1440
2421936000,r,1440
2421937000,r,1440
2421937000,r,1440
2421969000,r,1440
2421969000,r,1440
2422180000,s,1340
2422274000,s,1340
2422353000,s,1340
2422433000,s,1340
2422507000,s,1340
2422579000,s,1340
2422660000,s,1340
2422739000,s,1340
2422822000,s,1340
2422912000,s,1340
2422995000,s,1340
2423079000,s,1340
2423097000,r,1440
2423097000,r,1440
2423097000,r,1440
2423097000,r,1440
2423098000,r,1440
2423159000,s,1340
2423098000,r,1440
2423098000,r,1440
2423098000,r,1440
2423179000,r,1440
2423179000,r,1440
2423179000,r,1440
2423179000,r,1440
2423243000,s,1340
2423317000,s,1340
2423384000,s,1340
2423616000,s,1340
2423714000,s,1340
2423725000,r,1440
2423725000,r,1440
2423725000,r,1440
2423726000,r,1440
2423726000,r,1440
2423726000,r,1440
2423726000,r,1440
2423726000,r,1440
2423776000,r,1440
2423776000,r,1440
2423776000,r,1440
2423776000,r,1440
2423802000,s,1340
2423949000,s,1340
2424028000,s,1340
2424093000,s,1340
2424322000,s,1340
2424421000,s,1340
2424503000,s,1340
2424556000,s,1340
2424629000,s,1340
2424706000,s,1340
2424785000,s,1340
2424947000,r,1440
2424948000,r,1440
2424948000,r,1440
2424948000,r,1440
2424948000,r,1440
2424948000,r,1440
2424948000,r,1440
2425254000,s,1340
2425301000,s,1340
2425340000,s,1340
2425457000,s,1340
2425621000,s,1340
2425668000,s,1340
2425682000,s,1340
2425690000,s,1340
2425727000,s,1340
2425738000,s,1340
2425749000,s,1340
2425782000,s,1340
2425797000,s,1340
2425806000,s,1340
2425815000,s,1340
2425824000,s,1340
2425834000,s,1340
2425841000,s,1340
2425854000,s,1340
2425865000,s,1340
2426203000,s,1340
2426299000,s,1340
2426330000,s,1340
2426454000,s,1340
2426505000,s,1340
2426518000,s,1340
2426527000,s,1340
2426549000,s,1340
2426557000,s,1340
2427089000,s,1340
2427174000,s,1340
2427331000,s,1340
2427591000,s,1340
2427671000,s,1340
2427739000,s,1340
2427765000,s,1340
2427790000,s,1340
2427825000,s,1340
2428312000,s,1340
2428430000,s,1340
2428552000,s,1340
2428668000,s,1340
2428808000,s,1340
2428927000,s,1340
2429428000,s,1340
2429561000,s,1340
2429802000,s,1340
2429882000,s,1340
2429948000,s,1340
2429999000,s,1340
2430220000,s,1340
2430291000,s,1340
2430749000,s,1340
2430953000,s,1340
2431188000,s,1340
2431266000,s,1340
2431444000,s,1340
2431623000,s,1340
2431837000,s,1340
2431974000,s,1340
2432050000,s,1340
2432215000,s,1340
2432394000,s,1340
2432613000,s,1340
2432686000,s,1340
2432850000,s,1340
2432892000,s,1340
2433022000,s,1340
2433193000,s,1340
2433348000,s,1340
2433495000,s,1340
2433547000,s,1340
2433691000,s,1340
2433757000,s,1340
2433967000,s,1340
2434193000,s,1340
2434394000,s,1340
2434477000,s,1340
2434529000,s,1340
2434720000,s,1340
2435213000,s,1340
2435568000,s,1340
2435657000,s,1340
2435909000,s,1340
2435959000,s,1340
2436085000,s,1340
2436137000,s,1340
2436242000,s,1340
2436340000,s,1340
2436409000,s,1340
2436485000,s,1340
2436563000,s,1340
2436623000,s,1340
2436708000,s,1340
2436780000,s,1340
2436855000,s,1340
2437009000,s,1340
2437111000,s,1340
2437294000,s,1340
2437437000,s,1340
2437463000,s,1340
2438326000,s,1340
2438373000,s,1340
2438494000,s,1340
2438560000,s,1340
2439742000,s,1340
2439877000,s,1340
2440064000,s,1340
2440144000,s,1340
2440346000,s,1340
2440458000,r,1440
2440470000,s,1340
2440543000,s,1340
2440686000,s,1340
2440759000,s,1340
2440794000,s,1340
2440867000,s,1340
2441014000,s,1340
2441173000,s,1340
2441236000,s,1340
2441400000,s,1340
2441559000,s,1340
2441759000,s,1340
2441903000,s,1340
2442034000,s,1340
2442146000,s,1340
2442355000,s,1340
2442518000,s,1340
2442587000,s,1340
2442608000,r,1440
2442646000,s,1340
2442608000,r,1440
2442837000,s,1340
2442867000,s,1340
2444616000,r,1440
2448716000,r,1440
2449051000,s,1340
2453482000,s,1340
2568665000,r,1440
2570417000,s,1340
2572307000,s,1340
2579711000,r,1440
2579712000,r,1440
2580455000,s,1340
2583697000,r,1440
2584586000,s,1340
2584914000,s,1340
2585603000,r,1440
2586090000,s,1340
2586231000,s,1340
2589603000,r,1440
2598226000,r,1440
2598400000,r,1440
2599080000,s,1340
2599174000,r,1440
2599866000,s,1340
2600703000,r,1440
2600758000,s,1340
2601185000,s,1340
2604016000,r,1440
2604016000,r,1440
2604017000,r,1440
2604017000,r,1440
2604017000,r,1440
2604017000,r,1440
2604018000,r,1440
2604018000,r,1440
2604137000,r,1440
2605397000,s,1340
2605680000,s,1340
2605866000,s,1340
2606015000,s,1340
2606173000,s,1340
2606299000,s,1340
2606469000,s,1340
2606776000,s,1340
2606946000,s,1340
2607100000,s,1340
2607253000,s,1340
2607396000,s,1340
2610972000,r,1440
2610972000,r,1440
2610972000,r,1440
2611938000,r,1440
2614408000,s,1340
2617248000,r,1440
2617248000,r,1440
2617249000,r,1440
2617249000,r,1440
2618731000,s,1340
2618854000,s,1340
2619431000,s,1340
2619469000,r,1440
2619516000,s,1340
2619539000,s,1340
2619469000,r,1440
2619469000,r,1440
2619470000,r,1440
2619470000,r,1440
2619470000,r,1440
2619470000,r,1440
2619471000,r,1440
2619905000,s,1340
2620138000,s,1340
2620256000,s,1340
2620357000,s,1340
2620453000,s,1340
2620662000,s,1340
2620792000,s,1340
2620892000,s,1340
2620989000,s,1340
2621090000,s,1340
2621186000,s,1340
2621279000,s,1340
2621374000,s,1340
2621468000,s,1340
2621554000,s,1340
2621728000,s,1340
2621829000,s,1340
2621913000,s,1340
2622183000,s,1340
2622295000,s,1340
2622898000,s,1340
2622981000,s,1340
2623020000,s,1340
2623282000,s,1340
2623347000,s,1340
2623387000,s,1340
2623605000,s,1340
2623635000,s,1340
2623801000,s,1340
2627630000,s,1340
2627719000,s,1340
2627892000,s,1340
2628533000,s,1340
2628571000,s,1340
2629206000,s,1340
2629263000,s,1340
2629316000,s,1340
2630823000,s,1340
2631180000,s,1340
2631324000,s,1340
2631453000,s,1340
2632200000,s,1340
2632340000,s,1340
2633201000,s,1340
2633353000,s,1340
2633702000,r,1440
2633702000,r,1440
2633702000,r,1440
2633702000,r,1440
2633703000,r,1440
2633703000,r,1440
2634083000,s,1340
2634252000,s,1340
2634404000,s,1340
2634559000,s,1340
2634717000,s,1340
2634893000,s,1340
2635063000,s,1340
2635209000,s,1340
2635367000,s,1340
2635380000,r,1440
2635380000,r,1440
2635381000,r,1440
2635381000,r,1440
2635381000,r,1440
2635516000,s,1340
2635673000,s,1340
2635846000,s,1340
2636001000,s,1340
2636155000,s,1340
2636300000,s,1340
2636447000,s,1340
2636581000,s,1340
2636739000,s,1340
2636883000,s,1340
2637003000,s,1340
2637121000,s,1340
2637229000,s,1340
2637340000,s,1340
2637469000,s,1340
2637631000,s,1340
2637756000,s,1340
2637926000,s,1340
2638023000,s,1340
2638117000,s,1340
2638241000,s,1340
2638482000,s,1340
2638597000,s,1340
2638678000,s,1340
2638783000,s,1340
2638995000,s,1340
2639104000,s,1340
2639180000,s,1340
2639324000,s,1340
2639421000,s,1340
2639522000,s,1340
2639643000,s,1340
2639751000,s,1340
2639843000,s,1340
2640054000,s,1340
2640411000,s,1340
2640514000,s,1340
2640611000,s,1340
2640837000,s,1340
2640921000,s,1340
2641168000,s,1340
2641208000,s,1340
2641240000,s,1340
2641313000,s,1340
2642722000,s,1340
2642872000,s,1340
2643056000,s,1340
2643122000,s,1340
2643142000,s,1340
2643333000,s,1340
2643421000,s,1340
2643622000,s,1340
2643737000,s,1340
2643921000,s,1340
2644111000,s,1340
2644225000,s,1340
2644443000,s,1340
2644543000,s,1340
2644630000,s,1340
2644874000,s,1340
2645117000,s,1340
2645217000,s,1340
2645499000,s,1340
2645630000,s,1340
2645675000,s,1340
2645790000,s,1340
2645977000,s,1340
2646062000,s,1340
2646279000,s,1340
2648487000,r,1440
2648487000,r,1440
2649619000,r,1440
2650029000,s,1340
2651078000,r,1440
2651078000,r,1440
2651317000,s,1340
2652118000,r,1440
2652595000,s,1340
2657106000,s,1340
2664281000,s,1340
2664446000,s,1340
2680721000,r,1440
2680721000,r,1440
2683708000,s,1340
2683945000,s,1340
2684072000,s,1340
2684458000,s,1340
2684642000,s,1340
2684740000,s,1340
2684979000,s,1340
2685135000,s,1340
2685246000,s,1340
2685332000,s,1340
2685509000,s,1340
2685721000,s,1340
2685828000,s,1340
2686146000,s,1340
2686235000,s,1340
2686273000,s,1340
2686358000,s,1340
2686430000,s,1340
2687161000,s,1340
2687357000,s,1340
2687462000,s,1340
2687560000,s,1340
2687652000,s,1340
2687893000,s,1340
2688138000,s,1340
2688246000,s,1340
2688464000,s,1340
2688565000,s,1340
2688674000,s,1340
2688773000,s,1340
2689946000,s,1340
2690609000,s,1340
2690656000,s,1340
2690677000,s,1340
2690735000,s,1340
2690788000,s,1340
2691505000,s,1340
2691590000,s,1340
2691629000,s,1340
2691857000,s,1340
2691908000,s,1340
2692448000,s,1340
2692528000,s,1340
2692801000,s,1340
2692977000,s,1340
2693021000,s,1340
2693287000,s,1340
2693379000,s,1340
2693781000,s,1340
2693838000,s,1340
2693933000,s,1340
2694443000,s,1340
2694546000,s,1340
2694630000,s,1340
2694812000,s,1340
2694967000,s,1340
2695140000,s,1340
2695198000,s,1340
2695398000,s,1340
2695486000,s,1340
2695532000,s,1340
2695708000,s,1340
2695748000,s,1340
2695866000,s,1340
2696008000,s,1340
2696134000,s,1340
2696218000,s,1340
2696338000,s,1340
2696454000,s,1340
2696709000,s,1340
2696864000,s,1340
2696944000,s,1340
2697006000,s,1340
2698133000,s,1340
2698256000,s,1340
2698408000,s,1340
2698636000,s,1340
2698832000,s,1340
2698980000,s,1340
2699226000,s,1340
2699475000,s,1340
2699993000,s,1340
2700219000,s,1340
2700321000,s,1340
2700448000,s,1340
2700571000,s,1340
2700810000,s,1340
2700894000,s,1340
2712252000,s,1340
2712614000,s,1340
2712907000,s,1340
2713053000,s,1340
2713274000,s,1340
2713452000,s,1340
2713636000,s,1340
2713696000,s,1340
2713994000,s,1340
2714081000,s,1340
2714149000,s,1340
2714207000,s,1340
2714478000,s,1340
2714752000,s,1340
2715788000,s,1340
2716304000,s,1340
2716428000,s,1340
2716727000,s,1340
2716908000,s,1340
2716974000,s,1340
2717125000,s,1340
2717285000,s,1340
2717416000,s,1340
2717487000,s,1340
2717554000,s,1340
2717943000,s,1340
2718006000,s,1340
2718514000,s,1340
2718632000,s,1340
2718726000,s,1340
2718809000,s,1340
2719004000,s,1340
2719209000,s,1340
2719354000,s,1340
2719524000,s,1340
2719625000,s,1340
2719779000,s,1340
2720021000,s,1340
2720116000,s,1340
2720197000,s,1340
2720282000,s,1340
2720458000,s,1340
2720657000,s,1340
2720859000,s,1340
2720931000,s,1340
2721153000,s,1340
2721361000,s,1340
2721500000,s,1340
2721674000,s,1340
2721772000,s,1340
2721943000,s,1340
2722027000,s,1340
2722087000,s,1340
2722938000,s,1340
2723003000,s,1340
2723060000,s,1340
2723104000,s,1340
2723554000,s,1340
2724069000,s,1340
2724187000,s,1340
2724403000,s,1340
2724532000,s,1340
2724653000,s,1340
2724741000,s,1340
2735399000,s,1340
2740652000,r,1440
2741446000,s,1340
2786357000,s,1340
2794670000,r,1440
2796948000,r,1440
2796948000,r,1440
2797296000,s,1340
3421730000,r,1440
3421731000,r,1440
3421731000,r,1440
3421732000,r,1440
3421732000,r,1440
3424864000,s,1340
3425293000,s,1340
5586504000,s,1340
5628712000,s,1340
5629163000,s,1340
5650798000,r,1440
5650799000,r,1440
5653687000,r,1440
5655470000,s,1340
7873741000,r,1440
7873742000,r,1440
7873742000,r,1440
7873743000,r,1440
7873743000,r,1440
7877438000,s,1340
7877990000,s,1340
7878458000,s,1340
7878680000,s,1340
7887892000,s,1340
7889191000,r,1440
7889192000,r,1440
7893986000,r,1440
7895224000,s,1340
8542087000,r,1440
12685807000,r,1440
12685808000,r,1440
12685808000,r,1440
12685809000,r,1440
12689101000,s,1340
12698696000,s,176
12699049000,s,1340
12699849000,s,1340
12700835000,s,1340
12701137000,s,1340
12701351000,s,1340
12710127000,r,120
12713370000,r,1440
12713370000,r,1440
12718757000,s,1340
12726059000,s,1340
12737689000,r,1440
12737690000,r,1440
12739527000,s,1340
13353727000,r,1440
13355563000,s,1340
15145752000,s,1340
15193158000,s,1340
15193917000,s,1340
18941656000,s,1340
18975601000,s,1340
18976060000,s,1340
18995594000,r,1440
18996279000,r,1440
21033139000,r,1440
21035628000,s,1340
21753757000,r,1440
23024484000,s,1340
23063582000,s,1340
23064050000,s,1340
23083117000,r,1440
23083118000,r,1440
23086560000,s,1340
23086951000,s,1340