0,r,1440
1377000,s,1340
11111000,r,1440
11943000,s,1340
2320244000,s,1340
4804816000,s,1340
4847758000,s,1340
4848864000,s,1340
4848968000,s,1340
4848991000,s,1340
4849009000,s,1340
4849053000,s,1340
4849070000,s,1340
4868929000,r,1440
4868929000,r,1440
4872572000,r,1440
4872572000,r,1440
4872572000,r,1440
4874167000,s,1340
4874304000,r,1440
4874610000,s,1340
4874720000,s,1340
4875538000,r,1440
4875538000,r,1440
4876600000,s,1340
4876733000,s,1340
4876824000,s,1340
4876894000,s,1340
4877084000,s,1340
4877312000,s,1340
4877510000,s,1340
4877648000,s,1340
4877772000,s,1340
4877891000,s,1340
4878021000,s,1340
4878132000,s,1340
4878410000,s,1340
4878696000,s,1340
4878807000,s,1340
4878943000,s,1340
4879326000,s,1340
4879465000,s,1340
4879987000,s,1340
4880099000,s,1340
4880275000,s,1340
4880364000,s,1340
4880651000,s,1340
4880705000,s,1340
4880735000,s,1340
4880748000,s,1340
4880759000,s,1340
4881108000,s,1340
4881318000,s,1340
4881873000,s,1340
4881976000,s,1340
4882066000,s,1340
4882157000,s,1340
4882260000,s,1340
4882553000,s,1340
4882663000,s,1340
4882769000,s,1340
4883025000,s,1340
4883135000,s,1340
4883383000,s,1340
4883481000,s,1340
4883700000,s,1340
4883833000,s,1340
4883940000,s,1340
4884216000,s,1340
4884346000,s,1340
4884639000,s,1340
4884771000,s,1340
4885011000,s,1340
4885044000,r,1440
4885124000,s,1340
4885375000,s,1340
4885535000,s,1340
4885694000,s,1340
4885777000,s,1340
4885956000,s,1340
4886052000,s,1340
4886119000,s,1340
4886261000,s,1340
4886572000,s,1340
4886685000,s,1340
4886808000,s,1340
4886956000,r,1440
4886997000,s,1340
4887225000,s,1340
4888579000,r,1440
4888976000,s,1340
4889635000,r,1440
4889635000,r,1440
4890128000,s,1340
4890318000,s,1340
4890440000,s,1340
4890642000,s,1340
4890747000,s,1340
4890825000,s,1340
4891018000,s,1340
4891149000,s,1340
4891302000,r,1440
4891331000,s,1340
4891303000,r,1440
4891556000,s,1340
4891629000,r,1440
4891629000,r,1440
4891917000,s,1340
4892085000,s,1340
4892235000,s,1340
4892387000,s,1340
4892502000,s,1340
4892622000,s,1340
4892751000,s,1340
4892870000,s,1340
4893171000,s,1340
4893318000,s,1340
4893451000,s,1340
4893584000,s,1340
4893923000,s,1340
4894267000,s,1340
4894416000,s,1340
4894538000,s,1340
4894841000,s,1340
4894970000,s,1340
4895096000,s,1340
4895217000,s,1340
4895488000,r,1440
4895573000,s,1340
4895706000,s,1340
4895949000,s,1340
4896003000,s,1340
4896202000,s,1340
4896249000,s,1340
4896319000,s,1340
4896369000,s,1340
4896796000,s,1340
4896873000,s,1340
4896926000,s,1340
4898142000,s,1340
4898296000,s,1340
4899585000,r,1440
4899585000,r,1440
4899586000,r,1440
4899586000,r,1440
4899586000,r,1440
4899586000,r,1440
4899586000,r,1440
4900078000,s,1340
4900106000,s,1340
4900362000,s,1340
4900743000,s,1340
4900883000,s,1340
4900975000,s,1340
4901154000,s,1340
4901427000,s,1340
4901709000,s,1340
4901802000,s,1340
4901989000,s,1340
4902099000,s,1340
4902354000,s,1340
4902418000,r,1440
4902489000,s,1340
4902749000,s,1340
4902841000,s,1340
4902923000,s,1340
4903001000,s,1340
4904055000,r,1440
4904056000,r,1440
4904056000,r,1440
4904200000,s,1340
4904242000,s,1340
4904270000,s,1340
4904306000,s,1340
4904395000,s,1340
4904474000,s,1340
4904543000,s,1340
4904602000,s,1340
4904924000,s,1340
4905045000,s,1340
4905169000,s,1340
4905761000,s,1340
4906046000,s,1340
4910368000,r,1440
4911112000,r,1440
4911112000,r,1440
4912025000,s,1340
4912545000,r,1440
4913108000,r,1440
4913364000,s,1340
4915937000,r,1440
4916162000,s,1340
4916982000,r,1440
4917439000,s,1340
4925649000,r,1440
4927831000,r,1440
4927832000,r,1440
4927832000,r,1440
4927832000,r,1440
4927833000,r,1440
4928946000,s,1340
4929001000,r,1440
4929001000,r,1440
4929002000,r,1440
4929002000,r,1440
4929106000,s,1340
4929002000,r,1440
4929003000,r,1440
4929003000,r,1440
4929003000,r,1440
4929206000,s,1340
4929297000,s,1340
4929396000,s,1340
4929503000,s,1340
4930052000,s,1340
4930190000,s,1340
4930288000,s,1340
4930388000,s,1340
4930483000,s,1340
4930586000,s,1340
4940618000,s,1340
4941178000,s,1340
4943302000,r,1440
4956348000,s,1340
4956731000,s,1340
4967858000,s,1340
4980443000,r,1440
4980443000,r,1440
4981066000,s,1340
4981186000,s,1340
4981386000,s,1340
4982333000,s,1340
4982452000,s,1340
4982577000,s,1340
4982640000,s,1340
4983526000,r,1440
4983527000,r,1440
4983724000,s,1340
4983903000,s,1340
4984025000,s,1340
4984181000,s,1340
4984380000,r,1440
4984409000,s,1340
4984572000,s,1340
4984599000,s,1340
4984616000,s,1340
4984627000,s,1340
4985234000,s,1340
4985266000,r,1440
4985266000,r,1440
4985266000,r,1440
4985647000,s,1340
4985676000,s,1340
4985735000,r,1440
4985735000,r,1440
4985776000,s,1340
4985735000,r,1440
4985735000,r,1440
4985735000,r,1440
4985736000,r,1440
4985736000,r,1440
4985736000,r,1440
4985813000,r,1440
4985873000,s,1340
4985913000,s,1340
4986004000,s,1340
4986052000,s,1340
4986114000,s,1340
4986145000,s,1340
4986161000,s,1340
4986175000,s,1340
4986185000,s,1340
4986248000,s,1340
4986904000,s,1340
4987033000,s,1340
4987041000,r,1440
4987041000,r,1440
4987041000,r,1440
4987041000,r,1440
4987041000,r,1440
4987041000,r,1440
4987142000,s,1340
4987264000,s,1340
4987371000,s,1340
4987450000,s,1340
4987524000,s,1340
4987622000,s,1340
4987722000,s,1340
4987810000,s,1340
4987901000,s,1340
4987995000,s,1340
4988099000,s,1340
4988204000,s,1340
4988306000,s,1340
4988404000,s,1340
4988575000,s,1340
4988677000,s,1340
4988775000,s,1340
4989138000,s,1340
4989263000,s,1340
4989361000,s,1340
4989558000,s,1340
4989612000,r,1440
4989697000,s,1340
4989779000,s,1340
4989939000,s,1340
4990089000,s,1340
4990225000,s,1340
4990348000,s,1340
4990446000,s,1340
4990571000,s,1340
4990742000,s,1340
4990863000,s,1340
4990953000,s,1340
4991786000,s,1340
4991870000,s,1340
4991935000,s,1340
4992417000,s,1340
4992586000,s,1340
4992722000,s,1340
4993016000,s,1340
4993184000,s,1340
4993528000,s,1340
4993727000,s,1340
4993984000,s,1340
4994174000,s,1340
4994309000,s,1340
4994385000,r,1440
4994468000,s,1340
4994604000,s,1340
4994726000,s,1340
4994841000,s,1340
4995036000,s,1340
4995154000,s,1340
4995277000,s,1340
4995947000,s,1340
4995993000,r,1440
4996067000,s,1340
4996244000,s,1340
4996299000,s,1340
4996432000,s,1340
4997363000,s,1340
4997503000,s,1340
4997817000,s,1340
4998053000,s,1340
4998315000,s,1340
4998474000,s,1340
4998594000,s,1340
4998786000,r,1440
4998787000,r,1440
4998787000,r,1440
4998787000,r,1440
4998787000,r,1440
4998830000,s,1340
4998787000,r,1440
4998787000,r,1440
4998787000,r,1440
4998851000,r,1440
4998851000,r,1440
4998936000,s,1340
4998978000,s,1340
4999035000,s,1340
4999271000,s,1340
4999412000,s,1340
4999533000,s,1340
4999650000,s,1340
4999764000,s,1340
4999885000,s,1340
4999998000,s,1340
5000119000,s,1340
5000229000,s,1340
5000512000,r,1440
5001621000,r,1440
5002039000,s,1340
5002579000,s,1340
5003598000,s,1340
5004013000,r,1440
5004014000,r,1440
5004014000,r,1440
5004789000,s,1340
5004858000,r,1440
5006098000,r,1440
5006099000,r,1440
5006566000,s,1340
5006624000,s,1340
5007682000,r,1440
5009611000,r,1440
5009611000,r,1440
5010008000,s,1340
5010159000,s,1340
5011934000,r,1440
5013321000,r,1440
5013321000,r,1440
5013989000,s,1340
5014130000,s,1340
5017489000,r,1440
5017489000,r,1440
5019709000,r,1440
5019709000,r,1440
5020025000,s,1340
5020335000,s,1340
5020770000,r,1440
5020770000,r,1440
5020770000,r,1440
5021631000,s,1340
5021807000,s,1340
5022126000,s,1340
5022798000,r,1440
5022798000,r,1440
5022798000,r,1440
5022798000,r,1440
5022798000,r,1440
5022798000,r,1440
5022799000,r,1440
5022799000,r,1440
5023691000,s,1340
5023797000,s,1340
5023824000,s,1340
5023953000,s,1340
5024180000,s,1340
5027925000,r,1440
5029056000,r,1440
5029524000,s,1340
5030484000,r,1440
5030484000,r,1440
5031054000,s,1340
5031086000,r,1440
5031086000,r,1440
5031473000,s,1340
5031809000,r,1440
5031809000,r,1440
5031810000,r,1440
5031810000,r,1440
5031810000,r,1440
5032475000,r,1440
5032748000,s,1340
5032803000,s,1340
5032827000,s,1340
5033246000,s,1340
5034407000,r,1440
5034407000,r,1440
5034407000,r,1440
5034407000,r,1440
5034407000,r,1440
5034407000,r,1440
5034903000,s,1340
5034939000,s,1340
5034951000,s,1340
5035022000,s,1340
5036258000,r,1440
5042196000,s,1340
5046137000,s,1340
5046195000,s,1340
5046829000,r,1440
5046829000,r,1440
5046829000,r,1440
5047776000,s,1340
5061626000,r,1440
5062465000,s,1340
5065508000,r,1440
5065508000,r,1440
5065508000,r,1440
5065509000,r,1440
5065509000,r,1440
5065509000,r,1440
5065509000,r,1440
5065509000,r,1440
5065700000,r,1440
5065701000,r,1440
5065701000,r,1440
5065701000,r,1440
5065701000,r,1440
5065701000,r,1440
5065702000,r,1440
5065702000,r,1440
5065768000,r,1440
5065768000,r,1440
5065769000,r,1440
5065769000,r,1440
5065769000,r,1440
5065769000,r,1440
5065769000,r,1440
5065770000,r,1440
5065833000,r,1440
5065833000,r,1440
5065833000,r,1440
5065833000,r,1440
5065833000,r,1440
5065834000,r,1440
5065834000,r,1440
5065834000,r,1440
5065899000,r,1440
5065899000,r,1440
5065899000,r,1440
5065899000,r,1440
5065899000,r,1440
5065900000,r,1440
5065900000,r,1440
5065900000,r,1440
5065956000,r,1440
5065957000,r,1440
5065957000,r,1440
5066005000,r,1440
5066250000,s,1340
5066400000,s,1340
5066512000,s,1340
5066586000,s,1340
5066667000,s,1340
5066751000,s,1340
5066854000,s,1340
5066932000,s,1340
5067007000,s,1340
5067084000,s,1340
5067153000,s,1340
5067259000,s,1340
5067354000,s,1340
5067448000,s,1340
5067538000,s,1340
5067623000,s,1340
5067713000,s,1340
5067797000,s,1340
5067877000,s,1340
5067963000,s,1340
5068043000,s,1340
5068122000,s,1340
5068206000,s,1340
5068296000,s,1340
5068377000,s,1340
5068473000,s,1340
5068561000,s,1340
5068651000,s,1340
5068747000,s,1340
5068835000,s,1340
5068920000,s,1340
5069007000,s,1340
5069088000,s,1340
5069170000,s,1340
5069251000,s,1340
5069337000,s,1340
5069431000,s,1340
5069535000,s,1340
5069732000,s,1340
5069827000,s,1340
5069920000,s,1340
5070092000,s,1340
5070187000,s,1340
5070252000,s,1340
5070321000,s,1340
5070414000,s,1340
5070495000,s,1340
5070581000,s,1340
5070672000,s,1340
5070748000,s,1340
5070831000,s,1340
5075926000,r,1440
5075926000,r,1440
5075927000,r,1440
5076676000,s,1340
5076846000,s,1340
5077639000,r,1440
5078913000,r,1440
5078913000,r,1440
5078913000,r,1440
5078913000,r,1440
5078914000,r,1440
5078914000,r,1440
5078914000,r,1440
5078914000,r,1440
5079043000,r,1440
5079043000,r,1440
5079558000,s,1340
5079698000,s,1340
5079777000,s,1340
5079849000,s,1340
5079930000,s,1340
5080006000,s,1340
5080075000,s,1340
5080145000,s,1340
5080232000,s,1340
5080371000,s,1340
5080445000,r,1440
5080452000,s,1340
5080445000,r,1440
5080536000,s,1340
5080445000,r,1440
5080445000,r,1440
5080445000,r,1440
5080445000,r,1440
5080445000,r,1440
5080613000,s,1340
5080705000,s,1340
5080789000,s,1340
5080870000,s,1340
5080946000,s,1340
5081032000,s,1340
5081120000,s,1340
5081202000,s,1340
5081287000,s,1340
5081365000,s,1340
5081445000,s,1340
5081522000,s,1340
5081652000,s,1340
5081746000,s,1340
5081826000,s,1340
5081897000,s,1340
5081970000,s,1340
5089378000,r,1440
5089378000,r,1440
5090789000,r,1440
5091178000,s,1340
5091403000,s,1340
5100026000,r,1440
5100611000,r,1440
5100985000,s,1340
5101988000,r,1440
5102345000,s,1340
5103160000,r,1440
5103161000,r,1440
5112114000,r,1440
5112114000,r,1440
5112114000,r,1440
5113151000,s,1340
5113414000,s,1340
5120758000,s,1340
5120815000,s,1340
5133632000,r,1440
5133632000,r,1440
5133985000,r,1440
5134263000,s,1340
5134629000,s,1340
5135011000,s,1340
5146158000,r,1440
5146645000,s,1340
5147011000,s,1340
5147115000,r,1440
5157476000,s,1340
5157527000,r,1440
5159488000,r,1440
5159488000,r,1440
5159894000,s,1340
5161610000,r,1440
5162226000,s,1340
5162481000,r,1440
5162498000,s,1340
5162481000,r,1440
5162481000,r,1440
5162539000,s,1340
5162481000,r,1440
5162482000,r,1440
5162482000,r,1440
5162482000,r,1440
5162482000,r,1440
5162567000,r,1440
5162567000,r,1440
5162568000,r,1440
5162568000,r,1440
5162568000,r,1440
5162691000,s,1340
5162767000,s,1340
5162868000,s,1340
5162918000,s,1340
5162956000,s,1340
5163375000,s,1340
5163563000,s,1340
5163923000,r,1440
5163954000,s,1340
5163923000,r,1440
5163923000,r,1440
5163923000,r,1440
5163923000,r,1440
5163923000,r,1440
5163924000,r,1440
5163924000,r,1440
5164010000,r,1440
5164010000,r,1440
5164010000,r,1440
5164010000,r,1440
5164010000,r,1440
5164010000,r,1440
5164010000,r,1440
5164011000,r,1440
5164044000,r,1440
5164044000,r,1440
5164075000,s,1340
5164688000,r,1440
5164688000,r,1440
5164688000,r,1440
5164688000,r,1440
5164688000,r,1440
5164688000,r,1440
5164688000,r,1440
5164689000,r,1440
5164759000,r,1440
5164759000,r,1440
5164759000,r,1440
5164759000,r,1440
5164877000,s,1340
5165026000,s,1340
5165166000,s,1340
5165301000,s,1340
5165344000,r,1440
5165344000,r,1440
5165344000,r,1440
5165345000,r,1440
5165345000,r,1440
5165345000,r,1440
5165412000,s,1340
5165345000,r,1440
5165345000,r,1440
5165436000,r,1440
5165436000,r,1440
5165436000,r,1440
5165436000,r,1440
5165437000,r,1440
5165437000,r,1440
5165437000,r,1440
5165523000,s,1340
5165667000,s,1340
5165754000,s,1340
5165930000,s,1340
5166031000,s,1340
5166117000,s,1340
5166311000,s,1340
5166432000,s,1340
5166550000,s,1340
5166656000,s,1340
5166763000,s,1340
5166875000,s,1340
5166977000,s,1340
5167071000,s,1340
5167168000,s,1340
5167186000,r,1440
5167186000,r,1440
5167186000,r,1440
5167186000,r,1440
5167187000,r,1440
5167400000,s,1340
5167509000,s,1340
5167748000,s,1340
5167857000,s,1340
5167959000,s,1340
5168053000,s,1340
5168149000,s,1340
5168245000,s,1340
5168341000,s,1340
5168441000,s,1340
5168532000,s,1340
5168631000,s,1340
5168725000,s,1340
5168828000,s,1340
5168919000,s,1340
5169011000,s,1340
5169099000,s,1340
5169199000,s,1340
5169295000,s,1340
5169382000,s,1340
5169481000,s,1340
5169569000,s,1340
5169719000,s,1340
5169819000,s,1340
5169952000,s,1340
5170041000,s,1340
5170137000,s,1340
5170231000,s,1340
5170539000,s,1340
5170648000,s,1340
5170766000,s,1340
5170869000,s,1340
5170971000,s,1340
5171071000,s,1340
5171171000,s,1340
5171263000,s,1340
5171358000,s,1340
5171427000,s,1340
5171484000,s,1340
5171557000,s,1340
5171630000,s,1340
5171704000,s,1340
5171803000,s,1340
5171896000,s,1340
5171984000,s,1340
5172068000,s,1340
5172151000,s,1340
5172233000,s,1340
5172314000,s,1340
5172387000,s,1340
5172506000,s,1340
5172590000,s,1340
5172665000,s,1340
5172741000,s,1340
5172983000,s,1340
5173037000,s,1340
5173083000,s,1340
5173124000,s,1340
5173212000,s,1340
5173394000,s,1340
5173507000,s,1340
5173615000,s,1340
5173713000,s,1340
5173865000,s,1340
5173953000,s,1340
5174000000,s,1340
5174040000,s,1340
5174104000,s,1340
5174145000,s,1340
5174272000,s,1340
5174340000,s,1340
5174411000,s,1340
5174463000,s,1340
5174508000,s,1340
5174547000,s,1340
5174588000,s,1340
5174634000,s,1340
5174684000,s,1340
5174734000,s,1340
5174797000,s,1340
5174919000,s,1340
5174996000,s,1340
5175067000,s,1340
5175131000,s,1340
5175195000,s,1340
5175258000,s,1340
5175316000,s,1340
5175374000,s,1340
5175435000,s,1340
5175494000,s,1340
5175557000,s,1340
5175621000,s,1340
5175663000,s,1340
5175722000,s,1340
5175904000,s,1340
5176051000,s,1340
5176096000,s,1340
5176201000,s,1340
5176270000,s,1340
5176347000,s,1340
5177410000,s,1340
5177470000,s,1340
5177544000,s,1340
5177640000,r,1440
5177640000,r,1440
5177640000,r,1440
5177640000,r,1440
5177640000,r,1440
5177640000,r,1440
5177641000,r,1440
5177641000,r,1440
5177779000,r,1440
5177780000,r,1440
5177780000,r,1440
5178436000,r,1440
5178436000,r,1440
5178436000,r,1440
5178436000,r,1440
5178436000,r,1440
5178436000,r,1440
5178855000,r,1440
5178855000,r,1440
5178855000,r,1440
5178855000,r,1440
5178856000,r,1440
5178856000,r,1440
5178856000,r,1440
5178856000,r,1440
5178899000,r,1440
5178899000,r,1440
5178899000,r,1440
5178899000,r,1440
5178921000,s,1340
5179010000,s,1340
5179076000,s,1340
5179123000,s,1340
5179163000,s,1340
5179203000,s,1340
5179244000,s,1340
5179283000,s,1340
5179324000,s,1340
5179363000,s,1340
5179406000,s,1340
5179451000,s,1340
5179491000,s,1340
5179518000,r,1440
5179518000,r,1440
5179518000,r,1440
5179535000,s,1340
5179518000,r,1440
5179518000,r,1440
5179519000,r,1440
5179519000,r,1440
5179519000,r,1440
5179560000,r,1440
5179579000,s,1340
5179803000,s,1340
5179860000,s,1340
5179874000,s,1340
5179926000,s,1340
5179938000,s,1340
5179962000,s,1340
5180030000,s,1340
5180063000,s,1340
5180291000,s,1340
5180438000,s,1340
5180511000,s,1340
5180667000,s,1340
5180759000,s,1340
5180844000,s,1340
5180909000,s,1340
5181000000,s,1340
5181124000,r,1440
5181124000,r,1440
5181124000,r,1440
5181249000,s,1340
5181457000,s,1340
5181511000,s,1340
5181532000,s,1340
5181544000,s,1340
5181557000,s,1340
5181612000,r,1440
5181613000,r,1440
5181613000,r,1440
5181613000,r,1440
5181613000,r,1440
5181613000,r,1440
5181613000,r,1440
5181613000,r,1440
5181655000,r,1440
5181655000,r,1440
5181668000,s,1340
5181708000,s,1340
5181721000,s,1340
5181869000,s,1340
5181943000,s,1340
5181986000,s,1340
5182097000,s,1340
5182152000,s,1340
5182179000,s,1340
5182240000,s,1340
5182341000,s,1340
5182417000,s,1340
5182559000,s,1340
5182635000,s,1340
5182758000,s,1340
5182834000,s,1340
5182904000,s,1340
5182975000,s,1340
5183050000,s,1340
5183108000,s,1340
5183189000,s,1340
5183244000,s,1340
5183315000,s,1340
5183424000,s,1340
5183536000,s,1340
5183644000,s,1340
5183751000,s,1340
5183855000,s,1340
5183962000,s,1340
5184078000,s,1340
5184192000,s,1340
5184299000,s,1340
5184400000,s,1340
5184503000,s,1340
5184613000,s,1340
5184698000,s,1340
5184808000,s,1340
5184900000,s,1340
5185043000,s,1340
5185134000,s,1340
5185218000,s,1340
5185315000,s,1340
5185410000,s,1340
5185504000,s,1340
5185632000,s,1340
5185746000,s,1340
5185912000,s,1340
5186002000,s,1340
5186090000,s,1340
5186358000,s,1340
5186468000,s,1340
5186559000,s,1340
5186684000,s,1340
5186810000,s,1340
5187050000,s,1340
5187252000,s,1340
5187365000,s,1340
5187444000,s,1340
5187514000,s,1340
5187602000,s,1340
5187686000,s,1340
5187879000,s,1340
5188184000,s,1340
5188278000,s,1340
5188471000,s,1340
5188693000,s,1340
5188782000,s,1340
5189029000,s,1340
5189130000,s,1340
5189294000,s,1340
5189711000,s,1340
5190347000,s,1340
5190591000,s,1340
5190639000,s,1340
5190798000,s,1340
5190889000,s,1340
5191054000,s,1340
5192011000,r,1440
5192011000,r,1440
5192011000,r,1440
5192012000,r,1440
5192012000,r,1440
5192012000,r,1440
5192124000,r,1440
5192125000,r,1440
5192125000,r,1440
5192365000,s,1340
5192466000,s,1340
5192560000,r,1440
5192561000,r,1440
5192561000,r,1440
5192595000,s,1340
5192561000,r,1440
5192562000,r,1440
5192562000,r,1440
5192562000,r,1440
5192562000,r,1440
5192643000,r,1440
5192643000,r,1440
5192643000,r,1440
5192644000,r,1440
5192675000,s,1340
5192752000,s,1340
5192834000,s,1340
5192898000,s,1340
5192975000,s,1340
5193038000,s,1340
5193109000,s,1340
5193182000,s,1340
5193274000,s,1340
5193348000,s,1340
5193428000,s,1340
5193503000,s,1340
5193542000,r,1440
5193542000,r,1440
5193543000,r,1440
5193576000,s,1340
5193543000,r,1440
5193543000,r,1440
5193543000,r,1440
5193543000,r,1440
5193543000,r,1440
5193644000,r,1440
5193799000,s,1340
5193895000,s,1340
5193995000,s,1340
5194085000,s,1340
5194167000,s,1340
5194247000,s,1340
5194302000,s,1340
5194368000,s,1340
5194425000,s,1340
5194496000,s,1340
5194500000,r,1440
5194500000,r,1440
5194500000,r,1440
5194500000,r,1440
5194500000,r,1440
5194501000,r,1440
5194572000,s,1340
5194659000,s,1340
5194729000,s,1340
5194795000,s,1340
5194856000,s,1340
5194907000,s,1340
5194969000,s,1340
5195037000,s,1340
5195083000,s,1340
5195126000,s,1340
5195170000,s,1340
5195338000,s,1340
5195390000,s,1340
5195436000,s,1340
5195478000,s,1340
5195521000,s,1340
5195568000,s,1340
5195631000,s,1340
5195697000,s,1340
5195760000,s,1340
5195823000,s,1340
5195890000,s,1340
5195950000,s,1340
5196011000,s,1340
5196074000,s,1340
5196141000,s,1340
5196214000,s,1340
5196279000,s,1340
5196344000,s,1340
5196403000,s,1340
5196481000,s,1340
5196550000,s,1340
5196624000,s,1340
5196689000,s,1340
5196742000,s,1340
5196815000,s,1340
5196885000,s,1340
5196955000,s,1340
5197022000,s,1340
5197131000,r,1440
5197132000,r,1440
5197132000,r,1440
5197132000,r,1440
5197132000,r,1440
5197132000,r,1440
5197132000,r,1440
5197132000,r,1440
5197233000,r,1440
5197233000,r,1440
5197233000,r,1440
5197233000,r,1440
5197234000,r,1440
5197234000,r,1440
5197234000,r,1440
5197234000,r,1440
5197270000,r,1440
5197270000,r,1440
5197270000,r,1440
5197270000,r,1440
5197270000,r,1440
5197270000,r,1440
5197271000,r,1440
5197271000,r,1440
5197305000,r,1440
5197305000,r,1440
5197306000,r,1440
5197306000,r,1440
5197306000,r,1440
5197306000,r,1440
5197306000,r,1440
5197306000,r,1440
5197338000,r,1440
5197338000,r,1440
5197338000,r,1440
5197338000,r,1440
5197393000,r,1440
5197393000,r,1440
5197393000,r,1440
5197393000,r,1440
5197393000,r,1440
5197393000,r,1440
5197534000,s,1340
5197619000,s,1340
5197655000,s,1340
5197853000,s,1340
5197907000,s,1340
5198081000,s,1340
5198207000,s,1340
5198271000,s,1340
5198370000,s,1340
5198470000,s,1340
5198766000,s,1340
5198835000,s,1340
5198957000,s,1340
5199020000,s,1340
5199078000,s,1340
5199132000,s,1340
5199231000,s,1340
5199409000,s,1340
5199446000,s,1340
5199462000,s,1340
5199593000,s,1340
5199635000,s,1340
5199822000,s,1340
5199939000,s,1340
5199986000,s,1340
5200005000,s,1340
5200041000,s,1340
5200091000,s,1340
5200161000,s,1340
5200193000,s,1340
5200235000,s,1340
5200334000,s,1340
5200669000,s,1340
5200714000,s,1340
5201490000,s,1340
5201767000,s,1340
5201810000,s,1340
5201971000,s,1340
5202078000,s,1340
5202166000,s,1340
5202244000,s,1340
5202335000,s,1340
5202432000,s,1340
5202525000,s,1340
5202617000,s,1340
5202710000,s,1340
5202805000,s,1340
5202906000,s,1340
5202998000,s,1340
5203089000,s,1340
5203178000,s,1340
5203264000,s,1340
5203348000,s,1340
5203433000,s,1340
5203517000,s,1340
5203603000,r,1440
5203612000,s,1340
5203603000,r,1440
5203717000,s,1340
5203603000,r,1440
5203603000,r,1440
5203603000,r,1440
5203604000,r,1440
5203814000,s,1340
5203920000,s,1340
5203998000,s,1340
5204091000,s,1340
5204194000,s,1340
5204265000,s,1340
5204362000,s,1340
5204452000,s,1340
5204530000,s,1340
5204616000,s,1340
5204709000,s,1340
5204806000,s,1340
5204903000,s,1340
5204972000,r,1440
5204996000,s,1340
5204972000,r,1440
5204972000,r,1440
5204972000,r,1440
5204972000,r,1440
5204972000,r,1440
5204973000,r,1440
5205068000,s,1340
5205132000,s,1340
5205225000,s,1340
5205344000,s,1340
5205444000,s,1340
5205539000,s,1340
5205693000,s,1340
5205797000,s,1340
5205893000,s,1340
5205996000,s,1340
5206094000,s,1340
5206196000,s,1340
5206383000,s,1340
5206487000,s,1340
5208096000,r,1440
5215430000,r,1440
5215430000,r,1440
5215431000,r,1440
5215567000,s,1340
5215431000,r,1440
5215431000,r,1440
5215431000,r,1440
5215431000,r,1440
5215431000,r,1440
5215970000,s,1340
5216091000,s,1340
5216964000,r,1440
5217386000,r,1440
5219421000,r,1440
5219421000,r,1440
5219752000,s,1340
5225644000,r,1440
5226372000,s,1340
5246685000,s,1340
5385710000,r,1440
5385710000,r,1440
5385710000,r,1440
5385711000,r,1440
5385711000,r,1440
5385711000,r,1440
5385711000,r,1440
5385711000,r,1440
5386237000,r,1440
5386308000,r,1440
5386308000,r,1440
5386308000,r,1440
5386309000,r,1440
5386309000,r,1440
5386309000,r,1440
5386309000,r,1440
5388051000,s,1340
5388383000,s,1340
5388619000,s,1340
5388857000,s,1340
5389067000,s,1340
5389283000,s,1340
5389521000,s,1340
5389846000,s,1340
5390073000,s,1340
5390280000,s,1340
5390506000,s,1340
5390712000,s,1340
5390909000,s,1340
5391109000,s,1340
5391309000,s,1340
5391515000,s,1340
5391793000,s,1340
5392178000,s,1340
5392340000,s,1340
5392495000,s,1340
5392643000,s,1340
5396411000,r,1440
5397981000,r,1440
5397981000,r,1440
5398605000,s,1340
5401107000,s,1340
5402922000,r,1440
5402923000,r,1440
5403637000,s,1340
8203463000,s,1340
10354132000,r,1440
10354133000,r,1440
10354133000,r,1440
10354134000,r,1440
10354134000,r,1440
10354135000,r,1440
10354135000,r,1440
10357807000,s,1340
10358675000,s,1340
10359115000,s,1340
10359370000,s,1340
10359575000,s,1340
10370164000,s,1340
10374162000,r,1440
10380060000,r,1440
10380060000,r,1440
10382102000,s,1340
15474148000,r,1440
15474149000,r,1440
15474149000,r,1440
15474150000,r,1440
15474150000,r,1440
15478904000,s,1340
15479556000,s,1340
15479856000,s,1340
15480078000,s,1340
15480333000,s,1340
15490415000,s,1340
20723775000,s,1340
20762478000,s,1340
20762913000,s,1340
20781726000,r,1440
20794424000,s,1340
20794888000,s,1340
20795180000,s,1340
20795389000,s,1340
20795576000,s,1340
20795897000,s,1340
20796124000,s,1340
20796391000,s,1340
20796640000,s,1340
20797107000,s,1340
20797453000,s,1340
20797776000,s,1340
20798060000,s,1340
20798335000,s,1340
20798625000,s,1340
20798835000,s,1340
20799116000,s,1340
20799394000,s,1340
20799668000,s,1340
20799898000,s,1340
20800162000,s,1340
20800423000,s,1340
20800673000,s,1340
20800938000,s,1340
20801196000,s,1340
20801440000,s,1340
20801794000,s,1340
20802047000,s,1340
20802314000,s,1340
20802578000,s,1340
20802802000,s,1340
20803000000,s,1340
20803176000,s,1340
20803337000,s,1340
20803513000,s,1340
20803681000,s,1340
20803864000,s,1340
20804050000,s,1340
20804221000,s,1340
20804316000,r,1440
20804391000,s,1340
20804317000,r,1440
20804567000,s,1340
20804742000,s,1340
20804933000,s,1340
20805133000,s,1340
20805306000,s,1340
20805497000,s,1340
20805739000,s,1340
20805915000,s,1340
20806086000,s,1340
20806245000,s,1340
20806399000,s,1340
20806555000,s,1340
20806717000,s,1340
20806877000,s,1340
20807031000,s,1340
20807213000,s,1340
20807467000,s,1340
20807646000,s,1340
20807808000,s,1340
20807971000,s,1340
20809691000,r,1440
20809691000,r,1440
20809692000,r,1440
20811396000,r,1440
20811396000,r,1440
20811397000,r,1440
20811397000,r,1440
20812130000,s,1340
20812379000,s,1340
20813756000,r,1440
20813999000,s,1340
20815197000,r,1440
20815404000,s,1340
20815767000,s,1340
20821740000,r,1440
20823450000,s,1340
23318169000,s,1340
23359176000,s,1340
23359639000,s,1340
23717980000,r,1440
23717980000,r,1440
23717981000,r,1440
23717981000,r,1440
23717982000,r,1440
23717982000,r,1440
23723000000,s,1340
23723530000,s,1340
23733709000,r,1440
25709578000,r,1440