0,s,1340
38925000,s,1340
39364000,s,1340
51924000,r,1440
57276000,r,1440
57276000,r,1440
57277000,r,1440
59848000,s,1340
69782000,s,1340
70163000,s,1340
70408000,s,1340
70781000,s,1340
71099000,s,1340
71381000,s,1340
71658000,s,1340
71855000,s,1340
72243000,s,1340
72572000,s,1340
72850000,s,1340
73060000,s,1340
73330000,s,1340
73581000,s,1340
73746000,s,1340
73937000,s,1340
74193000,s,1340
74582000,s,1340
74869000,s,1340
75063000,s,1340
75322000,s,1340
75516000,s,1340
75779000,s,1340
76056000,s,1340
76299000,s,1340
76535000,s,1340
76764000,s,1340
77006000,s,1340
77257000,s,1340
77521000,s,1340
77751000,s,1340
87409000,s,1340
3721974000,s,1340
3722407000,s,1340
3726430000,s,1340
3737546000,r,1440
3739130000,r,1440
3739342000,s,1340
3741292000,s,1340
3741409000,s,1340
3752260000,r,1440
3753958000,r,1440
3753958000,r,1440
3753959000,r,1440
3755122000,s,1340
3755385000,s,1340
3755999000,s,1340
3757000000,s,1340
3757716000,s,1340
3765580000,r,1440
3765581000,r,1440
3767052000,r,1440
3767677000,s,1340
3767821000,s,1340
3768067000,s,1340
3768187000,s,1340
3768290000,s,1340
3768414000,s,1340
3768528000,s,1340
3768642000,s,1340
3768759000,s,1340
3768866000,s,1340
3769152000,s,1340
3769333000,s,1340
3769561000,s,1340
3769707000,s,1340
3770006000,s,1340
3770363000,s,1340
3770535000,s,1340
3770649000,s,1340
3770760000,s,1340
3770879000,s,1340
3770996000,s,1340
3771155000,s,1340
3771360000,s,1340
3771486000,s,1340
3771598000,s,1340
3771793000,s,1340
3772053000,s,1340
3772177000,s,1340
3772300000,s,1340
3772410000,s,1340
3772614000,s,1340
3772893000,s,1340
3773013000,s,1340
3773111000,s,1340
3773246000,s,1340
3773494000,s,1340
3773617000,s,1340
3773821000,s,1340
3774008000,s,1340
3774129000,s,1340
3774335000,s,1340
3774545000,s,1340
3774648000,s,1340
3774836000,s,1340
3775010000,s,1340
3775163000,s,1340
3775463000,s,1340
3775634000,s,1340
3775793000,s,1340
3775908000,s,1340
3776746000,r,1440
3776768000,s,1340
3776952000,s,1340
3777512000,s,1340
3777637000,s,1340
3782041000,r,1440
3782041000,r,1440
3782042000,r,1440
3782042000,r,1440
3782042000,r,1440
3782042000,r,1440
3782042000,r,1440
3782043000,r,1440
3782233000,r,1440
3782867000,s,1340
3783075000,r,1440
3783075000,r,1440
3783141000,s,1340
3783276000,s,1340
3783385000,s,1340
3783509000,s,1340
3786454000,r,1440
3786498000,r,1440
3786800000,s,1340
3786978000,s,1340
3787872000,s,1340
3788246000,s,1340
3792959000,r,1440
3793049000,s,1340
3792959000,r,1440
3792960000,r,1440
3792960000,r,1440
3792960000,r,1440
3792960000,r,1440
3792960000,r,1440
3792960000,r,1440
3793130000,r,1440
3793131000,r,1440
3793131000,r,1440
3793638000,s,1340
3793713000,s,1340
3793749000,s,1340
3793767000,s,1340
3793927000,s,1340
3794010000,s,1340
3794036000,s,1340
3794054000,s,1340
3794081000,s,1340
3794171000,s,1340
3794205000,s,1340
3794230000,s,1340
3794247000,s,1340
3801851000,r,1440
3801851000,r,1440
3802482000,r,1440
3802877000,s,1340
3804043000,s,1340
3805092000,r,1440
3805092000,r,1440
3805600000,s,1340
3817280000,s,1340
3817579000,s,1340
3821173000,r,1440
3821173000,r,1440
3821174000,r,1440
3821174000,r,1440
3821174000,r,1440
3821174000,r,1440
3821804000,s,1340
3821905000,s,1340
3822360000,s,1340
3824751000,s,1340
3827441000,s,1340
3829342000,r,1440
3829342000,r,1440
3829342000,r,1440
3829703000,r,1440
3829959000,s,1340
3832461000,r,1440
3832461000,r,1440
3832461000,r,1440
3832461000,r,1440
3832461000,r,1440
3833181000,r,1440
3833188000,s,1340
3833181000,r,1440
3833239000,s,1340
3833182000,r,1440
3833182000,r,1440
3833182000,r,1440
3833255000,s,1340
3833182000,r,1440
3833182000,r,1440
3833182000,r,1440
3833279000,r,1440
3833279000,r,1440
3833599000,s,1340
3834527000,s,1340
3834599000,s,1340
3834836000,s,1340
3834850000,s,1340
3834860000,s,1340
3834869000,s,1340
3834878000,s,1340
3834886000,s,1340
3834896000,s,1340
3834904000,s,1340
3834919000,s,1340
3834937000,s,1340
3834998000,s,1340
3835199000,r,1440
3835199000,r,1440
3835199000,r,1440
3835199000,r,1440
3835199000,r,1440
3835199000,r,1440
3835711000,s,1340
3835758000,r,1440
3835831000,s,1340
3835933000,s,1340
3836038000,s,1340
3836130000,s,1340
3836216000,s,1340
3836295000,s,1340
3836373000,s,1340
3836454000,s,1340
3836531000,s,1340
3838469000,r,1440
3838865000,r,1440
3839183000,r,1440
3839493000,s,1340
3842271000,s,1340
3842349000,s,1340
3842373000,s,1340
3842385000,s,1340
3842397000,s,1340
3842475000,r,1440
3842475000,r,1440
3842664000,s,1340
3842811000,s,1340
3843001000,r,1440
3843001000,r,1440
3843654000,s,1340
3843729000,r,1440
3843729000,r,1440
3843804000,s,1340
3843834000,s,1340
3843888000,s,1340
3843999000,s,1340
3844097000,s,1340
3845744000,r,1440
3846237000,s,1340
3846332000,s,1340
3846512000,s,1340
3846586000,s,1340
3846633000,s,1340
3847305000,s,1340
3848578000,s,1340
3848655000,s,1340
3849882000,s,1340
3850036000,s,1340
3850130000,s,1340
3850337000,s,1340
3850561000,s,1340
3850718000,s,1340
3850780000,r,1440
3850791000,s,1340
3850780000,r,1440
3850911000,s,1340
3851132000,s,1340
3851393000,s,1340
3851477000,s,1340
3851638000,s,1340
3851802000,s,1340
3851994000,s,1340
3852060000,r,1440
3852060000,r,1440
3852060000,r,1440
3852139000,s,1340
3852216000,s,1340
3852283000,s,1340
3852606000,s,1340
3853801000,r,1440
3853802000,r,1440
3853802000,r,1440
3853802000,r,1440
3854408000,s,1340
3854588000,s,1340
3854675000,s,1340
3854743000,s,1340
3854806000,s,1340
3855080000,s,1340
3855704000,s,1340
3865300000,s,1340
3878496000,r,1440
3878496000,r,1440
3878496000,r,1440
3878753000,r,1440
3879843000,r,1440
3879843000,r,1440
3880091000,s,1340
3880367000,s,1340
3881741000,r,1440
3881741000,r,1440
3881741000,r,1440
3881741000,r,1440
3881741000,r,1440
3882718000,s,1340
3883843000,s,1340
3884001000,s,1340
3886902000,s,1340
3893447000,r,1440
3893447000,r,1440
3893448000,r,1440
3893448000,r,1440
3893448000,r,1440
3893448000,r,1440
3893448000,r,1440
3893448000,r,1440
3893617000,r,1440
3893855000,s,1340
3894073000,s,1340
3894425000,s,1340
3894596000,s,1340
3894701000,s,1340
3894769000,s,1340
3894869000,s,1340
3894968000,s,1340
3895067000,s,1340
3895166000,s,1340
3895439000,s,1340
3895556000,s,1340
3895652000,s,1340
3895755000,s,1340
3896038000,s,1340
3896129000,s,1340
3896306000,s,1340
3896453000,s,1340
3896773000,s,1340
3897041000,s,1340
3897446000,s,1340
3897697000,s,1340
3897811000,s,1340
3897894000,s,1340
3897974000,s,1340
3898233000,s,1340
3899593000,s,1340
3899721000,s,1340
3899908000,s,1340
3900112000,s,1340
3900201000,s,1340
3900331000,s,1340
3900392000,s,1340
3901211000,s,1340
3901838000,s,1340
3902005000,s,1340
3902397000,s,1340
3902537000,s,1340
3902613000,s,1340
3902947000,r,1440
3903108000,s,1340
3903251000,s,1340
3903386000,s,1340
3903519000,s,1340
3905683000,r,1440
3905683000,r,1440
3905683000,r,1440
3906066000,s,1340
3906190000,s,1340
3906713000,s,1340
3907661000,r,1440
3907661000,r,1440
3907661000,r,1440
3907662000,r,1440
3907662000,r,1440
3907662000,r,1440
3907662000,r,1440
3907662000,r,1440
3908557000,s,1340
3909444000,s,1340
3909542000,s,1340
3909603000,r,1440
3909604000,r,1440
3909604000,r,1440
3909604000,r,1440
3909722000,s,1340
3909805000,s,1340
3909876000,s,1340
3909946000,s,1340
3910026000,s,1340
3910080000,s,1340
3910238000,s,1340
3910316000,s,1340
3910344000,s,1340
3910667000,s,1340
3910721000,s,1340
3910802000,s,1340
3910837000,s,1340
3911006000,s,1340
3911105000,s,1340
3911291000,s,1340
3911547000,s,1340
3911627000,s,1340
3911692000,s,1340
3911752000,s,1340
3911984000,r,1440
3912284000,s,1340
3912373000,s,1340
3912508000,s,1340
3912587000,s,1340
3912628000,s,1340
3912969000,s,1340
3913069000,s,1340
3913139000,s,1340
3913208000,s,1340
3913383000,s,1340
3913564000,s,1340
3913660000,s,1340
3914249000,r,1440
3914416000,s,1340
3914502000,s,1340
3918460000,r,1440
3918460000,r,1440
3918460000,r,1440
3919141000,r,1440
3919198000,s,1340
3919318000,s,1340
3919428000,s,1340
3919526000,s,1340
3919620000,s,1340
3919712000,s,1340
3919810000,s,1340
3920492000,r,1440
3927690000,r,1440
3928546000,r,1440
3929092000,s,1340
3929343000,s,1340
3932642000,s,1340
3942113000,r,1440
3942114000,r,1440
3942114000,r,1440
3942114000,r,1440
3942114000,r,1440
3943071000,s,1340
3943221000,r,1440
3943288000,s,1340
3946476000,r,1440
3947476000,r,1440
3947477000,r,1440
3947993000,s,1340
3948215000,s,1340
3948360000,s,1340
3949763000,r,1440
3949763000,r,1440
3949764000,r,1440
3949764000,r,1440
3949764000,r,1440
3949764000,r,1440
3949764000,r,1440
3949764000,r,1440
3949824000,r,1440
3949824000,r,1440
3949824000,r,1440
3949824000,r,1440
3949824000,r,1440
3949825000,r,1440
3949825000,r,1440
3949825000,r,1440
3950539000,s,1340
3950590000,s,1340
3950770000,s,1340
3950911000,s,1340
3951027000,s,1340
3951140000,s,1340
3951311000,s,1340
3951631000,s,1340
3951746000,s,1340
3951853000,s,1340
3951957000,s,1340
3952070000,s,1340
3952183000,s,1340
3952300000,s,1340
3952442000,s,1340
3952586000,s,1340
3952698000,s,1340
3952799000,s,1340
3952892000,s,1340
3952966000,s,1340
3953041000,s,1340
3953119000,s,1340
3953195000,s,1340
3953275000,s,1340
3953356000,s,1340
3953432000,s,1340
3953510000,s,1340
3953586000,s,1340
3953664000,s,1340
3953742000,s,1340
3953823000,s,1340
3953904000,s,1340
3953983000,s,1340
3954060000,s,1340
3954135000,s,1340
3955440000,s,1340
3955536000,s,1340
3955541000,r,1440
3955619000,s,1340
3955541000,r,1440
3955541000,r,1440
3955542000,r,1440
3955542000,r,1440
3955542000,r,1440
3955542000,r,1440
3955542000,r,1440
3955662000,r,1440
3955662000,r,1440
3955662000,r,1440
3955662000,r,1440
3955662000,r,1440
3955662000,r,1440
3955663000,r,1440
3955663000,r,1440
3955695000,r,1440
3955695000,r,1440
3955696000,r,1440
3955696000,r,1440
3955705000,s,1340
3955696000,r,1440
3955696000,r,1440
3955696000,r,1440
3955696000,r,1440
3955846000,s,1340
3955890000,s,1340
3955903000,s,1340
3955957000,s,1340
3955969000,s,1340
3955977000,s,1340
3955984000,s,1340
3955991000,s,1340
3956039000,s,1340
3956068000,s,1340
3956227000,s,1340
3956320000,s,1340
3956400000,s,1340
3956480000,s,1340
3956554000,s,1340
3956633000,s,1340
3956709000,s,1340
3956800000,s,1340
3956891000,s,1340
3956972000,s,1340
3957051000,s,1340
3957112000,s,1340
3957166000,s,1340
3957220000,s,1340
3957270000,s,1340
3957316000,s,1340
3957361000,s,1340
3957403000,s,1340
3957449000,s,1340
3957495000,s,1340
3957545000,s,1340
3957595000,s,1340
3957643000,s,1340
3957693000,s,1340
3957742000,s,1340
3957785000,s,1340
3958484000,s,1340
3958718000,r,1440
3958720000,s,1340
3958924000,s,1340
3958965000,s,1340
3959046000,s,1340
3959136000,s,1340
3959238000,s,1340
3959312000,s,1340
3960063000,r,1440
3960063000,r,1440
3960064000,r,1440
3960408000,s,1340
3960441000,s,1340
3960481000,s,1340
3960490000,s,1340
3962272000,s,1340
3962303000,s,1340
3965826000,r,1440
3965918000,s,1340
3965826000,r,1440
3965826000,r,1440
3965826000,r,1440
3965827000,r,1440
3965827000,r,1440
3965827000,r,1440
3965827000,r,1440
3965974000,r,1440
3965974000,r,1440
3965974000,r,1440
3965974000,r,1440
3965974000,r,1440
3965974000,r,1440
3965974000,r,1440
3966682000,s,1340
3966762000,s,1340
3966809000,s,1340
3966841000,s,1340
3966852000,s,1340
3966859000,s,1340
3966982000,s,1340
3967166000,s,1340
3967339000,s,1340
3970319000,s,1340
3978132000,s,1340
3986021000,r,1440
3986210000,r,1440
3986210000,r,1440
3987103000,s,1340
3987235000,s,1340
3987411000,s,1340
3989782000,r,1440
3989782000,r,1440
3991631000,r,1440
3991894000,s,1340
3993266000,r,1440
3993266000,r,1440
3993266000,r,1440
3993267000,r,1440
3993645000,s,1340
3994120000,s,1340
3994455000,r,1440
3994455000,r,1440
3995106000,s,1340
3995198000,s,1340
3995403000,s,1340
3995412000,r,1440
3995474000,s,1340
3995576000,s,1340
3995636000,s,1340
3996342000,r,1440
3996424000,s,1340
3996763000,s,1340
3996800000,s,1340
3997356000,s,1340
3997453000,r,1440
3997534000,s,1340
3997565000,s,1340
3997608000,s,1340
3997628000,s,1340
3997641000,s,1340
3997665000,s,1340
3998161000,s,1340
3998373000,s,1340
3998523000,s,1340
3998605000,s,1340
3998743000,s,1340
3998894000,s,1340
3999100000,s,1340
3999243000,s,1340
3999402000,s,1340
3999577000,s,1340
3999728000,s,1340
3999879000,r,1440
3999902000,s,1340
4000017000,s,1340
4000167000,s,1340
4000302000,s,1340
4000367000,s,1340
4000440000,s,1340
4000560000,s,1340
4000748000,s,1340
4000785000,s,1340
4001340000,s,1340
4001406000,s,1340
4001687000,s,1340
4001827000,s,1340
4001926000,s,1340
4002016000,s,1340
4002410000,s,1340
4002421000,r,1440
4002480000,s,1340
4002421000,r,1440
4002421000,r,1440
4002422000,r,1440
4002422000,r,1440
4002422000,r,1440
4002667000,s,1340
4002734000,s,1340
4002870000,s,1340
4002941000,s,1340
4002994000,s,1340
4003040000,s,1340
4003099000,s,1340
4003107000,r,1440
4003139000,s,1340
4003107000,r,1440
4003107000,r,1440
4003108000,r,1440
4003108000,r,1440
4003108000,r,1440
4003108000,r,1440
4003108000,r,1440
4003187000,r,1440
4003195000,s,1340
4003236000,s,1340
4003371000,s,1340
4003469000,s,1340
4003500000,s,1340
4003515000,s,1340
4003526000,s,1340
4003610000,s,1340
4003640000,s,1340
4003653000,s,1340
4003662000,s,1340
4003743000,s,1340
4003821000,s,1340
4003899000,s,1340
4003947000,s,1340
4004058000,r,1440
4004058000,r,1440
4004058000,r,1440
4004058000,r,1440
4004209000,s,1340
4004272000,s,1340
4004323000,s,1340
4004392000,s,1340
4004459000,s,1340
4004518000,s,1340
4004573000,s,1340
4004776000,s,1340
4004851000,s,1340
4004915000,s,1340
4004975000,s,1340
4005113000,s,1340
4005241000,s,1340
4008084000,r,1440
4008084000,r,1440
4008084000,r,1440
4008084000,r,1440
4008085000,r,1440
4008085000,r,1440
4008085000,r,1440
4008085000,r,1440
4008172000,r,1440
4008172000,r,1440
4008172000,r,1440
4008173000,r,1440
4008394000,s,1340
4008573000,s,1340
4008587000,s,1340
4008975000,s,1340
4009022000,r,1440
4009022000,r,1440
4009022000,r,1440
4009022000,r,1440
4009022000,r,1440
4009022000,r,1440
4009022000,r,1440
4009022000,r,1440
4009081000,r,1440
4009185000,s,1340
4009204000,r,1440
4009204000,r,1440
4009204000,r,1440
4009258000,s,1340
4009322000,s,1340
4009383000,s,1340
4009417000,r,1440
4009418000,r,1440
4009418000,r,1440
4009496000,s,1340
4009616000,s,1340
4009706000,s,1340
4009784000,s,1340
4009868000,s,1340
4009946000,s,1340
4010036000,s,1340
4010119000,s,1340
4010195000,s,1340
4010278000,s,1340
4010364000,s,1340
4010479000,s,1340
4010568000,s,1340
4010643000,s,1340
4010719000,s,1340
4010763000,r,1440
4010788000,s,1340
4010763000,r,1440
4010763000,r,1440
4010763000,r,1440
4010763000,r,1440
4010763000,r,1440
4010763000,r,1440
4010763000,r,1440
4010824000,r,1440
4010824000,r,1440
4010824000,r,1440
4010824000,r,1440
4010824000,r,1440
4010868000,s,1340
4010976000,s,1340
4011057000,s,1340
4011137000,s,1340
4011222000,s,1340
4011301000,s,1340
4011377000,s,1340
4011453000,s,1340
4011533000,s,1340
4011610000,s,1340
4011661000,s,1340
4011705000,s,1340
4011751000,s,1340
4011794000,s,1340
4011838000,s,1340
4011887000,s,1340
4011935000,s,1340
4012112000,s,1340
4012229000,s,1340
4012290000,s,1340
4012820000,s,1340
4013014000,s,1340
4013107000,s,1340
4013253000,s,1340
4013338000,s,1340
4013590000,s,1340
4013639000,s,1340
4013711000,s,1340
4013951000,s,1340
4014078000,s,1340
4014560000,s,1340
4014674000,s,1340
4015785000,s,1340
4015886000,s,1340
4016061000,s,1340
4016237000,s,1340
4016429000,s,1340
4016609000,s,1340
4016693000,s,1340
4016871000,s,1340
4017025000,s,1340
4017222000,s,1340
4017264000,s,1340
4017372000,r,1440
4017372000,r,1440
4017372000,r,1440
4017372000,r,1440
4017372000,r,1440
4017372000,r,1440
4017372000,r,1440
4017373000,r,1440
4017454000,r,1440
4017454000,r,1440
4017455000,r,1440
4017455000,r,1440
4017455000,r,1440
4017687000,s,1340
4017846000,s,1340
4017939000,s,1340
4018002000,s,1340
4018057000,s,1340
4018106000,s,1340
4018218000,s,1340
4018312000,s,1340
4018332000,r,1440
4018361000,s,1340
4018332000,r,1440
4018332000,r,1440
4018333000,r,1440
4018333000,r,1440
4018333000,r,1440
4018333000,r,1440
4018333000,r,1440
4018410000,r,1440
4018410000,r,1440
4018410000,r,1440
4018410000,r,1440
4018410000,r,1440
4018410000,r,1440
4018410000,r,1440
4018981000,r,1440
4018981000,r,1440
4018981000,r,1440
4018981000,r,1440
4018981000,r,1440
4018981000,r,1440
4019213000,r,1440
4019214000,r,1440
4019214000,r,1440
4019214000,r,1440
4019214000,r,1440
4019214000,r,1440
4019383000,s,1340
4019429000,s,1340
4019441000,s,1340
4019448000,s,1340
4019454000,s,1340
4019460000,s,1340
4019466000,s,1340
4019472000,s,1340
4019536000,s,1340
4019665000,s,1340
4019864000,s,1340
4019937000,s,1340
4019986000,s,1340
4020098000,s,1340
4020144000,s,1340
4020264000,s,1340
4020315000,s,1340
4020364000,s,1340
4020412000,s,1340
4020459000,s,1340
4020726000,s,1340
4020779000,s,1340
4020966000,r,1440
4020966000,r,1440
4020966000,r,1440
4020966000,r,1440
4020967000,r,1440
4020967000,r,1440
4020967000,r,1440
4020967000,r,1440
4021039000,r,1440
4021039000,r,1440
4021039000,r,1440
4021039000,r,1440
4021040000,r,1440
4021040000,r,1440
4021040000,r,1440
4021040000,r,1440
4021082000,r,1440
4021082000,r,1440
4021082000,r,1440
4021082000,r,1440
4021082000,r,1440
4021100000,s,1340
4021241000,s,1340
4021269000,s,1340
4021359000,s,1340
4021439000,s,1340
4021470000,s,1340
4021510000,s,1340
4021525000,s,1340
4021534000,s,1340
4021541000,s,1340
4021552000,s,1340
4021560000,s,1340
4021568000,s,1340
4021577000,s,1340
4021598000,s,1340
4021756000,s,1340
4021838000,s,1340
4021930000,s,1340
4021983000,s,1340
4021982000,r,1440
4022029000,s,1340
4021983000,r,1440
4021983000,r,1440
4021983000,r,1440
4021983000,r,1440
4021983000,r,1440
4022071000,s,1340
4022111000,s,1340
4022155000,s,1340
4022199000,s,1340
4022246000,s,1340
4022294000,s,1340
4022371000,s,1340
4022417000,s,1340
4022506000,s,1340
4022562000,s,1340
4022614000,s,1340
4022662000,s,1340
4023040000,s,1340
4023979000,r,1440
4023979000,r,1440
4023979000,r,1440
4023979000,r,1440
4023979000,r,1440
4023979000,r,1440
4023979000,r,1440
4023979000,r,1440
4024066000,r,1440
4024939000,s,1340
4024981000,s,1340
4025619000,r,1440
4025620000,r,1440
4025620000,r,1440
4025670000,s,1340
4025620000,r,1440
4025620000,r,1440
4025620000,r,1440
4025620000,r,1440
4025620000,r,1440
4025696000,r,1440
4025697000,r,1440
4025703000,s,1340
4025697000,r,1440
4025697000,r,1440
4025697000,r,1440
4025697000,r,1440
4025697000,r,1440
4025697000,r,1440
4025728000,r,1440
4025729000,r,1440
4025729000,r,1440
4025729000,r,1440
4025729000,r,1440
4025729000,r,1440
4025729000,r,1440
4025729000,r,1440
4025758000,r,1440
4025758000,r,1440
4025758000,r,1440
4025935000,s,1340
4026058000,s,1340
4026119000,s,1340
4026225000,s,1340
4026319000,s,1340
4026519000,s,1340
4026649000,s,1340
4026727000,s,1340
4026794000,r,1440
4026794000,r,1440
4026794000,r,1440
4026795000,r,1440
4026795000,r,1440
4026795000,r,1440
4026947000,s,1340
4026985000,s,1340
4027012000,s,1340
4027021000,s,1340
4027068000,s,1340
4027106000,s,1340
4027118000,s,1340
4027146000,s,1340
4027315000,s,1340
4027364000,s,1340
4027483000,s,1340
4027538000,s,1340
4027666000,s,1340
4027749000,s,1340
4027864000,s,1340
4027939000,s,1340
4028006000,s,1340
4028056000,s,1340
4028127000,s,1340
4028195000,s,1340
4028332000,s,1340
4028663000,s,1340
4028709000,s,1340
4028811000,s,1340
4029000000,s,1340
4029129000,s,1340
4032304000,r,1440
4032304000,r,1440
4032304000,r,1440
4032305000,r,1440
4032305000,r,1440
4032305000,r,1440
4032945000,s,1340
4033041000,s,1340
4033116000,s,1340
4033184000,s,1340
4034200000,s,1340
4034366000,s,1340
4034535000,s,1340
4034647000,s,1340
4034745000,s,1340
4034833000,s,1340
4034922000,s,1340
4035039000,s,1340
4035129000,s,1340
4035231000,s,1340
4035287000,s,1340
4036576000,s,1340
4036760000,s,1340
4036849000,s,1340
4036916000,s,1340
4037012000,s,1340
4037164000,s,1340
4037240000,s,1340
4037399000,s,1340
4037601000,s,1340
4037677000,s,1340
4037753000,s,1340
4037821000,s,1340
4037986000,s,1340
4038087000,s,1340
4038279000,s,1340
4038381000,s,1340
4038569000,s,1340
4038697000,s,1340
4038869000,s,1340
4038927000,s,1340
4038945000,r,1440
4038945000,r,1440
4038945000,r,1440
4038945000,r,1440
4039050000,s,1340
4039155000,s,1340
4039241000,s,1340
4039291000,s,1340
4039374000,s,1340
4039432000,s,1340
4039492000,s,1340
4039593000,s,1340
4039619000,s,1340
4039900000,s,1340
4040005000,s,1340
4040127000,s,1340
4040245000,s,1340
4040354000,s,1340
4040485000,s,1340
4040552000,s,1340
4041006000,s,1340
4041152000,s,1340
4041216000,s,1340
4041334000,s,1340
4041463000,s,1340
4041548000,s,1340
4041798000,s,1340
4042104000,s,1340
4042242000,s,1340
4042338000,s,1340
4042408000,s,1340
4042482000,s,1340
4042794000,s,1340
4042919000,s,1340
4043122000,s,1340
4043191000,s,1340
4043331000,s,1340
4043457000,s,1340
4043459000,r,1440
4043459000,r,1440
4043459000,r,1440
4043589000,s,1340
4043681000,s,1340
4043721000,s,1340
4043902000,s,1340
4046139000,r,1440
4046140000,r,1440
4046140000,r,1440
4046140000,r,1440
4046140000,r,1440
4046140000,r,1440
4046493000,r,1440
4046493000,r,1440
4046493000,r,1440
4046493000,r,1440
4046493000,r,1440
4046494000,r,1440
4046954000,r,1440
4046975000,s,1340
4046955000,r,1440
4046955000,r,1440
4047081000,s,1340
4047149000,s,1340
4047229000,s,1340
4047312000,s,1340
4047386000,s,1340
4047453000,s,1340
4047521000,s,1340
4047588000,s,1340
4047658000,s,1340
4047727000,s,1340
4047797000,s,1340
4048113000,r,1440
4048114000,r,1440
4048114000,r,1440
4048114000,r,1440
4048114000,r,1440
4048114000,r,1440
4048114000,r,1440
4048114000,r,1440
4048159000,r,1440
4048159000,r,1440
4048159000,r,1440
4048159000,r,1440
4048428000,r,1440
4048428000,r,1440
4048428000,r,1440
4048655000,s,1340
4048820000,s,1340
4048903000,s,1340
4048970000,s,1340
4049109000,s,1340
4049332000,s,1340
4049463000,s,1340
4049541000,s,1340
4049614000,r,1440
4049614000,r,1440
4049615000,r,1440
4049615000,r,1440
4049615000,r,1440
4049615000,r,1440
4049615000,r,1440
4049615000,r,1440
4049683000,r,1440
4049801000,s,1340
4049936000,s,1340
4049953000,s,1340
4050176000,s,1340
4050207000,r,1440
4050256000,s,1340
4050296000,s,1340
4050317000,s,1340
4053714000,r,1440
4053714000,r,1440
4054241000,s,1340
4057418000,r,1440
4057418000,r,1440
4057698000,s,1340
4058376000,r,1440
4058705000,s,1340
4059842000,s,1340
4060803000,r,1440
4060803000,r,1440
4060803000,r,1440
4061175000,s,1340
4065866000,r,1440
4065866000,r,1440
4066431000,s,1340
4067710000,r,1440
4067710000,r,1440
4067973000,s,1340
4070151000,r,1440
4070151000,r,1440
4087057000,s,1340
5111017000,r,1440
5111018000,r,1440
5111018000,r,1440
5111019000,r,1440
5111019000,r,1440
5111020000,r,1440
5111020000,r,1440
5111021000,r,1440
5111707000,r,1440
5111707000,r,1440
5116170000,s,1340
5116532000,s,1340
5116674000,s,1340
5116801000,s,1340
5116925000,s,1340
5117153000,s,1340
5117297000,s,1340
5125604000,s,1340
5127116000,r,1440
5127740000,r,1440
9106751000,r,1440
9106751000,r,1440
9106752000,r,1440
9106752000,r,1440
9106753000,r,1440
9106753000,r,1440
9106754000,r,1440
9106754000,r,1440
9107403000,r,1440
9107404000,r,1440
9107404000,r,1440
9107405000,r,1440
9107405000,r,1440
9107405000,r,1440
9109984000,s,1340
9110772000,s,1340
9111099000,s,1340
9111308000,s,1340
9111579000,s,1340
9120432000,s,1340
9120929000,r,1440
9120929000,r,1440
9121975000,r,1440
9123317000,s,1340
12585109000,r,1440
12585110000,r,1440
12588433000,s,1340
12598562000,s,176
12610851000,r,120
12619546000,s,1340
14942683000,r,1440
14942684000,r,1440
14945449000,s,1340
15030052000,r,1440
15030052000,r,1440
15030053000,r,1440
15030053000,r,1440
15030054000,r,1440
15032670000,s,1340
15033569000,s,1340
15033939000,s,1340
15034760000,s,1340
15035009000,s,1340
15035328000,s,1340
15035545000,s,1340
15035852000,s,1340
15036121000,s,1340
15036399000,s,1340
15036619000,s,1340
15036843000,s,1340
15037135000,s,1340
15038120000,s,1340
15038658000,s,1340
15038938000,s,1340
15039236000,s,1340
15039548000,s,1340
15039844000,s,1340
15040152000,s,1340
15040431000,s,1340
15040709000,s,1340
15040988000,s,1340
15041280000,s,1340
15041580000,s,1340
15041855000,s,1340
15042173000,s,1340
15042581000,s,1340
15042863000,s,1340
15043148000,s,1340
15043446000,s,1340
15043726000,s,1340
15043995000,s,1340
15044285000,s,1340
15044369000,r,1440
15044370000,r,1440
15044574000,s,1340
15044848000,s,1340
15045243000,r,1440
15045343000,s,1340
15045675000,s,1340
15046012000,s,1340
15046293000,r,1440
15046294000,r,1440
15046319000,s,1340
15046294000,r,1440
15046773000,s,1340
15047104000,s,1340
15047655000,s,1340
15048000000,s,1340
15048312000,s,1340
15048653000,s,1340
15048974000,s,1340
15049280000,s,1340
15049624000,r,1440
15049804000,s,1340
15050108000,s,1340
15050399000,s,1340
15050928000,s,1340
15051203000,s,1340
15052109000,s,1340
15053890000,s,1340
15054206000,s,1340
15054589000,s,1340
15054863000,s,1340
15055136000,s,1340
15055374000,s,1340
15055615000,s,1340
15055844000,s,1340
15056101000,s,1340
15056340000,s,1340
15056577000,s,1340
15056832000,s,1340
15057090000,s,1340
15057325000,s,1340
15057557000,s,1340
15057786000,s,1340
15058025000,s,1340
15058277000,s,1340
15058839000,s,1340
15059658000,s,1340
15059969000,s,1340
15060253000,s,1340
15060487000,s,1340
15060723000,s,1340
15060967000,s,1340
15061200000,s,1340
15061721000,s,1340
15061985000,s,1340
15062229000,s,1340
15062605000,s,1340
15062867000,s,1340
15063115000,s,1340
15063351000,s,1340
15063602000,s,1340
15063841000,s,1340
15064064000,s,1340
17298904000,r,1440
17298904000,r,1440
17298905000,r,1440
17298905000,r,1440
17302012000,s,1340
17302430000,s,1340
18059002000,s,1340
18096960000,s,1340
18097380000,s,1340
22678673000,r,1440
22678674000,r,1440
22678674000,r,1440
22678675000,r,1440
22681473000,s,1340
22692172000,r,1440
22692172000,r,1440
22692851000,r,1440
22694594000,s,1340
22694955000,s,1340
22705729000,r,1440
22705730000,r,1440
22710932000,r,1440
22710933000,r,1440
22713367000,s,1340
22713716000,s,1340
22935820000,s,1340
26190062000,s,1340