0,s,124
30673000,s,124
31082000,s,124
31122000,s,176
31127000,s,124
31130000,s,156
31133000,s,156
37185000,s,156
53346000,r,156
53346000,r,172
53346000,r,120
53347000,r,124
55735000,s,124
60442000,s,60
62401000,s,1340
62554000,s,716
73043000,r,124
74651000,r,364
75665000,s,124
77750000,s,188
79430000,s,204
81058000,s,652
89557000,r,204
89743000,r,172
91240000,s,124
91806000,s,156
101195000,r,188
101362000,r,124
117097000,r,1340
117097000,r,1340
117097000,r,1340
117098000,r,1340
117098000,r,1340
118783000,r,1340
118783000,r,1340
118784000,r,1340
118784000,r,1340
118785000,r,188
119447000,s,124
120683000,s,124
120847000,s,124
121197000,s,124
121673000,s,124
123389000,s,1340
124331000,s,1340
125393000,s,172
140035000,r,1372
140035000,r,1372
144958000,s,1340
145054000,s,188
146155000,s,316
146545000,s,396
152759000,s,476
153370000,s,364
158453000,s,140
158554000,s,140
158806000,s,140
162374000,s,156
163394000,r,124
163418000,s,156
163394000,r,124
164325000,s,156
164589000,r,124
164589000,r,156
168682000,r,236
170522000,r,1340
170522000,r,1340
170522000,r,380
170523000,r,332
170523000,r,396
171529000,s,124
172967000,r,1340
172967000,r,1340
172967000,r,1340
172967000,r,1340
172967000,r,1340
172967000,r,1340
172967000,r,1340
172968000,r,1340
173043000,r,1340
173043000,r,1340
173043000,r,1340
173043000,r,1340
173044000,r,1340
173044000,r,1340
173044000,r,1340
173044000,r,1340
173076000,r,204
173490000,s,124
173550000,s,124
173571000,s,124
173582000,s,124
173590000,s,124
173865000,s,124
173898000,s,124
173958000,s,124
180629000,r,252
180629000,r,252
182890000,s,140
183726000,r,1180
184400000,s,124
193524000,r,188
197857000,s,1340
198043000,s,1340
198259000,s,172
198759000,s,972
209380000,s,140
222898000,r,140
222898000,r,1340
230732000,r,1340
230732000,r,396
231300000,s,316
231620000,r,1036
231620000,r,124
235218000,s,1340
236116000,s,172
236641000,s,124
247023000,r,364
257502000,r,1340
257503000,r,1340
257503000,r,1340
257503000,r,1340
257503000,r,1340
257503000,r,1340
257503000,r,1340
257503000,r,1340
257696000,r,1340
257696000,r,1340
257696000,r,1340
257696000,r,1340
257696000,r,1340
257696000,r,1340
257696000,r,1340
257696000,r,1340
257736000,r,1340
257736000,r,1340
257736000,r,1340
257736000,r,1340
257737000,r,1340
257737000,r,1340
257737000,r,1340
257737000,r,1340
257772000,r,1340
257772000,r,1340
257772000,r,1340
257772000,r,1340
257772000,r,1340
257772000,r,1340
257772000,r,1340
257773000,r,1340
257801000,r,1340
257801000,r,1340
258224000,r,1340
258224000,r,1340
258224000,r,1340
258224000,r,1340
258224000,r,1340
258224000,r,1340
258647000,s,124
259163000,s,124
259552000,s,124
259788000,s,124
259976000,s,124
260061000,r,220
260061000,r,124
260321000,s,124
260596000,s,124
260701000,r,236
260807000,s,124
261131000,s,124
261434000,s,124
261693000,s,124
261957000,s,124
262383000,s,124
262529000,s,124
263245000,s,124
263389000,s,124
264066000,s,124
264217000,s,124
264263000,s,124
264301000,s,124
265551000,s,140
266813000,s,124
270420000,s,124
272482000,r,1340
272482000,r,1340
272482000,r,1340
272482000,r,1340
272482000,r,1340
272483000,r,1340
272483000,r,1340
272483000,r,1340
272607000,r,1340
272608000,r,1340
272608000,r,1340
272608000,r,1340
272608000,r,1340
272608000,r,1340
272608000,r,1340
272608000,r,1340
272648000,r,1340
272648000,r,1340
272648000,r,1340
272648000,r,1340
272648000,r,1340
272648000,r,1340
272648000,r,1340
272649000,r,1340
272686000,r,1340
272686000,r,1340
272686000,r,1340
272686000,r,1340
272686000,r,1340
272686000,r,1340
272686000,r,1340
272687000,r,1340
272718000,r,1340
272719000,r,1340
272719000,r,1340
272719000,r,1340
272719000,r,1340
273069000,s,124
273122000,s,124
273149000,s,124
273642000,s,124
273823000,s,124
274075000,r,1340
274075000,r,1340
274075000,r,1340
274075000,r,1340
274075000,r,1340
274076000,r,236
274076000,r,1340
274116000,s,124
274076000,r,1340
274131000,r,300
274264000,s,124
274403000,s,124
274539000,s,124
274671000,s,124
274794000,s,124
274921000,s,124
275046000,s,124
275229000,s,124
275355000,s,124
275482000,s,124
275592000,s,124
275708000,s,124
275819000,s,124
275942000,s,124
276052000,s,124
276361000,s,284
276420000,s,124
276616000,s,124
281134000,r,124
281838000,s,124
282369000,s,1340
282437000,s,764
292526000,r,124
293406000,r,364
293847000,s,124
294221000,s,188
295128000,s,668
300599000,r,1340
300599000,r,1340
300600000,r,1340
301556000,r,1340
301556000,r,1340
301556000,r,1340
303643000,s,124
303716000,s,124
303733000,s,124
319087000,r,1340
319087000,r,1340
319087000,r,1340
319087000,r,204
319087000,r,1340
319087000,r,1340
319087000,r,1340
319088000,r,1340
319299000,r,124
319299000,r,1340
319299000,r,1340
319299000,r,204
319299000,r,124
319300000,r,1340
319300000,r,1340
319300000,r,1340
319336000,r,1340
319336000,r,1340
319336000,r,1340
319336000,r,1340
319336000,r,1340
319337000,r,1340
319337000,r,1340
319337000,r,1340
319370000,r,1340
319370000,r,1340
319370000,r,1340
319370000,r,1340
319370000,r,1340
319370000,r,1340
319370000,r,1340
319370000,r,1340
319399000,r,1340
319399000,r,1340
319399000,r,1340
319399000,r,1340
319400000,r,1340
319400000,r,1340
319400000,r,1340
320650000,s,124
320705000,s,124
320717000,s,124
320742000,s,124
320756000,s,124
320765000,s,124
320783000,s,124
320799000,s,124
320813000,s,124
320821000,s,124
320829000,s,124
320921000,s,124
320931000,s,124
321015000,r,1340
321015000,r,1340
321079000,s,124
321015000,r,1340
321268000,s,124
321423000,s,124
321588000,s,124
321690000,s,124
323597000,r,988
323836000,s,124
324574000,s,124
325040000,r,124
332371000,s,140
332473000,s,140
332494000,s,140
332858000,r,1340
332858000,r,1340
332858000,r,1340
332858000,r,1340
333273000,s,124
333323000,s,124
334073000,r,1340
334074000,r,1340
334074000,r,1340
334074000,r,1340
334074000,r,1340
334074000,r,1340
334074000,r,428
334500000,s,124
335039000,s,124
335281000,s,124
335511000,s,124
337090000,s,284
337259000,s,220
339364000,s,412
339428000,r,300
339428000,r,204
339593000,s,364
353990000,s,1340
354054000,s,316
361519000,r,124
361661000,r,1340
362873000,s,124
363620000,r,1340
363620000,r,1340
363620000,r,1340
363620000,r,1340
363621000,r,1340
363621000,r,1340
363621000,r,1340
363621000,r,1340
363716000,r,1340
363716000,r,1340
363716000,r,1340
363716000,r,1340
363716000,r,1340
363716000,r,1340
363716000,r,1340
363717000,r,1340
363750000,r,140
364102000,r,124
364102000,r,124
364665000,s,124
364728000,s,124
365069000,s,124
365202000,s,124
365310000,s,124
365406000,s,124
365497000,r,1340
365498000,r,1340
365498000,r,1340
365777000,s,124
365842000,r,1340
365896000,s,124
366549000,s,124
366727000,r,1340
366728000,r,1340
366795000,s,124
367612000,r,1340
367612000,r,1340
369670000,s,1340
369765000,s,1340
370280000,s,172
370569000,r,1340
370569000,r,1340
370570000,r,1340
370570000,r,1340
370570000,r,1340
370570000,r,1340
371125000,r,1340
371125000,r,1340
371296000,s,124
371534000,s,124
372340000,s,124
372554000,s,124
372720000,s,124
372867000,s,124
373503000,r,1340
373503000,r,1340
373503000,r,1340
373504000,r,1340
375576000,r,1340
375576000,r,1340
375577000,r,1340
375577000,r,1340
376164000,r,1340
376166000,s,124
376304000,s,124
376942000,s,124
377078000,s,140
378330000,r,1340
378330000,r,1340
378330000,r,1340
378331000,r,236
378331000,r,1340
378331000,r,1340
378331000,r,1340
378940000,r,1340
379247000,r,1340
379247000,r,1100
380633000,s,124
380690000,s,124
380705000,s,124
380715000,s,124
380723000,s,124
390247000,r,124
400995000,r,124
401199000,r,140
401199000,r,1340
412972000,r,1340
412972000,r,396
412972000,r,1036
415243000,s,172
415469000,s,124
418376000,r,380
428951000,r,124
428951000,r,124
445534000,r,220
462367000,s,124
472121000,s,124
634136000,s,156
634407000,s,156
634610000,s,156
638785000,s,156
639643000,s,156
641144000,s,156
644689000,r,172
644689000,r,188
644689000,r,188
644689000,r,188
646603000,r,172
667843000,s,1340
667998000,s,1340
668032000,s,1340
668838000,s,172
672086000,s,572
683066000,r,140
683066000,r,140
683067000,r,1340
683067000,r,1340
689016000,s,1340
689159000,s,1340
690008000,s,1340
690142000,r,220
690142000,r,1340
690699000,r,396
690785000,s,172
690699000,r,1036
690700000,r,140
691329000,s,268
693096000,r,124
694715000,s,1340
695291000,s,540
695832000,s,172
696055000,s,124
698885000,s,156
699716000,s,156
700147000,r,140
700147000,r,124
700495000,s,156
701622000,s,124
704260000,r,140
704261000,r,140
704261000,r,1340
704261000,r,1340
705249000,r,268
705249000,r,300
709518000,r,508
709518000,r,220
710710000,s,124
713620000,r,1340
713620000,r,412
713621000,r,1036
713621000,r,140
713621000,r,124
713622000,r,556
721544000,r,1340
721544000,r,1340
721545000,r,1340
721545000,r,1340
721545000,r,924
722328000,s,124
722424000,s,124
725505000,r,124
729749000,s,1340
729858000,s,1340
729912000,s,1340
730642000,s,172
732495000,s,1340
733440000,s,172
733864000,s,124
734426000,s,124
737644000,s,124
743602000,s,140
744265000,s,140
745059000,s,140
746500000,s,620
747153000,r,140
747153000,r,140
747153000,r,1340
747154000,r,1340
747154000,r,220
747154000,r,124
751368000,r,172
751369000,r,156
751369000,r,172
752995000,r,1340
752996000,r,396
752996000,r,1052
752996000,r,124
757865000,s,1340
758007000,s,1340
758374000,s,172
759850000,s,172
759897000,s,124
760450000,s,556
761036000,s,700
762351000,s,188
764845000,r,204
765443000,s,252
765637000,s,124
770216000,r,124
770217000,r,1340
770217000,r,1340
770217000,r,1340
771618000,s,124
771703000,s,124
772367000,r,1340
772368000,r,1340
772368000,r,1340
772368000,r,1340
772368000,r,1340
772368000,r,1276
772369000,r,124
773365000,s,124
773616000,s,124
773824000,s,124
774119000,r,220
774487000,r,124
774597000,s,124
774871000,s,124
789588000,r,140
789588000,r,1340
789588000,r,332
789588000,r,332
791597000,s,124
792833000,r,1340
792833000,r,412
792834000,r,1036
792834000,r,124
792834000,r,124
793936000,r,1340
796500000,r,1340
796500000,r,1340
796501000,r,1340
796501000,r,1340
796501000,r,1340
796699000,s,172
796883000,s,124
797191000,s,124
797497000,r,1340
797497000,r,1340
797497000,r,1340
797497000,r,1340
797497000,r,1340
797497000,r,1340
797497000,r,1340
797498000,r,1340
797597000,r,1340
797597000,r,1340
797597000,r,1340
797597000,r,1340
797597000,r,1068
798697000,s,124
798898000,s,124
798945000,s,124
799508000,s,124
799648000,s,124
799786000,s,124
799916000,s,124
800044000,s,124
800170000,s,124
800469000,r,1340
800469000,r,1340
800469000,r,1340
800469000,r,1340
800470000,r,1340
800470000,r,1340
800470000,r,1340
800470000,r,1340
800618000,r,1340
800619000,r,1340
800619000,r,1340
800619000,r,1340
800619000,r,1340
800620000,r,1340
800620000,r,1340
802079000,s,124
802216000,s,124
802373000,s,124
802545000,s,124
802674000,s,124
802787000,s,124
802863000,s,124
803174000,r,1340
803174000,r,1340
803174000,r,1340
803174000,r,1340
803339000,r,1340
803339000,r,1340
803340000,r,1340
804496000,r,1340
804496000,r,1340
805876000,s,124
805994000,s,124
806096000,s,124
806188000,s,124
806278000,s,124
806863000,r,1340
806863000,r,1340
806863000,r,1340
806864000,r,1340
808469000,s,124
808635000,s,124
809417000,r,1340
809417000,r,1340
809417000,r,1340
809908000,r,1340
809908000,r,1340
809908000,r,1340
810532000,s,124
810676000,s,124
811006000,s,124
812131000,r,1340
812131000,r,1340
812132000,r,1340
812926000,s,124
814141000,r,860
814954000,s,124
820056000,r,124
824631000,r,220
824632000,r,124
830988000,r,124
842367000,r,124
851121000,s,124
886959000,s,252
908819000,r,140
935846000,s,140
951143000,s,1132
954921000,s,156
956348000,s,156
958262000,s,156
963516000,r,172
964667000,r,172
964667000,r,204
970138000,s,1340
970275000,s,1340
970464000,s,172
981052000,r,268
981052000,r,156
982172000,s,124
985736000,r,124
993414000,r,140
993414000,r,1340
1001479000,r,1340
1001479000,r,396
1001479000,r,732
1002660000,s,172
1002763000,s,124
1004201000,s,1164
1004388000,s,1276
1004510000,s,1020
1021273000,r,124
1021273000,r,124
1031722000,r,220
1031722000,r,124
1031723000,r,124
1033137000,s,124
1036846000,r,124
1038236000,s,124
1041572000,r,460
1041572000,r,284
1043191000,s,124
1045547000,r,444
1045547000,r,444
1048681000,s,124
1065562000,r,124
1190347000,s,1340
1190640000,s,876
1218190000,r,124
1227371000,s,124
1229559000,r,284
1229559000,r,124
1239845000,s,140
1285682000,r,124
2845672000,r,1340
2845673000,r,1340
2845673000,r,1340
2845674000,r,1340
2845674000,r,1340
2845675000,r,1340
2845675000,r,1340
2845676000,r,1340
2846367000,r,1340
2846367000,r,1340
2846368000,r,1340
2849180000,s,124
2850153000,s,124
2850712000,s,124
2851221000,s,124
2851519000,s,124
2851745000,s,124
2851925000,s,124
2852179000,s,124
2852361000,s,124
2852613000,s,124
2852819000,s,124
2869550000,r,1340
2869551000,r,1340
2869551000,r,1340
2869552000,r,1340
2869552000,r,1340
2869553000,r,1340
2869553000,r,1340
2869554000,r,1340
2869873000,r,1340
2869873000,r,1340
2869874000,r,1340
2869874000,r,1340
2869875000,r,1340
2869875000,r,1340
2869876000,r,1340
2869876000,r,1340
2870020000,r,1340
2870020000,r,1340
2870021000,r,1340
2870021000,r,1340
2870022000,r,1340
2872374000,s,124
2872692000,s,124
2873140000,s,124
2873451000,s,124
2873823000,s,124
2874391000,s,124
2874708000,s,124
2874960000,s,124
2875256000,s,124
2875505000,s,124
2876138000,s,124
2876449000,s,124
2876741000,s,124
2877044000,s,124
2877316000,s,124
2877761000,s,124
2878016000,s,124
2878286000,s,124
2878532000,s,124
2878765000,s,124
2879057000,s,124
2883502000,r,1340
2885573000,r,1340
2885574000,r,1340
2885574000,r,1340
2885575000,r,1340
2885575000,r,1340
2885576000,r,1340
2885576000,r,1340
2885577000,r,1340
2887459000,s,124
2887809000,r,1340
2887810000,r,1340
2887810000,r,1340
2887811000,r,1340
2887811000,r,1340
2887812000,r,1340
2887812000,r,1340
2888171000,s,124
2887813000,r,1340
2888252000,r,1340
2888252000,r,1340
2888253000,r,1340
2888253000,r,1340
2888254000,r,1340
2888254000,r,1340
2888405000,r,1340
2890048000,s,124
2890685000,s,124
2891188000,s,124
2891518000,s,124
2892108000,s,124
2892429000,s,124
2893805000,s,124
2894490000,s,124
2894884000,s,124
2895490000,s,124
2895733000,s,124
2895952000,s,124
2896171000,s,124
2896415000,s,124
2897053000,s,124
2897381000,s,124
2897549000,r,1340
2897763000,s,124
2898515000,s,124
2898836000,s,124
2899117000,s,124
2899370000,s,124
2899616000,s,124
2899873000,s,124
2900968000,r,1340
2900969000,r,1340
2900969000,r,1340
2900970000,r,1340
2900970000,r,1340
2900971000,r,1340
2900971000,r,860
2902654000,s,124
2903764000,s,124
2903980000,s,124
2904377000,s,124
2904591000,s,124
2904764000,s,124
2904919000,s,124
3169186000,s,1340
3169537000,s,1340
3169760000,s,1340
3169917000,s,1340
3170074000,s,1340
3170230000,s,1340
3170427000,s,1340
3170717000,s,1340
3170887000,s,1340
3171122000,s,892
3199249000,r,124
3199249000,r,124
3199249000,r,124
3199249000,r,124
3199249000,r,124
3208075000,s,124
3252549000,r,188
3253251000,r,364
3260824000,s,140
3313887000,r,124
5510026000,r,140
5510026000,r,124
5510027000,r,124
5514186000,s,124
5514655000,s,124
11146009000,s,156
11156358000,r,156
12881943000,r,156
12881943000,r,140
12881944000,r,124
12881944000,r,124
12886391000,s,124
12886790000,s,124
12887048000,s,124
12888393000,s,124
12901584000,r,124
18262183000,s,156
18299989000,s,156
18300427000,s,156
18318637000,r,156