0,s,156
38622000,s,156
39752000,s,156
57462000,r,156
261199000,s,124
264165000,s,124
277025000,r,124
278864000,s,124
282063000,s,1340
282356000,s,780
292862000,r,124
294032000,r,364
295256000,s,124
297189000,s,188
298194000,s,204
299389000,s,652
309798000,r,204
309799000,r,172
311178000,s,124
311389000,s,156
316815000,s,156
316938000,s,156
322734000,r,124
350049000,r,1340
350049000,r,1340
350049000,r,1340
350049000,r,1340
350049000,r,1340
350049000,r,1340
350050000,r,1340
350050000,r,1340
350271000,r,1340
350272000,r,188
352341000,s,124
352781000,s,124
353047000,s,124
353597000,s,124
354245000,s,124
363760000,r,188
369387000,r,172
376566000,s,1340
377550000,s,1340
378143000,s,476
379124000,s,364
383262000,s,172
385091000,s,124
391183000,s,156
392131000,s,156
393263000,s,156
393978000,r,1372
393978000,r,1340
393979000,r,1340
393979000,r,380
393979000,r,1372
394633000,s,124
395990000,r,124
395990000,r,396
396318000,s,124
396726000,r,1340
396726000,r,1340
396727000,r,1340
397146000,s,124
397364000,s,124
397849000,r,1340
397849000,r,1340
397849000,r,1340
397849000,r,1340
397849000,r,1340
397849000,r,1340
397849000,r,1340
397849000,r,1340
397948000,r,1340
397948000,r,1340
397949000,r,508
397949000,r,1340
397949000,r,1340
397949000,r,332
398995000,r,204
400895000,s,124
400980000,s,124
401030000,s,124
401076000,s,124
401125000,s,124
401168000,s,124
401208000,s,1340
401290000,s,188
402294000,s,316
402507000,s,1340
402610000,s,796
403147000,s,396
409987000,r,1340
409987000,r,796
410572000,s,124
434950000,s,796
435131000,s,268
440849000,r,124
440849000,r,124
440849000,r,364
440849000,r,124
440849000,r,124
440849000,r,188
440850000,r,380
441652000,s,124
442173000,s,188
443303000,s,140
445412000,r,124
445412000,r,124
445876000,s,1340
446089000,s,1340
446201000,s,172
447235000,s,972
447839000,s,668
452050000,s,316
453178000,r,124
453179000,r,124
453179000,r,204
458016000,r,124
469345000,r,1340
469345000,r,1340
469345000,r,1340
469345000,r,1340
469345000,r,1340
469345000,r,1340
469345000,r,1340
469346000,r,1340
469499000,r,364
469988000,s,124
470124000,s,124
470622000,s,124
471437000,s,124
471998000,r,1340
471998000,r,1340
471998000,r,1340
471998000,r,1340
471999000,r,1340
471999000,r,1340
471999000,r,1340
471999000,r,1340
472105000,r,1340
472105000,r,1340
472105000,r,1340
472105000,r,1340
472105000,r,1340
472105000,r,1340
472105000,r,1340
472106000,r,1340
472147000,r,1340
472148000,r,1340
472148000,r,1340
472300000,r,1340
472300000,r,1340
472300000,r,1340
472301000,r,1340
472301000,r,1340
472301000,r,1340
472367000,r,1340
472367000,r,1340
472367000,r,1340
472608000,s,124
472721000,s,124
472791000,s,124
472872000,s,124
472927000,s,124
472997000,s,124
473059000,s,124
473100000,s,124
473158000,s,124
473222000,s,124
473283000,s,124
473356000,s,124
473436000,s,124
473507000,s,124
474630000,r,1340
474630000,r,1340
474630000,r,1340
474630000,r,1340
474630000,r,1340
474630000,r,1340
474631000,r,1340
474631000,r,1340
474711000,r,1340
475043000,s,124
475126000,s,124
475205000,s,124
475252000,s,124
475313000,s,124
477982000,r,1340
477982000,r,1340
477982000,r,1340
477982000,r,1340
477982000,r,140
477983000,r,1340
478698000,s,124
478781000,s,124
480462000,r,1340
480462000,r,396
482495000,s,1340
483096000,s,172
484183000,r,1036
484183000,r,124
484183000,r,1340
484183000,r,1340
484183000,r,1340
484183000,r,1340
484183000,r,1340
484183000,r,1340
484301000,r,1340
484301000,r,1340
484301000,r,1340
484301000,r,1340
484301000,r,428
484301000,r,1340
484301000,r,1340
484301000,r,1340
484332000,r,1340
484333000,r,1340
484333000,r,1340
484333000,r,1340
484333000,r,1340
484333000,r,1340
484333000,r,1340
484333000,r,1340
484460000,r,1340
484460000,r,1340
484460000,r,1340
484562000,r,1340
484562000,r,1340
484562000,r,1340
484781000,s,124
484909000,s,124
485034000,s,124
485245000,s,124
485421000,s,124
485576000,s,124
485750000,s,124
485918000,s,124
486283000,s,124
487877000,s,124
487922000,s,124
487941000,s,124
487949000,s,124
487957000,s,124
487965000,s,124
488601000,r,1340
488604000,r,1340
488604000,r,1340
488604000,r,1340
488605000,r,1340
488605000,r,1340
488605000,r,1340
488605000,r,1340
488694000,r,1340
488694000,r,1340
488694000,r,1340
488694000,r,1340
488695000,r,1340
488695000,r,1340
488695000,r,1340
488695000,r,1340
488728000,r,1340
488728000,r,1340
488728000,r,1340
488728000,r,1340
488728000,r,1340
488729000,r,1340
488729000,r,1340
488729000,r,1340
488757000,r,1340
488757000,r,1340
488758000,r,300
489192000,s,124
489370000,s,124
489509000,s,124
489642000,s,124
489771000,s,124
489911000,s,124
490200000,s,124
490339000,s,124
490414000,s,124
490665000,s,124
490764000,s,124
490863000,s,124
490968000,s,124
491071000,s,124
514013000,r,220
514013000,r,124
515889000,s,124
534471000,s,1340
534566000,s,316
544994000,r,124
544994000,r,124
547191000,s,412
547755000,s,364
556307000,r,1340
556307000,r,1340
558877000,s,124
559683000,r,1340
559683000,r,1340
559684000,r,1340
559684000,r,1340
559684000,r,1340
559684000,r,1340
559685000,r,1340
559685000,r,204
559876000,r,1340
559877000,r,1340
559877000,r,124
559877000,r,1340
559877000,r,1340
559878000,r,1340
559878000,r,1340
562825000,r,1340
562825000,r,1340
562825000,r,1340
563523000,s,124
563686000,s,124
563723000,r,1340
563723000,r,1340
564029000,s,124
564434000,s,124
564564000,s,124
565073000,s,124
566606000,r,1340
566606000,r,1340
567506000,r,1340
567672000,s,124
567814000,r,1340
567962000,s,124
568177000,s,124
568480000,r,1340
568542000,r,1340
568601000,s,124
569025000,s,124
569905000,r,1340
570258000,r,1340
571751000,s,124
572396000,s,124
572443000,r,1340
572443000,r,1340
574163000,r,1340
574268000,s,124
574433000,r,1340
574433000,r,1340
574944000,s,124
575307000,s,124
578014000,r,1340
578014000,r,1340
578014000,r,1340
578984000,r,460
579314000,s,124
580059000,s,124
586213000,s,284
587240000,r,124
588074000,s,140
589176000,s,140
590212000,s,140
591856000,s,220
596852000,r,268
596852000,r,380
609760000,r,204
614046000,r,1340
614046000,r,1340
614046000,r,1340
614046000,r,1340
614047000,r,1340
614047000,r,1340
614047000,r,1340
614047000,r,1340
614178000,r,1340
614179000,r,1340
614179000,r,1340
614179000,r,1340
614179000,r,1340
614179000,r,1340
614241000,r,1340
614241000,r,1340
614241000,r,1340
614241000,r,1340
614241000,r,1340
614242000,r,1340
614242000,r,1340
614242000,r,1340
616182000,s,124
616680000,s,124
616804000,r,140
616804000,r,1340
616804000,r,1340
616805000,r,1340
617051000,s,124
617322000,r,1340
617323000,r,1340
617537000,s,124
617670000,r,1340
617670000,r,1340
617670000,r,1340
617709000,s,124
620212000,r,1340
621318000,r,1340
621319000,r,1340
621319000,r,1340
621319000,r,1340
621319000,r,1340
623322000,r,1340
624944000,s,124
625048000,r,1340
625048000,r,1340
625048000,r,1340
625048000,r,1340
625048000,r,1340
625200000,s,124
625387000,s,124
625891000,s,124
626864000,r,1340
626864000,r,1340
626865000,r,1340
626865000,r,1340
626865000,r,284
626865000,r,1340
626865000,r,1340
626866000,r,1340
626989000,r,1340
628938000,r,1068
634561000,s,1340
635014000,s,1340
635472000,s,172
636495000,s,124
636819000,s,124
637078000,s,124
637173000,s,124
637357000,s,124
637718000,s,124
638102000,s,124
638131000,s,124
638686000,s,124
641635000,s,124
641790000,s,124
642188000,s,124
642553000,s,140
643328000,s,124
647605000,s,124
647733000,s,124
648109000,s,124
675553000,s,124
682081000,r,140
682081000,r,1340
682081000,r,124
682081000,r,1340
682081000,r,396
682081000,r,1036
682081000,r,124
685369000,s,1340
685439000,s,124
706181000,r,124
736051000,r,220
763627000,s,124
928120000,s,156
928477000,s,156
929158000,s,156
933807000,s,156
935560000,s,156
936128000,s,156
939974000,r,188
939974000,r,172
939975000,r,188
946032000,r,172
950628000,s,1340
950875000,s,1340
951583000,s,172
955508000,s,572
966003000,r,140
966003000,r,1340
974263000,r,1340
974264000,r,396
974264000,r,1036
974265000,r,140
974265000,r,124
978440000,s,1340
979431000,s,172
980020000,s,124
984320000,s,156
984495000,r,140
985394000,s,156
986332000,r,220
987017000,s,156
988163000,s,124
995947000,r,268
995947000,r,284
995947000,r,508
995948000,r,220
995948000,r,204
997978000,r,188
998958000,s,124
1013991000,r,124
1019769000,s,1340
1019929000,s,1340
1020806000,s,172
1029999000,s,1340
1030248000,s,1340
1030343000,s,1340
1030955000,s,172
1034491000,r,140
1034491000,r,1340
1034677000,s,540
1037775000,s,140
1038614000,s,140
1039612000,s,140
1041363000,s,620
1042572000,r,1340
1042572000,r,396
1042572000,r,1052
1044383000,r,140
1044383000,r,140
1044383000,r,172
1044383000,r,1340
1044384000,r,156
1044384000,r,1340
1044799000,s,1340
1045732000,s,172
1045939000,r,172
1046041000,s,124
1048413000,s,700
1051528000,s,1340
1051579000,s,1340
1052024000,s,172
1052437000,r,1340
1052437000,r,396
1052437000,r,1036
1053814000,r,124
1053814000,r,124
1053814000,r,556
1054906000,s,1340
1055425000,s,172
1055581000,s,124
1056169000,s,124
1056691000,s,556
1057140000,s,188
1062038000,r,220
1066059000,r,124
1066876000,s,124
1068541000,r,124
1070029000,r,1340
1070032000,r,1340
1070032000,r,1340
1070910000,s,124
1071010000,s,124
1071960000,r,1340
1071960000,r,1340
1071960000,r,220
1071961000,r,1340
1071961000,r,1340
1071961000,r,1340
1071961000,r,124
1071961000,r,1276
1072097000,r,124
1072971000,s,124
1073183000,s,124
1073431000,s,124
1077969000,r,140
1077969000,r,1340
1082030000,r,316
1082031000,r,252
1082984000,s,124
1083531000,r,1340
1083531000,r,1340
1083531000,r,1340
1083531000,r,1340
1085256000,s,124
1085320000,s,124
1085471000,r,1340
1085471000,r,1340
1085471000,r,1340
1085471000,r,1340
1085471000,r,1340
1085471000,r,1340
1085471000,r,1340
1085471000,r,1340
1085581000,r,524
1085581000,r,1340
1085581000,r,396
1085581000,r,1036
1085581000,r,124
1085581000,r,1340
1085581000,r,1340
1085581000,r,1340
1085619000,r,1340
1085619000,r,1340
1085620000,r,1340
1085620000,r,1340
1086876000,r,1340
1086876000,r,1340
1086876000,r,1340
1086876000,r,1340
1086876000,r,476
1086876000,r,1340
1086876000,r,1340
1086877000,r,1340
1086974000,r,1340
1086974000,r,1340
1086974000,r,1340
1086974000,r,1340
1086975000,r,1340
1086975000,r,1340
1086975000,r,1340
1087132000,s,124
1087271000,s,124
1087479000,s,124
1087653000,s,124
1087786000,s,124
1087956000,r,1180
1087965000,s,124
1087956000,r,1340
1087956000,r,1340
1087956000,r,1340
1088433000,r,1340
1088433000,r,1340
1088433000,r,1340
1090255000,s,1340
1091359000,s,172
1091952000,s,124
1092242000,r,1340
1092242000,r,1340
1092243000,r,1340
1092243000,r,1340
1092454000,r,1340
1092455000,r,1340
1093143000,s,124
1093198000,s,124
1093222000,s,124
1093240000,r,1340
1093240000,r,1340
1093241000,r,1340
1093606000,s,124
1094162000,s,124
1094207000,s,124
1094449000,s,124
1094638000,r,1340
1094638000,r,1340
1094638000,r,1340
1094755000,s,124
1096195000,s,124
1096475000,r,1340
1096475000,r,1340
1096475000,r,1340
1096475000,r,1340
1097020000,s,124
1097377000,s,124
1097505000,s,124
1097675000,s,124
1098189000,s,124
1098426000,s,124
1098657000,s,124
1098981000,s,124
1099196000,s,124
1103877000,s,124
1104323000,s,124
1104847000,s,124
1108681000,s,124
1116958000,r,220
1116958000,r,124
1118465000,s,124
1122513000,r,124
1124574000,r,124
1128649000,r,124
1129020000,s,124
1142177000,r,1148
1143596000,s,140
1186019000,r,124
1204774000,s,1052
1210972000,s,156
1211945000,s,156
1212997000,s,156
1217596000,r,172
1217596000,r,172
1219671000,r,204
1229864000,s,1340
1230129000,s,1340
1230586000,s,172
1233712000,r,268
1233712000,r,156
1234820000,s,124
1257506000,r,140
1257506000,r,1340
1263063000,r,1340
1263063000,r,396
1263063000,r,732
1265288000,s,1340
1265381000,s,124
1266290000,s,1340
1266337000,s,508
1266993000,s,1004
1276191000,r,124
1282061000,r,124
1289982000,r,220
1289982000,r,124
1291083000,s,124
1293863000,r,124
1304710000,s,252
1308212000,r,460
1308212000,r,268
1308212000,r,268
1308212000,r,188
1309078000,s,124
1309282000,s,124
1316697000,s,732
1332756000,r,124
1334568000,r,172
1357996000,r,524
1361476000,s,140
1385057000,s,124
1410057000,r,124
1432270000,r,124
1580745000,s,1340
1581107000,s,876
1614157000,r,124
1624518000,s,124
1642148000,r,1340
1642149000,r,1340
1642150000,r,1340
1642150000,r,1340
1642151000,r,924
1644818000,s,124
1645167000,s,124
1658034000,r,284
1658034000,r,124
1669457000,s,140
1686582000,s,124
1719278000,r,124
3559564000,s,1340
3595202000,s,1340
3595607000,s,1340
3595674000,s,1340
3595687000,s,1340
3595697000,s,1340
3595707000,s,1340
3595716000,s,1340
3595725000,s,1340
3595734000,s,1340
3595743000,s,1340
3595752000,s,892
3634332000,r,124
3634332000,r,124
3634333000,r,124
3634333000,r,124
3634334000,r,124
3644368000,s,124
3644761000,r,188
3644761000,r,124
3654410000,s,140
3703900000,r,124
5450533000,r,1340
5450533000,r,1340
5450534000,r,1340
5450534000,r,1340
5450535000,r,1340
5450535000,r,1340
5450536000,r,1244
5450536000,r,1340
5451351000,r,1340
5451351000,r,1340
5451352000,r,1340
5455842000,s,124
5456215000,s,124
5456409000,s,124
5456702000,s,124
5456882000,s,124
5457052000,s,124
5457212000,s,124
5457366000,s,124
5457604000,s,124
5458181000,s,124
5458445000,s,124
5469915000,r,1340
5469915000,r,1340
5469916000,r,1340
5469916000,r,1340
5469917000,r,1340
5469917000,r,1340
5469918000,r,1340
5469918000,r,1340
5470287000,r,1340
5470423000,r,1340
5470424000,r,1340
5470424000,r,1340
5470425000,r,1340
5470425000,r,1340
5470426000,r,1340
5470426000,r,1340
5470427000,r,1340
5470634000,r,1340
5470634000,r,1340
5470635000,r,1340
5470635000,r,1340
5471927000,s,156
5474133000,s,124
5474920000,s,124
5475387000,s,124
5476642000,s,124
5477078000,s,124
5477594000,s,124
5477860000,s,124
5478268000,s,124
5478694000,s,124
5479249000,s,124
5488710000,r,1340
5488710000,r,1340
5488711000,r,1340
5488711000,r,1340
5488712000,r,1340
5488712000,r,1340
5488713000,r,1340
5488713000,r,1340
5489176000,r,1340
5489177000,r,1340
5489177000,r,1340
5489178000,r,1340
5489178000,r,1340
5489179000,r,1340
5489179000,r,1340
5489180000,r,1340
5489342000,r,1340
5489343000,r,1340
5489343000,r,1340
5489343000,r,1340
5489344000,r,1340
5489344000,r,1340
5489345000,r,1340
5489345000,r,1340
5489493000,r,1340
5489494000,r,1340
5489494000,r,1340
5491769000,s,124
5494084000,r,1340
5494085000,r,1340
5494085000,r,1340
5494086000,r,1340
5494086000,r,988
5497164000,s,124
5497534000,s,124
5497790000,s,124
5498112000,s,124
5498596000,s,124
5498851000,s,124
5499028000,s,124
5499205000,s,124
5499435000,s,124
5499628000,s,124
5499805000,s,124
5500773000,s,124
5501131000,s,124
5501855000,s,124
5502231000,s,124
5542818000,s,124
5710446000,r,140
5710447000,r,124
5710447000,r,124
5713942000,s,124
5714565000,s,124
11123841000,s,156
11161655000,s,156
11162124000,s,156
11162232000,s,176
11182140000,r,156
11182140000,r,120
11191249000,s,60
15438326000,r,156
15438327000,r,140
15438327000,r,124
15438328000,r,124
15444180000,s,124
15444674000,s,124
15444868000,s,124
15446946000,s,124
15462429000,r,124
21247415000,s,156
21284778000,s,156
21285212000,s,156
21303731000,r,156