0,s,156
41540000,s,156
41971000,s,156
60620000,r,156
649254000,s,140
654374000,s,140
659697000,s,140
662501000,r,252
662501000,r,188
666880000,r,252
670460000,s,124
672870000,s,124
686687000,r,124
687800000,s,124
689421000,s,1340
689561000,s,684
700369000,r,124
701680000,r,364
703021000,s,124
704381000,s,188
705934000,s,1340
706197000,s,1036
716147000,r,204
719756000,s,204
720934000,s,668
731923000,r,172
731923000,r,124
735022000,s,156
740876000,r,268
741656000,r,172
742102000,s,124
747677000,r,124
750715000,s,1340
750792000,s,1340
762459000,s,172
765492000,r,1372
765492000,r,1372
769329000,s,124
771990000,s,1340
772615000,s,188
773976000,s,316
774792000,s,396
786734000,r,124
787719000,r,124
794674000,r,124
806732000,r,252
806732000,r,252
809274000,s,140
815997000,r,124
840295000,s,140
4722812000,r,1340
4722813000,r,1340
4722813000,r,1340
4722814000,r,1340
4722814000,r,1340
4722815000,r,1340
4722815000,r,1340
4722816000,r,1340
4723549000,r,1340
4723549000,r,1116
4723550000,r,1116
4728111000,s,124
4728559000,s,124
4728787000,s,124
4729098000,s,124
4729284000,s,124
4729636000,s,124
4820710000,s,1340
4821480000,s,220
4847018000,r,124
4854509000,r,188
4854509000,r,188
4857419000,s,124
4887555000,s,476
4887786000,s,364
4887903000,s,124
4900280000,r,124
4903382000,r,396
4903921000,s,124
4904824000,r,1340
4904824000,r,1340
4904824000,r,1340
4905924000,s,124
4906031000,r,1340
4906064000,s,124
4906031000,r,1340
4906031000,r,1340
4906031000,r,1340
4906031000,r,1340
4906031000,r,1340
4906032000,r,1340
4906032000,r,1340
4906179000,r,1340
4906179000,r,1340
4906179000,r,508
4906179000,r,1340
4906179000,r,1340
4906179000,r,1340
4906180000,r,796
4906180000,r,1340
4906458000,s,124
4907305000,s,124
4907444000,s,124
4907565000,s,124
4907689000,s,124
4907808000,s,124
4907930000,s,124
4908631000,s,124
4908819000,s,124
4908918000,s,124
4908985000,s,124
4909054000,s,124
4909561000,s,124
4909707000,s,124
4909783000,s,124
4909887000,s,124
4909973000,s,124
4910150000,r,124
4913940000,s,140
4916754000,r,1340
4916754000,r,380
4917768000,s,124
4917830000,s,124
4918116000,s,140
4918812000,s,140
4920330000,r,236
4921412000,s,156
4921949000,s,156
4922476000,s,156
4926131000,r,156
4926131000,r,236
4927938000,s,124
4938652000,r,124
4939441000,s,124
4940377000,s,1340
4940424000,s,796
4950691000,r,124
4952331000,r,364
4953223000,s,124
4954026000,s,188
4954777000,s,668
4963852000,r,124
4963852000,r,204
4964668000,r,124
4975065000,r,1340
4975065000,r,1340
4975066000,r,1340
4975066000,r,1340
4975066000,r,1340
4975066000,r,1340
4975066000,r,1340
4975066000,r,1340
4975676000,s,124
4975744000,s,124
4975767000,s,124
4975779000,s,124
4986682000,r,1340
4986682000,r,1340
4987382000,s,124
4988129000,r,1340
4988129000,r,1340
4988129000,r,1340
4988130000,r,1340
4988130000,r,1340
4988130000,r,1340
4988130000,r,1340
4988130000,r,1340
4988273000,r,428
4988823000,s,124
4988885000,s,124
4988907000,s,124
4988924000,s,124
4988934000,s,124
4996601000,r,220
5010022000,r,220
5022665000,r,220
5027137000,s,124
5039759000,r,124
5040566000,s,124
5048991000,s,1340
5049124000,s,684
5062670000,r,124
5070639000,r,1340
5070639000,r,1340
5070639000,r,1340
5070639000,r,1340
5070639000,r,1340
5070639000,r,1116
5071347000,s,124
5071559000,s,124
5071657000,s,124
5071744000,s,124
5071825000,s,124
5071912000,s,124
5079108000,s,252
5079348000,s,220
5079434000,s,748
5092633000,s,1340
5092701000,s,364
5093734000,r,172
5093734000,r,172
5095278000,s,124
5095597000,s,156
5096729000,s,412
5097305000,s,364
5100711000,r,796
5102857000,s,156
5106330000,r,124
5106330000,r,124
5106662000,s,316
5114670000,r,124
5139711000,s,364
5150361000,r,124
5152625000,r,124
5160458000,r,124
5173184000,r,380
5215505000,s,124
5259218000,r,1340
5259219000,r,1340
5259219000,r,1340
5259219000,r,1340
5259219000,r,1340
5259219000,r,1340
5259220000,r,1340
5259220000,r,1340
5259616000,r,1340
5259616000,r,1340
5259616000,r,1340
5259616000,r,924
5260919000,s,124
5261245000,s,124
5261330000,s,124
5261406000,s,124
5261467000,s,124
5261523000,s,124
5279023000,r,1340
5279023000,r,1340
5279023000,r,1340
5279023000,r,1340
5279023000,r,1340
5279024000,r,1340
5279024000,r,1340
5279024000,r,1340
5279339000,r,1340
5279339000,r,1340
5279339000,r,1340
5279339000,r,1340
5279339000,r,1340
5279340000,r,1340
5279340000,r,1340
5279340000,r,1340
5279406000,r,1340
5279406000,r,1340
5279406000,r,1340
5279406000,r,1340
5279407000,r,1340
5279407000,r,1340
5279407000,r,1340
5279407000,r,1340
5280826000,s,124
5280921000,s,124
5280946000,s,124
5281163000,s,124
5281317000,s,124
5281408000,s,124
5281483000,s,124
5281550000,s,124
5281608000,s,124
5281670000,s,124
5281739000,s,124
5281808000,s,124
5295215000,r,1340
5295216000,r,1340
5295216000,r,1340
5295216000,r,1340
5295216000,r,1340
5295217000,r,1340
5295217000,r,1340
5295217000,r,1340
5295460000,r,1340
5295460000,r,1340
5295460000,r,1340
5295460000,r,1340
5295461000,r,220
5296304000,s,124
5296373000,s,124
5296389000,s,124
5296402000,s,124
5296415000,s,124
5296467000,s,124
5301028000,s,444
5313421000,r,124
5366177000,r,1340
5366177000,r,1340
5366177000,r,1340
5366177000,r,1340
5366178000,r,1340
5366178000,r,1340
5368123000,s,124
5368607000,s,124
5368664000,s,124
5370680000,r,1340
5370681000,r,1340
5370681000,r,1340
5370681000,r,1340
5370682000,r,1340
5370682000,r,972
5370867000,r,1340
5370867000,r,1340
5370867000,r,1340
5370868000,r,1340
5370868000,r,1340
5370868000,r,1340
5370868000,r,508
5372585000,s,124
5372804000,s,124
5372954000,s,124
5373060000,s,124
5373296000,s,124
5373526000,s,124
5415829000,s,124
5464479000,r,1340
5464479000,r,1340
5464479000,r,876
5466372000,s,124
5466747000,s,124
5466903000,s,124
5501721000,s,1276
5514447000,r,124
5663373000,r,1340
5663374000,r,1340
5663374000,r,1340
5663374000,r,1340
5663375000,r,1340
5663375000,r,1340
5663375000,r,1340
5663376000,r,1340
5663799000,r,1340
5663800000,r,1340
5663800000,r,1340
5663800000,r,940
5663801000,r,1340
5663801000,r,1340
5663802000,r,1340
5663962000,r,1340
5663962000,r,1340
5663963000,r,1340
5663963000,r,1340
5663963000,r,1340
5663964000,r,1340
5663964000,r,1340
5665580000,s,124
5665939000,s,124
5666172000,s,124
5666380000,s,124
5666588000,s,124
5666907000,s,124
5667140000,s,124
5667371000,s,124
5667616000,s,124
5667859000,s,124
5668069000,s,124
5668282000,s,124
5668508000,s,124
5668755000,s,124
5668992000,s,124
5669221000,s,124
5669434000,s,124
5669678000,s,124
5669884000,s,124
5670102000,s,124
5670330000,s,124
5670573000,s,124
5680264000,r,1340
5680264000,r,1340
5680264000,r,1340
5680265000,r,1340
5680265000,r,1340
5680266000,r,1340
5680266000,r,1340
5680266000,r,1340
5680701000,r,1340
5680701000,r,1340
5680701000,r,1340
5680702000,r,1340
5680702000,r,1340
5682323000,r,1340
5682323000,r,1340
5682323000,r,1340
5682323000,r,1340
5682323000,r,1340
5682324000,r,1340
5682324000,r,1340
5682324000,r,1340
5682428000,r,1340
5682428000,r,1340
5682429000,r,1340
5682429000,r,1340
5682429000,r,1340
5682429000,r,1340
5682429000,r,1340
5682429000,r,1340
5682471000,r,1340
5682471000,r,1340
5682471000,r,1340
5682471000,r,1340
5682471000,r,1340
5683247000,r,1340
5683286000,s,124
5683247000,r,1340
5683247000,r,1340
5683247000,r,1340
5683248000,r,1340
5683248000,r,1340
5683248000,r,1340
5683248000,r,1340
5683345000,r,1340
5683345000,r,1340
5683353000,s,124
5683372000,s,124
5683383000,s,124
5683392000,s,124
5683403000,s,124
5683413000,s,124
5683421000,s,124
5683429000,s,124
5683437000,s,124
5683454000,s,124
5683465000,s,124
5683474000,s,124
5683483000,s,124
5683491000,s,124
5683501000,s,124
5683510000,s,124
5683518000,s,124
5683527000,s,124
5683580000,s,124
5683627000,s,124
5683640000,s,124
5683650000,s,124
5683659000,s,124
5683668000,s,124
5683677000,s,124
5683686000,s,124
5683794000,s,124
5683807000,s,124
5683818000,s,124
5683833000,s,124
5683845000,s,124
5683856000,s,124
5683867000,s,124
5683876000,s,124
5684332000,s,124
5684393000,s,124
5684410000,s,124
5684555000,s,124
5684824000,s,124
5684968000,s,124
5685176000,s,124
5685358000,s,124
5685505000,s,124
5698690000,r,1340
5698691000,r,1340
5698691000,r,1340
5698691000,r,1340
5698691000,r,1340
5698692000,r,1340
5698692000,r,1340
5698692000,r,1340
5698925000,r,1340
5698925000,r,1340
5698925000,r,1340
5698925000,r,1340
5698926000,r,1340
5698926000,r,1340
5698926000,r,1340
5698927000,r,1340
5699076000,r,1340
5699077000,r,1340
5699077000,r,1340
5699077000,r,1340
5699078000,r,1340
5699078000,r,1340
5699078000,r,1340
5699078000,r,1340
5699188000,r,1340
5699188000,r,1340
5699188000,r,1340
5699189000,r,1340
5699189000,r,1340
5699189000,r,1340
5699189000,r,1340
5699190000,r,1340
5699285000,r,1340
5699285000,r,1340
5699285000,r,1340
5699286000,r,1340
5699286000,r,1340
5699286000,r,1340
5699286000,r,1340
5699287000,r,1340
5699354000,r,1340
5700479000,s,124
5700583000,s,124
5700616000,s,124
5700641000,s,124
5700681000,r,1340
5700715000,s,124
5700741000,s,124
5700681000,r,1340
5700682000,r,1340
5700682000,r,1340
5700682000,r,1340
5701237000,s,124
5701459000,s,124
5701647000,s,124
5701845000,s,124
5702041000,s,124
5703139000,s,124
5703322000,s,124
5703477000,s,124
5703625000,s,124
5703770000,s,124
5703956000,s,124
5704123000,s,124
5704312000,s,124
5704496000,s,124
5704619000,s,124
5704792000,s,124
5704949000,s,124
5705177000,s,124
5705306000,s,124
5705388000,s,124
5705455000,s,124
5705530000,s,124
5705843000,s,124
5706110000,s,124
5706418000,s,124
5706907000,s,124
5707495000,s,124
5707884000,s,124
5708009000,s,124
5708686000,s,124
5708829000,s,124
5708909000,s,124
5709062000,s,124
5709297000,s,124
5709404000,s,124
5709664000,s,124
5709834000,s,124
5709960000,s,124
5710123000,s,124
5710710000,s,124
5714701000,r,1340
5715030000,s,124
5718310000,r,1340
5718310000,r,1340
5718311000,r,1340
5718311000,r,1340
5718311000,r,1340
5718311000,r,1340
5718312000,r,1340
5718312000,r,1340
5718490000,r,1340
5718490000,r,1340
5718490000,r,1340
5718490000,r,1340
5718491000,r,1340
5718491000,r,1340
5718491000,r,1340
5718491000,r,1340
5718578000,r,1340
5718578000,r,1340
5718578000,r,1340
5718579000,r,1340
5718579000,r,1340
5718579000,r,1340
5718579000,r,1340
5718580000,r,1340
5718710000,r,1340
5718710000,r,1340
5718710000,r,1340
5718710000,r,1340
5718711000,r,1340
5718711000,r,1340
5718711000,r,1340
5718712000,r,1340
5718816000,r,1340
5718920000,r,1340
5718920000,r,1340
5719220000,s,124
5719300000,s,124
5719624000,s,124
5719840000,s,124
5719881000,s,124
5720156000,s,124
5720339000,s,124
5720544000,s,124
5720707000,s,124
5720843000,r,1340
5720844000,r,1340
5721323000,s,124
5721576000,s,124
5721737000,s,124
5721887000,s,124
5722062000,s,124
5722180000,r,1340
5722180000,r,1340
5722180000,r,1340
5722235000,s,124
5722180000,r,1340
5722181000,r,1340
5722181000,r,1340
5722181000,r,1340
5722181000,r,1340
5722297000,r,1340
5722393000,s,124
5722537000,s,124
5722545000,r,1340
5722785000,s,124
5722941000,s,124
5723371000,s,124
5723561000,s,124
5723726000,s,124
5723898000,s,124
5724071000,s,124
5724527000,s,124
5724717000,s,124
5724850000,s,124
5725019000,s,124
5725142000,s,124
5725260000,s,124
5725371000,s,124
5725477000,s,124
5725584000,s,124
5725789000,s,124
5725919000,s,124
5726041000,s,124
5726193000,s,124
5726454000,s,124
5726600000,s,124
5726789000,s,124
5726917000,s,124
5727040000,s,124
5727166000,s,124
5727294000,s,124
5727592000,r,1340
5727711000,s,124
5727849000,s,124
5727987000,s,124
5728162000,s,124
5733238000,r,1340
5733238000,r,1340
5733238000,r,1340
5733239000,r,1340
5733239000,r,1340
5733239000,r,1340
5733239000,r,1340
5733239000,r,1340
5733397000,r,1340
5734474000,s,124
5734889000,s,124
5735111000,s,124
5735305000,s,124
5735391000,r,1340
5735392000,r,1340
5735392000,r,1340
5735498000,s,124
5735392000,r,1340
5735392000,r,1340
5735393000,r,1340
5735393000,r,1340
5735393000,r,1340
5735567000,r,1340
5735567000,r,1340
5735568000,r,1340
5735568000,r,1340
5735568000,r,1340
5735569000,r,1340
5735569000,r,1340
5735690000,s,124
5735904000,s,124
5736103000,s,124
5736282000,s,124
5736465000,s,124
5736599000,s,124
5736797000,s,124
5736991000,s,124
5737207000,s,124
5737383000,s,124
5737521000,s,124
5737661000,s,124
5737824000,s,124
5738010000,s,124
5738194000,s,124
5738389000,s,124
5738564000,s,124
5738660000,r,1340
5738661000,r,1340
5738792000,s,124
5738975000,s,124
5739395000,r,1340
5739395000,r,1340
5739395000,r,1340
5739396000,r,1340
5739396000,r,1340
5739396000,r,1340
5739466000,s,124
5739396000,r,1340
5739397000,r,1340
5739503000,r,1340
5739503000,r,1340
5739504000,r,1340
5739504000,r,1340
5739652000,s,124
5739791000,s,124
5740361000,s,124
5740579000,s,124
5740722000,s,124
5740924000,s,124
5741131000,s,124
5741300000,s,124
5741346000,r,1340
5741447000,s,124
5741346000,r,1340
5741346000,r,1340
5741347000,r,1340
5741347000,r,1340
5741347000,r,1340
5741347000,r,1340
5741348000,r,1340
5741527000,r,1340
5741528000,r,1340
5741528000,r,1340
5741528000,r,1340
5741608000,s,124
5741738000,s,124
5741870000,s,124
5741995000,s,124
5742126000,s,124
5742170000,s,124
5742199000,s,124
5742220000,s,124
5742238000,s,124
5742256000,s,124
5742292000,s,124
5742314000,s,124
5742333000,s,124
5742348000,s,124
5742362000,s,124
5742376000,s,124
5746645000,r,1340
5746645000,r,1340
5746992000,s,124
5747040000,s,124
5748714000,r,1340
5748714000,r,1340
5748714000,r,1340
5748714000,r,1340
5748714000,r,1340
5748714000,r,1340
5748715000,r,1340
5748715000,r,1340
5748783000,r,1340
5749012000,s,124
5749459000,s,124
5749597000,s,124
5749725000,s,124
5749844000,s,124
5749963000,s,124
5750063000,s,124
5750159000,s,124
5750239000,s,124
5750640000,r,1340
5750640000,r,1340
5750640000,r,1340
5750641000,r,1340
5750641000,r,1340
5750641000,r,1340
5750641000,r,1340
5750641000,r,1340
5750701000,r,1340
5750701000,r,1340
5750701000,r,1340
5750702000,r,1340
5750702000,r,1340
5750702000,r,1340
5750702000,r,1340
5751087000,s,124
5751225000,s,124
5751311000,s,124
5751400000,s,124
5751491000,s,124
5751603000,s,124
5751713000,s,124
5751817000,s,124
5751919000,s,124
5752014000,s,124
5752108000,s,124
5752204000,s,124
5752298000,s,124
5752387000,s,124
5752475000,s,124
5753230000,r,1340
5753811000,s,124
5754693000,r,1340
5754694000,r,1340
5754694000,r,1340
5754694000,r,1340
5754694000,r,1340
5754694000,r,1340
5754694000,r,1340
5754694000,r,1340
5754738000,r,1340
5754738000,r,1340
5754738000,r,1340
5754738000,r,1340
5754738000,r,1340
5754738000,r,1340
5754738000,r,1340
5754738000,r,1340
5754766000,r,1340
5755129000,s,124
5755431000,s,124
5755513000,s,124
5755635000,s,124
5755747000,s,124
5755867000,s,124
5755984000,s,124
5756102000,s,124
5756484000,s,124
5756571000,r,1340
5756572000,r,1340
5756572000,r,1340
5756572000,r,1340
5756572000,r,1340
5756678000,s,124
5756573000,r,1340
5756573000,r,1340
5756775000,s,124
5756927000,s,124
5757006000,s,124
5757080000,s,124
5757205000,s,124
5757303000,s,124
5757412000,s,124
5757530000,s,124
5757637000,s,124
5757761000,s,124
5757946000,s,124
5758279000,s,124
5758404000,s,124
5758513000,s,124
5758995000,r,1340
5758996000,r,1340
5759505000,s,124
5759789000,s,124
5760868000,r,1340
5760868000,r,1340
5760868000,r,1340
5761446000,s,124
5761585000,s,124
5761677000,s,124
5764638000,r,1340
5764638000,r,1340
5764639000,r,1340
5764639000,r,1340
5764639000,r,1340
5764639000,r,1340
5764639000,r,1340
5764639000,r,1340
5764761000,r,1340
5764761000,r,1340
5764761000,r,1340
5764761000,r,1340
5764761000,r,1340
5764762000,r,1340
5764762000,r,1340
5764762000,r,1340
5764806000,r,1340
5764806000,r,1340
5765184000,s,124
5765643000,s,124
5765668000,s,124
5765682000,s,124
5765694000,s,124
5765705000,s,124
5765724000,s,124
5765736000,s,124
5765746000,s,124
5765935000,s,124
5766087000,s,124
5766209000,s,124
5766341000,s,124
5766573000,s,124
5766682000,s,124
5766823000,r,1340
5766823000,r,1340
5766823000,r,1340
5766823000,r,1340
5766824000,r,1340
5766966000,s,124
5767011000,s,124
5767177000,s,124
5767219000,s,124
5767244000,s,124
5767266000,s,124
5767306000,s,124
5767345000,s,124
5770133000,r,1340
5770134000,r,1340
5770134000,r,1340
5770134000,r,1340
5770134000,r,1340
5770134000,r,1340
5770134000,r,1340
5770134000,r,1340
5770255000,r,1340
5770255000,r,1340
5770255000,r,1340
5770256000,r,1340
5770256000,r,1340
5770256000,r,1340
5770256000,r,1340
5770257000,r,1340
5770320000,r,1340
5770320000,r,1340
5770771000,s,124
5771077000,s,124
5771249000,s,124
5771343000,s,124
5771671000,s,124
5771786000,s,124
5771874000,s,124
5771972000,s,124
5772068000,s,124
5772167000,s,124
5772245000,s,124
5772323000,s,124
5772411000,s,124
5772506000,s,124
5772587000,s,124
5772667000,s,124
5772756000,s,124
5772834000,s,124
5774382000,r,1340
5774382000,r,1340
5774382000,r,1340
5774383000,r,1340
5774383000,r,1340
5774383000,r,1340
5774383000,r,1340
5774384000,r,1340
5774539000,r,1340
5774540000,r,1340
5774540000,r,1340
5774540000,r,1340
5774540000,r,1340
5774964000,s,124
5775121000,s,124
5775376000,s,124
5775504000,s,124
5775592000,s,124
5775670000,s,124
5775776000,s,124
5775858000,s,124
5775932000,s,124
5776007000,s,124
5776108000,s,124
5776204000,s,124
5776348000,s,124
5777895000,r,1340
5777895000,r,1340
5777895000,r,1340
5778175000,s,124
5778224000,s,124
5778245000,s,124
5778382000,r,1340
5778382000,r,1340
5778382000,r,1340
5778382000,r,1340
5778382000,r,1340
5778383000,r,1340
5778644000,s,124
5778905000,s,124
5778940000,s,124
5778960000,s,124
5779417000,s,124
5779441000,s,124
5779941000,r,1340
5779941000,r,1340
5779941000,r,1340
5779941000,r,1340
5779941000,r,1340
5779941000,r,1340
5779941000,r,1340
5779942000,r,1340
5780045000,r,1340
5780045000,r,1340
5780046000,r,1340
5780046000,r,1340
5780046000,r,1340
5780046000,r,1340
5780046000,r,1340
5780047000,r,1340
5780309000,s,124
5780807000,s,124
5780939000,s,124
5781058000,s,124
5781140000,s,124
5781255000,s,124
5781355000,s,124
5781463000,s,124
5781567000,s,124
5781669000,s,124
5781764000,s,124
5781864000,s,124
5782664000,r,1340
5782664000,r,1340
5783149000,s,124
5786551000,r,1340
5786552000,r,1340
5786552000,r,1340
5786552000,r,1340
5786552000,r,1340
5786552000,r,1340
5786553000,r,1340
5786553000,r,1340
5786731000,r,1340
5786731000,r,1340
5786732000,r,1340
5786732000,r,1340
5786732000,r,1340
5786732000,r,1340
5786732000,r,1340
5786733000,r,1340
5786801000,r,1340
5786801000,r,1340
5786802000,r,1340
5786802000,r,1340
5786802000,r,1340
5787107000,s,124
5787672000,s,124
5787902000,s,124
5788160000,s,124
5788510000,s,124
5788821000,s,124
5790172000,r,1340
5790172000,r,1340
5790172000,r,1340
5790172000,r,1340
5790172000,r,1340
5790172000,r,1340
5790172000,r,1340
5790172000,r,1340
5790266000,s,124
5790891000,s,124
5791333000,s,124
5791704000,s,124
5793059000,r,1340
5793059000,r,1340
5793059000,r,1340
5793059000,r,1340
5793059000,r,1340
5793059000,r,1340
5793059000,r,1340
5793059000,r,1340
5793146000,r,1340
5793146000,r,1340
5793146000,r,1340
5793146000,r,1340
5793383000,r,1340
5793383000,r,1340
5793383000,r,1340
5793969000,s,124
5794406000,s,124
5794788000,s,124
5794989000,s,124
5795103000,s,124
5795330000,s,124
5795429000,r,1340
5795429000,r,1340
5795429000,r,1340
5795429000,r,1340
5795429000,r,1340
5795429000,r,1340
5795429000,r,1340
5795430000,r,1340
5795550000,r,1340
5795550000,r,1340
5795551000,r,1340
5795551000,r,1340
5795551000,r,1340
5795551000,r,1340
5795551000,r,1340
5795746000,s,124
5796385000,s,124
5796706000,s,124
5797668000,s,124
5797806000,s,124
5800340000,r,1340
5800341000,r,1340
5801358000,s,124
5802229000,r,1340
5802230000,r,1340
5802230000,r,1340
5802882000,s,124
5803948000,r,1340
5803948000,r,1340
5803948000,r,1340
5803948000,r,1340
5803949000,r,1340
5803949000,r,1340
5803949000,r,1340
5803949000,r,1340
5804012000,r,1340
5804013000,r,1340
5804013000,r,1340
5804013000,r,1340
5804013000,r,1340
5804013000,r,1340
5804013000,r,1340
5804014000,r,1340
5804056000,r,1340
5804056000,r,1340
5804057000,r,1340
5804057000,r,1340
5804057000,r,1340
5804057000,r,1340
5804057000,r,1340
5804057000,r,1340
5804493000,s,124
5805102000,s,124
5805262000,s,124
5805622000,s,124
5805781000,s,124
5805875000,s,124
5805950000,s,124
5806032000,s,124
5806111000,s,124
5806354000,r,1340
5806354000,r,1340
5806354000,r,1340
5806355000,r,1340
5806355000,r,1340
5806881000,s,124
5808719000,r,1340
5808719000,r,1340
5808719000,r,1340
5808719000,r,1340
5808719000,r,1340
5808719000,r,1340
5808720000,r,1340
5808720000,r,1340
5808784000,r,1340
5808785000,r,1340
5808785000,r,1340
5808785000,r,1340
5808785000,r,1340
5808785000,r,1340
5809130000,r,1340
5809130000,r,1340
5809130000,r,1340
5809508000,s,124
5809745000,s,124
5810522000,r,1340
5810522000,r,1340
5810522000,r,1340
5811149000,s,124
5814649000,r,1340
5814649000,r,1340
5814650000,r,1340
5814650000,r,1340
5814650000,r,1340
5814650000,r,1340
5815678000,s,124
5815866000,r,1340
5815866000,r,1340
5815866000,r,1340
5815866000,r,1340
5816680000,s,124
5816764000,s,124
5817325000,s,124
5817392000,r,1340
5817392000,r,1340
5817392000,r,1340
5817392000,r,1340
5817392000,r,1340
5817393000,r,1340
5817393000,r,1340
5817393000,r,1340
5817478000,r,1340
5817881000,r,1340
5817881000,r,1340
5817881000,r,1340
5817881000,r,1340
5817882000,r,1340
5817882000,r,1340
5818063000,s,124
5818446000,s,124
5818577000,s,124
5818799000,s,124
5819472000,r,1340
5819472000,r,1340
5819472000,r,1340
5819472000,r,1340
5819473000,r,1340
5819473000,r,1340
5819834000,s,124
5819872000,r,1340
5819872000,r,1340
5819873000,r,1340
5819933000,r,1340
5819934000,r,1340
5819934000,r,1340
5821060000,s,124
5821404000,r,1340
5821404000,r,1340
5821404000,r,1340
5821404000,r,1340
5821404000,r,1340
5821404000,r,1340
5821404000,r,1340
5821405000,r,1340
5821462000,r,1340
5821462000,r,1340
5821462000,r,1340
5821462000,r,1340
5821462000,r,1340
5821463000,r,1340
5821946000,s,124
5822382000,s,124
5822645000,r,1340
5822646000,r,1340
5822646000,r,1340
5822827000,s,124
5823871000,s,124
5823894000,r,1340
5823895000,r,1340
5823895000,r,1340
5823895000,r,1340
5823895000,r,1340
5823895000,r,1340
5823895000,r,1340
5823895000,r,1340
5823942000,r,1340
5823943000,r,1340
5825746000,s,124
5826414000,s,124
5826591000,s,124
5826787000,s,124
5826956000,s,124
5827123000,s,124
5827500000,s,124
5827663000,s,124
5827826000,s,124
5828612000,r,1340
5828612000,r,1340
5828880000,s,124
5829033000,s,124
5829181000,s,124
5829505000,s,124
5830385000,r,1340
5830386000,r,1340
5830386000,r,1340
5831558000,r,1340
5831559000,r,1340
5831559000,r,1340
5831559000,r,1340
5831559000,r,1340
5831560000,r,1340
5831560000,r,1340
5832114000,s,124
5832294000,s,124
5832402000,s,124
5832501000,s,124
5833233000,r,1340
5833233000,r,1340
5833234000,r,1340
5833234000,r,1340
5833234000,r,1340
5833234000,r,1340
5833234000,r,1340
5833234000,r,1340
5833360000,r,1340
5833360000,r,1340
5833360000,r,1340
5833361000,r,1340
5833965000,s,124
5834075000,s,124
5834216000,s,124
5834373000,s,124
5834567000,s,124
5834668000,r,1340
5834710000,s,124
5834668000,r,1340
5834668000,r,1340
5835278000,s,124
5835577000,s,124
5838665000,r,1340
5838665000,r,1340
5838665000,r,1340
5838665000,r,1340
5838666000,r,1340
5838666000,r,1340
5838666000,r,1340
5838666000,r,1340
5838751000,r,1340
5838752000,r,1340
5840015000,s,124
5840510000,s,124
5841219000,s,124
5841335000,s,124
5841901000,r,1340
5841902000,r,1340
5841902000,r,1340
5841902000,r,1340
5841902000,r,1340
5841902000,r,1340
5841902000,r,1340
5841902000,r,1340
5841982000,r,1340
5841982000,r,1340
5841982000,r,1340
5841982000,r,1340
5841982000,r,1340
5841982000,r,1340
5841982000,r,1340
5841983000,r,1340
5842022000,r,1340
5842022000,r,1340
5842022000,r,1340
5842022000,r,1340
5842022000,r,1340
5842022000,r,1340
5842022000,r,1340
5842431000,r,1340
5842431000,r,1340
5842431000,r,1340
5842431000,r,1340
5842431000,r,1340
5842432000,r,1340
5842432000,r,1340
5842432000,r,1340
5842478000,r,1340
5842478000,r,1340
5843225000,s,124
5843555000,s,124
5843670000,s,124
5843914000,s,124
5843974000,s,124
5844222000,s,124
5844335000,s,124
5844505000,s,124
5844600000,s,124
5844687000,s,124
5845393000,r,1340
5845393000,r,1340
5845393000,r,1340
5845393000,r,1340
5845393000,r,1340
5845393000,r,1340
5845394000,r,1340
5845394000,r,1340
5846072000,s,124
5846249000,s,124
5846657000,r,1340
5846657000,r,1340
5846657000,r,1340
5846657000,r,1340
5846658000,r,1340
5846658000,r,1340
5846658000,r,492
5847738000,s,124
5847870000,s,124
5848030000,s,124
6063286000,s,508
6077049000,r,124
6108375000,r,1196
6109656000,s,124
6148588000,s,156
6151808000,s,156
6151980000,s,156
6157437000,r,220
6158657000,r,204
6169755000,s,140
6171232000,s,268
6183827000,r,476
6183827000,r,1340
6183827000,r,1340
6183827000,r,1340
6183828000,r,1340
6183828000,r,1340
6183828000,r,1340
6184917000,s,124
6184986000,s,124
6185015000,s,124
6185031000,s,124
6185044000,s,124
6185327000,s,124
6185355000,s,124
6185454000,r,1340
6185454000,r,1340
6185455000,r,1340
6185455000,r,1340
6185455000,r,1340
6185455000,r,796
6185825000,s,124
6185985000,s,124
6186112000,s,124
6186223000,s,124
6186326000,s,124
6186426000,s,124
6187339000,r,140
6187867000,s,140
6192707000,s,1340
6192945000,s,780
6195617000,s,156
6196857000,s,156
6197811000,s,156
6202467000,s,604
6204144000,s,156
6205010000,s,156
6205839000,s,156
6214118000,r,140
6214119000,r,188
6214119000,r,380
6214119000,r,252
6215010000,s,140
6215155000,s,300
6216921000,s,204
6217816000,s,236
6218750000,s,652
6234455000,r,252
6234455000,r,140
6234455000,r,220
6234455000,r,204
6234455000,r,140
6236631000,s,140
6236674000,r,172
6236675000,r,140
6237100000,s,172
6237511000,r,1340
6237511000,r,1340
6237511000,r,1340
6237512000,r,1340
6237512000,r,1340
6237512000,r,1340
6237513000,r,1340
6237513000,r,1340
6237751000,r,700
6237793000,r,252
6238790000,s,140
6239416000,s,140
6239840000,s,140
6240332000,s,140
6248892000,s,124
6250693000,r,220
6254057000,r,220
6254057000,r,1340
6254057000,r,1340
6254057000,r,1340
6254661000,r,1340
6255032000,s,140
6255736000,r,140
6256068000,s,140
6256287000,r,1340
6256287000,r,1340
6256287000,r,220
6257435000,r,1340
6257435000,r,1340
6257623000,s,140
6257985000,s,140
6258217000,r,1340
6258217000,r,1340
6258217000,r,124
6258959000,s,140
6259242000,s,124
6260893000,r,1340
6260929000,s,1340
6260893000,r,1340
6260893000,r,1340
6260893000,r,1340
6261057000,s,652
6261529000,s,140
6261662000,s,140
6261798000,s,124
6262090000,r,1340
6262090000,r,1340
6262389000,s,140
6264091000,r,1340
6264091000,r,1340
6264535000,s,140
6264994000,r,1340
6264994000,r,1340
6265210000,s,140
6271102000,r,124
6271102000,r,124
6272749000,r,1340
6272749000,r,1340
6272749000,r,1340
6272749000,r,1340
6272749000,r,780
6272749000,r,1340
6272749000,r,1340
6272749000,r,124
6273277000,s,140
6273316000,s,124
6273327000,s,124
6273343000,s,124
6273352000,s,140
6273360000,s,124
6274435000,r,1340
6274435000,r,1340
6275291000,s,188
6275421000,s,140
6276974000,r,1340
6276975000,r,1340
6276975000,r,1340
6277288000,s,1340
6277340000,s,700
6277361000,s,140
6277895000,s,140
6278023000,s,204
6278647000,r,1340
6278647000,r,1340
6278712000,r,1340
6278773000,s,572
6279058000,s,140
6282718000,r,1340
6282718000,r,1340
6282718000,r,1340
6282718000,r,1340
6282719000,r,1340
6282719000,r,1340
6282719000,r,1340
6282719000,r,1340
6282814000,r,1340
6282930000,s,124
6283130000,s,140
6283386000,s,140
6283495000,s,140
6283923000,s,140
6284190000,s,140
6284251000,r,1340
6284251000,r,1340
6284334000,r,1340
6285004000,s,140
6286065000,r,1340
6286065000,r,1340
6286065000,r,1340
6286733000,s,140
6287161000,s,140
6292630000,r,1340
6292630000,r,1340
6292630000,r,412
6292630000,r,412
6292630000,r,172
6292630000,r,1340
6292630000,r,1340
6292631000,r,124
6292791000,r,156
6292792000,r,1340
6292792000,r,636
6292792000,r,1340
6292792000,r,1340
6292792000,r,1340
6292792000,r,1340
6292792000,r,1340
6292827000,r,1340
6292827000,r,124
6293885000,s,140
6294288000,s,124
6294429000,s,140
6294552000,s,156
6294784000,s,140
6294878000,s,124
6294995000,s,124
6295480000,s,124
6302182000,r,1340
6302182000,r,1340
6302182000,r,1340
6302183000,r,1340
6302183000,r,1340
6302183000,r,1116
6302749000,s,124
6302814000,s,124
6302832000,s,124
6302846000,s,124
6302865000,s,124
6303137000,s,124
6306003000,s,252
6306660000,r,1340
6306660000,r,1340
6306660000,r,1340
6306660000,r,1340
6306660000,r,1340
6306660000,r,1340
6306660000,r,1340
6306661000,r,1340
6306756000,r,1340
6306756000,r,1340
6306786000,s,220
6307310000,s,124
6307505000,s,124
6307715000,r,1340
6307715000,r,1340
6307715000,r,1340
6307715000,r,1340
6307716000,r,1340
6307716000,r,1340
6307716000,r,1340
6307716000,r,1340
6308229000,s,1100
6308279000,s,124
6308311000,s,124
6308340000,s,124
6308363000,s,124
6308534000,s,124
6308824000,s,124
6308975000,s,124
6321576000,r,1340
6321576000,r,1340
6321576000,r,1340
6321577000,r,1340
6321577000,r,1340
6321577000,r,1340
6321577000,r,1340
6321578000,r,1340
6321869000,r,1340
6321869000,r,1340
6321869000,r,1340
6321869000,r,1340
6321870000,r,1340
6321870000,r,1340
6321870000,r,1340
6321870000,r,1340
6321941000,r,1340
6321942000,r,1340
6321942000,r,1340
6321942000,r,1340
6321942000,r,1340
6321943000,r,1340
6321943000,r,1340
6321943000,r,1340
6322008000,r,1340
6322036000,r,1340
6322036000,r,1340
6322036000,r,1340
6322037000,r,1340
6322037000,r,540
6322037000,r,172
6322037000,r,172
6322038000,r,684
6323157000,s,124
6323445000,s,124
6323672000,s,124
6324055000,s,124
6324646000,s,124
6324894000,s,124
6324996000,s,124
6325710000,s,124
6325769000,s,124
6325785000,s,124
6325795000,s,124
6325803000,s,124
6325950000,s,124
6326125000,s,124
6326867000,s,124
6329821000,s,124
6331649000,s,156
6367150000,s,124
6385939000,r,124
7210554000,s,268
7248837000,s,268
7249265000,s,268
7280638000,r,140
7280638000,r,1340
7280639000,r,1340
7280639000,r,1340
7280640000,r,1340
7280640000,r,1340
7280641000,r,1340
7280641000,r,1340
7281126000,r,1340
7281127000,r,1340
7281447000,r,1340
7281448000,r,1340
7281448000,r,1340
7281449000,r,1340
7281449000,r,1340
7281450000,r,1340
7281789000,r,1340
7281789000,r,1340
7282089000,r,1340
7282434000,r,1340
7282434000,r,1340
7282434000,r,1340
7284373000,s,140
7284659000,s,140
7285346000,s,140
7285366000,r,1340
7285366000,r,1340
7285367000,r,1340
7285571000,s,140
7285367000,r,1340
7285368000,r,1340
7285368000,r,1340
7285369000,r,1340
7285369000,r,1340
7285678000,r,1340
7285770000,r,1340
7285811000,s,140
7286170000,s,140
7286438000,s,140
7286614000,r,1340
7286614000,r,1340
7286615000,r,1340
7286615000,r,1340
7287549000,r,1340
7287576000,s,140
7287855000,s,140
7288040000,s,140
7288216000,s,140
7288536000,r,1340
7288537000,r,1340
7288537000,r,1340
7288538000,r,1340
7288538000,r,1340
7288539000,r,1340
7288911000,r,1340
7288912000,r,1340
7289343000,s,140
7289615000,r,1340
7289664000,s,140
7289903000,s,140
7290700000,r,1340
7290700000,r,1340
7290701000,r,1340
7290701000,r,1340
7290868000,s,140
7291156000,s,140
7291392000,s,140
7291766000,r,1340
7291766000,r,1340
7291767000,r,1340
7291767000,r,1340
7292156000,r,1340
7292311000,s,140
7292556000,r,1340
7292557000,s,140
7292556000,r,1340
7292557000,r,1340
7292753000,s,140
7292949000,r,1340
7292961000,s,140
7293198000,s,140
7293415000,s,140
7293420000,r,1340
7293420000,r,1340
7293701000,r,1340
7293702000,r,1340
7294387000,s,140
7294582000,r,1340
7294721000,s,140
7294944000,s,140
7295136000,r,1340
7295153000,s,140
7295136000,r,1340
7295895000,s,140
7296178000,s,140
7296401000,s,140
7296734000,s,140
7296913000,r,1340
7296914000,r,1340
7296914000,r,1340
7297098000,s,140
7296915000,r,1340
7296915000,r,1340
7296916000,r,1340
7297238000,r,1340
7297238000,r,1340
7297239000,r,1340
7298157000,s,140
7299330000,s,140
7299672000,s,140
7300595000,s,140
7300824000,s,140
7303937000,r,1340
7303937000,r,1340
7303938000,r,1340
7303938000,r,1340
7303939000,r,1340
7303939000,r,1340
7303940000,r,1340
7303940000,r,1340
7304265000,r,1340
7304342000,r,1340
7304510000,r,1340
7304510000,r,1340
7305451000,r,1340
7305914000,r,1340
7305915000,r,1340
7306296000,s,140
7306474000,r,1340
7306474000,r,1340
7306475000,r,1340
7307274000,s,140
7307492000,r,1340
7307493000,r,1340
7307493000,r,1340
7307536000,s,140
7307672000,r,1340
7307673000,r,1340
7307673000,r,1340
7308297000,s,140
7308566000,s,140
7308651000,r,1340
7308652000,r,1340
7308652000,r,1340
7309278000,s,140
7309445000,r,1340
7309446000,r,1340
7309446000,r,1340
7309560000,s,140
7309809000,s,140
7310038000,s,140
7310256000,s,140
7310289000,r,1340
7310499000,s,140
7310809000,s,140
7311063000,s,140
7311319000,s,140
7311898000,r,1340
7312066000,s,140
7311899000,r,1340
7311899000,r,1340
7311900000,r,1340
7311900000,r,1340
7313667000,s,140
7313983000,r,1340
7314030000,s,140
7313984000,r,1340
7313984000,r,1340
7313985000,r,1340
7313985000,r,1340
7313986000,r,1340
7313986000,r,1340
7313987000,r,1340
7314256000,r,1340
7314596000,s,140
7315093000,s,140
7315423000,s,140
7316606000,r,1340
7316606000,r,1340
7316607000,r,1340
7316607000,r,1340
7316608000,r,1340
7316608000,r,1340
7316609000,r,1340
7316609000,r,1340
7316832000,s,140
7317079000,s,140
7318092000,s,140
7318400000,s,140
7318704000,r,1340
7318704000,r,1340
7318705000,r,1340
7318705000,r,1340
7318705000,r,1100
7318907000,s,140
7319209000,s,140
7319950000,s,140
7320466000,s,140
7320976000,s,140
8198614000,r,1340
8198614000,r,1340
8198614000,r,1340
8198614000,r,1340
8198615000,r,1340
8198615000,r,1340
8198615000,r,1244
8198615000,r,1340
8199289000,r,1340
8199289000,r,1340
8199290000,r,1340
8201578000,s,124
8201895000,s,124
8202058000,s,124
8202272000,s,124
8202413000,s,124
8202893000,s,124
8202980000,s,124
8203004000,s,124
8203617000,s,124
8203846000,s,124
8204036000,s,124
8212325000,s,156
8215646000,r,1340
8215646000,r,1340
8215647000,r,1340
8215647000,r,1340
8215647000,r,1340
8215647000,r,1340
8215647000,r,1340
8215648000,r,1340
8215806000,r,1340
8215807000,r,1340
8215807000,r,1340
8215807000,r,1340
8215807000,r,1340
8215807000,r,1340
8215807000,r,1340
8215808000,r,1340
8215855000,r,1340
8215856000,r,1340
8215856000,r,1340
8215856000,r,1340
8215856000,r,1340
8217189000,s,124
8217558000,s,124
8217698000,s,124
8218482000,s,124
8218550000,s,124
8218574000,s,124
8218975000,s,124
8219032000,s,124
8219261000,s,124
8219537000,s,124
8226685000,r,124
8229891000,r,1340
8229892000,r,1340
8229892000,r,1340
8229892000,r,1340
8229892000,r,1340
8229892000,r,1340
8229892000,r,1340
8229892000,r,1340
8230028000,r,1340
8230029000,r,1340
8230029000,r,1340
8230029000,r,1340
8230029000,r,1340
8230029000,r,1340
8230029000,r,1340
8230029000,r,1340
8230074000,r,1340
8230074000,r,1340
8230074000,r,1340
8230074000,r,1340
8230074000,r,1340
8230075000,r,1340
8230075000,r,1340
8230075000,r,1340
8230178000,r,1340
8230178000,r,1340
8230178000,r,1340
8231249000,s,124
8231756000,r,1340
8231767000,s,124
8231756000,r,1340
8231757000,r,1340
8231757000,r,1340
8231757000,r,956
8232630000,s,124
8232898000,s,124
8233465000,s,124
8233618000,s,124
8233779000,s,124
8234242000,s,124
8234370000,s,124
8234777000,s,124
8235603000,s,124
8235765000,s,124
8236115000,s,124
8236309000,s,124
8236440000,s,124
8236655000,s,124
8280010000,s,124
10250852000,r,140
10250852000,r,124
10250853000,r,124
10254391000,s,124
10255033000,s,124
11379108000,r,172
11379108000,r,140
11379109000,r,124
11379109000,r,124
11382191000,s,124
11382565000,s,124
11382897000,s,124
11383151000,s,124
11394856000,r,124
16399194000,r,172
16399195000,r,156
16399195000,r,124
16399196000,r,124
16399196000,r,172
16399197000,r,156
16399197000,r,156
16404012000,s,124
16404474000,s,124
16404944000,s,124
16405262000,s,124
16407408000,s,124
16408072000,s,124
16422813000,r,124
16422813000,r,124
18190806000,r,156
18190806000,r,140
18190807000,r,124
18190807000,r,124
18195290000,s,124
18195751000,s,124
18195940000,s,124
18196783000,s,124
22438933000,r,172
22438934000,r,156
22438934000,r,156
22443866000,s,156
22447010000,s,140
22466784000,r,140
28178862000,s,156
28217533000,s,156
28217976000,s,156
28238765000,r,156