0,s,156
38132000,s,156
38559000,s,156
56997000,r,156
1403448000,s,124
1447842000,s,124
1448265000,s,124
1448351000,s,124
1452853000,s,1340
1452977000,s,1276
1470580000,r,124
1473114000,s,124
1475084000,s,1340
1475295000,s,748
1486196000,r,124
1486196000,r,124
1486450000,r,364
1487739000,s,124
1489543000,s,188
1489885000,s,204
1490340000,s,652
1495122000,r,268
1495122000,r,348
1496625000,s,124
1500863000,r,204
1500863000,r,172
1502249000,s,124
1502521000,s,156
1523596000,s,124
1528639000,s,1340
1529271000,s,1340
1531025000,s,172
1543743000,r,1372
1543743000,r,1372
1545201000,r,124
1551838000,s,1340
1551971000,s,188
1553217000,r,124
1554061000,s,316
1554401000,s,396
1567338000,r,124
1568373000,r,124
1584800000,r,380
1588120000,s,140
1595338000,r,1340
1595339000,r,1340
1595339000,r,1340
1595339000,r,1340
1595340000,r,1340
1595340000,r,1340
1595340000,r,1340
1595341000,r,1340
1595681000,r,1148
1595681000,r,124
1597619000,s,124
1597995000,s,124
1598228000,s,124
1598688000,s,124
1621407000,s,1340
1621513000,s,188
1639182000,s,460
1640308000,s,364
1641821000,s,124
1650912000,s,476
1653178000,r,124
1653178000,r,124
1653178000,r,124
1653859000,s,124
1656540000,r,396
1657481000,s,1340
1657534000,s,764
1660430000,r,1340
1660430000,r,1340
1660430000,r,380
1660430000,r,1340
1660431000,r,1340
1660431000,r,1340
1660431000,r,1340
1660431000,r,1340
1660529000,r,1340
1660529000,r,1340
1660529000,r,1340
1660529000,r,1340
1660530000,r,1340
1660530000,r,1340
1660530000,r,1340
1660530000,r,1340
1660564000,r,1340
1660886000,s,124
1660962000,s,124
1660991000,s,124
1661485000,s,124
1661791000,s,124
1662302000,s,124
1662440000,s,124
1662546000,s,124
1662815000,s,124
1663769000,r,124
1668443000,r,124
1668443000,r,124
1671041000,r,364
1671731000,s,124
1673025000,r,1340
1673025000,r,1340
1673025000,r,1180
1673417000,s,188
1673690000,s,124
1674550000,s,668
1683762000,r,124
1683762000,r,204
1683762000,r,124
1692744000,s,124
1697195000,r,124
1701185000,r,1340
1701185000,r,1340
1701804000,r,1340
1701804000,r,1340
1701804000,r,1340
1701805000,r,1340
1701805000,r,1340
1701805000,r,1340
1701949000,s,124
1702265000,s,124
1702825000,s,124
1702946000,s,124
1712984000,r,188
1712984000,r,284
1714638000,s,124
1721549000,s,124
1723718000,r,1340
1723718000,r,1340
1723718000,r,1340
1723718000,r,1340
1723718000,r,1340
1723718000,r,1340
1723719000,r,1340
1723719000,r,1340
1723844000,r,1340
1723844000,r,1340
1723844000,r,428
1724387000,s,124
1724670000,s,124
1724838000,s,124
1725073000,s,124
1725277000,s,124
1725413000,s,124
1737219000,r,1340
1737220000,r,1340
1739281000,s,124
1739319000,r,1340
1739319000,r,1340
1739319000,r,1340
1739320000,r,1340
1739320000,r,1340
1739320000,r,1340
1739320000,r,1340
1740518000,r,1340
1740518000,r,1340
1742606000,r,1340
1742606000,r,1340
1746231000,s,124
1746687000,s,124
1747035000,s,124
1747513000,s,124
1748015000,s,124
1748355000,s,124
1748539000,r,1340
1748539000,r,1340
1748539000,r,1340
1748540000,r,1340
1748540000,r,1340
1750456000,r,1340
1750456000,r,1340
1750832000,s,124
1751031000,s,124
1751260000,r,1340
1751260000,r,1340
1751439000,s,124
1752391000,s,124
1754363000,r,1340
1754363000,r,1340
1754363000,r,1340
1755532000,s,124
1755805000,s,124
1756183000,r,1340
1756183000,r,1340
1757203000,s,124
1758968000,r,1340
1758968000,r,1340
1759384000,r,1340
1759385000,r,1340
1759615000,s,124
1759924000,s,124
1762291000,r,1340
1762291000,r,1340
1762291000,r,1340
1763172000,s,124
1763543000,r,1340
1764268000,s,124
1765176000,r,1196
1774046000,s,1340
1774150000,s,1340
1774171000,s,1340
1774182000,s,172
1775025000,s,268
1775315000,s,220
1791461000,s,1340
1791542000,s,284
1797190000,r,124
1799894000,r,124
1799894000,r,1340
1800866000,s,124
1801353000,r,1340
1801353000,r,1340
1801353000,r,1340
1801353000,r,1340
1801354000,r,1340
1801354000,r,1340
1802792000,r,1340
1802792000,r,220
1802792000,r,1340
1802792000,r,1340
1802792000,r,1340
1802792000,r,1340
1802793000,r,1340
1802976000,s,124
1803184000,s,124
1803297000,s,124
1804276000,r,1340
1804332000,s,124
1804276000,r,1340
1804277000,r,1340
1804277000,r,1340
1804277000,r,1340
1804277000,r,1340
1804522000,s,124
1804708000,r,1340
1804709000,r,1340
1804709000,r,1340
1805067000,s,124
1805283000,s,124
1805423000,s,124
1805548000,s,124
1805676000,s,124
1806472000,r,1340
1806473000,r,1340
1806473000,r,1340
1806473000,r,1340
1806473000,r,1340
1807320000,s,124
1807801000,r,140
1807801000,r,124
1807801000,r,124
1807801000,r,140
1807801000,r,1340
1807801000,r,1340
1809094000,r,1340
1809094000,r,1340
1809094000,r,1340
1809094000,r,1340
1809094000,r,1340
1809094000,r,1340
1809095000,r,1340
1809095000,r,1100
1809882000,s,124
1809951000,s,124
1809972000,s,124
1810776000,s,124
1810862000,s,124
1811022000,s,124
1811189000,r,1340
1811189000,r,1340
1811189000,r,1340
1811190000,r,1340
1811190000,r,1340
1811190000,r,1340
1812620000,s,124
1812686000,s,124
1812701000,s,124
1812717000,s,412
1812948000,r,1340
1812948000,r,1340
1812949000,r,1340
1812949000,r,1340
1812949000,r,1340
1812949000,r,1340
1812949000,r,1340
1812949000,r,1340
1813069000,r,1340
1813069000,r,892
1813069000,r,1340
1813070000,r,396
1813070000,r,1036
1814005000,s,364
1814926000,s,124
1816246000,s,1340
1816305000,s,172
1816630000,s,124
1824753000,r,124
1824754000,r,124
1827673000,r,124
1844357000,r,220
1868564000,r,380
1871208000,s,124
1909572000,s,124
2048503000,s,1340
2048669000,s,1340
2048811000,s,172
2050707000,s,572
2054498000,s,1340
2054595000,s,1340
2054673000,s,172
2055143000,s,540
2068364000,r,140
2068365000,r,1340
2068707000,r,140
2068708000,r,1340
2076208000,r,1340
2076208000,r,396
2076208000,r,1036
2076209000,r,140
2076209000,r,124
2076209000,r,1340
2076497000,r,396
2076497000,r,1036
2077967000,r,140
2077968000,r,124
2077968000,r,556
2078832000,s,1340
2079557000,s,172
2079791000,s,124
2081851000,s,1340
2082098000,s,172
2082370000,s,124
2083039000,s,124
2084938000,r,140
2084939000,r,124
2086254000,s,124
2092257000,s,1340
2092385000,s,1340
2092841000,r,508
2092917000,s,172
2092841000,r,220
2094184000,s,124
2096096000,r,220
2096545000,r,124
2106877000,r,140
2106877000,r,1340
2108564000,r,124
2110587000,s,1340
2110638000,s,1340
2110655000,s,172
2112208000,s,556
2113268000,s,620
2114709000,r,1340
2114865000,r,396
2114865000,r,1036
2114865000,r,124
2116794000,s,1340
2117202000,s,124
2117584000,s,700
2119941000,s,124
2122267000,s,124
2130023000,s,1340
2130083000,s,1340
2130097000,s,172
2131263000,s,652
2133192000,r,220
2133344000,r,124
2134373000,s,124
2134933000,r,140
2138080000,r,124
2140921000,r,1340
2140921000,r,1340
2140921000,r,1340
2140921000,r,1340
2140921000,r,1340
2141947000,r,1340
2141947000,r,1340
2141948000,r,1340
2141948000,r,1340
2141948000,r,1340
2141948000,r,1340
2141948000,r,1340
2141948000,r,1340
2142031000,r,1340
2142031000,r,1340
2142032000,r,1340
2142095000,s,124
2142633000,s,124
2142886000,s,124
2143051000,s,124
2143172000,r,1340
2143226000,r,1340
2143998000,s,124
2144056000,s,124
2144093000,s,124
2144109000,s,124
2146985000,s,124
2148497000,r,1340
2148497000,r,1340
2148497000,r,1340
2148497000,r,1340
2148497000,r,396
2148497000,r,1036
2148497000,r,124
2148497000,r,1340
2148585000,r,1340
2148585000,r,1340
2149167000,r,1340
2149167000,r,1340
2149167000,r,1340
2149400000,s,124
2150805000,r,1340
2150805000,r,1340
2150805000,r,1340
2150806000,r,1340
2150806000,r,1340
2150806000,r,1340
2150806000,r,1340
2150806000,r,1340
2151792000,r,1340
2151792000,r,1340
2151792000,r,1340
2151792000,r,1340
2151793000,r,1340
2151793000,r,1340
2151793000,r,1340
2151793000,r,1340
2151869000,r,1340
2151869000,r,1340
2151869000,r,1340
2151869000,r,1340
2152617000,s,1340
2153384000,r,1340
2153384000,r,1340
2153384000,r,1340
2153385000,r,1004
2153385000,r,1340
2153385000,r,1340
2153832000,s,172
2154331000,r,1340
2154332000,r,1340
2154332000,r,1340
2154332000,r,1340
2154332000,r,1340
2154332000,r,1340
2154332000,r,1340
2154332000,r,1340
2154442000,r,1340
2154442000,r,1340
2154979000,s,124
2155322000,s,124
2155388000,r,1340
2155388000,r,1004
2155821000,s,124
2156057000,s,124
2156301000,s,124
2156711000,s,124
2157559000,s,124
2157664000,s,124
2157975000,s,124
2158317000,s,124
2158587000,s,124
2158817000,s,124
2159425000,s,124
2160155000,s,188
2160297000,r,1340
2160297000,r,1340
2160297000,r,1340
2160297000,r,1340
2160297000,r,140
2160297000,r,1340
2160297000,r,1340
2160298000,r,1340
2160435000,r,1340
2160435000,r,1340
2160435000,r,1340
2160436000,r,1340
2160436000,r,1340
2160915000,r,1340
2160915000,r,1340
2161040000,s,124
2161283000,s,124
2161653000,s,124
2162176000,s,124
2162578000,s,124
2162620000,s,124
2162789000,s,124
2163276000,s,124
2163384000,r,1340
2163384000,r,1340
2163384000,r,1340
2163385000,r,1340
2163385000,r,1340
2163385000,r,1340
2163385000,r,1340
2163385000,r,1340
2163668000,s,124
2163773000,s,124
2164083000,s,124
2164448000,s,124
2164580000,r,1340
2166393000,r,908
2169882000,r,1340
2169882000,r,396
2169882000,r,1036
2169882000,r,124
2169882000,r,1340
2169882000,r,1340
2169882000,r,1340
2169882000,r,1324
2170721000,s,124
2170844000,s,124
2171310000,s,124
2171427000,s,124
2173042000,s,1340
2173553000,s,172
2173961000,s,124
2174537000,s,124
2174887000,s,124
2175027000,s,124
2175370000,s,124
2175587000,s,124
2175685000,s,124
2175862000,s,124
2180779000,r,220
2181882000,s,124
2183288000,s,1340
2183327000,s,396
2183339000,s,124
2183670000,r,332
2184202000,r,124
2189385000,r,124
2199027000,r,220
2199027000,r,124
2199896000,r,124
2208215000,r,124
2209500000,s,124
2215879000,s,124
2226223000,s,124
2247907000,s,1244
2248952000,r,124
2256156000,s,1260
2257479000,s,1036
2258563000,r,172
2258563000,r,172
2264953000,s,140
2275208000,r,268
2275208000,r,284
2276654000,s,124
2281114000,r,124
2288376000,s,124
2290544000,r,268
2290544000,r,140
2292606000,r,268
2292606000,r,204
2297615000,s,140
2316549000,r,124
2317888000,s,252
2332478000,s,732
2337015000,r,1340
2337015000,r,1340
2337015000,r,1340
2337015000,r,1340
2337834000,s,124
2338084000,s,124
2338398000,s,124
2338469000,s,124
2338997000,r,1340
2338997000,r,1340
2338997000,r,812
2338997000,r,1340
2338997000,r,1340
2338997000,r,1340
2339747000,s,124
2339839000,s,124
2339914000,s,124
2339978000,s,124
2340027000,s,124
2340082000,s,124
2342281000,r,140
2349261000,s,140
2349751000,r,1340
2349751000,r,1340
2349752000,r,1340
2349752000,r,956
2350237000,s,124
2350298000,s,124
2350322000,s,124
2350342000,s,124
2368095000,r,524
2375242000,s,140
2397193000,r,124
2426056000,r,124
4136214000,r,1340
4136214000,r,1340
4136214000,r,1340
4136215000,r,1340
4136215000,r,1340
4136216000,r,1340
4136216000,r,1244
4136217000,r,1340
4136926000,r,1340
4136926000,r,1340
4136927000,r,1340
4139495000,s,124
4140035000,s,124
4140324000,s,124
4140490000,s,124
4140826000,s,124
4141022000,s,124
4141249000,s,124
4141567000,s,124
4141730000,s,124
4142083000,s,124
4142284000,s,124
4161645000,r,1340
4161646000,r,1340
4161646000,r,1340
4161647000,r,1340
4161647000,r,1340
4161648000,r,1340
4161648000,r,1340
4161649000,r,1340
4162125000,r,1340
4162125000,r,1340
4162126000,r,1340
4162126000,r,1340
4162127000,r,1340
4162127000,r,1340
4162127000,r,1340
4162128000,r,1340
4162291000,r,1340
4162291000,r,1340
4162292000,r,1340
4162292000,r,1340
4162293000,r,1340
4164193000,s,124
4164694000,s,124
4165947000,s,124
4166192000,s,124
4166351000,s,124
4166488000,s,124
4168576000,s,124
4171080000,s,124
4171485000,s,124
4172001000,s,124
4172378000,s,124
4172729000,s,124
4173027000,s,124
4173496000,s,124
4173798000,s,124
4175205000,s,124
4175547000,s,124
4175724000,s,124
4175870000,s,124
4176058000,s,124
4179086000,r,1340
4179087000,r,1340
4179087000,r,1340
4179088000,r,1340
4179088000,r,1340
4179089000,r,1340
4179089000,r,1340
4179090000,r,1340
4179471000,r,1340
4179471000,r,1340
4179472000,r,1340
4179472000,r,1340
4180171000,r,1340
4180172000,r,1340
4181032000,s,124
4181433000,s,124
4181623000,s,124
4181775000,s,124
4182604000,s,124
4183492000,s,124
4183944000,s,124
4184095000,s,124
4184188000,s,124
4184304000,s,124
4184437000,s,124
4185647000,s,124
4186030000,s,124
4186174000,s,124
4186301000,s,124
4186798000,r,1340
4186798000,r,1340
4186798000,r,1340
4186798000,r,1340
4186799000,r,1340
4186799000,r,1340
4186799000,r,1340
4186799000,r,1340
4186918000,r,1340
4186919000,r,1340
4186919000,r,1340
4186919000,r,1340
4186919000,r,1340
4186919000,r,1340
4187497000,s,124
4187643000,s,124
4187756000,s,124
4187850000,s,124
4187948000,s,124
4188081000,s,124
4188182000,s,124
4188302000,s,124
4188430000,s,124
4188562000,s,124
4188602000,r,1340
4188603000,r,1340
4188603000,r,1340
4188603000,r,956
4188900000,s,124
4189057000,s,124
4190376000,s,124
4190566000,s,124
4190702000,s,124
4190807000,s,124
4190902000,s,124
4191043000,s,124
4349055000,s,1340
4349715000,s,1340
4350157000,s,1340
4350374000,s,1340
4350425000,s,1340
4350659000,s,1340
4350805000,s,1340
4351474000,s,1340
4351693000,s,1340
4351885000,s,780
4385217000,r,124
4385217000,r,124
4385217000,r,124
4385217000,r,124
4385218000,r,124
4394086000,s,124
4428987000,r,188
4428987000,r,236
4437818000,s,140
4485681000,r,124
7000777000,r,140
7000777000,r,124
7000778000,r,124
7003053000,s,124
7003358000,s,124
12118740000,s,156
12155815000,s,156
12156276000,s,156
12174166000,r,156
14169372000,r,156
14169373000,r,140
14169373000,r,140
14173278000,s,124
14173730000,s,124
14176129000,s,124
14197292000,r,124
20243469000,s,156
20280214000,s,156
20280648000,s,156
20299140000,r,156