0,s,156
37284000,s,156
37721000,s,156
56047000,r,156
2461455000,s,124
2466903000,s,124
2474218000,s,124
2477290000,r,236
2477290000,r,172
2483045000,r,236
2486086000,s,124
2488697000,s,124
2502027000,r,124
2504430000,s,124
2505384000,s,1340
2505542000,s,780
2516415000,r,124
2519020000,r,364
2519738000,s,124
2520939000,s,188
2532274000,r,204
2536224000,s,1340
2536335000,s,1036
2546972000,s,204
2547904000,s,652
2559065000,r,124
2559066000,r,172
2562327000,s,156
2562418000,r,124
2575050000,r,268
2575050000,r,172
2576812000,s,124
2580068000,s,1340
2580413000,s,1340
2585747000,r,1340
2585782000,s,172
2585747000,r,1340
2585747000,r,1340
2585747000,r,1340
2585747000,r,1340
2585747000,r,1340
2585748000,r,1340
2585748000,r,1340
2585907000,r,1148
2588112000,s,124
2588203000,s,124
2588223000,s,124
2588241000,s,124
2596508000,r,1372
2596509000,r,1372
2601481000,s,1340
2601561000,s,188
2602491000,s,316
2602571000,s,124
2603668000,s,1340
2603790000,s,220
2604945000,s,396
2615248000,s,460
2615407000,s,364
2615921000,r,124
2623237000,s,124
2626453000,r,124
2626453000,r,124
2632311000,s,476
2633955000,r,124
2634577000,s,124
2634948000,r,380
2635484000,r,1340
2635484000,r,1340
2635484000,r,380
2635766000,s,124
2635997000,r,396
2635997000,r,172
2636236000,s,140
2636749000,s,1340
2636794000,s,732
2637058000,s,124
2637693000,r,172
2637693000,r,1340
2637693000,r,1340
2637693000,r,1340
2637693000,r,1340
2637693000,r,1340
2637693000,r,1340
2637694000,r,1340
2637797000,r,1340
2637797000,r,1340
2637797000,r,1340
2637797000,r,1340
2637798000,r,1340
2637798000,r,1340
2637798000,r,1340
2638664000,s,124
2638823000,s,124
2638946000,s,124
2639269000,s,124
2639362000,s,124
2639526000,s,124
2639733000,s,124
2642172000,s,124
2644142000,r,124
2647081000,r,1340
2647081000,r,1340
2647082000,r,1180
2647455000,s,124
2648515000,r,124
2648515000,r,124
2648515000,r,364
2648848000,s,124
2650219000,s,188
2651214000,s,668
2663008000,r,124
2663008000,r,124
2663008000,r,204
2664950000,r,1340
2664950000,r,1340
2664950000,r,1340
2664950000,r,1340
2664950000,r,124
2665723000,s,124
2665855000,s,124
2666245000,r,1340
2666245000,r,1340
2666245000,r,1340
2666245000,r,1340
2666245000,r,1340
2666810000,s,124
2667013000,s,124
2668038000,s,124
2677676000,r,1340
2677676000,r,1340
2677677000,r,1340
2677677000,r,1340
2677677000,r,1340
2677677000,r,1340
2677677000,r,1340
2677677000,r,1340
2677838000,r,1340
2677838000,r,428
2678478000,s,124
2678606000,s,124
2678702000,s,124
2678770000,s,124
2678862000,s,124
2691425000,s,124
2693480000,s,124
2729194000,r,1340
2729194000,r,460
2729195000,r,1340
2729195000,r,1340
2729195000,r,1340
2729195000,r,1340
2729195000,r,1340
2729195000,r,1340
2729406000,r,1340
2729406000,r,1260
2729406000,r,1340
2729406000,r,1340
2729406000,r,1340
2729406000,r,1340
2729406000,r,1340
2729406000,r,1340
2729441000,r,1340
2729441000,r,1340
2729441000,r,1340
2729441000,r,1340
2729441000,r,1340
2729442000,r,1340
2729442000,r,1340
2729442000,r,1340
2729475000,r,1340
2729475000,r,1340
2729475000,r,1340
2729475000,r,1340
2729475000,r,1340
2729476000,r,1340
2729476000,r,1340
2730760000,r,1340
2730760000,r,1340
2730760000,r,1340
2731102000,s,124
2731329000,s,124
2731351000,s,124
2731647000,s,124
2731746000,s,124
2731848000,s,124
2731934000,s,124
2732006000,s,124
2732094000,s,124
2732183000,s,124
2732318000,s,124
2732407000,s,124
2732492000,s,124
2732555000,s,124
2732574000,r,1340
2732574000,r,1340
2732574000,r,1340
2732634000,s,124
2732715000,s,124
2734938000,r,476
2744489000,s,124
2744680000,s,124
2744788000,s,124
2756449000,s,1340
2756648000,s,284
2771789000,s,268
2772683000,s,220
2775470000,r,124
2775470000,r,124
2777235000,s,1340
2777341000,s,1340
2777409000,s,1340
2777693000,s,172
2780666000,s,412
2781131000,s,364
2782661000,r,124
2791307000,r,124
2800363000,r,380
2800363000,r,1340
2801424000,r,1340
2801424000,r,1340
2801424000,r,1340
2802273000,s,124
2802964000,r,1340
2802964000,r,1340
2802964000,r,1340
2802964000,r,1340
2802964000,r,1340
2802965000,r,1340
2802965000,r,1340
2802965000,r,1340
2803091000,r,1340
2803092000,r,1340
2803092000,r,1340
2804821000,r,1340
2804821000,r,1340
2804821000,r,1340
2805003000,s,124
2805120000,s,124
2805150000,s,124
2805168000,s,124
2805184000,s,124
2805214000,s,124
2805567000,s,124
2806209000,s,124
2806657000,r,140
2806657000,r,140
2806657000,r,1340
2806658000,r,1340
2806658000,r,1340
2807253000,r,1340
2807253000,r,1340
2808314000,s,124
2808595000,s,124
2809348000,r,1340
2809348000,r,1340
2809348000,r,1340
2809348000,r,1340
2811013000,s,124
2811078000,s,124
2813376000,r,1340
2813376000,r,1340
2813376000,r,1340
2813376000,r,1340
2813376000,r,1340
2813377000,r,1340
2814198000,s,124
2814602000,r,1340
2814602000,r,396
2814602000,r,1036
2814602000,r,1340
2814602000,r,1340
2814754000,s,124
2814917000,s,124
2817004000,r,1340
2817004000,r,1340
2817004000,r,1340
2817004000,r,1340
2818044000,s,1340
2818105000,s,124
2818122000,s,124
2818519000,s,124
2819048000,s,124
2820211000,r,1340
2820211000,r,1340
2820212000,r,1340
2820212000,r,1340
2820507000,r,380
2820756000,s,124
2820839000,s,140
2822334000,r,1340
2823333000,r,1340
2823333000,r,1340
2823333000,r,1340
2823333000,r,156
2824419000,s,124
2825557000,r,1340
2825557000,r,1340
2825557000,r,1340
2825557000,r,1340
2826947000,r,1340
2826947000,r,476
2831003000,r,124
2831575000,s,124
2867589000,s,124
2875848000,s,172
2887064000,r,220
2887064000,r,124
2913270000,s,124
2916812000,r,220
2918162000,s,124
3070268000,s,1340
3070418000,s,1340
3071608000,s,172
3072850000,s,572
3075564000,s,1340
3075729000,s,1340
3075826000,s,1340
3075906000,s,172
3076529000,s,540
3085416000,r,140
3085416000,r,1340
3090514000,r,140
3090515000,r,140
3090515000,r,1340
3090515000,r,1340
3095036000,r,1340
3095036000,r,396
3095037000,r,1036
3095037000,r,140
3095037000,r,124
3097606000,s,1340
3097677000,r,1340
3097677000,r,396
3097677000,r,1052
3097677000,r,124
3097677000,r,124
3098378000,s,172
3098540000,r,556
3098617000,s,124
3100508000,s,1340
3101233000,s,172
3101370000,s,124
3102103000,s,124
3104443000,r,140
3105761000,r,124
3109515000,s,1340
3109942000,s,1340
3109991000,s,1340
3110248000,s,172
3110825000,s,124
3112206000,r,508
3112206000,r,220
3113869000,s,124
3117618000,r,220
3117618000,r,124
3123684000,r,140
3123684000,r,140
3123685000,r,1340
3123685000,r,1340
3128741000,s,1340
3128884000,s,1340
3129191000,s,172
3129907000,r,124
3130513000,s,556
3131351000,s,620
3135028000,r,1340
3135029000,r,396
3135029000,r,1052
3135029000,r,124
3137309000,s,1340
3137487000,s,124
3138086000,s,700
3139399000,s,124
3143018000,r,140
3143018000,r,1340
3143951000,s,124
3149685000,s,1340
3149737000,s,1340
3150486000,s,172
3150974000,r,124
3151002000,r,1340
3151131000,s,652
3151176000,r,220
3151176000,r,396
3152483000,r,1036
3152483000,r,124
3152483000,r,124
3152483000,r,1340
3152484000,r,1340
3152484000,r,1340
3153831000,s,172
3153962000,s,124
3154573000,r,1340
3154573000,r,1340
3154574000,r,1340
3154574000,r,1340
3154574000,r,1340
3154574000,r,1340
3154574000,r,1340
3154574000,r,1340
3154644000,r,1340
3154645000,r,1340
3154849000,s,124
3156013000,r,1340
3156013000,r,1340
3156014000,r,1340
3156014000,r,1340
3156014000,r,1340
3156014000,r,956
3156014000,r,124
3156689000,r,1340
3156689000,r,1340
3158146000,r,1340
3158146000,r,1340
3158146000,r,1340
3158268000,s,124
3158454000,s,124
3158592000,s,124
3158724000,s,124
3158826000,s,124
3158907000,s,124
3159087000,r,1340
3159087000,r,1340
3159087000,r,1340
3159087000,r,1340
3159087000,r,1340
3159087000,r,1340
3159087000,r,1340
3159087000,r,1340
3159169000,s,124
3159303000,s,124
3159426000,s,124
3159564000,s,124
3159684000,s,124
3159801000,s,124
3160600000,s,124
3160726000,r,1340
3160750000,s,124
3160726000,r,1340
3161006000,s,124
3161136000,s,124
3161644000,s,124
3161756000,r,1340
3161756000,r,1340
3163246000,s,124
3163458000,r,1340
3163458000,r,1340
3164218000,r,1340
3164511000,s,124
3166666000,r,1340
3166666000,r,1340
3166666000,r,1340
3167597000,s,124
3168641000,r,1340
3168642000,r,1340
3168887000,s,188
3169767000,r,220
3169767000,r,124
3169767000,r,1340
3169767000,r,1340
3170455000,s,124
3170889000,s,124
3171108000,s,124
3171437000,s,124
3171505000,r,1340
3171505000,r,1340
3172732000,s,124
3173018000,r,1004
3174150000,r,140
3174151000,r,1340
3176724000,r,1340
3176724000,r,1340
3176724000,r,1340
3176724000,r,1340
3176725000,r,1340
3176725000,r,1340
3176725000,r,1340
3176725000,r,1340
3176818000,r,1340
3176818000,r,1340
3176818000,r,1340
3176818000,r,1340
3176818000,r,524
3176819000,r,476
3176819000,r,1340
3176819000,r,1340
3176850000,r,1340
3176850000,r,1340
3177829000,s,124
3177954000,s,124
3178002000,s,124
3178050000,s,124
3178092000,s,124
3178139000,s,124
3178191000,s,124
3178239000,s,124
3178303000,s,124
3180706000,r,1340
3180706000,r,1340
3180706000,r,1340
3180706000,r,1340
3180707000,r,1340
3180707000,r,1340
3180707000,r,1340
3181328000,s,124
3181436000,s,124
3181510000,r,1340
3181511000,r,1340
3181511000,r,1340
3181666000,s,124
3182644000,s,124
3182741000,s,124
3183611000,r,1340
3183611000,r,1340
3183714000,r,1340
3183714000,r,1340
3183714000,r,1340
3185201000,r,396
3185201000,r,1036
3185201000,r,124
3185201000,r,1340
3185201000,r,1340
3185201000,r,1340
3185201000,r,1324
3185202000,r,1340
3185273000,r,1340
3185273000,r,1340
3185641000,s,124
3185906000,s,124
3186793000,s,172
3186949000,s,124
3187258000,s,124
3187518000,s,124
3187553000,s,124
3188932000,r,1340
3188932000,r,1340
3188932000,r,1340
3188932000,r,1340
3188932000,r,364
3189559000,s,124
3189701000,s,124
3189743000,s,124
3193637000,r,332
3193637000,r,236
3194357000,s,124
3200348000,s,124
3208179000,r,124
3208179000,r,220
3208179000,r,124
3217915000,r,124
3235498000,s,124
3235867000,r,124
3239687000,s,252
3264722000,r,172
3272525000,s,140
3298552000,s,1340
3298663000,s,348
3305364000,s,732
3312039000,s,1244
3312094000,s,1020
3313280000,r,124
3320507000,r,124
3329676000,r,252
3329676000,r,348
3330587000,s,124
3330908000,s,1340
3330925000,s,428
3334723000,r,124
3342400000,r,364
3342822000,s,124
3347033000,r,268
3347033000,r,364
3349561000,r,268
3349562000,r,236
3350048000,s,140
3351890000,r,124
3357044000,s,124
3357178000,s,140
3363002000,r,172
3363002000,r,348
3369852000,s,140
3370617000,r,124
3370887000,r,124
3371905000,s,124
3375015000,r,124
3415939000,r,124
4719492000,r,1340
4719492000,r,1340
4719493000,r,1340
4719493000,r,1340
4719494000,r,1340
4719494000,r,1340
4719495000,r,812
4719495000,r,1340
4720172000,r,1340
4720173000,r,1340
4720173000,r,1340
4723543000,s,124
4723812000,s,124
4724109000,s,124
4724326000,s,124
4724476000,s,124
4724610000,s,124
4724721000,s,124
4724828000,s,124
4724934000,s,124
4725042000,s,124
4725127000,s,124
4739474000,r,1340
4739475000,r,1340
4739475000,r,956
4742902000,s,124
4743448000,s,124
4743834000,s,124
5337742000,s,1340
5337938000,s,1340
5338013000,s,1340
5338540000,s,1340
5338623000,s,1340
5338663000,s,1340
5338833000,s,1340
5338896000,s,1340
5339476000,s,1340
5339598000,s,812
5367219000,r,124
5367220000,r,124
5367220000,r,124
5367220000,r,124
5369352000,r,124
5374933000,s,124
5381380000,r,188
5381380000,r,348
5388736000,s,140
5438153000,r,124
7891081000,r,140
7891081000,r,124
7891082000,r,124
7892498000,s,124
7892613000,s,124
10967575000,r,1340
10967576000,r,1340
10967576000,r,1340
10967577000,r,1340
10967577000,r,1340
10967578000,r,1340
10967578000,r,1244
10967579000,r,1340
10968471000,r,1340
10968471000,r,1340
10972964000,s,124
10973520000,s,124
10973772000,s,124
10973965000,s,124
10974136000,s,124
10974287000,s,124
10974532000,s,124
10974700000,s,124
10974857000,s,124
10975180000,s,124
10987852000,r,1340
10987852000,r,1340
10987853000,r,1340
10987853000,r,1340
10987854000,r,1340
10987854000,r,1340
10987855000,r,1340
10987855000,r,1340
10988202000,r,1340
10988202000,r,1340
10988203000,r,1340
10988203000,r,1340
10988204000,r,1340
10988427000,r,1340
10988427000,r,1340
10988428000,r,1340
10988428000,r,1340
10988429000,r,1340
10988429000,r,1340
10988430000,r,1340
10989760000,s,156
10990130000,s,156
10990358000,s,124
10991192000,s,124
10992235000,s,124
10992700000,s,124
10993238000,s,124
10993524000,s,124
10994074000,s,124
10994452000,s,124
10994717000,s,124
10995112000,s,124
11004957000,r,1340
11004958000,r,1340
11004958000,r,1340
11004959000,r,1340
11004959000,r,1340
11004960000,r,1340
11004960000,r,1340
11004961000,r,1340
11005384000,r,1340
11005384000,r,1340
11005385000,r,1340
11005385000,r,1340
11005386000,r,1340
11005386000,r,1340
11005387000,r,1340
11005387000,r,1340
11005538000,r,1340
11005538000,r,1340
11005539000,r,1340
11006083000,r,1340
11006083000,r,1340
11006084000,r,1340
11006084000,r,1340
11006085000,r,1340
11006085000,r,1340
11006086000,r,1340
11006086000,r,1340
11006252000,r,1340
11006253000,r,1340
11006253000,r,1340
11006254000,r,1340
11006254000,r,1340
11006255000,r,1340
11006255000,r,956
11012381000,s,124
11012940000,s,124
11013804000,s,124
11014148000,s,124
11014737000,s,124
11016791000,s,124
11017080000,s,124
11017368000,s,124
11017660000,s,124
11018079000,s,124
11018359000,s,124
11019490000,s,124
11019810000,s,124
11020852000,s,124
11021389000,s,124
11021677000,s,124
11021935000,s,124
17143393000,s,156
17182491000,s,156
17182951000,s,156
17203089000,r,156
20999182000,r,156
20999183000,r,140
20999183000,r,124
20999184000,r,124
21004673000,s,124
21006140000,s,124
21019131000,r,124