0,s,156
38320000,s,156
38754000,s,156
57298000,r,156
617679000,s,124
655045000,s,124
655505000,s,124
655668000,s,124
659922000,s,1340
660026000,s,220
677047000,r,124
679346000,s,124
680684000,s,1340
681351000,s,716
693362000,r,124
693967000,r,124
695636000,r,364
696915000,r,188
696916000,r,284
697304000,s,124
699841000,s,188
710421000,r,204
710688000,s,140
710767000,s,204
713052000,s,652
724383000,r,172
725898000,s,156
734093000,s,156
734220000,s,156
737738000,r,124
740552000,r,124
748445000,r,1340
748446000,r,1340
748446000,r,1340
748446000,r,1340
748446000,r,1340
748446000,r,1340
748446000,r,1340
748446000,r,1340
748575000,r,1148
749316000,s,124
749690000,s,124
749720000,s,124
750013000,s,124
760275000,r,172
765535000,s,1340
765682000,s,220
777718000,s,460
778225000,s,364
785624000,s,124
791503000,r,188
792122000,r,124
796030000,r,124
796120000,s,220
796645000,s,124
797395000,r,1340
797395000,r,1340
797395000,r,380
797395000,r,396
797396000,r,1340
797396000,r,1340
797786000,s,124
797997000,s,124
798158000,r,1340
798158000,r,1340
798158000,r,1340
798158000,r,1340
798191000,s,1340
798158000,r,1340
798158000,r,1340
798321000,s,764
798617000,s,124
798737000,s,124
798841000,s,124
799753000,r,1340
799754000,r,1340
799754000,r,1340
799754000,r,1340
799754000,r,1340
799754000,r,508
800302000,r,124
800359000,s,124
800647000,s,124
800965000,s,124
802430000,s,1340
802605000,s,1340
803872000,s,172
808317000,s,124
810206000,r,1340
810207000,r,1340
810207000,r,1340
810207000,r,796
810207000,r,124
810207000,r,124
810207000,r,364
810674000,s,124
810987000,s,124
811128000,s,124
814075000,s,188
815366000,s,668
818713000,r,1372
818713000,r,1372
827347000,r,124
827451000,s,1340
827645000,s,188
828821000,s,316
829001000,s,396
834439000,s,124
838476000,r,172
840747000,r,124
840747000,r,124
840747000,r,204
841174000,r,284
844854000,r,124
845623000,s,140
851954000,r,1340
851954000,r,1340
851955000,r,1340
851955000,r,1340
851955000,r,1340
851955000,r,1340
851955000,r,1340
851955000,r,1340
852619000,s,124
852742000,s,124
852828000,s,124
852889000,s,124
853428000,s,124
860043000,r,252
860043000,r,252
861362000,s,140
861645000,s,140
863326000,r,1340
863326000,r,1340
863326000,r,1340
863326000,r,1340
863785000,s,124
863993000,s,124
864961000,r,1340
864961000,r,1340
864961000,r,1340
864961000,r,1340
864961000,r,1340
864961000,r,1340
864961000,r,428
865201000,s,124
865540000,s,124
865782000,s,124
866090000,s,124
880459000,r,124
880459000,r,1340
880460000,r,1340
883085000,r,1340
883086000,r,1340
883086000,r,1340
883086000,r,1340
883086000,r,1340
883086000,r,1340
883086000,r,332
883086000,r,1340
883210000,r,1340
883210000,r,1340
883211000,r,1340
883211000,r,1340
883211000,r,844
883211000,r,1340
883211000,r,1340
883211000,r,1340
883252000,r,1340
883252000,r,1340
883252000,r,1340
883252000,r,1340
883252000,r,1340
883252000,r,1340
883253000,r,1340
883253000,r,1340
883285000,r,1340
884843000,r,796
884843000,r,1340
884843000,r,1340
884843000,r,1340
884844000,r,1340
884844000,r,732
884844000,r,1340
884844000,r,1340
884948000,r,1340
884948000,r,1340
884949000,r,972
884949000,r,124
884949000,r,236
888041000,s,124
888199000,s,124
888225000,s,124
888235000,s,124
913843000,r,124
920163000,s,1340
920410000,s,1340
920860000,s,172
922911000,s,220
923382000,s,172
933103000,s,1340
933181000,s,284
944520000,r,124
944520000,r,124
944521000,r,140
946864000,s,412
947488000,r,156
947571000,s,364
953408000,r,1340
953409000,r,1340
953409000,r,1340
953409000,r,1340
953409000,r,1340
953409000,r,1340
953409000,r,1340
953409000,r,1340
953599000,r,1340
953600000,r,1340
953600000,r,1340
953600000,r,1340
953600000,r,1340
953600000,r,1340
953600000,r,1340
953600000,r,1340
953638000,r,1340
953638000,r,1340
953638000,r,1340
953638000,r,1340
953638000,r,1340
953638000,r,1340
953638000,r,1340
953639000,r,1340
953672000,r,1340
953672000,r,1340
953672000,r,1340
953672000,r,1052
953672000,r,1340
953672000,r,1340
953672000,r,1340
953672000,r,1340
953706000,r,1340
953706000,r,1340
953706000,r,1340
953706000,r,1340
953706000,r,1340
953707000,r,1340
953707000,r,1340
953707000,r,1340
953745000,r,1340
953745000,r,1340
953745000,r,1340
953746000,r,1340
953746000,r,1340
953746000,r,1340
954636000,r,1340
954636000,r,1340
954637000,r,1340
954637000,r,1340
954637000,r,1340
954637000,r,972
955281000,s,140
956047000,s,124
956831000,r,1340
956851000,s,124
956832000,r,396
956832000,r,1036
957599000,s,124
962284000,s,1340
963031000,s,172
964105000,s,124
965331000,s,124
966020000,s,124
973289000,r,124
984596000,r,124
993274000,r,220
997250000,r,124
999356000,r,124
999848000,r,380
1019401000,s,124
1041645000,s,124
1203449000,s,1340
1203512000,s,1340
1203538000,s,1340
1204092000,s,172
1205615000,s,572
1211315000,s,1340
1211422000,s,1340
1212306000,s,172
1213586000,s,540
1220963000,r,140
1220964000,r,140
1220964000,r,1340
1220964000,r,1340
1226534000,r,140
1226535000,r,1340
1229293000,r,1340
1229294000,r,396
1230832000,r,1052
1230833000,r,124
1230833000,r,124
1232311000,s,1340
1233117000,s,172
1234019000,s,124
1234261000,r,1340
1234261000,r,396
1234261000,r,1052
1236849000,s,1340
1237273000,r,124
1237273000,r,124
1237273000,r,556
1237780000,s,172
1238316000,s,124
1239170000,s,124
1239768000,r,140
1240039000,r,124
1245693000,s,1340
1245894000,s,1340
1246461000,s,172
1246727000,r,508
1247022000,s,124
1248517000,r,220
1249343000,s,124
1250981000,r,220
1252837000,r,124
1264604000,s,1340
1264664000,s,1340
1264682000,s,172
1265265000,r,140
1265266000,r,1340
1265266000,r,124
1265604000,s,556
1266570000,s,620
1268395000,r,1340
1268936000,r,396
1268936000,r,1052
1268936000,r,124
1269976000,s,172
1270158000,s,124
1270640000,s,700
1274866000,s,124
1277278000,s,124
1278660000,r,140
1278661000,r,1340
1282881000,s,1340
1282995000,s,1340
1283070000,s,172
1283557000,s,652
1284050000,r,220
1284050000,r,124
1285066000,s,124
1289308000,r,1340
1289309000,r,396
1289309000,r,1036
1289309000,r,124
1291631000,s,1340
1291851000,r,1340
1291858000,s,124
1291851000,r,1340
1291851000,r,1340
1291851000,r,1340
1291852000,r,1340
1291852000,r,1340
1291852000,r,1340
1291852000,r,1340
1292000000,r,1340
1292000000,r,1340
1292000000,r,1340
1292000000,r,1340
1292001000,r,1340
1293187000,s,124
1293292000,r,124
1293292000,r,1340
1293293000,r,1340
1293293000,r,1340
1293293000,r,1340
1293293000,r,1340
1293415000,s,124
1293293000,r,1100
1293294000,r,1340
1293633000,s,124
1294140000,s,124
1294370000,s,124
1294461000,r,1340
1294473000,s,124
1294461000,r,1340
1294461000,r,1340
1294557000,s,124
1294646000,s,124
1294731000,s,124
1296321000,r,1340
1296321000,r,1340
1296321000,r,1340
1296321000,r,1340
1296322000,r,1340
1296322000,r,1340
1296322000,r,1340
1296322000,r,1340
1296411000,r,1340
1296411000,r,1340
1296411000,r,1340
1296710000,s,124
1296956000,s,124
1297001000,s,124
1297020000,s,124
1297031000,s,124
1297039000,s,124
1297875000,s,124
1297908000,s,124
1298522000,r,1340
1298522000,r,1340
1299359000,s,124
1300731000,r,1340
1300731000,r,1340
1303117000,s,124
1303367000,s,188
1303615000,r,1340
1303615000,r,1340
1303878000,r,1340
1303878000,r,1340
1304740000,s,124
1304815000,s,124
1305210000,r,140
1305210000,r,1340
1305210000,r,1340
1306131000,s,124
1314114000,r,220
1314114000,r,124
1314115000,r,1340
1314115000,r,1340
1314115000,r,1340
1314115000,r,1340
1314115000,r,1340
1314115000,r,1340
1314299000,r,1340
1314299000,r,1340
1314299000,r,1340
1314299000,r,1340
1314299000,r,1340
1314299000,r,1340
1314299000,r,1340
1314300000,r,1340
1314332000,r,1340
1314332000,r,524
1314332000,r,1340
1314332000,r,1340
1314332000,r,476
1314332000,r,1004
1315009000,s,124
1315448000,s,124
1315573000,s,124
1316826000,s,124
1317261000,r,1340
1317261000,r,1340
1317262000,r,1340
1317262000,r,1340
1317262000,r,1340
1317262000,r,1340
1317262000,r,1340
1317262000,r,1340
1317338000,r,1340
1317338000,r,1340
1317338000,r,1340
1317338000,r,1340
1317338000,r,1340
1317338000,r,1340
1317338000,r,1340
1319819000,s,124
1320015000,s,124
1320125000,s,124
1320216000,s,124
1320400000,s,124
1320488000,s,124
1320579000,s,124
1320687000,s,124
1320949000,s,124
1321034000,s,124
1321113000,s,124
1321258000,s,124
1321354000,s,124
1328978000,s,1340
1331297000,r,1340
1331298000,r,396
1331298000,r,1036
1331298000,r,124
1331298000,r,1340
1331298000,r,1340
1331298000,r,1340
1331298000,r,1340
1331397000,r,1340
1331398000,r,1340
1331398000,r,1324
1331398000,r,1340
1331398000,r,1340
1331398000,r,1340
1331398000,r,1340
1331398000,r,1340
1331435000,r,1340
1331435000,r,1340
1331435000,r,524
1331435000,r,348
1331435000,r,236
1332775000,s,172
1332816000,s,124
1333040000,s,124
1333785000,s,124
1337770000,s,124
1337848000,s,124
1337864000,s,124
1337880000,s,124
1337889000,s,124
1338241000,s,124
1338818000,s,124
1344136000,s,124
1346509000,r,124
1357989000,r,1340
1357989000,r,1340
1357989000,r,1340
1357989000,r,1340
1357990000,r,1340
1357990000,r,1340
1357990000,r,812
1357990000,r,1340
1358128000,r,1340
1358128000,r,1340
1358128000,r,1340
1358128000,r,220
1358128000,r,124
1358128000,r,124
1358460000,s,124
1358501000,s,124
1358510000,s,124
1358517000,s,124
1358528000,s,124
1358535000,s,124
1358541000,s,124
1358547000,s,124
1358553000,s,124
1358559000,s,124
1359483000,s,124
1370540000,r,1340
1370540000,r,1340
1370540000,r,1340
1370540000,r,956
1371267000,s,124
1371324000,s,124
1371337000,s,124
1371352000,s,124
1379145000,r,124
1393634000,s,188
1418359000,r,172
1425411000,s,140
1451507000,r,124
1457614000,s,1340
1457686000,s,316
1461936000,s,716
1466129000,s,1276
1467569000,s,1036
1473102000,r,124
1486461000,s,1340
1486576000,s,444
1489268000,r,284
1489268000,r,316
1489268000,r,124
1490242000,s,124
1494383000,r,284
1494383000,r,252
1496899000,r,268
1496899000,r,300
1497247000,s,140
1504174000,s,140
1504360000,r,268
1504360000,r,220
1511196000,s,140
1514521000,r,124
1515657000,s,124
1521769000,r,124
1522115000,s,124
1529941000,r,124
1532519000,r,124
1541283000,r,124
1557265000,r,172
1557265000,r,156
1564920000,s,140
1593347000,r,124
3053425000,r,1340
3053426000,r,1340
3053426000,r,1340
3053427000,r,1340
3053427000,r,1340
3053427000,r,1340
3053428000,r,1244
3053428000,r,1340
3054097000,r,1340
3054098000,r,1340
3054098000,r,1340
3056642000,s,124
3056968000,s,124
3057097000,s,124
3057330000,s,124
3057539000,s,124
3057685000,s,124
3057980000,s,124
3058507000,s,124
3058653000,s,124
3058779000,s,124
3059185000,s,124
3073064000,r,1340
3073065000,r,1340
3073065000,r,1340
3073066000,r,1340
3073066000,r,1340
3073067000,r,1340
3073067000,r,1340
3073068000,r,1340
3073549000,r,1340
3073549000,r,1340
3073550000,r,1340
3073550000,r,1340
3073551000,r,1340
3073931000,r,1340
3073932000,r,1340
3073932000,r,1340
3073933000,r,1340
3073933000,r,1340
3073934000,r,1340
3073934000,r,1340
3073935000,r,1340
3077096000,s,124
3078128000,s,124
3078395000,s,124
3078549000,s,124
3078688000,s,124
3078901000,s,124
3079165000,s,124
3079430000,s,124
3079644000,s,124
3080076000,s,124
3080395000,s,124
3081646000,s,124
3081942000,s,124
3082160000,s,124
3082440000,s,124
3082740000,s,124
3083057000,s,124
3083651000,s,124
3083949000,s,124
3084276000,s,124
3084566000,s,124
3089354000,r,1340
3089354000,r,1340
3092244000,s,124
3092448000,r,1340
3092603000,s,124
3092448000,r,1340
3092449000,r,1340
3092449000,r,1340
3092450000,r,1340
3092450000,r,1340
3092451000,r,1340
3092451000,r,1340
3092972000,r,1340
3092973000,r,1340
3092973000,r,1340
3092974000,r,1340
3092974000,r,1340
3092975000,r,1340
3092975000,r,1340
3093295000,r,1340
3093296000,r,1340
3093477000,r,1340
3093477000,r,1340
3094271000,r,1340
3094271000,r,1340
3094312000,s,124
3095026000,r,1340
3095310000,s,124
3096063000,s,124
3096299000,s,124
3096602000,s,124
3096886000,s,124
3097606000,s,124
3098161000,s,124
3098456000,s,124
3098955000,s,124
3099253000,s,124
3099785000,s,124
3100130000,s,124
3100437000,s,124
3101003000,s,124
3101468000,s,124
3101817000,s,124
3102385000,r,1340
3102385000,r,1340
3102386000,r,1340
3103120000,s,124
3103438000,s,124
3103686000,s,124
3103958000,s,124
3104213000,s,124
3104343000,r,1340
3104499000,s,124
3104770000,s,124
3105202000,s,124
3106171000,s,124
3106329000,r,1340
3106330000,r,1340
3106330000,r,1340
3106331000,r,988
3108555000,s,124
3108844000,s,124
3109336000,s,124
3109548000,s,124
3487469000,s,1340
3487663000,s,1340
3487691000,s,1340
3487707000,s,1340
3487723000,s,1340
3487738000,s,1340
3487778000,s,1340
3487795000,s,1340
3487809000,s,1340
3487825000,s,828
3513841000,r,124
3522918000,s,124
3525656000,r,204
3525656000,r,380
3533181000,s,140
3562153000,r,124
6120752000,r,140
6120752000,r,124
6120752000,r,124
6122328000,s,124
6122439000,s,124
12106595000,s,156
12145978000,s,156
12146426000,s,156
12165360000,r,156
12989695000,r,156
12989696000,r,140
12989696000,r,124
12989697000,r,124
12993970000,s,124
12994431000,s,124
12994656000,s,124
12996871000,s,124
13013718000,r,124
18198629000,s,156
18237689000,s,156
18238132000,s,156
18256430000,r,156
22736244000,s,108
22775047000,s,108
22775487000,s,108
22775693000,s,176
22797655000,r,120
22806561000,s,60