0,s,1340
30137000,s,1340
30542000,s,1340
30603000,s,1340
865217000,r,1440
1720736000,s,1340
1761092000,s,1340
1761501000,s,1340
1795561000,r,1440
1797412000,s,1340
1797721000,r,1440
1797721000,r,1440
1805073000,s,1340
1829946000,r,1440
1830232000,r,1440
1831580000,s,1340
1831789000,r,1440
1833551000,s,1340
1841157000,s,1340
1850957000,r,1440
1850957000,r,1440
1851378000,r,1440
1852324000,s,1340
1863117000,r,1440
1864452000,s,1340
1864585000,r,1440
1864586000,r,1440
1866870000,r,1440
1866995000,r,1440
1867337000,r,1440
1868211000,s,1340
1868336000,s,1340
1868932000,r,1440
1870817000,r,1440
1870817000,r,1440
1871616000,s,1340
1872398000,r,1440
1874072000,s,1340
1876280000,r,1440
1876652000,s,1340
1888836000,r,1440
1888837000,r,1440
1888837000,r,1440
1888838000,r,1440
1889852000,s,1340
1891474000,r,1440
1892251000,s,1340
1892931000,r,1440
1892932000,r,1440
1893257000,s,1340
1894277000,r,1440
1896917000,s,1340
1901436000,r,1440
1901541000,s,1340
1902633000,r,1440
1903199000,s,1340
1903360000,r,1440
1911516000,r,1440
1912288000,s,1340
1912394000,r,1440
1913463000,r,1440
1913610000,s,1340
1915310000,r,1440
1915310000,r,1440
1916145000,s,1340
1917461000,r,1440
1917462000,r,1440
1918138000,s,1340
1944277000,s,1340
1954148000,r,1440
1954149000,r,1440
1954149000,r,1440
1955523000,r,1440
1955672000,s,1340
1965406000,r,1440
1966682000,s,1340
1967524000,r,1440
1968678000,s,1340
4815399000,s,1340
4858353000,s,1340
4858823000,s,1340
4880726000,r,1440
4881116000,r,1440
4881116000,r,1440
4881117000,r,1440
4882087000,s,1340
4882224000,s,1340
4882672000,s,1340
4882782000,s,1340
4883195000,s,1340
4883516000,s,1340
4883679000,s,1340
4883756000,s,1340
4883973000,s,1340
4884309000,s,1340
4884423000,s,1340
4884570000,s,1340
4884706000,s,1340
4884957000,s,1340
4885264000,s,1340
4885346000,s,1340
4885771000,s,1340
4885836000,s,1340
4885970000,s,1340
4886476000,s,1340
4886649000,s,1340
4886776000,s,1340
4886940000,s,1340
4887012000,s,1340
4887663000,s,1340
4887755000,s,1340
4888025000,s,1340
4888167000,s,1340
4888272000,s,1340
4888698000,s,1340
4888985000,s,1340
4889255000,s,1340
4889524000,s,1340
4889663000,s,1340
4889777000,s,1340
4890031000,s,1340
4890288000,s,1340
4890472000,s,1340
4890643000,s,1340
4890776000,s,1340
4890905000,s,1340
4891039000,s,1340
4891177000,s,1340
4891310000,s,1340
4891730000,s,1340
4893885000,r,1440
4893885000,r,1440
4894933000,r,1440
4895671000,s,1340
4896172000,s,1340
4896265000,s,1340
4896322000,s,1340
4896356000,s,1340
4896390000,s,1340
4896527000,r,1440
4896580000,s,1340
4896709000,s,1340
4896528000,r,1440
4896959000,s,1340
4897191000,r,1440
4897765000,s,1340
4897933000,s,1340
4898066000,s,1340
4898492000,s,1340
4898620000,s,1340
4898711000,s,1340
4898801000,s,1340
4898898000,s,1340
4899011000,s,1340
4899130000,s,1340
4899381000,r,1440
4899382000,r,1440
4899382000,r,1440
4900227000,s,1340
4900598000,s,1340
4902605000,r,1440
4902605000,r,1440
4906326000,r,1440
4906880000,s,1340
4907491000,r,1440
4909118000,s,1340
4909814000,r,1440
4910375000,s,1340
4911502000,r,1440
4911696000,r,1440
4911697000,r,1440
4912380000,s,1340
4912507000,s,1340
4914440000,s,1340
4914568000,s,1340
4914760000,s,1340
4914887000,s,1340
4915610000,r,1440
4915726000,s,1340
4915610000,r,1440
4915832000,s,1340
4915874000,s,1340
4915909000,s,1340
4915942000,s,1340
4915973000,s,1340
4916004000,s,1340
4916037000,s,1340
4916134000,s,1340
4916384000,s,1340
4925726000,r,1440
4925727000,r,1440
4926379000,s,1340
4927499000,r,1440
4927852000,r,1440
4927853000,r,1440
4928251000,s,1340
4928990000,r,1440
4929254000,s,1340
4929897000,s,1340
4930393000,s,1340
4931001000,s,1340
4931558000,r,1440
4971206000,s,1340
4971291000,s,1340
4981902000,r,1440
4981903000,r,1440
4983055000,r,1440
4983055000,r,1440
4983055000,r,1440
4983055000,r,1440
4983055000,r,1440
4983731000,s,1340
4984360000,s,1340
4984381000,r,1440
4984518000,s,1340
4991834000,s,1340
4992079000,s,1340
4993760000,s,1340
5011574000,r,1440
5011575000,r,1440
5011575000,r,1440
5011576000,r,1440
5013553000,s,1340
5020917000,s,1340
5021042000,s,1340
5023514000,s,1340
5023675000,s,1340
5029613000,s,1340
5031520000,r,1440
5035345000,r,1440
5035857000,r,1440
5036635000,s,1340
5037418000,r,1440
5037419000,r,1440
5038155000,s,1340
5038646000,r,1440
5039319000,s,1340
5042824000,r,1440
5049750000,s,1340
5060075000,r,1440
5060076000,r,1440
5061219000,s,1340
5062638000,r,1440
5062638000,r,1440
5062639000,r,1440
5063445000,s,1340
5063948000,s,1340
5064329000,r,1440
5064330000,r,1440
5065131000,s,1340
5067350000,r,1440
5068184000,r,1440
5068517000,s,1340
5069964000,r,1440
5070844000,s,1340
5071247000,r,1440
5071247000,r,1440
5071989000,s,1340
5074731000,s,1340
5074880000,r,1440
5076885000,r,1440
5272215000,r,1440
5273852000,s,1340
5274073000,s,1340
5628670000,s,1340
5637387000,r,1440
5637388000,r,1440
5637388000,r,1440
5637389000,r,1440
5637389000,r,1440
5637390000,r,1440
5637390000,r,1440
5637391000,r,1440
5637788000,r,1440
5637789000,r,1440
5637789000,r,1440
5637789000,r,1440
5639523000,s,1340
5639873000,s,1340
5640230000,s,1340
5640556000,s,1340
5640692000,s,1340
5640740000,s,1340
5640799000,s,1340
5640850000,s,1340
5640907000,s,1340
5641581000,s,1340
5641906000,r,1440
5641907000,r,1440
5641907000,r,1440
5641908000,r,1440
5649085000,s,1340
5650047000,s,1340
5650277000,s,1340
5650481000,s,1340
5650680000,s,1340
5650800000,r,1440
5650872000,s,1340
5650801000,r,1440
5650802000,r,1440
5650802000,r,1440
5651073000,s,1340
5652016000,r,1440
5652016000,r,1440
5652017000,r,1440
5652017000,r,1440
5652018000,r,1440
5652407000,s,1340
5652566000,s,1340
5653014000,s,1340
5653210000,s,1340
5653739000,s,1340
5653986000,s,1340
5654498000,s,1340
5663113000,s,1340
5696733000,s,1340
5735611000,s,1340
5735782000,s,1340
5736259000,s,1340
5736595000,s,1340
5745727000,r,1440
5746931000,r,1440
5746931000,r,1440
5746932000,r,1440
5746932000,r,1440
5748057000,s,1340
5748189000,s,1340
5750125000,r,1440
5750275000,r,1440
5753460000,r,1440
5753460000,r,1440
5754093000,r,1440
5754093000,r,1440
5754094000,r,1440
5754238000,r,1440
5754238000,r,1440
5754239000,r,1440
5754239000,r,1440
5754239000,r,1440
5754240000,r,1440
5755565000,r,1440
5755566000,r,1440
5755566000,r,1440
5755567000,r,1440
5755567000,r,1440
5755567000,r,1440
5757303000,r,1440
5757304000,r,1440
5757304000,r,1440
5757305000,r,1440
5757305000,r,1440
5757305000,r,1440
5757306000,r,1440
5757306000,r,1440
5757546000,r,1440
5757787000,s,1340
5758462000,s,1340
5758599000,s,1340
5758692000,s,1340
5758781000,s,1340
5758861000,s,1340
5758981000,s,1340
5759073000,s,1340
5759188000,s,1340
5759314000,s,1340
5759417000,s,1340
5759604000,s,1340
5759681000,s,1340
5759783000,s,1340
5759906000,s,1340
5759986000,s,1340
5760063000,s,1340
5760171000,s,1340
5760288000,s,1340
5760414000,s,1340
5760537000,s,1340
5760653000,s,1340
5760760000,s,1340
5760864000,s,1340
5760968000,s,1340
5761072000,s,1340
5761173000,s,1340
5761274000,s,1340
5768714000,r,1440
5768714000,r,1440
5769554000,s,1340
5774535000,r,1440
5775411000,s,1340
5776017000,r,1440
5778028000,r,1440
5778532000,s,1340
5805811000,s,1340
5861223000,r,1440
5862718000,r,1440
5872859000,s,1340
6019282000,r,1440
6019282000,r,1440
6019283000,r,1440
6019283000,r,1440
6019284000,r,1440
6019284000,r,1440
6019284000,r,1440
6019285000,r,1440
6019888000,r,1440
6019889000,r,1440
6019889000,r,1440
6019889000,r,1440
6019890000,r,1440
6019890000,r,1440
6019891000,r,1440
6019891000,r,1440
6020025000,r,1440
6020026000,r,1440
6021148000,s,1340
6021477000,s,1340
6021827000,s,1340
6021915000,s,1340
6021958000,s,1340
6021994000,s,1340
6022027000,s,1340
6022061000,s,1340
6022295000,s,1340
6022356000,s,1340
6022406000,s,1340
6022442000,s,1340
6022472000,s,1340
6022506000,s,1340
6022539000,s,1340
6022577000,s,1340
6022623000,s,1340
6022668000,s,1340
6022785000,s,1340
6022849000,s,1340
6022888000,s,1340
6022933000,s,1340
6022964000,s,1340
6023012000,s,1340
6023053000,s,1340
6023095000,s,1340
6023124000,s,1340
6023156000,s,1340
6023333000,s,1340
6023536000,s,1340
6023622000,s,1340
6023692000,s,1340
6023763000,s,1340
6024093000,s,1340
6025893000,s,1340
6025979000,s,1340
6026253000,s,1340
6026505000,s,1340
6026754000,s,1340
6026856000,s,1340
6026931000,s,1340
6026995000,s,1340
6027068000,s,1340
6027128000,s,1340
6027233000,s,1340
6027625000,s,1340
6027789000,s,1340
6028054000,s,1340
6028467000,s,1340
6028601000,s,1340
6028671000,s,1340
6028925000,s,1340
6029099000,s,1340
6029246000,s,1340
6029530000,s,1340
6029676000,s,1340
6029844000,s,1340
6030090000,s,1340
6030133000,s,1340
6030415000,s,1340
6030530000,s,1340
6030643000,s,1340
6030758000,s,1340
6031032000,s,1340
6031093000,s,1340
6031756000,s,1340
6031840000,s,1340
6031968000,s,1340
6032817000,r,1440
6032817000,r,1440
6032818000,r,1440
6032818000,r,1440
6033038000,r,1440
6033039000,r,1440
6033039000,r,1440
6033780000,s,1340
6034073000,s,1340
6034239000,s,1340
6034403000,s,1340
6034580000,s,1340
6034746000,s,1340
6034896000,s,1340
6035056000,s,1340
6035207000,s,1340
6035248000,r,1440
6035248000,r,1440
6035364000,s,1340
6035249000,r,1440
6035249000,r,1440
6035249000,r,1440
6035250000,r,1440
6035250000,r,1440
6035605000,s,1340
6035762000,s,1340
6035901000,s,1340
6036039000,s,1340
6036185000,s,1340
6036332000,s,1340
6036474000,s,1340
6036619000,s,1340
6036736000,s,1340
6036884000,s,1340
6036993000,s,1340
6037035000,r,1440
6037035000,r,1440
6037133000,s,1340
6037036000,r,1440
6037036000,r,1440
6037036000,r,1440
6037037000,r,1440
6037037000,r,1440
6037038000,r,1440
6037261000,s,1340
6037273000,r,1440
6037273000,r,1440
6037273000,r,1440
6037389000,s,1340
6037511000,s,1340
6037643000,s,1340
6037739000,r,1440
6037740000,r,1440
6037775000,s,1340
6037861000,s,1340
6037947000,s,1340
6038035000,s,1340
6038120000,s,1340
6038237000,s,1340
6038448000,s,1340
6038542000,s,1340
6038628000,s,1340
6038710000,s,1340
6038831000,s,1340
6038947000,s,1340
6039059000,s,1340
6039167000,s,1340
6039272000,s,1340
6039374000,s,1340
6039534000,s,1340
6039651000,s,1340
6039766000,s,1340
6039893000,s,1340
6045053000,r,1440
6045835000,s,1340
6046180000,r,1440
6047834000,r,1440
6047834000,r,1440
6048538000,s,1340
6048691000,s,1340
6049014000,r,1440
6050458000,r,1440
6051249000,s,1340
6051290000,r,1440
6051826000,s,1340
6052466000,r,1440
6058012000,r,1440
6058013000,r,1440
6058013000,r,1440
6058014000,r,1440
6058014000,r,1440
6058014000,r,1440
6058015000,r,1440
6058015000,r,1440
6058206000,r,1440
6058207000,r,1440
6058207000,r,1440
6058208000,r,1440
6058432000,r,1440
6058432000,r,1440
6058433000,r,1440
6058433000,r,1440
6058434000,r,1440
6058434000,r,1440
6058435000,r,1440
6058435000,r,1440
6058562000,r,1440
6059151000,s,1340
6059282000,s,1340
6059372000,s,1340
6059414000,s,1340
6059500000,s,1340
6059544000,s,1340
6059581000,s,1340
6059613000,s,1340
6059649000,s,1340
6059682000,s,1340
6059767000,s,1340
6059806000,s,1340
6059841000,s,1340
6059876000,s,1340
6059908000,s,1340
6059942000,s,1340
6060679000,s,1340
6060687000,r,1440
6060746000,s,1340
6060781000,s,1340
6060813000,s,1340
6060687000,r,1440
6060843000,s,1340
6060687000,r,1440
6060688000,r,1440
6060875000,s,1340
6060688000,r,1440
6060689000,r,1440
6060907000,s,1340
6060689000,r,1440
6060689000,r,1440
6060939000,s,1340
6060965000,r,1440
6060975000,s,1340
6061010000,s,1340
6061042000,s,1340
6061075000,s,1340
6061108000,s,1340
6061138000,s,1340
6061169000,s,1340
6061203000,s,1340
6061234000,s,1340
6061263000,s,1340
6061293000,s,1340
6061325000,s,1340
6061387000,s,1340
6061531000,s,1340
6061643000,s,1340
6062330000,s,1340
6062600000,s,1340
6062716000,s,1340
6062771000,s,1340
6062805000,s,1340
6062836000,s,1340
6062884000,s,1340
6072743000,s,1340
6075518000,r,1440
6102555000,r,1440
6102555000,r,1440
6102555000,r,1440
6102556000,r,1440
6102556000,r,1440
6102557000,r,1440
6102557000,r,1440
6102557000,r,1440
6102965000,r,1440
6102966000,r,1440
6102966000,r,1440
6102967000,r,1440
6103876000,s,1340
6104054000,s,1340
6104111000,s,1340
6104143000,s,1340
6104233000,s,1340
6104256000,s,1340
6104413000,s,1340
6104439000,s,1340
6104556000,s,1340
6104587000,s,1340
6104616000,s,1340
6104745000,s,1340
6104770000,s,1340
6104843000,s,1340
6105229000,s,1340
6105340000,s,1340
6105382000,s,1340
6105642000,s,1340
6105836000,s,1340
6106042000,s,1340
6106184000,s,1340
6106298000,s,1340
6106401000,s,1340
6107001000,s,1340
6107584000,s,1340
6107718000,s,1340
6107763000,s,1340
6107796000,s,1340
6107894000,s,1340
6108273000,s,1340
6108398000,s,1340
6108647000,s,1340
6108918000,s,1340
6108964000,s,1340
6108993000,s,1340
6109104000,s,1340
6109106000,r,1440
6109182000,s,1340
6109244000,s,1340
6109107000,r,1440
6109107000,r,1440
6109305000,s,1340
6109107000,r,1440
6109108000,r,1440
6109108000,r,1440
6109362000,s,1340
6109109000,r,1440
6109109000,r,1440
6109419000,s,1340
6109428000,r,1440
6109428000,r,1440
6109429000,r,1440
6109429000,r,1440
6109482000,s,1340
6109576000,s,1340
6109635000,s,1340
6109692000,s,1340
6110004000,s,1340
6110136000,s,1340
6110182000,s,1340
6110222000,s,1340
6110380000,s,1340
6110499000,s,1340
6110572000,s,1340
6110638000,s,1340
6110684000,s,1340
6110725000,s,1340
6110772000,s,1340
6110812000,s,1340
6110855000,s,1340
6110894000,s,1340
6110932000,s,1340
6110973000,s,1340
6111013000,s,1340
6111054000,s,1340
6111098000,s,1340
6112170000,s,1340
6112728000,s,1340
6112866000,s,1340
6112981000,s,1340
6113086000,s,1340
6113190000,s,1340
6113301000,s,1340
6113376000,s,1340
6113615000,s,1340
6113730000,s,1340
6113838000,s,1340
6114356000,s,1340
6114461000,s,1340
6114628000,s,1340
6114894000,s,1340
6115013000,s,1340
6115338000,s,1340
6115655000,s,1340
6115893000,s,1340
6116133000,s,1340
6116437000,s,1340
6116828000,s,1340
6116959000,s,1340
6117248000,s,1340
6117330000,s,1340
6117401000,s,1340
6117555000,s,1340
6117785000,s,1340
6117871000,s,1340
6118068000,s,1340
6118121000,s,1340
6118276000,s,1340
6118540000,s,1340
6118708000,s,1340
6118996000,s,1340
6119378000,s,1340
6119575000,s,1340
6119708000,s,1340
6119837000,s,1340
6120024000,s,1340
6120230000,s,1340
6120411000,s,1340
6120462000,s,1340
6120689000,s,1340
6120789000,s,1340
6121031000,s,1340
6121313000,s,1340
6121551000,s,1340
6121778000,s,1340
6121863000,s,1340
6128507000,r,1440
6128508000,r,1440
6128508000,r,1440
6128509000,r,1440
6128509000,r,1440
6128509000,r,1440
6128510000,r,1440
6128510000,r,1440
6128809000,r,1440
6128809000,r,1440
6128810000,r,1440
6128810000,r,1440
6128811000,r,1440
6129540000,s,1340
6129675000,s,1340
6129775000,s,1340
6129869000,s,1340
6129986000,s,1340
6130087000,s,1340
6130186000,s,1340
6130292000,s,1340
6130389000,s,1340
6130491000,s,1340
6130592000,s,1340
6130696000,s,1340
6130864000,s,1340
6130982000,s,1340
6131051000,s,1340
6131092000,s,1340
6131145000,s,1340
6131192000,s,1340
6131239000,s,1340
6131504000,s,1340
6131637000,s,1340
6131884000,s,1340
6132111000,s,1340
6132238000,s,1340
6132601000,s,1340
6132712000,s,1340
6132778000,s,1340
6133181000,s,1340
6133300000,s,1340
6136194000,s,1340
6136268000,s,1340
6136305000,s,1340
6136339000,s,1340
6136384000,s,1340
6136416000,s,1340
6136727000,s,1340
6136892000,s,1340
6137021000,s,1340
6137384000,s,1340
6137505000,s,1340
6137626000,s,1340
6137913000,s,1340
6138046000,s,1340
6138163000,s,1340
6139361000,s,1340
6139616000,s,1340
6139788000,s,1340
6139979000,s,1340
6140145000,s,1340
6140362000,s,1340
6140592000,s,1340
6140952000,s,1340
6141075000,s,1340
6141333000,s,1340
6141462000,s,1340
6141801000,s,1340
6141929000,s,1340
6141972000,s,1340
6142135000,s,1340
6142548000,s,1340
6142699000,s,1340
6142833000,s,1340
6142983000,s,1340
6143282000,s,1340
6143398000,s,1340
6143688000,s,1340
6143774000,s,1340
6143823000,s,1340
6145283000,s,1340
6145446000,s,1340
6145700000,s,1340
6145942000,s,1340
6146084000,s,1340
6146548000,s,1340
6146644000,s,1340
6146686000,s,1340
6146719000,s,1340
6146905000,s,1340
6147136000,s,1340
6147272000,s,1340
6147442000,s,1340
6147745000,s,1340
6147958000,s,1340
6149216000,s,1340
6149397000,s,1340
6149595000,s,1340
6149735000,s,1340
6149860000,s,1340
6149936000,s,1340
6150141000,s,1340
6150316000,s,1340
6160629000,s,1340
6166174000,r,1440
6166174000,r,1440
6166175000,r,1440
6166175000,r,1440
6166176000,r,1440
6166176000,r,1440
6166176000,r,1440
6166177000,r,1440
6166545000,r,1440
6166545000,r,1440
6166546000,r,1440
6166546000,r,1440
6166547000,r,1440
6166547000,r,1440
6167717000,s,1340
6167876000,s,1340
6168014000,s,1340
6168118000,s,1340
6168204000,s,1340
6168327000,s,1340
6168471000,s,1340
6168598000,s,1340
6178530000,s,1340
6183580000,r,1440
6183581000,r,1440
6183581000,r,1440
6183581000,r,1440
6183582000,r,1440
6183582000,r,1440
6183583000,r,1440
6184457000,s,1340
6184599000,s,1340
6184676000,s,1340
6211358000,r,1440
6211359000,r,1440
6211359000,r,1440
6212284000,s,1340
6223520000,r,1440
7146801000,s,1340
7150470000,s,1340
7159512000,r,1440
7160332000,r,1440
7161114000,s,1340
7161429000,s,1340
7161885000,s,1340
7162019000,s,1340
7162495000,s,1340
7162670000,r,1440
7162759000,s,1340
7162671000,r,1440
7162890000,s,1340
7162671000,r,1440
7162973000,s,1340
7163366000,s,1340
7163519000,r,1440
7163519000,r,1440
7163520000,r,1440
7163760000,s,1340
7163989000,s,1340
7164060000,s,1340
7164088000,s,1340
7164382000,s,1340
7164504000,s,1340
7164580000,s,1340
7164619000,s,1340
7164703000,r,1440
7164739000,s,1340
7164703000,r,1440
7164703000,r,1440
7164704000,r,1440
7164704000,r,1440
7164705000,r,1440
7164705000,r,1440
7165574000,s,1340
7165751000,s,1340
7165832000,s,1340
7165905000,s,1340
7165983000,s,1340
7166092000,s,1340
7166167000,s,1340
7166284000,s,1340
7166394000,s,1340
7166499000,s,1340
7166619000,s,1340
7166722000,s,1340
7166826000,s,1340
7166926000,s,1340
7167039000,s,1340
7167144000,s,1340
7167242000,s,1340
7167350000,s,1340
7167980000,s,1340
7168308000,s,1340
7168432000,s,1340
7168515000,s,1340
7168587000,s,1340
7168660000,s,1340
7168787000,s,1340
7168870000,s,1340
7168949000,s,1340
7169024000,s,1340
7169097000,s,1340
7169170000,s,1340
7169250000,s,1340
7169330000,s,1340
7169443000,s,1340
7169584000,s,1340
7169692000,s,1340
7169797000,s,1340
7170401000,s,1340
7170549000,s,1340
7170665000,s,1340
7170777000,s,1340
7170881000,s,1340
7170978000,s,1340
7171076000,s,1340
7171195000,s,1340
7171298000,s,1340
7171396000,s,1340
7171558000,s,1340
7171673000,s,1340
7171782000,s,1340
7171885000,s,1340
7171990000,s,1340
7172086000,s,1340
7172186000,s,1340
7172283000,s,1340
7172374000,s,1340
7172485000,s,1340
7172588000,s,1340
7172693000,s,1340
7172790000,s,1340
7172897000,s,1340
7172922000,r,1440
7173007000,s,1340
7173103000,s,1340
7173204000,s,1340
7173305000,s,1340
7173412000,s,1340
7173519000,s,1340
7173747000,s,1340
7173856000,s,1340
7173902000,s,1340
7173942000,s,1340
7174117000,s,1340
7174667000,s,1340
7174818000,s,1340
7175154000,s,1340
7175280000,s,1340
7175708000,s,1340
7176261000,s,1340
7176397000,s,1340
7176513000,s,1340
7176623000,s,1340
7176727000,s,1340
7176814000,s,1340
7176912000,s,1340
7177000000,s,1340
7177103000,s,1340
7177189000,s,1340
7177298000,s,1340
7177396000,s,1340
7177476000,s,1340
7177595000,s,1340
7177686000,s,1340
7177786000,s,1340
7177881000,s,1340
7177977000,s,1340
7178059000,s,1340
7178149000,s,1340
7178303000,s,1340
7178402000,s,1340
7178507000,s,1340
7178608000,s,1340
7178692000,s,1340
7178771000,s,1340
7178863000,s,1340
7178960000,s,1340
7179052000,s,1340
7179618000,s,1340
7179682000,s,1340
7179706000,r,1440
7179789000,s,1340
7179706000,r,1440
7179707000,r,1440
7179707000,r,1440
7179876000,s,1340
7179708000,r,1440
7179965000,s,1340
7180079000,s,1340
7180170000,s,1340
7180254000,s,1340
7180337000,s,1340
7180431000,s,1340
7180524000,s,1340
7180621000,s,1340
7180715000,s,1340
7180799000,s,1340
7180905000,s,1340
7180966000,s,1340
7182346000,r,1440
7182346000,r,1440
7182347000,r,1440
7182347000,r,1440
7182348000,r,1440
7182348000,r,1440
7182348000,r,1440
7182349000,r,1440
7182501000,r,1440
7182501000,r,1440
7182501000,r,1440
7182502000,r,1440
7182756000,s,1340
7182889000,s,1340
7182977000,s,1340
7183432000,s,1340
7183962000,s,1340
7184065000,s,1340
7184091000,r,1440
7184091000,r,1440
7184092000,r,1440
7184092000,r,1440
7184161000,s,1340
7184093000,r,1440
7184093000,r,1440
7184211000,s,1340
7184285000,s,1340
7184784000,s,1340
7184942000,s,1340
7184992000,s,1340
7185041000,s,1340
7185081000,s,1340
7185110000,s,1340
7185139000,s,1340
7185173000,s,1340
7185202000,s,1340
7185244000,s,1340
7185285000,s,1340
7185330000,s,1340
7185371000,s,1340
7185408000,s,1340
7185448000,s,1340
7185485000,s,1340
7185527000,s,1340
7185567000,s,1340
7186728000,r,1440
7186729000,r,1440
7186729000,r,1440
7186729000,r,1440
7186730000,r,1440
7187431000,s,1340
7187895000,s,1340
7194886000,s,1340
7197111000,r,1440
7197112000,r,1440
7198128000,s,1340
7200398000,r,1440
7200399000,r,1440
7200399000,r,1440
7200399000,r,1440
7200400000,r,1440
7200400000,r,1440
7200401000,r,1440
7201034000,r,1440
7201627000,s,1340
7201756000,s,1340
7201803000,s,1340
7203068000,r,1440
7203164000,s,1340
7203068000,r,1440
7204022000,s,1340
7204141000,r,1440
7204141000,r,1440
7204141000,r,1440
7204245000,s,1340
7204142000,r,1440
7204142000,r,1440
7204143000,r,1440
7204143000,r,1440
7204845000,s,1340
7204996000,s,1340
7205074000,s,1340
7205112000,s,1340
7205144000,s,1340
7205175000,s,1340
7205209000,s,1340
7214829000,r,1440
7215046000,s,1340
7217142000,r,1440
7217142000,r,1440
7218031000,s,1340
7219764000,r,1440
7227170000,r,1440
7227170000,r,1440
7227171000,r,1440
7227905000,s,1340
7228050000,s,1340
7228094000,s,1340
7228131000,s,1340
7229422000,r,1440
7229422000,r,1440
7229423000,r,1440
7229423000,r,1440
7229424000,r,1440
7229424000,r,1440
7230148000,s,1340
7230233000,s,1340
7230440000,s,1340
7230542000,s,1340
7231092000,s,1340
7231266000,s,1340
7231438000,s,1340
7231811000,s,1340
7231993000,s,1340
7232070000,s,1340
7232231000,s,1340
7232451000,s,1340
7232609000,s,1340
7232799000,r,1440
7233350000,s,1340
7233602000,s,1340
7233764000,s,1340
7233845000,s,1340
7234657000,s,1340
7234809000,s,1340
7234938000,s,1340
7235029000,s,1340
7235283000,s,1340
7235419000,s,1340
7235725000,s,1340
7236002000,s,1340
7236059000,s,1340
7236216000,s,1340
7236338000,s,1340
7236454000,s,1340
7237446000,r,1440
7237585000,s,1340
7237731000,s,1340
7237845000,s,1340
7237948000,s,1340
7238232000,s,1340
7238341000,s,1340
7238429000,s,1340
7238633000,s,1340
7238780000,s,1340
7238847000,s,1340
7239038000,s,1340
7239111000,s,1340
7239346000,s,1340
7239527000,s,1340
7239711000,s,1340
7240695000,r,1440
7240696000,r,1440
7240866000,s,1340
7240696000,r,1440
7241161000,s,1340
7241386000,s,1340
7241503000,s,1340
7241628000,s,1340
7241749000,s,1340
7241869000,s,1340
7242224000,r,1440
7242224000,r,1440
7242225000,r,1440
7242225000,r,1440
7242226000,r,1440
7242226000,r,1440
7242226000,r,1440
7242227000,r,1440
7242509000,r,1440
7242509000,r,1440
7242510000,r,1440
7242618000,r,1440
7243987000,s,1340
7244188000,s,1340
7244236000,s,1340
7244270000,s,1340
7244653000,s,1340
7244645000,r,1440
7244693000,s,1340
7244727000,s,1340
7244758000,s,1340
7244788000,s,1340
7244646000,r,1440
7244646000,r,1440
7244820000,s,1340
7244873000,s,1340
7244904000,s,1340
7244933000,s,1340
7245366000,s,1340
7246616000,r,1440
7246617000,r,1440
7247346000,s,1340
7248726000,r,1440
7248726000,r,1440
7249331000,s,1340
7249698000,r,1440
7253977000,r,1440
7254143000,r,1440
7254153000,s,1340
7254658000,s,1340
7254700000,r,1440
7254767000,s,1340
7256945000,r,1440
7256945000,r,1440
7257766000,s,1340
7260839000,r,1440
7476002000,s,1340
7525173000,s,1340
7525372000,s,1340
7526996000,r,1440
7531491000,r,1440
7537859000,r,1440
7537860000,r,1440
7538157000,r,1440
7538832000,s,1340
7538980000,s,1340
7543486000,r,1440
7577683000,r,1440
7589619000,s,1340
7621096000,s,1340
7655258000,r,1440
7655258000,r,1440
7656691000,s,1340
7656966000,s,1340
7667404000,s,1340
7668862000,r,1440
7678951000,r,1440
7681714000,r,1440
7681714000,r,1440
7681715000,r,1440
7682493000,s,1340
7682629000,s,1340
7687322000,r,1440
8188750000,s,1340
8188946000,s,1340
9667008000,s,1340
9697921000,s,1340
9698331000,s,1340
9698373000,s,1340
9698383000,s,1340
9698399000,s,1340
9717448000,r,1440
9717448000,r,1440
9717878000,s,1340
9717920000,s,1340
9717989000,s,1340
9718601000,r,1440
9718733000,s,1340
9721997000,s,1340
9722662000,s,1340
9722691000,r,1440
9722691000,r,1440
9722691000,r,1440
9722691000,r,1440
9722962000,s,1340
9723042000,s,1340
9723106000,s,1340
9725715000,r,1440
9725716000,r,1440
9726036000,r,1440
9726036000,r,1440
9726272000,s,1340
9726540000,r,1440
9726540000,r,1440
9726750000,s,1340
9727828000,r,1440
9728210000,s,1340
9728514000,s,1340
9730443000,r,1440
9730443000,r,1440
9730443000,r,1440
9731557000,s,1340
9735046000,s,1340
9735149000,s,1340
9735209000,s,1340
9735255000,s,1340
9735290000,s,1340
9735486000,s,1340
9735598000,s,1340
9735743000,s,1340
9735881000,s,1340
9736483000,s,1340
9736569000,s,1340
9736706000,s,1340
9737008000,s,1340
9737114000,s,1340
9737189000,s,1340
9737379000,s,1340
9737576000,s,1340
9737665000,s,1340
9737909000,s,1340
9738033000,s,1340
9738151000,s,1340
9738795000,s,1340
9738917000,s,1340
9739091000,s,1340
9739095000,r,1440
9739155000,s,1340
9739096000,r,1440
9739274000,s,1340
9739341000,s,1340
9739407000,s,1340
9739816000,s,1340
9739970000,s,1340
9740030000,s,1340
9740429000,r,1440
9740675000,s,1340
9740762000,s,1340
9742126000,r,1440
9742942000,s,1340
9743471000,r,1440
9743471000,r,1440
9743561000,s,1340
9743623000,s,1340
9743731000,s,1340
9743832000,s,1340
9743910000,s,1340
9744943000,r,1440
9746685000,r,1440
9747484000,r,1440
9749535000,r,1440
9749552000,s,1340
9749535000,r,1440
9749536000,r,1440
9749536000,r,1440
9749536000,r,1440
9749888000,s,1340
9749994000,s,1340
9750857000,r,1440
9751269000,s,1340
9751384000,s,1340
9751505000,s,1340
9751633000,s,1340
9751769000,s,1340
9751861000,r,1440
9751873000,s,1340
9752000000,s,1340
9752137000,s,1340
9752202000,s,1340
9752268000,s,1340
9752330000,s,1340
9752526000,s,1340
9752663000,s,1340
9752740000,s,1340
9752786000,s,1340
9753050000,s,1340
9753119000,s,1340
9753140000,s,1340
9753195000,s,1340
9753617000,s,1340
9753656000,s,1340
9753785000,s,1340
9753845000,s,1340
9754171000,s,1340
9754199000,s,1340
9754358000,s,1340
9754439000,s,1340
9754490000,s,1340
9754615000,s,1340
9754675000,s,1340
9755152000,s,1340
9755325000,s,1340
9755385000,s,1340
9755396000,r,1440
9755519000,s,1340
9755588000,s,1340
9755714000,s,1340
9755896000,s,1340
9755925000,s,1340
9755987000,s,1340
9755999000,r,1440
9756137000,s,1340
9756216000,s,1340
9756281000,s,1340
9756451000,s,1340
9756512000,s,1340
9756662000,s,1340
9756751000,s,1340
9756923000,s,1340
9757057000,s,1340
9757212000,s,1340
9757340000,s,1340
9757475000,s,1340
9757604000,s,1340
9757672000,s,1340
9758051000,s,1340
9758137000,s,1340
9758282000,s,1340
9758426000,r,1440
9758426000,r,1440
9758523000,s,1340
9758630000,s,1340
9758715000,s,1340
9758813000,s,1340
9758925000,s,1340
9758993000,s,1340
9759188000,s,1340
9759270000,s,1340
9759646000,s,1340
9759714000,s,1340
9759845000,s,1340
9760013000,s,1340
9760090000,s,1340
9760236000,s,1340
9760331000,s,1340
9760646000,s,1340
9760744000,s,1340
9760834000,s,1340
9760928000,s,1340
9761012000,s,1340
9761064000,s,1340
9761113000,s,1340
9761270000,s,1340
9761359000,s,1340
9761447000,s,1340
9761580000,s,1340
9761878000,s,1340
9761952000,s,1340
9762001000,s,1340
9762519000,s,1340
9762609000,s,1340
9762670000,s,1340
9763100000,r,1440
9763100000,r,1440
9763100000,r,1440
9763100000,r,1440
9763100000,r,1440
9763100000,r,1440
9763100000,r,1440
9763100000,r,1440
9763275000,s,1340
9763322000,s,1340
9763352000,s,1340
9763699000,s,1340
9763792000,s,1340
9765703000,s,1340
9767485000,r,1440
9767486000,r,1440
9767486000,r,1440
9767486000,r,1440
9767581000,r,1440
9767920000,s,1340
9767992000,s,1340
9771437000,r,1440
9773649000,r,1440
9773649000,r,1440
9773974000,s,1340
9774059000,s,1340
9777033000,r,1440
9777033000,r,1440
9777413000,s,1340
9781492000,r,1440
9781492000,r,1440
9782094000,s,1340
9783340000,s,1340
9783494000,r,1440
9787493000,r,1440
9792039000,r,1440
9792400000,s,1340
9792499000,s,1340
9806694000,r,1440
9818074000,s,1340
11954908000,s,1340
11994962000,s,1340
11995430000,s,1340
12643409000,r,1440
12643409000,r,1440
12643410000,r,1440
12643410000,r,1440
12643411000,r,1440
12643411000,r,1440
12643412000,r,1440
12643412000,r,1440
12644222000,r,1440
12644223000,r,1440
12644223000,r,1440
12647907000,s,1340
12648317000,s,1340
12648556000,s,1340
12648843000,s,1340
12649054000,s,1340
12649274000,s,1340
12649814000,s,1340
12650132000,s,1340
12650337000,s,1340
12650543000,s,1340
12650808000,s,1340
12651008000,s,1340
12658301000,r,1440
12658620000,r,1440
12660388000,s,1340
12662950000,r,1440
12662951000,r,1440
12662951000,r,1440
12662951000,r,1440
12662952000,r,1440
12662952000,r,1440
12662952000,r,1440
12662953000,r,1440
12663293000,r,1440
12663293000,r,1440
12663293000,r,1440
12663294000,r,1440
12663294000,r,1440
12663295000,r,1440
12663295000,r,1440
12664729000,r,1440
12664730000,r,1440
12664730000,r,1440
12664730000,r,1440
12664731000,r,1440
12664731000,r,1440
12664732000,r,1440
12664732000,r,1440
12666050000,s,1340
12666416000,s,1340
12667297000,s,1340
12668037000,s,1340
12668549000,s,1340
12669166000,s,1340
12669469000,s,1340
12669955000,s,1340
12670434000,s,1340
12671064000,s,1340
12671346000,s,1340
12671424000,r,1440
12672031000,s,1340
12672324000,s,1340
12672879000,s,1340
12673224000,s,1340
12673529000,s,1340
12673829000,s,1340
12674137000,s,1340
12674459000,s,1340
12674743000,s,1340
12675027000,s,1340
12675316000,s,1340
12675698000,s,1340
12675800000,r,1440
12676001000,s,1340
12676298000,s,1340
12676583000,s,1340
12676879000,s,1340
12677171000,s,1340
12677454000,s,1340
12677720000,s,1340
12677996000,s,1340
12678253000,s,1340
12678516000,s,1340
12678780000,s,1340
12679067000,s,1340
12679330000,s,1340
12679543000,r,1440
12679543000,r,1440
12681046000,s,1340
12681361000,s,1340
12681640000,s,1340
12681942000,s,1340
12682257000,s,1340
12682542000,s,1340
12682835000,s,1340
12683132000,s,1340
12683391000,r,1440
12683412000,s,1340
12683392000,r,1440
12683392000,r,1440
12683393000,r,1440
12683393000,r,1440
12683394000,r,1440
12683394000,r,1440
12683395000,r,1440
12683660000,r,1440
12683661000,r,1440
12683661000,r,1440
12683662000,r,1440
12683662000,r,1440
12683663000,r,1440
12683663000,r,1440
12683664000,r,1440
12683806000,s,1340
12683809000,r,1440
12683810000,r,1440
12683810000,r,1440
12683810000,r,1440
12683811000,r,1440
12683812000,r,1440
12683812000,r,1440
12683812000,r,1440
12683955000,r,1440
12683956000,r,1440
12684111000,s,1340
12684463000,s,1340
12684546000,r,1440
12684546000,r,1440
12684547000,r,1440
12684547000,r,1440
12684548000,r,1440
12684548000,r,1440
12684549000,r,1440
12684786000,s,1340
12685105000,s,1340
12685454000,s,1340
12685758000,s,1340
12686046000,s,1340
12686390000,s,1340
12686706000,s,1340
12687025000,s,1340
12687321000,s,1340
12687539000,r,1440
12687540000,r,1440
12687540000,r,1440
12687541000,r,1440
12687541000,r,1440
12687542000,r,1440
12687742000,s,1340
12688051000,s,1340
12688331000,s,1340
12688680000,s,1340
12688948000,s,1340
12689230000,s,1340
12689501000,s,1340
12689776000,s,1340
12690050000,s,1340
12690332000,s,1340
12690604000,s,1340
12690906000,s,1340
12691177000,s,1340
12691434000,s,1340
12691855000,s,1340
12692120000,s,1340
12692394000,s,1340
12692668000,s,1340
12692970000,s,1340
12693219000,s,1340
12693524000,s,1340
12693809000,s,1340
12694090000,s,1340
12694249000,r,1440
12694389000,s,1340
12694249000,r,1440
12694250000,r,1440
12694250000,r,1440
12694251000,r,1440
12695369000,s,1340
12695755000,s,1340
12696351000,r,1440
12697622000,s,1340
12698216000,s,1340
12698649000,s,1340
12698950000,r,1440
12698950000,r,1440
12698951000,r,1440
12699182000,s,1340
12699263000,r,1440
12699621000,s,1340
12699916000,s,1340
12700130000,r,1440
12700205000,s,1340
12700501000,s,1340
12700776000,s,1340
12701056000,s,1340
12701349000,s,1340
12701617000,s,1340
12701920000,s,1340
12702186000,s,1340
12702459000,s,1340
12702703000,s,1340
12702970000,r,1440
12702970000,r,1440
12703220000,s,1340
12703644000,s,1340
12703924000,s,1340
12704111000,s,1340
12704290000,s,1340
12704477000,s,1340
12704654000,s,1340
12704838000,s,1340
12705043000,s,1340
12705236000,s,1340
12705504000,s,1340
12705801000,s,1340
12706207000,s,1340
12706491000,s,1340
12706798000,s,1340
12707075000,s,1340
12707331000,s,1340
12707826000,s,1340
12708105000,s,1340
12708286000,s,1340
12708449000,s,1340
12708611000,s,1340
12708784000,s,1340
12708946000,s,1340
12709314000,s,1340
12709510000,s,1340
12709679000,s,1340
12709841000,s,1340
12710006000,s,1340
12710204000,s,1340
12710502000,s,1340
12710672000,s,1340
12710866000,s,1340
12711057000,s,1340
12711226000,s,1340
12711387000,s,1340
12711514000,r,1440
12711650000,s,1340
12711833000,s,1340
12712018000,s,1340
12712200000,s,1340
12712370000,s,1340
12712534000,s,1340
12712712000,s,1340
12712887000,s,1340
12713073000,s,1340
12713250000,s,1340
12713419000,s,1340
12713596000,s,1340
12713766000,s,1340
12713937000,s,1340
12714146000,s,1340
12714320000,s,1340
12714497000,s,1340
12714666000,s,1340
12714837000,s,1340
12715500000,r,1440
12715500000,r,1440
12715501000,r,1440
12716794000,s,1340
12719483000,r,1440
12720529000,s,1340
12736097000,r,1440
12736098000,r,1440
12736098000,r,1440
12736099000,r,1440
12736099000,r,1440
12736100000,r,1440
12736100000,r,1440
12736101000,r,1440
12738664000,s,1340
12739140000,s,1340
12739336000,s,1340
12739572000,r,1440
12739573000,r,1440
12739573000,r,1440
12739574000,r,1440
12739574000,r,1440
12739575000,r,1440
12739858000,r,1440
12739858000,r,1440
12739859000,r,1440
12739859000,r,1440
12739860000,r,1440
12741161000,s,1340
12742217000,s,1340
12742433000,s,1340
12742577000,s,1340
12742807000,s,1340
12742994000,s,1340
12751654000,r,1440
12752712000,s,1340
12755605000,r,1440
12759397000,r,1440
12759398000,r,1440
12759399000,r,1440
12762137000,s,1340
12764909000,s,1340
16253065000,s,1340
16291110000,s,1340
16291663000,s,1340
16307675000,r,1440
16307676000,r,1440
16307676000,r,1440
16307677000,r,1440
16310449000,s,1340
16323232000,r,1440
16323232000,r,1440
16324841000,s,1340
16335608000,r,1440
16335906000,r,1440
16335907000,r,1440
16336581000,r,1440
16336982000,s,1340
16337719000,r,1440
16339165000,s,1340
16347659000,r,1440
16349223000,s,1340
16351178000,r,1440
16351179000,r,1440
16352911000,r,1440
16354481000,s,1340
16359549000,r,1440
16361082000,s,1340
16363529000,r,1440
16367523000,r,1440
16369018000,s,1340
16371500000,r,1440
16374547000,r,1440
16374547000,r,1440
16374548000,r,1440
16374548000,r,1440
16375890000,s,1340
16376215000,s,1340
16377128000,r,1440
16377128000,r,1440
17868012000,r,1440
17870191000,s,1340
17880745000,r,1440
17880746000,r,1440
17883640000,s,1340
17895549000,r,1440
17895549000,r,1440
17895946000,r,1440
17897404000,s,1340
17897524000,r,1440
17898736000,s,1340
19574699000,s,1340
21499662000,r,1440
21502570000,s,1340
23808034000,s,1340
23845941000,s,1340
23846388000,s,1340
27027796000,s,1340
27066173000,s,1340
27066617000,s,1340
27085172000,r,1440
27085172000,r,1440
27085173000,r,1440
27086869000,r,1440
27088944000,s,1340
27091554000,r,1440
27091555000,r,1440
27093482000,s,1340
27093856000,r,1440
27093856000,r,1440
27095281000,s,1340
27098335000,s,1340
27099511000,r,1440
27100471000,r,1440
27103543000,r,1440
27105400000,s,1340
27105736000,s,1340
27119681000,r,1440