0,s,1340
39028000,s,1340
39469000,s,1340
436295000,r,1440
439795000,s,1340
4169873000,s,1340
4219825000,s,1340
4221573000,s,1340
4221699000,s,1340
4221746000,s,1340
4221767000,s,1340
4221782000,s,1340
4239961000,r,1440
4239961000,r,1440
4239961000,r,1440
4241572000,r,1440
4242828000,s,1340
4243069000,r,1440
4243824000,r,1440
4244934000,s,1340
4245085000,s,1340
4245121000,s,1340
4245146000,s,1340
4245346000,s,1340
4245731000,s,1340
4246352000,s,1340
4247916000,s,1340
4248072000,s,1340
4248180000,s,1340
4248285000,s,1340
4248385000,s,1340
4248487000,s,1340
4248585000,s,1340
4248683000,s,1340
4248780000,s,1340
4248876000,s,1340
4248973000,s,1340
4249122000,s,1340
4249885000,s,1340
4250114000,s,1340
4250510000,s,1340
4250817000,s,1340
4250956000,s,1340
4251244000,s,1340
4251396000,s,1340
4251797000,s,1340
4252020000,s,1340
4252165000,s,1340
4252274000,s,1340
4252403000,s,1340
4252633000,s,1340
4253081000,s,1340
4253195000,s,1340
4253228000,s,1340
4253609000,s,1340
4253700000,s,1340
4253979000,s,1340
4254181000,s,1340
4254505000,s,1340
4254628000,s,1340
4254792000,s,1340
4255241000,s,1340
4255438000,s,1340
4255611000,s,1340
4255762000,s,1340
4255981000,s,1340
4256124000,s,1340
4256266000,s,1340
4256492000,s,1340
4256644000,s,1340
4256769000,s,1340
4256909000,s,1340
4257057000,s,1340
4257185000,s,1340
4257307000,s,1340
4257398000,s,1340
4257485000,s,1340
4257616000,s,1340
4257833000,s,1340
4257949000,s,1340
4258036000,s,1340
4258107000,s,1340
4258376000,s,1340
4258464000,s,1340
4258715000,s,1340
4264384000,r,1440
4266760000,r,1440
4267002000,s,1340
4267248000,s,1340
4267592000,r,1440
4268443000,s,1340
4268697000,r,1440
4268824000,s,1340
4269353000,s,1340
4269572000,r,1440
4270312000,s,1340
4270418000,s,1340
4270712000,s,1340
4271414000,s,1340
4271576000,s,1340
4271717000,s,1340
4271848000,s,1340
4271906000,r,1440
4272045000,s,1340
4272202000,s,1340
4272360000,s,1340
4272509000,s,1340
4272538000,r,1440
4272698000,s,1340
4272893000,s,1340
4273035000,s,1340
4273158000,s,1340
4273295000,s,1340
4273430000,s,1340
4273566000,s,1340
4273872000,s,1340
4274080000,s,1340
4274287000,s,1340
4274487000,s,1340
4274687000,s,1340
4274877000,s,1340
4275062000,s,1340
4275247000,s,1340
4275442000,s,1340
4275840000,s,1340
4276109000,s,1340
4276495000,s,1340
4276664000,s,1340
4276767000,s,1340
4276859000,s,1340
4277000000,s,1340
4277096000,s,1340
4277188000,s,1340
4277281000,s,1340
4277382000,s,1340
4277644000,s,1340
4277771000,s,1340
4277876000,s,1340
4278294000,s,1340
4278417000,s,1340
4278664000,s,1340
4278813000,s,1340
4279184000,s,1340
4279369000,s,1340
4279500000,s,1340
4279779000,s,1340
4280673000,s,1340
4280903000,s,1340
4281336000,s,1340
4281808000,s,1340
4282022000,s,1340
4282592000,s,1340
4283015000,s,1340
4283223000,s,1340
4283239000,r,1440
4283239000,r,1440
4283239000,r,1440
4283759000,s,1340
4284033000,r,1440
4284033000,r,1440
4284368000,s,1340
4284676000,s,1340
4284898000,r,1440
4285220000,s,1340
4285482000,s,1340
4285670000,s,1340
4285887000,s,1340
4286080000,s,1340
4286285000,s,1340
4286495000,s,1340
4286675000,s,1340
4286692000,r,1440
4286848000,s,1340
4287048000,s,1340
4287248000,s,1340
4287460000,s,1340
4287662000,s,1340
4290849000,s,1340
4291089000,s,1340
4291950000,r,1440
4291951000,r,1440
4295059000,s,1340
4297646000,s,1340
4297733000,s,1340
4307453000,r,1440
4307454000,r,1440
4310061000,r,1440
4310403000,s,1340
4311435000,r,1440
4311435000,r,1440
4311435000,r,1440
4311852000,s,1340
4311930000,s,1340
4314341000,r,1440
4314341000,r,1440
4318538000,s,1340
4319933000,r,1440
4320939000,s,1340
4321887000,r,1440
4323283000,r,1440
4323284000,r,1440
4324305000,s,1340
4324618000,s,1340
4326657000,r,1440
4328430000,r,1440
4331428000,r,1440
4331582000,s,1340
4331608000,r,1440
4332688000,r,1440
4333631000,s,1340
4335896000,r,1440
4338411000,r,1440
4338412000,r,1440
4338412000,r,1440
4339338000,s,1340
4339619000,s,1340
4339835000,s,1340
4340295000,s,1340
4340697000,s,1340
4340974000,s,1340
4341215000,s,1340
4341777000,s,1340
4342043000,s,1340
4342270000,s,1340
4342472000,s,1340
4342770000,s,1340
4342934000,s,1340
4342983000,r,1440
4342983000,r,1440
4343271000,s,1340
4343365000,s,1340
4343521000,s,1340
4343614000,s,1340
4347519000,r,1440
4348546000,s,1340
4351910000,r,1440
4354093000,s,1340
4740099000,r,1440
4740099000,r,1440
4740100000,r,1440
4740100000,r,1440
4742100000,s,1340
4742297000,s,1340
4753643000,r,1440
4753643000,r,1440
4756001000,r,1440
4756002000,r,1440
4756475000,s,1340
4756862000,s,1340
4758367000,r,1440
4758367000,r,1440
4759632000,s,1340
4876013000,r,1440
4876013000,r,1440
4876014000,r,1440
4876014000,r,1440
4876015000,r,1440
4876015000,r,1440
4876016000,r,1440
4876016000,r,1440
4876417000,r,1440
4876418000,r,1440
4879428000,s,1340
4880212000,s,1340
4880506000,s,1340
4880815000,s,1340
4881100000,s,1340
4881363000,s,1340
4881883000,s,1340
4891977000,r,1440
4892211000,s,1340
4891978000,r,1440
4891978000,r,1440
4894605000,s,1340
4894929000,s,1340
4894959000,r,1440
4894960000,r,1440
4894960000,r,1440
4894961000,r,1440
4894961000,r,1440
4894962000,r,1440
4897249000,s,1340
4897916000,s,1340
4898224000,s,1340
4903851000,r,1440
4903852000,r,1440
4909250000,s,1340
4941872000,s,1340
5016662000,s,1340
5016921000,s,1340
5027934000,r,1440
5031926000,r,1440
5031926000,r,1440
5031926000,r,1440
5031926000,r,1440
5032351000,r,1440
5032351000,r,1440
5032351000,r,1440
5032352000,r,1440
5032352000,r,1440
5032352000,r,1440
5032352000,r,1440
5032352000,r,1440
5032433000,r,1440
5032433000,r,1440
5032434000,r,1440
5032434000,r,1440
5032730000,s,1340
5032829000,s,1340
5032856000,s,1340
5032874000,s,1340
5032890000,s,1340
5032914000,s,1340
5032930000,s,1340
5032945000,s,1340
5033053000,s,1340
5033099000,s,1340
5033422000,s,1340
5033590000,s,1340
5033750000,s,1340
5033755000,r,1440
5033755000,r,1440
5033755000,r,1440
5033756000,r,1440
5033756000,r,1440
5033890000,s,1340
5033987000,s,1340
5034107000,s,1340
5034207000,s,1340
5034302000,s,1340
5034413000,s,1340
5034562000,s,1340
5034734000,s,1340
5034839000,s,1340
5034935000,s,1340
5035075000,s,1340
5035217000,s,1340
5035349000,s,1340
5035476000,s,1340
5035602000,s,1340
5035729000,s,1340
5035831000,s,1340
5036018000,s,1340
5036147000,s,1340
5036270000,s,1340
5036397000,s,1340
5036524000,s,1340
5036651000,s,1340
5036786000,s,1340
5036909000,s,1340
5037059000,s,1340
5037177000,s,1340
5037310000,s,1340
5037443000,s,1340
5037538000,s,1340
5037640000,s,1340
5037735000,s,1340
5037826000,s,1340
5037918000,s,1340
5038016000,s,1340
5038325000,s,1340
5038522000,s,1340
5038552000,s,1340
5038590000,s,1340
5040366000,s,1340
5040885000,s,1340
5041021000,s,1340
5041128000,s,1340
5041242000,s,1340
5041337000,s,1340
5041435000,s,1340
5041524000,s,1340
5041927000,s,1340
5041979000,s,1340
5042075000,s,1340
5042124000,s,1340
5042387000,s,1340
5042411000,s,1340
5042507000,s,1340
5042556000,s,1340
5043361000,s,1340
5043442000,s,1340
5043467000,s,1340
5043939000,r,1440
5044216000,s,1340
5044326000,s,1340
5044363000,s,1340
5044555000,s,1340
5044667000,s,1340
5044698000,s,1340
5044925000,s,1340
5044971000,s,1340
5045267000,s,1340
5045412000,s,1340
5045517000,s,1340
5045793000,s,1340
5046013000,s,1340
5046847000,s,1340
5047008000,s,1340
5047158000,s,1340
5047305000,s,1340
5047448000,s,1340
5047593000,s,1340
5047736000,s,1340
5047930000,s,1340
5048094000,s,1340
5048388000,s,1340
5048703000,s,1340
5048863000,s,1340
5049150000,s,1340
5049320000,s,1340
5049641000,s,1340
5049794000,s,1340
5050227000,s,1340
5050399000,s,1340
5050748000,s,1340
5050895000,s,1340
5051027000,s,1340
5051392000,s,1340
5051649000,s,1340
5051792000,s,1340
5052252000,s,1340
5052424000,s,1340
5052575000,s,1340
5052649000,r,1440
5052963000,s,1340
5053129000,s,1340
5053293000,s,1340
5053703000,s,1340
5053860000,s,1340
5053996000,s,1340
5054137000,r,1440
5054394000,s,1340
5054541000,s,1340
5054669000,s,1340
5054858000,s,1340
5055061000,s,1340
5055552000,s,1340
5055726000,s,1340
5060721000,r,1440
5061438000,s,1340
5066722000,s,1340
5067905000,r,1440
5067905000,r,1440
5067906000,r,1440
5069116000,s,1340
5069299000,s,1340
5069444000,s,1340
5069894000,s,1340
5070493000,s,1340
5079900000,r,1440
5079901000,r,1440
5081126000,r,1440
5081126000,r,1440
5081470000,s,1340
5082177000,r,1440
5082303000,s,1340
5087883000,r,1440
5087883000,r,1440
5087883000,r,1440
5087883000,r,1440
5087884000,r,1440
5087884000,r,1440
5087884000,r,1440
5087884000,r,1440
5087955000,r,1440
5087956000,r,1440
5087956000,r,1440
5087956000,r,1440
5088750000,s,1340
5088819000,s,1340
5089446000,s,1340
5089508000,s,1340
5089530000,s,1340
5089637000,s,1340
5089712000,s,1340
5089917000,s,1340
5089947000,s,1340
5090218000,s,1340
5090411000,s,1340
5090570000,s,1340
5090726000,s,1340
5090884000,s,1340
5091036000,s,1340
5091173000,s,1340
5091404000,s,1340
5091554000,s,1340
5092124000,s,1340
5092276000,s,1340
5092421000,s,1340
5092538000,s,1340
5092666000,s,1340
5092786000,s,1340
5092901000,s,1340
5093040000,s,1340
5093164000,s,1340
5093294000,s,1340
5093427000,s,1340
5093664000,s,1340
5094315000,s,1340
5094458000,s,1340
5094590000,s,1340
5094891000,s,1340
5095041000,s,1340
5095336000,s,1340
5095541000,s,1340
5095699000,s,1340
5096019000,s,1340
5096244000,s,1340
5096403000,s,1340
5096556000,s,1340
5096686000,s,1340
5096825000,s,1340
5096958000,s,1340
5097146000,s,1340
5097294000,s,1340
5097685000,s,1340
5097831000,s,1340
5097982000,s,1340
5098116000,s,1340
5098428000,s,1340
5098562000,s,1340
5098697000,r,1440
5098740000,s,1340
5098890000,s,1340
5099056000,s,1340
5099341000,s,1340
5099493000,s,1340
5099772000,s,1340
5099968000,s,1340
5100147000,s,1340
5100278000,s,1340
5100511000,s,1340
5100644000,s,1340
5100763000,s,1340
5100887000,s,1340
5101153000,s,1340
5101314000,s,1340
5101603000,s,1340
5101732000,s,1340
5101958000,s,1340
5102171000,s,1340
5102397000,s,1340
5102574000,s,1340
5102716000,s,1340
5102978000,s,1340
5103111000,s,1340
5103229000,s,1340
5103247000,r,1440
5103247000,r,1440
5103248000,r,1440
5103248000,r,1440
5103248000,r,1440
5103248000,r,1440
5103501000,s,1340
5103646000,s,1340
5103732000,s,1340
5103761000,s,1340
5103854000,s,1340
5104041000,s,1340
5104159000,s,1340
5104279000,s,1340
5104406000,s,1340
5104515000,s,1340
5104855000,s,1340
5105053000,s,1340
5105181000,s,1340
5105308000,s,1340
5105617000,s,1340
5105746000,s,1340
5105873000,s,1340
5105994000,s,1340
5106114000,s,1340
5106162000,r,1440
5106162000,r,1440
5106162000,r,1440
5106162000,r,1440
5106163000,r,1440
5106163000,r,1440
5106339000,s,1340
5106482000,s,1340
5106750000,s,1340
5106769000,r,1440
5106889000,s,1340
5107013000,s,1340
5107137000,s,1340
5107228000,s,1340
5107342000,s,1340
5107457000,s,1340
5107576000,s,1340
5107701000,s,1340
5107811000,s,1340
5107885000,r,1440
5107885000,r,1440
5107976000,s,1340
5108094000,s,1340
5108363000,s,1340
5108543000,s,1340
5108690000,s,1340
5108818000,s,1340
5108999000,s,1340
5109131000,s,1340
5109261000,s,1340
5109597000,s,1340
5109737000,s,1340
5109854000,s,1340
5110034000,r,1440
5110197000,s,1340
5110343000,s,1340
5110464000,s,1340
5110590000,s,1340
5110706000,s,1340
5110836000,s,1340
5110967000,s,1340
5111093000,s,1340
5111226000,s,1340
5111350000,s,1340
5111478000,s,1340
5111540000,s,1340
5111596000,r,1440
5111674000,s,1340
5111807000,s,1340
5111985000,s,1340
5112210000,s,1340
5112481000,s,1340
5112627000,s,1340
5112752000,s,1340
5113085000,s,1340
5113297000,s,1340
5113416000,s,1340
5113535000,s,1340
5113656000,s,1340
5113763000,s,1340
5113870000,s,1340
5113985000,s,1340
5114096000,s,1340
5114325000,s,1340
5114476000,s,1340
5114648000,s,1340
5114774000,s,1340
5114977000,s,1340
5115182000,s,1340
5115299000,s,1340
5115427000,r,1440
5115453000,s,1340
5115568000,s,1340
5115676000,s,1340
5115799000,s,1340
5115940000,s,1340
5116058000,s,1340
5116137000,r,1440
5116175000,s,1340
5116294000,s,1340
5116403000,s,1340
5116509000,s,1340
5116613000,s,1340
5116717000,s,1340
5116935000,s,1340
5117050000,s,1340
5117333000,s,1340
5117479000,s,1340
5117602000,s,1340
5117909000,s,1340
5118031000,s,1340
5118144000,s,1340
5118341000,s,1340
5118457000,s,1340
5118733000,s,1340
5118849000,s,1340
5118953000,s,1340
5119060000,s,1340
5119167000,s,1340
5119178000,r,1440
5119290000,s,1340
5119451000,s,1340
5119499000,s,1340
5122047000,r,1440
5122048000,r,1440
5122048000,r,1440
5122048000,r,1440
5122617000,s,1340
5122749000,s,1340
5122869000,s,1340
5122957000,s,1340
5123038000,s,1340
5123138000,s,1340
5123221000,s,1340
5123475000,s,1340
5123591000,s,1340
5123676000,s,1340
5123764000,s,1340
5123884000,r,1440
5124090000,s,1340
5124198000,s,1340
5126301000,r,1440
5126847000,r,1440
5126847000,r,1440
5126847000,r,1440
5127358000,s,1340
5127487000,s,1340
5129477000,r,1440
5134090000,s,1340
5253723000,s,1340
5253824000,s,1340
5264462000,s,1340
5264865000,r,1440
5264865000,r,1440
5283931000,r,1440
5284740000,s,1340
5310866000,r,1440
5315470000,r,1440
5315470000,r,1440
5316029000,s,1340
5316148000,s,1340
5356766000,s,1340
5366821000,r,1440
5366822000,r,1440
5367617000,r,1440
5368319000,s,1340
5964041000,r,1440
6272066000,r,1440
6274525000,s,1340
6683979000,r,1440
6685009000,s,1340
7092020000,r,1440
8935291000,r,1440
8935294000,r,1440
8935294000,r,1440
8935295000,r,1440
8935295000,r,1440
8935296000,r,1440
8935296000,r,1440
8935297000,r,1440
8936265000,r,1440
8936266000,r,1440
8936266000,r,1440
8936267000,r,1440
8941604000,s,1340
8942078000,s,1340
8942300000,s,1340
8942565000,s,1340
8942774000,s,1340
8942964000,s,1340
8943156000,s,1340
8943428000,s,1340
8943667000,s,1340
8943856000,s,1340
8944200000,s,1340
8944469000,s,1340
8944731000,s,1340
8944933000,s,1340
8945124000,s,1340
8945549000,s,1340
8945780000,s,1340
8946057000,s,1340
8946260000,s,1340
8946469000,s,1340
8946733000,s,1340
8946984000,s,1340
8947178000,s,1340
8947381000,s,1340
8947644000,s,1340
8948118000,s,1340
8948340000,s,1340
8948653000,s,1340
8948979000,s,1340
8949259000,s,1340
8949535000,s,1340
8949809000,s,1340
8950073000,s,1340
8950344000,s,1340
8950634000,s,1340
8950899000,s,1340
8951166000,s,1340
8951425000,s,1340
8951709000,s,1340
8952071000,s,1340
8952337000,s,1340
8952633000,s,1340
8952916000,s,1340
8953175000,s,1340
8953438000,s,1340
8953720000,s,1340
8953994000,s,1340
8953983000,r,1440
8953983000,r,1440
8953984000,r,1440
8953984000,r,1440
8953985000,r,1440
8954278000,s,1340
8954556000,s,1340
8954861000,s,1340
8955151000,s,1340
8955443000,s,1340
8955734000,s,1340
8956119000,s,1340
8956456000,s,1340
8956736000,s,1340
8957032000,s,1340
8957321000,s,1340
8957613000,s,1340
8957887000,s,1340
8958162000,s,1340
8958434000,s,1340
8958704000,s,1340
8958998000,s,1340
8959264000,s,1340
8959534000,s,1340
8959820000,s,1340
8960082000,r,1440
8960209000,s,1340
8960083000,r,1440
8960083000,r,1440
8960084000,r,1440
8960486000,s,1340
8960741000,s,1340
8960789000,r,1440
8960790000,r,1440
8960791000,r,1440
8960791000,r,1440
8960792000,r,1440
8960792000,r,1440
8961016000,s,1340
8961354000,s,1340
8961619000,s,1340
8961897000,s,1340
8962101000,s,1340
8962291000,s,1340
8962376000,r,1440
8962475000,s,1340
8962377000,r,1440
8962681000,s,1340
8963488000,s,1340
8963665000,s,1340
8963717000,s,1340
8963759000,s,1340
8963795000,s,1340
8963830000,s,1340
8963961000,s,1340
8964013000,s,1340
8964059000,s,1340
8964169000,s,1340
8964213000,s,1340
8964247000,s,1340
8964281000,s,1340
8964314000,s,1340
8964353000,s,1340
8964701000,s,1340
8964736000,s,1340
8964759000,s,1340
8964777000,s,1340
8964799000,s,1340
8964817000,s,1340
8964836000,s,1340
8964853000,s,1340
8964869000,s,1340
8964922000,s,1340
8964945000,s,1340
8964964000,s,1340
8964984000,s,1340
8965005000,s,1340
8965024000,s,1340
8965042000,s,1340
8965059000,s,1340
8965076000,s,1340
8965093000,s,1340
8965110000,s,1340
8965132000,s,1340
8965152000,s,1340
8965171000,s,1340
8965191000,s,1340
8965212000,s,1340
8965232000,s,1340
8965262000,s,1340
8965281000,s,1340
8965310000,s,1340
8965336000,s,1340
8965357000,s,1340
8965434000,s,1340
8965996000,s,1340
8966649000,s,1340
8966795000,r,1440
8966796000,r,1440
8966796000,r,1440
8966796000,r,1440
8966796000,r,1440
8966986000,s,1340
8967292000,s,1340
8967602000,s,1340
8968034000,s,1340
8968381000,s,1340
8968787000,s,1340
8969221000,s,1340
8969517000,s,1340
8969881000,s,1340
8970173000,s,1340
8970450000,s,1340
8971011000,s,1340
8971010000,r,1440
8971294000,s,1340
8971554000,s,1340
8971805000,s,1340
8972175000,s,1340
8972477000,s,1340
8972749000,s,1340
8973011000,s,1340
8973176000,s,1340
8973323000,s,1340
8973527000,s,1340
8973759000,s,1340
8973966000,s,1340
8974146000,s,1340
8974353000,s,1340
8974608000,s,1340
8974789000,s,1340
8975021000,s,1340
8975256000,s,1340
8975507000,s,1340
8975750000,s,1340
8976060000,s,1340
8976272000,s,1340
8976272000,r,1440
8976272000,r,1440
8976471000,s,1340
8976746000,s,1340
8976982000,s,1340
8977241000,s,1340
8977438000,s,1340
8977634000,s,1340
8977905000,s,1340
8978076000,r,1440
8978118000,s,1340
8978077000,r,1440
8978077000,r,1440
8978321000,s,1340
8978527000,s,1340
8978735000,s,1340
8978918000,s,1340
8979105000,s,1340
8979275000,s,1340
8979448000,r,1440
8979460000,s,1340
8979449000,r,1440
8979449000,r,1440
8979653000,s,1340
8979797000,s,1340
8980711000,r,1440
8980711000,r,1440
8980712000,r,1440
8980712000,r,1440
8980713000,r,1440
8981834000,r,1440
8981835000,r,1440
8981835000,r,1440
8981836000,r,1440
8981836000,r,1440
8982795000,r,1440
8982796000,r,1440
8982796000,r,1440
8983456000,s,1340
8983731000,s,1340
8984077000,s,1340
8984382000,s,1340
8984637000,s,1340
8984812000,s,1340
8984977000,r,1440
8985036000,s,1340
8985265000,s,1340
8985705000,s,1340
8985932000,s,1340
8986161000,s,1340
8986366000,s,1340
8986584000,s,1340
8986822000,s,1340
8987049000,s,1340
8987469000,s,1340
8987650000,r,1440
8987686000,s,1340
8987651000,r,1440
8988605000,s,1340
8988871000,s,1340
8989336000,s,1340
8989521000,r,1440
8989545000,s,1340
8989522000,r,1440
8989913000,s,1340
8990142000,s,1340
8990340000,s,1340
8990539000,s,1340
8990717000,s,1340
8990882000,s,1340
8991045000,s,1340
8991221000,s,1340
8991439000,s,1340
8991743000,s,1340
8992140000,s,1340
8992414000,s,1340
8996903000,r,1440
8996904000,r,1440
8996904000,r,1440
8996905000,r,1440
8996905000,r,1440
8996905000,r,1440
8996906000,r,1440
8996906000,r,1440
8997174000,r,1440
8997174000,r,1440
8997175000,r,1440
8997175000,r,1440
8997176000,r,1440
8997176000,r,1440
8998778000,s,1340
8998966000,s,1340
8998971000,r,1440
8999108000,s,1340
8999245000,s,1340
8999371000,s,1340
8999507000,s,1340
8999659000,s,1340
8999824000,s,1340
8999911000,r,1440
9000038000,s,1340
9000211000,s,1340
9000360000,s,1340
9000510000,s,1340
9000676000,s,1340
9001471000,s,1340
9001756000,s,1340
9001974000,s,1340
9002136000,s,1340
9002277000,s,1340
9002432000,s,1340
9002585000,s,1340
9002737000,s,1340
9002893000,s,1340
9003048000,s,1340
9003202000,s,1340
9003348000,s,1340
9003496000,s,1340
9003637000,s,1340
9003775000,s,1340
9003934000,r,1440
9003981000,s,1340
9004320000,s,1340
9004608000,s,1340
9004780000,s,1340
9004929000,s,1340
9005068000,s,1340
9006155000,s,1340
9006351000,s,1340
9006503000,s,1340
9006666000,s,1340
9006812000,s,1340
9007118000,s,1340
9007273000,s,1340
9007418000,s,1340
9007657000,r,1440
9015553000,r,1440
9015553000,r,1440
9015553000,r,1440
9016316000,s,1340
9016698000,s,1340
9448036000,r,1440
9450379000,s,1340
10420414000,r,1440
10420414000,r,1440
10420415000,r,1440
10420415000,r,1440
10420416000,r,1440
10420416000,r,1440
10420417000,r,1440
10420417000,r,1440
10421264000,r,1440
10425066000,s,1340
10425490000,s,1340
10425694000,s,1340
10425889000,s,1340
10884243000,r,1440
10884243000,r,1440
10884244000,r,1440
10884244000,r,1440
10887575000,s,1340
10916128000,r,1440
10918105000,s,1340
10948168000,r,1440
13180060000,r,1440
13183452000,s,1340
13316130000,s,1340
13344227000,r,1440
18916048000,r,1440
18916048000,r,1440
18916049000,r,1440
18916049000,r,1440
18916050000,r,1440
18916050000,r,1440
18916051000,r,1440
18920440000,s,1340
18920888000,s,1340
18921427000,s,1340
18921757000,s,1340
18924349000,s,1340
18931426000,s,1340
18936022000,r,1440
18960066000,r,1440
21557143000,s,1340
21592439000,r,1440
21593646000,s,1340
22044022000,r,1440
23628085000,r,1440
23630999000,s,1340
24192103000,r,1440
24193926000,s,1340
24224426000,r,1440
26495063000,s,1340
26536765000,s,1340
26537224000,s,1340