0,r,1440
0,r,1440
0,r,1440
1000,r,1440
1000,r,1440
2000,r,1440
2000,r,1440
5462000,s,1340
5961000,s,1340
1783922000,r,1440
3005550000,s,1340
4444507000,s,1340
4496070000,s,1340
4497361000,s,1340
4497411000,s,1340
4511484000,s,1340
4511546000,s,1340
4516765000,r,1440
4517277000,s,1340
4517999000,s,1340
4518044000,s,1340
4529233000,r,1440
4529234000,r,1440
4530339000,s,1340
4530612000,s,1340
4530677000,s,1340
4530696000,s,1340
4530708000,s,1340
4530721000,s,1340
4530732000,s,1340
4531131000,r,1440
4531180000,s,1340
4531409000,s,1340
4531527000,s,1340
4531687000,s,1340
4531928000,s,1340
4532151000,s,1340
4532584000,s,1340
4532834000,s,1340
4532949000,s,1340
4533118000,s,1340
4533584000,s,1340
4533808000,s,1340
4534157000,s,1340
4534222000,r,1440
4534354000,s,1340
4534446000,s,1340
4534640000,s,1340
4534997000,s,1340
4535045000,s,1340
4535214000,s,1340
4535260000,s,1340
4535612000,s,1340
4535664000,s,1340
4535786000,r,1440
4535834000,s,1340
4535786000,r,1440
4536066000,s,1340
4536198000,s,1340
4536306000,s,1340
4541144000,r,1440
4541144000,r,1440
4541813000,s,1340
4542883000,r,1440
4542883000,r,1440
4543697000,s,1340
4543904000,s,1340
4544076000,s,1340
4545285000,r,1440
4545805000,s,1340
4562731000,r,1440
4564774000,r,1440
4565468000,s,1340
4569814000,r,1440
4569814000,r,1440
4569815000,r,1440
4569815000,r,1440
4569815000,r,1440
4569816000,r,1440
4569816000,r,1440
4569816000,r,1440
4570042000,r,1440
4570042000,r,1440
4570757000,s,1340
4570843000,s,1340
4570869000,s,1340
4571015000,s,1340
4571099000,s,1340
4571166000,s,1340
4571271000,s,1340
4571307000,s,1340
4571334000,s,1340
4571465000,s,1340
4571606000,s,1340
4571725000,s,1340
4571928000,s,1340
4572039000,s,1340
4572209000,s,1340
4572383000,s,1340
4572490000,s,1340
4572596000,s,1340
4572708000,s,1340
4572822000,s,1340
4572942000,s,1340
4573044000,s,1340
4573121000,s,1340
4573393000,s,1340
4573509000,s,1340
4573602000,s,1340
4573779000,s,1340
4573979000,s,1340
4574178000,s,1340
4574277000,s,1340
4574445000,s,1340
4574550000,s,1340
4574785000,s,1340
4574879000,s,1340
4574988000,s,1340
4575362000,s,1340
4575439000,s,1340
4575525000,s,1340
4575774000,s,1340
4575908000,s,1340
4576036000,s,1340
4576221000,s,1340
4576843000,s,1340
4576993000,s,1340
4577192000,s,1340
4577412000,s,1340
4577539000,s,1340
4577678000,s,1340
4577809000,s,1340
4577916000,s,1340
4578152000,s,1340
4578256000,s,1340
4578362000,s,1340
4578476000,s,1340
4578573000,s,1340
4578672000,s,1340
4578765000,s,1340
4578855000,s,1340
4578970000,s,1340
4579084000,s,1340
4579196000,s,1340
4579317000,s,1340
4579457000,s,1340
4579613000,s,1340
4579770000,s,1340
4579962000,s,1340
4580063000,r,1440
4580106000,s,1340
4580267000,s,1340
4580536000,s,1340
4580593000,s,1340
4580641000,s,1340
4580687000,s,1340
4580785000,s,1340
4580878000,s,1340
4580992000,s,1340
4581087000,s,1340
4581186000,s,1340
4581749000,s,1340
4581882000,s,1340
4581942000,s,1340
4582589000,s,1340
4582640000,s,1340
4582793000,s,1340
4582923000,s,1340
4583076000,s,1340
4583743000,s,1340
4583942000,s,1340
4584446000,s,1340
4584512000,s,1340
4584563000,s,1340
4584616000,s,1340
4584738000,s,1340
4585403000,r,1440
4585403000,r,1440
4585473000,s,1340
4585403000,r,1440
4585561000,s,1340
4585626000,s,1340
4585757000,r,1440
4585757000,r,1440
4585884000,s,1340
4585955000,s,1340
4586017000,s,1340
4586075000,s,1340
4586300000,r,1440
4587538000,s,1340
4587602000,s,1340
4587757000,s,1340
4587776000,s,1340
4587988000,s,1340
4588202000,s,1340
4588250000,s,1340
4588389000,s,1340
4588626000,s,1340
4588725000,s,1340
4588875000,s,1340
4588981000,s,1340
4589233000,s,1340
4589334000,s,1340
4589396000,s,1340
4589453000,s,1340
4589751000,s,1340
4589818000,s,1340
4589877000,s,1340
4589926000,s,1340
4590422000,s,1340
4590492000,s,1340
4590550000,s,1340
4590705000,s,1340
4590822000,s,1340
4592123000,s,1340
4592175000,s,1340
4592294000,s,1340
4592475000,s,1340
4592611000,s,1340
4592741000,s,1340
4592860000,s,1340
4592958000,s,1340
4593058000,s,1340
4593162000,s,1340
4593265000,s,1340
4593374000,s,1340
4593484000,s,1340
4593542000,s,1340
4593631000,s,1340
4593678000,s,1340
4593842000,r,1440
4595387000,s,1340
4595549000,s,1340
4595674000,s,1340
4595798000,s,1340
4595859000,s,1340
4596198000,s,1340
4596224000,s,1340
4596351000,s,1340
4596527000,s,1340
4596637000,s,1340
4596702000,s,1340
4596746000,s,1340
4597094000,s,1340
4597161000,s,1340
4597206000,s,1340
4597334000,s,1340
4597393000,s,1340
4598120000,s,1340
4598190000,r,1440
4598200000,s,1340
4599089000,r,1440
4599421000,s,1340
4599676000,s,1340
4599769000,s,1340
4599880000,s,1340
4599936000,s,1340
4600157000,s,1340
4600415000,s,1340
4600484000,s,1340
4600544000,s,1340
4600616000,s,1340
4600737000,s,1340
4600876000,s,1340
4600960000,r,1440
4601048000,s,1340
4601133000,s,1340
4604150000,r,1440
4604500000,s,1340
4605031000,r,1440
4605031000,r,1440
4605031000,r,1440
4605031000,r,1440
4605031000,r,1440
4605031000,r,1440
4605031000,r,1440
4605031000,r,1440
4605125000,r,1440
4605125000,r,1440
4605125000,r,1440
4605125000,r,1440
4605145000,r,1440
4605145000,r,1440
4605145000,r,1440
4605349000,s,1340
4605678000,s,1340
4605710000,s,1340
4605731000,s,1340
4605945000,s,1340
4606016000,s,1340
4606452000,r,1440
4606452000,r,1440
4606452000,r,1440
4606452000,r,1440
4607317000,r,1440
4607317000,r,1440
4607317000,r,1440
4607317000,r,1440
4608036000,s,1340
4608117000,s,1340
4608150000,s,1340
4608234000,s,1340
4608327000,s,1340
4608450000,s,1340
4608503000,r,1440
4608726000,s,1340
4608763000,s,1340
4609027000,s,1340
4609137000,s,1340
4609163000,s,1340
4609179000,s,1340
4609189000,s,1340
4609207000,s,1340
4609215000,s,1340
4609224000,s,1340
4609232000,s,1340
4609240000,s,1340
4609247000,s,1340
4609311000,s,1340
4609491000,s,1340
4609643000,s,1340
4609691000,r,1440
4611244000,s,1340
4611295000,s,1340
4611313000,s,1340
4611322000,s,1340
4611486000,s,1340
4611940000,s,1340
4612142000,s,1340
4612202000,s,1340
4612318000,r,1440
4612609000,s,1340
4612695000,s,1340
4612769000,s,1340
4612845000,s,1340
4612921000,s,1340
4613007000,s,1340
4613137000,s,1340
4613163000,s,1340
4613175000,s,1340
4613304000,s,1340
4613398000,s,1340
4613494000,s,1340
4614290000,s,1340
4614368000,s,1340
4614486000,s,1340
4614638000,s,1340
4615246000,s,1340
4615546000,s,1340
4615657000,s,1340
4615759000,s,1340
4616005000,s,1340
4616096000,s,1340
4616268000,s,1340
4616345000,s,1340
4616448000,s,1340
4616579000,s,1340
4616657000,s,1340
4616819000,s,1340
4616902000,s,1340
4617097000,s,1340
4617278000,s,1340
4617508000,s,1340
4617592000,s,1340
4617783000,s,1340
4618054000,r,1440
4618059000,s,1340
4618148000,s,1340
4618231000,s,1340
4618650000,s,1340
4618738000,s,1340
4619238000,s,1340
4619341000,s,1340
4619421000,s,1340
4619504000,s,1340
4619713000,s,1340
4619981000,s,1340
4620116000,s,1340
4620220000,s,1340
4620286000,s,1340
4620739000,s,1340
4620789000,s,1340
4620892000,s,1340
4621054000,s,1340
4621088000,s,1340
4621509000,s,1340
4621630000,s,1340
4621720000,s,1340
4621864000,s,1340
4621943000,s,1340
4621989000,s,1340
4622144000,s,1340
4622505000,s,1340
4622599000,s,1340
4622755000,s,1340
4622795000,s,1340
4623180000,s,1340
4623384000,s,1340
4623714000,s,1340
4623839000,s,1340
4623985000,s,1340
4624142000,s,1340
4624310000,s,1340
4624474000,s,1340
4624628000,s,1340
4624782000,s,1340
4624924000,s,1340
4625080000,s,1340
4625242000,s,1340
4625390000,s,1340
4625542000,s,1340
4625686000,s,1340
4625833000,s,1340
4625976000,s,1340
4626210000,s,1340
4626365000,s,1340
4626511000,s,1340
4626642000,s,1340
4626750000,s,1340
4626983000,s,1340
4627042000,s,1340
4627113000,s,1340
4627141000,s,1340
4627152000,s,1340
4627160000,s,1340
4627167000,s,1340
4627174000,s,1340
4627394000,s,1340
4627543000,s,1340
4627609000,s,1340
4627663000,s,1340
4628954000,s,1340
4629038000,s,1340
4629102000,s,1340
4629309000,s,1340
4629438000,s,1340
4632164000,r,1440
4632164000,r,1440
4632164000,r,1440
4632164000,r,1440
4632164000,r,1440
4632164000,r,1440
4632164000,r,1440
4632165000,r,1440
4632721000,s,1340
4633021000,s,1340
4633408000,s,1340
4633501000,s,1340
4633577000,s,1340
4633655000,s,1340
4633736000,s,1340
4633917000,s,1340
4633962000,s,1340
4633975000,s,1340
4634165000,s,1340
4634279000,s,1340
4634291000,r,1440
4634476000,s,1340
4634513000,s,1340
4635364000,s,1340
4635397000,r,1440
4635459000,s,1340
4635542000,s,1340
4635619000,s,1340
4636301000,s,1340
4636321000,s,1340
4644507000,s,1340
4645685000,s,1340
4653244000,r,1440
4653244000,r,1440
4653244000,r,1440
4653960000,s,1340
4654012000,s,1340
4654030000,s,1340
4654088000,s,1340
4654238000,s,1340
4654272000,s,1340
4654451000,s,1340
4654515000,s,1340
4655303000,s,1340
4655344000,s,1340
4655447000,s,1340
4655541000,s,1340
4655611000,s,1340
4656209000,s,1340
4656433000,s,1340
4656608000,s,1340
4656675000,s,1340
4657438000,s,1340
4657439000,r,1440
4657439000,r,1440
4657646000,s,1340
4657740000,s,1340
4657854000,s,1340
4657943000,s,1340
4658121000,s,1340
4658210000,s,1340
4658414000,s,1340
4658481000,s,1340
4658626000,s,1340
4658767000,r,1440
4658806000,s,1340
4658896000,s,1340
4659007000,s,1340
4659222000,s,1340
4659326000,s,1340
4659504000,s,1340
4660005000,s,1340
4660063000,s,1340
4660175000,s,1340
4660324000,s,1340
4660425000,s,1340
4660591000,s,1340
4660670000,s,1340
4661616000,s,1340
4662308000,s,1340
4662734000,s,1340
4662942000,s,1340
4662968000,s,1340
4662979000,s,1340
4663245000,s,1340
4663328000,s,1340
4663427000,s,1340
4663580000,s,1340
4663750000,s,1340
4663866000,s,1340
4663893000,s,1340
4664774000,r,1440
4664774000,r,1440
4664774000,r,1440
4664774000,r,1440
4664775000,r,1440
4664775000,r,1440
4664775000,r,1440
4664775000,r,1440
4664899000,r,1440
4664899000,r,1440
4664899000,r,1440
4664899000,r,1440
4665576000,r,1440
4665677000,s,1340
4665717000,s,1340
4665730000,s,1340
4665741000,s,1340
4666659000,s,1340
4666705000,s,1340
4666720000,s,1340
4666731000,s,1340
4666741000,s,1340
4666752000,s,1340
4666924000,s,1340
4667012000,s,1340
4667063000,s,1340
4667350000,s,1340
4667369000,s,1340
4667462000,s,1340
4667853000,s,1340
4667975000,s,1340
4668015000,s,1340
4668141000,s,1340
4668218000,s,1340
4668273000,s,1340
4668437000,s,1340
4668460000,s,1340
4668473000,s,1340
4668943000,s,1340
4669019000,s,1340
4669243000,s,1340
4669324000,s,1340
4669512000,s,1340
4669669000,s,1340
4669808000,s,1340
4669893000,s,1340
4670332000,r,1440
4670346000,s,1340
4670574000,s,1340
4670621000,s,1340
4670738000,s,1340
4671514000,r,1440
4671514000,r,1440
4671514000,r,1440
4671514000,r,1440
4671514000,r,1440
4671514000,r,1440
4671515000,r,1440
4671515000,r,1440
4671595000,r,1440
4671732000,s,1340
4671796000,r,1440
4671796000,r,1440
4671797000,r,1440
4671797000,r,1440
4671797000,r,1440
4671797000,r,1440
4671968000,s,1340
4672060000,s,1340
4672140000,s,1340
4672216000,s,1340
4672301000,s,1340
4672386000,s,1340
4672414000,r,1440
4672414000,r,1440
4672414000,r,1440
4672415000,r,1440
4672415000,r,1440
4672469000,s,1340
4672415000,r,1440
4672550000,s,1340
4672633000,s,1340
4672701000,r,1440
4672721000,s,1340
4672701000,r,1440
4672701000,r,1440
4672701000,r,1440
4672701000,r,1440
4672702000,r,1440
4672812000,s,1340
4672904000,s,1340
4672986000,s,1340
4673062000,s,1340
4673145000,s,1340
4673219000,s,1340
4673301000,s,1340
4673392000,s,1340
4673479000,s,1340
4673573000,s,1340
4673669000,s,1340
4673753000,s,1340
4673755000,r,1440
4673755000,r,1440
4673755000,r,1440
4673835000,s,1340
4673918000,s,1340
4674004000,s,1340
4674065000,s,1340
4674127000,s,1340
4674196000,s,1340
4674255000,s,1340
4674425000,s,1340
4674502000,s,1340
4674564000,s,1340
4674569000,r,1440
4674570000,r,1440
4674570000,r,1440
4674623000,s,1340
4674570000,r,1440
4674570000,r,1440
4674570000,r,1440
4674570000,r,1440
4674570000,r,1440
4674644000,r,1440
4674645000,r,1440
4674684000,s,1340
4674874000,s,1340
4674969000,s,1340
4675039000,s,1340
4675052000,s,1340
4675077000,s,1340
4675385000,s,1340
4675435000,s,1340
4675447000,s,1340
4675474000,s,1340
4675576000,s,1340
4675639000,s,1340
4675650000,s,1340
4675855000,s,1340
4675927000,s,1340
4675982000,s,1340
4676030000,s,1340
4676159000,s,1340
4676689000,s,1340
4676717000,s,1340
4676727000,s,1340
4676734000,s,1340
4676782000,s,1340
4676920000,s,1340
4676983000,s,1340
4677120000,r,1440
4677143000,s,1340
4677243000,s,1340
4677312000,s,1340
4677414000,s,1340
4677549000,s,1340
4677643000,s,1340
4677667000,r,1440
4677667000,r,1440
4677667000,r,1440
4677667000,r,1440
4677667000,r,1440
4677668000,r,1440
4677668000,r,1440
4677668000,r,1440
4677724000,r,1440
4677823000,s,1340
4678055000,s,1340
4678075000,s,1340
4678137000,s,1340
4678196000,s,1340
4678246000,s,1340
4678333000,s,1340
4678379000,s,1340
4678524000,s,1340
4678562000,s,1340
4678572000,s,1340
4678581000,s,1340
4679629000,s,1340
4679681000,s,1340
4679773000,s,1340
4680854000,s,1340
4680946000,s,1340
4681122000,s,1340
4681170000,s,1340
4682144000,s,1340
4682294000,s,1340
4682404000,s,1340
4682507000,s,1340
4682603000,s,1340
4682699000,s,1340
4682797000,s,1340
4682896000,s,1340
4682996000,s,1340
4683100000,s,1340
4683196000,s,1340
4683221000,s,1340
4683234000,s,1340
4683248000,r,1440
4683259000,s,1340
4683248000,r,1440
4683248000,r,1440
4683248000,r,1440
4683248000,r,1440
4683507000,s,1340
4683554000,s,1340
4683605000,s,1340
4683782000,s,1340
4683894000,s,1340
4683969000,s,1340
4684009000,s,1340
4684025000,s,1340
4684343000,s,1340
4684441000,s,1340
4684594000,s,1340
4684889000,s,1340
4684966000,s,1340
4685034000,s,1340
4685072000,s,1340
4685360000,s,1340
4685425000,s,1340
4685918000,r,1440
4686242000,s,1340
4696475000,s,1340
4697372000,r,1440
4697372000,r,1440
4697372000,r,1440
4697372000,r,1440
4697373000,r,1440
4697373000,r,1440
4697373000,r,1440
4697373000,r,1440
4697502000,r,1440
4697502000,r,1440
4697502000,r,1440
4697502000,r,1440
4697502000,r,1440
4697502000,r,1440
4697502000,r,1440
4697503000,r,1440
4697543000,r,1440
4697543000,r,1440
4697543000,r,1440
4697543000,r,1440
4697543000,r,1440
4697543000,r,1440
4697543000,r,1440
4697543000,r,1440
4698067000,s,1340
4698288000,s,1340
4698464000,s,1340
4698538000,s,1340
4698562000,s,1340
4698684000,s,1340
4698735000,s,1340
4698887000,s,1340
4698970000,s,1340
4699055000,s,1340
4699126000,s,1340
4699178000,s,1340
4699242000,s,1340
4699309000,s,1340
4699372000,s,1340
4699428000,s,1340
4699474000,s,1340
4699535000,s,1340
4699595000,s,1340
4699638000,s,1340
4699694000,s,1340
4699864000,r,1440
4699877000,s,1340
4699864000,r,1440
4699865000,r,1440
4699865000,r,1440
4699865000,r,1440
4699865000,r,1440
4699865000,r,1440
4699865000,r,1440
4699954000,r,1440
4699954000,r,1440
4699955000,r,1440
4699955000,r,1440
4699955000,r,1440
4699955000,r,1440
4699955000,r,1440
4699955000,r,1440
4699978000,s,1340
4699988000,r,1440
4699988000,r,1440
4699988000,r,1440
4699989000,r,1440
4699989000,r,1440
4700139000,s,1340
4700207000,s,1340
4700425000,s,1340
4700535000,s,1340
4700630000,s,1340
4700687000,s,1340
4700728000,r,1440
4700739000,s,1340
4700728000,r,1440
4700728000,r,1440
4700728000,r,1440
4700728000,r,1440
4700728000,r,1440
4700728000,r,1440
4700807000,s,1340
4700853000,s,1340
4700904000,s,1340
4701028000,s,1340
4701050000,s,1340
4701059000,s,1340
4701355000,s,1340
4701383000,s,1340
4701455000,s,1340
4701472000,s,1340
4701585000,s,1340
4701612000,s,1340
4701961000,s,1340
4702036000,s,1340
4702088000,r,1440
4702097000,s,1340
4702088000,r,1440
4702088000,r,1440
4702089000,r,1440
4702089000,r,1440
4702089000,r,1440
4702089000,r,1440
4702089000,r,1440
4702163000,s,1340
4702165000,r,1440
4702166000,r,1440
4702166000,r,1440
4702166000,r,1440
4702166000,r,1440
4702166000,r,1440
4702166000,r,1440
4702166000,r,1440
4702191000,r,1440
4702192000,r,1440
4702192000,r,1440
4702192000,r,1440
4702192000,r,1440
4702215000,s,1340
4702269000,s,1340
4702318000,s,1340
4702383000,s,1340
4702455000,s,1340
4702519000,s,1340
4702586000,s,1340
4702663000,s,1340
4702739000,s,1340
4702802000,s,1340
4702868000,s,1340
4702955000,s,1340
4703036000,s,1340
4703112000,s,1340
4703156000,r,1440
4703157000,r,1440
4703157000,r,1440
4703157000,r,1440
4703157000,r,1440
4703157000,r,1440
4703234000,s,1340
4703309000,s,1340
4703379000,s,1340
4703450000,s,1340
4703510000,s,1340
4703576000,s,1340
4703643000,s,1340
4703689000,s,1340
4703756000,s,1340
4703831000,s,1340
4703887000,s,1340
4703961000,s,1340
4704022000,s,1340
4704086000,s,1340
4704154000,s,1340
4704217000,s,1340
4704267000,s,1340
4704344000,s,1340
4704405000,s,1340
4704456000,s,1340
4704624000,s,1340
4704715000,s,1340
4704803000,s,1340
4704891000,s,1340
4704978000,s,1340
4705065000,s,1340
4705147000,s,1340
4705238000,s,1340
4705325000,s,1340
4705410000,s,1340
4705494000,s,1340
4705577000,s,1340
4705659000,s,1340
4705734000,s,1340
4705814000,s,1340
4705890000,s,1340
4705960000,s,1340
4706040000,s,1340
4706241000,s,1340
4706386000,s,1340
4706516000,s,1340
4706649000,s,1340
4706797000,s,1340
4706880000,s,1340
4707064000,s,1340
4707206000,s,1340
4707274000,s,1340
4707359000,s,1340
4708558000,s,1340
4708639000,s,1340
4709213000,s,1340
4709358000,s,1340
4709500000,s,1340
4709590000,s,1340
4709713000,s,1340
4709805000,s,1340
4709933000,s,1340
4710002000,s,1340
4710867000,s,1340
4710972000,s,1340
4711026000,s,1340
4711093000,s,1340
4711732000,s,1340
4712016000,s,1340
4712034000,s,1340
4712143000,s,1340
4712273000,s,1340
4712325000,s,1340
4712465000,s,1340
4712599000,s,1340
4712668000,s,1340
4712812000,s,1340
4713099000,s,1340
4713125000,s,1340
4713147000,s,1340
4713259000,s,1340
4716134000,s,1340
4716203000,s,1340
4718965000,s,1340
4719014000,s,1340
4719477000,r,1440
4719477000,r,1440
4719477000,r,1440
4719477000,r,1440
4719477000,r,1440
4719477000,r,1440
4719477000,r,1440
4719477000,r,1440
4719576000,r,1440
4719576000,r,1440
4719576000,r,1440
4719576000,r,1440
4719576000,r,1440
4719576000,r,1440
4719576000,r,1440
4719576000,r,1440
4719607000,r,1440
4719608000,r,1440
4719608000,r,1440
4719608000,r,1440
4719608000,r,1440
4719608000,r,1440
4719608000,r,1440
4719608000,r,1440
4719638000,r,1440
4719638000,r,1440
4719638000,r,1440
4719638000,r,1440
4719638000,r,1440
4719638000,r,1440
4719638000,r,1440
4719638000,r,1440
4719689000,r,1440
4719689000,r,1440
4719689000,r,1440
4719689000,r,1440
4719689000,r,1440
4719689000,r,1440
4719690000,r,1440
4719690000,r,1440
4719714000,r,1440
4719714000,r,1440
4719714000,r,1440
4719714000,r,1440
4719714000,r,1440
4719714000,r,1440
4719714000,r,1440
4719714000,r,1440
4719740000,r,1440
4719740000,r,1440
4719740000,r,1440
4719740000,r,1440
4719740000,r,1440
4719740000,r,1440
4719741000,r,1440
4719741000,r,1440
4719765000,r,1440
4719765000,r,1440
4719765000,r,1440
4719766000,r,1440
4719766000,r,1440
4719766000,r,1440
4719766000,r,1440
4719766000,r,1440
4719792000,r,1440
4719792000,r,1440
4719906000,s,1340
4720077000,s,1340
4720209000,s,1340
4720274000,s,1340
4720334000,s,1340
4720392000,s,1340
4720474000,s,1340
4720564000,r,1440
4720578000,s,1340
4720564000,r,1440
4720564000,r,1440
4720564000,r,1440
4720564000,r,1440
4720565000,r,1440
4720565000,r,1440
4720565000,r,1440
4720643000,r,1440
4720643000,r,1440
4720643000,r,1440
4720643000,r,1440
4720643000,r,1440
4720643000,r,1440
4720643000,r,1440
4720818000,s,1340
4720907000,s,1340
4720987000,s,1340
4721079000,s,1340
4721138000,s,1340
4721192000,s,1340
4721249000,s,1340
4721324000,s,1340
4721405000,s,1340
4721472000,s,1340
4721610000,s,1340
4721680000,s,1340
4721745000,s,1340
4721824000,s,1340
4721896000,s,1340
4721969000,s,1340
4722109000,s,1340
4722191000,s,1340
4722253000,s,1340
4722318000,s,1340
4722406000,s,1340
4722487000,s,1340
4722567000,s,1340
4722645000,s,1340
4722699000,s,1340
4722714000,r,1440
4722715000,r,1440
4722715000,r,1440
4722715000,r,1440
4722715000,r,1440
4722715000,r,1440
4722715000,r,1440
4722789000,s,1340
4722855000,s,1340
4722913000,s,1340
4722975000,s,1340
4723182000,s,1340
4723349000,s,1340
4723430000,s,1340
4723504000,s,1340
4723571000,s,1340
4723648000,s,1340
4723731000,s,1340
4723871000,s,1340
4723946000,s,1340
4724089000,s,1340
4724360000,s,1340
4724447000,s,1340
4724546000,s,1340
4724633000,s,1340
4724747000,s,1340
4724834000,s,1340
4724917000,s,1340
4725004000,s,1340
4725091000,s,1340
4725181000,s,1340
4725266000,s,1340
4725343000,s,1340
4725423000,s,1340
4725507000,s,1340
4725585000,s,1340
4725662000,s,1340
4725731000,s,1340
4725784000,s,1340
4725857000,s,1340
4725936000,s,1340
4726006000,s,1340
4726067000,s,1340
4726126000,s,1340
4726184000,s,1340
4726243000,s,1340
4726301000,s,1340
4726359000,s,1340
4726414000,s,1340
4726471000,s,1340
4726528000,s,1340
4726579000,s,1340
4726629000,s,1340
4726683000,s,1340
4726740000,s,1340
4726798000,s,1340
4726851000,s,1340
4726910000,s,1340
4726965000,s,1340
4727023000,s,1340
4727081000,s,1340
4727081000,r,1440
4727138000,s,1340
4727081000,r,1440
4727082000,r,1440
4727082000,r,1440
4727082000,r,1440
4727082000,r,1440
4727082000,r,1440
4727082000,r,1440
4727205000,s,1340
4727218000,r,1440
4727218000,r,1440
4727218000,r,1440
4727218000,r,1440
4727273000,s,1340
4727330000,s,1340
4727383000,s,1340
4727434000,s,1340
4727485000,s,1340
4727579000,s,1340
4727634000,s,1340
4727687000,s,1340
4727747000,s,1340
4727837000,s,1340
4727915000,s,1340
4727980000,s,1340
4728039000,s,1340
4728093000,s,1340
4728145000,s,1340
4728194000,s,1340
4728256000,s,1340
4728300000,r,1440
4728301000,r,1440
4728301000,r,1440
4728301000,r,1440
4728301000,r,1440
4728364000,s,1340
4728423000,s,1340
4728541000,s,1340
4728629000,s,1340
4728677000,s,1340
4728725000,s,1340
4728779000,s,1340
4728832000,s,1340
4728880000,s,1340
4728928000,s,1340
4728973000,s,1340
4729022000,s,1340
4729075000,s,1340
4729126000,s,1340
4729180000,s,1340
4729366000,s,1340
4729469000,s,1340
4729552000,s,1340
4729624000,s,1340
4729682000,s,1340
4729738000,s,1340
4729791000,s,1340
4729872000,s,1340
4730435000,s,1340
4730756000,s,1340
4730883000,s,1340
4731010000,s,1340
4731040000,s,1340
4731515000,s,1340
4731635000,s,1340
4731958000,s,1340
4732072000,s,1340
4732292000,s,1340
4732348000,s,1340
4732403000,s,1340
4732501000,s,1340
4732537000,s,1340
4732695000,s,1340
4732843000,s,1340
4733539000,s,1340
4734202000,s,1340
4734516000,s,1340
4734580000,s,1340
4735716000,s,1340
4735797000,s,1340
4735945000,s,1340
4735987000,s,1340
4736039000,s,1340
4736685000,r,1440
4736685000,r,1440
4736686000,r,1440
4736686000,r,1440
4736686000,r,1440
4736686000,r,1440
4736686000,r,1440
4736686000,r,1440
4736801000,r,1440
4736857000,r,1440
4736857000,r,1440
4736857000,r,1440
4737112000,s,1340
4737193000,s,1340
4737262000,s,1340
4737330000,s,1340
4737401000,s,1340
4737468000,s,1340
4737526000,s,1340
4737584000,s,1340
4737644000,s,1340
4737704000,s,1340
4737766000,s,1340
4737825000,s,1340
4737880000,s,1340
4737926000,r,1440
4737941000,s,1340
4737926000,r,1440
4737926000,r,1440
4737926000,r,1440
4737926000,r,1440
4737927000,r,1440
4737927000,r,1440
4737927000,r,1440
4737988000,r,1440
4738112000,s,1340
4738190000,s,1340
4738320000,s,1340
4738391000,s,1340
4738464000,s,1340
4738534000,s,1340
4738606000,s,1340
4738676000,s,1340
4738743000,s,1340
4738793000,s,1340
4738858000,s,1340
4738905000,s,1340
4738969000,s,1340
4739007000,r,1440
4739007000,r,1440
4739026000,s,1340
4739007000,r,1440
4739007000,r,1440
4739008000,r,1440
4739008000,r,1440
4739008000,r,1440
4739008000,r,1440
4739057000,r,1440
4739058000,r,1440
4739058000,r,1440
4739058000,r,1440
4739058000,r,1440
4739058000,r,1440
4739058000,r,1440
4739058000,r,1440
4739084000,s,1340
4739135000,s,1340
4739185000,s,1340
4739327000,s,1340
4739403000,s,1340
4739475000,s,1340
4739546000,s,1340
4739619000,s,1340
4739689000,s,1340
4739751000,s,1340
4739826000,r,1440
4739826000,r,1440
4739826000,r,1440
4739868000,s,1340
4739946000,s,1340
4740082000,s,1340
4740166000,s,1340
4740249000,s,1340
4740330000,s,1340
4740416000,s,1340
4740502000,s,1340
4740620000,s,1340
4740786000,s,1340
4740878000,s,1340
4740953000,s,1340
4741123000,s,1340
4741204000,s,1340
4741365000,s,1340
4741453000,s,1340
4741570000,r,1440
4741570000,r,1440
4741570000,r,1440
4741570000,r,1440
4741570000,r,1440
4741712000,s,1340
4746600000,r,1440
4746600000,r,1440
4746687000,s,1340
4746822000,s,1340
4746882000,s,1340
4746943000,s,1340
4747003000,s,1340
4747062000,s,1340
4747127000,s,1340
4747186000,s,1340
4747247000,s,1340
4747301000,s,1340
4747355000,s,1340
4747407000,s,1340
4747464000,s,1340
4747525000,s,1340
4747584000,s,1340
4747638000,s,1340
4747681000,s,1340
4747836000,s,1340
4747959000,s,1340
4748053000,s,1340
4748193000,s,1340
4748368000,s,1340
4748508000,s,1340
4748595000,s,1340
4748721000,s,1340
4748844000,s,1340
4748919000,s,1340
4749397000,s,1340
4749501000,s,1340
4749591000,s,1340
4749737000,s,1340
4749927000,s,1340
4750010000,s,1340
4750061000,s,1340
4750548000,s,1340
4751278000,s,1340
4751379000,s,1340
4751527000,s,1340
4751665000,s,1340
4751701000,s,1340
4751760000,s,1340
4752451000,s,1340
4752642000,s,1340
4752904000,s,1340
4752984000,s,1340
4753116000,s,1340
4753394000,s,1340
4753449000,s,1340
4753525000,r,1440
4753740000,s,1340
4753764000,s,1340
4756476000,r,1440
4756476000,r,1440
4756476000,r,1440
4756476000,r,1440
4756476000,r,1440
4756476000,r,1440
4756477000,r,1440
4756477000,r,1440
4756546000,r,1440
4756546000,r,1440
4756546000,r,1440
4756547000,r,1440
4756547000,r,1440
4756547000,r,1440
4756547000,r,1440
4756547000,r,1440
4756580000,r,1440
4756580000,r,1440
4756846000,s,1340
4756888000,s,1340
4756957000,r,1440
4756957000,r,1440
4756958000,r,1440
4757286000,s,1340
4757314000,r,1440
4757314000,r,1440
4757314000,r,1440
4757314000,r,1440
4757314000,r,1440
4757314000,r,1440
4757380000,s,1340
4757465000,s,1340
4757541000,s,1340
4757616000,s,1340
4757679000,r,1440
4757679000,r,1440
4757679000,r,1440
4757694000,s,1340
4757679000,r,1440
4757679000,r,1440
4757680000,r,1440
4757680000,r,1440
4757680000,r,1440
4757720000,r,1440
4757774000,s,1340
4757832000,s,1340
4757908000,s,1340
4757986000,s,1340
4758063000,s,1340
4758139000,s,1340
4758219000,s,1340
4758309000,s,1340
4758388000,s,1340
4758463000,s,1340
4758524000,s,1340
4758599000,s,1340
4758669000,s,1340
4758742000,s,1340
4758818000,s,1340
4758891000,s,1340
4758966000,s,1340
4759008000,r,1440
4759008000,r,1440
4759044000,s,1340
4759008000,r,1440
4759008000,r,1440
4759008000,r,1440
4759008000,r,1440
4759008000,r,1440
4759008000,r,1440
4759078000,r,1440
4759078000,r,1440
4759078000,r,1440
4759078000,r,1440
4759122000,s,1340
4759202000,s,1340
4759282000,s,1340
4759369000,s,1340
4759446000,s,1340
4759520000,s,1340
4759576000,s,1340
4759645000,s,1340
4759721000,s,1340
4759787000,s,1340
4759902000,s,1340
4759961000,s,1340
4760033000,s,1340
4760084000,s,1340
4760134000,s,1340
4760182000,s,1340
4760231000,s,1340
4760281000,s,1340
4760336000,s,1340
4760388000,s,1340
4760388000,r,1440
4760388000,r,1440
4760388000,r,1440
4760388000,r,1440
4760388000,r,1440
4760388000,r,1440
4760388000,r,1440
4760388000,r,1440
4760460000,s,1340
4760468000,r,1440
4760532000,s,1340
4760591000,s,1340
4760617000,r,1440
4760617000,r,1440
4760617000,r,1440
4760617000,r,1440
4760617000,r,1440
4760652000,s,1340
4760617000,r,1440
4760617000,r,1440
4760617000,r,1440
4760667000,r,1440
4760791000,s,1340
4760961000,s,1340
4761049000,s,1340
4761118000,s,1340
4761186000,s,1340
4761282000,s,1340
4761377000,s,1340
4761598000,s,1340
4762013000,s,1340
4762091000,s,1340
4762264000,s,1340
4762665000,s,1340
4762717000,s,1340
4762730000,s,1340
4762739000,s,1340
4762746000,s,1340
4762791000,s,1340
4762808000,s,1340
4762817000,s,1340
4762873000,s,1340
4763834000,s,1340
4763978000,s,1340
4764061000,s,1340
4764200000,s,1340
4764322000,s,1340
4764391000,s,1340
4764434000,s,1340
4764708000,s,1340
4764783000,s,1340
4764860000,s,1340
4765079000,s,1340
4765158000,s,1340
4765323000,s,1340
4765522000,s,1340
4765640000,s,1340
4765781000,s,1340
4765919000,s,1340
4766056000,s,1340
4766135000,s,1340
4766288000,s,1340
4766332000,s,1340
4766466000,s,1340
4766582000,s,1340
4766734000,s,1340
4766871000,s,1340
4767010000,s,1340
4767172000,s,1340
4767241000,s,1340
4767481000,s,1340
4767697000,s,1340
4767827000,s,1340
4767834000,r,1440
4767834000,r,1440
4767834000,r,1440
4767834000,r,1440
4767834000,r,1440
4767834000,r,1440
4767835000,r,1440
4767835000,r,1440
4767911000,r,1440
4767912000,r,1440
4767912000,r,1440
4767912000,r,1440
4767958000,s,1340
4768071000,s,1340
4768184000,s,1340
4768293000,s,1340
4768365000,s,1340
4768395000,r,1440
4768395000,r,1440
4768395000,r,1440
4768395000,r,1440
4768395000,r,1440
4768396000,r,1440
4768396000,r,1440
4768396000,r,1440
4768458000,r,1440
4768458000,r,1440
4768458000,r,1440
4768458000,r,1440
4768539000,s,1340
4768606000,s,1340
4768665000,r,1440
4768665000,r,1440
4768665000,r,1440
4768774000,s,1340
4769028000,r,1440
4769028000,r,1440
4769028000,r,1440
4769071000,s,1340
4769153000,s,1340
4769211000,s,1340
4769284000,s,1340
4769344000,s,1340
4769400000,s,1340
4769458000,s,1340
4769528000,s,1340
4769598000,s,1340
4769637000,r,1440
4769637000,r,1440
4769637000,r,1440
4769637000,r,1440
4769638000,r,1440
4769669000,s,1340
4769638000,r,1440
4769733000,s,1340
4769807000,s,1340
4769862000,s,1340
4769920000,s,1340
4769996000,s,1340
4770065000,s,1340
4770130000,s,1340
4770193000,s,1340
4770241000,r,1440
4770241000,r,1440
4770264000,s,1340
4770241000,r,1440
4770241000,r,1440
4770334000,s,1340
4770400000,s,1340
4770456000,s,1340
4770525000,s,1340
4770589000,s,1340
4770654000,s,1340
4770711000,s,1340
4770767000,s,1340
4770827000,s,1340
4770885000,s,1340
4770940000,s,1340
4770995000,s,1340
4771049000,s,1340
4771102000,s,1340
4771154000,s,1340
4771192000,s,1340
4771286000,s,1340
4771343000,s,1340
4771398000,s,1340
4771452000,s,1340
4771507000,s,1340
4771559000,s,1340
4771611000,s,1340
4771667000,s,1340
4771724000,s,1340
4771795000,s,1340
4771978000,s,1340
4772199000,s,1340
4772271000,s,1340
4772402000,s,1340
4772464000,s,1340
4772616000,s,1340
4772680000,s,1340
4772824000,s,1340
4772919000,s,1340
4773052000,s,1340
4773203000,s,1340
4773279000,s,1340
4773415000,s,1340
4773616000,s,1340
4773685000,s,1340
4773821000,s,1340
4773975000,s,1340
4774042000,s,1340
4774238000,s,1340
4774270000,s,1340
4774323000,s,1340
4775174000,s,1340
4775281000,s,1340
4775411000,s,1340
4775511000,s,1340
4775556000,s,1340
4775673000,s,1340
4776421000,s,1340
4776531000,s,1340
4776605000,s,1340
4776790000,s,1340
4776869000,s,1340
4777033000,s,1340
4777167000,s,1340
4777331000,s,1340
4780309000,r,1440
4780310000,r,1440
4780310000,r,1440
4780310000,r,1440
4780310000,r,1440
4780844000,s,1340
4780925000,s,1340
4780972000,s,1340
4781775000,s,1340
4782691000,r,1440
4782691000,r,1440
4782691000,r,1440
4782691000,r,1440
4782691000,r,1440
4782691000,r,1440
4782691000,r,1440
4782691000,r,1440
4782785000,r,1440
4782785000,r,1440
4782785000,r,1440
4782785000,r,1440
4782785000,r,1440
4782785000,r,1440
4782785000,r,1440
4782950000,s,1340
4783202000,r,1440
4783202000,r,1440
4783202000,r,1440
4783202000,r,1440
4783202000,r,1440
4783202000,r,1440
4783318000,r,1440
4783318000,r,1440
4783318000,r,1440
4783318000,r,1440
4783318000,r,1440
4783318000,r,1440
4783384000,s,1340
4783468000,s,1340
4783492000,s,1340
4783862000,s,1340
4784226000,s,1340
4784273000,s,1340
4784381000,s,1340
4784443000,s,1340
4784632000,s,1340
4784664000,s,1340
4784786000,s,1340
4784807000,s,1340
4785154000,s,1340
4785178000,s,1340
4785337000,s,1340
4785356000,s,1340
4785671000,s,1340
4785716000,s,1340
4785730000,s,1340
4785775000,s,1340
4785820000,s,1340
4785831000,s,1340
4786010000,s,1340
4786029000,s,1340
4786445000,r,1440
4786445000,r,1440
4786445000,r,1440
4786445000,r,1440
4786445000,r,1440
4786446000,r,1440
4786446000,r,1440
4786446000,r,1440
4786545000,r,1440
4786545000,r,1440
4786545000,r,1440
4786545000,r,1440
4786545000,r,1440
4786545000,r,1440
4786545000,r,1440
4786546000,r,1440
4786593000,r,1440
4786593000,r,1440
4786593000,r,1440
4786594000,r,1440
4786594000,r,1440
4786594000,r,1440
4786594000,r,1440
4786594000,r,1440
4786619000,r,1440
4786619000,r,1440
4786620000,r,1440
4786620000,r,1440
4786620000,r,1440
4786620000,r,1440
4786620000,r,1440
4786620000,r,1440
4786645000,r,1440
4786646000,r,1440
4786646000,r,1440
4786646000,r,1440
4786651000,s,1340
4786747000,s,1340
4786817000,s,1340
4786870000,s,1340
4786917000,s,1340
4787119000,s,1340
4787191000,s,1340
4787246000,s,1340
4787342000,s,1340
4787434000,s,1340
4787507000,s,1340
4787568000,s,1340
4787617000,s,1340
4787670000,r,1440
4787686000,s,1340
4787670000,r,1440
4787670000,r,1440
4787670000,r,1440
4787784000,s,1340
4787883000,s,1340
4787932000,r,1440
4787932000,r,1440
4787932000,r,1440
4787933000,r,1440
4787933000,r,1440
4787933000,r,1440
4788067000,s,1340
4788144000,s,1340
4788220000,s,1340
4788291000,s,1340
4788358000,s,1340
4788431000,s,1340
4788502000,s,1340
4788638000,s,1340
4788699000,s,1340
4788764000,s,1340
4788831000,s,1340
4788893000,s,1340
4789027000,s,1340
4789045000,r,1440
4789045000,r,1440
4789045000,r,1440
4789045000,r,1440
4789045000,r,1440
4789098000,s,1340
4789160000,s,1340
4789204000,s,1340
4789267000,s,1340
4789323000,s,1340
4789397000,s,1340
4789481000,s,1340
4789564000,s,1340
4789629000,s,1340
4789715000,s,1340
4789794000,s,1340
4789868000,s,1340
4789924000,s,1340
4790128000,s,1340
4790325000,s,1340
4790410000,s,1340
4790489000,s,1340
4796334000,r,1440
4796334000,r,1440
4796334000,r,1440
4797157000,s,1340
4797738000,s,1340
4799496000,s,1340
4803835000,r,1440
4803836000,r,1440
4803836000,r,1440
4804262000,r,1440
4804502000,s,1340
4804613000,r,1440
4804926000,r,1440
4805032000,s,1340
4805361000,s,1340
4805469000,s,1340
4805752000,s,1340
4805867000,s,1340
4805953000,s,1340
4806064000,s,1340
4806151000,s,1340
4806268000,s,1340
4806312000,s,1340
4806737000,s,1340
4806873000,s,1340
4806912000,s,1340
4807020000,s,1340
4807166000,s,1340
4807288000,s,1340
4807429000,s,1340
4807504000,s,1340
4807675000,s,1340
4807921000,s,1340
4808005000,s,1340
4808182000,s,1340
4808224000,s,1340
4808440000,s,1340
4808586000,s,1340
4808735000,s,1340
4808853000,s,1340
4808973000,s,1340
4809052000,s,1340
4809336000,s,1340
4809467000,s,1340
4809635000,s,1340
4809863000,s,1340
4809936000,s,1340
4810084000,s,1340
4810136000,s,1340
4811266000,s,1340
4811322000,s,1340
4811351000,s,1340
4812187000,s,1340
4812279000,s,1340
4812320000,s,1340
4812416000,s,1340
4813193000,s,1340
4813287000,s,1340
4813337000,s,1340
4813647000,s,1340
4813775000,s,1340
4813843000,s,1340
4814165000,s,1340
4814249000,s,1340
4814536000,s,1340
4814712000,s,1340
4814904000,s,1340
4815039000,s,1340
4815623000,s,1340
4815703000,s,1340
4816012000,s,1340
4816095000,s,1340
4817133000,s,1340
4817273000,s,1340
4817384000,s,1340
4817534000,s,1340
4817624000,s,1340
4817760000,s,1340
4817828000,s,1340
4817888000,s,1340
4818311000,s,1340
4818484000,s,1340
4818595000,s,1340
4818675000,s,1340
4818803000,s,1340
4818886000,s,1340
4819086000,s,1340
4819152000,s,1340
4819955000,s,1340
4820048000,s,1340
4820092000,s,1340
4821154000,s,1340
4821266000,s,1340
4821321000,s,1340
4821904000,s,1340
4821985000,s,1340
4822212000,s,1340
4822285000,s,1340
4822451000,s,1340
4822615000,s,1340
4822752000,s,1340
4833019000,s,1340
4848537000,s,1340
7624007000,r,1440
7624008000,r,1440
7624008000,r,1440
7624009000,r,1440
7624009000,r,1440
7624010000,r,1440
7624010000,r,1440
7624011000,r,1440
7624827000,r,1440
7624828000,r,1440
7624828000,r,1440
7624829000,r,1440
7624829000,r,1440
7624830000,r,1440
7628331000,s,1340
7628644000,s,1340
7628775000,s,1340
7628917000,s,1340
7629121000,s,1340
7629260000,s,1340
7629388000,s,1340
7629514000,s,1340
7629649000,s,1340
7629786000,s,1340
7629925000,s,1340
7630236000,s,1340
7630375000,s,1340
7630503000,s,1340
7630622000,s,1340
7631041000,s,1340
7631600000,s,1340
7632059000,s,1340
7632297000,s,1340
7632530000,s,1340
7632755000,s,1340
7632978000,s,1340
7633204000,s,1340
7633504000,s,1340
7633874000,s,1340
7634007000,s,1340
7634381000,s,1340
7634607000,s,1340
7634941000,s,1340
7635137000,s,1340
7635559000,s,1340
7635767000,s,1340
7636447000,s,1340
7636664000,s,1340
7636782000,s,1340
7636901000,s,1340
7637060000,s,1340
7637182000,s,1340
7637306000,s,1340
7637430000,s,1340
7637547000,s,1340
7637667000,s,1340
7637854000,s,1340
7638012000,s,1340
7638166000,s,1340
7638355000,s,1340
7638510000,s,1340
7638676000,s,1340
7639137000,s,1340
7639335000,s,1340
7639698000,s,1340
7639976000,s,1340
7640175000,s,1340
7640349000,s,1340
7640512000,s,1340
7640670000,s,1340
7640844000,s,1340
7641004000,s,1340
7641151000,s,1340
7641306000,s,1340
7641452000,s,1340
7641613000,s,1340
7641775000,s,1340
7641914000,s,1340
7642246000,r,1440
7642388000,s,1340
7642247000,r,1440
7642610000,s,1340
7642803000,s,1340
7643005000,s,1340
7643218000,s,1340
7643415000,s,1340
7643603000,s,1340
7643801000,s,1340
7646144000,r,1440
7646145000,r,1440
7646145000,r,1440
7646146000,r,1440
7646146000,r,1440
7646147000,r,1440
7646147000,r,1440
7646148000,r,1440
7646569000,r,1440
7646570000,r,1440
7646674000,r,1440
7646675000,r,1440
7646816000,r,1440
7646817000,r,1440
7648094000,s,1340
7648365000,s,1340
7648487000,r,1440
7648488000,r,1440
7648488000,r,1440
7648489000,r,1440
7648489000,r,1440
7648728000,s,1340
7648975000,s,1340
7649408000,s,1340
7649738000,s,1340
7650301000,s,1340
7651069000,s,1340
7651395000,s,1340
7651608000,s,1340
7651776000,s,1340
7651996000,s,1340
7652146000,s,1340
7652287000,s,1340
7652424000,s,1340
7652918000,s,1340
7653068000,s,1340
7653205000,s,1340
7653330000,s,1340
7653470000,s,1340
7653614000,s,1340
7653736000,s,1340
7653856000,s,1340
7654063000,s,1340
7654654000,s,1340
7654814000,s,1340
7654958000,s,1340
7655111000,s,1340
7655548000,s,1340
7655931000,s,1340
7656085000,s,1340
7656225000,s,1340
7656363000,s,1340
7656498000,s,1340
7657224000,s,1340
7657397000,s,1340
7657547000,s,1340
7657694000,s,1340
7657842000,s,1340
7658320000,s,1340
7658613000,s,1340
7658777000,s,1340
7658943000,s,1340
7659095000,s,1340
7659571000,s,1340
7659971000,s,1340
7660156000,s,1340
7660297000,s,1340
7660428000,s,1340
7660555000,s,1340
7660687000,s,1340
7660786000,r,1440
7660821000,s,1340
7660962000,s,1340
7660786000,r,1440
7660787000,r,1440
7660787000,r,1440
7660788000,r,1440
7660788000,r,1440
7661117000,s,1340
7661160000,r,1440
7661161000,r,1440
7661161000,r,1440
7661161000,r,1440
7661255000,s,1340
7661395000,s,1340
7661551000,s,1340
7661689000,s,1340
7661853000,s,1340
7662010000,s,1340
7662286000,r,1440
7662402000,s,1340
7662287000,r,1440
7662287000,r,1440
7662288000,r,1440
7662288000,r,1440
7662288000,r,1440
7662289000,r,1440
7662587000,s,1340
7662752000,s,1340
7662924000,s,1340
7663102000,s,1340
7663252000,s,1340
7663428000,s,1340
7663576000,s,1340
7663748000,s,1340
7663958000,s,1340
7664122000,s,1340
7664435000,s,1340
7664596000,s,1340
7664762000,s,1340
7664933000,s,1340
7665092000,s,1340
7665256000,s,1340
7665432000,s,1340
7665614000,s,1340
7665778000,s,1340
7665933000,s,1340
7666101000,s,1340
7666257000,s,1340
7666402000,s,1340
7666569000,s,1340
7666730000,s,1340
7666882000,s,1340
7667050000,s,1340
7667239000,s,1340
7667289000,r,1440
7667289000,r,1440
7667290000,r,1440
7667419000,s,1340
7667290000,r,1440
7667490000,r,1440
7667491000,r,1440
7667589000,s,1340
7667756000,s,1340
7667993000,s,1340
7668135000,s,1340
7668250000,s,1340
7668400000,r,1440
7668400000,r,1440
7668401000,r,1440
7668401000,r,1440
7668402000,r,1440
7668402000,r,1440
7668403000,r,1440
7668403000,r,1440
7668971000,s,1340
7669180000,s,1340
7669212000,r,1440
7669212000,r,1440
7669212000,r,1440
7669213000,r,1440
7669884000,s,1340
7670075000,s,1340
7670245000,s,1340
7670411000,s,1340
7670569000,s,1340
7670742000,s,1340
7670869000,s,1340
7671057000,s,1340
7671234000,s,1340
7671387000,s,1340
7671778000,s,1340
7671890000,r,1440
7672455000,s,1340
7673247000,s,1340
7673418000,s,1340
7673544000,r,1440
7673571000,s,1340
7673736000,s,1340
7673929000,s,1340
7674073000,s,1340
7674262000,s,1340
7674447000,s,1340
7674612000,s,1340
7674757000,s,1340
7674891000,s,1340
7674963000,r,1440
7675029000,s,1340
7675165000,s,1340
7675322000,s,1340
7675480000,s,1340
7675625000,s,1340
7675780000,s,1340
7676119000,s,1340
7676326000,s,1340
7683055000,r,1440
7683055000,r,1440
7683782000,s,1340
7686533000,s,1340
9984050000,r,1440
9984050000,r,1440
9984051000,r,1440
9984051000,r,1440
9988197000,s,1340
9988571000,s,1340
9988792000,s,1340
9997983000,s,1340
13256014000,r,1440
13256015000,r,1440
13260880000,s,1340
13261303000,s,1340
13261474000,s,1340
13261666000,s,1340
13261815000,s,1340
13261949000,s,1340
13262089000,s,1340
13262229000,s,1340
13262360000,s,1340
13262486000,s,1340
13262610000,s,1340
13262746000,s,1340
13262874000,s,1340
13262998000,s,1340
13263132000,s,1340
13263283000,s,1340
13263474000,s,1340
13263662000,s,1340
13263958000,s,1340
13264166000,s,1340
13264365000,s,1340
13264555000,s,1340
13264739000,s,1340
13264931000,s,1340
13265111000,s,1340
13265300000,s,1340
13265497000,s,1340
13265644000,s,1340
13265774000,s,1340
13265972000,s,1340
13266149000,s,1340
13266328000,s,1340
13266510000,s,1340
13266650000,s,1340
13266945000,s,1340
13267146000,s,1340
13267308000,s,1340
13267470000,s,1340
13267636000,s,1340
13267749000,s,1340
13267970000,s,1340
13268276000,s,1340
13268570000,s,1340
13268716000,s,1340
13268843000,s,1340
13269023000,s,1340
13269205000,s,1340
13269387000,s,1340
13269576000,s,1340
13269763000,s,1340
13269921000,s,1340
13270092000,s,1340
13270281000,s,1340
13270468000,s,1340
13270675000,s,1340
13270864000,s,1340
13271058000,s,1340
13271251000,s,1340
13271444000,s,1340
13271637000,s,1340
13271939000,s,1340
13272129000,s,1340
13272317000,s,1340
13272497000,s,1340
13272676000,s,1340
13272873000,s,1340
13273062000,s,1340
13273257000,s,1340
13273429000,s,1340
13273608000,s,1340
13273791000,s,1340
13273961000,s,1340
13274123000,s,1340
13284904000,s,1340
13322098000,s,1340
13351294000,r,1440
13351886000,r,1440
13352599000,s,1340
13352710000,s,1340
13352776000,s,1340
13352927000,s,1340
13353105000,s,1340
13353229000,s,1340
13353490000,s,1340
13353640000,s,1340
13353833000,s,1340
13353895000,s,1340
13354162000,s,1340
13354287000,s,1340
13354720000,s,1340
13354823000,s,1340
13354908000,s,1340
13354977000,s,1340
13355065000,s,1340
13355311000,s,1340
13355391000,s,1340
13355510000,s,1340
13355613000,s,1340
13355992000,s,1340
13356071000,s,1340
13356135000,s,1340
13356574000,s,1340
13356747000,s,1340
13356798000,s,1340
13357089000,s,1340
13357229000,s,1340
13357392000,s,1340
13357662000,s,1340
13357761000,s,1340
13357810000,s,1340
13358010000,s,1340
13358257000,s,1340
13358440000,s,1340
13358566000,s,1340
13358946000,s,1340
13359072000,s,1340
13359287000,s,1340
13359414000,s,1340
13359480000,s,1340
13359540000,s,1340
13359885000,s,1340
13360018000,s,1340
13360066000,s,1340
13360120000,s,1340
13360256000,s,1340
13360357000,s,1340
13360650000,s,1340
13360876000,s,1340
13360929000,s,1340
13361115000,s,1340
13362481000,s,1340
13362683000,s,1340
13362945000,s,1340
13363089000,s,1340
13363185000,s,1340
13363263000,s,1340
13363383000,s,1340
13363553000,s,1340
13363713000,s,1340
13363964000,s,1340
13364127000,s,1340
13364223000,s,1340
13364343000,s,1340
13364698000,s,1340
13364809000,s,1340
13364898000,s,1340
13365165000,s,1340
13365327000,s,1340
13365473000,s,1340
13365733000,s,1340
13365867000,s,1340
13365912000,s,1340
13366144000,s,1340
13366249000,s,1340
13366334000,s,1340
13366413000,s,1340
13366564000,s,1340
13366648000,s,1340
13366727000,s,1340
13366912000,s,1340
13376739000,s,1340
17560338000,r,1440
17560338000,r,1440
17560339000,r,1440
17560339000,r,1440
17560340000,r,1440
17560340000,r,1440
17560341000,r,1440
17560341000,r,1440
17563962000,s,1340
17564776000,s,1340
17565065000,s,1340
17565252000,s,1340
17566843000,s,1340
17574080000,s,1340
17579920000,r,1440
17580255000,r,1440
21550665000,s,1340
21590962000,s,1340
21591401000,s,1340
23262007000,s,1340
23298776000,s,1340
23299205000,s,1340
23318140000,r,1440
23319716000,r,1440
23320064000,r,1440
23322180000,s,1340
23323923000,r,1440
24984068000,r,1440
24988196000,s,1340
25694330000,s,1340
25734237000,s,1340
25734662000,s,1340