0,s,1340
39964000,s,1340
40480000,s,1340
61179000,r,1440
61179000,r,1440
65153000,s,1340
65549000,s,1340
65954000,s,1340
66209000,s,1340
66545000,s,1340
67300000,s,1340
67599000,s,1340
67954000,s,1340
68166000,s,1340
68452000,s,1340
68747000,s,1340
68968000,s,1340
69275000,s,1340
69534000,s,1340
69879000,s,1340
70177000,s,1340
70407000,s,1340
70690000,s,1340
70958000,s,1340
71155000,s,1340
71348000,s,1340
71631000,s,1340
71917000,s,1340
72196000,s,1340
72431000,s,1340
72694000,s,1340
72987000,s,1340
73247000,s,1340
73497000,s,1340
73909000,s,1340
74193000,s,1340
74471000,s,1340
74736000,s,1340
74998000,s,1340
75281000,s,1340
75554000,s,1340
75816000,s,1340
76067000,s,1340
76325000,s,1340
76589000,s,1340
76845000,s,1340
77116000,s,1340
77395000,s,1340
77736000,s,1340
78046000,s,1340
78656000,s,1340
78932000,s,1340
79218000,s,1340
79483000,s,1340
79749000,s,1340
80022000,s,1340
80297000,s,1340
80586000,s,1340
80862000,s,1340
81130000,s,1340
81401000,s,1340
81773000,s,1340
82049000,s,1340
82324000,s,1340
82626000,s,1340
82889000,s,1340
83140000,s,1340
83370000,s,1340
83606000,s,1340
83830000,s,1340
84041000,s,1340
84256000,s,1340
84473000,s,1340
84714000,s,1340
84939000,s,1340
85146000,s,1340
85363000,s,1340
85734000,s,1340
85985000,s,1340
86220000,s,1340
86448000,s,1340
86662000,s,1340
86915000,s,1340
87134000,s,1340
87346000,s,1340
87566000,s,1340
87795000,s,1340
88046000,s,1340
88278000,s,1340
88503000,s,1340
88719000,s,1340
88974000,s,1340
89190000,s,1340
89410000,s,1340
89731000,s,1340
90001000,s,1340
90239000,s,1340
90470000,s,1340
90688000,s,1340
90905000,s,1340
91148000,s,1340
91376000,s,1340
91593000,s,1340
91847000,s,1340
92075000,s,1340
92306000,s,1340
92528000,s,1340
92745000,s,1340
92973000,s,1340
93218000,s,1340
93433000,s,1340
93952000,s,1340
94224000,s,1340
94487000,s,1340
94747000,s,1340
95055000,s,1340
95308000,s,1340
95533000,s,1340
95756000,s,1340
96601000,s,1340
96977000,s,1340
97256000,s,1340
97563000,s,1340
97967000,s,1340
98251000,s,1340
98561000,s,1340
98864000,s,1340
99141000,s,1340
99401000,s,1340
99712000,s,1340
99978000,s,1340
100222000,s,1340
100478000,s,1340
100774000,s,1340
101026000,s,1340
101260000,s,1340
101496000,s,1340
101857000,s,1340
102122000,s,1340
102400000,s,1340
102747000,s,1340
103034000,s,1340
103296000,s,1340
103560000,s,1340
103834000,s,1340
104097000,s,1340
104351000,s,1340
104608000,s,1340
105106000,s,1340
105383000,s,1340
105752000,s,1340
106032000,s,1340
106315000,s,1340
106599000,s,1340
106872000,s,1340
107173000,s,1340
107440000,s,1340
107720000,s,1340
108002000,s,1340
108312000,s,1340
108589000,s,1340
108878000,s,1340
109164000,s,1340
109435000,s,1340
110726000,s,1340
111018000,s,1340
112234000,s,1340
113189000,s,1340
113448000,s,1340
113807000,s,1340
114092000,s,1340
114348000,s,1340
114613000,s,1340
115097000,s,1340
115338000,s,1340
122742000,s,1340
123050000,s,1340
123291000,s,1340
123521000,s,1340
123754000,s,1340
124004000,s,1340
124238000,s,1340
124463000,s,1340
124682000,s,1340
124905000,s,1340
125148000,s,1340
125381000,s,1340
125702000,s,1340
125988000,s,1340
126267000,s,1340
126508000,s,1340
126761000,s,1340
127017000,s,1340
127295000,s,1340
127556000,s,1340
127807000,s,1340
128059000,s,1340
128309000,s,1340
128566000,s,1340
128843000,s,1340
129106000,s,1340
129379000,s,1340
129724000,s,1340
129991000,s,1340
130249000,s,1340
130538000,s,1340
130814000,s,1340
131081000,s,1340
131332000,s,1340
131583000,s,1340
131843000,s,1340
132097000,s,1340
132343000,s,1340
132613000,s,1340
132868000,s,1340
133162000,s,1340
133492000,s,1340
133850000,s,1340
134103000,s,1340
134368000,s,1340
134822000,s,1340
135324000,s,1340
135612000,s,1340
136168000,s,1340
136443000,s,1340
136716000,s,1340
136947000,s,1340
137174000,s,1340
137833000,s,1340
138113000,s,1340
138376000,s,1340
138644000,s,1340
138920000,s,1340
139166000,s,1340
139393000,s,1340
139620000,s,1340
139869000,s,1340
140097000,s,1340
140309000,s,1340
140740000,s,1340
141014000,s,1340
141259000,s,1340
141500000,s,1340
141886000,s,1340
142205000,s,1340
142504000,s,1340
142775000,s,1340
143029000,s,1340
143304000,s,1340
143571000,s,1340
143801000,s,1340
144077000,s,1340
144368000,s,1340
144629000,s,1340
144894000,s,1340
145152000,s,1340
145415000,s,1340
145962000,s,1340
146225000,s,1340
146510000,s,1340
146770000,s,1340
147019000,s,1340
147249000,s,1340
147492000,s,1340
147743000,s,1340
147987000,s,1340
148237000,s,1340
148502000,s,1340
148753000,s,1340
148997000,s,1340
149237000,s,1340
149499000,s,1340
149853000,s,1340
150119000,s,1340
150382000,s,1340
150653000,s,1340
150904000,s,1340
151158000,s,1340
151396000,s,1340
151747000,s,1340
152047000,s,1340
152286000,s,1340
152483000,s,1340
152753000,s,1340
153008000,s,1340
153261000,s,1340
153506000,s,1340
153844000,s,1340
154104000,s,1340
154358000,s,1340
154609000,s,1340
154888000,s,1340
155150000,s,1340
155392000,s,1340
155619000,s,1340
155876000,s,1340
2281234000,s,1340
2295637000,r,1440
2296817000,r,1440
2304775000,s,1340
2316476000,r,1440
2318701000,s,1340
2323373000,s,1340
2323481000,s,1340
2337675000,r,1440
2337676000,r,1440
2338861000,s,1340
2342875000,s,1340
2343066000,s,1340
2344443000,s,1340
2349157000,s,1340
2354182000,r,1440
2354182000,r,1440
2355691000,r,1440
2355748000,s,1340
2355950000,s,1340
2366197000,s,1340
2367460000,r,1440
2367501000,s,1340
2367560000,s,1340
2368498000,s,1340
2369628000,r,1440
2383658000,r,1440
2383658000,r,1440
2384409000,r,1440
2384863000,s,1340
2385629000,r,1440
2385630000,r,1440
2385630000,r,1440
2386628000,r,1440
2386629000,r,1440
2386629000,r,1440
2386630000,r,1440
2386630000,r,1440
2386630000,r,1440
2386631000,r,1440
2386795000,s,1340
2387249000,s,1340
2388050000,s,1340
2388615000,s,1340
2388908000,s,1340
2389141000,s,1340
2389382000,s,1340
2390352000,s,1340
2390796000,s,1340
2390861000,s,1340
2391233000,s,1340
2400248000,s,1340
2401244000,r,1440
2403050000,r,1440
2404939000,r,1440
2404939000,r,1440
2405623000,s,1340
2406688000,r,1440
2406689000,r,1440
2407136000,s,1340
2407617000,r,1440
2407870000,s,1340
2414627000,s,1340
2421957000,r,1440
2423898000,r,1440
2424275000,s,1340
2436675000,r,1440
2436675000,r,1440
2437992000,s,1340
2438158000,s,1340
2438622000,s,1340
2438730000,s,1340
2448298000,s,1340
2449657000,r,1440
2449657000,r,1440
2450792000,r,1440
2451202000,s,1340
2451321000,s,1340
2451861000,s,1340
2452436000,s,1340
2461866000,r,1440
2461866000,r,1440
2462670000,s,1340
2463365000,r,1440
2463366000,r,1440
2464105000,s,1340
2465152000,r,1440
2465726000,s,1340
2472333000,r,1440
2472333000,r,1440
2472334000,r,1440
2472334000,r,1440
2472334000,r,1440
2472334000,r,1440
2472334000,r,1440
2472334000,r,1440
2472470000,r,1440
2473128000,s,1340
2476111000,s,1340
2476170000,s,1340
2476183000,s,1340
2476201000,s,1340
2476213000,s,1340
2476225000,s,1340
2476551000,s,1340
2476650000,s,1340
2476694000,s,1340
2477062000,r,1440
2477062000,r,1440
2477160000,s,1340
2477062000,r,1440
2477063000,r,1440
2477898000,s,1340
2478074000,s,1340
2478092000,s,1340
2478118000,s,1340
2478259000,s,1340
2478505000,s,1340
2478607000,s,1340
2478868000,s,1340
2479172000,s,1340
2479281000,s,1340
2479594000,s,1340
2479683000,s,1340
2479786000,s,1340
2479869000,s,1340
2480044000,s,1340
2480146000,s,1340
2480209000,s,1340
2480850000,s,1340
2481023000,s,1340
2481121000,s,1340
2481382000,s,1340
2481616000,s,1340
2481865000,s,1340
2481980000,s,1340
2482043000,s,1340
2482338000,s,1340
2482468000,s,1340
2482546000,s,1340
2483354000,s,1340
2484748000,s,1340
2484846000,s,1340
2484937000,s,1340
2485109000,r,1440
2485109000,r,1440
2485160000,s,1340
2485109000,r,1440
2485109000,r,1440
2485256000,s,1340
2485332000,s,1340
2485449000,s,1340
2485480000,s,1340
2485492000,s,1340
2485504000,s,1340
2485660000,s,1340
2485851000,s,1340
2485940000,s,1340
2486278000,s,1340
2486368000,s,1340
2486577000,s,1340
2486771000,s,1340
2486924000,s,1340
2487988000,s,1340
2488240000,s,1340
2488346000,r,1440
2488375000,s,1340
2488347000,r,1440
2488347000,r,1440
2488347000,r,1440
2488347000,r,1440
2488347000,r,1440
2488347000,r,1440
2488347000,r,1440
2488447000,s,1340
2488593000,s,1340
2488731000,s,1340
2488793000,s,1340
2488894000,s,1340
2488950000,s,1340
2489052000,s,1340
2489083000,s,1340
2489094000,s,1340
2489101000,s,1340
2489182000,s,1340
2489213000,s,1340
2489545000,s,1340
2489674000,s,1340
2489740000,s,1340
2489922000,s,1340
2490455000,s,1340
2490727000,s,1340
2490803000,s,1340
2490856000,s,1340
2491624000,s,1340
2491676000,s,1340
2491911000,s,1340
2493226000,s,1340
2493302000,s,1340
2493692000,s,1340
2493774000,s,1340
2493907000,s,1340
2493972000,s,1340
2494367000,s,1340
2495620000,s,1340
2495682000,s,1340
2497088000,s,1340
2497167000,s,1340
2497370000,s,1340
2497520000,s,1340
2497622000,s,1340
2497679000,s,1340
2498286000,s,1340
2498369000,s,1340
2499446000,s,1340
2499541000,s,1340
2499606000,s,1340
2500723000,s,1340
2500748000,s,1340
2500878000,s,1340
2501048000,s,1340
2502176000,s,1340
2502279000,s,1340
2502357000,s,1340
2502554000,s,1340
2502754000,s,1340
2502842000,s,1340
2503083000,s,1340
2503205000,s,1340
2503296000,s,1340
2503370000,s,1340
2503435000,s,1340
2503992000,s,1340
2505254000,s,1340
2507044000,s,1340
2507148000,s,1340
2507222000,s,1340
2507296000,s,1340
2507372000,s,1340
2507646000,s,1340
2507734000,s,1340
2507896000,s,1340
2507969000,s,1340
2508027000,s,1340
2508444000,s,1340
2509787000,s,1340
2509875000,s,1340
2510047000,s,1340
2510181000,s,1340
2510223000,s,1340
2511018000,s,1340
2511245000,s,1340
2511283000,s,1340
2511346000,s,1340
2512361000,s,1340
2512429000,s,1340
2512610000,s,1340
2512675000,s,1340
2512841000,s,1340
2513158000,s,1340
2513261000,s,1340
2513346000,s,1340
2513409000,s,1340
2513461000,s,1340
2513820000,s,1340
2513888000,s,1340
2525070000,r,1440
2527507000,s,1340
2527598000,s,1340
2527615000,s,1340
2527626000,s,1340
2527636000,s,1340
2527646000,s,1340
2527655000,s,1340
2527664000,s,1340
2527673000,s,1340
2527690000,s,1340
2527699000,s,1340
2527709000,s,1340
2527718000,s,1340
2527730000,s,1340
2527739000,s,1340
2527749000,s,1340
2527759000,s,1340
2527768000,s,1340
2527777000,s,1340
2527789000,s,1340
2527797000,s,1340
2527804000,s,1340
2528165000,s,1340
2528284000,s,1340
2528605000,s,1340
2528677000,s,1340
2528737000,s,1340
2529219000,r,1440
2529253000,s,1340
2529220000,r,1440
2529220000,r,1440
2529454000,s,1340
2534016000,r,1440
2534255000,s,1340
2534706000,r,1440
2535371000,r,1440
2535773000,s,1340
2537476000,r,1440
2540264000,s,1340
2543159000,s,1340
2543206000,s,1340
2543345000,r,1440
2543346000,r,1440
2543346000,r,1440
2543346000,r,1440
2543346000,r,1440
2543346000,r,1440
2543346000,r,1440
2543346000,r,1440
2543455000,r,1440
2543456000,r,1440
2543456000,r,1440
2543456000,r,1440
2543456000,r,1440
2543456000,r,1440
2543799000,s,1340
2543855000,s,1340
2544065000,s,1340
2544198000,s,1340
2544284000,s,1340
2544345000,s,1340
2544405000,s,1340
2544445000,r,1440
2544461000,s,1340
2544445000,r,1440
2544445000,r,1440
2544445000,r,1440
2544446000,r,1440
2544446000,r,1440
2544446000,r,1440
2544516000,s,1340
2544608000,s,1340
2544635000,s,1340
2544807000,s,1340
2544827000,s,1340
2545226000,s,1340
2545251000,s,1340
2545505000,s,1340
2545531000,s,1340
2545553000,s,1340
2545569000,s,1340
2545649000,r,1440
2545992000,s,1340
2546027000,s,1340
2546038000,s,1340
2546202000,s,1340
2546227000,s,1340
2546248000,s,1340
2546792000,r,1440
2546813000,s,1340
2546951000,s,1340
2547035000,s,1340
2547106000,s,1340
2547285000,s,1340
2548862000,s,1340
2548958000,s,1340
2549100000,s,1340
2549255000,s,1340
2549342000,s,1340
2549460000,s,1340
2549669000,s,1340
2549745000,s,1340
2549808000,s,1340
2549880000,s,1340
2549931000,s,1340
2550068000,s,1340
2550118000,s,1340
2550710000,s,1340
2550784000,s,1340
2550929000,s,1340
2551429000,s,1340
2551907000,s,1340
2552085000,s,1340
2552233000,s,1340
2552807000,s,1340
2552872000,s,1340
2553571000,s,1340
2553608000,r,1440
2553710000,r,1440
2553801000,s,1340
2553907000,s,1340
2553988000,s,1340
2554056000,s,1340
2554200000,s,1340
2554307000,s,1340
2554640000,s,1340
2554781000,s,1340
2554882000,s,1340
2554923000,s,1340
2554984000,s,1340
2555116000,s,1340
2555161000,s,1340
2555687000,s,1340
2555737000,s,1340
2556004000,s,1340
2556965000,s,1340
2557065000,s,1340
2557129000,s,1340
2557153000,r,1440
2557182000,s,1340
2557153000,r,1440
2557154000,r,1440
2558321000,s,1340
2558351000,s,1340
2558393000,s,1340
2558469000,s,1340
2558674000,s,1340
2558791000,s,1340
2558859000,s,1340
2559040000,s,1340
2559172000,s,1340
2559734000,s,1340
2559780000,s,1340
2560433000,s,1340
2560524000,s,1340
2560629000,r,1440
2560629000,r,1440
2560629000,r,1440
2560629000,r,1440
2560629000,r,1440
2560629000,r,1440
2560629000,r,1440
2560629000,r,1440
2560749000,r,1440
2560749000,r,1440
2560749000,r,1440
2560749000,r,1440
2560749000,r,1440
2560749000,r,1440
2560749000,r,1440
2560750000,r,1440
2560787000,r,1440
2560787000,r,1440
2560787000,r,1440
2560787000,r,1440
2560787000,r,1440
2560787000,r,1440
2560787000,r,1440
2560787000,r,1440
2560819000,r,1440
2560819000,r,1440
2560819000,r,1440
2560819000,r,1440
2560819000,r,1440
2560819000,r,1440
2561160000,s,1340
2561199000,s,1340
2561210000,s,1340
2561218000,s,1340
2561286000,r,1440
2561286000,r,1440
2561287000,r,1440
2561287000,r,1440
2561287000,r,1440
2561287000,r,1440
2561287000,r,1440
2561287000,r,1440
2561343000,r,1440
2561542000,s,1340
2561764000,s,1340
2561794000,s,1340
2561803000,s,1340
2561812000,s,1340
2561819000,s,1340
2561825000,s,1340
2561831000,s,1340
2561838000,s,1340
2561844000,s,1340
2561850000,s,1340
2561855000,s,1340
2561863000,s,1340
2561870000,s,1340
2561875000,s,1340
2561881000,s,1340
2561888000,s,1340
2561893000,s,1340
2561900000,s,1340
2561906000,s,1340
2561912000,s,1340
2562033000,s,1340
2562059000,s,1340
2562187000,s,1340
2562197000,s,1340
2562204000,s,1340
2562869000,s,1340
2563442000,r,1440
2564031000,r,1440
2564031000,r,1440
2564208000,s,1340
2571948000,r,1440
2571948000,r,1440
2571948000,r,1440
2571949000,r,1440
2572298000,s,1340
2572821000,r,1440
2572827000,s,1340
2572821000,r,1440
2572821000,r,1440
2572821000,r,1440
2572822000,r,1440
2572822000,r,1440
2572822000,r,1440
2572822000,r,1440
2572882000,r,1440
2572883000,r,1440
2572883000,r,1440
2572917000,s,1340
2572985000,s,1340
2573054000,s,1340
2573126000,s,1340
2573188000,s,1340
2573277000,s,1340
2573345000,s,1340
2573416000,s,1340
2573506000,s,1340
2573563000,s,1340
2573652000,s,1340
2573718000,s,1340
2573784000,s,1340
2573845000,s,1340
2573927000,s,1340
2573988000,s,1340
2574062000,s,1340
2574133000,s,1340
2574183000,s,1340
2574250000,s,1340
2574492000,s,1340
2574578000,s,1340
2574895000,s,1340
2575037000,s,1340
2575090000,s,1340
2575820000,s,1340
2575889000,s,1340
2576095000,r,1440
2576095000,r,1440
2576096000,r,1440
2576096000,r,1440
2576096000,r,1440
2576096000,r,1440
2576096000,r,1440
2576096000,r,1440
2576196000,r,1440
2576196000,r,1440
2576196000,r,1440
2576196000,r,1440
2576196000,r,1440
2576196000,r,1440
2576196000,r,1440
2576196000,r,1440
2576231000,r,1440
2576232000,r,1440
2576232000,r,1440
2576232000,r,1440
2576232000,r,1440
2576232000,r,1440
2576232000,r,1440
2576232000,r,1440
2576266000,r,1440
2576266000,r,1440
2576479000,s,1340
2576646000,s,1340
2576686000,r,1440
2576686000,r,1440
2576686000,r,1440
2576727000,s,1340
2576686000,r,1440
2576686000,r,1440
2576817000,s,1340
2576893000,s,1340
2576971000,s,1340
2577018000,s,1340
2577057000,s,1340
2577116000,s,1340
2577179000,s,1340
2577237000,s,1340
2577299000,s,1340
2577360000,s,1340
2577420000,s,1340
2577482000,s,1340
2577548000,s,1340
2577650000,s,1340
2577721000,s,1340
2577792000,s,1340
2577857000,s,1340
2577919000,s,1340
2577982000,s,1340
2578040000,s,1340
2578101000,s,1340
2578163000,s,1340
2578270000,s,1340
2578333000,s,1340
2578389000,s,1340
2578446000,s,1340
2578502000,s,1340
2578560000,s,1340
2578621000,s,1340
2578682000,s,1340
2578738000,s,1340
2578799000,s,1340
2578860000,s,1340
2579032000,s,1340
2579119000,s,1340
2579169000,s,1340
2579283000,s,1340
2579325000,s,1340
2579914000,s,1340
2580206000,s,1340
2580375000,s,1340
2580492000,s,1340
2580779000,s,1340
2580834000,s,1340
2580925000,s,1340
2580987000,s,1340
2581039000,s,1340
2581318000,s,1340
2581400000,s,1340
2581447000,s,1340
2581569000,s,1340
2581664000,s,1340
2581735000,s,1340
2581830000,s,1340
2581922000,s,1340
2582000000,s,1340
2582134000,s,1340
2582187000,s,1340
2582411000,s,1340
2582495000,s,1340
2582611000,r,1440
2582611000,r,1440
2582611000,r,1440
2582611000,r,1440
2582611000,r,1440
2582611000,r,1440
2582612000,r,1440
2582612000,r,1440
2582824000,r,1440
2582824000,r,1440
2582825000,r,1440
2582825000,r,1440
2583111000,s,1340
2583116000,r,1440
2583116000,r,1440
2583116000,r,1440
2583116000,r,1440
2583116000,r,1440
2583117000,r,1440
2583117000,r,1440
2583117000,r,1440
2583222000,r,1440
2583254000,r,1440
2583254000,r,1440
2583254000,r,1440
2583267000,s,1340
2583704000,r,1440
2583704000,r,1440
2583704000,r,1440
2583858000,s,1340
2584015000,s,1340
2584225000,s,1340
2584356000,s,1340
2584479000,s,1340
2584600000,s,1340
2584711000,s,1340
2584814000,s,1340
2584899000,s,1340
2584904000,r,1440
2584904000,r,1440
2584904000,r,1440
2584904000,r,1440
2584904000,r,1440
2584904000,r,1440
2584905000,r,1440
2584987000,s,1340
2585070000,s,1340
2585167000,s,1340
2585263000,s,1340
2585348000,s,1340
2585426000,s,1340
2585503000,s,1340
2585617000,s,1340
2585711000,s,1340
2585790000,s,1340
2585860000,s,1340
2585932000,s,1340
2586015000,s,1340
2586093000,s,1340
2586174000,s,1340
2586269000,s,1340
2586347000,s,1340
2586418000,s,1340
2586500000,s,1340
2586568000,s,1340
2586637000,s,1340
2586707000,s,1340
2586772000,s,1340
2586839000,s,1340
2586905000,s,1340
2587051000,s,1340
2587141000,s,1340
2587215000,s,1340
2587350000,s,1340
2587421000,s,1340
2587480000,s,1340
2587525000,s,1340
2587691000,s,1340
2587753000,s,1340
2587883000,s,1340
2593870000,r,1440
2593870000,r,1440
2593870000,r,1440
2593870000,r,1440
2593870000,r,1440
2593870000,r,1440
2593870000,r,1440
2593870000,r,1440
2594221000,r,1440
2594221000,r,1440
2594221000,r,1440
2594222000,r,1440
2594222000,r,1440
2594222000,r,1440
2594222000,r,1440
2594222000,r,1440
2594289000,r,1440
2594289000,r,1440
2594289000,r,1440
2594316000,r,1440
2594316000,r,1440
2594316000,r,1440
2594316000,r,1440
2594316000,r,1440
2594316000,r,1440
2594825000,r,1440
2594825000,r,1440
2594825000,r,1440
2594825000,r,1440
2594825000,r,1440
2594825000,r,1440
2594825000,r,1440
2594825000,r,1440
2594895000,r,1440
2595090000,s,1340
2595132000,r,1440
2595132000,r,1440
2595133000,r,1440
2595133000,r,1440
2595133000,r,1440
2595133000,r,1440
2595363000,s,1340
2595412000,s,1340
2595442000,s,1340
2595611000,s,1340
2595679000,s,1340
2595713000,s,1340
2595732000,s,1340
2595763000,s,1340
2595783000,s,1340
2595810000,s,1340
2595831000,s,1340
2595842000,s,1340
2595850000,s,1340
2595863000,s,1340
2595872000,s,1340
2595888000,s,1340
2595903000,s,1340
2595913000,s,1340
2595941000,s,1340
2596047000,r,1440
2596048000,r,1440
2596048000,r,1440
2596048000,r,1440
2596048000,r,1440
2596048000,r,1440
2596048000,r,1440
2596048000,r,1440
2596132000,r,1440
2596216000,s,1340
2596243000,s,1340
2596253000,s,1340
2596262000,s,1340
2596272000,s,1340
2596280000,s,1340
2596290000,s,1340
2596301000,s,1340
2596312000,s,1340
2596322000,s,1340
2596357000,s,1340
2596552000,s,1340
2596600000,s,1340
2596644000,s,1340
2596702000,s,1340
2596743000,s,1340
2596988000,s,1340
2597071000,s,1340
2597130000,s,1340
2597176000,s,1340
2597192000,r,1440
2597192000,r,1440
2597192000,r,1440
2597193000,r,1440
2597193000,r,1440
2597193000,r,1440
2597193000,r,1440
2597193000,r,1440
2597277000,r,1440
2597278000,r,1440
2597278000,r,1440
2597278000,r,1440
2597278000,r,1440
2597278000,r,1440
2597278000,r,1440
2597278000,r,1440
2597314000,r,1440
2597314000,r,1440
2597440000,s,1340
2597522000,s,1340
2597606000,r,1440
2597606000,r,1440
2597642000,s,1340
2597606000,r,1440
2597606000,r,1440
2597606000,r,1440
2597606000,r,1440
2597693000,s,1340
2597829000,s,1340
2597876000,r,1440
2597884000,s,1340
2597876000,r,1440
2597876000,r,1440
2597934000,s,1340
2597978000,s,1340
2598023000,s,1340
2598097000,s,1340
2598169000,s,1340
2598216000,s,1340
2598265000,s,1340
2598404000,s,1340
2598453000,s,1340
2598499000,s,1340
2598857000,s,1340
2598912000,s,1340
2598971000,s,1340
2599031000,s,1340
2599039000,r,1440
2599039000,r,1440
2599039000,r,1440
2599039000,r,1440
2599039000,r,1440
2599039000,r,1440
2599091000,s,1340
2599151000,s,1340
2599219000,s,1340
2599292000,s,1340
2599377000,s,1340
2599453000,s,1340
2599533000,s,1340
2599609000,s,1340
2599682000,s,1340
2599755000,s,1340
2599829000,s,1340
2599908000,s,1340
2599987000,s,1340
2600053000,s,1340
2600121000,s,1340
2600184000,s,1340
2600249000,s,1340
2600316000,s,1340
2600380000,s,1340
2600443000,s,1340
2600506000,s,1340
2600618000,s,1340
2600691000,s,1340
2600827000,s,1340
2600904000,s,1340
2600950000,s,1340
2601153000,s,1340
2601218000,s,1340
2601317000,s,1340
2601393000,s,1340
2601493000,s,1340
2601567000,s,1340
2602614000,s,1340
2602693000,s,1340
2602792000,s,1340
2602898000,s,1340
2602942000,s,1340
2603020000,s,1340
2603131000,s,1340
2603753000,s,1340
2603849000,s,1340
2603959000,s,1340
2604022000,s,1340
2604064000,s,1340
2604383000,s,1340
2604520000,s,1340
2604688000,s,1340
2604858000,s,1340
2605022000,s,1340
2605101000,s,1340
2605319000,s,1340
2605548000,s,1340
2605648000,s,1340
2605724000,s,1340
2605812000,s,1340
2605927000,s,1340
2606079000,s,1340
2606237000,s,1340
2606368000,s,1340
2606426000,s,1340
2607074000,s,1340
2607147000,s,1340
2607413000,s,1340
2608181000,s,1340
2608298000,s,1340
2608853000,s,1340
2609240000,r,1440
2609250000,s,1340
2609288000,s,1340
2609240000,r,1440
2609240000,r,1440
2609425000,s,1340
2609475000,s,1340
2609661000,s,1340
2610280000,r,1440
2610281000,r,1440
2610281000,r,1440
2610281000,r,1440
2610281000,r,1440
2610281000,r,1440
2610281000,r,1440
2610281000,r,1440
2610371000,r,1440
2610371000,r,1440
2610371000,r,1440
2610371000,r,1440
2610492000,s,1340
2610606000,s,1340
2610750000,s,1340
2611143000,s,1340
2611174000,s,1340
2611191000,s,1340
2611204000,s,1340
2611217000,s,1340
2611229000,s,1340
2611240000,s,1340
2611288000,r,1440
2611288000,r,1440
2611288000,r,1440
2611802000,s,1340
2611867000,s,1340
2612941000,r,1440
2612941000,r,1440
2612941000,r,1440
2612941000,r,1440
2612941000,r,1440
2612942000,r,1440
2612942000,r,1440
2612942000,r,1440
2613036000,r,1440
2613036000,r,1440
2613036000,r,1440
2613036000,r,1440
2613037000,r,1440
2613037000,r,1440
2613037000,r,1440
2613074000,s,1340
2613037000,r,1440
2613092000,r,1440
2613093000,r,1440
2613093000,r,1440
2613093000,r,1440
2613093000,r,1440
2613093000,r,1440
2613093000,r,1440
2613093000,r,1440
2613137000,r,1440
2613138000,r,1440
2613138000,r,1440
2613151000,s,1340
2613138000,r,1440
2613138000,r,1440
2613138000,r,1440
2613139000,r,1440
2613139000,r,1440
2613187000,r,1440
2613187000,r,1440
2613187000,r,1440
2613187000,r,1440
2613221000,s,1340
2613237000,r,1440
2613237000,r,1440
2613237000,r,1440
2613238000,r,1440
2613238000,r,1440
2613238000,r,1440
2613294000,s,1340
2613359000,s,1340
2613403000,s,1340
2613441000,s,1340
2613481000,s,1340
2613533000,s,1340
2613661000,s,1340
2613709000,s,1340
2613726000,s,1340
2613740000,s,1340
2613775000,s,1340
2613866000,s,1340
2613909000,s,1340
2613928000,s,1340
2613941000,s,1340
2613954000,s,1340
2613967000,s,1340
2613979000,s,1340
2613991000,s,1340
2614002000,s,1340
2614013000,s,1340
2614023000,s,1340
2614033000,s,1340
2614042000,s,1340
2614051000,s,1340
2614061000,s,1340
2614070000,s,1340
2614083000,s,1340
2614104000,s,1340
2614117000,s,1340
2614127000,s,1340
2614197000,s,1340
2614210000,s,1340
2614224000,s,1340
2614248000,s,1340
2614303000,r,1440
2614303000,r,1440
2614303000,r,1440
2614303000,r,1440
2614304000,r,1440
2614782000,s,1340
2614888000,s,1340
2614938000,s,1340
2615004000,s,1340
2615053000,s,1340
2615130000,s,1340
2615193000,s,1340
2615252000,s,1340
2615314000,s,1340
2615384000,s,1340
2615574000,s,1340
2615699000,s,1340
2615779000,s,1340
2615832000,s,1340
2616554000,s,1340
2616639000,s,1340
2616821000,s,1340
2616850000,s,1340
2616931000,s,1340
2617014000,s,1340
2617957000,s,1340
2618251000,s,1340
2618435000,s,1340
2618493000,s,1340
2618674000,s,1340
2618776000,s,1340
2618846000,s,1340
2618989000,s,1340
2619092000,s,1340
2619259000,s,1340
2619414000,s,1340
2619669000,s,1340
2619743000,s,1340
2619855000,s,1340
2619929000,s,1340
2620074000,s,1340
2621332000,s,1340
2621412000,s,1340
2621485000,s,1340
2622128000,s,1340
2622286000,s,1340
2622430000,s,1340
2622747000,r,1440
2622747000,r,1440
2622747000,r,1440
2622747000,r,1440
2622747000,r,1440
2622747000,r,1440
2622747000,r,1440
2622747000,r,1440
2622850000,r,1440
2623739000,s,1340
2624779000,s,1340
2624902000,s,1340
2624966000,s,1340
2625017000,s,1340
2625222000,r,1440
2625227000,s,1340
2625222000,r,1440
2625222000,r,1440
2625222000,r,1440
2625299000,s,1340
2625222000,r,1440
2625222000,r,1440
2625222000,r,1440
2625222000,r,1440
2625329000,r,1440
2625329000,r,1440
2625329000,r,1440
2625329000,r,1440
2625330000,r,1440
2625330000,r,1440
2625330000,r,1440
2625330000,r,1440
2625365000,r,1440
2625366000,r,1440
2625366000,r,1440
2625366000,r,1440
2625366000,r,1440
2625409000,s,1340
2625453000,s,1340
2625679000,s,1340
2625797000,s,1340
2625894000,s,1340
2625992000,s,1340
2626082000,s,1340
2626169000,s,1340
2626280000,s,1340
2626413000,s,1340
2626460000,r,1440
2626460000,r,1440
2626511000,s,1340
2626461000,r,1440
2626461000,r,1440
2626461000,r,1440
2626461000,r,1440
2626461000,r,1440
2626461000,r,1440
2626544000,r,1440
2626651000,s,1340
2626773000,s,1340
2626858000,s,1340
2626910000,s,1340
2627623000,s,1340
2628248000,s,1340
2628290000,s,1340
2628303000,s,1340
2628312000,s,1340
2628320000,s,1340
2628327000,s,1340
2628334000,s,1340
2628341000,s,1340
2628433000,s,1340
2628453000,s,1340
2628590000,s,1340
2628671000,s,1340
2628750000,s,1340
2628849000,s,1340
2628882000,s,1340
2628898000,s,1340
2628910000,s,1340
2629006000,s,1340
2629042000,s,1340
2629168000,s,1340
2629237000,s,1340
2629306000,s,1340
2629368000,s,1340
2629433000,s,1340
2629504000,s,1340
2629569000,s,1340
2629665000,s,1340
2629731000,s,1340
2629787000,s,1340
2629852000,s,1340
2629909000,s,1340
2629971000,s,1340
2630031000,s,1340
2630084000,s,1340
2630150000,s,1340
2630209000,s,1340
2630267000,s,1340
2630329000,s,1340
2630387000,s,1340
2630444000,s,1340
2630505000,s,1340
2630567000,s,1340
2630650000,s,1340
2630721000,s,1340
2630783000,s,1340
2630840000,s,1340
2630897000,s,1340
2631070000,s,1340
2631235000,s,1340
2631451000,s,1340
2631507000,s,1340
2631739000,s,1340
2631804000,s,1340
2632892000,s,1340
2632973000,s,1340
2633116000,s,1340
2633170000,s,1340
2633351000,s,1340
2633440000,s,1340
2633485000,s,1340
2633869000,s,1340
2633917000,s,1340
2635034000,s,1340
2635219000,s,1340
2635404000,s,1340
2635558000,s,1340
2635724000,s,1340
2635813000,s,1340
2635963000,s,1340
2636119000,s,1340
2636194000,s,1340
2636340000,s,1340
2636513000,s,1340
2636596000,s,1340
2636689000,r,1440
2636749000,s,1340
2636851000,s,1340
2637010000,s,1340
2637151000,s,1340
2637242000,s,1340
2637376000,s,1340
2637555000,s,1340
2637650000,s,1340
2639453000,r,1440
2639453000,r,1440
2639796000,s,1340
2641597000,r,1440
2641597000,r,1440
2642011000,s,1340
2649562000,s,1340
2653600000,r,1440
2653955000,s,1340
2674604000,s,1340
6489731000,r,1440
6869719000,r,1440
6869719000,r,1440
6869720000,r,1440
6870342000,r,1440
6870343000,r,1440
6870343000,r,1440
6870344000,r,1440
6870344000,r,1440
6870345000,r,1440
6870345000,r,1440
6874022000,s,1340
6874379000,s,1340
6874540000,s,1340
6874680000,s,1340
6874895000,s,1340
6875019000,s,1340
6875146000,s,1340
6875278000,s,1340
6875410000,s,1340
6875544000,s,1340
6875675000,s,1340
6875805000,s,1340
6875934000,s,1340
6876067000,s,1340
6876257000,s,1340
6876882000,s,1340
6877052000,s,1340
6877984000,s,1340
6878360000,s,1340
6878511000,s,1340
6878649000,s,1340
6878830000,s,1340
6878967000,s,1340
6879089000,s,1340
6879215000,s,1340
6879599000,s,1340
6879771000,s,1340
6879917000,s,1340
6880028000,s,1340
6880193000,s,1340
6880355000,s,1340
6880528000,s,1340
6880713000,s,1340
6880894000,s,1340
6881080000,s,1340
6881257000,s,1340
6881429000,s,1340
6881705000,s,1340
6881897000,s,1340
6882325000,s,1340
6882501000,s,1340
6882958000,s,1340
6883148000,s,1340
6883361000,s,1340
6883507000,s,1340
6884547000,s,1340
6884778000,s,1340
6884976000,s,1340
6885180000,s,1340
6886909000,s,1340
6887654000,s,1340
6887858000,s,1340
6888065000,s,1340
6888245000,s,1340
6888427000,s,1340
6888617000,s,1340
6888811000,s,1340
6888995000,s,1340
6889187000,s,1340
6889413000,s,1340
6889826000,s,1340
6891386000,s,1340
6891657000,s,1340
6891890000,s,1340
6892285000,s,1340
6892711000,s,1340
6892911000,s,1340
6893098000,s,1340
6893290000,s,1340
6893483000,s,1340
6893864000,s,1340
6894080000,s,1340
6894493000,s,1340
6894836000,s,1340
6895023000,s,1340
6895216000,s,1340
6895393000,s,1340
6895572000,s,1340
6895740000,s,1340
6895919000,s,1340
6896082000,s,1340
6896259000,s,1340
6896438000,s,1340
6896666000,s,1340
6896909000,s,1340
6897069000,s,1340
6897234000,s,1340
6897390000,s,1340
6897548000,s,1340
6897898000,s,1340
6898128000,s,1340
6898341000,s,1340
6898560000,s,1340
6898780000,s,1340
6898973000,s,1340
6899169000,s,1340
6899366000,s,1340
6899569000,s,1340
6899762000,s,1340
6899978000,s,1340
6900191000,s,1340
6900391000,s,1340
6900595000,s,1340
6900802000,s,1340
6901016000,s,1340
6901227000,s,1340
6901460000,s,1340
6907552000,s,1340
6941767000,r,1440
6941767000,r,1440
6944178000,s,1340
6984934000,r,1440
6986901000,r,1440
6986902000,r,1440
6986902000,r,1440
6986903000,r,1440
6986903000,r,1440
6986904000,r,1440
6986904000,r,1440
6986905000,r,1440
6987118000,r,1440
6987118000,r,1440
6987119000,r,1440
6987119000,r,1440
6987120000,r,1440
6987120000,r,1440
6987121000,r,1440
6987289000,s,1340
6988253000,s,1340
6988749000,s,1340
6989014000,s,1340
6989095000,r,1440
6989096000,r,1440
6989096000,r,1440
6989204000,s,1340
6989097000,r,1440
6989097000,r,1440
6989098000,r,1440
6989098000,r,1440
6989099000,r,1440
6989368000,r,1440
6989417000,s,1340
6989707000,s,1340
6989916000,s,1340
6990090000,s,1340
6990829000,s,1340
6991138000,r,1440
6991152000,s,1340
6991279000,r,1440
6991388000,s,1340
6991599000,s,1340
6991767000,s,1340
6991930000,s,1340
6992142000,s,1340
6992595000,s,1340
6992833000,s,1340
6993052000,s,1340
6993264000,s,1340
6993504000,s,1340
6993674000,r,1440
6993674000,r,1440
6993675000,r,1440
6994357000,s,1340
6995670000,s,1340
6995972000,s,1340
6996182000,s,1340
6996318000,s,1340
6996551000,s,1340
6996742000,s,1340
6996939000,s,1340
6997145000,s,1340
6997346000,s,1340
6997532000,s,1340
6997663000,r,1440
6997664000,r,1440
6997861000,s,1340
6998076000,s,1340
7001631000,r,1440
7001632000,r,1440
7001632000,r,1440
7001834000,r,1440
7001835000,r,1440
7001835000,r,1440
7001835000,r,1440
7001836000,r,1440
7001836000,r,1440
7001837000,r,1440
7003382000,r,1440
7003383000,r,1440
7003383000,r,1440
7003384000,r,1440
7003384000,r,1440
7003385000,r,1440
7003385000,r,1440
7003386000,r,1440
7003556000,r,1440
7003557000,r,1440
7003557000,r,1440
7003558000,r,1440
7003558000,r,1440
7003559000,r,1440
7003724000,s,1340
7004899000,r,1440
7004900000,r,1440
7006412000,s,1340
7007263000,s,1340
7007970000,r,1440
7007971000,r,1440
7007971000,r,1440
7007972000,r,1440
7007972000,r,1440
7007973000,r,1440
7007973000,r,1440
7007974000,r,1440
7009748000,s,1340
7011339000,s,1340
7012830000,s,1340
7017249000,s,1340
7017657000,r,1440
7018099000,s,1340
7018411000,s,1340
7018900000,s,1340
7022880000,s,1340
7024560000,s,1340
7024888000,s,1340
7026701000,s,1340
7027641000,s,1340
7028580000,s,1340
7029846000,s,1340
7033210000,s,1340
7034187000,s,1340
7035764000,s,1340
7037737000,s,1340
7039161000,s,1340
7040642000,s,1340
7041345000,s,1340
7041982000,s,1340
7043430000,s,1340
7043765000,s,1340
7044041000,s,1340
7044313000,s,1340
7044815000,s,1340
7045266000,s,1340
7045487000,s,1340
7045818000,s,1340
7046019000,s,1340
7046194000,s,1340
7046371000,s,1340
7046552000,s,1340
7046786000,s,1340
7047002000,s,1340
7047205000,s,1340
7047388000,s,1340
7047721000,s,1340
7047929000,s,1340
7048125000,s,1340
7048325000,s,1340
7048507000,s,1340
7048693000,s,1340
7048906000,s,1340
7049097000,s,1340
7049283000,s,1340
7049481000,s,1340
7049765000,s,1340
7049982000,s,1340
7050166000,s,1340
7050355000,s,1340
7050558000,s,1340
7050754000,s,1340
7050970000,s,1340
7051163000,s,1340
7051358000,s,1340
7051530000,s,1340
7051721000,s,1340
7051900000,s,1340
7052099000,s,1340
7052283000,s,1340
7052478000,s,1340
7052670000,s,1340
7052846000,s,1340
7053047000,s,1340
7053236000,s,1340
7053437000,s,1340
7053796000,s,1340
7053986000,s,1340
7054207000,s,1340
7054396000,s,1340
7054590000,s,1340
7054774000,s,1340
7054960000,s,1340
7055170000,s,1340
7055360000,s,1340
7055534000,s,1340
7055708000,s,1340
7055899000,s,1340
7056085000,s,1340
7056305000,s,1340
7056508000,s,1340
7056713000,s,1340
7056915000,s,1340
7057096000,s,1340
7057300000,s,1340
7057473000,s,1340
7057732000,s,1340
7057933000,s,1340
7058110000,s,1340
7058292000,s,1340
7058494000,s,1340
7058684000,s,1340
7058873000,s,1340
7059066000,s,1340
7059253000,s,1340
7059428000,s,1340
7059634000,s,1340
7059830000,s,1340
7060011000,s,1340
7060197000,s,1340
7060389000,s,1340
7060592000,s,1340
7060775000,s,1340
7060972000,s,1340
7061164000,s,1340
7061356000,s,1340
7061553000,s,1340
7061828000,s,1340
7062018000,s,1340
7062210000,s,1340
7062413000,s,1340
7062609000,s,1340
7062816000,s,1340
7063006000,s,1340
7063205000,s,1340
7063404000,s,1340
7063599000,s,1340
7063812000,s,1340
7064017000,s,1340
7064210000,s,1340
7064414000,s,1340
7064630000,s,1340
7064866000,s,1340
7065082000,s,1340
7065281000,s,1340
7065487000,s,1340
7065841000,s,1340
7066044000,s,1340
7066244000,s,1340
7066440000,s,1340
7066647000,s,1340
7066839000,s,1340
7067038000,s,1340
7067355000,s,1340
7067524000,s,1340
7067676000,s,1340
7067824000,s,1340
7067999000,s,1340
7068167000,s,1340
7068335000,s,1340
7068472000,s,1340
7068621000,s,1340
7068772000,s,1340
7068930000,s,1340
7069099000,s,1340
7069265000,s,1340
7069418000,s,1340
7069568000,s,1340
7069666000,r,1440
7069800000,s,1340
7069667000,r,1440
7069965000,s,1340
7070181000,s,1340
7070375000,s,1340
7070490000,s,1340
7070600000,s,1340
7070699000,s,1340
7070796000,s,1340
7070907000,s,1340
7071010000,s,1340
7071114000,s,1340
7071214000,s,1340
7071314000,s,1340
7071412000,s,1340
7071512000,s,1340
7071611000,s,1340
7071711000,s,1340
7071815000,s,1340
7071923000,s,1340
7072029000,s,1340
7072130000,s,1340
7072237000,s,1340
7072342000,s,1340
7072548000,s,1340
7072672000,s,1340
7072792000,s,1340
7072902000,s,1340
7073012000,s,1340
7073117000,s,1340
7073167000,r,1440
7073220000,s,1340
7073337000,s,1340
7073452000,s,1340
7073563000,s,1340
7073883000,s,1340
7074072000,s,1340
7074200000,s,1340
7074301000,s,1340
7074401000,s,1340
7074506000,s,1340
7074620000,s,1340
7074729000,s,1340
7074829000,s,1340
7074934000,s,1340
7075034000,s,1340
7084619000,s,1340
7084918000,s,1340
7085103000,s,1340
7085298000,s,1340
7085493000,s,1340
7085781000,s,1340
7085987000,s,1340
7086187000,s,1340
7086406000,s,1340
7087024000,s,1340
7087257000,s,1340
7087460000,s,1340
7087644000,s,1340
7087845000,s,1340
7088035000,s,1340
7088242000,s,1340
7088467000,s,1340
7088665000,s,1340
7088845000,s,1340
7089019000,s,1340
7089220000,s,1340
7089353000,s,1340
7089484000,s,1340
7089835000,s,1340
7089986000,s,1340
7090120000,s,1340
7090294000,s,1340
7090423000,s,1340
7090585000,s,1340
7090734000,s,1340
7090887000,s,1340
7091265000,s,1340
7091442000,s,1340
7091994000,s,1340
7092411000,s,1340
7092581000,s,1340
7092752000,s,1340
7092901000,s,1340
7093259000,s,1340
7093473000,s,1340
7093719000,s,1340
7094298000,s,1340
7094486000,s,1340
7095133000,s,1340
7095331000,s,1340
7095496000,s,1340
7095651000,s,1340
7095808000,s,1340
7095975000,s,1340
7096422000,s,1340
7096621000,s,1340
7096782000,s,1340
7096961000,s,1340
7097987000,s,1340
7098180000,s,1340
7098342000,s,1340
7098508000,s,1340
7098678000,s,1340
7098835000,s,1340
7099171000,s,1340
7099374000,s,1340
7099670000,s,1340
7099938000,s,1340
7100049000,s,1340
7100344000,s,1340
7100872000,s,1340
7101005000,s,1340
7101234000,s,1340
7101401000,s,1340
7101515000,s,1340
7101662000,s,1340
7101772000,s,1340
7101959000,s,1340
7102072000,s,1340
7102198000,s,1340
7102348000,s,1340
7102506000,s,1340
7102686000,s,1340
7102843000,s,1340
7103035000,s,1340
7103205000,s,1340
7103397000,s,1340
7113522000,s,1340
7113705000,s,1340
7114188000,s,1340
7114315000,s,1340
7114583000,s,1340
7115384000,s,1340
7115547000,s,1340
7115684000,s,1340
7115807000,s,1340
7115939000,s,1340
7116062000,s,1340
7116202000,s,1340
7116334000,s,1340
7116464000,s,1340
7116781000,s,1340
7116921000,s,1340
7117493000,s,1340
7117688000,s,1340
7117840000,s,1340
7117977000,s,1340
7118122000,s,1340
7118523000,s,1340
7118666000,s,1340
7118791000,s,1340
7119086000,s,1340
7119236000,s,1340
7119613000,s,1340
7119977000,s,1340
7120106000,s,1340
7120249000,s,1340
7120386000,s,1340
7120521000,s,1340
7120653000,s,1340
7121256000,s,1340
7121418000,s,1340
7121555000,s,1340
7122183000,s,1340
7122338000,s,1340
7122628000,s,1340
7122766000,s,1340
7123055000,s,1340
7123276000,s,1340
7123660000,s,1340
7124954000,s,1340
7125108000,s,1340
7125496000,s,1340
7125800000,s,1340
7126199000,s,1340
7126649000,s,1340
7126908000,s,1340
7127051000,s,1340
7127281000,s,1340
7127547000,s,1340
7127980000,s,1340
7128221000,s,1340
7128359000,s,1340
7128589000,s,1340
7128850000,s,1340
7128990000,s,1340
7129247000,s,1340
7129495000,s,1340
7130524000,s,1340
7130690000,s,1340
7130840000,s,1340
7131233000,s,1340
7131934000,s,1340
7132092000,s,1340
7132499000,s,1340
7133547000,s,1340
7133948000,s,1340
7134228000,s,1340
7134477000,s,1340
7134638000,s,1340
7134800000,s,1340
7134945000,s,1340
7135095000,s,1340
7135229000,s,1340
7135371000,s,1340
7135501000,s,1340
7135761000,s,1340
7136317000,s,1340
7136483000,s,1340
7136620000,s,1340
7137205000,s,1340
7137725000,s,1340
7137888000,s,1340
7138027000,s,1340
7138161000,s,1340
7138300000,s,1340
7138445000,s,1340
7138570000,s,1340
7138721000,s,1340
7138862000,s,1340
7139011000,s,1340
7139161000,s,1340
7139317000,s,1340
7139466000,s,1340
7139607000,s,1340
7139746000,s,1340
7139893000,s,1340
7140032000,s,1340
7140175000,s,1340
7140313000,s,1340
7150208000,s,1340
7150385000,s,1340
7150539000,s,1340
7150796000,s,1340
7150976000,s,1340
7151131000,s,1340
7151539000,s,1340
7151841000,s,1340
7152017000,s,1340
7152160000,s,1340
7152432000,s,1340
7152582000,s,1340
7153282000,s,1340
7153431000,s,1340
7153752000,s,1340
7153910000,s,1340
7154049000,s,1340
7154454000,s,1340
7154612000,s,1340
7154757000,s,1340
7154971000,s,1340
7155361000,s,1340
7155524000,s,1340
7155668000,s,1340
7155957000,s,1340
7156530000,s,1340
7156691000,s,1340
7156942000,s,1340
7157099000,s,1340
7157233000,s,1340
7157706000,s,1340
7157866000,s,1340
7158015000,s,1340
7158161000,s,1340
7158314000,s,1340
7158725000,s,1340
7158885000,s,1340
7159030000,s,1340
7159163000,s,1340
7159312000,s,1340
7159687000,s,1340
7160011000,s,1340
7160287000,s,1340
7160442000,s,1340
7160603000,s,1340
7160757000,s,1340
7160900000,s,1340
7161038000,s,1340
7161454000,s,1340
7161711000,s,1340
7161862000,s,1340
7162395000,s,1340
7162776000,s,1340
7162938000,s,1340
7163075000,s,1340
7163224000,s,1340
7163668000,s,1340
7163849000,s,1340
7163993000,s,1340
7164134000,s,1340
7164438000,s,1340
7164832000,s,1340
7165184000,s,1340
7165388000,s,1340
7165641000,s,1340
7165865000,s,1340
7166069000,s,1340
7166684000,s,1340
7166910000,s,1340
7167103000,s,1340
7167292000,s,1340
7167462000,s,1340
7168292000,s,1340
7168841000,s,1340
7169165000,s,1340
7169376000,s,1340
7169639000,s,1340
7169842000,s,1340
7170038000,s,1340
7170492000,s,1340
7171615000,s,1340
7171829000,s,1340
7172040000,s,1340
7172270000,s,1340
7172484000,s,1340
7172688000,s,1340
7172901000,s,1340
7173088000,s,1340
7173298000,s,1340
7173501000,s,1340
7174488000,s,1340
7175218000,s,1340
7175444000,s,1340
7185504000,s,1340
7565312000,r,1440
7568194000,s,1340
7657440000,r,1440
7657441000,r,1440
7657441000,r,1440
7657442000,r,1440
7657442000,r,1440
7660212000,s,1340
7660585000,s,1340
7660810000,s,1340
7702862000,s,1340
13100239000,s,1340
13136319000,s,1340
13136749000,s,1340
13175839000,r,1440
13188941000,s,1340
16937381000,r,1440
16937382000,r,1440
16937382000,r,1440
16937383000,r,1440
16937383000,r,1440
16937384000,r,1440
16937384000,r,1440
16942479000,s,1340
16942946000,s,1340
16943243000,s,1340
16943528000,s,1340
16943764000,s,1340
16944212000,s,1340
16953417000,s,1340
16961338000,r,1440
16961338000,r,1440
16961339000,r,1440
16963119000,s,1340
16963627000,r,1440
16965192000,r,1440
16966976000,s,1340
16969678000,r,1440
16971089000,s,1340
16974064000,s,1340
19585021000,s,1340
19624710000,s,1340
19625134000,s,1340
22090058000,r,1440
23824832000,s,1340
23864416000,s,1340
23864823000,s,1340