0,r,1440
3821000,s,1340
30750000,s,1340
378492000,r,1440
378493000,r,1440
378493000,r,1440
381848000,s,1340
1558165000,s,1340
1598122000,s,1340
1598580000,s,1340
1916072000,r,1440
1916072000,r,1440
1916073000,r,1440
1916073000,r,1440
1918993000,s,1340
1919421000,s,1340
2015565000,r,1440
2219991000,r,1440
4508531000,s,1340
4547094000,s,1340
4547500000,s,1340
4547580000,s,1340
4569684000,r,1440
4572215000,r,1440
4572619000,s,1340
4587171000,s,1340
4587274000,s,1340
4597664000,r,1440
4599226000,r,1440
4600131000,r,1440
4600189000,s,1340
4600427000,s,1340
4600605000,s,1340
4600845000,s,1340
4600905000,s,1340
4601010000,s,1340
4602145000,s,1340
4602363000,s,1340
4602435000,s,1340
4602500000,s,1340
4602883000,s,1340
4602990000,s,1340
4603131000,s,1340
4603281000,s,1340
4603359000,s,1340
4603414000,s,1340
4604364000,s,1340
4604574000,s,1340
4604708000,s,1340
4604896000,s,1340
4605125000,s,1340
4605276000,s,1340
4605606000,s,1340
4605763000,s,1340
4605969000,s,1340
4606125000,s,1340
4606384000,s,1340
4606490000,s,1340
4606568000,s,1340
4606642000,s,1340
4606835000,s,1340
4606890000,s,1340
4607472000,s,1340
4607578000,s,1340
4607782000,s,1340
4608006000,s,1340
4608152000,s,1340
4608305000,s,1340
4608377000,r,1440
4608403000,s,1340
4608453000,s,1340
4608495000,s,1340
4608804000,s,1340
4611889000,r,1440
4611890000,r,1440
4611994000,r,1440
4612682000,s,1340
4612837000,s,1340
4613058000,s,1340
4613590000,r,1440
4613889000,s,1340
4613968000,s,1340
4614417000,s,1340
4614503000,s,1340
4614556000,s,1340
4614600000,s,1340
4615364000,s,1340
4615654000,s,1340
4615724000,s,1340
4615743000,s,1340
4615754000,s,1340
4615923000,s,1340
4615978000,s,1340
4615999000,s,1340
4616092000,s,1340
4616130000,s,1340
4616241000,s,1340
4616455000,s,1340
4616512000,s,1340
4616616000,s,1340
4616678000,s,1340
4617181000,s,1340
4617432000,s,1340
4617646000,s,1340
4617864000,s,1340
4617991000,s,1340
4618329000,s,1340
4618383000,s,1340
4618578000,s,1340
4618690000,s,1340
4618822000,s,1340
4618927000,s,1340
4619009000,s,1340
4619054000,s,1340
4619620000,s,1340
4619720000,s,1340
4619810000,s,1340
4619995000,s,1340
4620111000,s,1340
4620496000,s,1340
4620599000,s,1340
4620728000,s,1340
4621041000,s,1340
4621288000,s,1340
4621619000,s,1340
4622690000,s,1340
4623572000,s,1340
4623685000,s,1340
4623899000,r,1440
4624134000,s,1340
4624186000,s,1340
4625550000,r,1440
4626399000,s,1340
4626696000,s,1340
4626756000,r,1440
4626964000,s,1340
4628449000,r,1440
4630905000,r,1440
4630905000,r,1440
4630905000,r,1440
4631463000,s,1340
4631508000,s,1340
4632797000,r,1440
4632797000,r,1440
4633328000,s,1340
4633414000,s,1340
4633469000,s,1340
4633958000,s,1340
4634061000,s,1340
4634080000,s,1340
4634238000,s,1340
4634377000,s,1340
4634541000,r,1440
4634593000,s,1340
4634675000,s,1340
4634775000,s,1340
4634897000,s,1340
4636460000,r,1440
4637055000,s,1340
4637250000,s,1340
4638845000,s,1340
4639879000,r,1440
4639880000,r,1440
4640690000,s,1340
4640829000,s,1340
4641383000,s,1340
4650577000,s,1340
4651804000,r,1440
4653914000,r,1440
4655165000,r,1440
4655682000,s,1340
4657057000,r,1440
4669070000,r,1440
4669071000,r,1440
4669071000,r,1440
4669071000,r,1440
4669071000,r,1440
4669072000,r,1440
4669072000,r,1440
4669072000,r,1440
4669239000,r,1440
4669240000,r,1440
4669849000,s,1340
4669937000,s,1340
4670003000,s,1340
4670040000,s,1340
4670421000,s,1340
4670555000,s,1340
4670659000,s,1340
4670761000,s,1340
4670858000,s,1340
4671218000,r,1440
4671218000,r,1440
4673009000,r,1440
4673276000,s,1340
4673357000,s,1340
4673394000,s,1340
4673780000,s,1340
4674095000,s,1340
4674993000,s,1340
4675113000,s,1340
4675216000,s,1340
4675322000,s,1340
4675525000,s,1340
4675613000,s,1340
4675975000,s,1340
4676029000,s,1340
4676631000,s,1340
4676779000,s,1340
4676824000,s,1340
4677129000,s,1340
4677291000,s,1340
4677430000,s,1340
4677467000,s,1340
4678121000,s,1340
4678293000,s,1340
4678485000,s,1340
4678621000,s,1340
4678973000,s,1340
4679570000,s,1340
4679662000,s,1340
4679736000,s,1340
4679806000,s,1340
4681088000,s,1340
4681283000,s,1340
4681371000,s,1340
4681451000,s,1340
4681704000,s,1340
4681778000,s,1340
4681941000,s,1340
4682265000,s,1340
4682566000,s,1340
4683183000,s,1340
4683367000,s,1340
4684123000,s,1340
4684227000,s,1340
4684288000,s,1340
4684592000,s,1340
4684750000,s,1340
4684816000,s,1340
4684873000,s,1340
4684994000,s,1340
4685080000,s,1340
4687951000,s,1340
4688046000,s,1340
4688108000,s,1340
4688491000,s,1340
4688562000,s,1340
4688855000,s,1340
4688975000,s,1340
4689096000,s,1340
4689225000,s,1340
4689460000,s,1340
4689492000,s,1340
4689505000,s,1340
4689693000,s,1340
4689773000,s,1340
4689901000,s,1340
4690484000,s,1340
4690576000,s,1340
4690819000,s,1340
4690893000,s,1340
4691047000,s,1340
4691089000,s,1340
4691198000,s,1340
4691277000,s,1340
4691488000,s,1340
4691602000,s,1340
4691672000,s,1340
4691746000,s,1340
4691819000,s,1340
4692028000,s,1340
4692262000,s,1340
4692370000,s,1340
4692961000,s,1340
4693086000,s,1340
4693217000,s,1340
4693361000,s,1340
4693399000,s,1340
4693467000,s,1340
4693563000,s,1340
4694634000,s,1340
4694786000,s,1340
4694902000,s,1340
4695172000,s,1340
4695248000,s,1340
4695307000,s,1340
4695490000,s,1340
4695723000,s,1340
4695915000,s,1340
4696063000,s,1340
4696337000,s,1340
4696793000,s,1340
4697522000,s,1340
4697595000,s,1340
4697637000,s,1340
4697901000,s,1340
4697996000,s,1340
4698050000,s,1340
4698187000,s,1340
4698328000,s,1340
4698383000,s,1340
4698552000,s,1340
4698716000,s,1340
4698824000,s,1340
4698947000,s,1340
4699255000,s,1340
4699332000,s,1340
4699471000,s,1340
4699549000,s,1340
4699705000,s,1340
4699848000,s,1340
4699905000,s,1340
4700155000,s,1340
4700183000,s,1340
4700247000,s,1340
4700554000,s,1340
4700681000,s,1340
4700751000,s,1340
4701057000,s,1340
4701132000,s,1340
4701165000,s,1340
4701781000,s,1340
4701852000,s,1340
4702488000,s,1340
4702523000,s,1340
4702576000,s,1340
4703421000,s,1340
4703579000,s,1340
4704585000,s,1340
4704642000,s,1340
4705861000,s,1340
4705930000,s,1340
4706050000,s,1340
4706202000,s,1340
4706343000,s,1340
4706418000,s,1340
4707017000,s,1340
4707213000,s,1340
4707372000,s,1340
4707606000,s,1340
4707691000,s,1340
4707772000,s,1340
4707959000,s,1340
4708003000,s,1340
4708507000,s,1340
4709883000,r,1440
4710386000,r,1440
4710854000,r,1440
4710854000,r,1440
4710938000,s,1340
4711036000,s,1340
4711317000,s,1340
4711718000,s,1340
4711811000,s,1340
4712457000,r,1440
4712457000,r,1440
4712457000,r,1440
4713010000,s,1340
4713109000,s,1340
4714390000,r,1440
4714459000,r,1440
4714459000,r,1440
4714459000,r,1440
4715020000,s,1340
4715074000,s,1340
4715091000,s,1340
4715176000,s,1340
4715356000,s,1340
4715432000,s,1340
4715489000,s,1340
4715622000,s,1340
4715704000,s,1340
4715789000,s,1340
4715882000,r,1440
4715909000,s,1340
4715883000,r,1440
4715883000,r,1440
4715883000,r,1440
4715883000,r,1440
4715883000,r,1440
4716082000,s,1340
4716217000,s,1340
4716249000,s,1340
4716262000,s,1340
4716272000,s,1340
4716292000,s,1340
4716303000,s,1340
4716520000,s,1340
4716607000,s,1340
4716689000,s,1340
4716771000,s,1340
4716946000,s,1340
4717223000,s,1340
4717304000,s,1340
4717388000,r,1440
4717388000,r,1440
4717388000,r,1440
4717388000,r,1440
4717388000,r,1440
4717388000,r,1440
4717388000,r,1440
4717389000,r,1440
4717729000,s,1340
4717754000,s,1340
4717790000,s,1340
4717889000,s,1340
4717962000,s,1340
4718157000,s,1340
4718248000,s,1340
4718312000,s,1340
4718385000,s,1340
4718458000,s,1340
4718527000,s,1340
4720779000,r,1440
4721580000,r,1440
4721580000,r,1440
4721981000,s,1340
4723120000,r,1440
4723120000,r,1440
4723120000,r,1440
4723532000,s,1340
4723630000,s,1340
4723714000,s,1340
4724153000,r,1440
4727064000,s,1340
4727307000,s,1340
4732441000,s,1340
4744582000,r,1440
4744582000,r,1440
4744582000,r,1440
4745663000,s,1340
4750136000,r,1440
4750137000,r,1440
4750137000,r,1440
4750137000,r,1440
4750137000,r,1440
4750137000,r,1440
4750137000,r,1440
4750137000,r,1440
4750880000,s,1340
4751004000,s,1340
4751105000,s,1340
4751307000,s,1340
4751771000,s,1340
4751902000,s,1340
4760733000,r,1440
4761222000,r,1440
4761553000,s,1340
4763899000,r,1440
4763900000,r,1440
4763900000,r,1440
4763900000,r,1440
4763900000,r,1440
4763900000,r,1440
4763900000,r,1440
4763900000,r,1440
4764019000,r,1440
4764019000,r,1440
4764019000,r,1440
4764019000,r,1440
4764617000,s,1340
4764796000,s,1340
4764840000,s,1340
4764856000,s,1340
4764868000,s,1340
4764976000,s,1340
4765001000,s,1340
4765150000,s,1340
4765175000,s,1340
4765824000,s,1340
4768364000,s,1340
4773796000,r,1440
4775370000,s,1340
4820929000,s,1340
4821507000,s,1340
4833677000,r,1440
4833677000,r,1440
4834593000,s,1340
4834699000,s,1340
4834755000,s,1340
4834936000,s,1340
4834980000,r,1440
4835346000,s,1340
4835446000,s,1340
4835530000,s,1340
4835612000,s,1340
4835751000,s,1340
4835831000,s,1340
4836643000,s,1340
4836717000,s,1340
4836885000,s,1340
4836947000,s,1340
4836995000,s,1340
4837892000,s,1340
4838004000,s,1340
4838108000,s,1340
4838211000,s,1340
4838315000,s,1340
4838416000,s,1340
4838636000,s,1340
4838727000,s,1340
4838890000,s,1340
4839003000,s,1340
4839127000,s,1340
4839211000,s,1340
4839259000,s,1340
4839656000,s,1340
4839838000,s,1340
4839952000,s,1340
4840008000,s,1340
4840882000,s,1340
4841044000,s,1340
4841098000,s,1340
4841237000,s,1340
4841300000,s,1340
4841745000,r,1440
4841745000,r,1440
4841745000,r,1440
4841745000,r,1440
4841745000,r,1440
4841745000,r,1440
4841746000,r,1440
4841746000,r,1440
4841907000,r,1440
4841907000,r,1440
4841907000,r,1440
4841907000,r,1440
4841907000,r,1440
4841908000,r,1440
4841908000,r,1440
4841908000,r,1440
4841959000,r,1440
4841959000,r,1440
4841959000,r,1440
4841960000,r,1440
4841960000,r,1440
4841960000,r,1440
4841960000,r,1440
4841960000,r,1440
4842007000,r,1440
4842007000,r,1440
4842007000,r,1440
4842007000,r,1440
4842007000,r,1440
4842007000,r,1440
4842008000,r,1440
4842008000,r,1440
4842054000,r,1440
4842054000,r,1440
4842054000,r,1440
4842054000,r,1440
4842054000,r,1440
4842054000,r,1440
4842054000,r,1440
4842055000,r,1440
4842372000,s,1340
4842512000,s,1340
4842621000,s,1340
4842737000,s,1340
4842841000,s,1340
4842945000,s,1340
4843038000,s,1340
4843138000,s,1340
4843248000,s,1340
4843357000,s,1340
4843466000,s,1340
4843570000,s,1340
4843669000,s,1340
4843768000,s,1340
4843903000,s,1340
4843983000,s,1340
4844057000,s,1340
4844128000,s,1340
4844196000,s,1340
4844263000,s,1340
4844331000,s,1340
4844398000,s,1340
4844459000,s,1340
4844513000,s,1340
4844563000,s,1340
4844608000,s,1340
4844721000,s,1340
4844791000,s,1340
4844855000,s,1340
4844920000,s,1340
4845051000,s,1340
4845316000,s,1340
4845495000,s,1340
4845643000,s,1340
4845922000,s,1340
4845961000,s,1340
4846962000,s,1340
4847003000,s,1340
4847023000,s,1340
4847041000,s,1340
4847058000,s,1340
4847074000,s,1340
4847089000,s,1340
4847104000,s,1340
4847118000,s,1340
4847126000,s,1340
4847134000,s,1340
4847142000,s,1340
4847150000,s,1340
4847158000,s,1340
4847165000,s,1340
4847175000,s,1340
4847204000,s,1340
4847312000,s,1340
4847342000,s,1340
4847353000,s,1340
4847702000,s,1340
4847797000,s,1340
4847915000,s,1340
4847990000,s,1340
4848058000,s,1340
4848134000,s,1340
4848206000,s,1340
4848277000,s,1340
4848440000,s,1340
4848506000,s,1340
4848872000,s,1340
4848954000,s,1340
4849022000,s,1340
4849092000,s,1340
4849159000,s,1340
4849213000,s,1340
4849268000,s,1340
4849320000,s,1340
4849373000,s,1340
4849426000,s,1340
4849706000,s,1340
4849898000,r,1440
4850192000,s,1340
4850286000,s,1340
4850369000,s,1340
4851773000,r,1440
4851773000,r,1440
4851773000,r,1440
4852424000,s,1340
4852510000,s,1340
4852640000,s,1340
4852756000,s,1340
4853565000,s,1340
4853633000,s,1340
4853647000,s,1340
4854520000,s,1340
4854553000,s,1340
4854813000,s,1340
4854917000,s,1340
4855199000,s,1340
4855360000,s,1340
4855443000,s,1340
4855514000,s,1340
4855717000,s,1340
4855834000,s,1340
4856114000,s,1340
4856142000,s,1340
4856269000,s,1340
4856385000,s,1340
4856616000,s,1340
4857132000,s,1340
4857237000,s,1340
4857310000,s,1340
4857452000,s,1340
4857553000,s,1340
4857688000,s,1340
4857848000,s,1340
4857967000,s,1340
4858172000,s,1340
4858290000,s,1340
4858406000,s,1340
4858521000,s,1340
4858682000,s,1340
4858800000,s,1340
4859095000,s,1340
4859108000,r,1440
4859109000,r,1440
4859225000,s,1340
4859346000,r,1440
4859349000,s,1340
4859346000,r,1440
4859346000,r,1440
4859346000,r,1440
4859346000,r,1440
4859346000,r,1440
4859471000,s,1340
4859582000,s,1340
4860044000,s,1340
4860119000,s,1340
4860531000,s,1340
4860620000,s,1340
4860814000,s,1340
4860894000,s,1340
4860968000,s,1340
4861033000,s,1340
4861084000,s,1340
4861133000,s,1340
4861180000,s,1340
4861229000,s,1340
4861342000,s,1340
4861435000,s,1340
4861483000,s,1340
4861531000,s,1340
4861575000,s,1340
4861622000,s,1340
4861670000,s,1340
4861873000,s,1340
4861925000,s,1340
4862214000,s,1340
4862440000,s,1340
4862536000,s,1340
4862638000,s,1340
4862739000,s,1340
4862891000,s,1340
4862954000,s,1340
4863005000,s,1340
4863233000,r,1440
4863596000,r,1440
4863596000,r,1440
4863596000,r,1440
4863596000,r,1440
4863597000,r,1440
4863597000,r,1440
4863597000,r,1440
4863597000,r,1440
4863648000,r,1440
4863649000,r,1440
4863649000,r,1440
4863649000,r,1440
4863649000,r,1440
4863649000,r,1440
4863665000,s,1340
4863649000,r,1440
4863990000,s,1340
4864070000,s,1340
4864155000,s,1340
4864329000,s,1340
4864429000,s,1340
4864508000,s,1340
4864568000,s,1340
4864700000,r,1440
4864725000,s,1340
4864700000,r,1440
4864700000,r,1440
4864700000,r,1440
4864700000,r,1440
4864700000,r,1440
4864700000,r,1440
4864700000,r,1440
4864806000,r,1440
4864806000,r,1440
4864806000,r,1440
4864806000,r,1440
4864807000,r,1440
4864807000,r,1440
4864807000,r,1440
4864807000,r,1440
4865027000,s,1340
4865127000,s,1340
4865180000,s,1340
4865223000,s,1340
4865359000,s,1340
4866342000,s,1340
4866456000,s,1340
4867252000,s,1340
4867452000,s,1340
4867548000,s,1340
4867820000,s,1340
4867953000,s,1340
4868050000,s,1340
4868124000,s,1340
4868239000,s,1340
4868372000,s,1340
4868443000,s,1340
4868508000,s,1340
4868570000,s,1340
4868638000,s,1340
4868715000,s,1340
4868796000,s,1340
4868867000,s,1340
4868939000,s,1340
4869061000,s,1340
4869208000,s,1340
4869356000,s,1340
4869453000,s,1340
4869511000,s,1340
4869565000,s,1340
4869612000,s,1340
4869728000,s,1340
4869793000,s,1340
4869846000,s,1340
4869910000,s,1340
4869985000,s,1340
4870107000,s,1340
4870183000,s,1340
4870479000,s,1340
4870557000,s,1340
4870637000,s,1340
4870771000,s,1340
4870842000,s,1340
4871603000,r,1440
4871620000,s,1340
4871603000,r,1440
4871603000,r,1440
4871774000,s,1340
4871811000,s,1340
4871943000,s,1340
4872103000,s,1340
4872214000,s,1340
4872306000,s,1340
4872508000,s,1340
4872692000,s,1340
4872772000,s,1340
4872840000,s,1340
4872992000,s,1340
4873075000,r,1440
4873075000,r,1440
4873075000,r,1440
4873075000,r,1440
4873075000,r,1440
4873190000,s,1340
4873326000,s,1340
4873369000,s,1340
4873387000,s,1340
4873397000,s,1340
4873420000,s,1340
4873464000,s,1340
4873480000,s,1340
4873516000,s,1340
4873895000,s,1340
4873978000,s,1340
4874053000,s,1340
4874205000,s,1340
4874243000,s,1340
4874416000,s,1340
4874536000,s,1340
4874574000,s,1340
4874693000,s,1340
4874733000,s,1340
4875625000,s,1340
4875685000,s,1340
4876763000,s,1340
4877009000,s,1340
4877070000,s,1340
4878633000,s,1340
4878704000,s,1340
4878717000,s,1340
4879242000,s,1340
4879343000,s,1340
4879459000,s,1340
4879477000,r,1440
4879477000,r,1440
4879478000,r,1440
4879478000,r,1440
4879478000,r,1440
4879478000,r,1440
4879478000,r,1440
4879557000,s,1340
4879478000,r,1440
4879573000,r,1440
4879573000,r,1440
4879573000,r,1440
4879573000,r,1440
4879573000,r,1440
4879573000,r,1440
4879573000,r,1440
4879687000,s,1340
4879776000,s,1340
4880311000,s,1340
4880388000,s,1340
4880439000,s,1340
4880533000,s,1340
4880606000,s,1340
4880665000,s,1340
4880715000,s,1340
4880771000,s,1340
4880825000,s,1340
4880880000,s,1340
4880939000,s,1340
4880986000,r,1440
4880999000,s,1340
4880986000,r,1440
4880986000,r,1440
4880986000,r,1440
4880986000,r,1440
4880987000,r,1440
4880987000,r,1440
4880987000,r,1440
4881076000,r,1440
4881076000,r,1440
4881076000,r,1440
4881083000,s,1340
4881076000,r,1440
4881076000,r,1440
4881076000,r,1440
4881076000,r,1440
4881139000,s,1340
4881286000,s,1340
4881813000,s,1340
4882020000,s,1340
4882136000,s,1340
4882230000,s,1340
4882304000,s,1340
4882369000,s,1340
4882440000,s,1340
4882506000,s,1340
4882616000,r,1440
4882616000,r,1440
4882616000,r,1440
4882616000,r,1440
4882616000,r,1440
4882616000,r,1440
4882616000,r,1440
4882616000,r,1440
4882681000,r,1440
4882681000,r,1440
4882681000,r,1440
4882681000,r,1440
4882681000,r,1440
4882681000,r,1440
4882681000,r,1440
4882681000,r,1440
4882708000,r,1440
4882708000,r,1440
4882708000,r,1440
4882890000,s,1340
4883012000,s,1340
4883092000,s,1340
4883235000,s,1340
4883309000,s,1340
4883372000,s,1340
4883433000,s,1340
4883475000,s,1340
4883518000,s,1340
4884281000,s,1340
4884363000,s,1340
4884418000,s,1340
4884491000,s,1340
4885263000,s,1340
4885337000,s,1340
4885407000,s,1340
4885476000,s,1340
4885549000,s,1340
4885757000,s,1340
4885836000,s,1340
4885908000,s,1340
4885975000,s,1340
4886046000,s,1340
4886101000,s,1340
4886176000,s,1340
4886247000,s,1340
4886319000,s,1340
4886394000,s,1340
4886458000,s,1340
4886533000,s,1340
4886591000,s,1340
4886664000,s,1340
4886733000,s,1340
4886801000,s,1340
4886868000,s,1340
4886933000,s,1340
4886998000,s,1340
4887066000,s,1340
4887165000,s,1340
4887240000,s,1340
4887315000,s,1340
4887384000,s,1340
4887566000,s,1340
4887687000,s,1340
4887830000,s,1340
4887888000,r,1440
4887906000,s,1340
4887888000,r,1440
4887888000,r,1440
4887888000,r,1440
4887888000,r,1440
4888173000,s,1340
4888296000,s,1340
4888376000,s,1340
4888440000,s,1340
4888496000,s,1340
4888552000,s,1340
4888631000,s,1340
4888700000,s,1340
4888781000,s,1340
4888930000,s,1340
4889006000,s,1340
4889051000,s,1340
4889327000,s,1340
4889443000,s,1340
4890018000,s,1340
4890106000,s,1340
4890318000,s,1340
4890453000,s,1340
4890527000,s,1340
4890757000,s,1340
4890832000,s,1340
4891022000,s,1340
4891098000,s,1340
4891354000,s,1340
4891434000,s,1340
4891539000,s,1340
4891700000,s,1340
4891798000,s,1340
4892073000,s,1340
4892142000,s,1340
4892212000,s,1340
4892368000,s,1340
4892505000,s,1340
4892571000,s,1340
4893097000,s,1340
4893389000,s,1340
4893427000,r,1440
4893472000,s,1340
4893428000,r,1440
4893428000,r,1440
4893428000,r,1440
4893428000,r,1440
4893576000,s,1340
4893675000,s,1340
4893764000,s,1340
4893827000,s,1340
4893887000,s,1340
4893936000,s,1340
4894784000,r,1440
4894784000,r,1440
4894785000,r,1440
4895625000,s,1340
4895804000,s,1340
4896104000,r,1440
4896104000,r,1440
4896104000,r,1440
4896104000,r,1440
4896235000,s,1340
4896328000,s,1340
4896545000,s,1340
4896583000,s,1340
4896600000,s,1340
4896609000,s,1340
4897130000,r,1440
4897130000,r,1440
4897130000,r,1440
4897131000,r,1440
4897131000,r,1440
4897131000,r,1440
4897584000,s,1340
4897936000,s,1340
4898066000,s,1340
4898447000,s,1340
4898571000,r,1440
4898571000,r,1440
4898572000,r,1440
4898572000,r,1440
4898572000,r,1440
4898572000,r,1440
4898572000,r,1440
4898572000,r,1440
4898644000,r,1440
4898644000,r,1440
4898644000,r,1440
4898644000,r,1440
4898644000,r,1440
4898644000,r,1440
4898645000,r,1440
4898645000,r,1440
4898674000,r,1440
4898674000,r,1440
4898674000,r,1440
4898674000,r,1440
4898674000,r,1440
4898857000,s,1340
4898856000,r,1440
4898856000,r,1440
4898857000,r,1440
4898857000,r,1440
4898857000,r,1440
4898857000,r,1440
4898968000,s,1340
4899011000,s,1340
4899072000,s,1340
4899091000,s,1340
4899103000,s,1340
4899188000,s,1340
4899281000,s,1340
4899372000,s,1340
4899524000,s,1340
4899591000,s,1340
4899623000,s,1340
4900124000,s,1340
4900158000,s,1340
4900180000,s,1340
4900196000,s,1340
4900204000,s,1340
4900228000,s,1340
4900249000,s,1340
4900266000,s,1340
4900445000,r,1440
4900445000,r,1440
4900445000,r,1440
4900445000,r,1440
4900445000,r,1440
4900498000,s,1340
4900446000,r,1440
4900446000,r,1440
4900565000,s,1340
4900625000,s,1340
4900681000,s,1340
4900738000,s,1340
4900801000,s,1340
4900855000,s,1340
4900907000,s,1340
4900960000,s,1340
4901019000,s,1340
4901207000,s,1340
4901275000,s,1340
4901328000,s,1340
4901439000,s,1340
4902610000,r,1440
4902635000,s,1340
4902610000,r,1440
4902668000,s,1340
4902610000,r,1440
4902746000,s,1340
4902886000,s,1340
4902936000,s,1340
4903881000,r,1440
4903881000,r,1440
4903881000,r,1440
4903881000,r,1440
4903881000,r,1440
4903881000,r,1440
4903882000,r,1440
4903882000,r,1440
4903961000,r,1440
4904155000,s,1340
4904206000,s,1340
4904252000,s,1340
4904265000,s,1340
4904273000,s,1340
4904409000,s,1340
4907976000,r,1440
4907976000,r,1440
4908304000,s,1340
4910607000,r,1440
4910607000,r,1440
4910607000,r,1440
4910607000,r,1440
4910607000,r,1440
4910607000,r,1440
4910608000,r,1440
4910608000,r,1440
4910689000,r,1440
4910690000,r,1440
4910690000,r,1440
4910690000,r,1440
4911073000,s,1340
4911105000,s,1340
4911115000,s,1340
4911122000,s,1340
4911130000,s,1340
4911136000,s,1340
4911216000,s,1340
4911283000,s,1340
4911336000,s,1340
4911453000,s,1340
4911557000,s,1340
4911680000,s,1340
4911782000,s,1340
4911960000,s,1340
4912019000,s,1340
4912084000,s,1340
4912146000,s,1340
4912383000,s,1340
4913303000,s,1340
4913374000,s,1340
4913486000,s,1340
4913973000,s,1340
4914025000,s,1340
4914048000,s,1340
4914116000,s,1340
4914156000,s,1340
4915075000,r,1440
4915075000,r,1440
4915075000,r,1440
4915075000,r,1440
4915075000,r,1440
4915075000,r,1440
4915075000,r,1440
4915075000,r,1440
4915200000,s,1340
4915211000,r,1440
4915211000,r,1440
4915211000,r,1440
4915211000,r,1440
4915211000,r,1440
4915211000,r,1440
4915211000,r,1440
4915211000,r,1440
4915252000,r,1440
4915252000,r,1440
4915252000,r,1440
4915252000,r,1440
4915252000,r,1440
4915252000,r,1440
4915252000,r,1440
4915279000,s,1340
4915440000,s,1340
4915505000,s,1340
4915608000,s,1340
4915732000,s,1340
4915902000,s,1340
4916017000,s,1340
4916143000,s,1340
4916326000,s,1340
4916420000,s,1340
4916499000,s,1340
4916589000,s,1340
4916693000,s,1340
4916770000,s,1340
4916910000,s,1340
4917008000,s,1340
4917051000,s,1340
4917069000,s,1340
4917243000,s,1340
4917322000,s,1340
4917405000,s,1340
4917491000,s,1340
4917608000,s,1340
4917686000,s,1340
4917763000,s,1340
4917886000,s,1340
4917962000,s,1340
4918031000,s,1340
4918160000,s,1340
4918241000,s,1340
4918719000,s,1340
4918795000,s,1340
4918874000,r,1440
4918874000,r,1440
4918874000,r,1440
4918874000,r,1440
4918874000,r,1440
4918875000,r,1440
4919366000,s,1340
4919464000,s,1340
4919471000,r,1440
4919471000,r,1440
4919471000,r,1440
4919471000,r,1440
4919472000,r,1440
4919472000,r,1440
4919472000,r,1440
4919472000,r,1440
4919536000,s,1340
4919538000,r,1440
4919609000,s,1340
4919662000,s,1340
4919736000,s,1340
4919815000,s,1340
4919953000,s,1340
4920029000,s,1340
4920093000,s,1340
4920153000,s,1340
4920213000,s,1340
4920275000,s,1340
4920340000,s,1340
4920400000,s,1340
4920460000,s,1340
4920615000,s,1340
4920775000,s,1340
4920991000,s,1340
4921085000,r,1440
4921089000,s,1340
4921085000,r,1440
4921085000,r,1440
4921085000,r,1440
4921086000,r,1440
4921086000,r,1440
4921190000,s,1340
4921275000,s,1340
4921399000,s,1340
4921446000,s,1340
4921458000,s,1340
4921467000,s,1340
4921476000,s,1340
4921484000,s,1340
4921682000,s,1340
4921770000,s,1340
4921844000,s,1340
4921929000,s,1340
4922666000,s,1340
4922776000,s,1340
4922902000,s,1340
4923038000,s,1340
4923763000,s,1340
4923930000,s,1340
4924017000,s,1340
4925097000,r,1440
4925097000,r,1440
4925742000,s,1340
4925789000,r,1440
4925789000,r,1440
4925789000,r,1440
4925789000,r,1440
4925790000,r,1440
4925790000,r,1440
4926076000,s,1340
4926159000,s,1340
4926179000,s,1340
4926194000,s,1340
4926205000,s,1340
4926850000,r,1440
4926850000,r,1440
4926850000,r,1440
4926850000,r,1440
4926850000,r,1440
4926850000,r,1440
4926850000,r,1440
4926851000,r,1440
4926916000,r,1440
4926917000,r,1440
4926917000,r,1440
4926917000,r,1440
4927279000,s,1340
4927368000,s,1340
4927423000,s,1340
4927474000,s,1340
4927540000,s,1340
4927586000,s,1340
4927630000,s,1340
4927673000,s,1340
4927715000,s,1340
4927852000,s,1340
4928001000,s,1340
4928091000,s,1340
4928180000,s,1340
4928274000,s,1340
4928360000,s,1340
4928461000,s,1340
4928547000,s,1340
4928638000,s,1340
4928744000,s,1340
4928834000,s,1340
4928905000,s,1340
4930029000,s,1340
4930091000,s,1340
4931335000,s,1340
4931384000,s,1340
4931740000,s,1340
4931817000,s,1340
4933054000,s,1340
4933117000,s,1340
4934400000,s,1340
4934510000,s,1340
4935305000,s,1340
4935358000,s,1340
4935400000,s,1340
4935661000,s,1340
4935838000,s,1340
4936250000,s,1340
4936388000,s,1340
4936467000,s,1340
4936543000,s,1340
4936796000,s,1340
4936862000,s,1340
4936919000,s,1340
4937260000,s,1340
4937466000,s,1340
4937596000,s,1340
4937663000,s,1340
4937962000,s,1340
4938223000,s,1340
4938300000,s,1340
4938371000,s,1340
4938545000,s,1340
4939018000,s,1340
4939773000,r,1440
4939806000,s,1340
4939773000,r,1440
4939773000,r,1440
4939773000,r,1440
4939773000,r,1440
4939773000,r,1440
4939773000,r,1440
4939773000,r,1440
4939908000,r,1440
4939908000,r,1440
4939908000,r,1440
4939908000,r,1440
4939908000,r,1440
4939908000,r,1440
4939908000,r,1440
4939908000,r,1440
4939944000,r,1440
4939944000,r,1440
4939944000,r,1440
4939944000,r,1440
4939944000,r,1440
4939945000,r,1440
4939945000,r,1440
4939945000,r,1440
4939980000,r,1440
4939980000,r,1440
4939980000,r,1440
4939981000,r,1440
4939981000,r,1440
4939981000,r,1440
4939981000,r,1440
4939981000,r,1440
4940008000,s,1340
4940016000,r,1440
4940016000,r,1440
4940016000,r,1440
4940016000,r,1440
4940016000,r,1440
4940016000,r,1440
4940016000,r,1440
4940016000,r,1440
4940070000,r,1440
4940070000,r,1440
4940070000,r,1440
4940070000,r,1440
4940070000,r,1440
4940070000,r,1440
4940070000,r,1440
4940070000,r,1440
4940100000,r,1440
4940100000,r,1440
4940101000,r,1440
4940101000,r,1440
4940169000,s,1340
4940261000,s,1340
4940383000,s,1340
4940473000,s,1340
4940557000,s,1340
4940641000,s,1340
4940721000,s,1340
4940914000,s,1340
4941012000,s,1340
4941086000,s,1340
4941163000,s,1340
4941239000,s,1340
4941319000,s,1340
4941651000,s,1340
4941743000,s,1340
4941794000,s,1340
4941844000,s,1340
4941889000,s,1340
4941937000,s,1340
4942041000,s,1340
4942103000,s,1340
4942160000,s,1340
4942239000,s,1340
4942363000,s,1340
4942424000,s,1340
4942477000,s,1340
4942530000,s,1340
4942603000,s,1340
4942654000,s,1340
4942698000,s,1340
4942748000,s,1340
4942805000,s,1340
4942852000,s,1340
4942918000,s,1340
4943005000,s,1340
4943086000,s,1340
4951153000,s,1340
4968435000,s,1340
5290461000,r,1440
10004046000,r,1440
10004047000,r,1440
10004048000,r,1440
10004048000,r,1440
10008696000,s,1340
10009228000,s,1340
10009951000,s,1340
10019086000,r,1440
10019086000,r,1440
14145862000,r,1440
14145863000,r,1440
14145863000,r,1440
14145864000,r,1440
14145864000,r,1440
14145865000,r,1440
14145865000,r,1440
14145866000,r,1440
14146606000,r,1440
14146606000,r,1440
14146607000,r,1440
14146607000,r,1440
14149909000,s,1340
14150489000,s,1340
14150930000,s,1340
14151079000,s,1340
14151372000,s,1340
14151625000,s,1340
14152251000,s,1340
14152459000,s,1340
14152610000,s,1340
14152733000,s,1340
14152840000,s,1340
14152985000,s,1340
14153275000,s,1340
14153592000,s,1340
14153742000,s,1340
14153881000,s,1340
14154011000,s,1340
14154127000,s,1340
14154610000,s,1340
14154771000,s,1340
14154975000,s,1340
14155166000,s,1340
14155350000,s,1340
14155533000,s,1340
14156191000,s,1340
14156389000,s,1340
14156591000,s,1340
14156745000,s,1340
14156878000,s,1340
14157377000,s,1340
14157824000,s,1340
14158021000,s,1340
14158516000,s,1340
14158737000,s,1340
14158921000,s,1340
14159103000,s,1340
14159294000,s,1340
14159567000,s,1340
14159824000,s,1340
14159964000,r,1440
14160207000,s,1340
14160489000,s,1340
14161064000,s,1340
14161407000,s,1340
14161626000,s,1340
14161893000,s,1340
14162100000,s,1340
14162424000,s,1340
14162632000,s,1340
14162828000,s,1340
14163108000,s,1340
14163369000,s,1340
14163561000,s,1340
14163759000,s,1340
14164049000,s,1340
14164253000,s,1340
14164444000,s,1340
14164649000,s,1340
14164860000,s,1340
14165113000,s,1340
14165390000,s,1340
14165680000,s,1340
14165964000,s,1340
14166222000,s,1340
14166466000,s,1340
14166698000,s,1340
14166925000,s,1340
14167373000,s,1340
14167629000,s,1340
14167615000,r,1440
14167616000,r,1440
14167616000,r,1440
14167617000,r,1440
14167617000,r,1440
14167618000,r,1440
14167996000,s,1340
14167618000,r,1440
14167619000,r,1440
14168083000,r,1440
14168083000,r,1440
14168084000,r,1440
14168084000,r,1440
14168085000,r,1440
14168085000,r,1440
14168086000,r,1440
14168086000,r,1440
14168231000,r,1440
14168232000,r,1440
14168271000,s,1340
14168514000,s,1340
14168755000,s,1340
14168992000,s,1340
14169262000,s,1340
14169518000,s,1340
14169754000,s,1340
14169988000,s,1340
14170252000,s,1340
14170495000,s,1340
14170728000,s,1340
14170954000,s,1340
14171183000,s,1340
14171439000,s,1340
14171672000,s,1340
14173265000,s,1340
14173565000,s,1340
14173747000,s,1340
14175180000,s,1340
14175486000,s,1340
14175742000,s,1340
14176262000,s,1340
14176502000,s,1340
14176745000,s,1340
14176968000,s,1340
14177146000,s,1340
14177327000,s,1340
14177520000,s,1340
14177730000,s,1340
14177913000,s,1340
14178112000,s,1340
14178377000,s,1340
14178648000,s,1340
14178944000,s,1340
14179222000,s,1340
14179498000,s,1340
14179758000,s,1340
14179954000,r,1440
14180160000,s,1340
14180210000,r,1440
14180210000,r,1440
14180429000,s,1340
14180701000,s,1340
14180981000,s,1340
14181243000,s,1340
14181528000,s,1340
14181827000,s,1340
14182133000,s,1340
14182395000,s,1340
14182673000,s,1340
14182937000,s,1340
14183220000,s,1340
14183487000,s,1340
14183736000,s,1340
14184114000,s,1340
14184395000,s,1340
14184664000,s,1340
14184900000,s,1340
14185161000,s,1340
14185443000,s,1340
14185703000,s,1340
14185940000,s,1340
14186169000,s,1340
14186417000,s,1340
14186641000,s,1340
14186865000,s,1340
14187097000,s,1340
14187329000,s,1340
14187512000,s,1340
14187692000,s,1340
14187944000,s,1340
14188133000,s,1340
14188320000,s,1340
14188524000,s,1340
14188756000,s,1340
14188995000,s,1340
14189234000,s,1340
14189495000,s,1340
14189720000,s,1340
14189944000,s,1340
14190165000,s,1340
14190399000,s,1340
14190646000,s,1340
14190868000,s,1340
14191091000,s,1340
14191314000,s,1340
14191559000,s,1340
14191817000,s,1340
14192170000,s,1340
14192426000,s,1340
14192685000,s,1340
14192934000,s,1340
14193192000,s,1340
14193440000,s,1340
14193703000,s,1340
14193992000,s,1340
14194011000,r,1440
14194011000,r,1440
14194268000,s,1340
14194519000,s,1340
14195023000,s,1340
14195304000,s,1340
14195503000,r,1440
14195504000,r,1440
14195570000,s,1340
14195822000,s,1340
14196205000,s,1340
14196457000,s,1340
14196727000,s,1340
14197000000,s,1340
14197109000,r,1440
14197109000,r,1440
14197289000,s,1340
14197110000,r,1440
14197110000,r,1440
14197111000,r,1440
14197111000,r,1440
14197112000,r,1440
14197112000,r,1440
14197422000,r,1440
14197422000,r,1440
14197423000,r,1440
14197562000,s,1340
14197859000,s,1340
14198152000,s,1340
14198306000,r,1440
14198306000,r,1440
14198436000,s,1340
14198643000,r,1440
14198643000,r,1440
14198721000,s,1340
14199006000,s,1340
14199093000,r,1440
14199094000,r,1440
14199094000,r,1440
14199095000,r,1440
14199095000,r,1440
14199096000,r,1440
14199096000,r,1440
14199097000,r,1440
14199298000,s,1340
14199601000,s,1340
14200140000,s,1340
14200463000,s,1340
14200793000,s,1340
14201100000,s,1340
14201132000,r,1440
14201133000,r,1440
14201133000,r,1440
14201134000,r,1440
14201418000,s,1340
14201725000,s,1340
14202006000,s,1340
14202293000,s,1340
14202614000,s,1340
14202911000,s,1340
14203215000,s,1340
14203506000,s,1340
14203636000,r,1440
14203637000,r,1440
14203637000,r,1440
14203638000,r,1440
14203638000,r,1440
14203790000,s,1340
14203639000,r,1440
14204166000,s,1340
14204393000,s,1340
14204619000,s,1340
14204809000,s,1340
14205015000,s,1340
14205208000,s,1340
14205408000,s,1340
14205644000,s,1340
14205851000,s,1340
14206079000,s,1340
14206113000,r,1440
14206277000,s,1340
14206466000,s,1340
14206694000,s,1340
14206919000,s,1340
14207127000,s,1340
14207319000,s,1340
14207519000,s,1340
14207731000,s,1340
14207985000,s,1340
14208178000,s,1340
14208295000,r,1440
14208335000,s,1340
14208556000,s,1340
14208769000,s,1340
14208957000,s,1340
14209157000,s,1340
14209359000,s,1340
14209571000,s,1340
14209766000,s,1340
14209972000,s,1340
14210159000,s,1340
14210349000,s,1340
14210530000,s,1340
14210703000,s,1340
14210903000,s,1340
14211090000,s,1340
14211271000,s,1340
14211450000,s,1340
14211623000,s,1340
14211794000,s,1340
14212042000,s,1340
14212240000,s,1340
14213567000,r,1440
14215575000,r,1440
14218479000,s,1340
14612175000,r,1440
14615317000,s,1340
16986828000,s,1340
17026617000,s,1340
17027056000,s,1340
19220009000,r,1440
22804052000,r,1440
22807835000,s,1340
24084329000,r,1440
24084330000,r,1440
24084330000,r,1440
24084331000,r,1440
24084331000,r,1440
24084332000,r,1440
24084332000,r,1440
24088934000,s,1340
24089656000,s,1340
24089898000,s,1340
24093153000,s,1340
24093847000,s,1340
24094164000,s,1340
24098362000,s,1340
24108413000,r,1440
24344023000,r,1440
24344024000,r,1440
24344024000,r,1440
24346914000,s,1340
24444512000,r,1440
24446035000,s,1340
24852061000,r,1440
26080212000,r,1440
26084363000,s,1340
26388001000,r,1440