0,s,1340
12943000,r,1440
12944000,r,1440
16200000,r,1440
16200000,r,1440
16862000,r,1440
17503000,s,1340
18713000,s,1340
18899000,r,1440
19064000,r,1440
20485000,s,1340
21096000,r,1440
21096000,r,1440
3567101000,r,1440
3567102000,r,1440
3567102000,r,1440
3567103000,r,1440
3570684000,s,1340
3571079000,s,1340
4147839000,s,1340
4184680000,s,1340
4185094000,s,1340
4185184000,s,1340
4187118000,s,1340
4187265000,s,1340
4187332000,s,1340
4207315000,r,1440
4208772000,s,1340
4209380000,r,1440
4209380000,r,1440
4209381000,r,1440
4210801000,s,1340
4214152000,s,1340
4214299000,s,1340
4218576000,s,1340
4218864000,s,1340
4221364000,s,1340
4221444000,s,1340
4224610000,s,1340
4225812000,r,1440
4225813000,r,1440
4227265000,s,1340
4230392000,s,1340
4230575000,r,1440
4232091000,s,1340
4234466000,s,1340
4234541000,r,1440
4237582000,r,1440
4245457000,s,1340
4245725000,s,1340
4245936000,s,1340
4246090000,s,1340
4246269000,r,1440
4246269000,r,1440
4246374000,s,1340
4246595000,s,1340
4246833000,s,1340
4247072000,s,1340
4247420000,s,1340
4247643000,s,1340
4247819000,s,1340
4248321000,s,1340
4248625000,s,1340
4248895000,s,1340
4249146000,s,1340
4249392000,s,1340
4249611000,s,1340
4249820000,s,1340
4250034000,s,1340
4250250000,s,1340
4250491000,s,1340
4250701000,s,1340
4250915000,s,1340
4251116000,s,1340
4251417000,s,1340
4251646000,s,1340
4251862000,s,1340
4252081000,s,1340
4252291000,s,1340
4252499000,s,1340
4252721000,s,1340
4252928000,s,1340
4252993000,r,1440
4253143000,s,1340
4253364000,s,1340
4253528000,s,1340
4253745000,s,1340
4253955000,s,1340
4254163000,s,1340
4254625000,r,1440
4254668000,s,1340
4255083000,s,1340
4256016000,r,1440
4256016000,r,1440
4256828000,s,1340
4257785000,s,1340
4263243000,r,1440
4275851000,s,1340
4276022000,s,1340
4276105000,s,1340
4276508000,s,1340
4276759000,s,1340
4276950000,s,1340
4277099000,s,1340
4277289000,s,1340
4277892000,s,1340
4278151000,s,1340
4278353000,s,1340
4278542000,s,1340
4278737000,s,1340
4278926000,s,1340
4279286000,s,1340
4279505000,s,1340
4279708000,s,1340
4279859000,s,1340
4280058000,s,1340
4280210000,s,1340
4280420000,s,1340
4280852000,s,1340
4281061000,s,1340
4281416000,s,1340
4281638000,s,1340
4281925000,s,1340
4282166000,s,1340
4282370000,s,1340
4282720000,s,1340
4282948000,s,1340
4283147000,s,1340
4283459000,s,1340
4283656000,s,1340
4284198000,s,1340
4284413000,s,1340
4284608000,s,1340
4285090000,s,1340
4285257000,s,1340
4285701000,s,1340
4285921000,s,1340
4286079000,s,1340
4286219000,s,1340
4286356000,s,1340
4286609000,s,1340
4286761000,s,1340
4288038000,s,1340
4288478000,s,1340
4288932000,s,1340
4289096000,s,1340
4289374000,s,1340
4289965000,s,1340
4290558000,s,1340
4299935000,s,1340
4322965000,r,1440
4322966000,r,1440
4322966000,r,1440
4322966000,r,1440
4322967000,r,1440
4322967000,r,1440
4322968000,r,1440
4322968000,r,1440
4323511000,r,1440
4323511000,r,1440
4323512000,r,1440
4323512000,r,1440
4324957000,s,1340
4325252000,s,1340
4325514000,s,1340
4325751000,s,1340
4326004000,s,1340
4326233000,s,1340
4326451000,s,1340
4326621000,s,1340
4326861000,s,1340
4327070000,s,1340
4327407000,s,1340
4327629000,s,1340
4327855000,s,1340
4328066000,s,1340
4328272000,s,1340
4328686000,s,1340
4328920000,s,1340
4329145000,s,1340
4329399000,s,1340
4329639000,s,1340
4329843000,s,1340
4330034000,s,1340
4330246000,s,1340
4330543000,s,1340
4330762000,s,1340
4330970000,s,1340
4331544000,s,1340
4331671000,s,1340
4331981000,s,1340
4332040000,s,1340
4332080000,s,1340
4332103000,s,1340
4332343000,s,1340
4332369000,s,1340
4332472000,s,1340
4332565000,s,1340
4332980000,s,1340
4333362000,s,1340
4333537000,s,1340
4333685000,s,1340
4333826000,s,1340
4334332000,s,1340
4334537000,s,1340
4334698000,s,1340
4334846000,s,1340
4334985000,s,1340
4335121000,s,1340
4335392000,s,1340
4335548000,s,1340
4335692000,s,1340
4335830000,s,1340
4336421000,s,1340
4336612000,s,1340
4336751000,s,1340
4336887000,s,1340
4337015000,s,1340
4337226000,s,1340
4337359000,s,1340
4337748000,s,1340
4339005000,s,1340
4339489000,s,1340
4339737000,s,1340
4339818000,s,1340
4341526000,s,1340
4341723000,s,1340
4341826000,s,1340
4341902000,s,1340
4342103000,s,1340
4342698000,s,1340
4343081000,s,1340
4343467000,s,1340
4343627000,s,1340
4345407000,s,1340
4345575000,s,1340
4345714000,s,1340
4345845000,s,1340
4345993000,s,1340
4346269000,s,1340
4346444000,s,1340
4346908000,s,1340
4347069000,s,1340
4347319000,s,1340
4347468000,s,1340
4347611000,s,1340
4347736000,s,1340
4347846000,s,1340
4347957000,s,1340
4348335000,s,1340
4348561000,s,1340
4348777000,s,1340
4348964000,s,1340
4349217000,s,1340
4349553000,s,1340
4349762000,s,1340
4350201000,s,1340
4350416000,s,1340
4350714000,s,1340
4350898000,s,1340
4351162000,s,1340
4351458000,s,1340
4362121000,s,1340
4362479000,s,1340
4362885000,s,1340
4373622000,r,1440
4373623000,r,1440
4373623000,r,1440
4373623000,r,1440
4374860000,s,1340
4375446000,s,1340
4375785000,r,1440
4376614000,r,1440
4376614000,r,1440
4377523000,s,1340
4377593000,s,1340
4377772000,r,1440
4377772000,r,1440
4377773000,r,1440
4377773000,r,1440
4377773000,r,1440
4377773000,r,1440
4377773000,r,1440
4377773000,r,1440
4377906000,r,1440
4377906000,r,1440
4377906000,r,1440
4377907000,r,1440
4378202000,s,1340
4378630000,s,1340
4378842000,s,1340
4378881000,s,1340
4378905000,s,1340
4378923000,s,1340
4378935000,s,1340
4378953000,s,1340
4379088000,s,1340
4379205000,r,1440
4379205000,r,1440
4379205000,r,1440
4379205000,r,1440
4379205000,r,1440
4379206000,r,1440
4379396000,s,1340
4379480000,s,1340
4379531000,s,1340
4379579000,s,1340
4379780000,s,1340
4379849000,s,1340
4379977000,s,1340
4380062000,s,1340
4380142000,s,1340
4380217000,s,1340
4380273000,s,1340
4380326000,s,1340
4380472000,s,1340
4380577000,s,1340
4380705000,s,1340
4380875000,s,1340
4381051000,s,1340
4381259000,s,1340
4381377000,s,1340
4381514000,s,1340
4381663000,s,1340
4381768000,s,1340
4382020000,s,1340
4382090000,s,1340
4382202000,s,1340
4382304000,s,1340
4382387000,s,1340
4382440000,s,1340
4383115000,r,1440
4383147000,s,1340
4383419000,s,1340
4383548000,s,1340
4383605000,s,1340
4383692000,s,1340
4383750000,s,1340
4384367000,s,1340
4384445000,r,1440
4384445000,r,1440
4384569000,r,1440
4385038000,s,1340
4386334000,r,1440
4386731000,s,1340
4387384000,r,1440
4387422000,s,1340
4387927000,s,1340
4387979000,s,1340
4389038000,r,1440
4389038000,r,1440
4393730000,r,1440
4393730000,r,1440
4393730000,r,1440
4394410000,s,1340
4394572000,s,1340
4394674000,s,1340
4423991000,s,1340
4426742000,r,1440
4426743000,r,1440
4426743000,r,1440
4426743000,r,1440
4426743000,r,1440
4426743000,r,1440
4427508000,s,1340
4427552000,s,1340
4427696000,s,1340
4429755000,s,1340
4430705000,s,1340
4431564000,s,1340
4434423000,r,1440
4438110000,s,1340
4440164000,r,1440
4440164000,r,1440
4440164000,r,1440
4441040000,s,1340
4442296000,r,1440
4442706000,s,1340
4442869000,s,1340
4443159000,s,1340
4443325000,s,1340
4443492000,s,1340
4443611000,s,1340
4443662000,s,1340
4443711000,s,1340
4443761000,s,1340
4443834000,s,1340
4443852000,s,1340
4444015000,s,1340
4444090000,s,1340
4444153000,s,1340
4444754000,r,1440
4444754000,r,1440
4444754000,r,1440
4444755000,r,1440
4444755000,r,1440
4445093000,s,1340
4445254000,s,1340
4445305000,s,1340
4445339000,r,1440
4445339000,r,1440
4445339000,r,1440
4445339000,r,1440
4445520000,s,1340
4445705000,s,1340
4445817000,s,1340
4445958000,s,1340
4446098000,s,1340
4446236000,s,1340
4446361000,s,1340
4446422000,r,1440
4446488000,s,1340
4446622000,s,1340
4446769000,s,1340
4446907000,s,1340
4447036000,s,1340
4447162000,s,1340
4447352000,s,1340
4447482000,s,1340
4449577000,r,1440
4451409000,r,1440
4451668000,s,1340
4456421000,r,1440
4457030000,s,1340
4463208000,r,1440
4463208000,r,1440
4463208000,r,1440
4463208000,r,1440
4463209000,r,1440
4463209000,r,1440
4463209000,r,1440
4463209000,r,1440
4463314000,r,1440
4463314000,r,1440
4463314000,r,1440
4463314000,r,1440
4463314000,r,1440
4463314000,r,1440
4463314000,r,1440
4463314000,r,1440
4463351000,r,1440
4463351000,r,1440
4463351000,r,1440
4463352000,r,1440
4463352000,r,1440
4463352000,r,1440
4463352000,r,1440
4463352000,r,1440
4463400000,r,1440
4463401000,r,1440
4463401000,r,1440
4463401000,r,1440
4463401000,r,1440
4463401000,r,1440
4463401000,r,1440
4463401000,r,1440
4463438000,r,1440
4463438000,r,1440
4463438000,r,1440
4463438000,r,1440
4463438000,r,1440
4463439000,r,1440
4463439000,r,1440
4463439000,r,1440
4463472000,r,1440
4463472000,r,1440
4463472000,r,1440
4463472000,r,1440
4463472000,r,1440
4463472000,r,1440
4463472000,r,1440
4463472000,r,1440
4463510000,r,1440
4463511000,r,1440
4463511000,r,1440
4463511000,r,1440
4463511000,r,1440
4463511000,r,1440
4463511000,r,1440
4463683000,s,1340
4464047000,s,1340
4464202000,s,1340
4464263000,s,1340
4464288000,s,1340
4464307000,s,1340
4464327000,s,1340
4464346000,s,1340
4464364000,s,1340
4464382000,s,1340
4464399000,s,1340
4464417000,s,1340
4464435000,s,1340
4464451000,s,1340
4464468000,s,1340
4464484000,s,1340
4464524000,s,1340
4464586000,s,1340
4464644000,s,1340
4464683000,s,1340
4464705000,s,1340
4464724000,s,1340
4464745000,s,1340
4464768000,s,1340
4464786000,s,1340
4464803000,s,1340
4464825000,s,1340
4464844000,s,1340
4464876000,s,1340
4464896000,s,1340
4464917000,s,1340
4464937000,s,1340
4464957000,s,1340
4464978000,s,1340
4465002000,s,1340
4465022000,s,1340
4465041000,s,1340
4465086000,s,1340
4465104000,s,1340
4465124000,s,1340
4465143000,s,1340
4465162000,s,1340
4465344000,s,1340
4465376000,s,1340
4465396000,s,1340
4465420000,s,1340
4465444000,s,1340
4465467000,s,1340
4465493000,s,1340
4465517000,s,1340
4465539000,s,1340
4465561000,s,1340
4465584000,s,1340
4465837000,s,1340
4465910000,s,1340
4466173000,s,1340
4466372000,s,1340
4466552000,s,1340
4466741000,s,1340
4466889000,s,1340
4467005000,s,1340
4467263000,s,1340
4467342000,s,1340
4467432000,s,1340
4467505000,s,1340
4467586000,s,1340
4467647000,s,1340
4467703000,s,1340
4467781000,s,1340
4468050000,s,1340
4468149000,s,1340
4468242000,s,1340
4468305000,s,1340
4468402000,s,1340
4468648000,s,1340
4468697000,s,1340
4468843000,s,1340
4468978000,s,1340
4469127000,s,1340
4469321000,s,1340
4469478000,s,1340
4469543000,s,1340
4470202000,s,1340
4470351000,s,1340
4470417000,s,1340
4470751000,s,1340
4470915000,s,1340
4471004000,s,1340
4471094000,s,1340
4471160000,s,1340
4471428000,s,1340
4471634000,s,1340
4471758000,s,1340
4471915000,s,1340
4472097000,s,1340
4472158000,s,1340
4472323000,s,1340
4472444000,s,1340
4472516000,s,1340
4473400000,s,1340
4473566000,s,1340
4473780000,s,1340
4473890000,s,1340
4474069000,s,1340
4474150000,s,1340
4474344000,s,1340
4474360000,s,1340
4474870000,s,1340
4474935000,s,1340
4475426000,r,1440
4475780000,r,1440
4475780000,r,1440
4475780000,r,1440
4475780000,r,1440
4475845000,s,1340
4475972000,s,1340
4475987000,r,1440
4475987000,r,1440
4476050000,s,1340
4476128000,s,1340
4476199000,s,1340
4476296000,s,1340
4476404000,s,1340
4476502000,s,1340
4476608000,s,1340
4476712000,s,1340
4476814000,s,1340
4476922000,s,1340
4477031000,s,1340
4477131000,s,1340
4477237000,s,1340
4477464000,r,1440
4477464000,r,1440
4477464000,r,1440
4477464000,r,1440
4477465000,r,1440
4477465000,r,1440
4477465000,r,1440
4477465000,r,1440
4477547000,r,1440
4477553000,s,1340
4477547000,r,1440
4477548000,r,1440
4477548000,r,1440
4477680000,s,1340
4477757000,s,1340
4477924000,s,1340
4477997000,s,1340
4478026000,s,1340
4478047000,s,1340
4478068000,s,1340
4478206000,s,1340
4478312000,s,1340
4478387000,s,1340
4478457000,s,1340
4478526000,s,1340
4478593000,s,1340
4478668000,s,1340
4478746000,s,1340
4478932000,s,1340
4479056000,s,1340
4479206000,s,1340
4479355000,s,1340
4479462000,s,1340
4479554000,s,1340
4479641000,s,1340
4479724000,r,1440
4479734000,s,1340
4479724000,r,1440
4479724000,r,1440
4479724000,r,1440
4479724000,r,1440
4479725000,r,1440
4480008000,s,1340
4480097000,s,1340
4480220000,s,1340
4480315000,s,1340
4480420000,s,1340
4480503000,s,1340
4480592000,s,1340
4480673000,s,1340
4480761000,s,1340
4480844000,s,1340
4480917000,s,1340
4480989000,s,1340
4481085000,s,1340
4481177000,s,1340
4481382000,s,1340
4481455000,r,1440
4481455000,r,1440
4481456000,r,1440
4481456000,r,1440
4481456000,r,1440
4481456000,r,1440
4481456000,r,1440
4481456000,r,1440
4481572000,r,1440
4481573000,r,1440
4481573000,r,1440
4481573000,r,1440
4481593000,s,1340
4481573000,r,1440
4481573000,r,1440
4481573000,r,1440
4481574000,r,1440
4481636000,r,1440
4481637000,r,1440
4481637000,r,1440
4481637000,r,1440
4481637000,r,1440
4481885000,s,1340
4481942000,s,1340
4482086000,s,1340
4482262000,s,1340
4482401000,s,1340
4482526000,s,1340
4482628000,s,1340
4482723000,s,1340
4482817000,s,1340
4482918000,s,1340
4483016000,s,1340
4483111000,s,1340
4483251000,s,1340
4483356000,s,1340
4483443000,s,1340
4483542000,s,1340
4483668000,s,1340
4483749000,s,1340
4483859000,s,1340
4483942000,s,1340
4484043000,s,1340
4484135000,s,1340
4484236000,s,1340
4484331000,s,1340
4484429000,s,1340
4484496000,s,1340
4484568000,s,1340
4484674000,s,1340
4484744000,s,1340
4484830000,s,1340
4484919000,s,1340
4485008000,s,1340
4485091000,s,1340
4485172000,s,1340
4485256000,s,1340
4485338000,s,1340
4485417000,s,1340
4485490000,s,1340
4485598000,s,1340
4485676000,s,1340
4485757000,s,1340
4485831000,s,1340
4485914000,s,1340
4485999000,s,1340
4486241000,s,1340
4486443000,s,1340
4486553000,s,1340
4486659000,s,1340
4486757000,s,1340
4487114000,s,1340
4487299000,s,1340
4487408000,s,1340
4487648000,s,1340
4487862000,s,1340
4487970000,s,1340
4488308000,s,1340
4488423000,s,1340
4488661000,s,1340
4488777000,s,1340
4489113000,s,1340
4489215000,s,1340
4489420000,s,1340
4489516000,s,1340
4489984000,s,1340
4490088000,s,1340
4490140000,s,1340
4490186000,s,1340
4490793000,s,1340
4490994000,s,1340
4491121000,s,1340
4491243000,r,1440
4491291000,s,1340
4491244000,r,1440
4491244000,r,1440
4491244000,r,1440
4491430000,r,1440
4491431000,r,1440
4491431000,r,1440
4491431000,r,1440
4491583000,s,1340
4491656000,s,1340
4491709000,s,1340
4491891000,s,1340
4491943000,s,1340
4491963000,s,1340
4492139000,s,1340
4492259000,r,1440
4492260000,r,1440
4492260000,r,1440
4492260000,r,1440
4492260000,r,1440
4492307000,s,1340
4492260000,r,1440
4492442000,s,1340
4492747000,r,1440
4492747000,r,1440
4492747000,r,1440
4492747000,r,1440
4493053000,s,1340
4493098000,r,1440
4493098000,r,1440
4493170000,s,1340
4493173000,r,1440
4493173000,r,1440
4493276000,s,1340
4493624000,s,1340
4493746000,s,1340
4493831000,s,1340
4493918000,s,1340
4494006000,s,1340
4494086000,s,1340
4494803000,s,1340
4494917000,s,1340
4495010000,s,1340
4495099000,s,1340
4495193000,r,1440
4495248000,s,1340
4495193000,r,1440
4495193000,r,1440
4495193000,r,1440
4495194000,r,1440
4495332000,s,1340
4495415000,s,1340
4495768000,s,1340
4495878000,s,1340
4495949000,s,1340
4496016000,s,1340
4497028000,r,1440
4497028000,r,1440
4497028000,r,1440
4497028000,r,1440
4497028000,r,1440
4497029000,r,1440
4497029000,r,1440
4497029000,r,1440
4497128000,r,1440
4497128000,r,1440
4497128000,r,1440
4497129000,r,1440
4497158000,r,1440
4497158000,r,1440
4497636000,s,1340
4497756000,s,1340
4497859000,s,1340
4497922000,s,1340
4497980000,s,1340
4498039000,s,1340
4498094000,s,1340
4498152000,s,1340
4498209000,s,1340
4498266000,s,1340
4498325000,s,1340
4498382000,s,1340
4498444000,s,1340
4498505000,s,1340
4498559000,s,1340
4498617000,s,1340
4499152000,r,1440
4499152000,r,1440
4499152000,r,1440
4499153000,r,1440
4499538000,s,1340
4499603000,s,1340
4499651000,s,1340
4499669000,s,1340
4499677000,s,1340
4501350000,r,1440
4501350000,r,1440
4501351000,r,1440
4501351000,r,1440
4501351000,r,1440
4501351000,r,1440
4501351000,r,1440
4501351000,r,1440
4501414000,r,1440
4501414000,r,1440
4501414000,r,1440
4501414000,r,1440
4501871000,s,1340
4502050000,s,1340
4502325000,s,1340
4502420000,s,1340
4502496000,s,1340
4502591000,r,1440
4502591000,r,1440
4502629000,s,1340
4502708000,s,1340
4502775000,s,1340
4502950000,s,1340
4503021000,s,1340
4503090000,s,1340
4503158000,s,1340
4503285000,s,1340
4503352000,s,1340
4503420000,s,1340
4503539000,s,1340
4503916000,s,1340
4504002000,s,1340
4504077000,s,1340
4504150000,s,1340
4504223000,s,1340
4504293000,s,1340
4504366000,s,1340
4504438000,s,1340
4504510000,s,1340
4504668000,s,1340
4504730000,r,1440
4504730000,r,1440
4504730000,r,1440
4504730000,r,1440
4504730000,r,1440
4504730000,r,1440
4504730000,r,1440
4504731000,r,1440
4504805000,r,1440
4504805000,r,1440
4504854000,s,1340
4504979000,s,1340
4505203000,s,1340
4505349000,s,1340
4505440000,s,1340
4505522000,s,1340
4505598000,s,1340
4505680000,s,1340
4505752000,s,1340
4505817000,s,1340
4505880000,s,1340
4505938000,s,1340
4505996000,s,1340
4506127000,s,1340
4506200000,s,1340
4506266000,s,1340
4506438000,r,1440
4506518000,s,1340
4506604000,s,1340
4506732000,s,1340
4506808000,s,1340
4506960000,r,1440
4506960000,r,1440
4507052000,s,1340
4507067000,s,1340
4507102000,s,1340
4507425000,s,1340
4507542000,s,1340
4507628000,s,1340
4507869000,s,1340
4508017000,s,1340
4508109000,s,1340
4508456000,r,1440
4508456000,r,1440
4508456000,r,1440
4508456000,r,1440
4508456000,r,1440
4508456000,r,1440
4508456000,r,1440
4508456000,r,1440
4508541000,r,1440
4508542000,r,1440
4508649000,s,1340
4508802000,s,1340
4508885000,s,1340
4508950000,s,1340
4508975000,s,1340
4509060000,s,1340
4509080000,s,1340
4509089000,s,1340
4509097000,s,1340
4509166000,s,1340
4509244000,s,1340
4509305000,s,1340
4509360000,s,1340
4509415000,s,1340
4509468000,s,1340
4509524000,s,1340
4509642000,s,1340
4510397000,s,1340
4510480000,s,1340
4510649000,s,1340
4510760000,s,1340
4511619000,s,1340
4511860000,s,1340
4511936000,s,1340
4511997000,s,1340
4512187000,s,1340
4512315000,s,1340
4512377000,s,1340
4512529000,s,1340
4512684000,s,1340
4512893000,s,1340
4512953000,s,1340
4513106000,s,1340
4513323000,s,1340
4513356000,s,1340
4513399000,s,1340
4513903000,s,1340
4513976000,s,1340
4514111000,s,1340
4514235000,s,1340
4514332000,s,1340
4514519000,s,1340
4515111000,s,1340
4515228000,s,1340
4515429000,s,1340
4515489000,s,1340
4515549000,s,1340
4515664000,s,1340
4515784000,s,1340
4515914000,s,1340
4515977000,s,1340
4516030000,s,1340
4516076000,s,1340
4516324000,s,1340
4516398000,s,1340
4516780000,s,1340
4516849000,s,1340
4517029000,s,1340
4517218000,s,1340
4517315000,s,1340
4517343000,s,1340
4517354000,s,1340
4518813000,s,1340
4518881000,s,1340
4520160000,s,1340
4520595000,s,1340
4520751000,s,1340
4521249000,s,1340
4521375000,s,1340
4521667000,s,1340
4521738000,s,1340
4521867000,s,1340
4522047000,s,1340
4522165000,s,1340
4522366000,s,1340
4522438000,s,1340
4522783000,s,1340
4522853000,s,1340
4523035000,s,1340
4523106000,s,1340
4524060000,s,1340
4527205000,r,1440
4528204000,r,1440
4528204000,r,1440
4528204000,r,1440
4528205000,r,1440
4528205000,r,1440
4528205000,r,1440
4528242000,s,1340
4528205000,r,1440
4528205000,r,1440
4528266000,r,1440
4528267000,r,1440
4528364000,s,1340
4528449000,s,1340
4528554000,s,1340
4528644000,r,1440
4528644000,r,1440
4528644000,r,1440
4528644000,r,1440
4528727000,s,1340
4528825000,s,1340
4528915000,s,1340
4529010000,s,1340
4529088000,s,1340
4529162000,s,1340
4529174000,r,1440
4529174000,r,1440
4529174000,r,1440
4529174000,r,1440
4529235000,s,1340
4529310000,s,1340
4529377000,s,1340
4529413000,r,1440
4529454000,s,1340
4529413000,r,1440
4529413000,r,1440
4529413000,r,1440
4529527000,s,1340
4529596000,s,1340
4529658000,s,1340
4529974000,r,1440
4529975000,r,1440
4529975000,r,1440
4529975000,r,1440
4529975000,r,1440
4529975000,r,1440
4529975000,r,1440
4529975000,r,1440
4530399000,s,1340
4530408000,r,1440
4530409000,r,1440
4530409000,r,1440
4530409000,r,1440
4530409000,r,1440
4530409000,r,1440
4530409000,r,1440
4530504000,s,1340
4530569000,s,1340
4530622000,s,1340
4530669000,s,1340
4530799000,s,1340
4530908000,s,1340
4531255000,s,1340
4531335000,s,1340
4531490000,s,1340
4531564000,s,1340
4531689000,s,1340
4531787000,s,1340
4531852000,s,1340
4531920000,s,1340
4531984000,s,1340
4532104000,s,1340
4532177000,s,1340
4532346000,s,1340
4532463000,s,1340
4532589000,s,1340
4532671000,s,1340
4532742000,s,1340
4532802000,s,1340
4532861000,s,1340
4532923000,s,1340
4532987000,s,1340
4533056000,s,1340
4533116000,s,1340
4533175000,s,1340
4533240000,s,1340
4533305000,s,1340
4533371000,s,1340
4533444000,s,1340
4533510000,s,1340
4533658000,s,1340
4533734000,s,1340
4533905000,s,1340
4534058000,s,1340
4534132000,s,1340
4534199000,s,1340
4534259000,s,1340
4534316000,s,1340
4534359000,s,1340
4534422000,s,1340
4534479000,s,1340
4534529000,s,1340
4534576000,s,1340
4534646000,s,1340
4534707000,s,1340
4534772000,s,1340
4534836000,s,1340
4534896000,s,1340
4534961000,s,1340
4535012000,s,1340
4535209000,s,1340
4535379000,s,1340
4535441000,s,1340
4535595000,s,1340
4535759000,s,1340
4535855000,s,1340
4536175000,s,1340
4536319000,s,1340
4536386000,s,1340
4536656000,s,1340
4536735000,s,1340
4536886000,s,1340
4537071000,s,1340
4537141000,s,1340
4537783000,r,1440
4537783000,r,1440
4537783000,r,1440
4537783000,r,1440
4537784000,r,1440
4537784000,r,1440
4537784000,r,1440
4537784000,r,1440
4537966000,r,1440
4537966000,r,1440
4537966000,r,1440
4537966000,r,1440
4538633000,s,1340
4538742000,s,1340
4538821000,s,1340
4538880000,s,1340
4538936000,s,1340
4539015000,s,1340
4539093000,s,1340
4539189000,r,1440
4539189000,r,1440
4539190000,r,1440
4539190000,r,1440
4539190000,r,1440
4539190000,r,1440
4539292000,s,1340
4539367000,s,1340
4539428000,s,1340
4539447000,s,1340
4539672000,s,1340
4539830000,s,1340
4539877000,s,1340
4540184000,s,1340
4540206000,r,1440
4540226000,s,1340
4540206000,r,1440
4540206000,r,1440
4540206000,r,1440
4540206000,r,1440
4540674000,s,1340
4540736000,s,1340
4540762000,s,1340
4540783000,s,1340
4540804000,s,1340
4540819000,s,1340
4540832000,s,1340
4540844000,s,1340
4540852000,s,1340
4540867000,s,1340
4540930000,s,1340
4540975000,s,1340
4540994000,s,1340
4541006000,s,1340
4541102000,s,1340
4541141000,s,1340
4541164000,s,1340
4541197000,s,1340
4541321000,s,1340
4541428000,s,1340
4541608000,s,1340
4541725000,s,1340
4541828000,s,1340
4542066000,s,1340
4542180000,s,1340
4542333000,s,1340
4542613000,s,1340
4542729000,s,1340
4542831000,s,1340
4543064000,s,1340
4543214000,s,1340
4543419000,s,1340
4543676000,s,1340
4543769000,s,1340
4544023000,s,1340
4544146000,s,1340
4544453000,s,1340
4544547000,s,1340
4544632000,s,1340
4544811000,s,1340
4545016000,s,1340
4545198000,s,1340
4545261000,r,1440
4545280000,s,1340
4545261000,r,1440
4545450000,s,1340
4545542000,s,1340
4545637000,s,1340
4545775000,s,1340
4545843000,s,1340
4545976000,s,1340
4546481000,s,1340
4546574000,s,1340
4546626000,s,1340
4546808000,s,1340
4546938000,s,1340
4547207000,r,1440
4547207000,r,1440
4547207000,r,1440
4547207000,r,1440
4547504000,s,1340
4547539000,s,1340
4547559000,s,1340
4547571000,s,1340
4547613000,s,1340
4548656000,r,1440
4548656000,r,1440
4548656000,r,1440
4548656000,r,1440
4548657000,r,1440
4548657000,r,1440
4548657000,r,1440
4548657000,r,1440
4548814000,s,1340
4548915000,s,1340
4549038000,s,1340
4549122000,s,1340
4549200000,s,1340
4549294000,s,1340
4549413000,s,1340
4549566000,s,1340
4549675000,s,1340
4549860000,s,1340
4549980000,s,1340
4550176000,s,1340
4550261000,s,1340
4550337000,s,1340
4550409000,s,1340
4550483000,s,1340
4550559000,r,1440
4550573000,s,1340
4550559000,r,1440
4550559000,r,1440
4550559000,r,1440
4550559000,r,1440
4550559000,r,1440
4550560000,r,1440
4550560000,r,1440
4550729000,r,1440
4550729000,r,1440
4550729000,r,1440
4550729000,r,1440
4550730000,r,1440
4550730000,r,1440
4550730000,r,1440
4550730000,r,1440
4550784000,s,1340
4550786000,r,1440
4550786000,r,1440
4550786000,r,1440
4550786000,r,1440
4550786000,r,1440
4550787000,r,1440
4550787000,r,1440
4550787000,r,1440
4550835000,r,1440
4550836000,r,1440
4550928000,s,1340
4551099000,s,1340
4551144000,s,1340
4551657000,s,1340
4551711000,s,1340
4551731000,s,1340
4551744000,s,1340
4551757000,s,1340
4551768000,s,1340
4551776000,s,1340
4551787000,s,1340
4551796000,s,1340
4551857000,s,1340
4551962000,s,1340
4552047000,s,1340
4552105000,r,1440
4552118000,s,1340
4552105000,r,1440
4552105000,r,1440
4552105000,r,1440
4552178000,s,1340
4552247000,s,1340
4552316000,s,1340
4552388000,s,1340
4552462000,s,1340
4552527000,s,1340
4552596000,s,1340
4552669000,s,1340
4552744000,s,1340
4552817000,s,1340
4552895000,s,1340
4552972000,s,1340
4553054000,s,1340
4553139000,s,1340
4553208000,s,1340
4554053000,s,1340
4554126000,s,1340
4554191000,s,1340
4554252000,s,1340
4554312000,s,1340
4554376000,s,1340
4554436000,s,1340
4554505000,s,1340
4554563000,s,1340
4554746000,s,1340
4554821000,s,1340
4555150000,s,1340
4555236000,s,1340
4555599000,s,1340
4555777000,s,1340
4555945000,s,1340
4556112000,s,1340
4556272000,s,1340
4556425000,s,1340
4556578000,s,1340
4556723000,s,1340
4556883000,s,1340
4557041000,s,1340
4557208000,s,1340
4557351000,s,1340
4557522000,s,1340
4557717000,s,1340
4557767000,s,1340
4557861000,s,1340
4557960000,s,1340
4558019000,s,1340
4558735000,s,1340
4558816000,r,1440
4558831000,s,1340
4558816000,r,1440
4558817000,r,1440
4558817000,r,1440
4558817000,r,1440
4558817000,r,1440
4558817000,r,1440
4558817000,r,1440
4558933000,r,1440
4558933000,r,1440
4559052000,s,1340
4559147000,s,1340
4559153000,r,1440
4559153000,r,1440
4559153000,r,1440
4559153000,r,1440
4559530000,s,1340
4559628000,s,1340
4559718000,s,1340
4559878000,s,1340
4560042000,s,1340
4560573000,r,1440
4560573000,r,1440
4560573000,r,1440
4560573000,r,1440
4560574000,r,1440
4560640000,s,1340
4560806000,s,1340
4561143000,s,1340
4561173000,s,1340
4561195000,s,1340
4561209000,s,1340
4561223000,s,1340
4561236000,s,1340
4561249000,s,1340
4561262000,s,1340
4561408000,s,1340
4561463000,s,1340
4561840000,s,1340
4562332000,s,1340
4562505000,r,1440
4562514000,s,1340
4562505000,r,1440
4562505000,r,1440
4562505000,r,1440
4562612000,s,1340
4562717000,s,1340
4562778000,s,1340
4563058000,s,1340
4563194000,s,1340
4563458000,s,1340
4563622000,r,1440
4563660000,s,1340
4563622000,r,1440
4563622000,r,1440
4563623000,r,1440
4563623000,r,1440
4563752000,s,1340
4563976000,s,1340
4564140000,s,1340
4564188000,s,1340
4564207000,s,1340
4564218000,s,1340
4566439000,r,1440
4566439000,r,1440
4566440000,r,1440
4566440000,r,1440
4566440000,r,1440
4566440000,r,1440
4566440000,r,1440
4566440000,r,1440
4566980000,s,1340
4567084000,r,1440
4567093000,s,1340
4567084000,r,1440
4567084000,r,1440
4567084000,r,1440
4567085000,r,1440
4567085000,r,1440
4567085000,r,1440
4567085000,r,1440
4567302000,s,1340
4567424000,s,1340
4567674000,r,1440
4567674000,r,1440
4567794000,s,1340
4567885000,s,1340
4567941000,s,1340
4568121000,s,1340
4568196000,s,1340
4568255000,s,1340
4568309000,s,1340
4568362000,s,1340
4568417000,s,1340
4568511000,s,1340
4568577000,s,1340
4568671000,s,1340
4568767000,s,1340
4569115000,s,1340
4569159000,s,1340
4569186000,s,1340
4569270000,s,1340
4569485000,s,1340
4569604000,r,1440
4569604000,r,1440
4569604000,r,1440
4569604000,r,1440
4569604000,r,1440
4569604000,r,1440
4569604000,r,1440
4569604000,r,1440
4569689000,r,1440
4569689000,r,1440
4569689000,r,1440
4569697000,s,1340
4569839000,s,1340
4569925000,s,1340
4569995000,s,1340
4570033000,s,1340
4570047000,s,1340
4570057000,s,1340
4570065000,s,1340
4570163000,s,1340
4570271000,s,1340
4570370000,s,1340
4570457000,s,1340
4570525000,s,1340
4570615000,s,1340
4570701000,s,1340
4570772000,s,1340
4570862000,s,1340
4570973000,s,1340
4571075000,s,1340
4571212000,r,1440
4571212000,r,1440
4571212000,r,1440
4571212000,r,1440
4571213000,r,1440
4571213000,r,1440
4571213000,r,1440
4571213000,r,1440
4571312000,r,1440
4571313000,r,1440
4571313000,r,1440
4571313000,r,1440
4571313000,r,1440
4571313000,r,1440
4571313000,r,1440
4571357000,s,1340
4571486000,s,1340
4571570000,s,1340
4571653000,s,1340
4571737000,s,1340
4571820000,s,1340
4572027000,s,1340
4572111000,s,1340
4572172000,s,1340
4572258000,s,1340
4572423000,s,1340
4572512000,s,1340
4572572000,s,1340
4572653000,s,1340
4572739000,s,1340
4572825000,s,1340
4572914000,s,1340
4572992000,s,1340
4573073000,s,1340
4573262000,s,1340
4573353000,s,1340
4573623000,s,1340
4573666000,s,1340
4573721000,s,1340
4574047000,s,1340
4574074000,s,1340
4574275000,s,1340
4574355000,s,1340
4574414000,s,1340
4574475000,s,1340
4575365000,s,1340
4575456000,s,1340
4575526000,s,1340
4575591000,s,1340
4575660000,s,1340
4575817000,s,1340
4576053000,s,1340
4576132000,s,1340
4576215000,s,1340
4576390000,s,1340
4576518000,s,1340
4576582000,s,1340
4576832000,s,1340
4577242000,s,1340
4577742000,s,1340
4578195000,s,1340
4578972000,r,1440
4578972000,r,1440
4578972000,r,1440
4578973000,r,1440
4578973000,r,1440
4578973000,r,1440
4578973000,r,1440
4579264000,s,1340
4579335000,s,1340
4579371000,s,1340
4579383000,s,1340
4579419000,s,1340
4579468000,s,1340
4579681000,s,1340
4579902000,s,1340
4579907000,r,1440
4579907000,r,1440
4579907000,r,1440
4579907000,r,1440
4579907000,r,1440
4579908000,r,1440
4579908000,r,1440
4579908000,r,1440
4579994000,s,1340
4580140000,s,1340
4580220000,s,1340
4580405000,s,1340
4580503000,s,1340
4580587000,s,1340
4580678000,s,1340
4580758000,s,1340
4580832000,s,1340
4580898000,s,1340
4580963000,s,1340
4581035000,s,1340
4581215000,s,1340
4581371000,r,1440
4581371000,r,1440
4581371000,r,1440
4581372000,r,1440
4581372000,r,1440
4581372000,r,1440
4581372000,r,1440
4581372000,r,1440
4581455000,r,1440
4581455000,r,1440
4581455000,r,1440
4581455000,r,1440
4581456000,r,1440
4581456000,r,1440
4581480000,s,1340
4581597000,s,1340
4581704000,s,1340
4581748000,s,1340
4581816000,s,1340
4581853000,s,1340
4581938000,s,1340
4582092000,s,1340
4582204000,s,1340
4582310000,s,1340
4582416000,s,1340
4582521000,s,1340
4582633000,s,1340
4582816000,r,1440
4582816000,r,1440
4582816000,r,1440
4582816000,r,1440
4582816000,r,1440
4582981000,s,1340
4583099000,s,1340
4583248000,s,1340
4583349000,s,1340
4583448000,s,1340
4583541000,s,1340
4583628000,s,1340
4583718000,s,1340
4583972000,s,1340
4584074000,s,1340
4584173000,s,1340
4584271000,s,1340
4584524000,s,1340
4584633000,s,1340
4585008000,s,1340
4585121000,s,1340
4585206000,s,1340
4585261000,s,1340
4585306000,s,1340
4585354000,s,1340
4585517000,s,1340
4585601000,s,1340
4585661000,s,1340
4585737000,s,1340
4585995000,s,1340
4586186000,s,1340
4586324000,s,1340
4586400000,s,1340
4586769000,s,1340
4587461000,s,1340
4587492000,s,1340
4587545000,r,1440
4587545000,r,1440
4587545000,r,1440
4587545000,r,1440
4587545000,r,1440
4587546000,r,1440
4587546000,r,1440
4587546000,r,1440
4587653000,s,1340
4587672000,r,1440
4587672000,r,1440
4587833000,s,1340
4587952000,s,1340
4588050000,s,1340
4588141000,s,1340
4588233000,s,1340
4588323000,s,1340
4588427000,s,1340
4588524000,s,1340
4588620000,s,1340
4588712000,s,1340
4588797000,s,1340
4588878000,s,1340
4588957000,s,1340
4589044000,s,1340
4589205000,s,1340
4589372000,s,1340
4589479000,s,1340
4589479000,r,1440
4589479000,r,1440
4589479000,r,1440
4589479000,r,1440
4589480000,r,1440
4589480000,r,1440
4589480000,r,1440
4589480000,r,1440
4589680000,s,1340
4589820000,s,1340
4589987000,s,1340
4590102000,s,1340
4590204000,s,1340
4590295000,s,1340
4590373000,s,1340
4590462000,s,1340
4590559000,s,1340
4590676000,s,1340
4590881000,s,1340
4590975000,s,1340
4591200000,s,1340
4591415000,s,1340
4591524000,s,1340
4591704000,s,1340
4591830000,s,1340
4591915000,s,1340
4592119000,s,1340
4592408000,r,1440
4592419000,s,1340
4592444000,s,1340
4592408000,r,1440
4592408000,r,1440
4592408000,r,1440
4592408000,r,1440
4592408000,r,1440
4592502000,s,1340
4592536000,s,1340
4592579000,s,1340
4592724000,s,1340
4592817000,s,1340
4592896000,s,1340
4592980000,s,1340
4593056000,s,1340
4593346000,s,1340
4593433000,s,1340
4593507000,s,1340
4593665000,s,1340
4593690000,r,1440
4593690000,r,1440
4593767000,s,1340
4593838000,s,1340
4593948000,s,1340
4593975000,r,1440
4593975000,r,1440
4593976000,r,1440
4593976000,r,1440
4593976000,r,1440
4594071000,s,1340
4594144000,s,1340
4594227000,s,1340
4594310000,s,1340
4594398000,s,1340
4594524000,s,1340
4594611000,s,1340
4594697000,s,1340
4594791000,s,1340
4594879000,s,1340
4595100000,s,1340
4595268000,s,1340
4595341000,s,1340
4595499000,s,1340
4595650000,s,1340
4595799000,s,1340
4595888000,s,1340
4595958000,s,1340
4596600000,s,1340
4596675000,s,1340
4596872000,s,1340
4597032000,s,1340
4597119000,s,1340
4597266000,s,1340
4597403000,s,1340
4597516000,s,1340
4597559000,r,1440
4597559000,r,1440
4597559000,r,1440
4597559000,r,1440
4597559000,r,1440
4597559000,r,1440
4597559000,r,1440
4597559000,r,1440
4597795000,r,1440
4597795000,r,1440
4597795000,r,1440
4597796000,r,1440
4597913000,s,1340
4598047000,s,1340
4598072000,s,1340
4598088000,s,1340
4598124000,s,1340
4598122000,r,1440
4598122000,r,1440
4598122000,r,1440
4598122000,r,1440
4598123000,r,1440
4598123000,r,1440
4598123000,r,1440
4598123000,r,1440
4598180000,r,1440
4598222000,s,1340
4598284000,s,1340
4598423000,s,1340
4598507000,s,1340
4598586000,s,1340
4598739000,s,1340
4598829000,s,1340
4599052000,s,1340
4599151000,s,1340
4599294000,s,1340
4599386000,s,1340
4599474000,s,1340
4599564000,s,1340
4599655000,s,1340
4599744000,s,1340
4599832000,s,1340
4599920000,s,1340
4600007000,s,1340
4600095000,s,1340
4600189000,s,1340
4600282000,s,1340
4600385000,s,1340
4600601000,s,1340
4600694000,s,1340
4600778000,s,1340
4600864000,s,1340
4600951000,s,1340
4601018000,s,1340
4603462000,r,1440
4603462000,r,1440
4603462000,r,1440
4603462000,r,1440
4603462000,r,1440
4603462000,r,1440
4603463000,r,1440
4603463000,r,1440
4603576000,r,1440
4603576000,r,1440
4603576000,r,1440
4604053000,s,1340
4604100000,s,1340
4604172000,s,1340
4604213000,s,1340
4604244000,s,1340
4604405000,s,1340
4604450000,s,1340
4604473000,s,1340
4604536000,s,1340
4604591000,s,1340
4604628000,s,1340
4604640000,s,1340
4604712000,r,1440
4604712000,r,1440
4604838000,s,1340
4604941000,s,1340
4605022000,s,1340
4605149000,s,1340
4605201000,s,1340
4605266000,s,1340
4605309000,s,1340
4605354000,s,1340
4605497000,s,1340
4605678000,s,1340
4605848000,s,1340
4605970000,s,1340
4606044000,s,1340
4606202000,s,1340
4606541000,r,1440
4606541000,r,1440
4606542000,r,1440
4606542000,r,1440
4606542000,r,1440
4606542000,r,1440
4606542000,r,1440
4606542000,r,1440
4606618000,r,1440
4606618000,r,1440
4606618000,r,1440
4606618000,r,1440
4606618000,r,1440
4606619000,r,1440
4606619000,r,1440
4606619000,r,1440
4606653000,r,1440
4606653000,r,1440
4606653000,r,1440
4606653000,r,1440
4606653000,r,1440
4606653000,r,1440
4606653000,r,1440
4606654000,r,1440
4606679000,s,1340
4606707000,r,1440
4606707000,r,1440
4606778000,s,1340
4606821000,s,1340
4606942000,s,1340
4607059000,s,1340
4607142000,s,1340
4607355000,s,1340
4607445000,s,1340
4607539000,s,1340
4607634000,s,1340
4607727000,s,1340
4607820000,s,1340
4607913000,s,1340
4607949000,r,1440
4607949000,r,1440
4607949000,r,1440
4607949000,r,1440
4607949000,r,1440
4608001000,s,1340
4608090000,s,1340
4608177000,s,1340
4608240000,s,1340
4608327000,s,1340
4608500000,s,1340
4608587000,s,1340
4608671000,s,1340
4608753000,s,1340
4608844000,s,1340
4608913000,s,1340
4608973000,s,1340
4609033000,s,1340
4609096000,s,1340
4609163000,s,1340
4609227000,s,1340
4609316000,s,1340
4609400000,s,1340
4609484000,s,1340
4609571000,s,1340
4609662000,s,1340
4609738000,s,1340
4609824000,s,1340
4609904000,s,1340
4609989000,s,1340
4610074000,s,1340
4610168000,s,1340
4610252000,s,1340
4610331000,s,1340
4610406000,s,1340
4610485000,s,1340
4610565000,s,1340
4610654000,s,1340
4610738000,s,1340
4610826000,s,1340
4610914000,s,1340
4611013000,s,1340
4611098000,s,1340
4611217000,s,1340
4611442000,s,1340
4611544000,s,1340
4611726000,s,1340
4614807000,r,1440
4614807000,r,1440
4614807000,r,1440
4614807000,r,1440
4614808000,r,1440
4615493000,s,1340
4615543000,s,1340
4615562000,s,1340
4617740000,r,1440
4617740000,r,1440
4621811000,r,1440
4622926000,s,1340
4625729000,r,1440
4625729000,r,1440
4626055000,s,1340
4626224000,s,1340
4627741000,r,1440
4628028000,s,1340
4635682000,s,1340
4655813000,s,1340
7871794000,r,1440
7871795000,r,1440
7871795000,r,1440
7871796000,r,1440
7871796000,r,1440
7871797000,r,1440
7871797000,r,1440
7871797000,r,1440
7872814000,r,1440
7872815000,r,1440
7872815000,r,1440
7876321000,s,1340
7876696000,s,1340
7876878000,s,1340
7877029000,s,1340
7877231000,s,1340
7877619000,s,1340
7877854000,s,1340
7878062000,s,1340
7878190000,s,1340
7878316000,s,1340
7878444000,s,1340
7878621000,s,1340
7878807000,s,1340
7879002000,s,1340
7879137000,s,1340
7879565000,s,1340
7879763000,s,1340
7880314000,s,1340
7880547000,s,1340
7880689000,s,1340
7880811000,s,1340
7880927000,s,1340
7881101000,s,1340
7881214000,s,1340
7881323000,s,1340
7881450000,s,1340
7881575000,s,1340
7881702000,s,1340
7881835000,s,1340
7882024000,s,1340
7882229000,s,1340
7882416000,s,1340
7882600000,s,1340
7882790000,s,1340
7882987000,s,1340
7883284000,s,1340
7883478000,s,1340
7883663000,s,1340
7883858000,s,1340
7884070000,s,1340
7884256000,s,1340
7884873000,s,1340
7885090000,s,1340
7885287000,s,1340
7885485000,s,1340
7885678000,s,1340
7885852000,s,1340
7886042000,s,1340
7886228000,s,1340
7886418000,s,1340
7886605000,s,1340
7886802000,s,1340
7886951000,s,1340
7887670000,s,1340
7888078000,s,1340
7888363000,s,1340
7888819000,s,1340
7889094000,s,1340
7889358000,s,1340
7889608000,s,1340
7889836000,s,1340
7890016000,s,1340
7890203000,s,1340
7890213000,r,1440
7890213000,r,1440
7890213000,r,1440
7890213000,r,1440
7890214000,r,1440
7890214000,r,1440
7890214000,r,1440
7890214000,r,1440
7890421000,r,1440
7890421000,r,1440
7890428000,s,1340
7890422000,r,1440
7890422000,r,1440
7890522000,r,1440
7890523000,r,1440
7890523000,r,1440
7890523000,r,1440
7890633000,s,1340
7890836000,s,1340
7891066000,s,1340
7891361000,s,1340
7891954000,s,1340
7892285000,s,1340
7892581000,s,1340
7892668000,r,1440
7892669000,r,1440
7892669000,r,1440
7892670000,r,1440
7892900000,s,1340
7893179000,s,1340
7893962000,s,1340
7894185000,s,1340
7895011000,s,1340
7895245000,r,1440
7895246000,r,1440
7895246000,r,1440
7895427000,s,1340
7895724000,s,1340
7897696000,s,1340
7898935000,s,1340
7902042000,s,1340
7902354000,s,1340
7902725000,s,1340
7903241000,r,1440
7903241000,r,1440
7904114000,s,1340
7904425000,s,1340
7904635000,s,1340
7904836000,s,1340
7904872000,r,1440
7904872000,r,1440
7904873000,r,1440
7904873000,r,1440
7904873000,r,1440
7904874000,r,1440
7904875000,r,1440
7904875000,r,1440
7905042000,s,1340
7905051000,r,1440
7905243000,s,1340
7905450000,s,1340
7905584000,r,1440
7905585000,r,1440
7905585000,r,1440
7905632000,s,1340
7905586000,r,1440
7905586000,r,1440
7905822000,s,1340
7906028000,s,1340
7906221000,s,1340
7906426000,s,1340
7906606000,s,1340
7906790000,s,1340
7906989000,s,1340
7907270000,s,1340
7907508000,s,1340
7907704000,s,1340
7907885000,s,1340
7908073000,s,1340
7908259000,s,1340
7908453000,s,1340
7908639000,s,1340
7908845000,s,1340
7909043000,s,1340
7909234000,s,1340
7909406000,r,1440
7909407000,s,1340
7909407000,r,1440
7909407000,r,1440
7909408000,r,1440
7909610000,s,1340
7909811000,s,1340
7910004000,s,1340
7910183000,s,1340
7910367000,s,1340
7910566000,s,1340
7910757000,s,1340
7910941000,s,1340
7910977000,r,1440
7911129000,s,1340
7914168000,r,1440
7914169000,r,1440
7914169000,r,1440
7922760000,s,1340
7922991000,s,1340
7923269000,s,1340
7923437000,s,1340
7923650000,s,1340
7923869000,s,1340
7924068000,s,1340
7924272000,s,1340
7924476000,s,1340
7924663000,s,1340
7924848000,s,1340
7925037000,s,1340
7925218000,s,1340
7925403000,s,1340
7925611000,s,1340
7925787000,s,1340
7925978000,s,1340
7926173000,s,1340
7926357000,s,1340
7926547000,s,1340
7926760000,s,1340
7926953000,s,1340
7927140000,s,1340
7927466000,s,1340
7927753000,s,1340
7928024000,s,1340
7928263000,s,1340
7928459000,s,1340
7928655000,s,1340
7928870000,s,1340
7929042000,s,1340
7929241000,s,1340
7929436000,s,1340
7929633000,s,1340
7929840000,s,1340
7930034000,s,1340
7930232000,s,1340
7930437000,s,1340
7930612000,s,1340
7930798000,s,1340
7930999000,s,1340
7931311000,s,1340
7931565000,s,1340
7931804000,s,1340
7932004000,s,1340
7932198000,s,1340
7932390000,s,1340
7932586000,s,1340
7932764000,s,1340
7932965000,s,1340
7933154000,s,1340
7933331000,s,1340
7933517000,s,1340
7933719000,s,1340
7933899000,s,1340
7934100000,s,1340
7934433000,s,1340
7934632000,s,1340
7934824000,s,1340
7935014000,s,1340
7935386000,s,1340
7935605000,s,1340
7935798000,s,1340
7935985000,s,1340
7936180000,s,1340
7936371000,s,1340
7936553000,s,1340
7936729000,s,1340
7936919000,s,1340
7937105000,s,1340
7937300000,s,1340
7937414000,r,1440
7937469000,s,1340
7937415000,r,1440
7937652000,s,1340
7937415000,r,1440
7937818000,s,1340
7938005000,s,1340
7938194000,s,1340
7938425000,s,1340
7938629000,s,1340
7938840000,s,1340
7939042000,s,1340
7939317000,s,1340
7939540000,s,1340
7939747000,s,1340
7939956000,s,1340
7940171000,s,1340
7940392000,s,1340
7940611000,s,1340
7940941000,s,1340
7941148000,s,1340
7941346000,s,1340
7941547000,s,1340
7941751000,s,1340
7941941000,s,1340
7942131000,s,1340
7942159000,r,1440
7942160000,r,1440
7942160000,r,1440
7942161000,r,1440
7942161000,r,1440
7942330000,s,1340
7942162000,r,1440
7942162000,r,1440
7942163000,r,1440
7942417000,r,1440
7942418000,r,1440
7942542000,s,1340
7942784000,s,1340
7942999000,s,1340
7944065000,s,1340
7944246000,r,1440
7944304000,s,1340
7944524000,s,1340
7944756000,s,1340
7944969000,s,1340
7945112000,r,1440
7945113000,r,1440
7945278000,s,1340
7945485000,s,1340
7945708000,s,1340
7945951000,s,1340
7946161000,s,1340
7946354000,s,1340
7946547000,s,1340
7946727000,s,1340
7946920000,s,1340
7947099000,s,1340
7947364000,s,1340
7947574000,s,1340
7947766000,s,1340
7947965000,s,1340
7948159000,s,1340
7948384000,s,1340
7948573000,s,1340
7948778000,s,1340
7949072000,s,1340
7949264000,s,1340
7949390000,s,1340
7949516000,s,1340
7949620000,s,1340
7949725000,s,1340
7949836000,s,1340
7949944000,s,1340
7950050000,s,1340
7950217000,s,1340
7950330000,s,1340
7950432000,s,1340
7950549000,s,1340
7950661000,s,1340
7950768000,s,1340
7950874000,s,1340
7950978000,s,1340
7951077000,s,1340
7951156000,r,1440
7951403000,s,1340
7951156000,r,1440
7951655000,s,1340
7951884000,s,1340
7952097000,s,1340
7952293000,s,1340
7952490000,s,1340
7952690000,s,1340
7954139000,r,1440
7954139000,r,1440
7955037000,s,1340
7963256000,r,1440
7964118000,s,1340
7967663000,s,1340
9662554000,r,1440
9662555000,r,1440
9662555000,r,1440
9662556000,r,1440
9662556000,r,1440
9662557000,r,1440
9662557000,r,1440
9667526000,s,1340
9668190000,s,1340
9668504000,s,1340
9668691000,s,1340
9678896000,s,1340
14178437000,s,1340
14217378000,s,1340
14217821000,s,1340
15133549000,s,1340
15173546000,s,1340
15174009000,s,1340
15195280000,r,1440
15209323000,s,1340
17903407000,r,1440
17903408000,r,1440
17903408000,r,1440
17903409000,r,1440
17903409000,r,1440
17903410000,r,1440
17903410000,r,1440
17907122000,s,1340
17907667000,s,1340
17907872000,s,1340
17908123000,s,1340
17910699000,s,1340
17917800000,s,1340
17923289000,r,1440
17927257000,r,1440
17929661000,r,1440
17929661000,r,1440
17931663000,s,1340
19470291000,s,1340
19509811000,s,1340
19510252000,s,1340
20391574000,r,1440
20394046000,s,1340
20405087000,r,1440
20405088000,r,1440
20408055000,s,1340
25461686000,s,1340
26262432000,s,1340
26300327000,s,1340
26300741000,s,1340
26319541000,r,1440
26332073000,s,1340
26332464000,s,1340
26332696000,s,1340
26333002000,s,1340
26333493000,s,1340
26333794000,s,1340
26334162000,s,1340
26334455000,s,1340
26334746000,s,1340
26334970000,s,1340
26335348000,s,1340
26335577000,s,1340
26335837000,s,1340
26336661000,s,1340
26337189000,s,1340
26337499000,s,1340
26337809000,s,1340
26338068000,s,1340
26338519000,s,1340
26338805000,s,1340
26339052000,s,1340
26339545000,s,1340
26339840000,s,1340
26340086000,s,1340
26340356000,s,1340
26340618000,s,1340
26340876000,s,1340
26341140000,s,1340
26341405000,s,1340
26341654000,s,1340
26341904000,s,1340
26342150000,s,1340
26342358000,r,1440
26342358000,r,1440
26342615000,s,1340
26342945000,s,1340
26343342000,s,1340
26343643000,s,1340
26343913000,s,1340
26344169000,s,1340
26344433000,s,1340
26344721000,s,1340
26344980000,s,1340
26347755000,r,1440
26353584000,s,1340