0,r,1440
813288000,s,1340
1228247000,r,1440
4218455000,s,1340
4234724000,r,1440
4234725000,r,1440
4234725000,r,1440
4235333000,r,1440
4237206000,s,1340
4237569000,s,1340
4237759000,s,1340
4240062000,r,1440
4247610000,r,1440
4247959000,r,1440
4249294000,r,1440
4250144000,s,1340
4250595000,s,1340
4261975000,r,1440
4261976000,r,1440
4262359000,r,1440
4264937000,s,1340
4648050000,s,1340
4651697000,s,1340
4656923000,r,1440
4668439000,r,1440
4669641000,s,1340
4672985000,s,1340
4673249000,s,1340
4683579000,r,1440
4686329000,r,1440
4686329000,r,1440
4687850000,r,1440
4688059000,s,1340
4688411000,s,1340
4688953000,r,1440
4689240000,s,1340
4690208000,s,1340
4690790000,s,1340
4696712000,s,1340
4700822000,r,1440
4700823000,r,1440
4704189000,s,1340
4704467000,s,1340
4705973000,s,1340
4706215000,s,1340
4706374000,s,1340
4712865000,s,1340
4713059000,s,1340
4713196000,s,1340
4713820000,s,1340
4714003000,s,1340
4714452000,s,1340
4714603000,s,1340
4714730000,s,1340
4714851000,s,1340
4714971000,s,1340
4715094000,s,1340
4715207000,r,1440
4715691000,s,1340
4715893000,s,1340
4716047000,s,1340
4716192000,s,1340
4716338000,s,1340
4716447000,s,1340
4716558000,s,1340
4717202000,s,1340
4717315000,s,1340
4717425000,s,1340
4717582000,s,1340
4717697000,s,1340
4717933000,s,1340
4718073000,s,1340
4720219000,s,1340
4720394000,s,1340
4720498000,s,1340
4721172000,s,1340
4721676000,s,1340
4721822000,s,1340
4721869000,s,1340
4721902000,s,1340
4721932000,s,1340
4723103000,s,1340
4723419000,s,1340
4723592000,s,1340
4723914000,s,1340
4724049000,s,1340
4725456000,s,1340
4725570000,s,1340
4726115000,s,1340
4726235000,s,1340
4726339000,s,1340
4726441000,s,1340
4726734000,s,1340
4727278000,s,1340
4727370000,s,1340
4727909000,s,1340
4728051000,s,1340
4728286000,s,1340
4728484000,s,1340
4728773000,s,1340
4728845000,s,1340
4728885000,s,1340
4729200000,s,1340
4729422000,s,1340
4729480000,s,1340
4729651000,s,1340
4729853000,s,1340
4729949000,s,1340
4730035000,s,1340
4730033000,r,1440
4730033000,r,1440
4730033000,r,1440
4730034000,r,1440
4730034000,r,1440
4730034000,r,1440
4730034000,r,1440
4730035000,r,1440
4730200000,s,1340
4730219000,r,1440
4730220000,r,1440
4730220000,r,1440
4730282000,s,1340
4730345000,s,1340
4730433000,s,1340
4730489000,s,1340
4730709000,s,1340
4730831000,s,1340
4731009000,s,1340
4731162000,s,1340
4731285000,s,1340
4731398000,s,1340
4731540000,s,1340
4731670000,s,1340
4731798000,s,1340
4731924000,s,1340
4732043000,s,1340
4732161000,s,1340
4732287000,s,1340
4732420000,s,1340
4732533000,s,1340
4732908000,s,1340
4733051000,s,1340
4733201000,s,1340
4733599000,s,1340
4733646000,s,1340
4733700000,s,1340
4733843000,s,1340
4734124000,s,1340
4734222000,s,1340
4734522000,s,1340
4734661000,s,1340
4734836000,s,1340
4734921000,s,1340
4735012000,s,1340
4735078000,s,1340
4735114000,s,1340
4735273000,s,1340
4735326000,s,1340
4736015000,s,1340
4736134000,s,1340
4736224000,s,1340
4736318000,s,1340
4736688000,s,1340
4736972000,s,1340
4737083000,s,1340
4737178000,s,1340
4737268000,s,1340
4737355000,s,1340
4737574000,s,1340
4737682000,s,1340
4737790000,s,1340
4737984000,s,1340
4738150000,s,1340
4738295000,s,1340
4738974000,s,1340
4739164000,s,1340
4739301000,s,1340
4739372000,s,1340
4739502000,s,1340
4739711000,s,1340
4739841000,s,1340
4739973000,s,1340
4740067000,s,1340
4740312000,r,1440
4740455000,s,1340
4741466000,s,1340
4741665000,s,1340
4741822000,s,1340
4741979000,s,1340
4742154000,s,1340
4742281000,s,1340
4742424000,s,1340
4742563000,s,1340
4742675000,s,1340
4742813000,s,1340
4742930000,s,1340
4743214000,s,1340
4743811000,s,1340
4743927000,s,1340
4744010000,s,1340
4744081000,s,1340
4744183000,s,1340
4744322000,s,1340
4744494000,s,1340
4744681000,s,1340
4745204000,s,1340
4745872000,s,1340
4745966000,s,1340
4746044000,s,1340
4746287000,s,1340
4746490000,s,1340
4746568000,s,1340
4746604000,s,1340
4746778000,s,1340
4746797000,s,1340
4747026000,s,1340
4747174000,s,1340
4747995000,s,1340
4748258000,s,1340
4748443000,s,1340
4748592000,s,1340
4748751000,s,1340
4748828000,s,1340
4749331000,s,1340
4749402000,s,1340
4749558000,s,1340
4749613000,s,1340
4749733000,s,1340
4749878000,s,1340
4750012000,s,1340
4750856000,s,1340
4750972000,s,1340
4751836000,s,1340
4752041000,s,1340
4752075000,s,1340
4752299000,s,1340
4752455000,s,1340
4752497000,s,1340
4753309000,s,1340
4753388000,s,1340
4753448000,s,1340
4753674000,s,1340
4754403000,s,1340
4754451000,s,1340
4755744000,s,1340
4755881000,s,1340
4756000000,s,1340
4756296000,s,1340
4756442000,s,1340
4756519000,s,1340
4756585000,s,1340
4756641000,s,1340
4756931000,s,1340
4757055000,s,1340
4757172000,s,1340
4757300000,s,1340
4757421000,s,1340
4757506000,s,1340
4757663000,s,1340
4757894000,s,1340
4758002000,s,1340
4758100000,s,1340
4758202000,s,1340
4758380000,s,1340
4761931000,s,1340
4762353000,s,1340
4762470000,s,1340
4762548000,s,1340
4762746000,r,1440
4762901000,s,1340
4763011000,s,1340
4765977000,r,1440
4769859000,r,1440
4770271000,s,1340
4770371000,s,1340
4770423000,s,1340
4771663000,r,1440
4771663000,r,1440
4771663000,r,1440
4771663000,r,1440
4771663000,r,1440
4771664000,r,1440
4771664000,r,1440
4771664000,r,1440
4771751000,r,1440
4771751000,r,1440
4772273000,s,1340
4772368000,s,1340
4772439000,s,1340
4772503000,s,1340
4772571000,s,1340
4772639000,s,1340
4772706000,s,1340
4772760000,s,1340
4772832000,s,1340
4773084000,s,1340
4773267000,s,1340
4773433000,s,1340
4773537000,s,1340
4773611000,s,1340
4773884000,r,1440
4773884000,r,1440
4773884000,r,1440
4773884000,r,1440
4773885000,r,1440
4773885000,r,1440
4773885000,r,1440
4773885000,r,1440
4773956000,r,1440
4773956000,r,1440
4773956000,r,1440
4773972000,s,1340
4774172000,s,1340
4774257000,s,1340
4774342000,s,1340
4774374000,s,1340
4774509000,s,1340
4774531000,s,1340
4774541000,s,1340
4774555000,s,1340
4774565000,s,1340
4774577000,s,1340
4774589000,s,1340
4774602000,s,1340
4774614000,s,1340
4774699000,s,1340
4774881000,s,1340
4775128000,s,1340
4775254000,s,1340
4775312000,s,1340
4775459000,s,1340
4775554000,s,1340
4776316000,s,1340
4776358000,s,1340
4776665000,s,1340
4776733000,s,1340
4776786000,s,1340
4776923000,s,1340
4777158000,s,1340
4777237000,s,1340
4777382000,s,1340
4777587000,s,1340
4777678000,s,1340
4777805000,s,1340
4777907000,s,1340
4777977000,s,1340
4778227000,s,1340
4778380000,s,1340
4778548000,s,1340
4778634000,s,1340
4778855000,s,1340
4778938000,s,1340
4779155000,s,1340
4779240000,s,1340
4779409000,s,1340
4779595000,s,1340
4779716000,s,1340
4779912000,s,1340
4779993000,s,1340
4780069000,s,1340
4780257000,s,1340
4780359000,s,1340
4780517000,s,1340
4780682000,s,1340
4780858000,s,1340
4780945000,s,1340
4781174000,s,1340
4781255000,s,1340
4781505000,s,1340
4781583000,s,1340
4781734000,s,1340
4781931000,s,1340
4782004000,s,1340
4782166000,s,1340
4782293000,s,1340
4782369000,s,1340
4782524000,s,1340
4782669000,s,1340
4782708000,s,1340
4783029000,s,1340
4783128000,s,1340
4783329000,s,1340
4783409000,s,1340
4783549000,s,1340
4786822000,r,1440
4786822000,r,1440
4786822000,r,1440
4786822000,r,1440
4786822000,r,1440
4786822000,r,1440
4786823000,r,1440
4786823000,r,1440
4786920000,r,1440
4786920000,r,1440
4787350000,s,1340
4787486000,s,1340
4787618000,s,1340
4787761000,s,1340
4788368000,r,1440
4788865000,s,1340
4788931000,s,1340
4788951000,s,1340
4789552000,s,1340
4789631000,s,1340
4790415000,s,1340
4790861000,s,1340
4797029000,r,1440
4797371000,s,1340
4800783000,r,1440
4800783000,r,1440
4800783000,r,1440
4801301000,s,1340
4802837000,r,1440
4803171000,s,1340
4804841000,r,1440
4807532000,r,1440
4807532000,r,1440
4807532000,r,1440
4807533000,r,1440
4807533000,r,1440
4807533000,r,1440
4807533000,r,1440
4807533000,r,1440
4807613000,r,1440
4807613000,r,1440
4807937000,r,1440
4808038000,s,1340
4808175000,s,1340
4808249000,s,1340
4808317000,s,1340
4808435000,s,1340
4808498000,s,1340
4808556000,s,1340
4808579000,r,1440
4808610000,s,1340
4808728000,s,1340
4808798000,s,1340
4808864000,s,1340
4808923000,s,1340
4809992000,r,1440
4819010000,r,1440
4819484000,s,1340
4820356000,r,1440
4820356000,r,1440
4820356000,r,1440
4820737000,r,1440
4820737000,r,1440
4820737000,r,1440
4820824000,s,1340
4820981000,s,1340
4821074000,s,1340
4821141000,s,1340
4821236000,s,1340
4821353000,s,1340
4821774000,s,1340
4821850000,s,1340
4821940000,s,1340
4821993000,s,1340
4822046000,r,1440
4822046000,r,1440
4822046000,r,1440
4822047000,r,1440
4822047000,r,1440
4822047000,r,1440
4822047000,r,1440
4822437000,s,1340
4822482000,s,1340
4822666000,s,1340
4822705000,s,1340
4822955000,s,1340
4823156000,s,1340
4823178000,s,1340
4823187000,s,1340
4823406000,s,1340
4823490000,s,1340
4824267000,s,1340
4831557000,r,1440
4833391000,s,1340
4833451000,r,1440
4850975000,s,1340
4859552000,r,1440
4861400000,r,1440
4862988000,r,1440
4863416000,s,1340
4866392000,s,1340
4866498000,s,1340
4873070000,r,1440
4873070000,r,1440
4877208000,r,1440
4877857000,s,1340
4885630000,r,1440
4885630000,r,1440
4885630000,r,1440
4885630000,r,1440
4885631000,r,1440
4885631000,r,1440
4885631000,r,1440
4885631000,r,1440
4885841000,r,1440
4885841000,r,1440
4885841000,r,1440
4885842000,r,1440
4885842000,r,1440
4885842000,r,1440
4885842000,r,1440
4885842000,r,1440
4885897000,r,1440
4885897000,r,1440
4885897000,r,1440
4885897000,r,1440
4885897000,r,1440
4885897000,r,1440
4885898000,r,1440
4885898000,r,1440
4885935000,r,1440
4885935000,r,1440
4885935000,r,1440
4885936000,r,1440
4885936000,r,1440
4885936000,r,1440
4885936000,r,1440
4885936000,r,1440
4885975000,r,1440
4885976000,r,1440
4885976000,r,1440
4885976000,r,1440
4885976000,r,1440
4886342000,s,1340
4886473000,s,1340
4886525000,s,1340
4886665000,s,1340
4886786000,s,1340
4886821000,r,1440
4886821000,r,1440
4886821000,r,1440
4886879000,s,1340
4886821000,r,1440
4886821000,r,1440
4886821000,r,1440
4886821000,r,1440
4886937000,s,1340
4886988000,s,1340
4887043000,s,1340
4887093000,s,1340
4887327000,s,1340
4887403000,s,1340
4887470000,s,1340
4887557000,s,1340
4887826000,s,1340
4888307000,s,1340
4888385000,s,1340
4888492000,s,1340
4888744000,s,1340
4888854000,s,1340
4888925000,s,1340
4888992000,s,1340
4889185000,s,1340
4889256000,s,1340
4889423000,s,1340
4889506000,s,1340
4889697000,s,1340
4889736000,s,1340
4889754000,s,1340
4889764000,s,1340
4889773000,s,1340
4889785000,s,1340
4889794000,s,1340
4889805000,s,1340
4889817000,s,1340
4889829000,s,1340
4889839000,s,1340
4889849000,s,1340
4889860000,s,1340
4889871000,s,1340
4889882000,s,1340
4889891000,s,1340
4889901000,s,1340
4889914000,s,1340
4889927000,s,1340
4890048000,s,1340
4890098000,s,1340
4890504000,s,1340
4890572000,s,1340
4890897000,s,1340
4890914000,s,1340
4890928000,s,1340
4890968000,s,1340
4891811000,s,1340
4891982000,s,1340
4892018000,s,1340
4893131000,s,1340
4893263000,s,1340
4893349000,s,1340
4893409000,s,1340
4893628000,s,1340
4893822000,s,1340
4893914000,s,1340
4893970000,s,1340
4894147000,s,1340
4894223000,s,1340
4894532000,s,1340
4895298000,s,1340
4895472000,s,1340
4895608000,s,1340
4896058000,s,1340
4896139000,s,1340
4896224000,s,1340
4896299000,s,1340
4896531000,s,1340
4896782000,s,1340
4896937000,s,1340
4896989000,s,1340
4897177000,r,1440
4897183000,s,1340
4897272000,s,1340
4897382000,s,1340
4897437000,s,1340
4897921000,s,1340
4897977000,s,1340
4898038000,s,1340
4898186000,r,1440
4898186000,r,1440
4898186000,r,1440
4898410000,r,1440
4898426000,s,1340
4898410000,r,1440
4898411000,r,1440
4898411000,r,1440
4898455000,s,1340
4898411000,r,1440
4898411000,r,1440
4898602000,s,1340
4898667000,s,1340
4898683000,s,1340
4898709000,s,1340
4898846000,s,1340
4898880000,s,1340
4899282000,s,1340
4899436000,s,1340
4899455000,s,1340
4899466000,s,1340
4899475000,s,1340
4899485000,s,1340
4899494000,s,1340
4899528000,s,1340
4899545000,s,1340
4899751000,r,1440
4899751000,r,1440
4899751000,r,1440
4899751000,r,1440
4899751000,r,1440
4899752000,r,1440
4899904000,s,1340
4900846000,r,1440
4900846000,r,1440
4901125000,s,1340
4901617000,s,1340
4901849000,s,1340
4901856000,r,1440
4901856000,r,1440
4901856000,r,1440
4901857000,r,1440
4901857000,r,1440
4901857000,r,1440
4901857000,r,1440
4901857000,r,1440
4901941000,r,1440
4902066000,s,1340
4902207000,r,1440
4902208000,r,1440
4902208000,r,1440
4902208000,r,1440
4902208000,r,1440
4902208000,r,1440
4902737000,s,1340
4902796000,s,1340
4902834000,s,1340
4902948000,s,1340
4903091000,s,1340
4903113000,s,1340
4903127000,s,1340
4903140000,s,1340
4903155000,s,1340
4903167000,s,1340
4903177000,s,1340
4903187000,s,1340
4903199000,s,1340
4903210000,s,1340
4903220000,s,1340
4903231000,s,1340
4903254000,s,1340
4903298000,s,1340
4903347000,r,1440
4903347000,r,1440
4903348000,r,1440
4903348000,r,1440
4903348000,r,1440
4903348000,r,1440
4903348000,r,1440
4903348000,r,1440
4903405000,r,1440
4903424000,r,1440
4903424000,r,1440
4903424000,r,1440
4903424000,r,1440
4903424000,r,1440
4903424000,r,1440
4903425000,r,1440
4903425000,r,1440
4903464000,r,1440
4903982000,r,1440
4903982000,r,1440
4903982000,r,1440
4903982000,r,1440
4903982000,r,1440
4903982000,r,1440
4903983000,r,1440
4903983000,r,1440
4904016000,r,1440
4904016000,r,1440
4904016000,r,1440
4904016000,r,1440
4904149000,s,1340
4904184000,s,1340
4904202000,s,1340
4904210000,s,1340
4904217000,s,1340
4904225000,s,1340
4904232000,s,1340
4904239000,s,1340
4904245000,s,1340
4907028000,r,1440
4907028000,r,1440
4907028000,r,1440
4907028000,r,1440
4907028000,r,1440
4907028000,r,1440
4907028000,r,1440
4907029000,r,1440
4907186000,r,1440
4907186000,r,1440
4907186000,r,1440
4907186000,r,1440
4907186000,r,1440
4907186000,r,1440
4907187000,r,1440
4907187000,r,1440
4907232000,r,1440
4907233000,r,1440
4907233000,r,1440
4907233000,r,1440
4907233000,r,1440
4907233000,r,1440
4907233000,r,1440
4907233000,r,1440
4907267000,r,1440
4907313000,s,1340
4907365000,s,1340
4907379000,s,1340
4907390000,s,1340
4907401000,s,1340
4907411000,s,1340
4907420000,s,1340
4907431000,s,1340
4907440000,s,1340
4907450000,s,1340
4907459000,s,1340
4907467000,s,1340
4907476000,s,1340
4907485000,s,1340
4907494000,s,1340
4907502000,s,1340
4907545000,s,1340
4907556000,s,1340
4907565000,s,1340
4907575000,s,1340
4907583000,s,1340
4907592000,s,1340
4907601000,s,1340
4907610000,s,1340
4907619000,s,1340
4907638000,s,1340
4907647000,s,1340
4907656000,s,1340
4907846000,s,1340
4907898000,s,1340
4907910000,s,1340
4908148000,s,1340
4908236000,s,1340
4908306000,s,1340
4908355000,s,1340
4908402000,s,1340
4908450000,s,1340
4908499000,s,1340
4908543000,s,1340
4908584000,s,1340
4908625000,s,1340
4908666000,s,1340
4908730000,s,1340
4908776000,s,1340
4908816000,s,1340
4908858000,s,1340
4908902000,s,1340
4908945000,s,1340
4909008000,s,1340
4909214000,s,1340
4909275000,s,1340
4909405000,s,1340
4909520000,s,1340
4909722000,s,1340
4909770000,s,1340
4909877000,s,1340
4909986000,s,1340
4910210000,s,1340
4910285000,s,1340
4910906000,s,1340
4911029000,s,1340
4911087000,s,1340
4911279000,s,1340
4911456000,s,1340
4911677000,s,1340
4911751000,s,1340
4911806000,s,1340
4912448000,s,1340
4912516000,s,1340
4913629000,s,1340
4913700000,s,1340
4913755000,s,1340
4915006000,s,1340
4915061000,s,1340
4915134000,s,1340
4915178000,s,1340
4916302000,s,1340
4916410000,s,1340
4916470000,s,1340
4916523000,s,1340
4917542000,s,1340
4917583000,s,1340
4917804000,s,1340
4917916000,s,1340
4918204000,s,1340
4918333000,s,1340
4918407000,s,1340
4918471000,s,1340
4918637000,s,1340
4918704000,s,1340
4918754000,s,1340
4922301000,s,1340
4922356000,s,1340
4922369000,s,1340
4922379000,s,1340
4922506000,s,1340
4922683000,s,1340
4922765000,s,1340
4922965000,s,1340
4922986000,s,1340
4923531000,r,1440
4923531000,r,1440
4923531000,r,1440
4923531000,r,1440
4923531000,r,1440
4923532000,r,1440
4923532000,r,1440
4923532000,r,1440
4923665000,r,1440
4923666000,r,1440
4923666000,r,1440
4923666000,r,1440
4923666000,r,1440
4923666000,r,1440
4923666000,r,1440
4923666000,r,1440
4923702000,r,1440
4923703000,r,1440
4923703000,r,1440
4923703000,r,1440
4923703000,r,1440
4923703000,r,1440
4923703000,r,1440
4923703000,r,1440
4923737000,r,1440
4923737000,r,1440
4923737000,r,1440
4923737000,r,1440
4923738000,r,1440
4923738000,r,1440
4923738000,r,1440
4923738000,r,1440
4923771000,r,1440
4923771000,r,1440
4923771000,r,1440
4923771000,r,1440
4923771000,r,1440
4923771000,r,1440
4923772000,r,1440
4923772000,r,1440
4923805000,r,1440
4923805000,r,1440
4923805000,r,1440
4923806000,r,1440
4923806000,r,1440
4923806000,r,1440
4923806000,r,1440
4923806000,r,1440
4923838000,r,1440
4923839000,r,1440
4923839000,r,1440
4923839000,r,1440
4923839000,r,1440
4923839000,r,1440
4923839000,r,1440
4923839000,r,1440
4923872000,r,1440
4923872000,r,1440
4923872000,r,1440
4923872000,r,1440
4923872000,r,1440
4923872000,r,1440
4923872000,r,1440
4923872000,r,1440
4923932000,r,1440
4923932000,r,1440
4923933000,r,1440
4923933000,r,1440
4923933000,r,1440
4923933000,r,1440
4923933000,r,1440
4923933000,r,1440
4923969000,r,1440
4923970000,r,1440
4923970000,r,1440
4923970000,r,1440
4923970000,r,1440
4925167000,r,1440
4925167000,r,1440
4925167000,r,1440
4925167000,r,1440
4925216000,s,1340
4925167000,r,1440
4925167000,r,1440
4925286000,s,1340
4925324000,s,1340
4925543000,s,1340
4925659000,s,1340
4925712000,s,1340
4925780000,s,1340
4925801000,s,1340
4925813000,s,1340
4925824000,s,1340
4925837000,s,1340
4925848000,s,1340
4925861000,s,1340
4925872000,s,1340
4925884000,s,1340
4925894000,s,1340
4925905000,s,1340
4925916000,s,1340
4925924000,s,1340
4925935000,s,1340
4925945000,s,1340
4925953000,s,1340
4925967000,s,1340
4925978000,s,1340
4925990000,s,1340
4925998000,s,1340
4926015000,s,1340
4926027000,s,1340
4926035000,s,1340
4926049000,s,1340
4926059000,s,1340
4926067000,s,1340
4926079000,s,1340
4926093000,s,1340
4926102000,s,1340
4926111000,s,1340
4926120000,s,1340
4926128000,s,1340
4926136000,s,1340
4926144000,s,1340
4926152000,s,1340
4926176000,s,1340
4926290000,s,1340
4926542000,s,1340
4926632000,s,1340
4926702000,s,1340
4926754000,s,1340
4926823000,s,1340
4926891000,s,1340
4926964000,s,1340
4927035000,s,1340
4927082000,s,1340
4927125000,s,1340
4927169000,s,1340
4927854000,s,1340
4927927000,s,1340
4927993000,s,1340
4928054000,s,1340
4928287000,s,1340
4928367000,s,1340
4928508000,s,1340
4928622000,s,1340
4928671000,s,1340
4929461000,s,1340
4930665000,s,1340
4930778000,s,1340
4930862000,s,1340
4931667000,s,1340
4931748000,s,1340
4932988000,s,1340
4933078000,s,1340
4933273000,s,1340
4933357000,s,1340
4933437000,s,1340
4933603000,s,1340
4933729000,s,1340
4933790000,s,1340
4934246000,s,1340
4934417000,s,1340
4934584000,s,1340
4934651000,s,1340
4935464000,s,1340
4935534000,r,1440
4935534000,r,1440
4935535000,r,1440
4935535000,r,1440
4935535000,r,1440
4935535000,r,1440
4935535000,r,1440
4935535000,r,1440
4935639000,r,1440
4935661000,r,1440
4935661000,r,1440
4935661000,r,1440
4935661000,r,1440
4935661000,r,1440
4935661000,r,1440
4935662000,r,1440
4935662000,r,1440
4935686000,s,1340
4935693000,r,1440
4935770000,s,1340
4935921000,s,1340
4936017000,s,1340
4936098000,s,1340
4936178000,s,1340
4936256000,s,1340
4936330000,s,1340
4936404000,s,1340
4936476000,s,1340
4936550000,s,1340
4936629000,s,1340
4936704000,s,1340
4936775000,s,1340
4936847000,s,1340
4936915000,s,1340
4936995000,s,1340
4937068000,s,1340
4937140000,s,1340
4937231000,r,1440
4937231000,r,1440
4937231000,r,1440
4937232000,r,1440
4937232000,r,1440
4937430000,s,1340
4937527000,s,1340
4937643000,s,1340
4937709000,s,1340
4937826000,s,1340
4938140000,s,1340
4938198000,s,1340
4938250000,s,1340
4938580000,s,1340
4938633000,s,1340
4938880000,s,1340
4938950000,s,1340
4939577000,s,1340
4939829000,s,1340
4939886000,s,1340
4939928000,s,1340
4940574000,r,1440
4940628000,s,1340
4940716000,s,1340
4940786000,s,1340
4940848000,s,1340
4940909000,s,1340
4940956000,s,1340
4941020000,s,1340
4941159000,s,1340
4941322000,s,1340
4941699000,s,1340
4941816000,r,1440
4941816000,r,1440
4941816000,r,1440
4942064000,s,1340
4942192000,s,1340
4942333000,s,1340
4942431000,r,1440
4942431000,r,1440
4942469000,s,1340
4942431000,r,1440
4942431000,r,1440
4942431000,r,1440
4942431000,r,1440
4942431000,r,1440
4942432000,r,1440
4942503000,r,1440
4942503000,r,1440
4942503000,r,1440
4942503000,r,1440
4942503000,r,1440
4942503000,r,1440
4942504000,r,1440
4942504000,r,1440
4942539000,s,1340
4942549000,r,1440
4942549000,r,1440
4942591000,s,1340
4942785000,s,1340
4942876000,s,1340
4942942000,s,1340
4943064000,s,1340
4943146000,s,1340
4943202000,s,1340
4943256000,s,1340
4943326000,s,1340
4943384000,s,1340
4943435000,s,1340
4943495000,r,1440
4943495000,r,1440
4943551000,s,1340
4943495000,r,1440
4943495000,r,1440
4943495000,r,1440
4943495000,r,1440
4943608000,r,1440
4943608000,r,1440
4943608000,r,1440
4943609000,r,1440
4943609000,r,1440
4943609000,r,1440
4943609000,r,1440
4943609000,r,1440
4943662000,r,1440
4943662000,r,1440
4943662000,r,1440
4943662000,r,1440
4943693000,s,1340
4944063000,s,1340
4944127000,s,1340
4944251000,r,1440
4944274000,s,1340
4944251000,r,1440
4944251000,r,1440
4944337000,s,1340
4944529000,r,1440
4944599000,s,1340
4944529000,r,1440
4944529000,r,1440
4944675000,s,1340
4944763000,s,1340
4945108000,r,1440
4945108000,r,1440
4945108000,r,1440
4945108000,r,1440
4945108000,r,1440
4945109000,r,1440
4945109000,r,1440
4945109000,r,1440
4945198000,r,1440
4945198000,r,1440
4945198000,r,1440
4945198000,r,1440
4945237000,r,1440
4945237000,r,1440
4945237000,r,1440
4945707000,r,1440
4945707000,r,1440
4945707000,r,1440
4945707000,r,1440
4945707000,r,1440
4945707000,r,1440
4945707000,r,1440
4945707000,r,1440
4945741000,r,1440
4945935000,s,1340
4946026000,s,1340
4946105000,s,1340
4946184000,s,1340
4946266000,s,1340
4946393000,s,1340
4946474000,s,1340
4946553000,s,1340
4946633000,s,1340
4946713000,s,1340
4946785000,s,1340
4946862000,s,1340
4946939000,s,1340
4947037000,r,1440
4947038000,r,1440
4947038000,r,1440
4947038000,r,1440
4947038000,r,1440
4947038000,r,1440
4947038000,r,1440
4947038000,r,1440
4947082000,r,1440
4947090000,s,1340
4947561000,s,1340
4947649000,s,1340
4947730000,s,1340
4947817000,s,1340
4947901000,s,1340
4947985000,s,1340
4948077000,s,1340
4948189000,s,1340
4948294000,s,1340
4948389000,s,1340
4948472000,s,1340
4948600000,s,1340
4948783000,s,1340
4948900000,s,1340
4949001000,s,1340
4949091000,s,1340
4949172000,s,1340
4949258000,s,1340
4949349000,s,1340
4949440000,s,1340
4949538000,s,1340
4949629000,s,1340
4949713000,s,1340
4949793000,s,1340
4949876000,s,1340
4949968000,s,1340
4950049000,s,1340
4950133000,s,1340
4950234000,s,1340
4950330000,s,1340
4950433000,s,1340
4950542000,s,1340
4950642000,s,1340
4950718000,s,1340
4950823000,s,1340
4950926000,s,1340
4951024000,s,1340
4951137000,s,1340
4951246000,s,1340
4951345000,s,1340
4951443000,s,1340
4951635000,s,1340
4951744000,s,1340
4951849000,s,1340
4951947000,s,1340
4952060000,s,1340
4952165000,s,1340
4952250000,s,1340
4952324000,s,1340
4952422000,s,1340
4952521000,s,1340
4952618000,s,1340
4952720000,s,1340
4952805000,s,1340
4952849000,r,1440
4952850000,r,1440
4952850000,r,1440
4952882000,s,1340
4952850000,r,1440
4952850000,r,1440
4952850000,r,1440
4952850000,r,1440
4952850000,r,1440
4952904000,r,1440
4952967000,s,1340
4953048000,s,1340
4953136000,s,1340
4953209000,s,1340
4953312000,s,1340
4953399000,s,1340
4953486000,s,1340
4953573000,s,1340
4953646000,s,1340
4953739000,s,1340
4953827000,s,1340
4953927000,s,1340
4954018000,s,1340
4954118000,s,1340
4954205000,s,1340
4954298000,s,1340
4954380000,s,1340
4954464000,s,1340
4954582000,r,1440
4954582000,r,1440
4954582000,r,1440
4954582000,r,1440
4954582000,r,1440
4954715000,s,1340
4954822000,s,1340
4954952000,s,1340
4955033000,s,1340
4955285000,s,1340
4955541000,s,1340
4955590000,s,1340
4955609000,s,1340
4955659000,s,1340
4955749000,s,1340
4955855000,s,1340
4955877000,s,1340
4955908000,s,1340
4956077000,s,1340
4956118000,s,1340
4956266000,s,1340
4956397000,s,1340
4956723000,s,1340
4956799000,s,1340
4956865000,s,1340
4956928000,s,1340
4957290000,s,1340
4957368000,s,1340
4957437000,s,1340
4957632000,s,1340
4957712000,s,1340
4957881000,s,1340
4958083000,s,1340
4958151000,s,1340
4958292000,s,1340
4958418000,s,1340
4958552000,s,1340
4958621000,s,1340
4958684000,s,1340
4958739000,s,1340
4958795000,s,1340
4958902000,s,1340
4959085000,s,1340
4959179000,s,1340
4959299000,s,1340
4960111000,s,1340
4960271000,s,1340
4960389000,s,1340
4960470000,s,1340
4960543000,s,1340
4960689000,s,1340
4960750000,s,1340
4961664000,s,1340
4961741000,s,1340
4961816000,s,1340
4962050000,s,1340
4962206000,s,1340
4962350000,s,1340
4962404000,s,1340
4962532000,s,1340
4962596000,s,1340
4963244000,s,1340
4963412000,s,1340
4963496000,s,1340
4963528000,r,1440
4963528000,r,1440
4963655000,s,1340
4963759000,s,1340
4963830000,s,1340
4964117000,s,1340
4964190000,s,1340
4964336000,s,1340
4964497000,s,1340
4964643000,s,1340
4964790000,s,1340
4964866000,s,1340
4965046000,s,1340
4965211000,s,1340
4965293000,s,1340
4967063000,r,1440
4967394000,s,1340
4967478000,s,1340
4967717000,s,1340
4967804000,s,1340
4967890000,s,1340
4967932000,s,1340
4968831000,s,1340
4969745000,s,1340
4970671000,s,1340
4970921000,s,1340
4971078000,s,1340
4971249000,s,1340
4971395000,s,1340
4971547000,s,1340
4971696000,s,1340
4971745000,s,1340
4972138000,s,1340
4972217000,s,1340
4972352000,s,1340
4972423000,s,1340
4972669000,s,1340
4973868000,s,1340
4974024000,s,1340
4974110000,s,1340
4974165000,s,1340
4974231000,s,1340
4974852000,s,1340
4974930000,s,1340
4975703000,s,1340
4975900000,s,1340
4976016000,s,1340
4976178000,s,1340
4976307000,s,1340
4976381000,s,1340
4976529000,s,1340
4976699000,s,1340
4976736000,s,1340
4976780000,s,1340
4977077000,s,1340
4977168000,s,1340
4977308000,s,1340
4977367000,s,1340
4977527000,s,1340
4977979000,s,1340
4978428000,s,1340
4978513000,s,1340
4978695000,s,1340
4978786000,s,1340
4978865000,s,1340
4978950000,s,1340
4979072000,s,1340
4979121000,s,1340
4979620000,s,1340
4980172000,s,1340
4981038000,s,1340
4981071000,s,1340
4981129000,s,1340
4981696000,s,1340
4982003000,s,1340
4982220000,s,1340
4982407000,s,1340
4982543000,s,1340
4982632000,s,1340
4982797000,s,1340
4982966000,s,1340
4983075000,s,1340
4983164000,s,1340
4983323000,s,1340
4983472000,s,1340
4983579000,s,1340
4983787000,s,1340
4983873000,s,1340
4983952000,s,1340
4984076000,s,1340
4984366000,s,1340
4984851000,s,1340
4984939000,s,1340
4985173000,s,1340
4985269000,s,1340
4985354000,s,1340
4985436000,s,1340
4985649000,s,1340
4985734000,s,1340
4985920000,s,1340
4985940000,s,1340
4986162000,s,1340
4986208000,s,1340
4986645000,s,1340
4987100000,s,1340
4987245000,s,1340
4987420000,s,1340
4987605000,s,1340
4987917000,s,1340
4987944000,s,1340
4987957000,s,1340
4987970000,s,1340
4988103000,s,1340
4988172000,s,1340
4988632000,s,1340
4988756000,s,1340
4988939000,s,1340
4989092000,s,1340
4989183000,s,1340
4989844000,s,1340
4990085000,s,1340
4990165000,s,1340
4990656000,s,1340
4990777000,s,1340
4990920000,s,1340
4991178000,s,1340
4991313000,s,1340
4991437000,s,1340
4991625000,s,1340
4991761000,s,1340
4991894000,s,1340
4992019000,s,1340
4992243000,s,1340
4992537000,s,1340
4992674000,s,1340
4992814000,s,1340
4992968000,s,1340
4993111000,s,1340
4993253000,s,1340
4993390000,s,1340
4993525000,s,1340
4993681000,s,1340
4993808000,s,1340
4993935000,s,1340
4994080000,s,1340
4994226000,s,1340
4994359000,s,1340
4994462000,s,1340
4995910000,s,1340
4996220000,s,1340
4996321000,s,1340
4996532000,s,1340
4996764000,s,1340
4996939000,s,1340
4997077000,s,1340
4997221000,s,1340
4997304000,s,1340
4997433000,s,1340
4997513000,s,1340
4997666000,s,1340
4997750000,s,1340
4997908000,s,1340
4998073000,s,1340
4998238000,s,1340
4998314000,s,1340
4998481000,s,1340
4998640000,s,1340
4998866000,s,1340
4998943000,s,1340
4999121000,s,1340
4999297000,s,1340
4999545000,s,1340
4999588000,s,1340
4999600000,s,1340
4999682000,s,1340
5000211000,s,1340
5001459000,s,1340
5001651000,s,1340
5001770000,s,1340
5001883000,s,1340
5002944000,s,1340
5003043000,s,1340
5003133000,s,1340
5003214000,s,1340
5003316000,s,1340
5003422000,r,1440
5003474000,s,1340
5003645000,s,1340
5003826000,s,1340
5006863000,r,1440
5007897000,s,1340
5013971000,s,1340
5422565000,r,1440
5628912000,r,1440
5935683000,r,1440
5937151000,s,1340
6348022000,r,1440
7063588000,r,1440
7063588000,r,1440
7063588000,r,1440
7063588000,r,1440
7063588000,r,1440
7063588000,r,1440
7063588000,r,1440
7063589000,r,1440
7063945000,r,1440
7063945000,r,1440
7063945000,r,1440
7063945000,r,1440
7065325000,s,1340
7065538000,s,1340
7065677000,s,1340
7065776000,s,1340
7065907000,s,1340
7066038000,s,1340
7066582000,s,1340
7066765000,s,1340
7066913000,s,1340
7067049000,s,1340
7067205000,s,1340
7067317000,s,1340
7067429000,s,1340
7067684000,s,1340
7067832000,s,1340
7067929000,s,1340
7068017000,s,1340
7068118000,s,1340
7068217000,s,1340
7077767000,s,1340
7163622000,r,1440
7163622000,r,1440
7163622000,r,1440
7163622000,r,1440
7163622000,r,1440
7163622000,r,1440
7163622000,r,1440
7163622000,r,1440
7163956000,r,1440
7163956000,r,1440
7163956000,r,1440
7163956000,r,1440
7163957000,r,1440
7163957000,r,1440
7163957000,r,1440
7163957000,r,1440
7164024000,r,1440
7164024000,r,1440
7164024000,r,1440
7164024000,r,1440
7164024000,r,1440
7164024000,r,1440
7164024000,r,1440
7164024000,r,1440
7164071000,r,1440
7164071000,r,1440
7164071000,r,1440
7165717000,s,1340
7166677000,s,1340
7166854000,s,1340
7166959000,s,1340
7167193000,s,1340
7167340000,s,1340
7167695000,s,1340
7167871000,s,1340
7168015000,s,1340
7168150000,s,1340
7168281000,s,1340
7168411000,s,1340
7168541000,s,1340
7168669000,s,1340
7168923000,s,1340
7169451000,s,1340
7169631000,s,1340
7169800000,s,1340
7169957000,s,1340
7170115000,s,1340
7170269000,s,1340
7170418000,s,1340
7170569000,s,1340
7170719000,s,1340
7170879000,s,1340
7171028000,s,1340
7171178000,s,1340
7171324000,s,1340
7171472000,s,1340
7171717000,s,1340
7171938000,s,1340
7172158000,s,1340
7172372000,s,1340
7172594000,s,1340
7173228000,s,1340
7174964000,s,1340
7175914000,s,1340
7176196000,s,1340
7176996000,s,1340
7177298000,s,1340
7177549000,s,1340
7177786000,s,1340
7178051000,s,1340
7178294000,s,1340
7178537000,s,1340
7178770000,s,1340
7178952000,s,1340
7179124000,s,1340
7179292000,s,1340
7181157000,r,1440
7181158000,r,1440
7181158000,r,1440
7181159000,r,1440
7181159000,r,1440
7181160000,r,1440
7182690000,s,1340
7183004000,s,1340
7183337000,s,1340
7183577000,r,1440
7183669000,s,1340
7183578000,r,1440
7183879000,s,1340
7184082000,s,1340
7184306000,s,1340
7184534000,s,1340
7184573000,r,1440
7184574000,r,1440
7184574000,r,1440
7184575000,r,1440
7184575000,r,1440
7184576000,r,1440
7184765000,s,1340
7184576000,r,1440
7184577000,r,1440
7184829000,r,1440
7184829000,r,1440
7184830000,r,1440
7185361000,s,1340
7185596000,s,1340
7185827000,s,1340
7185895000,r,1440
7185896000,r,1440
7185964000,r,1440
7185965000,r,1440
7186034000,s,1340
7186261000,s,1340
7186506000,s,1340
7186737000,s,1340
7186914000,r,1440
7186930000,s,1340
7186914000,r,1440
7187157000,s,1340
7187373000,s,1340
7187629000,s,1340
7187868000,s,1340
7188074000,s,1340
7188277000,s,1340
7188502000,s,1340
7188727000,s,1340
7188956000,s,1340
7189151000,s,1340
7189374000,s,1340
7189415000,r,1440
7189415000,r,1440
7189415000,r,1440
7189415000,r,1440
7189415000,r,1440
7189416000,r,1440
7189416000,r,1440
7189416000,r,1440
7189921000,s,1340
7190141000,s,1340
7191347000,r,1440
7192061000,s,1340
7192862000,s,1340
7193113000,s,1340
7193288000,s,1340
7193444000,s,1340
7193666000,s,1340
7193875000,s,1340
7194096000,s,1340
7194452000,s,1340
7194656000,s,1340
7194682000,r,1440
7194848000,s,1340
7195063000,s,1340
7195257000,s,1340
7195432000,s,1340
7196113000,s,1340
7196329000,s,1340
7196544000,s,1340
7196738000,s,1340
7196927000,s,1340
7197435000,s,1340
7197641000,s,1340
7197857000,s,1340
7198062000,s,1340
7198252000,s,1340
7198859000,s,1340
7199651000,s,1340
7200412000,s,1340
7200637000,s,1340
7200818000,s,1340
7201172000,s,1340
7201556000,s,1340
7201740000,s,1340
7201922000,s,1340
7202105000,s,1340
7202287000,s,1340
7202467000,s,1340
7202619000,s,1340
7202745000,s,1340
7202831000,s,1340
7202920000,s,1340
7203036000,s,1340
7203132000,s,1340
7203225000,s,1340
7203896000,s,1340
7204165000,s,1340
7204726000,s,1340
7205062000,s,1340
7205958000,s,1340
7206098000,s,1340
7206215000,s,1340
7206332000,s,1340
7206465000,s,1340
7206581000,s,1340
7206704000,s,1340
7206830000,s,1340
7206974000,s,1340
7207191000,s,1340
7207320000,s,1340
7207435000,s,1340
7207587000,s,1340
7207708000,s,1340
7207836000,s,1340
7208256000,s,1340
7208417000,s,1340
7208542000,s,1340
7208673000,s,1340
7208796000,s,1340
7208913000,s,1340
7209021000,s,1340
7209124000,s,1340
7209225000,s,1340
7209335000,s,1340
7209441000,s,1340
7209542000,s,1340
7209651000,s,1340
7209757000,s,1340
7209871000,s,1340
7209981000,s,1340
7210178000,s,1340
7210293000,s,1340
7210400000,s,1340
7210509000,s,1340
7210613000,s,1340
7210719000,s,1340
7210830000,s,1340
7210950000,s,1340
7211053000,s,1340
7211155000,s,1340
7211262000,s,1340
7211373000,s,1340
7211479000,s,1340
7211680000,s,1340
7211792000,s,1340
7211900000,s,1340
7211984000,s,1340
7212105000,s,1340
7212212000,s,1340
7212317000,s,1340
7212427000,s,1340
7212677000,s,1340
7212792000,s,1340
7212898000,s,1340
7213086000,s,1340
7213739000,s,1340
7214421000,s,1340
7214612000,s,1340
7214933000,s,1340
7215218000,s,1340
7215447000,s,1340
7215708000,s,1340
7215976000,s,1340
7216102000,s,1340
7216611000,s,1340
7216945000,s,1340
7217346000,s,1340
7217571000,s,1340
7217817000,s,1340
7218111000,s,1340
7218320000,s,1340
7219667000,s,1340
7219746000,s,1340
7219771000,s,1340
7219789000,s,1340
7219805000,s,1340
7219822000,s,1340
7219837000,s,1340
7219852000,s,1340
7219869000,s,1340
7219886000,s,1340
7219900000,s,1340
7219916000,s,1340
7219931000,s,1340
7220137000,s,1340
7220876000,s,1340
7222804000,s,1340
7223709000,s,1340
7223776000,s,1340
7223994000,s,1340
7224860000,s,1340
7225104000,s,1340
7225304000,s,1340
7225498000,s,1340
7225700000,s,1340
7225921000,s,1340
7226197000,s,1340
7226469000,s,1340
7226758000,s,1340
7227061000,s,1340
7227358000,s,1340
7236777000,s,1340
7471792000,r,1440
7474392000,s,1340
7779854000,r,1440
8192017000,r,1440
8195054000,s,1340
10083872000,r,1440
10083873000,r,1440
10083873000,r,1440
10083874000,r,1440
10083874000,r,1440
10083875000,r,1440
10083875000,r,1440
10083876000,r,1440
10087243000,s,1340
10087795000,s,1340
10088007000,s,1340
10088271000,s,1340
10088463000,s,1340
10097712000,s,1340
10339742000,r,1440
10751950000,r,1440
11063945000,r,1440
11065205000,s,1340
11263956000,r,1440
11263957000,r,1440
11263957000,r,1440
11265286000,s,1340
11265861000,s,1340
11468178000,r,1440
11775994000,r,1440
11997706000,s,1340
12288172000,r,1440
12290360000,s,1340
12491942000,r,1440
12899780000,r,1440
12901953000,s,1340
13311675000,r,1440
13313639000,s,1340
13516214000,r,1440
13923800000,r,1440
14027956000,r,1440
14029008000,s,1340
14231690000,r,1440
14232629000,s,1340
14435830000,r,1440
14639801000,r,1440
14641763000,s,1340
14947698000,r,1440
16995881000,r,1440
16995881000,r,1440
16995882000,r,1440
17001152000,s,1340
17001784000,s,1340
17002065000,s,1340
17002270000,s,1340
17002464000,s,1340
17002714000,s,1340
17002977000,s,1340
17003242000,s,1340
17003438000,s,1340
17003776000,s,1340
17004048000,s,1340
17004309000,s,1340
17004499000,s,1340
17004686000,s,1340
17004927000,s,1340
17005164000,s,1340
17005371000,s,1340
17005563000,s,1340
17005803000,s,1340
17006014000,s,1340
17006203000,s,1340
17006391000,s,1340
17006643000,s,1340
17006890000,s,1340
17007145000,s,1340
17007353000,s,1340
17007669000,s,1340
17007933000,s,1340
17008212000,s,1340
17008468000,s,1340
17008724000,s,1340
17008913000,s,1340
17009076000,s,1340
17009293000,s,1340
17009468000,s,1340
17009707000,s,1340
17009948000,s,1340
17010170000,s,1340
17010390000,s,1340
17010629000,s,1340
17010887000,s,1340
17011134000,s,1340
17011368000,s,1340
17011603000,r,1440
17011697000,s,1340
17011956000,s,1340
17012184000,s,1340
17012405000,s,1340
17012631000,s,1340
17012861000,s,1340
17013120000,s,1340
17013357000,s,1340
17013593000,s,1340
17013843000,s,1340
17014101000,s,1340
17014356000,s,1340
17014620000,s,1340
17014887000,s,1340
17015156000,s,1340
17015398000,s,1340
17015920000,s,1340
17015994000,r,1440
17016179000,s,1340
17016439000,s,1340
17017462000,s,1340
17017740000,s,1340
17017972000,s,1340
17018222000,s,1340
17018515000,s,1340
17018772000,s,1340
17019037000,s,1340
17019292000,s,1340
17019668000,s,1340
17019941000,s,1340
17020190000,s,1340
17020413000,s,1340
17020665000,s,1340
17020908000,s,1340
17021141000,s,1340
17021378000,s,1340
17021649000,s,1340
17021903000,s,1340
17022158000,s,1340
17022400000,s,1340
17022626000,s,1340
17022895000,s,1340
17023132000,s,1340
17023902000,s,1340
17024180000,s,1340
17024629000,s,1340
17025832000,s,1340
17026349000,s,1340
17026618000,s,1340
17026870000,s,1340
17027124000,s,1340
17027371000,s,1340
17027810000,s,1340
17028099000,s,1340
17028357000,s,1340
17028584000,s,1340
17028844000,s,1340
17029112000,s,1340
17029364000,s,1340
17029596000,s,1340
17029841000,s,1340
17030067000,s,1340
17030288000,s,1340
17030513000,s,1340
17030747000,s,1340
17030995000,s,1340
17031260000,s,1340
17031585000,s,1340
17031871000,s,1340
17032131000,s,1340
17032398000,s,1340
17032634000,s,1340
17032880000,s,1340
17033129000,s,1340
17033395000,s,1340
17033650000,s,1340
17033879000,s,1340
17034126000,s,1340
17034365000,s,1340
17034620000,s,1340
17034873000,s,1340
17035064000,r,1440
17035118000,s,1340
17035064000,r,1440
17035367000,s,1340
17035751000,s,1340
17036034000,s,1340
17036304000,s,1340
17036579000,s,1340
17036870000,s,1340
17037442000,s,1340
17037762000,s,1340
17038019000,s,1340
17038265000,s,1340
17038516000,s,1340
17038762000,s,1340
17038983000,s,1340
17039203000,s,1340
17039414000,s,1340
17039752000,s,1340
17039960000,r,1440
17039999000,s,1340
17040245000,s,1340
17040488000,s,1340
17040780000,s,1340
17041019000,s,1340
17041261000,s,1340
17041482000,s,1340
17041699000,s,1340
17041937000,s,1340
17042164000,s,1340
17042375000,s,1340
17042584000,s,1340
17042804000,s,1340
17043045000,s,1340
17043264000,s,1340
17043476000,s,1340
17043816000,s,1340
17044073000,s,1340
17044305000,s,1340
17044525000,s,1340
17044748000,s,1340
17044973000,s,1340
17045189000,s,1340
17045408000,s,1340
17045643000,s,1340
17045892000,s,1340
17046133000,s,1340
17046355000,s,1340
17046584000,s,1340
17046807000,s,1340
17047138000,s,1340
17047402000,s,1340
17051300000,s,1340
17507604000,r,1440
17612148000,r,1440
17613616000,s,1340
17815781000,r,1440
18223837000,r,1440
19242195000,s,1340
19281652000,s,1340
19282099000,s,1340
23720394000,s,1340
23759363000,s,1340
23759886000,s,1340
23779633000,r,1440
23782198000,r,1440
24064107000,r,1440
24067147000,s,1340
25564360000,s,1340
25603072000,s,1340
25603645000,s,1340
26007647000,r,1440
26211712000,r,1440
26214402000,s,1340
26623674000,r,1440
26623675000,r,1440
26623675000,r,1440
26623676000,r,1440
26626389000,s,1340
26932135000,r,1440
26936081000,s,1340