0,s,1340
11435000,r,1440
13349000,r,1440
25087000,s,1340
1801694000,s,1340
1841162000,s,1340
1841623000,s,1340
4018826000,s,1340
4056284000,s,1340
4056689000,s,1340
4056755000,s,1340
4069279000,s,1340
4069441000,s,1340
4079450000,r,1440
4080358000,r,1440
4080539000,s,1340
4083451000,r,1440
4083451000,r,1440
4083451000,r,1440
4083859000,s,1340
4087799000,s,1340
4087842000,s,1340
4090053000,s,1340
4098017000,r,1440
4098017000,r,1440
4098729000,r,1440
4099135000,s,1340
4100264000,r,1440
4100265000,r,1440
4100620000,s,1340
4100893000,s,1340
4101288000,r,1440
4102817000,s,1340
4104377000,s,1340
4105611000,s,1340
4108537000,r,1440
4108537000,r,1440
4114293000,r,1440
4115012000,s,1340
4118311000,r,1440
4118311000,r,1440
4119604000,s,1340
4119771000,s,1340
4119916000,s,1340
4120022000,s,1340
4120152000,s,1340
4120285000,s,1340
4120402000,s,1340
4120537000,s,1340
4120829000,s,1340
4120966000,s,1340
4121263000,s,1340
4121420000,s,1340
4121586000,s,1340
4121751000,s,1340
4121990000,s,1340
4122097000,s,1340
4122473000,s,1340
4122567000,s,1340
4122706000,s,1340
4123081000,s,1340
4123308000,s,1340
4123507000,s,1340
4123707000,s,1340
4123921000,s,1340
4124111000,s,1340
4124498000,s,1340
4124712000,s,1340
4124860000,s,1340
4125002000,s,1340
4125019000,r,1440
4125151000,s,1340
4125289000,s,1340
4125433000,s,1340
4125617000,s,1340
4125799000,s,1340
4125798000,r,1440
4125979000,s,1340
4126159000,s,1340
4126466000,s,1340
4126611000,s,1340
4126742000,s,1340
4127196000,s,1340
4127406000,s,1340
4127488000,s,1340
4127528000,s,1340
4128181000,s,1340
4128293000,s,1340
4128523000,r,1440
4128761000,s,1340
4129338000,s,1340
4129577000,s,1340
4130261000,r,1440
4130412000,r,1440
4131921000,s,1340
4132602000,r,1440
4133195000,s,1340
4133775000,r,1440
4133776000,r,1440
4133776000,r,1440
4134999000,s,1340
4135224000,r,1440
4135842000,s,1340
4136857000,r,1440
4137759000,s,1340
4138352000,s,1340
4138481000,r,1440
4139006000,r,1440
4139336000,s,1340
4140787000,r,1440
4142105000,s,1340
4142240000,r,1440
4142240000,r,1440
4142240000,r,1440
4142849000,s,1340
4143012000,s,1340
4143121000,s,1340
4144397000,r,1440
4144397000,r,1440
4144398000,r,1440
4144398000,r,1440
4144398000,r,1440
4144399000,r,1440
4145627000,s,1340
4146254000,s,1340
4146471000,s,1340
4146605000,s,1340
4146703000,s,1340
4146818000,s,1340
4146943000,s,1340
4147060000,s,1340
4147271000,s,1340
4147396000,s,1340
4147590000,s,1340
4147680000,s,1340
4147740000,s,1340
4148005000,s,1340
4148733000,s,1340
4148904000,s,1340
4149050000,s,1340
4149199000,s,1340
4149353000,s,1340
4149547000,s,1340
4149795000,s,1340
4149854000,s,1340
4150322000,s,1340
4150522000,s,1340
4150803000,s,1340
4150929000,s,1340
4151131000,s,1340
4151249000,s,1340
4151429000,s,1340
4151603000,r,1440
4151785000,s,1340
4152010000,s,1340
4152128000,s,1340
4152384000,s,1340
4152532000,s,1340
4152900000,s,1340
4152999000,s,1340
4153301000,s,1340
4153552000,s,1340
4153562000,r,1440
4153598000,s,1340
4153773000,s,1340
4153916000,s,1340
4154067000,s,1340
4154261000,s,1340
4154658000,s,1340
4154799000,s,1340
4154883000,s,1340
4155088000,s,1340
4155221000,s,1340
4155260000,s,1340
4156611000,s,1340
4156724000,s,1340
4156913000,s,1340
4157199000,s,1340
4157320000,s,1340
4157416000,s,1340
4157847000,s,1340
4157940000,s,1340
4159096000,s,1340
4159162000,s,1340
4159662000,s,1340
4159824000,s,1340
4159959000,s,1340
4160145000,s,1340
4160205000,s,1340
4161199000,s,1340
4161674000,s,1340
4167812000,s,1340
4168899000,s,1340
4170538000,s,1340
4178102000,s,1340
4178262000,r,1440
4182121000,r,1440
4184667000,r,1440
4185399000,s,1340
4185502000,s,1340
4185580000,s,1340
4185720000,r,1440
4185799000,s,1340
4185911000,s,1340
4186016000,s,1340
4186145000,s,1340
4186263000,s,1340
4186354000,s,1340
4186417000,s,1340
4186607000,s,1340
4186716000,s,1340
4186759000,s,1340
4186794000,s,1340
4186882000,r,1440
4187450000,s,1340
4187501000,s,1340
4187515000,s,1340
4187657000,s,1340
4187725000,s,1340
4187784000,s,1340
4187995000,s,1340
4188072000,s,1340
4188146000,s,1340
4188294000,s,1340
4188373000,s,1340
4188432000,s,1340
4188590000,s,1340
4188768000,s,1340
4188892000,s,1340
4188996000,s,1340
4189185000,s,1340
4189354000,s,1340
4189447000,s,1340
4190445000,s,1340
4190582000,s,1340
4191618000,s,1340
4191742000,s,1340
4191832000,s,1340
4191880000,s,1340
4192024000,s,1340
4192104000,s,1340
4192439000,s,1340
4192506000,s,1340
4192611000,s,1340
4192959000,s,1340
4193043000,r,1440
4193044000,r,1440
4193044000,r,1440
4193543000,s,1340
4193562000,r,1440
4193566000,s,1340
4193562000,r,1440
4193562000,r,1440
4193562000,r,1440
4193589000,s,1340
4193562000,r,1440
4193562000,r,1440
4193562000,r,1440
4193563000,r,1440
4193619000,r,1440
4193877000,s,1340
4193909000,s,1340
4193923000,s,1340
4194098000,s,1340
4194288000,s,1340
4194454000,s,1340
4194550000,s,1340
4194648000,s,1340
4194853000,s,1340
4194974000,s,1340
4195095000,s,1340
4195215000,s,1340
4195309000,s,1340
4195403000,s,1340
4195566000,s,1340
4195708000,s,1340
4196012000,s,1340
4196102000,r,1440
4196128000,s,1340
4196102000,r,1440
4196102000,r,1440
4196102000,r,1440
4196102000,r,1440
4196102000,r,1440
4196275000,s,1340
4196380000,s,1340
4196507000,s,1340
4196613000,s,1340
4196715000,s,1340
4196812000,s,1340
4196909000,s,1340
4196997000,s,1340
4197123000,s,1340
4197224000,s,1340
4197525000,s,1340
4197637000,s,1340
4197733000,s,1340
4197843000,s,1340
4197948000,s,1340
4198031000,r,1440
4198114000,s,1340
4198276000,s,1340
4198386000,s,1340
4198468000,s,1340
4198597000,s,1340
4202052000,r,1440
4202052000,r,1440
4202052000,r,1440
4202052000,r,1440
4202052000,r,1440
4202791000,s,1340
4202926000,s,1340
4205249000,r,1440
4205249000,r,1440
4205250000,r,1440
4205250000,r,1440
4205250000,r,1440
4205250000,r,1440
4205940000,s,1340
4206069000,s,1340
4206186000,s,1340
4206337000,s,1340
4206712000,r,1440
4207059000,s,1340
4207096000,s,1340
4217235000,s,1340
4228590000,r,1440
4228590000,r,1440
4228590000,r,1440
4228590000,r,1440
4229341000,s,1340
4229473000,s,1340
4231372000,s,1340
4232148000,s,1340
4232760000,s,1340
4241770000,r,1440
4241770000,r,1440
4241771000,r,1440
4242512000,s,1340
4245239000,r,1440
4245239000,r,1440
4245239000,r,1440
4245776000,s,1340
4245821000,s,1340
4246446000,s,1340
4248141000,r,1440
4248141000,r,1440
4248141000,r,1440
4248748000,s,1340
4248886000,s,1340
4250013000,r,1440
4250013000,r,1440
4250013000,r,1440
4250013000,r,1440
4250013000,r,1440
4250014000,r,1440
4250014000,r,1440
4250637000,s,1340
4250778000,s,1340
4250892000,s,1340
4251018000,s,1340
4251102000,s,1340
4251219000,s,1340
4251340000,s,1340
4251460000,s,1340
4251482000,r,1440
4251579000,s,1340
4251702000,s,1340
4251813000,s,1340
4252111000,s,1340
4252295000,s,1340
4252423000,s,1340
4252537000,s,1340
4252975000,s,1340
4253112000,s,1340
4253235000,s,1340
4253356000,s,1340
4253490000,s,1340
4253820000,s,1340
4253939000,s,1340
4254023000,s,1340
4254133000,s,1340
4254293000,s,1340
4254402000,s,1340
4254516000,s,1340
4254789000,s,1340
4254976000,s,1340
4255169000,r,1440
4255169000,r,1440
4255201000,s,1340
4255337000,s,1340
4255461000,s,1340
4255573000,s,1340
4255691000,s,1340
4255806000,s,1340
4256012000,s,1340
4256247000,s,1340
4256434000,s,1340
4256471000,s,1340
4257015000,s,1340
4257254000,s,1340
4257457000,s,1340
4257585000,s,1340
4257700000,s,1340
4257973000,s,1340
4258390000,s,1340
4258498000,s,1340
4258689000,s,1340
4258835000,r,1440
4258956000,s,1340
4259106000,s,1340
4259287000,s,1340
4259676000,s,1340
4259812000,s,1340
4259959000,r,1440
4260159000,s,1340
4260294000,s,1340
4260447000,s,1340
4260679000,s,1340
4260809000,s,1340
4260925000,s,1340
4261032000,s,1340
4261148000,s,1340
4261391000,s,1340
4261512000,s,1340
4261615000,r,1440
4261615000,r,1440
4261746000,s,1340
4261873000,s,1340
4262019000,s,1340
4262134000,s,1340
4262300000,s,1340
4262474000,s,1340
4262819000,s,1340
4262866000,s,1340
4263019000,s,1340
4263141000,s,1340
4263387000,s,1340
4263507000,s,1340
4263822000,s,1340
4263929000,s,1340
4264262000,s,1340
4264372000,s,1340
4264581000,s,1340
4264807000,s,1340
4265115000,s,1340
4265260000,s,1340
4265531000,s,1340
4265834000,s,1340
4265992000,s,1340
4266237000,s,1340
4266592000,s,1340
4266709000,s,1340
4266985000,s,1340
4267019000,s,1340
4267090000,s,1340
4267710000,s,1340
4267959000,s,1340
4268080000,s,1340
4268190000,s,1340
4268300000,s,1340
4268559000,s,1340
4268913000,s,1340
4269043000,s,1340
4269157000,s,1340
4269270000,s,1340
4269484000,s,1340
4269573000,s,1340
4270083000,s,1340
4270204000,s,1340
4270204000,r,1440
4270205000,r,1440
4270205000,r,1440
4270205000,r,1440
4270205000,r,1440
4270205000,r,1440
4270205000,r,1440
4270205000,r,1440
4270327000,r,1440
4270507000,s,1340
4270756000,s,1340
4270947000,s,1340
4271108000,s,1340
4271244000,s,1340
4271364000,s,1340
4271485000,s,1340
4271615000,s,1340
4271688000,s,1340
4271751000,s,1340
4271809000,s,1340
4271909000,s,1340
4272074000,s,1340
4272321000,s,1340
4272544000,s,1340
4272599000,s,1340
4272822000,r,1440
4272967000,s,1340
4273076000,s,1340
4273153000,s,1340
4273333000,s,1340
4273415000,s,1340
4273756000,s,1340
4273990000,s,1340
4274079000,s,1340
4274505000,s,1340
4274622000,s,1340
4274712000,s,1340
4274792000,s,1340
4274905000,s,1340
4274977000,s,1340
4276058000,s,1340
4276112000,s,1340
4277314000,s,1340
4277456000,s,1340
4277551000,s,1340
4277678000,s,1340
4278679000,s,1340
4278704000,s,1340
4278775000,s,1340
4279903000,s,1340
4281228000,s,1340
4281529000,s,1340
4281637000,s,1340
4281735000,s,1340
4281941000,s,1340
4282135000,s,1340
4282285000,s,1340
4282425000,s,1340
4282671000,s,1340
4282894000,s,1340
4283328000,s,1340
4283442000,s,1340
4283536000,s,1340
4283756000,s,1340
4283935000,s,1340
4284032000,s,1340
4284124000,s,1340
4284220000,s,1340
4284312000,s,1340
4284410000,s,1340
4284613000,s,1340
4284900000,s,1340
4284997000,s,1340
4285089000,s,1340
4285297000,s,1340
4285443000,s,1340
4285542000,s,1340
4285730000,s,1340
4285853000,s,1340
4285942000,s,1340
4286113000,s,1340
4286199000,s,1340
4286320000,s,1340
4286433000,s,1340
4286575000,s,1340
4286684000,s,1340
4286784000,s,1340
4286878000,s,1340
4287055000,s,1340
4287234000,s,1340
4287347000,s,1340
4287447000,s,1340
4287689000,s,1340
4287805000,s,1340
4288120000,s,1340
4288231000,s,1340
4288325000,s,1340
4288454000,s,1340
4288648000,s,1340
4288824000,s,1340
4289083000,s,1340
4289198000,s,1340
4289506000,s,1340
4289616000,s,1340
4289878000,s,1340
4289981000,s,1340
4290070000,s,1340
4290155000,s,1340
4290280000,s,1340
4290372000,s,1340
4290605000,s,1340
4290700000,s,1340
4291044000,s,1340
4291151000,s,1340
4302602000,s,1340
4303446000,s,1340
4303495000,s,1340
4303620000,s,1340
4303890000,s,1340
4304473000,s,1340
4315628000,r,1440
4317940000,r,1440
4317940000,r,1440
4318267000,s,1340
4318918000,s,1340
4323289000,r,1440
4323289000,r,1440
4323289000,r,1440
4323822000,s,1340
4323876000,s,1340
4323890000,s,1340
4324519000,s,1340
4324573000,s,1340
4324668000,s,1340
4325105000,s,1340
4325201000,s,1340
4325727000,s,1340
4325780000,s,1340
4325948000,s,1340
4326006000,s,1340
4326272000,s,1340
4326308000,s,1340
4326412000,r,1440
4326412000,r,1440
4326413000,r,1440
4326413000,r,1440
4326413000,r,1440
4326413000,r,1440
4326413000,r,1440
4326413000,r,1440
4326515000,r,1440
4326515000,r,1440
4326515000,r,1440
4326515000,r,1440
4326515000,r,1440
4326516000,r,1440
4326516000,r,1440
4326516000,r,1440
4326543000,r,1440
4326543000,r,1440
4326543000,r,1440
4326543000,r,1440
4326543000,r,1440
4326543000,r,1440
4326543000,r,1440
4326543000,r,1440
4326568000,r,1440
4326568000,r,1440
4326568000,r,1440
4326568000,r,1440
4326568000,r,1440
4326568000,r,1440
4326568000,r,1440
4326632000,s,1340
4326671000,s,1340
4329249000,s,1340
4329451000,s,1340
4331433000,s,1340
4331502000,s,1340
4331514000,s,1340
4331521000,s,1340
4331528000,s,1340
4331535000,s,1340
4331541000,s,1340
4331547000,s,1340
4331564000,s,1340
4331571000,s,1340
4331578000,s,1340
4331588000,s,1340
4331595000,s,1340
4331601000,s,1340
4331741000,s,1340
4331833000,s,1340
4331953000,s,1340
4332035000,s,1340
4332094000,s,1340
4332324000,s,1340
4332410000,s,1340
4332490000,s,1340
4332572000,s,1340
4332659000,s,1340
4332800000,s,1340
4332885000,s,1340
4332961000,s,1340
4333040000,s,1340
4333117000,s,1340
4333195000,s,1340
4333267000,s,1340
4333339000,s,1340
4333424000,s,1340
4333525000,s,1340
4333631000,s,1340
4333721000,s,1340
4333887000,s,1340
4333984000,s,1340
4334066000,s,1340
4334147000,s,1340
4334268000,s,1340
4334361000,s,1340
4334455000,s,1340
4334537000,s,1340
4334620000,s,1340
4341426000,r,1440
4341429000,r,1440
4341429000,r,1440
4341429000,r,1440
4341429000,r,1440
4341430000,r,1440
4341430000,r,1440
4342084000,s,1340
4342186000,s,1340
4342319000,s,1340
4342390000,s,1340
4342965000,r,1440
4342965000,r,1440
4342965000,r,1440
4342965000,r,1440
4343207000,r,1440
4343207000,r,1440
4344108000,s,1340
4344240000,s,1340
4344302000,r,1440
4344314000,s,1340
4344302000,r,1440
4344302000,r,1440
4344302000,r,1440
4344302000,r,1440
4344302000,r,1440
4344302000,r,1440
4344303000,r,1440
4344384000,r,1440
4344385000,s,1340
4344384000,r,1440
4344384000,r,1440
4344384000,r,1440
4344384000,r,1440
4344385000,r,1440
4344457000,s,1340
4344716000,s,1340
4344874000,s,1340
4345114000,s,1340
4345153000,s,1340
4345165000,s,1340
4345173000,s,1340
4345181000,s,1340
4345257000,s,1340
4345275000,s,1340
4347401000,r,1440
4347401000,r,1440
4347401000,r,1440
4347401000,r,1440
4347401000,r,1440
4347401000,r,1440
4347401000,r,1440
4347401000,r,1440
4347496000,r,1440
4347496000,r,1440
4347496000,r,1440
4347497000,r,1440
4347497000,r,1440
4347497000,r,1440
4347497000,r,1440
4348037000,s,1340
4348211000,s,1340
4348465000,s,1340
4348663000,s,1340
4348756000,s,1340
4348841000,s,1340
4349181000,s,1340
4349337000,s,1340
4349400000,s,1340
4349481000,s,1340
4349620000,s,1340
4349908000,s,1340
4350005000,s,1340
4350302000,s,1340
4350534000,s,1340
4350547000,s,1340
4350554000,s,1340
4350635000,s,1340
4350707000,s,1340
4350921000,s,1340
4350996000,s,1340
4351198000,s,1340
4351443000,s,1340
4351580000,s,1340
4352937000,s,1340
4353043000,s,1340
4353270000,s,1340
4353332000,s,1340
4353804000,r,1440
4353805000,r,1440
4353805000,r,1440
4353805000,r,1440
4354039000,s,1340
4354111000,s,1340
4354178000,s,1340
4354433000,s,1340
4354534000,s,1340
4354615000,s,1340
4354706000,s,1340
4354798000,s,1340
4354888000,s,1340
4355336000,s,1340
4355507000,s,1340
4355611000,s,1340
4355701000,s,1340
4356157000,s,1340
4356202000,s,1340
4356278000,s,1340
4356338000,s,1340
4356708000,s,1340
4356825000,s,1340
4356920000,s,1340
4357044000,s,1340
4357097000,s,1340
4357510000,s,1340
4357783000,s,1340
4358033000,s,1340
4358295000,s,1340
4358357000,s,1340
4358432000,s,1340
4358589000,s,1340
4358708000,s,1340
4358820000,s,1340
4358939000,s,1340
4359042000,s,1340
4359158000,s,1340
4359199000,s,1340
4360034000,s,1340
4360633000,r,1440
4360633000,r,1440
4360633000,r,1440
4360633000,r,1440
4360786000,s,1340
4360843000,s,1340
4360898000,s,1340
4360974000,s,1340
4361161000,s,1340
4361436000,s,1340
4361437000,r,1440
4361437000,r,1440
4361438000,r,1440
4361438000,r,1440
4361438000,r,1440
4361438000,r,1440
4361438000,r,1440
4361438000,r,1440
4361519000,s,1340
4361533000,r,1440
4361533000,r,1440
4361533000,r,1440
4361533000,r,1440
4361533000,r,1440
4361534000,r,1440
4361534000,r,1440
4361577000,s,1340
4361534000,r,1440
4361593000,r,1440
4361593000,r,1440
4361630000,s,1340
4361705000,s,1340
4361769000,s,1340
4361841000,s,1340
4361905000,s,1340
4361975000,s,1340
4362047000,s,1340
4362122000,s,1340
4362197000,s,1340
4362291000,s,1340
4362361000,s,1340
4362429000,s,1340
4362495000,s,1340
4362576000,s,1340
4362646000,s,1340
4362717000,s,1340
4362789000,s,1340
4362860000,s,1340
4362925000,s,1340
4362980000,s,1340
4363050000,s,1340
4363129000,s,1340
4363195000,s,1340
4363296000,s,1340
4363333000,r,1440
4363368000,s,1340
4363333000,r,1440
4363333000,r,1440
4363333000,r,1440
4363333000,r,1440
4363526000,s,1340
4363638000,s,1340
4363788000,s,1340
4363833000,s,1340
4363848000,s,1340
4363916000,s,1340
4364016000,s,1340
4364214000,s,1340
4364292000,s,1340
4364518000,s,1340
4364593000,s,1340
4364760000,s,1340
4364889000,s,1340
4364956000,s,1340
4365021000,s,1340
4365128000,s,1340
4366684000,s,1340
4366741000,s,1340
4367836000,s,1340
4368153000,r,1440
4368153000,r,1440
4368153000,r,1440
4368153000,r,1440
4368153000,r,1440
4368153000,r,1440
4368503000,s,1340
4368672000,s,1340
4368755000,s,1340
4368832000,s,1340
4368892000,s,1340
4368962000,s,1340
4369039000,s,1340
4369117000,s,1340
4369191000,s,1340
4369270000,s,1340
4369344000,s,1340
4369414000,s,1340
4369491000,s,1340
4369574000,s,1340
4369649000,s,1340
4369802000,s,1340
4369875000,s,1340
4369904000,r,1440
4369904000,r,1440
4369905000,r,1440
4369905000,r,1440
4369905000,r,1440
4370016000,s,1340
4370058000,s,1340
4370075000,s,1340
4370128000,s,1340
4370351000,s,1340
4370402000,s,1340
4370500000,s,1340
4370704000,s,1340
4370805000,s,1340
4370891000,s,1340
4370978000,s,1340
4371145000,s,1340
4371290000,s,1340
4371377000,s,1340
4371594000,s,1340
4377464000,r,1440
4377464000,r,1440
4377465000,r,1440
4377465000,r,1440
4377465000,r,1440
4377465000,r,1440
4377465000,r,1440
4377465000,r,1440
4377697000,r,1440
4377697000,r,1440
4377697000,r,1440
4377697000,r,1440
4377697000,r,1440
4377697000,r,1440
4377697000,r,1440
4377697000,r,1440
4377732000,r,1440
4377732000,r,1440
4377732000,r,1440
4377732000,r,1440
4377732000,r,1440
4377733000,r,1440
4377733000,r,1440
4377859000,r,1440
4377859000,r,1440
4377859000,r,1440
4377859000,r,1440
4377859000,r,1440
4378629000,s,1340
4378649000,r,1440
4378649000,r,1440
4378649000,r,1440
4378649000,r,1440
4378878000,s,1340
4378933000,s,1340
4378955000,s,1340
4378985000,r,1440
4379170000,s,1340
4379279000,s,1340
4379343000,s,1340
4379410000,s,1340
4379477000,s,1340
4379541000,s,1340
4379598000,s,1340
4379661000,s,1340
4379733000,r,1440
4379733000,r,1440
4379770000,r,1440
4379773000,s,1340
4379770000,r,1440
4379840000,s,1340
4379900000,s,1340
4379965000,s,1340
4380135000,s,1340
4380201000,s,1340
4380640000,s,1340
4380710000,s,1340
4380777000,s,1340
4380837000,s,1340
4380902000,s,1340
4380961000,s,1340
4381013000,r,1440
4381022000,s,1340
4381013000,r,1440
4381081000,s,1340
4381141000,s,1340
4381197000,s,1340
4381548000,s,1340
4381711000,s,1340
4381773000,s,1340
4381836000,s,1340
4381949000,s,1340
4382006000,s,1340
4382058000,s,1340
4382108000,s,1340
4382153000,s,1340
4382202000,s,1340
4382385000,s,1340
4382449000,s,1340
4382508000,s,1340
4382574000,s,1340
4382938000,s,1340
4384203000,s,1340
4384273000,s,1340
4384455000,s,1340
4384529000,s,1340
4384740000,s,1340
4384831000,s,1340
4384897000,s,1340
4385045000,s,1340
4385185000,s,1340
4385403000,s,1340
4385462000,s,1340
4385613000,s,1340
4385815000,s,1340
4385898000,s,1340
4385958000,s,1340
4386105000,s,1340
4386261000,s,1340
4386393000,s,1340
4386591000,s,1340
4386789000,s,1340
4386955000,s,1340
4387124000,s,1340
4387335000,s,1340
4387421000,s,1340
4387595000,s,1340
4387811000,s,1340
4387893000,s,1340
4388059000,s,1340
4388274000,s,1340
4388356000,s,1340
4388617000,s,1340
4388700000,s,1340
4388940000,s,1340
4389028000,s,1340
4389201000,s,1340
4389366000,s,1340
4389617000,s,1340
4389685000,s,1340
4390091000,s,1340
4391330000,s,1340
4391530000,s,1340
4391540000,r,1440
4392193000,s,1340
4392271000,s,1340
4392297000,s,1340
4392531000,s,1340
4392711000,s,1340
4392862000,s,1340
4392978000,s,1340
4393026000,s,1340
4393647000,s,1340
4393676000,s,1340
4393687000,s,1340
4393708000,s,1340
4393813000,s,1340
4393855000,s,1340
4394145000,s,1340
4394175000,s,1340
4394265000,s,1340
4394335000,s,1340
4394717000,s,1340
4394779000,s,1340
4394914000,s,1340
4395085000,s,1340
4395125000,r,1440
4395174000,s,1340
4395126000,r,1440
4395126000,r,1440
4395126000,r,1440
4395126000,r,1440
4395126000,r,1440
4395126000,r,1440
4395282000,s,1340
4395505000,s,1340
4395640000,s,1340
4395745000,s,1340
4395779000,s,1340
4396121000,s,1340
4396269000,s,1340
4396350000,s,1340
4396430000,s,1340
4396516000,s,1340
4396589000,s,1340
4396778000,s,1340
4397900000,s,1340
4398019000,s,1340
4398242000,s,1340
4398848000,s,1340
4398932000,s,1340
4399085000,r,1440
4399134000,s,1340
4399086000,r,1440
4399086000,r,1440
4399086000,r,1440
4399086000,r,1440
4399086000,r,1440
4399249000,s,1340
4399349000,s,1340
4399489000,s,1340
4399604000,s,1340
4399698000,s,1340
4399780000,s,1340
4399856000,s,1340
4399931000,s,1340
4400012000,s,1340
4400162000,s,1340
4400301000,s,1340
4400370000,s,1340
4400433000,s,1340
4400492000,s,1340
4400550000,s,1340
4400717000,s,1340
4400787000,s,1340
4400849000,r,1440
4400909000,s,1340
4400849000,r,1440
4400849000,r,1440
4400849000,r,1440
4400850000,r,1440
4400850000,r,1440
4401000000,s,1340
4401141000,s,1340
4401175000,s,1340
4401400000,s,1340
4401690000,s,1340
4401726000,s,1340
4401744000,s,1340
4401758000,s,1340
4401772000,s,1340
4401786000,s,1340
4401800000,s,1340
4401909000,s,1340
4401950000,s,1340
4402025000,s,1340
4402175000,s,1340
4402328000,s,1340
4402444000,s,1340
4402819000,s,1340
4402897000,s,1340
4403101000,s,1340
4403931000,r,1440
4403931000,r,1440
4403931000,r,1440
4403932000,r,1440
4403932000,r,1440
4403932000,r,1440
4403932000,r,1440
4403932000,r,1440
4404023000,r,1440
4404261000,s,1340
4404308000,s,1340
4404466000,r,1440
4404466000,r,1440
4404491000,s,1340
4404466000,r,1440
4404467000,r,1440
4404467000,r,1440
4404467000,r,1440
4404467000,r,1440
4404467000,r,1440
4404546000,r,1440
4404546000,r,1440
4404546000,r,1440
4404546000,r,1440
4404593000,s,1340
4404696000,s,1340
4404759000,s,1340
4404826000,s,1340
4404895000,s,1340
4404963000,s,1340
4405035000,s,1340
4405102000,s,1340
4405173000,s,1340
4405242000,s,1340
4405315000,s,1340
4405379000,s,1340
4405470000,s,1340
4405543000,s,1340
4405616000,s,1340
4405686000,s,1340
4405712000,r,1440
4405712000,r,1440
4405712000,r,1440
4405712000,r,1440
4405762000,s,1340
4405713000,r,1440
4405713000,r,1440
4405713000,r,1440
4405862000,s,1340
4405972000,s,1340
4406080000,s,1340
4406119000,s,1340
4406143000,s,1340
4406161000,s,1340
4406280000,s,1340
4406331000,s,1340
4406356000,s,1340
4406418000,s,1340
4406603000,s,1340
4406884000,s,1340
4407043000,s,1340
4407205000,s,1340
4407287000,s,1340
4407722000,s,1340
4407817000,s,1340
4407898000,s,1340
4408017000,s,1340
4408110000,s,1340
4408205000,s,1340
4408296000,s,1340
4408787000,s,1340
4408904000,s,1340
4409013000,s,1340
4409100000,s,1340
4409204000,s,1340
4409310000,s,1340
4409441000,s,1340
4409681000,r,1440
4410576000,r,1440
4410576000,r,1440
4410576000,r,1440
4410576000,r,1440
4410576000,r,1440
4410576000,r,1440
4410577000,r,1440
4410577000,r,1440
4410628000,r,1440
4410982000,s,1340
4411122000,s,1340
4411166000,s,1340
4411180000,s,1340
4411384000,s,1340
4411436000,s,1340
4411454000,s,1340
4411464000,s,1340
4411770000,r,1440
4411771000,r,1440
4411771000,r,1440
4411771000,r,1440
4412200000,s,1340
4412425000,s,1340
4412485000,s,1340
4412531000,s,1340
4412604000,s,1340
4412847000,s,1340
4412900000,s,1340
4412921000,s,1340
4413100000,s,1340
4413181000,s,1340
4413313000,s,1340
4413397000,s,1340
4413587000,s,1340
4413820000,s,1340
4413865000,s,1340
4414243000,r,1440
4414370000,s,1340
4414430000,s,1340
4415202000,s,1340
4415407000,s,1340
4415585000,s,1340
4415648000,s,1340
4416170000,s,1340
4416314000,s,1340
4416903000,s,1340
4416951000,s,1340
4417011000,s,1340
4417055000,s,1340
4417386000,s,1340
4417430000,s,1340
4417736000,s,1340
4417777000,s,1340
4418021000,s,1340
4418158000,s,1340
4418238000,r,1440
4418238000,r,1440
4418238000,r,1440
4418238000,r,1440
4418238000,r,1440
4418238000,r,1440
4418454000,s,1340
4418595000,s,1340
4418684000,s,1340
4418782000,s,1340
4418875000,s,1340
4418956000,s,1340
4419032000,s,1340
4419108000,s,1340
4419293000,r,1440
4419293000,r,1440
4419293000,r,1440
4419293000,r,1440
4419294000,r,1440
4419294000,r,1440
4419294000,r,1440
4419294000,r,1440
4419396000,r,1440
4419397000,r,1440
4419397000,r,1440
4419397000,r,1440
4419397000,r,1440
4419397000,r,1440
4419397000,r,1440
4419451000,s,1340
4419454000,r,1440
4419455000,r,1440
4419455000,r,1440
4419550000,s,1340
4419675000,s,1340
4419744000,s,1340
4419801000,s,1340
4419825000,s,1340
4420004000,s,1340
4420114000,s,1340
4420212000,s,1340
4420311000,s,1340
4420416000,s,1340
4420507000,s,1340
4420599000,s,1340
4420697000,s,1340
4420767000,r,1440
4420785000,s,1340
4420768000,r,1440
4420768000,r,1440
4420768000,r,1440
4420768000,r,1440
4420877000,s,1340
4420967000,s,1340
4421062000,s,1340
4421155000,s,1340
4421251000,s,1340
4421338000,s,1340
4421429000,s,1340
4421519000,s,1340
4421607000,s,1340
4421694000,s,1340
4421780000,s,1340
4421868000,s,1340
4421954000,s,1340
4422034000,s,1340
4422113000,s,1340
4422189000,s,1340
4422338000,s,1340
4422417000,s,1340
4422491000,s,1340
4422567000,s,1340
4422646000,s,1340
4422722000,s,1340
4422797000,s,1340
4422873000,s,1340
4423068000,s,1340
4423152000,s,1340
4423227000,s,1340
4423539000,s,1340
4423678000,s,1340
4423771000,s,1340
4423832000,s,1340
4424344000,s,1340
4424414000,s,1340
4424561000,s,1340
4424728000,s,1340
4424955000,s,1340
4424994000,s,1340
4425485000,s,1340
4425655000,s,1340
4425697000,s,1340
4425896000,s,1340
4426000000,s,1340
4426135000,s,1340
4426937000,r,1440
4426937000,r,1440
4427130000,s,1340
4427461000,s,1340
4427501000,s,1340
4427531000,s,1340
4427545000,s,1340
4427706000,s,1340
4427749000,s,1340
4427767000,s,1340
4427976000,r,1440
4427976000,r,1440
4427976000,r,1440
4427976000,r,1440
4427976000,r,1440
4427976000,r,1440
4428135000,s,1340
4428228000,s,1340
4428445000,s,1340
4428812000,r,1440
4428830000,s,1340
4428812000,r,1440
4428812000,r,1440
4428812000,r,1440
4428812000,r,1440
4428879000,s,1340
4428812000,r,1440
4428900000,s,1340
4428917000,s,1340
4428932000,s,1340
4428947000,s,1340
4428961000,s,1340
4429011000,s,1340
4429154000,s,1340
4429207000,s,1340
4429223000,s,1340
4429236000,s,1340
4429246000,s,1340
4429257000,s,1340
4429266000,s,1340
4429275000,s,1340
4429534000,s,1340
4429713000,s,1340
4429876000,s,1340
4429979000,s,1340
4430202000,s,1340
4430374000,s,1340
4430452000,s,1340
4430566000,s,1340
4431417000,s,1340
4431508000,s,1340
4431712000,s,1340
4431792000,s,1340
4431852000,s,1340
4431908000,s,1340
4432047000,s,1340
4432135000,s,1340
4432308000,s,1340
4432421000,s,1340
4432503000,s,1340
4434244000,r,1440
4434244000,r,1440
4434244000,r,1440
4434244000,r,1440
4434244000,r,1440
4434244000,r,1440
4435050000,s,1340
4435147000,s,1340
4435222000,s,1340
4435291000,s,1340
4435359000,s,1340
4435437000,s,1340
4435513000,s,1340
4435712000,s,1340
4435819000,r,1440
4435819000,r,1440
4435819000,r,1440
4435819000,r,1440
4435820000,r,1440
4435820000,r,1440
4435820000,r,1440
4435820000,r,1440
4435869000,r,1440
4435870000,s,1340
4435869000,r,1440
4435870000,r,1440
4435870000,r,1440
4435955000,s,1340
4436023000,s,1340
4436169000,s,1340
4436269000,s,1340
4436342000,s,1340
4436415000,s,1340
4436503000,s,1340
4436590000,s,1340
4436667000,s,1340
4436748000,s,1340
4436830000,s,1340
4436926000,s,1340
4437015000,s,1340
4437104000,s,1340
4437290000,s,1340
4437340000,r,1440
4437341000,r,1440
4437341000,r,1440
4437418000,s,1340
4437520000,s,1340
4437600000,s,1340
4437675000,s,1340
4437729000,s,1340
4437808000,s,1340
4438029000,r,1440
4438029000,r,1440
4438029000,r,1440
4438029000,r,1440
4438030000,r,1440
4438030000,r,1440
4438030000,r,1440
4438030000,r,1440
4438107000,r,1440
4438107000,r,1440
4438108000,r,1440
4438293000,s,1340
4438395000,s,1340
4438492000,s,1340
4438580000,s,1340
4438650000,s,1340
4438739000,s,1340
4438829000,s,1340
4438924000,s,1340
4439004000,s,1340
4439070000,s,1340
4439129000,s,1340
4439210000,s,1340
4439287000,s,1340
4439363000,s,1340
4439431000,s,1340
4439504000,s,1340
4439675000,s,1340
4439763000,s,1340
4439967000,r,1440
4439967000,r,1440
4439967000,r,1440
4440075000,s,1340
4440168000,s,1340
4440226000,s,1340
4440294000,s,1340
4440358000,s,1340
4440433000,s,1340
4440489000,s,1340
4440668000,s,1340
4440882000,s,1340
4440987000,s,1340
4441084000,s,1340
4441194000,s,1340
4441312000,s,1340
4441435000,s,1340
4441542000,s,1340
4441670000,s,1340
4441782000,s,1340
4441899000,s,1340
4442552000,s,1340
4442747000,s,1340
4442928000,s,1340
4442982000,s,1340
4445277000,r,1440
4445316000,s,1340
4445377000,s,1340
4445277000,r,1440
4445277000,r,1440
4445453000,s,1340
4445509000,s,1340
4445585000,s,1340
4445745000,s,1340
4445865000,s,1340
4445950000,s,1340
4446013000,s,1340
4446070000,s,1340
4446124000,s,1340
4446186000,s,1340
4446288000,s,1340
4446459000,s,1340
4446546000,r,1440
4446546000,r,1440
4446546000,r,1440
4446546000,r,1440
4446547000,r,1440
4446636000,s,1340
4446547000,r,1440
4446547000,r,1440
4446547000,r,1440
4446670000,r,1440
4446670000,r,1440
4446671000,r,1440
4446671000,r,1440
4446671000,r,1440
4446735000,s,1340
4446929000,s,1340
4446995000,s,1340
4447052000,s,1340
4447108000,s,1340
4447155000,s,1340
4447253000,s,1340
4447541000,s,1340
4447620000,s,1340
4447732000,s,1340
4447803000,s,1340
4447864000,s,1340
4447922000,s,1340
4447982000,s,1340
4448041000,s,1340
4448163000,r,1440
4448164000,r,1440
4448164000,r,1440
4448164000,r,1440
4448164000,r,1440
4448649000,s,1340
4448690000,s,1340
4448707000,s,1340
4448722000,s,1340
4448809000,s,1340
4448884000,s,1340
4449053000,s,1340
4449180000,s,1340
4449225000,s,1340
4449791000,s,1340
4449866000,s,1340
4449923000,s,1340
4450674000,s,1340
4450854000,s,1340
4451008000,s,1340
4451100000,s,1340
4451193000,s,1340
4451313000,s,1340
4451475000,s,1340
4451637000,s,1340
4451715000,s,1340
4451898000,s,1340
4452009000,s,1340
4452093000,s,1340
4452235000,s,1340
4452313000,s,1340
4452441000,s,1340
4452523000,s,1340
4452569000,s,1340
4453039000,s,1340
4453152000,s,1340
4453387000,s,1340
4453804000,s,1340
4453851000,s,1340
4454258000,r,1440
4454258000,r,1440
4454258000,r,1440
4454258000,r,1440
4454563000,s,1340
4454649000,s,1340
4454724000,s,1340
4454801000,s,1340
4454878000,s,1340
4454947000,s,1340
4455001000,r,1440
4455001000,r,1440
4455001000,r,1440
4455149000,s,1340
4455165000,r,1440
4455165000,r,1440
4455166000,r,1440
4455166000,r,1440
4455166000,r,1440
4455166000,r,1440
4455243000,s,1340
4455320000,s,1340
4455400000,s,1340
4455452000,s,1340
4455522000,s,1340
4455597000,s,1340
4455672000,s,1340
4455749000,s,1340
4455849000,s,1340
4455901000,s,1340
4455925000,s,1340
4455946000,s,1340
4455978000,s,1340
4456050000,s,1340
4456226000,s,1340
4456339000,s,1340
4456446000,s,1340
4456559000,s,1340
4456704000,r,1440
4456704000,r,1440
4456704000,r,1440
4456767000,s,1340
4456705000,r,1440
4456705000,r,1440
4456705000,r,1440
4457028000,s,1340
4457121000,s,1340
4457181000,s,1340
4457315000,s,1340
4457520000,s,1340
4457605000,s,1340
4457673000,s,1340
4457740000,s,1340
4457806000,s,1340
4457879000,s,1340
4457952000,s,1340
4458013000,s,1340
4458166000,s,1340
4458479000,s,1340
4458525000,s,1340
4458772000,s,1340
4458903000,s,1340
4459430000,s,1340
4459482000,s,1340
4460305000,r,1440
4460342000,s,1340
4460305000,r,1440
4460305000,r,1440
4460305000,r,1440
4460305000,r,1440
4460305000,r,1440
4460305000,r,1440
4460305000,r,1440
4460445000,r,1440
4460445000,r,1440
4460445000,r,1440
4460495000,s,1340
4462004000,r,1440
4462004000,r,1440
4462004000,r,1440
4462005000,r,1440
4462005000,r,1440
4462005000,r,1440
4462127000,s,1340
4462141000,r,1440
4462141000,r,1440
4462141000,r,1440
4462197000,s,1340
4462254000,s,1340
4462274000,s,1340
4462288000,s,1340
4462298000,s,1340
4462310000,s,1340
4462327000,s,1340
4462341000,s,1340
4462352000,s,1340
4462362000,s,1340
4462374000,s,1340
4462384000,s,1340
4462397000,s,1340
4462508000,s,1340
4462636000,s,1340
4462759000,s,1340
4462836000,s,1340
4462918000,s,1340
4462990000,s,1340
4463068000,s,1340
4463144000,s,1340
4463199000,s,1340
4463255000,s,1340
4463331000,s,1340
4463401000,s,1340
4463417000,r,1440
4463417000,r,1440
4463417000,r,1440
4463418000,r,1440
4463471000,s,1340
4463418000,r,1440
4463418000,r,1440
4463418000,r,1440
4463544000,s,1340
4463623000,s,1340
4463707000,s,1340
4463784000,s,1340
4463859000,s,1340
4463972000,s,1340
4464062000,s,1340
4464150000,s,1340
4464236000,s,1340
4464322000,s,1340
4464550000,s,1340
4464635000,s,1340
4464707000,s,1340
4464877000,s,1340
4465060000,s,1340
4465228000,s,1340
4465372000,s,1340
4465457000,s,1340
4465588000,s,1340
4465663000,s,1340
4465793000,s,1340
4465875000,s,1340
4466037000,s,1340
4466170000,s,1340
4466346000,s,1340
4466657000,s,1340
4466694000,s,1340
4466807000,s,1340
4466890000,s,1340
4466962000,s,1340
4467068000,s,1340
4467565000,s,1340
4467644000,s,1340
4467810000,s,1340
4467915000,s,1340
4468033000,s,1340
4468114000,s,1340
4468211000,s,1340
4468581000,s,1340
4468679000,s,1340
4468840000,s,1340
4468921000,s,1340
4469098000,s,1340
4469235000,s,1340
4469308000,s,1340
4469382000,s,1340
4469606000,s,1340
4469730000,s,1340
4469806000,s,1340
4469913000,s,1340
4470017000,s,1340
4470104000,s,1340
4470276000,s,1340
4470325000,s,1340
4470455000,s,1340
4470503000,s,1340
4470571000,s,1340
4470613000,s,1340
4471271000,s,1340
4471357000,s,1340
4471529000,s,1340
4471605000,s,1340
4471676000,s,1340
4471778000,s,1340
4471943000,s,1340
4474234000,r,1440
4474961000,r,1440
4474961000,r,1440
4474962000,r,1440
4474962000,r,1440
4474962000,r,1440
4474962000,r,1440
4474962000,r,1440
4474962000,r,1440
4475034000,r,1440
4476147000,r,1440
4476148000,r,1440
4476148000,r,1440
4476148000,r,1440
4476148000,r,1440
4476148000,r,1440
4476148000,r,1440
4476148000,r,1440
4476238000,r,1440
4476238000,r,1440
4476238000,r,1440
4476238000,r,1440
4476238000,r,1440
4476238000,r,1440
4476239000,r,1440
4476239000,r,1440
4476276000,r,1440
4476276000,r,1440
4476291000,r,1440
4476291000,r,1440
4476291000,r,1440
4476898000,r,1440
4476898000,r,1440
4476898000,r,1440
4476898000,r,1440
4476898000,r,1440
4476898000,r,1440
4476898000,r,1440
4476898000,r,1440
4476962000,r,1440
4477148000,s,1340
4477239000,s,1340
4477262000,s,1340
4477310000,s,1340
4477344000,s,1340
4477369000,s,1340
4477512000,s,1340
4477568000,s,1340
4477596000,s,1340
4477619000,s,1340
4477632000,s,1340
4477675000,s,1340
4477695000,s,1340
4477705000,s,1340
4477726000,r,1440
4477726000,r,1440
4477726000,r,1440
4477852000,s,1340
4477879000,s,1340
4477907000,s,1340
4477917000,s,1340
4478128000,s,1340
4478244000,s,1340
4478323000,s,1340
4478394000,s,1340
4478444000,s,1340
4478496000,s,1340
4478565000,s,1340
4478610000,r,1440
4478610000,r,1440
4478640000,s,1340
4478610000,r,1440
4478610000,r,1440
4478610000,r,1440
4478610000,r,1440
4478610000,r,1440
4478611000,r,1440
4478673000,r,1440
4478673000,r,1440
4478673000,r,1440
4478707000,s,1340
4478777000,s,1340
4479016000,s,1340
4479103000,s,1340
4479159000,s,1340
4479214000,s,1340
4479296000,s,1340
4479374000,s,1340
4479498000,s,1340
4479575000,s,1340
4479657000,s,1340
4479740000,s,1340
4479826000,s,1340
4479907000,s,1340
4479988000,s,1340
4480072000,s,1340
4480157000,s,1340
4480240000,s,1340
4480318000,s,1340
4480397000,s,1340
4480957000,s,1340
4481126000,s,1340
4481219000,s,1340
4481268000,s,1340
4481988000,s,1340
4482293000,s,1340
4482403000,s,1340
4482836000,s,1340
4482998000,s,1340
4483176000,s,1340
4483269000,s,1340
4483482000,s,1340
4483786000,s,1340
4483883000,s,1340
4484100000,s,1340
4484242000,s,1340
4484448000,s,1340
4484550000,s,1340
4484751000,s,1340
4484850000,s,1340
4485044000,s,1340
4485181000,s,1340
4485284000,s,1340
4485570000,s,1340
4485671000,s,1340
4485765000,s,1340
4485999000,s,1340
4486104000,s,1340
4486274000,s,1340
4486366000,s,1340
4486442000,s,1340
4486512000,s,1340
4486590000,s,1340
4486650000,s,1340
4486707000,s,1340
4486759000,s,1340
4487099000,r,1440
4487196000,s,1340
4487304000,s,1340
4487536000,s,1340
4487631000,s,1340
4487713000,s,1340
4487800000,s,1340
4487996000,s,1340
4488120000,s,1340
4488338000,s,1340
4488439000,s,1340
4488511000,s,1340
4488569000,s,1340
4488623000,s,1340
4488900000,s,1340
4489055000,s,1340
4489114000,s,1340
4489619000,s,1340
4489690000,s,1340
4489744000,s,1340
4489995000,s,1340
4490303000,s,1340
4490432000,s,1340
4490577000,s,1340
4490742000,s,1340
4490876000,s,1340
4490998000,s,1340
4491107000,s,1340
4492521000,r,1440
4494439000,r,1440
4494440000,r,1440
4494440000,r,1440
4494440000,r,1440
4494440000,r,1440
4494440000,r,1440
4494440000,r,1440
4494440000,r,1440
4494546000,r,1440
4494546000,r,1440
4494546000,r,1440
4494547000,r,1440
4494547000,r,1440
4494547000,r,1440
4494547000,r,1440
4494547000,r,1440
4494589000,r,1440
4494589000,r,1440
4494589000,r,1440
4494589000,r,1440
4494590000,r,1440
4494590000,r,1440
4494590000,r,1440
4494590000,r,1440
4494630000,r,1440
4494630000,r,1440
4494630000,r,1440
4494631000,r,1440
4494631000,r,1440
4494631000,r,1440
4494982000,s,1340
4495091000,s,1340
4495348000,s,1340
4495442000,r,1440
4495442000,r,1440
4495442000,r,1440
4495442000,r,1440
4495442000,r,1440
4495507000,s,1340
4495442000,r,1440
4495443000,r,1440
4495443000,r,1440
4495536000,r,1440
4495536000,r,1440
4495536000,r,1440
4495536000,r,1440
4495537000,r,1440
4495537000,r,1440
4495537000,r,1440
4495537000,r,1440
4495574000,r,1440
4495574000,r,1440
4495935000,s,1340
4495986000,s,1340
4496004000,s,1340
4496024000,s,1340
4496035000,s,1340
4496047000,s,1340
4496061000,s,1340
4496090000,s,1340
4496253000,s,1340
4496359000,s,1340
4496443000,s,1340
4496521000,s,1340
4496605000,s,1340
4496657000,s,1340
4496711000,s,1340
4496789000,s,1340
4496813000,r,1440
4496813000,r,1440
4496813000,r,1440
4496813000,r,1440
4496870000,s,1340
4496813000,r,1440
4496908000,r,1440
4496908000,r,1440
4496908000,r,1440
4497062000,s,1340
4497171000,s,1340
4497260000,s,1340
4497475000,s,1340
4497566000,s,1340
4497640000,s,1340
4497717000,s,1340
4497790000,s,1340
4497866000,s,1340
4497937000,s,1340
4498014000,s,1340
4498089000,s,1340
4498168000,s,1340
4498311000,s,1340
4498383000,s,1340
4498451000,s,1340
4498516000,s,1340
4498587000,s,1340
4498654000,s,1340
4498719000,s,1340
4498781000,s,1340
4506302000,r,1440
4506303000,r,1440
4506944000,s,1340
4507040000,s,1340
4507815000,r,1440
4507815000,r,1440
4507815000,r,1440
4507815000,r,1440
4507815000,r,1440
4507815000,r,1440
4507815000,r,1440
4507815000,r,1440
4507907000,r,1440
4507908000,r,1440
4508089000,s,1340
4508425000,s,1340
4508456000,s,1340
4509911000,s,1340
4509984000,s,1340
4510842000,r,1440
4510842000,r,1440
4510842000,r,1440
4510842000,r,1440
4510842000,r,1440
4510842000,r,1440
4510842000,r,1440
4510843000,r,1440
4511006000,r,1440
4511006000,r,1440
4511006000,r,1440
4511007000,r,1440
4511007000,r,1440
4511007000,r,1440
4511007000,r,1440
4511007000,r,1440
4511054000,r,1440
4511054000,r,1440
4511054000,r,1440
4511054000,r,1440
4511054000,r,1440
4511054000,r,1440
4511055000,r,1440
4511055000,r,1440
4511098000,r,1440
4511098000,r,1440
4511099000,r,1440
4511099000,r,1440
4511099000,r,1440
4511099000,r,1440
4511099000,r,1440
4511099000,r,1440
4511142000,r,1440
4511142000,r,1440
4511142000,r,1440
4511142000,r,1440
4511143000,r,1440
4511143000,r,1440
4511143000,r,1440
4511515000,s,1340
4511595000,s,1340
4511628000,s,1340
4511645000,s,1340
4511659000,s,1340
4511672000,s,1340
4511729000,s,1340
4511762000,s,1340
4511827000,s,1340
4512021000,s,1340
4512044000,s,1340
4512061000,s,1340
4512185000,s,1340
4512303000,s,1340
4512443000,r,1440
4512443000,r,1440
4512444000,r,1440
4512444000,r,1440
4512444000,r,1440
4512444000,r,1440
4512506000,s,1340
4512618000,s,1340
4512720000,s,1340
4512803000,s,1340
4512884000,s,1340
4513053000,s,1340
4513134000,s,1340
4513444000,s,1340
4513672000,s,1340
4513859000,s,1340
4513955000,s,1340
4513985000,s,1340
4514003000,s,1340
4514879000,s,1340
4514945000,s,1340
4515005000,s,1340
4516047000,s,1340
4516177000,s,1340
4516282000,s,1340
4516346000,s,1340
4516854000,s,1340
4517210000,s,1340
4517289000,s,1340
4517344000,s,1340
4517396000,s,1340
4518358000,s,1340
4518447000,s,1340
4518501000,s,1340
4519050000,s,1340
4519105000,s,1340
4519683000,s,1340
4519738000,s,1340
4520670000,s,1340
4520728000,s,1340
4521897000,s,1340
4522833000,s,1340
4522913000,r,1440
4522913000,r,1440
4522913000,r,1440
4522914000,r,1440
4522914000,r,1440
4522914000,r,1440
4522914000,r,1440
4522914000,r,1440
4523012000,r,1440
4523012000,r,1440
4523148000,s,1340
4523247000,s,1340
4523386000,s,1340
4523510000,s,1340
4523609000,s,1340
4523704000,s,1340
4523801000,s,1340
4523876000,s,1340
4523961000,s,1340
4524046000,s,1340
4524123000,s,1340
4524175000,s,1340
4524385000,s,1340
4524557000,s,1340
4524648000,s,1340
4524911000,s,1340
4525198000,s,1340
4525295000,s,1340
4525382000,s,1340
4525570000,s,1340
4525614000,s,1340
4525878000,s,1340
4526456000,s,1340
4526544000,s,1340
4526662000,s,1340
4526676000,r,1440
4526676000,r,1440
4526677000,r,1440
4526677000,r,1440
4526677000,r,1440
4526677000,r,1440
4526677000,r,1440
4526774000,s,1340
4526677000,r,1440
4526798000,r,1440
4526798000,r,1440
4526798000,r,1440
4526799000,r,1440
4526799000,r,1440
4526799000,r,1440
4526799000,r,1440
4526799000,r,1440
4526852000,r,1440
4526852000,r,1440
4526852000,r,1440
4526853000,r,1440
4526853000,r,1440
4526853000,r,1440
4526881000,s,1340
4526853000,r,1440
4526988000,s,1340
4527092000,s,1340
4527192000,s,1340
4527288000,s,1340
4527507000,s,1340
4528035000,s,1340
4528150000,s,1340
4528226000,s,1340
4528559000,s,1340
4528629000,s,1340
4528698000,s,1340
4528739000,r,1440
4528767000,s,1340
4528739000,r,1440
4528739000,r,1440
4528739000,r,1440
4528739000,r,1440
4528739000,r,1440
4528739000,r,1440
4528837000,s,1340
4528740000,r,1440
4528860000,r,1440
4528860000,r,1440
4528860000,r,1440
4528860000,r,1440
4528902000,s,1340
4528969000,s,1340
4529142000,r,1440
4529194000,s,1340
4529142000,r,1440
4529143000,r,1440
4529143000,r,1440
4529143000,r,1440
4529143000,r,1440
4529143000,r,1440
4529143000,r,1440
4529267000,r,1440
4529270000,s,1340
4529337000,s,1340
4529410000,s,1340
4529487000,s,1340
4529564000,s,1340
4529644000,s,1340
4529713000,s,1340
4529782000,s,1340
4529849000,s,1340
4529916000,s,1340
4529976000,s,1340
4530042000,s,1340
4530117000,s,1340
4530195000,s,1340
4530307000,s,1340
4530382000,s,1340
4530410000,r,1440
4530458000,s,1340
4530410000,r,1440
4530410000,r,1440
4530410000,r,1440
4530410000,r,1440
4530411000,r,1440
4530523000,s,1340
4530585000,s,1340
4530684000,s,1340
4530753000,s,1340
4530827000,s,1340
4530898000,s,1340
4530972000,s,1340
4531025000,s,1340
4531085000,s,1340
4531146000,s,1340
4531211000,s,1340
4531421000,s,1340
4531674000,s,1340
4531774000,s,1340
4531907000,s,1340
4531997000,s,1340
4532080000,s,1340
4532156000,s,1340
4532253000,s,1340
4532749000,s,1340
4532901000,s,1340
4532980000,s,1340
4533120000,s,1340
4533253000,s,1340
4533305000,s,1340
4533351000,s,1340
4533754000,s,1340
4533798000,s,1340
4534002000,s,1340
4534101000,s,1340
4534357000,s,1340
4534452000,s,1340
4534552000,s,1340
4534705000,s,1340
4534832000,s,1340
4534956000,s,1340
4535095000,s,1340
4535227000,s,1340
4535321000,s,1340
4535588000,s,1340
4535681000,s,1340
4535864000,s,1340
4535944000,s,1340
4536117000,s,1340
4536299000,s,1340
4536455000,s,1340
4536544000,s,1340
4536626000,s,1340
4536798000,s,1340
4536969000,s,1340
4537051000,s,1340
4537194000,s,1340
4537242000,s,1340
4537503000,s,1340
4537690000,s,1340
4537886000,s,1340
4537992000,s,1340
4538085000,s,1340
4538303000,s,1340
4538399000,s,1340
4538611000,s,1340
4538697000,s,1340
4538897000,s,1340
4539053000,s,1340
4539149000,s,1340
4539338000,s,1340
4539368000,s,1340
4539432000,s,1340
4539856000,r,1440
4539942000,s,1340
4539857000,r,1440
4539857000,r,1440
4539857000,r,1440
4540211000,s,1340
4540661000,s,1340
4540973000,s,1340
4542258000,r,1440
4542258000,r,1440
4542258000,r,1440
4542258000,r,1440
4542258000,r,1440
4542258000,r,1440
4542259000,r,1440
4542906000,s,1340
4542966000,s,1340
4543103000,s,1340
4543169000,s,1340
4543222000,s,1340
4543275000,s,1340
4543435000,s,1340
4543499000,r,1440
4543552000,s,1340
4543673000,s,1340
4543811000,s,1340
4543946000,s,1340
4544619000,s,1340
4544725000,s,1340
4545231000,r,1440
4545231000,r,1440
4545231000,r,1440
4545231000,r,1440
4545231000,r,1440
4545232000,r,1440
4545232000,r,1440
4545232000,r,1440
4545357000,r,1440
4545358000,r,1440
4545358000,r,1440
4545358000,r,1440
4545358000,r,1440
4545358000,r,1440
4545358000,r,1440
4545358000,r,1440
4545400000,r,1440
4545400000,r,1440
4545597000,s,1340
4545766000,s,1340
4545953000,s,1340
4545993000,s,1340
4546010000,s,1340
4546105000,s,1340
4546160000,s,1340
4546178000,s,1340
4546197000,s,1340
4546208000,s,1340
4546247000,s,1340
4546260000,s,1340
4546401000,s,1340
4546480000,s,1340
4546500000,s,1340
4546537000,s,1340
4546841000,s,1340
4546868000,s,1340
4547115000,s,1340
4547210000,r,1440
4547239000,s,1340
4547210000,r,1440
4547210000,r,1440
4547210000,r,1440
4547211000,r,1440
4547319000,s,1340
4547211000,r,1440
4547211000,r,1440
4547211000,r,1440
4547349000,r,1440
4547349000,r,1440
4547349000,r,1440
4547349000,r,1440
4547349000,r,1440
4547349000,r,1440
4547350000,r,1440
4547350000,r,1440
4547410000,r,1440
4547410000,r,1440
4547410000,r,1440
4547410000,r,1440
4547410000,r,1440
4547410000,r,1440
4547411000,r,1440
4547411000,r,1440
4547459000,r,1440
4547459000,r,1440
4547459000,r,1440
4547459000,r,1440
4547460000,r,1440
4547460000,r,1440
4547460000,r,1440
4547460000,r,1440
4547508000,r,1440
4548137000,s,1340
4548190000,s,1340
4548252000,s,1340
4548881000,s,1340
4548981000,s,1340
4549208000,s,1340
4549359000,s,1340
4549503000,s,1340
4549511000,r,1440
4549511000,r,1440
4549511000,r,1440
4549511000,r,1440
4549511000,r,1440
4549511000,r,1440
4549665000,s,1340
4549716000,s,1340
4549811000,s,1340
4549918000,s,1340
4550015000,s,1340
4550093000,s,1340
4550175000,s,1340
4550333000,s,1340
4550414000,s,1340
4550493000,s,1340
4550574000,s,1340
4550658000,s,1340
4550734000,s,1340
4550803000,s,1340
4550878000,s,1340
4550954000,s,1340
4551113000,s,1340
4551198000,s,1340
4554242000,r,1440
4556737000,r,1440
4556738000,r,1440
4556738000,r,1440
4556738000,r,1440
4556821000,r,1440
4556821000,r,1440
4556822000,r,1440
4557501000,s,1340
4557613000,s,1340
4557688000,s,1340
4559206000,r,1440
4559987000,r,1440
4561565000,r,1440
4562140000,s,1340
4566243000,r,1440
4567657000,r,1440
4567946000,s,1340
4568024000,s,1340
4599394000,s,1340
4854382000,r,1440
6538455000,r,1440
9466423000,r,1440
9466424000,r,1440
9466424000,r,1440
9466425000,r,1440
9466425000,r,1440
9466426000,r,1440
9470763000,s,1340
9471946000,s,1340
9472255000,s,1340
9472521000,s,1340
9472729000,s,1340
9472922000,s,1340
9473210000,s,1340
9473441000,s,1340
9473640000,s,1340
9473821000,s,1340
9474006000,s,1340
9474176000,s,1340
9475298000,s,1340
9475550000,s,1340
9475746000,s,1340
9475948000,s,1340
9476152000,s,1340
9476342000,s,1340
9476542000,s,1340
9476735000,s,1340
9476939000,s,1340
9477112000,s,1340
9477330000,s,1340
9477528000,s,1340
9477721000,s,1340
9477921000,s,1340
9478109000,s,1340
9478393000,s,1340
9478588000,s,1340
9479156000,s,1340
9479826000,s,1340
9480135000,s,1340
9480971000,s,1340
9481315000,s,1340
9481621000,s,1340
9481917000,s,1340
9482203000,s,1340
9482530000,s,1340
9482563000,r,1440
9482712000,s,1340
9482874000,s,1340
9483046000,s,1340
9483205000,s,1340
9483364000,s,1340
9483516000,s,1340
9483682000,s,1340
9483851000,s,1340
9484010000,s,1340
9484188000,s,1340
9484370000,s,1340
9484577000,s,1340
9484941000,s,1340
9485185000,s,1340
9485439000,s,1340
9485701000,s,1340
9485929000,s,1340
9486158000,s,1340
9486593000,s,1340
9486799000,s,1340
9486992000,s,1340
9487185000,s,1340
9487367000,s,1340
9487563000,s,1340
9487752000,s,1340
9487935000,s,1340
9488149000,s,1340
9488412000,s,1340
9488689000,s,1340
9488961000,s,1340
9489219000,s,1340
9489464000,s,1340
9496910000,s,1340
9497622000,s,1340
9497914000,s,1340
9498196000,s,1340
9498602000,s,1340
9498852000,s,1340
9499114000,s,1340
9499376000,s,1340
9499652000,s,1340
9499928000,s,1340
9500199000,s,1340
9500485000,s,1340
9500780000,s,1340
9501951000,s,1340
9502488000,s,1340
9503022000,s,1340
9503499000,s,1340
9504131000,s,1340
9504417000,s,1340
9504714000,s,1340
9504966000,s,1340
9505225000,s,1340
9505504000,s,1340
9505797000,s,1340
9506077000,s,1340
9506496000,s,1340
9506794000,s,1340
9507096000,s,1340
9507383000,s,1340
9507659000,s,1340
9507966000,s,1340
9508249000,s,1340
9508533000,s,1340
9508802000,s,1340
9509092000,s,1340
9509368000,s,1340
9509655000,s,1340
9509954000,s,1340
9510327000,s,1340
9510612000,s,1340
9510914000,s,1340
9511213000,s,1340
9511495000,s,1340
9511769000,s,1340
9512064000,s,1340
9512350000,s,1340
9512628000,s,1340
9512904000,s,1340
9513201000,s,1340
9513491000,s,1340
9513777000,s,1340
9514038000,s,1340
9514437000,s,1340
9514714000,s,1340
9515008000,s,1340
9515308000,s,1340
9515577000,s,1340
9515851000,s,1340
9516163000,s,1340
9516481000,s,1340
9516791000,s,1340
9517070000,s,1340
9517323000,s,1340
9517597000,s,1340
9517871000,s,1340
9518318000,s,1340
9518626000,s,1340
9518880000,s,1340
9519150000,s,1340
9519416000,s,1340
9519709000,s,1340
9519981000,s,1340
9520228000,s,1340
9520489000,s,1340
9520766000,s,1340
9521020000,s,1340
9521263000,s,1340
9521517000,s,1340
9521791000,s,1340
9522038000,s,1340
9522371000,s,1340
9522660000,s,1340
9522918000,s,1340
9523171000,s,1340
9523418000,s,1340
9523694000,s,1340
9523941000,s,1340
9524179000,s,1340
9524422000,s,1340
9524680000,s,1340
9524959000,s,1340
9525218000,s,1340
9525471000,s,1340
9525709000,s,1340
9525972000,s,1340
9526291000,s,1340
9526562000,s,1340
9526814000,s,1340
9527089000,s,1340
9527327000,s,1340
9527560000,s,1340
9527807000,s,1340
9528060000,s,1340
9528415000,s,1340
9528687000,s,1340
9528961000,s,1340
9529235000,s,1340
9529497000,s,1340
9529770000,s,1340
9530024000,s,1340
9530522000,s,1340
9530729000,s,1340
9530902000,s,1340
9531068000,s,1340
9531246000,s,1340
9531414000,s,1340
9531578000,s,1340
9770915000,r,1440
13298397000,r,1440
13301952000,s,1340
14630425000,r,1440
14630426000,r,1440
14630426000,r,1440
14630427000,r,1440
14630427000,r,1440
14630428000,r,1440
14635108000,s,1340
14635885000,s,1340
14636210000,s,1340
14636417000,s,1340
14636959000,s,1340
14653636000,r,1440
14653636000,r,1440
14990393000,r,1440
14992461000,s,1340
20171547000,s,1340
20209247000,s,1340
20209711000,s,1340
20230353000,r,1440
20230919000,r,1440
20233834000,s,1340
20234201000,s,1340
20234539000,s,1340
20235046000,s,1340
20235654000,s,1340
20236642000,s,1340
20236959000,s,1340
20237162000,s,1340
20237529000,s,1340
20238081000,s,1340
20238653000,s,1340
20238929000,s,1340
20239296000,s,1340
20239612000,s,1340
20240390000,s,1340
20240664000,s,1340
20240932000,s,1340
20241185000,s,1340
20241455000,s,1340
20241739000,s,1340
20242026000,s,1340
20242368000,s,1340
20242650000,s,1340
20242949000,s,1340
20243222000,s,1340
20243486000,s,1340
20243763000,s,1340
20244062000,s,1340
20244326000,s,1340
20244606000,s,1340
20244913000,s,1340
20245194000,s,1340
20245474000,s,1340
20245745000,s,1340
20246022000,s,1340
20246393000,s,1340
20246787000,s,1340
20247096000,s,1340
20247352000,s,1340
20247628000,s,1340
20247876000,s,1340
20248162000,s,1340
20249213000,s,1340
20249510000,s,1340
20250405000,s,1340
20250692000,s,1340
20250974000,s,1340
20251405000,s,1340
20251842000,s,1340
20252135000,s,1340
20252426000,s,1340
20252698000,s,1340
20252966000,s,1340
20253247000,s,1340
20253531000,s,1340
20253803000,s,1340
20254496000,s,1340
20254803000,s,1340
20255072000,s,1340
20255326000,s,1340
20255597000,s,1340
20255860000,s,1340
20256110000,s,1340
20256369000,s,1340
20256654000,s,1340
20256945000,s,1340
20257230000,s,1340
20257497000,s,1340
20257771000,s,1340
20258028000,s,1340
20258408000,s,1340
20258887000,s,1340
20259377000,s,1340
20259629000,s,1340
20259900000,s,1340
20260158000,s,1340
20260402000,s,1340
20260638000,s,1340
20260900000,s,1340
20261130000,s,1340
20261360000,s,1340
20261597000,s,1340
20261936000,s,1340
20262334000,s,1340
20262617000,s,1340
20262869000,s,1340
20263115000,s,1340
20263398000,s,1340
20263667000,s,1340
20263933000,s,1340
20264248000,s,1340
20264508000,s,1340
20264784000,s,1340
20265036000,s,1340
20265319000,s,1340
20265564000,s,1340
20265850000,s,1340
20266141000,s,1340
20266502000,s,1340
20266894000,s,1340
20267177000,s,1340
20267474000,s,1340
20267747000,s,1340
20268000000,s,1340
20268272000,s,1340
20268553000,s,1340
20268809000,s,1340
20269251000,s,1340
20269535000,s,1340
20269792000,s,1340
20270051000,s,1340
20270385000,s,1340
20270675000,s,1340
20270939000,s,1340
20271188000,s,1340
20271468000,s,1340
20271895000,s,1340
20272164000,s,1340
20272431000,s,1340
20272708000,s,1340
20281586000,s,1340
20626706000,r,1440
20626706000,r,1440
20626707000,r,1440
20626707000,r,1440
20628091000,s,1340
20628292000,s,1340
20628469000,s,1340
22932603000,s,1340
22973037000,s,1340
22973467000,s,1340
24970439000,r,1440