0,s,1340
12381000,r,1440
12381000,r,1440
25667000,s,1340
1982238000,r,1440
1984382000,s,1340
3893807000,s,1340
3943518000,s,1340
3943927000,s,1340
3943978000,s,1340
3965709000,r,1440
3967559000,s,1340
3968042000,r,1440
3968601000,s,1340
3968666000,s,1340
3969236000,r,1440
3971095000,s,1340
3971165000,s,1340
3977839000,r,1440
3977839000,r,1440
3980622000,r,1440
3981417000,s,1340
3981859000,r,1440
3981860000,r,1440
3982845000,s,1340
3984678000,s,1340
3985532000,s,1340
3986598000,s,1340
3990419000,s,1340
3991262000,s,1340
3991397000,s,1340
3992401000,s,1340
3995729000,r,1440
3995730000,r,1440
3997058000,s,1340
3997270000,s,1340
4000274000,r,1440
4001815000,r,1440
4002149000,r,1440
4002431000,s,1340
4005125000,r,1440
4005768000,r,1440
4006520000,s,1340
4008940000,r,1440
4008940000,r,1440
4009583000,s,1340
4009682000,s,1340
4009710000,s,1340
4009743000,s,1340
4009765000,s,1340
4009990000,s,1340
4010178000,s,1340
4010212000,s,1340
4010749000,s,1340
4010828000,s,1340
4010921000,s,1340
4010959000,s,1340
4011133000,s,1340
4011212000,s,1340
4011497000,s,1340
4011660000,s,1340
4011849000,s,1340
4011985000,s,1340
4012119000,s,1340
4012259000,s,1340
4012433000,s,1340
4012518000,s,1340
4012700000,s,1340
4012795000,s,1340
4012874000,s,1340
4012951000,s,1340
4013008000,s,1340
4013222000,s,1340
4013350000,s,1340
4013636000,s,1340
4013791000,s,1340
4013993000,s,1340
4014333000,s,1340
4014513000,s,1340
4014666000,s,1340
4014830000,s,1340
4014879000,s,1340
4015065000,s,1340
4015231000,s,1340
4015276000,s,1340
4015343000,s,1340
4015546000,s,1340
4015663000,s,1340
4015866000,s,1340
4015984000,s,1340
4016069000,s,1340
4016133000,s,1340
4016428000,s,1340
4016767000,s,1340
4016914000,s,1340
4016989000,s,1340
4017090000,s,1340
4017161000,s,1340
4017615000,s,1340
4017768000,s,1340
4017960000,r,1440
4018220000,s,1340
4018298000,s,1340
4018326000,s,1340
4022142000,r,1440
4022143000,r,1440
4022143000,r,1440
4022143000,r,1440
4022143000,r,1440
4022144000,r,1440
4022144000,r,1440
4022144000,r,1440
4022316000,r,1440
4022316000,r,1440
4023215000,s,1340
4023359000,s,1340
4023472000,s,1340
4023600000,s,1340
4023717000,s,1340
4023832000,s,1340
4023948000,s,1340
4023958000,r,1440
4023958000,r,1440
4024071000,s,1340
4024205000,s,1340
4026383000,r,1440
4026862000,s,1340
4027959000,r,1440
4032310000,r,1440
4033031000,s,1340
4034446000,s,1340
4035661000,r,1440
4035661000,r,1440
4035661000,r,1440
4036273000,s,1340
4036916000,r,1440
4045231000,s,1340
4045358000,s,1340
4052595000,r,1440
4052595000,r,1440
4052595000,r,1440
4052596000,r,1440
4052596000,r,1440
4052596000,r,1440
4053289000,s,1340
4054248000,s,1340
4054319000,s,1340
4054367000,s,1340
4054413000,s,1340
4054458000,s,1340
4054590000,s,1340
4054662000,s,1340
4055144000,s,1340
4055319000,s,1340
4055494000,s,1340
4055527000,s,1340
4055951000,s,1340
4056023000,s,1340
4056115000,s,1340
4056307000,s,1340
4056412000,s,1340
4056522000,s,1340
4056592000,r,1440
4056634000,s,1340
4056735000,s,1340
4056837000,s,1340
4056935000,s,1340
4057034000,s,1340
4057131000,s,1340
4057239000,s,1340
4057335000,s,1340
4057433000,s,1340
4057528000,s,1340
4057620000,s,1340
4057710000,s,1340
4057841000,s,1340
4057932000,s,1340
4058023000,s,1340
4058147000,s,1340
4058243000,s,1340
4058339000,s,1340
4058432000,s,1340
4058526000,s,1340
4058624000,s,1340
4058714000,s,1340
4058812000,s,1340
4058902000,s,1340
4058995000,s,1340
4059084000,s,1340
4059174000,s,1340
4059267000,s,1340
4059358000,s,1340
4059447000,s,1340
4059542000,s,1340
4059637000,s,1340
4059729000,s,1340
4059821000,s,1340
4059922000,s,1340
4060111000,s,1340
4060219000,s,1340
4060326000,s,1340
4060443000,s,1340
4060472000,r,1440
4060472000,r,1440
4060473000,r,1440
4060473000,r,1440
4060559000,s,1340
4060673000,s,1340
4060785000,s,1340
4060900000,s,1340
4061015000,s,1340
4061121000,s,1340
4061232000,s,1340
4061337000,s,1340
4061454000,s,1340
4061562000,s,1340
4061667000,s,1340
4061781000,s,1340
4061891000,s,1340
4062004000,s,1340
4062140000,s,1340
4062238000,s,1340
4062408000,s,1340
4062480000,s,1340
4062547000,r,1440
4062547000,r,1440
4062547000,r,1440
4062677000,s,1340
4062867000,s,1340
4062918000,s,1340
4063066000,s,1340
4063178000,s,1340
4063258000,r,1440
4063258000,r,1440
4063258000,r,1440
4063258000,r,1440
4063258000,r,1440
4063258000,r,1440
4063334000,s,1340
4063382000,s,1340
4063394000,s,1340
4063412000,s,1340
4063422000,s,1340
4063431000,s,1340
4063597000,s,1340
4063695000,s,1340
4064079000,s,1340
4064123000,s,1340
4064136000,s,1340
4064144000,s,1340
4064153000,s,1340
4064161000,s,1340
4064555000,s,1340
4064624000,s,1340
4064682000,s,1340
4064743000,s,1340
4064795000,s,1340
4064845000,s,1340
4064896000,s,1340
4065026000,r,1440
4065026000,r,1440
4065088000,s,1340
4065026000,r,1440
4065026000,r,1440
4065026000,r,1440
4065200000,s,1340
4065274000,s,1340
4065354000,s,1340
4065547000,s,1340
4065647000,s,1340
4065713000,s,1340
4065763000,s,1340
4065810000,s,1340
4065967000,s,1340
4066041000,s,1340
4066285000,s,1340
4066333000,s,1340
4066676000,s,1340
4066876000,s,1340
4067012000,s,1340
4067126000,s,1340
4067252000,s,1340
4067349000,s,1340
4067444000,s,1340
4067557000,s,1340
4067752000,s,1340
4067985000,s,1340
4068100000,s,1340
4068219000,s,1340
4068337000,s,1340
4068448000,s,1340
4068557000,s,1340
4068814000,s,1340
4068923000,s,1340
4069027000,s,1340
4069095000,s,1340
4069144000,s,1340
4070346000,s,1340
4070439000,s,1340
4070482000,s,1340
4070513000,s,1340
4070538000,s,1340
4071791000,s,1340
4071926000,s,1340
4072018000,s,1340
4072133000,s,1340
4072267000,s,1340
4072402000,s,1340
4072955000,s,1340
4073052000,s,1340
4073137000,s,1340
4073310000,s,1340
4073426000,s,1340
4073565000,s,1340
4073646000,s,1340
4074293000,s,1340
4074398000,s,1340
4074459000,s,1340
4074534000,s,1340
4074582000,s,1340
4075366000,s,1340
4075529000,s,1340
4075629000,s,1340
4075870000,s,1340
4075982000,s,1340
4076181000,s,1340
4076339000,s,1340
4076459000,s,1340
4076603000,s,1340
4076690000,s,1340
4077465000,s,1340
4077539000,s,1340
4077651000,s,1340
4077731000,s,1340
4078295000,s,1340
4078399000,s,1340
4078499000,s,1340
4078646000,s,1340
4078710000,s,1340
4079496000,s,1340
4079518000,s,1340
4079561000,s,1340
4079612000,r,1440
4079612000,r,1440
4079613000,r,1440
4079779000,s,1340
4079818000,s,1340
4079999000,s,1340
4080100000,s,1340
4080194000,s,1340
4080347000,s,1340
4080408000,s,1340
4080696000,s,1340
4081053000,s,1340
4081149000,s,1340
4081176000,r,1440
4081176000,r,1440
4081176000,r,1440
4081234000,s,1340
4081334000,s,1340
4081426000,s,1340
4081519000,s,1340
4081601000,s,1340
4084469000,r,1440
4086131000,r,1440
4086131000,r,1440
4086131000,r,1440
4086131000,r,1440
4086685000,s,1340
4086821000,s,1340
4088954000,r,1440
4089297000,r,1440
4089435000,s,1340
4089539000,s,1340
4089607000,s,1340
4089792000,s,1340
4089853000,s,1340
4089981000,s,1340
4090775000,s,1340
4090834000,s,1340
4090915000,s,1340
4091422000,r,1440
4091422000,r,1440
4091676000,r,1440
4091711000,s,1340
4092115000,s,1340
4092370000,s,1340
4092914000,s,1340
4092990000,s,1340
4093045000,s,1340
4093153000,s,1340
4093175000,s,1340
4093294000,s,1340
4093387000,s,1340
4093437000,s,1340
4093644000,s,1340
4093660000,s,1340
4093789000,s,1340
4095158000,s,1340
4095262000,s,1340
4095484000,s,1340
4095634000,s,1340
4095727000,s,1340
4095789000,s,1340
4096239000,s,1340
4097487000,s,1340
4097556000,s,1340
4097613000,s,1340
4097730000,s,1340
4098948000,s,1340
4099118000,s,1340
4099304000,s,1340
4099564000,s,1340
4099694000,s,1340
4099833000,s,1340
4099958000,s,1340
4100017000,s,1340
4101270000,s,1340
4101332000,s,1340
4101412000,s,1340
4102843000,s,1340
4102918000,s,1340
4103003000,s,1340
4103072000,s,1340
4103161000,s,1340
4103897000,s,1340
4103958000,s,1340
4105114000,s,1340
4105269000,s,1340
4105494000,s,1340
4105540000,s,1340
4105593000,s,1340
4106271000,s,1340
4106342000,s,1340
4107633000,s,1340
4107709000,s,1340
4107764000,s,1340
4107952000,s,1340
4108026000,s,1340
4108093000,s,1340
4108851000,s,1340
4108923000,s,1340
4110167000,s,1340
4110358000,s,1340
4110542000,s,1340
4110606000,s,1340
4110667000,s,1340
4110731000,s,1340
4110948000,s,1340
4111034000,s,1340
4111321000,s,1340
4111389000,s,1340
4111571000,s,1340
4111734000,s,1340
4111809000,s,1340
4112933000,s,1340
4114286000,s,1340
4114440000,s,1340
4114559000,s,1340
4114607000,s,1340
4115333000,s,1340
4115480000,s,1340
4115672000,s,1340
4116386000,r,1440
4116725000,s,1340
4118134000,r,1440
4119585000,r,1440
4119585000,r,1440
4119585000,r,1440
4119585000,r,1440
4119585000,r,1440
4120067000,s,1340
4120116000,s,1340
4120219000,s,1340
4120298000,s,1340
4120457000,s,1340
4120652000,s,1340
4120808000,s,1340
4120884000,s,1340
4120932000,s,1340
4121277000,s,1340
4121343000,s,1340
4121612000,s,1340
4121719000,s,1340
4122004000,s,1340
4122080000,s,1340
4122316000,s,1340
4122465000,s,1340
4122627000,s,1340
4122700000,r,1440
4122714000,s,1340
4122700000,r,1440
4122800000,s,1340
4122982000,s,1340
4123171000,s,1340
4123263000,s,1340
4123456000,s,1340
4123584000,s,1340
4123675000,s,1340
4123861000,r,1440
4123861000,r,1440
4123940000,s,1340
4124036000,s,1340
4124134000,s,1340
4124242000,s,1340
4124326000,s,1340
4124405000,s,1340
4124472000,s,1340
4124538000,s,1340
4124755000,s,1340
4124905000,s,1340
4124998000,s,1340
4125180000,s,1340
4125342000,r,1440
4125342000,r,1440
4125343000,r,1440
4125343000,r,1440
4125343000,r,1440
4125343000,r,1440
4125343000,r,1440
4125479000,s,1340
4125563000,s,1340
4125642000,s,1340
4125672000,s,1340
4125824000,s,1340
4125847000,s,1340
4125887000,s,1340
4126002000,s,1340
4126129000,s,1340
4126230000,s,1340
4126315000,s,1340
4126393000,s,1340
4126460000,s,1340
4126523000,s,1340
4126764000,s,1340
4126858000,s,1340
4127027000,s,1340
4127102000,s,1340
4127214000,s,1340
4127383000,s,1340
4127559000,s,1340
4127721000,s,1340
4127864000,s,1340
4127944000,s,1340
4128013000,s,1340
4128178000,s,1340
4128367000,s,1340
4128551000,s,1340
4128654000,s,1340
4129514000,s,1340
4129580000,r,1440
4129832000,s,1340
4130085000,s,1340
4130240000,s,1340
4130334000,s,1340
4130357000,s,1340
4130408000,s,1340
4131081000,r,1440
4131081000,r,1440
4131081000,r,1440
4131247000,s,1340
4131355000,s,1340
4131529000,s,1340
4137583000,r,1440
4137584000,r,1440
4137584000,r,1440
4137584000,r,1440
4137584000,r,1440
4137584000,r,1440
4137584000,r,1440
4137584000,r,1440
4137748000,r,1440
4137748000,r,1440
4137748000,r,1440
4138752000,s,1340
4138812000,s,1340
4138814000,r,1440
4138917000,s,1340
4138956000,s,1340
4138975000,s,1340
4139102000,s,1340
4139325000,s,1340
4139447000,s,1340
4139506000,s,1340
4139563000,s,1340
4139641000,r,1440
4139762000,s,1340
4139864000,s,1340
4139990000,s,1340
4140157000,s,1340
4140357000,s,1340
4141281000,s,1340
4141746000,s,1340
4141830000,s,1340
4141884000,s,1340
4141935000,s,1340
4142007000,s,1340
4142076000,s,1340
4142347000,s,1340
4142593000,s,1340
4142782000,s,1340
4142829000,s,1340
4142849000,s,1340
4143049000,s,1340
4143216000,s,1340
4143342000,s,1340
4144086000,s,1340
4144191000,s,1340
4144238000,s,1340
4145007000,s,1340
4145058000,s,1340
4145103000,s,1340
4146431000,s,1340
4146634000,s,1340
4146809000,s,1340
4147005000,s,1340
4147122000,s,1340
4147345000,s,1340
4147471000,s,1340
4148551000,s,1340
4148657000,s,1340
4148720000,s,1340
4148906000,s,1340
4149182000,s,1340
4149453000,s,1340
4149686000,s,1340
4149738000,s,1340
4149753000,s,1340
4149837000,s,1340
4149883000,s,1340
4150059000,s,1340
4150325000,s,1340
4150408000,s,1340
4150619000,s,1340
4150660000,s,1340
4150760000,s,1340
4150842000,s,1340
4150955000,s,1340
4151067000,s,1340
4151235000,s,1340
4151265000,s,1340
4151318000,s,1340
4151603000,s,1340
4151722000,s,1340
4152006000,s,1340
4152107000,s,1340
4152199000,s,1340
4152281000,s,1340
4152429000,s,1340
4152616000,s,1340
4152697000,s,1340
4153338000,s,1340
4154168000,s,1340
4154252000,s,1340
4154296000,s,1340
4154519000,s,1340
4154675000,s,1340
4154768000,s,1340
4154852000,s,1340
4154899000,s,1340
4155074000,s,1340
4155121000,s,1340
4156312000,s,1340
4156415000,s,1340
4161058000,r,1440
4161498000,s,1340
4161575000,s,1340
4161617000,s,1340
4162850000,s,1340
4162988000,s,1340
4163187000,s,1340
4163464000,s,1340
4163546000,s,1340
4163908000,s,1340
4163989000,s,1340
4164207000,s,1340
4164507000,s,1340
4164713000,s,1340
4164771000,s,1340
4164800000,s,1340
4164902000,s,1340
4165048000,s,1340
4165563000,s,1340
4165645000,s,1340
4165775000,s,1340
4166002000,s,1340
4166300000,s,1340
4166371000,s,1340
4166599000,s,1340
4167009000,s,1340
4167062000,s,1340
4167183000,s,1340
4167250000,s,1340
4167393000,s,1340
4167471000,s,1340
4167620000,s,1340
4167678000,s,1340
4167958000,s,1340
4168166000,s,1340
4168835000,s,1340
4169085000,s,1340
4169289000,s,1340
4169363000,s,1340
4169435000,s,1340
4169607000,s,1340
4169752000,s,1340
4169911000,s,1340
4170009000,s,1340
4170233000,s,1340
4170453000,s,1340
4170550000,s,1340
4170631000,s,1340
4170719000,s,1340
4170995000,s,1340
4171052000,s,1340
4171294000,s,1340
4171399000,s,1340
4171494000,s,1340
4171617000,s,1340
4171782000,s,1340
4171862000,s,1340
4171927000,s,1340
4171979000,s,1340
4172028000,s,1340
4172502000,s,1340
4172729000,s,1340
4172828000,s,1340
4172901000,s,1340
4172967000,s,1340
4173156000,s,1340
4173233000,s,1340
4173364000,s,1340
4173461000,s,1340
4173561000,s,1340
4173776000,s,1340
4173856000,s,1340
4173995000,s,1340
4174154000,s,1340
4174348000,s,1340
4174430000,s,1340
4174491000,s,1340
4174783000,s,1340
4175056000,s,1340
4175163000,s,1340
4175299000,s,1340
4175384000,s,1340
4175812000,s,1340
4175994000,s,1340
4176198000,s,1340
4176294000,s,1340
4176456000,s,1340
4176661000,s,1340
4176742000,s,1340
4176922000,s,1340
4177070000,s,1340
4177353000,s,1340
4177477000,s,1340
4177575000,s,1340
4177649000,s,1340
4177742000,s,1340
4177819000,s,1340
4178509000,s,1340
4178583000,s,1340
4178703000,s,1340
4178860000,s,1340
4179011000,s,1340
4179157000,s,1340
4179254000,s,1340
4179686000,s,1340
4179777000,s,1340
4180658000,s,1340
4180784000,s,1340
4180953000,s,1340
4181090000,s,1340
4181485000,s,1340
4181618000,s,1340
4181638000,s,1340
4181699000,s,1340
4181776000,s,1340
4181883000,s,1340
4182048000,s,1340
4191969000,s,1340
4192047000,s,1340
4192119000,s,1340
4193347000,s,1340
4193443000,s,1340
4193626000,s,1340
4194463000,s,1340
4194578000,s,1340
4194639000,s,1340
4194703000,s,1340
4194845000,s,1340
4195027000,s,1340
4195091000,s,1340
4195140000,s,1340
4196340000,s,1340
4196510000,s,1340
4196748000,s,1340
4198024000,s,1340
4198236000,s,1340
4198379000,s,1340
4198447000,s,1340
4198596000,s,1340
4198715000,s,1340
4198830000,s,1340
4198943000,s,1340
4199054000,s,1340
4199224000,s,1340
4199291000,s,1340
4199449000,s,1340
4199570000,s,1340
4199916000,s,1340
4199981000,s,1340
4200195000,s,1340
4200338000,s,1340
4200452000,s,1340
4200512000,s,1340
4201591000,s,1340
4201710000,s,1340
4201802000,s,1340
4201886000,s,1340
4201976000,s,1340
4202059000,s,1340
4202303000,s,1340
4202433000,s,1340
4202826000,s,1340
4202880000,s,1340
4203050000,s,1340
4203129000,s,1340
4203278000,s,1340
4203346000,s,1340
4203480000,r,1440
4203492000,s,1340
4203610000,s,1340
4203830000,s,1340
4203865000,s,1340
4211099000,r,1440
4213988000,s,1340
4220681000,s,1340
4220805000,s,1340
4222097000,s,1340
4222228000,s,1340
4222659000,s,1340
4222817000,s,1340
4222889000,s,1340
4223872000,s,1340
4223921000,s,1340
4236605000,r,1440
4236605000,r,1440
4236605000,r,1440
4237208000,s,1340
4237522000,r,1440
4238121000,r,1440
4238363000,s,1340
4242432000,r,1440
4242711000,s,1340
4242824000,s,1340
4244317000,r,1440
4244317000,r,1440
4244317000,r,1440
4244318000,r,1440
4244318000,r,1440
4244318000,r,1440
4244318000,r,1440
4244318000,r,1440
4244403000,r,1440
4244403000,r,1440
4244403000,r,1440
4244403000,r,1440
4244403000,r,1440
4244403000,r,1440
4244403000,r,1440
4244403000,r,1440
4244428000,r,1440
4244428000,r,1440
4244428000,r,1440
4244428000,r,1440
4244429000,r,1440
4244729000,s,1340
4244908000,s,1340
4244991000,s,1340
4245059000,s,1340
4245123000,s,1340
4245193000,s,1340
4245215000,r,1440
4245215000,r,1440
4245215000,r,1440
4245215000,r,1440
4245215000,r,1440
4245254000,s,1340
4245215000,r,1440
4245216000,r,1440
4245216000,r,1440
4245271000,r,1440
4245271000,r,1440
4245271000,r,1440
4245271000,r,1440
4245421000,s,1340
4245474000,s,1340
4245535000,s,1340
4245608000,s,1340
4245653000,s,1340
4245718000,s,1340
4245785000,s,1340
4245849000,s,1340
4245917000,s,1340
4245975000,s,1340
4246036000,s,1340
4246088000,s,1340
4246183000,s,1340
4246228000,s,1340
4246294000,s,1340
4246357000,s,1340
4246419000,s,1340
4246475000,s,1340
4246527000,s,1340
4246541000,r,1440
4246541000,r,1440
4246541000,r,1440
4246542000,r,1440
4246542000,r,1440
4246542000,r,1440
4246583000,s,1340
4246542000,r,1440
4246542000,r,1440
4246652000,s,1340
4246716000,s,1340
4246783000,s,1340
4246831000,s,1340
4246901000,s,1340
4246968000,s,1340
4247016000,s,1340
4247074000,s,1340
4247132000,s,1340
4247190000,s,1340
4247232000,s,1340
4247289000,s,1340
4247331000,s,1340
4247375000,s,1340
4247433000,s,1340
4247497000,s,1340
4247564000,s,1340
4247628000,s,1340
4247691000,s,1340
4247730000,s,1340
4247767000,s,1340
4247824000,s,1340
4247897000,s,1340
4247939000,s,1340
4248003000,s,1340
4248067000,s,1340
4248128000,s,1340
4248193000,s,1340
4248256000,s,1340
4248301000,s,1340
4248369000,s,1340
4248426000,s,1340
4248489000,s,1340
4248537000,s,1340
4248597000,s,1340
4248661000,s,1340
4248723000,s,1340
4248783000,s,1340
4248837000,s,1340
4248893000,s,1340
4248949000,s,1340
4249003000,s,1340
4249067000,s,1340
4249120000,s,1340
4249320000,s,1340
4249381000,s,1340
4249539000,s,1340
4249647000,s,1340
4249776000,s,1340
4250070000,s,1340
4250149000,s,1340
4251110000,s,1340
4251663000,s,1340
4251903000,s,1340
4252985000,s,1340
4253027000,s,1340
4253226000,s,1340
4253260000,s,1340
4253328000,s,1340
4253500000,s,1340
4253584000,s,1340
4253770000,s,1340
4253856000,s,1340
4253995000,s,1340
4254395000,s,1340
4254440000,s,1340
4254577000,r,1440
4254577000,r,1440
4254637000,s,1340
4254752000,s,1340
4254820000,s,1340
4254922000,s,1340
4255091000,s,1340
4255116000,s,1340
4255125000,s,1340
4255137000,s,1340
4255622000,r,1440
4255622000,r,1440
4255622000,r,1440
4255622000,r,1440
4255622000,r,1440
4255622000,r,1440
4255622000,r,1440
4255722000,s,1340
4255858000,s,1340
4255917000,s,1340
4255980000,s,1340
4256035000,s,1340
4256108000,s,1340
4256172000,s,1340
4256239000,s,1340
4256318000,s,1340
4256389000,s,1340
4256460000,s,1340
4259325000,r,1440
4259325000,r,1440
4259325000,r,1440
4259325000,r,1440
4259325000,r,1440
4259325000,r,1440
4259326000,r,1440
4259418000,r,1440
4259418000,r,1440
4259418000,r,1440
4259418000,r,1440
4259418000,r,1440
4259418000,r,1440
4259838000,s,1340
4259859000,r,1440
4259859000,r,1440
4259859000,r,1440
4259859000,r,1440
4259859000,r,1440
4259859000,r,1440
4259932000,s,1340
4260010000,s,1340
4260069000,s,1340
4260144000,s,1340
4260203000,s,1340
4260279000,s,1340
4260432000,s,1340
4260504000,s,1340
4260533000,r,1440
4260533000,r,1440
4260576000,s,1340
4260533000,r,1440
4260533000,r,1440
4260533000,r,1440
4260533000,r,1440
4260533000,r,1440
4260534000,r,1440
4260603000,r,1440
4260651000,s,1340
4260718000,s,1340
4260771000,s,1340
4260824000,s,1340
4260879000,s,1340
4260936000,s,1340
4260993000,s,1340
4261063000,s,1340
4261127000,s,1340
4261196000,s,1340
4261266000,s,1340
4261317000,s,1340
4261363000,s,1340
4261409000,s,1340
4261452000,s,1340
4261477000,r,1440
4261494000,s,1340
4261477000,r,1440
4261477000,r,1440
4261537000,s,1340
4261583000,s,1340
4261632000,s,1340
4261686000,s,1340
4261738000,s,1340
4261786000,s,1340
4261833000,s,1340
4261877000,s,1340
4261947000,s,1340
4262021000,s,1340
4262072000,s,1340
4262128000,r,1440
4262128000,r,1440
4262128000,r,1440
4262129000,r,1440
4262129000,r,1440
4262129000,r,1440
4262129000,r,1440
4262129000,r,1440
4262388000,s,1340
4262489000,s,1340
4262555000,s,1340
4262629000,s,1340
4262703000,s,1340
4262774000,s,1340
4262842000,s,1340
4262912000,s,1340
4262963000,s,1340
4263013000,s,1340
4263080000,s,1340
4263147000,s,1340
4263214000,s,1340
4263278000,s,1340
4263354000,s,1340
4263426000,s,1340
4263496000,s,1340
4263568000,s,1340
4263640000,s,1340
4263711000,s,1340
4263781000,s,1340
4263931000,s,1340
4264166000,s,1340
4264343000,s,1340
4264451000,s,1340
4264607000,s,1340
4264729000,s,1340
4264854000,s,1340
4265024000,s,1340
4265158000,s,1340
4265271000,s,1340
4265426000,s,1340
4265541000,s,1340
4265658000,s,1340
4266327000,s,1340
4266393000,s,1340
4266453000,s,1340
4266745000,s,1340
4266807000,s,1340
4266852000,s,1340
4267020000,s,1340
4267077000,s,1340
4267906000,s,1340
4267983000,s,1340
4268130000,s,1340
4268232000,s,1340
4268336000,s,1340
4268444000,s,1340
4268545000,s,1340
4268631000,s,1340
4268719000,s,1340
4268806000,s,1340
4268890000,s,1340
4268991000,s,1340
4269131000,s,1340
4269245000,s,1340
4269350000,s,1340
4269449000,s,1340
4269537000,s,1340
4269622000,s,1340
4269729000,s,1340
4269778000,r,1440
4269840000,s,1340
4269779000,r,1440
4269779000,r,1440
4269779000,r,1440
4269779000,r,1440
4269779000,r,1440
4269779000,r,1440
4269779000,r,1440
4269909000,r,1440
4269910000,r,1440
4269910000,r,1440
4269910000,r,1440
4269910000,r,1440
4269910000,r,1440
4269910000,r,1440
4269910000,r,1440
4269938000,r,1440
4269938000,r,1440
4269938000,r,1440
4269938000,r,1440
4269938000,r,1440
4269939000,r,1440
4269939000,r,1440
4269939000,r,1440
4270199000,s,1340
4270403000,r,1440
4270403000,r,1440
4270403000,r,1440
4270433000,s,1340
4270403000,r,1440
4270403000,r,1440
4270403000,r,1440
4270459000,s,1340
4270703000,s,1340
4270730000,s,1340
4270740000,s,1340
4270748000,s,1340
4270756000,s,1340
4270764000,s,1340
4270771000,s,1340
4270779000,s,1340
4270785000,s,1340
4270792000,s,1340
4270798000,s,1340
4270834000,s,1340
4270847000,s,1340
4270854000,s,1340
4270884000,s,1340
4270897000,s,1340
4270904000,s,1340
4270912000,s,1340
4270918000,s,1340
4270925000,s,1340
4270931000,s,1340
4270937000,s,1340
4270943000,s,1340
4270949000,s,1340
4270954000,s,1340
4270961000,s,1340
4270967000,s,1340
4270975000,s,1340
4270981000,s,1340
4270989000,s,1340
4270996000,s,1340
4271002000,s,1340
4271008000,s,1340
4271014000,s,1340
4271316000,s,1340
4271360000,s,1340
4271379000,s,1340
4271392000,s,1340
4271404000,s,1340
4271428000,s,1340
4271754000,s,1340
4271835000,s,1340
4271904000,s,1340
4271970000,s,1340
4272041000,s,1340
4272469000,s,1340
4272566000,s,1340
4272741000,s,1340
4273571000,s,1340
4273618000,s,1340
4274502000,s,1340
4274565000,s,1340
4275662000,s,1340
4276803000,s,1340
4276914000,s,1340
4277811000,s,1340
4277924000,s,1340
4277986000,s,1340
4278036000,s,1340
4278151000,s,1340
4278209000,s,1340
4278255000,s,1340
4278524000,s,1340
4278576000,s,1340
4279096000,r,1440
4279096000,r,1440
4279096000,r,1440
4279231000,s,1340
4279307000,s,1340
4279386000,s,1340
4279431000,s,1340
4279442000,s,1340
4279452000,s,1340
4279474000,s,1340
4279644000,s,1340
4279665000,s,1340
4280649000,r,1440
4280649000,r,1440
4280649000,r,1440
4280650000,r,1440
4280650000,r,1440
4280650000,r,1440
4280650000,r,1440
4280650000,r,1440
4280720000,r,1440
4280720000,r,1440
4280720000,r,1440
4280720000,r,1440
4280720000,r,1440
4280721000,r,1440
4280721000,r,1440
4280721000,r,1440
4280749000,r,1440
4280749000,r,1440
4280750000,r,1440
4280750000,r,1440
4280750000,r,1440
4280750000,r,1440
4280750000,r,1440
4280750000,r,1440
4281052000,r,1440
4281052000,r,1440
4281052000,r,1440
4281052000,r,1440
4281052000,r,1440
4281052000,r,1440
4281148000,s,1340
4281245000,s,1340
4281319000,s,1340
4281380000,s,1340
4281442000,s,1340
4281515000,s,1340
4281572000,s,1340
4281620000,s,1340
4281665000,s,1340
4281708000,s,1340
4281757000,s,1340
4281837000,s,1340
4281888000,s,1340
4281890000,r,1440
4281890000,r,1440
4281890000,r,1440
4281890000,r,1440
4281891000,r,1440
4281891000,r,1440
4281891000,r,1440
4281891000,r,1440
4281939000,s,1340
4281947000,r,1440
4282008000,s,1340
4282060000,s,1340
4282143000,s,1340
4282185000,r,1440
4282201000,s,1340
4282185000,r,1440
4282185000,r,1440
4282252000,s,1340
4282302000,s,1340
4282347000,s,1340
4282390000,s,1340
4282434000,s,1340
4282477000,s,1340
4282523000,s,1340
4282568000,s,1340
4282613000,s,1340
4282671000,s,1340
4282741000,s,1340
4282799000,s,1340
4282854000,s,1340
4282903000,s,1340
4282951000,s,1340
4282997000,s,1340
4283045000,s,1340
4283090000,s,1340
4283133000,s,1340
4283175000,s,1340
4283216000,s,1340
4283258000,s,1340
4283304000,s,1340
4283348000,s,1340
4283394000,s,1340
4283453000,s,1340
4283492000,s,1340
4283527000,s,1340
4283592000,s,1340
4283661000,s,1340
4283716000,s,1340
4283737000,r,1440
4283762000,s,1340
4283737000,r,1440
4283738000,r,1440
4283738000,r,1440
4283738000,r,1440
4283811000,s,1340
4283861000,s,1340
4283909000,s,1340
4283956000,s,1340
4284003000,s,1340
4284050000,s,1340
4284106000,s,1340
4284155000,s,1340
4284203000,s,1340
4284243000,s,1340
4284282000,s,1340
4284369000,s,1340
4284398000,s,1340
4284408000,s,1340
4284415000,s,1340
4284422000,s,1340
4292697000,r,1440
4292697000,r,1440
4292697000,r,1440
4292697000,r,1440
4292697000,r,1440
4293330000,s,1340
4293426000,s,1340
4293491000,s,1340
4293533000,s,1340
4293572000,s,1340
4293628000,s,1340
4293684000,s,1340
4293729000,s,1340
4294511000,s,1340
4297260000,r,1440
4297261000,r,1440
4297261000,r,1440
4297261000,r,1440
4297261000,r,1440
4297261000,r,1440
4297261000,r,1440
4297261000,r,1440
4297405000,r,1440
4297405000,r,1440
4297405000,r,1440
4297405000,r,1440
4297406000,r,1440
4297406000,r,1440
4297406000,r,1440
4297406000,r,1440
4297431000,r,1440
4297431000,r,1440
4297431000,r,1440
4297432000,r,1440
4297432000,r,1440
4297432000,r,1440
4297432000,r,1440
4297432000,r,1440
4297457000,r,1440
4297457000,r,1440
4297457000,r,1440
4297457000,r,1440
4297457000,r,1440
4297457000,r,1440
4297457000,r,1440
4297458000,r,1440
4297481000,r,1440
4297481000,r,1440
4297481000,r,1440
4297481000,r,1440
4297482000,r,1440
4297482000,r,1440
4297482000,r,1440
4297482000,r,1440
4297506000,r,1440
4297506000,r,1440
4297506000,r,1440
4297506000,r,1440
4297506000,r,1440
4297506000,r,1440
4297506000,r,1440
4297506000,r,1440
4297528000,r,1440
4297528000,r,1440
4297528000,r,1440
4297953000,s,1340
4297999000,s,1340
4298009000,s,1340
4298017000,s,1340
4298028000,s,1340
4298058000,s,1340
4298068000,s,1340
4298190000,s,1340
4298217000,s,1340
4298320000,s,1340
4298374000,s,1340
4298441000,s,1340
4298508000,s,1340
4298558000,s,1340
4298653000,s,1340
4298703000,s,1340
4298760000,s,1340
4298804000,s,1340
4298850000,s,1340
4299098000,s,1340
4299118000,s,1340
4299126000,s,1340
4299139000,s,1340
4299146000,s,1340
4299153000,s,1340
4299159000,s,1340
4299165000,s,1340
4299171000,s,1340
4299176000,s,1340
4299182000,s,1340
4299187000,s,1340
4299193000,s,1340
4299207000,s,1340
4299275000,s,1340
4299404000,s,1340
4299414000,r,1440
4299414000,r,1440
4299415000,r,1440
4299415000,r,1440
4299415000,r,1440
4299415000,r,1440
4299507000,s,1340
4299588000,s,1340
4299819000,s,1340
4299886000,s,1340
4299966000,s,1340
4300172000,s,1340
4300276000,s,1340
4300347000,s,1340
4301070000,s,1340
4301149000,s,1340
4301213000,s,1340
4301256000,r,1440
4301256000,r,1440
4301256000,r,1440
4301256000,r,1440
4301256000,r,1440
4301256000,r,1440
4301256000,r,1440
4301257000,r,1440
4301418000,s,1340
4301490000,s,1340
4301556000,s,1340
4301629000,s,1340
4301690000,s,1340
4301755000,s,1340
4301852000,s,1340
4301900000,s,1340
4302026000,s,1340
4302063000,s,1340
4302072000,s,1340
4302081000,s,1340
4302087000,s,1340
4302094000,s,1340
4302101000,s,1340
4302150000,s,1340
4302161000,s,1340
4302169000,s,1340
4302178000,s,1340
4302185000,s,1340
4302191000,s,1340
4302200000,s,1340
4302206000,s,1340
4302213000,s,1340
4302219000,s,1340
4302226000,s,1340
4302233000,s,1340
4302240000,s,1340
4302247000,s,1340
4302253000,s,1340
4302259000,s,1340
4302266000,s,1340
4302272000,s,1340
4302277000,s,1340
4302286000,s,1340
4302293000,s,1340
4302300000,s,1340
4302307000,s,1340
4302314000,s,1340
4302321000,s,1340
4302328000,s,1340
4302336000,s,1340
4302344000,s,1340
4302350000,s,1340
4302357000,s,1340
4302371000,s,1340
4302379000,s,1340
4302386000,s,1340
4303447000,s,1340
4303614000,s,1340
4303787000,s,1340
4304593000,s,1340
4304683000,s,1340
4304718000,s,1340
4305851000,s,1340
4305963000,s,1340
4306061000,s,1340
4306141000,r,1440
4306141000,r,1440
4306141000,r,1440
4306141000,r,1440
4306141000,r,1440
4306141000,r,1440
4306231000,s,1340
4306331000,s,1340
4306427000,s,1340
4306522000,s,1340
4306615000,s,1340
4306669000,s,1340
4306848000,s,1340
4306914000,s,1340
4306962000,s,1340
4307162000,s,1340
4307230000,s,1340
4307281000,s,1340
4307344000,s,1340
4307444000,s,1340
4307472000,s,1340
4307483000,s,1340
4307490000,s,1340
4307512000,r,1440
4307512000,r,1440
4307513000,r,1440
4307513000,r,1440
4307513000,r,1440
4307513000,r,1440
4307627000,s,1340
4307702000,s,1340
4307822000,s,1340
4307899000,s,1340
4307961000,s,1340
4308001000,s,1340
4308037000,s,1340
4308079000,s,1340
4308141000,s,1340
4308199000,s,1340
4308734000,s,1340
4308811000,s,1340
4308852000,s,1340
4308987000,s,1340
4309146000,s,1340
4309210000,s,1340
4309268000,s,1340
4309503000,s,1340
4309663000,s,1340
4309728000,s,1340
4309769000,s,1340
4310652000,s,1340
4310736000,s,1340
4311518000,s,1340
4312065000,s,1340
4312171000,s,1340
4313280000,s,1340
4313438000,s,1340
4313626000,s,1340
4313720000,s,1340
4313918000,s,1340
4314001000,s,1340
4314187000,s,1340
4314271000,s,1340
4314425000,s,1340
4314614000,s,1340
4314691000,s,1340
4314742000,r,1440
4314742000,r,1440
4314742000,r,1440
4314742000,r,1440
4314742000,r,1440
4314800000,s,1340
4314743000,r,1440
4314743000,r,1440
4314743000,r,1440
4314821000,r,1440
4314821000,r,1440
4314821000,r,1440
4314821000,r,1440
4314821000,r,1440
4314837000,s,1340
4314821000,r,1440
4314821000,r,1440
4314821000,r,1440
4314854000,r,1440
4314854000,r,1440
4314854000,r,1440
4314854000,r,1440
4314905000,r,1440
4314905000,r,1440
4314905000,r,1440
4314905000,r,1440
4314905000,r,1440
4314905000,r,1440
4314956000,s,1340
4315003000,s,1340
4315019000,s,1340
4315197000,r,1440
4315197000,r,1440
4315197000,r,1440
4315197000,r,1440
4315197000,r,1440
4315197000,r,1440
4315253000,s,1340
4315361000,r,1440
4315361000,s,1340
4315361000,r,1440
4315361000,r,1440
4315414000,s,1340
4315465000,s,1340
4315513000,s,1340
4315563000,s,1340
4315619000,s,1340
4315673000,s,1340
4315744000,s,1340
4315796000,s,1340
4315875000,s,1340
4315941000,s,1340
4316003000,s,1340
4316069000,s,1340
4316141000,s,1340
4316212000,s,1340
4316276000,s,1340
4316334000,s,1340
4316398000,s,1340
4316460000,s,1340
4316528000,s,1340
4316592000,s,1340
4316651000,s,1340
4316709000,s,1340
4316768000,s,1340
4316832000,s,1340
4316892000,s,1340
4316948000,s,1340
4317008000,s,1340
4317068000,s,1340
4317112000,s,1340
4317170000,s,1340
4317219000,s,1340
4317267000,s,1340
4317326000,s,1340
4317388000,s,1340
4317431000,s,1340
4317475000,s,1340
4317478000,r,1440
4317523000,s,1340
4317478000,r,1440
4317478000,r,1440
4317478000,r,1440
4317479000,r,1440
4317479000,r,1440
4317479000,r,1440
4317479000,r,1440
4317569000,s,1340
4317575000,r,1440
4317575000,r,1440
4317575000,r,1440
4317575000,r,1440
4317576000,r,1440
4317576000,r,1440
4317576000,r,1440
4317615000,s,1340
4317660000,s,1340
4317700000,s,1340
4317734000,s,1340
4317766000,s,1340
4317802000,s,1340
4317836000,s,1340
4317878000,s,1340
4317925000,s,1340
4317969000,s,1340
4318012000,s,1340
4318054000,s,1340
4318096000,s,1340
4318196000,s,1340
4318334000,s,1340
4318388000,s,1340
4318543000,s,1340
4318655000,s,1340
4318720000,s,1340
4318770000,s,1340
4318815000,s,1340
4318897000,s,1340
4318950000,s,1340
4319086000,s,1340
4319161000,s,1340
4319226000,s,1340
4319267000,s,1340
4319391000,s,1340
4319456000,s,1340
4319518000,s,1340
4319569000,s,1340
4319618000,s,1340
4319739000,s,1340
4319784000,s,1340
4319824000,s,1340
4319819000,r,1440
4319862000,s,1340
4319819000,r,1440
4319819000,r,1440
4319819000,r,1440
4319819000,r,1440
4319819000,r,1440
4319820000,r,1440
4320395000,s,1340
4320577000,s,1340
4320632000,s,1340
4320676000,s,1340
4320719000,s,1340
4320756000,s,1340
4320794000,s,1340
4320830000,s,1340
4320874000,s,1340
4320914000,s,1340
4321006000,s,1340
4321089000,s,1340
4321122000,s,1340
4321136000,s,1340
4321147000,s,1340
4321390000,s,1340
4321497000,s,1340
4321596000,s,1340
4321692000,s,1340
4321817000,s,1340
4321917000,s,1340
4322022000,s,1340
4322160000,s,1340
4322397000,s,1340
4322502000,s,1340
4322754000,s,1340
4322900000,r,1440
4322953000,s,1340
4322900000,r,1440
4322901000,r,1440
4322901000,r,1440
4322901000,r,1440
4322901000,r,1440
4322901000,r,1440
4322901000,r,1440
4322997000,r,1440
4323043000,s,1340
4323163000,s,1340
4323316000,s,1340
4323426000,s,1340
4323495000,s,1340
4323572000,s,1340
4323650000,s,1340
4323722000,s,1340
4323784000,s,1340
4323834000,s,1340
4323897000,s,1340
4323946000,s,1340
4323991000,s,1340
4324053000,s,1340
4324109000,s,1340
4324149000,s,1340
4324176000,r,1440
4324183000,s,1340
4324176000,r,1440
4324176000,r,1440
4324177000,r,1440
4324177000,r,1440
4324177000,r,1440
4324240000,s,1340
4324177000,r,1440
4324177000,r,1440
4324259000,r,1440
4324259000,r,1440
4324259000,r,1440
4324259000,r,1440
4324391000,s,1340
4324476000,s,1340
4324553000,s,1340
4324614000,s,1340
4324657000,s,1340
4324734000,s,1340
4324807000,s,1340
4324877000,s,1340
4324948000,s,1340
4325011000,s,1340
4325071000,s,1340
4325128000,s,1340
4325185000,s,1340
4325251000,s,1340
4325310000,s,1340
4325370000,s,1340
4325430000,s,1340
4325487000,s,1340
4325542000,s,1340
4325602000,s,1340
4325744000,s,1340
4325961000,r,1440
4325969000,s,1340
4325961000,r,1440
4325961000,r,1440
4325961000,r,1440
4325961000,r,1440
4325961000,r,1440
4325961000,r,1440
4325962000,r,1440
4326130000,s,1340
4326245000,s,1340
4326381000,s,1340
4326616000,s,1340
4326694000,s,1340
4326766000,s,1340
4326844000,s,1340
4326892000,s,1340
4326955000,s,1340
4327017000,s,1340
4327082000,s,1340
4327148000,s,1340
4327212000,s,1340
4327306000,s,1340
4327377000,s,1340
4327440000,s,1340
4327500000,s,1340
4327646000,s,1340
4327998000,r,1440
4328183000,s,1340
4328264000,s,1340
4328325000,s,1340
4329472000,s,1340
4329567000,s,1340
4329720000,s,1340
4330600000,s,1340
4330717000,s,1340
4330778000,s,1340
4331923000,s,1340
4332058000,s,1340
4332424000,s,1340
4332482000,s,1340
4332567000,s,1340
4332650000,s,1340
4332739000,s,1340
4332849000,s,1340
4332943000,s,1340
4333082000,s,1340
4333121000,s,1340
4333206000,s,1340
4333244000,s,1340
4335674000,s,1340
4335819000,s,1340
4335885000,s,1340
4335931000,s,1340
4336412000,s,1340
4336627000,s,1340
4336837000,s,1340
4336960000,s,1340
4337071000,s,1340
4337118000,s,1340
4337233000,s,1340
4337386000,s,1340
4337503000,s,1340
4337572000,s,1340
4337665000,s,1340
4337821000,s,1340
4337950000,s,1340
4338027000,r,1440
4338035000,s,1340
4338080000,s,1340
4338027000,r,1440
4338027000,r,1440
4338027000,r,1440
4338027000,r,1440
4338028000,r,1440
4338028000,r,1440
4338028000,r,1440
4338161000,r,1440
4338290000,s,1340
4338348000,s,1340
4338501000,s,1340
4338540000,s,1340
4338576000,s,1340
4338605000,s,1340
4338618000,s,1340
4338629000,s,1340
4338640000,s,1340
4338649000,s,1340
4338708000,r,1440
4338708000,r,1440
4338708000,r,1440
4338708000,r,1440
4338709000,r,1440
4338709000,r,1440
4338709000,r,1440
4338821000,s,1340
4338905000,s,1340
4338958000,s,1340
4339002000,s,1340
4339053000,s,1340
4339103000,s,1340
4339154000,s,1340
4339203000,s,1340
4339256000,s,1340
4339306000,s,1340
4339380000,s,1340
4339457000,s,1340
4339522000,s,1340
4339584000,s,1340
4339649000,s,1340
4339715000,s,1340
4339773000,s,1340
4339811000,s,1340
4339845000,s,1340
4339980000,s,1340
4340125000,s,1340
4340244000,s,1340
4340317000,s,1340
4340977000,s,1340
4341043000,s,1340
4341222000,s,1340
4341295000,s,1340
4341433000,s,1340
4341544000,s,1340
4341775000,s,1340
4341863000,s,1340
4341984000,s,1340
4342149000,s,1340
4342225000,s,1340
4342286000,s,1340
4342928000,s,1340
4343031000,s,1340
4343088000,s,1340
4343201000,s,1340
4343284000,s,1340
4343342000,s,1340
4343404000,s,1340
4344037000,s,1340
4344058000,s,1340
4344430000,s,1340
4344453000,s,1340
4344468000,s,1340
4344508000,s,1340
4344919000,s,1340
4345009000,s,1340
4345133000,s,1340
4346142000,s,1340
4346138000,r,1440
4346138000,r,1440
4346138000,r,1440
4346139000,r,1440
4346139000,r,1440
4346139000,r,1440
4346139000,r,1440
4346139000,r,1440
4346245000,r,1440
4346246000,r,1440
4346246000,r,1440
4346246000,r,1440
4346731000,r,1440
4346732000,r,1440
4346732000,r,1440
4346732000,r,1440
4346732000,r,1440
4346732000,r,1440
4346732000,r,1440
4346732000,r,1440
4346791000,r,1440
4346791000,r,1440
4346791000,r,1440
4346791000,r,1440
4347021000,s,1340
4347045000,s,1340
4347059000,s,1340
4347069000,s,1340
4347077000,s,1340
4347085000,s,1340
4347093000,s,1340
4347095000,r,1440
4347102000,s,1340
4347095000,r,1440
4347110000,s,1340
4347095000,r,1440
4347119000,s,1340
4347128000,s,1340
4347136000,s,1340
4347144000,s,1340
4347151000,s,1340
4347191000,s,1340
4347231000,r,1440
4347240000,s,1340
4347265000,s,1340
4347231000,r,1440
4347231000,r,1440
4347456000,s,1340
4347606000,s,1340
4347714000,s,1340
4347800000,s,1340
4347879000,s,1340
4347930000,r,1440
4347930000,r,1440
4347930000,r,1440
4347930000,r,1440
4347930000,r,1440
4347930000,r,1440
4347930000,r,1440
4347931000,r,1440
4347966000,s,1340
4347979000,r,1440
4348036000,s,1340
4348116000,s,1340
4348174000,s,1340
4348252000,s,1340
4348324000,s,1340
4348377000,s,1340
4348418000,s,1340
4348454000,s,1340
4348494000,s,1340
4348541000,s,1340
4348608000,s,1340
4348677000,s,1340
4348750000,s,1340
4349081000,s,1340
4349166000,s,1340
4349552000,s,1340
4349711000,s,1340
4349787000,s,1340
4349859000,s,1340
4349917000,s,1340
4349965000,s,1340
4350007000,s,1340
4350052000,s,1340
4350094000,s,1340
4350258000,r,1440
4350258000,r,1440
4350258000,r,1440
4350258000,r,1440
4350259000,r,1440
4350259000,r,1440
4350491000,s,1340
4350554000,s,1340
4350603000,s,1340
4350649000,s,1340
4350689000,s,1340
4350730000,s,1340
4350772000,s,1340
4350891000,s,1340
4351030000,s,1340
4351169000,s,1340
4351218000,s,1340
4351334000,s,1340
4351380000,s,1340
4351422000,s,1340
4351460000,s,1340
4351497000,s,1340
4351543000,s,1340
4351583000,s,1340
4351630000,s,1340
4351676000,s,1340
4351718000,s,1340
4351757000,s,1340
4351796000,s,1340
4351836000,s,1340
4351978000,s,1340
4352036000,s,1340
4352395000,s,1340
4352522000,s,1340
4352585000,s,1340
4352644000,s,1340
4352698000,s,1340
4352790000,s,1340
4352838000,s,1340
4353203000,s,1340
4353275000,s,1340
4353464000,s,1340
4353830000,s,1340
4354155000,s,1340
4354225000,s,1340
4354284000,s,1340
4354406000,s,1340
4354480000,s,1340
4355299000,s,1340
4355410000,s,1340
4355646000,s,1340
4355722000,s,1340
4355783000,s,1340
4355915000,s,1340
4356060000,s,1340
4356215000,s,1340
4356278000,s,1340
4356422000,s,1340
4356579000,s,1340
4356702000,s,1340
4356815000,s,1340
4356927000,s,1340
4357037000,s,1340
4357141000,s,1340
4357612000,r,1440
4357612000,r,1440
4357612000,r,1440
4357612000,r,1440
4357612000,r,1440
4357612000,r,1440
4357612000,r,1440
4357613000,r,1440
4357744000,r,1440
4357744000,r,1440
4357744000,r,1440
4357744000,r,1440
4357838000,s,1340
4357856000,r,1440
4357856000,r,1440
4357856000,r,1440
4357856000,r,1440
4357899000,s,1340
4357856000,r,1440
4357856000,r,1440
4358152000,s,1340
4358255000,s,1340
4358306000,s,1340
4358327000,s,1340
4358810000,s,1340
4358869000,s,1340
4358886000,s,1340
4358898000,s,1340
4358910000,s,1340
4358988000,s,1340
4359098000,s,1340
4359102000,r,1440
4359102000,r,1440
4359102000,r,1440
4359102000,r,1440
4359102000,r,1440
4359102000,r,1440
4359102000,r,1440
4359103000,r,1440
4359195000,r,1440
4359212000,s,1340
4359265000,s,1340
4359434000,s,1340
4359510000,s,1340
4359542000,s,1340
4359576000,s,1340
4359743000,s,1340
4360057000,s,1340
4360138000,s,1340
4360208000,s,1340
4360278000,s,1340
4360344000,s,1340
4360363000,r,1440
4360402000,s,1340
4360363000,r,1440
4360363000,r,1440
4360363000,r,1440
4360363000,r,1440
4360363000,r,1440
4360458000,s,1340
4360521000,s,1340
4360587000,s,1340
4360712000,s,1340
4360803000,s,1340
4360879000,s,1340
4360943000,s,1340
4361000000,s,1340
4361056000,s,1340
4361116000,s,1340
4361290000,s,1340
4361372000,s,1340
4361530000,s,1340
4361684000,s,1340
4361770000,s,1340
4361924000,s,1340
4362090000,s,1340
4362266000,s,1340
4362342000,s,1340
4362576000,s,1340
4362647000,s,1340
4362786000,s,1340
4362896000,s,1340
4362966000,s,1340
4363002000,s,1340
4363316000,s,1340
4363387000,s,1340
4364448000,s,1340
4364503000,s,1340
4365599000,s,1340
4365642000,s,1340
4365728000,r,1440
4365728000,r,1440
4365728000,r,1440
4365728000,r,1440
4365728000,r,1440
4365729000,r,1440
4365729000,r,1440
4365729000,r,1440
4365821000,r,1440
4366101000,s,1340
4366296000,s,1340
4366494000,s,1340
4366571000,s,1340
4366624000,s,1340
4366677000,s,1340
4366732000,s,1340
4366787000,s,1340
4366921000,s,1340
4367953000,s,1340
4368030000,s,1340
4368219000,s,1340
4368245000,r,1440
4368245000,r,1440
4368313000,s,1340
4368245000,r,1440
4368246000,r,1440
4368246000,r,1440
4368246000,r,1440
4368468000,s,1340
4368570000,s,1340
4368830000,s,1340
4368880000,s,1340
4368894000,s,1340
4369103000,s,1340
4369193000,s,1340
4369264000,s,1340
4372777000,r,1440
4372777000,r,1440
4372777000,r,1440
4372777000,r,1440
4372777000,r,1440
4372777000,r,1440
4372778000,r,1440
4372778000,r,1440
4372928000,r,1440
4372928000,r,1440
4372928000,r,1440
4372928000,r,1440
4372967000,r,1440
4372967000,r,1440
4372967000,r,1440
4373572000,r,1440
4373572000,r,1440
4373573000,r,1440
4373724000,r,1440
4373724000,r,1440
4373724000,r,1440
4373819000,s,1340
4373874000,s,1340
4373953000,s,1340
4373997000,s,1340
4374016000,s,1340
4374031000,s,1340
4374051000,s,1340
4374195000,s,1340
4374325000,s,1340
4374347000,s,1340
4374374000,s,1340
4374468000,s,1340
4374525000,r,1440
4374546000,s,1340
4374525000,r,1440
4374525000,r,1440
4374525000,r,1440
4374525000,r,1440
4374525000,r,1440
4374603000,s,1340
4374765000,s,1340
4374851000,s,1340
4374915000,s,1340
4375072000,s,1340
4375181000,s,1340
4375243000,s,1340
4375303000,s,1340
4375671000,s,1340
4375763000,s,1340
4375830000,s,1340
4375899000,s,1340
4376052000,s,1340
4376212000,s,1340
4376340000,s,1340
4376414000,s,1340
4376962000,s,1340
4377162000,s,1340
4377316000,s,1340
4377452000,s,1340
4377616000,s,1340
4377718000,s,1340
4377766000,s,1340
4378204000,s,1340
4378277000,s,1340
4378436000,s,1340
4378501000,s,1340
4378641000,s,1340
4378771000,s,1340
4378856000,s,1340
4379203000,s,1340
4379257000,s,1340
4379639000,s,1340
4379724000,s,1340
4379770000,s,1340
4380632000,r,1440
4380632000,r,1440
4380633000,r,1440
4380783000,s,1340
4380910000,s,1340
4380989000,s,1340
4381077000,s,1340
4381133000,s,1340
4381201000,s,1340
4381254000,s,1340
4381319000,s,1340
4381466000,s,1340
4382442000,s,1340
4382520000,s,1340
4382850000,s,1340
4382934000,s,1340
4383339000,s,1340
4383919000,s,1340
4384156000,s,1340
4384282000,s,1340
4384866000,s,1340
4384933000,s,1340
4385081000,s,1340
4385258000,s,1340
4385819000,s,1340
4385892000,s,1340
4385937000,s,1340
4386069000,s,1340
4386215000,s,1340
4386363000,s,1340
4386450000,s,1340
4386543000,s,1340
4386799000,s,1340
4386866000,s,1340
4388075000,s,1340
4388126000,s,1340
4388206000,s,1340
4388456000,s,1340
4388517000,r,1440
4388518000,r,1440
4388518000,r,1440
4388518000,r,1440
4388518000,r,1440
4388518000,r,1440
4388518000,r,1440
4388518000,r,1440
4388639000,r,1440
4388639000,r,1440
4388639000,r,1440
4388639000,r,1440
4388669000,r,1440
4388669000,r,1440
4388669000,r,1440
4390133000,r,1440
4390159000,s,1340
4390133000,r,1440
4390133000,r,1440
4390133000,r,1440
4390134000,r,1440
4390134000,r,1440
4390228000,s,1340
4390251000,s,1340
4390268000,s,1340
4390281000,s,1340
4390293000,s,1340
4390306000,s,1340
4390318000,s,1340
4390326000,s,1340
4390338000,s,1340
4390352000,s,1340
4390363000,s,1340
4390376000,s,1340
4390400000,s,1340
4390467000,s,1340
4390481000,s,1340
4390497000,s,1340
4390505000,s,1340
4390568000,s,1340
4390682000,s,1340
4390725000,s,1340
4390746000,s,1340
4390780000,s,1340
4390807000,s,1340
4390862000,s,1340
4391499000,s,1340
4391785000,s,1340
4391953000,s,1340
4392038000,s,1340
4392115000,s,1340
4392186000,s,1340
4392289000,s,1340
4393219000,s,1340
4393275000,s,1340
4393622000,s,1340
4393793000,s,1340
4393911000,s,1340
4393984000,s,1340
4394182000,s,1340
4394256000,s,1340
4394523000,s,1340
4394598000,s,1340
4394766000,s,1340
4394853000,s,1340
4395025000,s,1340
4395158000,s,1340
4395219000,s,1340
4396019000,r,1440
4396019000,r,1440
4396019000,r,1440
4396019000,r,1440
4396019000,r,1440
4396019000,r,1440
4396020000,r,1440
4396020000,r,1440
4396104000,r,1440
4396105000,r,1440
4396105000,r,1440
4396105000,r,1440
4396105000,r,1440
4396105000,r,1440
4396105000,r,1440
4396632000,r,1440
4396632000,r,1440
4396632000,r,1440
4396632000,r,1440
4396632000,r,1440
4396633000,r,1440
4396633000,r,1440
4396633000,r,1440
4396676000,r,1440
4396676000,r,1440
4396676000,r,1440
4396676000,r,1440
4397117000,s,1340
4397260000,s,1340
4397446000,s,1340
4397518000,r,1440
4397519000,r,1440
4397519000,r,1440
4397551000,s,1340
4397519000,r,1440
4397519000,r,1440
4397519000,r,1440
4397519000,r,1440
4397519000,r,1440
4397578000,s,1340
4397579000,r,1440
4397579000,r,1440
4397579000,r,1440
4397579000,r,1440
4397595000,s,1340
4397609000,s,1340
4397703000,s,1340
4397957000,s,1340
4398136000,r,1440
4398147000,s,1340
4398136000,r,1440
4398136000,r,1440
4398223000,s,1340
4398281000,s,1340
4398375000,s,1340
4398420000,s,1340
4398435000,s,1340
4398446000,s,1340
4398455000,s,1340
4398498000,s,1340
4398583000,s,1340
4398668000,s,1340
4398690000,s,1340
4398727000,s,1340
4398831000,s,1340
4399041000,s,1340
4399134000,s,1340
4399190000,s,1340
4399243000,s,1340
4399316000,s,1340
4399395000,s,1340
4399465000,s,1340
4399519000,r,1440
4399519000,r,1440
4399519000,r,1440
4399519000,r,1440
4399689000,s,1340
4399785000,s,1340
4399836000,s,1340
4400229000,s,1340
4401137000,s,1340
4402535000,s,1340
4406042000,r,1440
4406043000,r,1440
4406043000,r,1440
4406043000,r,1440
4406043000,r,1440
4406043000,r,1440
4406043000,r,1440
4406043000,r,1440
4406233000,r,1440
4406233000,r,1440
4406233000,r,1440
4406234000,r,1440
4406234000,r,1440
4406234000,r,1440
4406234000,r,1440
4406234000,r,1440
4406264000,r,1440
4406264000,r,1440
4406945000,s,1340
4406964000,r,1440
4406994000,s,1340
4406964000,r,1440
4406964000,r,1440
4406964000,r,1440
4406964000,r,1440
4406964000,r,1440
4406964000,r,1440
4406964000,r,1440
4407051000,r,1440
4407051000,r,1440
4407051000,r,1440
4407051000,r,1440
4407108000,r,1440
4407109000,r,1440
4407109000,r,1440
4407248000,s,1340
4407357000,s,1340
4407431000,s,1340
4407507000,s,1340
4407584000,s,1340
4407702000,s,1340
4407776000,s,1340
4407861000,s,1340
4407934000,s,1340
4408022000,s,1340
4408316000,s,1340
4408402000,s,1340
4408475000,s,1340
4408544000,s,1340
4408603000,s,1340
4408682000,s,1340
4408762000,s,1340
4408838000,s,1340
4408935000,s,1340
4409008000,s,1340
4409645000,s,1340
4409676000,r,1440
4409676000,r,1440
4409676000,r,1440
4409676000,r,1440
4409676000,r,1440
4409676000,r,1440
4409677000,r,1440
4409726000,s,1340
4409677000,r,1440
4409740000,r,1440
4409740000,r,1440
4409740000,r,1440
4409740000,r,1440
4409761000,r,1440
4409761000,r,1440
4409761000,r,1440
4409761000,r,1440
4409761000,r,1440
4409762000,r,1440
4409781000,s,1340
4409845000,s,1340
4409896000,s,1340
4409965000,s,1340
4410134000,r,1440
4410134000,r,1440
4410134000,r,1440
4410413000,s,1340
4410502000,s,1340
4410591000,s,1340
4410677000,s,1340
4410760000,s,1340
4410844000,s,1340
4410927000,s,1340
4411012000,s,1340
4411178000,s,1340
4411267000,s,1340
4411462000,s,1340
4411551000,s,1340
4411633000,s,1340
4412109000,s,1340
4412210000,s,1340
4412292000,s,1340
4412365000,s,1340
4412439000,r,1440
4412442000,s,1340
4412439000,r,1440
4412439000,r,1440
4412439000,r,1440
4412439000,r,1440
4412439000,r,1440
4412439000,r,1440
4412439000,r,1440
4412739000,s,1340
4412818000,s,1340
4412886000,s,1340
4412949000,s,1340
4413014000,s,1340
4413084000,s,1340
4413160000,s,1340
4413273000,s,1340
4413310000,s,1340
4413327000,s,1340
4413342000,s,1340
4413355000,s,1340
4416873000,r,1440
4416873000,r,1440
4416873000,r,1440
4416873000,r,1440
4416873000,r,1440
4416874000,r,1440
4416874000,r,1440
4416874000,r,1440
4416980000,r,1440
4417084000,r,1440
4417084000,r,1440
4417085000,r,1440
4417085000,r,1440
4417085000,r,1440
4417085000,r,1440
4417501000,r,1440
4417502000,r,1440
4417502000,r,1440
4417765000,s,1340
4417815000,s,1340
4417874000,s,1340
4417901000,s,1340
4417919000,s,1340
4417928000,s,1340
4418053000,s,1340
4418073000,s,1340
4418227000,s,1340
4418249000,s,1340
4418272000,s,1340
4418309000,s,1340
4418501000,s,1340
4418620000,s,1340
4418704000,s,1340
4418783000,s,1340
4418877000,s,1340
4419348000,r,1440
4419348000,r,1440
4419348000,r,1440
4419348000,r,1440
4419396000,s,1340
4419348000,r,1440
4419348000,r,1440
4419471000,s,1340
4419596000,s,1340
4419648000,s,1340
4419700000,s,1340
4419746000,s,1340
4419785000,s,1340
4419819000,s,1340
4419975000,s,1340
4421120000,r,1440
4423557000,r,1440
4423557000,r,1440
4423557000,r,1440
4423558000,r,1440
4423558000,r,1440
4423558000,r,1440
4423558000,r,1440
4423558000,r,1440
4423671000,r,1440
4423671000,r,1440
4423671000,r,1440
4423671000,r,1440
4423672000,r,1440
4423672000,r,1440
4423672000,r,1440
4424282000,s,1340
4424375000,s,1340
4424524000,s,1340
4424573000,s,1340
4424934000,s,1340
4425030000,s,1340
4425104000,s,1340
4425172000,s,1340
4425245000,s,1340
4425511000,s,1340
4425586000,s,1340
4425632000,r,1440
4425655000,s,1340
4425632000,r,1440
4425632000,r,1440
4425632000,r,1440
4425632000,r,1440
4425632000,r,1440
4425632000,r,1440
4425632000,r,1440
4425737000,r,1440
4425821000,s,1340
4425857000,s,1340
4425997000,s,1340
4426222000,s,1340
4426268000,s,1340
4426290000,s,1340
4426347000,s,1340
4426527000,s,1340
4426575000,s,1340
4426689000,s,1340
4426707000,s,1340
4426722000,s,1340
4426760000,s,1340
4426797000,s,1340
4427101000,s,1340
4430126000,r,1440
4430126000,r,1440
4434612000,r,1440
4435049000,s,1340
4437403000,s,1340
5114199000,r,1440
5114199000,r,1440
5114199000,r,1440
5114200000,r,1440
5114200000,r,1440
5115324000,s,1340
5115550000,s,1340
5115628000,s,1340
5115706000,s,1340
5115758000,s,1340
5115831000,s,1340
5115879000,s,1340
5115922000,s,1340
5115960000,s,1340
5116005000,s,1340
5116054000,s,1340
5116359000,s,1340
5116455000,s,1340
5116547000,s,1340
5116768000,s,1340
5116913000,s,1340
5117037000,s,1340
5117120000,s,1340
5117244000,s,1340
5117375000,s,1340
5117504000,s,1340
5117559000,s,1340
5117814000,s,1340
5117930000,s,1340
5118389000,s,1340
5118533000,s,1340
5118768000,s,1340
5118875000,s,1340
5118925000,s,1340
5119106000,s,1340
5119483000,s,1340
5119746000,s,1340
5119851000,s,1340
5120202000,s,1340
5120374000,s,1340
5120460000,s,1340
5120848000,s,1340
5120953000,s,1340
5121048000,s,1340
5121133000,s,1340
5121212000,s,1340
5121290000,s,1340
5121375000,s,1340
5121459000,s,1340
5121667000,s,1340
5121750000,s,1340
5121828000,s,1340
5121901000,s,1340
5121975000,s,1340
5122050000,s,1340
5122246000,s,1340
5122286000,s,1340
5122374000,s,1340
5122454000,s,1340
5122528000,s,1340
5122608000,s,1340
5122689000,s,1340
5122766000,s,1340
5122840000,s,1340
5122920000,s,1340
5122996000,s,1340
5123073000,s,1340
5123149000,s,1340
5123234000,s,1340
5123306000,s,1340
5123381000,s,1340
5123461000,s,1340
5123525000,s,1340
5133429000,s,1340
5135038000,r,1440
9414312000,r,1440
9414313000,r,1440
9414313000,r,1440
9414314000,r,1440
9414314000,r,1440
9418475000,s,1340
9418782000,s,1340
9418941000,s,1340
9419082000,s,1340
9419300000,s,1340
9419509000,s,1340
9420104000,s,1340
9425842000,s,1340
9426461000,s,1340
9426650000,s,1340
9427060000,s,1340
9427278000,s,1340
9427432000,s,1340
9427571000,s,1340
9427755000,s,1340
9427950000,s,1340
9428201000,s,1340
9428454000,s,1340
9428662000,s,1340
9428912000,s,1340
9429152000,s,1340
9429548000,s,1340
9429763000,s,1340
9430019000,s,1340
9430608000,s,1340
9430872000,s,1340
9431122000,s,1340
9431355000,s,1340
9431622000,s,1340
9431866000,s,1340
9432099000,s,1340
9432369000,s,1340
9432638000,s,1340
9432886000,s,1340
9433117000,s,1340
9433352000,s,1340
9433575000,s,1340
9433815000,s,1340
9434036000,s,1340
9435230000,s,1340
9435517000,s,1340
9435754000,s,1340
9435996000,s,1340
9436429000,s,1340
9436666000,s,1340
9437068000,s,1340
9437320000,s,1340
9437564000,s,1340
9438067000,s,1340
9438406000,s,1340
9438661000,s,1340
9438915000,s,1340
9439382000,s,1340
9439635000,s,1340
9439900000,s,1340
9440179000,s,1340
9440482000,s,1340
9440884000,s,1340
9441174000,s,1340
9441433000,s,1340
9441668000,s,1340
9441915000,s,1340
9442277000,s,1340
9442544000,s,1340
9442801000,s,1340
9443067000,s,1340
9443491000,s,1340
9443769000,s,1340
9444056000,s,1340
9444476000,s,1340
9444741000,s,1340
9445006000,s,1340
9445276000,s,1340
9445576000,s,1340
9445821000,s,1340
9446093000,s,1340
9446522000,s,1340
9446776000,s,1340
9447011000,s,1340
9447241000,s,1340
9447480000,s,1340
9447716000,s,1340
9447939000,s,1340
9448169000,s,1340
9448401000,s,1340
9448841000,s,1340
9449110000,s,1340
9449343000,s,1340
9449567000,s,1340
9449824000,s,1340
9450057000,s,1340
9450395000,s,1340
9450658000,s,1340
9450932000,s,1340
9451162000,s,1340
9451395000,s,1340
9451638000,s,1340
9454611000,r,1440
9456208000,s,1340
9458204000,r,1440
9458593000,r,1440
9459513000,s,1340
13018237000,s,1340
13018833000,s,1340
13025367000,s,1340
13050003000,r,1440
13050004000,r,1440
13050004000,r,1440
13050005000,r,1440
13050005000,r,1440
13051339000,r,1440
13053456000,s,1340
13053806000,s,1340
13064204000,s,1340
13067268000,s,1340
13074859000,s,1340
13075146000,s,1340
13076285000,s,1340
13076922000,r,1440
13076922000,r,1440
13101194000,r,1440
13103272000,s,1340
13113787000,s,1340
13130739000,s,1340
13141678000,r,1440
13141678000,r,1440
13141679000,r,1440
13143423000,s,1340
13146554000,r,1440
15144895000,r,1440
15144896000,r,1440
15144896000,r,1440
15145239000,r,1440
15145240000,r,1440
15145240000,r,1440
15145240000,r,1440
15145241000,r,1440
15145241000,r,1440
15145241000,r,1440
15146017000,r,1440
15146572000,s,1340
15146842000,s,1340
15147000000,s,1340
15147251000,r,1440
15147421000,s,1340
15147561000,s,1340
15147613000,s,1340
15147716000,s,1340
15148590000,s,1340
15148733000,s,1340
15148802000,s,1340
15148841000,s,1340
15148875000,s,1340
15149089000,s,1340
15149186000,s,1340
15149259000,s,1340
15149418000,s,1340
15149528000,s,1340
15149684000,s,1340
15149938000,s,1340
15149998000,s,1340
15150326000,s,1340
15150399000,s,1340
15150448000,s,1340
15151058000,s,1340
15151423000,s,1340
15151502000,s,1340
15151560000,s,1340
15151599000,s,1340
15152136000,s,1340
15152258000,s,1340
15152510000,s,1340
15152668000,s,1340
15152777000,s,1340
15152913000,s,1340
15153242000,s,1340
15153397000,s,1340
15153534000,s,1340
15153675000,s,1340
15153916000,s,1340
15154140000,s,1340
15154354000,s,1340
15154717000,s,1340
15154885000,s,1340
15154962000,s,1340
15155209000,s,1340
15155327000,s,1340
15155627000,s,1340
15155906000,s,1340
15155965000,s,1340
15156052000,s,1340
15156140000,s,1340
15156572000,s,1340
15156864000,s,1340
15157069000,s,1340
15157190000,s,1340
15157305000,s,1340
15157413000,s,1340
15157966000,s,1340
15158403000,s,1340
15158541000,s,1340
15158652000,s,1340
15158748000,s,1340
15158831000,s,1340
15158910000,s,1340
15159012000,r,1440
15159327000,s,1340
15159553000,s,1340
15159657000,r,1440
15159728000,s,1340
15159800000,s,1340
15169992000,s,1340
15170226000,s,1340
15170374000,s,1340
15170489000,s,1340
15170895000,s,1340
15171307000,s,1340
15171463000,s,1340
15171638000,s,1340
15171692000,s,1340
15171731000,s,1340
15172152000,s,1340
15172283000,s,1340
15172371000,s,1340
15172746000,s,1340
15172928000,s,1340
15173095000,s,1340
15173490000,s,1340
15173640000,s,1340
15173791000,s,1340
15173906000,s,1340
15174465000,s,1340
15174599000,s,1340
15174831000,s,1340
15174998000,s,1340
15175392000,s,1340
15175561000,s,1340
15176052000,s,1340
15176151000,s,1340
15176193000,s,1340
15176228000,s,1340
15176260000,s,1340
15176541000,s,1340
15176596000,s,1340
15176848000,s,1340
15177036000,s,1340
15177155000,s,1340
15177328000,s,1340
15177457000,s,1340
15177547000,s,1340
15177636000,s,1340
15177870000,s,1340
15178427000,s,1340
15178569000,s,1340
15178676000,s,1340
15178879000,s,1340
15179192000,s,1340
15179320000,s,1340
15179564000,s,1340
15179808000,s,1340
15179921000,s,1340
15180336000,s,1340
15180484000,s,1340
15180529000,s,1340
15180564000,s,1340
15180824000,s,1340
15181512000,s,1340
15181997000,s,1340
15182299000,s,1340
15182492000,s,1340
15182673000,s,1340
15182886000,s,1340
15183219000,s,1340
15183612000,s,1340
15183838000,s,1340
15184094000,s,1340
15184322000,s,1340
15184539000,s,1340
15184759000,s,1340
15184994000,s,1340
15185199000,s,1340
15185414000,s,1340
15185619000,s,1340
15185826000,s,1340
15186080000,s,1340
15186422000,s,1340
15186648000,s,1340
15186876000,s,1340
15187093000,s,1340
15187320000,s,1340
15187473000,s,1340
15188788000,s,1340
15188972000,s,1340
15189026000,s,1340
15189060000,s,1340
15191716000,s,1340
15191960000,s,1340
15192159000,s,1340
15192345000,s,1340
15192554000,s,1340
15193819000,r,1440
15194451000,s,1340
15194654000,s,1340
15194662000,r,1440
15194905000,s,1340
15195086000,s,1340
15195312000,s,1340
15195488000,s,1340
15195967000,s,1340
15196173000,s,1340
15196789000,s,1340
15196996000,s,1340
15197190000,s,1340
15197359000,s,1340
15197548000,s,1340
15197740000,s,1340
15197846000,r,1440
15197846000,r,1440
15197954000,s,1340
15198488000,s,1340
15199859000,r,1440
15199860000,r,1440
15200440000,s,1340
15202152000,r,1440
15207359000,s,1340
15208642000,r,1440
15208642000,r,1440
15210231000,s,1340
15210410000,s,1340
15219454000,r,1440
15219454000,r,1440
15219454000,r,1440
15220271000,s,1340
15221599000,r,1440
19698342000,r,1440
19701166000,s,1340
21776209000,s,1340
21815633000,s,1340
21816065000,s,1340
21836342000,r,1440
21839063000,s,1340
24618332000,r,1440