0,r,1440
3077664000,s,1340
3119247000,s,1340
3122703000,s,1340
3122855000,s,1340
3122903000,s,1340
3138137000,r,1440
3138137000,r,1440
3138138000,r,1440
3140062000,s,1340
3142464000,s,1340
3142643000,s,1340
3142742000,s,1340
3142826000,s,1340
3142966000,s,1340
3143049000,s,1340
3143116000,s,1340
3143184000,s,1340
3143245000,s,1340
3143307000,s,1340
3143368000,s,1340
3143502000,s,1340
3143566000,s,1340
3143629000,s,1340
3143688000,s,1340
3143748000,s,1340
3143805000,s,1340
3143873000,s,1340
3143931000,s,1340
3143991000,s,1340
3144049000,s,1340
3144112000,s,1340
3144171000,s,1340
3144236000,s,1340
3144294000,s,1340
3144351000,s,1340
3144410000,s,1340
3144465000,s,1340
3144525000,s,1340
3144643000,s,1340
3144733000,s,1340
3144803000,s,1340
3144856000,s,1340
3144896000,s,1340
3144952000,s,1340
3144984000,s,1340
3145032000,s,1340
3145097000,s,1340
3145161000,s,1340
3145230000,s,1340
3145296000,s,1340
3145372000,s,1340
3145438000,s,1340
3145502000,s,1340
3145569000,s,1340
3145634000,s,1340
3145696000,s,1340
3145763000,s,1340
3147717000,s,1340
3147806000,s,1340
3148001000,s,1340
3148757000,s,1340
3148829000,s,1340
3148848000,s,1340
3148875000,s,1340
3149289000,s,1340
3149440000,s,1340
3149552000,s,1340
3149840000,s,1340
3150052000,s,1340
3150184000,s,1340
3150301000,s,1340
3150407000,s,1340
3150518000,s,1340
3150716000,s,1340
3151034000,s,1340
3151156000,s,1340
3151236000,s,1340
3151577000,s,1340
3151864000,s,1340
3151967000,s,1340
3152012000,s,1340
3152379000,s,1340
3152562000,s,1340
3152657000,s,1340
3152999000,s,1340
3153234000,s,1340
3153574000,s,1340
3153750000,s,1340
3154006000,s,1340
3154149000,s,1340
3154281000,s,1340
3154451000,s,1340
3154591000,s,1340
3154726000,s,1340
3154861000,s,1340
3155356000,r,1440
3155456000,s,1340
3155357000,r,1440
3155357000,r,1440
3155357000,r,1440
3155651000,s,1340
3155961000,s,1340
3156267000,s,1340
3158752000,r,1440
3158753000,r,1440
3158753000,r,1440
3159418000,r,1440
3159419000,r,1440
3159573000,s,1340
3159668000,s,1340
3160918000,s,1340
3161575000,r,1440
3164040000,s,1340
3164099000,s,1340
3164776000,r,1440
3165290000,s,1340
3165410000,s,1340
3166019000,s,1340
3170697000,s,1340
3175478000,r,1440
3179395000,r,1440
3179992000,s,1340
3180228000,r,1440
3181980000,s,1340
3182127000,s,1340
3182273000,s,1340
3182395000,s,1340
3182493000,s,1340
3182521000,r,1440
3182521000,r,1440
3182771000,s,1340
3182817000,s,1340
3182947000,s,1340
3182976000,s,1340
3183192000,s,1340
3183675000,s,1340
3184039000,s,1340
3184381000,s,1340
3184692000,s,1340
3184729000,s,1340
3184831000,s,1340
3185002000,s,1340
3185270000,s,1340
3185446000,s,1340
3185602000,s,1340
3185779000,s,1340
3186151000,s,1340
3186377000,s,1340
3186632000,s,1340
3186998000,s,1340
3187170000,s,1340
3187318000,s,1340
3187577000,s,1340
3187747000,s,1340
3187908000,s,1340
3188313000,s,1340
3188466000,s,1340
3188615000,s,1340
3188766000,s,1340
3188917000,s,1340
3189058000,s,1340
3189577000,s,1340
3189745000,s,1340
3189858000,s,1340
3190003000,s,1340
3190239000,s,1340
3190461000,s,1340
3190670000,s,1340
3190861000,s,1340
3191055000,s,1340
3191250000,s,1340
3191461000,r,1440
3191597000,s,1340
3192125000,s,1340
3194803000,r,1440
3194803000,r,1440
3194804000,r,1440
3196529000,s,1340
3196784000,s,1340
3196970000,s,1340
3198031000,r,1440
3199403000,r,1440
3201394000,r,1440
3201394000,r,1440
3201886000,s,1340
3202060000,s,1340
3202120000,r,1440
3202643000,s,1340
3206167000,r,1440
3207130000,s,1340
3213052000,s,1340
3223180000,r,1440
3223180000,r,1440
3223181000,r,1440
3223181000,r,1440
3223182000,r,1440
3223182000,r,1440
3223183000,r,1440
3223183000,r,1440
3223662000,r,1440
3223662000,r,1440
3223663000,r,1440
3223663000,r,1440
3225150000,s,1340
3225322000,s,1340
3225398000,s,1340
3225440000,s,1340
3225477000,s,1340
3225509000,s,1340
3225548000,s,1340
3226686000,s,1340
3236134000,s,1340
3250953000,s,1340
3251417000,s,1340
3260618000,s,1340
3261552000,s,1340
3263140000,s,1340
3273721000,r,1440
3273721000,r,1440
3273722000,r,1440
3273722000,r,1440
3274408000,r,1440
3274723000,s,1340
3274833000,s,1340
3274885000,s,1340
3274933000,s,1340
3275836000,s,1340
3276019000,s,1340
3276182000,s,1340
3276303000,r,1440
3276336000,s,1340
3276446000,s,1340
3276484000,s,1340
3276609000,s,1340
3276694000,s,1340
3276852000,s,1340
3276933000,s,1340
3277111000,s,1340
3277196000,s,1340
3277365000,s,1340
3277506000,s,1340
3277786000,s,1340
3277907000,s,1340
3278093000,s,1340
3278340000,s,1340
3278463000,s,1340
3278839000,s,1340
3278968000,s,1340
3279228000,s,1340
3279333000,s,1340
3279646000,s,1340
3279854000,s,1340
3279950000,s,1340
3280234000,s,1340
3280345000,s,1340
3280435000,s,1340
3280508000,s,1340
3280664000,s,1340
3280754000,s,1340
3281175000,r,1440
3281175000,r,1440
3281175000,r,1440
3281175000,r,1440
3281176000,r,1440
3281176000,r,1440
3281176000,r,1440
3281499000,s,1340
3281542000,s,1340
3281587000,s,1340
3281623000,s,1340
3281982000,s,1340
3282033000,r,1440
3282033000,r,1440
3282033000,r,1440
3282033000,r,1440
3282033000,r,1440
3282033000,r,1440
3282112000,s,1340
3282228000,s,1340
3282345000,s,1340
3282463000,s,1340
3282584000,s,1340
3282702000,s,1340
3282827000,s,1340
3282944000,s,1340
3283059000,s,1340
3283160000,s,1340
3283169000,r,1440
3283169000,r,1440
3283170000,r,1440
3283170000,r,1440
3283170000,r,1440
3283268000,s,1340
3283437000,s,1340
3283552000,s,1340
3283680000,s,1340
3283795000,s,1340
3283901000,s,1340
3284005000,s,1340
3284100000,s,1340
3284209000,s,1340
3284315000,s,1340
3284413000,s,1340
3284516000,s,1340
3284635000,s,1340
3284742000,s,1340
3284873000,s,1340
3285112000,s,1340
3285548000,s,1340
3285682000,s,1340
3285943000,s,1340
3286071000,s,1340
3286185000,s,1340
3286301000,s,1340
3286409000,s,1340
3286617000,s,1340
3286743000,s,1340
3287042000,s,1340
3287180000,s,1340
3287299000,s,1340
3287349000,r,1440
3287350000,r,1440
3287465000,s,1340
3287935000,s,1340
3288891000,s,1340
3289045000,s,1340
3289148000,s,1340
3289245000,s,1340
3289335000,s,1340
3289568000,s,1340
3289748000,s,1340
3289901000,s,1340
3290003000,s,1340
3290228000,s,1340
3290330000,s,1340
3290522000,s,1340
3290617000,s,1340
3290825000,s,1340
3291010000,s,1340
3291129000,s,1340
3291337000,s,1340
3291397000,r,1440
3291476000,s,1340
3291572000,s,1340
3291707000,s,1340
3292220000,s,1340
3292249000,s,1340
3293335000,r,1440
3293335000,r,1440
3293335000,r,1440
3293336000,r,1440
3294152000,s,1340
3294268000,s,1340
3294370000,s,1340
3294465000,s,1340
3294688000,s,1340
3294799000,s,1340
3295047000,s,1340
3295288000,s,1340
3295557000,s,1340
3295677000,s,1340
3295836000,s,1340
3296048000,s,1340
3296331000,s,1340
3296438000,s,1340
3296524000,s,1340
3296641000,s,1340
3296719000,s,1340
3297790000,s,1340
3299177000,s,1340
3299293000,s,1340
3299544000,s,1340
3300455000,s,1340
3300639000,s,1340
3300887000,s,1340
3300991000,s,1340
3301248000,s,1340
3301460000,s,1340
3301566000,s,1340
3301660000,s,1340
3301813000,s,1340
3302168000,s,1340
3302269000,s,1340
3302350000,s,1340
3302431000,s,1340
3302665000,s,1340
3303014000,s,1340
3303403000,r,1440
3303403000,r,1440
3303492000,s,1340
3303584000,s,1340
3303674000,s,1340
3303769000,s,1340
3303850000,s,1340
3304072000,s,1340
3304313000,s,1340
3304427000,s,1340
3304591000,r,1440
3304668000,s,1340
3304773000,s,1340
3304942000,s,1340
3305056000,r,1440
3305191000,s,1340
3305306000,s,1340
3305406000,s,1340
3305488000,s,1340
3305558000,s,1340
3305850000,s,1340
3305947000,s,1340
3306042000,s,1340
3306141000,s,1340
3306240000,s,1340
3306339000,s,1340
3306444000,s,1340
3306525000,s,1340
3306797000,s,1340
3306928000,s,1340
3307336000,s,1340
3307390000,r,1440
3307529000,s,1340
3307707000,s,1340
3307833000,s,1340
3318775000,s,1340
3331420000,r,1440
3332145000,r,1440
3332669000,s,1340
3332878000,r,1440
3332878000,r,1440
3332878000,r,1440
3333260000,s,1340
3333291000,s,1340
3335452000,r,1440
3336254000,r,1440
3336254000,r,1440
3337447000,s,1340
3344124000,r,1440
3344124000,r,1440
3344125000,r,1440
3344125000,r,1440
3344887000,r,1440
3344887000,r,1440
3344887000,r,1440
3344888000,r,1440
3344888000,r,1440
3344888000,r,1440
3344888000,r,1440
3345272000,s,1340
3345521000,s,1340
3345672000,s,1340
3346005000,s,1340
3346230000,s,1340
3346271000,r,1440
3346272000,r,1440
3346403000,s,1340
3346842000,s,1340
3346936000,s,1340
3346959000,s,1340
3349269000,r,1440
3355097000,r,1440
3356429000,r,1440
3356429000,r,1440
3356430000,r,1440
3357016000,s,1340
3357154000,s,1340
3357350000,s,1340
3357436000,s,1340
3358161000,r,1440
3358161000,r,1440
3358161000,r,1440
3358162000,r,1440
3358162000,r,1440
3358162000,r,1440
3358163000,r,1440
3358835000,s,1340
3358953000,s,1340
3358986000,s,1340
3359014000,s,1340
3359038000,s,1340
3359094000,s,1340
3359346000,s,1340
3359457000,s,1340
3359585000,s,1340
3359873000,s,1340
3360073000,s,1340
3360351000,s,1340
3360565000,s,1340
3360851000,s,1340
3360894000,s,1340
3360927000,s,1340
3362384000,s,1340
3362520000,s,1340
3362651000,s,1340
3362881000,s,1340
3363049000,s,1340
3363189000,s,1340
3363286000,s,1340
3363360000,s,1340
3363455000,s,1340
3363503000,s,1340
3363791000,s,1340
3363921000,s,1340
3363966000,s,1340
3365165000,s,1340
3365371000,s,1340
3365541000,s,1340
3365801000,s,1340
3365936000,s,1340
3366040000,s,1340
3366138000,s,1340
3366319000,s,1340
3366660000,s,1340
3366817000,s,1340
3368049000,s,1340
3368183000,s,1340
3368337000,s,1340
3368621000,s,1340
3368692000,s,1340
3368766000,s,1340
3369488000,r,1440
3369488000,r,1440
3369488000,r,1440
3369488000,r,1440
3369856000,s,1340
3370210000,s,1340
3371484000,r,1440
3371864000,s,1340
3380218000,s,1340
3396588000,s,1340
3398671000,s,1340
3398816000,s,1340
3398929000,s,1340
3399098000,s,1340
3399685000,s,1340
3399807000,s,1340
3411172000,s,1340
3411246000,s,1340
3412310000,r,1440
3412310000,r,1440
3415431000,r,1440
3416668000,s,1340
3419410000,r,1440
3419410000,r,1440
3419410000,r,1440
3419410000,r,1440
3419410000,r,1440
3419410000,r,1440
3419411000,r,1440
3419411000,r,1440
3419530000,r,1440
3419530000,r,1440
3419531000,r,1440
3419531000,r,1440
3419531000,r,1440
3419531000,r,1440
3419531000,r,1440
3419531000,r,1440
3419573000,r,1440
3419573000,r,1440
3419573000,r,1440
3419573000,r,1440
3419573000,r,1440
3419573000,r,1440
3419574000,r,1440
3419574000,r,1440
3419607000,r,1440
3419608000,r,1440
3419608000,r,1440
3419608000,r,1440
3419608000,r,1440
3419608000,r,1440
3419608000,r,1440
3419608000,r,1440
3419639000,r,1440
3419639000,r,1440
3419639000,r,1440
3419639000,r,1440
3419640000,r,1440
3419640000,r,1440
3419640000,r,1440
3419640000,r,1440
3419666000,r,1440
3419666000,r,1440
3420106000,s,1340
3420159000,s,1340
3420276000,s,1340
3420370000,s,1340
3420458000,s,1340
3420536000,s,1340
3420606000,s,1340
3420676000,s,1340
3420751000,s,1340
3420818000,s,1340
3420905000,s,1340
3420970000,s,1340
3421033000,s,1340
3421096000,s,1340
3421200000,s,1340
3421285000,s,1340
3421365000,s,1340
3421444000,s,1340
3421521000,s,1340
3421601000,s,1340
3421687000,s,1340
3421774000,s,1340
3421874000,s,1340
3421961000,s,1340
3422045000,s,1340
3422124000,s,1340
3422208000,s,1340
3422286000,s,1340
3422588000,s,1340
3422685000,s,1340
3422757000,s,1340
3422813000,s,1340
3422872000,s,1340
3422950000,s,1340
3423023000,s,1340
3423104000,s,1340
3423181000,s,1340
3423258000,s,1340
3423329000,s,1340
3423497000,s,1340
3423655000,s,1340
3423740000,s,1340
3423812000,s,1340
3423887000,s,1340
3423965000,s,1340
3424045000,s,1340
3424121000,s,1340
3424192000,s,1340
3424264000,s,1340
3424344000,s,1340
3424421000,s,1340
3424473000,s,1340
3424519000,s,1340
3424568000,s,1340
3424617000,s,1340
3424800000,s,1340
3424947000,s,1340
3425147000,s,1340
3425454000,s,1340
3425539000,s,1340
3425602000,s,1340
3425751000,s,1340
3425855000,s,1340
3425976000,s,1340
3426075000,s,1340
3426215000,s,1340
3426266000,s,1340
3426476000,s,1340
3427745000,s,1340
3427973000,s,1340
3428034000,s,1340
3429397000,s,1340
3429509000,s,1340
3429599000,s,1340
3429715000,s,1340
3430059000,s,1340
3430141000,s,1340
3430200000,r,1440
3430200000,r,1440
3430436000,s,1340
3430555000,s,1340
3430711000,s,1340
3430788000,s,1340
3430863000,r,1440
3430964000,s,1340
3431062000,s,1340
3431115000,s,1340
3432255000,r,1440
3432255000,r,1440
3432256000,r,1440
3432256000,r,1440
3432256000,r,1440
3432256000,r,1440
3432256000,r,1440
3432256000,r,1440
3432348000,r,1440
3432349000,r,1440
3432349000,r,1440
3432349000,r,1440
3432349000,r,1440
3432349000,r,1440
3432888000,s,1340
3432929000,s,1340
3432972000,s,1340
3433034000,s,1340
3433146000,s,1340
3433279000,s,1340
3433361000,s,1340
3433429000,s,1340
3433498000,s,1340
3433570000,s,1340
3433638000,s,1340
3433687000,s,1340
3433733000,s,1340
3433808000,s,1340
3433878000,s,1340
3434049000,s,1340
3434205000,s,1340
3434345000,s,1340
3434486000,s,1340
3434574000,s,1340
3434752000,s,1340
3434863000,s,1340
3435030000,s,1340
3435196000,s,1340
3435348000,s,1340
3435499000,s,1340
3435583000,s,1340
3435635000,s,1340
3436225000,s,1340
3436293000,s,1340
3436350000,s,1340
3437026000,s,1340
3437080000,s,1340
3437559000,s,1340
3438887000,s,1340
3439116000,r,1440
3439156000,s,1340
3439116000,r,1440
3439116000,r,1440
3439116000,r,1440
3439116000,r,1440
3439116000,r,1440
3439116000,r,1440
3439117000,r,1440
3439192000,r,1440
3439216000,r,1440
3439216000,r,1440
3439216000,r,1440
3439254000,s,1340
3439351000,s,1340
3439466000,s,1340
3439596000,s,1340
3439630000,s,1340
3439712000,s,1340
3439801000,s,1340
3439885000,s,1340
3439969000,s,1340
3440058000,s,1340
3440143000,s,1340
3440163000,r,1440
3440163000,r,1440
3440163000,r,1440
3440229000,s,1340
3440292000,s,1340
3440362000,s,1340
3440453000,s,1340
3440544000,s,1340
3440629000,s,1340
3440706000,s,1340
3440780000,s,1340
3440852000,s,1340
3440928000,s,1340
3441014000,s,1340
3441090000,s,1340
3441300000,r,1440
3441300000,r,1440
3441300000,r,1440
3441300000,r,1440
3441300000,r,1440
3441337000,s,1340
3441469000,s,1340
3441557000,s,1340
3441636000,s,1340
3441717000,s,1340
3441795000,s,1340
3441875000,s,1340
3441953000,s,1340
3442041000,s,1340
3442127000,s,1340
3442205000,s,1340
3442934000,s,1340
3443049000,s,1340
3443259000,s,1340
3446445000,r,1440
3446445000,r,1440
3446445000,r,1440
3446445000,r,1440
3446446000,r,1440
3446446000,r,1440
3446446000,r,1440
3446446000,r,1440
3446559000,r,1440
3446560000,r,1440
3446560000,r,1440
3446560000,r,1440
3446560000,r,1440
3446560000,r,1440
3446560000,r,1440
3446560000,r,1440
3446585000,r,1440
3446586000,r,1440
3447448000,s,1340
3447492000,s,1340
3447503000,s,1340
3447511000,r,1440
3447515000,s,1340
3447522000,s,1340
3447541000,s,1340
3447512000,r,1440
3447512000,r,1440
3447512000,r,1440
3447512000,r,1440
3447512000,r,1440
3447512000,r,1440
3447512000,r,1440
3447735000,s,1340
3447873000,s,1340
3447919000,r,1440
3447927000,s,1340
3447919000,r,1440
3447919000,r,1440
3447919000,r,1440
3447920000,r,1440
3447920000,r,1440
3447920000,r,1440
3447920000,r,1440
3447979000,r,1440
3447996000,s,1340
3448045000,s,1340
3448113000,s,1340
3448184000,s,1340
3448191000,r,1440
3448191000,r,1440
3448191000,r,1440
3448256000,s,1340
3448338000,s,1340
3448409000,s,1340
3448479000,s,1340
3448553000,s,1340
3448626000,s,1340
3448692000,s,1340
3448756000,s,1340
3448821000,s,1340
3448984000,s,1340
3449070000,s,1340
3449130000,s,1340
3449204000,s,1340
3449238000,r,1440
3449238000,r,1440
3449238000,r,1440
3449238000,r,1440
3449238000,r,1440
3449238000,r,1440
3449238000,r,1440
3449420000,s,1340
3449517000,s,1340
3449578000,s,1340
3449632000,s,1340
3449704000,s,1340
3449784000,s,1340
3449868000,s,1340
3453221000,r,1440
3453221000,r,1440
3453221000,r,1440
3453221000,r,1440
3453221000,r,1440
3453221000,r,1440
3453221000,r,1440
3453221000,r,1440
3453338000,r,1440
3453338000,r,1440
3453527000,r,1440
3453527000,r,1440
3453527000,r,1440
3454088000,s,1340
3454230000,s,1340
3454325000,s,1340
3454539000,s,1340
3454878000,s,1340
3454980000,s,1340
3455070000,s,1340
3455183000,s,1340
3455223000,s,1340
3455234000,s,1340
3455298000,s,1340
3455940000,s,1340
3456105000,s,1340
3456829000,s,1340
3456902000,s,1340
3456980000,r,1440
3456980000,r,1440
3456980000,r,1440
3456980000,r,1440
3456980000,r,1440
3456980000,r,1440
3457063000,s,1340
3456980000,r,1440
3456980000,r,1440
3457079000,r,1440
3457354000,s,1340
3457459000,s,1340
3457485000,s,1340
3457491000,r,1440
3457497000,s,1340
3457540000,s,1340
3457565000,s,1340
3457578000,s,1340
3457585000,s,1340
3458532000,r,1440
3458533000,r,1440
3458533000,r,1440
3458873000,s,1340
3458906000,s,1340
3458923000,s,1340
3458982000,s,1340
3459546000,r,1440
3459546000,r,1440
3459546000,r,1440
3459546000,r,1440
3459546000,r,1440
3459546000,r,1440
3459546000,r,1440
3459546000,r,1440
3459756000,s,1340
3459876000,s,1340
3459900000,s,1340
3459909000,s,1340
3459924000,s,1340
3459931000,s,1340
3459938000,s,1340
3459946000,s,1340
3459980000,s,1340
3460120000,s,1340
3460214000,s,1340
3460424000,s,1340
3460518000,s,1340
3460603000,s,1340
3460682000,s,1340
3460924000,s,1340
3461490000,s,1340
3461544000,s,1340
3461822000,s,1340
3463016000,s,1340
3463159000,s,1340
3463336000,s,1340
3463697000,r,1440
3463697000,r,1440
3463697000,r,1440
3463697000,r,1440
3463697000,r,1440
3463697000,r,1440
3463697000,r,1440
3463697000,r,1440
3463804000,r,1440
3463806000,s,1340
3463804000,r,1440
3463804000,r,1440
3463805000,r,1440
3463805000,r,1440
3463805000,r,1440
3463805000,r,1440
3463805000,r,1440
3463864000,s,1340
3464050000,s,1340
3464083000,s,1340
3464093000,s,1340
3464298000,s,1340
3464386000,s,1340
3464463000,s,1340
3464515000,s,1340
3464590000,s,1340
3464600000,r,1440
3464600000,r,1440
3464600000,r,1440
3464601000,r,1440
3464601000,r,1440
3464601000,r,1440
3464657000,s,1340
3464726000,s,1340
3464782000,s,1340
3464851000,s,1340
3464920000,s,1340
3464972000,s,1340
3465046000,s,1340
3465114000,s,1340
3465191000,s,1340
3465262000,s,1340
3465328000,s,1340
3465394000,s,1340
3465456000,s,1340
3465524000,s,1340
3465599000,s,1340
3465665000,s,1340
3465729000,s,1340
3465801000,s,1340
3465873000,s,1340
3465950000,s,1340
3466026000,s,1340
3466101000,s,1340
3466166000,s,1340
3466233000,s,1340
3466278000,r,1440
3466304000,s,1340
3466278000,r,1440
3466278000,r,1440
3466278000,r,1440
3466278000,r,1440
3466372000,s,1340
3466440000,s,1340
3466510000,s,1340
3466585000,s,1340
3466662000,s,1340
3466728000,s,1340
3466884000,s,1340
3466996000,s,1340
3467152000,s,1340
3467229000,s,1340
3467495000,s,1340
3467572000,s,1340
3467739000,s,1340
3467869000,s,1340
3467932000,s,1340
3468733000,s,1340
3468815000,s,1340
3469023000,s,1340
3469082000,s,1340
3469952000,s,1340
3470103000,s,1340
3470267000,s,1340
3470382000,s,1340
3470601000,s,1340
3470782000,s,1340
3470944000,s,1340
3471001000,s,1340
3471065000,s,1340
3472073000,s,1340
3472294000,s,1340
3473952000,r,1440
3473952000,r,1440
3473952000,r,1440
3473952000,r,1440
3473952000,r,1440
3473953000,r,1440
3474244000,r,1440
3474244000,r,1440
3474245000,r,1440
3474245000,r,1440
3474245000,r,1440
3474245000,r,1440
3474245000,r,1440
3474245000,r,1440
3474472000,s,1340
3474514000,s,1340
3474608000,s,1340
3474758000,s,1340
3474844000,s,1340
3474873000,r,1440
3474873000,r,1440
3474873000,r,1440
3474920000,s,1340
3474992000,s,1340
3475076000,s,1340
3475148000,s,1340
3475194000,s,1340
3475253000,s,1340
3475310000,s,1340
3475351000,s,1340
3475455000,s,1340
3475522000,s,1340
3475584000,s,1340
3475642000,s,1340
3475699000,s,1340
3475802000,s,1340
3476278000,s,1340
3476746000,r,1440
3476746000,r,1440
3476746000,r,1440
3476746000,r,1440
3476746000,r,1440
3476746000,r,1440
3476746000,r,1440
3476747000,r,1440
3476853000,r,1440
3476854000,r,1440
3476854000,r,1440
3476854000,r,1440
3476854000,r,1440
3476854000,r,1440
3476854000,r,1440
3476854000,r,1440
3476889000,r,1440
3476890000,r,1440
3476890000,r,1440
3476890000,r,1440
3478911000,r,1440
3478912000,r,1440
3478912000,r,1440
3479293000,r,1440
3479293000,r,1440
3479293000,r,1440
3479293000,r,1440
3479293000,r,1440
3479293000,r,1440
3479597000,r,1440
3479598000,r,1440
3479598000,r,1440
3479598000,r,1440
3479598000,r,1440
3479598000,r,1440
3479826000,s,1340
3479876000,s,1340
3479892000,s,1340
3479906000,s,1340
3479915000,s,1340
3479922000,s,1340
3479930000,s,1340
3479937000,s,1340
3479945000,s,1340
3479952000,s,1340
3479960000,s,1340
3479967000,s,1340
3479974000,s,1340
3479985000,s,1340
3479992000,s,1340
3480086000,s,1340
3480100000,s,1340
3480110000,s,1340
3480119000,s,1340
3480128000,s,1340
3480164000,s,1340
3480189000,s,1340
3480202000,s,1340
3480210000,s,1340
3480220000,s,1340
3481359000,r,1440
3481359000,r,1440
3481359000,r,1440
3481359000,r,1440
3481359000,r,1440
3481359000,r,1440
3481359000,r,1440
3481359000,r,1440
3481475000,r,1440
3481475000,r,1440
3481475000,r,1440
3481475000,r,1440
3481475000,r,1440
3481476000,r,1440
3481476000,r,1440
3481476000,r,1440
3481505000,r,1440
3481783000,s,1340
3481849000,s,1340
3481919000,s,1340
3481976000,s,1340
3482018000,s,1340
3482041000,s,1340
3482050000,s,1340
3482058000,s,1340
3482066000,s,1340
3482073000,s,1340
3482083000,s,1340
3482091000,s,1340
3482142000,s,1340
3483089000,s,1340
3483133000,s,1340
3483298000,s,1340
3483352000,s,1340
3483583000,s,1340
3483754000,r,1440
3483972000,s,1340
3489003000,r,1440
3489003000,r,1440
3489003000,r,1440
3489003000,r,1440
3489003000,r,1440
3489003000,r,1440
3489003000,r,1440
3489860000,s,1340
3489926000,s,1340
3490227000,s,1340
3490331000,s,1340
3490411000,s,1340
3490509000,s,1340
3490589000,s,1340
3490675000,s,1340
3490763000,s,1340
3490847000,s,1340
3490936000,s,1340
3491126000,s,1340
3491160000,r,1440
3491161000,r,1440
3491161000,r,1440
3491161000,r,1440
3491161000,r,1440
3491161000,r,1440
3491161000,r,1440
3491161000,r,1440
3491210000,r,1440
3491210000,r,1440
3491210000,r,1440
3491210000,r,1440
3491210000,r,1440
3491210000,r,1440
3491259000,s,1340
3491455000,s,1340
3491498000,s,1340
3491521000,s,1340
3491534000,s,1340
3491543000,s,1340
3491551000,s,1340
3491637000,s,1340
3491666000,s,1340
3491676000,s,1340
3491685000,s,1340
3491693000,s,1340
3491701000,s,1340
3491708000,s,1340
3491716000,s,1340
3491902000,s,1340
3491998000,s,1340
3492181000,s,1340
3492361000,s,1340
3492523000,s,1340
3492619000,s,1340
3492741000,s,1340
3493741000,s,1340
3493967000,s,1340
3494210000,s,1340
3494468000,s,1340
3494740000,s,1340
3494997000,s,1340
3495112000,s,1340
3495201000,s,1340
3495396000,s,1340
3495493000,s,1340
3495585000,s,1340
3495696000,s,1340
3496175000,s,1340
3496222000,s,1340
3496474000,s,1340
3496527000,s,1340
3496832000,r,1440
3496832000,r,1440
3496832000,r,1440
3496832000,r,1440
3496832000,r,1440
3496832000,r,1440
3496832000,r,1440
3496832000,r,1440
3496932000,r,1440
3497507000,s,1340
3497596000,s,1340
3497678000,s,1340
3497754000,s,1340
3497830000,s,1340
3497905000,s,1340
3497959000,s,1340
3498036000,s,1340
3498102000,s,1340
3498171000,s,1340
3498234000,s,1340
3498286000,s,1340
3498379000,s,1340
3498761000,r,1440
3498761000,r,1440
3498762000,r,1440
3498762000,r,1440
3498762000,r,1440
3498762000,r,1440
3498762000,r,1440
3498762000,r,1440
3498851000,r,1440
3498851000,r,1440
3498851000,r,1440
3498965000,s,1340
3499055000,s,1340
3499135000,s,1340
3499207000,s,1340
3499276000,s,1340
3499395000,r,1440
3499396000,r,1440
3499396000,r,1440
3499478000,s,1340
3499555000,s,1340
3499701000,s,1340
3499862000,s,1340
3499875000,r,1440
3499875000,r,1440
3499875000,r,1440
3499924000,s,1340
3500086000,s,1340
3500108000,r,1440
3500108000,r,1440
3500108000,r,1440
3500108000,r,1440
3500109000,r,1440
3500109000,r,1440
3500109000,r,1440
3500109000,r,1440
3500160000,r,1440
3500160000,r,1440
3500160000,r,1440
3500160000,r,1440
3500228000,s,1340
3500316000,s,1340
3500393000,s,1340
3500455000,s,1340
3500532000,s,1340
3500613000,s,1340
3500686000,s,1340
3500763000,s,1340
3500838000,s,1340
3500914000,s,1340
3501001000,s,1340
3501073000,s,1340
3501142000,s,1340
3501219000,s,1340
3501293000,s,1340
3501371000,s,1340
3501446000,s,1340
3501481000,r,1440
3501481000,r,1440
3501481000,r,1440
3501481000,r,1440
3501481000,r,1440
3501482000,r,1440
3501523000,s,1340
3501637000,s,1340
3501713000,s,1340
3501781000,s,1340
3501866000,s,1340
3501948000,s,1340
3502022000,s,1340
3502098000,s,1340
3502168000,s,1340
3502243000,s,1340
3502321000,s,1340
3502391000,s,1340
3502462000,s,1340
3502529000,s,1340
3502605000,s,1340
3502675000,s,1340
3502752000,s,1340
3502878000,s,1340
3502964000,s,1340
3503041000,s,1340
3503116000,s,1340
3503197000,s,1340
3503277000,s,1340
3503357000,s,1340
3503482000,s,1340
3503569000,s,1340
3503654000,s,1340
3503730000,s,1340
3503804000,s,1340
3503966000,s,1340
3504006000,s,1340
3504096000,s,1340
3504174000,s,1340
3504625000,s,1340
3504726000,s,1340
3504860000,s,1340
3505797000,s,1340
3507119000,s,1340
3507218000,s,1340
3507425000,s,1340
3508269000,s,1340
3508358000,s,1340
3508539000,s,1340
3508668000,s,1340
3508741000,s,1340
3508870000,s,1340
3508980000,s,1340
3509079000,s,1340
3509227000,s,1340
3509424000,s,1340
3509498000,s,1340
3509660000,s,1340
3509801000,s,1340
3509866000,s,1340
3510245000,s,1340
3510402000,s,1340
3510779000,r,1440
3510779000,r,1440
3510779000,r,1440
3511252000,s,1340
3512059000,r,1440
3512059000,r,1440
3512059000,r,1440
3512059000,r,1440
3512059000,r,1440
3512060000,r,1440
3512060000,r,1440
3512060000,r,1440
3512124000,r,1440
3512124000,r,1440
3512124000,r,1440
3512124000,r,1440
3512124000,r,1440
3512124000,r,1440
3512124000,r,1440
3512124000,r,1440
3512153000,r,1440
3512153000,r,1440
3512153000,r,1440
3512153000,r,1440
3512153000,r,1440
3512153000,r,1440
3512154000,r,1440
3512154000,r,1440
3512182000,r,1440
3512182000,r,1440
3512182000,r,1440
3512182000,r,1440
3512182000,r,1440
3512182000,r,1440
3512580000,r,1440
3512581000,r,1440
3512581000,r,1440
3512910000,s,1340
3513016000,s,1340
3513085000,s,1340
3513151000,s,1340
3513216000,s,1340
3513275000,s,1340
3513342000,s,1340
3513402000,s,1340
3513460000,s,1340
3513541000,s,1340
3513610000,s,1340
3513668000,s,1340
3513727000,s,1340
3513784000,s,1340
3513833000,s,1340
3513892000,s,1340
3513977000,s,1340
3514063000,s,1340
3514139000,s,1340
3514226000,s,1340
3514306000,s,1340
3514468000,s,1340
3514630000,s,1340
3514673000,r,1440
3514673000,r,1440
3514673000,r,1440
3514724000,s,1340
3514673000,r,1440
3514673000,r,1440
3514673000,r,1440
3514674000,r,1440
3514674000,r,1440
3514760000,r,1440
3514760000,r,1440
3514760000,r,1440
3514760000,r,1440
3515128000,s,1340
3515209000,s,1340
3515218000,r,1440
3515219000,r,1440
3515219000,r,1440
3515219000,r,1440
3515219000,r,1440
3515219000,r,1440
3515219000,r,1440
3515219000,r,1440
3515277000,r,1440
3515277000,r,1440
3515278000,r,1440
3515278000,r,1440
3515278000,r,1440
3515278000,r,1440
3515278000,r,1440
3515437000,s,1340
3515712000,s,1340
3515817000,s,1340
3515909000,s,1340
3515995000,s,1340
3516103000,s,1340
3516365000,s,1340
3516611000,s,1340
3516707000,s,1340
3516794000,s,1340
3516880000,s,1340
3516973000,s,1340
3517064000,s,1340
3517151000,s,1340
3517237000,s,1340
3517315000,s,1340
3517400000,s,1340
3517489000,s,1340
3517559000,s,1340
3517631000,s,1340
3517706000,s,1340
3517782000,s,1340
3517834000,s,1340
3517888000,s,1340
3517946000,s,1340
3518034000,s,1340
3518118000,s,1340
3518208000,s,1340
3518290000,s,1340
3518370000,s,1340
3518457000,s,1340
3518630000,s,1340
3518719000,s,1340
3518802000,s,1340
3519094000,s,1340
3519251000,s,1340
3519326000,s,1340
3519534000,s,1340
3519634000,s,1340
3519933000,s,1340
3520012000,s,1340
3520091000,s,1340
3520315000,s,1340
3520520000,s,1340
3520613000,s,1340
3520878000,s,1340
3520934000,r,1440
3520967000,s,1340
3520935000,r,1440
3520935000,r,1440
3520935000,r,1440
3520935000,r,1440
3520935000,r,1440
3521067000,s,1340
3521189000,s,1340
3521208000,s,1340
3521222000,s,1340
3521235000,s,1340
3521246000,s,1340
3521255000,s,1340
3521352000,s,1340
3521426000,s,1340
3522222000,r,1440
3522222000,r,1440
3522222000,r,1440
3522223000,r,1440
3522223000,r,1440
3522223000,r,1440
3522514000,s,1340
3522541000,s,1340
3522559000,s,1340
3522722000,s,1340
3522744000,s,1340
3522770000,s,1340
3522785000,s,1340
3522905000,s,1340
3523025000,s,1340
3523210000,s,1340
3523239000,s,1340
3523296000,s,1340
3523347000,s,1340
3523716000,s,1340
3523832000,s,1340
3523895000,s,1340
3524089000,s,1340
3524205000,s,1340
3524301000,s,1340
3524400000,s,1340
3524589000,s,1340
3524847000,s,1340
3524940000,s,1340
3525030000,s,1340
3525223000,s,1340
3525369000,s,1340
3525465000,s,1340
3525555000,s,1340
3525732000,s,1340
3525823000,s,1340
3526031000,s,1340
3526120000,s,1340
3526311000,s,1340
3526466000,s,1340
3526488000,s,1340
3526541000,s,1340
3527312000,s,1340
3527533000,s,1340
3527782000,s,1340
3528108000,s,1340
3528276000,s,1340
3528997000,s,1340
3529154000,s,1340
3529314000,s,1340
3529436000,s,1340
3529653000,s,1340
3529945000,s,1340
3530038000,s,1340
3530298000,s,1340
3530464000,s,1340
3530787000,s,1340
3530879000,s,1340
3531080000,s,1340
3531183000,s,1340
3531357000,s,1340
3531538000,s,1340
3531630000,s,1340
3531802000,s,1340
3531883000,s,1340
3531935000,s,1340
3532142000,s,1340
3532198000,s,1340
3532440000,s,1340
3532969000,s,1340
3533196000,s,1340
3533291000,s,1340
3533373000,s,1340
3533571000,s,1340
3533661000,s,1340
3533705000,s,1340
3534429000,s,1340
3535025000,s,1340
3536102000,s,1340
3536285000,s,1340
3536411000,s,1340
3536407000,r,1440
3536408000,r,1440
3536408000,r,1440
3536408000,r,1440
3536567000,s,1340
3536813000,s,1340
3536913000,s,1340
3536973000,r,1440
3536973000,r,1440
3536973000,r,1440
3536974000,r,1440
3536974000,r,1440
3536974000,r,1440
3537076000,s,1340
3537388000,r,1440
3537388000,r,1440
3537388000,r,1440
3537388000,r,1440
3537388000,r,1440
3537389000,r,1440
3537389000,r,1440
3537389000,r,1440
3537425000,r,1440
3537427000,s,1340
3537549000,s,1340
3537653000,s,1340
3537743000,s,1340
3537837000,s,1340
3537920000,s,1340
3538005000,s,1340
3538097000,s,1340
3538290000,s,1340
3538395000,s,1340
3538485000,s,1340
3538562000,r,1440
3538564000,s,1340
3538562000,r,1440
3538563000,r,1440
3538563000,r,1440
3538563000,r,1440
3538563000,r,1440
3538642000,s,1340
3538729000,s,1340
3538811000,s,1340
3538886000,s,1340
3538964000,s,1340
3539038000,s,1340
3539120000,s,1340
3539202000,s,1340
3539273000,s,1340
3539354000,s,1340
3539465000,s,1340
3539484000,r,1440
3539484000,r,1440
3539484000,r,1440
3539484000,r,1440
3539484000,r,1440
3539484000,r,1440
3539547000,s,1340
3539631000,s,1340
3539720000,s,1340
3539807000,s,1340
3539886000,s,1340
3539962000,s,1340
3540050000,s,1340
3540142000,s,1340
3540209000,s,1340
3540302000,s,1340
3540391000,s,1340
3540474000,s,1340
3540551000,s,1340
3540638000,s,1340
3540724000,s,1340
3540808000,s,1340
3540894000,s,1340
3540988000,s,1340
3541081000,s,1340
3541173000,s,1340
3541270000,s,1340
3541358000,s,1340
3541513000,s,1340
3541601000,s,1340
3541655000,s,1340
3542248000,s,1340
3542474000,s,1340
3542587000,s,1340
3542711000,s,1340
3542876000,s,1340
3542982000,s,1340
3543133000,s,1340
3543289000,s,1340
3543434000,s,1340
3543645000,s,1340
3543829000,s,1340
3543919000,s,1340
3543984000,s,1340
3544451000,s,1340
3544566000,s,1340
3544741000,s,1340
3544917000,s,1340
3545078000,s,1340
3545155000,s,1340
3545218000,s,1340
3545338000,s,1340
3545464000,s,1340
3545558000,s,1340
3545796000,s,1340
3545875000,s,1340
3545917000,s,1340
3546116000,s,1340
3546180000,s,1340
3546955000,s,1340
3547061000,s,1340
3547514000,s,1340
3551996000,r,1440
3551996000,r,1440
3551996000,r,1440
3551996000,r,1440
3551997000,r,1440
3551997000,r,1440
3551997000,r,1440
3551997000,r,1440
3552148000,r,1440
3552149000,r,1440
3552149000,r,1440
3552149000,r,1440
3552149000,r,1440
3552149000,r,1440
3552149000,r,1440
3552149000,r,1440
3552193000,r,1440
3552193000,r,1440
3552193000,r,1440
3552193000,r,1440
3552194000,r,1440
3552194000,r,1440
3552194000,r,1440
3552194000,r,1440
3552237000,r,1440
3552237000,r,1440
3552237000,r,1440
3552237000,r,1440
3552237000,r,1440
3552237000,r,1440
3552238000,r,1440
3552238000,r,1440
3552305000,r,1440
3552305000,r,1440
3552305000,r,1440
3552306000,r,1440
3552306000,r,1440
3552306000,r,1440
3552306000,r,1440
3552306000,r,1440
3552344000,r,1440
3552344000,r,1440
3552800000,s,1340
3553379000,s,1340
3554149000,s,1340
3554252000,s,1340
3554343000,s,1340
3554438000,s,1340
3554527000,s,1340
3554622000,s,1340
3554718000,s,1340
3554787000,s,1340
3555039000,r,1440
3555039000,r,1440
3555040000,r,1440
3555040000,r,1440
3555040000,r,1440
3555040000,r,1440
3555040000,r,1440
3555041000,r,1440
3555231000,s,1340
3555300000,s,1340
3555488000,s,1340
3555591000,s,1340
3555694000,s,1340
3555788000,s,1340
3555893000,s,1340
3555986000,s,1340
3556079000,s,1340
3556173000,s,1340
3556273000,s,1340
3556473000,s,1340
3556560000,s,1340
3556646000,s,1340
3556734000,s,1340
3556819000,s,1340
3556909000,s,1340
3556988000,s,1340
3557075000,s,1340
3557158000,s,1340
3557245000,s,1340
3557323000,s,1340
3557403000,s,1340
3557483000,s,1340
3557557000,s,1340
3557631000,s,1340
3557707000,s,1340
3557789000,s,1340
3557875000,s,1340
3557958000,s,1340
3558029000,s,1340
3558099000,s,1340
3558179000,s,1340
3558255000,s,1340
3558317000,s,1340
3558393000,s,1340
3558472000,s,1340
3558559000,s,1340
3558684000,s,1340
3558766000,s,1340
3558893000,s,1340
3558994000,s,1340
3559085000,s,1340
3559168000,s,1340
3559257000,s,1340
3559339000,s,1340
3559590000,s,1340
3559687000,s,1340
3559784000,s,1340
3560067000,s,1340
3560154000,s,1340
3560520000,s,1340
3560707000,s,1340
3560896000,s,1340
3561004000,s,1340
3561216000,s,1340
3561358000,s,1340
3561473000,s,1340
3561657000,s,1340
3561822000,s,1340
3561902000,s,1340
3562616000,s,1340
3562695000,s,1340
3562734000,s,1340
3562825000,s,1340
3563152000,s,1340
3563932000,s,1340
3564099000,s,1340
3564215000,s,1340
3564392000,s,1340
3564432000,s,1340
3564598000,s,1340
3564784000,s,1340
3564857000,s,1340
3564905000,s,1340
3565535000,s,1340
3565720000,r,1440
3565720000,r,1440
3565720000,r,1440
3565721000,r,1440
3565721000,r,1440
3565721000,r,1440
3565721000,r,1440
3565721000,r,1440
3565846000,r,1440
3565846000,r,1440
3565847000,r,1440
3565847000,r,1440
3565847000,r,1440
3565847000,r,1440
3565847000,r,1440
3565847000,r,1440
3565897000,r,1440
3565897000,r,1440
3565898000,r,1440
3565898000,r,1440
3565898000,r,1440
3565898000,r,1440
3565898000,r,1440
3565898000,r,1440
3565936000,r,1440
3565936000,r,1440
3565936000,r,1440
3566077000,s,1340
3566196000,s,1340
3566273000,s,1340
3566344000,s,1340
3566430000,s,1340
3566524000,s,1340
3566609000,s,1340
3566695000,s,1340
3566779000,s,1340
3566923000,s,1340
3567018000,s,1340
3567099000,s,1340
3567186000,s,1340
3567282000,s,1340
3567403000,r,1440
3567414000,s,1340
3567403000,r,1440
3567403000,r,1440
3567403000,r,1440
3567656000,s,1340
3567770000,s,1340
3567875000,s,1340
3567971000,s,1340
3571425000,r,1440
3571425000,r,1440
3571426000,r,1440
3571426000,r,1440
3571426000,r,1440
3571426000,r,1440
3571898000,r,1440
3571898000,r,1440
3571898000,r,1440
3571898000,r,1440
3571898000,r,1440
3571899000,r,1440
3572263000,s,1340
3572447000,s,1340
3572754000,s,1340
3572859000,s,1340
3572955000,s,1340
3573039000,s,1340
3573134000,s,1340
3573229000,s,1340
3573311000,s,1340
3573387000,s,1340
3573467000,s,1340
3573795000,r,1440
3573795000,r,1440
3573795000,r,1440
3573795000,r,1440
3573795000,r,1440
3573796000,r,1440
3573796000,r,1440
3573796000,r,1440
3573924000,r,1440
3573924000,r,1440
3573925000,r,1440
3573925000,r,1440
3573925000,r,1440
3573925000,r,1440
3573925000,r,1440
3573925000,r,1440
3573977000,r,1440
3573977000,r,1440
3573978000,r,1440
3573978000,r,1440
3573978000,r,1440
3573978000,r,1440
3573978000,r,1440
3573978000,r,1440
3574026000,r,1440
3574296000,r,1440
3574296000,r,1440
3574296000,r,1440
3574296000,r,1440
3574297000,r,1440
3574297000,r,1440
3574297000,r,1440
3574297000,r,1440
3574354000,r,1440
3574593000,r,1440
3574594000,r,1440
3574594000,r,1440
3574656000,s,1340
3574713000,s,1340
3574734000,s,1340
3574751000,s,1340
3574765000,s,1340
3574780000,s,1340
3574792000,s,1340
3574805000,s,1340
3574816000,s,1340
3574827000,s,1340
3574839000,s,1340
3574861000,s,1340
3575038000,s,1340
3575128000,s,1340
3575178000,s,1340
3575204000,s,1340
3575295000,s,1340
3575535000,s,1340
3575565000,s,1340
3576129000,s,1340
3576255000,s,1340
3576373000,s,1340
3576609000,s,1340
3576754000,s,1340
3577018000,r,1440
3577018000,r,1440
3577018000,r,1440
3577018000,r,1440
3577146000,s,1340
3577297000,s,1340
3577326000,s,1340
3578415000,s,1340
3580044000,r,1440
3581653000,r,1440
3581653000,r,1440
3581654000,r,1440
3581654000,r,1440
3581654000,r,1440
3581654000,r,1440
3581654000,r,1440
3581655000,r,1440
3581791000,r,1440
3581792000,r,1440
3581792000,r,1440
3581792000,r,1440
3581792000,r,1440
3581792000,r,1440
3581792000,r,1440
3581793000,r,1440
3581843000,r,1440
3581843000,r,1440
3581844000,r,1440
3581844000,r,1440
3581844000,r,1440
3582179000,r,1440
3582179000,r,1440
3582179000,r,1440
3582527000,s,1340
3582832000,s,1340
3582979000,s,1340
3583091000,s,1340
3583198000,s,1340
3583310000,s,1340
3583410000,r,1440
3583460000,s,1340
3583410000,r,1440
3583410000,r,1440
3583410000,r,1440
3583411000,r,1440
3583411000,r,1440
3583411000,r,1440
3583580000,s,1340
3583682000,s,1340
3583792000,s,1340
3583904000,s,1340
3584101000,s,1340
3584227000,s,1340
3584342000,s,1340
3584441000,s,1340
3584549000,s,1340
3584960000,s,1340
3585424000,r,1440
3585425000,r,1440
3585425000,r,1440
3585425000,r,1440
3585425000,r,1440
3585425000,r,1440
3585425000,r,1440
3585426000,r,1440
3585530000,r,1440
3585530000,r,1440
3585531000,r,1440
3586208000,s,1340
3586520000,s,1340
3586654000,s,1340
3586770000,s,1340
3586872000,s,1340
3587132000,s,1340
3587271000,s,1340
3587505000,s,1340
3587754000,s,1340
3587956000,s,1340
3588107000,s,1340
3588229000,s,1340
3588468000,s,1340
3588612000,s,1340
3588686000,r,1440
3588686000,r,1440
3588686000,r,1440
3588687000,r,1440
3588687000,r,1440
3588687000,r,1440
3588687000,r,1440
3588687000,r,1440
3588846000,r,1440
3588846000,r,1440
3588847000,r,1440
3588847000,r,1440
3588847000,r,1440
3588847000,r,1440
3588847000,r,1440
3588848000,r,1440
3588900000,r,1440
3588900000,r,1440
3589186000,s,1340
3589285000,s,1340
3589321000,s,1340
3589585000,r,1440
3589585000,r,1440
3589585000,r,1440
3589585000,r,1440
3589585000,r,1440
3589586000,r,1440
3589586000,r,1440
3589586000,r,1440
3589671000,r,1440
3589671000,r,1440
3589671000,r,1440
3589671000,r,1440
3589672000,r,1440
3589672000,r,1440
3589672000,r,1440
3589742000,s,1340
3589805000,s,1340
3589895000,s,1340
3589943000,s,1340
3589967000,s,1340
3589988000,s,1340
3590094000,s,1340
3590283000,s,1340
3590410000,s,1340
3590524000,s,1340
3590632000,s,1340
3590734000,s,1340
3590842000,s,1340
3590916000,r,1440
3590916000,r,1440
3590954000,s,1340
3590917000,r,1440
3590917000,r,1440
3590917000,r,1440
3590917000,r,1440
3591065000,s,1340
3591148000,s,1340
3591256000,s,1340
3591412000,s,1340
3591540000,s,1340
3591651000,s,1340
3591758000,s,1340
3591841000,s,1340
3591923000,s,1340
3592028000,s,1340
3592162000,s,1340
3592271000,s,1340
3592456000,s,1340
3592576000,s,1340
3592691000,s,1340
3592800000,s,1340
3592914000,s,1340
3593030000,s,1340
3593140000,s,1340
3593421000,s,1340
3593541000,s,1340
3593752000,s,1340
3595726000,r,1440
3596190000,s,1340
3596259000,s,1340
3598336000,r,1440
3598336000,r,1440
3598337000,r,1440
3598337000,r,1440
3598337000,r,1440
3598337000,r,1440
3598337000,r,1440
3598337000,r,1440
3598483000,r,1440
3598483000,r,1440
3598484000,r,1440
3598484000,r,1440
3598484000,r,1440
3598484000,r,1440
3598484000,r,1440
3598484000,r,1440
3598535000,r,1440
3598535000,r,1440
3598535000,r,1440
3598535000,r,1440
3598535000,r,1440
3598535000,r,1440
3598536000,r,1440
3598536000,r,1440
3599327000,s,1340
3599631000,s,1340
3599763000,s,1340
3599863000,s,1340
3601178000,r,1440
3601179000,r,1440
3601179000,r,1440
3601179000,r,1440
3601179000,r,1440
3601179000,r,1440
3601179000,r,1440
3601180000,r,1440
3601290000,r,1440
3601290000,r,1440
3601290000,r,1440
3601290000,r,1440
3601522000,r,1440
3601522000,r,1440
3601522000,r,1440
3601523000,r,1440
3601523000,r,1440
3601523000,r,1440
3601523000,r,1440
3601523000,r,1440
3601574000,r,1440
3601574000,r,1440
3601575000,r,1440
3601575000,r,1440
3601575000,r,1440
3601575000,r,1440
3601575000,r,1440
3601575000,r,1440
3601616000,r,1440
3601616000,r,1440
3602051000,s,1340
3602243000,s,1340
3602397000,s,1340
3602593000,s,1340
3602632000,r,1440
3602686000,s,1340
3602778000,s,1340
3602882000,s,1340
3602983000,s,1340
3603228000,s,1340
3603324000,s,1340
3603455000,s,1340
3603526000,s,1340
3603583000,s,1340
3603642000,s,1340
3603706000,s,1340
3603764000,s,1340
3603823000,s,1340
3603894000,s,1340
3603958000,s,1340
3604019000,r,1440
3604022000,s,1340
3604019000,r,1440
3604019000,r,1440
3604019000,r,1440
3604019000,r,1440
3604019000,r,1440
3604020000,r,1440
3604020000,r,1440
3604094000,r,1440
3604119000,s,1340
3604127000,r,1440
3604127000,r,1440
3604127000,r,1440
3604220000,s,1340
3604309000,s,1340
3604491000,s,1340
3604573000,r,1440
3604590000,s,1340
3604573000,r,1440
3604573000,r,1440
3604574000,r,1440
3604574000,r,1440
3604574000,r,1440
3604670000,r,1440
3604670000,r,1440
3604670000,r,1440
3604693000,s,1340
3604804000,s,1340
3604925000,s,1340
3605043000,s,1340
3605160000,s,1340
3605275000,s,1340
3605384000,s,1340
3605502000,s,1340
3605584000,s,1340
3605693000,s,1340
3605796000,s,1340
3605906000,s,1340
3605984000,s,1340
3606087000,s,1340
3606096000,r,1440
3606185000,s,1340
3606097000,r,1440
3606097000,r,1440
3606097000,r,1440
3606097000,r,1440
3606097000,r,1440
3606098000,r,1440
3606266000,s,1340
3606357000,s,1340
3606452000,s,1340
3606551000,s,1340
3606639000,s,1340
3606729000,s,1340
3606799000,s,1340
3606884000,s,1340
3606975000,s,1340
3607051000,s,1340
3607123000,s,1340
3607222000,s,1340
3607317000,s,1340
3607408000,r,1440
3607451000,s,1340
3607408000,r,1440
3607408000,r,1440
3607408000,r,1440
3607408000,r,1440
3607408000,r,1440
3607548000,s,1340
3607624000,s,1340
3607801000,s,1340
3607870000,s,1340
3607962000,s,1340
3608045000,s,1340
3608134000,s,1340
3608219000,s,1340
3608292000,s,1340
3608377000,s,1340
3608452000,s,1340
3608524000,s,1340
3608592000,s,1340
3608669000,s,1340
3608747000,s,1340
3608822000,s,1340
3608908000,s,1340
3608985000,s,1340
3609056000,s,1340
3609128000,s,1340
3609204000,s,1340
3609281000,s,1340
3609356000,s,1340
3609611000,s,1340
3609687000,s,1340
3609825000,s,1340
3609932000,s,1340
3610178000,s,1340
3610265000,s,1340
3610447000,s,1340
3610519000,s,1340
3611303000,s,1340
3611475000,s,1340
3611562000,s,1340
3611648000,s,1340
3611731000,s,1340
3611813000,s,1340
3611898000,s,1340
3612042000,s,1340
3612117000,s,1340
3612135000,s,1340
3612148000,s,1340
3612742000,s,1340
3612803000,s,1340
3612955000,s,1340
3613006000,s,1340
3613133000,s,1340
3613266000,s,1340
3613573000,s,1340
3613659000,s,1340
3613730000,s,1340
3613796000,s,1340
3614040000,s,1340
3614118000,s,1340
3614351000,s,1340
3614434000,s,1340
3614617000,s,1340
3614737000,s,1340
3614907000,s,1340
3615069000,s,1340
3615194000,s,1340
3615333000,s,1340
3615451000,s,1340
3615632000,s,1340
3615821000,s,1340
3615854000,s,1340
3615977000,s,1340
3616092000,s,1340
3616519000,s,1340
3616727000,s,1340
3616806000,s,1340
3616880000,s,1340
3617017000,s,1340
3617106000,s,1340
3617209000,s,1340
3617415000,s,1340
3617506000,s,1340
3617748000,s,1340
3617836000,s,1340
3618058000,s,1340
3618150000,s,1340
3618236000,s,1340
3618416000,s,1340
3618596000,s,1340
3618714000,s,1340
3618763000,s,1340
3618870000,s,1340
3618927000,s,1340
3619570000,s,1340
3619660000,s,1340
3619748000,s,1340
3619810000,s,1340
3620603000,s,1340
3620656000,s,1340
3621641000,s,1340
3621691000,r,1440
3621737000,s,1340
3621790000,s,1340
3622336000,s,1340
3623559000,r,1440
3623559000,r,1440
3623559000,r,1440
3623559000,r,1440
3623560000,r,1440
3623560000,r,1440
3623560000,r,1440
3623560000,r,1440
3623676000,r,1440
3623676000,r,1440
3623676000,r,1440
3623676000,r,1440
3623676000,r,1440
3623676000,r,1440
3623676000,r,1440
3623973000,s,1340
3624142000,s,1340
3624230000,s,1340
3624258000,r,1440
3624258000,r,1440
3624258000,r,1440
3624258000,r,1440
3624258000,r,1440
3624258000,r,1440
3624319000,r,1440
3624319000,r,1440
3624319000,r,1440
3624319000,r,1440
3624320000,r,1440
3624320000,r,1440
3624436000,s,1340
3624543000,s,1340
3624627000,s,1340
3624721000,s,1340
3624818000,s,1340
3624894000,r,1440
3624894000,r,1440
3624894000,r,1440
3624917000,s,1340
3625016000,s,1340
3625124000,s,1340
3625208000,s,1340
3625286000,s,1340
3625383000,s,1340
3625484000,s,1340
3625579000,s,1340
3625664000,s,1340
3625702000,r,1440
3625744000,s,1340
3625702000,r,1440
3625703000,r,1440
3625703000,r,1440
3625703000,r,1440
3625703000,r,1440
3625703000,r,1440
3625703000,r,1440
3625803000,r,1440
3625803000,r,1440
3625803000,r,1440
3625803000,r,1440
3625803000,r,1440
3625825000,s,1340
3625803000,r,1440
3625804000,r,1440
3626021000,r,1440
3626021000,r,1440
3626021000,r,1440
3626212000,r,1440
3626212000,r,1440
3626212000,r,1440
3626351000,s,1340
3626391000,s,1340
3626414000,s,1340
3626429000,s,1340
3626484000,s,1340
3626585000,r,1440
3626585000,r,1440
3626585000,r,1440
3626585000,r,1440
3626586000,r,1440
3626586000,r,1440
3626919000,s,1340
3627005000,s,1340
3627059000,s,1340
3627109000,s,1340
3627158000,s,1340
3627207000,s,1340
3627283000,s,1340
3627901000,s,1340
3627997000,s,1340
3628081000,s,1340
3628221000,s,1340
3628322000,s,1340
3628409000,s,1340
3629111000,r,1440
3629112000,r,1440
3629112000,r,1440
3629112000,r,1440
3629112000,r,1440
3629112000,r,1440
3629112000,r,1440
3629113000,r,1440
3629224000,s,1340
3629245000,r,1440
3629245000,r,1440
3629245000,r,1440
3629246000,r,1440
3629246000,r,1440
3629246000,r,1440
3629246000,r,1440
3629246000,r,1440
3629293000,r,1440
3629293000,r,1440
3629294000,r,1440
3629294000,r,1440
3629294000,r,1440
3630338000,s,1340
3630525000,s,1340
3630572000,s,1340
3630586000,s,1340
3630724000,s,1340
3630754000,s,1340
3630767000,s,1340
3630778000,s,1340
3630920000,s,1340
3630957000,s,1340
3631004000,s,1340
3631030000,s,1340
3631063000,s,1340
3631112000,s,1340
3631138000,s,1340
3631488000,s,1340
3631590000,s,1340
3631701000,s,1340
3631802000,s,1340
3631894000,s,1340
3632042000,s,1340
3632141000,s,1340
3632255000,s,1340
3632326000,s,1340
3632398000,s,1340
3632465000,s,1340
3632518000,s,1340
3632800000,s,1340
3632874000,s,1340
3632924000,s,1340
3634211000,s,1340
3634559000,s,1340
3634688000,s,1340
3634801000,s,1340
3634906000,s,1340
3635011000,s,1340
3635117000,s,1340
3635217000,s,1340
3635362000,s,1340
3635407000,r,1440
3635407000,r,1440
3635407000,r,1440
3635407000,r,1440
3635407000,r,1440
3635408000,r,1440
3635408000,r,1440
3635408000,r,1440
3635523000,r,1440
3635523000,r,1440
3635523000,r,1440
3635523000,r,1440
3635632000,s,1340
3635756000,s,1340
3635825000,s,1340
3636084000,s,1340
3636222000,s,1340
3636382000,s,1340
3636475000,r,1440
3636475000,r,1440
3636475000,r,1440
3636475000,r,1440
3636476000,r,1440
3636476000,r,1440
3636700000,s,1340
3636798000,s,1340
3636883000,s,1340
3636987000,s,1340
3637078000,s,1340
3637174000,s,1340
3637280000,s,1340
3646131000,r,1440
3646131000,r,1440
3646131000,r,1440
3646131000,r,1440
3646131000,r,1440
3646132000,r,1440
3646132000,r,1440
3646132000,r,1440
3646290000,r,1440
3646290000,r,1440
3646290000,r,1440
3646290000,r,1440
3646290000,r,1440
3646290000,r,1440
3646291000,r,1440
3646291000,r,1440
3646338000,r,1440
3646338000,r,1440
3646338000,r,1440
3646338000,r,1440
3646339000,r,1440
3646339000,r,1440
3646339000,r,1440
3646339000,r,1440
3646387000,r,1440
3646387000,r,1440
3646388000,r,1440
3646388000,r,1440
3646388000,r,1440
3646388000,r,1440
3646388000,r,1440
3646388000,r,1440
3646432000,r,1440
3646432000,r,1440
3646433000,r,1440
3646433000,r,1440
3646433000,r,1440
3646433000,r,1440
3646433000,r,1440
3646433000,r,1440
3646474000,r,1440
3646474000,r,1440
3646474000,r,1440
3646474000,r,1440
3646475000,r,1440
3646929000,s,1340
3646993000,s,1340
3647011000,s,1340
3647047000,s,1340
3647274000,s,1340
3647324000,s,1340
3647362000,s,1340
3647721000,s,1340
3647882000,s,1340
3647995000,s,1340
3648119000,s,1340
3648225000,s,1340
3648328000,s,1340
3648413000,s,1340
3648520000,s,1340
3648604000,s,1340
3648687000,s,1340
3648761000,s,1340
3648836000,s,1340
3648915000,s,1340
3649005000,r,1440
3649021000,s,1340
3649005000,r,1440
3649006000,r,1440
3649006000,r,1440
3649006000,r,1440
3649006000,r,1440
3649006000,r,1440
3649006000,r,1440
3649099000,s,1340
3649113000,r,1440
3649114000,r,1440
3649114000,r,1440
3649114000,r,1440
3649114000,r,1440
3649114000,r,1440
3649114000,r,1440
3649115000,r,1440
3649164000,r,1440
3649165000,r,1440
3649165000,r,1440
3649176000,s,1340
3649165000,r,1440
3649165000,r,1440
3649165000,r,1440
3649165000,r,1440
3649166000,r,1440
3649214000,r,1440
3649214000,r,1440
3649214000,r,1440
3649214000,r,1440
3649214000,r,1440
3649214000,r,1440
3649215000,r,1440
3649215000,r,1440
3649257000,r,1440
3649257000,r,1440
3649291000,s,1340
3649399000,s,1340
3649508000,s,1340
3649621000,s,1340
3649701000,s,1340
3649799000,s,1340
3649891000,s,1340
3649995000,s,1340
3650100000,s,1340
3650195000,s,1340
3650300000,s,1340
3650385000,s,1340
3650474000,s,1340
3650555000,s,1340
3650630000,s,1340
3650728000,s,1340
3650752000,r,1440
3650752000,r,1440
3650753000,r,1440
3650815000,s,1340
3650753000,r,1440
3650753000,r,1440
3650753000,r,1440
3650753000,r,1440
3650753000,r,1440
3650902000,s,1340
3651006000,s,1340
3651091000,s,1340
3651175000,s,1340
3651257000,s,1340
3651338000,s,1340
3651488000,s,1340
3651590000,s,1340
3651731000,s,1340
3651851000,s,1340
3651983000,s,1340
3652101000,s,1340
3652226000,s,1340
3652356000,s,1340
3652488000,s,1340
3652627000,s,1340
3652766000,s,1340
3652945000,s,1340
3653066000,s,1340
3653184000,s,1340
3653286000,s,1340
3653389000,s,1340
3653499000,s,1340
3653606000,s,1340
3653748000,s,1340
3653973000,s,1340
3654117000,s,1340
3654231000,s,1340
3654328000,s,1340
3654425000,s,1340
3654515000,s,1340
3654610000,s,1340
3654700000,s,1340
3654793000,s,1340
3654865000,s,1340
3654951000,s,1340
3655010000,s,1340
3655097000,s,1340
3655183000,s,1340
3655270000,s,1340
3655361000,s,1340
3655500000,s,1340
3655606000,s,1340
3655702000,s,1340
3655801000,s,1340
3655817000,r,1440
3655817000,r,1440
3655817000,r,1440
3655894000,s,1340
3655990000,s,1340
3656084000,s,1340
3656162000,r,1440
3656163000,r,1440
3656163000,r,1440
3656266000,s,1340
3656368000,s,1340
3656483000,s,1340
3656569000,s,1340
3656648000,s,1340
3656741000,s,1340
3656838000,s,1340
3656924000,s,1340
3657023000,s,1340
3657098000,s,1340
3657158000,r,1440
3657197000,s,1340
3657158000,r,1440
3657158000,r,1440
3657159000,r,1440
3657159000,r,1440
3657159000,r,1440
3657159000,r,1440
3657159000,r,1440
3657264000,r,1440
3657264000,r,1440
3657297000,s,1340
3657385000,s,1340
3657483000,s,1340
3657587000,s,1340
3657682000,s,1340
3657775000,s,1340
3657881000,s,1340
3657988000,s,1340
3658091000,s,1340
3658195000,s,1340
3658288000,s,1340
3658392000,s,1340
3658491000,s,1340
3658590000,s,1340
3658685000,s,1340
3658785000,s,1340
3658874000,s,1340
3658963000,s,1340
3659063000,s,1340
3659159000,s,1340
3659239000,s,1340
3659317000,s,1340
3664478000,r,1440
3664479000,r,1440
3664479000,r,1440
3664479000,r,1440
3664479000,r,1440
3664480000,r,1440
3664480000,r,1440
3664480000,r,1440
3664720000,r,1440
3664720000,r,1440
3664720000,r,1440
3664853000,r,1440
3664853000,r,1440
3664853000,r,1440
3664854000,r,1440
3664854000,r,1440
3664854000,r,1440
3665262000,r,1440
3665262000,r,1440
3665262000,r,1440
3665262000,r,1440
3665263000,r,1440
3665263000,r,1440
3665675000,r,1440
3665676000,r,1440
3665676000,r,1440
3665676000,r,1440
3665676000,r,1440
3665676000,r,1440
3666915000,r,1440
3666915000,r,1440
3666915000,r,1440
3666916000,r,1440
3666916000,r,1440
3666916000,r,1440
3666916000,r,1440
3666916000,r,1440
3667027000,r,1440
3667027000,r,1440
3667027000,r,1440
3667027000,r,1440
3667028000,r,1440
3667028000,r,1440
3667028000,r,1440
3667028000,r,1440
3667075000,r,1440
3667075000,r,1440
3667216000,r,1440
3667216000,r,1440
3667216000,r,1440
3667217000,r,1440
3667217000,r,1440
3667217000,r,1440
3667957000,s,1340
3668000000,r,1440
3668032000,s,1340
3668000000,r,1440
3668000000,r,1440
3668066000,s,1340
3668084000,s,1340
3668101000,s,1340
3668113000,s,1340
3668127000,s,1340
3668141000,s,1340
3668155000,s,1340
3668168000,s,1340
3668181000,s,1340
3668193000,s,1340
3668497000,s,1340
3668685000,s,1340
3668813000,s,1340
3668920000,s,1340
3669021000,s,1340
3669124000,s,1340
3669226000,s,1340
3669323000,s,1340
3669430000,s,1340
3669531000,s,1340
3669643000,s,1340
3669743000,s,1340
3669751000,r,1440
3669751000,r,1440
3669751000,r,1440
3669751000,r,1440
3669751000,r,1440
3669752000,r,1440
3669752000,r,1440
3669752000,r,1440
3669855000,s,1340
3669871000,r,1440
3669871000,r,1440
3669955000,s,1340
3670055000,s,1340
3670160000,s,1340
3670265000,s,1340
3670371000,s,1340
3670476000,s,1340
3670575000,s,1340
3670680000,s,1340
3670784000,s,1340
3670888000,s,1340
3670984000,s,1340
3671085000,s,1340
3671180000,s,1340
3671284000,s,1340
3671363000,s,1340
3671845000,s,1340
3671976000,s,1340
3672079000,s,1340
3672175000,s,1340
3672269000,s,1340
3672367000,s,1340
3672465000,s,1340
3672563000,s,1340
3672662000,s,1340
3672760000,s,1340
3672855000,s,1340
3672962000,s,1340
3673060000,s,1340
3673156000,s,1340
3673254000,s,1340
3673355000,s,1340
3673444000,s,1340
3673539000,s,1340
3673628000,s,1340
3673716000,s,1340
3673805000,s,1340
3673898000,s,1340
3673978000,s,1340
3674051000,s,1340
3674126000,s,1340
3674357000,s,1340
3674503000,s,1340
3674600000,s,1340
3674694000,s,1340
3674889000,s,1340
3675053000,s,1340
3675154000,s,1340
3675347000,s,1340
3675458000,s,1340
3675559000,s,1340
3675683000,s,1340
3675793000,s,1340
3675965000,s,1340
3676078000,s,1340
3676265000,s,1340
3676439000,s,1340
3677381000,r,1440
3677381000,r,1440
3677381000,r,1440
3677381000,r,1440
3677381000,r,1440
3677381000,r,1440
3677382000,r,1440
3677382000,r,1440
3677566000,r,1440
3677566000,r,1440
3677566000,r,1440
3677567000,r,1440
3677567000,r,1440
3677567000,r,1440
3677567000,r,1440
3677567000,r,1440
3677619000,r,1440
3677620000,r,1440
3677620000,r,1440
3677620000,r,1440
3677620000,r,1440
3677620000,r,1440
3677620000,r,1440
3677621000,r,1440
3677667000,r,1440
3677667000,r,1440
3677667000,r,1440
3677667000,r,1440
3677667000,r,1440
3677949000,s,1340
3678026000,s,1340
3678066000,s,1340
3678417000,s,1340
3678502000,s,1340
3678718000,s,1340
3678757000,s,1340
3678789000,s,1340
3678890000,s,1340
3679148000,s,1340
3679221000,s,1340
3679254000,s,1340
3679336000,s,1340
3679367000,s,1340
3679460000,s,1340
3679514000,s,1340
3679616000,s,1340
3679816000,s,1340
3679892000,s,1340
3679932000,s,1340
3679949000,s,1340
3679964000,s,1340
3680019000,s,1340
3680036000,s,1340
3680107000,s,1340
3680241000,s,1340
3680390000,s,1340
3680607000,s,1340
3680714000,s,1340
3680743000,r,1440
3680744000,r,1440
3680744000,r,1440
3680744000,r,1440
3680744000,r,1440
3680813000,s,1340
3680744000,r,1440
3680889000,s,1340
3680972000,s,1340
3681049000,s,1340
3681150000,s,1340
3681255000,s,1340
3681346000,s,1340
3681451000,s,1340
3681547000,s,1340
3681652000,s,1340
3681750000,s,1340
3681749000,r,1440
3681749000,r,1440
3681749000,r,1440
3681749000,r,1440
3681749000,r,1440
3681750000,r,1440
3681846000,s,1340
3681949000,s,1340
3682050000,s,1340
3682145000,s,1340
3682216000,s,1340
3682288000,s,1340
3682360000,s,1340
3682428000,s,1340
3682505000,s,1340
3682572000,s,1340
3682637000,s,1340
3682687000,s,1340
3682748000,s,1340
3682822000,s,1340
3682898000,s,1340
3682987000,s,1340
3683072000,s,1340
3683143000,s,1340
3687425000,r,1440
3687425000,r,1440
3687425000,r,1440
3687425000,r,1440
3687426000,r,1440
3687426000,r,1440
3687795000,r,1440
3687795000,r,1440
3687795000,r,1440
3687795000,r,1440
3687795000,r,1440
3687795000,r,1440
3687795000,r,1440
3687796000,r,1440
3687846000,s,1340
3687857000,r,1440
3687857000,r,1440
3687857000,r,1440
3687857000,r,1440
3687957000,s,1340
3688011000,r,1440
3688011000,r,1440
3688011000,r,1440
3688011000,r,1440
3688012000,r,1440
3688012000,r,1440
3688283000,s,1340
3688379000,s,1340
3688492000,s,1340
3688633000,s,1340
3688683000,s,1340
3689015000,s,1340
3689033000,r,1440
3689033000,r,1440
3689033000,r,1440
3689033000,r,1440
3689034000,r,1440
3689034000,r,1440
3689108000,s,1340
3689174000,s,1340
3689233000,s,1340
3689368000,s,1340
3689454000,s,1340
3689538000,s,1340
3689615000,s,1340
3689677000,s,1340
3689748000,s,1340
3689819000,s,1340
3689908000,s,1340
3689995000,s,1340
3690053000,s,1340
3690294000,s,1340
3690379000,s,1340
3690449000,s,1340
3690521000,s,1340
3690594000,s,1340
3690671000,s,1340
3690750000,s,1340
3690833000,s,1340
3690912000,s,1340
3691409000,r,1440
3691409000,r,1440
3691409000,r,1440
3691410000,r,1440
3691410000,r,1440
3691410000,r,1440
3691410000,r,1440
3691410000,r,1440
3691535000,r,1440
3691535000,r,1440
3691536000,r,1440
3691536000,r,1440
3691536000,r,1440
3691536000,r,1440
3691536000,r,1440
3691536000,r,1440
3691587000,r,1440
3691587000,r,1440
3691587000,r,1440
3691588000,r,1440
3691588000,r,1440
3691588000,r,1440
3691588000,r,1440
3691588000,r,1440
3691638000,r,1440
3691638000,r,1440
3691639000,r,1440
3691639000,r,1440
3691639000,r,1440
3691697000,r,1440
3691697000,r,1440
3691697000,r,1440
3692197000,s,1340
3692273000,s,1340
3692303000,s,1340
3692385000,s,1340
3692721000,r,1440
3692741000,s,1340
3692721000,r,1440
3692721000,r,1440
3692721000,r,1440
3692722000,r,1440
3692722000,r,1440
3692862000,s,1340
3692722000,r,1440
3692722000,r,1440
3692892000,r,1440
3692892000,r,1440
3692892000,r,1440
3692945000,s,1340
3693054000,s,1340
3693160000,s,1340
3693618000,s,1340
3693722000,s,1340
3693785000,s,1340
3693870000,s,1340
3693960000,s,1340
3694046000,s,1340
3694127000,s,1340
3694215000,s,1340
3694300000,s,1340
3694387000,s,1340
3694464000,s,1340
3694537000,s,1340
3694625000,s,1340
3694722000,s,1340
3694949000,s,1340
3695076000,s,1340
3695116000,s,1340
3695281000,s,1340
3695433000,s,1340
3695525000,s,1340
3695737000,s,1340
3695828000,s,1340
3695920000,s,1340
3696177000,s,1340
3696284000,s,1340
3696385000,s,1340
3696607000,s,1340
3696701000,s,1340
3696912000,s,1340
3697122000,s,1340
3697342000,s,1340
3697523000,s,1340
3697689000,s,1340
3697825000,s,1340
3697990000,s,1340
3698113000,s,1340
3698329000,s,1340
3698361000,s,1340
3698445000,s,1340
3698519000,s,1340
3698579000,s,1340
3698770000,s,1340
3698885000,s,1340
3699017000,s,1340
3699116000,s,1340
3699222000,s,1340
3699588000,s,1340
3699704000,s,1340
3699822000,s,1340
3700054000,s,1340
3700168000,s,1340
3700321000,s,1340
3700580000,s,1340
3700705000,s,1340
3700881000,s,1340
3701028000,s,1340
3701142000,s,1340
3701253000,s,1340
3701351000,s,1340
3701516000,s,1340
3701638000,s,1340
3701750000,s,1340
3701988000,s,1340
3702110000,s,1340
3702216000,s,1340
3702410000,s,1340
3702616000,s,1340
3702871000,s,1340
3703085000,s,1340
3703155000,r,1440
3703206000,s,1340
3703156000,r,1440
3703156000,r,1440
3703156000,r,1440
3703156000,r,1440
3703156000,r,1440
3703156000,r,1440
3703157000,r,1440
3703265000,r,1440
3703265000,r,1440
3703265000,r,1440
3703277000,s,1340
3703265000,r,1440
3703359000,s,1340
3703434000,r,1440
3703446000,s,1340
3703434000,r,1440
3703434000,r,1440
3703434000,r,1440
3703435000,r,1440
3703435000,r,1440
3703491000,s,1340
3703786000,s,1340
3703922000,s,1340
3704037000,s,1340
3704112000,s,1340
3704290000,s,1340
3704363000,s,1340
3704476000,s,1340
3704592000,s,1340
3704714000,r,1440
3704740000,s,1340
3704715000,r,1440
3704715000,r,1440
3704715000,r,1440
3704715000,r,1440
3704866000,s,1340
3704982000,s,1340
3705099000,s,1340
3705214000,s,1340
3705326000,s,1340
3705448000,s,1340
3705575000,s,1340
3705706000,s,1340
3705826000,s,1340
3705943000,s,1340
3706056000,s,1340
3706157000,s,1340
3706270000,s,1340
3706376000,s,1340
3706481000,s,1340
3706582000,s,1340
3706681000,s,1340
3706786000,s,1340
3706882000,s,1340
3706984000,s,1340
3707086000,s,1340
3707201000,s,1340
3707311000,s,1340
3707451000,s,1340
3707550000,s,1340
3707719000,s,1340
3707970000,s,1340
3708237000,s,1340
3708408000,s,1340
3708515000,s,1340
3708754000,s,1340
3708865000,s,1340
3708947000,s,1340
3709136000,s,1340
3709235000,s,1340
3709332000,s,1340
3709612000,s,1340
3709764000,s,1340
3709875000,s,1340
3709973000,s,1340
3710036000,s,1340
3710514000,s,1340
3710681000,s,1340
3711238000,s,1340
3711440000,s,1340
3712489000,s,1340
3712558000,s,1340
3712598000,s,1340
3712711000,s,1340
3712722000,r,1440
3712778000,s,1340
3712722000,r,1440
3712723000,r,1440
3712723000,r,1440
3712723000,r,1440
3712723000,r,1440
3712723000,r,1440
3712723000,r,1440
3712904000,r,1440
3712904000,r,1440
3712904000,r,1440
3712904000,r,1440
3712969000,r,1440
3712969000,r,1440
3712969000,r,1440
3712969000,r,1440
3712970000,r,1440
3712970000,r,1440
3712970000,r,1440
3712970000,r,1440
3713042000,r,1440
3713043000,r,1440
3713043000,r,1440
3713043000,r,1440
3713264000,s,1340
3713349000,s,1340
3713490000,s,1340
3713591000,s,1340
3713652000,s,1340
3713909000,s,1340
3714015000,s,1340
3714181000,r,1440
3714181000,r,1440
3714181000,r,1440
3714181000,r,1440
3714182000,r,1440
3714182000,r,1440
3714182000,r,1440
3714182000,r,1440
3714300000,r,1440
3714300000,r,1440
3714300000,r,1440
3714301000,r,1440
3714301000,r,1440
3714301000,r,1440
3714301000,r,1440
3714332000,s,1340
3714440000,s,1340
3714542000,s,1340
3714569000,r,1440
3714569000,r,1440
3714569000,r,1440
3714569000,r,1440
3714570000,r,1440
3714570000,r,1440
3714727000,s,1340
3714811000,s,1340
3714891000,s,1340
3714966000,s,1340
3715046000,s,1340
3715127000,s,1340
3715213000,s,1340
3715506000,s,1340
3715563000,r,1440
3715563000,r,1440
3715563000,r,1440
3715623000,s,1340
3715564000,r,1440
3715726000,s,1340
3715842000,s,1340
3715938000,s,1340
3716040000,s,1340
3716119000,s,1340
3716184000,s,1340
3716252000,s,1340
3716500000,s,1340
3716624000,s,1340
3716917000,s,1340
3717016000,s,1340
3717131000,s,1340
3717245000,s,1340
3717357000,s,1340
3717441000,s,1340
3717516000,s,1340
3717623000,s,1340
3717741000,s,1340
3717821000,s,1340
3717918000,s,1340
3718024000,s,1340
3718139000,s,1340
3718294000,s,1340
3718409000,s,1340
3719137000,s,1340
3719464000,s,1340
3719580000,s,1340
3719689000,s,1340
3719976000,s,1340
3720144000,s,1340
3720266000,s,1340
3721037000,s,1340
3721190000,s,1340
3721324000,s,1340
3721554000,s,1340
3721811000,s,1340
3721920000,s,1340
3722032000,s,1340
3722148000,s,1340
3722394000,s,1340
3722532000,s,1340
3722746000,s,1340
3723017000,s,1340
3723250000,s,1340
3723362000,s,1340
3723426000,r,1440
3723426000,r,1440
3723426000,r,1440
3723426000,r,1440
3723426000,r,1440
3723427000,r,1440
3723427000,r,1440
3723427000,r,1440
3723531000,s,1340
3723533000,r,1440
3723534000,r,1440
3723534000,r,1440
3723534000,r,1440
3723534000,r,1440
3723534000,r,1440
3723534000,r,1440
3723610000,s,1340
3723961000,r,1440
3723961000,r,1440
3723962000,r,1440
3724014000,s,1340
3724128000,s,1340
3724266000,r,1440
3724266000,r,1440
3724266000,r,1440
3724266000,r,1440
3724266000,r,1440
3724267000,r,1440
3724267000,r,1440
3724267000,r,1440
3724343000,r,1440
3724483000,s,1340
3724599000,r,1440
3724615000,s,1340
3724599000,r,1440
3724599000,r,1440
3724599000,r,1440
3724599000,r,1440
3724600000,r,1440
3724795000,s,1340
3724896000,r,1440
3724901000,s,1340
3724897000,r,1440
3724897000,r,1440
3724897000,r,1440
3724897000,r,1440
3724897000,r,1440
3725014000,s,1340
3725113000,s,1340
3725214000,s,1340
3725302000,s,1340
3725404000,s,1340
3725506000,s,1340
3725601000,s,1340
3725694000,s,1340
3725792000,s,1340
3725879000,s,1340
3725978000,s,1340
3726060000,s,1340
3726135000,s,1340
3726224000,s,1340
3726396000,r,1440
3726418000,s,1340
3726396000,r,1440
3726396000,r,1440
3726396000,r,1440
3726397000,r,1440
3726397000,r,1440
3726397000,r,1440
3726397000,r,1440
3726498000,s,1340
3726813000,s,1340
3726884000,s,1340
3726947000,s,1340
3727026000,s,1340
3727138000,s,1340
3727244000,s,1340
3727327000,s,1340
3727483000,s,1340
3727571000,s,1340
3727638000,s,1340
3727727000,s,1340
3727798000,s,1340
3727890000,s,1340
3727981000,s,1340
3728073000,s,1340
3728163000,s,1340
3728232000,s,1340
3728293000,s,1340
3728359000,s,1340
3728430000,s,1340
3728492000,s,1340
3728575000,s,1340
3728641000,s,1340
3733179000,r,1440
3733179000,r,1440
3733179000,r,1440
3733179000,r,1440
3733179000,r,1440
3733179000,r,1440
3733180000,r,1440
3733180000,r,1440
3733332000,r,1440
3733332000,r,1440
3733332000,r,1440
3733333000,r,1440
3733333000,r,1440
3733333000,r,1440
3733333000,r,1440
3733463000,r,1440
3733463000,r,1440
3733463000,r,1440
3733814000,r,1440
3733814000,r,1440
3733814000,r,1440
3733814000,r,1440
3733814000,r,1440
3733814000,r,1440
3734441000,s,1340
3734606000,s,1340
3734732000,s,1340
3734846000,s,1340
3734959000,s,1340
3735072000,s,1340
3735187000,s,1340
3735299000,s,1340
3735463000,s,1340
3735540000,r,1440
3735570000,s,1340
3735540000,r,1440
3735540000,r,1440
3735540000,r,1440
3735541000,r,1440
3735541000,r,1440
3735541000,r,1440
3735541000,r,1440
3735627000,r,1440
3735627000,r,1440
3735627000,r,1440
3735682000,s,1340
3735826000,s,1340
3735931000,r,1440
3735961000,s,1340
3735931000,r,1440
3735931000,r,1440
3736274000,s,1340
3736332000,s,1340
3736348000,s,1340
3736504000,s,1340
3736636000,s,1340
3736752000,s,1340
3736876000,s,1340
3737005000,s,1340
3737113000,s,1340
3737216000,s,1340
3737348000,s,1340
3737464000,s,1340
3737569000,s,1340
3737659000,s,1340
3737768000,s,1340
3738074000,s,1340
3738153000,r,1440
3738179000,s,1340
3738153000,r,1440
3738153000,r,1440
3738153000,r,1440
3738154000,r,1440
3738154000,r,1440
3738154000,r,1440
3738154000,r,1440
3738264000,r,1440
3738264000,r,1440
3738264000,r,1440
3738265000,r,1440
3738265000,r,1440
3738265000,r,1440
3738265000,r,1440
3738265000,r,1440
3738318000,r,1440
3738318000,r,1440
3738318000,r,1440
3738318000,r,1440
3738318000,r,1440
3738474000,s,1340
3738598000,s,1340
3738637000,s,1340
3738664000,s,1340
3738740000,s,1340
3738808000,s,1340
3738870000,s,1340
3739003000,s,1340
3739120000,s,1340
3739222000,s,1340
3739319000,s,1340
3739460000,s,1340
3739535000,r,1440
3739554000,s,1340
3739535000,r,1440
3739536000,r,1440
3739536000,r,1440
3739536000,r,1440
3739536000,r,1440
3739536000,r,1440
3739536000,r,1440
3739637000,r,1440
3739641000,s,1340
3739637000,r,1440
3739637000,r,1440
3739638000,r,1440
3739638000,r,1440
3739638000,r,1440
3739638000,r,1440
3739638000,r,1440
3739730000,s,1340
3739903000,s,1340
3740011000,s,1340
3740106000,s,1340
3740175000,r,1440
3740194000,s,1340
3740175000,r,1440
3740175000,r,1440
3740175000,r,1440
3740175000,r,1440
3740176000,r,1440
3740176000,r,1440
3740176000,r,1440
3740241000,r,1440
3740293000,s,1340
3740706000,s,1340
3740809000,s,1340
3740901000,s,1340
3740988000,s,1340
3741078000,s,1340
3741150000,r,1440
3741171000,s,1340
3741150000,r,1440
3741150000,r,1440
3741150000,r,1440
3741150000,r,1440
3741259000,s,1340
3741352000,s,1340
3741444000,s,1340
3741536000,s,1340
3741639000,s,1340
3741734000,s,1340
3741824000,s,1340
3741913000,s,1340
3742003000,s,1340
3742092000,s,1340
3742185000,s,1340
3742287000,s,1340
3742385000,s,1340
3742480000,s,1340
3742592000,s,1340
3742684000,s,1340
3742770000,s,1340
3742859000,s,1340
3742920000,s,1340
3742978000,s,1340
3743127000,s,1340
3743206000,s,1340
3743268000,s,1340
3743738000,s,1340
3743813000,s,1340
3743868000,s,1340
3744101000,s,1340
3744157000,s,1340
3744354000,s,1340
3744418000,s,1340
3745074000,s,1340
3745478000,s,1340
3745916000,s,1340
3746045000,s,1340
3746115000,s,1340
3746350000,s,1340
3746603000,s,1340
3746716000,s,1340
3746807000,s,1340
3747097000,s,1340
3747159000,s,1340
3747240000,s,1340
3747310000,s,1340
3747370000,s,1340
3747464000,s,1340
3747516000,s,1340
3747560000,s,1340
3747673000,s,1340
3747830000,s,1340
3747904000,s,1340
3748112000,s,1340
3748246000,s,1340
3748366000,s,1340
3748534000,s,1340
3749427000,s,1340
3749515000,s,1340
3749594000,s,1340
3749654000,s,1340
3749811000,s,1340
3749935000,s,1340
3750142000,s,1340
3750425000,s,1340
3750571000,s,1340
3750661000,s,1340
3750749000,s,1340
3750818000,s,1340
3750927000,s,1340
3751053000,s,1340
3751182000,s,1340
3751291000,s,1340
3751437000,s,1340
3751784000,s,1340
3751888000,s,1340
3751978000,s,1340
3752158000,s,1340
3752267000,s,1340
3752356000,s,1340
3752842000,s,1340
3752920000,s,1340
3753402000,s,1340
3753512000,s,1340
3753619000,s,1340
3753894000,s,1340
3754614000,r,1440
3754614000,r,1440
3754691000,s,1340
3754614000,r,1440
3754614000,r,1440
3754614000,r,1440
3754615000,r,1440
3754615000,r,1440
3754615000,r,1440
3754753000,r,1440
3754753000,r,1440
3754753000,r,1440
3754753000,r,1440
3754753000,r,1440
3754754000,r,1440
3754754000,r,1440
3754754000,r,1440
3754815000,r,1440
3754815000,r,1440
3754825000,s,1340
3754889000,s,1340
3754941000,s,1340
3754990000,s,1340
3755037000,s,1340
3755097000,s,1340
3755201000,s,1340
3755497000,s,1340
3755543000,s,1340
3755563000,s,1340
3755700000,s,1340
3755822000,s,1340
3755927000,s,1340
3756011000,s,1340
3756104000,s,1340
3756203000,s,1340
3756298000,s,1340
3756305000,r,1440
3756305000,r,1440
3756305000,r,1440
3756305000,r,1440
3756306000,r,1440
3756306000,r,1440
3756306000,r,1440
3756306000,r,1440
3756383000,s,1340
3756483000,s,1340
3756595000,s,1340
3756661000,s,1340
3756735000,s,1340
3756831000,s,1340
3756918000,s,1340
3756994000,s,1340
3757068000,s,1340
3757148000,s,1340
3757231000,s,1340
3757312000,s,1340
3757393000,s,1340
3757467000,s,1340
3757552000,s,1340
3757628000,s,1340
3757707000,s,1340
3757786000,s,1340
3757863000,s,1340
3757945000,s,1340
3758037000,s,1340
3758128000,s,1340
3758304000,s,1340
3758400000,s,1340
3758621000,s,1340
3758787000,s,1340
3758873000,s,1340
3759057000,s,1340
3759147000,s,1340
3759283000,s,1340
3759955000,s,1340
3760140000,s,1340
3760311000,s,1340
3760456000,s,1340
3760506000,s,1340
3760729000,s,1340
3761037000,s,1340
3761088000,s,1340
3761939000,r,1440
3761939000,r,1440
3761940000,r,1440
3762234000,s,1340
3762267000,s,1340
3762331000,s,1340
3763805000,r,1440
3763805000,r,1440
3763806000,r,1440
3763806000,r,1440
3763806000,r,1440
3763806000,r,1440
3763806000,r,1440
3763807000,r,1440
3763960000,r,1440
3763961000,r,1440
3763961000,r,1440
3763961000,r,1440
3763961000,r,1440
3763961000,r,1440
3763962000,r,1440
3763962000,r,1440
3764023000,r,1440
3764023000,r,1440
3764023000,r,1440
3764023000,r,1440
3764023000,r,1440
3764024000,r,1440
3764024000,r,1440
3764024000,r,1440
3764076000,r,1440
3764076000,r,1440
3764076000,r,1440
3764138000,r,1440
3764138000,r,1440
3764138000,r,1440
3764138000,r,1440
3764139000,r,1440
3764139000,r,1440
3764139000,r,1440
3764139000,r,1440
3764218000,r,1440
3765025000,s,1340
3765274000,s,1340
3765307000,s,1340
3765330000,s,1340
3765347000,s,1340
3765379000,r,1440
3765380000,r,1440
3765380000,r,1440
3765380000,r,1440
3765380000,r,1440
3765457000,s,1340
3765380000,r,1440
3765380000,r,1440
3765703000,s,1340
3765765000,s,1340
3765795000,s,1340
3765812000,s,1340
3765826000,s,1340
3765841000,s,1340
3765855000,s,1340
3765932000,s,1340
3765988000,s,1340
3766208000,s,1340
3766277000,s,1340
3766299000,s,1340
3766326000,s,1340
3766429000,s,1340
3766556000,s,1340
3766592000,s,1340
3766611000,s,1340
3766626000,s,1340
3766804000,s,1340
3767013000,s,1340
3767083000,s,1340
3767110000,s,1340
3767244000,s,1340
3767277000,s,1340
3767293000,s,1340
3767312000,s,1340
3767327000,s,1340
3767443000,s,1340
3767510000,s,1340
3767543000,s,1340
3767665000,r,1440
3767665000,r,1440
3767665000,r,1440
3767665000,r,1440
3767665000,r,1440
3767665000,r,1440
3767838000,s,1340
3768080000,s,1340
3768193000,s,1340
3768474000,s,1340
3777686000,r,1440
3777687000,r,1440
3777687000,r,1440
3778382000,s,1340
3778550000,s,1340
3779809000,r,1440
4399552000,r,1440
4399552000,r,1440
4399553000,r,1440
4402564000,s,1340
4402929000,s,1340
5015897000,r,1440
5015898000,r,1440
5015898000,r,1440
5020180000,s,1340
5477798000,r,1440
5477798000,r,1440
5477799000,r,1440
5480652000,s,1340
5481052000,s,1340
5491492000,r,1440
5491751000,r,1440
5493211000,r,1440
5494143000,r,1440
5494890000,s,1340
6147876000,r,1440
6147877000,r,1440
6151564000,s,1340
6151942000,s,1340
6607833000,r,1440
6607834000,r,1440
6607834000,r,1440
6609957000,s,1340
7266859000,r,1440
7266859000,r,1440
7266860000,r,1440
7269185000,s,1340
7269532000,s,1340
7631836000,r,1440
7631836000,r,1440
8291625000,r,1440
8291626000,r,1440
8295010000,s,1340
8555973000,r,1440
8555974000,r,1440
8555974000,r,1440
8555975000,r,1440
8555975000,r,1440
8555976000,r,1440
8555976000,r,1440
8557991000,s,1340
8558348000,s,1340
8558577000,s,1340
8558853000,s,1340
8559048000,s,1340
8559239000,s,1340
8559596000,s,1340
8559875000,s,1340
8560074000,s,1340
8560292000,s,1340
8560564000,s,1340
8560837000,s,1340
8561106000,s,1340
8561450000,s,1340
8561800000,s,1340
8562001000,s,1340
8562219000,s,1340
8562463000,s,1340
8562656000,s,1340
8562923000,s,1340
8563196000,s,1340
8563461000,s,1340
8563760000,s,1340
8564019000,s,1340
8564275000,s,1340
8564525000,s,1340
8564730000,s,1340
8565010000,s,1340
8565212000,s,1340
8565401000,s,1340
8565662000,s,1340
8565902000,s,1340
8566160000,s,1340
8566402000,s,1340
8566636000,s,1340
8566894000,s,1340
8567149000,s,1340
8567492000,s,1340
8567752000,s,1340
8567994000,s,1340
8568237000,s,1340
8568496000,s,1340
8568730000,s,1340
8568968000,s,1340
8569209000,s,1340
8569460000,s,1340
8569692000,s,1340
8569936000,s,1340
8570234000,s,1340
8570740000,s,1340
8570999000,s,1340
8571244000,s,1340
8571946000,s,1340
8572208000,s,1340
8572456000,s,1340
8572689000,s,1340
8572879000,s,1340
8573074000,s,1340
8573261000,s,1340
8573437000,s,1340
8573638000,s,1340
8574159000,s,1340
8574415000,s,1340
8574619000,s,1340
8574800000,s,1340
8574974000,s,1340
8575151000,s,1340
8575322000,s,1340
8575578000,s,1340
8575795000,s,1340
8575971000,s,1340
8576142000,s,1340
8576355000,s,1340
8576589000,s,1340
8576866000,s,1340
8577102000,s,1340
8577342000,s,1340
8577577000,s,1340
8577827000,s,1340
8578057000,s,1340
8578280000,s,1340
8578500000,s,1340
8578725000,s,1340
8578973000,s,1340
8579197000,s,1340
8579497000,s,1340
8579763000,s,1340
8580024000,s,1340
8580245000,s,1340
8580458000,s,1340
8580682000,s,1340
8580897000,s,1340
8581142000,s,1340
8581368000,s,1340
8581582000,s,1340
8581807000,s,1340
8582075000,s,1340
8582424000,s,1340
8582677000,s,1340
8582895000,s,1340
8583097000,s,1340
8583330000,s,1340
8583636000,s,1340
8583878000,s,1340
8584086000,s,1340
8584326000,s,1340
8584545000,s,1340
8584762000,s,1340
8584974000,s,1340
8585179000,s,1340
8585409000,s,1340
8585642000,s,1340
8585875000,s,1340
8586220000,s,1340
8586849000,s,1340
8587183000,s,1340
8587699000,s,1340
8587896000,s,1340
8588331000,s,1340
8588554000,s,1340
8588745000,s,1340
8589122000,s,1340
8589386000,s,1340
8589874000,s,1340
8590127000,s,1340
8590378000,s,1340
8590652000,s,1340
8590907000,s,1340
8591152000,s,1340
8591478000,s,1340
8591777000,s,1340
8592040000,s,1340
8592289000,s,1340
8592526000,s,1340
8592779000,s,1340
8593064000,s,1340
8593324000,s,1340
8593579000,s,1340
8593865000,s,1340
8594101000,s,1340
8594352000,s,1340
8594587000,s,1340
8594864000,s,1340
8595111000,s,1340
8595465000,s,1340
8595735000,s,1340
8596031000,s,1340
8596276000,s,1340
8596532000,s,1340
8596775000,s,1340
8597051000,s,1340
8597312000,s,1340
8597723000,s,1340
8598032000,s,1340
8609029000,s,1340
8609330000,s,1340
8609588000,s,1340
8609864000,s,1340
8610120000,s,1340
8610366000,s,1340
8610606000,s,1340
8610871000,s,1340
8611119000,s,1340
8611367000,s,1340
8611763000,s,1340
8612048000,s,1340
8612300000,s,1340
8612547000,s,1340
8612772000,s,1340
8613017000,s,1340
8613236000,s,1340
8613456000,s,1340
8613692000,s,1340
8614458000,s,1340
8614750000,s,1340
8615038000,s,1340
8615302000,s,1340
8615685000,s,1340
8616629000,s,1340
8616950000,s,1340
8617223000,s,1340
8617479000,s,1340
8617730000,s,1340
8617980000,s,1340
8618249000,s,1340
8618501000,s,1340
8618740000,s,1340
8618989000,s,1340
8619266000,s,1340
8619622000,s,1340
8619889000,s,1340
8620150000,s,1340
8620452000,s,1340
8620726000,s,1340
8620983000,s,1340
8621234000,s,1340
8621509000,s,1340
8621755000,s,1340
8622001000,s,1340
8622256000,s,1340
8622529000,s,1340
8622792000,s,1340
8623037000,s,1340
8623272000,s,1340
8623630000,s,1340
8624106000,s,1340
8624370000,s,1340
8624613000,s,1340
8624830000,s,1340
8625071000,s,1340
8625295000,s,1340
8625506000,s,1340
8625737000,s,1340
8625964000,s,1340
8626199000,s,1340
8626432000,s,1340
8626654000,s,1340
8626863000,s,1340
8627086000,s,1340
8627319000,s,1340
8627656000,s,1340
8627924000,s,1340
8632962000,s,1340
8633228000,s,1340
8633472000,s,1340
8633703000,s,1340
8633928000,s,1340
8634183000,s,1340
8634434000,s,1340
8634993000,s,1340
8635320000,s,1340
8635738000,s,1340
8635988000,s,1340
8636242000,s,1340
8636511000,s,1340
8636780000,s,1340
8637043000,s,1340
8637297000,s,1340
8637549000,s,1340
8637779000,s,1340
8637992000,s,1340
8638210000,s,1340
8638445000,s,1340
8638672000,s,1340
8638892000,s,1340
8639107000,s,1340
8639343000,s,1340
8639681000,s,1340
8639922000,s,1340
8640153000,s,1340
8640390000,s,1340
8640634000,s,1340
8640857000,s,1340
8641077000,s,1340
8641292000,s,1340
8641518000,s,1340
8641761000,s,1340
8641979000,s,1340
8642204000,s,1340
8642425000,s,1340
8642675000,s,1340
8642897000,s,1340
8643124000,s,1340
8643471000,s,1340
8643753000,s,1340
8643982000,s,1340
8644198000,s,1340
8644426000,s,1340
8644653000,s,1340
8644890000,s,1340
8645108000,s,1340
8645319000,s,1340
8645526000,s,1340
8645737000,s,1340
8645968000,s,1340
8646184000,s,1340
8646420000,s,1340
8646629000,s,1340
8646862000,s,1340
8647074000,s,1340
8647293000,s,1340
8647762000,s,1340
8648163000,s,1340
8648445000,s,1340
8648704000,s,1340
8648944000,s,1340
8649204000,s,1340
8649429000,s,1340
8649646000,s,1340
8649852000,s,1340
8650083000,s,1340
8650299000,s,1340
8650530000,s,1340
8650743000,s,1340
8650956000,s,1340
8651201000,s,1340
8651540000,s,1340
8651784000,s,1340
8652014000,s,1340
8652251000,s,1340
8652475000,s,1340
8652698000,s,1340
8652919000,s,1340
8653134000,s,1340
8653641000,s,1340
8655764000,s,1340
8656082000,s,1340
8656349000,s,1340
8656629000,s,1340
8656880000,s,1340
8657134000,s,1340
8657569000,s,1340
8657869000,s,1340
8658128000,s,1340
8658375000,s,1340
8658673000,s,1340
8658922000,s,1340
8659166000,s,1340
8659514000,s,1340
8659793000,s,1340
8660049000,s,1340
8660298000,s,1340
8660554000,s,1340
8660812000,s,1340
8661059000,s,1340
8661300000,s,1340
8662035000,s,1340
8662353000,s,1340
8662628000,s,1340
8663760000,s,1340
8664058000,s,1340
8664320000,s,1340
8664570000,s,1340
8664841000,s,1340
8665094000,s,1340
8665331000,s,1340
8667000000,s,1340
8667338000,s,1340
8667716000,s,1340
8668187000,s,1340
8669270000,s,1340
8669574000,s,1340
8669816000,s,1340
8670066000,s,1340
8671299000,s,1340
8671686000,s,1340
8672394000,s,1340
8673322000,s,1340
8673624000,s,1340
8673891000,s,1340
8674811000,s,1340
8676196000,s,1340
8676495000,s,1340
8676757000,s,1340
8676983000,s,1340
8677227000,s,1340
8678247000,s,1340
8678528000,s,1340
8678795000,s,1340
8679024000,s,1340
8679265000,s,1340
8679623000,s,1340
8679889000,s,1340
8680124000,s,1340
8680348000,s,1340
8680571000,s,1340
8680793000,s,1340
8681042000,s,1340
8681267000,s,1340
8681495000,s,1340
8681725000,s,1340
8681975000,s,1340
8682201000,s,1340
8682423000,s,1340
8682641000,s,1340
8682886000,s,1340
8683154000,s,1340
8683486000,s,1340
8683743000,s,1340
8683976000,s,1340
8684230000,s,1340
8684464000,s,1340
8684686000,s,1340
8684906000,s,1340
8685145000,s,1340
8685373000,s,1340
8686159000,s,1340
8686377000,s,1340
8686781000,s,1340
8686972000,s,1340
8687160000,s,1340
8687345000,s,1340
8688538000,s,1340
8689195000,s,1340
8689719000,s,1340
8689912000,s,1340
8690102000,s,1340
8690456000,s,1340
8690849000,s,1340
8691322000,s,1340
8691826000,s,1340
8692022000,s,1340
8692191000,s,1340
8692350000,s,1340
8692523000,s,1340
8692713000,s,1340
8692876000,s,1340
8693045000,s,1340
8693214000,s,1340
8693404000,s,1340
8693599000,s,1340
8693781000,s,1340
8693949000,s,1340
8694106000,s,1340
8694259000,s,1340
8694408000,s,1340
8694564000,s,1340
8694735000,s,1340
8694894000,s,1340
8695052000,s,1340
8695205000,s,1340
8695360000,s,1340
8695629000,s,1340
8695822000,s,1340
8696470000,s,1340
8697160000,s,1340
8697732000,s,1340
8698134000,s,1340
8698335000,s,1340
8698759000,s,1340
8698966000,s,1340
8699125000,s,1340
8699285000,s,1340
8699792000,s,1340
8699989000,s,1340
8700154000,s,1340
8700308000,s,1340
8700461000,s,1340
8700620000,s,1340
8700779000,s,1340
8700935000,s,1340
8701293000,s,1340
8701537000,s,1340
8701729000,s,1340
8701908000,s,1340
8702090000,s,1340
8702253000,s,1340
8702408000,s,1340
8702563000,s,1340
8702726000,s,1340
8702884000,s,1340
8703034000,s,1340
8703206000,s,1340
8703366000,s,1340
8703645000,s,1340
8703833000,s,1340
8704024000,s,1340
8704205000,s,1340
8704403000,s,1340
9167827000,r,1440
9167827000,r,1440
9167828000,r,1440
9170385000,s,1340
9779517000,r,1440
9779518000,r,1440
9779519000,r,1440
9782621000,s,1340
9783063000,s,1340
10077722000,s,1340
10291591000,r,1440
10291591000,r,1440
10291592000,r,1440
10292736000,s,1340
11467838000,r,1440
11467838000,r,1440
11467839000,r,1440
11467839000,r,1440
11467840000,r,1440
11467840000,r,1440
11469549000,s,1340
11469717000,s,1340
11469768000,s,1340
11932150000,r,1440
11932150000,r,1440
11932151000,r,1440
11936613000,s,1340
11937086000,s,1340
11947267000,r,1440
11947268000,r,1440
11948582000,r,1440
11950674000,s,1340
11951101000,r,1440
12595855000,r,1440
12595856000,r,1440
12595856000,r,1440
12597003000,s,1340
12597575000,s,1340
13159898000,r,1440
13743626000,r,1440
13743627000,r,1440
13743627000,r,1440
13743628000,r,1440
13743628000,r,1440
13743629000,r,1440
13743629000,r,1440
13743630000,r,1440
13744179000,r,1440
13747090000,s,1340
13747655000,s,1340
13748069000,s,1340
13748261000,s,1340
13748434000,s,1340
13748603000,s,1340
13748770000,s,1340
13748982000,s,1340
13749169000,s,1340
13749330000,s,1340
13749481000,s,1340
13749631000,s,1340
13749794000,s,1340
13749992000,s,1340
13750168000,s,1340
13750354000,s,1340
13750789000,s,1340
13750995000,s,1340
13751190000,s,1340
13751367000,s,1340
13751689000,s,1340
13751872000,s,1340
13752062000,s,1340
13752235000,s,1340
13752504000,s,1340
13752769000,s,1340
13752960000,s,1340
13753140000,s,1340
13753405000,s,1340
13753683000,s,1340
13753930000,s,1340
13754116000,s,1340
13754289000,s,1340
13754528000,s,1340
13754792000,s,1340
13755030000,s,1340
13755268000,s,1340
13755676000,s,1340
13755942000,s,1340
13756198000,s,1340
13756387000,s,1340
13756564000,s,1340
13756915000,s,1340
13757218000,s,1340
13757434000,s,1340
13757630000,s,1340
13757881000,s,1340
13758139000,s,1340
13758378000,s,1340
13758628000,s,1340
13758871000,s,1340
13759101000,s,1340
13759329000,s,1340
13759817000,r,1440
13759829000,s,1340
13759817000,r,1440
13760085000,s,1340
13760326000,s,1340
13760552000,s,1340
13760835000,s,1340
13761079000,s,1340
13761329000,s,1340
13761579000,s,1340
13761871000,s,1340
13762457000,s,1340
13762705000,s,1340
13762712000,r,1440
13762954000,s,1340
13762712000,r,1440
13762713000,r,1440
13762713000,r,1440
13763192000,s,1340
13763555000,s,1340
13764027000,s,1340
13764315000,s,1340
13764568000,s,1340
13764802000,s,1340
13765059000,s,1340
13765293000,s,1340
13765530000,s,1340
13765754000,s,1340
13766011000,s,1340
13768608000,s,1340
13769244000,s,1340
13769571000,s,1340
13770461000,s,1340
13770737000,s,1340
13771959000,s,1340
13772258000,s,1340
13772533000,s,1340
13772788000,s,1340
13773516000,s,1340
13773804000,s,1340
13774062000,s,1340
13774323000,s,1340
13774592000,s,1340
13774848000,s,1340
13775087000,s,1340
13775335000,s,1340
13775471000,r,1440
13775709000,s,1340
13775979000,s,1340
13776271000,s,1340
13776525000,s,1340
13776794000,s,1340
13777037000,s,1340
13777291000,s,1340
13777534000,s,1340
13777799000,s,1340
13778058000,s,1340
13778337000,s,1340
13778629000,s,1340
13778906000,s,1340
13779172000,s,1340
13779519000,s,1340
13779787000,s,1340
13780061000,s,1340
13780327000,s,1340
13780574000,s,1340
13780865000,s,1340
13781178000,s,1340
13781536000,s,1340
13781815000,s,1340
13782071000,s,1340
13782314000,s,1340
13782688000,s,1340
13782943000,s,1340
13783223000,s,1340
13783564000,s,1340
13783839000,s,1340
13784106000,s,1340
13784362000,s,1340
13784625000,s,1340
13784899000,s,1340
13785170000,s,1340
13785418000,s,1340
13785652000,s,1340
13785918000,s,1340
13786165000,s,1340
13786434000,s,1340
13786685000,s,1340
13786940000,s,1340
13787204000,s,1340
13787594000,s,1340
13787881000,s,1340
13788147000,s,1340
13788436000,s,1340
13788711000,s,1340
13788991000,s,1340
13789284000,s,1340
13789587000,s,1340
13789852000,s,1340
13790126000,s,1340
13790382000,s,1340
13790658000,s,1340
13790924000,s,1340
13791190000,s,1340
13791527000,s,1340
13791795000,s,1340
13792053000,s,1340
13792311000,s,1340
13792549000,s,1340
13792815000,s,1340
13793083000,s,1340
13793341000,s,1340
13793581000,s,1340
13793844000,s,1340
13794089000,s,1340
13794343000,s,1340
13794580000,s,1340
13794847000,s,1340
13795092000,s,1340
13795349000,s,1340
13795689000,s,1340
13795967000,s,1340
13796228000,s,1340
13796470000,s,1340
13796713000,s,1340
13797010000,s,1340
13797343000,s,1340
13797603000,s,1340
13797849000,s,1340
13798110000,s,1340
13800988000,s,1340
14647668000,r,1440
14647669000,r,1440
14647669000,r,1440
14651309000,s,1340
14899563000,r,1440
14899564000,r,1440
14901913000,s,1340
15563838000,r,1440
15563838000,r,1440
15565113000,s,1340
16027547000,r,1440
16027548000,r,1440
16691942000,r,1440
16691942000,r,1440
16691943000,r,1440
16694571000,s,1340
16695030000,s,1340
17148052000,r,1440
17148052000,r,1440
17148053000,r,1440
17148053000,r,1440
17151102000,s,1340
17152043000,s,1340
17152391000,s,1340
17663718000,r,1440
17663718000,r,1440
17663719000,r,1440
17666721000,s,1340
18327563000,r,1440
18327564000,r,1440
18327564000,r,1440
18330409000,s,1340
18330766000,s,1340
18791507000,r,1440
18791507000,r,1440
18791508000,r,1440
18792674000,s,1340
19404930000,r,1440
19404930000,r,1440
19404931000,r,1440
19406887000,s,1340
19407054000,s,1340
20067616000,r,1440
20067616000,r,1440
20067617000,r,1440
20068992000,s,1340
20431868000,r,1440
20431869000,r,1440
20431869000,r,1440
20433264000,s,1340
20434182000,s,1340
21091944000,r,1440
21091945000,r,1440
21399172000,s,1340
21555703000,r,1440
21555703000,r,1440
21555704000,r,1440
21558173000,s,1340
21558538000,s,1340
22219972000,r,1440
22219972000,r,1440
22222599000,s,1340
22683880000,r,1440
22683881000,r,1440
22683881000,r,1440
22685288000,s,1340
22685808000,s,1340
22691560000,r,1440
22695481000,r,1440
23343636000,r,1440
23343636000,r,1440
23343637000,r,1440
23345139000,s,1340
23345807000,s,1340
23811873000,r,1440
23811874000,r,1440
23811874000,r,1440
23813050000,s,1340
23826905000,r,1440
23826906000,r,1440
23826906000,r,1440
23826907000,r,1440
23829025000,r,1440
23829139000,s,1340
23829971000,s,1340
23830303000,s,1340
24676015000,r,1440
24676015000,r,1440
24676016000,r,1440
24679300000,s,1340
25039514000,r,1440
25039514000,r,1440
25039515000,r,1440
25039515000,r,1440
25042164000,s,1340
25042538000,s,1340