0,s,1340
33471000,s,1340
33908000,s,1340
34023000,s,1340
3023694000,r,1440
4861341000,s,1340
4913794000,s,1340
4914284000,s,1340
4935605000,r,1440
4937151000,s,1340
4944927000,s,1340
4945031000,s,1340
4956925000,r,1440
4956925000,r,1440
4957331000,r,1440
4958627000,r,1440
4958788000,s,1340
4959330000,s,1340
4959950000,r,1440
4967010000,s,1340
4969407000,s,1340
4971584000,s,1340
4977802000,r,1440
4982170000,r,1440
4983417000,s,1340
4983606000,s,1340
4983612000,r,1440
4984069000,s,1340
4984440000,s,1340
4984592000,s,1340
4984737000,s,1340
4991596000,r,1440
4991844000,r,1440
4994437000,r,1440
4995277000,s,1340
4995412000,s,1340
4998766000,r,1440
5003331000,s,1340
5003398000,s,1340
5050340000,r,1440
5059625000,r,1440
5071841000,s,1340
5074530000,s,1340
5074691000,s,1340
5075790000,s,1340
5091697000,r,1440
5094450000,r,1440
5094451000,r,1440
5094451000,r,1440
5095367000,r,1440
5095904000,s,1340
5096093000,s,1340
5096796000,r,1440
5101359000,s,1340
5101904000,s,1340
5103792000,s,1340
5105071000,s,1340
5105159000,s,1340
5115933000,r,1440
5118743000,r,1440
5118744000,r,1440
5120155000,s,1340
5120286000,r,1440
5120470000,s,1340
5120652000,s,1340
5120865000,s,1340
5129854000,r,1440
5129854000,r,1440
5130899000,s,1340
5131147000,s,1340
5139727000,r,1440
5142535000,s,1340
5147919000,r,1440
5147920000,r,1440
5147920000,r,1440
5147921000,r,1440
5147921000,r,1440
5149752000,s,1340
5149939000,s,1340
5160859000,r,1440
5160859000,r,1440
5161410000,r,1440
5163292000,s,1340
5177491000,s,1340
6867275000,r,1440
6867276000,r,1440
6867276000,r,1440
6867277000,r,1440
6867277000,r,1440
6867278000,r,1440
6867278000,r,1440
6867279000,r,1440
6868180000,r,1440
6868181000,r,1440
6868181000,r,1440
6871435000,s,1340
6872010000,s,1340
6872247000,s,1340
6872476000,s,1340
6872692000,s,1340
6873001000,s,1340
6873227000,s,1340
6873436000,s,1340
6873656000,s,1340
6880796000,s,1340
6883626000,r,1440
6883626000,r,1440
7016470000,s,1340
7017713000,s,1340
7018200000,s,1340
7018325000,s,1340
7035588000,r,1440
7037600000,r,1440
7037600000,r,1440
7037601000,r,1440
7037601000,r,1440
7038002000,r,1440
7038002000,r,1440
7038003000,r,1440
7038301000,r,1440
7039349000,s,1340
7039505000,s,1340
7039649000,s,1340
7039688000,s,1340
7039724000,s,1340
7039780000,s,1340
7039819000,s,1340
7039850000,s,1340
7040030000,s,1340
7041313000,r,1440
7041313000,r,1440
7041314000,r,1440
7041314000,r,1440
7041452000,s,1340
7041314000,r,1440
7041315000,r,1440
7041315000,r,1440
7041316000,r,1440
7041547000,r,1440
7041547000,r,1440
7041548000,r,1440
7042283000,s,1340
7042348000,s,1340
7042389000,s,1340
7042432000,s,1340
7042820000,s,1340
7042980000,s,1340
7043138000,s,1340
7043299000,s,1340
7044142000,s,1340
7044363000,s,1340
7044500000,s,1340
7044597000,s,1340
7044789000,s,1340
7044999000,s,1340
7045148000,s,1340
7045280000,s,1340
7045501000,s,1340
7045629000,s,1340
7045747000,s,1340
7045866000,s,1340
7045980000,s,1340
7046099000,s,1340
7046231000,s,1340
7046354000,s,1340
7046459000,s,1340
7046570000,s,1340
7046695000,s,1340
7046819000,s,1340
7047055000,s,1340
7047287000,s,1340
7047608000,s,1340
7047743000,s,1340
7047797000,s,1340
7048022000,s,1340
7048183000,s,1340
7048322000,s,1340
7048442000,s,1340
7048593000,s,1340
7048874000,s,1340
7049011000,s,1340
7049542000,s,1340
7049801000,s,1340
7049930000,s,1340
7050177000,s,1340
7050332000,s,1340
7050400000,s,1340
7050579000,s,1340
7050961000,s,1340
7051164000,r,1440
7051165000,r,1440
7051308000,s,1340
7051911000,s,1340
7051985000,s,1340
7052024000,s,1340
7052284000,s,1340
7052338000,s,1340
7052390000,s,1340
7052423000,s,1340
7052463000,s,1340
7052495000,s,1340
7052527000,s,1340
7053411000,r,1440
7053411000,r,1440
7053412000,r,1440
7053412000,r,1440
7053413000,r,1440
7053413000,r,1440
7053738000,s,1340
7053868000,s,1340
7053919000,s,1340
7054091000,s,1340
7054191000,s,1340
7054238000,s,1340
7054276000,s,1340
7054313000,s,1340
7054345000,s,1340
7054377000,s,1340
7054549000,s,1340
7054594000,s,1340
7055234000,r,1440
7055235000,r,1440
7055235000,r,1440
7055236000,r,1440
7055489000,r,1440
7055490000,r,1440
7055490000,r,1440
7055491000,r,1440
7055951000,s,1340
7055988000,r,1440
7056048000,s,1340
7056091000,s,1340
7055989000,r,1440
7056142000,s,1340
7056207000,s,1340
7056315000,s,1340
7056392000,s,1340
7056659000,s,1340
7056787000,s,1340
7056838000,s,1340
7056874000,s,1340
7056915000,s,1340
7056965000,s,1340
7057042000,s,1340
7057389000,s,1340
7057506000,s,1340
7057588000,s,1340
7057666000,s,1340
7057751000,s,1340
7057800000,s,1340
7057846000,s,1340
7057930000,s,1340
7057976000,s,1340
7058020000,s,1340
7058023000,r,1440
7058067000,s,1340
7058024000,r,1440
7058024000,r,1440
7058110000,s,1340
7058025000,r,1440
7058025000,r,1440
7058025000,r,1440
7058026000,r,1440
7058026000,r,1440
7058207000,r,1440
7058208000,r,1440
7058208000,r,1440
7058209000,r,1440
7058209000,r,1440
7058210000,r,1440
7058317000,s,1340
7058414000,s,1340
7058590000,s,1340
7058694000,s,1340
7058728000,s,1340
7058779000,s,1340
7058862000,s,1340
7058942000,r,1440
7058959000,s,1340
7058942000,r,1440
7058942000,r,1440
7058943000,r,1440
7059029000,s,1340
7058943000,r,1440
7059089000,s,1340
7059344000,s,1340
7059451000,s,1340
7059493000,s,1340
7059558000,s,1340
7059585000,s,1340
7059613000,s,1340
7059713000,s,1340
7060088000,s,1340
7060138000,s,1340
7060258000,s,1340
7060355000,s,1340
7060388000,s,1340
7060444000,s,1340
7060475000,s,1340
7060505000,s,1340
7060533000,s,1340
7060561000,s,1340
7060587000,s,1340
7060625000,s,1340
7060650000,s,1340
7060672000,s,1340
7060696000,s,1340
7060724000,s,1340
7060748000,s,1340
7060774000,s,1340
7060795000,s,1340
7060818000,s,1340
7060944000,s,1340
7060971000,s,1340
7061610000,s,1340
7061916000,s,1340
7061990000,s,1340
7062065000,s,1340
7062716000,s,1340
7063383000,s,1340
7063654000,s,1340
7063843000,s,1340
7064015000,s,1340
7064196000,s,1340
7064378000,s,1340
7064596000,s,1340
7064965000,s,1340
7065087000,s,1340
7065280000,s,1340
7065463000,s,1340
7065601000,s,1340
7065670000,r,1440
7065698000,s,1340
7065670000,r,1440
7065959000,s,1340
7066117000,s,1340
7066212000,s,1340
7066275000,s,1340
7066321000,s,1340
7066558000,s,1340
7066643000,s,1340
7066795000,s,1340
7066931000,s,1340
7067166000,s,1340
7067205000,s,1340
7067261000,s,1340
7067567000,r,1440
7067568000,r,1440
7067568000,r,1440
7067974000,s,1340
7068054000,s,1340
7068098000,s,1340
7068164000,s,1340
7068253000,s,1340
7068294000,s,1340
7068331000,s,1340
7068856000,s,1340
7069104000,s,1340
7069308000,s,1340
7069427000,r,1440
7069515000,s,1340
7069428000,r,1440
7069594000,r,1440
7069595000,r,1440
7070100000,s,1340
7070192000,s,1340
7070226000,r,1440
7070249000,s,1340
7070302000,s,1340
7070226000,r,1440
7070227000,r,1440
7070227000,r,1440
7070228000,r,1440
7070228000,r,1440
7070656000,s,1340
7070744000,s,1340
7070784000,s,1340
7070817000,s,1340
7070854000,s,1340
7070888000,s,1340
7070922000,s,1340
7071000000,s,1340
7071095000,s,1340
7071390000,s,1340
7071464000,s,1340
7071502000,s,1340
7071993000,s,1340
7072183000,s,1340
7072212000,r,1440
7072316000,s,1340
7072212000,r,1440
7072213000,r,1440
7072213000,r,1440
7072213000,r,1440
7072436000,s,1340
7072793000,s,1340
7073653000,s,1340
7074022000,r,1440
7074023000,r,1440
7074023000,r,1440
7074024000,r,1440
7074024000,r,1440
7074025000,r,1440
7074025000,r,1440
7074025000,r,1440
7074294000,r,1440
7074294000,r,1440
7074295000,r,1440
7074295000,r,1440
7074296000,r,1440
7074296000,r,1440
7074297000,r,1440
7075498000,s,1340
7075632000,s,1340
7075675000,s,1340
7075730000,s,1340
7076238000,s,1340
7076297000,s,1340
7076333000,s,1340
7076365000,s,1340
7076397000,s,1340
7076429000,s,1340
7076459000,s,1340
7076489000,s,1340
7076519000,s,1340
7076551000,s,1340
7076583000,s,1340
7076612000,s,1340
7076642000,s,1340
7076675000,s,1340
7076704000,s,1340
7076736000,s,1340
7077093000,s,1340
7077170000,s,1340
7077212000,s,1340
7077245000,s,1340
7077278000,s,1340
7077308000,s,1340
7077339000,s,1340
7077433000,s,1340
7077468000,s,1340
7077504000,s,1340
7077534000,s,1340
7077565000,s,1340
7077597000,s,1340
7077652000,s,1340
7077696000,s,1340
7077744000,s,1340
7077790000,s,1340
7077833000,s,1340
7077879000,s,1340
7078247000,s,1340
7078494000,s,1340
7078579000,s,1340
7078695000,s,1340
7079089000,s,1340
7079295000,s,1340
7079603000,r,1440
7079603000,r,1440
7079747000,s,1340
7079603000,r,1440
7079604000,r,1440
7079604000,r,1440
7079605000,r,1440
7079605000,r,1440
7079606000,r,1440
7079957000,r,1440
7079958000,r,1440
7079958000,r,1440
7079959000,r,1440
7079959000,r,1440
7079960000,r,1440
7079960000,r,1440
7079961000,r,1440
7080104000,r,1440
7080104000,r,1440
7080105000,r,1440
7080105000,r,1440
7080106000,r,1440
7080106000,r,1440
7080107000,r,1440
7080107000,r,1440
7080230000,r,1440
7080230000,r,1440
7080260000,s,1340
7080230000,r,1440
7080231000,r,1440
7080340000,s,1340
7080449000,s,1340
7080611000,s,1340
7080732000,s,1340
7080873000,s,1340
7081039000,s,1340
7081094000,s,1340
7081121000,s,1340
7081423000,s,1340
7081466000,s,1340
7081508000,s,1340
7081536000,s,1340
7081569000,s,1340
7081609000,s,1340
7081632000,s,1340
7081679000,s,1340
7081706000,s,1340
7081884000,s,1340
7082044000,s,1340
7082241000,s,1340
7082330000,s,1340
7082407000,s,1340
7082456000,s,1340
7082501000,s,1340
7082537000,s,1340
7082594000,s,1340
7082638000,s,1340
7082676000,s,1340
7083077000,s,1340
7083168000,s,1340
7083226000,s,1340
7083283000,s,1340
7083317000,s,1340
7083351000,s,1340
7083383000,s,1340
7083429000,s,1340
7083484000,s,1340
7083596000,s,1340
7083659000,s,1340
7083711000,s,1340
7083757000,s,1340
7083803000,s,1340
7083857000,s,1340
7083900000,s,1340
7083951000,s,1340
7083995000,s,1340
7084040000,s,1340
7084084000,s,1340
7084128000,s,1340
7084172000,s,1340
7084355000,s,1340
7084413000,s,1340
7084552000,s,1340
7084664000,s,1340
7084786000,s,1340
7084948000,s,1340
7085064000,s,1340
7085130000,s,1340
7085422000,s,1340
7085872000,s,1340
7085944000,s,1340
7085995000,s,1340
7086189000,s,1340
7086236000,s,1340
7086330000,s,1340
7086427000,s,1340
7086929000,s,1340
7087390000,s,1340
7087601000,s,1340
7087684000,s,1340
7087936000,s,1340
7088044000,s,1340
7088273000,s,1340
7088400000,s,1340
7088431000,r,1440
7088431000,r,1440
7088596000,s,1340
7088686000,s,1340
7088930000,s,1340
7089082000,s,1340
7089612000,s,1340
7089681000,s,1340
7089719000,s,1340
7089862000,s,1340
7089951000,s,1340
7090103000,s,1340
7090289000,s,1340
7090411000,s,1340
7090645000,s,1340
7090722000,s,1340
7090885000,s,1340
7090990000,r,1440
7091004000,s,1340
7091049000,s,1340
7090990000,r,1440
7090991000,r,1440
7090991000,r,1440
7090992000,r,1440
7090992000,r,1440
7090992000,r,1440
7090993000,r,1440
7091238000,r,1440
7091238000,r,1440
7091239000,r,1440
7091239000,r,1440
7091239000,r,1440
7091429000,s,1340
7091483000,s,1340
7091549000,s,1340
7091646000,s,1340
7091755000,s,1340
7091790000,s,1340
7091848000,s,1340
7091966000,s,1340
7092061000,s,1340
7092099000,s,1340
7092601000,s,1340
7092717000,s,1340
7092769000,s,1340
7092808000,s,1340
7092950000,s,1340
7093056000,s,1340
7093105000,s,1340
7093140000,s,1340
7093212000,s,1340
7093268000,s,1340
7093303000,s,1340
7093335000,s,1340
7093910000,s,1340
7094092000,s,1340
7094207000,s,1340
7094311000,s,1340
7094418000,s,1340
7094528000,s,1340
7094626000,s,1340
7094648000,r,1440
7094648000,r,1440
7094649000,r,1440
7094727000,s,1340
7094649000,r,1440
7094650000,r,1440
7094650000,r,1440
7094825000,s,1340
7094919000,s,1340
7095010000,s,1340
7095105000,s,1340
7095259000,s,1340
7095363000,s,1340
7095464000,s,1340
7095717000,s,1340
7095810000,s,1340
7095931000,s,1340
7096045000,s,1340
7096159000,s,1340
7096263000,s,1340
7096366000,s,1340
7096489000,s,1340
7096914000,s,1340
7098007000,r,1440
7098008000,r,1440
7098008000,r,1440
7098009000,r,1440
7098622000,r,1440
7098623000,r,1440
7098623000,r,1440
7098623000,r,1440
7098624000,r,1440
7098624000,r,1440
7099100000,r,1440
7099100000,r,1440
7099101000,r,1440
7099101000,r,1440
7099102000,r,1440
7099102000,r,1440
7099284000,r,1440
7099304000,s,1340
7099285000,r,1440
7099285000,r,1440
7099286000,r,1440
7099286000,r,1440
7099395000,s,1340
7099444000,s,1340
7099492000,s,1340
7099593000,s,1340
7099636000,s,1340
7099671000,s,1340
7099706000,s,1340
7099744000,s,1340
7099777000,s,1340
7099810000,s,1340
7099887000,s,1340
7099927000,s,1340
7099977000,s,1340
7100019000,s,1340
7100056000,s,1340
7100095000,s,1340
7100134000,s,1340
7100513000,s,1340
7100588000,s,1340
7100638000,s,1340
7100765000,s,1340
7100815000,s,1340
7100850000,s,1340
7100883000,s,1340
7100914000,s,1340
7100949000,s,1340
7100981000,s,1340
7101171000,r,1440
7101171000,r,1440
7101600000,r,1440
7101600000,r,1440
7101601000,r,1440
7101722000,s,1340
7101601000,r,1440
7101601000,r,1440
7101602000,r,1440
7101775000,s,1340
7101823000,s,1340
7101861000,s,1340
7101893000,s,1340
7101927000,s,1340
7101964000,s,1340
7101995000,s,1340
7102030000,s,1340
7102061000,s,1340
7102098000,s,1340
7102130000,s,1340
7102167000,s,1340
7102198000,s,1340
7102233000,s,1340
7102266000,s,1340
7102302000,s,1340
7102337000,s,1340
7102369000,s,1340
7102406000,s,1340
7102438000,s,1340
7102490000,s,1340
7102525000,s,1340
7102557000,s,1340
7102588000,s,1340
7102620000,s,1340
7102689000,s,1340
7102736000,s,1340
7102785000,s,1340
7102832000,s,1340
7102876000,s,1340
7102921000,s,1340
7102965000,s,1340
7103007000,s,1340
7103050000,s,1340
7103094000,s,1340
7103135000,s,1340
7103178000,s,1340
7103223000,s,1340
7103269000,s,1340
7103619000,s,1340
7103844000,s,1340
7103998000,s,1340
7104182000,s,1340
7104260000,s,1340
7104301000,s,1340
7104545000,s,1340
7104808000,s,1340
7104981000,s,1340
7105151000,s,1340
7105332000,s,1340
7105498000,s,1340
7105751000,s,1340
7106052000,s,1340
7106191000,s,1340
7106287000,s,1340
7106659000,s,1340
7106805000,s,1340
7107303000,s,1340
7107468000,s,1340
7107653000,s,1340
7107928000,s,1340
7108095000,s,1340
7108301000,s,1340
7108476000,s,1340
7108610000,s,1340
7108889000,s,1340
7109194000,s,1340
7109355000,s,1340
7109665000,s,1340
7109838000,s,1340
7110211000,s,1340
7110342000,s,1340
7110407000,s,1340
7110663000,s,1340
7110842000,s,1340
7111313000,s,1340
7111603000,s,1340
7111879000,s,1340
7112059000,s,1340
7113068000,s,1340
7113306000,s,1340
7113936000,s,1340
7114389000,r,1440
7114390000,r,1440
7114390000,r,1440
7114390000,r,1440
7114391000,r,1440
7114391000,r,1440
7114392000,r,1440
7114392000,r,1440
7114610000,r,1440
7114611000,r,1440
7114611000,r,1440
7114611000,r,1440
7114612000,r,1440
7114612000,r,1440
7114613000,r,1440
7114613000,r,1440
7114748000,r,1440
7114748000,r,1440
7114749000,r,1440
7114749000,r,1440
7114750000,r,1440
7114750000,r,1440
7114751000,r,1440
7114751000,r,1440
7114878000,r,1440
7114879000,r,1440
7114879000,r,1440
7114880000,r,1440
7114880000,r,1440
7114881000,r,1440
7114881000,r,1440
7114881000,r,1440
7115008000,r,1440
7115009000,r,1440
7115009000,r,1440
7115009000,r,1440
7115010000,r,1440
7115010000,r,1440
7115011000,r,1440
7115011000,r,1440
7115133000,r,1440
7115134000,r,1440
7115134000,r,1440
7115135000,r,1440
7115135000,r,1440
7115136000,r,1440
7115136000,r,1440
7115137000,r,1440
7115261000,r,1440
7115261000,r,1440
7115262000,r,1440
7115262000,r,1440
7115263000,r,1440
7115263000,r,1440
7115263000,r,1440
7115264000,r,1440
7115389000,r,1440
7115389000,r,1440
7115389000,r,1440
7115390000,r,1440
7115390000,r,1440
7115391000,r,1440
7115391000,r,1440
7115392000,r,1440
7115582000,r,1440
7115583000,r,1440
7115583000,r,1440
7115583000,r,1440
7115584000,r,1440
7115584000,r,1440
7115585000,r,1440
7115585000,r,1440
7115725000,r,1440
7115729000,s,1340
7115725000,r,1440
7115726000,r,1440
7115726000,r,1440
7115727000,r,1440
7115727000,r,1440
7115727000,r,1440
7115728000,r,1440
7115854000,r,1440
7115854000,r,1440
7115855000,r,1440
7115855000,r,1440
7115856000,r,1440
7115856000,r,1440
7115857000,r,1440
7115857000,r,1440
7115982000,r,1440
7115982000,r,1440
7115983000,r,1440
7115983000,r,1440
7115984000,r,1440
7115984000,r,1440
7116057000,s,1340
7115985000,r,1440
7115985000,r,1440
7116138000,r,1440
7116138000,r,1440
7116208000,s,1340
7116344000,s,1340
7116765000,s,1340
7116831000,s,1340
7117059000,s,1340
7117260000,s,1340
7117389000,s,1340
7117564000,s,1340
7117730000,s,1340
7117857000,s,1340
7117977000,s,1340
7118152000,s,1340
7118339000,s,1340
7118514000,s,1340
7118665000,s,1340
7118835000,s,1340
7119006000,s,1340
7119166000,s,1340
7119451000,s,1340
7119673000,s,1340
7119819000,s,1340
7119942000,s,1340
7120106000,s,1340
7120264000,s,1340
7120426000,s,1340
7120580000,s,1340
7120700000,s,1340
7120852000,s,1340
7121003000,s,1340
7121117000,s,1340
7121232000,s,1340
7121345000,s,1340
7121510000,s,1340
7121674000,s,1340
7121826000,s,1340
7122022000,s,1340
7122185000,s,1340
7122346000,s,1340
7122493000,s,1340
7122647000,s,1340
7122801000,s,1340
7122959000,s,1340
7123131000,s,1340
7123285000,s,1340
7123434000,s,1340
7123640000,s,1340
7123793000,s,1340
7123959000,s,1340
7124118000,s,1340
7124270000,s,1340
7124424000,s,1340
7124571000,s,1340
7124804000,s,1340
7124958000,s,1340
7125132000,s,1340
7125262000,s,1340
7125413000,s,1340
7125736000,s,1340
7125868000,s,1340
7126001000,s,1340
7126135000,s,1340
7126284000,s,1340
7126389000,s,1340
7126614000,s,1340
7126736000,s,1340
7126882000,s,1340
7127018000,s,1340
7127163000,s,1340
7127316000,s,1340
7127461000,s,1340
7127773000,s,1340
7127893000,s,1340
7127988000,s,1340
7128116000,s,1340
7128302000,s,1340
7128445000,s,1340
7128590000,s,1340
7129561000,s,1340
7129718000,s,1340
7129864000,s,1340
7130021000,s,1340
7130151000,s,1340
7130284000,s,1340
7130410000,s,1340
7130538000,s,1340
7130683000,s,1340
7130819000,s,1340
7130949000,s,1340
7131154000,s,1340
7131297000,s,1340
7131437000,s,1340
7131693000,s,1340
7131837000,s,1340
7131977000,s,1340
7132131000,s,1340
7132270000,s,1340
7132460000,s,1340
7132602000,s,1340
7132734000,s,1340
7132883000,s,1340
7133020000,s,1340
7133170000,s,1340
7133305000,s,1340
7133437000,s,1340
7133575000,s,1340
7133713000,s,1340
7133850000,s,1340
7133984000,s,1340
7134106000,s,1340
7134237000,s,1340
7134361000,s,1340
7134488000,s,1340
7134622000,s,1340
7134750000,s,1340
7134880000,s,1340
7135007000,s,1340
7135135000,s,1340
7135263000,s,1340
7135403000,s,1340
7135578000,s,1340
7135703000,s,1340
7135831000,s,1340
7136079000,s,1340
7136206000,s,1340
7136323000,s,1340
7136450000,s,1340
7136561000,s,1340
7136693000,s,1340
7136832000,s,1340
7136959000,s,1340
7137077000,s,1340
7137207000,s,1340
7137337000,s,1340
7137481000,s,1340
7137608000,s,1340
7137736000,s,1340
7137822000,s,1340
7137908000,s,1340
7137996000,s,1340
7138123000,s,1340
7138249000,s,1340
7138370000,s,1340
7138492000,s,1340
7138578000,s,1340
7138772000,s,1340
7138888000,s,1340
7139021000,s,1340
7139141000,s,1340
7139277000,s,1340
7139409000,s,1340
7139590000,s,1340
7139728000,s,1340
7140070000,s,1340
7140220000,s,1340
7140360000,s,1340
7140796000,s,1340
7140917000,s,1340
7141193000,s,1340
7141817000,s,1340
7142159000,s,1340
7142280000,s,1340
7142344000,s,1340
7142477000,s,1340
7142666000,s,1340
7142852000,s,1340
7143049000,s,1340
7143104000,s,1340
7143493000,s,1340
7143707000,s,1340
7143799000,s,1340
7143911000,s,1340
7144137000,s,1340
7145048000,s,1340
7145066000,r,1440
7145066000,r,1440
7145172000,s,1340
7145066000,r,1440
7145067000,r,1440
7145067000,r,1440
7145067000,r,1440
7145068000,r,1440
7145068000,r,1440
7145271000,s,1340
7145292000,r,1440
7145292000,r,1440
7145293000,r,1440
7145293000,r,1440
7145293000,r,1440
7145293000,r,1440
7145470000,s,1340
7145584000,s,1340
7145711000,s,1340
7145804000,s,1340
7146233000,s,1340
7146310000,s,1340
7146347000,s,1340
7146387000,s,1340
7146501000,s,1340
7146605000,s,1340
7146744000,s,1340
7146898000,s,1340
7147053000,s,1340
7147221000,s,1340
7151573000,r,1440
7151573000,r,1440
7152505000,s,1340
7158632000,r,1440
7158632000,r,1440
7158633000,r,1440
7158633000,r,1440
7158633000,r,1440
7158634000,r,1440
7158634000,r,1440
7158635000,r,1440
7158832000,r,1440
7158833000,r,1440
7158833000,r,1440
7158834000,r,1440
7158923000,r,1440
7158923000,r,1440
7159455000,r,1440
7159455000,r,1440
7160054000,s,1340
7160215000,s,1340
7160319000,s,1340
7160418000,s,1340
7160515000,s,1340
7160659000,s,1340
7160685000,r,1440
7160685000,r,1440
7160686000,r,1440
7160686000,r,1440
7160687000,r,1440
7160762000,s,1340
7160687000,r,1440
7160687000,r,1440
7160688000,r,1440
7160837000,r,1440
7160837000,r,1440
7160859000,s,1340
7160838000,r,1440
7160838000,r,1440
7160839000,r,1440
7160839000,r,1440
7160840000,r,1440
7161082000,r,1440
7161083000,r,1440
7161083000,r,1440
7161083000,r,1440
7161126000,s,1340
7161246000,s,1340
7161535000,s,1340
7161538000,r,1440
7161538000,r,1440
7161651000,r,1440
7161661000,s,1340
7161652000,r,1440
7161806000,s,1340
7161984000,r,1440
7161984000,r,1440
7162124000,s,1340
7162290000,s,1340
7162421000,s,1340
7162571000,s,1340
7162720000,s,1340
7162868000,s,1340
7163008000,s,1340
7163145000,s,1340
7163265000,s,1340
7163391000,s,1340
7163575000,s,1340
7163713000,s,1340
7163841000,s,1340
7163934000,s,1340
7164061000,s,1340
7164189000,s,1340
7164310000,s,1340
7164429000,s,1340
7164550000,s,1340
7164658000,s,1340
7164759000,s,1340
7164861000,s,1340
7164959000,s,1340
7165058000,s,1340
7165160000,s,1340
7165243000,s,1340
7165357000,s,1340
7165464000,s,1340
7165590000,s,1340
7165695000,s,1340
7165800000,s,1340
7165908000,s,1340
7166028000,s,1340
7166136000,s,1340
7166242000,s,1340
7166343000,s,1340
7166439000,s,1340
7166500000,r,1440
7166551000,s,1340
7166500000,r,1440
7166500000,r,1440
7166501000,r,1440
7166501000,r,1440
7166502000,r,1440
7166502000,r,1440
7166503000,r,1440
7166665000,s,1340
7166685000,r,1440
7166686000,r,1440
7166784000,s,1340
7166912000,s,1340
7167033000,s,1340
7167151000,s,1340
7167266000,s,1340
7167403000,s,1340
7167566000,s,1340
7167727000,s,1340
7167850000,s,1340
7167963000,s,1340
7168082000,s,1340
7168200000,s,1340
7168321000,s,1340
7168431000,s,1340
7168547000,s,1340
7168668000,s,1340
7168783000,s,1340
7168913000,s,1340
7169039000,s,1340
7169263000,s,1340
7169383000,s,1340
7169490000,s,1340
7169595000,s,1340
7169702000,s,1340
7169782000,s,1340
7170176000,s,1340
7170488000,s,1340
7170655000,s,1340
7170765000,s,1340
7170943000,s,1340
7171088000,s,1340
7171599000,r,1440
7171599000,r,1440
7171600000,r,1440
7171600000,r,1440
7171601000,r,1440
7171601000,r,1440
7171602000,r,1440
7171602000,r,1440
7171846000,s,1340
7172122000,s,1340
7172226000,s,1340
7172532000,s,1340
7172593000,s,1340
7172631000,s,1340
7172677000,s,1340
7172710000,s,1340
7172741000,s,1340
7172774000,s,1340
7172805000,s,1340
7173154000,r,1440
7173187000,s,1340
7173155000,r,1440
7173155000,r,1440
7173156000,r,1440
7173156000,r,1440
7173157000,r,1440
7173157000,r,1440
7173158000,r,1440
7173331000,s,1340
7173339000,r,1440
7173339000,r,1440
7173340000,r,1440
7173340000,r,1440
7173340000,r,1440
7173341000,r,1440
7173454000,s,1340
7173722000,s,1340
7173951000,s,1340
7174071000,s,1340
7174175000,s,1340
7174278000,s,1340
7174528000,s,1340
7174695000,s,1340
7174847000,s,1340
7174853000,r,1440
7174853000,r,1440
7174854000,r,1440
7174854000,r,1440
7174855000,r,1440
7174855000,r,1440
7174997000,s,1340
7174855000,r,1440
7174856000,r,1440
7175066000,r,1440
7175067000,r,1440
7175067000,r,1440
7175067000,r,1440
7175068000,r,1440
7175068000,r,1440
7175069000,r,1440
7175149000,s,1340
7175069000,r,1440
7175234000,r,1440
7175235000,r,1440
7175235000,r,1440
7175236000,r,1440
7175303000,s,1340
7175311000,r,1440
7175311000,r,1440
7175409000,s,1340
7175562000,r,1440
7175563000,r,1440
7175595000,s,1340
7175563000,r,1440
7175564000,r,1440
7175716000,s,1340
7175838000,s,1340
7175963000,s,1340
7176102000,s,1340
7176234000,s,1340
7176346000,s,1340
7176460000,s,1340
7176580000,s,1340
7176700000,s,1340
7176822000,s,1340
7176934000,s,1340
7176998000,r,1440
7176998000,r,1440
7176998000,r,1440
7176999000,r,1440
7177089000,s,1340
7177234000,s,1340
7177415000,s,1340
7177577000,s,1340
7177727000,s,1340
7177894000,s,1340
7178049000,s,1340
7178198000,s,1340
7178354000,s,1340
7178501000,s,1340
7178636000,s,1340
7178802000,s,1340
7178931000,s,1340
7179062000,s,1340
7179179000,s,1340
7179303000,s,1340
7179422000,s,1340
7179572000,s,1340
7179700000,s,1340
7179828000,s,1340
7179947000,s,1340
7183578000,r,1440
7183579000,r,1440
7183579000,r,1440
7183580000,r,1440
7183580000,r,1440
7183580000,r,1440
7183581000,r,1440
7183581000,r,1440
7183783000,r,1440
7183783000,r,1440
7183784000,r,1440
7183784000,r,1440
7183785000,r,1440
7183785000,r,1440
7184011000,s,1340
7184271000,s,1340
7184349000,r,1440
7184350000,r,1440
7184350000,r,1440
7184398000,s,1340
7184350000,r,1440
7184351000,r,1440
7184351000,r,1440
7184352000,r,1440
7184352000,r,1440
7184499000,s,1340
7184598000,s,1340
7184696000,s,1340
7184780000,s,1340
7184857000,s,1340
7185022000,s,1340
7185190000,s,1340
7185342000,s,1340
7185496000,s,1340
7185610000,r,1440
7185633000,s,1340
7185610000,r,1440
7185611000,r,1440
7185611000,r,1440
7185612000,r,1440
7185612000,r,1440
7185613000,r,1440
7185613000,r,1440
7185778000,s,1340
7185788000,r,1440
7185789000,r,1440
7185789000,r,1440
7185790000,r,1440
7185790000,r,1440
7185791000,r,1440
7185990000,s,1340
7186152000,s,1340
7186327000,s,1340
7186446000,s,1340
7186570000,s,1340
7186696000,s,1340
7186797000,r,1440
7186813000,s,1340
7186797000,r,1440
7186798000,r,1440
7186798000,r,1440
7186937000,s,1340
7187067000,s,1340
7187189000,s,1340
7187319000,s,1340
7187492000,s,1340
7187717000,s,1340
7187874000,s,1340
7187984000,s,1340
7188084000,s,1340
7188222000,s,1340
7188346000,s,1340
7188435000,s,1340
7188557000,s,1340
7188679000,s,1340
7188775000,s,1340
7188888000,s,1340
7189027000,s,1340
7189185000,s,1340
7189336000,s,1340
7189469000,s,1340
7189607000,s,1340
7189746000,s,1340
7189884000,s,1340
7190109000,s,1340
7190199000,s,1340
7190554000,s,1340
7190674000,s,1340
7190738000,s,1340
7190882000,s,1340
7191075000,s,1340
7191191000,s,1340
7191309000,s,1340
7191502000,s,1340
7191782000,s,1340
7191964000,s,1340
7192072000,s,1340
7192161000,s,1340
7192255000,s,1340
7192613000,s,1340
7192734000,s,1340
7192816000,s,1340
7192880000,s,1340
7192939000,s,1340
7192999000,s,1340
7193053000,s,1340
7193109000,s,1340
7193168000,s,1340
7193276000,s,1340
7193419000,s,1340
7194077000,s,1340
7194159000,s,1340
7194229000,s,1340
7194298000,s,1340
7194358000,s,1340
7194425000,s,1340
7194483000,s,1340
7194563000,s,1340
7194629000,s,1340
7194694000,s,1340
7194755000,s,1340
7194825000,s,1340
7194898000,s,1340
7194966000,s,1340
7195033000,s,1340
7195111000,s,1340
7195171000,s,1340
7195233000,s,1340
7195278000,s,1340
7204172000,r,1440
7204172000,r,1440
7204173000,r,1440
7204173000,r,1440
7204173000,r,1440
7204174000,r,1440
7204174000,r,1440
7204174000,r,1440
7204483000,r,1440
7204483000,r,1440
7204483000,r,1440
7204484000,r,1440
7204484000,r,1440
7204484000,r,1440
7204485000,r,1440
7204485000,r,1440
7204601000,r,1440
7204601000,r,1440
7204899000,r,1440
7204900000,r,1440
7204900000,r,1440
7204900000,r,1440
7204901000,r,1440
7204901000,r,1440
7204901000,r,1440
7204901000,r,1440
7205045000,r,1440
7205045000,r,1440
7205208000,r,1440
7205208000,r,1440
7205613000,r,1440
7205614000,r,1440
7205614000,r,1440
7205614000,r,1440
7205902000,r,1440
7205903000,r,1440
7205903000,r,1440
7205903000,r,1440
7206171000,r,1440
7206172000,r,1440
7206545000,r,1440
7206546000,r,1440
7206546000,r,1440
7206547000,r,1440
7206918000,s,1340
7207075000,s,1340
7207107000,s,1340
7207133000,s,1340
7207157000,s,1340
7207182000,s,1340
7207213000,s,1340
7207240000,s,1340
7207270000,s,1340
7207303000,s,1340
7207334000,s,1340
7207362000,s,1340
7207397000,s,1340
7207610000,s,1340
7207742000,s,1340
7207856000,s,1340
7207963000,s,1340
7208064000,r,1440
7208107000,s,1340
7208065000,r,1440
7208264000,s,1340
7208352000,s,1340
7208454000,s,1340
7208559000,s,1340
7208649000,s,1340
7208737000,s,1340
7208821000,s,1340
7208908000,s,1340
7209042000,s,1340
7209146000,s,1340
7209303000,s,1340
7209410000,s,1340
7210245000,s,1340
7210314000,s,1340
7210346000,s,1340
7210540000,s,1340
7210710000,s,1340
7210832000,s,1340
7210992000,s,1340
7211178000,s,1340
7211386000,s,1340
7211583000,s,1340
7211695000,s,1340
7211733000,s,1340
7212389000,s,1340
7212480000,s,1340
7212920000,s,1340
7213069000,s,1340
7213195000,s,1340
7213308000,s,1340
7213697000,s,1340
7213829000,s,1340
7214144000,s,1340
7214417000,s,1340
7214627000,s,1340
7215170000,s,1340
7215342000,s,1340
7215709000,s,1340
7215859000,s,1340
7216022000,s,1340
7216170000,s,1340
7216320000,s,1340
7216455000,s,1340
7216589000,s,1340
7217091000,s,1340
7218037000,s,1340
7218107000,s,1340
7218158000,s,1340
7218208000,s,1340
7218383000,s,1340
7218550000,s,1340
7218717000,s,1340
7219129000,s,1340
7219564000,r,1440
7219565000,r,1440
7219565000,r,1440
7219566000,r,1440
7219566000,r,1440
7219566000,r,1440
7219803000,r,1440
7219804000,r,1440
7219804000,r,1440
7219805000,r,1440
7219805000,r,1440
7219806000,r,1440
7219806000,r,1440
7219806000,r,1440
7219943000,s,1340
7220027000,r,1440
7220028000,r,1440
7220135000,s,1340
7220329000,r,1440
7220330000,r,1440
7220411000,s,1340
7220666000,r,1440
7220667000,r,1440
7220685000,s,1340
7220667000,r,1440
7220668000,r,1440
7220943000,s,1340
7220973000,r,1440
7220974000,r,1440
7221177000,s,1340
7221453000,s,1340
7221509000,r,1440
7221510000,r,1440
7221510000,r,1440
7221510000,r,1440
7221511000,r,1440
7221511000,r,1440
7221715000,s,1340
7221868000,s,1340
7222022000,s,1340
7222099000,s,1340
7222318000,s,1340
7222472000,s,1340
7222518000,r,1440
7222577000,s,1340
7222518000,r,1440
7222519000,r,1440
7222519000,r,1440
7222520000,r,1440
7222520000,r,1440
7222520000,r,1440
7222521000,r,1440
7222823000,r,1440
7222823000,r,1440
7222901000,s,1340
7222981000,s,1340
7223236000,r,1440
7223236000,r,1440
7223340000,s,1340
7223237000,r,1440
7223237000,r,1440
7223238000,r,1440
7223238000,r,1440
7223238000,r,1440
7223239000,r,1440
7223767000,s,1340
7223945000,s,1340
7224054000,s,1340
7224153000,s,1340
7224255000,s,1340
7224351000,s,1340
7224447000,s,1340
7224551000,s,1340
7224662000,s,1340
7224888000,s,1340
7225141000,s,1340
7225337000,s,1340
7226943000,r,1440
7226944000,r,1440
7226944000,r,1440
7226945000,r,1440
7226945000,r,1440
7226946000,r,1440
7226946000,r,1440
7226947000,r,1440
7227155000,r,1440
7227155000,r,1440
7227296000,r,1440
7227297000,r,1440
7227932000,s,1340
7228144000,s,1340
7228176000,s,1340
7228213000,s,1340
7228951000,r,1440
7228951000,r,1440
7228951000,r,1440
7228951000,r,1440
7228952000,r,1440
7228952000,r,1440
7228952000,r,1440
7228952000,r,1440
7229115000,r,1440
7229115000,r,1440
7229116000,r,1440
7229116000,r,1440
7229116000,r,1440
7229116000,r,1440
7229117000,r,1440
7229117000,r,1440
7229191000,r,1440
7229192000,r,1440
7229241000,r,1440
7229241000,r,1440
7229242000,r,1440
7229242000,r,1440
7229825000,r,1440
7229825000,r,1440
7230010000,r,1440
7230011000,r,1440
7230011000,r,1440
7230011000,r,1440
7230195000,r,1440
7230196000,r,1440
7230376000,s,1340
7230456000,s,1340
7230487000,s,1340
7230833000,r,1440
7230833000,r,1440
7230859000,s,1340
7230834000,r,1440
7230834000,r,1440
7230905000,s,1340
7230946000,r,1440
7230947000,r,1440
7230947000,r,1440
7230947000,r,1440
7231229000,s,1340
7231313000,s,1340
7231347000,s,1340
7231371000,s,1340
7231550000,r,1440
7231551000,r,1440
7231650000,s,1340
7231845000,s,1340
7232020000,s,1340
7232183000,s,1340
7232340000,s,1340
7232505000,s,1340
7232668000,s,1340
7232840000,s,1340
7233029000,s,1340
7233224000,s,1340
7233403000,s,1340
7233554000,s,1340
7233698000,r,1440
7233706000,s,1340
7233698000,r,1440
7233699000,r,1440
7233699000,r,1440
7233873000,s,1340
7234059000,s,1340
7234184000,s,1340
7234342000,s,1340
7234507000,s,1340
7234666000,s,1340
7234834000,s,1340
7235010000,s,1340
7235183000,s,1340
7235361000,s,1340
7235580000,s,1340
7236784000,s,1340
7236976000,s,1340
7237167000,s,1340
7237306000,s,1340
7237475000,s,1340
7237646000,s,1340
7237784000,s,1340
7237957000,s,1340
7238145000,s,1340
7238325000,s,1340
7238506000,s,1340
7238688000,s,1340
7238861000,s,1340
7239034000,s,1340
7239215000,s,1340
7239374000,s,1340
7239600000,s,1340
7239776000,s,1340
7239946000,s,1340
7240108000,s,1340
7240415000,s,1340
7240854000,s,1340
7240951000,s,1340
7241068000,s,1340
7241581000,s,1340
7241732000,s,1340
7242955000,s,1340
7243124000,s,1340
7243270000,s,1340
7243604000,s,1340
7243845000,s,1340
7244425000,s,1340
7244522000,s,1340
7244887000,s,1340
7245074000,s,1340
7245116000,s,1340
7245155000,s,1340
7245537000,s,1340
7245595000,s,1340
7245770000,s,1340
7246245000,s,1340
7246429000,s,1340
7246496000,s,1340
7246608000,s,1340
7246725000,s,1340
7246812000,s,1340
7246896000,s,1340
7246982000,s,1340
7247064000,s,1340
7247145000,s,1340
7247247000,r,1440
7247265000,s,1340
7247347000,s,1340
7247248000,r,1440
7247248000,r,1440
7247248000,r,1440
7247249000,r,1440
7247249000,r,1440
7247249000,r,1440
7247429000,s,1340
7247250000,r,1440
7247508000,s,1340
7247919000,s,1340
7248240000,s,1340
7248317000,s,1340
7248367000,s,1340
7248493000,r,1440
7248494000,r,1440
7248494000,r,1440
7248494000,r,1440
7248495000,r,1440
7248495000,r,1440
7248495000,r,1440
7248496000,r,1440
7248651000,r,1440
7248651000,r,1440
7249062000,s,1340
7249314000,s,1340
7249362000,s,1340
7249486000,s,1340
7249553000,s,1340
7249593000,s,1340
7249748000,r,1440
7249748000,r,1440
7249748000,r,1440
7249749000,r,1440
7249749000,r,1440
7249749000,r,1440
7249750000,r,1440
7249750000,r,1440
7249919000,r,1440
7249920000,r,1440
7249937000,s,1340
7249920000,r,1440
7249920000,r,1440
7250442000,r,1440
7250442000,r,1440
7250473000,s,1340
7250442000,r,1440
7250443000,r,1440
7250443000,r,1440
7250443000,r,1440
7250663000,s,1340
7250764000,s,1340
7250803000,s,1340
7250834000,s,1340
7250858000,s,1340
7250882000,s,1340
7250907000,s,1340
7250931000,s,1340
7251222000,s,1340
7251331000,s,1340
7251393000,s,1340
7251434000,s,1340
7251465000,s,1340
7251496000,s,1340
7251600000,s,1340
7251644000,s,1340
7251990000,s,1340
7252025000,r,1440
7252025000,r,1440
7252234000,s,1340
7252610000,s,1340
7252834000,s,1340
7253037000,s,1340
7253203000,s,1340
7253418000,s,1340
7253646000,s,1340
7253812000,s,1340
7254025000,s,1340
7254368000,s,1340
7254592000,s,1340
7255010000,s,1340
7255295000,s,1340
7255484000,s,1340
7255746000,s,1340
7256205000,s,1340
7256420000,s,1340
7256608000,s,1340
7256783000,s,1340
7256952000,s,1340
7257125000,s,1340
7257291000,s,1340
7257424000,s,1340
7257561000,s,1340
7257967000,s,1340
7258143000,s,1340
7258287000,s,1340
7258542000,s,1340
7258768000,s,1340
7258908000,s,1340
7259255000,s,1340
7259409000,s,1340
7259605000,r,1440
7259606000,r,1440
7259606000,r,1440
7259607000,r,1440
7259607000,r,1440
7259608000,r,1440
7259963000,r,1440
7259964000,r,1440
7260073000,s,1340
7260187000,s,1340
7260257000,s,1340
7260313000,s,1340
7260371000,s,1340
7260422000,s,1340
7260474000,s,1340
7260530000,s,1340
7260614000,s,1340
7261151000,s,1340
7261274000,s,1340
7261499000,s,1340
7261786000,s,1340
7261875000,s,1340
7261996000,s,1340
7262131000,s,1340
7262335000,s,1340
7262467000,s,1340
7262541000,s,1340
7262828000,s,1340
7263131000,s,1340
7263345000,s,1340
7263626000,s,1340
7263845000,s,1340
7264197000,s,1340
7264308000,s,1340
7264499000,s,1340
7264646000,s,1340
7264907000,s,1340
7265098000,s,1340
7265280000,s,1340
7265461000,s,1340
7265526000,s,1340
7265725000,s,1340
7265776000,s,1340
7266000000,s,1340
7266072000,s,1340
7266222000,s,1340
7266313000,s,1340
7266445000,s,1340
7266611000,s,1340
7266754000,s,1340
7266999000,s,1340
7267967000,s,1340
7268041000,s,1340
7268082000,s,1340
7268291000,s,1340
7268476000,s,1340
7268615000,s,1340
7268776000,s,1340
7268966000,s,1340
7269031000,s,1340
7269085000,s,1340
7269194000,s,1340
7269416000,s,1340
7269563000,s,1340
7269720000,s,1340
7269856000,s,1340
7270116000,s,1340
7270406000,s,1340
7270633000,s,1340
7271131000,s,1340
7271307000,s,1340
7271663000,s,1340
7271902000,s,1340
7272112000,s,1340
7272395000,s,1340
7272572000,s,1340
7272743000,s,1340
7273007000,s,1340
7273213000,s,1340
7273392000,s,1340
7273547000,s,1340
7273702000,s,1340
7273849000,s,1340
7273992000,s,1340
7274141000,s,1340
7274397000,s,1340
7274685000,s,1340
7274924000,s,1340
7275185000,s,1340
7275344000,s,1340
7275499000,s,1340
7275980000,s,1340
7276376000,s,1340
7276571000,s,1340
7276732000,s,1340
7276910000,s,1340
7277084000,s,1340
7277249000,s,1340
7280320000,r,1440
7280321000,r,1440
7280321000,r,1440
7280321000,r,1440
7280322000,r,1440
7280322000,r,1440
7280323000,r,1440
7280323000,r,1440
7280728000,r,1440
7280729000,r,1440
7280729000,r,1440
7280730000,r,1440
7280730000,r,1440
7280731000,r,1440
7280731000,r,1440
7280732000,r,1440
7280870000,r,1440
7280871000,r,1440
7280871000,r,1440
7280872000,r,1440
7280872000,r,1440
7280873000,r,1440
7280873000,r,1440
7280874000,r,1440
7281018000,r,1440
7281019000,r,1440
7281019000,r,1440
7281020000,r,1440
7281020000,r,1440
7281021000,r,1440
7281021000,r,1440
7281021000,r,1440
7281156000,r,1440
7281157000,r,1440
7281157000,r,1440
7281158000,r,1440
7281158000,r,1440
7281159000,r,1440
7281159000,r,1440
7281160000,r,1440
7281309000,r,1440
7281310000,r,1440
7281310000,r,1440
7281311000,r,1440
7281311000,r,1440
7281311000,r,1440
7281312000,r,1440
7281312000,r,1440
7281444000,r,1440
7281444000,r,1440
7281445000,r,1440
7281445000,r,1440
7281446000,r,1440
7281446000,r,1440
7281447000,r,1440
7281447000,r,1440
7281569000,s,1340
7281586000,r,1440
7281587000,r,1440
7281587000,r,1440
7281588000,r,1440
7281588000,r,1440
7281588000,r,1440
7281589000,r,1440
7281589000,r,1440
7281786000,r,1440
7281786000,r,1440
7281786000,r,1440
7281787000,r,1440
7281787000,r,1440
7281788000,r,1440
7281788000,r,1440
7281789000,r,1440
7281905000,s,1340
7281936000,r,1440
7281936000,r,1440
7281961000,s,1340
7281937000,r,1440
7281937000,r,1440
7281938000,r,1440
7281938000,r,1440
7281938000,r,1440
7281939000,r,1440
7282079000,r,1440
7282080000,r,1440
7282080000,r,1440
7282081000,r,1440
7282081000,r,1440
7282082000,r,1440
7282082000,r,1440
7282175000,s,1340
7282083000,r,1440
7282206000,r,1440
7282207000,r,1440
7282559000,s,1340
7282636000,s,1340
7282854000,s,1340
7282873000,r,1440
7282934000,s,1340
7282873000,r,1440
7282874000,r,1440
7282874000,r,1440
7282874000,r,1440
7282875000,r,1440
7282875000,r,1440
7282876000,r,1440
7283120000,r,1440
7283120000,r,1440
7283121000,r,1440
7283121000,r,1440
7283122000,r,1440
7283122000,r,1440
7283277000,r,1440
7283277000,r,1440
7283278000,r,1440
7283278000,r,1440
7283279000,r,1440
7283279000,r,1440
7283755000,s,1340
7283990000,s,1340
7284224000,r,1440
7284256000,s,1340
7284224000,r,1440
7284225000,r,1440
7284225000,r,1440
7284226000,r,1440
7284226000,r,1440
7284403000,r,1440
7284410000,s,1340
7284404000,r,1440
7284404000,r,1440
7284405000,r,1440
7284405000,r,1440
7284406000,r,1440
7285016000,s,1340
7285159000,s,1340
7285367000,r,1440
7285368000,r,1440
7285368000,r,1440
7285369000,r,1440
7285369000,r,1440
7285370000,r,1440
7285370000,r,1440
7285371000,r,1440
7285781000,s,1340
7285977000,s,1340
7286117000,s,1340
7286217000,s,1340
7286602000,s,1340
7286609000,r,1440
7286695000,s,1340
7286610000,r,1440
7286610000,r,1440
7286611000,r,1440
7286611000,r,1440
7286611000,r,1440
7286612000,r,1440
7286612000,r,1440
7286856000,s,1340
7286864000,r,1440
7286864000,r,1440
7286865000,r,1440
7286865000,r,1440
7287574000,r,1440
7287575000,r,1440
7287576000,r,1440
7287576000,r,1440
7287765000,s,1340
7287936000,s,1340
7288199000,s,1340
7288494000,s,1340
7288554000,s,1340
7288668000,s,1340
7289238000,s,1340
7289394000,s,1340
7289537000,s,1340
7289941000,s,1340
7290112000,s,1340
7290558000,s,1340
7290609000,s,1340
7291035000,s,1340
7291206000,s,1340
7291934000,s,1340
7292052000,s,1340
7292208000,s,1340
7292336000,s,1340
7292391000,s,1340
7292433000,s,1340
7292466000,s,1340
7292725000,s,1340
7292906000,s,1340
7293059000,s,1340
7293172000,s,1340
7293450000,s,1340
7293631000,s,1340
7293784000,s,1340
7293961000,s,1340
7294081000,s,1340
7294201000,s,1340
7294359000,s,1340
7294536000,s,1340
7294685000,s,1340
7294857000,s,1340
7295031000,s,1340
7295202000,s,1340
7295371000,s,1340
7295662000,s,1340
7295825000,s,1340
7295984000,s,1340
7296154000,s,1340
7296321000,s,1340
7296508000,s,1340
7296641000,s,1340
7296852000,s,1340
7297044000,s,1340
7297199000,s,1340
7297345000,s,1340
7297508000,s,1340
7297685000,s,1340
7297887000,s,1340
7298250000,s,1340
7298946000,s,1340
7299024000,s,1340
7299082000,s,1340
7299121000,s,1340
7299155000,s,1340
7299189000,s,1340
7299221000,s,1340
7299372000,s,1340
7299487000,s,1340
7299612000,s,1340
7299853000,s,1340
7299920000,s,1340
7300087000,s,1340
7300523000,s,1340
7300720000,s,1340
7300842000,s,1340
7301008000,s,1340
7301157000,s,1340
7301312000,s,1340
7301472000,s,1340
7301768000,s,1340
7302029000,s,1340
7302473000,s,1340
7302632000,s,1340
7302837000,s,1340
7303166000,s,1340
7303349000,s,1340
7303563000,s,1340
7303956000,s,1340
7304291000,s,1340
7304407000,s,1340
7304557000,s,1340
7304843000,s,1340
7305050000,s,1340
7305453000,s,1340
7305707000,s,1340
7305884000,s,1340
7306134000,s,1340
7306439000,s,1340
7306571000,s,1340
7306637000,s,1340
7306780000,s,1340
7306857000,s,1340
7307168000,s,1340
7307461000,s,1340
7307688000,s,1340
7307871000,s,1340
7308072000,s,1340
7308384000,s,1340
7308455000,s,1340
7308766000,s,1340
7308846000,s,1340
7309049000,s,1340
7309148000,s,1340
7309438000,s,1340
7309561000,s,1340
7309627000,s,1340
7309743000,s,1340
7309879000,s,1340
7310204000,s,1340
7310355000,s,1340
7310497000,s,1340
7310797000,s,1340
7310951000,s,1340
7311225000,s,1340
7311358000,s,1340
7311789000,s,1340
7311961000,s,1340
7312238000,s,1340
7312360000,s,1340
7312535000,s,1340
7312788000,s,1340
7312926000,s,1340
7313176000,s,1340
7313250000,s,1340
7313441000,s,1340
7313584000,s,1340
7313715000,s,1340
7313852000,s,1340
7314015000,s,1340
7314214000,s,1340
7314457000,s,1340
7314587000,s,1340
7314707000,s,1340
7315046000,s,1340
7315190000,s,1340
7315303000,s,1340
7315645000,s,1340
7315716000,s,1340
7315773000,s,1340
7315974000,s,1340
7316133000,s,1340
7316269000,s,1340
7317873000,r,1440
7317873000,r,1440
7317874000,r,1440
7317874000,r,1440
7317875000,r,1440
7317875000,r,1440
7317876000,r,1440
7317876000,r,1440
7318207000,r,1440
7318207000,r,1440
7318208000,r,1440
7318208000,r,1440
7318540000,r,1440
7318540000,r,1440
7319228000,r,1440
7319280000,s,1340
7319228000,r,1440
7319229000,r,1440
7319229000,r,1440
7319739000,s,1340
7319830000,s,1340
7319906000,s,1340
7320256000,s,1340
7320312000,s,1340
7320343000,s,1340
7320369000,s,1340
7320398000,s,1340
7320425000,s,1340
7320452000,s,1340
7320779000,s,1340
7320846000,s,1340
7320884000,s,1340
7321089000,s,1340
7321259000,s,1340
7321618000,s,1340
7321771000,s,1340
7322001000,s,1340
7322219000,s,1340
7322286000,r,1440
7322286000,r,1440
7322381000,s,1340
7322501000,s,1340
7322652000,s,1340
7322805000,s,1340
7322957000,s,1340
7323114000,s,1340
7323257000,s,1340
7323419000,s,1340
7323682000,s,1340
7323833000,s,1340
7323932000,s,1340
7324022000,s,1340
7324143000,s,1340
7324229000,s,1340
7324349000,s,1340
7324489000,s,1340
7324624000,s,1340
7324760000,s,1340
7324898000,s,1340
7325152000,s,1340
7325239000,s,1340
7326906000,s,1340
7327046000,s,1340
7327359000,s,1340
7327834000,s,1340
7328585000,s,1340
7328749000,s,1340
7328914000,s,1340
7329070000,s,1340
7329226000,s,1340
7329540000,s,1340
7329828000,s,1340
7329973000,s,1340
7330248000,s,1340
7330434000,s,1340
7330515000,s,1340
7330746000,s,1340
7330887000,s,1340
7331010000,s,1340
7331113000,s,1340
7331400000,s,1340
7331708000,s,1340
7331851000,s,1340
7331975000,s,1340
7332193000,s,1340
7332390000,s,1340
7332581000,s,1340
7332664000,s,1340
7332706000,s,1340
7332806000,s,1340
7332961000,s,1340
7333076000,s,1340
7333220000,s,1340
7333342000,s,1340
7333465000,s,1340
7333587000,s,1340
7333777000,s,1340
7333828000,s,1340
7334013000,s,1340
7334296000,s,1340
7334461000,s,1340
7334599000,s,1340
7334898000,s,1340
7335053000,s,1340
7335452000,s,1340
7335668000,s,1340
7335815000,s,1340
7336084000,s,1340
7336363000,s,1340
7336527000,s,1340
7336929000,s,1340
7337082000,s,1340
7337290000,s,1340
7337576000,s,1340
7337859000,s,1340
7337985000,s,1340
7338226000,s,1340
7338364000,s,1340
7338656000,s,1340
7338869000,s,1340
7339190000,s,1340
7339324000,s,1340
7339445000,s,1340
7339824000,s,1340
7340048000,s,1340
7340179000,s,1340
7340412000,s,1340
7340706000,s,1340
7340838000,s,1340
7341190000,s,1340
7341554000,s,1340
7341710000,s,1340
7341957000,s,1340
7342386000,s,1340
7342648000,r,1440
7342706000,s,1340
7342648000,r,1440
7342648000,r,1440
7342649000,r,1440
7342649000,r,1440
7342650000,r,1440
7342650000,r,1440
7342651000,r,1440
7342917000,r,1440
7342918000,s,1340
7342917000,r,1440
7342918000,r,1440
7343056000,s,1340
7343120000,r,1440
7343121000,r,1440
7343249000,r,1440
7343249000,r,1440
7343552000,s,1340
7343736000,s,1340
7344040000,r,1440
7344057000,s,1340
7344041000,r,1440
7344041000,r,1440
7344042000,r,1440
7344042000,r,1440
7344042000,r,1440
7344194000,s,1340
7344327000,s,1340
7344349000,r,1440
7344350000,r,1440
7344547000,s,1340
7345626000,s,1340
7345757000,s,1340
7345887000,s,1340
7345950000,s,1340
7345986000,s,1340
7346022000,s,1340
7346057000,s,1340
7346090000,s,1340
7346238000,s,1340
7346352000,s,1340
7346523000,r,1440
7346559000,s,1340
7346523000,r,1440
7346710000,s,1340
7346804000,s,1340
7346901000,s,1340
7347034000,s,1340
7347133000,s,1340
7347223000,s,1340
7347319000,s,1340
7347452000,s,1340
7347628000,s,1340
7347746000,s,1340
7347857000,s,1340
7347964000,s,1340
7348070000,s,1340
7348183000,s,1340
7348290000,s,1340
7348411000,s,1340
7348522000,s,1340
7348632000,s,1340
7348842000,s,1340
7348985000,s,1340
7349088000,s,1340
7349180000,s,1340
7349291000,s,1340
7349533000,s,1340
7349653000,s,1340
7350287000,s,1340
7350444000,s,1340
7350575000,s,1340
7350713000,s,1340
7350844000,s,1340
7350967000,s,1340
7351058000,s,1340
7351187000,s,1340
7351341000,s,1340
7351482000,s,1340
7351995000,s,1340
7352266000,s,1340
7352444000,s,1340
7353656000,s,1340
7353725000,s,1340
7353818000,s,1340
7353982000,s,1340
7354201000,s,1340
7354377000,s,1340
7354580000,s,1340
7355139000,s,1340
7355286000,s,1340
7355575000,s,1340
7355941000,s,1340
7356079000,s,1340
7356209000,s,1340
7356691000,s,1340
7356772000,s,1340
7357051000,s,1340
7357304000,s,1340
7357437000,s,1340
7357716000,s,1340
7357913000,s,1340
7358049000,s,1340
7358152000,s,1340
7358288000,s,1340
7358380000,s,1340
7358507000,s,1340
7358790000,s,1340
7358941000,s,1340
7359088000,s,1340
7359242000,s,1340
7359376000,s,1340
7360230000,r,1440
7360230000,r,1440
7360231000,r,1440
7360231000,r,1440
7360231000,r,1440
7360232000,r,1440
7360232000,r,1440
7360233000,r,1440
7360509000,r,1440
7360509000,r,1440
7360509000,r,1440
7360510000,r,1440
7360791000,r,1440
7360791000,r,1440
7361649000,r,1440
7361650000,r,1440
7361650000,r,1440
7361650000,r,1440
7362081000,r,1440
7362082000,r,1440
7362082000,r,1440
7362082000,r,1440
7362281000,r,1440
7362281000,r,1440
7362583000,r,1440
7362583000,r,1440
7362888000,r,1440
7362888000,r,1440
7363663000,r,1440
7363664000,r,1440
7363664000,r,1440
7363665000,r,1440
7363665000,r,1440
7363665000,r,1440
7363886000,s,1340
7363995000,s,1340
7364057000,s,1340
7364114000,s,1340
7364164000,s,1340
7364206000,s,1340
7364246000,s,1340
7364297000,s,1340
7364343000,s,1340
7364387000,s,1340
7364432000,s,1340
7364474000,s,1340
7364515000,s,1340
7364558000,s,1340
7364601000,s,1340
7364642000,s,1340
7364684000,s,1340
7364725000,s,1340
7364766000,s,1340
7364809000,s,1340
7364850000,s,1340
7364897000,s,1340
7364937000,s,1340
7364979000,s,1340
7365181000,s,1340
7365232000,s,1340
7365280000,s,1340
7365323000,s,1340
7365371000,s,1340
7365417000,s,1340
7365743000,s,1340
7365790000,s,1340
7365832000,s,1340
7365878000,s,1340
7366194000,s,1340
7366228000,r,1440
7366229000,r,1440
7366229000,r,1440
7366229000,r,1440
7366357000,s,1340
7366729000,s,1340
7366880000,s,1340
7366994000,s,1340
7367118000,s,1340
7367452000,s,1340
7367590000,s,1340
7367871000,s,1340
7367992000,s,1340
7368043000,s,1340
7368089000,s,1340
7368395000,s,1340
7368654000,s,1340
7368708000,s,1340
7368791000,s,1340
7369004000,s,1340
7369173000,s,1340
7369281000,s,1340
7370496000,s,1340
7370613000,s,1340
7370703000,s,1340
7371261000,r,1440
7371261000,r,1440
7371262000,r,1440
7371262000,r,1440
7371262000,r,1440
7371262000,r,1440
7371263000,r,1440
7371263000,r,1440
7371427000,r,1440
7371428000,r,1440
7371428000,r,1440
7371428000,r,1440
7372004000,r,1440
7372004000,r,1440
7372004000,r,1440
7372005000,r,1440
7372091000,r,1440
7372091000,r,1440
7372421000,r,1440
7372421000,r,1440
7373072000,r,1440
7373072000,r,1440
7373073000,r,1440
7373073000,r,1440
7373073000,r,1440
7373073000,r,1440
7373368000,r,1440
7373368000,r,1440
7373673000,r,1440
7373674000,r,1440
7373997000,r,1440
7373997000,r,1440
7374614000,r,1440
7374614000,r,1440
7375131000,s,1340
7375228000,s,1340
7375291000,s,1340
7375473000,r,1440
7375473000,r,1440
7375473000,r,1440
7375502000,s,1340
7375474000,r,1440
7375605000,s,1340
7376006000,s,1340
7376083000,s,1340
7376612000,s,1340
7376858000,s,1340
7377097000,s,1340
7377266000,s,1340
7377406000,s,1340
7377534000,s,1340
7377661000,s,1340
7377684000,r,1440
7377684000,r,1440
7377685000,r,1440
7377685000,r,1440
7377793000,s,1340
7377925000,s,1340
7377980000,r,1440
7377980000,r,1440
7378054000,s,1340
7378195000,s,1340
7378312000,r,1440
7378320000,s,1340
7378312000,r,1440
7378313000,r,1440
7378313000,r,1440
7378791000,r,1440
7378791000,r,1440
7378792000,r,1440
7378792000,r,1440
7379279000,r,1440
7379279000,r,1440
7379618000,s,1340
7379826000,s,1340
7379918000,s,1340
7380002000,s,1340
7380057000,s,1340
7380094000,s,1340
7380196000,s,1340
7380224000,s,1340
7380481000,s,1340
7380666000,s,1340
7380738000,s,1340
7380775000,s,1340
7380892000,s,1340
7380998000,s,1340
7381007000,r,1440
7381007000,r,1440
7381116000,s,1340
7381229000,s,1340
7381337000,s,1340
7381443000,s,1340
7381547000,s,1340
7381657000,s,1340
7381766000,s,1340
7381869000,s,1340
7381969000,s,1340
7382080000,s,1340
7382159000,s,1340
7382270000,s,1340
7382371000,s,1340
7382708000,s,1340
7382850000,s,1340
7382966000,r,1440
7382966000,r,1440
7383162000,s,1340
7383295000,s,1340
7383359000,s,1340
7383627000,s,1340
7383762000,s,1340
7383907000,s,1340
7384046000,s,1340
7384190000,s,1340
7384337000,s,1340
7384690000,s,1340
7384846000,s,1340
7385080000,s,1340
7385298000,s,1340
7385441000,s,1340
7385588000,s,1340
7385764000,s,1340
7385997000,s,1340
7386101000,s,1340
7386387000,s,1340
7386524000,s,1340
7386680000,s,1340
7386809000,s,1340
7386970000,s,1340
7387119000,s,1340
7387245000,s,1340
7387631000,s,1340
7387753000,s,1340
7388017000,s,1340
7388217000,s,1340
7388498000,s,1340
7388649000,s,1340
7388829000,s,1340
7389083000,s,1340
7389280000,s,1340
7389538000,s,1340
7390555000,s,1340
7390723000,s,1340
7390836000,s,1340
7391144000,s,1340
7391274000,s,1340
7391887000,s,1340
7392015000,s,1340
7394493000,r,1440
7394494000,r,1440
7394494000,r,1440
7394495000,r,1440
7394495000,r,1440
7394496000,r,1440
7394821000,r,1440
7394822000,r,1440
7394822000,r,1440
7394823000,r,1440
7395105000,r,1440
7395105000,r,1440
7395418000,r,1440
7395418000,r,1440
7396119000,r,1440
7396119000,r,1440
7396120000,r,1440
7396120000,r,1440
7396216000,r,1440
7396216000,r,1440
7396410000,s,1340
7396588000,s,1340
7396693000,r,1440
7396694000,r,1440
7397026000,r,1440
7397027000,r,1440
7397185000,s,1340
7397232000,r,1440
7397232000,r,1440
7397333000,s,1340
7397626000,r,1440
7397626000,r,1440
7397734000,r,1440
7397771000,s,1340
7397734000,r,1440
7397961000,s,1340
7398030000,r,1440
7398030000,r,1440
7398337000,r,1440
7398338000,r,1440
7398509000,s,1340
7398585000,s,1340
7398615000,s,1340
7398641000,s,1340
7398871000,s,1340
7398991000,s,1340
7399145000,s,1340
7399224000,s,1340
7399335000,s,1340
7399428000,s,1340
7399459000,s,1340
7399764000,s,1340
7399866000,s,1340
7399920000,s,1340
7399961000,s,1340
7399999000,s,1340
7400174000,s,1340
7400220000,s,1340
7400250000,s,1340
7400280000,s,1340
7400321000,s,1340
7400364000,s,1340
7400511000,r,1440
7400511000,r,1440
7400512000,r,1440
7400512000,r,1440
7400752000,s,1340
7400877000,s,1340
7400947000,s,1340
7400995000,s,1340
7401026000,s,1340
7401057000,s,1340
7401204000,s,1340
7401270000,s,1340
7404934000,r,1440
7404935000,r,1440
7404935000,r,1440
7404936000,r,1440
7404936000,r,1440
7404936000,r,1440
7404937000,r,1440
7404937000,r,1440
7405295000,r,1440
7405296000,r,1440
7405296000,r,1440
7405297000,r,1440
7405297000,r,1440
7405298000,r,1440
7405298000,r,1440
7405299000,r,1440
7405452000,r,1440
7405453000,r,1440
7405453000,r,1440
7405454000,r,1440
7405454000,r,1440
7405454000,r,1440
7405455000,r,1440
7405455000,r,1440
7405566000,r,1440
7405566000,r,1440
7405641000,r,1440
7405642000,r,1440
7405642000,r,1440
7405642000,r,1440
7406119000,r,1440
7406119000,r,1440
7406119000,r,1440
7406120000,r,1440
7406292000,s,1340
7406370000,s,1340
7406417000,s,1340
7406446000,s,1340
7406473000,s,1340
7406498000,s,1340
7406520000,s,1340
7406542000,s,1340
7406572000,s,1340
7406604000,s,1340
7406634000,s,1340
7406664000,s,1340
7406699000,s,1340
7406733000,s,1340
7406767000,s,1340
7406799000,s,1340
7406831000,s,1340
7406862000,s,1340
7406895000,s,1340
7406932000,s,1340
7406967000,s,1340
7406998000,s,1340
7407029000,s,1340
7407062000,s,1340
7407096000,s,1340
7407127000,s,1340
7407158000,s,1340
7408069000,s,1340
7408476000,s,1340
7408644000,s,1340
7408910000,r,1440
7408981000,s,1340
7408910000,r,1440
7408911000,r,1440
7408911000,r,1440
7408912000,r,1440
7408912000,r,1440
7408912000,r,1440
7408913000,r,1440
7409130000,r,1440
7409130000,r,1440
7409149000,s,1340
7409131000,r,1440
7409131000,r,1440
7409131000,r,1440
7409132000,r,1440
7409132000,r,1440
7409132000,r,1440
7409264000,s,1340
7409310000,r,1440
7409310000,r,1440
7409486000,s,1340
7409634000,s,1340
7409777000,s,1340
7409915000,s,1340
7410032000,s,1340
7410080000,r,1440
7410080000,r,1440
7410081000,r,1440
7410081000,r,1440
7410082000,r,1440
7410082000,r,1440
7410186000,s,1340
7410083000,r,1440
7410083000,r,1440
7410327000,s,1340
7410588000,r,1440
7410588000,r,1440
7410589000,r,1440
7410589000,r,1440
7410838000,s,1340
7410893000,r,1440
7410893000,r,1440
7410987000,s,1340
7411136000,s,1340
7411285000,s,1340
7411423000,s,1340
7411628000,s,1340
7411779000,s,1340
7411935000,s,1340
7412015000,r,1440
7412015000,r,1440
7412084000,s,1340
7412015000,r,1440
7412016000,r,1440
7412174000,r,1440
7412174000,r,1440
7412224000,s,1340
7412372000,s,1340
7412529000,s,1340
7412681000,s,1340
7412829000,s,1340
7413041000,s,1340
7413200000,s,1340
7413340000,s,1340
7413473000,s,1340
7413612000,s,1340
7413748000,s,1340
7413888000,s,1340
7414018000,s,1340
7414154000,s,1340
7414174000,r,1440
7414175000,r,1440
7414175000,r,1440
7414175000,r,1440
7414176000,r,1440
7414176000,r,1440
7414176000,r,1440
7414275000,s,1340
7414177000,r,1440
7414307000,r,1440
7414308000,r,1440
7414308000,r,1440
7414308000,r,1440
7414395000,s,1340
7414479000,r,1440
7414479000,r,1440
7414517000,s,1340
7414637000,s,1340
7414761000,s,1340
7414794000,r,1440
7414795000,r,1440
7415022000,s,1340
7415113000,r,1440
7415114000,r,1440
7415157000,s,1340
7415290000,s,1340
7415411000,s,1340
7415569000,r,1440
7415591000,s,1340
7415570000,r,1440
7415907000,s,1340
7416064000,s,1340
7416229000,s,1340
7416391000,s,1340
7416576000,s,1340
7420232000,s,1340
7420672000,s,1340
7421499000,r,1440
7421499000,r,1440
7421500000,r,1440
7421500000,r,1440
7421501000,r,1440
7421501000,r,1440
7421501000,r,1440
7421502000,r,1440
7421862000,r,1440
7421862000,r,1440
7421863000,r,1440
7421863000,r,1440
7421864000,r,1440
7421864000,r,1440
7421865000,r,1440
7421865000,r,1440
7422001000,r,1440
7422002000,r,1440
7422002000,r,1440
7422003000,r,1440
7422003000,r,1440
7422004000,r,1440
7422004000,r,1440
7422005000,r,1440
7422141000,r,1440
7422141000,r,1440
7422142000,r,1440
7422142000,r,1440
7422143000,r,1440
7422143000,r,1440
7422144000,r,1440
7422144000,r,1440
7422246000,s,1340
7422278000,r,1440
7422278000,r,1440
7422302000,s,1340
7422278000,r,1440
7422279000,r,1440
7422279000,r,1440
7422280000,r,1440
7422280000,r,1440
7422281000,r,1440
7422407000,r,1440
7422407000,r,1440
7422457000,r,1440
7422458000,r,1440
7422458000,r,1440
7422459000,r,1440
7424399000,s,1340
7424606000,s,1340
7425038000,s,1340
7425092000,s,1340
7425128000,s,1340
7425178000,s,1340
7425569000,s,1340
7425676000,s,1340
7425726000,s,1340
7425940000,r,1440
7426033000,s,1340
7425940000,r,1440
7425941000,r,1440
7425941000,r,1440
7425942000,r,1440
7425942000,r,1440
7425942000,r,1440
7425943000,r,1440
7426836000,s,1340
7427011000,s,1340
7427163000,s,1340
7427267000,s,1340
7427424000,s,1340
7427757000,s,1340
7427905000,s,1340
7428042000,s,1340
7428171000,s,1340
7428296000,s,1340
7428970000,s,1340
7429106000,s,1340
7429227000,s,1340
7429350000,s,1340
7429473000,s,1340
7429562000,s,1340
7429681000,s,1340
7429789000,s,1340
7430046000,s,1340
7430180000,s,1340
7430310000,s,1340
7430450000,s,1340
7430902000,s,1340
7431064000,s,1340
7431205000,s,1340
7431511000,s,1340
7431716000,s,1340
7432045000,s,1340
7432081000,r,1440
7432192000,s,1340
7432081000,r,1440
7432081000,r,1440
7432082000,r,1440
7432082000,r,1440
7432082000,r,1440
7432083000,r,1440
7432083000,r,1440
7432316000,r,1440
7432317000,r,1440
7432317000,r,1440
7432317000,r,1440
7432318000,r,1440
7432318000,r,1440
7432318000,r,1440
7432319000,r,1440
7432413000,r,1440
7432413000,r,1440
7432491000,r,1440
7432491000,r,1440
7432492000,r,1440
7432492000,r,1440
7432492000,r,1440
7432493000,r,1440
7432938000,s,1340
7433019000,s,1340
7433083000,s,1340
7433114000,r,1440
7433114000,r,1440
7433268000,s,1340
7433480000,s,1340
7433668000,s,1340
7433845000,s,1340
7434015000,s,1340
7434261000,s,1340
7434425000,s,1340
7435345000,s,1340
7435563000,r,1440
7435563000,r,1440
7435564000,r,1440
7435564000,r,1440
7435564000,r,1440
7436542000,s,1340
7436618000,s,1340
7440911000,r,1440
7440911000,r,1440
7440911000,r,1440
7440912000,r,1440
7441821000,s,1340
7441915000,s,1340
7441957000,s,1340
7445181000,r,1440
7445181000,r,1440
7445181000,r,1440
7445182000,r,1440
7445182000,r,1440
7445182000,r,1440
7445183000,r,1440
7445183000,r,1440
7445371000,r,1440
7445371000,r,1440
7445371000,r,1440
7445372000,r,1440
7445372000,r,1440
7445372000,r,1440
7445373000,r,1440
7445373000,r,1440
7445480000,r,1440
7445481000,r,1440
7445481000,r,1440
7445842000,s,1340
7446140000,s,1340
7446280000,s,1340
7447265000,s,1340
7456085000,r,1440
7456085000,r,1440
7456086000,r,1440
7456086000,r,1440
7456260000,s,1340
7456086000,r,1440
7456087000,r,1440
7457297000,s,1340
7457441000,s,1340
7457544000,s,1340
7467995000,s,1340
7468097000,s,1340
7468160000,s,1340
7468493000,s,1340
7468631000,s,1340
7468704000,s,1340
7468905000,s,1340
7469100000,s,1340
7469212000,s,1340
7469324000,s,1340
7469431000,s,1340
7469527000,s,1340
7469851000,s,1340
7469942000,s,1340
7469990000,s,1340
7470280000,s,1340
7470535000,s,1340
7470581000,s,1340
7470751000,s,1340
7471112000,s,1340
7471264000,s,1340
7471399000,s,1340
7471629000,s,1340
7471809000,s,1340
7471881000,s,1340
7472304000,s,1340
7472496000,s,1340
7472656000,s,1340
7472998000,s,1340
7473104000,s,1340
7473158000,s,1340
7473304000,s,1340
7473580000,s,1340
7473710000,s,1340
7473838000,s,1340
7474157000,s,1340
7474303000,s,1340
7474428000,s,1340
7474562000,s,1340
7474817000,s,1340
7475261000,s,1340
7475337000,s,1340
7475442000,s,1340
7475594000,s,1340
7475909000,s,1340
7476086000,s,1340
7486353000,s,1340
7500170000,s,1340
7795026000,r,1440
7795027000,r,1440
7795027000,r,1440
7795027000,r,1440
7795028000,r,1440
7795028000,r,1440
7796445000,s,1340
7796580000,s,1340
7796670000,s,1340
7796731000,s,1340
7796789000,s,1340
7811618000,r,1440
7822442000,s,1340
7822581000,s,1340
7822781000,s,1340
7822965000,s,1340
7823112000,s,1340
7823623000,s,1340
7823767000,s,1340
7823962000,s,1340
7824142000,s,1340
7824555000,s,1340
7824744000,s,1340
7824886000,s,1340
7825140000,s,1340
7825302000,s,1340
7825614000,s,1340
7825761000,s,1340
7825813000,s,1340
7826320000,s,1340
7826423000,s,1340
7826864000,s,1340
7827244000,s,1340
7827470000,s,1340
7827695000,s,1340
7827970000,s,1340
7828212000,s,1340
7828605000,s,1340
7828874000,s,1340
7829032000,s,1340
7829134000,s,1340
7829290000,s,1340
7829434000,s,1340
7829585000,s,1340
7829940000,s,1340
7830308000,s,1340
7830466000,s,1340
7830610000,s,1340
7830746000,s,1340
7830874000,s,1340
7831009000,s,1340
7831233000,s,1340
7831418000,s,1340
7831661000,s,1340
7832044000,s,1340
7832799000,s,1340
7833402000,s,1340
7833549000,s,1340
7833663000,s,1340
7833776000,s,1340
7833887000,s,1340
7833989000,s,1340
7834087000,s,1340
7834186000,s,1340
7834278000,s,1340
7834362000,s,1340
7834502000,s,1340
7834612000,s,1340
7834706000,s,1340
7834914000,s,1340
7835027000,s,1340
7835131000,s,1340
7835226000,s,1340
7835320000,s,1340
7835407000,s,1340
7835591000,s,1340
7835702000,s,1340
7835803000,s,1340
7835899000,s,1340
7835985000,s,1340
7836087000,s,1340
7836180000,s,1340
7836274000,s,1340
7836382000,s,1340
7836467000,s,1340
7836565000,s,1340
7836658000,s,1340
7836762000,s,1340
7836861000,s,1340
7836962000,s,1340
7837056000,s,1340
7837205000,s,1340
7837253000,s,1340
7837350000,s,1340
7837421000,s,1340
7848368000,s,1340
8042975000,s,1340
8058699000,s,1340
8074920000,r,1440
8075368000,r,1440
8076099000,r,1440
8076527000,s,1340
8076685000,s,1340
8076841000,s,1340
8076927000,s,1340
8077405000,s,1340
8077571000,s,1340
8077765000,s,1340
8078143000,s,1340
8078613000,s,1340
8078691000,s,1340
8078733000,s,1340
8078729000,r,1440
8079020000,s,1340
8079104000,s,1340
8079218000,s,1340
8079262000,s,1340
8079296000,s,1340
8079330000,s,1340
8079479000,s,1340
8079706000,s,1340
8079960000,s,1340
8080099000,s,1340
8080166000,s,1340
8080217000,s,1340
8080620000,s,1340
8080763000,s,1340
8080926000,s,1340
8081117000,s,1340
8081438000,s,1340
8081592000,s,1340
8081810000,s,1340
8081983000,s,1340
8082172000,s,1340
8082212000,s,1340
8082312000,s,1340
8082419000,s,1340
8082633000,s,1340
8082881000,s,1340
8082967000,s,1340
8083136000,s,1340
8083265000,s,1340
8083476000,s,1340
8083588000,s,1340
8083708000,s,1340
8083807000,s,1340
8083894000,s,1340
8083984000,s,1340
8084069000,s,1340
8084154000,s,1340
8084238000,s,1340
8084323000,s,1340
8084416000,s,1340
8084503000,s,1340
8084588000,s,1340
8085040000,s,1340
8085154000,s,1340
8085299000,s,1340
8085545000,s,1340
8085681000,s,1340
8085786000,s,1340
8086136000,s,1340
8086504000,s,1340
8087838000,s,1340
8088100000,s,1340
8088251000,s,1340
8088387000,s,1340
8088553000,s,1340
8088688000,r,1440
8088689000,r,1440
8088848000,s,1340
8088689000,r,1440
8088689000,r,1440
8089194000,s,1340
8089306000,s,1340
8089354000,s,1340
8089587000,s,1340
8089756000,s,1340
8089893000,s,1340
8090007000,s,1340
8090138000,s,1340
8090262000,s,1340
8100037000,s,1340
8100732000,r,1440
8100732000,r,1440
8100733000,r,1440
8100733000,r,1440
8100734000,r,1440
8100734000,r,1440
8100735000,r,1440
8100735000,r,1440
8101081000,r,1440
8101081000,r,1440
8101082000,r,1440
8101082000,r,1440
8101082000,r,1440
8101083000,r,1440
8101083000,r,1440
8101084000,r,1440
8101220000,r,1440
8101220000,r,1440
8101221000,r,1440
8101221000,r,1440
8101222000,r,1440
8101222000,r,1440
8101223000,r,1440
8101223000,r,1440
8101352000,r,1440
8101352000,r,1440
8101353000,r,1440
8101353000,r,1440
8101353000,r,1440
8101354000,r,1440
8101354000,r,1440
8101355000,r,1440
8101482000,r,1440
8101483000,r,1440
8101483000,r,1440
8101484000,r,1440
8101484000,r,1440
8101485000,r,1440
8101485000,r,1440
8101486000,r,1440
8101615000,r,1440
8101615000,r,1440
8101616000,r,1440
8101616000,r,1440
8101617000,r,1440
8101617000,r,1440
8101617000,r,1440
8101787000,r,1440
8102483000,s,1340
8102603000,s,1340
8102704000,s,1340
8102731000,s,1340
8102786000,s,1340
8102841000,s,1340
8103133000,s,1340
8103210000,s,1340
8103281000,s,1340
8103365000,s,1340
8103410000,s,1340
8103574000,s,1340
8103574000,r,1440
8103632000,s,1340
8103692000,s,1340
8104269000,s,1340
8104419000,s,1340
8104490000,s,1340
8104531000,s,1340
8104587000,s,1340
8104634000,s,1340
8104737000,s,1340
8105010000,s,1340
8105103000,s,1340
8105186000,s,1340
8105262000,s,1340
8105325000,s,1340
8105397000,s,1340
8105441000,s,1340
8105582000,s,1340
8105658000,s,1340
8105727000,s,1340
8105824000,s,1340
8105962000,s,1340
8106006000,s,1340
8106159000,s,1340
8106206000,s,1340
8106252000,s,1340
8106296000,s,1340
8106336000,s,1340
8107601000,r,1440
8107601000,r,1440
8107602000,r,1440
8107602000,r,1440
8108638000,s,1340
8108758000,s,1340
8109643000,s,1340
8109750000,r,1440
8109750000,r,1440
8109751000,r,1440
8109751000,r,1440
8109751000,r,1440
8110589000,s,1340
8110694000,s,1340
8110855000,s,1340
8114308000,r,1440
8114308000,r,1440
8114309000,r,1440
8114309000,r,1440
8114309000,r,1440
8114578000,r,1440
8114579000,r,1440
8115223000,s,1340
8115308000,s,1340
8115573000,r,1440
8115574000,r,1440
8115574000,r,1440
8116022000,r,1440
8116022000,r,1440
8116022000,r,1440
8116023000,r,1440
8116127000,s,1340
8116780000,s,1340
8116922000,s,1340
8117000000,r,1440
8117701000,r,1440
8117701000,r,1440
8117702000,r,1440
8117702000,r,1440
8117703000,r,1440
8118435000,s,1340
8118546000,s,1340
8119449000,r,1440
8119508000,s,1340
8119775000,s,1340
8119934000,s,1340
8121049000,s,1340
8121264000,s,1340
8121379000,s,1340
8121475000,s,1340
8121540000,s,1340
8121710000,s,1340
8121891000,s,1340
8122070000,s,1340
8122310000,s,1340
8122427000,s,1340
8122627000,s,1340
8122772000,s,1340
8123057000,s,1340
8123214000,s,1340
8123331000,s,1340
8123445000,s,1340
8123823000,s,1340
8123978000,s,1340
8124101000,s,1340
8124209000,s,1340
8124320000,s,1340
8124683000,s,1340
8124887000,s,1340
8125247000,r,1440
8125247000,r,1440
8125247000,r,1440
8125248000,r,1440
8125248000,r,1440
8125249000,r,1440
8125249000,r,1440
8125250000,r,1440
8125506000,r,1440
8125507000,r,1440
8125507000,r,1440
8125508000,r,1440
8125508000,r,1440
8125508000,r,1440
8125509000,r,1440
8125509000,r,1440
8125643000,r,1440
8125643000,r,1440
8125644000,r,1440
8125644000,r,1440
8125644000,r,1440
8125645000,r,1440
8125719000,s,1340
8125645000,r,1440
8125906000,s,1340
8126015000,s,1340
8126114000,s,1340
8126543000,s,1340
8126713000,s,1340
8126875000,s,1340
8127019000,s,1340
8127151000,s,1340
8127458000,s,1340
8127704000,s,1340
8127867000,s,1340
8128223000,s,1340
8128372000,s,1340
8128502000,s,1340
8128587000,s,1340
8128704000,s,1340
8128785000,s,1340
8128919000,s,1340
8129044000,s,1340
8129439000,s,1340
8129673000,s,1340
8129918000,s,1340
8129962000,s,1340
8130074000,s,1340
8130294000,s,1340
8130420000,s,1340
8130496000,s,1340
8130556000,s,1340
8130704000,s,1340
8131010000,s,1340
8131295000,s,1340
8131366000,s,1340
8131541000,s,1340
8131703000,s,1340
8131816000,s,1340
8131939000,s,1340
8132106000,s,1340
8132305000,s,1340
8132441000,s,1340
8132518000,s,1340
8132579000,s,1340
8132693000,s,1340
8132809000,s,1340
8132883000,s,1340
8133064000,s,1340
8133204000,s,1340
8134058000,s,1340
8144597000,s,1340
8153319000,r,1440
8153319000,r,1440
8153320000,r,1440
8153320000,r,1440
8153321000,r,1440
8153725000,r,1440
8153725000,r,1440
8153726000,r,1440
8153726000,r,1440
8153727000,r,1440
8154974000,s,1340
8155128000,s,1340
8155158000,s,1340
8155182000,s,1340
8155204000,s,1340
8156101000,s,1340
8158013000,r,1440
8158014000,r,1440
8158014000,r,1440
8158014000,r,1440
8158015000,r,1440
8158015000,r,1440
8158016000,r,1440
8158016000,r,1440
8158278000,r,1440
8158278000,r,1440
8158279000,r,1440
8159106000,s,1340
8159189000,s,1340
8159589000,r,1440
8159589000,r,1440
8159589000,r,1440
8159590000,r,1440
8159590000,r,1440
8159591000,r,1440
8159591000,r,1440
8159592000,r,1440
8159791000,r,1440
8159791000,r,1440
8159792000,r,1440
8159919000,r,1440
8159920000,r,1440
8160133000,r,1440
8160448000,r,1440
8160794000,r,1440
8160794000,r,1440
8161088000,r,1440
8161962000,r,1440
8161963000,r,1440
8161963000,r,1440
8162329000,r,1440
8162478000,r,1440
8162478000,r,1440
8162540000,s,1340
8162656000,s,1340
8162725000,s,1340
8162791000,s,1340
8162839000,s,1340
8162875000,s,1340
8162925000,s,1340
8164523000,r,1440
8164524000,r,1440
8164824000,r,1440
8165140000,r,1440
8165140000,r,1440
8165458000,r,1440
8165771000,r,1440
8166772000,r,1440
8166773000,r,1440
8166773000,r,1440
8166916000,r,1440
8167229000,r,1440
8167552000,r,1440
8168440000,r,1440
8168441000,r,1440
8168441000,r,1440
8168442000,r,1440
8168749000,r,1440
8168750000,r,1440
8168936000,s,1340
8169038000,s,1340
8169088000,s,1340
8169127000,s,1340
8169162000,s,1340
8169200000,s,1340
8169235000,s,1340
8169270000,s,1340
8169302000,s,1340
8169337000,s,1340
8169390000,s,1340
8169425000,s,1340
8169458000,s,1340
8169493000,s,1340
8172464000,r,1440
8172464000,r,1440
8172858000,r,1440
8173173000,r,1440
8173173000,r,1440
8173475000,r,1440
8173782000,r,1440
8174093000,r,1440
8174638000,r,1440
8175149000,r,1440
8175149000,r,1440
8175150000,r,1440
8175451000,r,1440
8176202000,s,1340
8176373000,r,1440
8176472000,s,1340
8176374000,r,1440
8176554000,r,1440
8176554000,r,1440
8176789000,s,1340
8176902000,s,1340
8176953000,s,1340
8176991000,s,1340
8177177000,s,1340
8177291000,s,1340
8177438000,s,1340
8177503000,s,1340
8177556000,s,1340
8177593000,s,1340
8177631000,s,1340
8177931000,s,1340
8177996000,r,1440
8178058000,s,1340
8177996000,r,1440
8178122000,s,1340
8178164000,s,1340
8178316000,s,1340
8178395000,s,1340
8178500000,s,1340
8178704000,s,1340
8178924000,s,1340
8178991000,s,1340
8179275000,s,1340
8179643000,s,1340
8179936000,s,1340
8180654000,s,1340
8180742000,s,1340
8180795000,s,1340
8180946000,s,1340
8181103000,s,1340
8181323000,s,1340
8181467000,s,1340
8181602000,s,1340
8181644000,s,1340
8181712000,s,1340
8181792000,r,1440
8181871000,s,1340
8181793000,r,1440
8181793000,r,1440
8182158000,s,1340
8182238000,s,1340
8182277000,s,1340
8182685000,r,1440
8182686000,r,1440
8182686000,r,1440
8182824000,r,1440
8182952000,s,1340
8183023000,s,1340
8183066000,s,1340
8183447000,s,1340
8183589000,r,1440
8183683000,s,1340
8183589000,r,1440
8183590000,r,1440
8183816000,s,1340
8183904000,r,1440
8183941000,s,1340
8184126000,s,1340
8184395000,s,1340
8184490000,s,1340
8184535000,s,1340
8184574000,r,1440
8184664000,s,1340
8184574000,r,1440
8184775000,r,1440
8184853000,s,1340
8184951000,s,1340
8184996000,s,1340
8185055000,s,1340
8185091000,s,1340
8185470000,r,1440
8185524000,s,1340
8185471000,r,1440
8185731000,s,1340
8185845000,r,1440
8185880000,s,1340
8185845000,r,1440
8185846000,r,1440
8186034000,s,1340
8186137000,s,1340
8186271000,s,1340
8186325000,s,1340
8186361000,s,1340
8186394000,s,1340
8186503000,s,1340
8186575000,s,1340
8186610000,s,1340
8186765000,s,1340
8186925000,s,1340
8187038000,s,1340
8187127000,s,1340
8187180000,s,1340
8187321000,s,1340
8187463000,s,1340
8187674000,s,1340
8187820000,s,1340
8187864000,s,1340
8188483000,s,1340
8188816000,s,1340
8188877000,s,1340
8189086000,s,1340
8189303000,s,1340
8189481000,s,1340
8189587000,s,1340
8189659000,s,1340
8189811000,s,1340
8189931000,s,1340
8190004000,s,1340
8190145000,s,1340
8190238000,s,1340
8190815000,s,1340
8190831000,r,1440
8190831000,r,1440
8190832000,r,1440
8190998000,s,1340
8191142000,s,1340
8191249000,s,1340
8191303000,r,1440
8191303000,r,1440
8191383000,s,1340
8191303000,r,1440
8191570000,s,1340
8191893000,s,1340
8192049000,s,1340
8192224000,s,1340
8192398000,s,1340
8196032000,s,1340
8201729000,s,1340
8201831000,s,1340
8506692000,s,1340
8523599000,r,1440
8525263000,s,1340
8527496000,s,1340
8527655000,r,1440
8527691000,s,1340
8527656000,r,1440
8529129000,s,1340
8529151000,r,1440
8535468000,s,1340
8541015000,r,1440
8541016000,r,1440
8541016000,r,1440
8542182000,s,1340
8542309000,s,1340
8543433000,s,1340
8543578000,r,1440
8544116000,s,1340
8544254000,s,1340
8544483000,s,1340
8544738000,s,1340
8544822000,s,1340
8544878000,r,1440
8544965000,s,1340
8545230000,s,1340
8545528000,s,1340
8545738000,s,1340
8545915000,s,1340
8546007000,r,1440
8546107000,s,1340
8546321000,s,1340
8546450000,s,1340
8546564000,s,1340
8546817000,s,1340
8546956000,s,1340
8547253000,s,1340
8547598000,s,1340
8547715000,s,1340
8547853000,s,1340
8548035000,s,1340
8548164000,s,1340
8548600000,s,1340
8548737000,s,1340
8548955000,s,1340
8549073000,s,1340
8549264000,s,1340
8549408000,s,1340
8549659000,s,1340
8549812000,s,1340
8550162000,s,1340
8550337000,s,1340
8550465000,s,1340
8550587000,s,1340
8550840000,s,1340
8551253000,s,1340
8551365000,s,1340
8551662000,s,1340
8551790000,s,1340
8551832000,s,1340
8552100000,s,1340
8552189000,s,1340
8553414000,s,1340
8553580000,s,1340
8553788000,s,1340
8553938000,s,1340
8554258000,s,1340
8554466000,s,1340
8554845000,s,1340
8555000000,s,1340
8555266000,s,1340
8555416000,s,1340
8555675000,s,1340
8556138000,s,1340
8556232000,s,1340
8556508000,s,1340
8556673000,s,1340
8556809000,s,1340
8556950000,s,1340
8557083000,s,1340
8557239000,r,1440
8557239000,r,1440
8557359000,s,1340
8557713000,s,1340
8557897000,s,1340
8558413000,s,1340
8558534000,s,1340
8558582000,s,1340
8558746000,s,1340
8558817000,r,1440
8558817000,r,1440
8559015000,s,1340
8559206000,s,1340
8559344000,s,1340
8559487000,s,1340
8559651000,s,1340
8559944000,s,1340
8560186000,s,1340
8560354000,s,1340
8560492000,s,1340
8560640000,s,1340
8560768000,s,1340
8561106000,s,1340
8561209000,s,1340
8561306000,s,1340
8562746000,s,1340
8568381000,r,1440
8568381000,r,1440
8568382000,r,1440
8568382000,r,1440
8568382000,r,1440
8568813000,r,1440
8568813000,r,1440
8569201000,r,1440
8569221000,s,1340
8569400000,s,1340
8569508000,r,1440
8569509000,s,1340
8569616000,r,1440
8569616000,r,1440
8569651000,s,1340
8569802000,s,1340
8569954000,s,1340
8570098000,s,1340
8570223000,s,1340
8570337000,s,1340
8570478000,s,1340
8570617000,s,1340
8570764000,s,1340
8570921000,s,1340
8571178000,s,1340
8572173000,s,1340
8572304000,s,1340
8572400000,s,1340
8572869000,s,1340
8572930000,s,1340
8572978000,s,1340
8573014000,s,1340
8573047000,s,1340
8573087000,s,1340
8573281000,s,1340
8573474000,s,1340
8573622000,s,1340
8573742000,s,1340
8573864000,s,1340
8574402000,s,1340
8574567000,s,1340
8575348000,s,1340
8575760000,s,1340
8575894000,s,1340
8576361000,s,1340
8576474000,s,1340
8576535000,s,1340
8576988000,s,1340
8577075000,s,1340
8577116000,s,1340
8577506000,s,1340
8577575000,s,1340
8577662000,s,1340
8578125000,s,1340
8578338000,s,1340
8578552000,s,1340
8579279000,s,1340
8579502000,s,1340
8579749000,s,1340
8579932000,s,1340
8580102000,s,1340
8580276000,s,1340
8580803000,s,1340
8581387000,s,1340
8581615000,s,1340
8581759000,s,1340
8582112000,s,1340
8582289000,s,1340
8582455000,s,1340
8582822000,s,1340
8582890000,s,1340
8583104000,s,1340
8583240000,s,1340
8583990000,s,1340
8584217000,s,1340
8584379000,s,1340
8584505000,s,1340
8584668000,s,1340
8585411000,s,1340
8585522000,r,1440
8585771000,s,1340
8585961000,s,1340
8586040000,r,1440
8586121000,s,1340
8586258000,s,1340
8586400000,s,1340
8586554000,s,1340
8586695000,s,1340
8586837000,s,1340
8587353000,r,1440
8587669000,r,1440
8588067000,s,1340
8588231000,s,1340
8588381000,s,1340
8588492000,s,1340
8588647000,s,1340
8588965000,s,1340
8589134000,r,1440
8589139000,s,1340
8589135000,r,1440
8589312000,s,1340
8589526000,s,1340
8589709000,s,1340
8590602000,s,1340
8590811000,s,1340
8590998000,s,1340
8591354000,s,1340
8591423000,r,1440
8591423000,r,1440
8591504000,s,1340
8591775000,s,1340
8592281000,s,1340
8592440000,s,1340
8592573000,s,1340
8592713000,s,1340
8592846000,s,1340
8592947000,s,1340
8593084000,s,1340
8593240000,s,1340
8593381000,r,1440
8593386000,s,1340
8593381000,r,1440
8593568000,s,1340
8593727000,s,1340
8593786000,r,1440
8593786000,r,1440
8593868000,s,1340
8593999000,s,1340
8594212000,s,1340
8594419000,s,1340
8594498000,s,1340
8594803000,s,1340
8594942000,s,1340
8595001000,s,1340
8595050000,s,1340
8595283000,s,1340
8595600000,s,1340
8596027000,s,1340
8596209000,s,1340
8596356000,s,1340
8596500000,s,1340
8596652000,s,1340
8596840000,s,1340
8597010000,s,1340
8597283000,s,1340
8597441000,s,1340
8597719000,s,1340
8598174000,s,1340
8598329000,s,1340
8598506000,s,1340
8598579000,s,1340
8598772000,s,1340
8599121000,s,1340
8599710000,s,1340
8599876000,s,1340
8600026000,s,1340
8600178000,s,1340
8600881000,s,1340
8601002000,r,1440
8601070000,s,1340
8601227000,s,1340
8601393000,s,1340
8601537000,s,1340
8603571000,r,1440
8605608000,s,1340
8605697000,s,1340
8605969000,s,1340
8606156000,s,1340
8606451000,s,1340
8606746000,s,1340
8606861000,s,1340
8607150000,s,1340
8607321000,s,1340
8607485000,s,1340
8607811000,s,1340
8607879000,s,1340
8607876000,r,1440
8607967000,s,1340
8608268000,s,1340
8608443000,s,1340
8608604000,s,1340
8608757000,s,1340
8609243000,s,1340
8609434000,s,1340
8609437000,r,1440
8609595000,s,1340
8609776000,s,1340
8609940000,s,1340
8610270000,s,1340
8610723000,r,1440
8610793000,s,1340
8610982000,s,1340
8611136000,s,1340
8611287000,s,1340
8611451000,s,1340
8611589000,r,1440
8612169000,s,1340
8614211000,r,1440
8621589000,s,1340
8649752000,s,1340
8649965000,s,1340
8662650000,r,1440
8662651000,r,1440
8673981000,s,1340
8698612000,r,1440
8700401000,s,1340
8745151000,s,1340
10795710000,s,1340
10824763000,s,1340
10825168000,s,1340
10848268000,r,1440
10848268000,r,1440
10848960000,s,1340
10849029000,s,1340
10858769000,s,1340
11627672000,r,1440
11627673000,r,1440
11627673000,r,1440
11627673000,r,1440
11627673000,r,1440
11627674000,r,1440
11627674000,r,1440
11629113000,s,1340
11629228000,s,1340
11629476000,s,1340
11636105000,s,1340
11636328000,s,1340
11640059000,s,1340
11647576000,r,1440
11650493000,r,1440
11650493000,r,1440
11650604000,r,1440
11651282000,s,1340
11651621000,s,1340
11651839000,s,1340
11651919000,r,1440
11652005000,s,1340
11652208000,s,1340
11652418000,s,1340
11652585000,s,1340
11652748000,s,1340
11652964000,s,1340
11653199000,s,1340
11653401000,s,1340
11653585000,s,1340
11653785000,s,1340
11653963000,s,1340
11654159000,s,1340
11654354000,s,1340
11654708000,s,1340
11654931000,s,1340
11655200000,s,1340
11655402000,s,1340
11655963000,s,1340
11656176000,s,1340
11656398000,s,1340
11656936000,s,1340
11657130000,s,1340
11657326000,s,1340
11657593000,s,1340
11657700000,s,1340
11657905000,s,1340
11658066000,s,1340
11658116000,s,1340
11658161000,s,1340
11658482000,s,1340
11658661000,s,1340
11658803000,s,1340
11658929000,s,1340
11659074000,s,1340
11659225000,s,1340
11659367000,s,1340
11659581000,s,1340
11659901000,s,1340
11660084000,s,1340
11660251000,s,1340
11670611000,s,1340
16140012000,r,1440
16140012000,r,1440
16140013000,r,1440
16142901000,s,1340
19385396000,s,1340
19425507000,s,1340
19425964000,s,1340
20738985000,s,1340
20777154000,s,1340
20777590000,s,1340
20999804000,r,1440
20999805000,r,1440
20999806000,r,1440
21003781000,s,1340
24458428000,s,1340
24497755000,s,1340
24498188000,s,1340
24520643000,r,1440
24520644000,r,1440
24521541000,r,1440
24522690000,s,1340
24522861000,s,1340
24991627000,r,1440
29226798000,s,1340
30011758000,r,1440