0,s,1340
409000,s,1340
467000,s,1340
440569000,r,1440
1846400000,s,1340
1877702000,s,1340
1878109000,s,1340
1913516000,r,1440
1914872000,s,1340
1916075000,s,1340
1916434000,s,1340
1919007000,s,1340
1919133000,s,1340
1919198000,s,1340
1919233000,s,1340
1919320000,s,1340
1919806000,s,1340
1919917000,s,1340
1919977000,s,1340
1920261000,s,1340
1920442000,s,1340
1920557000,s,1340
1920793000,s,1340
1920931000,s,1340
1921204000,s,1340
1921441000,s,1340
1921553000,s,1340
1921805000,s,1340
1921997000,s,1340
1922275000,s,1340
1922668000,s,1340
1923294000,s,1340
1923418000,s,1340
1923463000,s,1340
1923498000,s,1340
1923533000,s,1340
1923687000,s,1340
1923758000,s,1340
1923935000,s,1340
1924225000,s,1340
1924327000,s,1340
1925379000,r,1440
1927813000,r,1440
1930027000,r,1440
1930679000,s,1340
1934283000,s,1340
1943668000,r,1440
1943668000,r,1440
1944726000,s,1340
1945133000,s,1340
1945369000,r,1440
1946635000,s,1340
1955642000,s,1340
1964374000,r,1440
1965677000,r,1440
1966459000,r,1440
1967188000,s,1340
1967775000,r,1440
1975417000,r,1440
1976193000,s,1340
1976306000,s,1340
1976407000,s,1340
1976482000,s,1340
1976723000,s,1340
1976822000,s,1340
1976884000,s,1340
1977054000,s,1340
1977144000,r,1440
1977224000,s,1340
1977473000,s,1340
1986521000,r,1440
1987204000,s,1340
1987865000,r,1440
1988466000,s,1340
1988723000,r,1440
1990474000,r,1440
1991043000,r,1440
1991201000,s,1340
1991426000,s,1340
1997986000,r,1440
1997986000,r,1440
1997986000,r,1440
1998874000,s,1340
1999453000,r,1440
1999973000,s,1340
2000041000,r,1440
2003288000,r,1440
2003288000,r,1440
2003289000,r,1440
2003926000,s,1340
2005147000,r,1440
2005477000,s,1340
2008312000,r,1440
2008920000,r,1440
2009475000,s,1340
2015265000,r,1440
2017309000,r,1440
2017604000,r,1440
2017942000,s,1340
2018036000,s,1340
2019216000,r,1440
2022529000,r,1440
2022529000,r,1440
2023006000,s,1340
2023251000,s,1340
2027449000,r,1440
2028013000,r,1440
2071181000,s,1340
2082027000,r,1440
2082806000,r,1440
2084165000,r,1440
2084166000,r,1440
2084897000,s,1340
2094799000,r,1440
2095501000,s,1340
2096652000,r,1440
2097019000,r,1440
2097550000,s,1340
4063266000,s,1340
4957805000,s,1340
4993323000,s,1340
4993726000,s,1340
5015865000,r,1440
5016616000,s,1340
5021719000,s,1340
5021860000,s,1340
5026623000,s,1340
5033176000,r,1440
5034183000,r,1440
5035057000,s,1340
5036838000,r,1440
5037161000,s,1340
5045266000,s,1340
5048345000,r,1440
5049957000,r,1440
5050349000,s,1340
5053250000,r,1440
5054925000,r,1440
5055525000,s,1340
5057287000,r,1440
5057602000,s,1340
5058421000,r,1440
5058669000,s,1340
5095039000,s,1340
5147263000,s,1340
5148573000,s,1340
5161503000,r,1440
5161503000,r,1440
5161739000,r,1440
5162479000,s,1340
5162642000,s,1340
5163380000,s,1340
5172689000,s,1340
5184365000,r,1440
5186080000,r,1440
5186080000,r,1440
5186081000,r,1440
5186207000,r,1440
5186207000,r,1440
5186208000,r,1440
5186208000,r,1440
5186208000,r,1440
5186208000,r,1440
5186939000,s,1340
5187232000,s,1340
5187374000,s,1340
5187494000,s,1340
5187614000,s,1340
5187708000,s,1340
5187824000,s,1340
5189958000,r,1440
5189958000,r,1440
5191811000,r,1440
5191811000,r,1440
5192448000,s,1340
5195745000,r,1440
5196127000,s,1340
5196604000,r,1440
5197128000,s,1340
5197411000,r,1440
5197822000,s,1340
5198852000,r,1440
5235439000,s,1340
5310983000,s,1340
5311106000,s,1340
5319442000,s,1340
5319520000,s,1340
5326653000,r,1440
5329499000,s,1340
5329679000,s,1340
5329842000,s,1340
5329949000,s,1340
5330246000,s,1340
5330428000,r,1440
5330429000,r,1440
5330659000,s,1340
5331190000,s,1340
5331397000,s,1340
5331865000,r,1440
5331974000,s,1340
5332097000,s,1340
5332361000,s,1340
5332471000,s,1340
5332574000,s,1340
5332804000,s,1340
5333220000,r,1440
5333220000,r,1440
5333220000,r,1440
5333397000,s,1340
5333483000,s,1340
5333535000,s,1340
5333553000,s,1340
5333811000,s,1340
5333859000,s,1340
5334404000,s,1340
5334407000,r,1440
5334426000,s,1340
5334439000,s,1340
5334667000,s,1340
5334850000,s,1340
5334889000,s,1340
5335018000,s,1340
5335055000,s,1340
5335630000,r,1440
5335630000,r,1440
5335630000,r,1440
5335630000,r,1440
5335630000,r,1440
5335630000,r,1440
5335631000,r,1440
5335631000,r,1440
5335756000,r,1440
5335819000,s,1340
5335858000,s,1340
5335938000,s,1340
5335962000,s,1340
5335983000,s,1340
5336032000,s,1340
5336045000,s,1340
5336069000,s,1340
5336079000,s,1340
5336088000,s,1340
5336098000,s,1340
5336106000,s,1340
5336113000,s,1340
5336120000,s,1340
5336247000,s,1340
5336368000,s,1340
5336425000,s,1340
5336470000,s,1340
5336703000,s,1340
5336706000,r,1440
5336730000,s,1340
5336706000,r,1440
5336707000,r,1440
5336707000,r,1440
5336707000,r,1440
5336707000,r,1440
5337010000,s,1340
5337052000,s,1340
5337117000,s,1340
5337140000,s,1340
5337324000,s,1340
5337365000,s,1340
5337431000,s,1340
5337452000,s,1340
5337495000,s,1340
5337569000,s,1340
5337599000,s,1340
5337672000,s,1340
5337701000,s,1340
5337812000,s,1340
5337822000,s,1340
5337938000,s,1340
5338760000,s,1340
5338808000,s,1340
5338914000,s,1340
5338985000,s,1340
5339472000,r,1440
5339472000,r,1440
5339472000,r,1440
5339472000,r,1440
5339797000,s,1340
5342308000,r,1440
5342308000,r,1440
5342606000,s,1340
5346508000,r,1440
5346508000,r,1440
5346508000,r,1440
5346508000,r,1440
5346508000,r,1440
5346509000,r,1440
5346667000,s,1340
5346717000,s,1340
5346985000,s,1340
5347184000,s,1340
5347590000,s,1340
5347626000,s,1340
5347650000,s,1340
5347656000,r,1440
5347656000,r,1440
5347656000,r,1440
5347656000,r,1440
5347657000,r,1440
5347657000,r,1440
5347657000,r,1440
5347743000,s,1340
5347657000,r,1440
5347765000,r,1440
5347765000,r,1440
5347765000,r,1440
5347785000,s,1340
5347765000,r,1440
5347872000,s,1340
5347896000,s,1340
5347911000,s,1340
5347939000,s,1340
5347955000,s,1340
5347969000,s,1340
5347992000,s,1340
5348013000,s,1340
5348034000,s,1340
5348055000,s,1340
5348072000,s,1340
5348093000,s,1340
5348110000,s,1340
5348128000,s,1340
5348146000,s,1340
5348163000,s,1340
5348179000,s,1340
5348345000,s,1340
5348377000,s,1340
5348422000,r,1440
5348453000,s,1340
5348422000,r,1440
5348423000,r,1440
5348423000,r,1440
5348423000,r,1440
5348423000,r,1440
5348423000,r,1440
5348574000,s,1340
5348620000,s,1340
5348703000,s,1340
5348753000,s,1340
5348834000,s,1340
5348861000,s,1340
5348892000,s,1340
5348903000,s,1340
5348925000,s,1340
5348944000,s,1340
5349099000,s,1340
5349109000,s,1340
5349429000,s,1340
5349581000,s,1340
5349941000,r,1440
5349952000,s,1340
5350100000,s,1340
5350379000,s,1340
5350602000,s,1340
5350721000,s,1340
5350817000,s,1340
5350946000,s,1340
5351253000,s,1340
5351321000,s,1340
5351861000,s,1340
5351971000,s,1340
5352081000,s,1340
5352160000,s,1340
5352480000,s,1340
5352670000,s,1340
5352749000,s,1340
5353440000,s,1340
5353490000,s,1340
5353516000,s,1340
5353533000,s,1340
5353632000,s,1340
5353681000,s,1340
5353814000,s,1340
5354193000,r,1440
5354207000,s,1340
5354194000,r,1440
5354194000,r,1440
5354394000,s,1340
5354468000,s,1340
5354546000,s,1340
5354574000,s,1340
5354590000,s,1340
5355018000,s,1340
5355156000,r,1440
5355187000,s,1340
5355156000,r,1440
5355156000,r,1440
5355156000,r,1440
5355156000,r,1440
5355157000,r,1440
5355232000,s,1340
5355157000,r,1440
5355157000,r,1440
5355255000,r,1440
5355255000,r,1440
5355528000,s,1340
5355547000,s,1340
5355557000,s,1340
5355564000,s,1340
5355624000,s,1340
5355654000,s,1340
5355671000,s,1340
5355687000,s,1340
5355700000,s,1340
5355714000,s,1340
5355728000,s,1340
5355743000,s,1340
5355757000,s,1340
5356115000,s,1340
5356253000,s,1340
5356371000,s,1340
5356489000,s,1340
5356575000,s,1340
5356631000,s,1340
5356729000,s,1340
5356784000,s,1340
5356932000,s,1340
5357013000,s,1340
5357084000,s,1340
5358285000,s,1340
5358403000,s,1340
5358435000,r,1440
5358507000,s,1340
5358728000,s,1340
5361462000,r,1440
5361462000,r,1440
5361463000,r,1440
5361845000,s,1340
5361908000,s,1340
5361939000,s,1340
5366650000,r,1440
5366650000,r,1440
5366650000,r,1440
5366650000,r,1440
5366650000,r,1440
5366651000,r,1440
5366651000,r,1440
5366651000,r,1440
5366810000,r,1440
5366811000,r,1440
5366811000,r,1440
5366811000,r,1440
5366811000,r,1440
5366811000,r,1440
5366812000,r,1440
5366812000,r,1440
5366908000,r,1440
5366908000,r,1440
5366908000,r,1440
5366909000,r,1440
5366909000,r,1440
5366909000,r,1440
5366909000,r,1440
5366909000,r,1440
5366979000,r,1440
5366979000,r,1440
5366979000,r,1440
5366979000,r,1440
5366979000,r,1440
5366980000,r,1440
5366980000,r,1440
5366980000,r,1440
5367049000,r,1440
5367049000,r,1440
5367049000,r,1440
5367050000,r,1440
5367050000,r,1440
5367050000,r,1440
5367050000,r,1440
5367050000,r,1440
5367118000,r,1440
5367118000,r,1440
5367118000,r,1440
5367118000,r,1440
5367164000,r,1440
5367164000,r,1440
5367165000,r,1440
5367165000,r,1440
5367165000,r,1440
5367165000,r,1440
5367165000,r,1440
5367166000,r,1440
5367238000,r,1440
5367239000,r,1440
5367239000,r,1440
5367239000,r,1440
5367239000,r,1440
5367239000,r,1440
5367240000,r,1440
5367240000,r,1440
5367685000,s,1340
5367866000,s,1340
5368136000,s,1340
5368244000,s,1340
5368322000,s,1340
5368642000,s,1340
5368742000,r,1440
5368743000,r,1440
5368821000,s,1340
5368743000,r,1440
5368743000,r,1440
5368743000,r,1440
5368743000,r,1440
5368743000,r,1440
5368744000,r,1440
5368877000,r,1440
5368877000,r,1440
5368878000,r,1440
5368878000,r,1440
5368878000,r,1440
5368914000,s,1340
5368878000,r,1440
5368878000,r,1440
5369011000,s,1340
5369093000,s,1340
5369190000,s,1340
5369283000,s,1340
5369371000,s,1340
5369468000,s,1340
5370006000,s,1340
5370111000,s,1340
5370199000,s,1340
5370278000,s,1340
5370362000,s,1340
5370462000,s,1340
5370752000,s,1340
5370841000,s,1340
5370924000,s,1340
5371009000,s,1340
5371093000,s,1340
5371183000,s,1340
5371272000,s,1340
5371350000,s,1340
5371412000,s,1340
5371475000,s,1340
5371540000,s,1340
5371600000,s,1340
5371661000,s,1340
5371724000,s,1340
5371784000,s,1340
5371845000,s,1340
5371910000,s,1340
5371977000,s,1340
5372036000,s,1340
5372096000,s,1340
5372158000,s,1340
5372225000,s,1340
5372291000,s,1340
5372358000,s,1340
5372416000,s,1340
5372481000,s,1340
5372544000,s,1340
5372609000,s,1340
5372685000,s,1340
5372753000,s,1340
5372815000,s,1340
5372895000,s,1340
5372957000,s,1340
5373022000,s,1340
5373080000,s,1340
5373138000,r,1440
5373163000,s,1340
5373246000,s,1340
5373314000,s,1340
5373393000,s,1340
5373462000,s,1340
5373554000,s,1340
5373639000,s,1340
5373668000,r,1440
5373722000,s,1340
5373825000,s,1340
5373914000,s,1340
5373989000,s,1340
5374072000,s,1340
5374167000,s,1340
5374265000,s,1340
5374363000,s,1340
5374443000,r,1440
5374449000,s,1340
5374444000,r,1440
5374584000,s,1340
5374683000,s,1340
5374770000,s,1340
5374863000,s,1340
5374947000,s,1340
5375033000,s,1340
5375109000,s,1340
5375193000,s,1340
5375272000,s,1340
5375363000,s,1340
5375454000,s,1340
5375539000,s,1340
5375613000,s,1340
5375688000,s,1340
5375801000,s,1340
5375889000,s,1340
5375976000,s,1340
5376065000,s,1340
5376182000,s,1340
5376268000,s,1340
5376360000,s,1340
5376450000,s,1340
5376520000,s,1340
5376586000,s,1340
5376653000,s,1340
5376745000,s,1340
5376832000,s,1340
5376922000,s,1340
5377015000,s,1340
5377106000,s,1340
5377204000,s,1340
5377296000,s,1340
5377392000,s,1340
5377485000,s,1340
5377581000,s,1340
5377677000,s,1340
5377771000,s,1340
5377888000,s,1340
5377991000,s,1340
5378089000,s,1340
5378235000,s,1340
5378337000,s,1340
5378429000,s,1340
5378570000,s,1340
5378651000,s,1340
5378734000,s,1340
5378811000,s,1340
5378893000,s,1340
5379256000,s,1340
5379349000,s,1340
5379429000,s,1340
5379503000,s,1340
5379544000,r,1440
5379585000,s,1340
5379664000,s,1340
5379755000,s,1340
5379824000,s,1340
5379900000,s,1340
5379977000,s,1340
5380062000,s,1340
5380148000,s,1340
5380230000,s,1340
5380309000,s,1340
5380391000,s,1340
5380472000,s,1340
5380555000,s,1340
5380636000,s,1340
5380716000,s,1340
5380790000,s,1340
5380866000,s,1340
5380942000,s,1340
5381022000,s,1340
5381122000,s,1340
5383758000,r,1440
5383758000,r,1440
5383758000,r,1440
5383985000,r,1440
5383985000,r,1440
5383986000,r,1440
5384512000,r,1440
5384512000,r,1440
5384512000,r,1440
5385100000,s,1340
5385216000,s,1340
5385276000,s,1340
5385361000,s,1340
5385444000,s,1340
5385715000,s,1340
5385875000,s,1340
5385976000,r,1440
5385976000,r,1440
5385976000,r,1440
5385976000,r,1440
5385976000,r,1440
5385977000,r,1440
5385977000,r,1440
5385977000,r,1440
5386092000,r,1440
5386092000,r,1440
5386092000,r,1440
5386093000,r,1440
5386093000,r,1440
5386093000,r,1440
5386093000,r,1440
5386093000,r,1440
5386142000,r,1440
5386142000,r,1440
5386142000,r,1440
5386142000,r,1440
5386142000,r,1440
5386142000,r,1440
5386142000,r,1440
5386304000,s,1340
5386375000,s,1340
5386409000,s,1340
5386427000,s,1340
5386443000,s,1340
5386457000,s,1340
5386470000,s,1340
5386484000,s,1340
5386773000,s,1340
5386803000,s,1340
5386827000,s,1340
5386843000,s,1340
5386856000,s,1340
5386869000,s,1340
5386881000,s,1340
5387046000,s,1340
5387165000,s,1340
5387198000,s,1340
5387223000,s,1340
5387317000,s,1340
5387377000,s,1340
5387454000,s,1340
5387488000,s,1340
5388030000,s,1340
5388099000,s,1340
5388128000,s,1340
5388177000,s,1340
5388190000,r,1440
5388190000,r,1440
5388190000,r,1440
5388190000,r,1440
5388191000,r,1440
5388191000,r,1440
5388191000,r,1440
5388191000,r,1440
5388332000,r,1440
5388333000,r,1440
5388333000,r,1440
5388333000,r,1440
5388333000,r,1440
5388375000,s,1340
5388443000,s,1340
5388495000,s,1340
5388516000,s,1340
5388594000,s,1340
5388864000,s,1340
5388914000,s,1340
5388942000,s,1340
5388967000,s,1340
5388988000,s,1340
5389004000,s,1340
5389019000,s,1340
5389035000,s,1340
5389050000,s,1340
5389064000,s,1340
5389225000,s,1340
5389317000,s,1340
5389397000,s,1340
5389463000,s,1340
5389526000,s,1340
5389605000,s,1340
5389688000,s,1340
5389770000,s,1340
5389769000,r,1440
5389769000,r,1440
5389769000,r,1440
5389769000,r,1440
5389769000,r,1440
5389770000,r,1440
5389770000,r,1440
5389770000,r,1440
5389870000,s,1340
5389891000,r,1440
5389891000,r,1440
5389891000,r,1440
5389892000,r,1440
5389892000,r,1440
5389892000,r,1440
5389892000,r,1440
5389892000,r,1440
5389954000,r,1440
5389954000,r,1440
5389954000,r,1440
5389955000,r,1440
5389955000,r,1440
5389955000,r,1440
5389955000,r,1440
5390104000,s,1340
5390229000,s,1340
5390478000,s,1340
5390649000,s,1340
5390666000,r,1440
5390666000,r,1440
5390666000,r,1440
5390667000,r,1440
5390667000,r,1440
5390667000,r,1440
5390667000,r,1440
5390807000,s,1340
5390906000,s,1340
5391000000,s,1340
5391101000,s,1340
5391193000,s,1340
5391286000,s,1340
5391377000,s,1340
5391482000,s,1340
5391591000,s,1340
5391682000,s,1340
5391785000,s,1340
5391884000,s,1340
5391988000,s,1340
5392092000,s,1340
5392185000,s,1340
5392272000,s,1340
5392345000,s,1340
5392421000,s,1340
5392504000,s,1340
5392595000,s,1340
5392684000,s,1340
5392773000,s,1340
5392865000,s,1340
5392966000,s,1340
5393071000,s,1340
5393177000,s,1340
5393281000,s,1340
5393415000,s,1340
5393525000,s,1340
5393630000,s,1340
5393730000,s,1340
5393831000,s,1340
5393928000,s,1340
5394033000,s,1340
5394137000,s,1340
5394241000,s,1340
5394339000,s,1340
5394441000,s,1340
5394575000,s,1340
5394672000,s,1340
5394761000,s,1340
5394851000,s,1340
5394920000,s,1340
5394987000,s,1340
5395052000,s,1340
5395143000,s,1340
5395228000,s,1340
5395307000,s,1340
5395386000,s,1340
5395463000,s,1340
5395547000,s,1340
5395631000,s,1340
5395713000,s,1340
5395789000,s,1340
5395840000,s,1340
5395887000,s,1340
5395932000,s,1340
5396009000,s,1340
5396078000,s,1340
5396165000,s,1340
5396240000,s,1340
5396318000,s,1340
5396398000,s,1340
5396475000,s,1340
5396583000,s,1340
5396654000,s,1340
5396727000,s,1340
5396802000,s,1340
5397011000,s,1340
5397178000,s,1340
5397247000,s,1340
5397753000,s,1340
5397928000,s,1340
5398162000,s,1340
5398284000,s,1340
5399041000,s,1340
5399257000,s,1340
5399336000,s,1340
5399438000,s,1340
5399558000,s,1340
5399652000,s,1340
5399722000,s,1340
5399768000,s,1340
5400153000,s,1340
5400226000,s,1340
5400994000,r,1440
5400994000,r,1440
5400995000,r,1440
5400995000,r,1440
5400995000,r,1440
5400995000,r,1440
5400995000,r,1440
5400996000,r,1440
5401175000,r,1440
5401222000,r,1440
5401222000,r,1440
5401222000,r,1440
5401252000,s,1340
5401435000,s,1340
5401495000,s,1340
5401553000,s,1340
5401587000,s,1340
5401678000,s,1340
5401827000,s,1340
5401940000,s,1340
5402037000,s,1340
5402141000,s,1340
5402400000,r,1440
5402400000,r,1440
5402401000,r,1440
5402401000,r,1440
5402401000,r,1440
5402401000,r,1440
5402728000,s,1340
5402838000,s,1340
5402933000,s,1340
5403027000,s,1340
5403121000,s,1340
5403213000,s,1340
5403308000,s,1340
5403397000,s,1340
5403482000,s,1340
5403561000,s,1340
5403631000,s,1340
5403715000,s,1340
5403805000,s,1340
5403892000,s,1340
5403977000,s,1340
5404057000,s,1340
5404138000,s,1340
5404223000,s,1340
5404312000,s,1340
5404379000,s,1340
5404464000,s,1340
5404546000,s,1340
5404600000,r,1440
5404636000,s,1340
5404600000,r,1440
5404600000,r,1440
5404600000,r,1440
5404601000,r,1440
5404601000,r,1440
5404601000,r,1440
5404601000,r,1440
5404724000,s,1340
5404734000,r,1440
5404814000,s,1340
5404917000,r,1440
5404918000,r,1440
5404918000,r,1440
5404918000,r,1440
5404918000,r,1440
5404918000,r,1440
5405054000,s,1340
5405091000,s,1340
5405106000,s,1340
5405120000,s,1340
5405144000,s,1340
5405157000,s,1340
5405441000,s,1340
5405531000,r,1440
5405554000,s,1340
5405531000,r,1440
5405531000,r,1440
5405532000,r,1440
5405532000,r,1440
5405532000,r,1440
5405649000,s,1340
5405750000,s,1340
5405826000,s,1340
5405899000,s,1340
5405977000,s,1340
5406074000,s,1340
5406166000,s,1340
5406274000,s,1340
5406371000,s,1340
5406463000,s,1340
5406586000,s,1340
5407149000,r,1440
5407149000,r,1440
5407149000,r,1440
5407149000,r,1440
5407149000,r,1440
5407150000,r,1440
5407150000,r,1440
5407646000,s,1340
5407727000,s,1340
5407764000,s,1340
5407789000,s,1340
5407809000,s,1340
5407826000,s,1340
5407852000,s,1340
5407933000,s,1340
5408195000,s,1340
5408224000,s,1340
5408245000,s,1340
5408258000,s,1340
5408333000,s,1340
5408447000,s,1340
5408560000,s,1340
5408648000,s,1340
5408729000,s,1340
5408852000,s,1340
5408888000,s,1340
5408960000,s,1340
5409088000,s,1340
5409235000,s,1340
5409390000,s,1340
5409546000,s,1340
5409590000,s,1340
5409677000,s,1340
5409752000,s,1340
5409844000,s,1340
5409937000,s,1340
5410023000,s,1340
5410103000,s,1340
5410180000,s,1340
5410275000,s,1340
5410364000,s,1340
5410449000,s,1340
5410568000,s,1340
5410694000,s,1340
5410732000,s,1340
5410827000,s,1340
5410899000,s,1340
5411042000,s,1340
5411136000,s,1340
5411199000,s,1340
5411368000,s,1340
5411446000,s,1340
5411592000,s,1340
5411806000,s,1340
5411859000,s,1340
5411942000,s,1340
5412280000,s,1340
5412363000,s,1340
5412773000,s,1340
5412850000,s,1340
5412951000,s,1340
5413019000,s,1340
5413086000,s,1340
5413233000,s,1340
5413406000,s,1340
5413538000,s,1340
5413736000,s,1340
5413937000,s,1340
5414179000,s,1340
5414240000,s,1340
5414483000,s,1340
5414580000,s,1340
5414836000,s,1340
5414912000,r,1440
5414950000,s,1340
5414912000,r,1440
5414912000,r,1440
5414912000,r,1440
5414912000,r,1440
5414913000,r,1440
5414913000,r,1440
5414913000,r,1440
5415038000,r,1440
5415038000,r,1440
5415039000,r,1440
5415039000,r,1440
5415059000,s,1340
5415039000,r,1440
5415039000,r,1440
5415039000,r,1440
5415040000,r,1440
5415094000,r,1440
5415094000,r,1440
5415094000,r,1440
5415094000,r,1440
5415094000,r,1440
5415094000,r,1440
5415095000,r,1440
5415095000,r,1440
5415144000,r,1440
5415144000,r,1440
5415144000,r,1440
5415144000,r,1440
5415145000,r,1440
5415145000,r,1440
5415145000,r,1440
5415145000,r,1440
5415194000,r,1440
5415194000,r,1440
5415194000,r,1440
5415194000,r,1440
5415195000,r,1440
5415195000,r,1440
5415195000,r,1440
5415482000,s,1340
5415641000,s,1340
5415701000,s,1340
5415786000,r,1440
5415786000,r,1440
5415786000,r,1440
5415787000,r,1440
5415787000,r,1440
5415787000,r,1440
5415947000,s,1340
5416072000,s,1340
5416209000,s,1340
5416263000,s,1340
5416286000,s,1340
5416305000,s,1340
5416320000,s,1340
5416335000,s,1340
5416457000,s,1340
5416507000,s,1340
5416532000,s,1340
5416551000,s,1340
5416642000,s,1340
5416734000,s,1340
5416816000,s,1340
5416997000,s,1340
5417176000,s,1340
5417338000,s,1340
5417385000,s,1340
5417412000,s,1340
5417435000,s,1340
5417896000,s,1340
5418021000,s,1340
5418132000,s,1340
5418235000,s,1340
5418341000,s,1340
5418448000,s,1340
5418595000,s,1340
5418713000,s,1340
5418831000,s,1340
5418937000,s,1340
5419270000,s,1340
5419370000,s,1340
5419474000,s,1340
5419567000,s,1340
5419658000,s,1340
5419739000,s,1340
5419828000,s,1340
5419923000,s,1340
5420028000,s,1340
5420204000,s,1340
5420308000,s,1340
5420631000,s,1340
5421297000,s,1340
5421456000,s,1340
5421511000,s,1340
5421535000,s,1340
5421679000,s,1340
5421808000,s,1340
5421866000,s,1340
5421887000,s,1340
5422020000,r,1440
5422020000,r,1440
5422020000,r,1440
5422020000,r,1440
5422021000,r,1440
5422090000,s,1340
5422021000,r,1440
5422021000,r,1440
5422021000,r,1440
5422127000,r,1440
5422128000,r,1440
5422128000,r,1440
5422148000,s,1340
5422128000,r,1440
5422173000,s,1340
5422191000,s,1340
5422256000,s,1340
5422289000,s,1340
5422350000,s,1340
5422427000,s,1340
5422466000,s,1340
5422487000,s,1340
5422681000,s,1340
5422739000,s,1340
5422759000,s,1340
5422865000,s,1340
5422923000,s,1340
5423043000,r,1440
5423043000,r,1440
5423043000,r,1440
5423154000,s,1340
5423415000,s,1340
5423519000,s,1340
5423662000,r,1440
5423662000,r,1440
5423662000,r,1440
5423663000,r,1440
5423663000,r,1440
5423663000,r,1440
5423663000,r,1440
5423863000,s,1340
5423949000,s,1340
5423983000,s,1340
5424010000,s,1340
5424037000,s,1340
5424060000,s,1340
5424116000,s,1340
5424169000,s,1340
5424205000,s,1340
5424475000,s,1340
5424539000,s,1340
5424654000,s,1340
5425114000,s,1340
5427565000,r,1440
5427565000,r,1440
5427565000,r,1440
5427565000,r,1440
5427566000,r,1440
5427566000,r,1440
5427566000,r,1440
5427566000,r,1440
5427722000,r,1440
5427747000,r,1440
5427747000,r,1440
5427747000,r,1440
5427747000,r,1440
5427748000,r,1440
5427748000,r,1440
5428063000,r,1440
5428063000,r,1440
5428064000,r,1440
5428156000,s,1340
5428249000,s,1340
5428286000,s,1340
5428487000,s,1340
5428834000,s,1340
5428865000,s,1340
5428892000,s,1340
5428911000,s,1340
5428928000,s,1340
5428945000,s,1340
5428962000,s,1340
5428979000,s,1340
5429001000,s,1340
5429097000,s,1340
5429227000,r,1440
5429227000,r,1440
5429228000,r,1440
5429228000,r,1440
5429357000,s,1340
5429228000,r,1440
5429228000,r,1440
5429228000,r,1440
5429229000,r,1440
5429401000,r,1440
5429528000,s,1340
5429730000,s,1340
5429831000,s,1340
5429903000,r,1440
5429918000,s,1340
5429903000,r,1440
5429903000,r,1440
5430016000,s,1340
5430116000,s,1340
5430217000,s,1340
5430324000,s,1340
5430406000,s,1340
5430486000,s,1340
5430728000,s,1340
5430853000,s,1340
5430966000,s,1340
5430985000,r,1440
5430985000,r,1440
5430985000,r,1440
5431077000,s,1340
5430985000,r,1440
5430986000,r,1440
5430986000,r,1440
5430986000,r,1440
5430986000,r,1440
5431160000,r,1440
5431161000,r,1440
5431161000,r,1440
5431183000,s,1340
5431161000,r,1440
5431161000,r,1440
5431161000,r,1440
5431162000,r,1440
5431162000,r,1440
5431224000,r,1440
5431224000,r,1440
5431224000,r,1440
5431225000,r,1440
5431284000,r,1440
5431284000,r,1440
5431284000,r,1440
5431350000,r,1440
5431351000,r,1440
5431351000,r,1440
5431534000,s,1340
5431648000,s,1340
5431754000,s,1340
5431855000,s,1340
5431929000,s,1340
5431988000,s,1340
5432046000,s,1340
5432105000,s,1340
5432204000,s,1340
5432297000,s,1340
5432304000,r,1440
5432305000,r,1440
5432384000,s,1340
5432305000,r,1440
5432479000,s,1340
5432568000,s,1340
5432655000,s,1340
5432745000,s,1340
5432832000,s,1340
5432901000,s,1340
5433002000,r,1440
5433002000,r,1440
5433002000,r,1440
5433002000,r,1440
5433003000,r,1440
5433113000,s,1340
5433214000,s,1340
5433305000,s,1340
5433401000,s,1340
5433465000,s,1340
5433538000,s,1340
5433627000,s,1340
5433701000,s,1340
5433780000,s,1340
5433848000,s,1340
5433917000,s,1340
5433990000,s,1340
5434058000,s,1340
5434128000,s,1340
5434200000,s,1340
5434268000,s,1340
5434339000,s,1340
5434537000,s,1340
5434843000,s,1340
5434919000,s,1340
5435156000,s,1340
5435456000,s,1340
5435544000,s,1340
5435685000,s,1340
5435715000,s,1340
5435856000,s,1340
5435960000,s,1340
5436036000,s,1340
5436131000,s,1340
5437256000,s,1340
5437302000,s,1340
5437459000,s,1340
5437696000,s,1340
5438993000,s,1340
5439205000,s,1340
5439328000,s,1340
5439435000,s,1340
5440024000,s,1340
5440054000,s,1340
5440077000,s,1340
5440374000,s,1340
5440434000,s,1340
5440464000,s,1340
5440636000,s,1340
5440761000,s,1340
5440916000,s,1340
5441066000,s,1340
5441149000,s,1340
5441299000,s,1340
5442229000,r,1440
5442254000,s,1340
5442229000,r,1440
5442229000,r,1440
5442229000,r,1440
5442230000,r,1440
5442230000,r,1440
5442427000,s,1340
5442579000,s,1340
5442677000,s,1340
5442786000,s,1340
5442904000,s,1340
5443016000,s,1340
5443115000,s,1340
5443763000,r,1440
5443763000,r,1440
5443763000,r,1440
5443763000,r,1440
5443763000,r,1440
5443764000,r,1440
5444268000,s,1340
5444410000,s,1340
5444536000,s,1340
5444635000,s,1340
5445976000,r,1440
5445976000,r,1440
5445976000,r,1440
5445977000,r,1440
5445977000,r,1440
5445977000,r,1440
5445977000,r,1440
5445977000,r,1440
5446137000,r,1440
5446152000,r,1440
5446153000,r,1440
5446153000,r,1440
5446400000,r,1440
5446400000,r,1440
5446400000,r,1440
5446400000,r,1440
5446401000,r,1440
5446401000,r,1440
5446745000,s,1340
5446879000,s,1340
5446922000,r,1440
5446969000,s,1340
5446922000,r,1440
5446923000,r,1440
5447064000,s,1340
5447186000,s,1340
5447277000,s,1340
5447359000,s,1340
5447385000,r,1440
5447386000,r,1440
5447441000,s,1340
5447386000,r,1440
5447386000,r,1440
5447386000,r,1440
5447387000,r,1440
5447387000,r,1440
5447387000,r,1440
5447501000,r,1440
5447501000,r,1440
5447502000,r,1440
5447502000,r,1440
5447544000,s,1340
5447713000,s,1340
5447833000,s,1340
5447929000,s,1340
5448018000,s,1340
5448174000,s,1340
5448265000,s,1340
5448362000,s,1340
5448456000,s,1340
5449218000,s,1340
5449320000,s,1340
5449325000,r,1440
5449325000,r,1440
5449326000,r,1440
5449326000,r,1440
5449415000,s,1340
5449326000,r,1440
5449504000,s,1340
5449570000,s,1340
5449636000,s,1340
5449708000,s,1340
5449781000,s,1340
5449845000,s,1340
5449917000,s,1340
5449985000,s,1340
5450058000,s,1340
5450156000,s,1340
5450219000,s,1340
5450309000,s,1340
5450394000,s,1340
5450451000,s,1340
5450575000,s,1340
5450638000,s,1340
5451440000,r,1440
5451440000,r,1440
5451440000,r,1440
5451441000,r,1440
5451441000,r,1440
5451441000,r,1440
5451441000,r,1440
5451441000,r,1440
5451596000,r,1440
5451597000,r,1440
5451597000,r,1440
5451597000,r,1440
5452159000,r,1440
5452160000,r,1440
5452160000,r,1440
5452160000,r,1440
5452160000,r,1440
5452160000,r,1440
5452160000,r,1440
5452161000,r,1440
5452224000,r,1440
5452224000,r,1440
5452224000,r,1440
5452224000,r,1440
5452224000,r,1440
5452225000,r,1440
5452225000,r,1440
5452398000,s,1340
5452473000,s,1340
5452531000,s,1340
5452559000,r,1440
5452559000,r,1440
5452559000,r,1440
5452584000,s,1340
5452627000,s,1340
5452924000,s,1340
5453119000,s,1340
5453163000,s,1340
5453201000,s,1340
5453228000,s,1340
5453251000,s,1340
5453541000,s,1340
5453632000,s,1340
5453662000,s,1340
5453692000,s,1340
5453708000,s,1340
5453723000,s,1340
5453862000,s,1340
5454012000,s,1340
5454143000,s,1340
5454273000,s,1340
5454332000,r,1440
5454332000,r,1440
5454333000,r,1440
5454333000,r,1440
5454333000,r,1440
5454333000,r,1440
5454333000,r,1440
5454334000,r,1440
5454459000,r,1440
5454459000,r,1440
5454459000,r,1440
5454460000,r,1440
5454460000,r,1440
5454460000,r,1440
5454460000,r,1440
5454460000,r,1440
5454544000,r,1440
5454544000,r,1440
5454591000,s,1340
5454993000,s,1340
5455111000,s,1340
5455163000,r,1440
5455193000,s,1340
5455164000,r,1440
5455164000,r,1440
5455164000,r,1440
5455164000,r,1440
5455164000,r,1440
5455165000,r,1440
5455269000,s,1340
5455366000,s,1340
5455467000,s,1340
5455572000,s,1340
5455650000,s,1340
5455730000,s,1340
5455954000,s,1340
5456015000,s,1340
5456091000,s,1340
5456112000,s,1340
5456233000,s,1340
5456309000,s,1340
5456434000,s,1340
5456500000,s,1340
5456749000,s,1340
5456850000,s,1340
5456950000,s,1340
5457150000,s,1340
5457459000,s,1340
5457560000,s,1340
5457820000,s,1340
5457903000,s,1340
5457969000,s,1340
5458024000,s,1340
5458053000,s,1340
5458151000,s,1340
5458246000,s,1340
5458316000,s,1340
5458384000,s,1340
5458448000,s,1340
5458552000,s,1340
5458764000,s,1340
5458980000,s,1340
5459189000,s,1340
5459263000,s,1340
5459366000,s,1340
5459436000,s,1340
5459557000,s,1340
5459715000,s,1340
5460029000,s,1340
5460204000,r,1440
5460204000,r,1440
5460205000,r,1440
5460561000,s,1340
5460688000,s,1340
5460840000,s,1340
5461456000,r,1440
5461456000,r,1440
5461456000,r,1440
5461457000,r,1440
5461457000,r,1440
5461457000,r,1440
5461457000,r,1440
5461457000,r,1440
5461587000,r,1440
5461587000,r,1440
5461587000,r,1440
5461619000,r,1440
5461619000,r,1440
5461619000,r,1440
5461620000,r,1440
5461620000,r,1440
5461620000,r,1440
5462006000,s,1340
5462049000,s,1340
5462069000,s,1340
5462065000,r,1440
5462089000,s,1340
5462107000,s,1340
5462122000,s,1340
5462065000,r,1440
5462138000,s,1340
5462065000,r,1440
5462066000,r,1440
5462165000,s,1340
5462066000,r,1440
5462066000,r,1440
5462255000,r,1440
5462264000,s,1340
5462255000,r,1440
5462255000,r,1440
5462290000,s,1340
5462318000,s,1340
5462343000,s,1340
5462392000,s,1340
5462427000,s,1340
5462707000,s,1340
5462753000,s,1340
5463086000,s,1340
5463196000,s,1340
5463282000,s,1340
5464110000,r,1440
5464111000,r,1440
5464111000,r,1440
5464111000,r,1440
5464111000,r,1440
5464416000,s,1340
5464592000,s,1340
5464623000,s,1340
5465764000,s,1340
5470512000,r,1440
5470513000,r,1440
5470513000,r,1440
5470513000,r,1440
5470513000,r,1440
5470513000,r,1440
5470643000,r,1440
5470643000,r,1440
5470643000,r,1440
5470644000,r,1440
5470644000,r,1440
5470644000,r,1440
5471351000,s,1340
5471422000,s,1340
5471841000,s,1340
5471850000,r,1440
5471893000,s,1340
5471850000,r,1440
5471850000,r,1440
5471850000,r,1440
5471850000,r,1440
5471851000,r,1440
5471851000,r,1440
5471851000,r,1440
5472026000,r,1440
5472067000,r,1440
5472068000,r,1440
5472068000,r,1440
5472339000,s,1340
5472636000,s,1340
5472763000,s,1340
5472896000,s,1340
5473026000,s,1340
5473156000,s,1340
5473435000,s,1340
5473429000,r,1440
5473429000,r,1440
5473503000,s,1340
5473430000,r,1440
5473430000,r,1440
5473430000,r,1440
5473430000,r,1440
5473431000,r,1440
5473431000,r,1440
5473577000,r,1440
5473577000,r,1440
5473578000,r,1440
5473578000,r,1440
5473578000,r,1440
5473578000,r,1440
5473670000,s,1340
5473710000,s,1340
5473808000,s,1340
5474156000,s,1340
5474428000,s,1340
5474685000,r,1440
5474740000,s,1340
5474685000,r,1440
5474686000,r,1440
5474686000,r,1440
5474686000,r,1440
5474687000,r,1440
5474861000,s,1340
5475088000,s,1340
5475200000,s,1340
5475416000,s,1340
5475563000,s,1340
5475659000,s,1340
5475762000,s,1340
5475849000,s,1340
5475959000,s,1340
5476068000,s,1340
5476149000,s,1340
5476254000,s,1340
5476464000,s,1340
5476568000,s,1340
5476787000,s,1340
5476895000,s,1340
5476994000,s,1340
5477094000,s,1340
5477197000,s,1340
5477293000,s,1340
5477392000,s,1340
5477495000,s,1340
5477570000,s,1340
5477780000,s,1340
5477887000,s,1340
5477980000,s,1340
5478077000,s,1340
5478402000,s,1340
5478468000,s,1340
5478751000,s,1340
5478841000,s,1340
5478895000,s,1340
5478937000,s,1340
5479111000,s,1340
5479222000,s,1340
5479326000,s,1340
5479441000,s,1340
5479584000,s,1340
5479648000,s,1340
5479698000,s,1340
5479939000,s,1340
5480067000,s,1340
5480216000,s,1340
5480425000,s,1340
5480496000,s,1340
5480788000,s,1340
5480931000,s,1340
5480965000,s,1340
5481220000,s,1340
5481420000,s,1340
5481504000,s,1340
5481593000,s,1340
5481768000,s,1340
5481978000,s,1340
5482106000,s,1340
5482188000,s,1340
5482251000,s,1340
5482316000,s,1340
5482378000,s,1340
5482442000,s,1340
5482526000,s,1340
5482538000,r,1440
5482600000,s,1340
5482539000,r,1440
5482539000,r,1440
5482662000,s,1340
5482539000,r,1440
5482539000,r,1440
5482539000,r,1440
5482540000,r,1440
5482540000,r,1440
5482725000,r,1440
5482725000,r,1440
5482725000,r,1440
5482725000,r,1440
5482726000,r,1440
5482761000,s,1340
5482726000,r,1440
5482726000,r,1440
5482726000,r,1440
5482804000,r,1440
5482810000,s,1340
5482804000,r,1440
5482804000,r,1440
5482804000,r,1440
5482854000,s,1340
5482990000,s,1340
5483072000,s,1340
5483121000,s,1340
5483172000,s,1340
5483190000,s,1340
5483320000,s,1340
5483359000,s,1340
5483418000,s,1340
5483459000,s,1340
5483610000,s,1340
5483647000,s,1340
5483716000,s,1340
5483742000,s,1340
5483879000,r,1440
5483880000,r,1440
5483880000,r,1440
5483880000,r,1440
5483880000,r,1440
5483967000,s,1340
5484002000,s,1340
5484179000,s,1340
5484301000,s,1340
5484364000,s,1340
5484776000,s,1340
5485006000,s,1340
5485559000,s,1340
5485670000,s,1340
5485777000,s,1340
5485877000,s,1340
5486097000,s,1340
5486349000,s,1340
5486555000,s,1340
5486730000,s,1340
5486887000,s,1340
5487061000,s,1340
5487110000,s,1340
5487203000,s,1340
5487274000,s,1340
5487380000,s,1340
5487422000,s,1340
5487501000,s,1340
5487580000,s,1340
5487643000,s,1340
5487703000,s,1340
5487754000,s,1340
5487803000,s,1340
5487865000,s,1340
5487911000,s,1340
5487960000,s,1340
5488079000,s,1340
5488156000,s,1340
5488235000,s,1340
5488300000,s,1340
5488390000,s,1340
5488580000,s,1340
5488625000,s,1340
5488711000,s,1340
5488839000,s,1340
5489161000,s,1340
5489680000,s,1340
5489736000,s,1340
5489783000,s,1340
5489844000,s,1340
5490861000,s,1340
5491037000,s,1340
5491131000,s,1340
5491284000,s,1340
5491539000,s,1340
5491639000,s,1340
5491733000,s,1340
5491808000,s,1340
5491813000,r,1440
5491813000,r,1440
5491813000,r,1440
5491892000,s,1340
5491977000,s,1340
5492188000,s,1340
5492248000,s,1340
5493272000,r,1440
5493273000,r,1440
5493273000,r,1440
5493273000,r,1440
5493273000,r,1440
5493273000,r,1440
5493395000,r,1440
5493396000,r,1440
5493396000,r,1440
5493396000,r,1440
5493396000,r,1440
5493397000,r,1440
5493397000,r,1440
5493397000,r,1440
5493457000,r,1440
5493841000,s,1340
5493905000,s,1340
5493933000,s,1340
5494017000,s,1340
5494521000,r,1440
5494521000,r,1440
5494521000,r,1440
5494521000,r,1440
5494522000,r,1440
5494522000,r,1440
5494522000,r,1440
5494522000,r,1440
5494649000,r,1440
5494649000,r,1440
5494649000,r,1440
5494649000,r,1440
5494649000,r,1440
5494650000,r,1440
5494650000,r,1440
5494850000,r,1440
5494851000,r,1440
5494851000,r,1440
5494851000,r,1440
5494851000,r,1440
5494851000,r,1440
5494907000,s,1340
5495354000,s,1340
5495400000,s,1340
5495429000,s,1340
5495703000,r,1440
5495703000,r,1440
5495703000,r,1440
5495703000,r,1440
5495703000,r,1440
5495770000,s,1340
5495704000,r,1440
5495704000,r,1440
5495704000,r,1440
5495805000,r,1440
5495806000,r,1440
5495806000,r,1440
5495806000,r,1440
5495863000,r,1440
5495863000,r,1440
5495863000,r,1440
5496096000,s,1340
5496148000,s,1340
5496294000,s,1340
5496403000,s,1340
5496478000,s,1340
5496679000,s,1340
5496724000,s,1340
5496802000,s,1340
5496922000,s,1340
5496955000,s,1340
5496975000,s,1340
5497014000,s,1340
5497072000,s,1340
5497113000,s,1340
5497171000,s,1340
5497236000,s,1340
5497273000,s,1340
5497595000,s,1340
5497671000,s,1340
5497699000,s,1340
5499059000,s,1340
5500299000,r,1440
5500299000,r,1440
5500299000,r,1440
5500299000,r,1440
5500299000,r,1440
5500300000,r,1440
5500883000,s,1340
5501048000,r,1440
5501048000,r,1440
5501049000,r,1440
5501049000,r,1440
5501049000,r,1440
5501049000,r,1440
5501133000,s,1340
5501148000,r,1440
5501148000,r,1440
5501148000,r,1440
5502182000,r,1440
5502183000,r,1440
5502183000,r,1440
5502183000,r,1440
5502183000,r,1440
5502324000,s,1340
5502392000,s,1340
5502416000,s,1340
5502862000,s,1340
5502954000,s,1340
5502999000,s,1340
5503216000,s,1340
5503449000,r,1440
5503526000,s,1340
5503449000,r,1440
5503449000,r,1440
5503673000,s,1340
5503699000,s,1340
5503719000,r,1440
5504052000,s,1340
5504911000,r,1440
5505232000,s,1340
5505893000,r,1440
5506186000,s,1340
5506844000,s,1340
5507682000,r,1440
5508902000,r,1440
5508902000,r,1440
5508902000,r,1440
5508902000,r,1440
5508902000,r,1440
5508903000,r,1440
5508903000,r,1440
5508903000,r,1440
5509059000,r,1440
5509060000,r,1440
5509060000,r,1440
5509060000,r,1440
5509356000,r,1440
5509356000,r,1440
5509356000,r,1440
5509440000,s,1340
5509541000,s,1340
5509606000,s,1340
5509736000,s,1340
5509871000,s,1340
5509962000,s,1340
5509987000,s,1340
5510003000,s,1340
5510019000,s,1340
5510183000,s,1340
5510323000,s,1340
5510446000,s,1340
5510524000,r,1440
5510524000,r,1440
5510524000,r,1440
5510525000,r,1440
5510615000,s,1340
5510743000,s,1340
5510866000,s,1340
5510981000,s,1340
5511091000,s,1340
5511200000,s,1340
5511316000,s,1340
5511409000,s,1340
5511500000,s,1340
5511605000,s,1340
5511709000,s,1340
5511810000,r,1440
5511827000,s,1340
5511810000,r,1440
5511810000,r,1440
5511810000,r,1440
5511937000,s,1340
5511810000,r,1440
5511811000,r,1440
5511811000,r,1440
5511811000,r,1440
5511980000,r,1440
5512089000,s,1340
5512290000,s,1340
5512341000,s,1340
5512370000,s,1340
5512394000,s,1340
5512415000,s,1340
5512440000,s,1340
5512490000,s,1340
5512784000,s,1340
5512861000,r,1440
5512878000,s,1340
5512925000,s,1340
5512948000,s,1340
5512861000,r,1440
5512862000,r,1440
5512862000,r,1440
5512862000,r,1440
5512862000,r,1440
5513063000,s,1340
5513208000,s,1340
5513269000,s,1340
5513291000,s,1340
5513307000,s,1340
5513349000,s,1340
5513367000,s,1340
5513642000,s,1340
5513775000,s,1340
5513892000,s,1340
5514027000,s,1340
5514218000,s,1340
5514523000,s,1340
5514686000,s,1340
5514795000,s,1340
5514979000,s,1340
5515205000,s,1340
5515393000,s,1340
5515511000,s,1340
5515583000,s,1340
5515934000,s,1340
5516195000,s,1340
5516266000,s,1340
5516332000,s,1340
5516436000,s,1340
5516585000,s,1340
5516687000,s,1340
5516760000,s,1340
5516830000,s,1340
5516884000,r,1440
5516891000,s,1340
5517187000,s,1340
5517250000,s,1340
5517409000,s,1340
5517487000,s,1340
5518067000,r,1440
5518087000,s,1340
5518067000,r,1440
5518067000,r,1440
5518068000,r,1440
5518068000,r,1440
5518068000,r,1440
5518188000,s,1340
5518331000,s,1340
5518399000,s,1340
5518487000,s,1340
5518586000,s,1340
5518644000,s,1340
5518671000,s,1340
5518875000,s,1340
5518938000,s,1340
5518962000,s,1340
5518986000,s,1340
5519059000,r,1440
5519059000,r,1440
5519059000,r,1440
5519059000,r,1440
5519059000,r,1440
5519060000,r,1440
5519060000,r,1440
5519060000,r,1440
5519172000,r,1440
5519753000,s,1340
5520031000,s,1340
5520168000,s,1340
5520291000,s,1340
5520408000,s,1340
5520532000,s,1340
5520654000,s,1340
5521208000,s,1340
5521909000,r,1440
5524658000,r,1440
5524658000,r,1440
5524658000,r,1440
5524658000,r,1440
5524658000,r,1440
5524659000,r,1440
5524659000,r,1440
5524659000,r,1440
5524800000,r,1440
5524800000,r,1440
5524801000,r,1440
5524801000,r,1440
5524801000,r,1440
5524801000,r,1440
5524801000,r,1440
5524802000,r,1440
5524860000,r,1440
5524860000,r,1440
5524860000,r,1440
5525066000,s,1340
5525472000,s,1340
5525601000,r,1440
5525601000,r,1440
5525601000,r,1440
5525601000,r,1440
5525601000,r,1440
5525602000,r,1440
5525602000,r,1440
5525602000,r,1440
5525688000,r,1440
5526323000,s,1340
5526339000,r,1440
5526394000,s,1340
5526339000,r,1440
5526340000,r,1440
5526433000,s,1340
5526644000,s,1340
5526702000,s,1340
5526722000,s,1340
5526738000,s,1340
5526756000,s,1340
5527278000,r,1440
5527278000,r,1440
5527278000,r,1440
5527278000,r,1440
5527279000,r,1440
5527279000,r,1440
5527279000,r,1440
5527279000,r,1440
5527389000,s,1340
5527457000,s,1340
5527636000,s,1340
5527718000,s,1340
5527841000,s,1340
5527952000,s,1340
5528016000,s,1340
5528098000,s,1340
5528798000,s,1340
5530102000,r,1440
5530102000,r,1440
5531399000,r,1440
5531399000,r,1440
5531399000,r,1440
5531935000,r,1440
5531936000,r,1440
5531936000,r,1440
5531936000,r,1440
5531936000,r,1440
5531937000,r,1440
5531937000,r,1440
5531937000,r,1440
5532101000,s,1340
5532327000,s,1340
5532383000,s,1340
5532434000,s,1340
5532763000,s,1340
5532798000,s,1340
5532896000,s,1340
5533271000,s,1340
5533333000,r,1440
5533333000,r,1440
5533334000,r,1440
5533504000,s,1340
5533641000,s,1340
5533743000,s,1340
5533849000,s,1340
5533944000,s,1340
5534028000,s,1340
5534246000,s,1340
5534380000,s,1340
5534567000,s,1340
5534634000,s,1340
5534662000,s,1340
5534680000,s,1340
5534779000,s,1340
5534837000,s,1340
5534887000,s,1340
5534962000,s,1340
5535012000,s,1340
5535094000,s,1340
5535148000,s,1340
5535214000,s,1340
5535261000,s,1340
5535380000,r,1440
5535380000,r,1440
5535380000,r,1440
5535380000,r,1440
5535381000,r,1440
5535381000,r,1440
5535717000,s,1340
5535818000,s,1340
5535900000,s,1340
5536047000,s,1340
5536102000,s,1340
5536126000,s,1340
5536166000,s,1340
5536275000,s,1340
5536477000,s,1340
5536544000,s,1340
5537091000,s,1340
5537205000,s,1340
5537740000,s,1340
5538288000,s,1340
5538384000,s,1340
5538441000,s,1340
5538593000,s,1340
5538664000,s,1340
5538883000,s,1340
5538992000,s,1340
5539087000,s,1340
5539265000,s,1340
5539438000,s,1340
5539566000,s,1340
5539746000,s,1340
5539897000,s,1340
5540254000,s,1340
5540543000,s,1340
5540687000,s,1340
5540814000,s,1340
5540928000,r,1440
5540998000,s,1340
5540928000,r,1440
5540928000,r,1440
5540928000,r,1440
5540928000,r,1440
5540929000,r,1440
5540929000,r,1440
5541117000,s,1340
5541241000,s,1340
5541397000,s,1340
5541890000,s,1340
5542106000,r,1440
5542106000,r,1440
5542106000,r,1440
5542106000,r,1440
5542106000,r,1440
5542107000,r,1440
5542302000,s,1340
5542595000,s,1340
5542745000,s,1340
5542833000,s,1340
5542937000,s,1340
5543012000,s,1340
5543086000,s,1340
5543192000,s,1340
5543282000,s,1340
5543368000,s,1340
5543439000,s,1340
5543511000,s,1340
5543600000,s,1340
5543795000,s,1340
5543892000,s,1340
5544195000,s,1340
5544376000,s,1340
5544482000,s,1340
5544648000,r,1440
5544648000,r,1440
5544715000,s,1340
5544648000,r,1440
5544648000,r,1440
5544649000,r,1440
5544649000,r,1440
5544649000,r,1440
5544649000,r,1440
5544781000,r,1440
5544929000,s,1340
5544985000,s,1340
5545029000,s,1340
5545203000,s,1340
5545341000,s,1340
5545379000,s,1340
5545398000,s,1340
5545415000,s,1340
5545429000,s,1340
5545452000,s,1340
5545551000,s,1340
5545696000,s,1340
5545764000,s,1340
5545867000,s,1340
5546177000,s,1340
5546272000,s,1340
5546318000,s,1340
5546356000,s,1340
5546632000,s,1340
5546676000,s,1340
5546828000,s,1340
5546955000,s,1340
5547018000,s,1340
5547063000,s,1340
5547377000,s,1340
5547421000,s,1340
5547533000,s,1340
5548048000,s,1340
5548359000,s,1340
5548633000,s,1340
5548769000,s,1340
5549005000,s,1340
5549106000,s,1340
5549180000,s,1340
5549217000,r,1440
5549266000,s,1340
5549217000,r,1440
5549218000,r,1440
5549364000,s,1340
5549442000,s,1340
5549509000,s,1340
5549675000,s,1340
5549816000,s,1340
5549862000,s,1340
5549948000,s,1340
5550036000,s,1340
5550086000,s,1340
5550511000,r,1440
5550511000,r,1440
5550511000,r,1440
5550512000,r,1440
5550512000,r,1440
5550512000,r,1440
5550512000,r,1440
5550597000,s,1340
5550512000,r,1440
5550808000,s,1340
5550858000,s,1340
5550885000,s,1340
5550907000,s,1340
5551146000,s,1340
5551185000,s,1340
5551212000,s,1340
5551231000,s,1340
5551248000,s,1340
5551265000,s,1340
5551282000,s,1340
5551461000,s,1340
5551498000,s,1340
5552438000,s,1340
5552691000,s,1340
5552769000,s,1340
5552826000,s,1340
5553016000,r,1440
5553026000,s,1340
5553016000,r,1440
5553016000,r,1440
5553016000,r,1440
5553017000,r,1440
5553160000,s,1340
5553246000,s,1340
5553349000,s,1340
5553454000,s,1340
5553630000,s,1340
5553682000,s,1340
5553803000,s,1340
5553856000,s,1340
5554096000,s,1340
5557040000,r,1440
5557040000,r,1440
5557040000,r,1440
5557041000,r,1440
5557041000,r,1440
5557041000,r,1440
5557041000,r,1440
5557041000,r,1440
5557147000,r,1440
5557148000,r,1440
5557148000,r,1440
5557148000,r,1440
5557520000,s,1340
5557566000,s,1340
5557833000,s,1340
5557875000,s,1340
5557893000,s,1340
5557925000,s,1340
5557943000,s,1340
5558852000,s,1340
5559462000,r,1440
5559462000,r,1440
5559462000,r,1440
5559462000,r,1440
5559462000,r,1440
5559463000,r,1440
5559463000,r,1440
5559463000,r,1440
5559578000,r,1440
5559578000,r,1440
5559578000,r,1440
5559894000,s,1340
5559938000,s,1340
5560600000,r,1440
5560862000,s,1340
5560954000,s,1340
5560990000,s,1340
5561799000,s,1340
5562071000,r,1440
5562072000,r,1440
5562072000,r,1440
5562520000,s,1340
5562531000,r,1440
5562531000,r,1440
5562532000,r,1440
5562969000,s,1340
5563041000,s,1340
5563528000,s,1340
5565025000,r,1440
5565025000,r,1440
5565026000,r,1440
5565026000,r,1440
5565506000,s,1340
5565578000,s,1340
5565817000,s,1340
5565897000,s,1340
5566104000,s,1340
5566226000,s,1340
5566381000,s,1340
5566450000,s,1340
5566484000,r,1440
5566484000,r,1440
5566484000,r,1440
5566484000,r,1440
5566484000,r,1440
5566485000,r,1440
5566485000,r,1440
5566485000,r,1440
5566610000,r,1440
5566611000,r,1440
5566611000,r,1440
5566662000,s,1340
5566763000,s,1340
5566909000,s,1340
5567041000,r,1440
5567113000,s,1340
5567211000,s,1340
5567437000,s,1340
5567851000,s,1340
5569176000,r,1440
5572087000,r,1440
5572087000,r,1440
5572087000,r,1440
5572088000,r,1440
5572088000,r,1440
5572088000,r,1440
5572088000,r,1440
5572089000,r,1440
5572223000,r,1440
5572678000,s,1340
5572745000,s,1340
5573682000,r,1440
5573683000,r,1440
5573683000,r,1440
5573683000,r,1440
5573683000,r,1440
5573683000,r,1440
5573684000,r,1440
5573684000,r,1440
5573797000,r,1440
5573797000,r,1440
5573798000,r,1440
5573844000,s,1340
5574168000,s,1340
5574212000,s,1340
5574231000,s,1340
5574442000,s,1340
5574701000,s,1340
5574807000,s,1340
5574953000,r,1440
5574954000,r,1440
5575023000,s,1340
5574954000,r,1440
5574954000,r,1440
5575118000,s,1340
5575211000,s,1340
5575315000,s,1340
5575412000,s,1340
5575508000,s,1340
5577156000,r,1440
5577459000,r,1440
5577459000,r,1440
5577756000,s,1340
5577821000,s,1340
5578115000,r,1440
5578115000,r,1440
5578115000,r,1440
5578470000,s,1340
5578548000,s,1340
5579034000,r,1440
5579209000,s,1340
5580528000,r,1440
5583427000,r,1440
5583428000,r,1440
5583897000,s,1340
5586536000,r,1440
5586536000,r,1440
5586536000,r,1440
5586536000,r,1440
5586536000,r,1440
5586537000,r,1440
5586537000,r,1440
5586537000,r,1440
5586675000,r,1440
5586675000,r,1440
5586675000,r,1440
5586675000,r,1440
5586676000,r,1440
5586676000,r,1440
5587486000,s,1340
5587594000,r,1440
5587594000,r,1440
5587594000,r,1440
5587594000,r,1440
5587723000,s,1340
5587824000,s,1340
5587923000,s,1340
5588551000,s,1340
5588676000,r,1440
5588975000,s,1340
5589549000,s,1340
5589665000,s,1340
5590134000,r,1440
5592189000,r,1440
5592189000,r,1440
5592190000,r,1440
5592190000,r,1440
5592190000,r,1440
5592190000,r,1440
5592190000,r,1440
5592191000,r,1440
5592333000,r,1440
5592759000,s,1340
5592873000,s,1340
5592973000,s,1340
5593051000,s,1340
5593151000,s,1340
5593287000,s,1340
5594173000,r,1440
5596712000,r,1440
5596712000,r,1440
5597274000,s,1340
5598979000,r,1440
5601518000,r,1440
5601518000,r,1440
5601518000,r,1440
5601518000,r,1440
5601519000,r,1440
5602221000,s,1340
5602323000,s,1340
5602976000,r,1440
5602976000,r,1440
5602977000,r,1440
5602977000,r,1440
5602977000,r,1440
5602977000,r,1440
5602978000,r,1440
5603076000,s,1340
5602978000,r,1440
5603110000,r,1440
5603111000,r,1440
5603111000,r,1440
5603111000,r,1440
5603187000,s,1340
5603264000,s,1340
5603335000,s,1340
5603396000,s,1340
5603454000,s,1340
5603510000,s,1340
5603572000,s,1340
5603857000,s,1340
5604004000,s,1340
5604100000,s,1340
5604192000,r,1440
5604229000,s,1340
5604193000,r,1440
5604330000,s,1340
5604444000,s,1340
5604563000,s,1340
5604687000,s,1340
5604793000,s,1340
5604915000,s,1340
5605035000,s,1340
5605129000,s,1340
5605346000,s,1340
5605416000,s,1340
5605481000,s,1340
5605609000,s,1340
5605860000,r,1440
5605860000,r,1440
5605861000,r,1440
5605861000,r,1440
5605861000,r,1440
5606276000,s,1340
5606313000,s,1340
5606342000,s,1340
5606351000,r,1440
5606362000,s,1340
5606379000,s,1340
5606405000,s,1340
5606431000,s,1340
5606473000,s,1340
5607090000,s,1340
5607240000,s,1340
5607332000,s,1340
5607819000,s,1340
5608290000,r,1440
5609653000,r,1440
5610519000,r,1440
5611094000,s,1340
5611525000,r,1440
5612541000,r,1440
5612542000,r,1440
5613123000,s,1340
5613185000,s,1340
5613595000,r,1440
5613595000,r,1440
5613595000,r,1440
5613596000,r,1440
5614028000,r,1440
5614029000,r,1440
5614029000,r,1440
5614355000,s,1340
5614547000,r,1440
5614548000,r,1440
5614548000,r,1440
5615483000,r,1440
5615483000,r,1440
5615484000,r,1440
5615598000,s,1340
5615708000,s,1340
5615810000,s,1340
5615933000,s,1340
5616035000,s,1340
5616110000,s,1340
5616177000,s,1340
5616250000,s,1340
5616352000,s,1340
5616554000,s,1340
5616648000,s,1340
5616763000,s,1340
5616902000,s,1340
5617210000,s,1340
5617435000,s,1340
5617473000,r,1440
5617473000,r,1440
5617473000,r,1440
5617474000,r,1440
5617474000,r,1440
5617474000,r,1440
5617474000,r,1440
5617474000,r,1440
5617658000,s,1340
5617827000,s,1340
5618030000,s,1340
5618190000,s,1340
5618300000,s,1340
5618407000,s,1340
5618538000,s,1340
5620186000,s,1340
5620227000,s,1340
5620532000,s,1340
5620666000,s,1340
5621068000,s,1340
5621210000,s,1340
5621696000,s,1340
5621827000,s,1340
5621934000,s,1340
5622304000,s,1340
5622436000,s,1340
5622788000,s,1340
5622819000,s,1340
5623154000,s,1340
5623222000,s,1340
5623319000,s,1340
5623490000,s,1340
5623627000,s,1340
5623932000,s,1340
5624049000,s,1340
5624222000,s,1340
5624377000,s,1340
5624942000,r,1440
5624942000,r,1440
5624942000,r,1440
5624942000,r,1440
5624943000,r,1440
5624943000,r,1440
5624943000,r,1440
5624943000,r,1440
5625162000,r,1440
5625162000,r,1440
5625163000,r,1440
5625163000,r,1440
5625163000,r,1440
5625163000,r,1440
5625429000,s,1340
5625620000,s,1340
5625687000,s,1340
5625842000,s,1340
5625902000,s,1340
5625926000,s,1340
5626417000,r,1440
5626661000,s,1340
5626732000,s,1340
5626776000,r,1440
5626776000,r,1440
5626777000,r,1440
5626877000,s,1340
5627007000,s,1340
5627128000,s,1340
5627451000,s,1340
5630527000,r,1440
5630527000,r,1440
5630527000,r,1440
5630527000,r,1440
5630528000,r,1440
5630528000,r,1440
5630528000,r,1440
5630528000,r,1440
5630716000,r,1440
5630717000,r,1440
5631080000,s,1340
5631166000,s,1340
5631753000,s,1340
5632558000,r,1440
5632558000,r,1440
5632559000,r,1440
5632559000,r,1440
5633158000,s,1340
5633831000,r,1440
5633948000,s,1340
5634016000,s,1340
5634220000,s,1340
5634302000,s,1340
5634523000,s,1340
5634626000,s,1340
5634659000,s,1340
5634843000,s,1340
5634962000,s,1340
5635033000,s,1340
5635113000,s,1340
5635231000,s,1340
5635405000,s,1340
5635476000,s,1340
5635564000,s,1340
5635654000,s,1340
5635775000,r,1440
5635912000,s,1340
5635985000,s,1340
5638521000,r,1440
5638936000,s,1340
5640347000,r,1440
5640347000,r,1440
5640347000,r,1440
5640348000,r,1440
5640348000,r,1440
5640348000,r,1440
5640348000,r,1440
5640349000,r,1440
5640508000,r,1440
5640508000,r,1440
5641328000,s,1340
5641413000,s,1340
5641460000,s,1340
5641489000,s,1340
5641512000,s,1340
5641536000,s,1340
5643440000,s,1340
5643523000,s,1340
5643555000,s,1340
5643659000,s,1340
5643689000,r,1440
5643811000,s,1340
5643689000,r,1440
5643689000,r,1440
5643690000,r,1440
5643690000,r,1440
5643690000,r,1440
5643690000,r,1440
5643691000,r,1440
5643961000,r,1440
5643962000,r,1440
5643962000,r,1440
5643990000,s,1340
5643962000,r,1440
5643963000,r,1440
5643963000,r,1440
5644102000,s,1340
5644190000,s,1340
5644273000,s,1340
5644407000,s,1340
5644983000,s,1340
5645121000,s,1340
5645227000,s,1340
5645326000,s,1340
5645951000,s,1340
5647185000,r,1440
5647185000,r,1440
5647185000,r,1440
5647185000,r,1440
5647186000,r,1440
5647186000,r,1440
5647186000,r,1440
5647955000,s,1340
5648048000,s,1340
5648082000,s,1340
5649650000,r,1440
5653706000,r,1440
5654877000,r,1440
5654877000,r,1440
5654877000,r,1440
5654877000,r,1440
5654877000,r,1440
5654877000,r,1440
5654878000,r,1440
5655432000,s,1340
5655554000,s,1340
5655635000,s,1340
5655818000,r,1440
5655953000,s,1340
5656045000,s,1340
5656110000,s,1340
5656493000,s,1340
5656730000,s,1340
5656762000,r,1440
5656834000,s,1340
5656762000,r,1440
5656763000,r,1440
5656763000,r,1440
5656922000,s,1340
5657122000,s,1340
5657187000,s,1340
5657289000,s,1340
5657369000,s,1340
5657470000,s,1340
5657533000,s,1340
5657853000,s,1340
5657862000,r,1440
5657929000,s,1340
5657862000,r,1440
5657863000,r,1440
5657863000,r,1440
5657863000,r,1440
5657863000,r,1440
5657864000,r,1440
5657864000,r,1440
5658014000,r,1440
5658021000,s,1340
5658159000,s,1340
5658247000,s,1340
5658295000,s,1340
5658318000,s,1340
5658338000,s,1340
5658370000,s,1340
5658413000,s,1340
5658475000,s,1340
5658761000,s,1340
5659045000,s,1340
5659840000,s,1340
5661668000,r,1440
5663762000,r,1440
5663762000,r,1440
5663763000,r,1440
5663763000,r,1440
5663763000,r,1440
5663763000,r,1440
5663764000,r,1440
5663764000,r,1440
5663916000,r,1440
5663977000,r,1440
5664414000,s,1340
5664469000,s,1340
5664612000,s,1340
5664650000,s,1340
5664791000,s,1340
5666332000,r,1440
5667858000,r,1440
5667858000,r,1440
5667859000,r,1440
5668756000,s,1340
5669288000,r,1440
5669345000,s,1340
5669289000,r,1440
5669289000,r,1440
5669289000,r,1440
5669289000,r,1440
5669290000,r,1440
5669290000,r,1440
5669290000,r,1440
5669470000,r,1440
5669593000,s,1340
5669819000,s,1340
5670107000,s,1340
5670269000,s,1340
5670370000,s,1340
5670894000,s,1340
5671000000,s,1340
5671125000,s,1340
5671212000,s,1340
5671453000,s,1340
5671713000,s,1340
5671829000,s,1340
5671931000,s,1340
5672127000,s,1340
5672268000,r,1440
5672311000,s,1340
5672269000,r,1440
5672269000,r,1440
5672269000,r,1440
5672269000,r,1440
5672269000,r,1440
5672270000,r,1440
5672270000,r,1440
5672410000,r,1440
5672411000,r,1440
5672411000,r,1440
5672411000,r,1440
5672411000,r,1440
5672578000,s,1340
5672733000,s,1340
5672843000,s,1340
5673231000,s,1340
5673300000,s,1340
5673327000,s,1340
5674332000,r,1440
5675756000,r,1440
5675756000,r,1440
5676140000,s,1340
5677787000,r,1440
5677787000,r,1440
5677787000,r,1440
5677787000,r,1440
5677788000,r,1440
5677788000,r,1440
5678422000,s,1340
5678527000,s,1340
5678558000,s,1340
5678576000,s,1340
5678894000,s,1340
5680518000,r,1440
5681903000,r,1440
5681903000,r,1440
5683173000,s,1340
5683635000,s,1340
5684421000,r,1440
5684421000,r,1440
5684421000,r,1440
5684421000,r,1440
5684422000,r,1440
5684422000,r,1440
5684422000,r,1440
5684422000,r,1440
5684551000,r,1440
5684551000,r,1440
5684551000,r,1440
5684552000,r,1440
5685122000,r,1440
5685122000,r,1440
5685122000,r,1440
5685329000,s,1340
5685494000,s,1340
5685558000,s,1340
5685686000,s,1340
5685756000,s,1340
5685859000,s,1340
5685900000,s,1340
5685926000,s,1340
5686560000,s,1340
5686670000,s,1340
5686746000,r,1440
5686771000,s,1340
5686746000,r,1440
5686747000,r,1440
5686747000,r,1440
5686747000,r,1440
5686856000,s,1340
5687163000,s,1340
5687246000,s,1340
5687314000,s,1340
5690419000,r,1440
5690420000,r,1440
5691339000,s,1340
5693081000,r,1440
5693081000,r,1440
5693081000,r,1440
5693081000,r,1440
5693082000,r,1440
5693728000,s,1340
5694095000,s,1340
5694175000,s,1340
5694233000,s,1340
5694411000,s,1340
5694478000,s,1340
5694628000,s,1340
5694709000,s,1340
5694852000,s,1340
5694923000,s,1340
5694920000,r,1440
5694949000,s,1340
5694921000,r,1440
5694921000,r,1440
5695119000,s,1340
5695231000,s,1340
5695278000,s,1340
5695362000,s,1340
5695482000,s,1340
5695592000,s,1340
5695673000,s,1340
5695718000,s,1340
5695829000,s,1340
5695858000,s,1340
5695950000,s,1340
5696048000,s,1340
5696167000,s,1340
5696263000,s,1340
5696358000,s,1340
5696436000,s,1340
5696519000,s,1340
5696770000,s,1340
5696982000,s,1340
5697123000,s,1340
5697297000,s,1340
5697627000,s,1340
5697793000,s,1340
5698142000,s,1340
5698242000,s,1340
5698339000,s,1340
5698665000,s,1340
5698872000,s,1340
5698977000,s,1340
5699061000,s,1340
5699268000,s,1340
5699500000,s,1340
5699635000,s,1340
5700059000,s,1340
5700139000,s,1340
5700167000,s,1340
5700399000,s,1340
5700508000,s,1340
5700815000,s,1340
5700970000,s,1340
5701400000,s,1340
5701490000,s,1340
5701628000,s,1340
5701746000,s,1340
5701849000,r,1440
5701894000,s,1340
5701850000,r,1440
5701850000,r,1440
5701850000,r,1440
5702078000,s,1340
5702201000,s,1340
5702354000,s,1340
5702412000,s,1340
5702434000,s,1340
5702450000,s,1340
5702476000,s,1340
5702611000,s,1340
5702672000,s,1340
5702765000,s,1340
5702897000,s,1340
5702997000,s,1340
5703076000,s,1340
5703268000,s,1340
5703326000,s,1340
5703449000,s,1340
5703524000,s,1340
5703641000,s,1340
5703752000,s,1340
5703808000,s,1340
5703963000,s,1340
5704155000,s,1340
5704486000,s,1340
5704614000,s,1340
5704942000,s,1340
5705103000,s,1340
5705311000,s,1340
5705539000,s,1340
5705754000,s,1340
5705894000,s,1340
5705973000,s,1340
5706078000,s,1340
5706217000,s,1340
5706335000,s,1340
5706479000,s,1340
5709706000,r,1440
5709780000,s,1340
5709707000,r,1440
5709707000,r,1440
5709707000,r,1440
5709707000,r,1440
5709707000,r,1440
5709708000,r,1440
5709708000,r,1440
5709863000,r,1440
5709863000,r,1440
5709863000,r,1440
5709863000,r,1440
5709864000,r,1440
5709864000,r,1440
5709864000,r,1440
5709864000,r,1440
5709916000,s,1340
5710105000,s,1340
5710208000,s,1340
5710267000,s,1340
5710464000,s,1340
5710550000,s,1340
5710587000,s,1340
5710613000,s,1340
5710638000,s,1340
5710831000,s,1340
5712150000,r,1440
5712150000,r,1440
5712151000,r,1440
5712151000,r,1440
5712151000,r,1440
5712151000,r,1440
5712151000,r,1440
5712152000,r,1440
5712276000,r,1440
5712605000,s,1340
5712655000,s,1340
5713049000,s,1340
5714056000,r,1440
5714056000,r,1440
5714056000,r,1440
5714056000,r,1440
5714057000,r,1440
5714057000,r,1440
5714057000,r,1440
5714837000,s,1340
5714892000,s,1340
5714925000,s,1340
5715144000,s,1340
5715245000,s,1340
5715364000,s,1340
5715459000,s,1340
5715573000,s,1340
5715706000,s,1340
5716189000,s,1340
5716349000,s,1340
5717167000,s,1340
5717273000,s,1340
5717362000,s,1340
5717609000,s,1340
5717853000,s,1340
5717996000,s,1340
5718308000,s,1340
5718612000,s,1340
5718697000,s,1340
5718777000,s,1340
5719008000,s,1340
5719194000,s,1340
5719363000,s,1340
5719484000,s,1340
5719577000,s,1340
5719777000,s,1340
5720062000,s,1340
5720163000,s,1340
5720521000,s,1340
5720590000,s,1340
5720803000,s,1340
5720917000,s,1340
5721005000,s,1340
5721171000,s,1340
5721276000,s,1340
5721343000,s,1340
5721532000,s,1340
5721696000,s,1340
5721910000,s,1340
5722026000,s,1340
5722198000,s,1340
5722450000,s,1340
5722590000,s,1340
5723776000,s,1340
5723990000,r,1440
5723991000,r,1440
5723991000,r,1440
5723991000,r,1440
5723991000,r,1440
5723992000,r,1440
5724157000,s,1340
5724255000,s,1340
5724347000,s,1340
5724417000,s,1340
5724507000,s,1340
5724600000,s,1340
5724688000,s,1340
5730540000,r,1440
5730540000,r,1440
5730540000,r,1440
5730540000,r,1440
5730541000,r,1440
5731580000,s,1340
5731638000,r,1440
5731653000,s,1340
5731638000,r,1440
5731639000,r,1440
5731639000,r,1440
5731639000,r,1440
5731639000,r,1440
5731640000,r,1440
5731640000,r,1440
5731797000,r,1440
5732010000,s,1340
5732364000,s,1340
5732419000,s,1340
5732444000,s,1340
5732910000,r,1440
5732921000,s,1340
5732910000,r,1440
5732911000,r,1440
5732911000,r,1440
5733611000,s,1340
5734437000,s,1340
5734636000,s,1340
5734739000,s,1340
5735039000,s,1340
5735124000,s,1340
5735362000,s,1340
5735676000,s,1340
5735730000,s,1340
5735942000,s,1340
5736063000,s,1340
5736139000,s,1340
5736213000,s,1340
5736314000,s,1340
5736397000,s,1340
5736563000,s,1340
5736732000,s,1340
5737466000,s,1340
5737870000,s,1340
5738102000,s,1340
5738401000,s,1340
5738857000,s,1340
5738965000,s,1340
5739158000,s,1340
5739235000,s,1340
5739370000,r,1440
5739371000,r,1440
5739371000,r,1440
5739443000,s,1340
5739371000,r,1440
5739371000,r,1440
5739371000,r,1440
5739372000,r,1440
5739372000,r,1440
5739534000,r,1440
5739534000,r,1440
5739534000,r,1440
5739534000,r,1440
5739535000,r,1440
5739535000,r,1440
5739641000,s,1340
5739826000,s,1340
5739949000,s,1340
5740141000,s,1340
5740277000,s,1340
5740322000,s,1340
5740478000,s,1340
5740552000,s,1340
5740595000,s,1340
5740626000,s,1340
5740676000,s,1340
5740754000,s,1340
5740830000,s,1340
5740997000,s,1340
5741359000,s,1340
5747400000,r,1440
5751103000,s,1340
5753229000,r,1440
5753230000,r,1440
5753230000,r,1440
5753230000,r,1440
5753230000,r,1440
5753231000,r,1440
5753231000,r,1440
5753231000,r,1440
5753384000,r,1440
5753385000,r,1440
5753426000,r,1440
5753427000,r,1440
5753427000,r,1440
5753427000,r,1440
5753427000,r,1440
5753427000,r,1440
5753827000,r,1440
5753827000,r,1440
5753828000,r,1440
5754003000,s,1340
5754090000,s,1340
5754121000,s,1340
5754142000,s,1340
5754234000,s,1340
5754289000,s,1340
5754396000,s,1340
5754455000,s,1340
5754569000,s,1340
5754746000,s,1340
5754848000,s,1340
5754921000,s,1340
5754962000,s,1340
5755469000,s,1340
5755612000,s,1340
5755644000,r,1440
5755644000,r,1440
5755644000,r,1440
5755644000,r,1440
5755645000,r,1440
5755645000,r,1440
5755645000,r,1440
5755645000,r,1440
5755774000,r,1440
5756370000,s,1340
5757363000,s,1340
5757843000,s,1340
5757915000,s,1340
5768180000,s,1340
5771766000,r,1440
5771766000,r,1440
5774076000,r,1440
5774077000,r,1440
5774077000,r,1440
5774077000,r,1440
5774077000,r,1440
5774078000,r,1440
5774078000,r,1440
5774078000,r,1440
5774235000,r,1440
5774236000,r,1440
5774236000,r,1440
5774236000,r,1440
5774669000,s,1340
5774743000,s,1340
5774969000,s,1340
5775121000,s,1340
5775711000,r,1440
5775745000,s,1340
5775711000,r,1440
5775711000,r,1440
5775711000,r,1440
5775712000,r,1440
5775712000,r,1440
5775712000,r,1440
5775712000,r,1440
5776378000,s,1340
5776669000,s,1340
5776762000,s,1340
5776820000,s,1340
5777055000,s,1340
5777155000,s,1340
5777216000,s,1340
5777371000,s,1340
5777522000,s,1340
5777708000,r,1440
5777795000,s,1340
5778190000,s,1340
5778360000,s,1340
5778442000,s,1340
5778569000,s,1340
5778637000,s,1340
5778856000,s,1340
5778980000,s,1340
5779202000,s,1340
5779286000,s,1340
5779376000,s,1340
5779422000,s,1340
5782521000,r,1440
5786248000,r,1440
5786249000,r,1440
5786249000,r,1440
5786249000,r,1440
5786250000,r,1440
5786250000,r,1440
5786690000,s,1340
5786917000,s,1340
5787074000,s,1340
5787214000,s,1340
5787323000,s,1340
5787454000,s,1340
5787551000,s,1340
5787651000,s,1340
5787878000,s,1340
5788121000,r,1440
5788193000,s,1340
5788121000,r,1440
5788121000,r,1440
5788121000,r,1440
5788122000,r,1440
5788122000,r,1440
5788122000,r,1440
5788407000,s,1340
5788624000,r,1440
5788643000,s,1340
5788625000,r,1440
5788625000,r,1440
5788730000,s,1340
5788767000,s,1340
5788798000,s,1340
5789071000,s,1340
5789130000,s,1340
5789165000,s,1340
5789189000,s,1340
5790531000,r,1440
5790532000,r,1440
5790532000,r,1440
5790532000,r,1440
5790533000,r,1440
5791344000,s,1340
5791441000,s,1340
5791622000,s,1340
5796657000,r,1440
5799504000,r,1440
5799749000,r,1440
5799749000,r,1440
5799749000,r,1440
5800355000,s,1340
5800455000,s,1340
5800501000,s,1340
5801640000,s,1340
5802165000,r,1440
5802165000,r,1440
5803356000,r,1440
5803357000,r,1440
5803357000,r,1440
5803357000,r,1440
5803357000,r,1440
5803358000,r,1440
5803979000,s,1340
5804060000,s,1340
5804088000,s,1340
5804177000,s,1340
5804254000,s,1340
5804900000,s,1340
5804977000,r,1440
5805009000,s,1340
5804978000,r,1440
5804978000,r,1440
5804978000,r,1440
5804979000,r,1440
5805082000,s,1340
5804979000,r,1440
5804979000,r,1440
5805149000,s,1340
5805214000,s,1340
5805387000,s,1340
5805891000,s,1340
5806076000,s,1340
5806376000,s,1340
5806683000,s,1340
5806750000,r,1440
5806768000,s,1340
5806805000,s,1340
5806834000,s,1340
5806856000,s,1340
5806881000,s,1340
5806902000,s,1340
5807176000,s,1340
5807260000,s,1340
5807471000,s,1340
5807655000,s,1340
5807807000,s,1340
5807925000,s,1340
5808179000,s,1340
5808408000,s,1340
5808618000,r,1440
5808639000,s,1340
5808750000,s,1340
5808852000,s,1340
5808933000,s,1340
5814527000,r,1440
5816157000,s,1340
5816722000,s,1340
5816826000,r,1440
5816875000,s,1340
5816826000,r,1440
5816826000,r,1440
5816974000,s,1340
5816827000,r,1440
5816827000,r,1440
5816827000,r,1440
5816828000,r,1440
5816828000,r,1440
5817041000,s,1340
5817059000,r,1440
5817060000,r,1440
5817117000,s,1340
5817360000,s,1340
5817466000,s,1340
5817498000,s,1340
5817649000,s,1340
5817818000,s,1340
5817940000,s,1340
5817979000,s,1340
5818023000,s,1340
5818151000,s,1340
5818523000,s,1340
5818675000,s,1340
5818726000,s,1340
5818923000,s,1340
5819136000,s,1340
5819682000,s,1340
5819760000,s,1340
5819790000,s,1340
5819943000,s,1340
5820073000,s,1340
5820195000,s,1340
5820820000,s,1340
5820958000,s,1340
5821068000,s,1340
5821167000,s,1340
5821282000,s,1340
5821394000,s,1340
5821520000,r,1440
5821612000,s,1340
5821789000,s,1340
5822033000,s,1340
5822242000,s,1340
5822413000,s,1340
5822583000,s,1340
5822682000,s,1340
5822757000,s,1340
5822868000,s,1340
5822950000,s,1340
5823093000,s,1340
5824416000,s,1340
5824495000,s,1340
5824651000,s,1340
5825038000,s,1340
5825353000,s,1340
5825467000,r,1440
5825542000,s,1340
5825467000,r,1440
5825468000,r,1440
5825598000,s,1340
5825468000,r,1440
5825468000,r,1440
5825468000,r,1440
5825469000,r,1440
5825469000,r,1440
5825653000,r,1440
5825653000,r,1440
5825654000,r,1440
5825726000,s,1340
5825795000,s,1340
5825860000,s,1340
5825928000,s,1340
5826196000,s,1340
5826290000,s,1340
5826319000,s,1340
5826641000,s,1340
5826757000,s,1340
5826955000,s,1340
5827112000,s,1340
5827365000,s,1340
5827724000,s,1340
5827894000,s,1340
5828002000,s,1340
5828040000,s,1340
5828375000,s,1340
5828503000,s,1340
5828625000,s,1340
5828744000,s,1340
5828871000,s,1340
5829271000,s,1340
5829366000,s,1340
5829423000,s,1340
5829540000,s,1340
5829684000,s,1340
5830145000,s,1340
5830403000,s,1340
5830752000,r,1440
5830927000,s,1340
5830987000,s,1340
5831010000,s,1340
5831196000,s,1340
5831317000,s,1340
5831414000,s,1340
5831508000,s,1340
5831977000,s,1340
5832033000,s,1340
5832143000,s,1340
5832256000,s,1340
5832400000,s,1340
5832558000,s,1340
5832785000,s,1340
5833437000,s,1340
5833580000,s,1340
5833845000,s,1340
5833853000,r,1440
5833886000,s,1340
5833853000,r,1440
5833853000,r,1440
5833987000,s,1340
5834066000,s,1340
5834273000,s,1340
5834411000,s,1340
5834769000,s,1340
5834943000,s,1340
5834981000,s,1340
5835336000,r,1440
5835336000,r,1440
5835336000,r,1440
5835337000,r,1440
5835337000,r,1440
5835337000,r,1440
5835850000,s,1340
5836029000,s,1340
5836346000,s,1340
5836404000,s,1340
5836436000,s,1340
5836486000,s,1340
5836516000,s,1340
5837683000,s,1340
5837762000,s,1340
5837798000,s,1340
5837896000,s,1340
5838000000,s,1340
5838195000,s,1340
5838389000,s,1340
5838580000,s,1340
5838678000,s,1340
5839006000,s,1340
5839074000,s,1340
5839105000,s,1340
5839169000,s,1340
5839317000,s,1340
5839504000,s,1340
5839653000,s,1340
5839779000,s,1340
5839985000,s,1340
5840162000,s,1340
5840221000,s,1340
5840333000,s,1340
5840395000,s,1340
5846206000,r,1440
5846206000,r,1440
5846207000,r,1440
5846207000,r,1440
5846924000,s,1340
5850845000,s,1340
5856354000,r,1440
5856354000,r,1440
5856354000,r,1440
5856912000,s,1340
5856999000,s,1340
5857648000,r,1440
5857649000,r,1440
5857649000,r,1440
5857649000,r,1440
5857650000,r,1440
5858111000,r,1440
5858111000,r,1440
5858348000,s,1340
5858417000,s,1340
5858965000,s,1340
5864301000,r,1440
5864301000,r,1440
5864301000,r,1440
5864969000,s,1340
5866535000,r,1440
5868970000,r,1440
5869423000,s,1340
5871895000,r,1440
5871895000,r,1440
5872467000,s,1340
5873974000,r,1440
5873974000,r,1440
5875668000,r,1440
5875668000,r,1440
5875668000,r,1440
5875668000,r,1440
5875669000,r,1440
5876282000,s,1340
5876375000,s,1340
5878431000,r,1440
5881974000,r,1440
6252926000,s,1340
6255462000,s,1340
6256543000,s,1340
6270747000,r,1440
6272329000,r,1440
6279703000,r,1440
6279704000,r,1440
6279704000,r,1440
6279704000,r,1440
6279704000,r,1440
6279705000,r,1440
6279705000,r,1440
6279705000,r,1440
6279934000,r,1440
6279934000,r,1440
6280726000,s,1340
6281188000,s,1340
6281266000,s,1340
6281292000,s,1340
6281327000,s,1340
6283804000,s,1340
6283908000,s,1340
6284221000,s,1340
6284402000,s,1340
6284628000,s,1340
6284694000,s,1340
6284892000,s,1340
6285014000,s,1340
6285047000,s,1340
6285356000,s,1340
6285391000,s,1340
6286051000,s,1340
6286145000,s,1340
6286356000,s,1340
6286483000,s,1340
6286607000,s,1340
6286755000,s,1340
6286909000,s,1340
6287127000,s,1340
6287265000,s,1340
6287350000,s,1340
6287528000,s,1340
6287674000,s,1340
6287786000,s,1340
6288251000,s,1340
6288479000,s,1340
6288663000,s,1340
6288771000,s,1340
6288875000,s,1340
6289110000,s,1340
6289194000,s,1340
6289359000,s,1340
6289474000,s,1340
6289675000,s,1340
6289848000,s,1340
6290083000,s,1340
6290199000,s,1340
6290331000,s,1340
6290455000,s,1340
6290633000,s,1340
6290795000,s,1340
6290938000,s,1340
6291072000,s,1340
6291224000,s,1340
6291330000,s,1340
6291698000,s,1340
6291794000,s,1340
6291850000,s,1340
6291878000,s,1340
6293160000,s,1340
6294796000,s,1340
6294972000,s,1340
6299706000,r,1440
6299707000,r,1440
6299707000,r,1440
6299707000,r,1440
6299989000,r,1440
6299989000,r,1440
6299989000,r,1440
6300537000,s,1340
6300896000,s,1340
6301016000,s,1340
6301049000,s,1340
6301071000,s,1340
6301194000,s,1340
6301237000,r,1440
6301293000,s,1340
6301237000,r,1440
6301354000,s,1340
6301238000,r,1440
6301238000,r,1440
6301238000,r,1440
6301239000,r,1440
6301239000,r,1440
6301239000,r,1440
6301427000,s,1340
6301444000,r,1440
6301469000,r,1440
6301469000,r,1440
6301486000,s,1340
6301469000,r,1440
6301561000,s,1340
6301639000,s,1340
6301701000,s,1340
6301883000,s,1340
6302550000,r,1440
6302550000,r,1440
6302551000,r,1440
6302551000,r,1440
6302552000,r,1440
6302552000,r,1440
6303047000,s,1340
6303153000,s,1340
6303204000,s,1340
6303245000,s,1340
6303286000,s,1340
6303322000,s,1340
6303357000,s,1340
6303392000,s,1340
6303579000,s,1340
6303719000,s,1340
6305940000,r,1440
6306340000,s,1340
6306644000,s,1340
6310422000,r,1440
6313126000,r,1440
6313127000,r,1440
6313488000,s,1340
6313744000,s,1340
6314797000,r,1440
6316561000,r,1440
6317202000,s,1340
6317954000,r,1440
6318203000,s,1340
6318985000,r,1440
6318985000,r,1440
6318986000,r,1440
6318986000,r,1440
6318987000,r,1440
6318987000,r,1440
6319834000,s,1340
6319968000,s,1340
6320031000,s,1340
6320621000,r,1440
6320621000,r,1440
6320622000,r,1440
6320622000,r,1440
6320623000,r,1440
6320623000,r,1440
6321302000,s,1340
6321406000,s,1340
6321469000,r,1440
6321469000,r,1440
6321527000,s,1340
6321469000,r,1440
6321470000,r,1440
6321470000,r,1440
6321554000,s,1340
6321470000,r,1440
6321470000,r,1440
6321471000,r,1440
6321633000,s,1340
6321715000,s,1340
6321909000,s,1340
6322115000,s,1340
6322249000,s,1340
6322327000,s,1340
6322410000,s,1340
6322528000,s,1340
6322636000,s,1340
6322714000,s,1340
6322782000,s,1340
6322847000,s,1340
6322945000,s,1340
6323007000,s,1340
6323247000,s,1340
6323360000,s,1340
6323677000,s,1340
6323865000,s,1340
6324003000,s,1340
6324279000,s,1340
6324548000,s,1340
6324670000,s,1340
6324870000,s,1340
6324991000,s,1340
6325083000,s,1340
6325126000,s,1340
6326260000,s,1340
6326528000,s,1340
6326663000,s,1340
6326771000,s,1340
6326816000,s,1340
6327011000,s,1340
6327068000,s,1340
6327444000,s,1340
6327584000,s,1340
6327632000,s,1340
6327655000,s,1340
6327798000,s,1340
6327883000,s,1340
6328097000,s,1340
6328158000,s,1340
6328258000,s,1340
6328319000,s,1340
6328790000,s,1340
6328996000,s,1340
6329141000,s,1340
6329338000,s,1340
6330001000,s,1340
6330290000,s,1340
6330367000,s,1340
6330476000,s,1340
6330621000,s,1340
6330881000,s,1340
6331202000,s,1340
6332563000,s,1340
6332567000,r,1440
6332794000,s,1340
6333138000,s,1340
6333180000,s,1340
6333201000,s,1340
6333490000,s,1340
6333704000,s,1340
6333857000,s,1340
6334444000,s,1340
6334654000,s,1340
6334756000,s,1340
6334838000,s,1340
6334904000,s,1340
6334976000,s,1340
6335045000,s,1340
6335124000,s,1340
6335192000,s,1340
6335305000,s,1340
6335388000,s,1340
6335458000,s,1340
6335527000,s,1340
6335595000,s,1340
6335656000,s,1340
6335715000,s,1340
6335785000,s,1340
6335853000,s,1340
6335918000,s,1340
6335987000,s,1340
6336010000,r,1440
6336054000,s,1340
6336010000,r,1440
6336010000,r,1440
6336011000,r,1440
6336011000,r,1440
6336011000,r,1440
6336259000,s,1340
6336402000,s,1340
6336517000,s,1340
6336627000,s,1340
6336762000,s,1340
6336847000,r,1440
6336872000,s,1340
6336848000,r,1440
6336848000,r,1440
6336848000,r,1440
6336849000,r,1440
6336849000,r,1440
6337003000,s,1340
6337198000,s,1340
6337281000,s,1340
6337324000,s,1340
6337354000,s,1340
6337477000,s,1340
6337556000,s,1340
6337605000,s,1340
6337938000,r,1440
6337959000,s,1340
6337938000,r,1440
6337938000,r,1440
6337939000,r,1440
6337939000,r,1440
6337939000,r,1440
6337939000,r,1440
6337940000,r,1440
6338060000,s,1340
6338083000,r,1440
6338083000,r,1440
6338084000,r,1440
6338084000,r,1440
6338084000,r,1440
6338136000,s,1340
6338200000,s,1340
6338317000,s,1340
6338367000,s,1340
6338402000,s,1340
6338445000,s,1340
6338615000,s,1340
6338676000,s,1340
6338942000,s,1340
6339019000,s,1340
6339081000,s,1340
6339121000,s,1340
6339231000,s,1340
6339294000,s,1340
6339389000,s,1340
6339472000,s,1340
6339539000,s,1340
6339603000,s,1340
6339686000,s,1340
6339767000,s,1340
6339842000,s,1340
6339914000,s,1340
6339985000,s,1340
6340066000,s,1340
6340266000,s,1340
6340429000,s,1340
6340714000,s,1340
6340866000,s,1340
6341026000,s,1340
6341190000,s,1340
6341561000,s,1340
6341790000,s,1340
6341842000,s,1340
6342020000,s,1340
6342284000,s,1340
6342529000,s,1340
6342637000,s,1340
6342906000,s,1340
6343053000,s,1340
6343262000,s,1340
6343397000,s,1340
6343563000,s,1340
6343685000,s,1340
6344046000,s,1340
6344111000,s,1340
6344227000,s,1340
6344300000,s,1340
6344513000,s,1340
6344670000,s,1340
6344810000,s,1340
6345084000,s,1340
6345316000,s,1340
6345401000,s,1340
6345462000,s,1340
6345528000,s,1340
6345721000,s,1340
6345857000,s,1340
6346072000,s,1340
6346301000,s,1340
6346442000,s,1340
6346597000,s,1340
6346651000,s,1340
6346900000,s,1340
6346955000,s,1340
6346978000,s,1340
6347311000,s,1340
6347634000,s,1340
6347833000,s,1340
6348104000,s,1340
6348239000,s,1340
6348449000,s,1340
6349446000,s,1340
6349581000,s,1340
6350000000,s,1340
6350079000,s,1340
6350109000,s,1340
6350257000,s,1340
6350589000,s,1340
6351344000,s,1340
6351460000,s,1340
6351494000,s,1340
6351882000,s,1340
6353321000,s,1340
6353538000,s,1340
6353764000,s,1340
6353858000,s,1340
6354096000,s,1340
6354186000,s,1340
6354349000,s,1340
6354415000,r,1440
6354415000,r,1440
6354415000,r,1440
6354596000,s,1340
6354642000,s,1340
6354729000,s,1340
6354863000,s,1340
6356746000,r,1440
6356746000,r,1440
6356746000,r,1440
6356747000,r,1440
6356747000,r,1440
6357186000,s,1340
6357250000,s,1340
6364799000,s,1340
6366545000,r,1440
6366545000,r,1440
6366545000,r,1440
6366545000,r,1440
6366546000,r,1440
6366546000,r,1440
6366789000,r,1440
6366790000,r,1440
6366790000,r,1440
6366790000,r,1440
6366790000,r,1440
6366791000,r,1440
6367706000,s,1340
6367875000,s,1340
6368214000,s,1340
6368358000,s,1340
6368466000,s,1340
6368768000,s,1340
6368801000,r,1440
6368896000,s,1340
6368802000,r,1440
6368802000,r,1440
6368802000,r,1440
6368802000,r,1440
6368803000,r,1440
6368803000,r,1440
6368803000,r,1440
6368994000,r,1440
6368995000,r,1440
6368995000,r,1440
6368995000,r,1440
6369370000,s,1340
6369543000,s,1340
6369630000,s,1340
6369735000,s,1340
6369850000,s,1340
6370317000,s,1340
6370540000,s,1340
6370802000,s,1340
6372250000,s,1340
6372413000,s,1340
6372881000,s,1340
6372949000,s,1340
6373017000,s,1340
6373165000,s,1340
6373207000,s,1340
6373385000,s,1340
6373536000,s,1340
6373643000,s,1340
6373793000,s,1340
6373925000,s,1340
6374070000,s,1340
6374213000,s,1340
6374355000,s,1340
6374485000,s,1340
6374640000,s,1340
6374735000,s,1340
6374861000,s,1340
6374957000,s,1340
6375344000,s,1340
6375604000,s,1340
6375719000,s,1340
6375807000,s,1340
6375894000,s,1340
6376328000,s,1340
6376560000,s,1340
6376835000,s,1340
6377026000,s,1340
6377150000,s,1340
6377255000,s,1340
6377554000,s,1340
6377800000,s,1340
6377864000,s,1340
6379007000,s,1340
6379122000,s,1340
6379197000,s,1340
6379259000,s,1340
6379314000,s,1340
6379376000,s,1340
6379432000,s,1340
6379561000,s,1340
6379728000,s,1340
6380023000,s,1340
6380170000,s,1340
6380297000,s,1340
6380437000,s,1340
6380544000,s,1340
6380780000,s,1340
6380858000,s,1340
6381117000,s,1340
6381279000,s,1340
6381425000,s,1340
6381718000,s,1340
6381968000,s,1340
6382070000,s,1340
6382439000,s,1340
6382681000,s,1340
6382848000,s,1340
6383017000,s,1340
6383193000,s,1340
6383248000,s,1340
6383440000,s,1340
6385018000,s,1340
6385154000,s,1340
6385437000,s,1340
6385743000,s,1340
6385833000,s,1340
6386061000,s,1340
6386271000,s,1340
6386456000,s,1340
6386629000,s,1340
6386769000,s,1340
6386876000,s,1340
6387011000,s,1340
6387184000,s,1340
6387240000,s,1340
6387370000,s,1340
6387776000,s,1340
6387901000,s,1340
6388004000,s,1340
6388067000,r,1440
6388137000,s,1340
6388253000,s,1340
6388384000,s,1340
6394121000,r,1440
6394122000,r,1440
6394122000,r,1440
6394122000,r,1440
6394122000,r,1440
6394123000,r,1440
6394840000,r,1440
6394840000,r,1440
6394840000,r,1440
6394841000,r,1440
6394841000,r,1440
6394841000,r,1440
6395057000,s,1340
6395194000,s,1340
6395266000,s,1340
6395318000,s,1340
6395341000,s,1340
6395361000,s,1340
6395683000,s,1340
6395809000,r,1440
6395809000,r,1440
6395888000,s,1340
6395809000,r,1440
6395809000,r,1440
6395809000,r,1440
6395810000,r,1440
6395810000,r,1440
6395810000,r,1440
6395953000,r,1440
6396027000,s,1340
6396260000,s,1340
6396341000,s,1340
6396378000,s,1340
6396419000,s,1340
6396447000,s,1340
6396564000,s,1340
6396702000,s,1340
6397059000,s,1340
6397197000,s,1340
6397417000,s,1340
6397700000,s,1340
6397901000,s,1340
6397929000,s,1340
6397949000,r,1440
6397949000,r,1440
6397950000,r,1440
6397950000,r,1440
6397950000,r,1440
6397951000,r,1440
6398401000,s,1340
6398630000,s,1340
6398763000,s,1340
6398880000,s,1340
6402323000,s,1340
6408970000,s,1340
6416847000,r,1440
6418425000,r,1440
6418425000,r,1440
6418425000,r,1440
6418425000,r,1440
6418426000,r,1440
6418426000,r,1440
6418426000,r,1440
6418427000,r,1440
6418660000,r,1440
6418660000,r,1440
6418660000,r,1440
6418661000,r,1440
6418844000,r,1440
6418844000,r,1440
6418844000,r,1440
6419613000,s,1340
6419749000,s,1340
6419854000,s,1340
6420097000,s,1340
6420179000,s,1340
6420258000,s,1340
6420321000,s,1340
6420349000,s,1340
6420373000,s,1340
6420367000,r,1440
6420368000,r,1440
6420368000,r,1440
6420515000,s,1340
6420368000,r,1440
6420369000,r,1440
6420369000,r,1440
6420589000,s,1340
6420621000,s,1340
6420757000,s,1340
6420899000,s,1340
6420946000,s,1340
6421144000,s,1340
6421223000,s,1340
6421254000,s,1340
6421277000,s,1340
6421302000,s,1340
6421325000,s,1340
6421498000,s,1340
6421741000,s,1340
6421822000,s,1340
6421926000,s,1340
6422016000,s,1340
6422153000,s,1340
6422386000,s,1340
6422583000,s,1340
6422703000,s,1340
6422777000,s,1340
6422927000,s,1340
6424189000,s,1340
6424332000,s,1340
6424484000,r,1440
6424657000,s,1340
6424781000,s,1340
6424979000,s,1340
6425220000,s,1340
6425397000,s,1340
6425476000,s,1340
6425708000,s,1340
6425807000,s,1340
6425959000,s,1340
6426133000,s,1340
6426215000,s,1340
6426257000,s,1340
6426379000,s,1340
6426479000,s,1340
6426613000,s,1340
6426725000,s,1340
6426828000,s,1340
6426905000,s,1340
6427017000,s,1340
6427380000,s,1340
6427477000,s,1340
6427654000,s,1340
6427831000,s,1340
6428299000,s,1340
6428457000,s,1340
6429252000,r,1440
6429376000,r,1440
6429376000,r,1440
6429416000,s,1340
6429501000,s,1340
6429636000,s,1340
6429706000,s,1340
6429794000,s,1340
6433370000,r,1440
6433370000,r,1440
6433370000,r,1440
6433371000,r,1440
6433371000,r,1440
6433371000,r,1440
6433371000,r,1440
6433372000,r,1440
6433615000,r,1440
6433616000,r,1440
6433616000,r,1440
6433616000,r,1440
6433617000,r,1440
6433617000,r,1440
6433617000,r,1440
6433618000,r,1440
6434185000,s,1340
6434692000,s,1340
6434747000,s,1340
6435685000,r,1440
6435685000,r,1440
6435685000,r,1440
6435686000,r,1440
6435686000,r,1440
6435686000,r,1440
6435686000,r,1440
6436455000,s,1340
6436543000,s,1340
6436585000,s,1340
6436611000,s,1340
6436633000,s,1340
6436813000,s,1340
6436879000,s,1340
6437035000,s,1340
6437167000,s,1340
6437474000,s,1340
6437764000,s,1340
6438088000,s,1340
6438309000,s,1340
6438349000,s,1340
6438591000,s,1340
6438650000,s,1340
6438922000,s,1340
6438999000,s,1340
6439113000,s,1340
6439280000,s,1340
6439447000,s,1340
6439836000,s,1340
6439977000,s,1340
6440173000,s,1340
6440265000,s,1340
6440385000,s,1340
6440511000,s,1340
6440682000,s,1340
6440729000,s,1340
6440856000,s,1340
6441116000,s,1340
6441160000,s,1340
6442309000,s,1340
6442415000,s,1340
6442581000,s,1340
6442635000,s,1340
6443165000,s,1340
6443232000,s,1340
6443277000,s,1340
6443503000,s,1340
6443735000,s,1340
6443790000,s,1340
6443947000,s,1340
6444057000,s,1340
6444130000,s,1340
6444242000,s,1340
6444371000,s,1340
6444443000,s,1340
6444514000,s,1340
6444563000,s,1340
6444872000,s,1340
6444965000,s,1340
6445062000,s,1340
6445249000,s,1340
6445345000,s,1340
6445579000,s,1340
6445737000,s,1340
6446081000,s,1340
6446330000,s,1340
6446391000,s,1340
6446574000,s,1340
6446614000,s,1340
6446757000,s,1340
6446864000,s,1340
6446942000,s,1340
6447029000,s,1340
6447088000,s,1340
6447192000,s,1340
6447369000,r,1440
6447391000,s,1340
6447369000,r,1440
6447369000,r,1440
6447535000,s,1340
6447639000,s,1340
6447813000,s,1340
6447944000,s,1340
6448080000,s,1340
6448226000,s,1340
6448370000,s,1340
6448509000,s,1340
6449444000,s,1340
6449589000,s,1340
6449701000,r,1440
6449701000,r,1440
6449701000,r,1440
6449701000,r,1440
6449702000,r,1440
6449702000,r,1440
6449702000,r,1440
6449702000,r,1440
6449809000,r,1440
6449878000,s,1340
6450007000,s,1340
6450097000,s,1340
6450190000,s,1340
6450281000,s,1340
6450392000,s,1340
6450546000,s,1340
6450653000,s,1340
6450750000,s,1340
6450980000,s,1340
6451092000,s,1340
6451658000,s,1340
6451732000,s,1340
6451760000,s,1340
6451779000,s,1340
6451797000,s,1340
6451917000,s,1340
6451917000,r,1440
6452038000,s,1340
6451917000,r,1440
6451917000,r,1440
6451917000,r,1440
6451918000,r,1440
6451918000,r,1440
6452115000,s,1340
6452169000,s,1340
6452241000,s,1340
6452305000,s,1340
6452557000,s,1340
6452639000,s,1340
6452676000,s,1340
6454334000,s,1340
6454483000,s,1340
6454709000,s,1340
6454806000,s,1340
6454911000,s,1340
6455113000,s,1340
6455181000,s,1340
6455291000,s,1340
6455385000,s,1340
6455538000,s,1340
6455601000,s,1340
6455721000,s,1340
6455860000,s,1340
6456130000,s,1340
6456308000,s,1340
6456616000,s,1340
6456665000,s,1340
6456772000,s,1340
6456824000,r,1440
6456824000,r,1440
6456825000,r,1440
6456825000,r,1440
6456825000,r,1440
6456922000,s,1340
6456825000,r,1440
6456826000,r,1440
6457048000,s,1340
6457189000,s,1340
6457309000,s,1340
6457459000,s,1340
6457606000,s,1340
6457721000,s,1340
6458257000,s,1340
6461016000,r,1440
6461016000,r,1440
6461017000,r,1440
6461566000,s,1340
6462532000,r,1440
6462532000,r,1440
6462977000,s,1340
6464671000,r,1440
6464671000,r,1440
6464671000,r,1440
6464672000,r,1440
6464672000,r,1440
6464672000,r,1440
6464673000,r,1440
6464673000,r,1440
6464826000,r,1440
6464826000,r,1440
6464826000,r,1440
6464827000,r,1440
6464827000,r,1440
6464827000,r,1440
6464926000,r,1440
6465312000,r,1440
6465312000,r,1440
6465313000,r,1440
6465516000,s,1340
6465604000,s,1340
6465632000,s,1340
6465652000,s,1340
6465871000,s,1340
6466284000,s,1340
6467395000,r,1440
6473453000,r,1440
6473453000,r,1440
6473454000,r,1440
6473454000,r,1440
6473454000,r,1440
6473454000,r,1440
6473455000,r,1440
6473455000,r,1440
6473657000,r,1440
6474216000,s,1340
6474395000,s,1340
6474469000,s,1340
6474559000,s,1340
6474835000,s,1340
6475014000,s,1340
6475146000,s,1340
6475288000,s,1340
6475569000,s,1340
6475682000,s,1340
6475885000,s,1340
6476103000,s,1340
6476211000,s,1340
6476385000,s,1340
6476688000,s,1340
6476760000,s,1340
6476789000,s,1340
6476823000,s,1340
6476918000,s,1340
6477014000,s,1340
6477062000,s,1340
6477258000,s,1340
6477413000,s,1340
6477878000,s,1340
6478599000,s,1340
6478748000,r,1440
6478754000,s,1340
6478780000,s,1340
6479017000,s,1340
6479097000,s,1340
6479137000,s,1340
6479291000,s,1340
6479381000,s,1340
6479559000,s,1340
6479714000,s,1340
6480182000,s,1340
6480458000,s,1340
6480935000,s,1340
6481018000,s,1340
6481266000,s,1340
6481364000,s,1340
6481436000,s,1340
6481986000,s,1340
6482533000,r,1440
6482533000,r,1440
6482533000,r,1440
6482534000,r,1440
6482534000,r,1440
6482826000,s,1340
6482943000,s,1340
6483004000,s,1340
6483065000,s,1340
6483121000,s,1340
6483175000,s,1340
6483229000,s,1340
6483283000,s,1340
6483335000,s,1340
6483503000,s,1340
6483608000,s,1340
6483852000,s,1340
6483974000,s,1340
6485058000,r,1440
6485142000,s,1340
6485058000,r,1440
6486936000,r,1440
6486936000,r,1440
6486937000,r,1440
6486937000,r,1440
6488015000,s,1340
6488086000,s,1340
6488127000,s,1340
6490529000,r,1440
6490530000,r,1440
6490530000,r,1440
6491144000,s,1340
6493651000,s,1340
6494254000,r,1440
6494254000,r,1440
6494254000,r,1440
6494566000,s,1340
6494614000,s,1340
6495678000,r,1440
6495678000,r,1440
6496794000,r,1440
6497045000,s,1340
6498529000,r,1440
6502528000,r,1440
6502944000,s,1340
6506429000,r,1440
6506947000,s,1340
6509800000,r,1440
6509800000,r,1440
6509800000,r,1440
6510320000,r,1440
6510357000,s,1340
6510618000,s,1340
6512025000,r,1440
6512730000,r,1440
6512951000,s,1340
6515667000,r,1440
6519839000,r,1440
6520042000,r,1440
6520360000,s,1340
6520453000,s,1340
6540354000,s,1340
6548532000,r,1440
6551264000,r,1440
6552155000,s,1340
6552252000,s,1340
6552652000,s,1340
6552841000,s,1340
6553080000,s,1340
6553320000,s,1340
6553411000,s,1340
6553456000,s,1340
6553645000,s,1340
6553764000,s,1340
6553864000,s,1340
6554129000,s,1340
6554290000,s,1340
6554554000,s,1340
6554646000,s,1340
6554918000,s,1340
6554965000,s,1340
6555150000,s,1340
6555317000,s,1340
6555408000,s,1340
6555464000,s,1340
6555490000,s,1340
6556742000,s,1340
6556795000,s,1340
6556825000,s,1340
6556966000,s,1340
6557049000,s,1340
6557154000,s,1340
6557221000,s,1340
6557294000,s,1340
6557371000,s,1340
6557579000,s,1340
6557644000,s,1340
6557677000,s,1340
6557697000,s,1340
6557783000,s,1340
6558001000,s,1340
6558155000,s,1340
6558290000,s,1340
6558486000,s,1340
6558628000,s,1340
6558686000,s,1340
6558919000,s,1340
6559068000,s,1340
6559188000,s,1340
6559367000,s,1340
6559509000,s,1340
6559598000,s,1340
6559822000,s,1340
6559861000,s,1340
6560040000,s,1340
6560284000,s,1340
6560565000,s,1340
6560697000,s,1340
6560800000,s,1340
6562244000,s,1340
6562410000,s,1340
6562798000,s,1340
6563016000,s,1340
6563098000,s,1340
6563164000,s,1340
6563334000,s,1340
6563482000,s,1340
6563622000,s,1340
6563698000,s,1340
6564237000,s,1340
6564305000,s,1340
6564434000,s,1340
6564547000,s,1340
6564644000,s,1340
6564854000,s,1340
6564975000,s,1340
6565586000,s,1340
6565693000,s,1340
6565766000,s,1340
6565837000,s,1340
6565905000,s,1340
6566066000,s,1340
6566326000,s,1340
6566422000,s,1340
6566532000,s,1340
6566550000,r,1440
6566717000,s,1340
6566966000,s,1340
6572576000,r,1440
6572576000,r,1440
6572576000,r,1440
6572577000,r,1440
6572577000,r,1440
6572577000,r,1440
6572578000,r,1440
6572578000,r,1440
6573373000,s,1340
6573467000,s,1340
6573863000,s,1340
6574042000,s,1340
6574079000,s,1340
6574101000,s,1340
6574214000,s,1340
6574486000,s,1340
6574593000,s,1340
6574762000,s,1340
6574876000,s,1340
6575086000,s,1340
6575378000,s,1340
6575438000,s,1340
6575629000,s,1340
6575666000,s,1340
6575784000,s,1340
6575983000,s,1340
6576138000,s,1340
6576278000,s,1340
6576380000,r,1440
6576391000,s,1340
6576380000,r,1440
6576488000,s,1340
6576380000,r,1440
6576381000,r,1440
6576624000,s,1340
6576702000,s,1340
6576868000,s,1340
6576979000,s,1340
6577239000,s,1340
6577423000,s,1340
6577681000,s,1340
6577708000,s,1340
6577739000,s,1340
6577771000,s,1340
6577946000,s,1340
6578069000,s,1340
6578319000,s,1340
6578385000,s,1340
6578552000,s,1340
6578633000,s,1340
6578704000,s,1340
6578858000,s,1340
6578993000,r,1440
6579021000,s,1340
6579066000,s,1340
6578994000,r,1440
6578994000,r,1440
6579237000,s,1340
6579364000,s,1340
6579453000,s,1340
6579556000,s,1340
6579666000,s,1340
6579772000,s,1340
6579961000,s,1340
6580056000,s,1340
6580162000,s,1340
6580400000,s,1340
6580677000,s,1340
6580791000,s,1340
6580877000,s,1340
6581086000,s,1340
6581465000,s,1340
6581540000,s,1340
6581716000,s,1340
6581926000,s,1340
6582115000,s,1340
6582164000,s,1340
6582259000,s,1340
6582334000,s,1340
6582400000,s,1340
6582442000,s,1340
6583183000,s,1340
6583584000,s,1340
6583694000,s,1340
6583961000,s,1340
6584074000,s,1340
6584327000,r,1440
6584507000,s,1340
6584947000,s,1340
6585140000,s,1340
6585493000,s,1340
6585560000,s,1340
6585593000,s,1340
6585725000,s,1340
6585895000,s,1340
6586064000,s,1340
6586249000,s,1340
6586414000,s,1340
6586595000,s,1340
6586754000,s,1340
6586825000,s,1340
6586913000,s,1340
6587054000,s,1340
6587267000,s,1340
6587384000,r,1440
6587407000,s,1340
6587521000,s,1340
6587605000,s,1340
6587646000,s,1340
6587709000,s,1340
6587821000,s,1340
6587931000,s,1340
6588040000,s,1340
6588156000,s,1340
6588258000,s,1340
6588363000,s,1340
6588477000,s,1340
6588609000,s,1340
6588897000,s,1340
6589082000,s,1340
6589257000,s,1340
6589441000,s,1340
6589797000,s,1340
6589894000,s,1340
6590049000,s,1340
6590132000,s,1340
6590182000,r,1440
6590220000,s,1340
6590182000,r,1440
6590183000,r,1440
6590183000,r,1440
6590183000,r,1440
6590299000,s,1340
6590382000,s,1340
6590458000,s,1340
6590586000,s,1340
6590623000,s,1340
6592668000,s,1340
6594038000,s,1340
6594562000,r,1440
6594562000,r,1440
6596971000,r,1440
6596972000,r,1440
6596972000,r,1440
6596972000,r,1440
6596972000,r,1440
6596973000,r,1440
6597561000,s,1340
6597698000,s,1340
6597809000,s,1340
6598521000,r,1440
6598522000,r,1440
6598522000,r,1440
6599050000,r,1440
6599110000,s,1340
6599050000,r,1440
6599050000,r,1440
6599050000,r,1440
6599175000,s,1340
6599051000,r,1440
6599051000,r,1440
6599051000,r,1440
6599206000,s,1340
6599231000,s,1340
6599258000,s,1340
6599313000,s,1340
6599523000,s,1340
6599874000,s,1340
6599955000,s,1340
6600102000,s,1340
6600144000,s,1340
6600284000,s,1340
6600557000,s,1340
6600659000,s,1340
6600742000,s,1340
6600802000,s,1340
6601091000,s,1340
6601126000,s,1340
6601171000,r,1440
6601486000,s,1340
6601706000,s,1340
6601821000,s,1340
6606878000,r,1440
6607548000,s,1340
6610922000,r,1440
6610922000,r,1440
6611396000,s,1340
6611504000,s,1340
6613031000,r,1440
6613032000,r,1440
6613032000,r,1440
6613032000,r,1440
6613032000,r,1440
6613033000,r,1440
6613575000,s,1340
6614104000,s,1340
6614241000,r,1440
6614333000,s,1340
6614242000,r,1440
6614242000,r,1440
6614242000,r,1440
6614242000,r,1440
6614243000,r,1440
6614243000,r,1440
6614443000,s,1340
6614243000,r,1440
6614958000,s,1340
6615075000,s,1340
6615350000,r,1440
6615351000,r,1440
6615351000,r,1440
6615502000,s,1340
6615610000,s,1340
6615795000,s,1340
6615914000,s,1340
6617458000,r,1440
6619786000,r,1440
6620314000,s,1340
6625620000,s,1340
6645168000,r,1440
6646141000,s,1340
6646520000,r,1440
6655607000,r,1440
6655769000,s,1340
6685770000,s,1340
6685887000,s,1340
6698628000,r,1440
6699554000,r,1440
6699555000,r,1440
6699555000,r,1440
6700566000,s,1340
6703153000,r,1440
6703625000,s,1340
6706371000,r,1440
6709556000,r,1440
6709932000,s,1340
6710166000,s,1340
6714864000,r,1440
6716003000,r,1440
6716579000,r,1440
6717502000,s,1340
6717560000,r,1440
6717590000,s,1340
6722042000,r,1440
6726524000,r,1440
6727342000,s,1340
6729882000,r,1440
6731438000,r,1440
6731790000,s,1340
6735799000,r,1440
6735799000,r,1440
6736487000,r,1440
6736705000,s,1340
6738533000,r,1440
6739888000,r,1440
6740348000,s,1340
6740420000,s,1340
6742181000,r,1440
6745567000,r,1440
6749949000,r,1440
6749949000,r,1440
6750375000,s,1340
6751801000,r,1440
6752020000,r,1440
6754138000,r,1440
6754194000,s,1340
6754139000,r,1440
6754139000,r,1440
6754959000,s,1340
6756171000,r,1440
6759723000,r,1440
6759723000,r,1440
6759724000,r,1440
6759724000,r,1440
6760486000,s,1340
6760559000,s,1340
6760990000,r,1440
6761835000,r,1440
6761835000,r,1440
6762184000,s,1340
6763696000,r,1440
6763697000,r,1440
6764051000,s,1340
6766521000,r,1440
6766896000,s,1340
6769112000,r,1440
6772570000,r,1440
6772570000,r,1440
6773065000,s,1340
6773981000,r,1440
6774331000,s,1340
6774422000,r,1440
6776965000,r,1440
6777416000,s,1340
6782381000,r,1440
6785168000,r,1440
6787512000,r,1440
6788109000,s,1340
6788202000,s,1340
6797114000,r,1440
6799057000,s,1340
6994552000,r,1440
6994552000,r,1440
7958850000,r,1440
7958850000,r,1440
7958850000,r,1440
7958851000,r,1440
7958851000,r,1440
7958851000,r,1440
7958851000,r,1440
7958852000,r,1440
7959130000,r,1440
7959131000,r,1440
7959862000,s,1340
7960016000,s,1340
7960212000,s,1340
7960298000,s,1340
7960404000,s,1340
7960617000,s,1340
7960723000,s,1340
7961211000,s,1340
7961357000,s,1340
7961494000,s,1340
7961630000,s,1340
7961762000,s,1340
7962050000,s,1340
7962164000,s,1340
7963077000,s,1340
7963370000,s,1340
7963489000,s,1340
7963648000,s,1340
7963805000,s,1340
7964120000,s,1340
7964283000,s,1340
7964422000,s,1340
7964659000,s,1340
7964801000,s,1340
7964939000,s,1340
7965210000,s,1340
7965475000,s,1340
7965606000,s,1340
7965740000,s,1340
7965880000,s,1340
7966014000,s,1340
7966167000,s,1340
7966304000,s,1340
7966439000,s,1340
7966859000,s,1340
7968012000,s,1340
7968177000,s,1340
7968319000,s,1340
7968910000,s,1340
7969050000,s,1340
7969173000,s,1340
7969303000,s,1340
7969394000,s,1340
7969482000,s,1340
7969791000,s,1340
7970285000,s,1340
7970988000,s,1340
7971061000,s,1340
7971399000,s,1340
7971584000,s,1340
7971721000,s,1340
7971931000,s,1340
7972048000,s,1340
7972363000,s,1340
7972439000,s,1340
7972490000,s,1340
7972775000,s,1340
7972829000,s,1340
7973019000,s,1340
7973322000,s,1340
7973373000,s,1340
7973532000,s,1340
7973940000,s,1340
7974080000,s,1340
7974390000,s,1340
7974564000,s,1340
7974671000,s,1340
7974820000,s,1340
7975139000,s,1340
7975280000,s,1340
7975389000,s,1340
7976020000,s,1340
7976160000,s,1340
7976226000,s,1340
7976279000,s,1340
7976551000,s,1340
7976617000,s,1340
7976821000,s,1340
7977048000,s,1340
7977103000,s,1340
7977270000,s,1340
7977405000,s,1340
7977641000,s,1340
7978126000,s,1340
7978311000,s,1340
7978547000,s,1340
7978628000,s,1340
7978871000,s,1340
7978972000,s,1340
7979237000,s,1340
7979384000,s,1340
7979585000,s,1340
7980013000,s,1340
7980101000,s,1340
7980397000,s,1340
7980596000,s,1340
7981163000,s,1340
7981257000,s,1340
7981348000,s,1340
7981685000,s,1340
7982340000,s,1340
7982430000,s,1340
7982460000,r,1440
7982580000,s,1340
7982631000,s,1340
7993220000,s,1340
7993497000,s,1340
7993707000,s,1340
7993937000,s,1340
7994045000,s,1340
7994691000,s,1340
7994805000,s,1340
7994886000,s,1340
7994989000,s,1340
7995065000,s,1340
7995245000,s,1340
7995349000,s,1340
7995458000,s,1340
7995866000,s,1340
7996055000,s,1340
7996355000,s,1340
7996472000,s,1340
7996755000,s,1340
7996878000,s,1340
7996981000,s,1340
7997221000,s,1340
7997334000,s,1340
7997666000,s,1340
7997804000,s,1340
7997997000,s,1340
7998142000,s,1340
7998194000,s,1340
7998797000,s,1340
7998923000,s,1340
7999156000,s,1340
7999410000,s,1340
7999536000,s,1340
7999817000,s,1340
8000023000,s,1340
8000073000,s,1340
8000429000,s,1340
8000557000,s,1340
8000740000,s,1340
8000890000,s,1340
8001083000,s,1340
8001230000,s,1340
8001465000,s,1340
8001629000,s,1340
8001886000,s,1340
8002381000,s,1340
8002583000,s,1340
8002702000,s,1340
8002836000,s,1340
8003044000,s,1340
8003144000,s,1340
8003550000,s,1340
8003683000,s,1340
8004093000,s,1340
8004382000,s,1340
8004866000,s,1340
8005089000,s,1340
8005296000,s,1340
8005430000,s,1340
8005651000,s,1340
8005900000,s,1340
8006132000,s,1340
8006971000,s,1340
8007114000,s,1340
8007241000,s,1340
8007361000,s,1340
8007487000,s,1340
8007581000,s,1340
8007699000,s,1340
8007791000,s,1340
8007909000,s,1340
8008025000,s,1340
8008449000,s,1340
8008595000,s,1340
8008778000,s,1340
8008904000,s,1340
8009302000,s,1340
8009433000,s,1340
8009857000,s,1340
8010119000,s,1340
8010374000,s,1340
8011225000,s,1340
8011371000,s,1340
8011505000,s,1340
8011658000,s,1340
8011815000,s,1340
8011967000,s,1340
8020792000,s,1340
8159276000,s,1340
8159413000,s,1340
8532636000,r,1440
8532637000,r,1440
8532637000,r,1440
8532637000,r,1440
8532637000,r,1440
8533994000,s,1340
8534204000,s,1340
8534353000,s,1340
8544197000,s,1340
8551946000,r,1440
8552624000,s,1340
8563377000,r,1440
8564311000,s,1340
8566486000,r,1440
8574568000,s,1340
8889940000,s,1340
8890798000,s,1340
8906525000,r,1440
8906525000,r,1440
8907126000,s,1340
8907239000,r,1440
8907239000,r,1440
8907327000,s,1340
8907383000,s,1340
8907400000,s,1340
9490709000,r,1440
9490709000,r,1440
12162683000,r,1440
12165772000,s,1340
12526851000,r,1440
12526852000,r,1440
12526852000,r,1440
12526853000,r,1440
12526853000,r,1440
12529755000,s,1340
12530121000,s,1340
12542965000,r,1440
15933306000,s,1340
15972536000,s,1340
15972996000,s,1340
15996412000,r,1440
15996412000,r,1440
15998598000,r,1440
15998599000,r,1440
15998910000,s,1340
16000183000,s,1340
16010675000,r,1440
16012126000,s,1340
16714586000,r,1440
16714587000,r,1440
16714587000,r,1440
16716124000,s,1340
17390986000,r,1440
17390986000,r,1440
17393986000,s,1340
17750973000,r,1440
17750974000,r,1440
17754596000,s,1340
17766659000,r,1440
18914281000,s,1340
18953694000,s,1340
18954198000,s,1340
21587106000,r,1440
22050698000,r,1440
22050698000,r,1440
22050699000,r,1440
22050699000,r,1440
22052924000,s,1340
22053415000,s,1340
22458799000,r,1440
22458799000,r,1440
22461259000,s,1340
22969608000,r,1440
22969608000,r,1440
23844325000,s,1340
23884106000,s,1340
23884543000,s,1340
23906694000,r,1440
23908795000,s,1340
23909140000,s,1340
23918604000,r,1440
23920534000,r,1440
23920535000,r,1440
23922904000,s,1340
23934713000,r,1440