0,s,1340
37775000,s,1340
38221000,s,1340
57071000,r,1440
69859000,s,1340
80531000,r,1440
80531000,r,1440
81275000,r,1440
82619000,s,1340
186445000,r,1440
186446000,r,1440
187588000,s,1340
302988000,r,1440
305293000,s,1340
2761814000,s,1340
2804039000,s,1340
2804566000,s,1340
2804665000,s,1340
2826344000,r,1440
2827519000,s,1340
2827765000,s,1340
2827902000,s,1340
2828089000,s,1340
2828289000,s,1340
2828380000,r,1440
2828380000,r,1440
2828439000,s,1340
2828580000,s,1340
2828721000,s,1340
2828791000,s,1340
2828943000,s,1340
2829171000,s,1340
2829404000,s,1340
2829467000,r,1440
2829606000,s,1340
2830272000,s,1340
2830423000,s,1340
2832162000,s,1340
2838333000,r,1440
2838728000,s,1340
2838950000,s,1340
2840227000,s,1340
2841270000,r,1440
2841270000,r,1440
2841270000,r,1440
2842372000,s,1340
2842540000,s,1340
2846513000,s,1340
2846652000,s,1340
2846776000,s,1340
2851833000,r,1440
2851833000,r,1440
2852238000,s,1340
2854103000,r,1440
2854427000,s,1340
2857829000,r,1440
2857829000,r,1440
2859038000,r,1440
2859197000,s,1340
2859406000,s,1340
2859579000,s,1340
2859735000,s,1340
2860013000,r,1440
2860128000,s,1340
2860280000,s,1340
2860424000,s,1340
2860555000,s,1340
2860636000,r,1440
2860880000,s,1340
2861012000,s,1340
2861207000,s,1340
2863436000,r,1440
2865924000,s,1340
2866171000,s,1340
2866598000,s,1340
2866828000,s,1340
2867036000,s,1340
2867391000,s,1340
2867560000,s,1340
2868125000,s,1340
2868376000,s,1340
2868557000,r,1440
2868575000,s,1340
2868557000,r,1440
2868810000,s,1340
2869039000,s,1340
2869245000,s,1340
2869432000,s,1340
2869634000,s,1340
2869824000,r,1440
2869861000,s,1340
2870101000,s,1340
2873509000,r,1440
2873509000,r,1440
2874926000,s,1340
2875799000,r,1440
2875799000,r,1440
2876397000,s,1340
2878314000,r,1440
2878567000,s,1340
2878603000,s,1340
2884404000,r,1440
2884404000,r,1440
2884405000,r,1440
2884405000,r,1440
2885405000,s,1340
2885583000,s,1340
2885722000,s,1340
2887703000,r,1440
2887703000,r,1440
2887704000,r,1440
2887704000,r,1440
2887704000,r,1440
2887704000,r,1440
2887704000,r,1440
2887704000,r,1440
2887820000,r,1440
2888522000,s,1340
2888701000,s,1340
2888834000,s,1340
2888976000,s,1340
2889091000,s,1340
2889202000,s,1340
2889317000,s,1340
2889436000,s,1340
2889672000,s,1340
2889782000,s,1340
2889841000,s,1340
2889925000,s,1340
2890352000,s,1340
2890622000,s,1340
2890872000,s,1340
2891026000,s,1340
2891187000,s,1340
2891363000,s,1340
2891536000,s,1340
2891922000,s,1340
2892080000,s,1340
2892303000,s,1340
2892558000,s,1340
2892607000,s,1340
2892872000,s,1340
2892953000,s,1340
2892994000,s,1340
2894181000,s,1340
2894716000,s,1340
2894856000,s,1340
2894970000,s,1340
2895132000,s,1340
2895539000,s,1340
2895741000,s,1340
2896065000,s,1340
2896249000,s,1340
2896792000,s,1340
2897016000,s,1340
2897223000,s,1340
2897444000,s,1340
2897472000,r,1440
2897565000,s,1340
2897878000,s,1340
2898091000,s,1340
2898778000,s,1340
2898853000,s,1340
2898875000,s,1340
2899731000,s,1340
2899885000,s,1340
2900088000,s,1340
2900224000,s,1340
2900356000,s,1340
2900490000,s,1340
2901730000,s,1340
2901855000,s,1340
2901942000,s,1340
2902011000,s,1340
2902082000,s,1340
2902151000,s,1340
2903297000,s,1340
2903631000,s,1340
2903841000,s,1340
2903899000,s,1340
2904128000,s,1340
2904421000,s,1340
2905334000,s,1340
2905438000,s,1340
2905484000,s,1340
2905988000,s,1340
2906164000,s,1340
2906370000,s,1340
2906731000,s,1340
2906932000,s,1340
2907037000,s,1340
2907223000,s,1340
2907451000,s,1340
2907559000,s,1340
2907646000,s,1340
2907747000,s,1340
2908575000,s,1340
2908993000,s,1340
2909097000,s,1340
2909170000,s,1340
2909265000,s,1340
2909483000,s,1340
2909584000,s,1340
2909688000,s,1340
2909776000,s,1340
2909863000,s,1340
2909945000,s,1340
2910031000,s,1340
2910089000,s,1340
2910332000,s,1340
2910382000,s,1340
2910579000,s,1340
2910873000,s,1340
2910969000,s,1340
2911137000,s,1340
2911274000,s,1340
2911355000,s,1340
2911564000,s,1340
2913663000,s,1340
2913933000,s,1340
2914016000,s,1340
2914078000,s,1340
2914221000,r,1440
2914250000,s,1340
2914418000,s,1340
2914464000,s,1340
2914593000,s,1340
2915856000,s,1340
2916302000,s,1340
2916404000,s,1340
2917031000,s,1340
2918535000,s,1340
2918733000,s,1340
2918812000,s,1340
2919714000,s,1340
2919786000,s,1340
2920919000,s,1340
2921085000,s,1340
2921283000,s,1340
2921432000,s,1340
2921521000,s,1340
2921748000,s,1340
2922570000,s,1340
2922647000,s,1340
2922702000,s,1340
2922753000,s,1340
2922802000,s,1340
2922978000,s,1340
2923272000,s,1340
2923419000,s,1340
2923492000,s,1340
2923555000,s,1340
2923690000,s,1340
2923787000,s,1340
2923842000,s,1340
2924262000,s,1340
2924351000,s,1340
2924583000,s,1340
2924729000,s,1340
2924813000,s,1340
2924988000,s,1340
2925083000,s,1340
2925393000,s,1340
2925476000,s,1340
2925533000,s,1340
2925672000,s,1340
2925767000,s,1340
2925847000,s,1340
2925996000,s,1340
2926142000,s,1340
2926213000,s,1340
2926408000,s,1340
2926483000,s,1340
2926973000,s,1340
2927068000,s,1340
2927128000,s,1340
2927302000,s,1340
2927437000,s,1340
2927605000,s,1340
2927680000,s,1340
2927863000,s,1340
2928092000,s,1340
2928182000,s,1340
2928345000,s,1340
2928460000,s,1340
2928624000,s,1340
2928720000,s,1340
2928790000,s,1340
2928956000,s,1340
2929035000,s,1340
2929187000,s,1340
2929315000,s,1340
2929378000,s,1340
2929797000,s,1340
2929916000,s,1340
2929981000,s,1340
2930225000,s,1340
2930347000,s,1340
2930405000,s,1340
2930455000,s,1340
2930580000,s,1340
2930639000,s,1340
2930775000,s,1340
2931082000,r,1440
2931082000,r,1440
2931082000,r,1440
2931433000,s,1340
2931633000,s,1340
2931694000,s,1340
2931878000,s,1340
2931947000,s,1340
2932087000,s,1340
2932125000,s,1340
2932524000,s,1340
2932651000,s,1340
2933118000,s,1340
2933296000,s,1340
2933527000,s,1340
2933690000,s,1340
2933734000,r,1440
2933776000,s,1340
2933850000,s,1340
2933941000,s,1340
2934020000,s,1340
2934114000,s,1340
2934192000,s,1340
2934265000,s,1340
2934437000,s,1340
2934565000,s,1340
2934882000,s,1340
2934972000,s,1340
2935129000,s,1340
2935204000,s,1340
2935225000,s,1340
2935241000,s,1340
2935309000,s,1340
2935523000,s,1340
2935618000,s,1340
2935713000,s,1340
2935771000,s,1340
2936414000,s,1340
2936577000,s,1340
2936963000,s,1340
2937054000,r,1440
2937060000,s,1340
2937054000,r,1440
2937054000,r,1440
2937146000,s,1340
2937309000,s,1340
2937438000,s,1340
2937518000,s,1340
2937585000,s,1340
2937678000,s,1340
2937761000,s,1340
2937838000,s,1340
2937918000,s,1340
2938088000,s,1340
2938334000,s,1340
2938427000,s,1340
2938503000,s,1340
2938695000,s,1340
2938827000,s,1340
2938928000,s,1340
2939007000,s,1340
2939173000,s,1340
2939301000,s,1340
2939513000,s,1340
2939621000,s,1340
2939641000,r,1440
2939641000,r,1440
2939641000,r,1440
2939641000,r,1440
2939787000,s,1340
2939995000,s,1340
2940083000,s,1340
2940175000,s,1340
2940255000,s,1340
2940331000,s,1340
2940402000,s,1340
2940476000,s,1340
2940605000,s,1340
2941008000,s,1340
2941192000,s,1340
2941664000,r,1440
2941664000,r,1440
2941664000,r,1440
2941665000,r,1440
2941665000,r,1440
2941665000,r,1440
2941665000,r,1440
2941665000,r,1440
2941756000,r,1440
2941770000,s,1340
2941936000,s,1340
2942035000,s,1340
2942132000,s,1340
2942264000,s,1340
2942435000,s,1340
2942906000,s,1340
2943109000,s,1340
2943236000,s,1340
2943344000,s,1340
2943356000,r,1440
2943356000,r,1440
2943356000,r,1440
2943356000,r,1440
2943356000,r,1440
2943937000,s,1340
2944065000,s,1340
2944156000,s,1340
2944235000,s,1340
2944308000,s,1340
2944355000,r,1440
2944378000,s,1340
2944355000,r,1440
2944439000,s,1340
2944516000,s,1340
2944939000,r,1440
2944939000,r,1440
2945315000,s,1340
2946327000,r,1440
2946327000,r,1440
2946327000,r,1440
2946856000,s,1340
2946942000,s,1340
2947435000,r,1440
2947435000,r,1440
2947877000,r,1440
2947877000,r,1440
2948145000,s,1340
2948242000,s,1340
2948434000,s,1340
2948526000,s,1340
2948607000,s,1340
2948691000,s,1340
2948773000,s,1340
2948987000,s,1340
2949160000,s,1340
2949254000,s,1340
2949333000,r,1440
2949366000,s,1340
2949333000,r,1440
2949458000,s,1340
2949546000,s,1340
2949631000,s,1340
2949719000,s,1340
2949927000,s,1340
2950022000,s,1340
2950181000,s,1340
2950219000,s,1340
2950272000,s,1340
2950529000,s,1340
2950631000,s,1340
2950858000,s,1340
2950947000,s,1340
2951252000,s,1340
2951302000,s,1340
2951481000,s,1340
2951576000,s,1340
2951691000,s,1340
2951785000,s,1340
2951888000,s,1340
2951958000,s,1340
2952004000,s,1340
2952101000,s,1340
2952314000,s,1340
2952416000,s,1340
2952640000,s,1340
2952878000,s,1340
2953095000,s,1340
2953302000,s,1340
2953366000,r,1440
2953530000,s,1340
2953657000,s,1340
2953842000,s,1340
2953931000,s,1340
2954015000,s,1340
2954143000,s,1340
2954381000,s,1340
2954605000,s,1340
2954774000,s,1340
2954959000,s,1340
2954995000,r,1440
2954995000,r,1440
2955093000,r,1440
2955195000,s,1340
2955228000,s,1340
2957035000,r,1440
2957214000,s,1340
2957304000,r,1440
2957315000,s,1340
2957492000,s,1340
2957531000,s,1340
2958598000,s,1340
2958807000,s,1340
2958969000,s,1340
2959116000,s,1340
2959304000,s,1340
2959435000,s,1340
2959535000,s,1340
2959614000,r,1440
2959621000,s,1340
2959614000,r,1440
2959614000,r,1440
2959810000,s,1340
2959893000,s,1340
2959954000,s,1340
2960032000,s,1340
2960215000,s,1340
2960306000,s,1340
2960487000,s,1340
2960577000,s,1340
2960621000,s,1340
2960727000,s,1340
2960953000,s,1340
2961430000,s,1340
2961523000,s,1340
2961605000,s,1340
2961684000,s,1340
2961828000,s,1340
2961908000,s,1340
2962061000,s,1340
2962193000,s,1340
2962256000,s,1340
2962331000,r,1440
2962502000,s,1340
2962688000,s,1340
2962797000,s,1340
2962884000,s,1340
2963071000,s,1340
2963168000,s,1340
2963271000,r,1440
2963271000,r,1440
2963271000,r,1440
2963336000,s,1340
2963430000,s,1340
2963563000,s,1340
2963657000,s,1340
2966318000,r,1440
2966728000,s,1340
2967043000,s,1340
2967136000,s,1340
2967227000,s,1340
2967405000,s,1340
2967495000,s,1340
2967643000,r,1440
2967682000,s,1340
2967785000,s,1340
2967917000,s,1340
2968016000,s,1340
2971642000,r,1440
2971643000,r,1440
2971643000,r,1440
2971643000,r,1440
2971643000,r,1440
2972049000,s,1340
2972375000,s,1340
2972467000,s,1340
2972540000,s,1340
2972703000,s,1340
2972802000,r,1440
2972802000,r,1440
2972802000,r,1440
2972898000,s,1340
2973059000,s,1340
2973496000,s,1340
2973682000,s,1340
2973788000,s,1340
2973891000,s,1340
2973968000,s,1340
2974055000,r,1440
2974067000,s,1340
2974055000,r,1440
2974055000,r,1440
2974055000,r,1440
2974055000,r,1440
2974055000,r,1440
2974161000,s,1340
2974270000,s,1340
2974752000,s,1340
2974828000,s,1340
2974893000,s,1340
2974953000,s,1340
2975030000,r,1440
2975036000,s,1340
2975116000,s,1340
2975199000,s,1340
2975258000,s,1340
2975323000,s,1340
2975392000,s,1340
2975451000,s,1340
2975513000,s,1340
2975571000,s,1340
2975633000,s,1340
2975694000,s,1340
2975878000,s,1340
2975966000,s,1340
2976144000,s,1340
2976369000,s,1340
2976444000,s,1340
2976497000,s,1340
2976715000,s,1340
2976782000,s,1340
2976865000,s,1340
2977011000,s,1340
2977147000,s,1340
2977217000,s,1340
2977401000,s,1340
2977473000,s,1340
2977535000,s,1340
2977581000,s,1340
2977719000,s,1340
2977783000,s,1340
2978054000,s,1340
2978116000,s,1340
2978209000,s,1340
2978323000,s,1340
2978404000,s,1340
2978555000,s,1340
2978670000,s,1340
2979530000,s,1340
2979602000,s,1340
2979667000,s,1340
2979729000,s,1340
2979870000,s,1340
2980004000,s,1340
2980074000,s,1340
2980615000,s,1340
2980846000,s,1340
2980997000,s,1340
2981156000,s,1340
2981282000,s,1340
2981387000,s,1340
2981479000,s,1340
2981630000,s,1340
2981849000,s,1340
2981925000,s,1340
2982072000,s,1340
2982250000,s,1340
2982395000,s,1340
2982475000,s,1340
2982576000,s,1340
2982728000,s,1340
2982871000,s,1340
2982993000,s,1340
2983069000,s,1340
2983212000,s,1340
2983344000,s,1340
2983419000,s,1340
2983511000,s,1340
2983704000,s,1340
2983783000,s,1340
2983932000,s,1340
2984033000,s,1340
2984125000,s,1340
2984206000,s,1340
2984349000,s,1340
2984510000,s,1340
2984635000,s,1340
2984749000,s,1340
2984842000,s,1340
2984948000,s,1340
2985105000,s,1340
2985241000,s,1340
2985348000,s,1340
2985595000,s,1340
2985726000,s,1340
2985856000,s,1340
2985952000,s,1340
2986138000,s,1340
2986253000,s,1340
2986431000,s,1340
2986582000,s,1340
2986639000,s,1340
2986770000,s,1340
2986876000,s,1340
2986997000,s,1340
2987115000,s,1340
2987391000,s,1340
2987458000,s,1340
2990818000,r,1440
2990818000,r,1440
2990818000,r,1440
2990818000,r,1440
2990818000,r,1440
2990819000,r,1440
2990819000,r,1440
2990819000,r,1440
2990995000,r,1440
2990995000,r,1440
2990995000,r,1440
2990995000,r,1440
2990995000,r,1440
2990996000,r,1440
2991289000,s,1340
2991447000,s,1340
2991473000,s,1340
2991488000,s,1340
2991673000,r,1440
2991734000,s,1340
2992655000,s,1340
2992754000,s,1340
2994427000,r,1440
2995677000,r,1440
3000287000,r,1440
3000803000,s,1340
3002333000,r,1440
3002333000,r,1440
3002333000,r,1440
3002333000,r,1440
3002333000,r,1440
3002531000,s,1340
3002554000,s,1340
3002726000,s,1340
3002769000,s,1340
3002781000,s,1340
3003020000,s,1340
3003124000,s,1340
3003569000,r,1440
3005550000,r,1440
3005678000,s,1340
3008680000,r,1440
3008680000,r,1440
3009093000,s,1340
3010475000,s,1340
3011239000,r,1440
3014325000,r,1440
3014434000,r,1440
3015167000,s,1340
3015794000,r,1440
3016224000,r,1440
3016448000,s,1340
3019560000,s,1340
3022326000,r,1440
3023001000,s,1340
3025008000,r,1440
3025008000,r,1440
3025009000,r,1440
3025009000,r,1440
3025009000,r,1440
3025009000,r,1440
3025009000,r,1440
3025010000,r,1440
3025152000,r,1440
3025152000,r,1440
3025152000,r,1440
3025152000,r,1440
3025152000,r,1440
3025153000,r,1440
3025153000,r,1440
3025153000,r,1440
3025209000,r,1440
3025209000,r,1440
3025209000,r,1440
3025210000,r,1440
3025210000,r,1440
3025210000,r,1440
3025210000,r,1440
3025210000,r,1440
3025272000,r,1440
3025272000,r,1440
3025273000,r,1440
3025273000,r,1440
3025273000,r,1440
3025273000,r,1440
3025341000,r,1440
3025342000,r,1440
3025342000,r,1440
3026556000,s,1340
3026622000,s,1340
3026660000,s,1340
3026693000,s,1340
3026714000,s,1340
3026891000,s,1340
3027014000,s,1340
3027054000,s,1340
3027078000,s,1340
3027106000,s,1340
3027126000,s,1340
3027152000,s,1340
3027171000,s,1340
3027170000,r,1440
3027180000,s,1340
3027192000,s,1340
3027202000,s,1340
3027211000,s,1340
3027220000,s,1340
3027229000,s,1340
3027239000,s,1340
3027249000,s,1340
3027259000,s,1340
3027170000,r,1440
3027170000,r,1440
3027292000,s,1340
3027170000,r,1440
3027170000,r,1440
3027170000,r,1440
3027170000,r,1440
3027312000,s,1340
3027170000,r,1440
3027325000,r,1440
3027326000,r,1440
3027339000,s,1340
3027364000,s,1340
3027397000,s,1340
3027417000,s,1340
3027445000,s,1340
3027465000,s,1340
3027493000,s,1340
3027861000,s,1340
3027890000,s,1340
3027980000,s,1340
3028023000,s,1340
3028048000,s,1340
3028083000,s,1340
3028138000,s,1340
3028175000,s,1340
3028202000,s,1340
3028232000,s,1340
3028247000,s,1340
3028276000,s,1340
3028300000,s,1340
3028335000,s,1340
3028583000,s,1340
3028731000,s,1340
3028801000,s,1340
3029508000,s,1340
3029643000,s,1340
3029809000,s,1340
3029911000,s,1340
3029988000,s,1340
3030392000,s,1340
3030425000,s,1340
3030515000,s,1340
3030700000,s,1340
3030870000,s,1340
3030986000,s,1340
3031106000,s,1340
3031199000,s,1340
3031276000,s,1340
3031332000,s,1340
3031673000,s,1340
3031869000,s,1340
3032004000,s,1340
3032114000,s,1340
3032379000,s,1340
3032408000,s,1340
3032760000,s,1340
3032876000,s,1340
3032973000,s,1340
3033112000,s,1340
3033211000,s,1340
3033419000,s,1340
3033551000,s,1340
3033767000,s,1340
3033812000,s,1340
3033877000,s,1340
3034047000,s,1340
3034154000,s,1340
3034293000,s,1340
3034429000,s,1340
3034671000,s,1340
3034728000,s,1340
3034949000,s,1340
3035064000,s,1340
3035169000,s,1340
3035374000,s,1340
3035483000,s,1340
3035668000,s,1340
3035697000,s,1340
3035764000,s,1340
3035818000,s,1340
3035955000,s,1340
3036012000,s,1340
3036144000,s,1340
3036165000,s,1340
3037035000,s,1340
3037181000,s,1340
3037303000,s,1340
3037534000,s,1340
3037766000,s,1340
3038341000,s,1340
3038460000,s,1340
3038561000,s,1340
3038633000,s,1340
3038690000,s,1340
3038738000,s,1340
3039770000,s,1340
3040139000,s,1340
3040252000,r,1440
3040274000,s,1340
3040253000,r,1440
3040253000,r,1440
3040253000,r,1440
3040253000,r,1440
3040253000,r,1440
3040253000,r,1440
3040254000,r,1440
3040382000,r,1440
3040383000,r,1440
3040383000,r,1440
3040383000,r,1440
3040383000,r,1440
3040383000,r,1440
3040383000,r,1440
3040384000,r,1440
3040515000,s,1340
3040655000,s,1340
3040768000,s,1340
3040872000,s,1340
3040980000,s,1340
3041083000,s,1340
3041203000,s,1340
3041311000,r,1440
3041321000,s,1340
3041311000,r,1440
3041311000,r,1440
3041311000,r,1440
3041312000,r,1440
3041312000,r,1440
3041312000,r,1440
3041312000,r,1440
3041380000,r,1440
3041380000,r,1440
3041381000,r,1440
3041381000,r,1440
3041381000,r,1440
3041381000,r,1440
3041381000,r,1440
3041418000,s,1340
3041618000,s,1340
3041725000,s,1340
3041865000,s,1340
3042078000,s,1340
3042187000,s,1340
3042196000,r,1440
3042197000,r,1440
3042197000,r,1440
3042259000,s,1340
3042601000,s,1340
3042718000,s,1340
3042826000,s,1340
3042946000,s,1340
3043046000,s,1340
3043146000,s,1340
3043250000,s,1340
3043352000,s,1340
3043453000,s,1340
3043553000,s,1340
3043668000,s,1340
3043775000,s,1340
3043908000,r,1440
3043908000,r,1440
3043908000,r,1440
3043908000,r,1440
3043909000,r,1440
3043909000,r,1440
3043909000,r,1440
3043909000,r,1440
3043999000,r,1440
3043999000,r,1440
3043999000,r,1440
3044000000,r,1440
3044000000,r,1440
3044000000,r,1440
3044000000,r,1440
3044000000,r,1440
3044054000,r,1440
3044054000,r,1440
3044055000,r,1440
3044055000,r,1440
3044055000,r,1440
3044055000,r,1440
3044055000,r,1440
3044055000,r,1440
3044094000,r,1440
3044094000,r,1440
3044094000,r,1440
3044291000,s,1340
3044494000,s,1340
3044593000,s,1340
3044664000,s,1340
3044732000,s,1340
3044795000,s,1340
3044891000,s,1340
3044958000,s,1340
3045021000,s,1340
3045103000,r,1440
3045103000,r,1440
3045103000,r,1440
3045103000,r,1440
3045103000,r,1440
3045103000,r,1440
3045104000,r,1440
3045104000,r,1440
3046731000,s,1340
3046769000,s,1340
3046796000,s,1340
3046806000,s,1340
3046815000,s,1340
3046824000,s,1340
3046833000,s,1340
3046841000,s,1340
3046850000,s,1340
3046858000,s,1340
3046866000,s,1340
3046874000,s,1340
3046882000,s,1340
3046890000,s,1340
3046897000,s,1340
3046904000,s,1340
3046911000,s,1340
3046918000,s,1340
3046950000,s,1340
3046962000,s,1340
3046971000,s,1340
3046978000,s,1340
3046987000,s,1340
3046995000,s,1340
3047002000,s,1340
3047009000,s,1340
3047017000,s,1340
3047025000,s,1340
3047130000,s,1340
3047222000,s,1340
3047272000,s,1340
3048538000,s,1340
3048740000,r,1440
3048756000,s,1340
3048740000,r,1440
3048740000,r,1440
3048741000,r,1440
3048741000,r,1440
3048741000,r,1440
3048741000,r,1440
3048741000,r,1440
3048898000,r,1440
3048983000,s,1340
3049092000,s,1340
3049162000,s,1340
3049222000,s,1340
3049271000,s,1340
3049283000,r,1440
3049283000,r,1440
3049283000,r,1440
3049375000,s,1340
3049568000,s,1340
3049649000,s,1340
3049768000,s,1340
3049844000,s,1340
3049903000,s,1340
3049922000,r,1440
3049922000,r,1440
3049977000,s,1340
3049922000,r,1440
3050039000,s,1340
3050087000,s,1340
3050137000,s,1340
3050207000,s,1340
3050270000,s,1340
3050383000,s,1340
3050382000,r,1440
3050382000,r,1440
3050382000,r,1440
3050496000,s,1340
3050383000,r,1440
3050383000,r,1440
3050383000,r,1440
3050383000,r,1440
3050383000,r,1440
3050592000,s,1340
3050689000,s,1340
3050839000,s,1340
3050928000,s,1340
3051509000,s,1340
3051597000,s,1340
3051685000,s,1340
3051767000,s,1340
3051830000,s,1340
3051996000,s,1340
3052708000,s,1340
3052872000,s,1340
3053042000,s,1340
3053141000,s,1340
3053219000,s,1340
3053294000,s,1340
3053474000,s,1340
3053762000,s,1340
3053863000,s,1340
3054059000,s,1340
3054200000,s,1340
3054270000,s,1340
3054451000,s,1340
3054557000,s,1340
3054741000,s,1340
3054917000,s,1340
3055089000,s,1340
3055125000,s,1340
3055181000,s,1340
3055317000,s,1340
3055427000,s,1340
3055611000,s,1340
3055725000,s,1340
3055882000,s,1340
3056469000,s,1340
3056614000,r,1440
3056624000,s,1340
3056770000,s,1340
3056899000,s,1340
3057153000,s,1340
3057259000,s,1340
3057352000,s,1340
3057449000,s,1340
3057613000,s,1340
3057739000,s,1340
3057849000,s,1340
3058068000,s,1340
3058181000,s,1340
3058422000,s,1340
3058559000,s,1340
3058621000,s,1340
3059016000,s,1340
3059125000,s,1340
3059273000,s,1340
3059479000,s,1340
3059578000,s,1340
3059724000,s,1340
3059783000,s,1340
3059895000,s,1340
3060553000,s,1340
3060577000,s,1340
3060642000,s,1340
3060772000,r,1440
3060773000,r,1440
3060773000,r,1440
3060773000,r,1440
3060773000,r,1440
3060773000,r,1440
3060773000,r,1440
3060773000,r,1440
3060904000,r,1440
3060904000,r,1440
3060904000,r,1440
3060904000,r,1440
3060904000,r,1440
3060905000,r,1440
3060905000,r,1440
3060905000,r,1440
3060963000,r,1440
3060963000,r,1440
3060964000,r,1440
3060964000,r,1440
3060964000,r,1440
3060964000,r,1440
3060964000,r,1440
3060964000,r,1440
3061007000,s,1340
3061010000,r,1440
3061010000,r,1440
3061010000,r,1440
3061010000,r,1440
3061010000,r,1440
3061010000,r,1440
3061011000,r,1440
3061011000,r,1440
3061049000,s,1340
3061056000,r,1440
3061056000,r,1440
3061065000,s,1340
3061056000,r,1440
3061056000,r,1440
3061101000,r,1440
3061101000,r,1440
3061101000,r,1440
3061546000,s,1340
3061599000,s,1340
3061622000,s,1340
3061633000,s,1340
3062889000,s,1340
3062927000,s,1340
3062947000,s,1340
3063551000,s,1340
3063588000,s,1340
3063607000,s,1340
3063621000,s,1340
3063634000,s,1340
3063648000,s,1340
3063659000,s,1340
3063671000,s,1340
3063682000,s,1340
3063688000,s,1340
3063696000,s,1340
3063702000,s,1340
3063709000,s,1340
3063715000,s,1340
3063722000,s,1340
3063727000,s,1340
3063798000,s,1340
3063814000,s,1340
3063833000,s,1340
3064427000,s,1340
3064506000,s,1340
3064564000,s,1340
3064691000,s,1340
3064757000,s,1340
3064813000,s,1340
3064868000,s,1340
3064928000,s,1340
3064983000,s,1340
3065019000,r,1440
3065019000,r,1440
3065019000,r,1440
3065019000,r,1440
3065019000,r,1440
3065020000,r,1440
3065020000,r,1440
3065020000,r,1440
3065118000,r,1440
3065118000,r,1440
3065118000,r,1440
3065119000,r,1440
3065119000,r,1440
3065119000,r,1440
3065119000,r,1440
3065119000,r,1440
3065147000,r,1440
3065148000,r,1440
3065148000,r,1440
3065148000,r,1440
3065175000,s,1340
3065298000,s,1340
3065424000,s,1340
3065475000,r,1440
3065475000,r,1440
3065475000,r,1440
3065475000,r,1440
3065475000,r,1440
3065476000,r,1440
3065476000,r,1440
3065476000,r,1440
3065511000,r,1440
3065679000,s,1340
3065805000,s,1340
3065880000,s,1340
3066085000,s,1340
3066122000,s,1340
3066321000,s,1340
3066330000,r,1440
3066330000,r,1440
3066330000,r,1440
3066552000,s,1340
3066798000,r,1440
3066798000,r,1440
3066798000,r,1440
3067113000,s,1340
3067139000,s,1340
3067150000,s,1340
3067157000,s,1340
3067323000,s,1340
3067371000,s,1340
3067441000,s,1340
3067546000,s,1340
3067579000,s,1340
3067742000,s,1340
3067825000,s,1340
3067888000,s,1340
3068042000,s,1340
3068187000,s,1340
3068340000,s,1340
3068365000,r,1440
3068365000,r,1440
3068365000,r,1440
3068365000,r,1440
3068410000,s,1340
3068365000,r,1440
3068366000,r,1440
3068366000,r,1440
3068366000,r,1440
3068436000,r,1440
3068437000,r,1440
3068437000,r,1440
3068437000,r,1440
3068437000,r,1440
3068437000,r,1440
3068437000,r,1440
3068457000,s,1340
3068437000,r,1440
3068469000,r,1440
3068469000,r,1440
3068469000,r,1440
3068469000,r,1440
3068469000,r,1440
3068499000,s,1340
3068557000,s,1340
3068576000,s,1340
3068626000,s,1340
3068728000,r,1440
3068728000,r,1440
3068728000,r,1440
3068728000,r,1440
3068728000,r,1440
3068728000,r,1440
3068803000,s,1340
3068836000,s,1340
3068860000,s,1340
3068896000,s,1340
3068913000,s,1340
3068923000,s,1340
3069028000,s,1340
3069105000,s,1340
3069120000,s,1340
3069130000,s,1340
3069184000,s,1340
3069350000,s,1340
3069437000,s,1340
3069515000,s,1340
3069589000,s,1340
3069658000,s,1340
3069726000,s,1340
3069778000,s,1340
3069842000,s,1340
3069874000,s,1340
3069982000,s,1340
3070076000,s,1340
3070151000,s,1340
3070216000,s,1340
3070360000,s,1340
3070432000,s,1340
3070593000,s,1340
3070722000,s,1340
3070782000,s,1340
3070837000,s,1340
3070887000,s,1340
3070937000,s,1340
3070992000,s,1340
3071043000,s,1340
3071100000,s,1340
3071159000,s,1340
3071208000,s,1340
3071259000,s,1340
3071311000,s,1340
3071368000,s,1340
3071415000,s,1340
3071624000,s,1340
3071847000,s,1340
3071913000,s,1340
3072074000,s,1340
3072137000,s,1340
3072203000,s,1340
3072266000,s,1340
3072327000,s,1340
3072396000,s,1340
3073670000,s,1340
3073821000,s,1340
3073966000,s,1340
3074111000,s,1340
3074385000,s,1340
3074522000,s,1340
3074665000,s,1340
3074803000,s,1340
3074940000,s,1340
3075075000,s,1340
3075202000,s,1340
3075324000,s,1340
3075454000,s,1340
3076317000,s,1340
3076379000,s,1340
3076422000,s,1340
3076495000,s,1340
3076615000,s,1340
3076735000,r,1440
3076786000,s,1340
3076735000,r,1440
3076735000,r,1440
3076736000,r,1440
3076736000,r,1440
3076736000,r,1440
3076736000,r,1440
3076736000,r,1440
3076883000,r,1440
3076883000,r,1440
3076883000,r,1440
3076883000,r,1440
3076938000,s,1340
3076968000,s,1340
3077036000,s,1340
3077098000,s,1340
3077195000,s,1340
3077222000,s,1340
3077229000,s,1340
3077235000,s,1340
3080096000,r,1440
3080096000,r,1440
3080096000,r,1440
3080096000,r,1440
3080096000,r,1440
3080096000,r,1440
3080096000,r,1440
3080097000,r,1440
3080215000,r,1440
3080215000,r,1440
3080215000,r,1440
3080215000,r,1440
3080215000,r,1440
3080215000,r,1440
3080215000,r,1440
3080215000,r,1440
3080241000,r,1440
3080517000,s,1340
3080550000,s,1340
3080670000,s,1340
3080752000,s,1340
3080812000,s,1340
3080864000,s,1340
3080914000,s,1340
3080963000,s,1340
3081013000,s,1340
3081065000,s,1340
3081115000,s,1340
3081172000,s,1340
3081223000,s,1340
3081278000,s,1340
3081325000,s,1340
3081451000,s,1340
3081535000,s,1340
3081592000,s,1340
3082225000,s,1340
3082380000,s,1340
3082448000,s,1340
3082651000,s,1340
3082703000,s,1340
3082836000,s,1340
3082951000,s,1340
3083024000,s,1340
3083066000,s,1340
3083583000,s,1340
3083718000,s,1340
3083797000,s,1340
3083907000,s,1340
3084725000,s,1340
3084942000,s,1340
3085025000,s,1340
3085222000,s,1340
3085401000,s,1340
3085488000,r,1440
3085488000,r,1440
3085488000,r,1440
3085488000,r,1440
3085488000,r,1440
3085488000,r,1440
3085488000,r,1440
3085488000,r,1440
3085571000,r,1440
3085571000,r,1440
3085572000,r,1440
3085572000,r,1440
3085572000,r,1440
3085572000,r,1440
3085572000,r,1440
3085572000,r,1440
3085602000,r,1440
3085602000,r,1440
3085602000,r,1440
3085602000,r,1440
3085602000,r,1440
3085602000,r,1440
3085602000,r,1440
3085676000,s,1340
3085741000,s,1340
3085805000,s,1340
3085868000,s,1340
3085927000,s,1340
3085989000,s,1340
3086055000,s,1340
3086110000,s,1340
3086160000,s,1340
3102462000,s,1340
3102594000,s,1340
3102662000,s,1340
3102724000,s,1340
3102786000,s,1340
3102831000,s,1340
3102899000,s,1340
3102964000,s,1340
3103028000,s,1340
3103099000,s,1340
3103150000,s,1340
3103217000,s,1340
3103285000,s,1340
3103328000,r,1440
3103350000,s,1340
3103402000,s,1340
3103328000,r,1440
3103328000,r,1440
3103328000,r,1440
3103328000,r,1440
3103328000,r,1440
3103329000,r,1440
3103329000,r,1440
3103448000,r,1440
3103450000,s,1340
3103448000,r,1440
3103448000,r,1440
3103448000,r,1440
3103448000,r,1440
3103449000,r,1440
3103518000,s,1340
3103590000,s,1340
3103615000,r,1440
3103615000,r,1440
3103615000,r,1440
3103641000,s,1340
3103709000,s,1340
3103780000,s,1340
3103833000,s,1340
3103907000,s,1340
3103987000,s,1340
3104063000,s,1340
3104132000,r,1440
3104137000,s,1340
3104132000,r,1440
3104132000,r,1440
3104132000,r,1440
3104132000,r,1440
3104132000,r,1440
3104206000,s,1340
3104284000,s,1340
3104357000,s,1340
3104424000,s,1340
3104479000,s,1340
3104525000,r,1440
3104525000,r,1440
3104525000,r,1440
3104525000,r,1440
3104525000,r,1440
3104576000,s,1340
3104525000,r,1440
3104526000,r,1440
3104526000,r,1440
3104596000,r,1440
3104665000,s,1340
3104751000,s,1340
3104833000,s,1340
3104905000,s,1340
3104972000,s,1340
3105038000,s,1340
3105106000,s,1340
3105161000,s,1340
3105374000,s,1340
3105541000,s,1340
3105632000,s,1340
3105699000,s,1340
3105837000,s,1340
3105923000,s,1340
3106010000,s,1340
3106100000,s,1340
3106169000,s,1340
3106283000,s,1340
3106404000,s,1340
3106487000,s,1340
3106571000,s,1340
3106653000,s,1340
3106735000,s,1340
3106815000,s,1340
3106895000,s,1340
3106976000,s,1340
3107056000,s,1340
3107137000,s,1340
3107219000,s,1340
3107302000,s,1340
3107383000,s,1340
3107472000,s,1340
3107557000,s,1340
3107658000,s,1340
3107746000,s,1340
3107833000,s,1340
3107923000,s,1340
3108046000,s,1340
3108122000,s,1340
3108206000,s,1340
3108268000,s,1340
3108330000,s,1340
3108392000,s,1340
3108480000,s,1340
3108558000,s,1340
3108621000,s,1340
3108677000,s,1340
3108736000,s,1340
3108791000,s,1340
3108990000,s,1340
3109051000,s,1340
3109108000,s,1340
3109158000,s,1340
3109231000,s,1340
3109284000,s,1340
3109357000,s,1340
3109432000,s,1340
3109656000,s,1340
3109771000,r,1440
3109771000,r,1440
3109771000,r,1440
3109771000,r,1440
3109839000,s,1340
3109771000,r,1440
3109771000,r,1440
3109771000,r,1440
3109979000,s,1340
3110156000,s,1340
3110187000,s,1340
3110200000,s,1340
3110562000,s,1340
3110612000,s,1340
3112228000,r,1440
3112228000,r,1440
3112229000,r,1440
3112229000,r,1440
3112229000,r,1440
3112229000,r,1440
3112229000,r,1440
3112229000,r,1440
3112313000,r,1440
3112313000,r,1440
3112313000,r,1440
3112313000,r,1440
3112611000,s,1340
3112703000,s,1340
3112731000,s,1340
3112923000,s,1340
3112947000,s,1340
3112958000,s,1340
3112966000,s,1340
3112973000,s,1340
3112997000,r,1440
3112997000,r,1440
3112997000,r,1440
3112998000,r,1440
3112998000,r,1440
3112998000,r,1440
3112998000,r,1440
3112998000,r,1440
3113063000,r,1440
3113390000,s,1340
3113431000,s,1340
3113509000,s,1340
3113552000,s,1340
3113573000,s,1340
3113582000,s,1340
3113618000,s,1340
3113636000,s,1340
3113811000,s,1340
3113877000,s,1340
3113927000,s,1340
3113977000,s,1340
3114325000,r,1440
3114325000,r,1440
3114326000,r,1440
3114384000,s,1340
3114326000,r,1440
3114326000,r,1440
3114326000,r,1440
3114326000,r,1440
3114670000,s,1340
3114708000,s,1340
3114914000,s,1340
3115019000,s,1340
3115142000,s,1340
3115231000,s,1340
3115311000,s,1340
3115402000,s,1340
3117965000,r,1440
3117965000,r,1440
3117965000,r,1440
3117965000,r,1440
3117966000,r,1440
3117966000,r,1440
3117966000,r,1440
3117966000,r,1440
3118040000,r,1440
3118040000,r,1440
3118040000,r,1440
3118040000,r,1440
3118266000,r,1440
3118266000,r,1440
3118266000,r,1440
3118602000,s,1340
3118676000,s,1340
3118795000,s,1340
3118884000,s,1340
3118950000,s,1340
3119036000,s,1340
3119120000,s,1340
3119163000,r,1440
3119163000,r,1440
3119206000,s,1340
3119164000,r,1440
3119164000,r,1440
3119164000,r,1440
3119164000,r,1440
3119164000,r,1440
3119164000,r,1440
3119257000,r,1440
3119257000,r,1440
3119257000,r,1440
3119257000,r,1440
3119320000,s,1340
3119398000,s,1340
3119451000,s,1340
3119504000,s,1340
3119517000,r,1440
3119517000,r,1440
3119578000,s,1340
3119517000,r,1440
3119681000,s,1340
3119796000,s,1340
3119825000,s,1340
3119836000,s,1340
3119844000,s,1340
3119875000,s,1340
3119937000,r,1440
3119948000,s,1340
3119937000,r,1440
3119937000,r,1440
3119937000,r,1440
3119937000,r,1440
3119937000,r,1440
3120049000,s,1340
3120190000,s,1340
3120460000,s,1340
3120656000,s,1340
3120675000,s,1340
3120682000,s,1340
3120689000,s,1340
3120695000,s,1340
3120702000,s,1340
3120708000,s,1340
3120714000,s,1340
3120951000,s,1340
3121058000,s,1340
3121118000,s,1340
3121326000,r,1440
3121327000,r,1440
3121327000,r,1440
3121327000,r,1440
3121327000,r,1440
3121327000,r,1440
3121749000,s,1340
3121770000,r,1440
3121770000,r,1440
3121770000,r,1440
3121770000,r,1440
3121770000,r,1440
3121770000,r,1440
3121818000,s,1340
3121919000,s,1340
3122027000,s,1340
3122044000,s,1340
3122059000,s,1340
3122079000,s,1340
3122126000,r,1440
3122126000,r,1440
3122127000,r,1440
3122127000,r,1440
3122127000,r,1440
3122127000,r,1440
3122222000,s,1340
3122447000,s,1340
3122528000,s,1340
3122560000,r,1440
3122560000,r,1440
3122560000,r,1440
3122602000,s,1340
3122667000,s,1340
3122713000,s,1340
3122776000,s,1340
3122841000,s,1340
3122887000,s,1340
3122946000,r,1440
3122954000,s,1340
3122946000,r,1440
3122946000,r,1440
3123023000,s,1340
3123069000,s,1340
3123132000,s,1340
3123206000,s,1340
3123275000,s,1340
3124183000,r,1440
3124183000,r,1440
3124183000,r,1440
3124183000,r,1440
3124183000,r,1440
3124183000,r,1440
3124183000,r,1440
3124183000,r,1440
3124237000,r,1440
3124238000,r,1440
3124238000,r,1440
3124238000,r,1440
3124238000,r,1440
3124238000,r,1440
3124238000,r,1440
3124238000,r,1440
3124266000,r,1440
3124266000,r,1440
3124604000,s,1340
3124660000,s,1340
3124680000,s,1340
3124695000,s,1340
3124707000,s,1340
3124714000,s,1340
3124739000,s,1340
3124884000,s,1340
3125066000,s,1340
3125136000,s,1340
3125228000,s,1340
3125310000,s,1340
3125382000,s,1340
3129142000,r,1440
3129142000,r,1440
3129142000,r,1440
3129143000,r,1440
3129143000,r,1440
3129143000,r,1440
3129143000,r,1440
3129143000,r,1440
3129337000,r,1440
3129433000,r,1440
3129433000,r,1440
3129433000,r,1440
3129433000,r,1440
3129434000,r,1440
3129434000,r,1440
3129790000,r,1440
3129790000,r,1440
3129790000,r,1440
3129908000,s,1340
3130032000,s,1340
3130085000,r,1440
3130127000,s,1340
3130086000,r,1440
3130086000,r,1440
3130276000,s,1340
3130319000,r,1440
3130319000,r,1440
3130319000,r,1440
3130319000,r,1440
3130319000,r,1440
3130319000,r,1440
3130389000,s,1340
3130467000,s,1340
3130586000,s,1340
3130613000,r,1440
3130613000,r,1440
3130613000,r,1440
3130666000,s,1340
3130746000,s,1340
3130819000,s,1340
3130897000,s,1340
3130961000,s,1340
3131041000,s,1340
3131123000,s,1340
3131207000,s,1340
3131288000,s,1340
3131374000,s,1340
3131461000,s,1340
3131539000,s,1340
3131617000,s,1340
3131694000,s,1340
3131766000,s,1340
3131849000,s,1340
3131932000,s,1340
3132011000,s,1340
3132089000,s,1340
3132164000,s,1340
3132246000,s,1340
3132321000,s,1340
3132491000,s,1340
3132647000,s,1340
3132876000,s,1340
3132930000,r,1440
3132971000,s,1340
3132931000,r,1440
3132931000,r,1440
3132931000,r,1440
3132931000,r,1440
3132931000,r,1440
3132931000,r,1440
3132931000,r,1440
3133046000,r,1440
3133048000,r,1440
3133048000,r,1440
3133048000,r,1440
3133049000,r,1440
3133049000,r,1440
3133049000,r,1440
3133049000,r,1440
3133093000,r,1440
3133093000,r,1440
3133153000,s,1340
3133239000,s,1340
3133307000,s,1340
3133381000,s,1340
3133449000,s,1340
3133519000,s,1340
3133582000,s,1340
3133677000,s,1340
3133750000,s,1340
3133827000,s,1340
3133826000,r,1440
3133826000,r,1440
3133827000,r,1440
3133827000,r,1440
3133827000,r,1440
3133827000,r,1440
3133827000,r,1440
3133827000,r,1440
3133882000,r,1440
3133882000,r,1440
3133882000,r,1440
3133882000,r,1440
3133882000,r,1440
3133911000,s,1340
3133882000,r,1440
3133882000,r,1440
3134203000,s,1340
3134275000,s,1340
3134395000,s,1340
3134477000,s,1340
3134552000,s,1340
3134618000,s,1340
3134684000,s,1340
3134745000,s,1340
3134808000,s,1340
3134871000,s,1340
3134930000,s,1340
3134991000,s,1340
3135056000,s,1340
3135118000,s,1340
3135236000,s,1340
3135316000,s,1340
3135378000,s,1340
3135451000,s,1340
3135535000,s,1340
3135609000,s,1340
3135692000,s,1340
3135763000,s,1340
3135832000,s,1340
3135910000,s,1340
3135983000,s,1340
3136050000,s,1340
3136123000,s,1340
3136194000,s,1340
3139828000,r,1440
3139828000,r,1440
3139829000,r,1440
3139829000,r,1440
3139829000,r,1440
3139829000,r,1440
3139829000,r,1440
3139829000,r,1440
3139926000,r,1440
3140229000,r,1440
3140229000,r,1440
3140229000,r,1440
3140263000,s,1340
3140356000,s,1340
3140454000,s,1340
3140493000,s,1340
3140514000,s,1340
3140524000,s,1340
3140532000,s,1340
3140669000,s,1340
3140761000,s,1340
3140846000,s,1340
3140919000,s,1340
3141048000,s,1340
3141123000,s,1340
3141164000,s,1340
3141335000,s,1340
3141460000,s,1340
3141553000,r,1440
3141553000,r,1440
3141553000,r,1440
3141937000,s,1340
3142035000,s,1340
3142111000,s,1340
3142239000,s,1340
3142610000,s,1340
3142667000,s,1340
3142868000,r,1440
3142868000,r,1440
3142868000,r,1440
3142868000,r,1440
3142868000,r,1440
3142868000,r,1440
3142869000,r,1440
3142869000,r,1440
3142928000,r,1440
3142928000,r,1440
3142928000,r,1440
3142928000,r,1440
3142928000,r,1440
3142929000,r,1440
3142929000,r,1440
3142929000,r,1440
3142957000,r,1440
3142957000,r,1440
3142957000,r,1440
3142957000,r,1440
3142957000,r,1440
3142958000,r,1440
3142958000,r,1440
3142958000,r,1440
3142985000,r,1440
3142986000,r,1440
3142986000,r,1440
3142986000,r,1440
3142986000,r,1440
3142986000,r,1440
3142986000,r,1440
3142986000,r,1440
3143291000,r,1440
3143292000,r,1440
3143292000,r,1440
3143292000,r,1440
3143292000,r,1440
3143292000,r,1440
3143704000,s,1340
3144461000,r,1440
3144461000,r,1440
3144461000,r,1440
3144461000,r,1440
3144461000,r,1440
3145586000,s,1340
3145628000,s,1340
3145702000,s,1340
3145722000,s,1340
3145731000,s,1340
3145739000,s,1340
3145747000,s,1340
3145757000,s,1340
3145765000,s,1340
3145773000,s,1340
3145781000,s,1340
3145788000,s,1340
3145797000,s,1340
3145805000,s,1340
3145812000,s,1340
3145820000,s,1340
3145828000,s,1340
3145835000,s,1340
3145845000,s,1340
3145853000,s,1340
3145924000,s,1340
3145955000,s,1340
3145968000,s,1340
3146067000,s,1340
3146212000,s,1340
3146278000,s,1340
3146373000,s,1340
3146470000,s,1340
3146529000,s,1340
3146579000,s,1340
3146631000,s,1340
3146811000,r,1440
3146811000,r,1440
3146811000,r,1440
3146811000,r,1440
3146811000,r,1440
3146811000,r,1440
3146811000,r,1440
3146811000,r,1440
3146883000,r,1440
3146883000,r,1440
3146883000,r,1440
3146884000,r,1440
3147152000,r,1440
3147152000,r,1440
3147152000,r,1440
3147152000,r,1440
3147152000,r,1440
3147152000,r,1440
3147153000,r,1440
3147153000,r,1440
3147228000,r,1440
3147254000,r,1440
3147254000,r,1440
3147255000,r,1440
3147427000,s,1340
3147697000,s,1340
3147771000,s,1340
3147834000,s,1340
3148009000,s,1340
3148163000,s,1340
3148206000,s,1340
3148276000,s,1340
3148334000,s,1340
3148353000,s,1340
3148468000,s,1340
3148537000,r,1440
3148548000,s,1340
3148537000,r,1440
3148537000,r,1440
3148538000,r,1440
3148538000,r,1440
3148538000,r,1440
3148538000,r,1440
3148661000,s,1340
3148682000,s,1340
3148804000,s,1340
3148847000,s,1340
3148946000,s,1340
3148964000,s,1340
3148993000,s,1340
3149123000,s,1340
3149163000,s,1340
3149176000,s,1340
3149251000,s,1340
3149352000,s,1340
3149381000,s,1340
3149394000,s,1340
3149403000,s,1340
3149519000,s,1340
3149591000,s,1340
3149643000,s,1340
3149711000,s,1340
3149856000,s,1340
3150013000,s,1340
3150186000,s,1340
3150275000,s,1340
3150650000,s,1340
3150842000,s,1340
3150918000,s,1340
3150995000,s,1340
3151172000,s,1340
3151284000,s,1340
3151495000,s,1340
3151602000,s,1340
3151697000,s,1340
3151879000,s,1340
3152070000,s,1340
3152133000,s,1340
3152289000,s,1340
3152719000,s,1340
3153143000,s,1340
3153442000,s,1340
3154386000,s,1340
3154625000,s,1340
3154753000,s,1340
3154962000,s,1340
3154989000,r,1440
3154989000,r,1440
3154989000,r,1440
3154989000,r,1440
3154989000,r,1440
3154990000,r,1440
3154990000,r,1440
3154990000,r,1440
3155061000,r,1440
3155137000,s,1340
3155249000,s,1340
3155327000,r,1440
3155327000,r,1440
3155327000,r,1440
3155395000,s,1340
3155498000,s,1340
3155604000,s,1340
3155697000,r,1440
3155711000,s,1340
3155697000,r,1440
3155697000,r,1440
3155697000,r,1440
3155698000,r,1440
3155698000,r,1440
3155698000,r,1440
3155698000,r,1440
3155753000,r,1440
3155797000,s,1340
3155900000,s,1340
3155992000,s,1340
3156089000,s,1340
3156181000,s,1340
3156209000,r,1440
3156209000,r,1440
3156209000,r,1440
3156210000,r,1440
3156210000,r,1440
3156210000,r,1440
3156275000,s,1340
3156368000,s,1340
3156466000,s,1340
3156567000,s,1340
3156679000,s,1340
3156781000,s,1340
3156881000,s,1340
3156979000,s,1340
3157084000,s,1340
3157187000,s,1340
3157280000,s,1340
3157379000,s,1340
3157473000,s,1340
3157575000,s,1340
3157677000,s,1340
3157774000,s,1340
3157868000,s,1340
3157958000,s,1340
3158044000,s,1340
3158124000,s,1340
3158163000,r,1440
3158163000,r,1440
3158163000,r,1440
3158164000,r,1440
3158200000,s,1340
3158281000,s,1340
3158385000,s,1340
3158626000,s,1340
3158679000,s,1340
3158731000,s,1340
3158782000,s,1340
3158831000,s,1340
3158880000,s,1340
3159236000,s,1340
3159717000,s,1340
3159878000,s,1340
3159946000,s,1340
3160199000,s,1340
3160284000,s,1340
3160335000,s,1340
3160382000,s,1340
3160665000,s,1340
3160754000,s,1340
3160835000,r,1440
3160913000,s,1340
3160835000,r,1440
3160836000,r,1440
3160836000,r,1440
3160836000,r,1440
3160836000,r,1440
3160836000,r,1440
3160836000,r,1440
3160978000,r,1440
3161048000,s,1340
3161197000,s,1340
3161227000,s,1340
3161262000,r,1440
3161284000,s,1340
3161262000,r,1440
3161262000,r,1440
3161354000,s,1340
3161405000,r,1440
3161405000,r,1440
3161405000,r,1440
3161665000,s,1340
3161690000,r,1440
3161690000,r,1440
3161690000,r,1440
3161745000,s,1340
3161810000,s,1340
3161862000,s,1340
3161932000,s,1340
3162006000,s,1340
3162096000,s,1340
3162181000,s,1340
3162373000,s,1340
3162460000,s,1340
3162524000,s,1340
3162681000,s,1340
3162777000,s,1340
3162857000,s,1340
3162938000,s,1340
3163026000,s,1340
3163103000,s,1340
3163180000,s,1340
3163267000,s,1340
3163349000,s,1340
3163429000,s,1340
3163514000,s,1340
3163683000,s,1340
3163772000,s,1340
3164035000,r,1440
3164036000,r,1440
3164090000,s,1340
3164036000,r,1440
3164036000,r,1440
3164036000,r,1440
3164036000,r,1440
3164036000,r,1440
3164036000,r,1440
3164133000,r,1440
3164133000,r,1440
3164133000,r,1440
3164134000,r,1440
3164134000,r,1440
3164134000,r,1440
3164134000,r,1440
3164134000,r,1440
3164176000,r,1440
3164176000,r,1440
3164177000,r,1440
3164177000,r,1440
3164177000,r,1440
3164215000,r,1440
3164215000,r,1440
3164215000,r,1440
3164261000,s,1340
3164405000,s,1340
3164501000,s,1340
3164595000,s,1340
3164689000,s,1340
3164780000,s,1340
3164859000,r,1440
3164875000,s,1340
3164859000,r,1440
3164860000,r,1440
3164860000,r,1440
3164860000,r,1440
3164860000,r,1440
3164860000,r,1440
3164860000,r,1440
3164923000,r,1440
3164923000,r,1440
3164924000,r,1440
3164924000,r,1440
3164924000,r,1440
3164924000,r,1440
3164924000,r,1440
3164982000,s,1340
3165079000,s,1340
3165127000,r,1440
3165127000,r,1440
3165128000,r,1440
3165176000,s,1340
3165278000,s,1340
3165534000,s,1340
3165575000,s,1340
3165610000,s,1340
3165634000,s,1340
3165646000,s,1340
3165680000,s,1340
3165727000,s,1340
3165745000,s,1340
3165888000,s,1340
3165997000,s,1340
3166087000,s,1340
3166168000,s,1340
3166182000,r,1440
3166183000,r,1440
3166183000,r,1440
3166183000,r,1440
3166183000,r,1440
3166183000,r,1440
3166281000,s,1340
3166431000,s,1340
3166519000,s,1340
3166610000,s,1340
3166697000,s,1340
3166739000,r,1440
3166768000,s,1340
3166740000,r,1440
3166740000,r,1440
3166740000,r,1440
3166740000,r,1440
3166740000,r,1440
3166740000,r,1440
3166740000,r,1440
3166829000,r,1440
3166866000,s,1340
3166949000,s,1340
3167020000,s,1340
3167099000,s,1340
3167167000,s,1340
3167232000,s,1340
3167299000,s,1340
3167380000,s,1340
3167451000,s,1340
3167519000,s,1340
3167574000,s,1340
3167629000,s,1340
3167679000,s,1340
3167736000,s,1340
3167793000,s,1340
3167859000,s,1340
3167997000,s,1340
3168066000,s,1340
3168130000,s,1340
3168192000,s,1340
3168255000,s,1340
3168366000,s,1340
3176416000,r,1440
3176416000,r,1440
3176608000,r,1440
3177056000,r,1440
3177325000,s,1340
3177446000,s,1340
3178529000,s,1340
3180071000,r,1440
3182335000,r,1440
3183032000,s,1340
3183632000,r,1440
3183632000,r,1440
3183632000,r,1440
3184490000,s,1340
3184790000,s,1340
3184851000,s,1340
3184870000,s,1340
3185023000,s,1340
3185250000,s,1340
3185331000,s,1340
3185505000,s,1340
3185518000,r,1440
3185600000,r,1440
3185708000,s,1340
3185802000,s,1340
3189558000,r,1440
3189971000,s,1340
3196909000,s,1340
3211002000,s,1340
3218988000,r,1440
3222331000,r,1440
3226696000,s,1340
3476595000,r,1440
3476595000,r,1440
3476595000,r,1440
3476596000,r,1440
3476596000,r,1440
3476596000,r,1440
3476596000,r,1440
3476597000,r,1440
3477070000,r,1440
3477070000,r,1440
3478396000,s,1340
3478679000,s,1340
3478776000,s,1340
3478801000,s,1340
3478819000,s,1340
3478928000,s,1340
3478954000,s,1340
3478971000,s,1340
3478992000,s,1340
3479007000,s,1340
3479023000,s,1340
3479039000,s,1340
3479054000,s,1340
3479067000,s,1340
3479081000,s,1340
3479547000,s,1340
3479759000,s,1340
3479944000,s,1340
3480024000,s,1340
3480615000,s,1340
3480715000,s,1340
3481169000,s,1340
3481422000,s,1340
3481605000,s,1340
3481767000,s,1340
3481967000,s,1340
3482120000,s,1340
3483351000,s,1340
3483563000,s,1340
3483705000,s,1340
3483825000,s,1340
3483998000,s,1340
3484106000,s,1340
3484227000,s,1340
3484407000,s,1340
3484576000,s,1340
3484745000,s,1340
3484918000,s,1340
3485090000,s,1340
3485272000,s,1340
3485468000,s,1340
3485654000,s,1340
3485854000,s,1340
3486055000,s,1340
3486254000,s,1340
3486523000,s,1340
3486948000,s,1340
3487366000,s,1340
3487697000,s,1340
3488180000,s,1340
3488819000,s,1340
3489028000,s,1340
3489209000,s,1340
3489372000,s,1340
3489540000,s,1340
3489925000,s,1340
3490127000,s,1340
3490835000,s,1340
3491103000,r,1440
3491667000,s,1340
3491808000,s,1340
3491928000,s,1340
3492044000,s,1340
3492166000,s,1340
3492247000,s,1340
3492327000,s,1340
3492402000,s,1340
3492468000,s,1340
3495132000,s,1340
3495267000,s,1340
3495340000,s,1340
3495395000,s,1340
3495453000,s,1340
3495501000,s,1340
3495546000,s,1340
3495594000,s,1340
3495649000,s,1340
3505961000,s,1340
3591140000,r,1440
3591603000,r,1440
3592755000,s,1340
3604469000,r,1440
3604469000,r,1440
3605139000,s,1340
3614370000,r,1440
3615491000,s,1340
3618393000,r,1440
5574328000,s,1340
5606892000,s,1340
5607293000,s,1340
5729354000,r,1440
5729355000,r,1440
5732267000,s,1340
5745462000,r,1440
5745463000,r,1440
5745463000,r,1440
5745464000,r,1440
5747994000,s,1340
5748344000,s,1340
8206562000,r,1440
8206562000,r,1440
8210514000,s,1340
8251590000,s,1340
8294457000,r,1440
12992640000,s,1340
13032519000,s,1340
13033021000,s,1340
13054046000,r,1440
13054047000,r,1440
13057118000,s,1340
13474605000,r,1440
13474605000,r,1440
13474606000,r,1440
13478043000,s,1340
13478932000,s,1340
13479280000,s,1340
13480973000,s,1340
13489821000,s,1340
13493696000,r,1440
13493696000,r,1440
13493697000,r,1440
13496338000,s,1340
13502435000,r,1440
13506210000,s,1340
13603884000,r,1440
13603885000,r,1440
13606658000,s,1340
13606984000,s,1340
13718137000,r,1440
13718639000,r,1440
18138532000,r,1440
18140622000,s,1340
18951751000,s,1340
18990816000,s,1340
18991253000,s,1340
22212047000,s,1340
22252257000,s,1340
22252716000,s,1340
24160056000,s,1340
24168761000,r,1440
24168761000,r,1440
24169242000,s,176
24178402000,r,120
24187234000,s,1340
24274289000,r,1440
24274289000,r,1440
24274290000,r,1440
24276301000,s,1340
24276619000,s,1340
24387367000,r,1440
24387367000,r,1440