0,r,1440
2352513000,s,1340
2391702000,s,1340
2392431000,s,1340
3650200000,s,1340
3689598000,s,1340
3690006000,s,1340
3690076000,s,1340
3703158000,s,1340
3703383000,s,1340
3711831000,r,1440
3711831000,r,1440
3711831000,r,1440
3713070000,r,1440
3713070000,r,1440
3713071000,r,1440
3713275000,s,1340
3713590000,r,1440
3713590000,r,1440
3714036000,s,1340
3714233000,s,1340
3714502000,r,1440
3715149000,s,1340
3715335000,s,1340
3722549000,r,1440
3724583000,s,1340
3725810000,r,1440
3725810000,r,1440
3726397000,s,1340
3726632000,s,1340
3726818000,s,1340
3727273000,s,1340
3728401000,s,1340
3728725000,s,1340
3729256000,s,1340
3729468000,r,1440
3729468000,r,1440
3729468000,r,1440
3730044000,s,1340
3733385000,r,1440
3733385000,r,1440
3734058000,s,1340
3738575000,r,1440
3738575000,r,1440
3738575000,r,1440
3739380000,r,1440
3739454000,s,1340
3740060000,s,1340
3740545000,s,1340
3740834000,r,1440
3740876000,r,1440
3740876000,r,1440
3740877000,r,1440
3741438000,s,1340
3743004000,r,1440
3743170000,s,1340
3743806000,r,1440
3744586000,s,1340
3744891000,s,1340
3746054000,s,1340
3746223000,s,1340
3749968000,r,1440
3749968000,r,1440
3751047000,s,1340
3751182000,r,1440
3751876000,s,1340
3759835000,r,1440
3762605000,r,1440
3762606000,r,1440
3763606000,s,1340
3764099000,s,1340
3775846000,r,1440
3775846000,r,1440
3777189000,r,1440
3777189000,r,1440
3777619000,s,1340
3777757000,s,1340
3777819000,s,1340
3787344000,r,1440
3791932000,r,1440
3795862000,r,1440
3795862000,r,1440
3796630000,s,1340
3803902000,s,1340
3812172000,r,1440
3815908000,r,1440
8789734000,s,1340
8829598000,s,1340
8830068000,s,1340
9735717000,s,1340
9774161000,s,1340
9774590000,s,1340
9794394000,r,1440
9794395000,r,1440
9794395000,r,1440
9797902000,s,1340
9800347000,r,1440
10599389000,r,1440
10599390000,r,1440
10599390000,r,1440
10599391000,r,1440
10599391000,r,1440
10599392000,r,1440
10599392000,r,1440
10599393000,r,1440
10600238000,r,1440
10600239000,r,1440
10600239000,r,1440
10600239000,r,1440
10600240000,r,1440
10600240000,r,1440
10600241000,r,1440
10600241000,r,1440
10600389000,r,1440
10600389000,r,1440
10603373000,s,1340
10603946000,s,1340
10604882000,s,1340
10605205000,s,1340
10605436000,s,1340
10605708000,s,1340
10605931000,s,1340
10606495000,s,1340
10606896000,s,1340
10607115000,s,1340
10607374000,s,1340
10617312000,s,1340
10621682000,s,1340
10633919000,r,1440
10633920000,r,1440
10634739000,r,1440
10634739000,r,1440
10636571000,s,1340
10647849000,r,1440
10648618000,s,1340
10649513000,r,1440
10666044000,s,1340
10666280000,s,1340
10680281000,r,1440
10680281000,r,1440
10682289000,r,1440
10683047000,s,1340
10693046000,s,1340
10697160000,r,1440
10697160000,r,1440
10697161000,r,1440
10697161000,r,1440
10697161000,r,1440
10697162000,r,1440
10697162000,r,1440
10697162000,r,1440
10697481000,r,1440
10697481000,r,1440
10697481000,r,1440
10697481000,r,1440
10697482000,r,1440
10697482000,r,1440
10697482000,r,1440
10697483000,r,1440
10697583000,r,1440
10697583000,r,1440
10697584000,r,1440
10697584000,r,1440
10697584000,r,1440
10697585000,r,1440
10697585000,r,1440
10697585000,r,1440
10697709000,r,1440
10697709000,r,1440
10697709000,r,1440
10697710000,r,1440
10698950000,s,1340
10699302000,s,1340
10699691000,s,1340
10700275000,r,1440
10701027000,s,1340
10701180000,s,1340
10701270000,s,1340
10701394000,s,1340
10701512000,s,1340
10701632000,s,1340
10701636000,r,1440
10701751000,s,1340
10701875000,s,1340
10702084000,s,1340
10702262000,s,1340
10702379000,s,1340
10702502000,s,1340
10702621000,s,1340
10703208000,s,1340
10703402000,s,1340
10703524000,s,1340
10703642000,s,1340
10703749000,r,1440
10703760000,s,1340
10703749000,r,1440
10703924000,s,1340
10704503000,s,1340
10705540000,s,1340
10705939000,r,1440
10705939000,r,1440
10707907000,s,1340
10708063000,s,1340
10711089000,r,1440
10711089000,r,1440
10714752000,r,1440
10714752000,r,1440
10715741000,s,1340
10715983000,s,1340
10716321000,s,1340
10719852000,r,1440
10719852000,r,1440
10721770000,r,1440
10721770000,r,1440
10721770000,r,1440
10721771000,r,1440
10721771000,r,1440
10722256000,s,1340
10722387000,s,1340
10722476000,s,1340
10722540000,s,1340
10722595000,s,1340
10722774000,s,1340
10722826000,s,1340
10722892000,s,1340
10722977000,s,1340
10723069000,s,1340
10723138000,s,1340
10723203000,s,1340
10723461000,s,1340
10723489000,s,1340
10724013000,s,1340
10724100000,s,1340
10724147000,s,1340
10724176000,s,1340
10724204000,s,1340
10724430000,s,1340
10724552000,s,1340
10724746000,s,1340
10725002000,s,1340
10725108000,s,1340
10725199000,s,1340
10725290000,s,1340
10725497000,s,1340
10725629000,s,1340
10725895000,s,1340
10726090000,s,1340
10726272000,s,1340
10726449000,s,1340
10726614000,s,1340
10726760000,s,1340
10726969000,s,1340
10727137000,s,1340
10727315000,s,1340
10727414000,s,1340
10727469000,s,1340
10727527000,s,1340
10727576000,s,1340
10727711000,s,1340
10728082000,s,1340
10728150000,s,1340
10728319000,s,1340
10728472000,s,1340
10728551000,s,1340
10728806000,s,1340
10728933000,s,1340
10730238000,s,1340
10730388000,s,1340
10730599000,s,1340
10730647000,r,1440
10730739000,s,1340
10730848000,s,1340
10730916000,s,1340
10735232000,r,1440
10735669000,s,1340
10735765000,s,1340
10735914000,s,1340
10735992000,s,1340
10736343000,s,1340
10736486000,s,1340
10736710000,s,1340
10736809000,s,1340
10736880000,s,1340
10737043000,s,1340
10737176000,s,1340
10737285000,s,1340
10737410000,s,1340
10737509000,s,1340
10737710000,s,1340
10737761000,s,1340
10738675000,s,1340
10739805000,r,1440
10739805000,r,1440
10739967000,s,1340
10740121000,s,1340
10740189000,s,1340
10740259000,s,1340
10740404000,s,1340
10740474000,s,1340
10741267000,s,1340
10741348000,s,1340
10741523000,s,1340
10741701000,s,1340
10741842000,r,1440
10741842000,r,1440
10741842000,r,1440
10741843000,r,1440
10741909000,s,1340
10741981000,s,1340
10742048000,s,1340
10742113000,s,1340
10743810000,r,1440
10743810000,r,1440
10744113000,s,1340
10744454000,s,1340
10744549000,s,1340
10744846000,r,1440
10744846000,r,1440
10745374000,s,1340
10745470000,s,1340
10745680000,s,1340
10746057000,s,1340
10746146000,s,1340
10746180000,s,1340
10746353000,s,1340
10746401000,s,1340
10746511000,r,1440
10746512000,r,1440
10746512000,r,1440
10746512000,r,1440
10746512000,r,1440
10746888000,s,1340
10746923000,s,1340
10746938000,s,1340
10747019000,s,1340
10747062000,s,1340
10747084000,s,1340
10747159000,s,1340
10747392000,s,1340
10750087000,r,1440
10750087000,r,1440
10750579000,s,1340
10756117000,s,1340
10757595000,s,1340
10774850000,r,1440
10774850000,r,1440
10774850000,r,1440
10774850000,r,1440
10774851000,r,1440
10774851000,r,1440
10774851000,r,1440
10774851000,r,1440
10775159000,r,1440
10775160000,r,1440
10775160000,r,1440
10775160000,r,1440
10775160000,r,1440
10775160000,r,1440
10775160000,r,1440
10775160000,r,1440
10775209000,r,1440
10775209000,r,1440
10775209000,r,1440
10775210000,r,1440
10776248000,s,1340
10776749000,s,1340
10777249000,s,1340
10777351000,s,1340
10777608000,s,1340
10777721000,s,1340
10777756000,s,1340
10778071000,s,1340
10778240000,s,1340
10778738000,s,1340
10779030000,s,1340
10779168000,s,1340
10788336000,s,1340
10788993000,r,1440
10788993000,r,1440
10789932000,r,1440
10790353000,s,1340
10837068000,s,1340
10838136000,s,1340
10838461000,s,1340
10838657000,s,1340
10839222000,s,1340
10839395000,s,1340
10859043000,r,1440
10859043000,r,1440
10859043000,r,1440
10859044000,r,1440
10859044000,r,1440
10859044000,r,1440
10859044000,r,1440
10859044000,r,1440
10859283000,r,1440
10859283000,r,1440
10859325000,r,1440
10861493000,s,1340
10861779000,s,1340
10862190000,s,1340
10862257000,s,1340
10862319000,s,1340
10862377000,r,1440
10862388000,s,1340
10862377000,r,1440
10862377000,r,1440
10862377000,r,1440
10862377000,r,1440
10862461000,s,1340
10862377000,r,1440
10862377000,r,1440
10862378000,r,1440
10862483000,r,1440
10862516000,r,1440
10862528000,s,1340
10862594000,s,1340
10862658000,s,1340
10862722000,s,1340
10862794000,s,1340
10862874000,s,1340
10862953000,s,1340
10863021000,s,1340
10863059000,r,1440
10863132000,s,1340
10863176000,s,1340
10863190000,s,1340
10863283000,s,1340
10863381000,r,1440
10863382000,r,1440
10863447000,s,1340
10863549000,s,1340
10863629000,s,1340
10863672000,r,1440
10863718000,s,1340
10863859000,s,1340
10863953000,s,1340
10864056000,s,1340
10864138000,r,1440
10864150000,s,1340
10864138000,r,1440
10864251000,s,1340
10864340000,s,1340
10864437000,s,1340
10864525000,s,1340
10864614000,s,1340
10864688000,s,1340
10864771000,s,1340
10864861000,s,1340
10864941000,s,1340
10864966000,r,1440
10864966000,r,1440
10864966000,r,1440
10865018000,s,1340
10865101000,s,1340
10865186000,s,1340
10865269000,s,1340
10865351000,r,1440
10865352000,s,1340
10865441000,s,1340
10865532000,s,1340
10865609000,s,1340
10865682000,s,1340
10865750000,r,1440
10865758000,s,1340
10865750000,r,1440
10865835000,s,1340
10865947000,s,1340
10866028000,s,1340
10866103000,s,1340
10866180000,s,1340
10866253000,s,1340
10866327000,s,1340
10866399000,s,1340
10866471000,s,1340
10866543000,s,1340
10866650000,s,1340
10866754000,s,1340
10866866000,s,1340
10866964000,s,1340
10867064000,s,1340
10867167000,s,1340
10867270000,s,1340
10867506000,s,1340
10867591000,r,1440
10867671000,s,1340
10867864000,r,1440
10867888000,s,1340
10868062000,s,1340
10868143000,s,1340
10868213000,s,1340
10868277000,s,1340
10868374000,s,1340
10868430000,s,1340
10869428000,s,1340
10869509000,s,1340
10870488000,s,1340
10870598000,s,1340
10870732000,s,1340
10871438000,s,1340
10871486000,s,1340
10871551000,s,1340
10871586000,s,1340
10872045000,s,1340
10872156000,s,1340
10872236000,s,1340
10872736000,s,1340
10872850000,s,1340
10872937000,s,1340
10873018000,s,1340
10873297000,s,1340
10873466000,s,1340
10873629000,s,1340
10873789000,s,1340
10873880000,s,1340
10874111000,s,1340
10874216000,s,1340
10874416000,s,1340
10874673000,s,1340
10874872000,s,1340
10874962000,s,1340
10875208000,s,1340
10875317000,s,1340
10875418000,s,1340
10875515000,s,1340
10875613000,s,1340
10875700000,s,1340
10875831000,s,1340
10875933000,s,1340
10876654000,r,1440
10876719000,s,1340
10876654000,r,1440
10876654000,r,1440
10876654000,r,1440
10876893000,s,1340
10876950000,s,1340
10877176000,s,1340
10877224000,s,1340
10877406000,s,1340
10877493000,s,1340
10877647000,s,1340
10877822000,s,1340
10877852000,s,1340
10877865000,s,1340
10877875000,s,1340
10877875000,r,1440
10877875000,r,1440
10877875000,r,1440
10877875000,r,1440
10877875000,r,1440
10877875000,r,1440
10877876000,r,1440
10877876000,r,1440
10877971000,r,1440
10877971000,r,1440
10877971000,r,1440
10877971000,r,1440
10877971000,r,1440
10878283000,s,1340
10878310000,s,1340
10878322000,s,1340
10878330000,s,1340
10878338000,s,1340
10878348000,s,1340
10878542000,s,1340
10878636000,s,1340
10889187000,s,1340
10889346000,s,1340
10907605000,s,1340
10908104000,s,1340
10912808000,s,1340
10915820000,r,1440
10915820000,r,1440
10916911000,r,1440
10916911000,r,1440
10916911000,r,1440
10916911000,r,1440
10916911000,r,1440
10916912000,r,1440
10916912000,r,1440
10916912000,r,1440
10916963000,r,1440
10916963000,r,1440
10916963000,r,1440
10916963000,r,1440
10916963000,r,1440
10916963000,r,1440
10916963000,r,1440
10916963000,r,1440
10916992000,r,1440
10916992000,r,1440
10916992000,r,1440
10917274000,r,1440
10917274000,r,1440
10917522000,s,1340
10917560000,s,1340
10917707000,s,1340
10917948000,s,1340
10918258000,r,1440
10918258000,r,1440
10918258000,r,1440
10918259000,r,1440
10918259000,r,1440
10918259000,r,1440
10918259000,r,1440
10918259000,r,1440
10918497000,s,1340
10918535000,s,1340
10918553000,s,1340
10918666000,s,1340
10918779000,s,1340
10918879000,s,1340
10918972000,s,1340
10919044000,r,1440
10919062000,s,1340
10919044000,r,1440
10919146000,s,1340
10919236000,s,1340
10919325000,s,1340
10919428000,s,1340
10919505000,s,1340
10919728000,r,1440
10919728000,r,1440
10919872000,s,1340
10919989000,s,1340
10920067000,s,1340
10920561000,s,1340
10920642000,s,1340
10920688000,s,1340
10921307000,s,1340
10921543000,s,1340
10921642000,s,1340
10921723000,s,1340
10921811000,s,1340
10921894000,s,1340
10922119000,s,1340
10922298000,s,1340
10922388000,s,1340
10922461000,s,1340
10922524000,s,1340
10923305000,s,1340
10923368000,s,1340
10923843000,r,1440
10923843000,r,1440
10923843000,r,1440
10923843000,r,1440
10924210000,s,1340
10924316000,s,1340
10924388000,s,1340
10924478000,s,1340
10924568000,s,1340
10924665000,s,1340
10924737000,s,1340
10924821000,s,1340
10924911000,s,1340
10925081000,s,1340
10925358000,s,1340
10925472000,s,1340
10925645000,r,1440
10925707000,s,1340
10925646000,r,1440
10925646000,r,1440
10925646000,r,1440
10925646000,r,1440
10925646000,r,1440
10925647000,r,1440
10925647000,r,1440
10925782000,r,1440
10925782000,r,1440
10925783000,r,1440
10925783000,r,1440
10925783000,r,1440
10925783000,r,1440
10925783000,r,1440
10925784000,r,1440
10925830000,s,1340
10925846000,r,1440
10925847000,r,1440
10925847000,r,1440
10925847000,r,1440
10925847000,r,1440
10925983000,s,1340
10926091000,s,1340
10926518000,s,1340
10926644000,s,1340
10926720000,s,1340
10926789000,s,1340
10926857000,s,1340
10926923000,s,1340
10926982000,s,1340
10927042000,s,1340
10927095000,s,1340
10927145000,s,1340
10928342000,r,1440
10928342000,r,1440
10928342000,r,1440
10928342000,r,1440
10928342000,r,1440
10928342000,r,1440
10928342000,r,1440
10928343000,r,1440
10928461000,r,1440
10928918000,s,1340
10928972000,s,1340
10928987000,s,1340
10929035000,s,1340
10929051000,s,1340
10930864000,r,1440
10930864000,r,1440
10930864000,r,1440
10930864000,r,1440
10930865000,r,1440
10930865000,r,1440
10930865000,r,1440
10930865000,r,1440
10931144000,r,1440
10931144000,r,1440
10931214000,s,1340
10931313000,s,1340
10931395000,s,1340
10931416000,s,1340
10931452000,s,1340
10931469000,s,1340
10931530000,s,1340
10931560000,s,1340
10931645000,s,1340
10931693000,s,1340
10931723000,s,1340
10931810000,r,1440
10931810000,r,1440
10932029000,s,1340
10932141000,s,1340
10933538000,r,1440
10933538000,r,1440
10933538000,r,1440
10933538000,r,1440
10933929000,s,1340
10933978000,s,1340
10933992000,s,1340
10934158000,s,1340
10934243000,s,1340
10934435000,s,1340
10934565000,s,1340
10934747000,s,1340
10934987000,s,1340
10935096000,s,1340
10935272000,r,1440
10935273000,r,1440
10935314000,s,1340
10935273000,r,1440
10935273000,r,1440
10935405000,r,1440
10935406000,s,1340
10935405000,r,1440
10935500000,s,1340
10935657000,s,1340
10935804000,r,1440
10935804000,r,1440
10935804000,r,1440
10935805000,r,1440
10936052000,s,1340
10936216000,r,1440
10936216000,r,1440
10936410000,s,1340
10936490000,r,1440
10936490000,r,1440
10936490000,r,1440
10936490000,r,1440
10936490000,r,1440
10936490000,r,1440
10936580000,s,1340
10936818000,s,1340
10936846000,s,1340
10936864000,s,1340
10936878000,s,1340
10936904000,s,1340
10936918000,s,1340
10937061000,s,1340
10937167000,s,1340
10937234000,s,1340
10937315000,s,1340
10937388000,s,1340
10937461000,s,1340
10937533000,s,1340
10937606000,s,1340
10937671000,s,1340
10937787000,s,1340
10938017000,s,1340
10938200000,s,1340
10938305000,s,1340
10938389000,s,1340
10938555000,s,1340
10938660000,r,1440
10938709000,s,1340
10938661000,r,1440
10938661000,r,1440
10938661000,r,1440
10938661000,r,1440
10938661000,r,1440
10938661000,r,1440
10938661000,r,1440
10938784000,r,1440
10938784000,r,1440
10938784000,r,1440
10938784000,r,1440
10938784000,r,1440
10938785000,r,1440
10938882000,r,1440
10938889000,s,1340
10938882000,r,1440
10938882000,r,1440
10938883000,r,1440
10938883000,r,1440
10939022000,s,1340
10939056000,s,1340
10939074000,s,1340
10939186000,s,1340
10939283000,s,1340
10939363000,s,1340
10939439000,s,1340
10939510000,s,1340
10939586000,s,1340
10939663000,s,1340
10939737000,s,1340
10939842000,s,1340
10939928000,s,1340
10940004000,s,1340
10940090000,s,1340
10940284000,s,1340
10940459000,s,1340
10940566000,s,1340
10940621000,s,1340
10940737000,s,1340
10940787000,s,1340
10941973000,s,1340
10942154000,s,1340
10942235000,s,1340
10942419000,s,1340
10942518000,s,1340
10942700000,s,1340
10942779000,s,1340
10942848000,s,1340
10943037000,s,1340
10943286000,s,1340
10943372000,s,1340
10943560000,s,1340
10943622000,s,1340
10943778000,s,1340
10943893000,s,1340
10944056000,s,1340
10944217000,s,1340
10944305000,s,1340
10944959000,s,1340
10945013000,s,1340
10945184000,s,1340
10945231000,s,1340
10946351000,s,1340
10946440000,s,1340
10947007000,r,1440
10947008000,r,1440
10947008000,r,1440
10947008000,r,1440
10947307000,s,1340
10947443000,s,1340
10947474000,s,1340
10947549000,s,1340
10947594000,s,1340
10948653000,s,1340
10948728000,s,1340
10949517000,r,1440
10949517000,r,1440
10949517000,r,1440
10949517000,r,1440
10949517000,r,1440
10949517000,r,1440
10950038000,r,1440
10950038000,r,1440
10950038000,r,1440
10950038000,r,1440
10950038000,r,1440
10950038000,r,1440
10950344000,s,1340
10950376000,s,1340
10950438000,s,1340
10950542000,s,1340
10950625000,s,1340
10950661000,s,1340
10950679000,s,1340
10950753000,s,1340
10950806000,s,1340
10950898000,s,1340
10950926000,s,1340
10951212000,s,1340
10951260000,s,1340
10951512000,s,1340
10953808000,r,1440
10953808000,r,1440
10953808000,r,1440
10953808000,r,1440
10953809000,r,1440
10953809000,r,1440
10953809000,r,1440
10953809000,r,1440
10953914000,r,1440
10953915000,r,1440
10953915000,r,1440
10953915000,r,1440
10953915000,r,1440
10953915000,r,1440
10953915000,r,1440
10953916000,r,1440
10953962000,r,1440
10953962000,r,1440
10953962000,r,1440
10953962000,r,1440
10954233000,r,1440
10954233000,r,1440
10954233000,r,1440
10954233000,r,1440
10954233000,r,1440
10954234000,r,1440
10954234000,r,1440
10954234000,r,1440
10954286000,r,1440
10954514000,s,1340
10954650000,s,1340
10954996000,s,1340
10955504000,s,1340
10955623000,s,1340
10955720000,s,1340
10955849000,s,1340
10955973000,s,1340
10956414000,s,1340
10956475000,r,1440
10956493000,s,1340
10956519000,s,1340
10956537000,s,1340
10956670000,s,1340
10956768000,s,1340
10956931000,s,1340
10957256000,s,1340
10957359000,s,1340
10959699000,r,1440
10959700000,r,1440
10959700000,r,1440
10959700000,r,1440
10960093000,r,1440
10960093000,r,1440
10960282000,s,1340
10960372000,s,1340
10960450000,s,1340
10960508000,s,1340
10960564000,s,1340
10960615000,s,1340
10960661000,s,1340
10960716000,s,1340
10961792000,s,1340
10961849000,s,1340
10961923000,s,1340
10961988000,s,1340
10962238000,s,1340
10962318000,s,1340
10962675000,s,1340
10962818000,s,1340
10963543000,s,1340
10963585000,r,1440
10963585000,r,1440
10963585000,r,1440
10963585000,r,1440
10963586000,r,1440
10963586000,r,1440
10963586000,r,1440
10963586000,r,1440
10963696000,r,1440
10963697000,r,1440
10963697000,r,1440
10963697000,r,1440
10963697000,r,1440
10963726000,s,1340
10963813000,s,1340
10963852000,s,1340
10964107000,s,1340
10964279000,s,1340
10964423000,s,1340
10964484000,r,1440
10964584000,s,1340
10964687000,s,1340
10964785000,s,1340
10964876000,s,1340
10964964000,s,1340
10965048000,s,1340
10965127000,s,1340
10965212000,s,1340
10965282000,r,1440
10965283000,r,1440
10965329000,s,1340
10965283000,r,1440
10965283000,r,1440
10965283000,r,1440
10965283000,r,1440
10965283000,r,1440
10965283000,r,1440
10965421000,s,1340
10965521000,r,1440
10965521000,r,1440
10965522000,r,1440
10965980000,s,1340
10966133000,s,1340
10966323000,s,1340
10966409000,s,1340
10966559000,s,1340
10966723000,s,1340
10966829000,s,1340
10966923000,s,1340
10967013000,s,1340
10967102000,s,1340
10967185000,s,1340
10967276000,s,1340
10967362000,s,1340
10967552000,s,1340
10967760000,s,1340
10967942000,s,1340
10968063000,s,1340
10968320000,s,1340
10968372000,s,1340
10968509000,s,1340
10968602000,s,1340
10968982000,s,1340
10969471000,s,1340
10969569000,s,1340
10970456000,s,1340
10970691000,s,1340
10970784000,s,1340
10970868000,r,1440
10970868000,r,1440
10970946000,s,1340
10971029000,s,1340
10971108000,s,1340
10971184000,s,1340
10971264000,s,1340
10971345000,r,1440
10971345000,r,1440
10971345000,r,1440
10971345000,r,1440
10971345000,r,1440
10971345000,r,1440
10971345000,r,1440
10971346000,r,1440
10971433000,s,1340
10971663000,s,1340
10971727000,r,1440
10971727000,r,1440
10971728000,r,1440
10971728000,r,1440
10971762000,s,1340
10971921000,s,1340
10972032000,s,1340
10972033000,r,1440
10972033000,r,1440
10972033000,r,1440
10972235000,s,1340
10972387000,s,1340
10972487000,s,1340
10972584000,s,1340
10972683000,s,1340
10972779000,s,1340
10972876000,s,1340
10972965000,s,1340
10973051000,s,1340
10973136000,s,1340
10973219000,s,1340
10973299000,s,1340
10973620000,s,1340
10973713000,s,1340
10973950000,s,1340
10974058000,s,1340
10974247000,s,1340
10974511000,s,1340
10974624000,s,1340
10974872000,s,1340
10974971000,s,1340
10975186000,s,1340
10975285000,s,1340
10975370000,s,1340
10975648000,s,1340
10975879000,s,1340
10976110000,s,1340
10976250000,s,1340
10976370000,s,1340
10976493000,s,1340
10976639000,s,1340
10976662000,r,1440
10976662000,r,1440
10976662000,r,1440
10976662000,r,1440
10976662000,r,1440
10976662000,r,1440
10976859000,s,1340
10977020000,s,1340
10977097000,s,1340
10977424000,s,1340
10977509000,s,1340
10978120000,s,1340
10978125000,r,1440
10978125000,r,1440
10978185000,s,1340
10978125000,r,1440
10978125000,r,1440
10978125000,r,1440
10978125000,r,1440
10978125000,r,1440
10978125000,r,1440
10978211000,r,1440
10978212000,r,1440
10978212000,r,1440
10978212000,r,1440
10978212000,r,1440
10978212000,r,1440
10978212000,r,1440
10979107000,r,1440
10979107000,r,1440
10979107000,r,1440
10979107000,r,1440
10979108000,r,1440
10979108000,r,1440
10979108000,r,1440
10979108000,r,1440
10979479000,s,1340
10979500000,r,1440
10979500000,r,1440
10979500000,r,1440
10979500000,r,1440
10979587000,s,1340
10979680000,s,1340
10979713000,r,1440
10979713000,r,1440
10979845000,s,1340
10979922000,s,1340
10980003000,s,1340
10980092000,s,1340
10980185000,s,1340
10980276000,s,1340
10980290000,r,1440
10980290000,r,1440
10980367000,s,1340
10980453000,s,1340
10980549000,r,1440
10980549000,r,1440
10980549000,r,1440
10980549000,r,1440
10980549000,r,1440
10980590000,s,1340
10980687000,s,1340
10980773000,s,1340
10980858000,s,1340
10980942000,s,1340
10981012000,s,1340
10981100000,s,1340
10981186000,s,1340
10981273000,s,1340
10981362000,s,1340
10981457000,s,1340
10981544000,s,1340
10981631000,s,1340
10981638000,r,1440
10981638000,r,1440
10981638000,r,1440
10981719000,s,1340
10981949000,s,1340
10983868000,r,1440
10983868000,r,1440
10983868000,r,1440
10983868000,r,1440
10983868000,r,1440
10983868000,r,1440
10983868000,r,1440
10983868000,r,1440
10983948000,r,1440
10983948000,r,1440
10983948000,r,1440
10983948000,r,1440
10983948000,r,1440
10984266000,s,1340
10984305000,s,1340
10984322000,s,1340
10984401000,r,1440
10984401000,r,1440
10984401000,r,1440
10984401000,r,1440
10984441000,s,1340
10984514000,s,1340
10984534000,s,1340
10984593000,s,1340
10984782000,s,1340
10985028000,s,1340
10985139000,s,1340
10985228000,s,1340
10985311000,s,1340
10985396000,s,1340
10985483000,s,1340
10985575000,s,1340
10991172000,r,1440
10991172000,r,1440
10991172000,r,1440
10991688000,s,1340
10993250000,r,1440
10993250000,r,1440
10993250000,r,1440
10993250000,r,1440
10993250000,r,1440
10993250000,r,1440
10993908000,s,1340
10994010000,s,1340
10995106000,r,1440
10995106000,r,1440
10995106000,r,1440
10995106000,r,1440
10995106000,r,1440
10995859000,s,1340
10995942000,s,1340
10995979000,s,1340
10996705000,s,1340
10996737000,s,1340
10996735000,r,1440
10996735000,r,1440
10996735000,r,1440
10996735000,r,1440
10997114000,s,1340
10997172000,s,1340
10997227000,s,1340
10997272000,s,1340
10997305000,s,1340
10997451000,s,1340
10997649000,s,1340
10997894000,s,1340
10998045000,s,1340
10998229000,s,1340
10998491000,s,1340
10998546000,s,1340
10998789000,r,1440
10998830000,s,1340
10998789000,r,1440
10998941000,s,1340
10999046000,s,1340
10999143000,s,1340
10999294000,s,1340
10999397000,s,1340
10999488000,s,1340
10999663000,s,1340
10999711000,s,1340
11000449000,s,1340
11000627000,s,1340
11000796000,s,1340
11001001000,s,1340
11001164000,s,1340
11001362000,s,1340
11001499000,r,1440
11001528000,s,1340
11001499000,r,1440
11001499000,r,1440
11001499000,r,1440
11001499000,r,1440
11001500000,r,1440
11001500000,r,1440
11001500000,r,1440
11001568000,r,1440
11001569000,r,1440
11001569000,r,1440
11001569000,r,1440
11001569000,r,1440
11001569000,r,1440
11001569000,r,1440
11001569000,r,1440
11001598000,r,1440
11001598000,r,1440
11001598000,r,1440
11001598000,r,1440
11001598000,r,1440
11001599000,r,1440
11001599000,r,1440
11001599000,r,1440
11001627000,r,1440
11001627000,r,1440
11001627000,r,1440
11001627000,r,1440
11001628000,r,1440
11001628000,r,1440
11001628000,r,1440
11001628000,r,1440
11001917000,s,1340
11002019000,s,1340
11002027000,r,1440
11002027000,r,1440
11002095000,s,1340
11002176000,s,1340
11002248000,s,1340
11002333000,s,1340
11002406000,s,1340
11002481000,s,1340
11002551000,s,1340
11002623000,s,1340
11002701000,s,1340
11002778000,s,1340
11002844000,r,1440
11002879000,s,1340
11002904000,s,1340
11002919000,s,1340
11002844000,r,1440
11002947000,s,1340
11003040000,s,1340
11003177000,s,1340
11003278000,s,1340
11003370000,s,1340
11003454000,s,1340
11003543000,s,1340
11003633000,s,1340
11003725000,s,1340
11003841000,s,1340
11003932000,s,1340
11004028000,s,1340
11004116000,s,1340
11004207000,s,1340
11004300000,s,1340
11004390000,s,1340
11004480000,s,1340
11004571000,s,1340
11004660000,s,1340
11004658000,r,1440
11004658000,r,1440
11004658000,r,1440
11004659000,r,1440
11004659000,r,1440
11004749000,s,1340
11004837000,s,1340
11004923000,s,1340
11005013000,s,1340
11005105000,s,1340
11005190000,s,1340
11005282000,s,1340
11005361000,s,1340
11005447000,s,1340
11005524000,s,1340
11005608000,s,1340
11005712000,s,1340
11005805000,s,1340
11005891000,s,1340
11005975000,s,1340
11006054000,s,1340
11006127000,s,1340
11006197000,s,1340
11006268000,s,1340
11006341000,s,1340
11006413000,s,1340
11006488000,s,1340
11006563000,s,1340
11006637000,s,1340
11012767000,r,1440
11012767000,r,1440
11012767000,r,1440
11012767000,r,1440
11012768000,r,1440
11012768000,r,1440
11012768000,r,1440
11012768000,r,1440
11012969000,r,1440
11012969000,r,1440
11012969000,r,1440
11012969000,r,1440
11012969000,r,1440
11012969000,r,1440
11012969000,r,1440
11012969000,r,1440
11013000000,r,1440
11013001000,r,1440
11013001000,r,1440
11013039000,r,1440
11013039000,r,1440
11013039000,r,1440
11013039000,r,1440
11013039000,r,1440
11014118000,s,1340
11014181000,s,1340
11014282000,r,1440
11014282000,r,1440
11014282000,r,1440
11014282000,r,1440
11014282000,r,1440
11014283000,r,1440
11014283000,r,1440
11014283000,r,1440
11014344000,r,1440
11014559000,s,1340
11014807000,s,1340
11014849000,s,1340
11014847000,r,1440
11014962000,s,1340
11015059000,s,1340
11015126000,s,1340
11015207000,s,1340
11015272000,s,1340
11015328000,s,1340
11015403000,s,1340
11015478000,s,1340
11015553000,s,1340
11015620000,s,1340
11015685000,s,1340
11015758000,s,1340
11015878000,s,1340
11015958000,s,1340
11016028000,s,1340
11016093000,s,1340
11016097000,r,1440
11016097000,r,1440
11016097000,r,1440
11016097000,r,1440
11016097000,r,1440
11016162000,s,1340
11016098000,r,1440
11016213000,s,1340
11016286000,s,1340
11016360000,s,1340
11016431000,s,1340
11016505000,s,1340
11016591000,s,1340
11016635000,s,1340
11016648000,s,1340
11016806000,s,1340
11020939000,r,1440
11020939000,r,1440
11020940000,r,1440
11020940000,r,1440
11020940000,r,1440
11020940000,r,1440
11020940000,r,1440
11020940000,r,1440
11021120000,r,1440
11021120000,r,1440
11021120000,r,1440
11021120000,r,1440
11021121000,r,1440
11021121000,r,1440
11021121000,r,1440
11021121000,r,1440
11021156000,r,1440
11021156000,r,1440
11021156000,r,1440
11021156000,r,1440
11022123000,s,1340
11022180000,s,1340
11022200000,s,1340
11022209000,s,1340
11022219000,s,1340
11022229000,s,1340
11022237000,s,1340
11022245000,s,1340
11022255000,s,1340
11022262000,s,1340
11022261000,r,1440
11022286000,s,1340
11022261000,r,1440
11022296000,s,1340
11022423000,s,1340
11022547000,s,1340
11022570000,s,1340
11022626000,s,1340
11023859000,s,1340
11023983000,s,1340
11024004000,s,1340
11024140000,s,1340
11024250000,s,1340
11024299000,r,1440
11024299000,r,1440
11024299000,r,1440
11024299000,r,1440
11024299000,r,1440
11024299000,r,1440
11024299000,r,1440
11024299000,r,1440
11024376000,r,1440
11024376000,s,1340
11024376000,r,1440
11024376000,r,1440
11024571000,s,1340
11024612000,s,1340
11024670000,s,1340
11024712000,s,1340
11024876000,s,1340
11024987000,s,1340
11025069000,s,1340
11025145000,s,1340
11025218000,s,1340
11027961000,r,1440
11027961000,r,1440
11028569000,r,1440
11028569000,r,1440
11028569000,r,1440
11028569000,r,1440
11028995000,s,1340
11029045000,s,1340
11029056000,s,1340
11029065000,s,1340
11029082000,s,1340
11029166000,r,1440
11029166000,r,1440
11029166000,r,1440
11029166000,r,1440
11029167000,r,1440
11029167000,r,1440
11029293000,s,1340
11029394000,s,1340
11029427000,s,1340
11029593000,r,1440
11029594000,r,1440
11029594000,r,1440
11029594000,r,1440
11029762000,s,1340
11029810000,s,1340
11029831000,s,1340
11029842000,s,1340
11029854000,s,1340
11030058000,s,1340
11030284000,s,1340
11031608000,r,1440
11031608000,r,1440
11031608000,r,1440
11031609000,r,1440
11031609000,r,1440
11031609000,r,1440
11031609000,r,1440
11031609000,r,1440
11031686000,r,1440
11031686000,r,1440
11031686000,r,1440
11031686000,r,1440
11031686000,r,1440
11031686000,r,1440
11031686000,r,1440
11031686000,r,1440
11031719000,r,1440
11032053000,s,1340
11032093000,s,1340
11032131000,s,1340
11032154000,s,1340
11032168000,s,1340
11032183000,s,1340
11032192000,s,1340
11032207000,s,1340
11032218000,s,1340
11032260000,s,1340
11032960000,s,1340
11033964000,s,1340
11034032000,s,1340
11034613000,s,1340
11034742000,s,1340
11035419000,s,1340
11036228000,s,1340
11036331000,s,1340
11036506000,s,1340
11036649000,s,1340
11036812000,s,1340
11037024000,s,1340
11037249000,r,1440
11037249000,r,1440
11037249000,r,1440
11037250000,r,1440
11037250000,r,1440
11037250000,r,1440
11037250000,r,1440
11037250000,r,1440
11037338000,r,1440
11037338000,r,1440
11037775000,r,1440
11037775000,r,1440
11037775000,r,1440
11037776000,r,1440
11037776000,r,1440
11037776000,r,1440
11037776000,r,1440
11037776000,r,1440
11038354000,r,1440
11038354000,r,1440
11038354000,r,1440
11038355000,r,1440
11038355000,r,1440
11038355000,r,1440
11038355000,r,1440
11038355000,r,1440
11038389000,r,1440
11038474000,s,1340
11038569000,s,1340
11038654000,s,1340
11038729000,s,1340
11038812000,s,1340
11038894000,s,1340
11038973000,s,1340
11039050000,s,1340
11039129000,s,1340
11039210000,s,1340
11039284000,s,1340
11039376000,s,1340
11039462000,s,1340
11039545000,s,1340
11039627000,s,1340
11039706000,s,1340
11039805000,s,1340
11039898000,s,1340
11039979000,s,1340
11040047000,s,1340
11040117000,s,1340
11040192000,s,1340
11040268000,s,1340
11040500000,s,1340
11040600000,s,1340
11040774000,s,1340
11040820000,r,1440
11040821000,r,1440
11040821000,r,1440
11040821000,r,1440
11040821000,r,1440
11040821000,r,1440
11040821000,r,1440
11040961000,s,1340
11041042000,s,1340
11041213000,s,1340
11041311000,s,1340
11041394000,s,1340
11041473000,s,1340
11041548000,s,1340
11042261000,s,1340
11042389000,s,1340
11042617000,s,1340
11042810000,s,1340
11042986000,s,1340
11043191000,s,1340
11043255000,s,1340
11043717000,s,1340
11043900000,s,1340
11044024000,s,1340
11044133000,s,1340
11044255000,s,1340
11044364000,s,1340
11044426000,s,1340
11044485000,s,1340
11044745000,s,1340
11044838000,s,1340
11045631000,s,1340
11045778000,s,1340
11045859000,s,1340
11046004000,s,1340
11046561000,r,1440
11046561000,r,1440
11046561000,r,1440
11046561000,r,1440
11046561000,r,1440
11046561000,r,1440
11046561000,r,1440
11046561000,r,1440
11046676000,r,1440
11046676000,r,1440
11046676000,r,1440
11046757000,r,1440
11046757000,r,1440
11046757000,r,1440
11046757000,r,1440
11046757000,r,1440
11046758000,r,1440
11046758000,r,1440
11046758000,r,1440
11046799000,r,1440
11046799000,r,1440
11046841000,s,1340
11046976000,s,1340
11047080000,s,1340
11047172000,s,1340
11047181000,r,1440
11047181000,r,1440
11047267000,s,1340
11047362000,s,1340
11047447000,s,1340
11047507000,r,1440
11047507000,r,1440
11047507000,r,1440
11047525000,s,1340
11047507000,r,1440
11047648000,s,1340
11047691000,s,1340
11047895000,s,1340
11048191000,s,1340
11048613000,s,1340
11048703000,s,1340
11048791000,s,1340
11048788000,r,1440
11048788000,r,1440
11048788000,r,1440
11048788000,r,1440
11048876000,s,1340
11048960000,s,1340
11049037000,s,1340
11049114000,s,1340
11049188000,s,1340
11049266000,s,1340
11049353000,s,1340
11049433000,s,1340
11049513000,s,1340
11049592000,s,1340
11049674000,s,1340
11049750000,s,1340
11049832000,s,1340
11049912000,s,1340
11049993000,s,1340
11055751000,r,1440
11055751000,r,1440
11055751000,r,1440
11055751000,r,1440
11055751000,r,1440
11055751000,r,1440
11055751000,r,1440
11055751000,r,1440
11055849000,r,1440
11055849000,r,1440
11055849000,r,1440
11055849000,r,1440
11055850000,r,1440
11055850000,r,1440
11055850000,r,1440
11055850000,r,1440
11055881000,r,1440
11055881000,r,1440
11055881000,r,1440
11055881000,r,1440
11055882000,r,1440
11055882000,r,1440
11055882000,r,1440
11055882000,r,1440
11055912000,r,1440
11055912000,r,1440
11055912000,r,1440
11055912000,r,1440
11056129000,r,1440
11056129000,r,1440
11056277000,s,1340
11056421000,s,1340
11056483000,s,1340
11056601000,s,1340
11056713000,s,1340
11056758000,s,1340
11056781000,s,1340
11057008000,s,1340
11057054000,r,1440
11057054000,r,1440
11057115000,s,1340
11057206000,s,1340
11057296000,s,1340
11057393000,s,1340
11057484000,s,1340
11057569000,s,1340
11057656000,s,1340
11057740000,s,1340
11057829000,s,1340
11057882000,r,1440
11057882000,r,1440
11057920000,s,1340
11057882000,r,1440
11057882000,r,1440
11057883000,r,1440
11057883000,r,1440
11057883000,r,1440
11057883000,r,1440
11058008000,s,1340
11058094000,s,1340
11058270000,s,1340
11058368000,s,1340
11058459000,s,1340
11058544000,s,1340
11058622000,s,1340
11058707000,s,1340
11058802000,s,1340
11058889000,s,1340
11058992000,s,1340
11059082000,s,1340
11059167000,s,1340
11059255000,s,1340
11059310000,s,1340
11059362000,s,1340
11059420000,s,1340
11059545000,s,1340
11059647000,s,1340
11062731000,r,1440
11062731000,r,1440
11062731000,r,1440
11062732000,r,1440
11062732000,r,1440
11063382000,s,1340
11063443000,s,1340
11063605000,r,1440
11063622000,s,1340
11063605000,r,1440
11063605000,r,1440
11063606000,r,1440
11063606000,r,1440
11063606000,r,1440
11063740000,r,1440
11063740000,r,1440
11063740000,r,1440
11063740000,r,1440
11064067000,r,1440
11064067000,r,1440
11064217000,s,1340
11064302000,s,1340
11064433000,s,1340
11064504000,s,1340
11064588000,s,1340
11064778000,r,1440
11064834000,s,1340
11064778000,r,1440
11065363000,s,1340
11069393000,r,1440
11069393000,r,1440
11069393000,r,1440
11069393000,r,1440
11069393000,r,1440
11069393000,r,1440
11069393000,r,1440
11069394000,r,1440
11069499000,r,1440
11069499000,r,1440
11069499000,r,1440
11069499000,r,1440
11069500000,r,1440
11069500000,r,1440
11069500000,r,1440
11069500000,r,1440
11069539000,r,1440
11069539000,r,1440
11069539000,r,1440
11069539000,r,1440
11069539000,r,1440
11069539000,r,1440
11070002000,s,1340
11070141000,s,1340
11070255000,s,1340
11070369000,s,1340
11070481000,s,1340
11070585000,s,1340
11070691000,s,1340
11070783000,s,1340
11071673000,r,1440
11071673000,r,1440
11071673000,r,1440
11071673000,r,1440
11071673000,r,1440
11071674000,r,1440
11071674000,r,1440
11071674000,r,1440
11071740000,r,1440
11071740000,r,1440
11071740000,r,1440
11071740000,r,1440
11071740000,r,1440
11071741000,r,1440
11071741000,r,1440
11071741000,r,1440
11071777000,r,1440
11071777000,r,1440
11071777000,r,1440
11071777000,r,1440
11071778000,r,1440
11071778000,r,1440
11071778000,r,1440
11071778000,r,1440
11071828000,r,1440
11071828000,r,1440
11071828000,r,1440
11071828000,r,1440
11072301000,s,1340
11072342000,s,1340
11072559000,s,1340
11074716000,r,1440
11074716000,r,1440
11074716000,r,1440
11074716000,r,1440
11074716000,r,1440
11075049000,s,1340
11075324000,s,1340
11075522000,r,1440
11076917000,r,1440
11076917000,r,1440
11076917000,r,1440
11076917000,r,1440
11076917000,r,1440
11076917000,r,1440
11076918000,r,1440
11077475000,r,1440
11077476000,r,1440
11077476000,r,1440
11077476000,r,1440
11077476000,r,1440
11077476000,r,1440
11077786000,r,1440
11077786000,r,1440
11077786000,r,1440
11077787000,r,1440
11078091000,s,1340
11078153000,s,1340
11078180000,s,1340
11078194000,s,1340
11078443000,s,1340
11078491000,s,1340
11078513000,s,1340
11078527000,s,1340
11079656000,s,1340
11079714000,s,1340
11079732000,s,1340
11079744000,s,1340
11079756000,s,1340
11080015000,r,1440
11080016000,r,1440
11080016000,r,1440
11080016000,r,1440
11080016000,r,1440
11080016000,r,1440
11080016000,r,1440
11080017000,r,1440
11080173000,r,1440
11080547000,s,1340
11080603000,s,1340
11080621000,s,1340
11080747000,s,1340
11081824000,r,1440
11081824000,r,1440
11082418000,s,1340
11083365000,r,1440
11083365000,r,1440
11083366000,r,1440
11083366000,r,1440
11083366000,r,1440
11083366000,r,1440
11083366000,r,1440
11083366000,r,1440
11083482000,r,1440
11083482000,r,1440
11083482000,r,1440
11083482000,r,1440
11083482000,r,1440
11083782000,s,1340
11084012000,s,1340
11084131000,s,1340
11084249000,s,1340
11084359000,s,1340
11084473000,s,1340
11084582000,s,1340
11084708000,s,1340
11084817000,s,1340
11084933000,s,1340
11085043000,s,1340
11085158000,s,1340
11085213000,r,1440
11085213000,r,1440
11085213000,r,1440
11085213000,r,1440
11085283000,s,1340
11085213000,r,1440
11085214000,r,1440
11085413000,s,1340
11085537000,s,1340
11085657000,s,1340
11086014000,s,1340
11086125000,s,1340
11086223000,s,1340
11086688000,s,1340
11087215000,s,1340
11087345000,s,1340
11087460000,s,1340
11087563000,s,1340
11087779000,s,1340
11087992000,s,1340
11088112000,s,1340
11088224000,s,1340
11088340000,s,1340
11088449000,s,1340
11088685000,s,1340
11088839000,s,1340
11089068000,s,1340
11089185000,s,1340
11089380000,s,1340
11089513000,s,1340
11089779000,s,1340
11089901000,s,1340
11090181000,s,1340
11090309000,s,1340
11090556000,s,1340
11090775000,s,1340
11090897000,s,1340
11090998000,s,1340
11091115000,s,1340
11091223000,s,1340
11091324000,s,1340
11091431000,s,1340
11091544000,s,1340
11091659000,s,1340
11091766000,s,1340
11092147000,r,1440
11092158000,s,1340
11092148000,r,1440
11092148000,r,1440
11092148000,r,1440
11092148000,r,1440
11092267000,s,1340
11092148000,r,1440
11092149000,r,1440
11092149000,r,1440
11092306000,r,1440
11092307000,r,1440
11092307000,r,1440
11092307000,r,1440
11092307000,r,1440
11092307000,r,1440
11092308000,r,1440
11092308000,r,1440
11092365000,r,1440
11092368000,s,1340
11092365000,r,1440
11092365000,r,1440
11092366000,r,1440
11092366000,r,1440
11092366000,r,1440
11092366000,r,1440
11092366000,r,1440
11092415000,r,1440
11092687000,s,1340
11092796000,s,1340
11092895000,s,1340
11092974000,s,1340
11093048000,s,1340
11093130000,s,1340
11093311000,s,1340
11093433000,s,1340
11093524000,s,1340
11093604000,s,1340
11093785000,s,1340
11093871000,s,1340
11093968000,s,1340
11094039000,s,1340
11094102000,s,1340
11094167000,s,1340
11094234000,s,1340
11094346000,s,1340
11094437000,s,1340
11094514000,s,1340
11094730000,s,1340
11096314000,r,1440
11096314000,r,1440
11096314000,r,1440
11096314000,r,1440
11096314000,r,1440
11096314000,r,1440
11096314000,r,1440
11096315000,r,1440
11096462000,r,1440
11096462000,r,1440
11096462000,r,1440
11096462000,r,1440
11096462000,r,1440
11096462000,r,1440
11096463000,r,1440
11096463000,r,1440
11096506000,r,1440
11096506000,r,1440
11097088000,s,1340
11097201000,s,1340
11097378000,s,1340
11097484000,s,1340
11097577000,s,1340
11097661000,s,1340
11097741000,s,1340
11105148000,r,1440
11105148000,r,1440
11105148000,r,1440
11105148000,r,1440
11105148000,r,1440
11105149000,r,1440
11105149000,r,1440
11105149000,r,1440
11105370000,r,1440
11105370000,r,1440
11105370000,r,1440
11105371000,r,1440
11105371000,r,1440
11105371000,r,1440
11105371000,r,1440
11105371000,r,1440
11105436000,r,1440
11105436000,r,1440
11105436000,r,1440
11105436000,r,1440
11105437000,r,1440
11105437000,r,1440
11105437000,r,1440
11105437000,r,1440
11105505000,r,1440
11105506000,r,1440
11105506000,r,1440
11105506000,r,1440
11105506000,r,1440
11105506000,r,1440
11105507000,r,1440
11105507000,r,1440
11105566000,r,1440
11105566000,r,1440
11105567000,r,1440
11105567000,r,1440
11105567000,r,1440
11105567000,r,1440
11105567000,r,1440
11105568000,r,1440
11106191000,r,1440
11106191000,r,1440
11106191000,r,1440
11106192000,r,1440
11106192000,r,1440
11106192000,r,1440
11106192000,r,1440
11106192000,r,1440
11106537000,s,1340
11106609000,s,1340
11106632000,s,1340
11106654000,s,1340
11106690000,s,1340
11106708000,s,1340
11106724000,s,1340
11106905000,s,1340
11107064000,s,1340
11107191000,s,1340
11107321000,s,1340
11107434000,s,1340
11109114000,r,1440
11109114000,r,1440
11109114000,r,1440
11109115000,r,1440
11109115000,r,1440
11109115000,r,1440
11109115000,r,1440
11109115000,r,1440
11109308000,r,1440
11109308000,r,1440
11109308000,r,1440
11109308000,r,1440
11110541000,s,1340
11110770000,s,1340
11110852000,s,1340
11110930000,s,1340
11111028000,s,1340
11111091000,s,1340
11114173000,s,1340
11118891000,r,1440
11118891000,r,1440
11118891000,r,1440
11118892000,r,1440
11118892000,r,1440
11118892000,r,1440
11118892000,r,1440
11118892000,r,1440
11119125000,r,1440
11119125000,r,1440
11119125000,r,1440
11119125000,r,1440
11119126000,r,1440
11119126000,r,1440
11119126000,r,1440
11119126000,r,1440
11119177000,r,1440
11119177000,r,1440
11119178000,r,1440
11119198000,r,1440
11120174000,s,1340
11120218000,r,1440
11120242000,s,1340
11120269000,s,1340
11120282000,s,1340
11120295000,s,1340
11120308000,s,1340
11120581000,s,1340
11121212000,r,1440
11123888000,r,1440
11125511000,r,1440
11125511000,r,1440
11126005000,s,1340
11127104000,r,1440
11127105000,r,1440
11127597000,s,1340
11129563000,r,1440
11129931000,s,1340
11130142000,s,1340
11130825000,r,1440
11130825000,r,1440
11134591000,r,1440
11134591000,r,1440
11134959000,s,1340
11135019000,s,1340
11139590000,r,1440
11139590000,r,1440
11142471000,r,1440
11143319000,s,1340
11143840000,r,1440
11147847000,r,1440
11148419000,r,1440
11148756000,s,1340
11149336000,s,1340
11151872000,r,1440
11154577000,r,1440
11154578000,r,1440
11155860000,s,1340
11163448000,r,1440
11163448000,r,1440
11165629000,s,1340
11167842000,r,1440
11167842000,r,1440
11168981000,r,1440
11168981000,r,1440
11169789000,s,1340
11171853000,r,1440
11172670000,s,1340
11183846000,r,1440
11183846000,r,1440
11183846000,r,1440
11183847000,r,1440
11184229000,r,1440
11185376000,s,1340
11185468000,r,1440
11185559000,s,1340
11187561000,r,1440
11191812000,r,1440
11192213000,r,1440
11192373000,s,1340
11194626000,r,1440
11195386000,s,1340
11198995000,r,1440
11198996000,r,1440
11199651000,s,1340
11203855000,r,1440
11206792000,r,1440
11206792000,r,1440
11207156000,s,1340
11207239000,s,1340
11207867000,r,1440
11212483000,r,1440
11212483000,r,1440
11213656000,s,1340
11214492000,r,1440
11219361000,r,1440
11219362000,r,1440
11220791000,s,1340
11221024000,s,1340
11221957000,r,1440
11223869000,r,1440
11225601000,r,1440
11226358000,s,1340
11230415000,r,1440
11230415000,r,1440
11231247000,s,1340
11232171000,r,1440
11232699000,s,1340
11234873000,r,1440
11234874000,r,1440
11237838000,r,1440
11237839000,r,1440
11238363000,r,1440
11238560000,s,1340
11238707000,s,1340
11240076000,r,1440
11241560000,r,1440
11241561000,r,1440
11242171000,s,1340
11246366000,r,1440
11246366000,r,1440
11246366000,r,1440
11246367000,r,1440
11247468000,s,1340
11247701000,s,1340
11248894000,r,1440
11248894000,r,1440
11251448000,r,1440
11251449000,r,1440
11252412000,s,1340
11253598000,r,1440
11253598000,r,1440
11253598000,r,1440
11254446000,s,1340
11254704000,s,1340
11255870000,r,1440
11255870000,r,1440
11258352000,r,1440
11258353000,r,1440
11259312000,s,1340
11262509000,r,1440
11262509000,r,1440
11262509000,r,1440
11263112000,s,1340
11263274000,s,1340
11279374000,r,1440
11279374000,r,1440
11279374000,r,1440
11280834000,s,1340
11280967000,s,1340
11778236000,r,1440
11778236000,r,1440
11778237000,r,1440
11778237000,r,1440
11778237000,r,1440
11778238000,r,1440
11778238000,r,1440
11778239000,r,1440
11779089000,r,1440
11779089000,r,1440
11779090000,r,1440
11779090000,r,1440
11779091000,r,1440
11779091000,r,1440
11779092000,r,1440
11779092000,r,1440
11779396000,r,1440
11780001000,r,1440
11781316000,r,1440
11782685000,s,1340
11783155000,s,1340
11783439000,s,1340
11783701000,s,1340
11783872000,r,1440
11787938000,r,1440
11787938000,r,1440
11789776000,s,1340
11790071000,r,1440
11790824000,r,1440
11792091000,s,1340
11794642000,r,1440
11794642000,r,1440
11795948000,s,1340
11799636000,r,1440
11799637000,r,1440
11803857000,r,1440
11805383000,s,1340
11805775000,s,1340
11805955000,r,1440
11805956000,r,1440
11810400000,r,1440
11810401000,r,1440
11811988000,s,1340
11815009000,r,1440
11815009000,r,1440
11816417000,s,1340
11819860000,r,1440
11821141000,s,1340
11822836000,r,1440
11822836000,r,1440
11826861000,r,1440
11826861000,r,1440
11828499000,s,1340
11829067000,s,1340
11831857000,r,1440
11834957000,r,1440
11834958000,r,1440
11836464000,s,1340
11838859000,r,1440
11838859000,r,1440
11840374000,s,1340
11843236000,r,1440
11843236000,r,1440
11844767000,s,1340
11847860000,r,1440
11850741000,r,1440
11850741000,r,1440
11852444000,s,1340
11852776000,s,1340
11914572000,r,1440
11914573000,r,1440
11914573000,r,1440
11914574000,r,1440
11914574000,r,1440
11914575000,r,1440
11914575000,r,1440
11914576000,r,1440
11915040000,r,1440
11915041000,r,1440
11915041000,r,1440
11915042000,r,1440
11915042000,r,1440
11917631000,s,1340
11917971000,s,1340
11918196000,s,1340
12391944000,r,1440
12391945000,r,1440
12391945000,r,1440
12391946000,r,1440
12396170000,s,1340
14236295000,r,1440
14238232000,s,1340
16128247000,r,1440
16128247000,r,1440
16128248000,r,1440
16128248000,r,1440
16128249000,r,1440
16128249000,r,1440
16128250000,r,1440
16128250000,r,1440
16129001000,r,1440
16129001000,r,1440
16132458000,s,1340
16132867000,s,1340
16133129000,s,1340
16133318000,s,1340
16144044000,s,1340
19095924000,r,1440
19095924000,r,1440
19095925000,r,1440
19095925000,r,1440
19095926000,r,1440
19095926000,r,1440
19095927000,r,1440
19095927000,r,1440
19096710000,r,1440
19096711000,r,1440
19096711000,r,1440
19096712000,r,1440
19096712000,r,1440
19096713000,r,1440
19096713000,r,1440
19096714000,r,1440
19096853000,r,1440
19098363000,s,1340
19098556000,s,1340
19098620000,s,1340
19098660000,s,1340
19098694000,s,1340
19105304000,s,1340
19108267000,s,1340
19159333000,r,1440
19159334000,r,1440
19159334000,r,1440
19162463000,r,1440
19162670000,s,1340
24872758000,s,1340
24910315000,s,1340
24910734000,s,1340
24929457000,r,1440
24931464000,r,1440
28212390000,r,1440
28214940000,s,1340
28229942000,r,1440
28229942000,r,1440
28229942000,r,1440
28233049000,s,1340
28233381000,s,1340
28243932000,r,1440
28243932000,r,1440
28247936000,r,1440
28249713000,s,1340
29132339000,r,1440
29132340000,r,1440
29132340000,r,1440
29132341000,r,1440
29132341000,r,1440
29132342000,r,1440
29132342000,r,1440
29132343000,r,1440
29132838000,r,1440
29132838000,r,1440
29132839000,r,1440
29132839000,r,1440
29135260000,s,1340
29136020000,s,1340
29136283000,s,1340
29136602000,s,1340
29137176000,s,1340
29137500000,s,1340
29147657000,s,1340
29152251000,r,1440
29152252000,r,1440
33488322000,r,1440
33491744000,s,1340