0,s,156
37249000,s,156
37745000,s,156
61929000,r,156
4048186000,s,124
4083366000,s,124
4083792000,s,124
4083893000,s,124
4083938000,s,124
4104409000,r,236
4104409000,r,172
4104409000,r,236
4108916000,s,124
4121201000,r,124
4122129000,s,124
4122439000,s,1340
4122477000,s,780
4132903000,r,124
4135856000,r,364
4137258000,s,124
4176662000,s,188
4177430000,s,204
4178259000,s,652
4179382000,s,1340
4179518000,s,1340
4180109000,s,172
4188858000,r,204
4188858000,r,172
4189651000,s,124
4190012000,s,124
4190207000,s,156
4193826000,r,1372
4193826000,r,1372
4199158000,s,1340
4199307000,s,188
4200644000,r,124
4200743000,s,316
4200904000,s,396
4214323000,r,1340
4214324000,r,1340
4214324000,r,1340
4214324000,r,1340
4214324000,r,1340
4214325000,r,1340
4214325000,r,1340
4214325000,r,1340
4214531000,r,1340
4214531000,r,972
4214531000,r,124
4214532000,r,124
4215668000,s,124
4215834000,s,124
4215960000,s,124
4216080000,s,124
4216199000,s,124
4235131000,r,380
4239921000,s,460
4240425000,r,124
4242484000,s,140
4249427000,s,124
4249746000,s,124
4250248000,s,124
4250292000,s,364
4256106000,r,204
4256106000,r,140
4256107000,r,204
4259116000,s,124
4259857000,r,124
4261124000,r,1340
4263053000,r,1340
4263053000,r,380
4263481000,r,396
4263482000,r,1340
4263668000,s,124
4263978000,s,124
4264195000,r,1340
4264195000,r,1340
4264195000,r,1340
4264196000,r,1340
4264196000,r,1340
4264196000,r,1340
4264330000,r,1340
4264330000,r,1340
4264330000,r,1340
4265054000,s,124
4265422000,s,124
4265567000,s,124
4267169000,r,1340
4267207000,s,124
4267169000,r,1340
4267169000,r,1340
4267169000,r,1340
4267169000,r,1340
4267170000,r,1340
4267545000,s,124
4267569000,s,124
4267585000,s,124
4269497000,r,124
4270039000,s,124
4272485000,s,1340
4273114000,s,796
4273537000,r,1180
4273857000,s,124
4283065000,r,124
4283066000,r,124
4285548000,r,364
4286002000,s,124
4297423000,s,188
4298805000,s,668
4308214000,r,124
4308214000,r,204
4309572000,r,124
4322440000,r,1340
4322440000,r,1340
4322440000,r,1340
4322440000,r,1340
4322440000,r,1340
4322440000,r,1340
4322440000,r,1340
4322441000,r,1340
4323523000,s,124
4323583000,s,124
4323594000,s,124
4323603000,s,124
4336845000,r,1340
4336845000,r,1340
4336845000,r,1340
4336845000,r,1340
4336845000,r,1340
4336845000,r,1340
4336845000,r,1340
4336846000,r,1340
4337503000,r,1340
4337503000,r,1340
4337503000,r,428
4338896000,s,124
4339043000,s,124
4339067000,s,124
4339085000,s,124
4339099000,s,124
4339110000,s,124
4422345000,s,1340
4423227000,s,300
4428935000,s,412
4429130000,s,364
4439528000,r,124
4439528000,r,124
4439528000,r,124
4488403000,r,380
4529996000,s,124
5282150000,r,1340
5282150000,r,1340
5282151000,r,1340
5282151000,r,956
5282152000,r,956
5282152000,r,1340
5286178000,s,124
5286843000,s,124
5287118000,s,124
5287314000,s,124
7338067000,r,1340
7338067000,r,1340
7338068000,r,1340
7338068000,r,1340
7338069000,r,1340
7338069000,r,1340
7338070000,r,1244
7338070000,r,1340
7338964000,r,1340
7338965000,r,1340
7343142000,s,124
7343982000,s,124
7344358000,s,124
7344681000,s,124
7344913000,s,124
7345244000,s,124
7345437000,s,124
7345765000,s,124
7345968000,s,124
7346161000,s,124
7359818000,r,1340
7359818000,r,1340
7359819000,r,1340
7359819000,r,1340
7359820000,r,1340
7359820000,r,1340
7359821000,r,1340
7359821000,r,1340
7360208000,r,1340
7360208000,r,1340
7360209000,r,1340
7360209000,r,1340
7360353000,r,1340
7360354000,r,1340
7360354000,r,1340
7361578000,r,1340
7361579000,r,1340
7361579000,r,1340
7361580000,r,1340
7361580000,r,1340
7362392000,s,124
7362732000,s,124
7363160000,s,124
7363475000,s,124
7363756000,s,124
7363994000,s,124
7364163000,s,124
7364312000,s,124
7364512000,s,124
7364735000,s,124
7365083000,s,124
7365676000,s,124
7365966000,s,124
7366581000,s,124
7366858000,s,124
7367106000,s,124
7367355000,s,124
7367592000,s,124
7367815000,s,124
7368027000,s,124
7377617000,r,1340
7377618000,r,1340
7377618000,r,1340
7377618000,r,1340
7377619000,r,1340
7377619000,r,1340
7377620000,r,1340
7377620000,r,1340
7378079000,r,1340
7378079000,r,1340
7378080000,r,1340
7378080000,r,1340
7378081000,r,1340
7378081000,r,1340
7378082000,r,1340
7378082000,r,1340
7378236000,r,1340
7378237000,r,1340
7378237000,r,1340
7378238000,r,1340
7378238000,r,1340
7378239000,r,1340
7378239000,r,1340
7378240000,r,1340
7379360000,r,1340
7379360000,r,1340
7379361000,r,1340
7379361000,r,1340
7379362000,r,1340
7379362000,r,1340
7379363000,r,1340
7379363000,r,1340
7379710000,r,1340
7379710000,r,988
7381433000,s,124
7381956000,s,124
7382244000,s,124
7382958000,s,124
7383309000,s,124
7383646000,s,124
7383992000,s,124
7384329000,s,124
7384692000,s,124
7384981000,s,124
7386401000,s,124
7386750000,s,124
7387005000,s,124
7387243000,s,124
7387492000,s,124
7387737000,s,124
7387929000,s,124
7388130000,s,124
7388321000,s,124
7388472000,s,124
7388600000,s,124
7388734000,s,124
7388916000,s,124
7389121000,s,124
7389300000,s,124
7389489000,s,124
7389759000,s,124
7390064000,s,124
7390363000,s,124
7390509000,s,124
7390646000,s,124
7390840000,s,124
7390979000,s,124
7391127000,s,124
9140143000,s,108
9538106000,r,140
9538107000,r,124
9542783000,s,124
9549982000,r,124
9551868000,s,124
15126701000,s,156
15160923000,s,156
15161809000,s,156
15181328000,r,156
17370031000,r,156
17370032000,r,140
17370032000,r,140
17373014000,s,124
17374206000,s,124
17376222000,s,124
17389656000,r,124
23243340000,s,156
23281495000,s,156
23282246000,s,156
23301681000,r,156