0,s,140
39774000,s,140
40240000,s,140
829113000,r,140
829114000,r,124
829114000,r,124
830738000,s,124
830931000,s,140
831127000,s,124
831229000,s,124
842182000,r,108
842183000,r,108
842183000,r,108
2069072000,s,124
2119742000,s,124
2120412000,s,124
2141789000,r,124
2143041000,s,124
2146639000,s,1340
2146785000,s,748
2157753000,s,108
2159618000,r,124
2159619000,r,364
2161180000,s,124
2163518000,s,188
2164453000,s,204
2165761000,s,652
2175894000,r,204
2175894000,r,172
2177782000,s,124
2178349000,s,156
2188338000,r,124
2197586000,r,1340
2197586000,r,1340
2197587000,r,1340
2197587000,r,1340
2197588000,r,1340
2197588000,r,1340
2197588000,r,1340
2197589000,r,1340
2197877000,r,1340
2197878000,r,972
2198830000,s,124
2199123000,s,124
2200184000,s,124
2200314000,s,124
2200520000,s,124
2239046000,s,156
2239133000,s,156
2245746000,r,172
2245747000,r,188
2267422000,s,460
2267580000,s,364
2270229000,s,1340
2270562000,s,1340
2271234000,s,172
2278626000,r,124
2283630000,r,396
2283630000,r,1340
2283631000,r,1340
2283631000,r,1340
2284621000,s,124
2284776000,s,124
2287764000,r,1340
2287765000,r,1340
2287765000,r,1340
2287766000,r,1340
2287766000,r,1340
2287766000,r,1340
2287767000,r,1340
2287767000,r,1340
2287959000,r,1340
2287960000,r,1340
2287960000,r,508
2287961000,r,1340
2287961000,r,1340
2287962000,r,1340
2287962000,r,796
2287962000,r,1340
2288083000,r,1372
2288083000,r,1372
2288850000,s,124
2288949000,s,124
2289042000,s,124
2289091000,s,124
2289129000,s,124
2289196000,s,124
2289228000,s,124
2289259000,s,124
2295501000,r,1340
2295501000,r,380
2296624000,s,124
2306478000,s,1340
2306595000,s,188
2307405000,s,316
2307765000,s,396
2313067000,r,124
2319438000,s,124
2321073000,r,124
2324462000,r,124
2331151000,r,124
2331858000,s,124
2335279000,s,1340
2335325000,s,700
2338740000,r,380
2347276000,r,124
2347277000,r,124
2347277000,r,364
2347277000,r,124
2348271000,s,124
2348328000,s,140
2351668000,s,188
2354441000,s,668
2362243000,r,124
2362244000,r,204
2364788000,r,124
2374863000,r,1340
2374863000,r,1340
2374864000,r,1340
2374864000,r,1340
2374865000,r,1340
2374865000,r,1340
2374865000,r,1340
2374866000,r,1340
2376049000,s,124
2376685000,s,124
2376759000,s,124
2376813000,s,124
2391492000,r,1340
2391492000,r,1340
2391493000,r,1340
2391493000,r,1340
2391493000,r,1340
2391494000,r,1340
2391494000,r,1340
2391495000,r,1340
2391856000,r,1340
2391857000,r,1340
2391857000,r,428
2392512000,s,124
2392612000,s,124
2392655000,s,124
2392968000,s,124
2393145000,s,124
2393196000,s,124
3002162000,s,1340
3039844000,s,1340
3040247000,s,1340
3040331000,s,300
3040351000,s,300
3040364000,s,412
3040373000,s,364
3062341000,r,124
3062342000,r,124
3062342000,r,124
3102827000,r,124
3142925000,r,380
3186238000,s,124
3347952000,r,1340
3347952000,r,1340
3347953000,r,1340
3347953000,r,956
3347954000,r,956
3350003000,s,124
3350272000,s,124
3350428000,s,124
5003312000,s,140
5044193000,s,140
5044608000,s,140
5118647000,s,124
5134532000,r,140
5134532000,r,124
5134985000,s,108
5135024000,s,108
5225611000,s,124
5225689000,s,140
5496089000,r,1340
5496089000,r,1340
5496090000,r,1340
5496090000,r,1340
5496090000,r,1340
5496090000,r,1340
5496996000,r,1244
5496996000,r,1340
5496996000,r,1340
5496996000,r,1340
5496996000,r,1340
5497597000,s,124
5497927000,s,124
5497975000,s,124
5498000000,s,124
5498018000,s,124
5498032000,s,124
5499897000,s,124
5500002000,s,124
5500041000,s,124
5500056000,s,124
5500069000,s,124
5510819000,r,1340
5510819000,r,1340
5510819000,r,1340
5510819000,r,1340
5510819000,r,1340
5510820000,r,1340
5510820000,r,1340
5510820000,r,1340
5511015000,r,1340
5511016000,r,1340
5511016000,r,1340
5511016000,r,1340
5511016000,r,1340
5511016000,r,1340
5511016000,r,1340
5511572000,s,124
5511778000,s,124
5511887000,s,124
5511926000,s,124
5511952000,s,124
5511969000,s,124
5511985000,s,124
5512001000,s,124
5512023000,s,124
5512098000,r,1340
5512098000,r,1340
5512173000,s,124
5512098000,r,1340
5512098000,r,1340
5512098000,r,1340
5512099000,r,1340
5512320000,s,124
5512447000,s,124
5512548000,s,124
5512649000,s,124
5512725000,s,124
5512796000,s,124
5512863000,s,124
5513131000,s,124
5513172000,s,124
5513188000,s,124
5513200000,s,124
5522999000,r,1340
5522999000,r,1340
5522999000,r,1340
5522999000,r,1340
5522999000,r,1340
5524109000,s,124
5524192000,r,1340
5524192000,r,1340
5524192000,r,1340
5524193000,r,1340
5524193000,r,1340
5524193000,r,1340
5524265000,s,124
5524193000,r,1340
5524193000,r,1340
5524294000,r,1340
5524294000,r,1340
5524294000,r,1340
5524295000,r,1340
5524295000,r,1340
5524295000,r,1340
5524295000,r,1340
5524295000,r,1340
5524338000,r,1340
5524338000,r,1340
5524346000,s,124
5524429000,s,124
5524536000,s,124
5524578000,r,1340
5524578000,r,1340
5524578000,r,1340
5525435000,s,124
5525483000,r,1340
5525524000,s,124
5525483000,r,1340
5525551000,s,124
5525483000,r,1340
5525483000,r,1340
5525565000,s,124
5525484000,r,1340
5525484000,r,956
5525580000,s,124
5525781000,s,124
5525999000,s,124
5526046000,s,124
5526266000,s,124
5526575000,s,124
5526636000,s,124
5526711000,s,124
5527111000,s,124
5527145000,s,124
5527352000,s,124
5527580000,s,124
5527724000,s,124
5527853000,s,124
5527979000,s,124
5528171000,s,124
5528372000,s,124
5528485000,s,124
5528789000,s,124
5528902000,s,124
5529422000,s,124
5530768000,s,124
5530872000,s,124
5532255000,s,124
5544660000,r,140
5544661000,r,124
5545958000,s,108
5546033000,s,108
10008627000,s,140
11131408000,s,156
11172026000,s,156
11172467000,s,156
11193141000,r,156
15013464000,s,140
15054502000,s,140
15054961000,s,140
17232333000,s,156
17278412000,s,156
17280787000,s,156
17296824000,r,156
18288006000,s,108
18327710000,s,108
18328160000,s,108
23346581000,s,156
23384003000,s,156
23384442000,s,156
23402939000,r,156