0,s,1340
59000,s,1340
13534000,r,1440
13534000,r,1440
14469000,r,1440
14622000,s,1340
4910845000,s,1340
4953275000,s,1340
4953681000,s,1340
4976216000,r,1440
4977818000,s,1340
4983844000,s,1340
4983962000,s,1340
4995256000,r,1440
4995256000,r,1440
4996365000,s,1340
4997982000,s,1340
4998092000,s,1340
4998110000,r,1440
4998307000,s,1340
4998695000,s,1340
4999146000,r,1440
4999292000,s,1340
4999735000,s,1340
4999842000,s,1340
5002429000,s,1340
5002558000,s,1340
5002693000,s,1340
5003609000,s,1340
5003810000,s,1340
5004145000,s,1340
5004308000,s,1340
5004637000,s,1340
5004773000,s,1340
5004846000,s,1340
5005147000,s,1340
5005397000,s,1340
5005564000,s,1340
5005705000,s,1340
5005853000,s,1340
5005927000,s,1340
5006531000,s,1340
5006700000,s,1340
5006747000,s,1340
5006792000,s,1340
5006842000,s,1340
5006886000,s,1340
5006900000,r,1440
5007297000,s,1340
5007797000,r,1440
5011490000,r,1440
5012215000,s,1340
5013022000,r,1440
5013023000,r,1440
5013578000,s,1340
5013984000,s,1340
5014203000,s,1340
5014358000,s,1340
5014516000,r,1440
5014912000,s,1340
5015061000,s,1340
5015444000,r,1440
5015766000,s,1340
5015925000,s,1340
5021506000,r,1440
5022178000,s,1340
5023102000,r,1440
5024987000,r,1440
5024988000,r,1440
5025456000,s,1340
5025556000,s,1340
5025773000,s,1340
5026529000,r,1440
5038003000,r,1440
5038004000,r,1440
5038004000,r,1440
5038005000,r,1440
5038005000,r,1440
5038006000,r,1440
5038006000,r,1440
5038007000,r,1440
5038387000,r,1440
5038387000,r,1440
5039225000,s,1340
5039298000,s,1340
5039323000,s,1340
5039344000,s,1340
5039674000,s,1340
5039795000,s,1340
5039840000,s,1340
5039874000,s,1340
5039904000,s,1340
5040197000,s,1340
5040377000,s,1340
5040529000,s,1340
5040661000,s,1340
5041003000,s,1340
5041336000,s,1340
5041519000,s,1340
5042174000,s,1340
5042295000,s,1340
5042520000,s,1340
5042711000,s,1340
5042982000,s,1340
5043077000,s,1340
5043117000,s,1340
5043308000,s,1340
5043369000,s,1340
5043807000,s,1340
5043860000,s,1340
5043931000,s,1340
5044263000,s,1340
5044366000,s,1340
5044620000,s,1340
5044801000,s,1340
5044922000,s,1340
5045113000,s,1340
5049294000,r,1440
5049294000,r,1440
5049563000,r,1440
5050374000,s,1340
5050520000,s,1340
5051075000,r,1440
5060297000,s,1340
5084310000,s,1340
5084787000,s,1340
5084969000,s,1340
5113695000,r,1440
5113695000,r,1440
5115456000,s,1340
5115779000,s,1340
5115863000,s,1340
5116087000,s,1340
5116252000,s,1340
5116297000,s,1340
5116442000,s,1340
5116523000,s,1340
5116702000,s,1340
5117884000,s,1340
5118103000,s,1340
5118313000,s,1340
5118475000,s,1340
5118569000,s,1340
5118659000,s,1340
5118752000,s,1340
5119155000,s,1340
5119220000,s,1340
5119272000,s,1340
5119319000,s,1340
5119730000,s,1340
5119792000,s,1340
5119836000,s,1340
5120618000,s,1340
5120744000,s,1340
5120821000,s,1340
5121012000,s,1340
5121237000,s,1340
5121335000,s,1340
5121573000,s,1340
5121658000,s,1340
5121778000,s,1340
5121860000,s,1340
5121927000,s,1340
5122131000,s,1340
5122302000,s,1340
5122450000,s,1340
5122671000,s,1340
5123073000,s,1340
5123153000,s,1340
5123253000,s,1340
5123294000,s,1340
5123949000,s,1340
5124030000,s,1340
5124082000,s,1340
5124745000,s,1340
5124798000,s,1340
5124840000,s,1340
5125205000,s,1340
5125364000,s,1340
5125530000,s,1340
5125617000,s,1340
5125749000,s,1340
5126278000,s,1340
5126409000,s,1340
5126740000,s,1340
5126772000,s,1340
5126766000,r,1440
5126861000,s,1340
5126913000,s,1340
5126949000,s,1340
5126999000,s,1340
5127350000,s,1340
5127549000,s,1340
5127616000,s,1340
5127696000,s,1340
5127765000,s,1340
5127826000,s,1340
5128035000,s,1340
5128098000,s,1340
5128120000,s,1340
5128919000,s,1340
5130305000,r,1440
5130306000,r,1440
5131057000,s,1340
5135210000,r,1440
5135210000,r,1440
5135763000,s,1340
5136247000,r,1440
5137985000,s,1340
5138074000,r,1440
5138074000,r,1440
5138713000,s,1340
5138839000,s,1340
5139943000,s,1340
5141047000,s,1340
5141158000,s,1340
5141469000,s,1340
5143935000,r,1440
5145397000,r,1440
5147092000,r,1440
5147524000,s,1340
5159604000,s,1340
5159733000,s,1340
5160377000,s,1340
5163996000,r,1440
5163996000,r,1440
5164957000,r,1440
5165261000,r,1440
5166075000,s,1340
5168513000,r,1440
5168513000,r,1440
5168514000,r,1440
5168514000,r,1440
5169409000,s,1340
5169461000,s,1340
5169496000,s,1340
5169728000,s,1340
5169839000,s,1340
5171171000,r,1440
5171171000,r,1440
5171171000,r,1440
5171172000,r,1440
5171172000,r,1440
5171173000,r,1440
5171173000,r,1440
5171174000,r,1440
5171574000,r,1440
5171609000,r,1440
5171609000,r,1440
5171610000,r,1440
5171610000,r,1440
5171611000,r,1440
5171611000,r,1440
5171786000,s,1340
5172265000,s,1340
5172306000,s,1340
5172340000,s,1340
5172374000,s,1340
5172410000,s,1340
5172693000,s,1340
5172809000,s,1340
5172928000,s,1340
5172999000,s,1340
5173346000,s,1340
5173497000,s,1340
5173566000,s,1340
5173603000,s,1340
5173636000,s,1340
5173667000,s,1340
5173696000,s,1340
5173727000,s,1340
5173757000,s,1340
5173786000,s,1340
5173994000,s,1340
5174044000,s,1340
5174049000,r,1440
5174092000,s,1340
5174131000,s,1340
5174050000,r,1440
5174412000,s,1340
5174500000,s,1340
5174656000,s,1340
5174806000,s,1340
5175007000,s,1340
5175049000,s,1340
5175303000,s,1340
5175382000,s,1340
5175481000,s,1340
5175645000,s,1340
5175749000,s,1340
5175853000,s,1340
5175922000,s,1340
5176080000,s,1340
5176197000,s,1340
5176427000,s,1340
5176479000,s,1340
5176784000,s,1340
5176862000,s,1340
5177017000,s,1340
5177078000,s,1340
5177129000,s,1340
5177386000,s,1340
5177764000,s,1340
5177870000,s,1340
5178079000,s,1340
5178133000,s,1340
5178291000,s,1340
5178434000,s,1340
5178664000,s,1340
5178822000,s,1340
5178996000,r,1440
5179121000,s,1340
5179652000,s,1340
5179950000,s,1340
5180078000,s,1340
5180198000,s,1340
5180312000,s,1340
5180565000,r,1440
5180566000,r,1440
5181006000,s,1340
5181193000,s,1340
5181477000,s,1340
5181605000,s,1340
5181724000,s,1340
5181857000,s,1340
5181982000,s,1340
5182107000,s,1340
5182228000,s,1340
5182337000,s,1340
5182642000,s,1340
5182839000,s,1340
5182910000,s,1340
5183136000,s,1340
5183187000,s,1340
5183302000,s,1340
5183299000,r,1440
5183299000,r,1440
5183300000,r,1440
5183300000,r,1440
5183300000,r,1440
5183301000,r,1440
5183301000,r,1440
5183731000,s,1340
5183967000,s,1340
5184047000,s,1340
5184077000,s,1340
5184212000,s,1340
5184330000,s,1340
5184434000,s,1340
5184437000,r,1440
5184437000,r,1440
5184531000,s,1340
5184619000,s,1340
5184937000,s,1340
5185046000,s,1340
5185142000,s,1340
5185275000,s,1340
5185364000,s,1340
5185376000,r,1440
5185376000,r,1440
5185376000,r,1440
5185377000,r,1440
5185377000,r,1440
5185473000,s,1340
5185377000,r,1440
5185378000,r,1440
5185378000,r,1440
5185522000,r,1440
5185522000,r,1440
5185522000,r,1440
5185523000,r,1440
5185566000,s,1340
5185740000,r,1440
5185740000,r,1440
5185740000,r,1440
5185741000,r,1440
5185741000,r,1440
5185741000,r,1440
5185859000,s,1340
5185987000,s,1340
5186048000,s,1340
5186081000,s,1340
5186135000,s,1340
5186160000,s,1340
5186219000,s,1340
5186247000,s,1340
5186322000,s,1340
5186416000,s,1340
5186463000,s,1340
5186550000,s,1340
5186585000,s,1340
5186751000,s,1340
5186785000,r,1440
5186785000,r,1440
5186785000,r,1440
5186830000,s,1340
5186786000,r,1440
5186786000,r,1440
5187019000,s,1340
5187114000,s,1340
5187164000,s,1340
5187207000,s,1340
5187264000,s,1340
5187303000,s,1340
5187344000,s,1340
5187542000,s,1340
5187612000,s,1340
5187698000,s,1340
5187737000,s,1340
5187772000,s,1340
5187805000,s,1340
5187899000,s,1340
5187938000,s,1340
5188030000,s,1340
5188108000,s,1340
5188152000,s,1340
5188189000,s,1340
5188261000,s,1340
5188299000,s,1340
5188392000,s,1340
5188441000,s,1340
5188479000,s,1340
5188608000,s,1340
5188664000,s,1340
5188741000,s,1340
5188781000,s,1340
5188811000,s,1340
5188871000,s,1340
5188901000,s,1340
5188981000,s,1340
5189018000,s,1340
5189086000,s,1340
5189179000,s,1340
5189225000,s,1340
5189354000,s,1340
5189508000,s,1340
5189693000,s,1340
5189865000,s,1340
5190102000,s,1340
5190233000,s,1340
5190355000,s,1340
5190473000,s,1340
5190594000,s,1340
5190817000,s,1340
5190921000,s,1340
5191039000,s,1340
5191549000,s,1340
5191654000,s,1340
5191735000,s,1340
5191770000,s,1340
5191805000,s,1340
5191871000,s,1340
5192033000,s,1340
5192106000,s,1340
5192251000,s,1340
5192398000,s,1340
5192572000,s,1340
5192616000,s,1340
5192816000,s,1340
5192908000,s,1340
5192945000,s,1340
5193065000,s,1340
5193203000,s,1340
5193300000,s,1340
5193370000,s,1340
5193436000,s,1340
5193502000,s,1340
5193568000,s,1340
5193597000,r,1440
5193635000,s,1340
5193598000,r,1440
5193715000,s,1340
5193598000,r,1440
5193598000,r,1440
5193599000,r,1440
5193798000,s,1340
5193942000,s,1340
5194120000,s,1340
5194333000,s,1340
5194418000,s,1340
5194468000,s,1340
5194604000,s,1340
5194661000,s,1340
5194696000,s,1340
5197237000,r,1440
5197237000,r,1440
5197237000,r,1440
5197238000,r,1440
5197238000,r,1440
5197238000,r,1440
5197239000,r,1440
5197239000,r,1440
5197439000,r,1440
5197439000,r,1440
5197440000,r,1440
5197440000,r,1440
5197440000,r,1440
5197921000,s,1340
5198009000,s,1340
5198219000,s,1340
5198261000,s,1340
5198273000,r,1440
5198296000,s,1340
5198329000,s,1340
5198362000,s,1340
5198273000,r,1440
5198273000,r,1440
5198393000,s,1340
5198274000,r,1440
5198274000,r,1440
5198274000,r,1440
5198428000,s,1340
5198459000,s,1340
5198492000,s,1340
5198527000,s,1340
5198559000,s,1340
5198597000,s,1340
5198760000,s,1340
5198933000,s,1340
5199027000,s,1340
5199115000,s,1340
5199196000,s,1340
5199274000,s,1340
5199384000,s,1340
5199561000,s,1340
5199671000,s,1340
5199778000,s,1340
5199884000,s,1340
5199994000,s,1340
5200093000,s,1340
5200333000,s,1340
5200609000,s,1340
5200685000,s,1340
5200828000,s,1340
5201008000,s,1340
5201054000,s,1340
5201107000,s,1340
5201435000,s,1340
5201478000,s,1340
5201721000,s,1340
5202092000,s,1340
5202171000,s,1340
5202203000,s,1340
5202371000,s,1340
5202411000,s,1340
5202544000,s,1340
5202656000,r,1440
5202656000,r,1440
5202656000,r,1440
5202656000,r,1440
5202657000,r,1440
5202657000,r,1440
5202657000,r,1440
5202658000,r,1440
5202892000,r,1440
5202958000,s,1340
5203184000,s,1340
5203300000,s,1340
5203432000,s,1340
5203543000,s,1340
5203624000,s,1340
5203701000,s,1340
5203806000,s,1340
5203888000,r,1440
5203913000,s,1340
5203889000,r,1440
5203889000,r,1440
5203889000,r,1440
5203890000,r,1440
5204032000,s,1340
5204148000,s,1340
5204259000,s,1340
5204374000,s,1340
5204483000,s,1340
5204585000,s,1340
5204700000,s,1340
5204815000,s,1340
5204922000,s,1340
5205027000,s,1340
5205135000,s,1340
5205255000,s,1340
5205363000,s,1340
5205465000,s,1340
5205576000,s,1340
5205685000,s,1340
5205742000,r,1440
5205802000,s,1340
5205742000,r,1440
5205742000,r,1440
5205742000,r,1440
5205743000,r,1440
5205743000,r,1440
5205743000,r,1440
5205744000,r,1440
5205915000,r,1440
5205915000,r,1440
5205915000,r,1440
5205964000,s,1340
5205916000,r,1440
5205916000,r,1440
5205916000,r,1440
5205916000,r,1440
5206078000,s,1340
5206078000,r,1440
5206078000,r,1440
5206078000,r,1440
5206079000,r,1440
5206079000,r,1440
5206079000,r,1440
5206164000,s,1340
5206273000,s,1340
5206366000,s,1340
5206370000,r,1440
5206370000,r,1440
5206370000,r,1440
5206458000,r,1440
5206461000,s,1340
5206459000,r,1440
5206459000,r,1440
5206650000,s,1340
5206990000,s,1340
5207065000,s,1340
5207115000,s,1340
5207160000,s,1340
5207201000,s,1340
5207251000,s,1340
5207382000,s,1340
5207504000,s,1340
5207546000,s,1340
5207707000,s,1340
5207930000,s,1340
5207990000,s,1340
5208047000,s,1340
5208102000,s,1340
5208155000,s,1340
5208473000,s,1340
5208516000,s,1340
5208554000,s,1340
5208587000,s,1340
5208619000,s,1340
5208649000,s,1340
5208681000,s,1340
5208712000,s,1340
5208744000,s,1340
5208746000,r,1440
5208777000,s,1340
5208807000,s,1340
5208840000,s,1340
5208746000,r,1440
5208746000,r,1440
5208898000,s,1340
5208747000,r,1440
5208747000,r,1440
5208747000,r,1440
5208934000,s,1340
5208978000,s,1340
5209009000,s,1340
5209039000,s,1340
5209068000,s,1340
5209099000,s,1340
5209279000,s,1340
5209385000,s,1340
5209430000,s,1340
5209464000,s,1340
5210488000,s,1340
5210732000,s,1340
5210850000,s,1340
5211043000,s,1340
5211511000,s,1340
5211644000,s,1340
5211736000,s,1340
5211824000,s,1340
5211925000,s,1340
5212144000,s,1340
5212308000,s,1340
5212726000,s,1340
5212966000,s,1340
5213084000,s,1340
5213184000,s,1340
5213446000,s,1340
5213649000,s,1340
5213895000,s,1340
5213981000,s,1340
5214123000,s,1340
5214240000,s,1340
5214312000,s,1340
5214410000,s,1340
5214546000,s,1340
5214687000,s,1340
5215023000,s,1340
5215168000,s,1340
5215296000,s,1340
5215445000,s,1340
5215615000,r,1440
5215721000,s,1340
5215615000,r,1440
5215615000,r,1440
5215616000,r,1440
5215616000,r,1440
5215616000,r,1440
5215616000,r,1440
5215617000,r,1440
5215851000,r,1440
5215851000,r,1440
5215851000,r,1440
5215852000,r,1440
5215852000,r,1440
5215922000,s,1340
5215955000,r,1440
5215956000,r,1440
5215956000,r,1440
5216116000,s,1340
5216275000,s,1340
5216565000,r,1440
5216566000,r,1440
5216621000,s,1340
5216566000,r,1440
5216566000,r,1440
5216566000,r,1440
5216567000,r,1440
5216567000,r,1440
5216567000,r,1440
5216699000,r,1440
5216746000,s,1340
5216822000,s,1340
5216829000,r,1440
5216829000,r,1440
5216829000,r,1440
5216829000,r,1440
5216830000,r,1440
5216830000,r,1440
5216830000,r,1440
5216898000,s,1340
5216830000,r,1440
5216917000,r,1440
5216994000,r,1440
5216994000,r,1440
5217010000,s,1340
5216995000,r,1440
5217099000,s,1340
5217186000,s,1340
5217298000,s,1340
5217404000,s,1340
5217497000,s,1340
5217596000,s,1340
5217697000,s,1340
5217800000,s,1340
5217903000,s,1340
5218006000,s,1340
5218089000,s,1340
5218175000,s,1340
5218256000,s,1340
5218344000,s,1340
5218420000,s,1340
5218531000,s,1340
5218636000,s,1340
5218721000,r,1440
5218731000,s,1340
5218721000,r,1440
5218722000,r,1440
5218722000,r,1440
5218722000,r,1440
5218830000,s,1340
5218931000,s,1340
5219024000,s,1340
5219125000,s,1340
5219200000,s,1340
5219260000,s,1340
5219350000,s,1340
5219477000,s,1340
5219571000,s,1340
5219671000,s,1340
5219747000,s,1340
5219821000,s,1340
5219897000,s,1340
5219976000,s,1340
5220052000,s,1340
5220130000,s,1340
5220215000,s,1340
5220285000,s,1340
5220363000,s,1340
5220438000,s,1340
5220521000,s,1340
5220603000,s,1340
5220663000,s,1340
5220744000,s,1340
5220824000,s,1340
5220905000,s,1340
5220993000,s,1340
5221073000,s,1340
5221154000,s,1340
5221250000,s,1340
5221343000,s,1340
5221452000,s,1340
5221549000,s,1340
5221634000,s,1340
5221724000,s,1340
5221813000,s,1340
5221888000,s,1340
5221943000,s,1340
5221992000,s,1340
5222040000,s,1340
5222095000,s,1340
5224926000,r,1440
5224926000,r,1440
5224926000,r,1440
5224927000,r,1440
5224927000,r,1440
5224927000,r,1440
5224928000,r,1440
5224928000,r,1440
5225112000,r,1440
5225112000,r,1440
5225112000,r,1440
5225113000,r,1440
5225113000,r,1440
5225113000,r,1440
5225113000,r,1440
5225816000,r,1440
5225817000,r,1440
5225817000,r,1440
5225817000,r,1440
5225817000,r,1440
5225818000,r,1440
5225818000,r,1440
5225818000,r,1440
5225898000,r,1440
5225899000,r,1440
5225899000,r,1440
5225899000,r,1440
5226113000,r,1440
5226114000,r,1440
5226114000,r,1440
5226114000,r,1440
5226115000,r,1440
5226115000,r,1440
5226504000,r,1440
5226504000,r,1440
5226505000,r,1440
5226580000,s,1340
5226693000,s,1340
5226762000,s,1340
5226842000,s,1340
5226927000,s,1340
5227012000,s,1340
5227097000,s,1340
5227180000,s,1340
5227259000,s,1340
5227340000,s,1340
5227472000,s,1340
5227568000,s,1340
5227633000,s,1340
5227717000,s,1340
5227797000,s,1340
5227859000,s,1340
5227906000,r,1440
5227923000,s,1340
5227906000,r,1440
5227994000,s,1340
5227906000,r,1440
5227906000,r,1440
5227907000,r,1440
5227907000,r,1440
5227907000,r,1440
5227907000,r,1440
5228059000,s,1340
5228131000,s,1340
5228196000,s,1340
5228293000,s,1340
5228391000,s,1340
5228478000,s,1340
5228561000,s,1340
5228623000,s,1340
5228684000,s,1340
5228744000,s,1340
5228830000,s,1340
5228895000,s,1340
5228993000,s,1340
5229082000,s,1340
5229170000,s,1340
5229234000,s,1340
5229315000,s,1340
5229398000,s,1340
5229485000,s,1340
5229568000,s,1340
5229672000,s,1340
5229766000,s,1340
5229855000,s,1340
5229919000,s,1340
5230016000,s,1340
5230083000,s,1340
5230184000,s,1340
5230267000,s,1340
5230337000,s,1340
5230399000,s,1340
5230494000,s,1340
5230560000,s,1340
5230649000,s,1340
5230708000,s,1340
5231080000,s,1340
5231157000,s,1340
5231237000,s,1340
5231311000,s,1340
5231427000,s,1340
5231497000,s,1340
5231562000,s,1340
5231654000,s,1340
5231733000,s,1340
5231802000,s,1340
5231903000,s,1340
5231967000,s,1340
5232051000,s,1340
5232116000,s,1340
5232177000,s,1340
5232244000,s,1340
5232321000,s,1340
5232402000,s,1340
5232484000,s,1340
5232571000,s,1340
5232653000,s,1340
5232731000,s,1340
5233027000,s,1340
5233185000,s,1340
5233552000,s,1340
5233594000,s,1340
5233840000,s,1340
5234010000,r,1440
5234102000,s,1340
5234010000,r,1440
5234010000,r,1440
5234010000,r,1440
5234011000,r,1440
5234011000,r,1440
5234011000,r,1440
5234011000,r,1440
5234228000,r,1440
5234229000,r,1440
5234229000,r,1440
5234229000,r,1440
5234229000,r,1440
5234230000,r,1440
5234230000,r,1440
5234230000,r,1440
5234303000,s,1340
5234310000,r,1440
5234311000,r,1440
5234311000,r,1440
5234311000,r,1440
5234311000,r,1440
5234312000,r,1440
5234312000,r,1440
5234312000,r,1440
5234389000,r,1440
5234389000,r,1440
5234390000,r,1440
5234390000,r,1440
5234390000,r,1440
5234390000,r,1440
5234391000,r,1440
5234391000,r,1440
5234467000,r,1440
5234468000,r,1440
5234476000,s,1340
5234468000,r,1440
5234468000,r,1440
5234468000,r,1440
5234469000,r,1440
5234469000,r,1440
5234469000,r,1440
5234546000,r,1440
5234546000,r,1440
5234546000,r,1440
5234546000,r,1440
5234547000,r,1440
5234547000,r,1440
5234547000,r,1440
5234547000,r,1440
5234619000,r,1440
5234619000,r,1440
5234619000,r,1440
5234650000,s,1340
5234825000,s,1340
5234992000,s,1340
5235132000,s,1340
5235224000,s,1340
5235324000,s,1340
5235537000,s,1340
5235641000,s,1340
5235785000,s,1340
5235864000,s,1340
5235946000,s,1340
5236048000,s,1340
5236125000,r,1440
5236148000,s,1340
5236125000,r,1440
5236125000,r,1440
5236125000,r,1440
5236251000,s,1340
5236126000,r,1440
5236126000,r,1440
5236126000,r,1440
5236126000,r,1440
5236305000,r,1440
5236305000,r,1440
5236305000,r,1440
5236305000,r,1440
5236333000,s,1340
5236306000,r,1440
5236306000,r,1440
5236306000,r,1440
5236306000,r,1440
5236387000,r,1440
5236387000,r,1440
5236387000,r,1440
5236406000,s,1340
5236388000,r,1440
5236388000,r,1440
5236388000,r,1440
5236388000,r,1440
5236389000,r,1440
5236510000,s,1340
5236564000,r,1440
5236564000,r,1440
5236607000,s,1340
5236564000,r,1440
5236564000,r,1440
5236565000,r,1440
5236565000,r,1440
5236703000,s,1340
5236801000,s,1340
5236899000,s,1340
5237005000,s,1340
5237093000,s,1340
5237186000,s,1340
5237277000,s,1340
5237299000,r,1440
5237366000,s,1340
5237299000,r,1440
5237300000,r,1440
5237300000,r,1440
5237300000,r,1440
5237300000,r,1440
5237301000,r,1440
5237301000,r,1440
5237448000,s,1340
5237461000,r,1440
5237461000,r,1440
5237462000,r,1440
5237462000,r,1440
5237462000,r,1440
5237462000,r,1440
5237463000,r,1440
5237532000,s,1340
5237619000,s,1340
5237713000,s,1340
5237789000,s,1340
5237877000,s,1340
5237957000,s,1340
5238027000,s,1340
5238100000,s,1340
5238169000,s,1340
5238248000,s,1340
5238314000,s,1340
5238399000,s,1340
5238419000,r,1440
5238420000,r,1440
5238486000,s,1340
5238420000,r,1440
5238574000,s,1340
5238666000,s,1340
5238746000,s,1340
5238835000,s,1340
5238924000,s,1340
5239010000,s,1340
5239022000,r,1440
5239099000,s,1340
5239022000,r,1440
5239022000,r,1440
5239022000,r,1440
5239023000,r,1440
5239023000,r,1440
5239023000,r,1440
5239179000,s,1340
5239256000,s,1340
5239335000,s,1340
5239440000,s,1340
5239534000,s,1340
5239629000,s,1340
5239724000,s,1340
5239816000,s,1340
5239918000,s,1340
5240002000,s,1340
5240086000,s,1340
5240171000,s,1340
5240251000,s,1340
5240330000,s,1340
5240409000,s,1340
5240492000,s,1340
5240566000,s,1340
5240643000,s,1340
5240722000,s,1340
5240775000,s,1340
5240847000,s,1340
5240931000,s,1340
5241010000,s,1340
5241090000,s,1340
5241177000,s,1340
5241250000,s,1340
5241320000,s,1340
5249459000,s,1340
5249545000,s,1340
5249591000,s,1340
5249621000,s,1340
5249647000,s,1340
5249671000,s,1340
5249706000,s,1340
5249744000,s,1340
5249768000,s,1340
5249790000,s,1340
5249813000,s,1340
5249836000,s,1340
5249859000,s,1340
5249881000,s,1340
5249902000,s,1340
5249924000,s,1340
5249956000,s,1340
5249979000,s,1340
5250006000,s,1340
5250029000,s,1340
5250052000,s,1340
5250074000,s,1340
5250094000,s,1340
5250120000,s,1340
5250148000,s,1340
5250177000,s,1340
5250204000,s,1340
5250231000,s,1340
5250259000,s,1340
5250288000,s,1340
5250316000,s,1340
5250341000,s,1340
5250367000,s,1340
5250391000,s,1340
5250420000,s,1340
5250446000,s,1340
5250468000,s,1340
5250492000,s,1340
5250516000,s,1340
5250539000,s,1340
5250567000,s,1340
5250590000,s,1340
5250614000,s,1340
5250636000,s,1340
5250659000,s,1340
5250684000,s,1340
5250710000,s,1340
5250734000,s,1340
5250756000,s,1340
5250780000,s,1340
5250805000,s,1340
5250827000,s,1340
5250850000,s,1340
5250874000,s,1340
5250896000,s,1340
5250920000,s,1340
5250944000,s,1340
5250962000,s,1340
5250989000,s,1340
5251008000,s,1340
5251034000,s,1340
5251060000,s,1340
5251083000,s,1340
5251111000,s,1340
5251136000,s,1340
5251162000,s,1340
5251188000,s,1340
5251213000,s,1340
5251238000,s,1340
5251263000,s,1340
5251285000,s,1340
5251330000,s,1340
5251366000,s,1340
5251389000,s,1340
5251445000,s,1340
5251474000,s,1340
5251505000,s,1340
5251529000,s,1340
5251557000,s,1340
5251582000,s,1340
5251610000,s,1340
5251629000,s,1340
5251652000,s,1340
5251674000,s,1340
5251696000,s,1340
5251719000,s,1340
5251741000,s,1340
5251763000,s,1340
5251781000,s,1340
5251798000,s,1340
5251817000,s,1340
5251835000,s,1340
5251851000,s,1340
5251869000,s,1340
5251887000,s,1340
5251906000,s,1340
5251923000,s,1340
5251947000,s,1340
5251967000,s,1340
5251986000,s,1340
5252006000,s,1340
5252026000,s,1340
5252045000,s,1340
5252065000,s,1340
5252087000,s,1340
5252107000,s,1340
5252124000,s,1340
5252150000,s,1340
5252177000,s,1340
5252213000,s,1340
5252203000,r,1440
5252234000,s,1340
5252261000,s,1340
5252288000,s,1340
5252314000,s,1340
5252335000,s,1340
5252204000,r,1440
5252361000,s,1340
5252204000,r,1440
5252204000,r,1440
5252388000,s,1340
5252205000,r,1440
5252205000,r,1440
5252205000,r,1440
5252412000,s,1340
5252205000,r,1440
5252439000,s,1340
5252450000,r,1440
5252464000,s,1340
5252492000,s,1340
5252519000,s,1340
5252553000,s,1340
5252572000,s,1340
5252597000,s,1340
5252623000,s,1340
5252653000,s,1340
5252681000,s,1340
5252712000,s,1340
5252736000,s,1340
5252767000,s,1340
5252797000,s,1340
5252825000,s,1340
5252854000,s,1340
5252884000,s,1340
5252915000,s,1340
5252945000,s,1340
5252974000,s,1340
5252998000,s,1340
5253016000,s,1340
5253035000,s,1340
5253057000,s,1340
5253077000,s,1340
5253097000,s,1340
5253117000,s,1340
5253138000,s,1340
5253158000,s,1340
5253178000,s,1340
5253516000,s,1340
5259625000,r,1440
5259625000,r,1440
5259626000,r,1440
5259626000,r,1440
5264715000,s,1340
5264850000,s,1340
5264881000,s,1340
5264903000,s,1340
5264923000,s,1340
5264941000,s,1340
5264960000,s,1340
5264978000,s,1340
5264998000,s,1340
5265015000,s,1340
5265054000,s,1340
5265075000,s,1340
5265093000,s,1340
5265111000,s,1340
5265129000,s,1340
5265148000,s,1340
5265166000,s,1340
5265184000,s,1340
5265203000,s,1340
5265231000,s,1340
5265298000,s,1340
5265321000,s,1340
5265339000,s,1340
5265371000,s,1340
5265421000,s,1340
5265443000,s,1340
5265451000,r,1440
5265468000,s,1340
5265495000,s,1340
5265451000,r,1440
5265452000,r,1440
5266616000,s,1340
5266706000,s,1340
5266743000,s,1340
5266764000,s,1340
5266791000,s,1340
5266817000,s,1340
5266844000,s,1340
5266869000,s,1340
5266895000,s,1340
5270265000,r,1440
5277049000,s,1340
5279440000,r,1440
5280507000,r,1440
5280507000,r,1440
5280508000,r,1440
5280508000,r,1440
5280508000,r,1440
5280508000,r,1440
5281156000,s,1340
5281234000,s,1340
5281264000,s,1340
5281287000,s,1340
5281307000,s,1340
5281326000,s,1340
5281344000,s,1340
5281363000,s,1340
5281553000,s,1340
5281613000,s,1340
5281768000,s,1340
5281957000,s,1340
5282123000,s,1340
5282379000,s,1340
5282428000,s,1340
5282513000,s,1340
5282625000,r,1440
5282661000,s,1340
5282625000,r,1440
5282626000,r,1440
5282626000,r,1440
5282626000,r,1440
5282626000,r,1440
5282627000,r,1440
5282627000,r,1440
5282798000,r,1440
5282798000,r,1440
5282798000,r,1440
5282799000,r,1440
5282799000,r,1440
5282799000,r,1440
5283005000,r,1440
5283012000,s,1340
5283005000,r,1440
5283005000,r,1440
5283006000,r,1440
5283006000,r,1440
5283006000,r,1440
5283006000,r,1440
5283007000,r,1440
5283094000,r,1440
5283101000,s,1340
5283244000,s,1340
5283349000,s,1340
5283501000,s,1340
5283552000,r,1440
5283552000,r,1440
5283553000,r,1440
5283553000,r,1440
5283553000,r,1440
5283618000,s,1340
5283553000,r,1440
5283746000,s,1340
5283875000,s,1340
5284003000,s,1340
5284101000,r,1440
5284125000,s,1340
5284101000,r,1440
5284101000,r,1440
5284101000,r,1440
5284102000,r,1440
5284102000,r,1440
5284102000,r,1440
5284102000,r,1440
5284210000,r,1440
5284211000,r,1440
5284211000,r,1440
5284211000,r,1440
5284292000,s,1340
5284456000,s,1340
5284569000,s,1340
5284612000,r,1440
5284612000,r,1440
5284612000,r,1440
5284613000,r,1440
5284613000,r,1440
5284613000,r,1440
5284683000,s,1340
5284733000,r,1440
5284733000,r,1440
5284733000,r,1440
5284794000,s,1340
5284912000,s,1340
5285032000,s,1340
5285045000,r,1440
5285045000,r,1440
5285045000,r,1440
5285046000,r,1440
5285046000,r,1440
5285046000,r,1440
5285149000,s,1340
5285274000,s,1340
5285362000,s,1340
5285499000,s,1340
5285626000,s,1340
5285754000,s,1340
5285872000,r,1440
5285875000,s,1340
5285872000,r,1440
5285872000,r,1440
5285993000,s,1340
5286103000,s,1340
5286113000,r,1440
5286113000,r,1440
5286113000,r,1440
5286113000,r,1440
5286114000,r,1440
5286114000,r,1440
5286114000,r,1440
5286114000,r,1440
5286212000,r,1440
5286215000,s,1340
5286324000,s,1340
5286377000,r,1440
5286378000,r,1440
5286439000,s,1340
5286378000,r,1440
5286535000,s,1340
5286620000,r,1440
5286620000,r,1440
5286620000,r,1440
5286620000,r,1440
5286651000,s,1340
5286621000,r,1440
5286621000,r,1440
5286768000,s,1340
5286856000,s,1340
5286971000,s,1340
5287075000,s,1340
5287184000,s,1340
5287299000,s,1340
5287463000,s,1340
5287573000,s,1340
5287684000,s,1340
5287799000,s,1340
5287832000,r,1440
5287832000,r,1440
5287832000,r,1440
5287833000,r,1440
5287833000,r,1440
5287833000,r,1440
5287834000,r,1440
5287909000,s,1340
5287834000,r,1440
5287931000,r,1440
5288010000,s,1340
5288103000,s,1340
5288193000,s,1340
5288290000,s,1340
5288403000,s,1340
5288512000,s,1340
5288621000,s,1340
5288732000,s,1340
5288847000,s,1340
5288979000,s,1340
5289089000,s,1340
5289208000,s,1340
5289330000,s,1340
5289449000,s,1340
5289562000,s,1340
5289683000,s,1340
5289792000,s,1340
5289903000,s,1340
5290017000,s,1340
5290128000,s,1340
5290237000,s,1340
5290355000,s,1340
5290462000,s,1340
5290561000,s,1340
5290665000,s,1340
5290771000,s,1340
5290879000,s,1340
5290984000,s,1340
5291220000,s,1340
5291330000,s,1340
5291514000,s,1340
5291608000,s,1340
5291709000,s,1340
5291795000,s,1340
5291897000,s,1340
5291988000,s,1340
5292080000,s,1340
5292196000,s,1340
5292295000,s,1340
5292389000,s,1340
5292485000,s,1340
5292589000,s,1340
5292689000,s,1340
5292790000,s,1340
5292882000,s,1340
5292974000,s,1340
5293067000,s,1340
5293161000,s,1340
5293247000,s,1340
5293335000,s,1340
5293425000,s,1340
5293505000,s,1340
5293606000,s,1340
5293694000,s,1340
5293833000,s,1340
5293917000,s,1340
5294070000,s,1340
5294159000,s,1340
5294372000,s,1340
5294493000,s,1340
5294585000,s,1340
5297335000,r,1440
5297336000,r,1440
5297336000,r,1440
5297336000,r,1440
5297336000,r,1440
5297337000,r,1440
5297337000,r,1440
5297337000,r,1440
5297531000,r,1440
5297531000,r,1440
5297532000,r,1440
5297532000,r,1440
5297532000,r,1440
5297533000,r,1440
5297533000,r,1440
5297533000,r,1440
5297618000,r,1440
5297618000,r,1440
5297677000,r,1440
5297678000,r,1440
5297678000,r,1440
5298086000,s,1340
5298171000,s,1340
5298204000,s,1340
5298388000,s,1340
5298531000,s,1340
5298648000,s,1340
5298852000,s,1340
5299032000,s,1340
5299134000,s,1340
5299218000,s,1340
5299304000,s,1340
5299496000,r,1440
5299552000,s,1340
5299496000,r,1440
5299497000,r,1440
5299497000,r,1440
5299497000,r,1440
5299497000,r,1440
5299816000,s,1340
5299906000,s,1340
5299942000,s,1340
5300082000,s,1340
5300208000,s,1340
5300247000,s,1340
5300281000,s,1340
5301479000,s,1340
5301625000,s,1340
5301764000,s,1340
5302005000,s,1340
5302132000,s,1340
5302249000,s,1340
5302365000,s,1340
5302460000,r,1440
5302478000,s,1340
5302583000,s,1340
5302460000,r,1440
5302748000,s,1340
5302848000,s,1340
5303421000,r,1440
5304038000,s,1340
5306290000,r,1440
5306290000,r,1440
5306643000,s,1340
5306792000,s,1340
5307420000,r,1440
5307776000,s,1340
5313262000,s,1340
5315443000,r,1440
5317314000,r,1440
5317856000,s,1340
5319442000,r,1440
5320051000,s,1340
5321289000,r,1440
5321290000,r,1440
5321290000,r,1440
5322117000,s,1340
5322215000,s,1340
5322520000,r,1440
5322520000,r,1440
5322520000,r,1440
5323105000,s,1340
5323146000,r,1440
5323146000,r,1440
5323146000,r,1440
5323230000,s,1340
5323756000,s,1340
5323913000,s,1340
5324951000,r,1440
5324951000,r,1440
5324952000,r,1440
5324952000,r,1440
5324952000,r,1440
5324953000,r,1440
5324953000,r,1440
5324953000,r,1440
5325130000,r,1440
5325130000,r,1440
5325130000,r,1440
5325131000,r,1440
5325131000,r,1440
5325132000,r,1440
5325132000,r,1440
5325133000,r,1440
5325253000,r,1440
5325254000,r,1440
5325254000,r,1440
5325254000,r,1440
5325254000,r,1440
5325369000,r,1440
5325369000,r,1440
5325370000,r,1440
5325370000,r,1440
5325370000,r,1440
5325371000,r,1440
5326469000,s,1340
5326653000,s,1340
5326906000,r,1440
5326906000,r,1440
5326906000,r,1440
5326907000,r,1440
5326907000,r,1440
5326907000,r,1440
5326908000,r,1440
5326908000,r,1440
5327078000,r,1440
5327113000,s,1340
5327166000,s,1340
5327256000,s,1340
5327485000,s,1340
5328620000,r,1440
5328620000,r,1440
5328620000,r,1440
5328621000,r,1440
5328621000,r,1440
5328621000,r,1440
5328621000,r,1440
5328622000,r,1440
5328764000,r,1440
5328764000,r,1440
5328765000,r,1440
5328765000,r,1440
5328765000,r,1440
5328765000,r,1440
5328766000,r,1440
5328766000,r,1440
5328842000,r,1440
5328842000,r,1440
5328842000,r,1440
5328842000,r,1440
5328843000,r,1440
5328843000,r,1440
5328843000,r,1440
5328843000,r,1440
5328917000,r,1440
5328917000,r,1440
5328917000,r,1440
5328917000,r,1440
5328918000,r,1440
5328918000,r,1440
5328918000,r,1440
5328918000,r,1440
5328992000,r,1440
5328992000,r,1440
5328992000,r,1440
5328993000,r,1440
5328993000,r,1440
5328993000,r,1440
5328993000,r,1440
5329068000,s,1340
5329107000,r,1440
5329107000,r,1440
5329108000,r,1440
5329556000,s,1340
5329682000,s,1340
5329944000,s,1340
5330049000,s,1340
5330264000,s,1340
5330326000,s,1340
5330677000,s,1340
5330802000,s,1340
5330879000,s,1340
5330955000,s,1340
5331172000,s,1340
5331274000,s,1340
5331655000,r,1440
5331655000,r,1440
5331655000,r,1440
5331759000,s,1340
5331656000,r,1440
5331656000,r,1440
5331656000,r,1440
5331656000,r,1440
5331657000,r,1440
5331826000,r,1440
5331826000,r,1440
5331827000,r,1440
5331827000,r,1440
5331856000,s,1340
5331827000,r,1440
5331827000,r,1440
5331828000,r,1440
5331828000,r,1440
5331902000,s,1340
5331905000,r,1440
5331906000,r,1440
5331957000,r,1440
5331957000,r,1440
5331957000,r,1440
5331957000,r,1440
5331958000,r,1440
5331958000,r,1440
5331958000,r,1440
5331958000,r,1440
5332017000,s,1340
5332020000,r,1440
5332176000,s,1340
5332216000,s,1340
5332309000,r,1440
5332310000,r,1440
5332310000,r,1440
5332684000,s,1340
5332856000,r,1440
5332856000,r,1440
5332857000,r,1440
5332857000,r,1440
5332961000,s,1340
5332857000,r,1440
5332857000,r,1440
5333174000,s,1340
5333347000,s,1340
5333473000,s,1340
5333607000,s,1340
5334150000,s,1340
5334280000,s,1340
5334392000,s,1340
5334509000,s,1340
5334621000,s,1340
5334737000,s,1340
5335289000,s,1340
5335438000,r,1440
5335438000,r,1440
5335556000,s,1340
5335438000,r,1440
5335438000,r,1440
5335439000,r,1440
5335439000,r,1440
5335439000,r,1440
5335439000,r,1440
5335627000,r,1440
5335630000,s,1340
5335627000,r,1440
5335628000,r,1440
5335628000,r,1440
5335628000,r,1440
5335628000,r,1440
5335629000,r,1440
5335629000,r,1440
5335752000,r,1440
5335753000,r,1440
5335753000,r,1440
5335753000,r,1440
5335754000,r,1440
5335754000,r,1440
5335754000,r,1440
5335754000,r,1440
5335837000,r,1440
5335837000,r,1440
5335837000,r,1440
5335838000,r,1440
5335864000,s,1340
5335838000,r,1440
5335838000,r,1440
5335942000,s,1340
5336010000,s,1340
5336054000,r,1440
5336054000,r,1440
5336054000,r,1440
5336128000,s,1340
5336055000,r,1440
5336055000,r,1440
5336055000,r,1440
5336353000,s,1340
5336572000,s,1340
5336710000,s,1340
5336827000,s,1340
5336934000,s,1340
5337036000,s,1340
5337138000,s,1340
5337240000,s,1340
5337345000,s,1340
5337728000,s,1340
5337854000,s,1340
5337957000,s,1340
5338066000,s,1340
5338174000,s,1340
5338270000,s,1340
5338375000,s,1340
5338473000,s,1340
5338576000,s,1340
5338671000,s,1340
5338768000,s,1340
5338878000,s,1340
5338975000,s,1340
5339085000,s,1340
5339186000,s,1340
5339272000,s,1340
5339362000,s,1340
5339516000,s,1340
5339620000,s,1340
5339717000,s,1340
5339803000,s,1340
5339893000,s,1340
5339987000,s,1340
5340079000,s,1340
5340173000,s,1340
5340325000,s,1340
5340529000,s,1340
5340663000,s,1340
5340765000,s,1340
5340909000,s,1340
5341025000,s,1340
5341096000,s,1340
5341180000,r,1440
5341181000,r,1440
5341263000,s,1340
5341433000,s,1340
5341545000,s,1340
5341745000,s,1340
5341866000,s,1340
5341985000,s,1340
5342100000,s,1340
5342437000,s,1340
5342528000,s,1340
5343155000,s,1340
5343243000,s,1340
5343354000,s,1340
5343516000,s,1340
5343589000,s,1340
5343707000,s,1340
5343786000,s,1340
5343942000,s,1340
5344032000,s,1340
5344209000,s,1340
5344352000,s,1340
5344828000,s,1340
5345153000,s,1340
5345512000,s,1340
5345651000,s,1340
5345801000,s,1340
5346071000,s,1340
5346214000,s,1340
5346351000,s,1340
5346445000,s,1340
5346787000,s,1340
5347201000,s,1340
5347378000,s,1340
5347538000,s,1340
5347676000,s,1340
5347931000,s,1340
5348053000,s,1340
5348209000,s,1340
5348288000,s,1340
5348468000,s,1340
5348597000,s,1340
5349002000,s,1340
5349115000,s,1340
5349662000,s,1340
5349785000,s,1340
5349822000,s,1340
5350018000,s,1340
5350217000,s,1340
5352100000,r,1440
5352100000,r,1440
5352100000,r,1440
5352101000,r,1440
5352101000,r,1440
5352101000,r,1440
5352101000,r,1440
5352102000,r,1440
5352324000,r,1440
5352324000,r,1440
5352325000,r,1440
5352325000,r,1440
5352325000,r,1440
5352325000,r,1440
5352326000,r,1440
5352326000,r,1440
5352404000,r,1440
5352404000,r,1440
5352405000,r,1440
5352405000,r,1440
5352405000,r,1440
5352405000,r,1440
5352406000,r,1440
5352406000,r,1440
5352486000,r,1440
5352486000,r,1440
5352486000,r,1440
5352486000,r,1440
5352487000,r,1440
5352487000,r,1440
5352487000,r,1440
5352487000,r,1440
5352565000,r,1440
5352566000,r,1440
5352566000,r,1440
5352566000,r,1440
5352566000,r,1440
5352567000,r,1440
5352567000,r,1440
5352567000,r,1440
5352636000,r,1440
5352636000,r,1440
5352637000,r,1440
5352637000,r,1440
5353541000,s,1340
5353868000,s,1340
5353977000,s,1340
5354075000,s,1340
5354150000,s,1340
5354213000,s,1340
5354280000,s,1340
5354372000,s,1340
5354456000,s,1340
5354509000,s,1340
5354602000,s,1340
5354689000,s,1340
5354765000,s,1340
5354843000,s,1340
5355040000,s,1340
5355135000,s,1340
5355447000,r,1440
5355607000,s,1340
5355678000,s,1340
5355832000,s,1340
5356000000,s,1340
5356097000,s,1340
5356245000,s,1340
5356370000,s,1340
5356594000,s,1340
5356631000,s,1340
5356727000,s,1340
5356820000,s,1340
5356898000,s,1340
5356986000,s,1340
5357158000,s,1340
5357209000,s,1340
5357338000,s,1340
5357455000,s,1340
5357578000,s,1340
5358350000,s,1340
5358554000,s,1340
5358666000,s,1340
5358773000,s,1340
5358819000,s,1340
5358960000,s,1340
5359053000,s,1340
5359290000,s,1340
5359563000,s,1340
5359786000,s,1340
5359871000,s,1340
5359949000,s,1340
5360135000,s,1340
5360228000,s,1340
5360308000,s,1340
5360437000,s,1340
5360591000,s,1340
5360647000,s,1340
5360679000,s,1340
5360805000,s,1340
5360984000,s,1340
5361170000,s,1340
5361278000,s,1340
5361768000,s,1340
5362002000,s,1340
5362137000,s,1340
5362229000,s,1340
5362473000,s,1340
5362527000,s,1340
5362677000,s,1340
5362744000,s,1340
5363890000,s,1340
5364215000,s,1340
5364419000,s,1340
5364594000,s,1340
5364794000,s,1340
5364941000,s,1340
5365271000,s,1340
5365383000,s,1340
5365490000,s,1340
5365528000,r,1440
5365961000,s,1340
5366153000,s,1340
5366289000,s,1340
5366535000,s,1340
5366688000,s,1340
5366778000,s,1340
5366878000,s,1340
5367115000,s,1340
5367189000,s,1340
5367225000,s,1340
5367468000,s,1340
5367876000,s,1340
5367920000,s,1340
5368028000,r,1440
5368093000,s,1340
5368311000,s,1340
5368423000,s,1340
5368467000,s,1340
5369942000,r,1440
5369942000,r,1440
5370572000,s,1340
5370824000,r,1440
5371151000,s,1340
5379039000,s,1340
5888668000,s,1340
6009286000,s,1340
6010154000,s,1340
6010243000,s,1340
6020471000,r,1440
6022899000,r,1440
6024804000,s,1340
6024943000,s,1340
6025071000,s,1340
6025384000,s,1340
6025489000,s,1340
6025665000,s,1340
6025936000,s,1340
6026102000,s,1340
6026356000,s,1340
6026474000,s,1340
6026578000,s,1340
6026813000,s,1340
6027049000,s,1340
6027216000,s,1340
6027996000,s,1340
6028267000,s,1340
6028340000,s,1340
6028415000,r,1440
6028436000,s,1340
6028416000,r,1440
6028416000,r,1440
6028416000,r,1440
6028417000,r,1440
6028417000,r,1440
6028418000,r,1440
6028418000,r,1440
6028807000,r,1440
6028808000,r,1440
6028928000,r,1440
6028928000,r,1440
6028928000,r,1440
6028929000,r,1440
6028929000,r,1440
6028930000,r,1440
6029100000,s,1340
6029656000,s,1340
6029828000,s,1340
6029879000,s,1340
6029919000,s,1340
6029952000,s,1340
6030315000,s,1340
6030432000,s,1340
6030477000,s,1340
6030512000,s,1340
6030544000,s,1340
6030574000,s,1340
6030740000,s,1340
6031010000,r,1440
6031010000,r,1440
6031011000,r,1440
6031011000,r,1440
6031742000,s,1340
6031879000,s,1340
6031927000,s,1340
6031963000,s,1340
6031995000,s,1340
6032025000,s,1340
6032054000,s,1340
6032245000,s,1340
6032413000,s,1340
6032524000,s,1340
6032593000,s,1340
6032643000,s,1340
6032918000,s,1340
6032984000,s,1340
6033151000,s,1340
6033488000,s,1340
6033687000,s,1340
6033864000,s,1340
6033946000,s,1340
6034421000,s,1340
6034765000,s,1340
6034853000,s,1340
6034890000,s,1340
6035075000,s,1340
6035487000,s,1340
6035656000,s,1340
6035910000,s,1340
6036058000,s,1340
6036246000,s,1340
6036413000,s,1340
6037735000,s,1340
6037920000,s,1340
6038133000,s,1340
6039025000,s,1340
6039222000,s,1340
6039276000,s,1340
6039546000,s,1340
6039676000,s,1340
6039758000,s,1340
6039878000,s,1340
6040067000,s,1340
6040322000,s,1340
6040458000,s,1340
6041011000,s,1340
6041406000,s,1340
6041532000,s,1340
6041876000,s,1340
6041972000,s,1340
6042014000,s,1340
6042175000,s,1340
6042309000,s,1340
6042382000,s,1340
6042523000,r,1440
6042583000,s,1340
6042523000,r,1440
6042524000,r,1440
6042524000,r,1440
6042525000,r,1440
6042525000,r,1440
6042831000,s,1340
6042526000,r,1440
6042526000,r,1440
6042932000,r,1440
6042932000,r,1440
6042933000,r,1440
6042933000,r,1440
6042933000,r,1440
6043017000,s,1340
6043037000,r,1440
6043037000,r,1440
6043124000,s,1340
6043037000,r,1440
6043038000,r,1440
6043038000,r,1440
6043039000,r,1440
6043210000,s,1340
6043315000,s,1340
6043481000,s,1340
6043588000,s,1340
6043677000,s,1340
6043752000,s,1340
6043829000,s,1340
6043907000,s,1340
6043985000,s,1340
6044431000,s,1340
6044582000,s,1340
6044811000,r,1440
6044851000,s,1340
6044811000,r,1440
6044811000,r,1440
6044812000,r,1440
6044812000,r,1440
6044813000,r,1440
6045444000,r,1440
6045445000,r,1440
6045445000,r,1440
6045602000,r,1440
6045603000,r,1440
6045603000,r,1440
6045639000,s,1340
6045866000,s,1340
6046000000,s,1340
6046072000,s,1340
6046159000,s,1340
6046217000,s,1340
6046255000,s,1340
6046284000,s,1340
6046443000,r,1440
6046444000,r,1440
6046444000,r,1440
6047163000,r,1440
6047163000,r,1440
6047164000,r,1440
6047164000,r,1440
6047164000,r,1440
6047165000,r,1440
6047165000,r,1440
6049064000,r,1440
6051065000,s,1340
6051184000,s,1340
6051278000,s,1340
6051335000,s,1340
6051389000,s,1340
6051502000,s,1340
6051562000,s,1340
6051620000,s,1340
6051676000,s,1340
6051731000,s,1340
6051808000,s,1340
6051868000,s,1340
6051948000,s,1340
6052034000,s,1340
6052123000,s,1340
6052209000,s,1340
6052392000,s,1340
6052481000,s,1340
6052567000,s,1340
6052685000,s,1340
6052773000,s,1340
6052860000,s,1340
6052941000,s,1340
6053020000,s,1340
6053112000,s,1340
6053195000,s,1340
6053362000,s,1340
6053453000,s,1340
6053547000,s,1340
6053759000,s,1340
6053858000,s,1340
6053945000,s,1340
6054009000,s,1340
6054067000,s,1340
6054127000,s,1340
6054400000,s,1340
6054510000,s,1340
6054614000,s,1340
6054674000,s,1340
6054728000,s,1340
6054854000,s,1340
6054947000,s,1340
6055036000,s,1340
6055291000,s,1340
6055590000,s,1340
6055904000,s,1340
6055977000,r,1440
6056025000,s,1340
6056117000,s,1340
6056311000,s,1340
6056543000,s,1340
6056659000,s,1340
6056773000,s,1340
6056888000,s,1340
6057328000,s,1340
6057455000,s,1340
6057503000,s,1340
6057558000,s,1340
6057794000,s,1340
6057917000,s,1340
6058303000,s,1340
6058510000,s,1340
6058607000,s,1340
6058777000,s,1340
6059465000,r,1440
6059466000,r,1440
6059466000,r,1440
6059467000,r,1440
6059668000,s,1340
6059467000,r,1440
6059468000,r,1440
6059796000,r,1440
6059796000,r,1440
6059797000,r,1440
6059797000,r,1440
6059798000,r,1440
6059798000,r,1440
6060301000,r,1440
6060329000,s,1340
6060301000,r,1440
6060393000,s,1340
6060302000,r,1440
6060302000,r,1440
6060435000,s,1340
6060303000,r,1440
6060303000,r,1440
6060471000,s,1340
6060303000,r,1440
6060304000,r,1440
6060504000,s,1340
6060528000,r,1440
6060538000,s,1340
6060571000,s,1340
6060603000,s,1340
6060881000,s,1340
6061037000,s,1340
6061284000,s,1340
6061365000,s,1340
6061406000,s,1340
6061431000,s,1340
6061453000,s,1340
6061653000,s,1340
6061776000,s,1340
6061860000,s,1340
6061939000,s,1340
6061961000,r,1440
6062036000,s,1340
6061961000,r,1440
6061961000,r,1440
6061962000,r,1440
6062118000,s,1340
6061962000,r,1440
6061962000,r,1440
6061962000,r,1440
6062201000,s,1340
6062285000,s,1340
6062383000,s,1340
6062499000,s,1340
6062615000,s,1340
6062726000,s,1340
6062806000,s,1340
6062877000,s,1340
6062974000,s,1340
6063147000,s,1340
6063250000,s,1340
6063339000,s,1340
6063446000,s,1340
6063561000,s,1340
6063908000,s,1340
6064220000,s,1340
6064468000,s,1340
6064572000,s,1340
6064641000,s,1340
6064745000,s,1340
6065020000,s,1340
6065272000,s,1340
6065409000,s,1340
6065551000,s,1340
6065896000,s,1340
6066217000,s,1340
6066430000,s,1340
6066624000,s,1340
6066975000,s,1340
6067446000,r,1440
6067447000,r,1440
6067447000,r,1440
6067682000,r,1440
6067682000,r,1440
6067683000,r,1440
6068342000,s,1340
6068454000,s,1340
6069158000,s,1340
6069289000,s,1340
6070237000,r,1440
6070237000,r,1440
6070238000,r,1440
6070238000,r,1440
6070238000,r,1440
6070239000,r,1440
6070239000,r,1440
6070240000,r,1440
6070483000,r,1440
6070483000,r,1440
6070484000,r,1440
6070484000,r,1440
6070485000,r,1440
6070485000,r,1440
6070486000,r,1440
6070486000,r,1440
6070605000,r,1440
6070747000,r,1440
6070747000,r,1440
6070748000,r,1440
6070748000,r,1440
6070749000,r,1440
6070749000,r,1440
6070749000,r,1440
6070750000,r,1440
6070881000,r,1440
6071043000,r,1440
6071044000,r,1440
6071044000,r,1440
6071045000,r,1440
6071045000,r,1440
6071046000,r,1440
6071995000,r,1440
6071996000,r,1440
6071996000,r,1440
6071996000,r,1440
6071997000,r,1440
6071997000,r,1440
6071998000,r,1440
6071998000,r,1440
6072164000,r,1440
6072165000,r,1440
6072165000,r,1440
6072166000,r,1440
6073132000,s,1340
6073235000,s,1340
6073280000,s,1340
6074202000,s,1340
6074210000,r,1440
6074211000,r,1440
6074277000,s,1340
6074211000,r,1440
6074212000,r,1440
6074212000,r,1440
6074330000,s,1340
6074213000,r,1440
6074365000,s,1340
6074397000,s,1340
6074601000,s,1340
6074662000,s,1340
6074703000,s,1340
6074738000,s,1340
6074773000,s,1340
6075215000,s,1340
6075439000,s,1340
6075614000,s,1340
6075746000,s,1340
6075880000,s,1340
6077951000,s,1340
6078057000,s,1340
6078122000,s,1340
6078157000,s,1340
6078203000,s,1340
6078233000,s,1340
6078495000,s,1340
6078632000,s,1340
6078840000,s,1340
6078988000,s,1340
6079025000,r,1440
6079025000,r,1440
6079026000,r,1440
6079149000,s,1340
6079026000,r,1440
6079027000,r,1440
6079027000,r,1440
6079027000,r,1440
6079028000,r,1440
6079254000,r,1440
6079255000,r,1440
6079276000,s,1340
6079255000,r,1440
6079256000,r,1440
6079256000,r,1440
6079256000,r,1440
6079257000,r,1440
6079257000,r,1440
6079461000,r,1440
6079461000,r,1440
6079462000,r,1440
6079462000,r,1440
6079462000,r,1440
6079463000,r,1440
6079463000,r,1440
6079464000,r,1440
6079602000,s,1340
6079605000,r,1440
6079606000,r,1440
6079606000,r,1440
6079607000,r,1440
6079607000,r,1440
6079608000,r,1440
6079608000,r,1440
6079608000,r,1440
6079732000,r,1440
6079733000,r,1440
6079733000,r,1440
6079734000,r,1440
6079734000,r,1440
6079735000,r,1440
6079735000,r,1440
6079735000,r,1440
6079848000,s,1340
6079858000,r,1440
6079858000,r,1440
6079858000,r,1440
6079859000,r,1440
6079859000,r,1440
6079860000,r,1440
6079860000,r,1440
6079860000,r,1440
6079972000,r,1440
6079972000,r,1440
6080082000,s,1340
6080174000,r,1440
6080174000,r,1440
6080175000,r,1440
6080175000,r,1440
6080454000,s,1340
6080591000,s,1340
6080639000,s,1340
6080671000,s,1340
6080702000,s,1340
6080740000,s,1340
6080832000,s,1340
6081043000,s,1340
6081132000,s,1340
6081505000,s,1340
6081604000,s,1340
6081651000,s,1340
6081690000,s,1340
6081727000,s,1340
6081760000,s,1340
6081794000,s,1340
6081827000,s,1340
6081861000,s,1340
6082630000,s,1340
6082721000,s,1340
6082762000,s,1340
6082791000,s,1340
6082817000,s,1340
6082845000,s,1340
6082868000,s,1340
6082889000,s,1340
6082911000,s,1340
6082932000,s,1340
6082956000,s,1340
6082978000,s,1340
6082999000,s,1340
6083022000,s,1340
6083043000,s,1340
6083063000,s,1340
6083084000,s,1340
6083113000,s,1340
6083139000,s,1340
6083364000,s,1340
6083493000,s,1340
6083663000,s,1340
6083905000,s,1340
6084041000,s,1340
6084414000,s,1340
6084579000,s,1340
6084722000,s,1340
6084849000,s,1340
6084975000,s,1340
6085073000,s,1340
6085265000,s,1340
6085380000,s,1340
6085801000,s,1340
6085937000,s,1340
6086071000,s,1340
6086403000,s,1340
6086500000,s,1340
6086617000,s,1340
6086875000,s,1340
6087003000,s,1340
6087125000,s,1340
6087378000,s,1340
6087475000,s,1340
6087592000,s,1340
6087673000,s,1340
6087813000,s,1340
6087856000,s,1340
6087983000,s,1340
6088201000,s,1340
6088255000,s,1340
6088468000,s,1340
6088566000,s,1340
6088617000,s,1340
6088671000,s,1340
6088931000,s,1340
6088983000,s,1340
6089177000,s,1340
6089318000,s,1340
6089576000,s,1340
6089810000,s,1340
6089939000,s,1340
6090213000,s,1340
6090486000,s,1340
6090558000,s,1340
6090598000,s,1340
6091791000,s,1340
6091928000,s,1340
6091997000,s,1340
6092189000,s,1340
6092230000,s,1340
6092319000,s,1340
6092398000,s,1340
6092445000,s,1340
6092620000,s,1340
6092714000,s,1340
6092842000,s,1340
6092926000,s,1340
6093272000,s,1340
6093342000,s,1340
6093504000,s,1340
6093898000,s,1340
6094486000,s,1340
6094523000,s,1340
6094547000,s,1340
6094768000,s,1340
6094894000,s,1340
6095161000,s,1340
6095289000,s,1340
6095372000,s,1340
6095520000,s,1340
6095653000,s,1340
6096848000,s,1340
6096888000,r,1440
6096999000,s,1340
6096888000,r,1440
6096888000,r,1440
6096894000,r,1440
6096895000,r,1440
6096895000,r,1440
6097098000,s,1340
6098355000,s,1340
6098535000,s,1340
6098629000,s,1340
6099027000,s,1340
6099162000,s,1340
6099210000,s,1340
6099736000,s,1340
6099893000,s,1340
6100291000,s,1340
6100394000,s,1340
6100565000,r,1440
6100612000,s,1340
6100565000,r,1440
6100566000,r,1440
6100566000,r,1440
6100566000,r,1440
6100567000,r,1440
6100567000,r,1440
6100568000,r,1440
6100795000,r,1440
6100979000,s,1340
6101093000,s,1340
6101135000,s,1340
6101168000,s,1340
6101208000,s,1340
6101275000,s,1340
6101552000,s,1340
6101716000,s,1340
6102681000,r,1440
6102681000,r,1440
6102681000,r,1440
6102682000,r,1440
6102682000,r,1440
6102682000,r,1440
6103100000,s,1340
6103188000,s,1340
6103231000,s,1340
6103284000,s,1340
6104016000,s,1340
6104088000,s,1340
6104267000,s,1340
6104390000,s,1340
6104580000,s,1340
6104836000,s,1340
6104997000,s,1340
6105133000,s,1340
6105334000,s,1340
6105442000,r,1440
6105476000,s,1340
6105527000,s,1340
6105443000,r,1440
6105443000,r,1440
6105443000,r,1440
6105607000,s,1340
6105678000,s,1340
6105755000,s,1340
6105916000,s,1340
6116435000,s,1340
6120906000,r,1440
6120907000,r,1440
6121763000,s,1340
6123753000,r,1440
6124412000,s,1340
6131445000,r,1440
6131446000,r,1440
6131446000,r,1440
6132337000,s,1340
6250155000,s,1340
6260044000,r,1440
6260391000,r,1440
6260822000,r,1440
6262069000,r,1440
6262199000,s,1340
6262504000,s,1340
6262879000,r,1440
6267723000,s,1340
6267859000,s,1340
6279471000,r,1440
6279472000,r,1440
6279472000,r,1440
6280709000,s,1340
6280808000,s,1340
6283149000,r,1440
6283323000,r,1440
6283664000,s,1340
6284326000,s,1340
6285077000,r,1440
6285078000,r,1440
6289003000,s,1340
6289877000,r,1440
6291088000,r,1440
6291089000,r,1440
6291089000,r,1440
6291817000,s,1340
6296702000,r,1440
6296702000,r,1440
6297673000,s,1340
6299428000,r,1440
6299428000,r,1440
6300008000,s,1340
6300644000,s,1340
6300843000,s,1340
6300929000,s,1340
6301016000,s,1340
6301319000,s,1340
6301440000,s,1340
6301653000,s,1340
6301715000,r,1440
6301777000,s,1340
6301827000,s,1340
6301716000,r,1440
6301716000,r,1440
6301883000,s,1340
6302081000,s,1340
6302218000,s,1340
6302345000,s,1340
6302445000,s,1340
6302557000,s,1340
6302672000,s,1340
6303031000,s,1340
6303172000,s,1340
6303500000,s,1340
6303628000,s,1340
6303950000,s,1340
6304067000,s,1340
6304185000,s,1340
6304302000,s,1340
6304599000,s,1340
6304746000,s,1340
6304990000,s,1340
6305311000,s,1340
6305465000,s,1340
6305580000,s,1340
6305694000,s,1340
6305805000,s,1340
6306751000,s,1340
6306870000,s,1340
6306929000,s,1340
6306983000,s,1340
6307028000,s,1340
6307310000,s,1340
6307367000,s,1340
6307486000,s,1340
6307530000,s,1340
6307935000,s,1340
6308070000,s,1340
6308363000,s,1340
6308459000,s,1340
6308692000,s,1340
6308781000,s,1340
6308816000,r,1440
6308880000,s,1340
6308816000,r,1440
6308817000,r,1440
6308961000,s,1340
6308817000,r,1440
6309201000,s,1340
6309316000,s,1340
6309395000,s,1340
6309460000,s,1340
6309637000,s,1340
6309730000,s,1340
6309917000,s,1340
6309996000,s,1340
6310066000,s,1340
6310124000,s,1340
6310501000,s,1340
6310605000,s,1340
6310769000,s,1340
6311150000,s,1340
6311242000,s,1340
6311381000,s,1340
6311595000,s,1340
6311839000,s,1340
6312061000,s,1340
6312282000,s,1340
6312410000,s,1340
6312613000,s,1340
6312931000,s,1340
6313581000,s,1340
6313755000,s,1340
6313992000,r,1440
6314007000,s,1340
6313992000,r,1440
6313993000,r,1440
6313993000,r,1440
6314287000,s,1340
6314379000,s,1340
6314657000,s,1340
6314726000,s,1340
6314771000,s,1340
6314811000,s,1340
6315032000,s,1340
6315167000,s,1340
6315213000,s,1340
6315248000,s,1340
6315544000,s,1340
6315849000,s,1340
6315958000,s,1340
6316586000,s,1340
6316750000,s,1340
6316851000,s,1340
6317148000,s,1340
6317356000,s,1340
6317590000,s,1340
6317827000,s,1340
6317944000,r,1440
6317974000,s,1340
6318124000,s,1340
6318281000,s,1340
6318986000,s,1340
6319148000,s,1340
6319311000,s,1340
6319538000,s,1340
6319829000,s,1340
6320032000,s,1340
6320163000,s,1340
6320253000,s,1340
6320389000,s,1340
6320583000,s,1340
6320923000,s,1340
6321162000,s,1340
6321500000,s,1340
6321627000,s,1340
6321693000,s,1340
6322103000,s,1340
6322283000,s,1340
6322445000,s,1340
6322748000,s,1340
6322819000,s,1340
6323075000,s,1340
6323388000,s,1340
6323683000,s,1340
6323837000,s,1340
6323994000,s,1340
6324252000,r,1440
6324252000,r,1440
6324252000,r,1440
6324253000,r,1440
6324896000,s,1340
6325103000,s,1340
6325249000,s,1340
6325358000,s,1340
6331486000,r,1440
6331486000,r,1440
6331487000,r,1440
6331487000,r,1440
6331487000,r,1440
6331488000,r,1440
6332461000,s,1340
6332574000,s,1340
6332617000,s,1340
6333100000,s,1340
6333204000,s,1340
6335518000,r,1440
6335519000,r,1440
6335519000,r,1440
6335520000,r,1440
6335520000,r,1440
6336541000,s,1340
6336687000,s,1340
6336734000,s,1340
6343061000,s,1340
6348982000,r,1440
6348982000,r,1440
6348982000,r,1440
6348983000,r,1440
6348983000,r,1440
6348984000,r,1440
6348984000,r,1440
6348985000,r,1440
6349817000,s,1340
6349938000,s,1340
6351256000,r,1440
6351257000,r,1440
6351257000,r,1440
6352273000,s,1340
6352419000,s,1340
6360548000,s,1340
6380235000,s,1340
6392541000,r,1440
6405567000,s,1340
6405734000,s,1340
6420341000,r,1440
6420342000,r,1440
6432523000,s,1340
6443501000,r,1440
6444527000,s,1340
6465339000,r,1440
6466292000,r,1440
6466872000,s,1340
6467003000,s,1340
6470054000,r,1440
6470055000,r,1440
6470636000,r,1440
6471331000,s,1340
6472447000,r,1440
6472447000,r,1440
6472982000,s,1340
6477397000,s,1340
6480922000,r,1440
6480922000,r,1440
6480922000,r,1440
6480923000,r,1440
6480923000,r,1440
6481655000,s,1340
6482164000,s,1340
6482291000,s,1340
6482518000,s,1340
6483176000,s,1340
6483593000,s,1340
6483670000,s,1340
6484263000,s,1340
6484377000,s,1340
6484641000,s,1340
6484810000,s,1340
6484882000,s,1340
6485036000,s,1340
6485122000,s,1340
6485378000,s,1340
6485635000,s,1340
6485872000,s,1340
6486060000,s,1340
6486282000,s,1340
6486332000,s,1340
6486382000,s,1340
6486503000,s,1340
6486807000,s,1340
6486885000,s,1340
6487095000,s,1340
6487169000,s,1340
6487225000,s,1340
6487512000,s,1340
6487717000,s,1340
6487855000,s,1340
6488113000,s,1340
6488394000,s,1340
6488500000,s,1340
6488670000,s,1340
6488879000,s,1340
6488994000,s,1340
6489182000,s,1340
6489288000,s,1340
6490829000,s,1340
6491159000,s,1340
6491442000,s,1340
6491613000,s,1340
6491691000,s,1340
6492096000,s,1340
6492362000,s,1340
6492531000,s,1340
6492657000,s,1340
6493012000,s,1340
6493139000,s,1340
6493421000,s,1340
6493542000,s,1340
6493651000,s,1340
6493805000,s,1340
6493944000,s,1340
6494039000,s,1340
6494353000,s,1340
6494471000,s,1340
6494738000,s,1340
6494975000,s,1340
6495228000,s,1340
6495323000,s,1340
6495369000,s,1340
6495917000,s,1340
6496144000,s,1340
6497897000,s,1340
6498229000,s,1340
6498360000,s,1340
6498409000,s,1340
6498788000,s,1340
6498900000,s,1340
6499130000,s,1340
6499763000,s,1340
6499965000,s,1340
6500279000,s,1340
6500442000,s,1340
6500590000,s,1340
6500845000,s,1340
6501111000,s,1340
6501252000,s,1340
6501377000,s,1340
6501674000,s,1340
6501726000,s,1340
6502265000,s,1340
6502390000,s,1340
6502459000,s,1340
6502504000,s,1340
6502685000,s,1340
6502746000,s,1340
6502854000,s,1340
6502999000,s,1340
6503315000,s,1340
6503460000,s,1340
6503533000,s,1340
6503583000,s,1340
6503782000,s,1340
6504066000,s,1340
6504271000,s,1340
6504562000,s,1340
6504801000,s,1340
6504861000,s,1340
6505079000,s,1340
6515261000,s,1340
6515388000,s,1340
6515521000,s,1340
6515565000,s,1340
6515598000,s,1340
6516940000,s,1340
6517067000,s,1340
6517388000,s,1340
6517534000,s,1340
6517707000,s,1340
6517885000,s,1340
6517932000,s,1340
6518103000,s,1340
6518445000,s,1340
6518595000,s,1340
6518881000,s,1340
6518950000,s,1340
6519059000,s,1340
6519288000,s,1340
6519491000,s,1340
6519599000,s,1340
6519703000,s,1340
6519931000,s,1340
6519988000,s,1340
6520035000,s,1340
6520199000,s,1340
6520309000,s,1340
6520406000,s,1340
6520523000,s,1340
6520670000,s,1340
6520810000,s,1340
6521005000,s,1340
6521158000,s,1340
6521310000,s,1340
6521457000,s,1340
6521508000,s,1340
6521687000,s,1340
6521932000,s,1340
6522758000,s,1340
6523648000,s,1340
6523772000,s,1340
6523834000,s,1340
6524060000,s,1340
6524199000,s,1340
6524361000,s,1340
6524621000,s,1340
6524790000,s,1340
6524900000,s,1340
6525003000,s,1340
6525140000,s,1340
6525249000,s,1340
6526011000,s,1340
6526252000,s,1340
6526434000,s,1340
6526560000,s,1340
6526867000,s,1340
6527005000,s,1340
6527187000,s,1340
6527470000,s,1340
6527612000,s,1340
6527994000,s,1340
6528244000,s,1340
6528411000,s,1340
6528674000,s,1340
6529034000,s,1340
6529534000,s,1340
6529947000,s,1340
6530312000,s,1340
6530486000,s,1340
6530669000,s,1340
6531186000,s,1340
6531605000,s,1340
6531786000,s,1340
6531909000,s,1340
6532032000,s,1340
6532150000,s,1340
6532451000,s,1340
6532528000,s,1340
6532660000,s,1340
6532875000,s,1340
6533118000,s,1340
6533396000,s,1340
6533507000,s,1340
6533615000,s,1340
6533730000,s,1340
6533991000,s,1340
6534241000,s,1340
6534338000,s,1340
6534386000,s,1340
6534552000,s,1340
6534870000,s,1340
6535143000,s,1340
6535245000,s,1340
6535498000,s,1340
6535574000,s,1340
6535967000,s,1340
6536073000,s,1340
6536148000,s,1340
6536230000,s,1340
6537415000,s,1340
6537656000,s,1340
6537901000,s,1340
6537942000,s,1340
6538192000,s,1340
6538363000,s,1340
6538709000,s,1340
6538915000,s,1340
6539031000,s,1340
6539250000,s,1340
6539388000,s,1340
6539836000,s,1340
6539902000,s,1340
6539965000,s,1340
6540003000,s,1340
6540039000,s,1340
6540726000,s,1340
6540867000,s,1340
6540930000,s,1340
6551614000,s,1340
6890700000,r,1440
6890700000,r,1440
7300819000,r,1440
7302357000,s,1340
7605835000,r,1440
7726369000,r,1440
7726369000,r,1440
7727793000,s,1340
7728528000,s,1340
7728644000,s,1340
7728690000,s,1340
7737782000,r,1440
7740706000,r,1440
7743468000,r,1440
7743706000,r,1440
7744234000,s,1340
7745052000,r,1440
7746499000,s,1340
8119280000,r,1440
8192597000,s,1340
8192812000,s,1340
8531525000,r,1440
8531526000,r,1440
8569815000,s,1340
8569920000,s,1340
8581200000,r,1440
8581200000,r,1440
8581200000,r,1440
8581200000,r,1440
8581722000,s,1340
8581778000,s,1340
8581793000,s,1340
8581804000,s,1340
8582190000,s,1340
8582295000,s,1340
8582357000,s,1340
8582439000,s,1340
8582501000,s,1340
8582706000,r,1440
8582726000,s,1340
8582788000,s,1340
8583253000,r,1440
8583371000,s,1340
8590904000,r,1440
8591272000,s,1340
8591998000,r,1440
8592271000,r,1440
8592421000,s,1340
8593159000,s,1340
8611667000,s,1340
8611782000,s,1340
8612061000,s,1340
8618436000,r,1440
8618437000,r,1440
8618437000,r,1440
8618912000,s,1340
8624126000,s,1340
8624191000,s,1340
8624204000,s,1340
8625432000,s,1340
8625522000,s,1340
8625553000,s,1340
8626152000,s,1340
8627565000,s,1340
8627613000,s,1340
8628174000,s,1340
8628235000,s,1340
8629383000,s,1340
8629529000,s,1340
8629568000,s,1340
8630096000,s,1340
8630224000,s,1340
8630319000,s,1340
8630383000,s,1340
8630757000,s,1340
8630823000,s,1340
8631063000,s,1340
8631137000,s,1340
8631243000,s,1340
8631390000,s,1340
8631439000,s,1340
8631733000,s,1340
8631907000,s,1340
8631959000,s,1340
8632548000,s,1340
8632800000,s,1340
8633037000,s,1340
8633144000,s,1340
8633242000,s,1340
8633425000,s,1340
8633507000,s,1340
8633546000,s,1340
8633784000,s,1340
8634139000,s,1340
8634259000,s,1340
8634879000,s,1340
8635693000,s,1340
8635766000,s,1340
8636903000,s,1340
8637023000,s,1340
8637216000,s,1340
8638101000,s,1340
8638173000,s,1340
8638571000,s,1340
8638781000,s,1340
8638879000,s,1340
8639131000,s,1340
8639222000,s,1340
8639487000,s,1340
8639786000,s,1340
8639862000,s,1340
8639954000,s,1340
8640071000,s,1340
8640121000,s,1340
8648159000,r,1440
8648160000,r,1440
8649876000,r,1440
8650274000,s,1340
8650366000,r,1440
8650394000,s,1340
8651410000,r,1440
8651410000,r,1440
8651891000,s,1340
8651942000,s,1340
8652262000,s,1340
8652399000,s,1340
8652512000,s,1340
8653113000,r,1440
8653228000,s,1340
8662199000,r,1440
8663988000,s,1340
8674070000,r,1440
8674736000,r,1440
8674736000,r,1440
8675072000,s,1340
8675436000,r,1440
8675534000,s,1340
8675628000,s,1340
8675703000,s,1340
8675775000,s,1340
8675982000,s,1340
8676125000,s,1340
8676357000,s,1340
8676402000,r,1440
8676461000,s,1340
8676590000,s,1340
8686700000,s,1340
8701702000,s,1340
8710390000,r,1440
8711124000,r,1440
8712485000,r,1440
8712668000,s,1340
13623707000,s,1340
13664706000,s,1340
13665161000,s,1340
13665390000,s,1340
13665423000,s,1340
13685749000,r,1440
13685749000,r,1440
13685750000,r,1440
13688480000,s,1340
13688520000,r,1440
13723056000,r,1440
13723057000,r,1440
13725323000,s,1340
13725678000,s,1340
13731594000,r,1440
13734792000,r,1440
13734792000,r,1440
13736664000,s,1340
13738172000,r,1440
13738173000,r,1440
13739561000,s,1340
13742832000,s,1340
13750563000,r,1440
13750563000,r,1440
13751965000,s,1340
13755447000,r,1440
13755985000,s,1340
13756526000,s,1340
13756847000,s,1340
13762704000,s,1340
13779683000,s,1340
13783114000,r,1440
13783115000,r,1440
13783115000,r,1440
13783116000,r,1440
13783116000,r,1440
13783117000,r,1440
13783117000,r,1440
13783118000,r,1440
13785819000,s,1340
13786392000,s,1340
13786745000,r,1440
13787046000,s,1340
13789168000,s,1340
13795709000,s,1340
13796027000,s,1340
13796237000,s,1340
13796526000,s,1340
13796749000,s,1340
13796951000,s,1340
13797234000,s,1340
13797505000,s,1340
13797706000,s,1340
13797907000,s,1340
13798188000,s,1340
13798472000,s,1340
13798727000,s,1340
13799010000,s,1340
13799213000,s,1340
13799533000,s,1340
13799791000,s,1340
13800074000,s,1340
13800268000,s,1340
13800473000,s,1340
13800737000,s,1340
13800936000,s,1340
13801214000,s,1340
13801467000,s,1340
13801738000,s,1340
13801998000,s,1340
13802307000,s,1340
13802598000,s,1340
13802847000,s,1340
13803118000,s,1340
13803514000,s,1340
13803788000,s,1340
13804046000,s,1340
13804303000,s,1340
13804606000,s,1340
13804881000,s,1340
13805154000,s,1340
13805466000,s,1340
13805744000,s,1340
13806022000,s,1340
13806316000,s,1340
13806629000,s,1340
13806915000,s,1340
13807209000,s,1340
13811377000,s,1340
13812485000,s,1340
13813223000,s,1340
13813717000,s,1340
13814859000,s,1340
13815164000,s,1340
13815546000,s,1340
13815813000,s,1340
13816087000,s,1340
13816350000,s,1340
13816608000,s,1340
13816870000,s,1340
13817144000,s,1340
13817407000,s,1340
13817666000,s,1340
13817930000,s,1340
13818197000,s,1340
13818434000,s,1340
13818681000,s,1340
13818937000,s,1340
13819208000,s,1340
13819568000,s,1340
13819841000,s,1340
13820097000,s,1340
13820384000,s,1340
13820651000,s,1340
13820917000,s,1340
13821174000,s,1340
13821430000,s,1340
13821693000,s,1340
13821943000,s,1340
13822216000,s,1340
13822486000,s,1340
13822751000,s,1340
13823010000,s,1340
13823266000,s,1340
13823652000,s,1340
13823923000,s,1340
13824189000,s,1340
13824442000,s,1340
13824718000,s,1340
13824975000,s,1340
13825230000,s,1340
13825493000,s,1340
13825763000,s,1340
13826017000,s,1340
13826277000,s,1340
13826532000,s,1340
13826831000,s,1340
13827085000,s,1340
13827347000,s,1340
13827710000,s,1340
13827990000,s,1340
13828264000,s,1340
13828524000,s,1340
13828803000,s,1340
13829065000,s,1340
13829401000,s,1340
13830090000,s,1340
13830410000,s,1340
13830682000,s,1340
13830975000,s,1340
13831097000,r,1440
13831267000,s,1340
13831097000,r,1440
13831688000,s,1340
13831944000,s,1340
13832137000,s,1340
13832338000,s,1340
13832540000,s,1340
13832740000,s,1340
13832965000,s,1340
13833172000,s,1340
13834071000,s,1340
13834310000,s,1340
13834514000,s,1340
13834708000,s,1340
13834896000,s,1340
13835105000,s,1340
13835312000,s,1340
13835609000,s,1340
13835809000,s,1340
13836000000,s,1340
13836212000,s,1340
13836406000,s,1340
13836601000,s,1340
13836791000,s,1340
13836985000,s,1340
13837173000,s,1340
13837364000,s,1340
13837561000,s,1340
13837750000,s,1340
13837949000,s,1340
13838140000,s,1340
13838336000,s,1340
13838523000,s,1340
13838707000,s,1340
13838899000,s,1340
13839092000,s,1340
13839275000,s,1340
13839562000,s,1340
13839753000,s,1340
13839951000,s,1340
13840128000,s,1340
13840313000,s,1340
13840496000,s,1340
13840697000,s,1340
13840876000,s,1340
13841062000,s,1340
13841245000,s,1340
13841422000,s,1340
13841641000,s,1340
13841840000,s,1340
13842029000,s,1340
13842201000,s,1340
13842392000,s,1340
13842578000,s,1340
13842791000,s,1340
13842985000,s,1340
13843172000,s,1340
13843355000,s,1340
13843630000,s,1340
13843837000,s,1340
13844045000,s,1340
13844253000,s,1340
13844444000,s,1340
13844633000,s,1340
13844824000,s,1340
13845041000,s,1340
13845247000,s,1340
13845422000,s,1340
13845624000,s,1340
13845839000,s,1340
13846032000,s,1340
13846217000,s,1340
13846398000,s,1340
13846573000,s,1340
13846743000,s,1340
13846926000,s,1340
13847117000,s,1340
13847303000,s,1340
13847615000,s,1340
13847726000,r,1440
13847815000,s,1340
13847726000,r,1440
13848026000,s,1340
13848216000,s,1340
13848406000,s,1340
13848561000,s,1340
13848722000,s,1340
13848881000,s,1340
13849044000,s,1340
13849212000,s,1340
13849382000,s,1340
13849538000,s,1340
13849691000,s,1340
13849828000,s,1340
13849985000,s,1340
13850130000,s,1340
13850298000,s,1340
13850446000,s,1340
13850584000,s,1340
13850595000,r,1440
13850595000,r,1440
13850747000,s,1340
13850596000,r,1440
13850596000,r,1440
13850905000,s,1340
13851091000,s,1340
13851254000,s,1340
13851538000,s,1340
13851708000,s,1340
13851858000,s,1340
13852001000,s,1340
13852169000,s,1340
13852324000,s,1340
13852462000,s,1340
13852610000,s,1340
13852749000,s,1340
13852885000,s,1340
13853028000,s,1340
13853163000,s,1340
13853318000,s,1340
13853460000,s,1340
13853600000,s,1340
13853737000,s,1340
13853886000,s,1340
13854026000,s,1340
13854160000,s,1340
13854314000,s,1340
13854448000,s,1340
13854539000,s,1340
13854668000,s,1340
13854809000,s,1340
13854942000,s,1340
13855070000,s,1340
13855205000,s,1340
13855349000,s,1340
13855512000,r,1440
13855554000,s,1340
13855512000,r,1440
13855722000,s,1340
13855877000,s,1340
13856031000,s,1340
13856171000,s,1340
13856332000,s,1340
13856482000,s,1340
13856620000,s,1340
13856762000,s,1340
13856926000,s,1340
13857071000,s,1340
13857227000,s,1340
13857381000,s,1340
13857546000,s,1340
13857687000,s,1340
13857837000,s,1340
13858004000,s,1340
13858165000,s,1340
13858329000,s,1340
13858494000,s,1340
13858665000,s,1340
13858810000,s,1340
13858962000,s,1340
13859104000,s,1340
13859245000,s,1340
13859382000,s,1340
13859488000,r,1440
13859489000,r,1440
13859489000,r,1440
13859489000,r,1440
13859619000,s,1340
13859789000,s,1340
13859942000,s,1340
13860091000,s,1340
13860222000,s,1340
13860359000,s,1340
13860466000,s,1340
13860597000,s,1340
13860744000,s,1340
13860889000,s,1340
13861023000,s,1340
13861139000,r,1440
13861162000,s,1340
13861296000,s,1340
13861423000,s,1340
13861555000,s,1340
13861710000,s,1340
13861909000,s,1340
13871495000,r,1440
13878871000,s,1340
13883445000,r,1440
13884820000,s,1340
13886929000,r,1440
13888230000,s,1340
13888492000,s,1340
13888810000,s,1340
13898100000,r,1440
13898100000,r,1440
13898269000,s,1340
13898963000,s,1340
13899304000,r,1440
13901008000,r,1440
13902039000,s,1340
13911449000,r,1440
13912165000,s,1340
13914823000,r,1440
13914824000,r,1440
13917275000,r,1440
13917276000,r,1440
13918007000,s,1340
13918220000,s,1340
13922971000,s,1340
13928484000,s,1340
18286645000,s,1340
18326902000,s,1340
18327359000,s,1340
18349629000,r,1440
18349630000,r,1440
18349630000,r,1440
18352231000,s,1340
21687884000,r,1440
23043084000,s,1340
23083928000,s,1340
23084372000,s,1340
25575622000,r,1440
25990251000,s,1340