0,s,1340
39839000,s,1340
40306000,s,1340
1073832000,s,1340
3150751000,s,1340
3189099000,s,1340
3189605000,s,1340
3209545000,r,1440
3218339000,r,1440
3222586000,s,1340
3633868000,s,1340
3658945000,s,1340
3688561000,r,1440
3690654000,s,1340
3691346000,s,1340
3691500000,s,1340
3691853000,s,1340
3692301000,s,1340
3692463000,s,1340
3692773000,s,1340
3692918000,s,1340
3693155000,s,1340
3693522000,s,1340
3694021000,s,1340
3694181000,s,1340
3694449000,s,1340
3694623000,s,1340
3695119000,s,1340
3695315000,s,1340
3695840000,s,1340
3696617000,s,1340
3697785000,s,1340
3697951000,s,1340
3698086000,s,1340
3698786000,s,1340
3699104000,s,1340
3700925000,s,1340
3701031000,s,1340
3701085000,s,1340
3701161000,s,1340
3701212000,s,1340
3701261000,s,1340
3701309000,s,1340
3701524000,s,1340
3702554000,s,1340
3702621000,s,1340
3702639000,s,1340
3702729000,s,1340
3702780000,s,1340
3702918000,s,1340
3702963000,s,1340
3703374000,s,1340
3703722000,s,1340
3703787000,s,1340
3703923000,s,1340
3704267000,s,1340
3704420000,s,1340
3704536000,s,1340
3704648000,s,1340
3704755000,s,1340
3705506000,s,1340
3705900000,s,1340
3705984000,s,1340
3706031000,s,1340
3706373000,s,1340
3707020000,s,1340
3707142000,s,1340
3707227000,s,1340
3707642000,s,1340
3707856000,s,1340
3708004000,s,1340
3708294000,s,1340
3708379000,s,1340
3708461000,s,1340
3708541000,s,1340
3708785000,s,1340
3709420000,s,1340
3709506000,s,1340
3709561000,s,1340
3710411000,s,1340
3710484000,s,1340
3711109000,s,1340
3711396000,s,1340
3711520000,s,1340
3711623000,s,1340
3711797000,s,1340
3711925000,s,1340
3712114000,s,1340
3712358000,s,1340
3712843000,s,1340
3712948000,s,1340
3713043000,s,1340
3713322000,s,1340
3713645000,s,1340
3713764000,s,1340
3713861000,s,1340
3713950000,s,1340
3714235000,s,1340
3714393000,s,1340
3714564000,r,1440
3714713000,s,1340
3714771000,s,1340
3714806000,s,1340
3715017000,s,1340
3715412000,s,1340
3715521000,s,1340
3715602000,s,1340
3715733000,s,1340
3715819000,s,1340
3715980000,s,1340
3716574000,r,1440
3716574000,r,1440
3716574000,r,1440
3716784000,s,1340
3716909000,s,1340
3716995000,s,1340
3717082000,s,1340
3717150000,s,1340
3718310000,s,1340
3719452000,s,1340
3719852000,s,1340
3727785000,s,1340
3729183000,r,1440
3729183000,r,1440
3729856000,s,1340
3730051000,s,1340
3731021000,r,1440
3736542000,r,1440
3738139000,r,1440
3738683000,s,1340
3740052000,r,1440
3740070000,s,1340
3742298000,r,1440
3742791000,s,1340
3745996000,r,1440
3745996000,r,1440
3746088000,r,1440
3747200000,s,1340
3748063000,r,1440
3748063000,r,1440
3748378000,s,1340
3750825000,s,1340
3756026000,s,1340
3756097000,s,1340
3756439000,s,1340
3760083000,r,1440
3760083000,r,1440
3760084000,r,1440
3760084000,r,1440
3760084000,r,1440
3761511000,s,1340
3761627000,s,1340
3761750000,s,1340
3762448000,r,1440
3762448000,r,1440
3762448000,r,1440
3762448000,r,1440
3762448000,r,1440
3762448000,r,1440
3762876000,s,1340
3763032000,s,1340
3763068000,s,1340
3763085000,s,1340
3763291000,s,1340
3763400000,s,1340
3763632000,s,1340
3763667000,s,1340
3763864000,s,1340
3764293000,s,1340
3764472000,s,1340
3764852000,s,1340
3764891000,s,1340
3765479000,s,1340
3765603000,s,1340
3765705000,s,1340
3766073000,s,1340
3766740000,s,1340
3766829000,s,1340
3767818000,s,1340
3767909000,s,1340
3767943000,s,1340
3769319000,s,1340
3769425000,s,1340
3769532000,s,1340
3770788000,s,1340
3770917000,s,1340
3771030000,s,1340
3771188000,s,1340
3771307000,s,1340
3771430000,s,1340
3771686000,s,1340
3771937000,s,1340
3772115000,s,1340
3772235000,s,1340
3772630000,s,1340
3772729000,s,1340
3772802000,s,1340
3772935000,s,1340
3773228000,s,1340
3773340000,s,1340
3773505000,s,1340
3773582000,s,1340
3773774000,s,1340
3773942000,s,1340
3774097000,s,1340
3774304000,s,1340
3774535000,s,1340
3774682000,s,1340
3774817000,s,1340
3774952000,s,1340
3775088000,s,1340
3775230000,s,1340
3775364000,s,1340
3775495000,s,1340
3775621000,s,1340
3775748000,s,1340
3775875000,s,1340
3776006000,s,1340
3776128000,s,1340
3776247000,s,1340
3776369000,s,1340
3776497000,s,1340
3776619000,s,1340
3776740000,s,1340
3776869000,s,1340
3776999000,s,1340
3777125000,s,1340
3777251000,s,1340
3777379000,s,1340
3777501000,s,1340
3777628000,s,1340
3777796000,s,1340
3777911000,s,1340
3778026000,s,1340
3778148000,s,1340
3778289000,s,1340
3778403000,s,1340
3778436000,s,1340
3778590000,s,1340
3779585000,s,1340
3779700000,s,1340
3779807000,s,1340
3779926000,s,1340
3780031000,s,1340
3780129000,s,1340
3780282000,r,1440
3780282000,r,1440
3780282000,r,1440
3780282000,r,1440
3780282000,r,1440
3780282000,r,1440
3781189000,s,1340
3781342000,s,1340
3781404000,s,1340
3781459000,s,1340
3783115000,r,1440
3783115000,r,1440
3783115000,r,1440
3783115000,r,1440
3783582000,s,1340
3783617000,s,1340
3786409000,r,1440
3786409000,r,1440
3786410000,r,1440
3786410000,r,1440
3786738000,s,1340
3786814000,s,1340
3786864000,s,1340
3787998000,s,1340
3788100000,s,1340
3791465000,s,1340
3791591000,s,1340
3818301000,r,1440
3818302000,r,1440
3818302000,r,1440
3818302000,r,1440
3819361000,s,1340
3821009000,s,1340
3821072000,s,1340
3821195000,s,1340
3821402000,s,1340
3821693000,s,1340
3821817000,s,1340
3822073000,s,1340
3822206000,s,1340
3822344000,s,1340
3822468000,s,1340
3822983000,s,1340
3823084000,s,1340
3823240000,s,1340
3823437000,s,1340
3823606000,s,1340
3823836000,s,1340
3823913000,s,1340
3824108000,s,1340
3824314000,s,1340
3824609000,s,1340
3824780000,s,1340
3824876000,s,1340
3824980000,s,1340
3825363000,s,1340
3825477000,s,1340
3825597000,s,1340
3825995000,s,1340
3826111000,s,1340
3826500000,s,1340
3826600000,s,1340
3826706000,s,1340
3826897000,s,1340
3827141000,s,1340
3827394000,s,1340
3827429000,s,1340
3827440000,s,1340
3827484000,s,1340
3828532000,s,1340
3828605000,s,1340
3829693000,s,1340
3829756000,s,1340
3830843000,s,1340
3830907000,s,1340
3830965000,s,1340
3832019000,s,1340
3833342000,s,1340
3833529000,s,1340
3833735000,s,1340
3833866000,s,1340
3833938000,s,1340
3833994000,s,1340
3834408000,s,1340
3834646000,s,1340
3834757000,s,1340
3834870000,s,1340
3834923000,s,1340
3834981000,s,1340
3835162000,s,1340
3835322000,s,1340
3835485000,s,1340
3835879000,s,1340
3835934000,s,1340
3836093000,s,1340
3836171000,s,1340
3836314000,s,1340
3836426000,s,1340
3836587000,s,1340
3836707000,s,1340
3836789000,s,1340
3836870000,s,1340
3837165000,s,1340
3838563000,s,1340
3838704000,s,1340
3838805000,s,1340
3838999000,s,1340
3839610000,s,1340
3839730000,s,1340
3839801000,s,1340
3839855000,s,1340
3840807000,s,1340
3842107000,s,1340
3842130000,s,1340
3842196000,s,1340
3842266000,s,1340
3842328000,s,1340
3843383000,s,1340
3843650000,s,1340
3843743000,s,1340
3844004000,s,1340
3844111000,s,1340
3844307000,s,1340
3844450000,s,1340
3844535000,s,1340
3844678000,s,1340
3844780000,s,1340
3844865000,s,1340
3845761000,s,1340
3845806000,s,1340
3845880000,s,1340
3851983000,r,1440
3851983000,r,1440
3851983000,r,1440
3851983000,r,1440
3851983000,r,1440
3851983000,r,1440
3851984000,r,1440
3851984000,r,1440
3852141000,r,1440
3852141000,r,1440
3852141000,r,1440
3852141000,r,1440
3852142000,r,1440
3852142000,r,1440
3852142000,r,1440
3852449000,r,1440
3852449000,r,1440
3852449000,r,1440
3852449000,r,1440
3852449000,r,1440
3852449000,r,1440
3852450000,r,1440
3852785000,s,1340
3852858000,s,1340
3852883000,s,1340
3852903000,s,1340
3852931000,s,1340
3852947000,s,1340
3853086000,s,1340
3853410000,s,1340
3853494000,s,1340
3853530000,s,1340
3853548000,s,1340
3853577000,s,1340
3854298000,r,1440
3854299000,r,1440
3854299000,r,1440
3854299000,r,1440
3854299000,r,1440
3854299000,r,1440
3854300000,r,1440
3855013000,s,1340
3855132000,s,1340
3855235000,s,1340
3855333000,s,1340
3857535000,s,1340
3857647000,s,1340
3859459000,r,1440
3860181000,s,1340
3864729000,s,1340
3875055000,r,1440
3875055000,r,1440
3875055000,r,1440
3876003000,s,1340
3876121000,r,1440
3876363000,s,1340
3877229000,r,1440
3878870000,r,1440
3879238000,s,1340
3880460000,r,1440
3880461000,r,1440
3880461000,r,1440
3880461000,r,1440
3881032000,s,1340
3881123000,s,1340
3881193000,s,1340
3882026000,r,1440
3883123000,r,1440
3884197000,r,1440
3884197000,r,1440
3884197000,r,1440
3884852000,s,1340
3884890000,s,1340
3885268000,s,1340
3886272000,r,1440
3886272000,r,1440
3886272000,r,1440
3886272000,r,1440
3886272000,r,1440
3886272000,r,1440
3886272000,r,1440
3886817000,s,1340
3886860000,s,1340
3886878000,s,1340
3886890000,s,1340
3886901000,s,1340
3897836000,s,1340
3906211000,r,1440
3906211000,r,1440
3906211000,r,1440
3906211000,r,1440
3906211000,r,1440
3906211000,r,1440
3906212000,r,1440
3906212000,r,1440
3906450000,r,1440
3906450000,r,1440
3906450000,r,1440
3906450000,r,1440
3907725000,s,1340
3907865000,s,1340
3907985000,s,1340
3908105000,s,1340
3908215000,s,1340
3908329000,s,1340
3908455000,s,1340
3908578000,s,1340
3908691000,s,1340
3908772000,s,1340
3908928000,s,1340
3909100000,s,1340
3909486000,r,1440
3909487000,r,1440
3909832000,s,1340
3910008000,s,1340
3910144000,s,1340
3910721000,s,1340
3910820000,s,1340
3910858000,s,1340
3911324000,s,1340
3911446000,s,1340
3911815000,s,1340
3912035000,s,1340
3912269000,s,1340
3912586000,s,1340
3912659000,s,1340
3912703000,s,1340
3913305000,s,1340
3913534000,s,1340
3913724000,s,1340
3913979000,s,1340
3914172000,s,1340
3914685000,s,1340
3915030000,s,1340
3915136000,s,1340
3915228000,s,1340
3915292000,s,1340
3915521000,s,1340
3915770000,s,1340
3915906000,s,1340
3916101000,s,1340
3916361000,s,1340
3916557000,s,1340
3916778000,s,1340
3917063000,s,1340
3917169000,s,1340
3917406000,s,1340
3917509000,s,1340
3917729000,s,1340
3917906000,s,1340
3917989000,s,1340
3918041000,s,1340
3918526000,s,1340
3918641000,s,1340
3918737000,s,1340
3918840000,s,1340
3918943000,s,1340
3919171000,s,1340
3919354000,s,1340
3919418000,s,1340
3920275000,s,1340
3920404000,s,1340
3920505000,s,1340
3920727000,s,1340
3920832000,s,1340
3921052000,s,1340
3921217000,s,1340
3921337000,s,1340
3921566000,s,1340
3921859000,s,1340
3921993000,s,1340
3922115000,s,1340
3922326000,s,1340
3922585000,s,1340
3922688000,s,1340
3922755000,s,1340
3922919000,s,1340
3923513000,s,1340
3923771000,s,1340
3927620000,r,1440
3927620000,r,1440
3928908000,r,1440
3929596000,s,1340
3934445000,s,1340
3983204000,s,1340
3984785000,s,1340
3984867000,s,1340
3985747000,s,1340
3985872000,s,1340
3995934000,s,1340
3995999000,s,1340
4007528000,r,1440
4007528000,r,1440
4019575000,s,1340
4019763000,r,1440
4019763000,r,1440
4019763000,r,1440
4019764000,r,1440
4019764000,r,1440
4019764000,r,1440
4019764000,r,1440
4019764000,r,1440
4019900000,r,1440
4019901000,r,1440
4019901000,r,1440
4019901000,r,1440
4019901000,r,1440
4019901000,r,1440
4019901000,r,1440
4019901000,r,1440
4019943000,r,1440
4019943000,r,1440
4020156000,s,1340
4020211000,s,1340
4020282000,s,1340
4020318000,s,1340
4020384000,r,1440
4020384000,r,1440
4020384000,r,1440
4020384000,r,1440
4020385000,r,1440
4020385000,r,1440
4020385000,r,1440
4020385000,r,1440
4020446000,r,1440
4020776000,s,1340
4020811000,s,1340
4021032000,r,1440
4021032000,r,1440
4021032000,r,1440
4021033000,r,1440
4021033000,r,1440
4021033000,r,1440
4021080000,s,1340
4021132000,s,1340
4021273000,s,1340
4021345000,s,1340
4021612000,s,1340
4021659000,s,1340
4021675000,s,1340
4021702000,s,1340
4021713000,s,1340
4021935000,s,1340
4021987000,s,1340
4022353000,r,1440
4022368000,s,1340
4022353000,r,1440
4022353000,r,1440
4022353000,r,1440
4022415000,s,1340
4022353000,r,1440
4022353000,r,1440
4022353000,r,1440
4022443000,s,1340
4022655000,s,1340
4022774000,s,1340
4022898000,s,1340
4023018000,s,1340
4023126000,s,1340
4023227000,s,1340
4023330000,s,1340
4023434000,s,1340
4023551000,s,1340
4023654000,s,1340
4023755000,s,1340
4023866000,s,1340
4023981000,s,1340
4024089000,s,1340
4024200000,s,1340
4024295000,s,1340
4024398000,s,1340
4024502000,s,1340
4024602000,s,1340
4024705000,s,1340
4024804000,s,1340
4024902000,s,1340
4025003000,s,1340
4025226000,s,1340
4025441000,s,1340
4025563000,s,1340
4025646000,s,1340
4025723000,s,1340
4025800000,s,1340
4025861000,s,1340
4025935000,s,1340
4026011000,s,1340
4026071000,s,1340
4026129000,s,1340
4026204000,s,1340
4026451000,s,1340
4026552000,s,1340
4026618000,s,1340
4026898000,s,1340
4027013000,s,1340
4027063000,s,1340
4027174000,s,1340
4027265000,s,1340
4027315000,s,1340
4027365000,s,1340
4027413000,s,1340
4027454000,s,1340
4027491000,s,1340
4027527000,s,1340
4027569000,s,1340
4027613000,s,1340
4033834000,r,1440
4033834000,r,1440
4033835000,r,1440
4033835000,r,1440
4033835000,r,1440
4033835000,r,1440
4033835000,r,1440
4033835000,r,1440
4034013000,r,1440
4034690000,s,1340
4034752000,s,1340
4034805000,s,1340
4034822000,s,1340
4034848000,s,1340
4034864000,s,1340
4034877000,s,1340
4034890000,s,1340
4034906000,s,1340
4035440000,r,1440
4035441000,r,1440
4035441000,r,1440
4035441000,r,1440
4035441000,r,1440
4036209000,s,1340
4036304000,s,1340
4036332000,s,1340
4036349000,s,1340
4036365000,s,1340
4036454000,s,1340
4036474000,s,1340
4036489000,s,1340
4036744000,s,1340
4036868000,s,1340
4037173000,s,1340
4037306000,s,1340
4037586000,s,1340
4037774000,s,1340
4037825000,s,1340
4037973000,s,1340
4038042000,s,1340
4038567000,s,1340
4038691000,s,1340
4038913000,s,1340
4039106000,s,1340
4039701000,s,1340
4039814000,s,1340
4039989000,s,1340
4040072000,s,1340
4040123000,s,1340
4040860000,s,1340
4042167000,s,1340
4042298000,s,1340
4042400000,s,1340
4043659000,s,1340
4043908000,s,1340
4043992000,s,1340
4044031000,s,1340
4045653000,s,1340
4045690000,s,1340
4045706000,s,1340
4045720000,s,1340
4045770000,r,1440
4045964000,s,1340
4046323000,s,1340
4046403000,s,1340
4046461000,s,1340
4046660000,s,1340
4046760000,s,1340
4046881000,s,1340
4047063000,s,1340
4047159000,s,1340
4047454000,s,1340
4047521000,s,1340
4047574000,s,1340
4047831000,s,1340
4047849000,r,1440
4047849000,r,1440
4047849000,r,1440
4047849000,r,1440
4047849000,r,1440
4047850000,r,1440
4047850000,r,1440
4047850000,r,1440
4047998000,r,1440
4047998000,r,1440
4047998000,r,1440
4047998000,r,1440
4047999000,r,1440
4047999000,r,1440
4047999000,r,1440
4047999000,r,1440
4048056000,s,1340
4048057000,r,1440
4048058000,r,1440
4048058000,r,1440
4048058000,r,1440
4048058000,r,1440
4048094000,r,1440
4048094000,r,1440
4048095000,r,1440
4048166000,s,1340
4048324000,s,1340
4048377000,s,1340
4048396000,s,1340
4048484000,s,1340
4048783000,s,1340
4048825000,s,1340
4048845000,s,1340
4048862000,s,1340
4048876000,s,1340
4048893000,s,1340
4048907000,s,1340
4049506000,s,1340
4049605000,s,1340
4049655000,s,1340
4049671000,s,1340
4049760000,s,1340
4049762000,r,1440
4049762000,r,1440
4049816000,s,1340
4049762000,r,1440
4049762000,r,1440
4049762000,r,1440
4049762000,r,1440
4050106000,s,1340
4050203000,s,1340
4050223000,s,1340
4050238000,s,1340
4050288000,s,1340
4050306000,s,1340
4050320000,s,1340
4050334000,s,1340
4050348000,s,1340
4050360000,s,1340
4050372000,s,1340
4050383000,s,1340
4050394000,s,1340
4050410000,s,1340
4050438000,s,1340
4050451000,s,1340
4050461000,s,1340
4050473000,s,1340
4050485000,s,1340
4050497000,s,1340
4050513000,s,1340
4050525000,s,1340
4050685000,r,1440
4050685000,r,1440
4050685000,r,1440
4050685000,r,1440
4050685000,r,1440
4050686000,r,1440
4050686000,r,1440
4050686000,r,1440
4050802000,r,1440
4051069000,s,1340
4051119000,s,1340
4051137000,s,1340
4051154000,s,1340
4051172000,s,1340
4051185000,s,1340
4051195000,s,1340
4051205000,s,1340
4051215000,s,1340
4051280000,s,1340
4051332000,s,1340
4051394000,s,1340
4051435000,s,1340
4051578000,r,1440
4051589000,s,1340
4051622000,s,1340
4051578000,r,1440
4051578000,r,1440
4051578000,r,1440
4051578000,r,1440
4051578000,r,1440
4051693000,s,1340
4051742000,s,1340
4051868000,s,1340
4052021000,s,1340
4052054000,s,1340
4052068000,s,1340
4052080000,s,1340
4052111000,s,1340
4052259000,s,1340
4052286000,s,1340
4052300000,s,1340
4052322000,s,1340
4052336000,s,1340
4052351000,s,1340
4052366000,s,1340
4052378000,s,1340
4052396000,s,1340
4052529000,s,1340
4052644000,s,1340
4052729000,s,1340
4052818000,s,1340
4052900000,s,1340
4053082000,s,1340
4053260000,s,1340
4053408000,s,1340
4053600000,s,1340
4054056000,s,1340
4054173000,s,1340
4054350000,s,1340
4054599000,s,1340
4054782000,s,1340
4054876000,s,1340
4055085000,s,1340
4055290000,s,1340
4055435000,s,1340
4055647000,s,1340
4055789000,s,1340
4055930000,s,1340
4056074000,s,1340
4056220000,s,1340
4056357000,s,1340
4056491000,s,1340
4056630000,s,1340
4056769000,s,1340
4056904000,s,1340
4057090000,s,1340
4057186000,s,1340
4057392000,s,1340
4057542000,s,1340
4057688000,s,1340
4057931000,s,1340
4058021000,s,1340
4058239000,s,1340
4058443000,s,1340
4058558000,s,1340
4058654000,s,1340
4058881000,s,1340
4058981000,s,1340
4059065000,s,1340
4059237000,s,1340
4059403000,s,1340
4059601000,s,1340
4059686000,s,1340
4059768000,s,1340
4059853000,s,1340
4059913000,s,1340
4060081000,s,1340
4060733000,s,1340
4060853000,s,1340
4060921000,s,1340
4061066000,s,1340
4061368000,s,1340
4061421000,s,1340
4061611000,s,1340
4061696000,s,1340
4061752000,s,1340
4062327000,s,1340
4062404000,s,1340
4062590000,s,1340
4062685000,s,1340
4062735000,s,1340
4062822000,s,1340
4062935000,s,1340
4063087000,s,1340
4063220000,s,1340
4063335000,s,1340
4063474000,s,1340
4063791000,s,1340
4063875000,s,1340
4063903000,r,1440
4064020000,s,1340
4064162000,s,1340
4064309000,s,1340
4064487000,s,1340
4064637000,s,1340
4064715000,s,1340
4064980000,s,1340
4072967000,r,1440
4072967000,r,1440
4072967000,r,1440
4072967000,r,1440
4072967000,r,1440
4072967000,r,1440
4073720000,s,1340
4073773000,s,1340
4073791000,s,1340
4073810000,s,1340
4073821000,s,1340
4073832000,s,1340
4075698000,r,1440
4075698000,r,1440
4075698000,r,1440
4075699000,r,1440
4075699000,r,1440
4076242000,s,1340
4076393000,s,1340
4076482000,s,1340
4076528000,s,1340
4076572000,s,1340
4076616000,s,1340
4077218000,s,1340
4077324000,s,1340
4077426000,s,1340
4077572000,s,1340
4077736000,s,1340
4077957000,s,1340
4078017000,s,1340
4078474000,s,1340
4078596000,s,1340
4078689000,s,1340
4078777000,s,1340
4078864000,s,1340
4078952000,s,1340
4079039000,s,1340
4079144000,s,1340
4079340000,s,1340
4079457000,s,1340
4079550000,s,1340
4079658000,s,1340
4079753000,s,1340
4079843000,s,1340
4079888000,s,1340
4080014000,r,1440
4080014000,r,1440
4080014000,r,1440
4080014000,r,1440
4080014000,r,1440
4080014000,r,1440
4080220000,s,1340
4080389000,s,1340
4080519000,s,1340
4080537000,r,1440
4080537000,r,1440
4080537000,r,1440
4080537000,r,1440
4080537000,r,1440
4080537000,r,1440
4080600000,s,1340
4080942000,r,1440
4080942000,r,1440
4080942000,r,1440
4080942000,r,1440
4080942000,r,1440
4080942000,r,1440
4081159000,s,1340
4081544000,s,1340
4081597000,s,1340
4081621000,s,1340
4081643000,s,1340
4081658000,s,1340
4081671000,s,1340
4081679000,s,1340
4081686000,s,1340
4081693000,s,1340
4081700000,s,1340
4081714000,s,1340
4081733000,s,1340
4081803000,s,1340
4081820000,s,1340
4081865000,r,1440
4081865000,r,1440
4081865000,r,1440
4081865000,r,1440
4081866000,r,1440
4081866000,r,1440
4081866000,r,1440
4081866000,r,1440
4081930000,r,1440
4081965000,s,1340
4082051000,s,1340
4082239000,s,1340
4082344000,s,1340
4082412000,s,1340
4082459000,s,1340
4082500000,r,1440
4082500000,r,1440
4082500000,r,1440
4082500000,r,1440
4082500000,r,1440
4082501000,r,1440
4082501000,r,1440
4082547000,s,1340
4082662000,s,1340
4082686000,s,1340
4082779000,s,1340
4082814000,s,1340
4082825000,s,1340
4082832000,s,1340
4082895000,s,1340
4082953000,s,1340
4083341000,s,1340
4083526000,s,1340
4083604000,s,1340
4083678000,s,1340
4083750000,s,1340
4083804000,s,1340
4091057000,r,1440
4091057000,r,1440
4091057000,r,1440
4091057000,r,1440
4091057000,r,1440
4091057000,r,1440
4091057000,r,1440
4091866000,s,1340
4091947000,s,1340
4092009000,s,1340
4092022000,s,1340
4092031000,s,1340
4092041000,s,1340
4092050000,s,1340
4092059000,s,1340
4093830000,r,1440
4093831000,r,1440
4093831000,r,1440
4093831000,r,1440
4093831000,r,1440
4093831000,r,1440
4093831000,r,1440
4093831000,r,1440
4094726000,s,1340
4094816000,s,1340
4094924000,s,1340
4094934000,r,1440
4094934000,r,1440
4094991000,s,1340
4095050000,s,1340
4095097000,s,1340
4095137000,s,1340
4095458000,s,1340
4095744000,s,1340
4095802000,r,1440
4095802000,r,1440
4095802000,r,1440
4095802000,r,1440
4095802000,r,1440
4095803000,r,1440
4095803000,r,1440
4095803000,r,1440
4095885000,r,1440
4096508000,s,1340
4096583000,s,1340
4096657000,s,1340
4096937000,s,1340
4096981000,s,1340
4096996000,s,1340
4097061000,s,1340
4097110000,s,1340
4097184000,s,1340
4097221000,s,1340
4097310000,s,1340
4097444000,s,1340
4097512000,s,1340
4097575000,s,1340
4097706000,s,1340
4097791000,r,1440
4097791000,r,1440
4097791000,r,1440
4097791000,r,1440
4097791000,r,1440
4097791000,r,1440
4097791000,r,1440
4097792000,r,1440
4097889000,r,1440
4097889000,r,1440
4097890000,r,1440
4097890000,r,1440
4097890000,r,1440
4097948000,s,1340
4098025000,s,1340
4098085000,s,1340
4098144000,s,1340
4098481000,s,1340
4098559000,s,1340
4098639000,s,1340
4098720000,s,1340
4098778000,s,1340
4098831000,s,1340
4098886000,s,1340
4098938000,s,1340
4099005000,s,1340
4099069000,s,1340
4099118000,s,1340
4099179000,s,1340
4099237000,s,1340
4099296000,s,1340
4099352000,s,1340
4099488000,s,1340
4099545000,s,1340
4099543000,r,1440
4099543000,r,1440
4099543000,r,1440
4099543000,r,1440
4099543000,r,1440
4099543000,r,1440
4099716000,s,1340
4099780000,s,1340
4099847000,s,1340
4099912000,s,1340
4099977000,s,1340
4100044000,s,1340
4100103000,s,1340
4100164000,s,1340
4100228000,s,1340
4100301000,s,1340
4100361000,s,1340
4100421000,s,1340
4100484000,s,1340
4100541000,s,1340
4100599000,s,1340
4100689000,s,1340
4100735000,s,1340
4100799000,s,1340
4100959000,s,1340
4101146000,s,1340
4101217000,s,1340
4101483000,s,1340
4101563000,s,1340
4102009000,s,1340
4102103000,s,1340
4102192000,s,1340
4102292000,s,1340
4102355000,s,1340
4102981000,s,1340
4103136000,s,1340
4103252000,s,1340
4103441000,s,1340
4103526000,s,1340
4103664000,s,1340
4103733000,s,1340
4104008000,s,1340
4104351000,r,1440
4104351000,r,1440
4104352000,r,1440
4104810000,s,1340
4104903000,s,1340
4104980000,s,1340
4105034000,s,1340
4105104000,s,1340
4105298000,s,1340
4105388000,s,1340
4105583000,s,1340
4105635000,s,1340
4106473000,s,1340
4107738000,s,1340
4107853000,s,1340
4108054000,s,1340
4108142000,s,1340
4108329000,s,1340
4108459000,r,1440
4108459000,r,1440
4108459000,r,1440
4108459000,r,1440
4108460000,r,1440
4108460000,r,1440
4108460000,r,1440
4108536000,s,1340
4108460000,r,1440
4108553000,r,1440
4108553000,r,1440
4108553000,r,1440
4108553000,r,1440
4108554000,r,1440
4108554000,r,1440
4108554000,r,1440
4108554000,r,1440
4108588000,r,1440
4108588000,r,1440
4108588000,r,1440
4108616000,s,1340
4108706000,s,1340
4108768000,s,1340
4108834000,s,1340
4108945000,s,1340
4109023000,s,1340
4109086000,s,1340
4109141000,s,1340
4109199000,s,1340
4109259000,s,1340
4109306000,s,1340
4109346000,s,1340
4109384000,s,1340
4109427000,s,1340
4109475000,s,1340
4109537000,s,1340
4109582000,s,1340
4109622000,s,1340
4109683000,s,1340
4109723000,s,1340
4109763000,s,1340
4109809000,s,1340
4109854000,s,1340
4109896000,s,1340
4109936000,s,1340
4109997000,s,1340
4110035000,s,1340
4110182000,s,1340
4110630000,s,1340
4110680000,s,1340
4111492000,r,1440
4111492000,r,1440
4111492000,r,1440
4111492000,r,1440
4111907000,s,1340
4111991000,s,1340
4112025000,s,1340
4112036000,s,1340
4112047000,s,1340
4112058000,s,1340
4112067000,s,1340
4112305000,s,1340
4112428000,s,1340
4112547000,s,1340
4112620000,s,1340
4112751000,s,1340
4112923000,s,1340
4112991000,s,1340
4113156000,s,1340
4113311000,s,1340
4113450000,s,1340
4113583000,s,1340
4113974000,s,1340
4114062000,s,1340
4114284000,s,1340
4114445000,s,1340
4114600000,s,1340
4114685000,s,1340
4114903000,r,1440
4114911000,s,1340
4114903000,r,1440
4114903000,r,1440
4114903000,r,1440
4114903000,r,1440
4114903000,r,1440
4114903000,r,1440
4114904000,r,1440
4114998000,s,1340
4115003000,r,1440
4115003000,r,1440
4115004000,r,1440
4115004000,r,1440
4115178000,s,1340
4115320000,s,1340
4115340000,r,1440
4115340000,r,1440
4115340000,r,1440
4115405000,s,1340
4115482000,s,1340
4115642000,s,1340
4116315000,s,1340
4116417000,r,1440
4116417000,r,1440
4116417000,r,1440
4116417000,r,1440
4116418000,r,1440
4116418000,r,1440
4116418000,r,1440
4116418000,r,1440
4116834000,s,1340
4116939000,s,1340
4117026000,s,1340
4117123000,s,1340
4117329000,s,1340
4117427000,s,1340
4117526000,s,1340
4117615000,s,1340
4118202000,s,1340
4118364000,s,1340
4118629000,s,1340
4118806000,s,1340
4118887000,s,1340
4119162000,s,1340
4119253000,s,1340
4119330000,s,1340
4119406000,s,1340
4119477000,s,1340
4119548000,s,1340
4119618000,s,1340
4119685000,s,1340
4119762000,s,1340
4119855000,s,1340
4119932000,s,1340
4120021000,s,1340
4120114000,s,1340
4120204000,s,1340
4120282000,s,1340
4120360000,s,1340
4120441000,s,1340
4120449000,r,1440
4120449000,r,1440
4120528000,s,1340
4120450000,r,1440
4120603000,s,1340
4120683000,s,1340
4120771000,s,1340
4120850000,s,1340
4120923000,s,1340
4121000000,s,1340
4121078000,s,1340
4125558000,r,1440
4125558000,r,1440
4125558000,r,1440
4125558000,r,1440
4125558000,r,1440
4125558000,r,1440
4125558000,r,1440
4125558000,r,1440
4125638000,r,1440
4125638000,r,1440
4125638000,r,1440
4125638000,r,1440
4126174000,s,1340
4126471000,s,1340
4126529000,s,1340
4126583000,s,1340
4126635000,s,1340
4126681000,s,1340
4126723000,s,1340
4126762000,s,1340
4126808000,s,1340
4126853000,s,1340
4126889000,s,1340
4126945000,s,1340
4126991000,s,1340
4127042000,s,1340
4127092000,s,1340
4127137000,s,1340
4127402000,s,1340
4127597000,s,1340
4127627000,s,1340
4127885000,r,1440
4127885000,r,1440
4127885000,r,1440
4127885000,r,1440
4127885000,r,1440
4127885000,r,1440
4127885000,r,1440
4127885000,r,1440
4127973000,s,1340
4127982000,r,1440
4127983000,r,1440
4127983000,r,1440
4127983000,r,1440
4127983000,r,1440
4127983000,r,1440
4128163000,s,1340
4128278000,s,1340
4128380000,s,1340
4128465000,s,1340
4128497000,s,1340
4128510000,s,1340
4128518000,s,1340
4128617000,s,1340
4128650000,s,1340
4128661000,s,1340
4128752000,s,1340
4128770000,r,1440
4128770000,r,1440
4128770000,r,1440
4128770000,r,1440
4128771000,r,1440
4128771000,r,1440
4128771000,r,1440
4128771000,r,1440
4128837000,r,1440
4128837000,r,1440
4128837000,r,1440
4129078000,s,1340
4129113000,s,1340
4129179000,s,1340
4129195000,s,1340
4129205000,s,1340
4129216000,s,1340
4129306000,s,1340
4129373000,s,1340
4129464000,s,1340
4129580000,s,1340
4129690000,s,1340
4129766000,s,1340
4129831000,s,1340
4129890000,s,1340
4129938000,s,1340
4129991000,s,1340
4130037000,s,1340
4130087000,s,1340
4130143000,s,1340
4130234000,s,1340
4130335000,s,1340
4130394000,s,1340
4130467000,s,1340
4130516000,s,1340
4130565000,s,1340
4130618000,s,1340
4130666000,s,1340
4131201000,r,1440
4131201000,r,1440
4131202000,r,1440
4131723000,s,1340
4131808000,s,1340
4131878000,s,1340
4135969000,r,1440
4135969000,r,1440
4135969000,r,1440
4136472000,s,1340
4136524000,s,1340
4136538000,s,1340
4138065000,r,1440
4138066000,r,1440
4138066000,r,1440
4138066000,r,1440
4138066000,r,1440
4138066000,r,1440
4138626000,r,1440
4138664000,s,1340
4139400000,r,1440
4139409000,s,1340
4139401000,r,1440
4139401000,r,1440
4139453000,s,1340
4139401000,r,1440
4139401000,r,1440
4139401000,r,1440
4139401000,r,1440
4139401000,r,1440
4139476000,s,1340
4139488000,r,1440
4139488000,r,1440
4139494000,s,1340
4139488000,r,1440
4139488000,r,1440
4139516000,s,1340
4139534000,s,1340
4139590000,s,1340
4139608000,s,1340
4139679000,s,1340
4139800000,s,1340
4139886000,s,1340
4139954000,s,1340
4140017000,s,1340
4140076000,s,1340
4140150000,s,1340
4140224000,s,1340
4140296000,s,1340
4140365000,s,1340
4140440000,s,1340
4140509000,s,1340
4140585000,s,1340
4140653000,s,1340
4140723000,s,1340
4140793000,s,1340
4140874000,s,1340
4140941000,s,1340
4141008000,s,1340
4141063000,r,1440
4141084000,s,1340
4141063000,r,1440
4141063000,r,1440
4141063000,r,1440
4141151000,s,1340
4141226000,s,1340
4141299000,s,1340
4141369000,s,1340
4141433000,s,1340
4141500000,s,1340
4141572000,s,1340
4141645000,s,1340
4141704000,s,1340
4146349000,r,1440
4146349000,r,1440
4146349000,r,1440
4146349000,r,1440
4146349000,r,1440
4146349000,r,1440
4146350000,r,1440
4146350000,r,1440
4146542000,r,1440
4146542000,r,1440
4146559000,r,1440
4146559000,r,1440
4146559000,r,1440
4146560000,r,1440
4146560000,r,1440
4146560000,r,1440
4146560000,r,1440
4146560000,r,1440
4146589000,r,1440
4146895000,r,1440
4146895000,r,1440
4146895000,r,1440
4147103000,r,1440
4147103000,r,1440
4147103000,r,1440
4147211000,s,1340
4147305000,s,1340
4147379000,s,1340
4147428000,s,1340
4147475000,s,1340
4147541000,s,1340
4147589000,s,1340
4147641000,s,1340
4147709000,s,1340
4147760000,s,1340
4147805000,s,1340
4147870000,s,1340
4147915000,s,1340
4147959000,s,1340
4148031000,s,1340
4148104000,s,1340
4148157000,s,1340
4148229000,s,1340
4148309000,s,1340
4148389000,s,1340
4148468000,s,1340
4148545000,s,1340
4149253000,r,1440
4149253000,r,1440
4149253000,r,1440
4149253000,r,1440
4150142000,s,1340
4150355000,s,1340
4150436000,s,1340
4150506000,s,1340
4150571000,s,1340
4150632000,s,1340
4150691000,s,1340
4150750000,s,1340
4150808000,s,1340
4150872000,s,1340
4150942000,s,1340
4151004000,s,1340
4151073000,s,1340
4151137000,s,1340
4151203000,s,1340
4151250000,s,1340
4151298000,s,1340
4151364000,s,1340
4151429000,s,1340
4151478000,s,1340
4151530000,s,1340
4151604000,s,1340
4151672000,s,1340
4151731000,s,1340
4151902000,s,1340
4151987000,s,1340
4152144000,s,1340
4152253000,s,1340
4152984000,s,1340
4153099000,s,1340
4153180000,s,1340
4153236000,s,1340
4153290000,s,1340
4153921000,s,1340
4154012000,s,1340
4154201000,s,1340
4154302000,s,1340
4154354000,s,1340
4155121000,s,1340
4155248000,s,1340
4155285000,r,1440
4155328000,s,1340
4155408000,s,1340
4155489000,s,1340
4155563000,s,1340
4155642000,s,1340
4155719000,s,1340
4155903000,s,1340
4156052000,s,1340
4156094000,s,1340
4156150000,s,1340
4156308000,s,1340
4156411000,s,1340
4156529000,s,1340
4156655000,s,1340
4156790000,s,1340
4156847000,s,1340
4157046000,s,1340
4157334000,s,1340
4157532000,s,1340
4157632000,s,1340
4157721000,s,1340
4157780000,s,1340
4157837000,s,1340
4158547000,s,1340
4158605000,s,1340
4159535000,s,1340
4159610000,s,1340
4160292000,r,1440
4160292000,r,1440
4160292000,r,1440
4160292000,r,1440
4160292000,r,1440
4160292000,r,1440
4160292000,r,1440
4160292000,r,1440
4160433000,r,1440
4160799000,s,1340
4160817000,r,1440
4160817000,r,1440
4160817000,r,1440
4160861000,s,1340
4161173000,s,1340
4161357000,s,1340
4161418000,s,1340
4161494000,s,1340
4161514000,s,1340
4161864000,s,1340
4161897000,s,1340
4161910000,s,1340
4161999000,r,1440
4161999000,r,1440
4161999000,r,1440
4162000000,r,1440
4162000000,r,1440
4162000000,r,1440
4163172000,s,1340
4163218000,s,1340
4163235000,s,1340
4163246000,s,1340
4163324000,s,1340
4163425000,s,1340
4163503000,s,1340
4163580000,s,1340
4163585000,r,1440
4163656000,s,1340
4163585000,r,1440
4163585000,r,1440
4163585000,r,1440
4163585000,r,1440
4163585000,r,1440
4163585000,r,1440
4163715000,s,1340
4163785000,s,1340
4163919000,s,1340
4164352000,s,1340
4164674000,s,1340
4164766000,s,1340
4164916000,s,1340
4165033000,s,1340
4165103000,s,1340
4165177000,s,1340
4165251000,s,1340
4165314000,s,1340
4165380000,s,1340
4165454000,s,1340
4165725000,s,1340
4165793000,s,1340
4165844000,s,1340
4165983000,s,1340
4166055000,s,1340
4166119000,s,1340
4166185000,s,1340
4166292000,s,1340
4166358000,s,1340
4166422000,s,1340
4166472000,s,1340
4166519000,s,1340
4166569000,s,1340
4166617000,s,1340
4166683000,s,1340
4166859000,s,1340
4166934000,s,1340
4167116000,s,1340
4167183000,s,1340
4167327000,s,1340
4167391000,s,1340
4167521000,s,1340
4167644000,s,1340
4167713000,s,1340
4167852000,s,1340
4167984000,s,1340
4168054000,s,1340
4168150000,s,1340
4168318000,s,1340
4168465000,s,1340
4168531000,s,1340
4168718000,s,1340
4168764000,s,1340
4168856000,s,1340
4168962000,s,1340
4169054000,s,1340
4169283000,s,1340
4169339000,s,1340
4169423000,s,1340
4169461000,s,1340
4170074000,s,1340
4170178000,s,1340
4170285000,s,1340
4170417000,s,1340
4170488000,s,1340
4170841000,s,1340
4170987000,s,1340
4171106000,s,1340
4171256000,s,1340
4171332000,s,1340
4171498000,s,1340
4171592000,s,1340
4171663000,s,1340
4171820000,s,1340
4171903000,s,1340
4172005000,s,1340
4172089000,s,1340
4172175000,s,1340
4172328000,s,1340
4172414000,s,1340
4172509000,s,1340
4172578000,s,1340
4172671000,s,1340
4172748000,s,1340
4172869000,s,1340
4173025000,s,1340
4173112000,s,1340
4173188000,s,1340
4173343000,s,1340
4173418000,s,1340
4173592000,s,1340
4173708000,s,1340
4173816000,s,1340
4173868000,s,1340
4174425000,s,1340
4174589000,s,1340
4175841000,s,1340
4175951000,s,1340
4176050000,s,1340
4176091000,r,1440
4176091000,r,1440
4176091000,r,1440
4176091000,r,1440
4176091000,r,1440
4176091000,r,1440
4176174000,s,1340
4176091000,r,1440
4176091000,r,1440
4176191000,r,1440
4176286000,s,1340
4176324000,r,1440
4176324000,r,1440
4176324000,r,1440
4176378000,s,1340
4176484000,s,1340
4176629000,s,1340
4176699000,s,1340
4176764000,s,1340
4176848000,s,1340
4176936000,s,1340
4177032000,s,1340
4177095000,s,1340
4177253000,s,1340
4177331000,s,1340
4177402000,s,1340
4177474000,s,1340
4177538000,s,1340
4177617000,s,1340
4177671000,s,1340
4177735000,r,1440
4177748000,s,1340
4177735000,r,1440
4177735000,r,1440
4177735000,r,1440
4177736000,r,1440
4177736000,r,1440
4177736000,r,1440
4177736000,r,1440
4177807000,r,1440
4177826000,s,1340
4177889000,s,1340
4178005000,s,1340
4178101000,s,1340
4178140000,s,1340
4178188000,s,1340
4178199000,s,1340
4178299000,s,1340
4178383000,s,1340
4178407000,s,1340
4178422000,s,1340
4178457000,s,1340
4178467000,s,1340
4178703000,s,1340
4178800000,s,1340
4178827000,s,1340
4178903000,s,1340
4178986000,s,1340
4179038000,s,1340
4179090000,s,1340
4179156000,s,1340
4179234000,s,1340
4179268000,s,1340
4179321000,s,1340
4180479000,s,1340
4180549000,s,1340
4181275000,r,1440
4181275000,r,1440
4181275000,r,1440
4181275000,r,1440
4181275000,r,1440
4181275000,r,1440
4181275000,r,1440
4181483000,s,1340
4181559000,s,1340
4181591000,s,1340
4181801000,s,1340
4181824000,s,1340
4181916000,s,1340
4181967000,s,1340
4181986000,s,1340
4182088000,s,1340
4182131000,s,1340
4182148000,s,1340
4182336000,s,1340
4182571000,s,1340
4182742000,s,1340
4182825000,s,1340
4183095000,s,1340
4183164000,s,1340
4183222000,s,1340
4183407000,s,1340
4183482000,s,1340
4183649000,s,1340
4183738000,s,1340
4183777000,s,1340
4183985000,s,1340
4184152000,s,1340
4184233000,s,1340
4184524000,s,1340
4184611000,s,1340
4184778000,s,1340
4184851000,s,1340
4185009000,s,1340
4185103000,s,1340
4185220000,s,1340
4185297000,s,1340
4185457000,s,1340
4186265000,s,1340
4186320000,s,1340
4186378000,s,1340
4186415000,s,1340
4186493000,s,1340
4186541000,s,1340
4187435000,s,1340
4187482000,s,1340
4187755000,s,1340
4187932000,s,1340
4188037000,s,1340
4188121000,s,1340
4188263000,s,1340
4189576000,s,1340
4189770000,s,1340
4189999000,s,1340
4190020000,s,1340
4190104000,s,1340
4190733000,s,1340
4190794000,s,1340
4191984000,s,1340
4192119000,s,1340
4192225000,s,1340
4192342000,s,1340
4192417000,s,1340
4193704000,s,1340
4193778000,s,1340
4194014000,s,1340
4194063000,s,1340
4194207000,s,1340
4194285000,s,1340
4195636000,s,1340
4195669000,s,1340
4195683000,s,1340
4195809000,s,1340
4195932000,s,1340
4195999000,s,1340
4196078000,s,1340
4196179000,s,1340
4196282000,s,1340
4196355000,s,1340
4196390000,s,1340
4197294000,s,1340
4197457000,s,1340
4197584000,s,1340
4197661000,s,1340
4197712000,s,1340
4197784000,s,1340
4197983000,s,1340
4198140000,s,1340
4198206000,s,1340
4198400000,s,1340
4198486000,s,1340
4198641000,s,1340
4198706000,s,1340
4198772000,s,1340
4198846000,s,1340
4198898000,s,1340
4198968000,s,1340
4199851000,s,1340
4199958000,s,1340
4200152000,s,1340
4200210000,s,1340
4200289000,s,1340
4200357000,s,1340
4200401000,s,1340
4201138000,s,1340
4201348000,s,1340
4201664000,s,1340
4201743000,s,1340
4201881000,s,1340
4202031000,s,1340
4202104000,s,1340
4202300000,s,1340
4202376000,s,1340
4202503000,s,1340
4202583000,s,1340
4202628000,s,1340
4203572000,s,1340
4203665000,s,1340
4203772000,s,1340
4203819000,s,1340
4204420000,r,1440
4204420000,r,1440
4204420000,r,1440
4204420000,r,1440
4204421000,r,1440
4204421000,r,1440
4204421000,r,1440
4204421000,r,1440
4204537000,r,1440
4204622000,r,1440
4204629000,s,1340
4204622000,r,1440
4204622000,r,1440
4204717000,s,1340
4204766000,s,1340
4204872000,s,1340
4204920000,r,1440
4204920000,r,1440
4204920000,r,1440
4204920000,r,1440
4204920000,r,1440
4204921000,r,1440
4205386000,r,1440
4205387000,r,1440
4205387000,r,1440
4205387000,r,1440
4205387000,r,1440
4205387000,r,1440
4205387000,r,1440
4205387000,r,1440
4205469000,r,1440
4205535000,s,1340
4205566000,s,1340
4205579000,s,1340
4205595000,s,1340
4205605000,s,1340
4205757000,r,1440
4205757000,r,1440
4205758000,r,1440
4205758000,r,1440
4205758000,r,1440
4205758000,r,1440
4205868000,s,1340
4205891000,s,1340
4205909000,s,1340
4205920000,s,1340
4205959000,s,1340
4206015000,s,1340
4206051000,s,1340
4206077000,s,1340
4206093000,s,1340
4206107000,s,1340
4206122000,s,1340
4206207000,s,1340
4206360000,s,1340
4206484000,s,1340
4206551000,s,1340
4206609000,s,1340
4206662000,s,1340
4206715000,s,1340
4206767000,s,1340
4206819000,s,1340
4206868000,s,1340
4206913000,s,1340
4206964000,s,1340
4207015000,s,1340
4207167000,r,1440
4207168000,r,1440
4207168000,r,1440
4207168000,r,1440
4207168000,r,1440
4207288000,s,1340
4207340000,s,1340
4207373000,s,1340
4207526000,s,1340
4207634000,s,1340
4207722000,s,1340
4218217000,s,1340
4224043000,r,1440
4224043000,r,1440
4224043000,r,1440
4224621000,r,1440
4224621000,r,1440
4224621000,r,1440
4224622000,r,1440
4224622000,r,1440
4224622000,r,1440
4224622000,r,1440
4224622000,r,1440
4224664000,r,1440
4224664000,r,1440
4224664000,r,1440
4224665000,r,1440
4224665000,r,1440
4224665000,r,1440
4224665000,r,1440
4224702000,s,1340
4225070000,s,1340
4225190000,s,1340
4225350000,s,1340
4225426000,s,1340
4225445000,r,1440
4225446000,r,1440
4225446000,r,1440
4225446000,r,1440
4225446000,r,1440
4225446000,r,1440
4225446000,r,1440
4225446000,r,1440
4225521000,r,1440
4225522000,r,1440
4225522000,r,1440
4225522000,r,1440
4225582000,s,1340
4225660000,s,1340
4225729000,s,1340
4225869000,s,1340
4225964000,s,1340
4226023000,s,1340
4226079000,s,1340
4226389000,s,1340
4226460000,s,1340
4226529000,s,1340
4226588000,s,1340
4226632000,s,1340
4226692000,s,1340
4226742000,s,1340
4226798000,s,1340
4226858000,s,1340
4226914000,s,1340
4226971000,s,1340
4227021000,s,1340
4227068000,s,1340
4227121000,s,1340
4227171000,s,1340
4227263000,s,1340
4227421000,r,1440
4227421000,r,1440
4227421000,r,1440
4227422000,r,1440
4227422000,r,1440
4227422000,r,1440
4227422000,r,1440
4227422000,r,1440
4227510000,s,1340
4227515000,r,1440
4227515000,r,1440
4227515000,r,1440
4227516000,r,1440
4227516000,r,1440
4227516000,r,1440
4227516000,r,1440
4227516000,r,1440
4227553000,r,1440
4227553000,r,1440
4227570000,s,1340
4227734000,s,1340
4227771000,s,1340
4227795000,s,1340
4227809000,s,1340
4227819000,s,1340
4227829000,s,1340
4227839000,s,1340
4227852000,s,1340
4227862000,s,1340
4227871000,s,1340
4228449000,s,1340
4228491000,s,1340
4228718000,s,1340
4228760000,r,1440
4228760000,r,1440
4228760000,r,1440
4228761000,r,1440
4228874000,s,1340
4228921000,s,1340
4229258000,s,1340
4229441000,s,1340
4229501000,s,1340
4229587000,s,1340
4229649000,s,1340
4229911000,s,1340
4230057000,s,1340
4230221000,s,1340
4230395000,s,1340
4230533000,s,1340
4230677000,s,1340
4230801000,s,1340
4230925000,s,1340
4231163000,s,1340
4231250000,s,1340
4231302000,s,1340
4231354000,s,1340
4231507000,s,1340
4231610000,s,1340
4232174000,s,1340
4232378000,s,1340
4232430000,s,1340
4232648000,s,1340
4232701000,s,1340
4232783000,s,1340
4232946000,s,1340
4233121000,s,1340
4233252000,s,1340
4233322000,s,1340
4233498000,s,1340
4233725000,s,1340
4233772000,s,1340
4233851000,s,1340
4233940000,s,1340
4234053000,s,1340
4234209000,s,1340
4234320000,s,1340
4235051000,s,1340
4235146000,s,1340
4236400000,s,1340
4237567000,s,1340
4237627000,s,1340
4238666000,s,1340
4238694000,s,1340
4238760000,s,1340
4239897000,s,1340
4241075000,s,1340
4241423000,s,1340
4241560000,s,1340
4241665000,s,1340
4241750000,s,1340
4241803000,s,1340
4241848000,s,1340
4242088000,s,1340
4242164000,s,1340
4243399000,s,1340
4245077000,s,1340
4245173000,s,1340
4245339000,s,1340
4245541000,s,1340
4245687000,s,1340
4245832000,s,1340
4245941000,s,1340
4246075000,s,1340
4246297000,s,1340
4246396000,s,1340
4246428000,s,1340
4246559000,s,1340
4246667000,s,1340
4246912000,s,1340
4247029000,s,1340
4247214000,s,1340
4247242000,s,1340
4247304000,s,1340
4247403000,s,1340
4247455000,s,1340
4248617000,s,1340
4248763000,s,1340
4248845000,s,1340
4249018000,s,1340
4249177000,s,1340
4249361000,s,1340
4249495000,s,1340
4249643000,s,1340
4249755000,s,1340
4249906000,s,1340
4249999000,s,1340
4250181000,s,1340
4250312000,s,1340
4250626000,s,1340
4250734000,s,1340
4250859000,s,1340
4251007000,s,1340
4251128000,s,1340
4251563000,s,1340
4251598000,s,1340
4251718000,s,1340
4251803000,s,1340
4251859000,s,1340
4252966000,s,1340
4253354000,s,1340
4254057000,r,1440
4254057000,r,1440
4254057000,r,1440
4254057000,r,1440
4254057000,r,1440
4254057000,r,1440
4254058000,r,1440
4254058000,r,1440
4254183000,r,1440
4254183000,r,1440
4254183000,r,1440
4254183000,r,1440
4254690000,r,1440
4254707000,s,1340
4254690000,r,1440
4254690000,r,1440
4254690000,r,1440
4254690000,r,1440
4254690000,r,1440
4255008000,s,1340
4255110000,s,1340
4255312000,s,1340
4255389000,s,1340
4255503000,s,1340
4255546000,s,1340
4255580000,s,1340
4255831000,s,1340
4255866000,s,1340
4255910000,s,1340
4256166000,s,1340
4256282000,s,1340
4256370000,s,1340
4256598000,r,1440
4256598000,r,1440
4256599000,r,1440
4256599000,r,1440
4256665000,s,1340
4257047000,s,1340
4266756000,s,1340
4267586000,r,1440
4267586000,r,1440
4267586000,r,1440
4267587000,r,1440
4267587000,r,1440
4267587000,r,1440
4267587000,r,1440
4267588000,r,1440
4267783000,r,1440
4267784000,r,1440
4267784000,r,1440
4267784000,r,1440
4268222000,s,1340
4268650000,r,1440
4268650000,r,1440
4268714000,s,1340
4268651000,r,1440
4268651000,r,1440
4268651000,r,1440
4268651000,r,1440
4268651000,r,1440
4268651000,r,1440
4268778000,r,1440
4268778000,r,1440
4268778000,r,1440
4268779000,r,1440
4268779000,r,1440
4268808000,s,1340
4268779000,r,1440
4268779000,r,1440
4268779000,r,1440
4268838000,r,1440
4268838000,r,1440
4268889000,s,1340
4269099000,s,1340
4269212000,s,1340
4269426000,s,1340
4269429000,r,1440
4269429000,r,1440
4269429000,r,1440
4269430000,r,1440
4269430000,r,1440
4269430000,r,1440
4269430000,r,1440
4269430000,r,1440
4269526000,r,1440
4269541000,r,1440
4269542000,r,1440
4269542000,r,1440
4269567000,s,1340
4269675000,s,1340
4269778000,s,1340
4269923000,r,1440
4269923000,r,1440
4269923000,r,1440
4270068000,s,1340
4270156000,r,1440
4270156000,r,1440
4270156000,r,1440
4270211000,s,1340
4270347000,s,1340
4270422000,s,1340
4270525000,s,1340
4270628000,s,1340
4270797000,s,1340
4270962000,s,1340
4271111000,s,1340
4271454000,s,1340
4271563000,s,1340
4271645000,s,1340
4271911000,s,1340
4271974000,s,1340
4272084000,r,1440
4272144000,s,1340
4272085000,r,1440
4272085000,r,1440
4272085000,r,1440
4272250000,s,1340
4272324000,s,1340
4272395000,s,1340
4272466000,s,1340
4272546000,s,1340
4272610000,s,1340
4272724000,s,1340
4272823000,s,1340
4272969000,s,1340
4273067000,s,1340
4273278000,s,1340
4273329000,s,1340
4273403000,s,1340
4273453000,s,1340
4274203000,s,1340
4274324000,s,1340
4274491000,s,1340
4274747000,s,1340
4274806000,s,1340
4275068000,s,1340
4275143000,s,1340
4275192000,s,1340
4275299000,s,1340
4276431000,s,1340
4276714000,s,1340
4277069000,s,1340
4277249000,s,1340
4277352000,s,1340
4277442000,s,1340
4277540000,s,1340
4277877000,s,1340
4277931000,s,1340
4277956000,s,1340
4278005000,s,1340
4278755000,s,1340
4278955000,s,1340
4279136000,s,1340
4279290000,s,1340
4279489000,s,1340
4279594000,s,1340
4279774000,s,1340
4279980000,s,1340
4280081000,s,1340
4280150000,s,1340
4280211000,s,1340
4280283000,s,1340
4280380000,s,1340
4280485000,s,1340
4281767000,s,1340
4281898000,s,1340
4281969000,s,1340
4282023000,s,1340
4282916000,s,1340
4283006000,s,1340
4283065000,s,1340
4284054000,s,1340
4284119000,s,1340
4285418000,s,1340
4285698000,s,1340
4285787000,s,1340
4286378000,s,1340
4286459000,s,1340
4286665000,s,1340
4286757000,s,1340
4286833000,s,1340
4287004000,s,1340
4287169000,s,1340
4287392000,s,1340
4287452000,s,1340
4287476000,s,1340
4287610000,s,1340
4287719000,s,1340
4287867000,s,1340
4287931000,s,1340
4288114000,s,1340
4298554000,s,1340
4298671000,s,1340
4298740000,s,1340
4299006000,s,1340
4299187000,s,1340
4299340000,s,1340
4299487000,s,1340
4299616000,s,1340
4300559000,s,1340
4300561000,r,1440
4300773000,s,1340
4300906000,s,1340
4305224000,r,1440
4305224000,r,1440
4305224000,r,1440
4305224000,r,1440
4305225000,r,1440
4305225000,r,1440
4305225000,r,1440
4305225000,r,1440
4305319000,r,1440
4305319000,r,1440
4305320000,r,1440
4305320000,r,1440
4305320000,r,1440
4305320000,r,1440
4305320000,r,1440
4305320000,r,1440
4305354000,r,1440
4305354000,r,1440
4305752000,r,1440
4305752000,r,1440
4305753000,r,1440
4306074000,r,1440
4306074000,r,1440
4306074000,r,1440
4306074000,r,1440
4306075000,r,1440
4306075000,r,1440
4306075000,r,1440
4306075000,r,1440
4306175000,r,1440
4306191000,s,1340
4306370000,s,1340
4306486000,s,1340
4306561000,s,1340
4306668000,s,1340
4306770000,s,1340
4306883000,s,1340
4307009000,s,1340
4307113000,s,1340
4307219000,s,1340
4307311000,s,1340
4307335000,r,1440
4307336000,r,1440
4307407000,s,1340
4307336000,r,1440
4307336000,r,1440
4307336000,r,1440
4307337000,r,1440
4307502000,s,1340
4307599000,s,1340
4307668000,s,1340
4307767000,s,1340
4307860000,s,1340
4307955000,s,1340
4308043000,s,1340
4308127000,s,1340
4308224000,s,1340
4308317000,s,1340
4308413000,s,1340
4308625000,s,1340
4308722000,s,1340
4308814000,s,1340
4308905000,s,1340
4309001000,s,1340
4309096000,s,1340
4309126000,r,1440
4309126000,r,1440
4309127000,r,1440
4309127000,r,1440
4309127000,r,1440
4309127000,r,1440
4309127000,r,1440
4309127000,r,1440
4309195000,r,1440
4309195000,r,1440
4309195000,r,1440
4309195000,r,1440
4309195000,r,1440
4309195000,r,1440
4309195000,r,1440
4309196000,r,1440
4309233000,r,1440
4309233000,r,1440
4309233000,r,1440
4309233000,r,1440
4309320000,s,1340
4309871000,s,1340
4309960000,s,1340
4310027000,s,1340
4310069000,r,1440
4310096000,s,1340
4310069000,r,1440
4310069000,r,1440
4310069000,r,1440
4310069000,r,1440
4310070000,r,1440
4310070000,r,1440
4310167000,s,1340
4310313000,s,1340
4310388000,s,1340
4310456000,s,1340
4310520000,s,1340
4310577000,s,1340
4310616000,s,1340
4310656000,s,1340
4310694000,s,1340
4310819000,s,1340
4310927000,s,1340
4311032000,s,1340
4311093000,s,1340
4311267000,s,1340
4311386000,s,1340
4311475000,s,1340
4311559000,s,1340
4311649000,s,1340
4312904000,r,1440
4315641000,r,1440
4318204000,r,1440
4318204000,r,1440
4318205000,r,1440
4318746000,s,1340
4318826000,s,1340
4318859000,s,1340
4320380000,r,1440
4320380000,r,1440
4320380000,r,1440
4320380000,r,1440
4320380000,r,1440
4320381000,r,1440
4320381000,r,1440
4320381000,r,1440
4320520000,r,1440
4320520000,r,1440
4320521000,r,1440
4320521000,r,1440
4320521000,r,1440
4320521000,r,1440
4320521000,r,1440
4320522000,r,1440
4320584000,r,1440
4320584000,r,1440
4320939000,s,1340
4321125000,s,1340
4321157000,s,1340
4321184000,s,1340
4321203000,s,1340
4321218000,s,1340
4321234000,s,1340
4321249000,s,1340
4321265000,s,1340
4321442000,s,1340
4321506000,s,1340
4321594000,s,1340
4321647000,s,1340
4321746000,s,1340
4321872000,r,1440
4321916000,s,1340
4321872000,r,1440
4321872000,r,1440
4321872000,r,1440
4321873000,r,1440
4321873000,r,1440
4322033000,s,1340
4322110000,s,1340
4322219000,s,1340
4322384000,s,1340
4322491000,s,1340
4322584000,s,1340
4322674000,r,1440
4322676000,s,1340
4322674000,r,1440
4322674000,r,1440
4322674000,r,1440
4322675000,r,1440
4322675000,r,1440
4323156000,s,1340
4323207000,s,1340
4323386000,s,1340
4323447000,r,1440
4323447000,r,1440
4323447000,r,1440
4323447000,r,1440
4323447000,r,1440
4323448000,r,1440
4323644000,s,1340
4323774000,s,1340
4323874000,s,1340
4323965000,s,1340
4324044000,s,1340
4324120000,s,1340
4324204000,s,1340
4324284000,s,1340
4324472000,s,1340
4324634000,s,1340
4324808000,s,1340
4324889000,s,1340
4325228000,s,1340
4325325000,s,1340
4325561000,s,1340
4325705000,s,1340
4325826000,s,1340
4325953000,s,1340
4326138000,s,1340
4326464000,s,1340
4326591000,s,1340
4326725000,s,1340
4327061000,r,1440
4327106000,s,1340
4327061000,r,1440
4327061000,r,1440
4327061000,r,1440
4327061000,r,1440
4327062000,r,1440
4327062000,r,1440
4327062000,r,1440
4327151000,r,1440
4327242000,s,1340
4327463000,s,1340
4327614000,s,1340
4327754000,s,1340
4328011000,s,1340
4328155000,r,1440
4328155000,r,1440
4328155000,r,1440
4328215000,s,1340
4328156000,r,1440
4328156000,r,1440
4328156000,r,1440
4328346000,s,1340
4328470000,s,1340
4328600000,s,1340
4328743000,s,1340
4328883000,s,1340
4329026000,s,1340
4329093000,r,1440
4329093000,r,1440
4329094000,r,1440
4329094000,r,1440
4329094000,r,1440
4329094000,r,1440
4329094000,r,1440
4329095000,r,1440
4329156000,r,1440
4329156000,r,1440
4329156000,r,1440
4329257000,s,1340
4329537000,s,1340
4329684000,s,1340
4329815000,s,1340
4329956000,s,1340
4330134000,s,1340
4330376000,s,1340
4330451000,s,1340
4330508000,s,1340
4330688000,s,1340
4330784000,s,1340
4330864000,s,1340
4330983000,s,1340
4331028000,s,1340
4332494000,s,1340
4332710000,s,1340
4332744000,s,1340
4333062000,s,1340
4335210000,r,1440
4335210000,r,1440
4335210000,r,1440
4335210000,r,1440
4335210000,r,1440
4335210000,r,1440
4335211000,r,1440
4335211000,r,1440
4335320000,r,1440
4335320000,r,1440
4335320000,r,1440
4335321000,r,1440
4335321000,r,1440
4335321000,r,1440
4335321000,r,1440
4335321000,r,1440
4335367000,r,1440
4335367000,r,1440
4335368000,r,1440
4335591000,r,1440
4335591000,r,1440
4335591000,r,1440
4335592000,r,1440
4335592000,r,1440
4335592000,r,1440
4336009000,s,1340
4336228000,s,1340
4336686000,s,1340
4336734000,s,1340
4336752000,s,1340
4336764000,s,1340
4336773000,s,1340
4336785000,s,1340
4336795000,s,1340
4336805000,s,1340
4336913000,r,1440
4336913000,r,1440
4336913000,r,1440
4337197000,s,1340
4337321000,s,1340
4337396000,s,1340
4337604000,s,1340
4337726000,s,1340
4337786000,s,1340
4337858000,s,1340
4337926000,s,1340
4337973000,r,1440
4337974000,r,1440
4337974000,r,1440
4337974000,r,1440
4337974000,r,1440
4337974000,r,1440
4337975000,r,1440
4337975000,r,1440
4338080000,r,1440
4338090000,s,1340
4338229000,s,1340
4338340000,s,1340
4338417000,s,1340
4338464000,s,1340
4338531000,s,1340
4338589000,s,1340
4338648000,s,1340
4340987000,s,1340
4341201000,r,1440
4341201000,r,1440
4341201000,r,1440
4343053000,s,1340
4349141000,s,1340
6099959000,s,1340
6131878000,s,1340
6132310000,s,1340
6132395000,s,1340
6185033000,r,1440
6213188000,r,1440
6213189000,r,1440
6213189000,r,1440
6213190000,r,1440
6214555000,s,1340
6215413000,r,1440
6215733000,s,1340
6216922000,r,1440
6219961000,s,1340
6239674000,r,1440
6239674000,r,1440
6240708000,s,1340
6240835000,s,1340
6240918000,s,1340
6241082000,s,1340
6241258000,s,1340
6241413000,s,1340
6241573000,s,1340
6241720000,s,1340
6241794000,s,1340
6241922000,s,1340
6242088000,s,1340
6242199000,s,1340
6242395000,s,1340
6242586000,s,1340
6242740000,s,1340
6242876000,s,1340
6242986000,s,1340
6243094000,s,1340
6243135000,s,1340
6243420000,s,1340
6243545000,s,1340
6243895000,s,1340
6244006000,s,1340
6244270000,s,1340
6244378000,s,1340
6244539000,s,1340
6244704000,s,1340
6254618000,s,1340
6259829000,s,1340
6281371000,r,1440
6281371000,r,1440
6281372000,r,1440
6281372000,r,1440
6282991000,s,1340
6289394000,r,1440
6289394000,r,1440
6289395000,r,1440
6289395000,r,1440
6289396000,r,1440
6289396000,r,1440
6290387000,s,1340
6290771000,s,1340
6291316000,s,1340
6291615000,s,1340
6291820000,s,1340
6292014000,s,1340
6302538000,s,1340
6360365000,s,1340
6386913000,r,1440
6388702000,s,1340
6398997000,s,1340
6406419000,r,1440
6410432000,r,1440
6418651000,r,1440
6418651000,r,1440
6419706000,s,1340
6422441000,r,1440
6423235000,s,1340
6438807000,r,1440
6438808000,r,1440
6438808000,r,1440
6438809000,r,1440
6440797000,s,1340
6441205000,s,1340
6441348000,s,1340
6441529000,s,1340
6451549000,s,1340
6461762000,r,1440
6466699000,r,1440
6486328000,r,1440
6487422000,s,1340
6510295000,r,1440
6510460000,r,1440
6511121000,s,1340
6511927000,r,1440
6512341000,s,1340
6569218000,s,1340
6569446000,s,1340
6605097000,r,1440
6605097000,r,1440
6605097000,r,1440
6605098000,r,1440
6607031000,s,1340
6617362000,s,1340
6617881000,r,1440
6619540000,s,1340
6625390000,s,1340
6625681000,s,1340
6630281000,r,1440
6630281000,r,1440
6654377000,r,1440
6654378000,r,1440
6656885000,s,1340
6658284000,r,1440
6659491000,s,1340
6665914000,r,1440
6665914000,r,1440
6665915000,r,1440
6665915000,r,1440
6665916000,r,1440
6665916000,r,1440
6667487000,r,1440
6667678000,s,1340
6668348000,s,1340
6668658000,s,1340
6670751000,s,1340
6674042000,s,1340
6679748000,s,1340
6695032000,r,1440
6696938000,r,1440
6700133000,s,1340
6700736000,r,1440
6700737000,r,1440
6704930000,s,1340
6720293000,s,1340
6720636000,r,1440
6720652000,s,1340
6720637000,r,1440
6723150000,s,1340
6723522000,s,1340
6729734000,s,1340
6730079000,s,1340
6730430000,s,1340
6742405000,r,1440
6742405000,r,1440
6746216000,s,1340
6754378000,r,1440
6758340000,r,1440
6758341000,r,1440
6758342000,r,1440
6758342000,r,1440
6758343000,r,1440
6758343000,r,1440
6758343000,r,1440
6758344000,r,1440
6758734000,r,1440
6758735000,r,1440
6758735000,r,1440
6758735000,r,1440
6758736000,r,1440
6758736000,r,1440
6758737000,r,1440
6758737000,r,1440
6760834000,s,1340
6763145000,s,1340
6763384000,s,1340
6764035000,s,1340
6764323000,s,1340
6765656000,s,1340
6765895000,s,1340
6766111000,s,1340
6766422000,s,1340
6766871000,s,1340
6767109000,s,1340
6773053000,s,1340
6774329000,r,1440
6778345000,r,1440
6779967000,s,1340
6798344000,r,1440
6798744000,r,1440
6801116000,s,1340
6811595000,r,1440
6811597000,r,1440
6812700000,r,1440
6813747000,s,1340
6814005000,s,1340
6818269000,r,1440
6818270000,r,1440
6844155000,s,1340
6856647000,r,1440
6856647000,r,1440
6856648000,r,1440
6856648000,r,1440
6858864000,s,1340
6882356000,r,1440
6883920000,s,1340
6889599000,r,1440
6889599000,r,1440
6889600000,r,1440
6889600000,r,1440
6889601000,r,1440
6891525000,s,1340
6891864000,s,1340
7474736000,r,1440
7474737000,r,1440
7474737000,r,1440
7474738000,r,1440
7474738000,r,1440
7474739000,r,1440
7474739000,r,1440
7479255000,s,1340
7479645000,s,1340
7482732000,s,1340
7493731000,r,1440
7493731000,r,1440
7495694000,s,1340
7497381000,r,1440
7497382000,r,1440
7533379000,r,1440
7535070000,s,1340
7542348000,r,1440
7542349000,r,1440
7542350000,r,1440
7544410000,s,1340
7544912000,s,1340
9210508000,r,1440
9210508000,r,1440
9210509000,r,1440
9210509000,r,1440
9210510000,r,1440
9210510000,r,1440
9210511000,r,1440
9214942000,s,1340
9215725000,s,1340
9216027000,s,1340
13879876000,s,1340
13916501000,s,1340
13916901000,s,1340
14282429000,r,1440
14282429000,r,1440
14282430000,r,1440
14282430000,r,1440
14282431000,r,1440
14282431000,r,1440
14286020000,s,1340
14286559000,s,1340
14286664000,s,1340
14286791000,s,1340
14288411000,s,1340
14295445000,s,1340
14298324000,r,1440
14301415000,r,1440
14301416000,r,1440
14301416000,r,1440
14302451000,s,1340
14312607000,r,1440
14312608000,r,1440
14313738000,s,1340
14313914000,s,1340
14318336000,r,1440
14318337000,r,1440
14318337000,r,1440
14319175000,s,1340
15792055000,s,1340
15827794000,s,1340
15828217000,s,1340
15828307000,s,176
15828322000,s,1340
15847544000,r,1440
15847544000,r,1440
15847544000,r,120
15848377000,r,1440
15849104000,s,1340
15850348000,r,1440
15850441000,s,1340
15851911000,r,1440
15852347000,s,1340
15853466000,r,1440
15853771000,s,1340
15853890000,r,1440
15855871000,r,1440
15858863000,s,1340
15858976000,s,1340
15859038000,s,1340
15869081000,s,1340
15873429000,r,1440
15873430000,r,1440
15874233000,r,1440
15874674000,r,1440
15874675000,r,1440
15874675000,r,1440
15874769000,s,1340
15875208000,s,1340
15875303000,s,1340
15876029000,r,1440
15876481000,s,1340
15876748000,s,1340
15876835000,s,1340
15877056000,s,1340
15877143000,s,1340
15877182000,r,1440
15877358000,s,1340
15885426000,r,1440
15885427000,r,1440
15885427000,r,1440
15885428000,r,1440
15885842000,s,1340
15886214000,s,1340
15886467000,s,1340
15887606000,s,1340
15887761000,s,1340
15888595000,s,1340
15888860000,s,1340
15889835000,s,1340
15890369000,s,1340
15890436000,s,1340
15890541000,s,1340
15890609000,s,1340
15890783000,s,1340
15890946000,s,1340
15891094000,s,1340
15891248000,s,1340
15891397000,s,1340
15891579000,s,1340
15893842000,s,1340
15894034000,s,1340
15894295000,r,1440
15894416000,s,1340
15894570000,s,1340
15894711000,s,1340
15894882000,s,1340
15895027000,s,1340
15895179000,s,1340
15895324000,s,1340
15895470000,s,1340
15895618000,s,1340
15895758000,s,1340
15895899000,s,1340
15896032000,s,1340
15896165000,s,1340
15896292000,s,1340
15896419000,s,1340
15896548000,s,1340
15897471000,r,1440
15903153000,r,1440
15904541000,r,1440
15905792000,s,1340
15906320000,r,1440
15906321000,r,1440
15906321000,r,1440
15906322000,r,1440
15906322000,r,1440
15906323000,r,1440
15906323000,r,1440
15907290000,r,1440
15907290000,r,1440
15907291000,r,1440
15907784000,s,1340
15908109000,s,1340
15908369000,s,1340
15908483000,r,1440
15908813000,r,1440
15908814000,r,1440
15908814000,r,1440
15909276000,r,1440
15909277000,r,1440
15909598000,r,1440
15909599000,r,1440
15909599000,r,1440
15910058000,s,1340
15910562000,s,1340
15910967000,r,1440
15910968000,r,1440
15911190000,s,1340
15911452000,s,1340
15911673000,s,1340
15911894000,s,1340
15912094000,s,1340
15912245000,r,1440
15912290000,s,1340
15912537000,s,1340
15912617000,r,1440
15912786000,s,1340
15913024000,s,1340
15913239000,s,1340
15913434000,s,1340
15913620000,s,1340
15913809000,s,1340
15914178000,s,1340
15914494000,s,1340
15914857000,s,1340
15915101000,s,1340
15915297000,s,1340
15915492000,s,1340
15915720000,s,1340
15915944000,s,1340
15916174000,s,1340
15916372000,s,1340
15916565000,s,1340
15916750000,s,1340
15916934000,s,1340
15917154000,s,1340
15917342000,s,1340
15917535000,s,1340
15917718000,s,1340
15917900000,s,1340
15918091000,s,1340
15918380000,s,1340
15918606000,s,1340
15918804000,s,1340
15925737000,s,1340
16165604000,s,1340
16737793000,r,1440
16737794000,r,1440
16737794000,r,1440
16737795000,r,1440
16737795000,r,1440
16737796000,r,1440
16737796000,r,1440
16737797000,r,1440
16738737000,r,1440
16738737000,r,1440
16738738000,r,1440
16738738000,r,1440
16738739000,r,1440
16738739000,r,1440
16738740000,r,1440
16744298000,s,1340
16744737000,s,1340
16748445000,s,1340
16752456000,s,1340
16760219000,s,1340
16760863000,s,1340
16761692000,s,1340
16762661000,s,1340
16766355000,r,1440
16766356000,r,1440
16770500000,s,1340
16770813000,s,1340
16771022000,s,1340
16771295000,s,1340
16771486000,s,1340
16771662000,s,1340
16771931000,s,1340
16772174000,s,1340
16772364000,s,1340
16772550000,s,1340
16772807000,s,1340
16773075000,s,1340
16773332000,s,1340
16773593000,s,1340
16773790000,s,1340
16773981000,s,1340
16774221000,s,1340
16774522000,s,1340
16774720000,s,1340
16774963000,s,1340
16775157000,s,1340
16775440000,s,1340
16775704000,s,1340
16775963000,s,1340
16776221000,s,1340
16776476000,s,1340
16776750000,s,1340
16777009000,s,1340
16777265000,s,1340
16777730000,s,1340
16778001000,s,1340
16778354000,s,1340
16778618000,s,1340
16778891000,s,1340
16779138000,s,1340
16779416000,s,1340
16779683000,s,1340
16779961000,s,1340
16780209000,s,1340
16780463000,s,1340
16780692000,r,1440
16780714000,s,1340
16780693000,r,1440
16781028000,s,1340
16781545000,s,1340
16781823000,s,1340
16781924000,r,1440
16782114000,s,1340
16782522000,s,1340
16782785000,s,1340
16782990000,s,1340
16783198000,s,1340
16783385000,s,1340
16783577000,s,1340
16783760000,s,1340
16783953000,s,1340
16784150000,s,1340
16784361000,s,1340
16784550000,s,1340
16784737000,s,1340
16784932000,s,1340
16785132000,s,1340
16785354000,s,1340
16785558000,s,1340
16785755000,s,1340
16785948000,s,1340
16786137000,s,1340
16786338000,r,1440
16786423000,s,1340
16786708000,s,1340
16786979000,s,1340
16787264000,s,1340
16787565000,s,1340
16787809000,s,1340
16787998000,s,1340
16788080000,r,1440
16788202000,s,1340
16788081000,r,1440
16788414000,s,1340
16788652000,s,1340
16788871000,s,1340
16789172000,s,1340
16789239000,r,1440
16789406000,s,1340
16789569000,r,1440
16789738000,s,1340
16790046000,s,1340
16790472000,s,1340
16791161000,s,1340
16791703000,s,1340
16793440000,s,1340
16793785000,s,1340
16794070000,s,1340
16794292000,r,1440
16794293000,r,1440
16794293000,r,1440
16794610000,s,1340
16794961000,s,1340
16795316000,s,1340
16795635000,s,1340
16796026000,r,1440
16796027000,r,1440
16796789000,s,1340
16797318000,r,1440
16797391000,s,1340
16798746000,s,1340
16799092000,s,1340
16799335000,s,1340
16799544000,s,1340
16799751000,s,1340
16799949000,s,1340
16800154000,s,1340
16800357000,s,1340
16800549000,s,1340
16800748000,s,1340
16800948000,s,1340
16801136000,s,1340
16801340000,s,1340
16801546000,s,1340
16801927000,s,1340
16802139000,s,1340
16802433000,s,1340
16802630000,s,1340
16802833000,s,1340
16803048000,s,1340
16803340000,s,1340
16803551000,s,1340
16803756000,s,1340
16803956000,s,1340
16804158000,s,1340
16804356000,s,1340
16804718000,s,1340
16804952000,s,1340
16805146000,s,1340
16805357000,s,1340
16805575000,s,1340
16805792000,s,1340
16806000000,s,1340
16806202000,s,1340
16806469000,s,1340
16806679000,s,1340
16806843000,s,1340
16807001000,s,1340
16807170000,s,1340
16807348000,s,1340
16807517000,s,1340
16807687000,s,1340
16807856000,s,1340
16808013000,s,1340
16808154000,s,1340
16808304000,s,1340
16808469000,s,1340
16808640000,s,1340
16808807000,s,1340
16808950000,s,1340
16809091000,s,1340
16809235000,s,1340
16809396000,s,1340
16809561000,s,1340
16809723000,s,1340
16809886000,s,1340
16810031000,s,1340
16810171000,s,1340
16810387000,s,1340
16810570000,s,1340
16810721000,s,1340
16810886000,s,1340
16811037000,s,1340
16811196000,s,1340
16811339000,s,1340
16811478000,s,1340
16811632000,s,1340
16811778000,s,1340
16811922000,s,1340
16812080000,s,1340
16812226000,s,1340
16812374000,s,1340
16812524000,s,1340
16812664000,s,1340
16812813000,s,1340
16812982000,s,1340
16813127000,s,1340
16813263000,s,1340
16813546000,s,1340
16813710000,s,1340
16813857000,s,1340
16814001000,s,1340
16814154000,s,1340
16814378000,s,1340
16814556000,s,1340
16814734000,s,1340
16814895000,s,1340
16815049000,s,1340
16815208000,s,1340
16815350000,s,1340
16815540000,s,1340
16815666000,s,1340
16815795000,s,1340
16815910000,s,1340
16816036000,s,1340
16816166000,s,1340
16816277000,s,1340
16816404000,s,1340
16816523000,s,1340
16816636000,s,1340
16816761000,s,1340
16816879000,s,1340
16817004000,s,1340
16817125000,s,1340
16817245000,s,1340
16817367000,s,1340
16817485000,s,1340
16817607000,s,1340
16817727000,s,1340
16817856000,s,1340
16817984000,s,1340
16818098000,s,1340
16818213000,s,1340
16818323000,r,1440
16818383000,s,1340
16818517000,s,1340
16818652000,s,1340
16818781000,s,1340
16818903000,s,1340
16819033000,s,1340
16819150000,s,1340
16819270000,s,1340
16819410000,s,1340
16819539000,s,1340
16819659000,s,1340
16819787000,s,1340
16819908000,s,1340
16820024000,s,1340
16820136000,s,1340
16820257000,s,1340
16820380000,s,1340
16820522000,s,1340
16820636000,s,1340
16820957000,s,1340
16821326000,s,1340
16821465000,s,1340
16821853000,s,1340
16821998000,s,1340
16822128000,s,1340
16822335000,s,1340
16822341000,r,1440
16822341000,r,1440
16822342000,r,1440
16822342000,r,1440
16822343000,r,1440
16822343000,r,1440
16822808000,s,1340
16822968000,s,1340
16823258000,s,1340
16823428000,s,1340
16823998000,s,1340
16824151000,s,1340
16824277000,s,1340
16824403000,s,1340
16824529000,s,1340
16824700000,s,1340
16824850000,s,1340
16825702000,s,1340
16825874000,s,1340
16826046000,s,1340
16826186000,s,1340
16826330000,r,1440
16826375000,s,1340
16826732000,s,1340
16826889000,s,1340
16837730000,s,1340
20986793000,r,1440
20986793000,r,1440
20986794000,r,1440
20986794000,r,1440
20986795000,r,1440
20986795000,r,1440
20991011000,s,1340
20991372000,s,1340
24173339000,s,1340
24213169000,s,1340
24213625000,s,1340
25082723000,r,1440