0,s,108
35800000,s,108
36363000,s,108
2004813000,s,156
2043849000,s,156
2044284000,s,156
2061888000,r,156
4844458000,s,124
4889065000,s,124
4889476000,s,124
4889752000,s,124
4911514000,r,124
4912729000,s,124
4914055000,s,1340
4914285000,s,684
4915648000,s,1340
4918578000,s,1340
4922353000,s,172
4924990000,r,124
4927861000,r,364
4929904000,r,1372
4930557000,s,124
4930832000,s,188
4931660000,s,204
4932340000,s,604
4935579000,r,1372
4943261000,r,204
4943261000,r,172
4944840000,s,124
4945028000,s,156
4952749000,s,1340
4952888000,s,188
4953531000,s,316
4953853000,s,348
4961579000,r,124
4961580000,r,124
4967254000,r,124
4981463000,r,252
4981463000,r,252
4988826000,s,140
4992262000,r,124
5010747000,r,1340
5010747000,r,1340
5010747000,r,1340
5010748000,r,1340
5010748000,r,1340
5010748000,r,1340
5010748000,r,1340
5010749000,r,1340
5011015000,r,1340
5011015000,r,748
5012368000,s,124
5012553000,s,124
5012895000,s,124
5013185000,s,124
5013381000,s,124
5020127000,s,140
5038718000,s,396
5038918000,s,332
5052524000,r,124
5054156000,r,1340
5054156000,r,1340
5054156000,r,348
5054914000,s,124
5056100000,r,396
5058606000,r,1340
5058607000,r,1340
5058607000,r,1340
5058607000,r,1340
5058607000,r,1340
5058607000,r,1340
5058608000,r,1340
5058608000,r,1340
5058736000,s,124
5058741000,r,1340
5058741000,r,1340
5058741000,r,1340
5058741000,r,1340
5058742000,r,1340
5058742000,r,508
5058742000,r,1340
5058742000,r,1340
5059262000,s,124
5059315000,s,124
5059348000,s,124
5059364000,s,124
5059381000,s,124
5059912000,s,124
5059998000,s,124
5060024000,s,124
5066504000,r,1340
5066505000,r,796
5067322000,s,124
5067379000,s,124
5068349000,s,124
5069500000,s,124
5077455000,r,204
5077455000,r,140
5077455000,r,204
5079942000,s,124
5090958000,r,124
5092097000,s,124
5093917000,s,1340
5094074000,s,700
5111912000,r,124
5111912000,r,124
5111912000,r,364
5113277000,s,124
5115080000,s,188
5116053000,s,668
5127267000,r,124
5127267000,r,124
5127267000,r,204
5134469000,s,300
5134565000,s,252
5135954000,r,1340
5135954000,r,1340
5137682000,r,1340
5137682000,r,1340
5137682000,r,1340
5137682000,r,1340
5137682000,r,1340
5137683000,r,1340
5139124000,s,236
5140114000,s,124
5140253000,s,124
5142476000,s,124
5142592000,s,124
5152695000,r,1340
5152695000,r,1340
5152695000,r,1340
5152695000,r,1340
5152696000,r,124
5152696000,r,1340
5152696000,r,1340
5152696000,r,1340
5152881000,r,1340
5152881000,r,1340
5152882000,r,1340
5152882000,r,364
5153509000,s,124
5153571000,s,124
5153589000,s,124
5153604000,s,124
5153818000,s,124
5155286000,r,428
5155286000,r,1340
5155286000,r,1340
5155287000,r,1340
5155287000,r,1340
5155287000,r,1340
5155287000,r,1340
5155287000,r,1340
5155392000,r,1340
5155392000,r,1340
5155392000,r,1340
5155393000,r,1340
5155393000,r,1340
5155393000,r,1340
5155900000,s,124
5156028000,s,124
5156109000,s,124
5156184000,s,124
5156473000,s,124
5156585000,s,124
5156683000,s,124
5156762000,s,124
5158518000,r,1340
5158518000,r,1340
5158518000,r,1340
5158518000,r,1340
5158518000,r,1340
5158519000,r,1340
5158519000,r,1340
5158519000,r,1340
5158616000,r,1340
5158616000,r,1340
5158616000,r,1340
5158616000,r,1340
5158616000,r,1340
5158617000,r,1340
5158617000,r,1340
5158617000,r,1340
5158660000,r,1340
5158660000,r,1340
5158660000,r,1340
5158660000,r,1340
5158660000,r,1340
5158660000,r,1340
5158660000,r,1340
5158661000,r,1340
5158700000,r,1340
5158700000,r,1340
5158700000,r,1340
5158701000,r,556
5159328000,s,124
5160056000,s,124
5160151000,s,124
5160374000,s,124
5160563000,s,124
5160725000,s,124
5161228000,s,124
5161289000,s,124
5161381000,s,124
5161536000,s,124
5161987000,s,124
5162095000,s,124
5162148000,s,124
5162314000,s,124
5168148000,r,1340
5168148000,r,1340
5168148000,r,1340
5168148000,r,1340
5168148000,r,1340
5168149000,r,1340
5168149000,r,1340
5168149000,r,1340
5168330000,r,1340
5168330000,r,1340
5168330000,r,1340
5168330000,r,1340
5168331000,r,1340
5168331000,r,1340
5168331000,r,1340
5168331000,r,1340
5168377000,r,1340
5168377000,r,1340
5168377000,r,1340
5168378000,r,1340
5168378000,r,1340
5169330000,s,124
5169489000,s,124
5170179000,s,124
5170268000,s,124
5170339000,r,1340
5170405000,s,124
5170339000,r,1340
5170431000,s,124
5170339000,r,1340
5170339000,r,1340
5170449000,s,124
5170339000,r,1340
5170340000,r,1340
5170340000,r,1340
5170340000,r,1340
5170501000,r,1340
5170502000,r,1340
5170502000,r,1340
5170719000,s,124
5170779000,s,124
5171005000,s,124
5171080000,s,124
5171102000,s,124
5171118000,s,124
5171132000,s,124
5171156000,s,124
5171171000,s,124
5172033000,r,1340
5172033000,r,1340
5172033000,r,1340
5172033000,r,1340
5175735000,r,1340
5175736000,r,1340
5175736000,r,1340
5175736000,r,1340
5175736000,r,1340
5175736000,r,1340
5175737000,r,1340
5175737000,r,1340
5175947000,r,1340
5175947000,r,1340
5175948000,r,1340
5175948000,r,1340
5175948000,r,1340
5175948000,r,1340
5175948000,r,1340
5175949000,r,1340
5176014000,r,1340
5176015000,r,1340
5176015000,r,1340
5176015000,r,1340
5176015000,r,1340
5176015000,r,1340
5176016000,r,1340
5176016000,r,1340
5176077000,r,1340
5176077000,r,1340
5176077000,r,1340
5176077000,r,1340
5176078000,r,1340
5176078000,r,1340
5176078000,r,1340
5176078000,r,1340
5176145000,r,1340
5176146000,r,1340
5176146000,r,1340
5176146000,r,1340
5176209000,r,1340
5176209000,r,1340
5176209000,r,1340
5176209000,r,1340
5176209000,r,1340
5176210000,r,1340
5176601000,s,124
5176662000,s,124
5177115000,s,124
5177204000,s,124
5177234000,s,124
5177251000,s,124
5177268000,s,124
5177284000,s,124
5177299000,s,124
5177314000,s,124
5177327000,s,124
5177341000,s,124
5177355000,s,124
5177641000,s,124
5178033000,r,1340
5178034000,r,1340
5178034000,r,1340
5178034000,r,1340
5178034000,r,1340
5178115000,s,124
5178035000,r,1340
5178254000,s,124
5178348000,s,124
5178448000,s,124
5178539000,s,124
5178602000,s,124
5178663000,s,124
5178722000,s,124
5178800000,s,124
5178862000,s,124
5178947000,s,124
5179023000,s,124
5179396000,r,1340
5179396000,r,1340
5179738000,s,124
5181075000,r,1340
5181075000,r,1340
5181169000,r,1340
5181169000,r,1340
5181169000,r,1340
5181169000,r,1340
5181170000,r,1340
5181170000,r,1340
5181766000,s,124
5181862000,r,1340
5181862000,r,1340
5181862000,r,1340
5181862000,r,1340
5181863000,r,1340
5181935000,s,124
5181863000,r,1340
5182099000,s,124
5182255000,s,124
5182421000,s,124
5182577000,s,124
5182766000,s,124
5184905000,r,1340
5184905000,r,1340
5184905000,r,1340
5184905000,r,1340
5184905000,r,1340
5184905000,r,1340
5184905000,r,1340
5184905000,r,1340
5185072000,r,1340
5185072000,r,1340
5185072000,r,1340
5185072000,r,1340
5185072000,r,1340
5185072000,r,1340
5185072000,r,1340
5185073000,r,1340
5185107000,r,1340
5185108000,r,1340
5185108000,r,1340
5185108000,r,1340
5185108000,r,1340
5185108000,r,1340
5185108000,r,1340
5185108000,r,1340
5185140000,r,1340
5185141000,r,1340
5185141000,r,1340
5185141000,r,1340
5185141000,r,1340
5185141000,r,1340
5185141000,r,1340
5185141000,r,1340
5185171000,r,1340
5185171000,r,1340
5185172000,r,1340
5185172000,r,1340
5185172000,r,1340
5185172000,r,1340
5185172000,r,1340
5185172000,r,1340
5185200000,r,1340
5185200000,r,1340
5185938000,s,124
5186124000,s,124
5186220000,s,124
5186301000,s,124
5186300000,r,1340
5186300000,r,1340
5186380000,s,124
5186300000,r,1340
5186301000,r,1340
5186301000,r,1340
5186301000,r,1340
5186849000,s,124
5186932000,s,124
5187030000,s,124
5187098000,s,124
5187298000,s,124
5187397000,s,124
5187749000,s,124
5187892000,s,124
5188085000,s,124
5188636000,s,124
5188636000,r,1340
5188671000,s,124
5188696000,s,124
5188636000,r,1340
5188713000,s,124
5188637000,r,1340
5188637000,r,1340
5188637000,r,1340
5188637000,r,1340
5188637000,r,1340
5188638000,r,1340
5188762000,r,1340
5188762000,r,1340
5188762000,r,1340
5188762000,r,1340
5188763000,r,1340
5188763000,r,1340
5188763000,r,1340
5188763000,r,1340
5188795000,r,1340
5188796000,r,1340
5188796000,r,1340
5188796000,r,1340
5188796000,r,1340
5188796000,r,1340
5188796000,r,1340
5188796000,r,1340
5188825000,r,1340
5190749000,s,124
5190777000,r,1340
5190777000,r,1340
5190777000,r,1340
5190778000,r,1340
5190778000,r,1340
5190778000,r,1340
5190778000,r,1340
5190778000,r,1340
5190880000,r,1340
5190880000,r,1340
5190881000,r,1340
5190881000,r,1340
5190881000,r,1340
5190881000,r,1340
5190881000,r,1340
5190881000,r,1340
5190925000,r,1340
5190925000,r,1340
5190925000,r,1340
5190973000,r,1340
5190973000,r,1340
5190973000,r,1340
5191067000,s,124
5191115000,s,124
5191132000,s,124
5191147000,s,124
5191160000,s,124
5191171000,s,124
5191184000,s,124
5191240000,s,124
5191477000,s,124
5191532000,s,124
5191553000,s,124
5191573000,s,124
5191586000,s,124
5191597000,s,124
5191608000,s,124
5191622000,s,124
5191632000,s,124
5191666000,r,1340
5191667000,r,1340
5191667000,r,1340
5191667000,r,1340
5191667000,r,1340
5191667000,r,1340
5191667000,r,1340
5191667000,r,1340
5191798000,r,1340
5191798000,r,1340
5191798000,r,1340
5191798000,r,1340
5191819000,r,1340
5191819000,r,1340
5191819000,r,1340
5191819000,r,1340
5191819000,r,1340
5191819000,r,1340
5191923000,s,124
5192031000,s,124
5192062000,s,124
5192073000,s,124
5192082000,s,124
5192190000,s,124
5192337000,s,124
5192368000,r,1340
5192368000,r,1340
5192369000,r,1340
5192369000,r,1340
5192369000,r,1340
5192369000,r,1340
5192482000,s,124
5192843000,s,124
5193192000,s,124
5193285000,s,124
5193515000,s,124
5193621000,r,1340
5193621000,r,1340
5193621000,r,1340
5193621000,r,1340
5193621000,r,1340
5193621000,r,1340
5193621000,r,1340
5193622000,r,1340
5193695000,r,1340
5193695000,r,1340
5193696000,r,1340
5193696000,r,1340
5194055000,s,124
5194087000,r,1340
5194087000,r,1340
5194087000,r,1340
5194088000,r,1340
5194088000,r,1340
5194088000,r,1340
5194088000,r,1340
5194088000,r,1340
5194157000,r,1340
5194166000,s,124
5194232000,s,124
5194356000,s,124
5194506000,s,124
5194599000,s,124
5194687000,s,124
5195160000,s,124
5195901000,r,1340
5195901000,r,1340
5195901000,r,1340
5195901000,r,1340
5195901000,r,1340
5195901000,r,1340
5195901000,r,1340
5195901000,r,1340
5195971000,r,1340
5195971000,r,1340
5195971000,r,1340
5196155000,r,1340
5196155000,r,1340
5196155000,r,1340
5196420000,r,1340
5196422000,s,124
5196420000,r,1340
5196421000,r,1340
5196421000,r,1340
5196421000,r,1340
5196421000,r,1340
5196494000,s,124
5196555000,s,124
5196617000,s,124
5196676000,s,124
5196756000,s,124
5196875000,s,124
5196950000,s,124
5197023000,s,124
5197150000,s,124
5197203000,r,1340
5197203000,r,1340
5197203000,r,1340
5197204000,r,1340
5197204000,r,1340
5197204000,r,1340
5197204000,r,1340
5197204000,r,1340
5197247000,r,1340
5197364000,s,124
5197384000,s,124
5197394000,s,124
5197587000,s,124
5197820000,s,124
5198032000,s,124
5198535000,s,124
5198662000,s,124
5198726000,s,124
5198919000,s,124
5199022000,s,124
5199181000,s,124
5199333000,r,1340
5199333000,r,1340
5199333000,r,1340
5199333000,r,1340
5199333000,r,1340
5199333000,r,1340
5199333000,r,1340
5199333000,r,1340
5199399000,r,1340
5199399000,r,1340
5199399000,r,1340
5199399000,r,1340
5199400000,r,1340
5199400000,r,1340
5199400000,r,1340
5199400000,r,1340
5199429000,r,1340
5199429000,r,1340
5199429000,r,1340
5199429000,r,1340
5199429000,r,1340
5199429000,r,1340
5199429000,r,1340
5199429000,r,1340
5199456000,r,1340
5199456000,r,1340
5199513000,s,124
5200294000,s,124
5201121000,s,124
5201157000,s,124
5201174000,s,124
5201183000,s,124
5201191000,s,124
5201198000,s,124
5201478000,s,124
5201591000,s,124
5201676000,s,124
5201982000,s,124
5202470000,s,124
5202506000,s,124
5202620000,s,124
5203372000,s,124
5203543000,s,124
5203725000,s,124
5204238000,s,124
5204850000,r,1340
5204850000,r,1340
5204850000,r,1340
5204850000,r,1340
5204850000,r,1340
5204850000,r,1340
5204850000,r,1340
5204850000,r,1340
5204966000,r,1340
5204966000,r,1340
5204966000,r,1340
5204966000,r,1340
5204966000,r,1340
5204966000,r,1340
5204966000,r,1340
5204967000,r,1340
5205002000,r,1340
5205002000,r,1340
5205002000,r,1340
5205002000,r,1340
5205003000,r,1340
5205003000,r,1340
5205003000,r,1340
5205003000,r,1340
5205038000,r,1340
5205038000,r,1340
5205038000,r,1340
5205038000,r,1340
5205038000,r,1340
5205038000,r,1340
5205038000,r,1340
5205038000,r,1340
5205072000,r,1340
5205072000,r,1340
5205072000,r,1340
5205072000,r,1340
5205072000,r,1340
5205072000,r,1340
5205072000,r,1340
5205072000,r,1340
5205104000,r,1340
5205104000,r,1340
5205104000,r,1340
5205104000,r,1340
5205104000,r,1340
5205104000,r,1340
5205104000,r,1340
5205104000,r,1340
5205134000,r,1340
5205134000,r,1340
5205135000,r,1340
5205135000,r,1340
5205135000,r,1340
5205135000,r,1340
5205135000,r,1340
5205135000,r,1340
5207245000,r,1340
5207245000,r,1340
5207245000,r,1340
5207245000,r,1340
5207245000,r,1340
5207245000,r,1340
5207245000,r,1340
5207245000,r,1340
5207327000,r,1340
5207327000,r,1340
5207327000,r,1340
5207327000,r,1340
5207327000,r,1340
5207328000,r,1340
5207328000,r,1340
5207328000,r,1340
5207361000,r,1340
5207361000,r,1340
5207361000,r,1340
5207361000,r,1340
5207361000,r,1340
5207362000,r,1340
5207362000,r,1340
5207362000,r,1340
5207391000,r,1340
5207391000,r,1340
5207391000,r,1340
5207770000,s,124
5207816000,s,124
5207836000,s,124
5207848000,s,124
5207856000,s,124
5207890000,s,124
5207909000,s,124
5208058000,s,124
5208299000,s,124
5208445000,s,124
5208630000,s,124
5208817000,s,124
5209005000,r,1340
5209028000,s,124
5209006000,r,1340
5209006000,r,1340
5209006000,r,1340
5209006000,r,1340
5209006000,r,1340
5209006000,r,1340
5209006000,r,1340
5209086000,r,1340
5209087000,r,1340
5209087000,r,1340
5209087000,r,1340
5209284000,s,124
5209363000,s,124
5209395000,s,124
5209562000,s,124
5209736000,s,124
5209906000,s,124
5210065000,s,124
5210248000,s,124
5210407000,s,124
5210605000,s,124
5210847000,s,124
5211054000,s,124
5211197000,s,124
5211241000,r,1340
5211241000,r,1340
5211241000,r,1340
5211241000,r,1340
5211242000,r,1340
5211242000,r,1340
5211242000,r,1340
5211242000,r,1340
5211321000,r,1340
5211321000,r,1340
5211321000,r,1340
5211321000,r,1340
5211321000,r,1340
5211321000,r,1340
5211321000,r,1340
5211322000,r,1340
5211359000,r,1340
5211359000,r,1340
5211359000,r,1340
5211359000,r,1340
5211359000,r,1340
5211359000,r,1340
5211359000,r,1340
5211359000,r,1340
5211391000,r,1340
5211395000,s,124
5211391000,r,1340
5211391000,r,1340
5211391000,r,1340
5211391000,r,1340
5211392000,r,1340
5211392000,r,1340
5211392000,r,1340
5211425000,r,1340
5211425000,r,1340
5211425000,r,1340
5211426000,r,1340
5211426000,r,1340
5211426000,r,1340
5211938000,s,124
5211960000,s,124
5211975000,s,124
5212077000,s,124
5212245000,s,124
5212408000,s,124
5212641000,s,124
5212816000,s,124
5212997000,s,124
5213167000,s,124
5213409000,s,124
5213748000,s,124
5213846000,s,124
5214132000,s,124
5214236000,s,124
5214377000,s,124
5214474000,s,124
5214599000,s,124
5214889000,s,124
5214990000,s,124
5215100000,s,124
5215559000,s,124
5215597000,s,124
5215609000,s,124
5215787000,s,124
5216092000,s,124
5216104000,r,1340
5216104000,r,1340
5216105000,r,1340
5216105000,r,1340
5216105000,r,1340
5216105000,r,1340
5216105000,r,1340
5216105000,r,1340
5216178000,r,1340
5216178000,r,1340
5216178000,r,1340
5216178000,r,1340
5216178000,r,1340
5216179000,r,1340
5216179000,r,1340
5216179000,r,1340
5216211000,r,1340
5216211000,r,1340
5216211000,r,1340
5216211000,r,1340
5216211000,r,1340
5216211000,r,1340
5216211000,r,1340
5216211000,r,1340
5216244000,r,1340
5216244000,r,1340
5216245000,r,1340
5216245000,r,1340
5216245000,r,1340
5216245000,r,1340
5216245000,r,1340
5216245000,r,1340
5216278000,r,1340
5216278000,r,1340
5216278000,r,1340
5216278000,r,1340
5216278000,r,1340
5216278000,r,1340
5216278000,r,1340
5216278000,r,1340
5216308000,r,1340
5216308000,r,1340
5216308000,r,1340
5216308000,r,1340
5216308000,r,1340
5216331000,r,1340
5216331000,r,1340
5216331000,r,1340
5216331000,r,1340
5216331000,r,1340
5216331000,r,1340
5216436000,s,124
5216959000,s,124
5217384000,r,1340
5217384000,r,1340
5217385000,r,1340
5217385000,r,1340
5217385000,r,1340
5217385000,r,1340
5217385000,r,1340
5217385000,r,1340
5217483000,r,1340
5217483000,r,1340
5217483000,r,1340
5217483000,r,1340
5217963000,r,1340
5217963000,r,1340
5217963000,r,1340
5217963000,r,1340
5217963000,r,1340
5217963000,r,1340
5217964000,r,1340
5217964000,r,1340
5218036000,r,1340
5218036000,r,1340
5218036000,r,1340
5218036000,r,1340
5218184000,r,1340
5218184000,r,1340
5218184000,r,1340
5218629000,r,1340
5218629000,r,1340
5218629000,r,1340
5218769000,r,1340
5218769000,r,1340
5218769000,r,1340
5218769000,r,1340
5218769000,r,1340
5218770000,r,1340
5219048000,r,1340
5219049000,r,1340
5219049000,r,1340
5219049000,r,1340
5219049000,r,1340
5219049000,r,1340
5219472000,s,124
5219621000,s,124
5219625000,r,1340
5219625000,r,1340
5219625000,r,1340
5219625000,r,1340
5219625000,r,1340
5219625000,r,1340
5219779000,r,1340
5219779000,r,1340
5219779000,r,1340
5219779000,r,1340
5219779000,r,1340
5219779000,r,1340
5219897000,s,124
5219987000,s,124
5220168000,s,124
5220260000,r,1340
5220260000,r,1340
5220260000,r,1340
5220419000,s,124
5220644000,r,1340
5220644000,r,1340
5220644000,r,1340
5220644000,r,1340
5220644000,r,1340
5220644000,r,1340
5220644000,r,1340
5220644000,r,1340
5220725000,r,1340
5221556000,r,1340
5221556000,r,1340
5221556000,r,1340
5221557000,r,1340
5221557000,r,1340
5221557000,r,1340
5221557000,r,1340
5221557000,r,1340
5221651000,r,1340
5221651000,r,1340
5221651000,r,1340
5221651000,r,1340
5223717000,r,1340
5223717000,r,1340
5223718000,r,1340
5223718000,r,1340
5223718000,r,1340
5223718000,r,1340
5224593000,r,1340
5224593000,r,1340
5224593000,r,1340
5224594000,r,1340
5224594000,r,1340
5224594000,r,1340
5224594000,r,1340
5224594000,r,1340
5224699000,r,1340
5224699000,r,1340
5224699000,r,1340
5224699000,r,1340
5224699000,r,1340
5224699000,r,1340
5224699000,r,1340
5224941000,r,1340
5224941000,r,1340
5224941000,r,1340
5224941000,r,1340
5224941000,r,1340
5224941000,r,1340
5224941000,r,1340
5224941000,r,1340
5225008000,r,1340
5225160000,s,124
5225224000,s,124
5225487000,s,124
5225657000,r,1340
5225657000,r,1340
5225657000,r,1340
5225657000,r,1340
5225657000,r,1340
5225657000,r,1340
5225657000,r,1340
5225658000,r,1340
5225733000,r,1340
5226005000,r,1340
5226005000,r,1340
5226005000,r,1340
5226005000,r,1340
5226006000,r,1340
5226006000,r,1340
5226267000,r,1340
5226267000,r,1340
5226267000,r,1340
5226790000,r,1340
5226790000,r,1340
5226791000,r,1340
5226791000,r,1340
5226791000,r,1340
5226791000,r,1340
5226887000,r,1340
5226887000,r,1340
5226887000,r,1340
5226887000,r,1340
5226887000,r,1340
5226887000,r,1340
5227130000,s,124
5227192000,r,1340
5227192000,r,1340
5227192000,r,1340
5227386000,s,1340
5227422000,s,316
5227565000,r,1340
5227565000,r,1340
5227566000,r,1340
5227566000,r,1340
5227566000,r,1340
5227566000,r,1340
5228158000,s,124
5228304000,r,1340
5228304000,r,1340
5228304000,r,1340
5228304000,r,1340
5228304000,r,1340
5228305000,r,1340
5228305000,r,1340
5228305000,r,1340
5228358000,r,1340
5228358000,r,1340
5228358000,r,1340
5228358000,r,1340
5228442000,s,124
5228581000,s,124
5228592000,r,1340
5228592000,r,1340
5228592000,r,1340
5228654000,s,124
5228761000,s,124
5228765000,r,1340
5228766000,r,1340
5228766000,r,1340
5228834000,s,124
5228947000,s,124
5229972000,s,124
5230460000,s,124
5230513000,r,1340
5230513000,r,1340
5230513000,r,1340
5230513000,r,1340
5230753000,s,124
5230778000,s,124
5230921000,s,124
5231163000,s,124
5231533000,s,124
5231604000,s,124
5231654000,s,124
5231698000,s,124
5231746000,s,124
5232643000,r,1340
5232644000,r,1340
5232644000,r,1340
5232644000,r,1084
5233032000,s,124
5233332000,s,124
5234473000,s,284
5238061000,r,124
5238061000,r,124
5287240000,r,124
5287240000,r,380
5335623000,s,124
5545995000,r,380
5547112000,s,124
5748376000,r,1340
5748377000,r,1276
5748377000,r,1276
5749569000,s,124
5749658000,s,124
10407424000,r,140
10407424000,r,124
10407425000,r,124
10411759000,s,124
10412070000,s,124
15675446000,r,156
15675447000,r,140
15675448000,r,124
15679584000,s,124
15679990000,s,124
15681371000,s,124
15695683000,r,124
21136649000,s,156
21181296000,s,156
21182097000,s,156
21203587000,r,156
27243136000,s,156
27286781000,s,156
27287222000,s,156
27307329000,r,156