0,r,1440
2938000,s,1340
2869559000,s,1340
2908612000,s,1340
2909042000,s,1340
4094944000,s,1340
4141440000,s,1340
4141863000,s,1340
4141947000,s,1340
4141981000,s,1340
4159041000,r,1440
4159042000,r,1440
4159765000,r,1440
4159933000,s,1340
4160086000,s,1340
4160362000,r,1440
4160716000,s,1340
4160837000,s,1340
4162273000,s,1340
4175422000,r,1440
4175422000,r,1440
4175422000,r,1440
4175423000,r,1440
4177415000,s,1340
4177978000,s,1340
4178207000,s,1340
4178313000,s,1340
4178997000,s,1340
4179227000,s,1340
4179423000,s,1340
4179886000,s,1340
4179977000,s,1340
4180018000,s,1340
4180067000,s,1340
4180095000,s,1340
4180128000,s,1340
4180151000,s,1340
4181655000,s,1340
4181842000,s,1340
4181878000,s,1340
4182632000,s,1340
4182851000,s,1340
4183449000,s,1340
4183710000,s,1340
4183895000,s,1340
4184199000,s,1340
4184372000,s,1340
4184527000,s,1340
4184698000,s,1340
4184849000,s,1340
4185208000,s,1340
4185393000,s,1340
4185559000,s,1340
4185907000,s,1340
4186091000,s,1340
4186245000,s,1340
4186386000,s,1340
4186552000,s,1340
4186708000,s,1340
4186868000,s,1340
4187012000,s,1340
4187174000,s,1340
4187325000,s,1340
4187526000,s,1340
4187741000,s,1340
4187892000,s,1340
4188061000,s,1340
4188524000,s,1340
4188703000,s,1340
4188873000,s,1340
4189026000,s,1340
4189202000,s,1340
4189363000,s,1340
4189545000,s,1340
4189698000,s,1340
4189852000,s,1340
4190006000,s,1340
4190261000,s,1340
4190415000,s,1340
4190570000,s,1340
4190726000,s,1340
4190870000,s,1340
4191015000,s,1340
4191152000,s,1340
4191313000,s,1340
4191458000,s,1340
4191533000,r,1440
4191693000,s,1340
4192040000,s,1340
4192206000,s,1340
4192378000,s,1340
4192544000,s,1340
4192746000,s,1340
4192908000,s,1340
4193059000,s,1340
4193208000,s,1340
4193356000,s,1340
4193515000,s,1340
4193675000,s,1340
4193830000,s,1340
4193991000,s,1340
4194148000,s,1340
4194310000,s,1340
4194468000,s,1340
4194632000,s,1340
4194780000,s,1340
4194928000,s,1340
4195078000,s,1340
4195231000,s,1340
4195485000,r,1440
4195576000,s,1340
4195759000,s,1340
4195919000,s,1340
4196076000,s,1340
4196185000,s,1340
4196391000,s,1340
4196701000,s,1340
4196978000,s,1340
4197151000,s,1340
4197292000,s,1340
4197452000,r,1440
4197526000,s,1340
4197452000,r,1440
4197452000,r,1440
4197453000,r,1440
4198416000,s,1340
4198480000,s,1340
4198504000,s,1340
4198538000,s,1340
4199231000,s,1340
4199303000,s,1340
4199336000,s,1340
4199352000,s,1340
4199384000,s,1340
4199499000,r,1440
4199874000,s,1340
4200063000,s,1340
4200227000,s,1340
4200378000,s,1340
4200517000,s,1340
4200841000,s,1340
4201007000,s,1340
4201378000,s,1340
4201540000,s,1340
4201689000,s,1340
4201839000,s,1340
4201996000,s,1340
4202140000,s,1340
4202282000,s,1340
4202423000,s,1340
4202574000,s,1340
4202719000,s,1340
4202874000,s,1340
4203005000,r,1440
4203031000,s,1340
4203183000,s,1340
4203338000,s,1340
4203545000,s,1340
4203702000,s,1340
4203855000,s,1340
4203998000,s,1340
4204138000,s,1340
4204305000,s,1340
4204446000,s,1340
4204579000,s,1340
4204701000,s,1340
4204796000,r,1440
4205124000,s,1340
4205287000,s,1340
4205424000,s,1340
4205554000,s,1340
4205805000,s,1340
4205974000,s,1340
4206163000,s,1340
4206281000,s,1340
4206400000,s,1340
4206501000,s,1340
4206781000,s,1340
4206866000,r,1440
4207023000,s,1340
4207664000,s,1340
4207871000,s,1340
4208031000,s,1340
4208187000,s,1340
4208324000,s,1340
4208475000,s,1340
4208829000,s,1340
4208927000,r,1440
4208928000,r,1440
4208928000,r,1440
4209225000,s,1340
4209414000,s,1340
4209599000,s,1340
4209781000,s,1340
4209934000,s,1340
4210091000,s,1340
4210502000,r,1440
4212774000,r,1440
4212774000,r,1440
4213571000,s,1340
4215520000,r,1440
4216176000,r,1440
4216951000,r,1440
4216950000,s,1340
4217196000,s,1340
4217414000,s,1340
4217614000,s,1340
4217805000,s,1340
4217987000,s,1340
4218186000,s,1340
4221235000,r,1440
4221235000,r,1440
4222534000,s,1340
4223797000,s,1340
4226881000,r,1440
4226881000,r,1440
4227711000,s,1340
4229529000,r,1440
4229530000,r,1440
4230284000,s,1340
4238406000,r,1440
4238406000,r,1440
4238407000,r,1440
4238407000,r,1440
4238407000,r,1440
4238408000,r,1440
4238408000,r,1440
4238408000,r,1440
4238804000,r,1440
4239509000,s,1340
4240259000,s,1340
4240438000,s,1340
4241056000,s,1340
4241548000,s,1340
4242037000,s,1340
4252695000,s,1340
4268236000,s,1340
4268337000,s,1340
4278011000,s,1340
4278502000,s,1340
4279255000,s,1340
4283540000,r,1440
4286682000,r,1440
4286682000,r,1440
4286682000,r,1440
4287743000,s,1340
4287913000,r,1440
4288687000,s,1340
4289101000,r,1440
4289101000,r,1440
4289101000,r,1440
4289370000,r,1440
4289371000,r,1440
4289371000,r,1440
4289371000,r,1440
4289371000,r,1440
4289371000,r,1440
4289470000,r,1440
4289477000,s,1340
4289470000,r,1440
4289471000,r,1440
4289600000,s,1340
4289665000,s,1340
4289734000,s,1340
4289798000,s,1340
4289882000,s,1340
4290050000,s,1340
4290150000,s,1340
4290232000,s,1340
4290316000,s,1340
4290384000,s,1340
4290450000,s,1340
4290515000,s,1340
4290565000,s,1340
4290656000,s,1340
4290741000,s,1340
4290827000,s,1340
4290940000,s,1340
4291025000,s,1340
4291122000,r,1440
4291122000,r,1440
4291122000,r,1440
4291122000,r,1440
4291122000,r,1440
4291123000,r,1440
4291451000,s,1340
4291621000,s,1340
4291842000,s,1340
4291905000,s,1340
4291963000,s,1340
4292016000,s,1340
4292095000,s,1340
4292207000,s,1340
4292288000,s,1340
4292375000,s,1340
4292772000,s,1340
4292858000,s,1340
4292916000,s,1340
4292960000,s,1340
4293012000,s,1340
4293089000,s,1340
4293146000,s,1340
4293474000,s,1340
4293609000,s,1340
4293777000,s,1340
4293933000,s,1340
4294570000,s,1340
4295004000,s,1340
4295124000,s,1340
4295237000,s,1340
4295569000,s,1340
4295660000,s,1340
4295713000,s,1340
4295763000,s,1340
4296018000,s,1340
4296085000,s,1340
4296151000,r,1440
4296151000,r,1440
4296151000,r,1440
4296561000,s,1340
4296689000,s,1340
4296823000,s,1340
4296945000,s,1340
4297058000,s,1340
4297233000,s,1340
4297414000,s,1340
4297597000,s,1340
4297731000,s,1340
4297870000,s,1340
4297998000,s,1340
4298129000,s,1340
4298277000,s,1340
4298327000,s,1340
4298417000,s,1340
4298480000,s,1340
4299616000,s,1340
4299671000,s,1340
4299892000,s,1340
4299984000,s,1340
4300068000,s,1340
4300142000,s,1340
4300355000,s,1340
4300477000,s,1340
4300813000,s,1340
4300922000,s,1340
4301026000,s,1340
4301115000,s,1340
4301205000,s,1340
4301401000,s,1340
4301544000,s,1340
4301659000,s,1340
4301853000,s,1340
4302117000,s,1340
4302117000,r,1440
4302117000,r,1440
4302117000,r,1440
4302117000,r,1440
4302118000,r,1440
4302208000,s,1340
4302294000,s,1340
4302435000,s,1340
4302579000,s,1340
4302674000,s,1340
4302766000,s,1340
4302909000,s,1340
4303019000,s,1340
4303109000,s,1340
4303203000,s,1340
4303296000,s,1340
4303387000,s,1340
4303580000,s,1340
4303671000,s,1340
4303764000,s,1340
4303849000,s,1340
4304032000,s,1340
4304174000,s,1340
4304416000,s,1340
4304523000,s,1340
4304921000,s,1340
4305005000,s,1340
4305082000,s,1340
4305277000,s,1340
4305331000,s,1340
4305495000,s,1340
4305611000,s,1340
4305799000,s,1340
4305877000,s,1340
4306057000,s,1340
4306164000,s,1340
4306373000,s,1340
4306452000,s,1340
4306629000,s,1340
4306805000,s,1340
4306933000,s,1340
4307010000,s,1340
4307082000,r,1440
4307083000,r,1440
4307083000,r,1440
4307116000,s,1340
4307300000,s,1340
4307375000,s,1340
4312619000,r,1440
4313131000,s,1340
4313321000,s,1340
4313451000,s,1340
4313517000,s,1340
4313608000,s,1340
4313765000,s,1340
4313857000,s,1340
4314287000,s,1340
4314386000,r,1440
4314424000,s,1340
4314386000,r,1440
4314386000,r,1440
4314386000,r,1440
4314386000,r,1440
4314494000,s,1340
4314644000,s,1340
4314712000,s,1340
4314848000,s,1340
4315042000,s,1340
4315108000,s,1340
4315166000,s,1340
4315373000,s,1340
4315456000,s,1340
4315582000,s,1340
4315848000,s,1340
4315930000,s,1340
4316006000,s,1340
4316076000,s,1340
4316281000,s,1340
4316461000,s,1340
4316543000,s,1340
4316754000,s,1340
4316946000,s,1340
4317029000,s,1340
4317164000,r,1440
4317289000,s,1340
4317416000,s,1340
4318731000,s,1340
4318823000,s,1340
4318875000,s,1340
4320003000,s,1340
4320092000,s,1340
4320291000,s,1340
4320386000,s,1340
4320438000,s,1340
4321113000,s,1340
4322370000,s,1340
4322686000,s,1340
4322888000,s,1340
4323064000,s,1340
4323168000,s,1340
4323252000,s,1340
4323402000,s,1340
4323658000,s,1340
4323757000,s,1340
4323849000,s,1340
4324005000,s,1340
4324099000,s,1340
4324294000,s,1340
4324420000,s,1340
4324519000,s,1340
4324609000,s,1340
4324745000,s,1340
4324865000,s,1340
4324962000,s,1340
4325054000,s,1340
4325157000,s,1340
4325248000,s,1340
4325474000,s,1340
4325521000,s,1340
4326499000,s,1340
4326693000,s,1340
4326794000,s,1340
4326866000,s,1340
4327749000,s,1340
4328022000,s,1340
4328196000,s,1340
4328282000,s,1340
4328593000,s,1340
4328677000,s,1340
4328751000,s,1340
4328826000,s,1340
4329071000,s,1340
4329246000,s,1340
4329372000,s,1340
4329454000,s,1340
4329517000,s,1340
4329693000,s,1340
4329776000,s,1340
4329973000,s,1340
4330054000,s,1340
4330318000,s,1340
4330405000,s,1340
4330508000,s,1340
4330824000,s,1340
4330955000,s,1340
4331237000,s,1340
4331427000,s,1340
4341772000,s,1340
4341975000,s,1340
4342167000,s,1340
4342193000,s,1340
4342271000,s,1340
4342968000,s,1340
4343196000,s,1340
4343363000,s,1340
4343620000,s,1340
4343749000,s,1340
4343825000,s,1340
4343880000,s,1340
4344076000,s,1340
4344264000,s,1340
4344425000,s,1340
4344495000,s,1340
4344670000,s,1340
4344916000,s,1340
4345481000,s,1340
4345567000,s,1340
4345798000,s,1340
4345863000,s,1340
4345912000,s,1340
4347180000,s,1340
4347252000,s,1340
4347839000,r,1440
4347906000,s,1340
4347839000,r,1440
4347949000,s,1340
4348048000,s,1340
4348840000,r,1440
4348840000,r,1440
4348948000,r,1440
4349736000,s,1340
4349843000,s,1340
4350969000,s,1340
4359750000,s,1340
4359906000,r,1440
4359906000,r,1440
4360431000,s,1340
4360691000,s,1340
4360886000,s,1340
4361035000,s,1340
4361227000,s,1340
4361277000,s,1340
4361796000,s,1340
4362014000,s,1340
4362650000,s,1340
4362751000,s,1340
4362806000,s,1340
4362849000,s,1340
4363531000,s,1340
4363633000,s,1340
4363957000,s,1340
4364067000,s,1340
4364291000,s,1340
4364408000,s,1340
4364558000,s,1340
4364829000,s,1340
4364915000,s,1340
4365110000,s,1340
4365285000,s,1340
4365415000,s,1340
4365514000,s,1340
4365871000,s,1340
4365977000,s,1340
4366158000,s,1340
4366253000,s,1340
4366398000,s,1340
4367087000,s,1340
4367187000,s,1340
4367501000,s,1340
4367661000,s,1340
4367863000,s,1340
4368073000,s,1340
4368150000,s,1340
4368193000,s,1340
4368789000,s,1340
4368994000,s,1340
4369185000,s,1340
4369375000,s,1340
4369478000,s,1340
4369563000,r,1440
4369563000,r,1440
4369563000,r,1440
4369621000,s,1340
4369563000,r,1440
4369563000,r,1440
4369563000,r,1440
4369917000,s,1340
4370051000,s,1340
4370293000,s,1340
4370381000,s,1340
4370448000,s,1340
4370521000,s,1340
4370576000,s,1340
4370631000,s,1340
4370880000,s,1340
4370940000,s,1340
4371008000,s,1340
4371068000,s,1340
4371203000,s,1340
4371335000,s,1340
4371405000,s,1340
4371634000,s,1340
4371708000,s,1340
4371799000,s,1340
4371893000,s,1340
4372102000,s,1340
4372138000,s,1340
4372400000,s,1340
4372506000,s,1340
4372618000,s,1340
4372816000,s,1340
4372915000,s,1340
4373101000,s,1340
4373194000,s,1340
4373387000,s,1340
4373603000,s,1340
4373712000,s,1340
4373796000,s,1340
4373970000,s,1340
4374158000,s,1340
4374340000,s,1340
4374497000,s,1340
4374577000,s,1340
4374811000,s,1340
4374903000,s,1340
4375081000,s,1340
4375169000,s,1340
4375344000,s,1340
4375529000,s,1340
4375662000,s,1340
4375751000,s,1340
4375858000,s,1340
4376036000,s,1340
4376129000,s,1340
4376316000,s,1340
4376399000,s,1340
4376556000,s,1340
4376697000,s,1340
4376785000,s,1340
4376955000,s,1340
4377129000,s,1340
4377210000,s,1340
4377490000,s,1340
4377778000,s,1340
4377881000,s,1340
4378593000,r,1440
4378593000,r,1440
4378593000,r,1440
4378593000,r,1440
4379951000,s,1340
4380118000,s,1340
4381262000,s,1340
4381304000,s,1340
4382804000,s,1340
4382895000,r,1440
4382895000,r,1440
4382895000,r,1440
4382896000,r,1440
4382896000,r,1440
4382896000,r,1440
4382896000,r,1440
4382896000,r,1440
4382986000,r,1440
4382986000,r,1440
4382986000,r,1440
4382986000,r,1440
4383020000,s,1340
4383187000,s,1340
4383387000,s,1340
4383612000,s,1340
4383770000,s,1340
4383888000,s,1340
4383980000,s,1340
4384080000,s,1340
4384148000,s,1340
4384241000,s,1340
4384337000,s,1340
4384433000,s,1340
4384529000,s,1340
4384649000,s,1340
4384748000,s,1340
4384844000,s,1340
4384934000,s,1340
4385020000,s,1340
4385114000,s,1340
4385210000,s,1340
4385216000,r,1440
4385216000,r,1440
4385216000,r,1440
4385216000,r,1440
4385285000,s,1340
4385216000,r,1440
4385217000,r,1440
4385217000,r,1440
4385217000,r,1440
4385320000,r,1440
4385321000,r,1440
4385361000,s,1340
4385622000,s,1340
4385728000,s,1340
4385822000,s,1340
4385970000,s,1340
4386084000,s,1340
4386226000,s,1340
4386300000,s,1340
4386403000,s,1340
4386504000,s,1340
4386602000,s,1340
4386693000,s,1340
4386796000,s,1340
4386887000,s,1340
4386985000,s,1340
4387088000,s,1340
4387182000,s,1340
4387279000,s,1340
4387429000,r,1440
4387429000,r,1440
4387429000,r,1440
4387429000,r,1440
4388271000,s,1340
4388345000,s,1340
4388498000,s,1340
4388593000,s,1340
4389018000,s,1340
4389202000,s,1340
4389319000,s,1340
4389418000,s,1340
4389516000,s,1340
4389753000,s,1340
4389858000,s,1340
4390072000,s,1340
4390287000,s,1340
4390401000,s,1340
4390511000,s,1340
4390605000,s,1340
4390698000,s,1340
4390791000,s,1340
4390892000,s,1340
4390984000,s,1340
4391078000,s,1340
4391337000,s,1340
4391449000,s,1340
4391802000,s,1340
4391968000,s,1340
4392070000,s,1340
4392216000,s,1340
4392482000,s,1340
4392550000,s,1340
4392915000,s,1340
4392994000,s,1340
4393177000,s,1340
4393321000,s,1340
4393342000,s,1340
4394348000,s,1340
4394456000,s,1340
4394642000,s,1340
4394801000,s,1340
4394914000,s,1340
4395105000,s,1340
4395590000,s,1340
4395688000,s,1340
4395759000,s,1340
4395825000,s,1340
4396015000,s,1340
4396163000,s,1340
4396237000,s,1340
4396375000,s,1340
4396485000,s,1340
4396566000,s,1340
4396641000,s,1340
4396733000,s,1340
4396766000,s,1340
4396821000,s,1340
4397259000,s,1340
4398020000,s,1340
4399447000,s,1340
4399618000,s,1340
4399835000,r,1440
4399860000,s,1340
4399835000,r,1440
4399835000,r,1440
4400038000,s,1340
4400206000,s,1340
4410431000,s,1340
4434602000,s,1340
4434686000,s,1340
4439759000,s,1340
4440490000,s,1340
4443497000,r,1440
4447102000,r,1440
4447102000,r,1440
4447782000,s,1340
4450381000,r,1440
4452376000,r,1440
4452640000,s,1340
4455486000,r,1440
4456789000,r,1440
4457241000,s,1340
4457474000,s,1340
4469607000,r,1440
4469607000,r,1440
4469607000,r,1440
4469607000,r,1440
4469608000,r,1440
4469608000,r,1440
4469608000,r,1440
4469608000,r,1440
4469846000,r,1440
4469846000,r,1440
4469846000,r,1440
4469846000,r,1440
4469846000,r,1440
4469846000,r,1440
4469846000,r,1440
4469847000,r,1440
4469896000,r,1440
4469896000,r,1440
4469896000,r,1440
4469896000,r,1440
4469959000,r,1440
4469959000,r,1440
4469959000,r,1440
4470747000,s,1340
4470813000,s,1340
4470842000,s,1340
4470999000,s,1340
4471030000,s,1340
4471375000,s,1340
4471407000,s,1340
4471428000,s,1340
4471442000,s,1340
4471454000,s,1340
4471493000,s,1340
4471510000,s,1340
4471523000,s,1340
4471536000,s,1340
4471548000,s,1340
4471558000,s,1340
4471571000,s,1340
4471583000,s,1340
4471599000,s,1340
4471611000,s,1340
4471623000,s,1340
4471635000,s,1340
4471650000,s,1340
4471662000,s,1340
4471673000,s,1340
4471685000,s,1340
4471696000,s,1340
4471708000,s,1340
4471720000,s,1340
4471731000,s,1340
4471758000,r,1440
4471758000,r,1440
4471758000,r,1440
4471758000,r,1440
4471759000,r,1440
4471759000,r,1440
4471759000,r,1440
4471759000,r,1440
4471854000,s,1340
4471872000,r,1440
4471872000,r,1440
4471873000,r,1440
4471873000,r,1440
4471950000,s,1340
4472005000,s,1340
4472128000,s,1340
4472221000,s,1340
4472247000,s,1340
4472261000,s,1340
4472274000,s,1340
4472286000,s,1340
4472297000,s,1340
4472328000,s,1340
4472492000,s,1340
4472512000,s,1340
4472525000,s,1340
4472653000,s,1340
4472738000,s,1340
4472760000,s,1340
4472775000,s,1340
4472787000,s,1340
4472798000,s,1340
4472809000,s,1340
4472830000,s,1340
4472843000,s,1340
4473077000,s,1340
4473225000,s,1340
4473298000,s,1340
4473380000,s,1340
4473542000,s,1340
4473861000,s,1340
4473972000,s,1340
4474052000,s,1340
4474126000,s,1340
4474232000,s,1340
4474432000,s,1340
4474687000,s,1340
4474862000,s,1340
4475153000,s,1340
4475267000,s,1340
4475378000,s,1340
4475554000,s,1340
4475868000,s,1340
4475919000,s,1340
4476011000,s,1340
4476065000,s,1340
4476346000,s,1340
4476607000,s,1340
4476722000,s,1340
4476815000,s,1340
4476921000,s,1340
4477120000,s,1340
4477302000,s,1340
4477424000,s,1340
4477662000,s,1340
4477772000,s,1340
4478013000,s,1340
4478384000,s,1340
4478480000,s,1340
4479665000,s,1340
4479792000,s,1340
4479885000,s,1340
4479985000,s,1340
4480240000,s,1340
4480465000,s,1340
4480511000,s,1340
4480802000,s,1340
4480907000,s,1340
4481007000,s,1340
4481097000,s,1340
4481184000,s,1340
4481272000,s,1340
4481399000,s,1340
4481556000,s,1340
4481730000,s,1340
4481837000,r,1440
4481898000,s,1340
4482025000,s,1340
4482073000,s,1340
4482611000,r,1440
4482881000,s,1340
4483055000,s,1340
4483195000,s,1340
4483345000,s,1340
4483531000,s,1340
4483756000,s,1340
4483929000,s,1340
4484009000,s,1340
4484089000,s,1340
4484216000,s,1340
4484302000,s,1340
4484452000,s,1340
4484536000,s,1340
4484718000,s,1340
4484798000,s,1340
4484932000,s,1340
4485271000,s,1340
4485448000,s,1340
4485590000,s,1340
4485787000,s,1340
4485862000,s,1340
4485927000,s,1340
4486078000,s,1340
4486261000,s,1340
4486380000,s,1340
4486455000,s,1340
4486641000,s,1340
4486726000,s,1340
4486896000,s,1340
4487027000,s,1340
4487113000,s,1340
4487310000,s,1340
4487454000,s,1340
4487484000,r,1440
4487558000,s,1340
4487635000,s,1340
4487752000,s,1340
4487831000,s,1340
4488041000,s,1340
4488127000,s,1340
4488207000,s,1340
4488394000,s,1340
4488480000,s,1340
4488659000,s,1340
4488806000,s,1340
4488882000,s,1340
4488954000,s,1340
4489023000,s,1340
4489097000,s,1340
4489259000,s,1340
4489418000,s,1340
4489608000,s,1340
4489698000,s,1340
4489752000,s,1340
4489940000,s,1340
4490012000,s,1340
4490164000,s,1340
4490243000,s,1340
4490403000,s,1340
4490500000,s,1340
4490573000,s,1340
4490625000,s,1340
4491194000,s,1340
4491214000,s,1340
4491323000,s,1340
4491427000,s,1340
4491480000,r,1440
4491481000,r,1440
4491717000,s,1340
4491761000,s,1340
4496996000,r,1440
4496996000,r,1440
4496996000,r,1440
4496996000,r,1440
4496997000,r,1440
4496997000,r,1440
4496997000,r,1440
4497444000,s,1340
4497794000,s,1340
4497839000,s,1340
4497862000,s,1340
4497919000,s,1340
4499248000,s,1340
4499373000,s,1340
4499497000,s,1340
4499673000,s,1340
4499759000,s,1340
4499903000,s,1340
4499982000,s,1340
4500190000,s,1340
4500533000,s,1340
4500686000,s,1340
4500917000,s,1340
4501028000,s,1340
4501291000,s,1340
4501439000,s,1340
4501555000,s,1340
4501778000,s,1340
4502005000,s,1340
4502113000,s,1340
4502353000,s,1340
4502578000,s,1340
4502870000,s,1340
4502962000,s,1340
4503030000,s,1340
4503906000,s,1340
4504045000,s,1340
4504170000,s,1340
4504442000,s,1340
4504561000,s,1340
4504741000,s,1340
4504946000,s,1340
4505090000,s,1340
4505294000,s,1340
4505560000,s,1340
4505662000,s,1340
4505890000,s,1340
4506058000,s,1340
4506159000,s,1340
4506297000,s,1340
4506399000,s,1340
4506490000,s,1340
4506707000,s,1340
4506868000,s,1340
4507074000,s,1340
4507229000,s,1340
4507373000,s,1340
4507500000,s,1340
4507728000,s,1340
4507871000,s,1340
4508057000,s,1340
4508294000,s,1340
4508489000,s,1340
4508596000,s,1340
4508697000,s,1340
4509136000,s,1340
4509246000,s,1340
4509358000,s,1340
4509458000,s,1340
4509567000,s,1340
4509782000,s,1340
4509933000,s,1340
4510033000,s,1340
4510141000,s,1340
4510454000,s,1340
4510747000,s,1340
4510877000,s,1340
4511181000,s,1340
4512827000,s,1340
4514304000,s,1340
4514434000,s,1340
4514565000,s,1340
4514678000,s,1340
4514783000,s,1340
4515051000,s,1340
4515167000,s,1340
4515278000,s,1340
4515379000,s,1340
4515981000,s,1340
4516152000,s,1340
4516287000,s,1340
4516729000,s,1340
4517139000,s,1340
4517281000,s,1340
4517452000,s,1340
4517605000,s,1340
4518021000,s,1340
4518163000,s,1340
4518357000,s,1340
4518632000,s,1340
4518781000,s,1340
4518925000,s,1340
4519089000,s,1340
4519270000,s,1340
4520015000,s,1340
4520149000,s,1340
4520309000,s,1340
4520412000,s,1340
4520502000,s,1340
4520688000,s,1340
4520796000,s,1340
4521015000,s,1340
4521328000,s,1340
4521425000,s,1340
4521528000,s,1340
4521736000,s,1340
4521837000,s,1340
4522070000,s,1340
4522346000,s,1340
4522441000,s,1340
4522535000,s,1340
4522631000,s,1340
4522734000,s,1340
4523033000,s,1340
4523141000,s,1340
4523234000,s,1340
4523397000,s,1340
4523552000,s,1340
4523647000,s,1340
4523732000,s,1340
4523808000,s,1340
4524062000,s,1340
4524153000,s,1340
4524228000,s,1340
4524378000,s,1340
4524458000,s,1340
4524540000,s,1340
4524742000,s,1340
4524963000,s,1340
4525121000,s,1340
4525207000,s,1340
4525287000,s,1340
4525401000,s,1340
4525457000,s,1340
4525681000,s,1340
4526220000,s,1340
4526327000,s,1340
4526424000,s,1340
4526589000,s,1340
4526815000,s,1340
4527051000,s,1340
4527292000,s,1340
4527969000,s,1340
4528175000,s,1340
4528247000,s,1340
4528308000,s,1340
4528377000,s,1340
4539054000,s,1340
4539398000,s,1340
4539830000,s,1340
4539936000,s,1340
4540049000,s,1340
4540146000,s,1340
4540246000,s,1340
4540343000,s,1340
4540440000,s,1340
4540539000,s,1340
4540850000,s,1340
4540983000,s,1340
4541064000,s,1340
4541335000,s,1340
4541445000,s,1340
4541551000,s,1340
4541667000,s,1340
4541788000,s,1340
4542013000,s,1340
4542178000,s,1340
4542280000,s,1340
4542507000,s,1340
4542660000,s,1340
4542771000,s,1340
4542852000,s,1340
4543066000,s,1340
4543152000,s,1340
4543424000,s,1340
4543573000,s,1340
4543656000,s,1340
4543768000,s,1340
4543846000,s,1340
4544113000,s,1340
4544231000,s,1340
4544297000,s,1340
4544383000,s,1340
4544433000,s,1340
4545002000,s,1340
4547032000,s,1340
4547117000,s,1340
4547159000,s,1340
4547336000,s,1340
4547589000,s,1340
4547985000,s,1340
4548135000,s,1340
4548253000,s,1340
4548484000,s,1340
4548825000,s,1340
4549136000,s,1340
4549308000,s,1340
4549367000,s,1340
4550158000,s,1340
4550317000,s,1340
4550440000,s,1340
4550563000,s,1340
4550802000,s,1340
4550898000,s,1340
4550957000,s,1340
4551018000,s,1340
4551738000,s,1340
4551915000,s,1340
4552066000,s,1340
4552388000,s,1340
4552540000,s,1340
4552689000,s,1340
4552832000,s,1340
4552976000,s,1340
4553117000,s,1340
4553269000,s,1340
4553422000,s,1340
4553890000,s,1340
4554074000,s,1340
4554315000,s,1340
4554525000,s,1340
4554686000,s,1340
4554830000,s,1340
4565108000,s,1340
4565331000,s,1340
4565414000,s,1340
4565801000,s,1340
4565942000,s,1340
4566191000,s,1340
4566571000,s,1340
4566684000,s,1340
4566799000,s,1340
4567060000,s,1340
4567208000,s,1340
4567323000,s,1340
4567635000,s,1340
4567751000,s,1340
4567863000,s,1340
4568160000,s,1340
4568322000,s,1340
4568440000,s,1340
4568537000,s,1340
4568647000,s,1340
4568775000,s,1340
4568998000,s,1340
4569110000,s,1340
4569292000,s,1340
4569453000,s,1340
4569561000,s,1340
4569663000,s,1340
4569830000,s,1340
4570308000,s,1340
4570435000,s,1340
4570549000,s,1340
4570651000,s,1340
4570897000,s,1340
4571122000,s,1340
4571293000,s,1340
4571416000,s,1340
4571596000,s,1340
4571710000,s,1340
4571816000,s,1340
4571921000,s,1340
4572207000,s,1340
4572321000,s,1340
4572424000,s,1340
4572525000,s,1340
4572631000,s,1340
4572740000,s,1340
4572980000,s,1340
4573190000,s,1340
4573314000,s,1340
4573539000,s,1340
4573661000,s,1340
4573891000,s,1340
4574003000,s,1340
4574252000,s,1340
4574467000,s,1340
4574580000,s,1340
4574822000,s,1340
4575041000,s,1340
4575147000,s,1340
4575381000,s,1340
4575606000,s,1340
4575705000,s,1340
4575814000,s,1340
4576027000,s,1340
4576140000,s,1340
4576445000,s,1340
4576550000,s,1340
4576762000,s,1340
4576929000,s,1340
4577035000,s,1340
4577370000,s,1340
4577558000,s,1340
4577653000,s,1340
4577745000,s,1340
4577985000,s,1340
4578473000,s,1340
4578647000,s,1340
4578764000,s,1340
4578963000,s,1340
4589817000,s,1340
4589820000,r,1440
4589820000,r,1440
4589820000,r,1440
4589820000,r,1440
4589984000,s,1340
4590078000,s,1340
4590165000,s,1340
4590570000,s,1340
4590719000,s,1340
4590820000,s,1340
4590951000,s,1340
4591077000,s,1340
4591198000,s,1340
4591317000,s,1340
4591438000,s,1340
4591702000,s,1340
4592080000,s,1340
4592221000,s,1340
4592348000,s,1340
4592481000,s,1340
4592611000,s,1340
4592922000,s,1340
4592986000,s,1340
4593992000,s,1340
4594526000,s,1340
4597655000,s,1340
4597732000,s,1340
4597755000,s,1340
4597890000,s,1340
4597962000,s,1340
4598017000,s,1340
4598606000,s,1340
4598668000,s,1340
4599094000,s,1340
4599197000,s,1340
4599255000,s,1340
4599302000,s,1340
4599566000,s,1340
4599754000,s,1340
4599897000,s,1340
4600095000,s,1340
4600462000,s,1340
4600804000,s,1340
4600939000,s,1340
4601186000,s,1340
4601500000,s,1340
4601632000,s,1340
4601748000,s,1340
4601859000,s,1340
4602169000,s,1340
4602313000,s,1340
4602566000,s,1340
4602709000,s,1340
4602736000,s,1340
4603335000,s,1340
4603899000,s,1340
4604201000,s,1340
4604310000,s,1340
4604633000,s,1340
4604772000,s,1340
4604877000,s,1340
4605015000,s,1340
4605240000,s,1340
4605318000,s,1340
4605870000,s,1340
4606191000,s,1340
4606350000,s,1340
4606469000,s,1340
4606908000,s,1340
4607065000,s,1340
4607201000,s,1340
4607586000,s,1340
4607701000,s,1340
4607880000,s,1340
4607991000,s,1340
4608082000,s,1340
4608164000,s,1340
4608247000,s,1340
4608340000,s,1340
4608548000,s,1340
4608662000,s,1340
4608740000,s,1340
4608804000,s,1340
4608858000,s,1340
4609675000,s,1340
4609747000,s,1340
4609806000,s,1340
4609869000,s,1340
4609927000,s,1340
4609986000,s,1340
4610043000,s,1340
4610097000,s,1340
4610355000,s,1340
4611683000,s,1340
4611834000,s,1340
4611925000,s,1340
4611985000,s,1340
4612131000,s,1340
4612258000,s,1340
4612349000,s,1340
4612480000,s,1340
4612566000,s,1340
4613198000,s,1340
4613263000,s,1340
4613283000,s,1340
4613385000,s,1340
4613482000,s,1340
4613549000,s,1340
4613775000,s,1340
4613825000,s,1340
4613919000,s,1340
4614076000,s,1340
4614150000,s,1340
4614298000,s,1340
4614681000,s,1340
4614744000,s,1340
4614863000,s,1340
4615021000,s,1340
4615089000,s,1340
4615221000,s,1340
4615321000,s,1340
4615567000,s,1340
4615664000,s,1340
4615803000,s,1340
4616107000,s,1340
4616234000,s,1340
4616324000,s,1340
4616435000,s,1340
4616662000,s,1340
4616773000,s,1340
4616877000,s,1340
4616985000,s,1340
4617361000,s,1340
4617490000,s,1340
4617593000,s,1340
4617702000,s,1340
4617794000,s,1340
4618023000,s,1340
4618558000,s,1340
4618676000,s,1340
4618784000,s,1340
4619007000,s,1340
4619178000,s,1340
4619375000,s,1340
4619546000,s,1340
4619677000,s,1340
4619945000,s,1340
4620143000,s,1340
4620264000,s,1340
4620489000,s,1340
4631369000,s,1340
6963698000,r,1440
6963698000,r,1440
6963699000,r,1440
6963699000,r,1440
6963700000,r,1440
6963700000,r,1440
6963701000,r,1440
6963701000,r,1440
6964388000,r,1440
6964389000,r,1440
6964389000,r,1440
6966837000,s,1340
6967159000,s,1340
6967319000,s,1340
6967452000,s,1340
6967739000,s,1340
6967881000,s,1340
6968018000,s,1340
6968160000,s,1340
6968282000,s,1340
6968417000,s,1340
6968559000,s,1340
6968700000,s,1340
6968844000,s,1340
6968980000,s,1340
6969106000,s,1340
6969233000,s,1340
6969344000,s,1340
6969456000,s,1340
6969580000,s,1340
6969708000,s,1340
6969819000,s,1340
6969918000,s,1340
6970027000,s,1340
6970900000,s,1340
6971130000,s,1340
6971279000,s,1340
6971401000,s,1340
6971629000,s,1340
6971849000,s,1340
6971991000,s,1340
6972122000,s,1340
6972259000,s,1340
6972438000,s,1340
6972630000,s,1340
6972815000,s,1340
6972997000,s,1340
6973127000,s,1340
6973251000,s,1340
6973395000,s,1340
6973579000,s,1340
6973781000,s,1340
6973962000,s,1340
6974128000,s,1340
6974303000,s,1340
6974517000,s,1340
6974703000,s,1340
6974889000,s,1340
6975079000,s,1340
6975215000,s,1340
6975341000,s,1340
6975579000,s,1340
6975795000,s,1340
6975977000,s,1340
6976269000,s,1340
6976432000,s,1340
6976572000,s,1340
6976740000,s,1340
6976936000,s,1340
6977124000,s,1340
6977314000,s,1340
6977523000,s,1340
6977737000,s,1340
6977938000,s,1340
6978134000,s,1340
6978322000,s,1340
6978511000,s,1340
6978711000,s,1340
6978905000,s,1340
6979101000,s,1340
6979303000,s,1340
6979608000,s,1340
6979817000,s,1340
6980027000,s,1340
6980245000,s,1340
6980433000,s,1340
6980610000,s,1340
6980789000,s,1340
6980982000,s,1340
6981165000,s,1340
6981339000,s,1340
6983529000,r,1440
6983529000,r,1440
6983530000,r,1440
6983530000,r,1440
6983531000,r,1440
6983531000,r,1440
6983532000,r,1440
6983532000,r,1440
6983941000,r,1440
6983941000,r,1440
6983941000,r,1440
6983942000,r,1440
6983942000,r,1440
6985852000,r,1440
6985853000,r,1440
6985853000,r,1440
6986188000,r,1440
6986188000,r,1440
6986189000,r,1440
6986189000,r,1440
6986190000,r,1440
6986190000,r,1440
6986382000,s,1340
6986638000,s,1340
6986842000,s,1340
6987039000,s,1340
6987574000,s,1340
6987708000,s,1340
6987833000,s,1340
6987949000,s,1340
6988055000,s,1340
6988168000,s,1340
6988290000,s,1340
6988396000,s,1340
6988504000,s,1340
6988607000,s,1340
6988715000,s,1340
6988831000,s,1340
6989153000,s,1340
6989337000,s,1340
6989480000,s,1340
6989642000,s,1340
6989833000,s,1340
6990230000,s,1340
6990708000,s,1340
6991108000,s,1340
6997528000,r,1440
6997529000,r,1440
6998492000,s,1340
6998987000,r,1440
6998988000,r,1440
6999446000,s,1340
7000493000,s,1340
7000714000,s,1340
7000959000,s,1340
7001221000,s,1340
7001452000,s,1340
7001715000,s,1340
7001938000,s,1340
7002151000,s,1340
7002346000,s,1340
7002492000,s,1340
7002724000,s,1340
7002916000,s,1340
7003106000,s,1340
7003308000,s,1340
7003580000,s,1340
7003807000,s,1340
7004044000,s,1340
7004284000,s,1340
7004507000,s,1340
7004718000,s,1340
7004926000,s,1340
7005136000,s,1340
7005385000,s,1340
7005607000,s,1340
7005825000,s,1340
7006040000,s,1340
7006255000,s,1340
7006505000,s,1340
7006724000,s,1340
7006942000,s,1340
7007182000,s,1340
7007425000,s,1340
7007856000,s,1340
7008096000,s,1340
7008278000,s,1340
7008452000,s,1340
7008605000,s,1340
7008759000,s,1340
7008909000,s,1340
7009065000,s,1340
7009224000,s,1340
7009386000,s,1340
7009570000,s,1340
7009733000,s,1340
7009903000,s,1340
7010059000,s,1340
7010208000,s,1340
7010356000,s,1340
7010505000,s,1340
7010676000,s,1340
7010859000,s,1340
7011045000,s,1340
7011225000,s,1340
7011404000,s,1340
7011646000,s,1340
7012047000,s,1340
7012222000,s,1340
7012375000,s,1340
7012532000,s,1340
7012703000,s,1340
7012858000,s,1340
7013005000,s,1340
7013161000,s,1340
7013315000,s,1340
7013474000,s,1340
7013629000,s,1340
7013815000,s,1340
7013978000,s,1340
7014129000,s,1340
7014288000,s,1340
7014452000,s,1340
7014608000,s,1340
7014763000,s,1340
7014810000,r,1440
7014947000,s,1340
7014811000,r,1440
7014811000,r,1440
7015108000,s,1340
7014812000,r,1440
7014812000,r,1440
7014813000,r,1440
7014813000,r,1440
7014814000,r,1440
7015269000,s,1340
7015433000,s,1340
7016718000,s,1340
7016947000,s,1340
7017162000,s,1340
7017381000,s,1340
7017594000,s,1340
7017807000,s,1340
7018002000,s,1340
7018216000,s,1340
7018266000,r,1440
7018414000,s,1340
7018267000,r,1440
7018267000,r,1440
7018268000,r,1440
7018268000,r,1440
7018269000,r,1440
7018269000,r,1440
7018270000,r,1440
7018603000,r,1440
7018603000,r,1440
7018624000,s,1340
7018604000,r,1440
7018604000,r,1440
7018604000,r,1440
7018605000,r,1440
7018605000,r,1440
7018606000,r,1440
7018759000,r,1440
7018759000,r,1440
7018760000,r,1440
7018760000,r,1440
7018761000,r,1440
7018761000,r,1440
7018762000,r,1440
7018856000,s,1340
7019087000,s,1340
7019327000,s,1340
7019749000,s,1340
7020018000,s,1340
7020296000,s,1340
7020574000,s,1340
7020851000,s,1340
7021087000,s,1340
7021323000,s,1340
7021588000,s,1340
7021866000,s,1340
7022143000,s,1340
7022383000,s,1340
7022593000,s,1340
7022726000,s,1340
7022917000,s,1340
7023124000,s,1340
7023297000,s,1340
7023555000,r,1440
7023572000,s,1340
7023778000,s,1340
7023983000,s,1340
7024161000,s,1340
7024355000,s,1340
7024592000,s,1340
7024812000,s,1340
7025009000,s,1340
7025204000,s,1340
7025382000,s,1340
7025532000,s,1340
7025655000,s,1340
7025855000,s,1340
7026045000,s,1340
7026238000,s,1340
7026418000,s,1340
7026585000,s,1340
7026761000,s,1340
7026947000,s,1340
7027125000,s,1340
7027307000,s,1340
7027555000,s,1340
7027764000,s,1340
7027971000,s,1340
7028159000,s,1340
7028318000,s,1340
7028467000,s,1340
7028654000,s,1340
7028770000,s,1340
7028870000,s,1340
7028971000,s,1340
7029148000,s,1340
7029268000,s,1340
7029468000,s,1340
7029664000,s,1340
7029880000,s,1340
7030063000,s,1340
7030243000,s,1340
7030413000,s,1340
7030570000,s,1340
7030720000,s,1340
7030878000,s,1340
7031047000,s,1340
7031208000,s,1340
7031364000,s,1340
7031711000,s,1340
7031902000,s,1340
7032099000,s,1340
7032274000,s,1340
7032447000,s,1340
7032621000,s,1340
7032780000,s,1340
7034675000,s,1340
7043978000,r,1440
9627977000,r,1440
9627977000,r,1440
9627978000,r,1440
9627978000,r,1440
9627979000,r,1440
9627979000,r,1440
9627980000,r,1440
9632055000,s,1340
9632479000,s,1340
9632715000,s,1340
9633128000,s,1340
9642914000,s,1340
9647594000,r,1440
11263591000,r,1440
11265479000,s,1340
12565507000,s,1340
12605267000,s,1340
12605693000,s,1340
16863292000,s,1340
16883375000,s,1340
16883882000,s,1340
16895768000,r,1440
16895768000,r,1440
16895769000,r,1440
16895769000,r,1440
16895769000,r,1440
16895769000,r,1440
16895770000,r,1440
16895770000,r,1440
16896039000,r,1440
16896039000,r,1440
16896039000,r,1440
16897968000,r,1440
16898255000,s,1340
16900127000,s,1340
16900499000,s,1340
16900749000,s,1340
16901015000,s,1340
16901240000,s,1340
16901477000,s,1340
16901734000,s,1340
16901966000,s,1340
16910930000,s,1340
16915874000,r,1440
16917826000,s,1340
18750988000,s,1340
18790240000,s,1340
18790869000,s,1340
20478238000,s,1340
20518265000,s,1340
20518729000,s,1340
22998412000,s,1340
23037089000,s,1340
23037522000,s,1340
23057873000,r,1440
23057874000,r,1440
23060966000,r,1440
23060967000,r,1440
23062214000,s,1340
23062657000,s,1340
23062957000,r,1440
23062978000,s,1340
23063058000,r,1440
23063354000,s,1340
23063939000,s,1340
23064270000,s,1340
23064575000,s,1340
23065563000,s,1340
23067551000,r,1440
23069145000,s,1340
23073614000,s,1340