0,s,1340
40558000,s,1340
41002000,s,1340
946323000,s,1340
984033000,s,1340
984464000,s,1340
1003756000,r,1440
1005366000,r,1440
1007729000,s,1340
1007867000,r,1440
1007868000,r,1440
1008214000,s,1340
1008566000,s,1340
1008879000,s,1340
1008992000,r,1440
1009123000,s,1340
1009588000,s,1340
1009945000,s,1340
1010180000,s,1340
1010453000,s,1340
1010778000,s,1340
1011106000,s,1340
1011423000,s,1340
1011747000,s,1340
1012056000,s,1340
1012391000,s,1340
1012716000,s,1340
1013045000,s,1340
1013491000,s,1340
1013802000,s,1340
1014087000,s,1340
1014373000,s,1340
1014670000,s,1340
1015015000,s,1340
1015323000,s,1340
1015619000,s,1340
1015927000,s,1340
1016222000,s,1340
1016496000,s,1340
1016786000,s,1340
1017108000,s,1340
1017518000,s,1340
1017825000,s,1340
1018143000,s,1340
1018450000,s,1340
1018757000,s,1340
1019101000,s,1340
1019430000,s,1340
1019763000,s,1340
1020072000,s,1340
1020382000,s,1340
1020718000,s,1340
1021022000,s,1340
1022435000,s,1340
1022957000,s,1340
1023779000,s,1340
1024053000,s,1340
1024280000,s,1340
1024495000,s,1340
1024687000,s,1340
1024873000,s,1340
1025397000,s,1340
1025675000,s,1340
1025937000,s,1340
1026197000,s,1340
1026453000,s,1340
1026722000,s,1340
1026968000,s,1340
1027209000,s,1340
1027484000,s,1340
1027745000,s,1340
1027986000,s,1340
1028230000,s,1340
1028480000,s,1340
1028751000,s,1340
1028995000,s,1340
1029237000,s,1340
1029362000,r,1440
1029598000,s,1340
1029890000,s,1340
1030181000,s,1340
1030440000,s,1340
1030698000,s,1340
1030934000,s,1340
1031204000,s,1340
1031484000,s,1340
1031782000,s,1340
1032033000,s,1340
1032390000,s,1340
1032650000,s,1340
1032914000,s,1340
1033148000,s,1340
1033498000,s,1340
1033760000,s,1340
1034022000,s,1340
1034265000,s,1340
1034550000,s,1340
1035078000,s,1340
1035384000,s,1340
1035630000,s,1340
1039257000,r,1440
1041384000,r,1440
1044052000,r,1440
1044053000,r,1440
1045094000,r,1440
1045853000,s,1340
1047851000,s,1340
1057050000,r,1440
1057051000,r,1440
1061454000,r,1440
1062862000,s,1340
1265552000,r,1440
1267481000,s,1340
1477725000,r,1440
2560566000,s,1340
2602610000,s,1340
2603039000,s,1340
2603140000,s,1340
2624920000,r,1440
2625825000,s,1340
2625889000,s,1340
2625926000,s,1340
2626218000,s,1340
2626543000,s,1340
2626580000,s,1340
2632655000,s,1340
2633126000,s,1340
2637327000,r,1440
2638393000,r,1440
2638955000,r,1440
2638955000,r,1440
2638955000,r,1440
2639033000,s,1340
2639269000,s,1340
2639538000,s,1340
2639634000,s,1340
2639711000,s,1340
2639750000,r,1440
2639789000,s,1340
2640056000,r,1440
2640469000,s,1340
2640561000,s,1340
2640637000,s,1340
2640705000,s,1340
2640752000,s,1340
2640816000,s,1340
2640880000,s,1340
2641051000,s,1340
2641197000,s,1340
2641304000,s,1340
2641414000,s,1340
2641535000,s,1340
2641671000,s,1340
2641894000,r,1440
2642048000,s,1340
2642101000,s,1340
2642263000,s,1340
2642350000,s,1340
2642424000,s,1340
2643036000,s,1340
2643109000,s,1340
2643373000,s,1340
2643436000,s,1340
2643596000,s,1340
2643624000,s,1340
2643695000,s,1340
2643858000,s,1340
2643886000,s,1340
2643993000,s,1340
2644072000,s,1340
2644126000,s,1340
2644938000,s,1340
2645054000,s,1340
2645147000,s,1340
2645419000,s,1340
2645582000,s,1340
2645716000,s,1340
2645752000,s,1340
2646301000,s,1340
2646381000,s,1340
2646437000,s,1340
2647045000,s,1340
2647329000,s,1340
2647431000,s,1340
2647530000,s,1340
2647640000,s,1340
2647859000,s,1340
2647969000,s,1340
2648010000,r,1440
2648163000,s,1340
2648353000,s,1340
2648738000,s,1340
2648863000,s,1340
2648975000,s,1340
2649169000,s,1340
2649377000,s,1340
2649490000,s,1340
2649697000,s,1340
2649878000,s,1340
2649961000,s,1340
2650034000,s,1340
2650605000,r,1440
2650605000,r,1440
2650605000,r,1440
2650605000,r,1440
2650605000,r,1440
2650736000,s,1340
2650847000,s,1340
2650931000,s,1340
2651044000,s,1340
2651090000,s,1340
2651157000,s,1340
2651316000,s,1340
2651342000,s,1340
2651353000,s,1340
2651440000,s,1340
2651556000,s,1340
2651718000,s,1340
2651809000,s,1340
2652043000,s,1340
2652227000,s,1340
2652369000,s,1340
2652414000,s,1340
2652557000,s,1340
2652655000,s,1340
2652760000,s,1340
2653182000,s,1340
2653330000,s,1340
2653529000,s,1340
2653573000,s,1340
2653632000,s,1340
2653918000,s,1340
2654093000,s,1340
2654253000,s,1340
2654385000,r,1440
2654464000,s,1340
2654385000,r,1440
2654605000,s,1340
2654777000,s,1340
2655960000,r,1440
2656371000,s,1340
2657293000,r,1440
2658364000,r,1440
2658539000,s,1340
2661314000,r,1440
2661519000,r,1440
2661519000,r,1440
2661705000,s,1340
2664929000,s,1340
2666616000,r,1440
2667225000,s,1340
2667390000,s,1340
2668788000,s,1340
2669270000,r,1440
2669987000,r,1440
2669987000,r,1440
2670398000,s,1340
2671251000,r,1440
2675243000,r,1440
2675243000,r,1440
2676160000,s,1340
2676263000,s,1340
2676675000,r,1440
2678195000,r,1440
2680459000,s,1340
2683261000,r,1440
2684015000,s,1340
2685310000,r,1440
2685798000,s,1340
2686410000,r,1440
2686410000,r,1440
2686411000,r,1440
2686411000,r,1440
2687240000,s,1340
2687353000,s,1340
2687392000,r,1440
2687836000,s,1340
2691164000,s,1340
2694328000,s,1340
2697662000,s,1340
2710161000,s,1340
2720156000,r,1440
2721323000,r,1440
2721323000,r,1440
2721323000,r,1440
2721324000,r,1440
2721324000,r,1440
2721324000,r,1440
2721324000,r,1440
2721501000,r,1440
2721501000,r,1440
2722167000,s,1340
2722315000,s,1340
2722560000,s,1340
2723190000,s,1340
2723491000,r,1440
2723491000,r,1440
2723492000,r,1440
2724122000,s,1340
2724203000,s,1340
2724754000,r,1440
2724754000,r,1440
2724921000,s,1340
2724991000,s,1340
2725023000,s,1340
2725043000,s,1340
2725059000,s,1340
2725074000,s,1340
2725091000,s,1340
2725262000,s,1340
2725353000,s,1340
2725462000,r,1440
2726637000,s,1340
2727803000,s,1340
2729034000,s,1340
2729842000,r,1440
2729842000,r,1440
2729842000,r,1440
2729843000,r,1440
2730325000,s,1340
2730419000,s,1340
2730545000,s,1340
2730633000,s,1340
2730692000,s,1340
2730749000,s,1340
2730800000,s,1340
2730845000,s,1340
2731065000,s,1340
2731137000,s,1340
2731318000,s,1340
2731601000,s,1340
2731745000,s,1340
2731972000,s,1340
2732225000,s,1340
2732368000,s,1340
2732482000,s,1340
2732629000,s,1340
2732837000,s,1340
2732957000,s,1340
2733305000,s,1340
2733445000,s,1340
2733541000,s,1340
2733711000,s,1340
2735393000,r,1440
2735393000,r,1440
2736356000,s,1340
2736604000,s,1340
2736765000,s,1340
2737068000,s,1340
2737245000,s,1340
2737445000,s,1340
2737712000,s,1340
2737833000,s,1340
2737970000,s,1340
2738137000,s,1340
2738217000,s,1340
2738484000,s,1340
2738565000,s,1340
2738769000,s,1340
2738903000,s,1340
2739336000,s,1340
2739510000,r,1440
2739609000,s,1340
2739725000,s,1340
2739902000,s,1340
2739964000,s,1340
2740215000,s,1340
2740393000,s,1340
2740551000,s,1340
2740637000,s,1340
2740881000,s,1340
2741049000,s,1340
2741193000,s,1340
2741510000,s,1340
2741570000,s,1340
2741725000,s,1340
2742406000,s,1340
2743382000,s,1340
2743443000,s,1340
2743554000,s,1340
2743854000,s,1340
2744060000,s,1340
2744130000,s,1340
2744193000,s,1340
2744451000,s,1340
2744585000,s,1340
2744707000,s,1340
2744826000,s,1340
2744964000,s,1340
2745116000,s,1340
2745327000,s,1340
2745692000,s,1340
2746002000,s,1340
2746111000,s,1340
2746204000,s,1340
2746427000,s,1340
2746558000,s,1340
2746738000,s,1340
2746923000,s,1340
2747092000,s,1340
2747199000,s,1340
2747447000,s,1340
2747598000,s,1340
2747782000,s,1340
2747852000,s,1340
2748825000,s,1340
2749029000,s,1340
2749142000,s,1340
2749406000,s,1340
2749574000,s,1340
2749875000,s,1340
2750122000,s,1340
2750211000,s,1340
2750284000,s,1340
2751507000,s,1340
2751688000,s,1340
2751895000,s,1340
2751974000,s,1340
2752179000,s,1340
2752287000,s,1340
2752498000,s,1340
2752628000,r,1440
2752762000,s,1340
2752865000,s,1340
2752965000,s,1340
2753201000,s,1340
2753455000,s,1340
2753602000,s,1340
2754148000,s,1340
2754372000,s,1340
2754528000,s,1340
2754601000,s,1340
2754701000,s,1340
2754791000,s,1340
2754869000,s,1340
2755213000,s,1340
2755284000,s,1340
2755384000,s,1340
2755560000,s,1340
2755717000,s,1340
2755860000,s,1340
2756339000,s,1340
2756562000,s,1340
2756693000,s,1340
2756796000,s,1340
2757052000,s,1340
2757167000,s,1340
2757315000,s,1340
2757449000,s,1340
2757638000,s,1340
2757783000,s,1340
2758050000,s,1340
2758172000,s,1340
2758279000,s,1340
2758388000,s,1340
2758923000,s,1340
2759052000,s,1340
2759165000,s,1340
2759264000,s,1340
2759363000,s,1340
2759472000,s,1340
2759573000,s,1340
2759683000,s,1340
2759811000,r,1440
2759920000,s,1340
2760038000,s,1340
2760279000,s,1340
2760390000,s,1340
2763232000,r,1440
2763232000,r,1440
2763232000,r,1440
2763762000,s,1340
2763844000,s,1340
2764026000,s,1340
2764267000,s,1340
2764417000,s,1340
2764556000,s,1340
2764693000,s,1340
2764826000,s,1340
2765000000,r,1440
2765104000,s,1340
2765261000,s,1340
2765466000,s,1340
2765604000,s,1340
2765723000,s,1340
2767865000,r,1440
2767865000,r,1440
2768397000,s,1340
2770641000,r,1440
2770641000,r,1440
2770642000,r,1440
2771569000,s,1340
2771731000,s,1340
2773360000,r,1440
2781354000,s,1340
2989481000,r,1440
3340222000,r,1440
3340223000,r,1440
3340223000,r,1440
3340224000,r,1440
3340224000,r,1440
3340225000,r,1440
3340225000,r,1440
3340226000,r,1440
3340904000,r,1440
3340904000,r,1440
3340905000,r,1440
3343534000,s,1340
3343876000,s,1340
3344029000,s,1340
3344158000,s,1340
3344381000,s,1340
3344543000,s,1340
3344696000,s,1340
3344849000,s,1340
3345018000,s,1340
3345175000,s,1340
3345472000,s,1340
3345688000,s,1340
3345854000,s,1340
3345986000,s,1340
3348694000,s,1340
3349055000,s,1340
3349252000,s,1340
3349548000,s,1340
3349701000,s,1340
3349835000,s,1340
3349982000,s,1340
3350132000,s,1340
3350346000,s,1340
3350549000,s,1340
3350727000,s,1340
3350888000,s,1340
3351054000,s,1340
3351224000,s,1340
3351381000,s,1340
3351543000,s,1340
3351721000,s,1340
3352241000,s,1340
3352878000,s,1340
3353099000,s,1340
3353417000,s,1340
3353915000,s,1340
3354125000,s,1340
3354298000,s,1340
3354678000,r,1440
3354738000,s,1340
3354678000,r,1440
3354945000,s,1340
3355052000,r,1440
3355128000,s,1340
3355598000,s,1340
3355820000,s,1340
3356048000,s,1340
3356568000,s,1340
3356820000,s,1340
3357151000,s,1340
3357820000,s,1340
3358081000,s,1340
3358306000,s,1340
3358744000,s,1340
3358895000,s,1340
3359084000,s,1340
3359514000,s,1340
3359770000,s,1340
3360007000,s,1340
3360746000,s,1340
3360983000,s,1340
3361173000,s,1340
3361459000,s,1340
3362142000,s,1340
3363878000,s,1340
3364124000,s,1340
3364286000,s,1340
3364485000,s,1340
3364690000,s,1340
3364968000,s,1340
3365183000,s,1340
3369402000,r,1440
3373824000,s,1340
3382670000,r,1440
3383440000,s,1340
3414454000,s,1340
3414556000,s,1340
3432069000,r,1440
3432069000,r,1440
3432070000,r,1440
3432070000,r,1440
3432930000,s,1340
3433039000,s,1340
3433057000,s,1340
3433106000,s,1340
3433141000,s,1340
3433154000,s,1340
3433322000,s,1340
3433472000,s,1340
3433531000,s,1340
3434591000,s,1340
3434811000,s,1340
3434881000,r,1440
3434881000,r,1440
3434881000,r,1440
3434882000,r,1440
3434882000,r,1440
3434882000,r,1440
3434882000,r,1440
3434882000,r,1440
3434984000,r,1440
3434985000,r,1440
3434985000,r,1440
3434996000,s,1340
3434985000,r,1440
3434985000,r,1440
3434985000,r,1440
3434985000,r,1440
3435151000,s,1340
3435324000,s,1340
3435414000,s,1340
3435501000,s,1340
3435582000,s,1340
3435660000,s,1340
3435731000,s,1340
3435804000,s,1340
3435883000,s,1340
3436207000,s,1340
3436286000,s,1340
3436356000,s,1340
3436426000,s,1340
3436494000,s,1340
3436561000,s,1340
3436634000,s,1340
3436708000,s,1340
3437062000,s,1340
3437173000,s,1340
3437253000,s,1340
3441925000,r,1440
3441926000,r,1440
3443838000,r,1440
3443838000,r,1440
3443838000,r,1440
3444745000,s,1340
3444868000,s,1340
3445017000,s,1340
3445096000,s,1340
3445334000,s,1340
3445476000,s,1340
3445560000,s,1340
3445870000,s,1340
3446074000,s,1340
3446583000,s,1340
3446781000,s,1340
3446893000,s,1340
3447119000,s,1340
3447680000,s,1340
3447765000,s,1340
3447812000,s,1340
3447993000,s,1340
3448260000,s,1340
3448486000,s,1340
3448654000,s,1340
3448912000,s,1340
3448961000,s,1340
3449118000,s,1340
3449603000,s,1340
3449652000,s,1340
3449672000,s,1340
3449866000,s,1340
3449952000,s,1340
3450239000,s,1340
3450506000,s,1340
3450621000,s,1340
3450854000,s,1340
3450987000,s,1340
3451045000,s,1340
3451092000,s,1340
3451293000,s,1340
3451401000,s,1340
3451449000,s,1340
3451484000,s,1340
3452408000,s,1340
3457323000,r,1440
3458045000,s,1340
3458130000,s,1340
3458220000,s,1340
3458363000,s,1340
3458536000,s,1340
3458775000,s,1340
3458996000,s,1340
3459039000,s,1340
3459130000,s,1340
3459234000,s,1340
3459265000,s,1340
3459358000,s,1340
3459423000,s,1340
3459499000,s,1340
3459564000,s,1340
3459820000,s,1340
3459923000,s,1340
3460119000,s,1340
3460259000,s,1340
3460375000,s,1340
3460528000,s,1340
3460731000,s,1340
3460978000,s,1340
3461056000,s,1340
3461270000,s,1340
3461411000,s,1340
3461476000,s,1340
3461530000,s,1340
3461626000,s,1340
3461689000,s,1340
3461781000,s,1340
3461839000,s,1340
3461957000,s,1340
3461987000,s,1340
3462035000,s,1340
3462426000,s,1340
3462531000,s,1340
3462786000,s,1340
3462841000,s,1340
3462984000,s,1340
3463072000,s,1340
3463244000,s,1340
3463321000,s,1340
3463542000,s,1340
3463700000,s,1340
3464064000,s,1340
3464163000,s,1340
3464324000,s,1340
3464424000,s,1340
3464501000,s,1340
3464531000,r,1440
3464591000,s,1340
3464795000,s,1340
3464856000,s,1340
3464882000,s,1340
3464960000,s,1340
3465056000,s,1340
3465107000,s,1340
3465156000,s,1340
3465232000,s,1340
3465376000,s,1340
3465533000,s,1340
3466542000,s,1340
3466636000,s,1340
3466707000,s,1340
3466777000,s,1340
3466918000,s,1340
3467065000,s,1340
3467117000,s,1340
3467229000,s,1340
3467341000,s,1340
3467409000,s,1340
3467514000,s,1340
3467579000,s,1340
3467651000,s,1340
3467724000,s,1340
3467781000,s,1340
3467822000,s,1340
3467915000,s,1340
3467959000,s,1340
3468156000,r,1440
3468156000,r,1440
3468421000,r,1440
3468494000,s,1340
3468602000,s,1340
3468667000,s,1340
3468730000,s,1340
3468924000,s,1340
3469104000,s,1340
3469221000,s,1340
3469353000,s,1340
3469401000,s,1340
3469482000,r,1440
3469564000,s,1340
3469754000,s,1340
3470479000,r,1440
3470918000,s,1340
3471068000,s,1340
3471188000,s,1340
3471302000,s,1340
3471424000,s,1340
3471783000,s,1340
3471934000,s,1340
3472066000,s,1340
3472321000,s,1340
3472448000,s,1340
3472573000,s,1340
3472704000,s,1340
3473125000,s,1340
3473252000,s,1340
3473615000,s,1340
3473759000,s,1340
3473876000,s,1340
3473985000,s,1340
3474064000,s,1340
3474178000,s,1340
3474587000,s,1340
3474736000,s,1340
3474938000,r,1440
3475016000,s,1340
3475199000,s,1340
3475368000,s,1340
3475503000,s,1340
3475624000,s,1340
3475741000,s,1340
3475868000,s,1340
3476148000,s,1340
3476230000,s,1340
3476585000,s,1340
3476619000,s,1340
3476634000,s,1340
3476752000,s,1340
3476995000,s,1340
3477111000,s,1340
3477213000,s,1340
3477481000,s,1340
3477582000,s,1340
3477715000,s,1340
3477792000,s,1340
3478553000,s,1340
3478716000,s,1340
3478915000,s,1340
3479123000,s,1340
3479318000,s,1340
3479594000,s,1340
3479710000,s,1340
3479889000,s,1340
3479925000,r,1440
3479925000,r,1440
3479926000,r,1440
3479994000,s,1340
3480120000,s,1340
3480152000,r,1440
3480213000,s,1340
3480296000,s,1340
3480379000,s,1340
3480517000,s,1340
3480599000,s,1340
3480714000,s,1340
3480811000,s,1340
3480894000,s,1340
3481013000,s,1340
3481096000,s,1340
3481391000,s,1340
3481447000,s,1340
3481463000,s,1340
3481485000,s,1340
3481598000,s,1340
3481834000,s,1340
3482039000,s,1340
3482073000,s,1340
3482103000,s,1340
3482211000,s,1340
3482294000,s,1340
3482740000,s,1340
3482829000,s,1340
3482878000,s,1340
3483033000,s,1340
3483182000,s,1340
3483306000,s,1340
3483441000,s,1340
3483616000,s,1340
3483695000,s,1340
3483838000,s,1340
3483953000,s,1340
3484140000,s,1340
3484245000,s,1340
3484355000,s,1340
3484439000,s,1340
3484512000,s,1340
3485272000,s,1340
3485417000,s,1340
3485659000,s,1340
3485711000,s,1340
3486494000,s,1340
3486619000,s,1340
3486763000,s,1340
3486854000,s,1340
3487089000,s,1340
3487197000,s,1340
3487434000,s,1340
3487537000,s,1340
3487744000,s,1340
3487871000,s,1340
3488172000,s,1340
3488357000,s,1340
3488438000,s,1340
3488661000,s,1340
3488971000,s,1340
3489119000,s,1340
3489244000,s,1340
3489432000,s,1340
3489556000,s,1340
3489672000,s,1340
3489850000,s,1340
3490326000,s,1340
3490406000,s,1340
3490469000,s,1340
3490573000,s,1340
3490681000,r,1440
3490709000,s,1340
3490772000,s,1340
3490681000,r,1440
3490681000,r,1440
3490835000,s,1340
3490912000,s,1340
3491146000,s,1340
3491272000,s,1340
3491362000,s,1340
3493187000,r,1440
3493525000,r,1440
3493526000,r,1440
3493526000,r,1440
3493904000,r,1440
3494261000,s,1340
3494422000,s,1340
3494551000,s,1340
3494742000,s,1340
3494834000,s,1340
3494929000,s,1340
3495010000,s,1340
3496192000,s,1340
3496523000,r,1440
3496537000,s,1340
3496523000,r,1440
3496635000,s,1340
3496810000,s,1340
3496936000,s,1340
3499843000,r,1440
3500413000,s,1340
3501950000,s,1340
3503376000,r,1440
3503376000,r,1440
3503376000,r,1440
3503376000,r,1440
3503377000,r,1440
3503377000,r,1440
3503377000,r,1440
3503377000,r,1440
3504090000,s,1340
3504210000,s,1340
3504304000,s,1340
3504442000,s,1340
3504504000,s,1340
3504651000,s,1340
3512719000,r,1440
3512719000,r,1440
3514780000,s,1340
3517315000,r,1440
3517315000,r,1440
3517315000,r,1440
3517315000,r,1440
3517315000,r,1440
3517315000,r,1440
3517316000,r,1440
3517316000,r,1440
3517417000,r,1440
3517417000,r,1440
3517417000,r,1440
3517417000,r,1440
3517417000,r,1440
3517929000,r,1440
3517930000,s,1340
3517929000,r,1440
3517929000,r,1440
3518540000,s,1340
3518644000,s,1340
3518755000,s,1340
3518841000,s,1340
3518931000,s,1340
3519026000,s,1340
3519124000,s,1340
3519137000,r,1440
3519137000,r,1440
3519137000,r,1440
3519137000,r,1440
3519137000,r,1440
3519203000,s,1340
3519137000,r,1440
3519137000,r,1440
3519138000,r,1440
3519233000,r,1440
3519233000,r,1440
3519233000,r,1440
3519233000,r,1440
3519233000,r,1440
3519233000,r,1440
3519269000,s,1340
3519346000,s,1340
3519417000,s,1340
3519485000,s,1340
3519585000,s,1340
3519686000,s,1340
3519763000,s,1340
3519838000,s,1340
3519901000,s,1340
3519968000,s,1340
3520031000,s,1340
3520120000,s,1340
3520193000,s,1340
3520301000,s,1340
3520400000,s,1340
3520481000,s,1340
3520563000,s,1340
3520661000,s,1340
3520756000,s,1340
3520863000,s,1340
3520961000,s,1340
3521041000,s,1340
3521136000,s,1340
3521237000,s,1340
3521480000,s,1340
3521587000,s,1340
3521660000,s,1340
3521728000,s,1340
3521831000,s,1340
3521932000,s,1340
3522033000,s,1340
3522134000,s,1340
3522245000,s,1340
3522347000,s,1340
3522437000,s,1340
3522512000,s,1340
3522613000,s,1340
3522722000,s,1340
3524680000,r,1440
3524809000,r,1440
3525017000,s,1340
3527210000,r,1440
3529295000,r,1440
3529600000,s,1340
3530616000,r,1440
3530792000,s,1340
3531026000,s,1340
3532030000,r,1440
3533852000,r,1440
3599679000,s,1340
3599770000,s,1340
3601899000,s,1340
3601955000,s,1340
3609162000,s,1340
3612101000,r,1440
3612101000,r,1440
3623128000,r,1440
3623359000,s,1340
3623515000,s,1340
3623982000,r,1440
3629301000,r,1440
3629302000,r,1440
3629302000,r,1440
3629302000,r,1440
3629427000,r,1440
3629427000,r,1440
3629427000,r,1440
3629427000,r,1440
3629427000,r,1440
3629427000,r,1440
3629777000,s,1340
3629794000,r,1440
3629794000,r,1440
3629794000,r,1440
3629794000,r,1440
3630174000,s,1340
3630252000,r,1440
3630287000,s,1340
3630253000,r,1440
3630253000,r,1440
3630253000,r,1440
3630337000,r,1440
3630338000,r,1440
3630338000,r,1440
3630352000,s,1340
3630338000,r,1440
3630338000,r,1440
3630338000,r,1440
3630412000,s,1340
3630468000,s,1340
3630518000,s,1340
3630572000,s,1340
3630621000,s,1340
3630675000,s,1340
3630731000,s,1340
3630804000,r,1440
3630814000,s,1340
3630804000,r,1440
3630804000,r,1440
3630804000,r,1440
3630864000,s,1340
3630913000,s,1340
3630931000,r,1440
3630931000,r,1440
3630931000,r,1440
3630931000,r,1440
3631092000,s,1340
3631381000,s,1340
3631456000,s,1340
3631476000,s,1340
3631487000,s,1340
3631497000,s,1340
3631507000,s,1340
3631516000,s,1340
3631547000,s,1340
3631605000,s,1340
3631641000,s,1340
3631983000,s,1340
3632028000,s,1340
3632050000,s,1340
3632069000,s,1340
3632087000,s,1340
3632104000,s,1340
3632122000,s,1340
3632132000,s,1340
3632136000,r,1440
3632136000,r,1440
3632179000,s,1340
3632136000,r,1440
3632136000,r,1440
3632200000,s,1340
3632210000,s,1340
3632324000,s,1340
3633503000,s,1340
3633562000,s,1340
3634011000,s,1340
3634065000,s,1340
3634080000,s,1340
3634090000,s,1340
3634099000,s,1340
3634109000,s,1340
3634117000,s,1340
3634125000,s,1340
3634133000,s,1340
3634141000,s,1340
3634148000,s,1340
3635460000,s,1340
3635564000,s,1340
3635647000,s,1340
3635719000,s,1340
3635776000,s,1340
3635827000,s,1340
3636004000,s,1340
3636124000,s,1340
3636240000,s,1340
3636355000,s,1340
3636529000,s,1340
3636615000,s,1340
3636699000,s,1340
3637207000,s,1340
3637348000,s,1340
3637412000,s,1340
3637478000,s,1340
3637812000,s,1340
3637867000,s,1340
3638416000,s,1340
3638460000,s,1340
3638660000,s,1340
3638764000,s,1340
3638864000,s,1340
3638927000,s,1340
3639294000,s,1340
3639872000,r,1440
3639915000,s,1340
3640068000,s,1340
3640592000,s,1340
3640888000,s,1340
3641057000,s,1340
3641110000,r,1440
3641137000,s,1340
3641197000,s,1340
3641304000,s,1340
3645088000,r,1440
3645490000,s,1340
3645593000,s,1340
3645862000,s,1340
3646007000,s,1340
3646123000,s,1340
3646454000,r,1440
3646454000,r,1440
3646727000,s,1340
3646824000,s,1340
3646897000,s,1340
3647057000,s,1340
3647162000,s,1340
3647236000,s,1340
3647708000,s,1340
3647797000,s,1340
3647973000,s,1340
3648081000,s,1340
3648420000,s,1340
3648488000,s,1340
3648727000,r,1440
3648877000,s,1340
3649033000,s,1340
3649144000,s,1340
3649737000,s,1340
3649772000,s,1340
3649800000,s,1340
3655668000,r,1440
3655668000,r,1440
3665842000,s,1340
3668445000,r,1440
3669086000,s,1340
3679592000,s,1340
3679727000,s,1340
3680760000,s,1340
3680827000,s,1340
3680890000,s,1340
3682202000,s,1340
3682328000,s,1340
3682563000,s,1340
3682887000,s,1340
3683037000,s,1340
3683177000,s,1340
3683311000,s,1340
3683444000,s,1340
3683541000,s,1340
3683645000,s,1340
3683736000,s,1340
3683828000,s,1340
3683933000,s,1340
3684049000,s,1340
3684159000,s,1340
3684388000,s,1340
3684701000,s,1340
3684818000,s,1340
3684962000,s,1340
3685029000,s,1340
3685131000,s,1340
3685244000,s,1340
3685371000,s,1340
3685630000,s,1340
3685706000,s,1340
3685826000,s,1340
3685936000,s,1340
3686349000,s,1340
3686640000,s,1340
3686830000,s,1340
3686969000,s,1340
3687095000,s,1340
3687221000,s,1340
3687327000,s,1340
3687394000,s,1340
3687570000,s,1340
3687683000,s,1340
3688195000,s,1340
3688267000,s,1340
3689529000,s,1340
3689694000,s,1340
3689853000,s,1340
3689976000,s,1340
3690094000,s,1340
3690154000,s,1340
3690636000,s,1340
3690877000,s,1340
3690904000,s,1340
3691755000,s,1340
3691929000,s,1340
3691957000,s,1340
3692104000,s,1340
3692221000,s,1340
3692346000,s,1340
3692594000,s,1340
3692777000,s,1340
3692935000,s,1340
3693029000,s,1340
3693140000,s,1340
3693314000,s,1340
3693414000,s,1340
3693590000,s,1340
3694063000,s,1340
3694158000,s,1340
3694247000,s,1340
3694337000,s,1340
3694494000,s,1340
3694573000,s,1340
3694619000,s,1340
3694737000,s,1340
3694819000,s,1340
3695150000,s,1340
3695285000,s,1340
3695341000,s,1340
3695713000,s,1340
3695851000,s,1340
3695943000,s,1340
3696125000,s,1340
3696277000,s,1340
3696480000,s,1340
3696592000,s,1340
3696761000,s,1340
3696864000,s,1340
3697065000,s,1340
3697115000,s,1340
3697509000,s,1340
3697669000,s,1340
3697871000,s,1340
3698327000,s,1340
3698403000,s,1340
3698876000,s,1340
3699102000,s,1340
3699177000,s,1340
3699301000,s,1340
3699378000,s,1340
3699609000,s,1340
3699718000,s,1340
3699832000,s,1340
3704720000,r,1440
3704720000,r,1440
3705326000,s,1340
3705690000,r,1440
3705931000,s,1340
3709359000,r,1440
3709359000,r,1440
3709694000,s,1340
3709812000,s,1340
3711014000,r,1440
3711014000,r,1440
3711294000,s,1340
3846693000,r,1440
3846693000,r,1440
3846693000,r,1440
3846693000,r,1440
3848655000,s,1340
3848846000,s,1340
3848942000,s,1340
3849445000,s,1340
3849874000,s,1340
3928781000,r,1440
4138060000,r,1440
6971674000,r,1440
6971674000,r,1440
6971675000,r,1440
6971675000,r,1440
6971676000,r,1440
6971676000,r,1440
6971677000,r,1440
6971677000,r,1440
6972525000,r,1440
6972526000,r,1440
6972526000,r,1440
6981182000,s,1340
6981834000,s,1340
6982137000,s,1340
6982445000,s,1340
6982828000,s,1340
6983130000,s,1340
6983903000,s,1340
6984182000,s,1340
6984398000,s,1340
6984723000,s,1340
6984950000,s,1340
6985233000,s,1340
6986092000,s,1340
6986382000,s,1340
6987206000,s,1340
6987709000,s,1340
6987979000,s,1340
6988244000,s,1340
6993394000,r,1440
6993731000,r,1440
6997381000,r,1440
6998651000,s,1340
6999327000,s,1340
7005449000,r,1440
7005449000,r,1440
7005450000,r,1440
7005450000,r,1440
7005451000,r,1440
7005451000,r,1440
7005452000,r,1440
7005452000,r,1440
7005744000,r,1440
7005745000,r,1440
7005745000,r,1440
7005746000,r,1440
7005746000,r,1440
7005747000,r,1440
7005747000,r,1440
7005748000,r,1440
7005896000,r,1440
7005896000,r,1440
7005897000,r,1440
7005897000,r,1440
7008152000,s,1340
7008456000,s,1340
7008644000,s,1340
7009257000,s,1340
7009362000,r,1440
7009363000,r,1440
7009789000,s,1340
7010108000,s,1340
7010395000,s,1340
7011259000,s,1340
7011575000,s,1340
7011851000,s,1340
7012118000,s,1340
7012405000,s,1340
7012726000,s,1340
7012975000,s,1340
7013227000,s,1340
7013589000,s,1340
7013885000,s,1340
7014179000,s,1340
7014445000,s,1340
7016079000,s,1340
7016428000,s,1340
7016730000,s,1340
7017023000,s,1340
7017441000,r,1440
7017504000,s,1340
7017799000,s,1340
7018100000,s,1340
7018353000,s,1340
7018618000,s,1340
7018928000,s,1340
7019096000,r,1440
7019234000,s,1340
7019097000,r,1440
7019696000,s,1340
7019993000,s,1340
7020281000,s,1340
7020555000,s,1340
7020858000,s,1340
7021138000,s,1340
7021514000,s,1340
7021790000,s,1340
7022046000,s,1340
7022315000,s,1340
7022570000,s,1340
7022826000,s,1340
7023066000,s,1340
7023247000,r,1440
7023329000,s,1340
7023248000,r,1440
7023248000,r,1440
7023249000,r,1440
7023249000,r,1440
7023249000,r,1440
7023250000,r,1440
7023250000,r,1440
7023585000,s,1340
7023613000,r,1440
7023614000,r,1440
7023818000,s,1340
7024055000,s,1340
7024329000,s,1340
7024578000,s,1340
7024825000,s,1340
7025069000,s,1340
7025642000,r,1440
7025642000,r,1440
7025643000,r,1440
7025643000,r,1440
7025644000,r,1440
7025644000,r,1440
7025645000,r,1440
7025645000,r,1440
7025874000,r,1440
7025875000,r,1440
7025875000,r,1440
7025876000,r,1440
7025876000,r,1440
7025877000,r,1440
7027759000,r,1440
7027812000,s,1340
7027759000,r,1440
7027760000,r,1440
7027760000,r,1440
7027761000,r,1440
7027761000,r,1440
7027762000,r,1440
7027762000,r,1440
7028028000,r,1440
7028028000,r,1440
7028029000,r,1440
7029148000,r,1440
7029838000,s,1340
7030696000,s,1340
7030964000,s,1340
7031199000,s,1340
7031424000,s,1340
7031652000,s,1340
7031890000,s,1340
7032108000,s,1340
7032341000,s,1340
7032551000,s,1340
7032781000,s,1340
7033091000,s,1340
7033521000,s,1340
7033813000,s,1340
7034100000,s,1340
7034370000,s,1340
7034645000,s,1340
7034914000,s,1340
7035165000,s,1340
7035438000,s,1340
7035703000,s,1340
7035984000,s,1340
7036251000,s,1340
7036522000,s,1340
7036768000,s,1340
7037061000,s,1340
7037493000,s,1340
7037760000,s,1340
7038038000,s,1340
7038341000,s,1340
7038420000,r,1440
7038509000,s,1340
7038953000,r,1440
7039851000,s,1340
7040599000,s,1340
7041706000,s,1340
7041919000,s,1340
7042113000,s,1340
7042296000,s,1340
7042478000,s,1340
7042652000,s,1340
7042840000,s,1340
7043035000,s,1340
7043223000,s,1340
7043482000,s,1340
7043744000,s,1340
7044006000,s,1340
7044261000,s,1340
7044535000,s,1340
7045920000,s,1340
7049384000,r,1440
7049384000,r,1440
7052215000,s,1340
7264500000,r,1440
7264501000,r,1440
7268895000,s,1340
7486134000,r,1440
7488611000,s,1340
7709868000,r,1440
8917544000,r,1440
8917544000,r,1440
8917545000,r,1440
8917545000,r,1440
8917546000,r,1440
8922024000,s,1340
8922471000,s,1340
8922689000,s,1340
8922943000,s,1340
8923111000,s,1340
8923289000,s,1340
8923498000,s,1340
8923685000,s,1340
8923952000,s,1340
8924187000,s,1340
8924420000,s,1340
8924603000,s,1340
8924791000,s,1340
8925046000,s,1340
8925248000,s,1340
8925539000,s,1340
8925824000,s,1340
8926085000,s,1340
8926291000,s,1340
8926482000,s,1340
8926710000,s,1340
8926873000,s,1340
8927026000,s,1340
8927177000,s,1340
8927449000,s,1340
8927710000,s,1340
8927914000,s,1340
8928074000,s,1340
8928307000,s,1340
8928555000,s,1340
8928768000,s,1340
8928981000,s,1340
8929248000,s,1340
8929611000,s,1340
8929856000,s,1340
8930103000,s,1340
8930369000,s,1340
8930643000,s,1340
8930891000,s,1340
8931134000,s,1340
8931397000,s,1340
8931648000,s,1340
8931909000,s,1340
8932142000,s,1340
8932385000,s,1340
8932606000,s,1340
8932610000,r,1440
8932610000,r,1440
8932835000,s,1340
8933062000,s,1340
8933385000,s,1340
8933668000,s,1340
8933919000,s,1340
8934140000,s,1340
8934361000,s,1340
8934617000,s,1340
8934843000,s,1340
8935064000,s,1340
8935308000,s,1340
8935580000,s,1340
8935828000,s,1340
8936080000,s,1340
8936153000,r,1440
8936403000,s,1340
8936154000,r,1440
8936154000,r,1440
8936873000,s,1340
8937164000,s,1340
8938029000,s,1340
8938484000,s,1340
8938775000,s,1340
8939037000,s,1340
8939165000,r,1440
8939165000,r,1440
8939166000,r,1440
8939275000,s,1340
8939516000,s,1340
8939775000,s,1340
8940341000,r,1440
8941117000,s,1340
8941517000,s,1340
8941801000,s,1340
8942104000,s,1340
8942378000,s,1340
8942651000,s,1340
8942899000,s,1340
8943169000,s,1340
8943414000,s,1340
8943642000,s,1340
8943876000,s,1340
8944141000,s,1340
8944376000,s,1340
8944638000,s,1340
8944908000,s,1340
8945191000,s,1340
8945543000,s,1340
8945807000,s,1340
8946051000,s,1340
8946361000,s,1340
8946606000,s,1340
8946843000,s,1340
8947069000,s,1340
8947341000,s,1340
8947623000,s,1340
8947880000,s,1340
8948141000,s,1340
8948434000,s,1340
8948698000,s,1340
8948978000,s,1340
8949260000,s,1340
8949310000,r,1440
8949621000,s,1340
8949879000,s,1340
8950174000,s,1340
8950467000,s,1340
8950639000,r,1440
8950640000,r,1440
8951985000,s,1340
8952496000,r,1440
8954695000,r,1440
8954695000,r,1440
8954696000,r,1440
8955971000,s,1340
8956330000,s,1340
8956338000,r,1440
8956339000,r,1440
8961349000,r,1440
8962739000,s,1340
8965336000,r,1440
8965992000,r,1440
8965993000,r,1440
8967289000,r,1440
8967421000,s,1340
8967815000,s,1340
8968346000,r,1440
8968709000,r,1440
8969914000,s,1340
9181581000,r,1440
9389577000,r,1440
9391660000,s,1340
9401416000,r,1440
9401718000,r,1440
9403144000,r,1440
9403498000,s,1340
9621488000,r,1440
10507089000,s,1340
10546448000,s,1340
10546891000,s,1340
11685833000,r,1440
11689628000,s,1340
11690110000,s,1340
13562118000,s,1340
13599650000,s,1340
13600081000,s,1340
13621519000,r,1440
16088231000,s,1340
16127620000,s,1340
16128075000,s,1340
16253496000,r,1440
16255350000,r,1440
16255351000,r,1440
16257444000,r,1440
16257571000,s,1340
16258665000,r,1440
16258796000,s,1340
16259371000,r,1440
16260706000,s,1340
16269506000,r,1440
16269507000,r,1440
16273008000,r,1440
16273008000,r,1440
16274776000,s,1340
16275066000,s,1340
16275124000,r,1440
16275124000,r,1440
16285378000,r,1440
16287047000,s,1340
16961724000,r,1440
16961725000,r,1440
16961725000,r,1440
16963437000,s,1340
16963991000,s,1340
16964211000,s,1340
16964484000,s,1340
16964692000,s,1340
16964888000,s,1340
16965158000,s,1340
16965494000,s,1340
16965772000,s,1340
16966038000,s,1340
16966227000,s,1340
16966411000,s,1340
16966682000,s,1340
16966956000,s,1340
16967143000,s,1340
16967327000,s,1340
16967572000,s,1340
16967843000,s,1340
16968084000,s,1340
16968342000,s,1340
16968597000,s,1340
16968859000,s,1340
16969101000,s,1340
16969421000,s,1340
16969677000,s,1340
16969954000,s,1340
16970193000,s,1340
16970433000,s,1340
16970699000,s,1340
16970973000,s,1340
16971234000,s,1340
16971477000,s,1340
16971730000,s,1340
16971997000,s,1340
16972252000,s,1340
16972500000,s,1340
16972743000,s,1340
16973163000,s,1340
16973606000,s,1340
16973876000,s,1340
16974093000,s,1340
16974291000,s,1340
16974497000,s,1340
16974686000,s,1340
16975069000,s,1340
16975094000,r,1440
16975094000,r,1440
16975286000,s,1340
16975510000,s,1340
16975942000,s,1340
16976104000,r,1440
16976151000,s,1340
16976349000,s,1340
16976540000,s,1340
16976721000,s,1340
16976922000,s,1340
16977129000,s,1340
16977406000,s,1340
16977672000,s,1340
16978031000,s,1340
16978323000,s,1340
16978578000,s,1340
16978841000,s,1340
16979091000,s,1340
16979389000,s,1340
16979645000,s,1340
16979901000,s,1340
16980170000,s,1340
16980434000,s,1340
16980699000,s,1340
16980946000,s,1340
16981200000,s,1340
16981390000,r,1440
16981565000,s,1340
16981832000,s,1340
16982084000,s,1340
16982342000,s,1340
16982611000,s,1340
16982848000,s,1340
16983077000,s,1340
16983315000,s,1340
16983549000,s,1340
16983820000,s,1340
16984082000,s,1340
16984343000,s,1340
16984596000,s,1340
16984867000,s,1340
16985149000,s,1340
16985385000,r,1440
16985533000,s,1340
16985386000,r,1440
16985826000,s,1340
16986083000,s,1340
16986350000,s,1340
16986599000,s,1340
16986924000,s,1340
16987326000,s,1340
16987752000,s,1340
16988071000,s,1340
16988351000,s,1340
16988602000,s,1340
16988852000,s,1340
16989116000,s,1340
16989500000,s,1340
16989792000,s,1340
16990067000,s,1340
16990320000,s,1340
16990547000,s,1340
16991475000,s,1340
16991845000,s,1340
16992144000,s,1340
16992418000,s,1340
16992699000,s,1340
16992966000,s,1340
16993251000,s,1340
16993638000,s,1340
16994369000,s,1340
16994667000,s,1340
16994935000,s,1340
16995603000,s,1340
16995902000,s,1340
16996171000,s,1340
16996457000,s,1340
16996729000,s,1340
16996993000,s,1340
16997250000,s,1340
16997617000,s,1340
16997883000,s,1340
16998125000,s,1340
16998349000,s,1340
16998595000,s,1340
16998823000,s,1340
16999058000,s,1340
16999286000,s,1340
16999511000,s,1340
16999772000,s,1340
17000004000,s,1340
17000227000,s,1340
17000448000,s,1340
17000690000,s,1340
17000918000,s,1340
17001153000,s,1340
17001509000,s,1340
17001788000,s,1340
17002035000,s,1340
17002281000,s,1340
17002548000,s,1340
17002832000,s,1340
17003083000,s,1340
17007722000,s,1340
17008008000,s,1340
17008792000,s,1340
17009145000,s,1340
17009549000,s,1340
17009810000,s,1340
17010055000,s,1340
17010309000,s,1340
17010547000,s,1340
17010785000,s,1340
17011080000,s,1340
17011356000,s,1340
17011599000,s,1340
17011827000,s,1340
17012059000,s,1340
17012321000,s,1340
17012570000,s,1340
17012800000,s,1340
17013040000,s,1340
17013396000,s,1340
17013681000,s,1340
17013742000,r,1440
17013940000,s,1340
17014177000,s,1340
17014453000,s,1340
17014727000,s,1340
17014975000,s,1340
17015262000,s,1340
17015529000,s,1340
17015778000,s,1340
17016023000,s,1340
17016276000,s,1340
17016539000,s,1340
17016785000,s,1340
17017019000,s,1340
17017250000,s,1340
17017637000,s,1340
17017923000,s,1340
17018197000,s,1340
17018433000,s,1340
17018705000,s,1340
17018955000,s,1340
17019210000,s,1340
17019439000,s,1340
17019667000,s,1340
17019925000,s,1340
17020165000,s,1340
17020402000,s,1340
17020637000,s,1340
17020928000,s,1340
17021179000,s,1340
17022027000,s,1340
17022320000,s,1340
17022576000,s,1340
17022841000,s,1340
17023144000,s,1340
17023422000,s,1340
17023690000,s,1340
17023954000,s,1340
17024210000,s,1340
17024777000,s,1340
17025234000,s,1340
17025607000,s,1340
17025862000,s,1340
17026131000,s,1340
17026388000,s,1340
17026631000,s,1340
17026889000,s,1340
17027168000,s,1340
17027425000,s,1340
17027671000,s,1340
17027924000,s,1340
17028186000,s,1340
17028467000,s,1340
17028729000,s,1340
17028994000,s,1340
17029242000,s,1340
17029679000,s,1340
17029939000,s,1340
17030192000,s,1340
17030460000,s,1340
17030715000,s,1340
17030961000,s,1340
17031206000,s,1340
17031488000,s,1340
17031755000,s,1340
17032014000,s,1340
17032283000,s,1340
17032557000,s,1340
17032800000,s,1340
17033062000,s,1340
17033404000,s,1340
17033699000,s,1340
17033949000,s,1340
17034225000,s,1340
17034452000,s,1340
17034699000,s,1340
17035320000,s,1340
17035598000,s,1340
17035880000,s,1340
17036140000,s,1340
17036394000,s,1340
17036658000,s,1340
17036939000,s,1340
17037224000,s,1340
17037377000,r,1440
17037560000,s,1340
17037843000,s,1340
17038124000,s,1340
17038404000,s,1340
17038662000,s,1340
17038931000,s,1340
17039177000,s,1340
17039529000,s,1340
17039720000,r,1440
17039784000,s,1340
17039720000,r,1440
17039721000,r,1440
17040062000,s,1340
17040326000,s,1340
17040617000,s,1340
17040895000,s,1340
17041193000,s,1340
17041551000,s,1340
17041836000,s,1340
17042119000,s,1340
17042398000,s,1340
17042664000,s,1340
17042925000,s,1340
17043209000,s,1340
17043503000,s,1340
17049541000,s,1340
17053788000,r,1440
17265387000,r,1440
22537819000,r,1440
22541387000,s,1340
22553408000,r,1440
22553408000,r,1440
22553806000,r,1440
22555378000,s,1340
22555719000,s,1340