0,s,156
39873000,s,156
40326000,s,156
59217000,r,156
2931699000,s,140
2977028000,s,140
2977466000,s,140
2977566000,s,140
2977589000,s,140
2990015000,s,1340
2990465000,s,1340
2992233000,s,172
2995855000,r,252
2995855000,r,188
2995855000,r,252
3000925000,s,124
3003978000,s,124
3004741000,r,1372
3004742000,r,1372
3014848000,r,124
3015013000,s,1340
3015399000,s,188
3015699000,s,124
3017493000,s,1340
3017638000,s,748
3017752000,s,316
3018473000,s,348
3028587000,r,124
3029149000,r,364
3029149000,r,124
3029699000,s,124
3030797000,s,188
3031615000,s,204
3032199000,r,124
3032959000,s,604
3041781000,r,204
3041781000,r,172
3042775000,s,124
3042917000,s,156
3051150000,r,252
3051150000,r,252
3053573000,r,124
3054580000,s,140
3067204000,r,1340
3067205000,r,1340
3067205000,r,1340
3067206000,r,1340
3067206000,r,1340
3067207000,r,1340
3067207000,r,1340
3067208000,r,1340
3067568000,r,1340
3067569000,r,1340
3069058000,s,124
3069315000,s,124
3069523000,s,124
3069904000,s,124
3071202000,s,124
3080835000,s,140
3083153000,r,684
3105372000,s,412
3105459000,s,348
3105502000,s,284
3106272000,s,364
3112236000,s,348
3113052000,s,140
3113690000,s,140
3114740000,s,140
3115114000,s,156
3115165000,s,156
3121613000,r,124
3121613000,r,236
3121613000,r,156
3121613000,r,236
3124938000,s,124
3125562000,r,124
3126636000,r,1340
3126636000,r,1340
3126636000,r,412
3127667000,s,124
3127702000,r,396
3128196000,r,1340
3128762000,s,124
3129021000,r,1340
3129022000,r,1340
3129022000,r,1340
3129022000,r,1340
3129022000,r,1340
3129022000,r,1340
3129022000,r,1340
3129022000,r,1340
3129115000,r,1340
3129820000,s,124
3130144000,s,124
3130318000,s,124
3130644000,s,124
3131119000,r,1340
3131119000,r,1340
3131120000,r,1340
3131120000,r,1340
3131120000,r,1340
3131120000,r,1340
3131120000,r,1340
3131641000,s,124
3132140000,s,124
3132164000,s,124
3132179000,s,124
3135102000,r,124
3135999000,s,124
3136408000,s,1340
3136455000,s,764
3140175000,r,1340
3140175000,r,1340
3140175000,r,1340
3140175000,r,1340
3140176000,r,1340
3140176000,r,1340
3140176000,r,1340
3140641000,r,1340
3140642000,r,1340
3140642000,r,1340
3140642000,r,1340
3140642000,r,1340
3140643000,r,1340
3140818000,r,1340
3140818000,r,1340
3140818000,r,1340
3140900000,s,124
3141193000,s,124
3141346000,s,124
3141478000,s,124
3141993000,s,124
3142423000,s,124
3142718000,s,124
3142910000,s,124
3143119000,r,1340
3143120000,r,1340
3143120000,r,1340
3143120000,r,1340
3143120000,r,1340
3143121000,r,1340
3143121000,r,1340
3143121000,r,1340
3143240000,r,1340
3143240000,r,1340
3143240000,r,1340
3143241000,r,1340
3143241000,r,1340
3143241000,r,1340
3143312000,r,1340
3143312000,r,1340
3143313000,r,1340
3143313000,r,1340
3143313000,r,1340
3143313000,r,1340
3144026000,s,124
3144158000,s,124
3144457000,s,124
3144624000,s,124
3144719000,s,124
3144912000,s,124
3145041000,r,1340
3145041000,r,1340
3145041000,r,1340
3145041000,r,1340
3145042000,r,1340
3145042000,r,1340
3145184000,s,124
3145296000,s,124
3145521000,s,124
3145743000,s,124
3145928000,s,124
3146111000,s,124
3146496000,s,124
3147104000,r,124
3147104000,r,124
3147689000,r,364
3148484000,s,124
3149632000,s,188
3151206000,s,668
3152935000,r,1340
3152935000,r,1340
3152935000,r,1340
3152935000,r,1340
3152936000,r,1340
3152936000,r,1340
3154159000,r,1340
3154159000,r,1340
3154159000,r,1340
3154159000,r,1340
3154159000,r,1340
3154160000,r,1340
3154160000,r,1340
3154160000,r,1340
3154201000,s,124
3154210000,r,1340
3154210000,r,1340
3154211000,r,1340
3154211000,r,1340
3154211000,r,1340
3154211000,r,1340
3154370000,s,124
3154718000,s,124
3154803000,s,124
3154834000,s,124
3154844000,s,124
3154854000,s,124
3154862000,s,124
3154870000,s,124
3154877000,s,124
3156211000,r,1340
3156211000,r,1340
3156211000,r,1340
3156211000,r,1340
3156211000,r,1340
3156211000,r,1340
3156211000,r,1340
3156212000,r,1340
3156341000,r,1340
3156341000,r,1340
3156341000,r,1340
3156342000,r,1340
3156342000,r,1340
3156342000,r,1340
3156342000,r,1340
3156342000,r,1340
3156382000,r,1340
3156383000,r,1340
3156383000,r,1340
3156383000,r,1340
3156383000,r,1340
3156383000,r,1340
3156383000,r,1340
3156383000,r,1340
3156648000,s,124
3156706000,s,124
3156720000,s,124
3156744000,s,124
3156774000,s,124
3156819000,s,124
3156968000,s,124
3157124000,r,1340
3157124000,r,1340
3157124000,r,1340
3157124000,r,1340
3157125000,r,1340
3157125000,r,1340
3157125000,r,1340
3157125000,r,1340
3157205000,r,1340
3157331000,s,124
3157509000,s,124
3157666000,s,124
3157801000,s,124
3157934000,s,124
3158094000,s,124
3158246000,s,124
3158344000,s,124
3158469000,s,124
3158810000,r,1340
3158810000,r,1340
3158811000,r,1340
3158811000,r,1340
3158811000,r,1340
3158811000,r,1340
3158811000,r,1340
3158811000,r,1340
3158903000,r,1340
3158903000,r,1340
3158903000,r,1340
3158903000,r,1340
3158903000,r,1340
3158903000,r,1340
3158904000,r,1340
3159277000,s,124
3159775000,s,124
3159981000,s,124
3160298000,s,124
3160474000,r,1340
3160474000,r,1340
3160474000,r,1340
3160474000,r,1340
3160474000,r,1340
3160474000,r,1340
3160475000,r,1340
3160475000,r,1340
3160566000,r,1340
3160566000,r,1340
3160566000,r,1340
3160566000,r,1340
3160566000,r,1340
3160567000,r,1340
3160567000,r,1340
3160567000,r,1340
3160848000,s,124
3161068000,s,124
3161114000,s,124
3161361000,s,124
3161664000,s,124
3162065000,s,124
3162225000,s,124
3162422000,s,124
3162812000,s,124
3162898000,s,124
3163134000,s,124
3163840000,s,124
3169905000,r,124
3169906000,r,124
3169906000,r,1340
3169906000,r,1340
3169906000,r,1340
3169906000,r,1340
3169906000,r,1340
3169906000,r,1340
3170055000,r,1340
3170056000,r,1340
3170056000,r,1340
3170056000,r,1340
3170056000,r,1340
3170056000,r,1340
3170056000,r,1340
3170056000,r,1340
3170094000,r,1340
3170094000,r,1340
3170094000,r,1340
3170094000,r,1340
3170095000,r,1340
3170095000,r,1340
3170095000,r,1340
3170095000,r,1340
3170130000,r,1340
3170130000,r,1340
3170130000,r,1340
3170130000,r,1340
3170130000,r,1340
3170130000,r,1340
3170130000,r,1340
3170131000,r,1340
3170166000,r,1340
3170166000,r,1340
3170166000,r,204
3170167000,r,1340
3170167000,r,1340
3170167000,r,1340
3170167000,r,1340
3170167000,r,1340
3170198000,r,1340
3170673000,s,124
3170848000,s,124
3170877000,s,124
3170887000,s,124
3170896000,s,124
3170905000,s,124
3170913000,s,124
3170923000,s,124
3171135000,s,124
3171159000,r,1340
3171159000,r,1340
3171159000,r,1340
3171160000,r,1340
3171160000,r,1340
3171160000,r,1340
3171160000,r,1340
3171160000,r,1340
3171287000,r,1340
3171287000,r,1340
3171288000,r,1340
3171288000,r,1340
3171288000,r,1340
3171288000,r,1340
3171288000,r,1340
3171289000,r,1340
3171365000,r,1340
3171365000,r,1340
3171365000,r,1340
3171365000,r,1340
3171365000,r,1340
3171497000,s,124
3171530000,s,124
3171545000,s,124
3171715000,s,124
3171920000,s,124
3172149000,s,124
3172274000,s,124
3172756000,s,124
3172872000,s,124
3173766000,r,1340
3173766000,r,1340
3173766000,r,1340
3173766000,r,1340
3173767000,r,1340
3173767000,r,1340
3173767000,r,1340
3173767000,r,1340
3173887000,r,1340
3173887000,r,1340
3173887000,r,1340
3173888000,r,1340
3173888000,r,1340
3173888000,r,1340
3173888000,r,1340
3173888000,r,1340
3173957000,r,1340
3173957000,r,1340
3173958000,r,1340
3173958000,r,1340
3173958000,r,1340
3173958000,r,1340
3173958000,r,1340
3173959000,r,1340
3174023000,r,1340
3174023000,r,1340
3174024000,r,1340
3174024000,r,1340
3174024000,r,1340
3174024000,r,1340
3174024000,r,1340
3174025000,r,1340
3174079000,r,1340
3174080000,r,1340
3174080000,r,1340
3174080000,r,1340
3174080000,r,1340
3174080000,r,1340
3174081000,r,1340
3174146000,r,1340
3174146000,r,1340
3174146000,r,1340
3174147000,r,1340
3174147000,r,1340
3174147000,r,1340
3174489000,s,124
3174585000,s,124
3174681000,s,124
3174772000,s,124
3174836000,s,124
3174903000,s,124
3174991000,s,124
3175098000,s,124
3175195000,s,124
3175284000,s,124
3175374000,s,124
3175463000,s,124
3175545000,s,124
3175637000,s,124
3175720000,s,124
3175800000,r,1340
3175818000,s,124
3175800000,r,1340
3175800000,r,1340
3175801000,r,1340
3175801000,r,1340
3175801000,r,1340
3175801000,r,1340
3175801000,r,1340
3175924000,s,124
3175924000,r,1340
3175925000,r,1340
3175925000,r,1340
3175925000,r,1340
3175925000,r,1340
3175925000,r,1340
3175926000,r,1340
3175926000,r,1340
3175984000,r,1340
3175984000,r,1340
3175985000,r,1340
3176000000,s,124
3176138000,s,124
3176233000,s,124
3176329000,s,124
3176421000,s,124
3176513000,s,124
3176603000,s,124
3176683000,s,124
3176761000,s,124
3176851000,s,124
3177023000,s,124
3177107000,s,124
3177186000,s,124
3177269000,s,124
3177346000,s,124
3177424000,s,124
3177506000,s,124
3177582000,s,124
3177645000,s,124
3177703000,s,124
3177786000,s,124
3177846000,s,124
3177926000,s,124
3177985000,s,124
3178040000,s,124
3178109000,s,124
3179666000,r,1340
3179666000,r,1340
3179666000,r,1340
3179666000,r,1180
3179666000,r,1340
3179666000,r,1340
3179666000,r,1340
3179667000,r,1340
3179790000,r,1340
3179790000,r,1340
3179790000,r,1340
3179790000,r,1340
3180379000,s,124
3180432000,s,124
3180447000,s,124
3180456000,s,124
3180466000,s,124
3180474000,s,124
3192456000,r,1340
3192456000,r,1340
3192456000,r,1340
3192456000,r,1340
3192456000,r,1340
3192457000,r,1340
3192457000,r,1340
3192457000,r,1340
3192683000,r,1340
3192684000,r,1340
3192684000,r,428
3193721000,s,124
3193954000,s,124
3194057000,s,124
3194243000,s,124
3194834000,s,124
3194925000,s,124
3200641000,s,220
3200714000,s,220
3200731000,s,236
3200745000,s,220
3200752000,s,220
3201006000,s,220
3215303000,r,124
3222935000,r,364
3223179000,s,1340
3223348000,s,204
3224121000,r,1340
3224121000,r,1340
3224121000,r,1340
3224793000,s,124
3224990000,s,124
3225446000,r,1340
3225446000,r,1340
3225446000,r,1340
3225446000,r,1340
3225446000,r,1340
3225447000,r,1340
3225447000,r,1340
3225447000,r,1340
3225537000,r,1340
3225537000,r,1340
3225537000,r,508
3225537000,r,1340
3225537000,r,1340
3225537000,r,1340
3225538000,r,1340
3225538000,r,1340
3225591000,r,1340
3225591000,r,1340
3225591000,r,1340
3225591000,r,1340
3225591000,r,1340
3225592000,r,1340
3225592000,r,1340
3225592000,r,1340
3225639000,r,668
3225639000,r,364
3225639000,r,1340
3225983000,s,124
3226042000,s,124
3226066000,s,124
3226085000,s,124
3226098000,s,124
3226360000,s,124
3226655000,s,124
3226753000,s,124
3226902000,s,124
3227180000,s,124
3227641000,s,124
3227756000,s,124
3228133000,s,124
3230249000,r,1340
3230249000,r,1340
3230249000,r,1340
3230249000,r,1340
3230250000,r,1340
3230250000,r,1340
3230250000,r,1340
3230250000,r,1340
3230369000,r,1340
3230370000,r,1340
3230370000,r,1340
3230370000,r,1340
3230370000,r,1340
3230370000,r,1340
3230370000,r,1340
3230371000,r,1340
3230418000,r,1340
3230418000,r,1340
3230418000,r,1340
3230418000,r,1340
3230418000,r,1340
3230418000,r,1340
3230419000,r,1340
3230419000,r,1340
3230455000,r,1340
3230455000,r,892
3230456000,r,1340
3230456000,r,1340
3230456000,r,1340
3230456000,r,1340
3230456000,r,1340
3230456000,r,1340
3230490000,r,1340
3230490000,r,1340
3230490000,r,1340
3230490000,r,1340
3230490000,r,1340
3230490000,r,1340
3230490000,r,1340
3230491000,r,1340
3230522000,r,1340
3230523000,r,1340
3230523000,r,1340
3230523000,r,1340
3230523000,r,1340
3230802000,s,156
3230847000,s,156
3230900000,s,124
3231254000,s,124
3231472000,s,124
3231665000,r,1340
3231665000,r,1340
3231665000,r,1340
3231666000,r,1340
3231666000,r,1340
3231666000,r,1340
3231666000,r,1340
3231666000,r,1116
3231772000,r,1340
3231773000,r,1340
3231773000,r,1340
3231773000,r,1340
3231911000,s,124
3231961000,s,124
3232106000,s,124
3232116000,r,1340
3232117000,r,1340
3232117000,r,1340
3232199000,s,124
3232345000,s,124
3232573000,s,124
3232781000,s,124
3233044000,s,124
3233153000,s,124
3233279000,s,124
3233530000,s,124
3233641000,s,124
3233680000,s,124
3234102000,s,124
3234204000,s,124
3234287000,s,124
3234436000,s,124
3234619000,s,124
3234656000,s,124
3234779000,r,1340
3234779000,r,1340
3234779000,r,1340
3234780000,r,1340
3234780000,r,1340
3234780000,r,1340
3234780000,r,1340
3234780000,r,1340
3234907000,r,1340
3234907000,r,1340
3234907000,r,1340
3234907000,r,1340
3234907000,r,1340
3234907000,r,1340
3234908000,r,1340
3234908000,r,1340
3234956000,r,1340
3234957000,r,1340
3234957000,r,1340
3234957000,r,892
3234957000,r,1340
3234957000,r,1340
3234957000,r,1340
3234957000,r,1340
3235028000,r,1340
3235028000,r,1340
3235028000,r,1340
3235028000,r,1340
3235028000,r,1340
3235028000,r,1340
3235029000,r,1340
3235029000,r,1340
3235125000,r,1340
3235125000,r,1340
3235126000,r,1340
3235126000,r,1340
3235126000,r,1340
3235126000,r,1340
3235126000,r,1340
3235126000,r,1340
3235169000,r,1340
3235169000,r,1340
3235219000,r,1340
3235219000,r,1340
3235219000,r,1340
3235220000,r,1340
3235220000,r,1244
3235220000,r,1340
3235418000,r,1340
3235418000,r,1340
3235418000,r,1340
3235418000,r,1340
3235419000,r,1340
3235448000,s,124
3235419000,r,1340
3235559000,s,124
3235652000,s,124
3235737000,s,124
3235781000,r,1340
3235781000,r,1340
3235782000,r,1340
3235782000,r,1340
3235782000,r,1340
3235782000,r,1340
3235877000,s,124
3235887000,r,1340
3235887000,r,1340
3235887000,r,1340
3235970000,s,124
3236210000,s,124
3236304000,s,124
3236388000,s,124
3236472000,s,124
3236642000,s,124
3236691000,s,124
3236715000,s,124
3237155000,s,124
3237318000,s,124
3237468000,s,124
3237530000,r,1340
3237530000,r,1340
3237530000,r,1340
3237530000,r,1340
3237530000,r,1340
3237530000,r,1340
3237726000,s,124
3237773000,s,124
3238452000,s,124
3238487000,s,124
3238728000,s,124
3239095000,s,124
3239285000,s,124
3239303000,s,124
3239316000,s,124
3239335000,r,1340
3239335000,r,1340
3239335000,r,1340
3239335000,r,1340
3239335000,r,892
3239335000,r,1340
3239335000,r,1340
3239336000,r,1340
3239420000,r,1340
3239529000,s,124
3239668000,s,124
3239942000,s,124
3240262000,s,124
3240404000,s,124
3240674000,s,124
3240910000,s,124
3241208000,s,124
3241327000,s,124
3241423000,r,1340
3241423000,r,1340
3241423000,r,1340
3241424000,r,1340
3241424000,r,1340
3241424000,r,1340
3241424000,r,1340
3241424000,r,220
3241514000,r,364
3241514000,r,1340
3241515000,r,1340
3241515000,r,1340
3241515000,r,1340
3241515000,r,1340
3241515000,r,1340
3241515000,r,1340
3241546000,r,1340
3241546000,r,1340
3241546000,r,1340
3241547000,r,1340
3241661000,s,124
3241766000,s,124
3241974000,s,124
3242115000,s,124
3243009000,r,1340
3243009000,r,1340
3243010000,r,124
3243010000,r,1340
3243010000,r,1340
3243010000,r,1340
3243010000,r,1340
3243010000,r,1340
3243114000,r,1340
3243114000,r,1340
3243114000,r,1340
3243114000,r,1340
3243114000,r,1340
3243115000,r,1340
3243115000,r,1340
3243457000,r,1340
3243457000,r,1340
3243457000,r,1340
3243457000,r,1340
3243457000,r,1340
3243458000,r,1340
3243590000,s,124
3243684000,s,124
3243886000,s,124
3243888000,r,1340
3243888000,r,1340
3243888000,r,124
3244197000,s,124
3244223000,s,124
3244754000,s,124
3244859000,s,124
3245373000,s,124
3245415000,s,124
3245454000,r,1340
3245454000,r,1340
3245454000,r,1340
3245454000,r,1340
3245454000,r,1340
3245454000,r,1340
3245454000,r,1340
3247115000,r,1340
3247115000,r,1340
3247115000,r,1340
3247116000,r,1340
3247116000,r,1340
3247116000,r,1340
3247116000,r,1340
3247116000,r,1340
3247216000,r,1340
3247216000,r,1340
3247216000,r,1340
3247217000,r,1340
3247217000,r,1340
3247217000,r,1340
3247217000,r,1340
3247217000,r,1340
3247252000,r,1340
3247252000,r,1340
3247252000,r,1340
3247252000,r,1340
3247252000,r,1340
3247772000,r,1340
3247772000,r,1340
3247772000,r,1340
3247773000,r,1340
3247773000,r,1340
3247773000,r,1340
3247773000,r,1340
3247773000,r,1340
3247840000,r,1340
3248261000,r,1340
3248261000,r,1340
3248261000,r,1340
3248261000,r,1340
3248261000,r,1340
3248261000,r,1340
3248261000,r,1340
3248262000,r,1340
3248313000,r,1340
3248527000,s,124
3248620000,s,124
3249082000,s,124
3250364000,r,1340
3250364000,r,1340
3250365000,r,1340
3250365000,r,1340
3250365000,r,1340
3250365000,r,1340
3250365000,r,1340
3250365000,r,1340
3250469000,r,1340
3250469000,r,1340
3250469000,r,1340
3250469000,r,1340
3250469000,r,1340
3250469000,r,1340
3250469000,r,1340
3250470000,r,1340
3250516000,r,1340
3250516000,r,1340
3250516000,r,1340
3250516000,r,1340
3250516000,r,1340
3250516000,r,1340
3250517000,r,1340
3251158000,s,124
3251189000,s,124
3251564000,r,1340
3251564000,r,1340
3251564000,r,1340
3251564000,r,1340
3251564000,r,1340
3251564000,r,1340
3251564000,r,1340
3251564000,r,1340
3251651000,r,1340
3251651000,r,1340
3251651000,r,1340
3251651000,r,1340
3251797000,s,124
3251911000,s,124
3252004000,s,124
3252158000,s,124
3252194000,s,124
3252213000,s,124
3252304000,s,124
3253336000,r,1340
3253336000,r,1340
3253336000,r,1340
3253336000,r,1340
3253336000,r,1340
3253336000,r,1340
3253336000,r,1340
3253337000,r,1340
3253446000,r,1340
3253446000,r,1340
3253446000,r,1340
3253446000,r,1340
3253446000,r,1340
3253446000,r,1340
3253447000,r,1340
3253447000,r,1340
3253494000,r,1340
3253494000,r,1340
3253494000,r,1340
3253757000,r,1340
3253757000,r,1340
3253757000,r,1340
3253757000,r,1340
3253758000,r,1340
3253758000,r,1340
3253758000,r,1340
3253758000,r,1340
3253820000,r,1340
3254026000,r,1340
3254026000,r,1340
3254026000,r,1340
3254413000,s,124
3254848000,r,1340
3254848000,r,1340
3254848000,r,1340
3254848000,r,1340
3254848000,r,1340
3254848000,r,1340
3255466000,s,124
3255584000,s,124
3255640000,s,124
3256631000,r,1340
3256631000,r,1340
3256631000,r,1340
3256631000,r,1340
3256631000,r,1340
3256632000,r,1340
3256632000,r,1340
3256632000,r,1340
3256702000,r,1340
3256702000,r,1340
3256702000,r,1340
3256702000,r,1340
3256736000,r,1340
3256736000,r,1340
3256736000,r,1340
3257238000,s,124
3257428000,s,124
3257467000,s,124
3257486000,s,124
3257495000,s,124
3258270000,r,1340
3258270000,r,1340
3258270000,r,1340
3258270000,r,1340
3258270000,r,1340
3258270000,r,1340
3258270000,r,1340
3258271000,r,1340
3258356000,r,1340
3258356000,r,1340
3258356000,r,1340
3258957000,s,124
3259087000,r,1340
3259087000,r,1340
3259088000,r,1340
3259088000,r,1340
3259088000,r,1340
3259088000,r,1340
3259088000,r,1340
3259088000,r,1340
3259162000,r,1340
3259162000,r,1340
3259162000,r,1340
3259162000,r,1340
3259162000,r,1340
3259162000,r,1340
3259162000,r,1340
3259249000,s,124
3259272000,s,124
3259419000,s,124
3259562000,s,124
3259761000,s,124
3259953000,r,1340
3259953000,r,1340
3259953000,r,1340
3259953000,r,1340
3259953000,r,1340
3259954000,r,1340
3259954000,r,1340
3259954000,r,1340
3260002000,r,1340
3260204000,s,124
3260313000,s,124
3260644000,s,124
3260677000,s,124
3260914000,s,124
3261097000,s,124
3261587000,s,124
3262681000,s,124
3262715000,s,124
3262860000,r,1340
3262860000,r,1340
3262860000,r,1340
3262860000,r,1340
3262861000,r,1340
3263335000,s,124
3263735000,s,124
3263773000,r,1340
3263773000,r,1340
3264151000,r,1340
3264151000,r,1340
3264151000,r,1340
3264151000,r,1340
3264151000,r,1340
3264152000,r,1340
3264152000,r,1340
3264152000,r,1340
3264194000,r,1340
3264208000,s,124
3264428000,r,1340
3264428000,r,1340
3264428000,r,1340
3264542000,s,124
3264588000,s,124
3265160000,s,124
3265258000,s,124
3287124000,r,1340
3287124000,r,1340
3287124000,r,1340
3287124000,r,1340
3287124000,r,1340
3287124000,r,1340
3287124000,r,1340
3287125000,r,1340
3287353000,r,1340
3287353000,r,1340
3287353000,r,1340
3287353000,r,1340
3287353000,r,1340
3287353000,r,1340
3287353000,r,1340
3287353000,r,1340
3287394000,r,1340
3287394000,r,1340
3287394000,r,1340
3287394000,r,1340
3287394000,r,1340
3287394000,r,1340
3287394000,r,1340
3287394000,r,1340
3287433000,r,1340
3287433000,r,1340
3287433000,r,1340
3287433000,r,1340
3287433000,r,1340
3287434000,r,1340
3287434000,r,1340
3287434000,r,1340
3287470000,r,1340
3287470000,r,1340
3287470000,r,1340
3287470000,r,1340
3287470000,r,1340
3287471000,r,1340
3287471000,r,1340
3287471000,r,1340
3287504000,r,1340
3287504000,r,1340
3287504000,r,1340
3287504000,r,1340
3287504000,r,1340
3287504000,r,1340
3287505000,r,1340
3287505000,r,1340
3287538000,r,1340
3287538000,r,1340
3287539000,r,1340
3287539000,r,1340
3287539000,r,1340
3287539000,r,1340
3287539000,r,1340
3287539000,r,1340
3287575000,r,1340
3287575000,r,1340
3287575000,r,1340
3287575000,r,1340
3287575000,r,1340
3287575000,r,1340
3287575000,r,1340
3287575000,r,1340
3287684000,r,1340
3287684000,r,1340
3287684000,r,1340
3287684000,r,1340
3287684000,r,1340
3287684000,r,1340
3287684000,r,1340
3287684000,r,1340
3287730000,r,1340
3287730000,r,1340
3287730000,r,1340
3287730000,r,1340
3287730000,r,1340
3287730000,r,1340
3287730000,r,1340
3287730000,r,1340
3287765000,r,1340
3287766000,r,1340
3287766000,r,1340
3287766000,r,1340
3287766000,r,1340
3287766000,r,1340
3287766000,r,1340
3287766000,r,1340
3287802000,r,1340
3287802000,r,1340
3287802000,r,1340
3287802000,r,1340
3287802000,r,1340
3287803000,r,1340
3287803000,r,1340
3287803000,r,1340
3287839000,r,1340
3287839000,r,1340
3287840000,r,1340
3287840000,r,1340
3287840000,r,1340
3287840000,r,1340
3287840000,r,1340
3287840000,r,1340
3287876000,r,1340
3287876000,r,1340
3287876000,r,1340
3287876000,r,1340
3287876000,r,1340
3287876000,r,1340
3287876000,r,1340
3287876000,r,1340
3287968000,r,1340
3287968000,r,1340
3287968000,r,1340
3287969000,r,1340
3287969000,r,1340
3287969000,r,1340
3287969000,r,1340
3287969000,r,1340
3288025000,r,1340
3288025000,r,1340
3288025000,r,1340
3288025000,r,1340
3288025000,r,1340
3288025000,r,1340
3288025000,r,1340
3288025000,r,1340
3288099000,r,1340
3288099000,r,1340
3288099000,r,1340
3288099000,r,1340
3288099000,r,1340
3288100000,r,1340
3288100000,r,1340
3288100000,r,1340
3288130000,s,124
3288142000,r,1340
3288142000,r,1340
3288142000,r,1340
3288142000,r,1340
3288142000,r,1340
3288142000,r,1340
3288143000,r,1340
3288143000,r,1340
3288180000,r,1340
3288180000,r,1340
3288180000,r,1340
3288180000,r,1340
3288180000,r,1340
3288180000,r,1340
3288180000,r,1340
3288180000,r,1340
3288215000,r,1340
3288216000,r,1340
3288216000,r,1340
3288216000,r,1340
3288216000,r,1340
3288216000,r,1340
3288216000,r,1340
3288216000,r,1340
3288252000,r,1340
3288252000,r,1340
3288252000,r,1340
3288252000,r,1340
3288263000,s,124
3288252000,r,1340
3288252000,r,1340
3288252000,r,1340
3288252000,r,1340
3288289000,r,1340
3288289000,r,1340
3288289000,r,1340
3288289000,r,1340
3288289000,r,1340
3288289000,r,1340
3288289000,r,1340
3288289000,r,1340
3288321000,r,1340
3288321000,r,1340
3288321000,r,1340
3288330000,s,124
3288321000,r,1340
3288322000,r,1340
3288322000,r,1340
3288322000,r,1340
3288322000,r,1340
3288359000,r,1340
3288359000,r,1340
3288359000,r,1340
3288359000,r,1340
3288359000,r,1340
3288359000,r,1340
3288359000,r,1340
3288359000,r,1340
3288421000,r,1340
3288421000,r,1340
3288421000,r,1340
3288421000,r,1340
3288421000,r,1340
3288421000,r,1340
3288421000,r,1340
3288421000,r,1340
3288457000,r,1340
3288457000,r,1340
3288457000,r,1340
3288457000,r,1340
3288457000,r,1340
3288457000,r,1340
3288457000,r,1340
3288457000,r,1340
3288587000,s,124
3288710000,s,124
3288818000,s,124
3289054000,s,124
3289301000,s,124
3289624000,s,124
3290072000,s,124
3290323000,s,124
3290873000,s,124
3290980000,s,124
3291281000,s,124
3291370000,s,124
3291530000,s,124
3291574000,s,124
3291586000,s,124
3291933000,s,124
3292558000,s,124
3292686000,s,124
3293263000,s,124
3293283000,s,124
3293377000,s,124
3293410000,s,124
3293422000,s,124
3293537000,s,124
3293622000,s,124
3293798000,s,124
3293966000,s,124
3293986000,s,124
3296341000,s,124
3299103000,r,380
3299366000,r,1340
3299366000,r,1340
3299366000,r,1340
3299847000,s,124
3300952000,r,1340
3300952000,r,1340
3300953000,r,1340
3300953000,r,1340
3300953000,r,1340
3300953000,r,1340
3300953000,r,1340
3300953000,r,1340
3301050000,r,1340
3301050000,r,1340
3301050000,r,1340
3301051000,r,1340
3301051000,r,1340
3301051000,r,1340
3301051000,r,1340
3301051000,r,1340
3301090000,r,1340
3301090000,r,1340
3301090000,r,1340
3301090000,r,1340
3301892000,s,124
3302056000,s,124
3303098000,r,1340
3303098000,r,1340
3303098000,r,1340
3303098000,r,1340
3303098000,r,1340
3303099000,r,1340
3303099000,r,1340
3303099000,r,1340
3303193000,r,1340
3303193000,r,1340
3303193000,r,1340
3303194000,r,1340
3303194000,r,1340
3303194000,r,1340
3303194000,r,1340
3303194000,r,1340
3303236000,r,1340
3303237000,r,1340
3303237000,r,1340
3303237000,r,1340
3303237000,r,1340
3303237000,r,1340
3303237000,r,1340
3303237000,r,1340
3303274000,r,1340
3303274000,r,1340
3303275000,r,1340
3303275000,r,1340
3303275000,r,1340
3303275000,r,1340
3303801000,s,124
3304130000,r,1340
3304131000,r,1340
3304131000,r,1340
3304131000,r,1340
3304131000,r,1340
3304131000,r,1340
3304131000,r,1340
3304131000,r,1340
3304221000,r,1340
3304221000,r,1340
3304222000,r,1340
3304222000,r,1340
3304222000,r,1340
3304222000,r,1340
3304222000,r,1340
3304222000,r,1340
3304266000,r,1340
3304266000,r,1340
3304266000,r,1340
3304266000,r,1340
3304266000,r,1340
3304266000,r,1340
3304267000,r,1340
3304267000,r,1340
3304416000,s,124
3304489000,s,124
3304534000,s,124
3304545000,r,1340
3304545000,r,1340
3304546000,r,1340
3307614000,r,1340
3307614000,r,1340
3307614000,r,1340
3307614000,r,1340
3307614000,r,1340
3307614000,r,1340
3307615000,r,1340
3307615000,r,1340
3307737000,r,1340
3307737000,r,1340
3307737000,r,1340
3307737000,r,1340
3307737000,r,1340
3307738000,r,1340
3307738000,r,1340
3307738000,r,1340
3307778000,r,1340
3307778000,r,1340
3307778000,r,1340
3307778000,r,1340
3307778000,r,1340
3307778000,r,1340
3307778000,r,1340
3307778000,r,1340
3307813000,r,1340
3307813000,r,1340
3307813000,r,1340
3307813000,r,1340
3307813000,r,1340
3307813000,r,1340
3307813000,r,1340
3307813000,r,1340
3307845000,r,1340
3307845000,r,1340
3307845000,r,1340
3307845000,r,1340
3307977000,r,1340
3307977000,r,1340
3307978000,r,1340
3307978000,r,1340
3307978000,r,1340
3307978000,r,1340
3308273000,r,1340
3308274000,r,1340
3308274000,r,1340
3309335000,r,1340
3309335000,r,1340
3309335000,r,1340
3309335000,r,1340
3309335000,r,1340
3309335000,r,1340
3309335000,r,1340
3309335000,r,1340
3309434000,r,1340
3309435000,r,1340
3309435000,r,1340
3309435000,r,1340
3309833000,r,1340
3309833000,r,1340
3309833000,r,1340
3309833000,r,1340
3309833000,r,1340
3309833000,r,1340
3309833000,r,1340
3309834000,r,1340
3309905000,r,1340
3310423000,r,1340
3310423000,r,1340
3310423000,r,1340
3310423000,r,1340
3310423000,r,1340
3310423000,r,1340
3310423000,r,1340
3310423000,r,1340
3310512000,r,1340
3310512000,r,1340
3310512000,r,1340
3310512000,r,1340
3310512000,r,1340
3310512000,r,1340
3310512000,r,1340
3311106000,r,1340
3311106000,r,1340
3311106000,r,1340
3313117000,r,1340
3313117000,r,1340
3313117000,r,1340
3313117000,r,1340
3313117000,r,1340
3313117000,r,1340
3313117000,r,1340
3313118000,r,1340
3313208000,r,1340
3313208000,r,1340
3313208000,r,1340
3313208000,r,1340
3313208000,r,1340
3313208000,r,1340
3313208000,r,1340
3313208000,r,1340
3313239000,r,1340
3313239000,r,1340
3313239000,r,1340
3313239000,r,1340
3313239000,r,1340
3313239000,r,1340
3313239000,r,1340
3313240000,r,1340
3313269000,r,1340
3313269000,r,1340
3313269000,r,1340
3313270000,r,1340
3313270000,r,1340
3313270000,r,1340
3313495000,r,1340
3313495000,r,1340
3313495000,r,1340
3313495000,r,1340
3313495000,r,1340
3313495000,r,1340
3314058000,r,1340
3314058000,r,1340
3314058000,r,1340
3314153000,r,1340
3314154000,r,1340
3314154000,r,1340
3314154000,r,1340
3314154000,r,1340
3314154000,r,1340
3314443000,r,1340
3314443000,r,1340
3314444000,r,1340
3314557000,r,1340
3314557000,r,1340
3314557000,r,1340
3314697000,s,124
3314744000,s,124
3314763000,s,124
3314773000,s,124
3314781000,s,124
3314789000,s,124
3314797000,s,124
3314806000,s,124
3314813000,s,124
3314821000,s,124
3314828000,s,124
3314836000,s,124
3314843000,s,124
3314851000,s,124
3314858000,s,124
3314985000,s,124
3315097000,s,124
3316980000,r,1340
3316980000,r,1340
3316980000,r,1340
3316980000,r,1340
3316980000,r,1340
3316980000,r,1340
3316980000,r,1340
3316980000,r,1340
3317071000,r,1340
3317072000,r,1340
3317072000,r,1340
3317072000,r,1340
3317072000,r,1340
3317072000,r,1340
3317072000,r,1340
3317072000,r,1340
3317473000,s,124
3317581000,s,124
3317693000,s,124
3317803000,s,124
3317853000,r,1340
3317853000,r,1340
3317853000,r,1340
3317853000,r,1340
3317853000,r,1340
3317853000,r,1340
3317853000,r,1340
3317854000,r,1340
3318033000,s,124
3318115000,s,124
3318213000,s,124
3318370000,s,124
3318535000,s,124
3318636000,s,124
3318698000,s,124
3318900000,s,124
3327692000,r,1340
3327692000,r,1340
3327692000,r,1340
3327692000,r,1340
3327692000,r,1340
3327693000,r,1340
3327693000,r,1340
3327693000,r,1340
3327844000,r,1340
3327844000,r,1340
3327844000,r,1340
3327844000,r,1340
3327845000,r,1340
3327845000,r,1340
3327845000,r,1340
3327845000,r,1340
3327877000,r,1340
3327877000,r,1340
3327877000,r,1340
3327877000,r,1340
3327877000,r,1340
3327899000,r,1340
3327899000,r,1340
3327899000,r,1340
3328439000,r,1340
3328446000,s,124
3328439000,r,1340
3328439000,r,1340
3328439000,r,1340
3328439000,r,1340
3328440000,r,1340
3328440000,r,1340
3328440000,r,1340
3328520000,r,1340
3328520000,r,1340
3328520000,r,1340
3328520000,r,1340
3328540000,r,1340
3328540000,r,1340
3328547000,s,124
3328540000,r,1340
3328642000,s,124
3328702000,s,124
3328916000,s,124
3329324000,r,1340
3329325000,r,1340
3329325000,r,1340
3329325000,r,1340
3329325000,r,1340
3329325000,r,1340
3329325000,r,1340
3329325000,r,1340
3329395000,r,1340
3329409000,s,124
3329511000,s,124
3329580000,s,124
3329756000,s,124
3329816000,s,124
3329872000,s,124
3329936000,s,124
3330118000,s,124
3330203000,r,1340
3330203000,r,1340
3330203000,r,1340
3330306000,s,124
3330362000,s,124
3330787000,s,124
3330927000,s,124
3331530000,r,1340
3331530000,r,1340
3331530000,r,1340
3331530000,r,1340
3331531000,r,1340
3331531000,r,1340
3331531000,r,1340
3331531000,r,1340
3331622000,r,1340
3331622000,r,1340
3331622000,r,1340
3331622000,r,1340
3331622000,r,1340
3331623000,r,1340
3331623000,r,1340
3331623000,r,1340
3331994000,r,1340
3331994000,r,1340
3331994000,r,1340
3331994000,r,1340
3331994000,r,1340
3331994000,r,1340
3332569000,r,1340
3332569000,r,1340
3332569000,r,1340
3332569000,r,1340
3332569000,r,1340
3332569000,r,1340
3332569000,r,1340
3332569000,r,1340
3332616000,r,1340
3332686000,r,1340
3332686000,r,1340
3332686000,r,1340
3332686000,r,1340
3332686000,r,1340
3332686000,r,1340
3333013000,r,1340
3333013000,r,1340
3333014000,r,1340
3333470000,s,124
3333602000,s,124
3333718000,s,124
3333798000,s,124
3333877000,s,124
3334009000,s,124
3334082000,s,124
3334175000,s,124
3334262000,s,124
3334347000,s,124
3334708000,r,1340
3334708000,r,1340
3334708000,r,1340
3334708000,r,1340
3334708000,r,1340
3334709000,r,1340
3334709000,r,1340
3334709000,r,1340
3334806000,r,1340
3334806000,r,1340
3334806000,r,1340
3334806000,r,1340
3334807000,r,1340
3334807000,r,1340
3334807000,r,1340
3334807000,r,1340
3334840000,r,1340
3334840000,r,1340
3334841000,r,1340
3334841000,r,1340
3334841000,r,1340
3334841000,r,1340
3334841000,r,1340
3334841000,r,1340
3335172000,s,124
3335279000,s,124
3335377000,s,124
3335458000,s,124
3335553000,s,124
3335589000,r,1340
3335589000,r,1340
3335589000,r,1340
3336502000,s,124
3336886000,r,1340
3336886000,r,1340
3336886000,r,1340
3336886000,r,1340
3336886000,r,1340
3336886000,r,1340
3336886000,r,1340
3336887000,r,1340
3336990000,r,1340
3336991000,r,1340
3336991000,r,1340
3336991000,r,1340
3336991000,r,1340
3336991000,r,1340
3336991000,r,1340
3336991000,r,1340
3337030000,r,1340
3337030000,r,1340
3337030000,r,1340
3337030000,r,1340
3337030000,r,1340
3337031000,r,1340
3337031000,r,1340
3337031000,r,1340
3337068000,r,1340
3337069000,r,1340
3337069000,r,1340
3337617000,s,124
3337805000,s,124
3338020000,s,124
3338586000,r,1340
3338586000,r,1340
3338586000,r,1340
3338635000,s,124
3338586000,r,1340
3338586000,r,1340
3338587000,r,1340
3338587000,r,428
3338662000,s,124
3338747000,s,124
3338940000,s,124
3339105000,s,124
3339157000,s,124
3339713000,s,124
3343443000,s,124
3383645000,s,124
3414057000,s,284
3465100000,r,124
3978487000,r,1340
3978487000,r,1340
3978487000,r,1340
3978487000,r,1340
3978487000,r,1340
3978488000,r,1340
3978488000,r,1244
3978488000,r,1340
3978829000,r,1340
3978829000,r,1340
3978829000,r,1340
3978829000,r,1340
3980055000,r,1340
3980055000,r,1340
3980056000,r,1340
3980056000,r,1340
3980057000,r,780
3980296000,s,124
3980574000,s,124
3980756000,s,124
3980896000,s,124
3981024000,s,124
3981193000,s,124
3981355000,s,124
3981512000,s,124
3982404000,s,124
3982435000,r,780
3982575000,s,124
3982725000,s,124
3982878000,s,124
3983026000,s,124
3983224000,s,124
3983372000,s,124
3983481000,s,124
3983599000,s,124
3983710000,s,124
8375192000,r,140
8375192000,r,124
8375193000,r,124
8379864000,s,124
8380296000,s,124
13965883000,s,108
14008383000,s,108
14008860000,s,108
14017362000,r,156
14017362000,r,140
14017363000,r,124
14019250000,s,124
14019716000,s,124
14021820000,s,124
14035188000,r,124
24042408000,s,60
24162754000,s,60
24163358000,s,60
24163476000,s,176
24163506000,s,156
24183149000,r,156
24183149000,r,120
24192365000,s,60