0,s,124
8127000,s,124
8569000,s,124
8740000,s,124
34835000,r,124
36229000,s,124
41422000,s,1340
41566000,s,748
62433000,r,124
69704000,r,364
70319000,s,124
76977000,s,156
77391000,s,156
80277000,s,188
84988000,s,204
86228000,s,620
88243000,s,140
88332000,s,140
90317000,r,204
96823000,r,156
96823000,r,172
96823000,r,172
97493000,s,124
97931000,s,156
108322000,r,124
109942000,s,1340
110083000,s,1340
118445000,r,188
118644000,s,172
119757000,r,172
119970000,s,732
122474000,r,1340
122475000,r,1340
122475000,r,1340
122475000,r,1340
123463000,r,1340
123463000,r,1340
123463000,r,1340
123463000,r,1340
123464000,r,1276
123770000,s,124
124191000,s,124
124253000,s,124
124279000,s,124
135500000,r,140
135500000,r,1340
139480000,s,1340
139713000,s,1340
141021000,s,172
142997000,s,412
143365000,s,332
146378000,r,1340
146378000,r,396
146378000,r,1052
146378000,r,140
146378000,r,124
146378000,r,1340
146379000,r,1340
146379000,r,652
149405000,s,1340
150612000,s,172
150772000,s,124
151434000,s,124
153945000,r,1372
154232000,s,124
154640000,r,1372
156775000,s,124
159318000,s,1340
159387000,s,188
160337000,s,316
160744000,s,348
167223000,r,124
167870000,s,124
169925000,s,1340
169944000,s,764
170966000,r,1340
172277000,r,1340
172277000,r,348
172278000,r,396
172278000,r,1340
172278000,r,1340
172522000,s,124
172651000,s,124
173719000,r,1340
173719000,r,1340
173719000,r,1340
173719000,r,1340
173719000,r,1340
173719000,r,1340
174045000,s,124
174339000,s,124
174536000,s,124
174824000,r,1340
174824000,r,1340
174824000,r,1340
174824000,r,1340
174824000,r,1340
174824000,r,1340
174824000,r,124
174825000,r,124
175872000,s,124
176062000,s,124
176247000,s,124
178816000,r,220
178816000,r,124
179847000,r,124
179847000,r,124
182596000,s,124
182819000,r,364
182819000,r,1340
182819000,r,1340
182819000,r,1180
183506000,s,124
183566000,s,124
183843000,s,124
184556000,s,188
187161000,s,668
190842000,r,380
192560000,s,140
196826000,r,124
196826000,r,204
196826000,r,124
201763000,r,124
210724000,r,1340
210724000,r,1340
210724000,r,1340
210725000,r,1340
210725000,r,1340
210725000,r,1340
210725000,r,1340
210725000,r,1340
211941000,s,124
212139000,s,124
212270000,s,124
212390000,s,124
222832000,r,1340
222833000,r,1340
223695000,s,124
225152000,r,1340
225152000,r,1340
225152000,r,1340
225152000,r,1340
225152000,r,1340
225153000,r,1340
225153000,r,1340
225153000,r,1340
225218000,r,428
225345000,s,124
225385000,s,124
225396000,s,124
225430000,s,124
225439000,s,124
268428000,s,284
268571000,s,220
268627000,s,220
268978000,s,156
269127000,s,156
269191000,s,236
269329000,s,220
280309000,r,124
282195000,s,1340
282346000,s,236
285266000,r,364
285267000,r,1340
286042000,s,124
286739000,r,1340
286739000,r,1340
286739000,r,1340
287218000,s,124
287413000,r,1340
287413000,r,1340
287413000,r,1340
287414000,r,1340
287414000,r,1340
287414000,r,1340
287414000,r,1340
287414000,r,1340
287491000,r,1340
287491000,r,1340
287491000,r,1340
287491000,r,1340
287491000,r,1340
287491000,r,1340
287492000,r,1340
287492000,r,1340
287526000,r,1340
287526000,r,1340
287527000,r,1340
287527000,r,1340
287527000,r,1340
287766000,s,124
288386000,s,124
288393000,r,1340
288419000,s,124
288431000,s,124
288440000,s,124
288394000,r,1340
288448000,s,124
288394000,r,1340
288456000,s,124
288394000,r,1340
288465000,s,124
288394000,r,1340
288394000,r,1340
288472000,s,124
288483000,s,124
288492000,s,124
288882000,s,124
288916000,s,124
288984000,s,124
289887000,r,1340
289887000,r,1340
289887000,r,1340
289887000,r,1340
289887000,r,1340
289887000,r,1340
289887000,r,1340
290894000,s,124
291370000,s,124
291457000,s,124
292503000,r,124
296790000,s,284
301940000,r,1340
301940000,r,1340
301940000,r,1340
301940000,r,1340
301941000,r,1340
301941000,r,1340
301941000,r,1340
301941000,r,1340
302076000,r,1340
302076000,r,1340
302076000,r,1340
302076000,r,1340
302076000,r,1340
302076000,r,1340
302076000,r,1340
302077000,r,1340
302104000,r,1340
302104000,r,1340
302104000,r,1340
302104000,r,1340
302104000,r,1340
302104000,r,1340
302104000,r,1340
302719000,r,1340
302719000,r,1340
302719000,r,1340
302719000,r,1340
302719000,r,1340
302719000,r,1340
302719000,r,1340
302719000,r,1340
302773000,r,1340
302774000,r,1340
302774000,r,1340
302774000,r,1340
302774000,r,1340
302774000,r,1340
302774000,r,1340
303471000,s,124
303522000,s,124
303532000,s,124
303553000,s,124
303561000,s,124
303567000,s,124
303574000,s,124
303581000,s,124
303934000,s,124
304045000,s,124
304230000,r,1340
304230000,r,1340
304230000,r,1340
304230000,r,1340
304230000,r,1340
304230000,r,1340
304230000,r,1340
304231000,r,1340
304299000,r,1340
304299000,r,1340
304299000,r,1340
304300000,r,1340
304300000,r,1340
304300000,r,1340
304300000,r,1340
304300000,r,1340
304350000,r,1340
304350000,r,1340
304350000,r,1340
304350000,r,1340
304350000,r,1340
304513000,s,124
304547000,s,124
304599000,s,124
304935000,s,124
305053000,s,124
305421000,s,124
305468000,s,124
305681000,s,124
305697000,s,124
306008000,r,1340
306008000,r,1340
306008000,r,1340
306008000,r,1340
306008000,r,1340
306008000,r,1340
306008000,r,1340
306008000,r,1340
306095000,r,1340
306095000,r,1340
306095000,r,1340
306095000,r,1340
306095000,r,1340
306532000,s,124
306720000,s,124
306757000,s,124
306854000,s,124
307031000,s,124
307317000,s,124
307611000,s,124
307862000,s,124
308178000,s,124
308390000,r,1340
308390000,r,1340
308391000,r,1340
308391000,r,1340
308391000,r,1340
308391000,r,1340
308475000,s,124
308509000,s,124
308619000,s,124
308792000,s,124
308954000,s,124
309106000,s,124
309492000,s,124
309597000,s,124
309747000,s,124
309895000,s,124
310095000,s,124
315882000,r,1340
315882000,r,1340
315882000,r,1340
315882000,r,1340
315883000,r,1340
315883000,r,1340
315883000,r,1340
315883000,r,1340
316049000,r,1340
316049000,r,1340
316049000,r,1340
316049000,r,1340
316050000,r,1340
316050000,r,1340
316050000,r,1340
316050000,r,1340
316089000,r,1340
316090000,r,1340
316090000,r,1340
316090000,r,1340
316090000,r,1340
316349000,r,1340
316350000,r,1340
316350000,r,1340
316350000,r,1340
316350000,r,1340
316350000,r,1340
316350000,r,1340
316350000,r,1340
316422000,r,1340
316592000,s,124
317078000,s,124
318776000,s,124
318853000,r,1340
318853000,r,1340
318853000,r,1340
318904000,s,124
318853000,r,1340
318853000,r,1340
318853000,r,1340
318853000,r,1340
318853000,r,1340
318949000,r,1340
318949000,r,1340
318949000,r,1340
318949000,r,1340
318949000,r,1340
318950000,r,1340
318978000,s,124
318950000,r,1340
318950000,r,1340
318996000,r,1340
318996000,r,1340
318996000,r,1340
318996000,r,1340
318997000,r,1340
318997000,r,1340
318997000,r,1340
318997000,r,1340
319035000,r,1340
319035000,r,1340
319035000,r,1340
319046000,s,124
319113000,s,124
319178000,s,124
319242000,s,124
319302000,s,124
319360000,s,124
319412000,s,124
319488000,s,124
319570000,s,124
319644000,s,124
319821000,s,124
319897000,s,124
319949000,s,124
320003000,s,124
320056000,s,124
320129000,s,124
320186000,s,124
320239000,s,124
320307000,s,124
320372000,s,124
320428000,s,124
320496000,s,124
320561000,s,124
320739000,r,1340
320739000,r,1340
320739000,r,1340
320739000,r,1340
320739000,r,1340
320739000,r,1340
320740000,r,1340
320740000,r,1340
320832000,r,1340
320832000,r,1340
320832000,r,1340
320833000,r,1340
321210000,s,124
321291000,s,124
321308000,s,124
321320000,s,124
321541000,s,124
321639000,s,124
324724000,r,1340
324724000,r,1340
324724000,r,1340
324724000,r,1340
324725000,r,1340
324725000,r,1340
324725000,r,1340
324725000,r,1340
324838000,r,1340
324838000,r,1340
324839000,r,1340
324839000,r,1340
324839000,r,1340
324839000,r,1340
324839000,r,1340
324839000,r,1340
324888000,r,1340
324888000,r,1340
324888000,r,1340
324888000,r,1340
324888000,r,1340
324889000,r,1340
324889000,r,1340
324889000,r,1340
324935000,r,1340
324935000,r,1340
324935000,r,1340
324935000,r,1340
325286000,s,124
325460000,s,124
325671000,s,124
325851000,s,124
325961000,s,124
326065000,s,124
326395000,s,124
326505000,s,124
326891000,s,124
327320000,s,124
327433000,s,124
327540000,s,124
327681000,s,124
328402000,s,124
330892000,r,1340
330892000,r,1340
330892000,r,1340
330892000,r,1340
330893000,r,1340
330893000,r,1340
331054000,r,1340
331054000,r,1340
331054000,r,1340
331054000,r,1340
331054000,r,1340
331054000,r,1340
331054000,r,1340
331055000,r,1340
331118000,r,1340
331502000,s,124
331955000,s,124
332119000,s,124
333719000,r,1340
333719000,r,1340
333719000,r,1340
333719000,r,1340
333719000,r,1340
333719000,r,1340
333719000,r,1340
333719000,r,1340
333805000,r,1340
333805000,r,1340
333806000,r,1340
333806000,r,1340
333806000,r,1340
334749000,r,1340
334749000,r,1340
334749000,r,1340
334749000,r,1340
334749000,r,1340
334749000,r,1340
334749000,r,1340
334749000,r,1340
334851000,r,1340
334851000,r,1340
334851000,r,1340
334851000,r,1340
334851000,r,1340
334851000,r,1340
334851000,r,1340
334851000,r,1340
334879000,r,1340
334879000,r,1340
334879000,r,1340
334880000,r,1340
334880000,r,1340
334880000,r,1340
334880000,r,1340
334880000,r,1340
334904000,r,1340
334904000,r,1340
334904000,r,1340
336275000,r,1340
336275000,r,1340
336275000,r,1340
336908000,s,124
336962000,s,124
336981000,s,124
336989000,s,124
336996000,s,124
337002000,s,124
337008000,s,124
337015000,s,124
337021000,s,124
337026000,s,124
337033000,s,124
337039000,s,124
337045000,s,124
337051000,s,124
337156000,s,124
337167000,s,124
337175000,s,124
337181000,s,124
337187000,s,124
337194000,s,124
337200000,s,124
337206000,s,124
337213000,s,124
337475000,s,124
337579000,r,1340
337579000,r,1340
337579000,r,1340
337579000,r,1340
337579000,r,1340
337579000,r,1340
337579000,r,1340
337580000,r,1340
337656000,r,1340
337656000,r,1340
337656000,r,1340
337656000,r,1340
337656000,r,1340
337656000,r,1340
337657000,r,1340
337675000,s,124
337859000,s,124
337959000,s,124
338410000,s,124
338508000,s,124
338589000,s,124
338630000,s,124
338914000,s,124
339024000,s,124
339131000,s,124
339696000,r,1340
339696000,r,1340
339696000,r,1340
339696000,r,1340
339696000,r,1340
339696000,r,1340
339696000,r,1340
339696000,r,1340
339772000,r,1340
339772000,r,1340
339772000,r,1340
339772000,r,1340
339772000,r,1340
339772000,r,1340
339772000,r,1340
339772000,r,1340
339818000,r,1340
340541000,r,1340
340541000,r,1340
340541000,r,1340
340541000,r,1340
340541000,r,1340
340542000,r,1340
340759000,s,124
341125000,s,124
341281000,s,124
341303000,s,124
341322000,s,124
341331000,s,124
341341000,s,124
341351000,s,124
341361000,s,124
341370000,s,124
341523000,s,124
343790000,r,1340
343790000,r,1340
343790000,r,1340
343791000,r,1340
343791000,r,1340
343791000,r,1340
344349000,s,124
344459000,s,124
344552000,s,124
350109000,r,1340
350109000,r,1340
350109000,r,1340
350109000,r,1340
350109000,r,1340
350109000,r,1340
350109000,r,1340
350110000,r,1340
350211000,r,1340
350211000,r,1340
350211000,r,1340
350211000,r,1340
350211000,r,1340
350211000,r,1340
350211000,r,1340
350212000,r,1340
350245000,r,1340
350245000,r,1340
350246000,r,1340
350246000,r,1340
350246000,r,1340
350246000,r,1340
350884000,s,124
350984000,s,124
351063000,s,124
351159000,s,124
351213000,s,124
351279000,s,124
351329000,s,124
351378000,s,124
351427000,s,124
351471000,s,124
351514000,s,124
351569000,s,124
351623000,s,124
351658000,s,124
353640000,r,1340
353640000,r,1340
353640000,r,1340
353640000,r,1340
353640000,r,1340
353641000,r,1340
353641000,r,1340
353641000,r,1340
353773000,r,1340
353773000,r,1340
353773000,r,1340
353774000,r,1340
353774000,r,1340
353774000,r,1340
353774000,r,1340
353774000,r,1340
353807000,r,1340
353807000,r,1340
353807000,r,1340
353807000,r,1340
353807000,r,1340
353807000,r,1340
353807000,r,1340
353807000,r,1340
353844000,r,1340
353845000,r,1340
353845000,r,1340
353845000,r,1340
353845000,r,1340
353845000,r,1340
353845000,r,1340
353845000,r,1340
353879000,r,1340
353880000,r,1340
353880000,r,1340
353880000,r,1340
353880000,r,1340
353880000,r,1340
353880000,r,1340
353880000,r,1340
353913000,r,1340
353913000,r,1340
353913000,r,1340
353913000,r,1340
353914000,r,1340
354175000,s,124
354222000,s,124
354257000,s,124
354269000,s,124
357012000,s,124
357015000,r,1340
357064000,s,124
357015000,r,1340
357016000,r,1340
357016000,r,1340
357016000,r,1340
357016000,r,1340
357016000,r,1340
357016000,r,1340
357104000,r,1340
357104000,r,1340
357104000,r,1340
357104000,r,1340
357104000,r,1340
357104000,r,1340
357104000,r,1340
357104000,r,1340
357134000,r,1340
357134000,r,1340
357134000,r,1340
357134000,r,1340
357135000,r,1340
357135000,r,1340
357135000,r,1340
357135000,r,1340
357163000,r,1340
357163000,r,1340
357164000,r,1340
357164000,r,1340
357164000,r,1340
357164000,r,1340
357164000,r,1340
357164000,r,1340
357189000,r,1340
357189000,r,1340
357416000,s,124
357555000,s,124
357668000,s,124
357773000,s,124
357873000,s,124
357970000,s,124
358053000,s,124
358141000,s,124
358229000,s,124
358315000,s,124
358408000,s,124
358498000,s,124
358590000,s,124
358686000,s,124
358876000,s,124
358974000,s,124
359063000,s,124
359141000,s,124
359225000,s,124
359301000,s,124
359390000,s,124
359544000,s,124
359628000,s,124
359717000,s,124
359782000,s,124
359864000,s,124
359956000,s,124
360039000,s,124
360128000,s,124
360214000,s,124
360303000,s,124
360394000,s,124
360481000,s,124
365504000,r,1340
365505000,r,1340
365505000,r,1340
365505000,r,1340
365505000,r,1340
365505000,r,1340
365506000,r,1340
365506000,r,1340
365601000,r,1340
365601000,r,1340
365601000,r,1340
365601000,r,1340
365601000,r,1340
365601000,r,1340
365602000,r,1340
365602000,r,1340
365635000,r,1340
365635000,r,1340
366247000,r,1340
366247000,r,1340
366247000,r,1340
366247000,r,1340
366248000,r,1340
366335000,s,124
366424000,s,124
366495000,s,124
366566000,s,124
366908000,s,124
366962000,s,124
367144000,s,124
367746000,s,124
367976000,s,124
368071000,s,124
368143000,s,124
368245000,s,124
368606000,r,1340
368606000,r,1340
368606000,r,1340
368606000,r,1340
368606000,r,1340
368606000,r,1340
368606000,r,1340
368606000,r,1340
368693000,r,1340
368693000,r,1340
368693000,r,1340
369103000,s,124
369178000,s,124
369231000,s,124
369279000,s,124
369327000,s,124
370028000,r,1340
370028000,r,1340
370028000,r,1340
370028000,r,1340
370028000,r,1340
370028000,r,1340
370028000,r,1340
370028000,r,1340
370116000,r,1340
370116000,r,1340
370116000,r,1340
370116000,r,1340
370116000,r,1340
370117000,r,1340
370117000,r,1340
370252000,r,1340
370252000,r,1340
370252000,r,1340
370252000,r,1340
370252000,r,1340
370253000,r,1340
370253000,r,1340
370253000,r,1340
370289000,r,1340
370289000,r,1340
370289000,r,1340
370692000,s,124
371061000,s,124
371108000,r,1340
371108000,r,1340
371108000,r,1340
371182000,s,124
371480000,s,124
371775000,s,124
371851000,s,124
371905000,s,124
372446000,r,1340
372446000,r,1340
372446000,r,1340
372446000,r,1340
372446000,r,1340
372446000,r,1340
372447000,r,1340
372447000,r,1340
372509000,r,1340
372509000,r,1340
372509000,r,1340
372510000,r,1340
372510000,r,1340
372510000,r,1340
372510000,r,1340
372510000,r,1340
372543000,r,1340
372543000,r,1340
372543000,r,1340
372543000,r,1340
372543000,r,1340
372543000,r,1340
372543000,r,1340
372543000,r,1340
372667000,s,124
372730000,s,124
372747000,s,124
372764000,s,124
372775000,s,124
372784000,s,124
372793000,s,124
372803000,s,124
373037000,s,124
373237000,s,124
373434000,s,124
373555000,s,124
373765000,s,124
373833000,s,124
373940000,s,124
374233000,s,124
374398000,r,1340
374399000,r,1340
374399000,r,1340
374399000,r,1340
374399000,r,1340
374399000,r,1340
374399000,r,1340
374399000,r,1340
374499000,r,1340
374499000,r,1340
374499000,r,1340
374499000,r,1340
374500000,r,1340
374500000,r,1340
374500000,r,1340
374896000,s,124
375243000,s,124
375529000,s,124
375563000,r,1340
375619000,s,124
375563000,r,1340
375563000,r,1340
375563000,r,1340
375563000,r,1340
375836000,s,124
376266000,s,124
376306000,s,124
376320000,s,124
376698000,s,124
376743000,s,124
376799000,s,124
376996000,s,124
377157000,s,124
377360000,r,1340
377360000,r,1340
377360000,r,1340
377431000,s,124
378136000,s,124
378829000,r,1340
378829000,r,1340
378830000,r,1340
378830000,r,1340
378830000,r,1340
378830000,r,1340
379205000,s,124
379359000,s,124
379451000,s,124
379560000,r,1340
379560000,r,1340
379560000,r,1340
379560000,r,1340
379560000,r,1340
379561000,r,1340
379561000,r,1340
379561000,r,1340
379625000,r,1340
379625000,r,1340
379626000,r,1340
379626000,r,1340
379626000,r,1340
379626000,r,1340
379626000,r,1340
379862000,s,124
380346000,s,124
380481000,s,124
380504000,s,124
380516000,s,124
380526000,s,124
380535000,s,124
380545000,s,124
380825000,r,1340
380825000,r,1340
380825000,r,1340
380825000,r,1340
381327000,s,124
381444000,s,124
382478000,r,1340
382478000,r,380
382479000,r,1340
382479000,r,1340
382479000,r,1340
383175000,s,124
383277000,s,124
384302000,r,1340
384302000,r,1340
384302000,r,1340
384302000,r,1340
384302000,r,1340
384303000,r,1340
384303000,r,1340
384303000,r,1340
384408000,r,1340
384409000,r,1340
384409000,r,1340
384409000,r,1340
384409000,r,1340
384409000,r,1340
384409000,r,1340
384409000,r,1340
384443000,r,1340
384443000,r,1340
384443000,r,1340
384805000,s,124
384898000,s,124
384965000,s,124
385026000,s,124
385068000,r,1340
385078000,s,124
385068000,r,1340
385068000,r,1340
385136000,s,124
385196000,s,124
385251000,s,124
385615000,s,124
385651000,s,124
385662000,s,124
385785000,r,1340
385785000,r,1340
385785000,r,1340
385785000,r,1340
385785000,r,1340
385785000,r,1340
385785000,r,1340
385785000,r,1340
385867000,r,1340
385867000,r,1340
385867000,r,1340
385867000,r,1340
385867000,r,1340
385867000,r,1340
385867000,r,748
386202000,s,124
386311000,s,124
386396000,s,124
386477000,s,124
386554000,s,124
386638000,s,124
386694000,s,124
427351000,s,124
427420000,s,124
524496000,r,1340
524496000,r,1340
524496000,r,1340
524496000,r,1340
524496000,r,380
525947000,s,124
526168000,s,124
526301000,s,124
526393000,s,124
526524000,s,124
5443294000,r,140
5443294000,r,124
5443295000,r,124
5447443000,s,124
5447882000,s,124
10662998000,r,156
10662998000,r,140
10662999000,r,124
10662999000,r,124
10668617000,s,124
10668893000,s,124
10669382000,s,124
10669645000,s,124
10682898000,r,124
10691788000,s,156
10702229000,r,156
16809567000,s,156
16847809000,s,156
16848240000,s,156
16865062000,r,156