0,s,124
29931000,s,124
30343000,s,124
30389000,s,140
2759283000,s,140
2802704000,s,140
2804024000,s,140
3810951000,r,140
3810952000,r,124
3810952000,r,124
3810953000,r,140
3812975000,s,124
3813065000,s,124
3813080000,s,124
3813499000,s,140
3813561000,s,124
3828548000,s,156
3828708000,r,108
3828708000,r,108
3839764000,r,156
4854141000,s,124
4896963000,s,124
4898411000,s,124
4919827000,r,124
4921329000,s,124
4933064000,s,1340
4933224000,s,780
4943607000,r,124
4943607000,r,364
4945046000,s,124
4951517000,s,188
4953312000,s,204
4954505000,s,620
4962573000,r,204
4963749000,r,172
4966608000,s,124
4966771000,s,156
4983786000,r,124
4994823000,r,1340
4994823000,r,1340
4994823000,r,1340
4994824000,r,1340
4994824000,r,1340
4994824000,r,1340
4994824000,r,1340
4994825000,r,1340
4995147000,r,1276
4996366000,s,124
4996511000,s,124
4996547000,s,124
4996597000,s,124
5039953000,s,156
5040038000,s,156
5044085000,s,124
5047736000,r,188
5047736000,r,172
5085638000,s,412
5085818000,s,332
5085897000,s,300
5086675000,s,220
5096826000,r,124
5103765000,r,364
5104836000,s,124
5105748000,r,1340
5105749000,r,1340
5105749000,r,1340
5105750000,r,1340
5105750000,r,1340
5105750000,r,1340
5105751000,r,1340
5105751000,r,1340
5106107000,r,1340
5106108000,r,1340
5106108000,r,1340
5106108000,r,1340
5106109000,r,1340
5106109000,r,508
5106110000,r,1340
5106110000,r,1340
5106327000,r,1340
5106612000,s,124
5106876000,s,124
5107099000,s,124
5107342000,s,124
5107555000,s,124
5107656000,s,124
5107802000,s,124
5107847000,s,124
5107877000,s,124
5108380000,s,124
5108461000,s,124
5108558000,s,124
5108581000,s,124
5112907000,s,124
5113278000,s,124
5113385000,s,124
5113426000,s,124
5115243000,r,1340
5115243000,r,1340
5116497000,s,124
5116667000,s,124
5121451000,r,1340
5121452000,r,1340
5121452000,r,1340
5121452000,r,1340
5121453000,r,1340
5121453000,r,1340
5121453000,r,1340
5121453000,r,1340
5121739000,r,1340
5121740000,r,1340
5121740000,r,1340
5121740000,r,1340
5121741000,r,1340
5121741000,r,1340
5121741000,r,1340
5121742000,r,1340
5121867000,r,1340
5121868000,r,1340
5121868000,r,1340
5121868000,r,1340
5121869000,r,1340
5121869000,r,1340
5121870000,r,1340
5121870000,r,1340
5122328000,s,124
5122456000,s,124
5122483000,s,124
5124811000,r,1340
5124812000,r,1340
5124812000,r,1340
5124812000,r,1340
5125121000,r,1340
5125121000,r,1340
5125122000,r,1340
5125122000,r,1340
5125122000,r,1340
5125122000,r,1340
5125561000,s,124
5125631000,s,124
5125653000,s,124
5125670000,s,124
5125686000,s,124
5125794000,s,124
5125843000,s,124
5125863000,s,124
5125879000,s,124
5125895000,s,124
5125909000,s,124
5125922000,s,124
5126257000,s,124
5126784000,s,124
5126974000,s,124
5127021000,s,124
5127052000,s,124
5127078000,s,124
5127101000,s,124
5127121000,s,124
5127142000,s,124
5127164000,s,124
5127163000,r,1340
5127187000,s,124
5127210000,s,124
5127163000,r,1340
5127327000,s,124
5127438000,s,124
5127473000,s,124
5127495000,s,124
5127523000,s,124
5127553000,s,124
5127583000,s,124
5127613000,s,124
5127636000,s,124
5135213000,r,1340
5135214000,r,1340
5135214000,r,1340
5135215000,r,1340
5136452000,s,124
5136673000,s,124
5136738000,s,124
5136771000,s,124
5136821000,r,1340
5137148000,r,1340
5137149000,r,1340
5137149000,r,1340
5137420000,s,124
5137810000,s,124
5137999000,s,124
5138057000,s,124
5139749000,r,1340
5139749000,r,1340
5139750000,r,1340
5139750000,r,1340
5139751000,r,1340
5139751000,r,1340
5139752000,r,1340
5139752000,r,1340
5139954000,r,1340
5139954000,r,1340
5139954000,r,1340
5139955000,r,1340
5139955000,r,1340
5139956000,r,1340
5139956000,r,1340
5139956000,r,1340
5140082000,r,1340
5140083000,r,1340
5140083000,r,1340
5140083000,r,1340
5140084000,r,1340
5140084000,r,1340
5140085000,r,1340
5140085000,r,1340
5140210000,r,1340
5140211000,r,1340
5140211000,r,1340
5140212000,r,1340
5140212000,r,1340
5140212000,r,1340
5140213000,r,1340
5140213000,r,1340
5140334000,r,1340
5140335000,r,1340
5140335000,r,1340
5140423000,r,1340
5140423000,r,1340
5140424000,r,1340
5140424000,r,1340
5140425000,r,1340
5140425000,r,1340
5140540000,r,1340
5140541000,r,1340
5140541000,r,1340
5140922000,r,1340
5140922000,r,1340
5140922000,r,1340
5140923000,r,1340
5140923000,r,1340
5140924000,r,1340
5140924000,r,1340
5140925000,r,1340
5141049000,r,1340
5141243000,r,1340
5141243000,r,1340
5141269000,s,1340
5141244000,r,1340
5141244000,r,1340
5141245000,r,1340
5141245000,r,1340
5141451000,s,1340
5141516000,s,124
5141556000,s,124
5141685000,s,124
5141734000,s,172
5141769000,s,124
5141801000,s,124
5141835000,s,124
5141864000,s,124
5141885000,s,124
5141908000,s,124
5141931000,s,124
5141954000,s,124
5141976000,s,124
5141998000,s,124
5142021000,s,124
5142039000,s,124
5142060000,s,124
5142080000,s,124
5142102000,s,124
5142123000,s,124
5142144000,s,124
5142164000,s,124
5142201000,s,124
5142224000,s,124
5142247000,s,124
5142266000,s,124
5142288000,s,124
5142310000,s,124
5142333000,s,124
5142355000,s,124
5142374000,s,124
5142397000,s,124
5142416000,s,124
5142439000,s,124
5142460000,s,124
5142479000,s,124
5143019000,r,1340
5143019000,r,1340
5143019000,r,1340
5143020000,r,1340
5143020000,r,1340
5143020000,r,1340
5143020000,r,1340
5143212000,s,124
5143352000,s,124
5143418000,s,124
5143448000,s,124
5143473000,s,124
5143503000,s,124
5143522000,s,124
5143544000,s,124
5143562000,s,124
5143579000,s,124
5143596000,s,124
5143617000,s,124
5143634000,s,124
5143650000,s,124
5143676000,s,124
5143747000,s,124
5143779000,s,124
5143800000,s,124
5143821000,s,124
5143955000,s,124
5143977000,s,124
5143997000,s,124
5144017000,s,124
5144221000,s,124
5144273000,s,124
5144330000,s,124
5144353000,s,124
5144373000,s,124
5144395000,s,124
5144415000,s,124
5144434000,s,124
5153584000,r,1340
5153585000,r,1340
5153585000,r,1340
5153585000,r,1340
5153586000,r,1340
5153586000,r,1340
5153586000,r,1340
5153587000,r,1340
5153837000,r,1340
5153838000,r,1340
5153838000,r,1340
5153838000,r,1340
5154666000,s,124
5154831000,s,124
5154946000,s,124
5155051000,s,124
5155148000,s,124
5155224000,s,124
5155554000,s,124
5155567000,r,1340
5155683000,s,124
5155568000,r,1340
5155568000,r,1340
5155569000,r,1340
5155569000,r,1340
5155569000,r,1340
5155570000,r,1340
5155570000,r,1340
5155875000,r,1340
5155875000,r,1340
5155875000,r,1340
5155875000,r,1340
5155875000,r,1340
5155876000,r,1340
5155876000,r,1340
5155876000,r,1340
5155934000,s,124
5155937000,r,1340
5155938000,r,1340
5155938000,r,1340
5155938000,r,1340
5155938000,r,1340
5155938000,r,1340
5155939000,r,1340
5155939000,r,1340
5156018000,s,124
5156039000,r,1340
5156039000,r,1340
5156039000,r,1340
5156039000,r,1340
5156040000,r,1340
5156040000,r,1340
5156098000,s,124
5156164000,s,124
5156287000,s,124
5156537000,s,124
5156627000,s,124
5156712000,s,124
5156792000,s,124
5156872000,s,124
5156909000,r,1340
5156954000,s,124
5156909000,r,1340
5156909000,r,1340
5156910000,r,1340
5156910000,r,1340
5156910000,r,1340
5156910000,r,1340
5156910000,r,1340
5157037000,r,1340
5157043000,s,124
5157037000,r,1340
5157037000,r,1340
5157037000,r,1340
5157037000,r,1340
5157038000,r,1340
5157038000,r,1340
5157038000,r,1340
5157094000,r,1340
5157094000,r,1340
5157130000,s,124
5157215000,s,124
5157298000,s,124
5157377000,s,124
5157447000,s,124
5157512000,s,124
5157574000,s,124
5157660000,s,124
5157725000,s,124
5157794000,s,124
5157854000,s,124
5157917000,s,124
5158004000,s,124
5158074000,s,124
5158165000,s,124
5158241000,s,124
5158333000,s,124
5158400000,s,124
5158470000,s,124
5158532000,s,124
5158581000,s,124
5158644000,s,124
5158708000,s,124
5158772000,s,124
5158834000,s,124
5158882000,r,1340
5158891000,s,124
5158956000,s,124
5158883000,r,1340
5158883000,r,1340
5158883000,r,1340
5158883000,r,1340
5158883000,r,1340
5159023000,s,124
5158884000,r,1340
5158884000,r,1340
5159062000,r,1340
5159063000,r,1340
5159063000,r,1340
5159063000,r,1340
5159063000,r,1340
5159063000,r,1340
5159097000,s,124
5159113000,r,1340
5159114000,r,1340
5159114000,r,1340
5159184000,s,124
5159263000,s,124
5159323000,r,1340
5159343000,s,124
5159323000,r,1340
5159323000,r,1340
5159323000,r,1340
5159324000,r,1340
5159324000,r,1340
5159432000,s,124
5159519000,s,124
5159604000,s,124
5159631000,r,1340
5159631000,r,1340
5159632000,r,1340
5159725000,s,124
5159632000,r,1340
5159632000,r,1340
5159632000,r,1340
5159632000,r,1340
5159633000,r,1340
5159778000,r,1340
5159829000,s,124
5159932000,s,124
5160023000,s,124
5160111000,s,124
5160200000,s,124
5160278000,s,124
5160337000,s,124
5160393000,s,124
5160478000,s,124
5160544000,s,124
5160585000,r,1340
5160608000,s,124
5160669000,s,124
5160585000,r,1340
5160585000,r,1340
5160586000,r,1340
5160586000,r,1340
5160586000,r,1340
5160586000,r,1340
5160587000,r,1340
5160766000,r,1340
5160808000,s,124
5160841000,r,1340
5160842000,r,1340
5160842000,r,1340
5160842000,r,1340
5160901000,s,124
5160843000,r,1340
5160843000,r,1340
5160975000,s,124
5161051000,s,124
5161122000,s,124
5161205000,s,124
5161325000,s,124
5161436000,s,124
5161514000,s,124
5161590000,s,124
5161664000,s,124
5161744000,s,124
5161843000,s,124
5161958000,s,124
5162044000,s,124
5162160000,s,124
5162267000,s,124
5162371000,s,124
5162473000,s,124
5162651000,r,1340
5162671000,s,124
5162651000,r,1340
5162651000,r,1340
5162789000,s,124
5162651000,r,1340
5162652000,r,1340
5162652000,r,1340
5162652000,r,1340
5162653000,r,1340
5162870000,r,1340
5162871000,r,1340
5162871000,r,1340
5162871000,r,1340
5162906000,s,124
5162872000,r,1340
5162872000,r,1340
5162872000,r,1340
5162872000,r,1340
5162967000,r,1340
5162968000,r,1340
5162968000,r,1340
5162968000,r,1340
5162969000,r,1340
5162969000,r,1340
5162969000,r,1340
5163030000,s,124
5162969000,r,1340
5163059000,r,1340
5163059000,r,1340
5163060000,r,1340
5163060000,r,1340
5163060000,r,1340
5163061000,r,1340
5163114000,s,124
5163212000,s,124
5163308000,s,124
5163405000,s,124
5163508000,s,124
5163528000,r,1340
5163607000,s,124
5163529000,r,1340
5163529000,r,1340
5163529000,r,1340
5163529000,r,1340
5163530000,r,1340
5163750000,s,124
5163861000,s,124
5163960000,s,124
5164047000,s,124
5164132000,s,124
5164244000,s,124
5164349000,s,124
5164449000,s,124
5164544000,s,124
5164625000,s,124
5164647000,r,1340
5164647000,r,1340
5164647000,r,1340
5164648000,r,1340
5164648000,r,1340
5164648000,r,1372
5164732000,s,124
5164649000,r,1372
5164831000,s,124
5164922000,s,124
5165003000,s,124
5165729000,s,124
5165837000,s,124
5165940000,s,124
5166043000,s,124
5166134000,s,124
5166221000,s,124
5166293000,r,1340
5166310000,s,124
5166293000,r,1340
5166398000,s,124
5166493000,s,124
5166580000,s,124
5166667000,s,124
5166758000,s,124
5166821000,s,124
5166921000,s,124
5167017000,s,124
5167021000,r,1340
5167022000,r,1340
5167022000,r,1340
5167110000,s,124
5167220000,s,124
5167392000,s,124
5167501000,s,124
5167602000,s,124
5168223000,s,124
5168363000,s,124
5168511000,s,124
5168622000,s,124
5168716000,s,124
5168824000,s,124
5168925000,s,124
5169345000,s,124
5169428000,s,124
5169479000,s,124
5169514000,s,124
5169674000,s,124
5169837000,s,124
5169954000,s,124
5170304000,s,124
5170354000,s,124
5170388000,s,124
5170418000,s,124
5170694000,s,124
5170733000,s,124
5170763000,s,124
5170785000,s,124
5172453000,r,1340
5172906000,s,124
5173438000,r,1340
5173438000,r,1340
5173438000,r,1340
5173439000,r,1340
5173439000,r,1340
5173439000,r,1340
5173439000,r,1340
5173440000,r,1340
5173619000,r,1340
5174205000,s,124
5174250000,s,124
5174297000,s,124
5174323000,s,124
5174349000,s,124
5174543000,s,124
5174597000,s,124
5174636000,s,124
5174654000,s,124
5177692000,r,1340
5177692000,r,1340
5177692000,r,1340
5177692000,r,1340
5177693000,r,1340
5177693000,r,1340
5177693000,r,1340
5177693000,r,1340
5177913000,r,1340
5177913000,r,156
5178522000,s,124
5178627000,s,124
5178673000,s,124
5178695000,s,124
5178869000,s,124
5178951000,s,124
5178984000,s,124
5179013000,s,124
5179055000,s,124
5179081000,s,124
5185373000,s,1340
5185456000,s,188
5186757000,s,220
5188362000,s,316
5189366000,s,348
5199759000,r,124
5201609000,r,364
5201609000,r,1340
5201609000,r,1340
5201610000,r,1340
5202410000,s,124
5202498000,s,124
5202983000,r,1340
5202984000,r,1340
5202984000,r,1340
5202984000,r,1340
5202985000,r,1340
5202985000,r,1340
5202985000,r,1340
5202985000,r,1340
5203217000,r,1340
5203217000,r,1340
5203217000,r,508
5203217000,r,1340
5203218000,r,1340
5203218000,r,1340
5203218000,r,1340
5203341000,r,1340
5203341000,r,1340
5203342000,r,1340
5203492000,s,124
5203862000,s,124
5203956000,s,124
5203992000,s,124
5204016000,s,124
5204038000,s,124
5204062000,s,124
5204255000,s,124
5204617000,r,1340
5204617000,r,1340
5204617000,r,1340
5204618000,r,1340
5204618000,r,1340
5204618000,r,1340
5204619000,r,508
5204619000,r,1340
5204870000,s,124
5205177000,s,124
5205649000,r,1340
5205649000,r,1340
5205649000,r,1340
5205650000,r,1340
5205650000,r,1340
5205650000,r,1340
5205651000,r,1340
5205651000,r,1340
5205892000,r,1340
5205892000,r,1340
5205892000,r,1340
5205893000,r,1340
5206000000,r,508
5206000000,r,1340
5206000000,r,1340
5206084000,r,1340
5206084000,r,1340
5206084000,r,1340
5206518000,r,1340
5206518000,r,1340
5206518000,r,1340
5206519000,r,1340
5206519000,r,1340
5206519000,r,1340
5206699000,r,1340
5206699000,r,1340
5206699000,r,1340
5206699000,r,1340
5206700000,r,1340
5206700000,r,1340
5206964000,r,1340
5206965000,r,1340
5206965000,r,1340
5207286000,r,1340
5207286000,r,1340
5207287000,r,1340
5207287000,r,1340
5207287000,r,1340
5207288000,r,1340
5208349000,s,124
5209033000,s,124
5209068000,s,124
5209139000,s,124
5209168000,s,124
5209186000,s,124
5209230000,s,124
5209249000,s,124
5209954000,s,124
5210007000,s,124
5210099000,s,124
5210097000,r,892
5210129000,s,124
5210156000,s,124
5210098000,r,1340
5210183000,s,124
5210098000,r,1340
5210203000,s,124
5210098000,r,1340
5210098000,r,1340
5210099000,r,1340
5210099000,r,1340
5210099000,r,1340
5210265000,r,1340
5210265000,r,1340
5210265000,r,1340
5210265000,r,1340
5210266000,r,1340
5210266000,r,1340
5210266000,r,508
5210266000,r,1340
5210345000,r,1340
5210345000,r,1340
5210345000,r,1340
5210345000,r,1340
5210346000,r,1340
5210346000,r,1340
5210346000,r,1340
5210346000,r,1340
5210425000,r,1340
5210425000,r,1340
5210425000,r,1340
5210426000,r,1340
5210426000,r,508
5210426000,r,1340
5210427000,r,1340
5210427000,r,1340
5210505000,r,1340
5210505000,r,1340
5210505000,r,1340
5210505000,r,1340
5210506000,r,1340
5210506000,r,1340
5210506000,r,1340
5210506000,r,1340
5210574000,r,1340
5210574000,r,1340
5210839000,s,124
5210976000,s,124
5211065000,s,124
5211251000,s,124
5211395000,s,124
5211570000,s,124
5211690000,s,124
5211907000,r,508
5211961000,s,124
5211908000,r,1340
5211908000,r,1340
5211909000,r,1340
5211909000,r,1340
5211910000,r,1340
5211910000,r,1340
5211910000,r,1340
5212109000,r,1340
5212109000,r,1132
5212109000,r,124
5219764000,r,252
5219765000,r,252
5224190000,s,124
5227780000,s,140
5234755000,s,236
5235157000,s,220
5243181000,s,220
5245813000,r,124
5251439000,r,364
5251439000,r,1340
5251440000,r,1340
5251440000,r,1340
5251440000,r,1340
5251441000,r,1340
5251441000,r,1340
5251441000,r,1340
5251690000,r,1340
5251690000,r,1340
5251691000,r,1340
5251691000,r,1340
5251691000,r,1340
5251692000,r,1340
5251692000,r,508
5251692000,r,1340
5251832000,r,1340
5251832000,r,1340
5251832000,r,1340
5251833000,r,1340
5251833000,r,1340
5251833000,r,1340
5251834000,r,1340
5251834000,r,1340
5252080000,r,1340
5252081000,r,1340
5252081000,r,1340
5252081000,r,1340
5252082000,r,508
5252082000,r,1340
5252082000,r,1340
5252083000,r,1340
5252190000,r,1340
5252190000,r,1340
5252190000,r,1340
5252191000,r,1340
5252650000,s,124
5252820000,s,124
5252967000,s,124
5253049000,r,1340
5253050000,r,1340
5253050000,r,1340
5253050000,r,1340
5253051000,r,1340
5253051000,r,1340
5253051000,r,508
5253052000,r,1340
5253266000,r,1340
5253267000,r,1340
5253267000,r,1340
5253267000,r,1340
5253504000,s,124
5253652000,s,124
5253798000,s,124
5253945000,s,124
5254086000,s,124
5254221000,s,124
5254354000,s,124
5256263000,r,1340
5256263000,r,1340
5256263000,r,1340
5256263000,r,1340
5256264000,r,1340
5256264000,r,1340
5256264000,r,1340
5256264000,r,1340
5256474000,r,508
5256475000,r,1340
5256475000,r,1340
5256475000,r,1340
5256476000,r,1340
5256476000,r,1340
5256476000,r,1340
5256476000,r,1340
5256559000,r,1340
5256559000,r,1340
5256559000,r,1340
5256560000,r,1340
5256560000,r,1340
5256560000,r,1340
5256560000,r,508
5256561000,r,1340
5256657000,r,1340
5256657000,r,1340
5256657000,r,1340
5256658000,r,1340
5256658000,r,1340
5256658000,r,1340
5256658000,r,1340
5256659000,r,1340
5256739000,r,1340
5256739000,r,1340
5256739000,r,1340
5256740000,r,1340
5256740000,r,508
5256740000,r,1340
5256740000,r,1340
5256741000,r,1340
5256813000,r,1340
5256813000,r,1340
5256883000,r,1340
5256884000,r,1340
5256884000,r,1340
5256884000,r,1340
5256884000,r,1340
5256885000,r,1340
5256885000,r,1340
5256885000,r,1340
5256963000,r,508
5256986000,r,1340
5256986000,r,1340
5256987000,r,1340
5256987000,r,1340
5256987000,r,1340
5256988000,r,1340
5257368000,r,1340
5257369000,r,1340
5257369000,r,1340
5258655000,r,1340
5258655000,r,1340
5258655000,r,1340
5258656000,r,1340
5258656000,r,332
5258656000,r,364
5258657000,r,1340
5258657000,r,1340
5258871000,r,1340
5258871000,r,1340
5258871000,r,1340
5258872000,r,1340
5258872000,r,1340
5258872000,r,1340
5258873000,r,1340
5258873000,r,1340
5258950000,r,1340
5258951000,r,1340
5258951000,r,1340
5258951000,r,508
5258952000,r,1340
5258952000,r,1340
5258952000,r,1340
5258952000,r,1340
5259068000,r,1340
5259068000,r,1340
5259068000,r,1340
5259069000,r,1340
5259069000,r,1340
5259069000,r,1340
5260845000,r,1340
5260845000,r,1340
5260846000,r,1340
5260846000,r,508
5260846000,r,1340
5260847000,r,1340
5260847000,r,1340
5260847000,r,1340
5260957000,r,1340
5260958000,r,1340
5260958000,r,1340
5260958000,r,1340
5260958000,r,1340
5260959000,r,1340
5260959000,r,1340
5261939000,s,140
5262611000,r,1340
5262612000,r,1340
5262612000,r,508
5262612000,r,1340
5262612000,r,1340
5263152000,s,124
5263804000,s,124
5264586000,s,124
5265952000,s,124
5269505000,r,1340
5269505000,r,1340
5269505000,r,1340
5269505000,r,1340
5269506000,r,1340
5269506000,r,1340
5269506000,r,1340
5269507000,r,1340
5269702000,r,1340
5270208000,r,1340
5270209000,r,1340
5270209000,r,1340
5270280000,s,124
5270657000,s,124
5271184000,s,124
5271481000,r,1340
5271481000,r,1340
5271482000,r,1340
5271482000,r,1340
5271482000,r,1340
5271482000,r,1340
5271483000,r,1340
5271483000,r,1340
5272323000,s,124
5272480000,s,124
5272808000,s,124
5273046000,s,124
5274595000,r,1340
5274595000,r,1340
5274595000,r,1340
5274596000,r,1340
5274596000,r,1340
5274596000,r,1340
5274596000,r,1340
5274597000,r,1340
5274806000,r,1340
5274806000,r,1340
5274806000,r,1340
5274806000,r,1340
5274807000,r,1340
5274807000,r,1340
5274807000,r,1340
5275314000,s,124
5275693000,r,1340
5275693000,r,1340
5275694000,r,1340
5275694000,r,1340
5275694000,r,1340
5275695000,r,1340
5275718000,r,1340
5275718000,r,1340
5275881000,r,1340
5277708000,r,1340
5277709000,r,1340
5277709000,r,1340
5277709000,r,1340
5277710000,r,1340
5277710000,r,1340
5277710000,r,1340
5277711000,r,1340
5277918000,r,1340
5277918000,r,1340
5277919000,r,1340
5277919000,r,1340
5277919000,r,1340
5277919000,r,1340
5277920000,r,1340
5277920000,r,1340
5277994000,r,1340
5278856000,s,124
5282106000,r,1340
5282106000,r,1340
5282107000,r,1340
5282107000,r,1340
5282107000,r,1340
5282108000,r,1340
5282108000,r,1340
5282108000,r,1340
5282366000,r,1340
5282367000,r,1340
5282367000,r,1340
5282367000,r,1340
5282368000,r,1340
5282368000,r,1340
5282368000,r,1340
5282368000,r,1340
5282471000,r,1340
5282471000,r,1340
5282471000,r,1340
5282472000,r,1340
5282472000,r,1340
5282472000,r,1340
5282473000,r,1340
5282473000,r,1340
5282568000,r,1340
5282568000,r,1340
5282568000,r,1340
5282569000,r,1340
5282569000,r,1340
5282569000,r,1340
5282570000,r,1340
5282570000,r,1340
5282721000,r,1340
5282721000,r,1340
5282721000,r,1340
5282722000,r,1340
5282722000,r,1340
5282722000,r,1340
5282723000,r,1340
5282723000,r,1340
5282814000,r,1340
5282815000,r,1340
5282815000,r,1340
5282815000,r,1340
5282815000,r,1340
5282855000,s,124
5282816000,r,1340
5282816000,r,1340
5282816000,r,1340
5282908000,r,1340
5282908000,r,1340
5282908000,r,1340
5282909000,r,1340
5282909000,r,1340
5282909000,r,1340
5282909000,r,1340
5282910000,r,1340
5283001000,r,1340
5283001000,r,1340
5283001000,r,1340
5283002000,r,1340
5283002000,r,1340
5283002000,r,1340
5283002000,r,1340
5283003000,r,1340
5283286000,r,1340
5283286000,r,1340
5283537000,s,124
5283972000,s,124
5284245000,s,124
5285076000,s,124
5285121000,r,1340
5285122000,r,1340
5285122000,r,1340
5285122000,r,1340
5285123000,r,1340
5285123000,r,1340
5285123000,r,1340
5285124000,r,1340
5285336000,r,1340
5285336000,r,1340
5285336000,r,1340
5285337000,r,1340
5285337000,r,1340
5285337000,r,1340
5285337000,r,1340
5285397000,s,124
5285338000,r,1340
5285431000,r,1340
5285431000,r,1340
5285432000,r,1340
5285432000,r,1340
5285432000,r,1340
5285433000,r,1340
5285433000,r,1340
5285433000,r,1340
5285523000,r,1340
5285524000,r,1340
5285524000,r,1340
5285524000,r,1340
5285525000,r,1340
5285525000,r,1340
5285525000,r,1340
5285526000,r,1340
5285718000,r,1340
5285718000,r,1340
5285718000,r,1340
5285719000,r,1340
5285719000,r,1340
5285719000,r,1340
5285720000,r,1340
5285720000,r,1340
5285834000,r,1340
5285834000,r,1340
5285834000,r,1340
5285835000,r,1340
5285835000,r,1340
5286070000,s,124
5286269000,s,124
5286613000,s,124
5286779000,r,1340
5286780000,r,1340
5286780000,r,1340
5286780000,r,1340
5286781000,r,1340
5286781000,r,1340
5287367000,s,124
5287408000,s,124
5287439000,s,124
5292755000,r,1340
5292756000,r,1340
5292756000,r,1340
5292756000,r,1340
5292757000,r,1340
5292757000,r,1340
5292757000,r,1340
5292758000,r,1340
5294040000,s,124
5294134000,s,124
5296496000,r,1340
5296496000,r,1340
5296496000,r,1340
5296496000,r,1340
5296497000,r,1340
5296497000,r,1340
5296497000,r,460
5297122000,s,124
5298097000,s,124
5300585000,s,236
5301878000,s,220
5311604000,r,124
5316978000,r,364
5316978000,r,1340
5316979000,r,1340
5316979000,r,1340
5316979000,r,1340
5316980000,r,1340
5316980000,r,1340
5316980000,r,1340
5317207000,r,1340
5317207000,r,1340
5317207000,r,1340
5317208000,r,1340
5317353000,r,1340
5317353000,r,1340
5317353000,r,508
5317353000,r,1340
5317354000,r,1340
5317354000,r,1340
5318561000,s,124
5319321000,s,124
5319861000,r,1340
5319861000,r,1340
5319861000,r,1340
5319861000,r,1340
5319862000,r,1340
5319862000,r,1340
5319862000,r,540
5319863000,r,364
5320088000,r,1340
5320088000,r,1340
5320089000,r,1340
5320089000,r,1340
5320089000,r,1340
5320089000,r,1340
5320090000,r,1340
5320090000,r,1340
5320183000,r,1340
5320183000,r,1340
5320183000,r,1340
5320184000,r,1340
5320184000,r,1340
5320184000,r,1340
5320185000,r,1340
5320185000,r,1340
5320274000,r,1340
5320275000,r,1340
5320275000,r,1340
5320275000,r,1340
5320276000,r,1340
5320276000,r,1340
5320276000,r,1340
5320356000,r,1340
5320357000,r,1340
5320357000,r,1340
5321594000,s,124
5321652000,s,124
5321958000,r,892
5321958000,r,1340
5321958000,r,1340
5321959000,r,1340
5321959000,r,1340
5321959000,r,1340
5321960000,r,1340
5321960000,r,1340
5322139000,r,1340
5322139000,r,1340
5322140000,r,1340
5322140000,r,396
5328607000,s,124
5892643000,s,108
6007618000,s,124
6019800000,r,124
6021102000,s,124
6034908000,s,1340
6035067000,s,700
6046881000,r,124
6046881000,r,124
6051771000,r,364
6052740000,s,124
6057483000,s,188
6058506000,s,668
6071818000,r,124
6071819000,r,124
6071819000,r,204
6084048000,r,1340
6084048000,r,1340
6084048000,r,1340
6084049000,r,1340
6084049000,r,1340
6084050000,r,1340
6084050000,r,1340
6084051000,r,1340
6084433000,r,1340
6085140000,s,124
6085484000,s,124
6086074000,s,124
6086230000,s,124
6086353000,s,124
6099775000,r,1340
6099776000,r,1340
6099776000,r,1340
6099776000,r,1340
6099776000,r,1340
6099777000,r,1340
6099777000,r,1340
6099777000,r,1340
6100150000,r,1340
6100150000,r,428
6101405000,s,124
6101550000,s,124
6101590000,s,124
6101622000,s,124
6101652000,s,124
6261521000,s,284
6314331000,r,124
6322587000,s,1340
6322780000,s,236
6333429000,r,124
6333429000,r,124
6419781000,r,380
6464424000,s,124
6476883000,r,1340
6476883000,r,1340
6476883000,r,1340
6476884000,r,1340
6476884000,r,380
6479104000,s,124
7770947000,s,140
7809436000,s,140
7809863000,s,140
8192707000,s,124
8192880000,s,140
8456512000,s,124
8456674000,s,124
8471366000,r,140
8471366000,r,124
8471366000,r,140
8471366000,r,124
8471771000,s,108
8471807000,s,108
8471843000,s,108
8471866000,s,108
8492310000,s,140
8492489000,s,140
8492598000,s,140
8499020000,r,172
8499020000,r,156
8499020000,r,172
8504026000,s,1340
8504201000,s,1340
8504256000,s,172
8518851000,r,140
8518852000,r,1340
8531748000,r,1340
8531749000,r,412
8531749000,r,1036
8531749000,r,124
8534563000,s,1340
8535839000,s,172
8535881000,s,124
8544315000,r,124
8549841000,r,220
8550688000,s,124
12769423000,s,140
12809226000,s,140
12809691000,s,140
13951624000,s,156
13963256000,r,156
17773117000,s,140
17815006000,s,140
17815459000,s,140
20066024000,s,156
20077192000,r,156
23298644000,s,108
26168556000,s,156
26210566000,s,156
26215238000,s,156
26231865000,r,156