0,s,156
37229000,s,156
37705000,s,156
58817000,r,156
2331945000,s,124
2384655000,s,124
2385112000,s,124
2385221000,s,124
2398727000,s,156
2398896000,s,156
2405443000,r,172
2405444000,r,188
2407060000,r,124
2409433000,s,124
2422152000,s,1340
2422243000,s,1340
2422482000,s,172
2429458000,s,1340
2429534000,s,748
2438517000,r,1372
2438518000,r,1372
2439736000,r,124
2440420000,r,364
2441173000,s,124
2442493000,s,188
2443269000,s,204
2443977000,s,636
2444230000,s,1340
2444698000,s,188
2446220000,s,316
2446427000,s,396
2454494000,r,204
2454495000,r,172
2455668000,s,124
2455842000,s,156
2458511000,r,124
2462567000,r,124
2467133000,r,124
2478495000,r,252
2478495000,r,252
2480364000,s,140
2481961000,r,1340
2481961000,r,1340
2481961000,r,1340
2481962000,r,1340
2481962000,r,1340
2481962000,r,1340
2481962000,r,1340
2481963000,r,1340
2482165000,r,636
2483064000,s,124
2483179000,s,124
2483225000,s,124
2483238000,s,124
2507346000,s,140
2510788000,s,428
2510846000,s,332
2511065000,s,300
2518727000,s,124
2519979000,s,124
2520941000,s,124
2522052000,r,124
2526337000,r,1340
2526337000,r,1340
2526337000,r,348
2526337000,r,396
2527577000,s,124
2529600000,r,1340
2529600000,r,1340
2529601000,r,1340
2529601000,r,1340
2529601000,r,1340
2529601000,r,1340
2529601000,r,1340
2529601000,r,1340
2529752000,r,204
2529752000,r,140
2529752000,r,1340
2529752000,r,1340
2529752000,r,204
2529753000,r,1340
2529753000,r,1340
2529753000,r,1340
2529788000,r,1340
2530164000,s,124
2530686000,s,124
2530746000,s,124
2530762000,s,124
2531133000,s,124
2531178000,s,124
2531578000,s,124
2536299000,s,124
2537612000,r,1340
2537613000,r,1340
2537613000,r,1340
2537613000,r,1340
2538277000,s,124
2538382000,s,124
2565506000,r,1340
2565506000,r,1340
2565506000,r,1340
2565506000,r,1340
2565506000,r,1340
2565506000,r,1340
2565506000,r,1340
2565507000,r,1340
2565857000,r,1340
2565857000,r,1340
2565857000,r,1340
2565857000,r,1340
2565858000,r,1340
2565858000,r,1340
2565858000,r,1340
2565858000,r,1340
2565914000,r,1340
2565914000,r,1340
2565914000,r,1340
2565914000,r,1340
2565914000,r,1340
2565914000,r,1340
2565914000,r,524
2565914000,r,124
2567286000,s,124
2567568000,s,124
2567784000,s,124
2568060000,s,124
2568294000,s,124
2568632000,s,124
2568949000,s,124
2569121000,s,124
2569312000,s,124
2569675000,s,124
2570080000,s,124
2570796000,s,124
2571094000,s,124
2579843000,s,1340
2579977000,s,764
2581339000,r,524
2582073000,s,124
2599256000,r,124
2599256000,r,364
2600682000,s,124
2602376000,s,188
2603540000,s,668
2612402000,r,124
2612403000,r,204
2613316000,r,124
2624802000,r,1340
2624803000,r,1340
2624803000,r,1340
2624803000,r,1340
2624803000,r,1340
2624803000,r,1340
2624804000,r,1340
2624804000,r,1340
2625039000,r,1340
2625994000,s,124
2626250000,s,124
2626397000,s,124
2626562000,s,124
2626862000,s,124
2638493000,r,1340
2638493000,r,1340
2638493000,r,1340
2638493000,r,1340
2638493000,r,1340
2638493000,r,1340
2638494000,r,1340
2638494000,r,1340
2638719000,r,1340
2638719000,r,428
2640253000,s,124
2640821000,s,124
2640903000,s,124
2641123000,s,124
2641247000,s,124
2661232000,s,412
2661918000,s,364
2666613000,s,1340
2666657000,s,284
2671987000,r,124
2677582000,r,124
2726491000,r,380
2765950000,r,1340
2765950000,r,636
2768052000,s,124
2768135000,s,124
2770839000,s,124
4779933000,r,1340
4779933000,r,1340
4779934000,r,1340
4779934000,r,1340
4779935000,r,1340
4779935000,r,1340
4779935000,r,1244
4779936000,r,1340
4780440000,r,1340
4780441000,r,1340
4781838000,s,124
4782006000,s,124
4782052000,s,124
4782111000,s,124
4782144000,s,124
4782175000,s,124
4782205000,s,124
4782236000,s,124
4782530000,s,124
4782580000,s,124
4796533000,r,1340
4796533000,r,1340
4796534000,r,1340
4796534000,r,1340
4796535000,r,1340
4796535000,r,1340
4796536000,r,1340
4796536000,r,1340
4796778000,r,1340
4796778000,r,1340
4796778000,r,1340
4796778000,r,1340
4796778000,r,1340
4796778000,r,1340
4796778000,r,1340
4796779000,r,1340
4796835000,r,1340
4796835000,r,1340
4796835000,r,1340
4796836000,r,1340
4797930000,s,124
4798560000,s,124
4798631000,s,124
4798653000,s,124
4798680000,s,124
4798703000,s,124
4798765000,s,124
4798786000,s,124
4799192000,s,124
4799539000,s,124
4799837000,s,124
4800383000,s,124
4800569000,s,124
4800745000,s,124
4800912000,s,124
4801103000,s,124
4801294000,s,124
4801483000,s,124
4801626000,s,124
4801901000,s,124
4809547000,r,1340
4809548000,r,1340
4809548000,r,1340
4809548000,r,1340
4809549000,r,1340
4810692000,s,124
4810856000,s,124
4810897000,s,124
4810926000,s,124
4810952000,s,124
4812349000,r,1340
4812349000,r,1340
4812350000,r,1340
4812350000,r,1340
4812350000,r,1340
4812351000,r,1340
4812351000,r,1340
4812351000,r,1340
4812604000,r,1340
4812604000,r,1340
4812604000,r,1340
4812605000,r,1340
4812605000,r,1340
4812606000,r,1340
4812606000,r,1340
4812606000,r,1340
4812709000,r,1340
4812709000,r,1340
4812710000,r,1340
4812710000,r,1340
4812710000,r,1340
4812711000,r,1340
4812711000,r,1340
4812712000,r,1340
4812806000,r,1340
4812806000,r,1340
4812806000,r,1340
4814226000,s,124
4814579000,s,124
4814625000,s,124
4814641000,s,124
4814651000,s,124
4814975000,s,124
4815010000,s,124
4815028000,s,124
4815259000,s,124
4815584000,s,124
4815669000,s,124
4815753000,s,124
4815993000,s,124
4816126000,s,124
4816341000,s,124
4816503000,s,124
4817016000,s,124
4817344000,s,124
4817382000,s,124
4817401000,s,124
4817414000,s,124
4817425000,s,124
4817750000,s,124
4817803000,s,124
4817828000,s,124
4817847000,s,124
4817863000,s,124
4821030000,r,1340
4821030000,r,956
4822231000,s,124
4822325000,s,124
7853652000,r,140
7853653000,r,124
7853653000,r,124
7858324000,s,124
7858981000,s,124
11181952000,s,1340
11221588000,s,1340
11222045000,s,1340
11222254000,s,1340
11222293000,s,172
11250580000,r,140
11250580000,r,1340
11258589000,r,1340
11258590000,r,396
11258590000,r,1036
11266738000,s,1340
11269096000,s,140
11269381000,s,172
11270259000,s,124
11274595000,r,124
11286580000,r,220
11315264000,s,124
14819081000,r,156
14819081000,r,140
14819082000,r,140
14822279000,s,124
14822941000,s,124
14826144000,s,124
14838618000,r,124
15844885000,s,140
15880873000,s,140
15881312000,s,140
15881442000,s,140
15902518000,r,204
15902518000,r,252
15921002000,s,1340
15923230000,s,1340
15925114000,s,172
15935870000,r,140
15938054000,r,1340
15950522000,r,1340
15950523000,r,396
15950523000,r,1036
15950524000,r,124
15956701000,s,1340
15964420000,r,124
15965654000,s,140
15966843000,s,172
15969097000,s,540
15970317000,s,124
15979712000,s,1340
15979848000,s,1340
15980729000,s,1340
15980901000,s,1340
15980927000,r,220
15981453000,s,1340
15981645000,s,1340
15981753000,s,1340
15981882000,s,1340
15982010000,s,1340
15982132000,s,1340
15986467000,r,124
15988038000,s,124
15994490000,r,124
15994491000,r,124
15994491000,r,124
15996664000,r,124
15996665000,r,124
15996665000,r,124
16029251000,r,844
16058264000,s,124
16098485000,r,124
16112749000,s,1340
16112957000,s,1340
16113768000,s,1340
16114113000,s,172
16130534000,r,140
16130534000,r,140
16130534000,r,1340
16130535000,r,1340
16138499000,r,1340
16138499000,r,396
16138499000,r,1052
16144641000,s,1340
16146623000,s,140
16147759000,s,172
16150900000,s,540
16152621000,s,1340
16152969000,s,1340
16153231000,s,428
16153766000,r,124
16162493000,r,220
16170536000,r,124
16170536000,r,124
16170536000,r,124
16170537000,r,124
16173725000,s,124
16180279000,r,348
16180279000,r,124
16183741000,s,124
16215573000,s,172
16216173000,s,988
16226517000,r,124
16233735000,r,124
16242530000,r,236
16242530000,r,252
16246020000,s,124
16272471000,s,124
16286502000,r,124
16312538000,s,1340
16312748000,s,1340
16313803000,s,172
16330493000,r,140
16330494000,r,1340
16337997000,r,1340
16337997000,r,396
16337997000,r,1052
16343746000,s,1340
16345824000,s,140
16346072000,s,172
16347717000,s,540
16349104000,s,1340
16349358000,s,812
16354491000,r,124
16360215000,r,220
16363063000,r,124
16363784000,r,124
16363784000,r,124
16365027000,s,124
16382492000,r,348
16382493000,r,332
16385123000,s,124
16426522000,r,124
16443338000,s,1340
16443908000,s,1340
16445139000,s,172
16458987000,r,140
16458987000,r,1340
16480748000,s,1340
16482498000,r,1340
16482498000,r,396
16482498000,r,1036
16482498000,r,124
16484812000,s,1340
16486241000,s,140
16486389000,s,172
16486487000,r,124
16486686000,s,124
16488117000,s,540
16488533000,s,1340
16488649000,s,508
16498313000,r,1340
16498313000,r,396
16499786000,s,620
16502489000,r,220
16503443000,s,124
16506548000,r,124
16506548000,r,124
16506549000,r,124
16508045000,s,124
16514325000,r,124
16514325000,r,348
16518497000,r,284
16519511000,s,124
16562531000,r,124
16562853000,s,1340
16563132000,s,1340
16563221000,s,1340
16563294000,s,172
16577934000,r,140
16577935000,r,140
16577935000,r,1340
16578276000,r,1340
16590506000,r,1340
16590506000,r,396
16590506000,r,1052
16592765000,s,1340
16593009000,s,124
16593580000,s,524
16594676000,s,1340
16594821000,s,444
16603794000,r,124
16608365000,r,220
16608366000,r,124
16609183000,r,124
16609183000,r,124
16611483000,s,124
16626502000,r,348
16626502000,r,220
16628635000,s,124
16661439000,s,172
16661667000,s,796
16670511000,r,124
16678543000,r,124
16690513000,r,236
16692218000,s,124
16734530000,r,124
16834639000,s,1340
16835155000,s,1340
16835308000,s,1340
16835612000,s,172
16850494000,r,140
16850494000,r,140
16850494000,r,1340
16850494000,r,1340
16860768000,r,1340
16860768000,r,396
16860769000,r,1036
16860769000,r,124
16866383000,s,1340
16868083000,s,140
16868308000,s,172
16870167000,s,540
16871699000,s,124
16872185000,s,1340
16873082000,s,1340
16873376000,s,1340
16873623000,s,1340
16874700000,s,1340
16875000000,s,396
16876999000,r,124
16882941000,r,220
16885883000,r,124
16886051000,r,124
16887681000,r,124
16887681000,r,124
16888490000,s,124
16889315000,r,124
16929100000,r,348
16929100000,r,124
16933236000,s,124
16973475000,r,124
17104279000,s,348
17104799000,s,1340
17105311000,s,1340
17105565000,s,1340
17105799000,s,1340
17106030000,s,1340
17106235000,s,1340
17106432000,s,1340
17106775000,s,1340
17107724000,s,860
17121698000,r,124
17121698000,r,124
17121698000,r,124
17121698000,r,124
17121699000,r,124
17151942000,s,124
17194485000,r,268
17194485000,r,124
17195805000,s,124
17235257000,r,124
18103971000,s,124
18143466000,s,124
18143893000,s,124
18144062000,s,124
18161766000,r,252
18161766000,r,236
18186165000,s,1340
18186757000,s,1340
18206924000,r,140
18206925000,r,1340
18214543000,r,1340
18214543000,r,412
18214544000,r,1036
18214544000,r,124
18223778000,s,140
18227307000,s,1340
18229341000,s,172
18237953000,s,172
18239507000,s,172
18242896000,r,140
18243246000,s,396
18245531000,s,1340
18245877000,s,1340
18246098000,s,140
18246372000,s,1340
18246919000,s,1340
18247219000,s,1340
18247430000,s,1340
18247718000,s,1340
18247919000,s,1340
18248970000,s,1340
18249238000,s,1340
18249695000,s,1340
18250086000,s,1340
18250361000,s,1340
18250728000,s,1340
18251002000,s,1340
18251253000,s,1340
18251529000,s,1340
18251795000,s,1340
18253671000,s,1340
18253947000,s,1340
18254189000,s,1340
18254431000,s,1340
18254833000,s,1340
18255826000,s,1340
18256132000,s,1340
18256406000,s,1340
18256683000,s,1340
18256933000,s,764
18258924000,r,220
18258924000,r,124
18261079000,r,124
18261079000,r,124
18261080000,r,124
18261725000,r,124
18261725000,r,124
18264795000,s,1340
18265103000,r,124
18265104000,r,124
18265104000,r,124
18265105000,r,124
18265105000,r,124
18269852000,s,1116
18270399000,r,124
18270400000,r,124
18270400000,r,124
18270401000,r,124
18270401000,r,124
18273667000,s,124
18282950000,r,140
18286579000,r,140
18294656000,r,1340
18294656000,r,396
18297663000,s,140
18297991000,s,140
18298532000,r,124
18301562000,s,220
18318634000,r,1100
18364422000,s,140
19378700000,r,1340
19378700000,r,1340
19378701000,r,1340
19378701000,r,1340
19378702000,r,1340
19378702000,r,1340
19378703000,r,1340
19378703000,r,1340
19379509000,r,1340
19379510000,r,1340
19379510000,r,1340
19379510000,r,1340
19379511000,r,1340
19379512000,r,1340
19379512000,r,1340
19379512000,r,1340
19379681000,r,1340
19379682000,r,1340
19379682000,r,1340
19379683000,r,1340
19379683000,r,1340
19379684000,r,1340
19379684000,r,1340
19379685000,r,1340
19379840000,r,1340
19379841000,r,1340
19379841000,r,1340
19379842000,r,1340
19379842000,r,1340
19379843000,r,1340
19379843000,r,1340
19379844000,r,1340
19379984000,r,1340
19379985000,r,1340
19379985000,r,1340
19379986000,r,1340
19380179000,r,1340
19380180000,r,1340
19380180000,r,1340
19380181000,r,1340
19380181000,r,1340
19393173000,s,124
19394822000,s,124
19403629000,s,124
19404730000,s,124
19410540000,r,1340
19410541000,r,1340
19410828000,r,1340
19410829000,r,1340
19411050000,s,124
19412118000,s,124
19412673000,s,124
19413719000,s,124
19413830000,r,1340
19413830000,r,1340
19413831000,r,1340
19414715000,s,124
19415542000,s,124
19417122000,s,124
19417647000,s,124
19418781000,s,124
19420229000,s,124
19421163000,s,124
19421614000,r,1340
19421615000,r,1340
19421615000,r,1340
19421616000,r,1340
19421616000,r,1340
19422861000,s,124
19424281000,r,1340
19424406000,s,124
19424281000,r,1340
19424281000,r,1340
19425205000,r,1340
19425205000,r,1340
19426373000,s,124
19426782000,s,124
19427045000,s,124
19427548000,s,140
19427738000,r,1340
19427738000,r,1340
19427738000,r,1308
19428441000,s,124
19429473000,s,124
19429750000,s,124
19431400000,s,124
19431607000,s,124
19432333000,s,124
19432595000,s,124
19432857000,s,124
19433930000,s,124
19434193000,s,124
19435755000,s,124
19463417000,s,124
19470861000,r,124