0,s,1340
38557000,s,1340
39006000,s,1340
59578000,r,1440
214911000,r,1440
219295000,r,1440
221582000,s,1340
1076973000,s,1340
1113839000,s,1340
1115145000,s,1340
1115351000,s,1340
1115390000,s,1340
1134569000,r,1440
1134569000,r,1440
1134569000,r,1440
1134570000,r,1440
1134570000,r,1440
1135708000,r,1440
1136141000,s,1340
1136279000,s,1340
1136338000,s,1340
1137038000,s,1340
1137198000,s,1340
1137544000,s,1340
1138110000,s,1340
1138337000,s,1340
1138558000,s,1340
1138689000,s,1340
1139059000,s,1340
1139299000,s,1340
1139456000,s,1340
1139610000,s,1340
1139743000,s,1340
1139871000,s,1340
1140002000,s,1340
1140135000,s,1340
1140265000,s,1340
1140672000,s,1340
1140823000,s,1340
1140957000,s,1340
1141077000,s,1340
1141752000,s,1340
1141815000,s,1340
1142554000,s,1340
1142711000,s,1340
1142850000,s,1340
1143097000,s,1340
1143166000,s,1340
1143245000,s,1340
1143696000,s,1340
1143851000,s,1340
1144008000,s,1340
1144399000,s,1340
1144534000,s,1340
1145578000,s,1340
1145720000,s,1340
1145853000,s,1340
1146168000,s,1340
1146298000,s,1340
1146522000,s,1340
1146612000,s,1340
1146688000,s,1340
1146758000,s,1340
1146831000,s,1340
1146997000,r,1440
1147030000,s,1340
1146997000,r,1440
1146998000,r,1440
1147344000,s,1340
1147487000,s,1340
1147622000,s,1340
1148134000,s,1340
1148257000,s,1340
1148369000,s,1340
1148595000,s,1340
1148725000,s,1340
1148844000,s,1340
1148956000,s,1340
1149587000,s,1340
1149723000,s,1340
1149815000,s,1340
1149899000,s,1340
1149988000,s,1340
1150067000,s,1340
1150154000,s,1340
1150234000,s,1340
1150306000,s,1340
1150383000,s,1340
1150501000,r,1440
1152960000,r,1440
1152960000,r,1440
1153388000,s,1340
1153589000,s,1340
1153724000,s,1340
1153853000,s,1340
1158342000,r,1440
1159209000,r,1440
1159634000,s,1340
1160877000,r,1440
1161606000,s,1340
1162214000,r,1440
1162215000,r,1440
1162810000,s,1340
1164125000,s,1340
1164932000,s,1340
1165483000,r,1440
1166654000,s,1340
1168460000,r,1440
1169622000,r,1440
1170574000,r,1440
1170977000,s,1340
1173443000,s,1340
1174746000,r,1440
1174746000,r,1440
1175577000,s,1340
1175652000,s,1340
1176028000,s,1340
1177198000,r,1440
1186220000,r,1440
1186615000,s,1340
1195020000,r,1440
1195662000,s,1340
1199868000,r,1440
1204849000,r,1440
1204849000,r,1440
1205188000,r,1440
1205395000,s,1340
1205473000,s,1340
1208085000,r,1440
1208085000,r,1440
1208085000,r,1440
1208086000,r,1440
1208086000,r,1440
1208086000,r,1440
1208086000,r,1440
1208086000,r,1440
1208238000,r,1440
1208238000,r,1440
1208822000,s,1340
1209054000,s,1340
1209193000,s,1340
1209310000,s,1340
1209428000,s,1340
1209550000,s,1340
1209668000,s,1340
1210419000,s,1340
1210539000,s,1340
1219585000,s,1340
1219590000,r,1440
1219590000,r,1440
1219591000,r,1440
1220471000,r,1440
1220728000,s,1340
1221191000,s,1340
1224741000,r,1440
1224866000,r,1440
1227677000,r,1440
1228215000,s,1340
1228289000,s,1340
1230296000,s,1340
1236525000,s,1340
1239428000,s,1340
1243137000,s,1340
1244486000,s,1340
1244669000,r,1440
1244778000,s,1340
1247873000,s,1340
1249888000,s,1340
1256609000,s,1340
1257616000,s,1340
1258756000,s,1340
1263776000,r,1440
1264794000,r,1440
1264794000,r,1440
1264794000,r,1440
1265589000,s,1340
1265627000,s,1340
1269127000,r,1440
1269127000,r,1440
1269127000,r,1440
1269127000,r,1440
1269127000,r,1440
1269127000,r,1440
1269849000,s,1340
1269953000,s,1340
1270027000,s,1340
1270082000,s,1340
1271539000,r,1440
1271539000,r,1440
1271539000,r,1440
1272114000,s,1340
1272404000,s,1340
1272468000,s,1340
1272779000,r,1440
1272779000,r,1440
1272779000,r,1440
1273144000,r,1440
1273144000,r,1440
1273144000,r,1440
1273340000,s,1340
1273616000,s,1340
1273922000,s,1340
1274010000,s,1340
1274684000,s,1340
1274737000,s,1340
1274764000,s,1340
1274785000,s,1340
1274819000,r,1440
1274819000,r,1440
1274819000,r,1440
1274819000,r,1440
1274819000,r,1440
1274908000,s,1340
1274820000,r,1440
1274820000,r,1440
1274820000,r,1440
1275016000,s,1340
1275296000,s,1340
1275397000,s,1340
1275488000,s,1340
1275584000,s,1340
1275666000,s,1340
1275743000,s,1340
1275832000,s,1340
1275861000,r,1440
1275897000,s,1340
1275977000,s,1340
1276057000,s,1340
1276133000,s,1340
1276211000,s,1340
1276284000,s,1340
1276362000,s,1340
1276552000,s,1340
1276665000,s,1340
1276751000,s,1340
1276821000,s,1340
1276997000,s,1340
1277086000,s,1340
1277152000,s,1340
1277329000,s,1340
1277458000,s,1340
1277667000,s,1340
1277791000,s,1340
1277882000,s,1340
1277968000,s,1340
1278923000,s,1340
1279149000,s,1340
1279337000,s,1340
1279429000,s,1340
1279730000,s,1340
1279826000,s,1340
1280223000,s,1340
1280272000,s,1340
1280395000,s,1340
1280454000,s,1340
1280808000,s,1340
1280871000,s,1340
1280913000,r,1440
1280993000,s,1340
1281182000,s,1340
1284812000,r,1440
1284812000,r,1440
1284813000,r,1440
1284813000,r,1440
1284813000,r,1440
1284813000,r,1440
1284813000,r,1440
1285593000,s,1340
1285701000,s,1340
1285783000,s,1340
1285879000,s,1340
1285951000,s,1340
1286018000,s,1340
1286811000,r,1440
1290597000,r,1440
1290597000,r,1440
1291040000,s,1340
1291327000,s,1340
1291449000,s,1340
1291744000,r,1440
1292126000,s,1340
1292162000,s,1340
1292753000,r,1440
1292753000,r,1440
1294113000,r,1440
1294649000,s,1340
1295869000,s,1340
1300855000,s,1340
1303205000,r,1440
1303206000,r,1440
1303330000,r,1440
1303935000,s,1340
1304076000,s,1340
1304233000,r,1440
1304382000,s,1340
1304781000,s,1340
1304899000,s,1340
1305001000,s,1340
1305088000,s,1340
1305169000,s,1340
1305379000,s,1340
1305608000,s,1340
1305705000,s,1340
1305792000,s,1340
1305894000,s,1340
1305984000,s,1340
1306067000,s,1340
1306399000,s,1340
1306504000,s,1340
1306594000,s,1340
1306626000,r,1440
1306991000,s,1340
1307097000,s,1340
1307179000,s,1340
1307297000,s,1340
1307376000,s,1340
1307561000,s,1340
1307705000,s,1340
1307827000,s,1340
1308156000,s,1340
1308253000,s,1340
1308338000,s,1340
1308657000,s,1340
1308743000,s,1340
1309032000,s,1340
1309082000,s,1340
1309206000,s,1340
1309381000,s,1340
1309465000,s,1340
1309515000,s,1340
1309985000,s,1340
1310211000,s,1340
1310389000,s,1340
1310414000,s,1340
1310501000,s,1340
1310740000,s,1340
1310833000,s,1340
1310913000,s,1340
1310984000,s,1340
1311066000,s,1340
1311387000,s,1340
1311460000,s,1340
1311768000,s,1340
1313051000,s,1340
1313358000,s,1340
1313474000,s,1340
1313785000,s,1340
1313813000,r,1440
1313813000,r,1440
1313813000,r,1440
1313955000,s,1340
1314176000,s,1340
1314291000,s,1340
1314446000,s,1340
1316101000,r,1440
1316101000,r,1440
1316623000,r,1440
1316624000,r,1440
1316929000,s,1340
1317114000,r,1440
1317202000,s,1340
1319090000,r,1440
1319444000,r,1440
1319602000,s,1340
1319691000,s,1340
1319728000,s,1340
1319744000,s,1340
1320019000,s,1340
1327257000,r,1440
1327689000,s,1340
1328755000,r,1440
1328755000,r,1440
1328756000,r,1440
1328756000,r,1440
1328756000,r,1440
1328756000,r,1440
1328756000,r,1440
1328757000,r,1440
1328887000,r,1440
1329501000,s,1340
1329674000,s,1340
1329761000,s,1340
1329792000,s,1340
1329810000,s,1340
1330341000,s,1340
1330431000,s,1340
1330453000,s,1340
1330538000,s,1340
1331418000,s,1340
1331637000,s,1340
1331729000,s,1340
1331830000,s,1340
1331875000,s,1340
1332432000,s,1340
1332650000,s,1340
1332780000,s,1340
1333845000,s,1340
1333993000,s,1340
1334389000,s,1340
1334564000,s,1340
1334725000,s,1340
1335363000,s,1340
1336342000,s,1340
1336741000,s,1340
1336921000,s,1340
1337090000,s,1340
1337373000,s,1340
1337572000,s,1340
1337704000,s,1340
1337816000,s,1340
1337983000,s,1340
1338710000,s,1340
1338907000,s,1340
1339064000,s,1340
1340226000,r,1440
1340300000,s,1340
1340601000,s,1340
1340738000,s,1340
1340849000,s,1340
1340961000,s,1340
1341084000,s,1340
1341191000,s,1340
1341298000,s,1340
1341507000,s,1340
1341598000,s,1340
1341619000,r,1440
1341651000,s,1340
1341620000,r,1440
1341620000,r,1440
1341620000,r,1440
1341620000,r,1440
1341620000,r,1440
1341888000,s,1340
1341961000,s,1340
1341998000,s,1340
1342075000,s,1340
1342092000,s,1340
1342114000,s,1340
1342208000,s,1340
1342324000,s,1340
1342412000,s,1340
1343232000,r,1440
1343232000,r,1440
1343233000,r,1440
1343233000,r,1440
1344020000,s,1340
1344137000,s,1340
1344355000,s,1340
1344449000,s,1340
1344533000,s,1340
1344592000,s,1340
1344669000,s,1340
1344879000,s,1340
1344927000,s,1340
1345008000,s,1340
1345720000,s,1340
1346020000,s,1340
1346067000,s,1340
1346102000,s,1340
1346184000,s,1340
1346225000,s,1340
1346293000,s,1340
1346946000,s,1340
1347029000,s,1340
1347082000,s,1340
1347477000,s,1340
1347669000,s,1340
1347761000,s,1340
1347837000,s,1340
1347914000,s,1340
1348084000,s,1340
1348167000,s,1340
1348531000,s,1340
1348573000,s,1340
1349102000,s,1340
1349262000,s,1340
1349421000,s,1340
1349694000,s,1340
1349742000,s,1340
1349907000,s,1340
1350354000,s,1340
1350590000,s,1340
1350669000,s,1340
1350813000,s,1340
1350890000,s,1340
1351523000,s,1340
1351626000,s,1340
1352691000,s,1340
1352769000,s,1340
1353913000,s,1340
1354129000,s,1340
1354213000,s,1340
1354392000,s,1340
1354490000,s,1340
1354662000,s,1340
1355532000,s,1340
1355629000,s,1340
1355678000,s,1340
1355710000,r,1440
1355710000,r,1440
1355710000,r,1440
1355710000,r,1440
1355710000,r,1440
1356042000,s,1340
1356233000,s,1340
1356352000,s,1340
1356449000,s,1340
1356564000,s,1340
1356960000,s,1340
1357021000,s,1340
1357144000,s,1340
1357267000,s,1340
1357332000,s,1340
1357715000,s,1340
1358570000,r,1440
1359089000,s,1340
1359115000,s,1340
1359132000,s,1340
1359142000,s,1340
1359151000,s,1340
1359162000,s,1340
1359485000,s,1340
1359535000,s,1340
1360298000,r,1440
1360372000,s,1340
1360529000,s,1340
1360832000,s,1340
1361247000,s,1340
1371561000,s,1340
1372718000,r,1440
1372718000,r,1440
1372718000,r,1440
1372812000,s,1340
1373165000,s,1340
1376854000,r,1440
1376897000,r,1440
1376897000,r,1440
1376897000,r,1440
1376897000,r,1440
1376897000,r,1440
1376897000,r,1440
1376897000,r,1440
1376898000,r,1440
1376940000,r,1440
1376941000,r,1440
1376941000,r,1440
1376941000,r,1440
1377267000,s,1340
1377327000,s,1340
1377349000,s,1340
1377465000,s,1340
1377962000,r,1440
1377962000,r,1440
1377963000,r,1440
1377963000,r,1440
1377963000,r,1440
1377963000,r,1440
1378362000,s,1340
1378400000,s,1340
1378414000,s,1340
1378423000,s,1340
1378432000,s,1340
1378440000,s,1340
1378462000,s,1340
1378471000,s,1340
1378479000,s,1340
1378486000,s,1340
1378493000,s,1340
1378501000,s,1340
1378508000,s,1340
1378515000,s,1340
1378523000,s,1340
1378531000,s,1340
1378538000,s,1340
1378546000,s,1340
1378553000,s,1340
1378560000,s,1340
1378567000,s,1340
1378581000,s,1340
1378588000,s,1340
1378596000,s,1340
1378604000,s,1340
1378957000,s,1340
1378976000,s,1340
1379164000,s,1340
1379309000,s,1340
1379367000,s,1340
1379446000,s,1340
1379491000,s,1340
1379764000,s,1340
1379804000,s,1340
1379882000,s,1340
1380954000,s,1340
1381112000,s,1340
1381180000,s,1340
1381326000,s,1340
1381510000,s,1340
1381701000,s,1340
1381844000,s,1340
1381983000,s,1340
1382147000,s,1340
1382315000,s,1340
1382428000,s,1340
1382519000,s,1340
1382586000,s,1340
1382714000,s,1340
1382775000,s,1340
1382944000,s,1340
1383093000,s,1340
1383147000,s,1340
1383218000,r,1440
1383218000,r,1440
1383218000,r,1440
1383337000,s,1340
1383458000,s,1340
1383575000,s,1340
1383661000,s,1340
1383750000,s,1340
1383902000,s,1340
1383974000,s,1340
1384160000,s,1340
1384253000,s,1340
1385294000,s,1340
1385572000,s,1340
1385607000,r,1440
1385664000,s,1340
1385678000,r,1440
1385730000,s,1340
1385810000,s,1340
1385896000,s,1340
1385976000,s,1340
1386058000,s,1340
1390116000,r,1440
1390755000,s,1340
1392251000,r,1440
1395204000,r,1440
1396666000,s,1340
1451163000,s,1340
1451306000,s,1340
1462174000,r,1440
1462174000,r,1440
1463660000,r,1440
1464395000,s,1340
1464503000,r,1440
1464503000,r,1440
1465335000,s,1340
1468989000,s,1340
1469711000,s,1340
1473686000,s,1340
1480730000,r,1440
1484059000,r,1440
1486065000,r,1440
1486657000,s,1340
1555239000,r,1440
1557254000,r,1440
1557954000,s,1340
1558145000,r,1440
1558912000,s,1340
1559225000,r,1440
1604183000,s,1340
1623038000,r,1440
1628606000,r,1440
1628606000,r,1440
1628606000,r,1440
1629608000,s,1340
1629797000,s,1340
1629919000,s,1340
1630025000,s,1340
1640127000,s,1340
1690732000,r,1440
1690732000,r,1440
1690732000,r,1440
1690733000,r,1440
1690733000,r,1440
1692020000,s,1340
1692154000,s,1340
1692183000,s,1340
1692203000,s,1340
1692222000,s,1340
1692242000,s,1340
1692260000,s,1340
1702210000,s,1340
1713359000,r,1440
1714352000,r,1440
1715327000,r,1440
1715856000,s,1340
1717021000,r,1440
1717022000,r,1440
1717894000,s,1340
1794585000,r,1440
1796047000,s,1340
1796797000,r,1440
1798055000,r,1440
1958948000,r,1440
1958948000,r,1440
1960312000,r,1440
1960337000,s,1340
1960475000,s,1340
1961665000,r,1440
2118238000,r,1440
2118238000,r,1440
2121654000,s,1340
4285629000,s,1340
4326053000,s,1340
4326521000,s,1340
4553146000,s,1340
5583838000,r,1440
5583839000,r,1440
5583839000,r,1440
5583840000,r,1440
5589418000,s,1340
5589862000,s,1340
5598783000,s,1340
5708930000,r,1440
5708931000,r,1440
5791501000,r,1440
5794047000,s,1340
5795626000,s,1340
5804308000,s,1340
5951515000,r,1440
5951516000,r,1440
5971364000,r,1440
5971857000,r,1440
5973835000,s,1340
5974278000,s,1340
6128911000,r,1440
6128912000,r,1440
6604251000,r,1440
6604251000,r,1440
6604252000,r,1440
6604252000,r,1440
6604253000,r,1440
6604253000,r,1440
6604254000,r,1440
6604254000,r,1440
6605294000,r,1440
6606041000,r,1440
6608461000,s,1340
6608887000,s,1340
6609094000,s,1340
6609358000,s,1340
6609558000,s,1340
6609945000,s,1340
6618248000,s,1340
6719464000,r,1440
6879471000,r,1440
6982846000,r,1440
6982846000,r,1440
6985513000,s,1340
6985845000,s,1340
7203627000,r,1440
7204768000,s,1340
7359377000,r,1440
9111669000,r,1440
9111669000,r,1440
9111669000,r,1440
9115297000,s,1340
9182287000,r,1440
9184387000,s,1340
9341332000,r,1440
9341332000,r,1440
9342088000,r,1440
9342089000,r,1440
9343677000,s,1340
9347339000,r,1440
9347340000,r,1440
9348946000,s,1340
9507370000,r,1440
9509834000,s,1340
9522652000,r,1440
9522653000,r,1440
9522653000,r,1440
9522654000,r,1440
9525044000,s,1340
9525364000,s,1340
11771430000,r,1440
11771430000,r,1440
11771431000,r,1440
11771431000,r,1440
11771432000,r,1440
11776347000,s,1340
11777052000,s,1340
11777498000,s,1340
11777722000,s,1340
11790132000,r,1440
11790133000,r,1440
11793702000,r,1440
11793703000,r,1440
11794724000,r,1440
11795746000,s,1340
11796074000,s,1340
11799293000,r,1440
11803162000,s,1340
11851294000,r,1440
11852449000,s,1340
14589887000,r,1440
14589888000,r,1440
16767353000,s,1340
16806969000,s,1340
16807461000,s,1340
20143517000,s,1340
20181572000,s,1340
20182009000,s,1340
20182166000,s,1340
20182198000,s,1340
20182223000,s,1340
20203168000,r,1440
20203168000,r,1440
20205186000,r,1440
20206344000,s,1340
20206390000,r,1440
20211204000,r,1440
20212749000,s,1340
20218292000,r,1440
20218292000,r,1440
20218292000,r,1440
20219018000,r,1440
20219019000,r,1440
20219019000,r,1440
20219019000,r,1440
20220276000,r,1440
20221390000,s,1340
20221801000,s,1340
20222040000,s,1340
20222371000,s,1340
20222717000,s,1340
20222966000,s,1340
20223627000,s,1340
20223981000,s,1340
20224279000,s,1340
20224587000,s,1340
20224875000,s,1340
20225157000,s,1340
20225426000,s,1340
20225718000,s,1340
20226015000,s,1340
20226316000,s,1340
20226603000,s,1340
20227019000,s,1340
20227496000,s,1340
20227800000,s,1340
20228135000,s,1340
20228481000,s,1340
20228793000,s,1340
20229120000,s,1340
20229608000,s,1340
20229948000,s,1340
20230285000,s,1340
20230598000,s,1340
20230935000,s,1340
20231435000,s,1340
20231784000,s,1340
20232108000,s,1340
20232487000,s,1340
20232785000,s,1340
20233489000,s,1340
20233815000,s,1340
20234106000,s,1340
20234384000,s,1340
20234671000,s,1340
20234927000,s,1340
20235178000,s,1340
20236509000,s,1340
20236864000,s,1340
20237200000,s,1340
20237529000,s,1340
20237856000,s,1340
20238149000,s,1340
20238433000,s,1340
20238712000,s,1340
20238957000,s,1340
20239369000,s,1340
20239669000,s,1340
20239951000,s,1340
20240202000,s,1340
20240465000,s,1340
20240722000,s,1340
20241003000,s,1340
20241264000,s,1340
20241523000,s,1340
20241768000,s,1340
20242051000,s,1340
20242334000,s,1340
20242627000,s,1340
20242783000,r,1440
20242913000,s,1340
20243300000,s,1340
20243586000,s,1340
20243862000,s,1340
20244074000,s,1340
20244279000,s,1340
20244557000,s,1340
20244825000,s,1340
20245096000,s,1340
20245365000,s,1340
20245626000,s,1340
20245914000,s,1340
20246204000,s,1340
20246452000,s,1340
20246685000,s,1340
20246925000,s,1340
20247283000,s,1340
20247549000,s,1340
20247806000,s,1340
20248054000,s,1340
20248310000,s,1340
20248539000,s,1340
20248773000,s,1340
20249023000,s,1340
20249322000,s,1340
20249567000,s,1340
20249806000,s,1340
20250040000,s,1340
20250274000,s,1340
20250529000,s,1340
20250787000,s,1340
20251048000,s,1340
20251404000,s,1340
20251700000,s,1340
20251948000,s,1340
20252188000,s,1340
20252429000,s,1340
20252676000,s,1340
20252951000,s,1340
20253205000,s,1340
20253468000,s,1340
20253736000,s,1340
20253999000,s,1340
20254270000,s,1340
20254529000,s,1340
20254802000,s,1340
20255044000,s,1340
20255390000,s,1340
20255675000,s,1340
20256088000,s,1340
20256361000,s,1340
20256626000,s,1340
20256906000,s,1340
20257155000,s,1340
20257415000,s,1340
20257661000,s,1340
20257948000,s,1340
20258211000,s,1340
20258460000,s,1340
20258730000,s,1340
20259014000,s,1340
20259354000,s,1340
20259641000,s,1340
20259924000,s,1340
20260190000,s,1340
20260443000,s,1340
20260687000,s,1340
20260928000,s,1340
20261187000,s,1340
20261463000,s,1340
20261714000,s,1340
20261968000,s,1340
20262225000,s,1340
20262553000,s,1340
20262802000,s,1340
20263034000,s,1340
20263428000,s,1340
20263676000,s,1340
20263858000,s,1340
20264025000,s,1340
20264201000,s,1340
20264363000,s,1340
20264553000,s,1340
20264758000,s,1340
20264951000,s,1340
20265131000,s,1340
20265332000,s,1340
20265505000,s,1340
20265669000,s,1340
20265829000,s,1340
20265987000,s,1340
20266161000,s,1340
20266363000,s,1340
20266538000,s,1340
20266700000,s,1340
20266862000,s,1340
20267000000,s,1340
20267154000,s,1340
20267401000,s,1340
20267580000,s,1340
20267748000,s,1340
20267911000,s,1340
20268070000,s,1340
20268231000,s,1340
20271289000,r,1440
20272158000,s,1340
20272484000,s,1340
20272711000,s,1340
20272895000,s,1340
20273185000,s,1340
20273433000,s,1340
20273695000,s,1340
20273967000,s,1340
20274401000,s,1340
20274661000,s,1340
20274924000,s,1340
20275164000,s,1340
20275626000,s,1340
20275904000,s,1340
20276370000,s,1340
20276633000,s,1340
20276877000,s,1340
20277145000,s,1340
20277401000,s,1340
20277651000,s,1340
20277925000,s,1340
20278186000,s,1340
20278423000,s,1340
20278643000,s,1340
20278865000,s,1340
20279119000,s,1340
20279480000,s,1340
20279747000,s,1340
20279974000,s,1340
20280222000,s,1340
20280450000,s,1340
20280679000,s,1340
20280914000,s,1340
20281167000,s,1340
20281396000,s,1340
20281625000,s,1340
20281855000,s,1340
20282090000,s,1340
20282338000,s,1340
20282567000,s,1340
20282815000,s,1340
20283071000,s,1340
20283421000,s,1340
20283679000,s,1340
20283920000,s,1340
20284146000,s,1340
20284396000,s,1340
20284833000,s,1340
20285074000,s,1340
20285300000,s,1340
20285540000,s,1340
20285775000,s,1340
20285997000,s,1340
20286231000,s,1340
20286488000,s,1340
20286713000,s,1340
20286956000,s,1340
20287176000,s,1340
20287582000,s,1340
20288090000,s,1340
20288362000,s,1340
20288559000,s,1340
20288745000,s,1340
20288993000,s,1340
20289215000,s,1340
20289437000,s,1340
20289686000,s,1340
20289953000,s,1340
20290174000,s,1340
20290400000,s,1340
20290625000,s,1340
20290866000,s,1340
20291091000,s,1340
20291423000,s,1340
20291671000,s,1340
20291924000,s,1340
20292147000,s,1340
20292369000,s,1340
20292597000,s,1340
20292822000,s,1340
20293043000,s,1340
20293270000,s,1340
20293491000,s,1340
20293707000,s,1340
20293953000,s,1340
20294171000,s,1340
20294386000,s,1340
20294612000,s,1340
20294831000,s,1340
20295072000,s,1340
20295390000,s,1340
20295633000,s,1340
20295858000,s,1340
20296277000,s,1340
20296537000,s,1340
20296772000,s,1340
20296997000,s,1340
20297248000,s,1340
20297472000,s,1340
20297699000,s,1340
20297934000,s,1340
20298194000,s,1340
20298469000,s,1340
20298729000,s,1340
20298976000,s,1340
20299348000,s,1340
20299614000,s,1340
20299872000,s,1340
20300111000,s,1340
20300386000,s,1340
20300652000,s,1340
20300912000,s,1340
20301162000,s,1340
20301428000,s,1340
20301681000,s,1340
20301924000,s,1340
20302190000,s,1340
20302446000,s,1340
20302704000,s,1340
20303284000,s,1340
20303811000,s,1340
20306471000,s,1340
20307867000,s,1340
20308148000,s,1340
20308512000,s,1340
20309037000,s,1340
20309591000,s,1340
20309900000,s,1340
20310157000,s,1340
20310399000,s,1340
20310643000,s,1340
20310873000,s,1340
20311131000,s,1340
20311673000,s,1340
20311948000,s,1340
20312205000,s,1340
20312437000,s,1340
20312669000,s,1340
20312901000,s,1340
20313166000,s,1340
20313436000,s,1340
20313686000,s,1340
20313945000,s,1340
20314217000,s,1340
20314918000,s,1340
20315353000,s,1340
20315797000,s,1340
20316067000,s,1340
20316344000,s,1340
20316606000,s,1340
20316875000,s,1340
20317135000,s,1340
20317421000,s,1340
20317704000,s,1340
20317978000,s,1340
20318252000,s,1340
20318548000,s,1340
20318812000,s,1340
20319071000,s,1340
20319430000,s,1340
20319711000,s,1340
20319966000,s,1340
20320228000,s,1340
20320480000,s,1340
20320753000,s,1340
20321010000,s,1340
20321260000,s,1340
20321494000,s,1340
20321777000,s,1340
20322018000,s,1340
20322266000,s,1340
20322522000,s,1340
20322788000,s,1340
20323059000,s,1340
20323437000,s,1340
20323717000,s,1340
20323963000,s,1340
20324221000,s,1340
20324461000,s,1340
20324692000,s,1340
20324967000,s,1340
20325211000,s,1340
20325458000,s,1340
20325700000,s,1340
20325962000,s,1340
20326201000,s,1340
20326447000,s,1340
20326688000,s,1340
20326947000,s,1340
20327380000,s,1340
20327658000,s,1340
20327856000,s,1340
20328008000,s,1340
20328198000,s,1340
20328373000,s,1340
20328547000,s,1340
20328722000,s,1340
20328874000,s,1340
20329066000,s,1340
20329237000,s,1340
20329410000,s,1340
20329611000,s,1340
20329894000,s,1340
20330103000,s,1340
20330276000,s,1340
20330432000,s,1340
20330592000,s,1340
20330752000,s,1340
20330913000,s,1340
20331051000,s,1340
20331594000,s,1340
20331854000,s,1340
20332309000,s,1340
20332532000,s,1340
20332717000,s,1340
20332920000,s,1340
20333096000,s,1340
20334502000,s,1340
20335271000,s,1340
20335918000,s,1340
20336615000,s,1340
20337407000,s,1340
20338012000,s,1340
20338694000,s,1340
20339574000,s,1340
20339886000,s,1340
20340549000,s,1340
20341172000,s,1340
20342401000,s,1340
20342846000,s,1340
20343079000,s,1340
20344137000,s,1340
20344768000,s,1340
20345458000,s,1340
20345780000,s,1340
20346239000,s,1340
20346500000,s,1340
20346748000,s,1340
20346988000,s,1340
20347318000,s,1340
20347564000,s,1340
20347786000,s,1340
20348220000,s,1340
20348511000,s,1340
20348853000,s,1340
20356405000,s,1340
20367330000,r,1440
20525671000,r,1440
20525672000,r,1440
20528368000,s,1340
23514305000,s,1340
23553609000,s,1340
23554034000,s,1340