0,s,1340
40452000,s,1340
40879000,s,1340
61541000,r,1440
61542000,r,1440
500988000,r,1440
505907000,s,1340
1906403000,s,1340
1911842000,s,1340
1922774000,r,1440
1924310000,r,1440
1924894000,s,1340
1925076000,s,1340
1925364000,s,1340
1926019000,s,1340
1926195000,r,1440
1926195000,r,1440
1926463000,s,1340
1926728000,r,1440
1926822000,s,1340
1927162000,s,1340
1927522000,s,1340
1927853000,s,1340
1928676000,s,1340
1928821000,s,1340
1936194000,r,1440
1936195000,r,1440
1938285000,s,1340
1940104000,r,1440
1940105000,r,1440
1941372000,s,1340
1941600000,s,1340
1942797000,r,1440
1944535000,s,1340
1944739000,r,1440
1945350000,r,1440
1946704000,r,1440
1947873000,s,1340
1947942000,r,1440
1949184000,r,1440
1950090000,s,1340
1951384000,s,1340
1955277000,r,1440
1955815000,s,1340
1957213000,r,1440
1958006000,s,1340
1958189000,s,1340
1958348000,s,1340
1958512000,s,1340
1958651000,s,1340
1958784000,s,1340
1958917000,s,1340
1959021000,s,1340
1959156000,s,1340
1959299000,s,1340
1959397000,r,1440
1959397000,r,1440
1959398000,r,1440
1959517000,s,1340
1959695000,s,1340
1959854000,s,1340
1960004000,s,1340
1960148000,s,1340
1960295000,s,1340
1965249000,r,1440
1968713000,r,1440
1968713000,r,1440
1969960000,s,1340
1970212000,s,1340
1970537000,s,1340
1973023000,r,1440
1980002000,s,1340
1980884000,r,1440
1980884000,r,1440
1980885000,r,1440
1982944000,s,1340
1989432000,r,1440
1989920000,s,1340
1990246000,s,1340
1990380000,s,1340
1990501000,s,1340
1990614000,s,1340
1990750000,s,1340
1990791000,s,1340
1990934000,s,1340
1991066000,s,1340
1991398000,s,1340
1991457000,r,1440
1991522000,s,1340
1991855000,s,1340
1992074000,s,1340
1992363000,r,1440
1992410000,s,1340
1992595000,s,1340
1992745000,s,1340
1992875000,s,1340
1993007000,s,1340
1993119000,s,1340
1993303000,s,1340
1993413000,s,1340
1993519000,s,1340
1993642000,s,1340
1993747000,s,1340
1993854000,s,1340
1993966000,s,1340
1994228000,s,1340
1994335000,s,1340
1994468000,s,1340
1994578000,s,1340
1994812000,s,1340
1995463000,s,1340
1995567000,s,1340
1995662000,s,1340
1995750000,s,1340
1995816000,s,1340
1995876000,s,1340
1995956000,s,1340
1996034000,s,1340
1996095000,s,1340
1996280000,s,1340
1996438000,s,1340
1996597000,s,1340
1996723000,s,1340
1997311000,s,1340
1997885000,s,1340
1997982000,s,1340
1998062000,s,1340
1998250000,s,1340
1998433000,s,1340
1998706000,s,1340
1998795000,s,1340
1998964000,s,1340
1999098000,s,1340
1999238000,s,1340
1999323000,s,1340
1999375000,s,1340
1999540000,r,1440
1999812000,s,1340
2001738000,r,1440
2005243000,r,1440
2005243000,r,1440
2005243000,r,1440
2005243000,r,1440
2005243000,r,1440
2005243000,r,1440
2005244000,r,1440
2005574000,s,1340
2005783000,s,1340
2005894000,s,1340
2006394000,r,1440
2006394000,r,1440
2006394000,r,1440
2006394000,r,1440
2006394000,r,1440
2006395000,r,1440
2006395000,r,1440
2006395000,r,1440
2006510000,r,1440
2006510000,r,1440
2006510000,r,1440
2006510000,r,1440
2006875000,r,1440
2006971000,s,1340
2007197000,s,1340
2007312000,s,1340
2007453000,s,1340
2007730000,s,1340
2007855000,s,1340
2008185000,s,1340
2008358000,s,1340
2011708000,r,1440
2011708000,r,1440
2014341000,r,1440
2014910000,s,1340
2014967000,s,1340
2015185000,r,1440
2017152000,r,1440
2017152000,r,1440
2017533000,s,1340
2017606000,s,1340
2017712000,s,1340
2019906000,r,1440
2019906000,r,1440
2023727000,s,1340
2023888000,r,1440
2024334000,s,1340
2025442000,s,1340
2032982000,r,1440
2034068000,r,1440
2035675000,r,1440
2035951000,s,1340
2036687000,s,1340
2037254000,s,1340
2037959000,r,1440
2040513000,r,1440
2040513000,r,1440
2041000000,s,1340
2044815000,s,1340
2044884000,s,1340
2044904000,s,1340
2044934000,s,1340
2051224000,r,1440
2051224000,r,1440
2053430000,s,1340
2053887000,r,1440
2053887000,r,1440
2053887000,r,1440
2053887000,r,1440
2054281000,s,1340
2055448000,r,1440
2055448000,r,1440
2055895000,s,1340
2055963000,s,1340
2055978000,s,1340
2056153000,s,1340
2056197000,s,1340
2056377000,s,1340
2056492000,s,1340
2056615000,s,1340
2056828000,s,1340
2056918000,s,1340
2056982000,s,1340
2057586000,s,1340
2057656000,s,1340
2057745000,r,1440
2057746000,r,1440
2057746000,r,1440
2058032000,s,1340
2058144000,s,1340
2058145000,r,1440
2058145000,r,1440
2058145000,r,1440
2058240000,s,1340
2058324000,s,1340
2058412000,r,1440
2058417000,s,1340
2058412000,r,1440
2058412000,r,1440
2058507000,s,1340
2058593000,s,1340
2058677000,s,1340
2058765000,s,1340
2058848000,s,1340
2058936000,s,1340
2059023000,s,1340
2059120000,s,1340
2059199000,s,1340
2059285000,s,1340
2059374000,s,1340
2059454000,s,1340
2059542000,s,1340
2059696000,s,1340
2059804000,r,1440
2059804000,r,1440
2059804000,r,1440
2059804000,r,1440
2059804000,r,1440
2059805000,r,1440
2059891000,s,1340
2060026000,s,1340
2060125000,s,1340
2060182000,s,1340
2060204000,s,1340
2060220000,s,1340
2060235000,s,1340
2060250000,s,1340
2060406000,s,1340
2060583000,s,1340
2060673000,s,1340
2060741000,s,1340
2060805000,s,1340
2060867000,s,1340
2060927000,s,1340
2061081000,s,1340
2061249000,s,1340
2061371000,s,1340
2061619000,s,1340
2061700000,s,1340
2061996000,s,1340
2062068000,s,1340
2062125000,s,1340
2062313000,s,1340
2062397000,s,1340
2062494000,s,1340
2062579000,s,1340
2062625000,s,1340
2063151000,s,1340
2063266000,s,1340
2063366000,s,1340
2063589000,s,1340
2063675000,s,1340
2063759000,s,1340
2064160000,s,1340
2064205000,s,1340
2064219000,s,1340
2064289000,s,1340
2064366000,s,1340
2064435000,s,1340
2064493000,s,1340
2064967000,s,1340
2066545000,s,1340
2066642000,r,1440
2066642000,r,1440
2066642000,r,1440
2066643000,r,1440
2066643000,r,1440
2066643000,r,1440
2066750000,s,1340
2066643000,r,1440
2066903000,s,1340
2067024000,s,1340
2067106000,s,1340
2067160000,s,1340
2067271000,s,1340
2067343000,s,1340
2067407000,s,1340
2067449000,s,1340
2067486000,s,1340
2067523000,s,1340
2067767000,s,1340
2067837000,s,1340
2067892000,s,1340
2067944000,s,1340
2067996000,s,1340
2068149000,r,1440
2068149000,r,1440
2068149000,r,1440
2068149000,r,1440
2068150000,r,1440
2068150000,r,1440
2068150000,r,1440
2068217000,s,1340
2068333000,s,1340
2068443000,s,1340
2068555000,s,1340
2068640000,s,1340
2068790000,s,1340
2069030000,s,1340
2069091000,s,1340
2069139000,s,1340
2069282000,s,1340
2069386000,s,1340
2069470000,s,1340
2069615000,s,1340
2069716000,s,1340
2069735000,s,1340
2069786000,s,1340
2070391000,r,1440
2070391000,r,1440
2070391000,r,1440
2070391000,r,1440
2070391000,r,1440
2070391000,r,1440
2070391000,r,1440
2070391000,r,1440
2070745000,s,1340
2070841000,s,1340
2070904000,s,1340
2071340000,s,1340
2071470000,s,1340
2071659000,s,1340
2071704000,r,1440
2071704000,r,1440
2071704000,r,1440
2071704000,r,1440
2071764000,s,1340
2071831000,s,1340
2072082000,s,1340
2072155000,s,1340
2072247000,s,1340
2073545000,r,1440
2073995000,s,1340
2074106000,s,1340
2075008000,s,1340
2075329000,r,1440
2075329000,r,1440
2075329000,r,1440
2075329000,r,1440
2075738000,s,1340
2076960000,r,1440
2076960000,r,1440
2077341000,s,1340
2081080000,r,1440
2081080000,r,1440
2081080000,r,1440
2081337000,s,1340
2081389000,s,1340
2081415000,s,1340
2081813000,s,1340
2082516000,s,1340
2082571000,s,1340
2082778000,r,1440
2085193000,r,1440
2085193000,r,1440
2085430000,s,1340
2086528000,r,1440
2086528000,r,1440
2086528000,r,1440
2086958000,s,1340
2087073000,s,1340
2087118000,s,1340
2087143000,s,1340
2087264000,s,1340
2087359000,s,1340
2087452000,s,1340
2087504000,s,1340
2088593000,s,1340
2088638000,s,1340
2088707000,s,1340
2089687000,s,1340
2089935000,s,1340
2090042000,s,1340
2090194000,s,1340
2090222000,r,1440
2090222000,r,1440
2090315000,s,1340
2090356000,s,1340
2090471000,s,1340
2090534000,s,1340
2090648000,s,1340
2090708000,s,1340
2091122000,s,1340
2091232000,s,1340
2091559000,s,1340
2091613000,s,1340
2092002000,s,1340
2092241000,s,1340
2092340000,s,1340
2092442000,s,1340
2092642000,s,1340
2092716000,r,1440
2092829000,s,1340
2092928000,s,1340
2093029000,s,1340
2093126000,s,1340
2093347000,s,1340
2093450000,s,1340
2093697000,s,1340
2093867000,s,1340
2093964000,s,1340
2094109000,s,1340
2094220000,s,1340
2094384000,s,1340
2094551000,s,1340
2094642000,s,1340
2094795000,s,1340
2094987000,s,1340
2095082000,s,1340
2095326000,s,1340
2095429000,s,1340
2095499000,s,1340
2095741000,s,1340
2095836000,s,1340
2096117000,s,1340
2096207000,s,1340
2096300000,s,1340
2096478000,s,1340
2096770000,s,1340
2096956000,s,1340
2097226000,r,1440
2097226000,r,1440
2097838000,s,1340
2097926000,s,1340
2097942000,s,1340
2097952000,s,1340
2098090000,s,1340
2098247000,s,1340
2098313000,s,1340
2098509000,s,1340
2098599000,s,1340
2098661000,s,1340
2098792000,s,1340
2098903000,s,1340
2098971000,s,1340
2099164000,s,1340
2099301000,s,1340
2099381000,s,1340
2099455000,s,1340
2099623000,s,1340
2099759000,s,1340
2099849000,s,1340
2100031000,s,1340
2100207000,s,1340
2100331000,s,1340
2100516000,s,1340
2100608000,s,1340
2100810000,s,1340
2100956000,s,1340
2101114000,s,1340
2101234000,r,1440
2101234000,r,1440
2101234000,r,1440
2101234000,r,1440
2101364000,s,1340
2101519000,s,1340
2101685000,s,1340
2101846000,s,1340
2101896000,s,1340
2102908000,s,1340
2103017000,s,1340
2103254000,s,1340
2103414000,s,1340
2103453000,r,1440
2103504000,s,1340
2103453000,r,1440
2103802000,s,1340
2103916000,s,1340
2104022000,s,1340
2104132000,s,1340
2104708000,s,1340
2104799000,s,1340
2104866000,s,1340
2105861000,s,1340
2105934000,s,1340
2106842000,r,1440
2106842000,r,1440
2106842000,r,1440
2106842000,r,1440
2106842000,r,1440
2106842000,r,1440
2106842000,r,1440
2106843000,r,1440
2106945000,r,1440
2106945000,r,1440
2107389000,s,1340
2107505000,s,1340
2107643000,s,1340
2107666000,s,1340
2107677000,s,1340
2107804000,s,1340
2108202000,r,1440
2109826000,r,1440
2109826000,r,1440
2109826000,r,1440
2110312000,s,1340
2111386000,r,1440
2111807000,s,1340
2113444000,s,1340
2114974000,r,1440
2114974000,r,1440
2114974000,r,1440
2114974000,r,1440
2114975000,r,1440
2115507000,s,1340
2115554000,s,1340
2115566000,s,1340
2115638000,s,1340
2115704000,s,1340
2116788000,s,1340
2116937000,s,1340
2117098000,s,1340
2117150000,s,1340
2117516000,s,1340
2117596000,s,1340
2117630000,s,1340
2117872000,s,1340
2118254000,r,1440
2118737000,s,1340
2119139000,r,1440
2119314000,s,1340
2121200000,r,1440
2121200000,r,1440
2121200000,r,1440
2121200000,r,1440
2121200000,r,1440
2121200000,r,1440
2121200000,r,1440
2121201000,r,1440
2121306000,r,1440
2121306000,r,1440
2121576000,s,1340
2121607000,s,1340
2121732000,s,1340
2121813000,s,1340
2121875000,s,1340
2121922000,s,1340
2121965000,s,1340
2125198000,r,1440
2125198000,r,1440
2125198000,r,1440
2125198000,r,1440
2125199000,r,1440
2125683000,s,1340
2125721000,s,1340
2125733000,s,1340
2126481000,s,1340
2126754000,s,1340
2136133000,s,1340
2137769000,r,1440
2137769000,r,1440
2153982000,s,1340
2156232000,r,1440
2156232000,r,1440
2157765000,s,1340
2161772000,s,1340
2167662000,s,1340
2177094000,r,1440
2177095000,r,1440
2177095000,r,1440
2177095000,r,1440
2177095000,r,1440
2177095000,r,1440
2177095000,r,1440
2178267000,r,1440
2178267000,r,1440
2178268000,r,1440
2178332000,s,1340
2178405000,s,1340
2178490000,s,1340
2178533000,s,1340
2178546000,s,1340
2178594000,s,1340
2178672000,s,1340
2178686000,s,1340
2178893000,s,1340
2179064000,r,1440
2179064000,r,1440
2179065000,r,1440
2179065000,r,1440
2179065000,r,1440
2179065000,r,1440
2179065000,r,1440
2179065000,r,1440
2179147000,r,1440
2179147000,r,1440
2179147000,r,1440
2179147000,r,1440
2179147000,r,1440
2179147000,r,1440
2179147000,r,1440
2179147000,r,1440
2179181000,r,1440
2179181000,r,1440
2179181000,r,1440
2179181000,r,1440
2179181000,r,1440
2179206000,s,1340
2179354000,s,1340
2179486000,s,1340
2180087000,s,1340
2180235000,s,1340
2180271000,s,1340
2180284000,s,1340
2180331000,s,1340
2180429000,s,1340
2180463000,s,1340
2180475000,s,1340
2180504000,s,1340
2180709000,s,1340
2180777000,r,1440
2180792000,s,1340
2180777000,r,1440
2180777000,r,1440
2180777000,r,1440
2180777000,r,1440
2180777000,r,1440
2180777000,r,1440
2180777000,r,1440
2180872000,r,1440
2180872000,r,1440
2180872000,r,1440
2180872000,r,1440
2180872000,r,1440
2180872000,r,1440
2181298000,s,1340
2181367000,s,1340
2181433000,s,1340
2181491000,s,1340
2181573000,s,1340
2181644000,s,1340
2181711000,s,1340
2181767000,s,1340
2181849000,s,1340
2181907000,s,1340
2181963000,s,1340
2182023000,s,1340
2182086000,s,1340
2182151000,s,1340
2182219000,s,1340
2182301000,s,1340
2182391000,s,1340
2184165000,r,1440
2187463000,r,1440
2187464000,r,1440
2187464000,r,1440
2187464000,r,1440
2187464000,r,1440
2187464000,r,1440
2187465000,r,1440
2187465000,r,1440
2187613000,r,1440
2187613000,r,1440
2187945000,r,1440
2188261000,s,1340
2188333000,s,1340
2188364000,s,1340
2188443000,s,1340
2188510000,s,1340
2188570000,s,1340
2188707000,r,1440
2188759000,s,1340
2188788000,s,1340
2188858000,s,1340
2188986000,s,1340
2189014000,s,1340
2189133000,s,1340
2189406000,s,1340
2189571000,s,1340
2189729000,s,1340
2190030000,s,1340
2190172000,s,1340
2190749000,s,1340
2190848000,s,1340
2190992000,s,1340
2191075000,r,1440
2191123000,s,1340
2191075000,r,1440
2191075000,r,1440
2191075000,r,1440
2191076000,r,1440
2191076000,r,1440
2191076000,r,1440
2191076000,r,1440
2191198000,r,1440
2191198000,r,1440
2191223000,s,1340
2191198000,r,1440
2191199000,r,1440
2191199000,r,1440
2191496000,s,1340
2191676000,s,1340
2191839000,s,1340
2191894000,s,1340
2191957000,s,1340
2192038000,s,1340
2192088000,s,1340
2192190000,s,1340
2192292000,s,1340
2192415000,s,1340
2192513000,s,1340
2192611000,s,1340
2192708000,s,1340
2192793000,s,1340
2192954000,s,1340
2193046000,s,1340
2193197000,r,1440
2193197000,r,1440
2193197000,r,1440
2193306000,s,1340
2193401000,s,1340
2193493000,s,1340
2193514000,r,1440
2193514000,r,1440
2193514000,r,1440
2193576000,s,1340
2193662000,s,1340
2193750000,s,1340
2193838000,s,1340
2193936000,s,1340
2194015000,s,1340
2194091000,s,1340
2194167000,s,1340
2194248000,s,1340
2194441000,s,1340
2194530000,s,1340
2194732000,s,1340
2194859000,r,1440
2194859000,r,1440
2194860000,r,1440
2194860000,r,1440
2194860000,r,1440
2194860000,r,1440
2194860000,r,1440
2194860000,r,1440
2194967000,r,1440
2194967000,r,1440
2194967000,r,1440
2195408000,s,1340
2195484000,s,1340
2195532000,s,1340
2195586000,s,1340
2195623000,s,1340
2195724000,s,1340
2195794000,s,1340
2195847000,s,1340
2195899000,s,1340
2195922000,s,1340
2195973000,s,1340
2196022000,s,1340
2196068000,s,1340
2196120000,s,1340
2196140000,s,1340
2196187000,s,1340
2196231000,s,1340
2196277000,s,1340
2196324000,s,1340
2196366000,s,1340
2196399000,s,1340
2196456000,s,1340
2196502000,s,1340
2196886000,s,1340
2197264000,s,1340
2197291000,s,1340
2197307000,s,1340
2197321000,s,1340
2197334000,s,1340
2197433000,s,1340
2197554000,s,1340
2197749000,s,1340
2197841000,s,1340
2197910000,s,1340
2198162000,s,1340
2198314000,s,1340
2198391000,s,1340
2198455000,s,1340
2198570000,s,1340
2198692000,s,1340
2198847000,s,1340
2198999000,s,1340
2199109000,s,1340
2199359000,s,1340
2199460000,s,1340
2199646000,s,1340
2199774000,s,1340
2199866000,s,1340
2199955000,s,1340
2200325000,s,1340
2200408000,s,1340
2200493000,s,1340
2200579000,s,1340
2200580000,r,1440
2200580000,r,1440
2200580000,r,1440
2200974000,s,1340
2201116000,s,1340
2201496000,s,1340
2201608000,s,1340
2201700000,s,1340
2201796000,s,1340
2201887000,s,1340
2201952000,r,1440
2201952000,r,1440
2201952000,r,1440
2201952000,r,1440
2201953000,r,1440
2201953000,r,1440
2201953000,r,1440
2201953000,r,1440
2202059000,r,1440
2202060000,r,1440
2202060000,r,1440
2202060000,r,1440
2202060000,r,1440
2202060000,r,1440
2202060000,r,1440
2202060000,r,1440
2202096000,r,1440
2202096000,r,1440
2202096000,r,1440
2202096000,r,1440
2202097000,r,1440
2202097000,r,1440
2202097000,r,1440
2202097000,r,1440
2202164000,r,1440
2202164000,r,1440
2202164000,r,1440
2202165000,r,1440
2202176000,s,1340
2202165000,r,1440
2202165000,r,1440
2202165000,r,1440
2202165000,r,1440
2202196000,r,1440
2202280000,s,1340
2202353000,r,1440
2202353000,r,1440
2202353000,r,1440
2202587000,s,1340
2202857000,s,1340
2203021000,s,1340
2203127000,s,1340
2203255000,s,1340
2203301000,s,1340
2203317000,s,1340
2203373000,s,1340
2203400000,s,1340
2203511000,s,1340
2203537000,s,1340
2203557000,s,1340
2203695000,s,1340
2203716000,s,1340
2203725000,s,1340
2203733000,s,1340
2203740000,s,1340
2203748000,s,1340
2203756000,s,1340
2203766000,s,1340
2203774000,s,1340
2203783000,s,1340
2203794000,s,1340
2203802000,s,1340
2203811000,s,1340
2203819000,s,1340
2203848000,s,1340
2204219000,s,1340
2204317000,s,1340
2204455000,s,1340
2204642000,s,1340
2204775000,s,1340
2204888000,s,1340
2204933000,r,1440
2204933000,r,1440
2204933000,r,1440
2204933000,r,1440
2204933000,r,1440
2204933000,r,1440
2204934000,r,1440
2204934000,r,1440
2205045000,r,1440
2205048000,s,1340
2205045000,r,1440
2205046000,r,1440
2205046000,r,1440
2205046000,r,1440
2205046000,r,1440
2205046000,r,1440
2205046000,r,1440
2205106000,r,1440
2205106000,r,1440
2205106000,r,1440
2205106000,r,1440
2205106000,r,1440
2205106000,r,1440
2205107000,r,1440
2205107000,r,1440
2205143000,s,1340
2205153000,r,1440
2205153000,r,1440
2205153000,r,1440
2205154000,r,1440
2205154000,r,1440
2205806000,s,1340
2205906000,s,1340
2206357000,s,1340
2206432000,s,1340
2206504000,s,1340
2206705000,s,1340
2206792000,s,1340
2207110000,s,1340
2207159000,s,1340
2207242000,s,1340
2207337000,s,1340
2207398000,s,1340
2207438000,r,1440
2207482000,s,1340
2207438000,r,1440
2207439000,r,1440
2207439000,r,1440
2207439000,r,1440
2207439000,r,1440
2207567000,s,1340
2207627000,s,1340
2207696000,s,1340
2207790000,s,1340
2207880000,s,1340
2207964000,s,1340
2208038000,s,1340
2208130000,s,1340
2208217000,s,1340
2208317000,s,1340
2208411000,s,1340
2208505000,s,1340
2208591000,s,1340
2208684000,s,1340
2208783000,s,1340
2208879000,s,1340
2208925000,r,1440
2208925000,r,1440
2208925000,r,1440
2208925000,r,1440
2208925000,r,1440
2208925000,r,1440
2208926000,r,1440
2208926000,r,1440
2208962000,s,1340
2208973000,r,1440
2208973000,r,1440
2208973000,r,1440
2208973000,r,1440
2209048000,s,1340
2209123000,s,1340
2209249000,s,1340
2209330000,s,1340
2209404000,s,1340
2209492000,s,1340
2209584000,s,1340
2209670000,s,1340
2209754000,s,1340
2209844000,s,1340
2209934000,s,1340
2210023000,s,1340
2210112000,s,1340
2210208000,s,1340
2210318000,s,1340
2210442000,s,1340
2210532000,s,1340
2210615000,s,1340
2210950000,s,1340
2211062000,s,1340
2211129000,s,1340
2211334000,s,1340
2211532000,s,1340
2211676000,s,1340
2211827000,s,1340
2212012000,s,1340
2212177000,s,1340
2212385000,s,1340
2212427000,s,1340
2212525000,s,1340
2212583000,s,1340
2213410000,s,1340
2213487000,s,1340
2213545000,s,1340
2213975000,s,1340
2214037000,r,1440
2214037000,r,1440
2214037000,r,1440
2214037000,r,1440
2214037000,r,1440
2214037000,r,1440
2214162000,s,1340
2214354000,s,1340
2214530000,s,1340
2214600000,r,1440
2214600000,r,1440
2214600000,r,1440
2214600000,r,1440
2214600000,r,1440
2214601000,r,1440
2214700000,s,1340
2214601000,r,1440
2214601000,r,1440
2214727000,r,1440
2214727000,r,1440
2214727000,r,1440
2214728000,r,1440
2214828000,r,1440
2214828000,r,1440
2214829000,r,1440
2214829000,r,1440
2214829000,r,1440
2214829000,r,1440
2214895000,s,1340
2214987000,s,1340
2215067000,s,1340
2215182000,s,1340
2215362000,s,1340
2215393000,s,1340
2215408000,s,1340
2215420000,s,1340
2215431000,s,1340
2215442000,s,1340
2215456000,s,1340
2215544000,s,1340
2215629000,s,1340
2215699000,s,1340
2215764000,s,1340
2215825000,s,1340
2215883000,s,1340
2215940000,s,1340
2215996000,s,1340
2216006000,r,1440
2216006000,r,1440
2216006000,r,1440
2216006000,r,1440
2216057000,s,1340
2216006000,r,1440
2216006000,r,1440
2216007000,r,1440
2216007000,r,1440
2216085000,r,1440
2216085000,r,1440
2216085000,r,1440
2216085000,r,1440
2216085000,r,1440
2216085000,r,1440
2216085000,r,1440
2216135000,s,1340
2216186000,s,1340
2216232000,s,1340
2216278000,s,1340
2216322000,s,1340
2216363000,s,1340
2216407000,s,1340
2216452000,s,1340
2216727000,r,1440
2216727000,r,1440
2216727000,r,1440
2216728000,r,1440
2216728000,r,1440
2216728000,r,1440
2216728000,r,1440
2216728000,r,1440
2216802000,r,1440
2217032000,s,1340
2217152000,s,1340
2217226000,s,1340
2217378000,s,1340
2217540000,s,1340
2217768000,r,1440
2217768000,r,1440
2217768000,r,1440
2217768000,r,1440
2217768000,r,1440
2217769000,r,1440
2217769000,r,1440
2217769000,r,1440
2217854000,r,1440
2217854000,r,1440
2217854000,r,1440
2217854000,r,1440
2217854000,r,1440
2217854000,r,1440
2218261000,s,1340
2218306000,s,1340
2218320000,s,1340
2218330000,s,1340
2218339000,s,1340
2218362000,s,1340
2218380000,s,1340
2218399000,s,1340
2218421000,s,1340
2218434000,s,1340
2218445000,s,1340
2218454000,s,1340
2218466000,s,1340
2218479000,s,1340
2218490000,s,1340
2218594000,s,1340
2218693000,s,1340
2218779000,s,1340
2218866000,s,1340
2218943000,s,1340
2219018000,s,1340
2219098000,s,1340
2219172000,s,1340
2219242000,s,1340
2219326000,s,1340
2219391000,s,1340
2219469000,s,1340
2219547000,s,1340
2219612000,s,1340
2219679000,s,1340
2219768000,s,1340
2219827000,s,1340
2219878000,s,1340
2219955000,s,1340
2220028000,s,1340
2220167000,s,1340
2220248000,s,1340
2220316000,s,1340
2220381000,s,1340
2220549000,s,1340
2220824000,s,1340
2220920000,s,1340
2224791000,r,1440
2224791000,r,1440
2224791000,r,1440
2230128000,s,1340
2230383000,s,1340
2230478000,s,1340
2230529000,s,1340
2230577000,s,1340
2230637000,s,1340
2230685000,s,1340
2230732000,s,1340
2230796000,s,1340
2230852000,s,1340
2230911000,s,1340
2230950000,s,1340
2231004000,s,1340
2231072000,s,1340
2231121000,s,1340
2231176000,s,1340
2231251000,s,1340
2231330000,s,1340
2231401000,s,1340
2232200000,r,1440
2232200000,r,1440
2232200000,r,1440
2232200000,r,1440
2232200000,r,1440
2232200000,r,1440
2232201000,r,1440
2232201000,r,1440
2232318000,r,1440
2232318000,r,1440
2232318000,r,1440
2232318000,r,1440
2232318000,r,1440
2232318000,r,1440
2232318000,r,1440
2232318000,r,1440
2232347000,r,1440
2232347000,r,1440
2232348000,r,1440
2232348000,r,1440
2232348000,r,1440
2232772000,s,1340
2232818000,s,1340
2232949000,s,1340
2233074000,s,1340
2233109000,s,1340
2233269000,s,1340
2233350000,s,1340
2233412000,s,1340
2233530000,s,1340
2233724000,s,1340
2233744000,s,1340
2233754000,s,1340
2233761000,s,1340
2233944000,s,1340
2233960000,s,1340
2233968000,s,1340
2233978000,s,1340
2233986000,s,1340
2233992000,s,1340
2233999000,s,1340
2234007000,s,1340
2234127000,r,1440
2234127000,r,1440
2234127000,r,1440
2234127000,r,1440
2234127000,r,1440
2234127000,r,1440
2234127000,r,1440
2234127000,r,1440
2234208000,r,1440
2234208000,r,1440
2234208000,r,1440
2234208000,r,1440
2234208000,r,1440
2234208000,r,1440
2234208000,r,1440
2234208000,r,1440
2234238000,r,1440
2234238000,r,1440
2234238000,r,1440
2234238000,r,1440
2234238000,r,1440
2234239000,r,1440
2234239000,r,1440
2234239000,r,1440
2234267000,r,1440
2234268000,r,1440
2234268000,r,1440
2234268000,r,1440
2234268000,r,1440
2234268000,r,1440
2234505000,s,1340
2234540000,s,1340
2234636000,s,1340
2234649000,s,1340
2234669000,s,1340
2234687000,s,1340
2234696000,s,1340
2234754000,s,1340
2234837000,s,1340
2234904000,s,1340
2234952000,s,1340
2234996000,s,1340
2235043000,s,1340
2235091000,s,1340
2235137000,s,1340
2235186000,s,1340
2235196000,r,1440
2235196000,r,1440
2235197000,r,1440
2235239000,s,1340
2235197000,r,1440
2235197000,r,1440
2235197000,r,1440
2235197000,r,1440
2235197000,r,1440
2235263000,r,1440
2235263000,r,1440
2235263000,r,1440
2235263000,r,1440
2235263000,r,1440
2235263000,r,1440
2235263000,r,1440
2235288000,s,1340
2235332000,s,1340
2235377000,s,1340
2235421000,s,1340
2235470000,s,1340
2235518000,s,1340
2235563000,s,1340
2235606000,s,1340
2235652000,s,1340
2235697000,s,1340
2235742000,s,1340
2235786000,s,1340
2235826000,s,1340
2235870000,s,1340
2235929000,s,1340
2235974000,s,1340
2236073000,s,1340
2236231000,s,1340
2236722000,r,1440
2236723000,r,1440
2236723000,r,1440
2236723000,r,1440
2236723000,r,1440
2236888000,s,1340
2236984000,s,1340
2237061000,s,1340
2237110000,s,1340
2237155000,s,1340
2237259000,s,1340
2237563000,s,1340
2238342000,r,1440
2238343000,r,1440
2238343000,r,1440
2238343000,r,1440
2238343000,r,1440
2238343000,r,1440
2238343000,r,1440
2238343000,r,1440
2238399000,s,1340
2238407000,r,1440
2239017000,r,1440
2239017000,r,1440
2239017000,r,1440
2239018000,r,1440
2239056000,s,1340
2239018000,r,1440
2239018000,r,1440
2239105000,r,1440
2239105000,r,1440
2239105000,r,1440
2239105000,r,1440
2239105000,r,1440
2239106000,r,1440
2239184000,s,1340
2239528000,r,1440
2239528000,r,1440
2239528000,r,1440
2239528000,r,1440
2239528000,r,1440
2239529000,r,1440
2239833000,r,1440
2239834000,r,1440
2239834000,r,1440
2239971000,r,1440
2239971000,r,1440
2239972000,r,1440
2240179000,s,1340
2240239000,s,1340
2240260000,s,1340
2240278000,s,1340
2240296000,s,1340
2240313000,s,1340
2240328000,s,1340
2240342000,s,1340
2240486000,s,1340
2240605000,s,1340
2240650000,s,1340
2240726000,s,1340
2240774000,s,1340
2240848000,s,1340
2240878000,s,1340
2241104000,s,1340
2241163000,s,1340
2241210000,s,1340
2241226000,s,1340
2241236000,s,1340
2241247000,s,1340
2241402000,r,1440
2241402000,r,1440
2241402000,r,1440
2241403000,r,1440
2241403000,r,1440
2241461000,s,1340
2241578000,s,1340
2241669000,s,1340
2241850000,s,1340
2241927000,s,1340
2241984000,s,1340
2242063000,s,1340
2242146000,s,1340
2242206000,s,1340
2242284000,s,1340
2242357000,s,1340
2242434000,s,1340
2242509000,s,1340
2242577000,s,1340
2242651000,s,1340
2242725000,s,1340
2242805000,s,1340
2242888000,s,1340
2243075000,s,1340
2243222000,s,1340
2243374000,s,1340
2243456000,s,1340
2243547000,s,1340
2243634000,s,1340
2243663000,s,1340
2243755000,s,1340
2243818000,s,1340
2243889000,s,1340
2243959000,s,1340
2244020000,s,1340
2244127000,s,1340
2244739000,s,1340
2244851000,s,1340
2244937000,s,1340
2246046000,s,1340
2246259000,s,1340
2246348000,s,1340
2246492000,s,1340
2246825000,s,1340
2246948000,s,1340
2247176000,s,1340
2247253000,s,1340
2247310000,s,1340
2247498000,s,1340
2247642000,s,1340
2247736000,s,1340
2247919000,s,1340
2248064000,s,1340
2248149000,s,1340
2257226000,r,1440
2257226000,r,1440
2257226000,r,1440
2257226000,r,1440
2257226000,r,1440
2257226000,r,1440
2257227000,r,1440
2258950000,s,1340
2259017000,s,1340
2259038000,s,1340
2259049000,s,1340
2259060000,s,1340
2259071000,s,1340
2259085000,s,1340
2259096000,s,1340
2259108000,s,1340
2259118000,s,1340
2259133000,s,1340
2259144000,s,1340
2259154000,s,1340
2259168000,s,1340
2259178000,s,1340
2259190000,s,1340
2259201000,s,1340
2259210000,s,1340
2259219000,s,1340
2259232000,s,1340
2259242000,s,1340
2259252000,s,1340
2259262000,s,1340
2259272000,s,1340
2259282000,s,1340
2259292000,s,1340
2259302000,s,1340
2259315000,s,1340
2259325000,s,1340
2259739000,r,1440
2259739000,r,1440
2259739000,r,1440
2259740000,r,1440
2259740000,r,1440
2259740000,r,1440
2259740000,r,1440
2259740000,r,1440
2259987000,s,1340
2260034000,s,1340
2260122000,s,1340
2260159000,s,1340
2269224000,r,1440
2269225000,r,1440
2269225000,r,1440
2269225000,r,1440
2269225000,r,1440
2269225000,r,1440
2269226000,r,1440
2269226000,r,1440
2269391000,r,1440
2269391000,r,1440
2269391000,r,1440
2269860000,s,1340
2269975000,s,1340
2270060000,s,1340
2270080000,r,1440
2270080000,r,1440
2270080000,r,1440
2270723000,s,1340
2272030000,r,1440
2272060000,s,1340
2272174000,s,1340
2272262000,s,1340
2272438000,r,1440
2273497000,s,1340
2273572000,s,1340
2273596000,s,1340
2273716000,r,1440
2273727000,s,1340
2278357000,r,1440
2278504000,r,1440
2279021000,r,1440
2279021000,r,1440
2279585000,s,1340
2279766000,s,1340
2280197000,s,1340
2282666000,r,1440
2282667000,r,1440
2282667000,r,1440
2282667000,r,1440
2282667000,r,1440
2282667000,r,1440
2282667000,r,1440
2282667000,r,1440
2282791000,r,1440
2282791000,r,1440
2283242000,s,1340
2283294000,s,1340
2283676000,s,1340
2283863000,s,1340
2284451000,s,1340
2284499000,s,1340
2284513000,s,1340
2285227000,r,1440
2285228000,r,1440
2285228000,r,1440
2285228000,r,1440
2285228000,r,1440
2286218000,s,1340
2286284000,s,1340
2286862000,r,1440
2286862000,r,1440
2286863000,r,1440
2287121000,s,1340
2287263000,s,1340
2287376000,s,1340
2287485000,s,1340
2287597000,s,1340
2287745000,s,1340
2287793000,s,1340
2288003000,s,1340
2288028000,s,1340
2288160000,s,1340
2288196000,s,1340
2288271000,s,1340
2288441000,s,1340
2288638000,s,1340
2288708000,s,1340
2288938000,r,1440
2288938000,r,1440
2288938000,r,1440
2288938000,r,1440
2289071000,s,1340
2289363000,s,1340
2289607000,s,1340
2289719000,s,1340
2289821000,s,1340
2289918000,s,1340
2290018000,s,1340
2290116000,s,1340
2290204000,s,1340
2290300000,s,1340
2290398000,r,1440
2290406000,s,1340
2290518000,s,1340
2290629000,s,1340
2290742000,s,1340
2290851000,s,1340
2290955000,s,1340
2291320000,s,1340
2291702000,s,1340
2291940000,s,1340
2292062000,s,1340
2292328000,s,1340
2292413000,s,1340
2292493000,s,1340
2292572000,s,1340
2292735000,s,1340
2292926000,s,1340
2293089000,s,1340
2293201000,r,1440
2293201000,r,1440
2293201000,r,1440
2293446000,s,1340
2293636000,s,1340
2293672000,s,1340
2293696000,s,1340
2293716000,s,1340
2293732000,s,1340
2293821000,s,1340
2294032000,s,1340
2294254000,s,1340
2294453000,s,1340
2294674000,s,1340
2294841000,s,1340
2294951000,r,1440
2294951000,r,1440
2295002000,s,1340
2294952000,r,1440
2294952000,r,1440
2295264000,s,1340
2295362000,s,1340
2295453000,s,1340
2295530000,s,1340
2295611000,s,1340
2295693000,s,1340
2295762000,s,1340
2295827000,s,1340
2295900000,s,1340
2295968000,s,1340
2296095000,r,1440
2296138000,s,1340
2296095000,r,1440
2296095000,r,1440
2296095000,r,1440
2296249000,s,1340
2296368000,s,1340
2296485000,s,1340
2296566000,s,1340
2296646000,s,1340
2296722000,s,1340
2296797000,s,1340
2296868000,s,1340
2297103000,s,1340
2297226000,s,1340
2297423000,s,1340
2297509000,s,1340
2297749000,s,1340
2297830000,s,1340
2298000000,s,1340
2298103000,s,1340
2298184000,s,1340
2298299000,s,1340
2298454000,s,1340
2298547000,s,1340
2301643000,s,1340
2302391000,r,1440
2302392000,r,1440
2302392000,r,1440
2302392000,r,1440
2302392000,r,1440
2302392000,r,1440
2302392000,r,1440
2302392000,r,1440
2302518000,r,1440
2302518000,r,1440
2302518000,r,1440
2302518000,r,1440
2302518000,r,1440
2302518000,r,1440
2302518000,r,1440
2302519000,r,1440
2302558000,r,1440
2302558000,r,1440
2302558000,r,1440
2302558000,r,1440
2302558000,r,1440
2302558000,r,1440
2302558000,r,1440
2303130000,s,1340
2303222000,s,1340
2303361000,s,1340
2303459000,s,1340
2303733000,s,1340
2303816000,s,1340
2304487000,r,1440
2304487000,r,1440
2304487000,r,1440
2304488000,r,1440
2304488000,r,1440
2304488000,r,1440
2304488000,r,1440
2304488000,r,1440
2304592000,r,1440
2304593000,r,1440
2304593000,r,1440
2304593000,r,1440
2304593000,r,1440
2304593000,r,1440
2304593000,r,1440
2304593000,r,1440
2304786000,r,1440
2304786000,r,1440
2304786000,r,1440
2305079000,s,1340
2305204000,r,1440
2305206000,s,1340
2305429000,s,1340
2306164000,r,1440
2306164000,r,1440
2307783000,r,1440
2307783000,r,1440
2307783000,r,1440
2307783000,r,1440
2308901000,r,1440
2308902000,r,1440
2308902000,r,1440
2311387000,r,1440
2311387000,r,1440
2311388000,r,1440
2311388000,r,1440
2311388000,r,1440
2311388000,r,1440
2311388000,r,1440
2311708000,r,1440
2311708000,r,1440
2311708000,r,1440
2314036000,s,1340
2314104000,s,1340
2314117000,s,1340
2314127000,s,1340
2314138000,s,1340
2314147000,s,1340
2314155000,s,1340
2314165000,s,1340
2314173000,s,1340
2314181000,s,1340
2314189000,s,1340
2314199000,s,1340
2314208000,s,1340
2314217000,s,1340
2314225000,s,1340
2314235000,s,1340
2314244000,s,1340
2314252000,s,1340
2314261000,s,1340
2314269000,s,1340
2314277000,s,1340
2314286000,s,1340
2314295000,s,1340
2314304000,s,1340
2314311000,s,1340
2314319000,s,1340
2314329000,s,1340
2314337000,s,1340
2314345000,s,1340
2314354000,s,1340
2314362000,s,1340
2314369000,s,1340
2314482000,s,1340
2314493000,s,1340
2314502000,s,1340
2314510000,s,1340
2314519000,s,1340
2314527000,s,1340
2314535000,s,1340
2314543000,s,1340
2314592000,r,1440
2314592000,r,1440
2314592000,r,1440
2314592000,r,1440
2314592000,r,1440
2314730000,s,1340
2314592000,r,1440
2314593000,r,1440
2314593000,r,1440
2314760000,s,1340
2314759000,r,1440
2314760000,r,1440
2314760000,r,1440
2314773000,s,1340
2314760000,r,1440
2314760000,r,1440
2314760000,r,1440
2314784000,s,1340
2314760000,r,1440
2314760000,r,1440
2314794000,s,1340
2314798000,r,1440
2314802000,s,1340
2314798000,r,1440
2315585000,s,1340
2315702000,s,1340
2315803000,s,1340
2315871000,r,1440
2315871000,r,1440
2315871000,r,1440
2315977000,s,1340
2316103000,s,1340
2316226000,s,1340
2316277000,s,1340
2316328000,s,1340
2316442000,s,1340
2316521000,s,1340
2316588000,s,1340
2316634000,s,1340
2316679000,s,1340
2316761000,s,1340
2316809000,s,1340
2316977000,s,1340
2317056000,s,1340
2317126000,s,1340
2317214000,s,1340
2317462000,r,1440
2317462000,r,1440
2317462000,r,1440
2317462000,r,1440
2317462000,r,1440
2317499000,s,1340
2317462000,r,1440
2317550000,s,1340
2317587000,s,1340
2317621000,s,1340
2317954000,s,1340
2318060000,s,1340
2318112000,s,1340
2318148000,s,1340
2318180000,s,1340
2318212000,s,1340
2318399000,s,1340
2318544000,s,1340
2318737000,s,1340
2318970000,s,1340
2319109000,s,1340
2319223000,s,1340
2320289000,s,1340
2320376000,s,1340
2320504000,s,1340
2320684000,s,1340
2320753000,s,1340
2320916000,s,1340
2320956000,s,1340
2321064000,s,1340
2321251000,s,1340
2321381000,s,1340
2321543000,s,1340
2321667000,s,1340
2321859000,s,1340
2322025000,s,1340
2322284000,s,1340
2322353000,s,1340
2322492000,s,1340
2322754000,s,1340
2322827000,s,1340
2322900000,s,1340
2323094000,r,1440
2323094000,r,1440
2323094000,r,1440
2323094000,r,1440
2323094000,r,1440
2323239000,s,1340
2323334000,s,1340
2323492000,s,1340
2323648000,s,1340
2323728000,s,1340
2323804000,s,1340
2323875000,s,1340
2323942000,s,1340
2324013000,s,1340
2324145000,s,1340
2324388000,s,1340
2325001000,s,1340
2325026000,s,1340
2325040000,s,1340
2325053000,s,1340
2325064000,s,1340
2325074000,s,1340
2325119000,s,1340
2325318000,s,1340
2325475000,s,1340
2325644000,s,1340
2325711000,s,1340
2325868000,s,1340
2325911000,s,1340
2326023000,s,1340
2326147000,s,1340
2326332000,s,1340
2326398000,s,1340
2327404000,s,1340
2327494000,s,1340
2327562000,s,1340
2327716000,s,1340
2327786000,s,1340
2327926000,s,1340
2328034000,s,1340
2328276000,s,1340
2328323000,s,1340
2328607000,s,1340
2330096000,r,1440
2330096000,r,1440
2330096000,r,1440
2330932000,s,1340
2331911000,r,1440
2331945000,s,1340
2331911000,r,1440
2331911000,r,1440
2331911000,r,1440
2331911000,r,1440
2331911000,r,1440
2331911000,r,1440
2331911000,r,1440
2332502000,s,1340
2332541000,s,1340
2332550000,s,1340
2332596000,s,1340
2333201000,r,1440
2333201000,r,1440
2333201000,r,1440
2333691000,s,1340
2333732000,r,1440
2333732000,r,1440
2333732000,r,1440
2333732000,r,1440
2333732000,r,1440
2333732000,r,1440
2333732000,r,1440
2333732000,r,1440
2333777000,r,1440
2333777000,r,1440
2333777000,r,1440
2333777000,r,1440
2333777000,r,1440
2333777000,r,1440
2333778000,r,1440
2333863000,s,1340
2333942000,s,1340
2334046000,s,1340
2334092000,s,1340
2334338000,s,1340
2334371000,s,1340
2334479000,s,1340
2334758000,s,1340
2335180000,r,1440
2335180000,r,1440
2335180000,r,1440
2335596000,s,1340
2336465000,r,1440
2340672000,r,1440
2340672000,r,1440
2340672000,r,1440
2340673000,r,1440
2341324000,s,1340
2341438000,s,1340
2341687000,r,1440
2341796000,s,1340
2341905000,s,1340
2343795000,r,1440
2343795000,r,1440
2343795000,r,1440
2343795000,r,1440
2343795000,r,1440
2343795000,r,1440
2343795000,r,1440
2343795000,r,1440
2343905000,r,1440
2343905000,r,1440
2343905000,r,1440
2344220000,s,1340
2344346000,s,1340
2344551000,s,1340
2345334000,s,1340
2345976000,r,1440
2345976000,r,1440
2347008000,r,1440
2347008000,r,1440
2347008000,r,1440
2347008000,r,1440
2347555000,s,1340
2347661000,s,1340
2348726000,s,1340
2350047000,r,1440
2350047000,r,1440
2350047000,r,1440
2350047000,r,1440
2350047000,r,1440
2350047000,r,1440
2350047000,r,1440
2350048000,r,1440
2350530000,s,1340
2350585000,s,1340
2351327000,r,1440
2351327000,r,1440
2351840000,s,1340
2352564000,r,1440
2352564000,r,1440
2352564000,r,1440
2352564000,r,1440
2352564000,r,1440
2352564000,r,1440
2352564000,r,1440
2352564000,r,1440
2352656000,r,1440
2352656000,r,1440
2353122000,s,1340
2353312000,s,1340
2353378000,s,1340
2353822000,s,1340
2353963000,s,1340
2354090000,s,1340
2354215000,s,1340
2354395000,r,1440
2354395000,r,1440
2354395000,r,1440
2354395000,r,1440
2354395000,r,1440
2354395000,r,1440
2354395000,r,1440
2354395000,r,1440
2354460000,s,1340
2354464000,r,1440
2354464000,r,1440
2354557000,s,1340
2354634000,s,1340
2354714000,s,1340
2354796000,s,1340
2354826000,r,1440
2354827000,r,1440
2354827000,r,1440
2354958000,s,1340
2354994000,s,1340
2355013000,s,1340
2355021000,s,1340
2355032000,s,1340
2355110000,s,1340
2355195000,s,1340
2355264000,s,1340
2355325000,s,1340
2355417000,s,1340
2355480000,s,1340
2355538000,s,1340
2355594000,s,1340
2355649000,s,1340
2355789000,s,1340
2355961000,s,1340
2356103000,s,1340
2356275000,s,1340
2356288000,r,1440
2356342000,s,1340
2356289000,r,1440
2356289000,r,1440
2356289000,r,1440
2356289000,r,1440
2356289000,r,1440
2356289000,r,1440
2356493000,s,1340
2356597000,s,1340
2356676000,s,1340
2356747000,s,1340
2356822000,s,1340
2356901000,s,1340
2357054000,s,1340
2357265000,s,1340
2357330000,s,1340
2357463000,s,1340
2357591000,s,1340
2357672000,s,1340
2357877000,s,1340
2357952000,s,1340
2358134000,s,1340
2358336000,s,1340
2358395000,s,1340
2358486000,s,1340
2358577000,s,1340
2358693000,s,1340
2358742000,s,1340
2358921000,s,1340
2358992000,s,1340
2359096000,r,1440
2359096000,r,1440
2359136000,s,1340
2359205000,s,1340
2359319000,s,1340
2359460000,s,1340
2359555000,s,1340
2359636000,s,1340
2359843000,s,1340
2359915000,s,1340
2360059000,s,1340
2360193000,s,1340
2360311000,s,1340
2360365000,s,1340
2361203000,s,1340
2361292000,s,1340
2361962000,s,1340
2362055000,s,1340
2362365000,s,1340
2363273000,r,1440
2363273000,r,1440
2363273000,r,1440
2363274000,r,1440
2363274000,r,1440
2363274000,r,1440
2363274000,r,1440
2363274000,r,1440
2363354000,r,1440
2363354000,r,1440
2363354000,r,1440
2363354000,r,1440
2363370000,r,1440
2363370000,r,1440
2363370000,r,1440
2364091000,s,1340
2364118000,s,1340
2364128000,s,1340
2364136000,s,1340
2364143000,s,1340
2364149000,s,1340
2364155000,s,1340
2364160000,s,1340
2364177000,s,1340
2364530000,s,1340
2364572000,s,1340
2364777000,s,1340
2364825000,s,1340
2364839000,r,1440
2364839000,r,1440
2364839000,r,1440
2364839000,r,1440
2364839000,r,1440
2364839000,r,1440
2364839000,r,1440
2364840000,r,1440
2364923000,r,1440
2364923000,r,1440
2364923000,r,1440
2364924000,r,1440
2364924000,r,1440
2364924000,r,1440
2364924000,r,1440
2364924000,r,1440
2364953000,r,1440
2364973000,r,1440
2364973000,r,1440
2364973000,r,1440
2365292000,r,1440
2365516000,s,1340
2365559000,s,1340
2365573000,s,1340
2365583000,s,1340
2365594000,s,1340
2365603000,s,1340
2365612000,s,1340
2365636000,s,1340
2365821000,s,1340
2365904000,s,1340
2366110000,s,1340
2366178000,s,1340
2366234000,s,1340
2366293000,s,1340
2366356000,s,1340
2366455000,s,1340
2366594000,s,1340
2366727000,s,1340
2366837000,s,1340
2366942000,s,1340
2367042000,s,1340
2367143000,s,1340
2367245000,s,1340
2367344000,s,1340
2367444000,s,1340
2367539000,s,1340
2367639000,s,1340
2367732000,s,1340
2367832000,s,1340
2367933000,s,1340
2368036000,s,1340
2368086000,s,1340
2368366000,s,1340
2368421000,s,1340
2368467000,r,1440
2368467000,r,1440
2368467000,r,1440
2368779000,s,1340
2368815000,s,1340
2368827000,s,1340
2368882000,s,1340
2369920000,s,1340
2370085000,s,1340
2370395000,s,1340
2370529000,r,1440
2370543000,s,1340
2370529000,r,1440
2370529000,r,1440
2370529000,r,1440
2370529000,r,1440
2370530000,r,1440
2370612000,s,1340
2370668000,s,1340
2370715000,s,1340
2370805000,s,1340
2370845000,s,1340
2370863000,s,1340
2370903000,s,1340
2371825000,s,1340
2371875000,s,1340
2372455000,s,1340
2372535000,s,1340
2372553000,s,1340
2372696000,s,1340
2372883000,s,1340
2372962000,s,1340
2373198000,s,1340
2373307000,s,1340
2373476000,s,1340
2373621000,s,1340
2373698000,s,1340
2373770000,s,1340
2373994000,s,1340
2374031000,s,1340
2374086000,s,1340
2374418000,s,1340
2374512000,s,1340
2374585000,s,1340
2374760000,s,1340
2374871000,s,1340
2375058000,s,1340
2375292000,s,1340
2377190000,r,1440
2377190000,r,1440
2377190000,r,1440
2377190000,r,1440
2377422000,s,1340
2377496000,r,1440
2377496000,r,1440
2377496000,r,1440
2377496000,r,1440
2377496000,r,1440
2377496000,r,1440
2377641000,s,1340
2377858000,s,1340
2377963000,s,1340
2378510000,r,1440
2378510000,r,1440
2378511000,r,1440
2379350000,s,1340
2379822000,s,1340
2381231000,r,1440
2381231000,r,1440
2381231000,r,1440
2381231000,r,1440
2381231000,r,1440
2381231000,r,1440
2381231000,r,1440
2381231000,r,1440
2381316000,r,1440
2381316000,r,1440
2381316000,r,1440
2381316000,r,1440
2381316000,r,1440
2381458000,s,1340
2381912000,s,1340
2382010000,s,1340
2382280000,r,1440
2382280000,r,1440
2382280000,r,1440
2382280000,r,1440
2382280000,r,1440
2382280000,r,1440
2382281000,r,1440
2382281000,r,1440
2382347000,r,1440
2382653000,s,1340
2382827000,s,1340
2382844000,s,1340
2382900000,r,1440
2382901000,r,1440
2382901000,r,1440
2382901000,r,1440
2382901000,r,1440
2382901000,r,1440
2382901000,r,1440
2382901000,r,1440
2382961000,r,1440
2382961000,r,1440
2383706000,s,1340
2384157000,s,1340
2384249000,s,1340
2384435000,s,1340
2384937000,r,1440
2386519000,r,1440
2386520000,r,1440
2386520000,r,1440
2386520000,r,1440
2386520000,r,1440
2386520000,r,1440
2386520000,r,1440
2386520000,r,1440
2386585000,r,1440
2386927000,s,1340
2386967000,s,1340
2388396000,s,1340
2388588000,s,1340
2388782000,s,1340
2388889000,s,1340
2388913000,r,1440
2388913000,r,1440
2388913000,r,1440
2388913000,r,1440
2388913000,r,1440
2388914000,r,1440
2388914000,r,1440
2388914000,r,1440
2389013000,r,1440
2389013000,r,1440
2389014000,r,1440
2389014000,r,1440
2389014000,r,1440
2389014000,r,1440
2389014000,r,1440
2389373000,s,1340
2389478000,s,1340
2389544000,s,1340
2389599000,s,1340
2389665000,s,1340
2389824000,r,1440
2389824000,r,1440
2389824000,r,1440
2389824000,r,1440
2389824000,r,1440
2389824000,r,1440
2389824000,r,1440
2389824000,r,1440
2389881000,r,1440
2389881000,r,1440
2389881000,r,1440
2389881000,r,1440
2389881000,r,1440
2389881000,r,1440
2389882000,r,1440
2389967000,s,1340
2390059000,s,1340
2390173000,s,1340
2390219000,s,1340
2390238000,s,1340
2390292000,s,1340
2390367000,s,1340
2390723000,s,1340
2390759000,s,1340
2390823000,r,1440
2390847000,s,1340
2390823000,r,1440
2390823000,r,1440
2390823000,r,1440
2390823000,r,1440
2390823000,r,1440
2390823000,r,1440
2390823000,r,1440
2390888000,r,1440
2390888000,r,1440
2390888000,r,1440
2390888000,r,1440
2390888000,r,1440
2390888000,r,1440
2390927000,s,1340
2391059000,s,1340
2391144000,s,1340
2391267000,s,1340
2391309000,s,1340
2391335000,s,1340
2391352000,s,1340
2391428000,s,1340
2391514000,s,1340
2391586000,s,1340
2391656000,s,1340
2391731000,s,1340
2391787000,s,1340
2391857000,s,1340
2391975000,s,1340
2392047000,s,1340
2392116000,s,1340
2392249000,s,1340
2392392000,s,1340
2392568000,s,1340
2392636000,s,1340
2392796000,s,1340
2392969000,s,1340
2393091000,s,1340
2393244000,s,1340
2393360000,s,1340
2393414000,s,1340
2393534000,s,1340
2393737000,s,1340
2393827000,s,1340
2393909000,s,1340
2393995000,s,1340
2394167000,s,1340
2394250000,s,1340
2394371000,s,1340
2394423000,s,1340
2394796000,s,1340
2394925000,s,1340
2395022000,s,1340
2395111000,s,1340
2395200000,s,1340
2395292000,s,1340
2395402000,s,1340
2396233000,r,1440
2396382000,s,1340
2396450000,s,1340
2397754000,s,1340
2397798000,s,1340
2397924000,s,1340
2398115000,s,1340
2398326000,s,1340
2398324000,r,1440
2398324000,r,1440
2398324000,r,1440
2398324000,r,1440
2398324000,r,1440
2398324000,r,1440
2398324000,r,1440
2398324000,r,1440
2398411000,r,1440
2398411000,r,1440
2398411000,r,1440
2398411000,r,1440
2398423000,s,1340
2398411000,r,1440
2398411000,r,1440
2398411000,r,1440
2398560000,s,1340
2398655000,s,1340
2398837000,s,1340
2398908000,s,1340
2398973000,s,1340
2399046000,s,1340
2399117000,s,1340
2399245000,s,1340
2399294000,r,1440
2399295000,r,1440
2399295000,r,1440
2399295000,r,1440
2399295000,r,1440
2399295000,r,1440
2399404000,s,1340
2399469000,s,1340
2399673000,s,1340
2399717000,s,1340
2399729000,s,1340
2399832000,s,1340
2400336000,s,1340
2400447000,s,1340
2400517000,s,1340
2400581000,s,1340
2400721000,s,1340
2400932000,s,1340
2401066000,s,1340
2401327000,s,1340
2401427000,s,1340
2401497000,s,1340
2401613000,s,1340
2401674000,s,1340
2402277000,s,1340
2403261000,s,1340
2403324000,s,1340
2403351000,s,1340
2403668000,s,1340
2403673000,r,1440
2403674000,r,1440
2403674000,r,1440
2403674000,r,1440
2403674000,r,1440
2403674000,r,1440
2403741000,s,1340
2403674000,r,1440
2403827000,s,1340
2404090000,s,1340
2404212000,s,1340
2404251000,r,1440
2404251000,r,1440
2404251000,r,1440
2404289000,s,1340
2404356000,s,1340
2404408000,s,1340
2404490000,s,1340
2404563000,s,1340
2404793000,r,1440
2404793000,r,1440
2404793000,r,1440
2404793000,r,1440
2404793000,r,1440
2404793000,r,1440
2405262000,s,1340
2405335000,s,1340
2405741000,s,1340
2405777000,r,1440
2405777000,r,1440
2405777000,r,1440
2405777000,r,1440
2406190000,s,1340
2409191000,r,1440
2409192000,r,1440
2409192000,r,1440
2409192000,r,1440
2409192000,r,1440
2409192000,r,1440
2409192000,r,1440
2409192000,r,1440
2409247000,r,1440
2409247000,r,1440
2409247000,r,1440
2409247000,r,1440
2409248000,r,1440
2409447000,r,1440
2409447000,r,1440
2409448000,r,1440
2409448000,r,1440
2409448000,r,1440
2409448000,r,1440
2409448000,r,1440
2409448000,r,1440
2409487000,r,1440
2409585000,s,1340
2409622000,s,1340
2409734000,s,1340
2409800000,r,1440
2409800000,r,1440
2409800000,r,1440
2410028000,s,1340
2410115000,s,1340
2410182000,s,1340
2410233000,s,1340
2410285000,s,1340
2410349000,s,1340
2410410000,s,1340
2410792000,s,1340
2410860000,s,1340
2410921000,s,1340
2410982000,s,1340
2411047000,s,1340
2411096000,s,1340
2411393000,s,1340
2411514000,s,1340
2411725000,s,1340
2411786000,s,1340
2412118000,s,1340
2412227000,s,1340
2412841000,s,1340
2414139000,r,1440
2414139000,r,1440
2414139000,r,1440
2414139000,r,1440
2414248000,s,1340
2414139000,r,1440
2414140000,r,1440
2414140000,r,1440
2414140000,r,1440
2414276000,r,1440
2414276000,r,1440
2414276000,r,1440
2414277000,r,1440
2414277000,r,1440
2414277000,r,1440
2414277000,r,1440
2414277000,r,1440
2414307000,r,1440
2414307000,r,1440
2414307000,r,1440
2414391000,s,1340
2414499000,s,1340
2414604000,s,1340
2414745000,s,1340
2414941000,s,1340
2414988000,s,1340
2415058000,s,1340
2415256000,r,1440
2415256000,r,1440
2415256000,r,1440
2415256000,r,1440
2415256000,r,1440
2415256000,r,1440
2415256000,r,1440
2415256000,r,1440
2415361000,s,1340
2415413000,s,1340
2415459000,s,1340
2415519000,s,1340
2415567000,s,1340
2415685000,s,1340
2415745000,s,1340
2415801000,s,1340
2415853000,s,1340
2415901000,s,1340
2415949000,s,1340
2415997000,s,1340
2416119000,s,1340
2416229000,s,1340
2416282000,s,1340
2416332000,s,1340
2416382000,s,1340
2416451000,r,1440
2416463000,s,1340
2416451000,r,1440
2416451000,r,1440
2416507000,s,1340
2416451000,r,1440
2416452000,r,1440
2416452000,r,1440
2416452000,r,1440
2416452000,r,1440
2416531000,r,1440
2416531000,r,1440
2416531000,r,1440
2416531000,r,1440
2416869000,s,1340
2416918000,s,1340
2416938000,s,1340
2416947000,s,1340
2416956000,s,1340
2416963000,s,1340
2416970000,s,1340
2417110000,s,1340
2417199000,r,1440
2417199000,r,1440
2417199000,r,1440
2417337000,s,1340
2417342000,r,1440
2417342000,r,1440
2417342000,r,1440
2417342000,r,1440
2417343000,r,1440
2417343000,r,1440
2417343000,r,1440
2417343000,r,1440
2417389000,r,1440
2417389000,r,1440
2417389000,r,1440
2417398000,s,1340
2417389000,r,1440
2417457000,s,1340
2417509000,s,1340
2417564000,s,1340
2417616000,s,1340
2417666000,s,1340
2417674000,r,1440
2417674000,r,1440
2417674000,r,1440
2417712000,s,1340
2417758000,s,1340
2417805000,s,1340
2417839000,r,1440
2417855000,s,1340
2417839000,r,1440
2417839000,r,1440
2417909000,s,1340
2417958000,s,1340
2417984000,r,1440
2417984000,r,1440
2417984000,r,1440
2418073000,s,1340
2418091000,s,1340
2418116000,s,1340
2418131000,s,1340
2418267000,s,1340
2418329000,s,1340
2418388000,s,1340
2418599000,s,1340
2418656000,s,1340
2419175000,s,1340
2419190000,r,1440
2419190000,r,1440
2419190000,r,1440
2419190000,r,1440
2419336000,s,1340
2419581000,s,1340
2419653000,s,1340
2419717000,s,1340
2419780000,s,1340
2419844000,s,1340
2419912000,s,1340
2419987000,s,1340
2420053000,s,1340
2420194000,s,1340
2420379000,s,1340
2420551000,s,1340
2420631000,s,1340
2420698000,s,1340
2420821000,s,1340
2420904000,s,1340
2421094000,s,1340
2421147000,s,1340
2421190000,r,1440
2421190000,r,1440
2421190000,r,1440
2421190000,r,1440
2421190000,r,1440
2421190000,r,1440
2421432000,r,1440
2421433000,r,1440
2421433000,r,1440
2421447000,s,1340
2421517000,s,1340
2421583000,s,1340
2421791000,s,1340
2421868000,s,1340
2421934000,s,1340
2422051000,s,1340
2422244000,s,1340
2422358000,s,1340
2422433000,s,1340
2422501000,s,1340
2422557000,s,1340
2422698000,s,1340
2422845000,s,1340
2422944000,s,1340
2423027000,s,1340
2423110000,s,1340
2423110000,r,1440
2423110000,r,1440
2423111000,r,1440
2423111000,r,1440
2423111000,r,1440
2423216000,s,1340
2423335000,s,1340
2423483000,s,1340
2423508000,s,1340
2423525000,s,1340
2424620000,s,1340
2424735000,s,1340
2424810000,s,1340
2424910000,s,1340
2425066000,s,1340
2425134000,s,1340
2425314000,s,1340
2425444000,s,1340
2425578000,s,1340
2425703000,s,1340
2425824000,s,1340
2425951000,s,1340
2426107000,s,1340
2426176000,s,1340
2426387000,s,1340
2426456000,s,1340
2426515000,s,1340
2426646000,s,1340
2426813000,s,1340
2426879000,s,1340
2427075000,s,1340
2427145000,s,1340
2427204000,s,1340
2427341000,s,1340
2427374000,s,1340
2429115000,r,1440
2429115000,r,1440
2429115000,r,1440
2429116000,r,1440
2429116000,r,1440
2429116000,r,1440
2429116000,r,1440
2429116000,r,1440
2429233000,r,1440
2429233000,r,1440
2429233000,r,1440
2429233000,r,1440
2429233000,r,1440
2429233000,r,1440
2429233000,r,1440
2429259000,s,1340
2429335000,s,1340
2429481000,s,1340
2429531000,s,1340
2429547000,r,1440
2429547000,r,1440
2429547000,r,1440
2429547000,r,1440
2429547000,r,1440
2429547000,r,1440
2429675000,s,1340
2429762000,s,1340
2429854000,s,1340
2430728000,r,1440
2430728000,r,1440
2430729000,r,1440
2430729000,r,1440
2430729000,r,1440
2430729000,r,1440
2430906000,s,1340
2431000000,s,1340
2431077000,s,1340
2431095000,s,1340
2431119000,s,1340
2431389000,s,1340
2431456000,s,1340
2431509000,s,1340
2431840000,s,1340
2432269000,s,1340
2432340000,s,1340
2432405000,s,1340
2432472000,s,1340
2432534000,s,1340
2432583000,s,1340
2432633000,s,1340
2432680000,s,1340
2432743000,s,1340
2432806000,s,1340
2432868000,s,1340
2432990000,s,1340
2433055000,s,1340
2433139000,s,1340
2433655000,s,1340
2433729000,s,1340
2433778000,s,1340
2434532000,s,1340
2435274000,s,1340
2436784000,s,1340
2436874000,s,1340
2436939000,s,1340
2436971000,r,1440
2436971000,r,1440
2436971000,r,1440
2436971000,r,1440
2436971000,r,1440
2436971000,r,1440
2436971000,r,1440
2436971000,r,1440
2437067000,r,1440
2437069000,s,1340
2437067000,r,1440
2437067000,r,1440
2437067000,r,1440
2437088000,r,1440
2437088000,r,1440
2437088000,r,1440
2437236000,s,1340
2437312000,s,1340
2437447000,s,1340
2437584000,s,1340
2437673000,s,1340
2437747000,s,1340
2437813000,s,1340
2437885000,s,1340
2437959000,s,1340
2438028000,s,1340
2438096000,s,1340
2438167000,s,1340
2438230000,s,1340
2438352000,s,1340
2438418000,s,1340
2438550000,s,1340
2438632000,s,1340
2438786000,r,1440
2438822000,s,1340
2438786000,r,1440
2438786000,r,1440
2438786000,r,1440
2438786000,r,1440
2438786000,r,1440
2438786000,r,1440
2438787000,r,1440
2438870000,r,1440
2438870000,r,1440
2438969000,s,1340
2439102000,s,1340
2439160000,r,1440
2439160000,r,1440
2439161000,r,1440
2439441000,s,1340
2439531000,s,1340
2439611000,s,1340
2439681000,s,1340
2439750000,s,1340
2439802000,s,1340
2439977000,s,1340
2440103000,s,1340
2440264000,s,1340
2440333000,s,1340
2440479000,s,1340
2440652000,s,1340
2440719000,s,1340
2440831000,s,1340
2440970000,s,1340
2441056000,s,1340
2441871000,s,1340
2441896000,r,1440
2441896000,r,1440
2441897000,r,1440
2441897000,r,1440
2441897000,r,1440
2441897000,r,1440
2441897000,r,1440
2441897000,r,1440
2441974000,r,1440
2441974000,r,1440
2441974000,r,1440
2441974000,r,1440
2441974000,r,1440
2441974000,r,1440
2441975000,r,1440
2441975000,r,1440
2442006000,r,1440
2442006000,r,1440
2442006000,r,1440
2442006000,r,1440
2442006000,r,1440
2442006000,r,1440
2442006000,r,1440
2442007000,r,1440
2442037000,r,1440
2442037000,r,1440
2442037000,r,1440
2442037000,r,1440
2442038000,r,1440
2442038000,r,1440
2442038000,r,1440
2442038000,r,1440
2442068000,r,1440
2442068000,r,1440
2442068000,r,1440
2442068000,r,1440
2442102000,s,1340
2442228000,s,1340
2442289000,s,1340
2442349000,s,1340
2442396000,s,1340
2442454000,s,1340
2442519000,s,1340
2442581000,s,1340
2442651000,s,1340
2442715000,s,1340
2442778000,s,1340
2442838000,s,1340
2442896000,s,1340
2442954000,s,1340
2443035000,s,1340
2443048000,r,1440
2443049000,r,1440
2443049000,r,1440
2443049000,r,1440
2443049000,r,1440
2443049000,r,1440
2443100000,s,1340
2443159000,s,1340
2443220000,s,1340
2443295000,s,1340
2443356000,s,1340
2443425000,s,1340
2443491000,s,1340
2443566000,s,1340
2443640000,s,1340
2443702000,s,1340
2443757000,s,1340
2443822000,s,1340
2443965000,s,1340
2444069000,s,1340
2444129000,s,1340
2444189000,s,1340
2449202000,r,1440
2449202000,r,1440
2449202000,r,1440
2449668000,s,1340
2450330000,r,1440
2450330000,r,1440
2450331000,r,1440
2450331000,r,1440
2450331000,r,1440
2450331000,r,1440
2450331000,r,1440
2450331000,r,1440
2450409000,r,1440
2450409000,r,1440
2450409000,r,1440
2450409000,r,1440
2450409000,r,1440
2450409000,r,1440
2450409000,r,1440
2450776000,s,1340
2450811000,s,1340
2450822000,s,1340
2450873000,s,1340
2450955000,s,1340
2450973000,s,1340
2451001000,r,1440
2451012000,s,1340
2451001000,r,1440
2451002000,r,1440
2451002000,r,1440
2451002000,r,1440
2451002000,r,1440
2451002000,r,1440
2451002000,r,1440
2451072000,r,1440
2451072000,r,1440
2451072000,r,1440
2451072000,r,1440
2451160000,s,1340
2451288000,s,1340
2451307000,s,1340
2451474000,r,1440
2451474000,r,1440
2451474000,r,1440
2451836000,r,1440
2451860000,s,1340
2451837000,r,1440
2451837000,r,1440
2451956000,s,1340
2452031000,s,1340
2452095000,s,1340
2452150000,r,1440
2452171000,s,1340
2452150000,r,1440
2452150000,r,1440
2452150000,r,1440
2452150000,r,1440
2452150000,r,1440
2452238000,s,1340
2452312000,s,1340
2452391000,s,1340
2452391000,r,1440
2452391000,r,1440
2452391000,r,1440
2452468000,s,1340
2452538000,s,1340
2452571000,r,1440
2452571000,r,1440
2452571000,r,1440
2452603000,s,1340
2452571000,r,1440
2452571000,r,1440
2452571000,r,1440
2452662000,s,1340
2452738000,s,1340
2452813000,s,1340
2452893000,s,1340
2452963000,s,1340
2453024000,s,1340
2453078000,s,1340
2453120000,s,1340
2453188000,r,1440
2453188000,r,1440
2453188000,r,1440
2453220000,s,1340
2453188000,r,1440
2453188000,r,1440
2453189000,r,1440
2453286000,s,1340
2453334000,s,1340
2453375000,s,1340
2453410000,s,1340
2453446000,s,1340
2453505000,s,1340
2453571000,s,1340
2453622000,s,1340
2453689000,s,1340
2453752000,s,1340
2453764000,r,1440
2453765000,r,1440
2453765000,r,1440
2453765000,r,1440
2453765000,r,1440
2453765000,r,1440
2453765000,r,1440
2453765000,r,1440
2453820000,s,1340
2453825000,r,1440
2453895000,s,1340
2454056000,r,1440
2454056000,r,1440
2454056000,r,1440
2454138000,s,1340
2454225000,s,1340
2454290000,r,1440
2454290000,r,1440
2454290000,r,1440
2454514000,s,1340
2454636000,s,1340
2454794000,s,1340
2454862000,s,1340
2454918000,s,1340
2455523000,r,1440
2455523000,r,1440
2455523000,r,1440
2455523000,r,1440
2455524000,r,1440
2455524000,r,1440
2455524000,r,1440
2455524000,r,1440
2455590000,r,1440
2455590000,r,1440
2455800000,s,1340
2455876000,s,1340
2456002000,s,1340
2456038000,s,1340
2456128000,s,1340
2456205000,s,1340
2456270000,s,1340
2456333000,s,1340
2456391000,s,1340
2456451000,s,1340
2456590000,s,1340
2456721000,s,1340
2456848000,s,1340
2456954000,s,1340
2456993000,s,1340
2457129000,s,1340
2457191000,s,1340
2457229000,s,1340
2458314000,s,1340
2458479000,s,1340
2458552000,s,1340
2458743000,s,1340
2458809000,s,1340
2458877000,s,1340
2458940000,s,1340
2459086000,s,1340
2459242000,s,1340
2459319000,s,1340
2459386000,s,1340
2459522000,s,1340
2459625000,s,1340
2459708000,s,1340
2459803000,s,1340
2459864000,s,1340
2460023000,s,1340
2460090000,s,1340
2460222000,s,1340
2460369000,s,1340
2460431000,s,1340
2460599000,s,1340
2460715000,s,1340
2460842000,s,1340
2460958000,s,1340
2461067000,s,1340
2461157000,s,1340
2461325000,s,1340
2461429000,s,1340
2461480000,s,1340
2461538000,r,1440
2461538000,r,1440
2461539000,r,1440
2461539000,r,1440
2461539000,r,1440
2461539000,r,1440
2461539000,r,1440
2461539000,r,1440
2461614000,s,1340
2461616000,r,1440
2461616000,r,1440
2461616000,r,1440
2461616000,r,1440
2461616000,r,1440
2461616000,r,1440
2461616000,r,1440
2461720000,s,1340
2461928000,r,1440
2461928000,r,1440
2461928000,r,1440
2461928000,r,1440
2461928000,r,1440
2461928000,r,1440
2462010000,s,1340
2462183000,r,1440
2462215000,s,1340
2462183000,r,1440
2462183000,r,1440
2462184000,r,1440
2462184000,r,1440
2462184000,r,1440
2462281000,s,1340
2462542000,s,1340
2462603000,s,1340
2462833000,s,1340
2462865000,s,1340
2462912000,s,1340
2463024000,s,1340
2463062000,r,1440
2463062000,r,1440
2463063000,r,1440
2463063000,r,1440
2463063000,r,1440
2463063000,r,1440
2463419000,s,1340
2463474000,s,1340
2463548000,s,1340
2463680000,s,1340
2463705000,s,1340
2463834000,s,1340
2464054000,s,1340
2464113000,r,1440
2464113000,r,1440
2464113000,r,1440
2464113000,r,1440
2464113000,r,1440
2464113000,r,1440
2464113000,r,1440
2464113000,r,1440
2464414000,s,1340
2464689000,s,1340
2464795000,s,1340
2464862000,s,1340
2464907000,s,1340
2464961000,s,1340
2465082000,s,1340
2468153000,r,1440
2468153000,r,1440
2468153000,r,1440
2468154000,r,1440
2468154000,r,1440
2468154000,r,1440
2468609000,s,1340
2468716000,s,1340
2468788000,s,1340
2468947000,r,1440
2468947000,r,1440
2468947000,r,1440
2468947000,r,1440
2468947000,r,1440
2468947000,r,1440
2469011000,s,1340
2468947000,r,1440
2468948000,r,1440
2469031000,r,1440
2469031000,r,1440
2469031000,r,1440
2469031000,r,1440
2469153000,s,1340
2469271000,s,1340
2469380000,s,1340
2469477000,s,1340
2469497000,s,1340
2469511000,s,1340
2469520000,s,1340
2469548000,s,1340
2469800000,s,1340
2469889000,s,1340
2469960000,s,1340
2470014000,s,1340
2470078000,s,1340
2470142000,s,1340
2470186000,s,1340
2470324000,s,1340
2470386000,s,1340
2470603000,r,1440
2470603000,r,1440
2470603000,r,1440
2470603000,r,1440
2470604000,r,1440
2470604000,r,1440
2470604000,r,1440
2470604000,r,1440
2470679000,r,1440
2470679000,r,1440
2470679000,r,1440
2470679000,r,1440
2470679000,r,1440
2470680000,r,1440
2470680000,r,1440
2470680000,r,1440
2470707000,r,1440
2470945000,s,1340
2470986000,s,1340
2471030000,s,1340
2471063000,s,1340
2471106000,r,1440
2471106000,r,1440
2471106000,r,1440
2471106000,r,1440
2471106000,r,1440
2471106000,r,1440
2471181000,s,1340
2471328000,s,1340
2471409000,s,1340
2471536000,r,1440
2471536000,r,1440
2471536000,r,1440
2471536000,r,1440
2471536000,r,1440
2471536000,r,1440
2471676000,s,1340
2471836000,s,1340
2471915000,s,1340
2472112000,s,1340
2472189000,s,1340
2472249000,s,1340
2472599000,r,1440
2472599000,r,1440
2472599000,r,1440
2472599000,r,1440
2473077000,s,1340
2473211000,s,1340
2475727000,r,1440
2475727000,r,1440
2475727000,r,1440
2475727000,r,1440
2475728000,r,1440
2475728000,r,1440
2475728000,r,1440
2475728000,r,1440
2475794000,r,1440
2475794000,r,1440
2475794000,r,1440
2475794000,r,1440
2476276000,s,1340
2476353000,s,1340
2476433000,s,1340
2476694000,s,1340
2476781000,s,1340
2476846000,s,1340
2477663000,r,1440
2477663000,r,1440
2477663000,r,1440
2477663000,r,1440
2477663000,r,1440
2477663000,r,1440
2477663000,r,1440
2477664000,r,1440
2477740000,r,1440
2478228000,s,1340
2478300000,s,1340
2483838000,s,1340
2488284000,s,1340
2503895000,r,1440
2503895000,r,1440
2505267000,r,1440
2505727000,s,1340
2505842000,s,1340
2515023000,r,1440
2515023000,r,1440
2515933000,s,1340
2516006000,s,1340
2525193000,r,1440
2525621000,s,1340
2536225000,r,1440
2537516000,r,1440
2538295000,r,1440
2538645000,s,1340
2548116000,r,1440
2548647000,r,1440
2548890000,s,1340
2549397000,r,1440
2549851000,s,1340
2550729000,r,1440
2551180000,r,1440
2557582000,r,1440
2557997000,s,1340
2558048000,s,1340
2570822000,r,1440
2570822000,r,1440
2680760000,s,1340
2680871000,s,1340
2681785000,s,1340
2688029000,r,1440
2688029000,r,1440
2688029000,r,1440
2688386000,s,1340
2689221000,s,1340
2689929000,s,1340
2692535000,s,1340
2692656000,s,1340
2692755000,s,1340
2693139000,s,1340
2695109000,r,1440
2695532000,r,1440
2695532000,r,1440
2696152000,s,1340
2703995000,s,1340
2704080000,s,1340
2704298000,s,1340
2704379000,r,1440
2704431000,s,1340
2704519000,s,1340
2704621000,s,1340
2704729000,s,1340
2704837000,s,1340
2705207000,r,1440
2705669000,s,1340
2705717000,s,1340
2705789000,s,1340
2705938000,s,1340
2706045000,s,1340
2706095000,s,1340
2706357000,s,1340
2706407000,s,1340
2706501000,s,1340
2706557000,s,1340
2707647000,r,1440
2707665000,s,1340
2707694000,s,1340
2707740000,s,1340
2707948000,s,1340
2713035000,r,1440
2717194000,r,1440
2717195000,r,1440
2717436000,r,1440
2717436000,r,1440
2717709000,s,1340
2717789000,s,1340
2717924000,s,1340
2718585000,r,1440
2719104000,r,1440
2719104000,r,1440
2719704000,s,1340
2719936000,r,1440
2719937000,r,1440
2720390000,s,1340
2720518000,s,1340
2720707000,s,1340
2720868000,s,1340
2720951000,s,1340
2720989000,s,1340
2721042000,s,1340
2721055000,s,1340
2722268000,r,1440
2722286000,s,1340
2722364000,s,1340
2722417000,s,1340
2722663000,s,1340
2722796000,s,1340
2722929000,s,1340
2722953000,s,1340
2723025000,s,1340
2723486000,s,1340
2723600000,s,1340
2723709000,s,1340
2723766000,s,1340
2723820000,s,1340
2723908000,s,1340
2723977000,s,1340
2724023000,s,1340
2724578000,s,1340
2724710000,s,1340
2724829000,s,1340
2724942000,s,1340
2725054000,s,1340
2725216000,s,1340
2725364000,s,1340
2725953000,s,1340
2725992000,s,1340
2726165000,s,1340
2726415000,s,1340
2726606000,s,1340
2726876000,s,1340
2727676000,s,1340
2728084000,s,1340
2728191000,s,1340
2728280000,s,1340
2728405000,s,1340
2728542000,s,1340
2728644000,s,1340
2728802000,s,1340
2728947000,s,1340
2729276000,s,1340
2729409000,s,1340
2730032000,s,1340
2730140000,s,1340
2730217000,s,1340
2730318000,s,1340
2730609000,s,1340
2730792000,s,1340
2731041000,s,1340
2731493000,s,1340
2731725000,s,1340
2731923000,s,1340
2732092000,s,1340
2732185000,r,1440
2732185000,r,1440
2732542000,s,1340
2732699000,s,1340
2733027000,s,1340
2733130000,s,1340
2733494000,s,1340
2733570000,s,1340
2733594000,s,1340
2733622000,s,1340
2733965000,s,1340
2734097000,s,1340
2734205000,s,1340
2734308000,s,1340
2734471000,s,1340
2734579000,s,1340
2734774000,s,1340
2734883000,s,1340
2735180000,s,1340
2735321000,s,1340
2735435000,s,1340
2735549000,s,1340
2735848000,s,1340
2736419000,r,1440
2736419000,r,1440
2736419000,r,1440
2736419000,r,1440
2736419000,r,1440
2736420000,r,1440
2736420000,r,1440
2736774000,s,1340
2736819000,s,1340
2736965000,s,1340
2736992000,s,1340
2737190000,s,1340
2737266000,s,1340
2737308000,s,1340
2737482000,s,1340
2737557000,s,1340
2737609000,s,1340
2737657000,s,1340
2738661000,s,1340
2738708000,s,1340
2738808000,s,1340
2739597000,s,1340
2739626000,s,1340
2739967000,s,1340
2740087000,s,1340
2740190000,s,1340
2740429000,r,1440
2740441000,s,1340
2740430000,r,1440
2740430000,r,1440
2740430000,r,1440
2740430000,r,1440
2740430000,r,1440
2740561000,s,1340
2740666000,s,1340
2740926000,s,1340
2741036000,s,1340
2741140000,s,1340
2741288000,s,1340
2741382000,s,1340
2741488000,s,1340
2741595000,s,1340
2741695000,s,1340
2741792000,s,1340
2741900000,s,1340
2741995000,s,1340
2742184000,s,1340
2742288000,s,1340
2742376000,s,1340
2742622000,s,1340
2742759000,s,1340
2742830000,s,1340
2742895000,s,1340
2742982000,s,1340
2743065000,s,1340
2743148000,s,1340
2743276000,s,1340
2743748000,s,1340
2744238000,s,1340
2744626000,s,1340
2744699000,s,1340
2745733000,s,1340
2745908000,s,1340
2745973000,s,1340
2746334000,s,1340
2746386000,s,1340
2746435000,s,1340
2746642000,s,1340
2746729000,s,1340
2746838000,s,1340
2746902000,s,1340
2746983000,s,1340
2747105000,s,1340
2747218000,s,1340
2747425000,s,1340
2747523000,s,1340
2747763000,s,1340
2748003000,s,1340
2748184000,s,1340
2748282000,s,1340
2748368000,s,1340
2748530000,s,1340
2748626000,s,1340
2748692000,s,1340
2749713000,s,1340
2749877000,s,1340
2749981000,s,1340
2750074000,s,1340
2750273000,s,1340
2750370000,s,1340
2750418000,s,1340
2750887000,s,1340
2752254000,s,1340
2752365000,s,1340
2752548000,s,1340
2752641000,s,1340
2752730000,s,1340
2754162000,s,1340
2754200000,s,1340
2754199000,r,1440
2754212000,s,1340
2754222000,s,1340
2754230000,s,1340
2754238000,s,1340
2754199000,r,1440
2754199000,r,1440
2754199000,r,1440
2754199000,r,1440
2754199000,r,1440
2754302000,s,1340
2754352000,s,1340
2754442000,s,1340
2754477000,s,1340
2754850000,s,1340
2754872000,s,1340
2755634000,r,1440
2755634000,r,1440
2755635000,r,1440
2755635000,r,1440
2755635000,r,1440
2755635000,r,1440
2755635000,r,1440
2755635000,r,1440
2756119000,s,1340
2756203000,s,1340
2756245000,s,1340
2756476000,s,1340
2756507000,s,1340
2756644000,s,1340
2756688000,s,1340
2758049000,s,1340
2758310000,s,1340
2758402000,s,1340
2758486000,s,1340
2758715000,s,1340
2759103000,s,1340
2759206000,s,1340
2759278000,s,1340
2759469000,s,1340
2759578000,s,1340
2759735000,s,1340
2759944000,s,1340
2760430000,s,1340
2760519000,s,1340
2760580000,s,1340
2760654000,s,1340
2760851000,s,1340
2761419000,s,1340
2761525000,s,1340
2761615000,s,1340
2762186000,s,1340
2762281000,s,1340
2762523000,s,1340
2762604000,s,1340
2762686000,s,1340
2762997000,s,1340
2763231000,s,1340
2763345000,s,1340
2763641000,s,1340
2763744000,s,1340
2763848000,s,1340
2763934000,s,1340
2764180000,s,1340
2764372000,s,1340
2764625000,s,1340
2764715000,s,1340
2765103000,s,1340
2765342000,s,1340
2765388000,s,1340
2765401000,s,1340
2765418000,s,1340
2765427000,s,1340
2765741000,s,1340
2765961000,s,1340
2766070000,s,1340
2766340000,s,1340
2766432000,s,1340
2766511000,s,1340
2766762000,s,1340
2766870000,s,1340
2766939000,s,1340
2766988000,s,1340
2767214000,s,1340
2767362000,s,1340
2767428000,s,1340
2767505000,s,1340
2767772000,s,1340
2767887000,s,1340
2767964000,s,1340
2768058000,s,1340
2768139000,s,1340
2768225000,s,1340
2768309000,s,1340
2768479000,s,1340
2768572000,s,1340
2768723000,s,1340
2768813000,s,1340
2768994000,s,1340
2769108000,s,1340
2769256000,s,1340
2769345000,s,1340
2769501000,r,1440
2769541000,s,1340
2769501000,r,1440
2769501000,r,1440
2769774000,s,1340
2769868000,s,1340
2769957000,s,1340
2770041000,s,1340
2770312000,s,1340
2770435000,s,1340
2770527000,s,1340
2770599000,s,1340
2771134000,s,1340
2771185000,s,1340
2771260000,s,1340
2771338000,s,1340
2771444000,s,1340
2771510000,s,1340
2772126000,s,1340
2772206000,s,1340
2772222000,s,1340
2772411000,s,1340
2772660000,s,1340
2772753000,s,1340
2773316000,s,1340
2773583000,r,1440
2774177000,s,1340
2774256000,s,1340
2774306000,r,1440
2774315000,s,1340
2774479000,s,1340
2775743000,r,1440
2775911000,s,1340
2776040000,s,1340
2776202000,s,1340
2776300000,s,1340
2776400000,s,1340
2776491000,s,1340
2776563000,s,1340
2776639000,s,1340
2776645000,r,1440
2776645000,r,1440
2776707000,s,1340
2776748000,s,1340
2777007000,s,1340
2777067000,s,1340
2777123000,r,1440
2777136000,s,1340
2777370000,s,1340
2777894000,s,1340
2777962000,s,1340
2778021000,s,1340
2778168000,s,1340
2778392000,s,1340
2779201000,s,1340
2779354000,s,1340
2779403000,r,1440
2779403000,r,1440
2779561000,s,1340
2779626000,s,1340
2779663000,s,1340
2782330000,s,1340
2782386000,s,1340
2782408000,s,1340
2782406000,r,1440
2783188000,s,1340
2783244000,r,1440
2783294000,s,1340
2784399000,r,1440
2788321000,r,1440
2788321000,r,1440
2788321000,r,1440
2788321000,r,1440
2788665000,s,1340
2788826000,s,1340
2791599000,r,1440
2791600000,r,1440
2791600000,r,1440
2791600000,r,1440
2792403000,s,1340
2793162000,s,1340
2793223000,s,1340
2793344000,s,1340
2793522000,s,1340
2793664000,s,1340
2793847000,s,1340
2794907000,s,1340
2795285000,s,1340
2795450000,s,1340
2795494000,s,1340
2795563000,s,1340
2795762000,s,1340
2795897000,s,1340
2795968000,s,1340
2796166000,s,1340
2796379000,s,1340
2796433000,s,1340
2796465000,s,1340
2796488000,s,1340
2796518000,s,1340
2796847000,r,1440
2796847000,r,1440
2796847000,r,1440
2796848000,r,1440
2796848000,r,1440
2796848000,r,1440
2796848000,r,1440
2796848000,r,1440
2796993000,r,1440
2796993000,r,1440
2796993000,r,1440
2796993000,r,1440
2796994000,r,1440
2796994000,r,1440
2797025000,s,1340
2796994000,r,1440
2797125000,s,1340
2797290000,s,1340
2797570000,s,1340
2797616000,s,1340
2797637000,s,1340
2797755000,s,1340
2797840000,s,1340
2797911000,s,1340
2798001000,s,1340
2798087000,s,1340
2798155000,s,1340
2798219000,s,1340
2798336000,s,1340
2798435000,s,1340
2798625000,s,1340
2798726000,s,1340
2798796000,s,1340
2798882000,s,1340
2798964000,s,1340
2799039000,s,1340
2799112000,s,1340
2799192000,s,1340
2799278000,s,1340
2799537000,s,1340
2799544000,r,1440
2799544000,r,1440
2799630000,s,1340
2799793000,s,1340
2799895000,s,1340
2799987000,s,1340
2800085000,s,1340
2800181000,s,1340
2800274000,s,1340
2800360000,s,1340
2800439000,s,1340
2800523000,s,1340
2800649000,s,1340
2800930000,s,1340
2801166000,s,1340
2801434000,s,1340
2801503000,s,1340
2801658000,s,1340
2801846000,s,1340
2802033000,s,1340
2802078000,s,1340
2802160000,s,1340
2802210000,s,1340
2802826000,r,1440
2802855000,s,1340
2802936000,s,1340
2802985000,s,1340
2803084000,s,1340
2803122000,s,1340
2803245000,s,1340
2806240000,r,1440
2806240000,r,1440
2806241000,r,1440
2806241000,r,1440
2806241000,r,1440
2806241000,r,1440
2806241000,r,1440
2806241000,r,1440
2806305000,r,1440
2806305000,r,1440
2806724000,s,1340
2806834000,s,1340
2806976000,s,1340
2807156000,s,1340
2807274000,s,1340
2807376000,s,1340
2808605000,r,1440
2808605000,r,1440
2808605000,r,1440
2808605000,r,1440
2808605000,r,1440
2808605000,r,1440
2808605000,r,1440
2808605000,r,1440
2808668000,r,1440
2808668000,r,1440
2808668000,r,1440
2808668000,r,1440
2808668000,r,1440
2808668000,r,1440
2808668000,r,1440
2808669000,r,1440
2809322000,s,1340
2809420000,s,1340
2809689000,s,1340
2809856000,s,1340
2810783000,r,1440
2810784000,r,1440
2810784000,r,1440
2811270000,s,1340
2811327000,s,1340
2813031000,r,1440
2813032000,r,1440
2813032000,r,1440
2813032000,r,1440
2813032000,r,1440
2813032000,r,1440
2813032000,r,1440
2813032000,r,1440
2813130000,r,1440
2813130000,r,1440
2814619000,s,1340
2814690000,s,1340
2814708000,s,1340
2814717000,s,1340
2814920000,s,1340
2815077000,s,1340
2815185000,s,1340
2816130000,s,1340
2816213000,s,1340
2816262000,s,1340
2816274000,s,1340
2816311000,s,1340
2817271000,s,1340
2817314000,s,1340
2817332000,s,1340
2817343000,s,1340
2817353000,s,1340
2817364000,s,1340
2817374000,s,1340
2817384000,s,1340
2817393000,s,1340
2817439000,s,1340
2817481000,s,1340
2817557000,s,1340
2817604000,s,1340
2817665000,s,1340
2818095000,s,1340
2818166000,s,1340
2818419000,s,1340
2818472000,s,1340
2818477000,r,1440
2818478000,r,1440
2818478000,r,1440
2818478000,r,1440
2818478000,r,1440
2818478000,r,1440
2818478000,r,1440
2818478000,r,1440
2818588000,r,1440
2818588000,r,1440
2818946000,s,1340
2818992000,s,1340
2819012000,s,1340
2819150000,s,1340
2819201000,s,1340
2819220000,s,1340
2819232000,s,1340
2819321000,s,1340
2819342000,s,1340
2819860000,s,1340
2820146000,s,1340
2820348000,s,1340
2820496000,s,1340
2820600000,s,1340
2820843000,s,1340
2821081000,s,1340
2821166000,s,1340
2821330000,s,1340
2821419000,s,1340
2821537000,s,1340
2821629000,s,1340
2821740000,s,1340
2821872000,s,1340
2822060000,s,1340
2822151000,s,1340
2822300000,s,1340
2822439000,s,1340
2822566000,s,1340
2822720000,s,1340
2822829000,s,1340
2822930000,s,1340
2823066000,s,1340
2823200000,s,1340
2823338000,s,1340
2823477000,s,1340
2823606000,s,1340
2823862000,s,1340
2823975000,s,1340
2824113000,s,1340
2824241000,s,1340
2824297000,r,1440
2824297000,r,1440
2824408000,s,1340
2824515000,s,1340
2824649000,s,1340
2824782000,s,1340
2825025000,s,1340
2825095000,s,1340
2827183000,r,1440
2827728000,s,1340
2831719000,r,1440
2831719000,r,1440
2831719000,r,1440
2831720000,r,1440
2831720000,r,1440
2832300000,s,1340
2832388000,s,1340
2833899000,r,1440
2833899000,r,1440
2833899000,r,1440
2834116000,s,1340
2834162000,s,1340
2834225000,s,1340
2834310000,s,1340
2834331000,s,1340
2834484000,s,1340
2834608000,s,1340
2834731000,s,1340
2834842000,s,1340
2834904000,s,1340
2835051000,s,1340
2835164000,s,1340
2835248000,s,1340
2835330000,r,1440
2835354000,s,1340
2835331000,r,1440
2835456000,s,1340
2835508000,s,1340
2835549000,s,1340
2835673000,s,1340
2835704000,s,1340
2835759000,s,1340
2835828000,s,1340
2835958000,s,1340
2836021000,s,1340
2836073000,s,1340
2836229000,s,1340
2836355000,s,1340
2836415000,s,1340
2836469000,s,1340
2836603000,s,1340
2836709000,s,1340
2836958000,s,1340
2837030000,s,1340
2837082000,s,1340
2837300000,s,1340
2837470000,s,1340
2837607000,s,1340
2837754000,s,1340
2837936000,s,1340
2837983000,s,1340
2838103000,s,1340
2838132000,s,1340
2838159000,s,1340
2838650000,s,1340
2838721000,s,1340
2838971000,s,1340
2839802000,s,1340
2839863000,s,1340
2839966000,s,1340
2840086000,r,1440
2840086000,r,1440
2840138000,s,1340
2840516000,s,1340
2840610000,s,1340
2840672000,s,1340
2840865000,s,1340
2840889000,s,1340
2841021000,s,1340
2841207000,s,1340
2841329000,s,1340
2841483000,s,1340
2841586000,s,1340
2842128000,r,1440
2842129000,r,1440
2842129000,r,1440
2842129000,r,1440
2842129000,r,1440
2842129000,r,1440
2842129000,r,1440
2842129000,r,1440
2842225000,r,1440
2842225000,r,1440
2842225000,r,1440
2842225000,r,1440
2842225000,r,1440
2842225000,r,1440
2842225000,r,1440
2842226000,r,1440
2842263000,r,1440
2842263000,r,1440
2842263000,r,1440
2842263000,r,1440
2842278000,s,1340
2842385000,s,1340
2842482000,s,1340
2842550000,s,1340
2842611000,s,1340
2842711000,s,1340
2842746000,s,1340
2842773000,s,1340
2842898000,s,1340
2842968000,s,1340
2843037000,s,1340
2843107000,s,1340
2843193000,s,1340
2843258000,s,1340
2843447000,s,1340
2843517000,s,1340
2843586000,s,1340
2843659000,s,1340
2843712000,s,1340
2843870000,s,1340
2843966000,s,1340
2844025000,s,1340
2844089000,s,1340
2844131000,s,1340
2844206000,s,1340
2844398000,s,1340
2844534000,s,1340
2844678000,s,1340
2844815000,s,1340
2844867000,s,1340
2845016000,s,1340
2845109000,s,1340
2845358000,s,1340
2845700000,s,1340
2845763000,s,1340
2845922000,s,1340
2846000000,s,1340
2846172000,s,1340
2846271000,s,1340
2846506000,s,1340
2846551000,s,1340
2846563000,s,1340
2846577000,s,1340
2846651000,s,1340
2846716000,s,1340
2846839000,s,1340
2846917000,s,1340
2847038000,s,1340
2847179000,s,1340
2847234000,r,1440
2847234000,r,1440
2847409000,s,1340
2847480000,s,1340
2847530000,s,1340
2847669000,s,1340
2847714000,s,1340
2847756000,s,1340
2847797000,s,1340
2848058000,s,1340
2848152000,s,1340
2848238000,s,1340
2848324000,s,1340
2848405000,s,1340
2848484000,s,1340
2848569000,s,1340
2848655000,s,1340
2848747000,s,1340
2848836000,s,1340
2848927000,s,1340
2848970000,s,1340
2849291000,r,1440
2849316000,s,1340
2849291000,r,1440
2849291000,r,1440
2849291000,r,1440
2849291000,r,1440
2849291000,r,1440
2849498000,s,1340
2849552000,s,1340
2849793000,s,1340
2849890000,s,1340
2849984000,s,1340
2850055000,s,1340
2850135000,s,1340
2850171000,s,1340
2850209000,s,1340
2850379000,s,1340
2850507000,s,1340
2850729000,s,1340
2850789000,s,1340
2850920000,r,1440
2850920000,r,1440
2850921000,r,1440
2850921000,r,1440
2850921000,r,1440
2850921000,r,1440
2850921000,r,1440
2851002000,s,1340
2851184000,s,1340
2851229000,s,1340
2851246000,s,1340
2851272000,s,1340
2851317000,s,1340
2851329000,s,1340
2851336000,s,1340
2851897000,s,1340
2852041000,s,1340
2852232000,s,1340
2852491000,s,1340
2852560000,s,1340
2852943000,s,1340
2853009000,s,1340
2853054000,s,1340
2853113000,s,1340
2853326000,s,1340
2853473000,s,1340
2853654000,s,1340
2853696000,s,1340
2853803000,s,1340
2853861000,s,1340
2854040000,s,1340
2854125000,s,1340
2854190000,s,1340
2854281000,s,1340
2855015000,s,1340
2855140000,s,1340
2855345000,s,1340
2855427000,s,1340
2855592000,s,1340
2855659000,s,1340
2855792000,s,1340
2855914000,s,1340
2856028000,s,1340
2856140000,s,1340
2856459000,r,1440
2856513000,s,1340
2856460000,r,1440
2856460000,r,1440
2856582000,s,1340
2856644000,s,1340
2856766000,s,1340
2856821000,s,1340
2857335000,s,1340
2857448000,s,1340
2857554000,s,1340
2857699000,s,1340
2857839000,s,1340
2858009000,s,1340
2858075000,s,1340
2858229000,s,1340
2858289000,s,1340
2858423000,s,1340
2858500000,s,1340
2858586000,s,1340
2858650000,s,1340
2858820000,s,1340
2858932000,s,1340
2859371000,s,1340
2859505000,s,1340
2859595000,s,1340
2859669000,s,1340
2859743000,s,1340
2860691000,s,1340
2860841000,s,1340
2860940000,s,1340
2861114000,s,1340
2861358000,s,1340
2861771000,s,1340
2861935000,s,1340
2861990000,s,1340
2862031000,s,1340
2862082000,s,1340
2862783000,s,1340
2862864000,s,1340
2863014000,s,1340
2863127000,s,1340
2863190000,s,1340
2863930000,s,1340
2864129000,s,1340
2864202000,s,1340
2864285000,s,1340
2864422000,s,1340
2864490000,s,1340
2864629000,s,1340
2864777000,s,1340
2864848000,s,1340
2864945000,s,1340
2865357000,s,1340
2865513000,s,1340
2865630000,s,1340
2865699000,s,1340
2865866000,s,1340
2866794000,s,1340
2866931000,s,1340
2866982000,s,1340
2867146000,s,1340
2867214000,s,1340
2867349000,s,1340
2867426000,s,1340
2867473000,s,1340
2868241000,s,1340
2869536000,s,1340
2869605000,s,1340
2869779000,s,1340
2869930000,s,1340
2870103000,s,1340
2870229000,s,1340
2870306000,s,1340
2870447000,s,1340
2870553000,s,1340
2870662000,s,1340
2870776000,s,1340
2870870000,r,1440
2870870000,r,1440
2870917000,s,1340
2870870000,r,1440
2870870000,r,1440
2870870000,r,1440
2870870000,r,1440
2870870000,r,1440
2870871000,r,1440
2870950000,r,1440
2870950000,r,1440
2870951000,r,1440
2870951000,r,1440
2870951000,r,1440
2870951000,r,1440
2870951000,r,1440
2870951000,r,1440
2870983000,r,1440
2870983000,r,1440
2870983000,r,1440
2870984000,r,1440
2870984000,r,1440
2870984000,r,1440
2870984000,r,1440
2870984000,r,1440
2871032000,r,1440
2871032000,r,1440
2871032000,r,1440
2871032000,r,1440
2871032000,r,1440
2871098000,s,1340
2871194000,s,1340
2871254000,s,1340
2871308000,s,1340
2871377000,s,1340
2871470000,s,1340
2871501000,s,1340
2871554000,s,1340
2871629000,s,1340
2871666000,s,1340
2871773000,s,1340
2871864000,s,1340
2871946000,s,1340
2872020000,s,1340
2872099000,s,1340
2872172000,s,1340
2872238000,s,1340
2872306000,s,1340
2872376000,s,1340
2873223000,s,1340
2873256000,s,1340
2873392000,s,1340
2873520000,s,1340
2874388000,r,1440
2874597000,r,1440
2874597000,r,1440
2874597000,r,1440
2874924000,s,1340
2874992000,s,1340
2880500000,r,1440
2882891000,r,1440
2885611000,s,1340
2894464000,r,1440
2894464000,r,1440
2895676000,r,1440
2896084000,s,1340
2898311000,s,1340
2899082000,s,1340
2904913000,r,1440
2914807000,r,1440
2920756000,s,1340
2946496000,r,1440
2946496000,r,1440
2954749000,s,1340
2959342000,s,1340
2959828000,s,1340
2960700000,s,1340
2966671000,r,1440
2966671000,r,1440
2966914000,r,1440
2967343000,s,1340
2968607000,r,1440
2968871000,r,1440
2969073000,s,1340
2969142000,s,1340
2969330000,s,1340
2969557000,r,1440
2969691000,s,1340
2969815000,s,1340
2972015000,r,1440
2972193000,r,1440
2974320000,r,1440
2974426000,s,1340
2974509000,s,1340
2974858000,s,1340
2976934000,r,1440
2979510000,s,1340
2979812000,r,1440
2985193000,r,1440
2985193000,r,1440
2985701000,s,1340
2986102000,s,1340
2988338000,r,1440
2988338000,r,1440
3000136000,r,1440
3000136000,r,1440
3000136000,r,1440
3000136000,r,1440
3000136000,r,1440
3000737000,s,1340
3000954000,s,1340
3000995000,s,1340
3001981000,s,1340
3002051000,s,1340
3002252000,s,1340
3002269000,s,1340
3002306000,r,1440
3002386000,s,1340
3002706000,s,1340
3002745000,s,1340
3002981000,s,1340
3004434000,r,1440
3010275000,r,1440
3013044000,s,1340
3023573000,r,1440
3023573000,r,1440
3023573000,r,1440
3024140000,s,1340
3024647000,s,1340
3025191000,r,1440
3025191000,r,1440
3025191000,r,1440
3025191000,r,1440
3025648000,s,1340
3025711000,s,1340
3025744000,s,1340
3025880000,s,1340
3026013000,s,1340
3026123000,s,1340
3026235000,s,1340
3026342000,s,1340
3026449000,s,1340
3026614000,s,1340
3026872000,r,1440
3026872000,s,1340
3027000000,s,1340
3027127000,s,1340
3029205000,r,1440
3029655000,s,1340
3030096000,r,1440
3030096000,r,1440
3030343000,s,1340
3030585000,s,1340
3030727000,s,1340
3030848000,s,1340
3030981000,s,1340
3031093000,s,1340
3031194000,s,1340
3031291000,s,1340
3031467000,s,1340
3031571000,s,1340
3031885000,s,1340
3032290000,r,1440
3032290000,r,1440
3032888000,s,1340
3032959000,s,1340
3033025000,s,1340
3033071000,s,1340
3033151000,s,1340
3033273000,s,1340
3033342000,s,1340
3033434000,s,1340
3033555000,s,1340
3033689000,s,1340
3033804000,s,1340
3033979000,s,1340
3034064000,r,1440
3034064000,r,1440
3034064000,r,1440
3034064000,r,1440
3034139000,s,1340
3034227000,s,1340
3034360000,s,1340
3034436000,s,1340
3034509000,s,1340
3034577000,s,1340
3034715000,s,1340
3034861000,s,1340
3035004000,s,1340
3035018000,r,1440
3035152000,s,1340
3035222000,s,1340
3035291000,s,1340
3039127000,r,1440
3039127000,r,1440
3039128000,r,1440
3039671000,s,1340
3044982000,s,1340
3057284000,r,1440
3058114000,s,1340
3067454000,r,1440
3067454000,r,1440
3067454000,r,1440
3068039000,s,1340
3068399000,s,1340
3077055000,r,1440
3085040000,r,1440
3085040000,r,1440
3086013000,s,1340
3086251000,s,1340
3094902000,r,1440
3096262000,s,1340
3105647000,r,1440
3107658000,r,1440
3108645000,r,1440
3109549000,s,1340
3109631000,r,1440
3110018000,s,1340
3411937000,s,1340
3412455000,s,1340
3449400000,r,1440
3449401000,r,1440
3458597000,s,1340
3462972000,s,1340
3473319000,r,1440
3492201000,r,1440
3492201000,r,1440
3492202000,r,1440
3493709000,s,1340
3497554000,r,1440
3497555000,r,1440
3498585000,s,1340
3498757000,s,1340
3504105000,s,1340
3504148000,r,1440
3504148000,r,1440
3505252000,r,1440
3506612000,s,1340
3508292000,r,1440
3511030000,r,1440
3511030000,r,1440
3512524000,r,1440
3512525000,r,1440
3512683000,s,1340
3512975000,s,1340
3516141000,r,1440
3516142000,r,1440
3517193000,r,1440
3517406000,s,1340
3517927000,s,1340
3522636000,r,1440
3522637000,r,1440
3523868000,s,1340
3526657000,r,1440
3527973000,r,1440
3527974000,r,1440
3529314000,s,1340
3529605000,s,1340
3535007000,r,1440
3535008000,r,1440
3535949000,r,1440
3536978000,r,1440
3539344000,s,1340
3539748000,s,1340
3541202000,r,1440
3542534000,s,1340
3551175000,r,1440
3561326000,r,1440
3562779000,s,1340
3573316000,r,1440
3573317000,r,1440
3573317000,r,1440
3576567000,s,1340
3577095000,s,1340
3589399000,r,1440
3981315000,r,1440
4388773000,s,1340
4389339000,s,1340
4428240000,r,1440
4428241000,r,1440
4428676000,r,1440
4430688000,s,1340
4436474000,s,1340
4441366000,r,1440
4441367000,r,1440
4441367000,r,1440
4441368000,r,1440
4442924000,s,1340
4443051000,r,1440
4444517000,s,1340
4453375000,r,1440
4463007000,r,1440
4463008000,r,1440
4463008000,r,1440
4464797000,s,1340
4476002000,r,1440
4476002000,r,1440
4476003000,r,1440
4476995000,r,1440
4478231000,s,1340
4478678000,s,1340
4478888000,r,1440
4478888000,r,1440
4479467000,s,1340
4479960000,r,1440
4480499000,s,1340
4480828000,r,1440
4482461000,s,1340
4482879000,r,1440
4483121000,r,1440
4484174000,s,1340
4485033000,r,1440
4485233000,r,1440
4486719000,r,1440
4487671000,r,1440
4488159000,s,1340
4488499000,s,1340
4488728000,r,1440
4491544000,r,1440
4491545000,r,1440
4491890000,r,1440
4491890000,r,1440
4493551000,s,1340
4493868000,s,1340
4494631000,r,1440
4494632000,r,1440
4505281000,r,1440
4506605000,s,1340
4509305000,r,1440
4511086000,r,1440
4511086000,r,1440
4511087000,r,1440
4512052000,r,1440
4512207000,s,1340
4512949000,s,1340
4516762000,r,1440
4516762000,r,1440
4518452000,s,1340
4518864000,s,1340
4521129000,s,1340
4531958000,r,1440
4531959000,r,1440
5111393000,r,1440
5114050000,s,1340
5342724000,s,1340
5342849000,s,1340
5342879000,s,1340
5342891000,s,1340
5342901000,s,1340
5342911000,s,1340
5342920000,s,1340
5342929000,s,1340
5342938000,s,1340
5342946000,s,1340
5368498000,r,1440
5369665000,r,1440
5375522000,s,1340
5380515000,s,1340
5391274000,r,1440
5391274000,r,1440
5419226000,r,1440
5419226000,r,1440
5419227000,r,1440
5420520000,r,1440
5420521000,r,1440
5421439000,s,1340
5421793000,s,1340
5436239000,s,1340
5465271000,r,1440
5469312000,r,1440
5813388000,r,1440
5815674000,s,1340
7405232000,r,1440
7405232000,r,1440
7405232000,r,1440
7405233000,r,1440
7407741000,s,1340
7408024000,s,1340
7408388000,s,1340
7408589000,s,1340
7417807000,s,1340
7417835000,r,1440
7418810000,r,1440
7427569000,r,1440
7427755000,r,1440
7428351000,s,1340
7429215000,r,1440
7429216000,r,1440
7429595000,s,1340
7436645000,r,1440
7436823000,r,1440
7437330000,s,1340
7439058000,r,1440
7440211000,r,1440
7445464000,r,1440
7446165000,s,1340
7446303000,s,1340
7447192000,r,1440
7455149000,r,1440
7455149000,r,1440
7455886000,s,1340
7873461000,r,1440
10161948000,s,1340
10201761000,s,1340
10202224000,s,1340
10223728000,r,1440
10223728000,r,1440
10226864000,s,1340
10227235000,s,1340
10237305000,r,1440
10237305000,r,1440
11457349000,r,1440
11460039000,s,1340
13453916000,r,1440
17714686000,s,1340
19144833000,s,1340
19186496000,s,1340
19186918000,s,1340
19205596000,r,1440
19207762000,r,1440
19209247000,r,1440
19209463000,r,1440
19211422000,s,1340
19217536000,s,1340
19221217000,r,1440
19222657000,s,1340
19227286000,r,1440
19227286000,r,1440
19228035000,r,1440
19228710000,s,1340
19232642000,r,1440
19232642000,r,1440
19234780000,s,1340
19235134000,s,1340
19236792000,r,1440
19236792000,r,1440
19238894000,r,1440
19238894000,r,1440
19240518000,s,1340
19253349000,r,1440
19255161000,s,1340
19265359000,r,1440
19753454000,r,1440
19756769000,s,1340
21701609000,s,1340
21742589000,s,1340
21743007000,s,1340