0,r,1440
382259000,s,1340
2105730000,s,1340
2141716000,s,1340
2142142000,s,1340
2142251000,s,1340
2164117000,r,1440
2166118000,r,1440
2166819000,s,1340
2166922000,s,1340
2166954000,s,1340
2168186000,s,1340
2168344000,s,1340
2168440000,s,1340
2168660000,s,1340
2168763000,s,1340
2168839000,s,1340
2168906000,s,1340
2169090000,s,1340
2169306000,s,1340
2169428000,s,1340
2169529000,s,1340
2169830000,s,1340
2170313000,s,1340
2170486000,s,1340
2170623000,s,1340
2170865000,s,1340
2171004000,s,1340
2171288000,s,1340
2171667000,s,1340
2171807000,s,1340
2171913000,s,1340
2172177000,s,1340
2172441000,s,1340
2172546000,s,1340
2172623000,s,1340
2172813000,s,1340
2172873000,s,1340
2173003000,s,1340
2173113000,s,1340
2173407000,s,1340
2173589000,s,1340
2173752000,s,1340
2173904000,s,1340
2174048000,s,1340
2174247000,s,1340
2174570000,s,1340
2174783000,s,1340
2175392000,s,1340
2175629000,s,1340
2175776000,s,1340
2175924000,s,1340
2176071000,s,1340
2176470000,s,1340
2176612000,s,1340
2176751000,s,1340
2176893000,s,1340
2177314000,s,1340
2177359000,s,1340
2177487000,s,1340
2177754000,s,1340
2177775000,s,1340
2177847000,s,1340
2181773000,r,1440
2181773000,r,1440
2181773000,r,1440
2182307000,s,1340
2182408000,s,1340
2182807000,s,1340
2183451000,s,1340
2183930000,s,1340
2184002000,r,1440
2184002000,r,1440
2184002000,r,1440
2184830000,r,1440
2185016000,s,1340
2187462000,r,1440
2187462000,r,1440
2187463000,r,1440
2188137000,s,1340
2188284000,s,1340
2188586000,r,1440
2188586000,r,1440
2190601000,s,1340
2190805000,s,1340
2190956000,s,1340
2196140000,r,1440
2196140000,r,1440
2196140000,r,1440
2196140000,r,1440
2197198000,r,1440
2198044000,s,1340
2198464000,s,1340
2198569000,s,1340
2198616000,s,1340
2198913000,s,1340
2199482000,r,1440
2207251000,r,1440
2207252000,r,1440
2207252000,r,1440
2208317000,s,1340
2210833000,s,1340
2210925000,s,1340
2212424000,s,1340
2214839000,s,1340
2219159000,s,1340
2226778000,r,1440
2226779000,r,1440
2228994000,r,1440
2229461000,s,1340
2230862000,r,1440
2233004000,r,1440
2233691000,s,1340
2234474000,r,1440
2234474000,r,1440
2235128000,s,1340
2247423000,r,1440
2247423000,r,1440
2249750000,s,1340
2249947000,s,1340
2250035000,r,1440
2250099000,s,1340
2250243000,s,1340
2250389000,s,1340
2250421000,r,1440
2250421000,r,1440
2250590000,s,1340
2251546000,s,1340
2255433000,r,1440
2260446000,s,1340
2275846000,s,1340
4503842000,r,1440
5119870000,r,1440
5119870000,r,1440
5119871000,r,1440
5119871000,r,1440
5119872000,r,1440
5119872000,r,1440
5119873000,r,1440
5119873000,r,1440
5120436000,r,1440
5120436000,r,1440
5120437000,r,1440
5120437000,r,1440
5123173000,s,1340
5124043000,s,1340
5124408000,s,1340
5124636000,s,1340
5124814000,s,1340
5124981000,s,1340
5125156000,s,1340
5125322000,s,1340
5125504000,s,1340
5125700000,s,1340
5125872000,s,1340
5126036000,s,1340
5126200000,s,1340
5126353000,s,1340
5126507000,s,1340
5127021000,s,1340
5127254000,s,1340
5127596000,s,1340
5127808000,s,1340
5128009000,s,1340
5128200000,s,1340
5128477000,s,1340
5128676000,s,1340
5129262000,s,1340
5129547000,s,1340
5129770000,s,1340
5129974000,s,1340
5130229000,s,1340
5130516000,s,1340
5130716000,s,1340
5130931000,s,1340
5131178000,s,1340
5131377000,s,1340
5131789000,s,1340
5131994000,s,1340
5132242000,s,1340
5132509000,s,1340
5132740000,s,1340
5132989000,s,1340
5133750000,s,1340
5134023000,s,1340
5134297000,s,1340
5134550000,s,1340
5134800000,s,1340
5135041000,s,1340
5135319000,s,1340
5135651000,s,1340
5135910000,s,1340
5137126000,s,1340
5137420000,s,1340
5137695000,s,1340
5137959000,s,1340
5138787000,s,1340
5138849000,r,1440
5138850000,r,1440
5138850000,r,1440
5139096000,s,1340
5139356000,s,1340
5139701000,s,1340
5139963000,s,1340
5140219000,s,1340
5140460000,s,1340
5140723000,s,1340
5140982000,s,1340
5141253000,s,1340
5141506000,s,1340
5141757000,s,1340
5142008000,s,1340
5142258000,s,1340
5142516000,s,1340
5142784000,s,1340
5143348000,s,1340
5143707000,s,1340
5143994000,s,1340
5144250000,s,1340
5144543000,s,1340
5144800000,s,1340
5145072000,s,1340
5145372000,s,1340
5145643000,s,1340
5145913000,s,1340
5146298000,s,1340
5146559000,s,1340
5146822000,s,1340
5147079000,s,1340
5147359000,s,1340
5147918000,s,1340
5148183000,s,1340
5148448000,s,1340
5148712000,s,1340
5148969000,s,1340
5149208000,s,1340
5149495000,s,1340
5149742000,s,1340
5149996000,s,1340
5150248000,s,1340
5150522000,s,1340
5150785000,s,1340
5151035000,s,1340
5151285000,s,1340
5151666000,s,1340
5151932000,s,1340
5152171000,s,1340
5152434000,s,1340
5152718000,s,1340
5152975000,s,1340
5153229000,s,1340
5153469000,s,1340
5153748000,s,1340
5154001000,s,1340
5154265000,s,1340
5154505000,s,1340
5154789000,s,1340
5155052000,s,1340
5155329000,s,1340
5155715000,s,1340
5155992000,s,1340
5156247000,s,1340
5156553000,s,1340
5156933000,s,1340
5157199000,s,1340
5157456000,s,1340
5157713000,s,1340
5157988000,s,1340
5158237000,s,1340
5158502000,s,1340
5158760000,s,1340
5159022000,s,1340
5159297000,s,1340
5159702000,s,1340
5159983000,s,1340
5160249000,s,1340
5160527000,s,1340
5165616000,r,1440
5165617000,r,1440
5166877000,r,1440
5166878000,r,1440
5167954000,s,1340
5168300000,s,1340
5169358000,r,1440
5169604000,r,1440
5170521000,r,1440
5170718000,s,1340
5173809000,r,1440
5173809000,r,1440
5175360000,s,1340
5175922000,s,1340
5176756000,r,1440
5178626000,r,1440
5184818000,r,1440
5184818000,r,1440
5185926000,r,1440
5186295000,s,1340
5187203000,s,1340
5234863000,s,1340
5236002000,s,1340
5257240000,r,1440
5257240000,r,1440
5257240000,r,1440
5258646000,s,1340
5259287000,r,1440
5259288000,r,1440
5259832000,s,1340
5260573000,r,1440
5261188000,s,1340
5261639000,r,1440
5261639000,r,1440
5261640000,r,1440
5261640000,r,1440
5261641000,r,1440
5261641000,r,1440
5261642000,r,1440
5261642000,r,1440
5261891000,r,1440
5262188000,s,1340
5262389000,s,1340
5262770000,s,1340
5262843000,s,1340
5262867000,s,1340
5262884000,s,1340
5263327000,s,1340
5263621000,r,1440
5263621000,r,1440
5263621000,r,1440
5263622000,r,1440
5263622000,r,1440
5263622000,r,1440
5263622000,r,1440
5263622000,r,1440
5263743000,r,1440
5263743000,r,1440
5263744000,r,1440
5263744000,r,1440
5264270000,s,1340
5264333000,s,1340
5264490000,s,1340
5264588000,s,1340
5264644000,s,1340
5264695000,s,1340
5264829000,s,1340
5264927000,s,1340
5265001000,s,1340
5265074000,s,1340
5265174000,s,1340
5265277000,s,1340
5265359000,s,1340
5265434000,s,1340
5265581000,r,1440
5265883000,s,1340
5266116000,s,1340
5266270000,s,1340
5266370000,s,1340
5271448000,r,1440
5272226000,s,1340
5272368000,s,1340
5272638000,s,1340
5272754000,s,1340
5272984000,s,1340
5273104000,s,1340
5273176000,s,1340
5273313000,s,1340
5273425000,s,1340
5273533000,s,1340
5273765000,s,1340
5273956000,s,1340
5274079000,s,1340
5274418000,s,1340
5274534000,s,1340
5274739000,s,1340
5274855000,s,1340
5275080000,s,1340
5275104000,r,1440
5275104000,r,1440
5275104000,r,1440
5275104000,r,1440
5275104000,r,1440
5275105000,r,1440
5275202000,s,1340
5275105000,r,1440
5275105000,r,1440
5275366000,s,1340
5275550000,s,1340
5275683000,s,1340
5275826000,s,1340
5276041000,s,1340
5276157000,s,1340
5276254000,s,1340
5276355000,s,1340
5276452000,s,1340
5276550000,s,1340
5276641000,s,1340
5276892000,r,1440
5276892000,r,1440
5276892000,r,1440
5276892000,r,1440
5277590000,s,1340
5277702000,s,1340
5277803000,s,1340
5278161000,s,1340
5278272000,s,1340
5278365000,s,1340
5278517000,s,1340
5278631000,s,1340
5278731000,s,1340
5278841000,s,1340
5278940000,s,1340
5279056000,s,1340
5279156000,s,1340
5279254000,s,1340
5279333000,s,1340
5279470000,s,1340
5279613000,s,1340
5279729000,s,1340
5279826000,s,1340
5280206000,s,1340
5280333000,s,1340
5280402000,s,1340
5280646000,s,1340
5280796000,s,1340
5280906000,s,1340
5280956000,s,1340
5281037000,s,1340
5281086000,s,1340
5281179000,s,1340
5281261000,s,1340
5281327000,s,1340
5282417000,s,1340
5282661000,s,1340
5282879000,s,1340
5282979000,s,1340
5283084000,s,1340
5283275000,s,1340
5283395000,s,1340
5283556000,s,1340
5283636000,s,1340
5283708000,s,1340
5283971000,s,1340
5284089000,s,1340
5284171000,s,1340
5284384000,s,1340
5284515000,s,1340
5284700000,s,1340
5284828000,s,1340
5284877000,s,1340
5284921000,s,1340
5285393000,s,1340
5285699000,s,1340
5285788000,s,1340
5285810000,s,1340
5285826000,s,1340
5285841000,s,1340
5285841000,r,1440
5286143000,s,1340
5286266000,s,1340
5286326000,s,1340
5286332000,r,1440
5286372000,s,1340
5289745000,r,1440
5289746000,r,1440
5289746000,r,1440
5290251000,r,1440
5290252000,r,1440
5290252000,r,1440
5290427000,s,1340
5291069000,s,1340
5291148000,s,1340
5291186000,s,1340
5291450000,r,1440
5291450000,r,1440
5293317000,s,1340
5294656000,r,1440
5294944000,r,1440
5297217000,r,1440
5297217000,r,1440
5297916000,s,1340
5300998000,s,1340
5301063000,s,1340
5301086000,s,1340
5301653000,s,1340
5303994000,r,1440
5304324000,r,1440
5304462000,s,1340
5305293000,s,1340
5305486000,r,1440
5306648000,s,1340
5316387000,s,1340
5347646000,r,1440
5347646000,r,1440
5347646000,r,1440
5347647000,r,1440
5347647000,r,1440
5347647000,r,1440
5347647000,r,1440
5347647000,r,1440
5348099000,r,1440
5348099000,r,1440
5348099000,r,1440
5348099000,r,1440
5348100000,r,1440
5348100000,r,1440
5348100000,r,1440
5348100000,r,1440
5348172000,r,1440
5348172000,r,1440
5348172000,r,1440
5349987000,s,1340
5350222000,s,1340
5350334000,s,1340
5350480000,s,1340
5350591000,s,1340
5350733000,s,1340
5350837000,s,1340
5350982000,s,1340
5351266000,s,1340
5351520000,s,1340
5352108000,s,1340
5352270000,s,1340
5353241000,s,1340
5353468000,s,1340
5354737000,r,1440
5354975000,s,1340
5363443000,r,1440
5363443000,r,1440
5363443000,r,1440
5363443000,r,1440
5363444000,r,1440
5363444000,r,1440
5363444000,r,1440
5363444000,r,1440
5364312000,s,1340
5364718000,s,1340
5364768000,s,1340
5365066000,s,1340
5365092000,s,1340
5365176000,s,1340
5365382000,s,1340
5365543000,s,1340
5365807000,s,1340
5365880000,s,1340
5365962000,s,1340
5366114000,s,1340
5366260000,s,1340
5366620000,s,1340
5366763000,s,1340
5366889000,s,1340
5367020000,s,1340
5367142000,s,1340
5367264000,s,1340
5367385000,s,1340
5367730000,s,1340
5367881000,s,1340
5367992000,s,1340
5368181000,s,1340
5368333000,s,1340
5368420000,s,1340
5368655000,s,1340
5368745000,s,1340
5368825000,s,1340
5368901000,s,1340
5369076000,s,1340
5369228000,s,1340
5369371000,s,1340
5369653000,s,1340
5369746000,s,1340
5369835000,s,1340
5370046000,s,1340
5370869000,s,1340
5370982000,s,1340
5371145000,s,1340
5371441000,s,1340
5371577000,s,1340
5371791000,s,1340
5372051000,s,1340
5372162000,s,1340
5372255000,s,1340
5372349000,s,1340
5372446000,s,1340
5372686000,s,1340
5372858000,s,1340
5372963000,s,1340
5373054000,s,1340
5373343000,s,1340
5373454000,s,1340
5373554000,s,1340
5373666000,s,1340
5373793000,s,1340
5373875000,s,1340
5374112000,s,1340
5374630000,s,1340
5374764000,s,1340
5374855000,s,1340
5374944000,r,1440
5375103000,s,1340
5375219000,s,1340
5375526000,s,1340
5375640000,s,1340
5375771000,s,1340
5375879000,s,1340
5376079000,s,1340
5376291000,s,1340
5376386000,s,1340
5376484000,s,1340
5376789000,s,1340
5376893000,s,1340
5376966000,r,1440
5376966000,r,1440
5376966000,r,1440
5376967000,r,1440
5377031000,s,1340
5377147000,s,1340
5377336000,s,1340
5377389000,r,1440
5377452000,s,1340
5377389000,r,1440
5377389000,r,1440
5377390000,r,1440
5377390000,r,1440
5377530000,s,1340
5377637000,s,1340
5377718000,s,1340
5377792000,s,1340
5377863000,s,1340
5377939000,s,1340
5378110000,s,1340
5378180000,s,1340
5378497000,s,1340
5379541000,r,1440
5380131000,s,1340
5380604000,s,1340
5383838000,r,1440
5383839000,r,1440
5384140000,r,1440
5385776000,s,1340
5385829000,s,1340
5385841000,s,1340
5385858000,s,1340
5385868000,s,1340
5385876000,s,1340
5385884000,s,1340
5385969000,s,1340
5386071000,s,1340
5386283000,s,1340
5386367000,s,1340
5386749000,s,1340
5386829000,s,1340
5386882000,s,1340
5387523000,s,1340
5387788000,s,1340
5387964000,s,1340
5388194000,s,1340
5388552000,s,1340
5388749000,s,1340
5388845000,s,1340
5389114000,s,1340
5389378000,s,1340
5389592000,s,1340
5389754000,s,1340
5389855000,s,1340
5390054000,s,1340
5390071000,r,1440
5390241000,s,1340
5390349000,s,1340
5390557000,s,1340
5390631000,r,1440
5390672000,s,1340
5390908000,s,1340
5391009000,s,1340
5391110000,s,1340
5391217000,s,1340
5391326000,s,1340
5391481000,s,1340
5391586000,s,1340
5391754000,s,1340
5392168000,s,1340
5392310000,s,1340
5392446000,s,1340
5392541000,s,1340
5392700000,s,1340
5392832000,s,1340
5393804000,r,1440
5393804000,r,1440
5393804000,r,1440
5393805000,r,1440
5393805000,r,1440
5393805000,r,1440
5393918000,s,1340
5393954000,r,1440
5393954000,r,1440
5393954000,r,1440
5393954000,r,1440
5393954000,r,1440
5393955000,r,1440
5394110000,s,1340
5394352000,r,1440
5394353000,r,1440
5394546000,s,1340
5394641000,s,1340
5394739000,s,1340
5394827000,s,1340
5394937000,s,1340
5395014000,s,1340
5395107000,s,1340
5395207000,s,1340
5395306000,r,1440
5395306000,r,1440
5395306000,r,1440
5395306000,r,1440
5395307000,r,1440
5395307000,r,1440
5395307000,r,1440
5395307000,r,1440
5395390000,r,1440
5395390000,r,1440
5395390000,r,1440
5395390000,r,1440
5395451000,r,1440
5395451000,r,1440
5395744000,s,1340
5395858000,s,1340
5395864000,r,1440
5395865000,r,1440
5395865000,r,1440
5395865000,r,1440
5396153000,r,1440
5396153000,r,1440
5396153000,r,1440
5396153000,r,1440
5396736000,s,1340
5396859000,s,1340
5396958000,s,1340
5397063000,s,1340
5397169000,s,1340
5397282000,s,1340
5397389000,s,1340
5397486000,s,1340
5397572000,s,1340
5397654000,s,1340
5397741000,s,1340
5397776000,r,1440
5397776000,r,1440
5397776000,r,1440
5397776000,r,1440
5397828000,s,1340
5397914000,s,1340
5398217000,s,1340
5398324000,s,1340
5398428000,s,1340
5398522000,s,1340
5398595000,s,1340
5398686000,s,1340
5398778000,s,1340
5398871000,s,1340
5398968000,s,1340
5399063000,s,1340
5399153000,s,1340
5399260000,s,1340
5399368000,s,1340
5399510000,s,1340
5399595000,s,1340
5399702000,s,1340
5399813000,s,1340
5399920000,s,1340
5400018000,s,1340
5400989000,s,1340
5401098000,s,1340
5401133000,s,1340
5401788000,r,1440
5401788000,r,1440
5401788000,r,1440
5401788000,r,1440
5401788000,r,1440
5401788000,r,1440
5401789000,r,1440
5401789000,r,1440
5401899000,r,1440
5401899000,r,1440
5401900000,r,1440
5401900000,r,1440
5403355000,r,1440
5403355000,r,1440
5403355000,r,1440
5403355000,r,1440
5403355000,r,1440
5403979000,s,1340
5404068000,s,1340
5404112000,s,1340
5404137000,s,1340
5404160000,s,1340
5404182000,s,1340
5404200000,s,1340
5404219000,s,1340
5404236000,s,1340
5404257000,s,1340
5404276000,s,1340
5404306000,s,1340
5404325000,s,1340
5404344000,s,1340
5404362000,s,1340
5404380000,s,1340
5404396000,s,1340
5404425000,s,1340
5404445000,s,1340
5404464000,s,1340
5404482000,s,1340
5404501000,s,1340
5404774000,s,1340
5404856000,s,1340
5404900000,s,1340
5404991000,s,1340
5405175000,s,1340
5405218000,r,1440
5405218000,r,1440
5405219000,r,1440
5405219000,r,1440
5405219000,r,1440
5405709000,s,1340
5405898000,s,1340
5406029000,s,1340
5406132000,s,1340
5406234000,s,1340
5406325000,s,1340
5406431000,s,1340
5406531000,s,1340
5406754000,s,1340
5406935000,s,1340
5407039000,s,1340
5407287000,s,1340
5407654000,s,1340
5407748000,s,1340
5407820000,s,1340
5407968000,s,1340
5408065000,s,1340
5408267000,s,1340
5408557000,s,1340
5408621000,s,1340
5408708000,s,1340
5408770000,s,1340
5408894000,s,1340
5409001000,s,1340
5409095000,s,1340
5409280000,s,1340
5409382000,s,1340
5409462000,s,1340
5409552000,s,1340
5409695000,s,1340
5409874000,s,1340
5409936000,s,1340
5409959000,s,1340
5410065000,s,1340
5410149000,s,1340
5410212000,s,1340
5410269000,s,1340
5410327000,s,1340
5410395000,s,1340
5410521000,s,1340
5410680000,s,1340
5410844000,s,1340
5411025000,s,1340
5411127000,s,1340
5411198000,s,1340
5411610000,s,1340
5411700000,s,1340
5411885000,s,1340
5412033000,s,1340
5412130000,s,1340
5412376000,s,1340
5412433000,s,1340
5412507000,s,1340
5413283000,s,1340
5413487000,s,1340
5413697000,s,1340
5413829000,s,1340
5414232000,s,1340
5415441000,r,1440
5415442000,r,1440
5415442000,r,1440
5415442000,r,1440
5415553000,s,1340
5415616000,r,1440
5415616000,r,1440
5415616000,r,1440
5415616000,r,1440
5415616000,r,1440
5415616000,r,1440
5415617000,r,1440
5415617000,r,1440
5415665000,r,1440
5415666000,r,1440
5415690000,s,1340
5416053000,s,1340
5416166000,s,1340
5416220000,r,1440
5416247000,s,1340
5416220000,r,1440
5416220000,r,1440
5416221000,r,1440
5416314000,r,1440
5416314000,r,1440
5416329000,s,1340
5416314000,r,1440
5416315000,r,1440
5416426000,s,1340
5416521000,s,1340
5416614000,s,1340
5416694000,r,1440
5416713000,s,1340
5416694000,r,1440
5416816000,s,1340
5416944000,r,1440
5416944000,r,1440
5416945000,r,1440
5416945000,r,1440
5417170000,s,1340
5417264000,s,1340
5417274000,r,1440
5417274000,r,1440
5417330000,s,1340
5417383000,s,1340
5417441000,s,1340
5417506000,s,1340
5417565000,s,1340
5417618000,s,1340
5417746000,s,1340
5417817000,s,1340
5417889000,s,1340
5417946000,s,1340
5417992000,s,1340
5418059000,s,1340
5418132000,s,1340
5418178000,s,1340
5418248000,s,1340
5418315000,s,1340
5418379000,s,1340
5418441000,s,1340
5418508000,s,1340
5418554000,s,1340
5418620000,s,1340
5418685000,s,1340
5418749000,s,1340
5418794000,s,1340
5418835000,s,1340
5419006000,s,1340
5419098000,s,1340
5419287000,s,1340
5419364000,s,1340
5419556000,s,1340
5419650000,s,1340
5419732000,s,1340
5419798000,s,1340
5419849000,s,1340
5419914000,s,1340
5419978000,s,1340
5420056000,s,1340
5420204000,s,1340
5420252000,s,1340
5420514000,s,1340
5420592000,s,1340
5420642000,s,1340
5420761000,s,1340
5420912000,s,1340
5420957000,s,1340
5421060000,s,1340
5421213000,s,1340
5421423000,s,1340
5421513000,s,1340
5421687000,s,1340
5433589000,r,1440
5433589000,r,1440
5433589000,r,1440
5433589000,r,1440
5433589000,r,1440
5433589000,r,1440
5433590000,r,1440
5433731000,s,1340
5433590000,r,1440
5433758000,r,1440
5433759000,r,1440
5433759000,r,1440
5433759000,r,1440
5433759000,r,1440
5433759000,r,1440
5433759000,r,1440
5433759000,r,1440
5433807000,r,1440
5433807000,r,1440
5433807000,r,1440
5433808000,r,1440
5433808000,r,1440
5433808000,r,1440
5433808000,r,1440
5433808000,r,1440
5433856000,r,1440
5433856000,r,1440
5433856000,r,1440
5433856000,r,1440
5433857000,r,1440
5433857000,r,1440
5433857000,r,1440
5433857000,r,1440
5433910000,r,1440
5433910000,r,1440
5433910000,r,1440
5433910000,r,1440
5433910000,r,1440
5433910000,r,1440
5433911000,r,1440
5433911000,r,1440
5433959000,r,1440
5433959000,r,1440
5433960000,r,1440
5433960000,r,1440
5433960000,r,1440
5433960000,r,1440
5433960000,r,1440
5433960000,r,1440
5434003000,r,1440
5434003000,r,1440
5434004000,r,1440
5434004000,r,1440
5434004000,r,1440
5434004000,r,1440
5434004000,r,1440
5434004000,r,1440
5434057000,r,1440
5434057000,r,1440
5434058000,r,1440
5434058000,r,1440
5434058000,r,1440
5434058000,r,1440
5434058000,r,1440
5434058000,r,1440
5434129000,r,1440
5434129000,r,1440
5434129000,r,1440
5434129000,r,1440
5434129000,r,1440
5434886000,s,1340
5434960000,s,1340
5434988000,s,1340
5435011000,s,1340
5435033000,s,1340
5435046000,s,1340
5435058000,s,1340
5435070000,s,1340
5435084000,s,1340
5435117000,s,1340
5435131000,s,1340
5435142000,s,1340
5435152000,s,1340
5435166000,s,1340
5435177000,s,1340
5435189000,s,1340
5435202000,s,1340
5435213000,s,1340
5435223000,s,1340
5435234000,s,1340
5435245000,s,1340
5435257000,s,1340
5435270000,s,1340
5435328000,s,1340
5435380000,s,1340
5435396000,s,1340
5435441000,s,1340
5435459000,s,1340
5435502000,s,1340
5435548000,s,1340
5435674000,s,1340
5435751000,s,1340
5435842000,s,1340
5437104000,s,1340
5437211000,s,1340
5437278000,s,1340
5437345000,s,1340
5437408000,s,1340
5437467000,s,1340
5437526000,s,1340
5437581000,s,1340
5437634000,s,1340
5437691000,s,1340
5437747000,s,1340
5437801000,s,1340
5437863000,s,1340
5437919000,s,1340
5437975000,s,1340
5438031000,s,1340
5438187000,s,1340
5438290000,s,1340
5438304000,s,1340
5438459000,s,1340
5438540000,s,1340
5438640000,s,1340
5439633000,s,1340
5439939000,s,1340
5440210000,s,1340
5440447000,s,1340
5440543000,s,1340
5440823000,s,1340
5440974000,s,1340
5441054000,s,1340
5441305000,s,1340
5441389000,s,1340
5441565000,s,1340
5441747000,s,1340
5441823000,s,1340
5441991000,s,1340
5442123000,s,1340
5442268000,s,1340
5442349000,s,1340
5442581000,s,1340
5442643000,r,1440
5442649000,s,1340
5442643000,r,1440
5442643000,r,1440
5442643000,r,1440
5442644000,r,1440
5442644000,r,1440
5442644000,r,1440
5442644000,r,1440
5442724000,r,1440
5442724000,r,1440
5442724000,r,1440
5442724000,r,1440
5442724000,r,1440
5442724000,r,1440
5442724000,r,1440
5442724000,r,1440
5442751000,r,1440
5442751000,r,1440
5442751000,r,1440
5442921000,s,1340
5442994000,s,1340
5443057000,s,1340
5443120000,s,1340
5443184000,s,1340
5443246000,s,1340
5443306000,s,1340
5443366000,s,1340
5443461000,s,1340
5443525000,s,1340
5443581000,s,1340
5443634000,s,1340
5443690000,s,1340
5443744000,s,1340
5443802000,s,1340
5443857000,s,1340
5443911000,s,1340
5443961000,s,1340
5444007000,s,1340
5444056000,s,1340
5444539000,s,1340
5444626000,s,1340
5444744000,r,1440
5444745000,r,1440
5444745000,r,1440
5444833000,s,1340
5444953000,s,1340
5445126000,s,1340
5445199000,s,1340
5445294000,s,1340
5445325000,s,1340
5445390000,s,1340
5446517000,s,1340
5446679000,s,1340
5446757000,s,1340
5446823000,s,1340
5446979000,s,1340
5447077000,r,1440
5447077000,r,1440
5447077000,r,1440
5447136000,s,1340
5447077000,r,1440
5447077000,r,1440
5447077000,r,1440
5447077000,r,1440
5447077000,r,1440
5447167000,r,1440
5447167000,r,1440
5447167000,r,1440
5447168000,r,1440
5447168000,r,1440
5447168000,r,1440
5447168000,r,1440
5447168000,r,1440
5447196000,r,1440
5447196000,r,1440
5447196000,r,1440
5447197000,r,1440
5447197000,r,1440
5447197000,r,1440
5447197000,r,1440
5447197000,r,1440
5447225000,r,1440
5447225000,r,1440
5447225000,r,1440
5447226000,r,1440
5447226000,r,1440
5447226000,r,1440
5447226000,r,1440
5447226000,r,1440
5447257000,r,1440
5447257000,r,1440
5447258000,r,1440
5447258000,r,1440
5447258000,r,1440
5447258000,r,1440
5447258000,r,1440
5447258000,r,1440
5447288000,r,1440
5447288000,r,1440
5447288000,r,1440
5447288000,r,1440
5447288000,r,1440
5447300000,s,1340
5447288000,r,1440
5447288000,r,1440
5447289000,r,1440
5447319000,r,1440
5447319000,r,1440
5447319000,r,1440
5447320000,r,1440
5447320000,r,1440
5447320000,r,1440
5447320000,r,1440
5447320000,r,1440
5447348000,r,1440
5447348000,r,1440
5447348000,r,1440
5447348000,r,1440
5447348000,r,1440
5447349000,r,1440
5447349000,r,1440
5447349000,r,1440
5447374000,s,1340
5447395000,r,1440
5447395000,r,1440
5447395000,r,1440
5447395000,r,1440
5447395000,r,1440
5447395000,r,1440
5447395000,r,1440
5447395000,r,1440
5447450000,r,1440
5447450000,r,1440
5447450000,r,1440
5447450000,r,1440
5447450000,r,1440
5447450000,r,1440
5447451000,r,1440
5447451000,r,1440
5447479000,r,1440
5447479000,r,1440
5447479000,r,1440
5447479000,r,1440
5447587000,s,1340
5447773000,s,1340
5447939000,s,1340
5448076000,s,1340
5448189000,s,1340
5448204000,s,1340
5448213000,s,1340
5448259000,s,1340
5448454000,s,1340
5448538000,s,1340
5448605000,s,1340
5448674000,s,1340
5448740000,s,1340
5448806000,s,1340
5448862000,s,1340
5448925000,s,1340
5448990000,s,1340
5449058000,s,1340
5449125000,s,1340
5449190000,s,1340
5449252000,s,1340
5449318000,s,1340
5449384000,s,1340
5449579000,s,1340
5449658000,s,1340
5449743000,s,1340
5449781000,s,1340
5449845000,s,1340
5449881000,s,1340
5450005000,s,1340
5450087000,s,1340
5450157000,r,1440
5450158000,r,1440
5450158000,r,1440
5450158000,r,1440
5450158000,r,1440
5450158000,r,1440
5450158000,r,1440
5450158000,r,1440
5450223000,r,1440
5450223000,r,1440
5450223000,r,1440
5450223000,r,1440
5450223000,r,1440
5450223000,r,1440
5450223000,r,1440
5450224000,r,1440
5450250000,r,1440
5450250000,r,1440
5450250000,r,1440
5450250000,r,1440
5450250000,r,1440
5450250000,r,1440
5450250000,r,1440
5450250000,r,1440
5450294000,r,1440
5450294000,r,1440
5450294000,r,1440
5450294000,r,1440
5450294000,r,1440
5450295000,r,1440
5450823000,s,1340
5450854000,s,1340
5451116000,s,1340
5451204000,s,1340
5451223000,s,1340
5451231000,s,1340
5451238000,s,1340
5451245000,s,1340
5451489000,s,1340
5451656000,s,1340
5451784000,s,1340
5451797000,r,1440
5451798000,r,1440
5451798000,r,1440
5451798000,r,1440
5451798000,r,1440
5451798000,r,1440
5451798000,r,1440
5451798000,r,1440
5451852000,r,1440
5451853000,r,1440
5451853000,r,1440
5451853000,r,1440
5451870000,s,1340
5452266000,r,1440
5452310000,s,1340
5452395000,s,1340
5452499000,s,1340
5452867000,s,1340
5452951000,s,1340
5453213000,s,1340
5453330000,s,1340
5453441000,s,1340
5453674000,r,1440
5453674000,r,1440
5453888000,s,1340
5454007000,s,1340
5454122000,s,1340
5454435000,s,1340
5454626000,s,1340
5454728000,s,1340
5454808000,s,1340
5454886000,s,1340
5454985000,s,1340
5455078000,s,1340
5455157000,s,1340
5455254000,s,1340
5455322000,s,1340
5455472000,s,1340
5455581000,s,1340
5455686000,s,1340
5461983000,r,1440
5461983000,r,1440
5466693000,s,1340
5466770000,s,1340
5466791000,s,1340
5466802000,s,1340
5466812000,s,1340
5466826000,s,1340
5466842000,s,1340
5466856000,s,1340
5466870000,s,1340
5466884000,s,1340
5466897000,s,1340
5466909000,s,1340
5466921000,s,1340
5466935000,s,1340
5466947000,s,1340
5466959000,s,1340
5466974000,s,1340
5466986000,s,1340
5467001000,s,1340
5467013000,s,1340
5467025000,s,1340
5467037000,s,1340
5467069000,s,1340
5467085000,s,1340
5467094000,s,1340
5467103000,s,1340
5467113000,s,1340
5467122000,s,1340
5467131000,s,1340
5467140000,s,1340
5467149000,s,1340
5467158000,s,1340
5467166000,s,1340
5467176000,s,1340
5467185000,s,1340
5467193000,s,1340
5467202000,s,1340
5467210000,s,1340
5467220000,s,1340
5467228000,s,1340
5467236000,s,1340
5467245000,s,1340
5467253000,s,1340
5467261000,s,1340
5467270000,s,1340
5467280000,s,1340
5467289000,s,1340
5467298000,s,1340
5467312000,s,1340
5467322000,s,1340
5467331000,s,1340
5467340000,s,1340
5467349000,s,1340
5467358000,s,1340
5467367000,s,1340
5467376000,s,1340
5467385000,s,1340
5467394000,s,1340
5467404000,s,1340
5467450000,s,1340
5467462000,s,1340
5467477000,s,1340
5467492000,s,1340
5467508000,s,1340
5467524000,s,1340
5467534000,s,1340
5467553000,s,1340
5468033000,s,1340
5469696000,s,1340
5470064000,s,1340
5476110000,s,1340
5476175000,r,1440
5476175000,r,1440
5476176000,r,1440
5476176000,r,1440
5476176000,r,1440
5476176000,r,1440
5476176000,r,1440
5476176000,r,1440
5476310000,r,1440
5476310000,r,1440
5476311000,r,1440
5476311000,r,1440
5476311000,r,1440
5476311000,r,1440
5476473000,r,1440
5476473000,r,1440
5476474000,r,1440
5476474000,r,1440
5476792000,r,1440
5476792000,r,1440
5476792000,r,1440
5476792000,r,1440
5477265000,r,1440
5477265000,r,1440
5477265000,r,1440
5477265000,r,1440
5477265000,r,1440
5477265000,r,1440
5477750000,s,1340
5477798000,s,1340
5477823000,s,1340
5477836000,s,1340
5477849000,s,1340
5477861000,s,1340
5477871000,s,1340
5477881000,s,1340
5477892000,s,1340
5477952000,r,1440
5478024000,s,1340
5477952000,r,1440
5478056000,s,1340
5478076000,s,1340
5478090000,s,1340
5478104000,s,1340
5478117000,s,1340
5478129000,s,1340
5478141000,s,1340
5478154000,s,1340
5478166000,s,1340
5478178000,s,1340
5478194000,s,1340
5478209000,s,1340
5478222000,s,1340
5478235000,s,1340
5478253000,s,1340
5478276000,s,1340
5478355000,s,1340
5478511000,s,1340
5478636000,s,1340
5478773000,s,1340
5478870000,s,1340
5479272000,s,1340
5479365000,s,1340
5480594000,s,1340
5480732000,s,1340
5480810000,s,1340
5480861000,s,1340
5481789000,s,1340
5481985000,s,1340
5482055000,s,1340
5482778000,s,1340
5482835000,s,1340
5483018000,s,1340
5483127000,s,1340
5483227000,s,1340
5483307000,s,1340
5483453000,r,1440
5483483000,s,1340
5483453000,r,1440
5483453000,r,1440
5483453000,r,1440
5483453000,r,1440
5483454000,r,1440
5483454000,r,1440
5483454000,r,1440
5483543000,r,1440
5483543000,r,1440
5483544000,r,1440
5483544000,r,1440
5483567000,s,1340
5483544000,r,1440
5483544000,r,1440
5483544000,r,1440
5483765000,s,1340
5483846000,s,1340
5484352000,s,1340
5484448000,s,1340
5484572000,s,1340
5484658000,s,1340
5484735000,s,1340
5484815000,s,1340
5484888000,s,1340
5484954000,s,1340
5485011000,s,1340
5485071000,s,1340
5485127000,s,1340
5490393000,r,1440
5490393000,r,1440
5491267000,s,1340
5494654000,s,1340
5506435000,s,1340
5506652000,s,1340
5508176000,s,1340
5515219000,r,1440
5517793000,r,1440
5517793000,r,1440
5518772000,s,1340
5519611000,s,1340
5520438000,s,1340
5521322000,s,1340
5524794000,s,1340
5525506000,s,1340
5526032000,r,1440
5526087000,s,1340
5526032000,r,1440
5527428000,r,1440
5527625000,s,1340
5527733000,s,1340
5527831000,s,1340
5528274000,s,1340
5528341000,s,1340
5528364000,s,1340
5528476000,s,1340
5528649000,s,1340
5528877000,r,1440
5528877000,r,1440
5529241000,s,1340
5529281000,s,1340
5529375000,s,1340
5529468000,s,1340
5529513000,s,1340
5530133000,r,1440
5530141000,s,1340
5530249000,s,1340
5535340000,s,1340
5535459000,s,1340
5536053000,s,1340
5537216000,s,1340
5537377000,r,1440
5537377000,r,1440
5537377000,r,1440
5537377000,r,1440
5537377000,r,1440
5538695000,s,1340
5538841000,s,1340
5538935000,s,1340
5539147000,s,1340
5539249000,s,1340
5539348000,s,1340
5539737000,s,1340
5539879000,s,1340
5539982000,s,1340
5540083000,s,1340
5540307000,s,1340
5540427000,s,1340
5540671000,s,1340
5540937000,s,1340
5541067000,s,1340
5541248000,s,1340
5541363000,s,1340
5541468000,s,1340
5541568000,s,1340
5541667000,s,1340
5541893000,s,1340
5542087000,s,1340
5542448000,s,1340
5542557000,s,1340
5542657000,s,1340
5542761000,s,1340
5542859000,s,1340
5542964000,s,1340
5543072000,s,1340
5543179000,s,1340
5543291000,s,1340
5543396000,s,1340
5543600000,s,1340
5543918000,s,1340
5543981000,s,1340
5544163000,s,1340
5544316000,s,1340
5544473000,s,1340
5544620000,s,1340
5544953000,s,1340
5545104000,s,1340
5545244000,s,1340
5545379000,s,1340
5545485000,s,1340
5545596000,s,1340
5545710000,s,1340
5545836000,s,1340
5545945000,s,1340
5546060000,s,1340
5546181000,s,1340
5546409000,s,1340
5546524000,s,1340
5546702000,s,1340
5546806000,s,1340
5546900000,s,1340
5546983000,r,1440
5546997000,s,1340
5547256000,s,1340
5547400000,s,1340
5547605000,s,1340
5547710000,s,1340
5547804000,s,1340
5547894000,s,1340
5548178000,s,1340
5548290000,s,1340
5548491000,s,1340
5548705000,s,1340
5549160000,r,1440
5549266000,r,1440
5549266000,r,1440
5549630000,r,1440
5549631000,r,1440
5549733000,s,1340
5550106000,s,1340
5550185000,s,1340
5550782000,s,1340
5550816000,s,1340
5551315000,r,1440
5551315000,r,1440
5551315000,r,1440
5551315000,r,1440
5551315000,r,1440
5551315000,r,1440
5551316000,r,1440
5552232000,s,1340
5552269000,s,1340
5553148000,s,1340
5553343000,s,1340
5553441000,s,1340
5553800000,r,1440
5553800000,r,1440
5553800000,r,1440
5553800000,r,1440
5553800000,r,1440
5553800000,r,1440
5553800000,r,1440
5553800000,r,1440
5553888000,r,1440
5553888000,r,1440
5554297000,r,1440
5554297000,r,1440
5554644000,s,1340
5554687000,s,1340
5554815000,s,1340
5554943000,s,1340
5555056000,s,1340
5555158000,s,1340
5555922000,s,1340
5555946000,r,1440
5558817000,r,1440
5558817000,r,1440
5558817000,r,1440
5558817000,r,1440
5558817000,r,1440
5559115000,r,1440
5559115000,r,1440
5559115000,r,1440
5559906000,s,1340
5560028000,s,1340
5560376000,s,1340
5560422000,s,1340
5560443000,s,1340
5560453000,s,1340
5560578000,s,1340
5561099000,r,1440
5561099000,r,1440
5561099000,r,1440
5561194000,r,1440
5561645000,s,1340
5561901000,s,1340
5565239000,r,1440
5565239000,r,1440
5565239000,r,1440
5565239000,r,1440
5565239000,r,1440
5565240000,r,1440
5565240000,r,1440
5565240000,r,1440
5565352000,r,1440
5565352000,r,1440
5565352000,r,1440
5565352000,r,1440
5565831000,s,1340
5565872000,s,1340
5565906000,s,1340
5565972000,s,1340
5566074000,s,1340
5566181000,s,1340
5566387000,s,1340
5566479000,s,1340
5566584000,r,1440
5566584000,r,1440
5566584000,r,1440
5566635000,s,1340
5567057000,s,1340
5567130000,s,1340
5567189000,s,1340
5567256000,s,1340
5567488000,s,1340
5567570000,s,1340
5567813000,s,1340
5567849000,s,1340
5567895000,s,1340
5568286000,s,1340
5568433000,s,1340
5568494000,r,1440
5568551000,s,1340
5568857000,s,1340
5569067000,s,1340
5569165000,r,1440
5569165000,r,1440
5569165000,r,1440
5569165000,r,1440
5569165000,r,1440
5569165000,r,1440
5569227000,s,1340
5569348000,s,1340
5569428000,s,1340
5569494000,s,1340
5569572000,r,1440
5569572000,r,1440
5569572000,r,1440
5569627000,s,1340
5569572000,r,1440
5569691000,r,1440
5569699000,s,1340
5569691000,r,1440
5569764000,s,1340
5569823000,s,1340
5569940000,s,1340
5569974000,s,1340
5569988000,s,1340
5569997000,s,1340
5570052000,s,1340
5570321000,s,1340
5570422000,s,1340
5570684000,s,1340
5571185000,s,1340
5571288000,s,1340
5571370000,r,1440
5571370000,r,1440
5571370000,r,1440
5571370000,r,1440
5571370000,r,1440
5571541000,s,1340
5571711000,s,1340
5571874000,s,1340
5571972000,s,1340
5572040000,s,1340
5572108000,s,1340
5572166000,s,1340
5572245000,s,1340
5572343000,s,1340
5572428000,s,1340
5572510000,s,1340
5572570000,s,1340
5572623000,s,1340
5572676000,s,1340
5572850000,s,1340
5572926000,s,1340
5572997000,s,1340
5573161000,s,1340
5573224000,r,1440
5573224000,r,1440
5573297000,s,1340
5573381000,s,1340
5573498000,s,1340
5574226000,s,1340
5574341000,s,1340
5574803000,s,1340
5574893000,s,1340
5574975000,s,1340
5575052000,s,1340
5577041000,r,1440
5577041000,r,1440
5577041000,r,1440
5577041000,r,1440
5577041000,r,1440
5577041000,r,1440
5577041000,r,1440
5577041000,r,1440
5577604000,s,1340
5577695000,s,1340
5577925000,s,1340
5578288000,s,1340
5578331000,s,1340
5578463000,s,1340
5579431000,r,1440
5579431000,r,1440
5579431000,r,1440
5579431000,r,1440
5579431000,r,1440
5579431000,r,1440
5579546000,s,1340
5579731000,s,1340
5579953000,s,1340
5580188000,s,1340
5580532000,r,1440
5580532000,r,1440
5580532000,r,1440
5580532000,r,1440
5580532000,r,1440
5580532000,r,1440
5580533000,r,1440
5580533000,r,1440
5580578000,r,1440
5580578000,r,1440
5580831000,s,1340
5580916000,s,1340
5581063000,s,1340
5581153000,s,1340
5581240000,s,1340
5581328000,s,1340
5581404000,s,1340
5581479000,s,1340
5581545000,s,1340
5581702000,s,1340
5581878000,s,1340
5582030000,s,1340
5582210000,s,1340
5582421000,s,1340
5582511000,s,1340
5582668000,s,1340
5582754000,s,1340
5582848000,r,1440
5582848000,r,1440
5582848000,r,1440
5582848000,r,1440
5582848000,r,1440
5582848000,r,1440
5582848000,r,1440
5582849000,r,1440
5583151000,s,1340
5583245000,s,1340
5583309000,s,1340
5583370000,s,1340
5583901000,s,1340
5583979000,s,1340
5584046000,s,1340
5584200000,s,1340
5584247000,s,1340
5584452000,s,1340
5584629000,s,1340
5584655000,s,1340
5585033000,s,1340
5585723000,r,1440
5587336000,r,1440
5587336000,r,1440
5587336000,r,1440
5587336000,r,1440
5587336000,r,1440
5587336000,r,1440
5587336000,r,1440
5587336000,r,1440
5587438000,r,1440
5587438000,r,1440
5587438000,r,1440
5587967000,s,1340
5588060000,r,1440
5588081000,s,1340
5588545000,s,1340
5589668000,r,1440
5589668000,r,1440
5590385000,r,1440
5590385000,r,1440
5590385000,r,1440
5590386000,r,1440
5590386000,r,1440
5590386000,r,1440
5591140000,r,1440
5591140000,r,1440
5591140000,r,1440
5591140000,r,1440
5591656000,s,1340
5591712000,s,1340
5591848000,s,1340
5591935000,s,1340
5592010000,s,1340
5592108000,s,1340
5592178000,s,1340
5592339000,s,1340
5592410000,r,1440
5592418000,s,1340
5592410000,r,1440
5592410000,r,1440
5592496000,s,1340
5592638000,s,1340
5592793000,s,1340
5592836000,s,1340
5593157000,s,1340
5593295000,s,1340
5593473000,s,1340
5593491000,r,1440
5593491000,r,1440
5593491000,r,1440
5593566000,s,1340
5593617000,s,1340
5593769000,s,1340
5593809000,s,1340
5593974000,s,1340
5594118000,s,1340
5594242000,s,1340
5594350000,s,1340
5594439000,s,1340
5594515000,s,1340
5594839000,s,1340
5594973000,s,1340
5595280000,s,1340
5595385000,s,1340
5595525000,s,1340
5595620000,s,1340
5595781000,s,1340
5595934000,s,1340
5596310000,s,1340
5596473000,r,1440
5596605000,s,1340
5596718000,s,1340
5596961000,s,1340
5597057000,s,1340
5597139000,s,1340
5597320000,s,1340
5597495000,s,1340
5597677000,s,1340
5597785000,s,1340
5597876000,s,1340
5597951000,s,1340
5598378000,s,1340
5598424000,s,1340
5598579000,r,1440
5598595000,s,1340
5598579000,r,1440
5598579000,r,1440
5598579000,r,1440
5598579000,r,1440
5598579000,r,1440
5598671000,s,1340
5598858000,s,1340
5598950000,s,1340
5599046000,s,1340
5599134000,s,1340
5599224000,s,1340
5599635000,s,1340
5599661000,r,1440
5599661000,r,1440
5599661000,r,1440
5599661000,r,1440
5599882000,s,1340
5600215000,s,1340
5602337000,s,1340
5602407000,s,1340
5602462000,s,1340
5602513000,s,1340
5602862000,r,1440
5602862000,r,1440
5603058000,s,1340
5603681000,s,1340
5603838000,s,1340
5603911000,r,1440
5603911000,r,1440
5603911000,r,1440
5603912000,r,1440
5603912000,r,1440
5603912000,r,1440
5603912000,r,1440
5603912000,r,1440
5603983000,r,1440
5603983000,r,1440
5603983000,r,1440
5604005000,s,1340
5604268000,s,1340
5604316000,s,1340
5604329000,s,1340
5606437000,r,1440
5606437000,r,1440
5606438000,r,1440
5606438000,r,1440
5606438000,r,1440
5606438000,r,1440
5606438000,r,1440
5606438000,r,1440
5606542000,r,1440
5606542000,r,1440
5606542000,r,1440
5606542000,r,1440
5606542000,r,1440
5606543000,r,1440
5606543000,r,1440
5606543000,r,1440
5606623000,r,1440
5606984000,s,1340
5607029000,s,1340
5607654000,r,1440
5607654000,r,1440
5607655000,r,1440
5608030000,s,1340
5608080000,s,1340
5608195000,r,1440
5608195000,r,1440
5608328000,s,1340
5608442000,s,1340
5608655000,s,1340
5608761000,s,1340
5609014000,s,1340
5609110000,s,1340
5609201000,s,1340
5609418000,s,1340
5609626000,s,1340
5609673000,s,1340
5609739000,s,1340
5609897000,s,1340
5609997000,r,1440
5609997000,r,1440
5609997000,r,1440
5609997000,r,1440
5609998000,r,1440
5609998000,r,1440
5609998000,r,1440
5609998000,r,1440
5610090000,r,1440
5610090000,r,1440
5610310000,s,1340
5610420000,s,1340
5610485000,s,1340
5610560000,s,1340
5610871000,s,1340
5611000000,s,1340
5611141000,s,1340
5611439000,r,1440
5611439000,r,1440
5611439000,r,1440
5611440000,r,1440
5611440000,r,1440
5611665000,s,1340
5611806000,s,1340
5611906000,s,1340
5611986000,s,1340
5612061000,s,1340
5612146000,s,1340
5612233000,s,1340
5612320000,s,1340
5612524000,s,1340
5612558000,s,1340
5612618000,s,1340
5613837000,s,1340
5613950000,s,1340
5614032000,s,1340
5614188000,s,1340
5614321000,s,1340
5614591000,s,1340
5614713000,r,1440
5614713000,r,1440
5614745000,s,1340
5614713000,r,1440
5614714000,r,1440
5614714000,r,1440
5614714000,r,1440
5614714000,r,1440
5614714000,r,1440
5614949000,s,1340
5614987000,s,1340
5614998000,s,1340
5615006000,s,1340
5615013000,s,1340
5615130000,s,1340
5619448000,r,1440
5619448000,r,1440
5619448000,r,1440
5619448000,r,1440
5619448000,r,1440
5619448000,r,1440
5619448000,r,1440
5619448000,r,1440
5619587000,r,1440
5619587000,r,1440
5619614000,r,1440
5619614000,r,1440
5620276000,s,1340
5620688000,s,1340
5620944000,s,1340
5621053000,s,1340
5621165000,s,1340
5621252000,s,1340
5621878000,r,1440
5621879000,r,1440
5621879000,r,1440
5621879000,r,1440
5621879000,r,1440
5621879000,r,1440
5622357000,s,1340
5622578000,s,1340
5622663000,s,1340
5623105000,r,1440
5623105000,r,1440
5623106000,r,1440
5623106000,r,1440
5623106000,r,1440
5623106000,r,1440
5623493000,s,1340
5623523000,s,1340
5623770000,s,1340
5626634000,r,1440
5626634000,r,1440
5626634000,r,1440
5626634000,r,1440
5626634000,r,1440
5626634000,r,1440
5626634000,r,1440
5626634000,r,1440
5626724000,r,1440
5626724000,r,1440
5627112000,s,1340
5627161000,s,1340
5629938000,s,1340
5630011000,r,1440
5630011000,r,1440
5630011000,r,1440
5630011000,r,1440
5630011000,r,1440
5630011000,r,1440
5630012000,r,1440
5630012000,r,1440
5630125000,r,1440
5630126000,r,1440
5630419000,s,1340
5630468000,s,1340
5630627000,r,1440
5630628000,r,1440
5630671000,s,1340
5630628000,r,1440
5630628000,r,1440
5630628000,r,1440
5631326000,s,1340
5631451000,s,1340
5632768000,r,1440
5632768000,r,1440
5632768000,r,1440
5632768000,r,1440
5632768000,r,1440
5632768000,r,1440
5632768000,r,1440
5632769000,r,1440
5632853000,r,1440
5632853000,r,1440
5632853000,r,1440
5632853000,r,1440
5632853000,r,1440
5633584000,s,1340
5634007000,s,1340
5634082000,s,1340
5634169000,s,1340
5634226000,r,1440
5634256000,s,1340
5634226000,r,1440
5634226000,r,1440
5634226000,r,1440
5634226000,r,1440
5634226000,r,1440
5634226000,r,1440
5634226000,r,1440
5634312000,r,1440
5634312000,r,1440
5634810000,s,1340
5634882000,s,1340
5634932000,s,1340
5635030000,s,1340
5635075000,s,1340
5635092000,s,1340
5635159000,s,1340
5635560000,s,1340
5635628000,r,1440
5635628000,r,1440
5635628000,r,1440
5635628000,r,1440
5635628000,r,1440
5635628000,r,1440
5635628000,r,1440
5635629000,r,1440
5635703000,r,1440
5635703000,r,1440
5635759000,s,1340
5635889000,s,1340
5636008000,s,1340
5636124000,s,1340
5636229000,s,1340
5636273000,s,1340
5636292000,s,1340
5636413000,s,1340
5636496000,s,1340
5636542000,s,1340
5636555000,s,1340
5636612000,r,1440
5636612000,r,1440
5636612000,r,1440
5636612000,r,1440
5636612000,r,1440
5636613000,r,1440
5637122000,s,1340
5637356000,s,1340
5637435000,s,1340
5637487000,s,1340
5637551000,s,1340
5637602000,s,1340
5637666000,s,1340
5637733000,s,1340
5639042000,r,1440
5639042000,r,1440
5639042000,r,1440
5639042000,r,1440
5639042000,r,1440
5639042000,r,1440
5639043000,r,1440
5639043000,r,1440
5639118000,r,1440
5639118000,r,1440
5639118000,r,1440
5639118000,r,1440
5639791000,s,1340
5639886000,s,1340
5640567000,r,1440
5640567000,r,1440
5640875000,s,1340
5641217000,r,1440
5641217000,r,1440
5641660000,s,1340
5642354000,r,1440
5642354000,r,1440
5642354000,r,1440
5642354000,r,1440
5642354000,r,1440
5642354000,r,1440
5642354000,r,1440
5642354000,r,1440
5642436000,r,1440
5642437000,r,1440
5642922000,s,1340
5642970000,s,1340
5643125000,r,1440
5643125000,r,1440
5643125000,r,1440
5643125000,r,1440
5643216000,r,1440
5643219000,s,1340
5643216000,r,1440
5643400000,s,1340
5643470000,s,1340
5643494000,s,1340
5643507000,s,1340
5643521000,s,1340
5643532000,s,1340
5643665000,s,1340
5643742000,s,1340
5643911000,s,1340
5643995000,s,1340
5644164000,s,1340
5644234000,s,1340
5644302000,s,1340
5644399000,s,1340
5644777000,s,1340
5644864000,s,1340
5644956000,s,1340
5645036000,s,1340
5645170000,s,1340
5645268000,s,1340
5645325000,s,1340
5645682000,r,1440
5645683000,r,1440
5645683000,r,1440
5645683000,r,1440
5645683000,r,1440
5645683000,r,1440
5645683000,r,1440
5645683000,r,1440
5645769000,r,1440
5645769000,r,1440
5645769000,r,1440
5645770000,r,1440
5645770000,r,1440
5645770000,r,1440
5646012000,s,1340
5646037000,s,1340
5646067000,s,1340
5646257000,s,1340
5646301000,s,1340
5646372000,s,1340
5646457000,s,1340
5646935000,r,1440
5646935000,r,1440
5646935000,r,1440
5646935000,r,1440
5646935000,r,1440
5646936000,r,1440
5647301000,s,1340
5647353000,s,1340
5647369000,s,1340
5647380000,s,1340
5649704000,r,1440
5649705000,r,1440
5649705000,r,1440
5649705000,r,1440
5649705000,r,1440
5649705000,r,1440
5650900000,s,1340
5650958000,s,1340
5650980000,s,1340
5651590000,r,1440
5651590000,r,1440
5651591000,r,1440
5651591000,r,1440
5651591000,r,1440
5651591000,r,1440
5651591000,r,1440
5651591000,r,1440
5651666000,r,1440
5651666000,r,1440
5651666000,r,1440
5651666000,r,1440
5651666000,r,1440
5652046000,s,1340
5652079000,s,1340
5652162000,s,1340
5652183000,s,1340
5652196000,s,1340
5652607000,r,1440
5652607000,r,1440
5652607000,r,1440
5652608000,r,1440
5652608000,r,1440
5652608000,r,1440
5652608000,r,1440
5653377000,s,1340
5653420000,s,1340
5653647000,s,1340
5653672000,s,1340
5653742000,s,1340
5653780000,s,1340
5653805000,s,1340
5653837000,s,1340
5653959000,r,1440
5654173000,s,1340
5654253000,s,1340
5654339000,s,1340
5654809000,s,1340
5654879000,s,1340
5655018000,s,1340
5655171000,s,1340
5655583000,s,1340
5655772000,s,1340
5656000000,s,1340
5656180000,s,1340
5656357000,s,1340
5656437000,s,1340
5656614000,s,1340
5656734000,r,1440
5656774000,s,1340
5656734000,r,1440
5657043000,s,1340
5657155000,s,1340
5657241000,s,1340
5657320000,s,1340
5657407000,s,1340
5657469000,s,1340
5657526000,s,1340
5657705000,s,1340
5657952000,s,1340
5658076000,s,1340
5658162000,s,1340
5658303000,r,1440
5658303000,r,1440
5658303000,r,1440
5658303000,r,1440
5658303000,r,1440
5658464000,s,1340
5658552000,s,1340
5658649000,s,1340
5658793000,s,1340
5658847000,s,1340
5658865000,s,1340
5658886000,s,1340
5658900000,s,1340
5659163000,s,1340
5659264000,s,1340
5659378000,s,1340
5659474000,r,1440
5659474000,r,1440
5659577000,s,1340
5659747000,s,1340
5659796000,r,1440
5659796000,r,1440
5659839000,s,1340
5659967000,s,1340
5660032000,s,1340
5660083000,s,1340
5660162000,s,1340
5660332000,s,1340
5660409000,s,1340
5660453000,s,1340
5660964000,r,1440
5660965000,r,1440
5660965000,r,1440
5660965000,r,1440
5660965000,r,1440
5660965000,r,1440
5660965000,r,1440
5660965000,r,1440
5661056000,r,1440
5661153000,s,1340
5661262000,s,1340
5661347000,s,1340
5661427000,s,1340
5661510000,s,1340
5661571000,s,1340
5661626000,s,1340
5661699000,s,1340
5661777000,s,1340
5661852000,s,1340
5661926000,s,1340
5662003000,s,1340
5662201000,s,1340
5662279000,s,1340
5662350000,s,1340
5662429000,s,1340
5662589000,s,1340
5662661000,s,1340
5662850000,s,1340
5662991000,s,1340
5663099000,s,1340
5663173000,s,1340
5663293000,s,1340
5663361000,s,1340
5663438000,s,1340
5663607000,s,1340
5663684000,s,1340
5663869000,s,1340
5663949000,s,1340
5664089000,s,1340
5664283000,s,1340
5664360000,s,1340
5664588000,s,1340
5665972000,r,1440
5665972000,r,1440
5665972000,r,1440
5665972000,r,1440
5666038000,r,1440
5666038000,r,1440
5666038000,r,1440
5666038000,r,1440
5666162000,r,1440
5666162000,r,1440
5666163000,r,1440
5666163000,r,1440
5666840000,s,1340
5666930000,s,1340
5666960000,r,1440
5666987000,s,1340
5666960000,r,1440
5666960000,r,1440
5666961000,r,1440
5666961000,r,1440
5666961000,r,1440
5667744000,s,1340
5667857000,s,1340
5667928000,s,1340
5668044000,s,1340
5668669000,s,1340
5668846000,s,1340
5668911000,s,1340
5668960000,s,1340
5669149000,s,1340
5669183000,r,1440
5669183000,r,1440
5669183000,r,1440
5669183000,r,1440
5669183000,r,1440
5669183000,r,1440
5669184000,r,1440
5669184000,r,1440
5669316000,s,1340
5669416000,r,1440
5669416000,r,1440
5669416000,r,1440
5669416000,r,1440
5669531000,s,1340
5669732000,r,1440
5669733000,r,1440
5670011000,s,1340
5670029000,s,1340
5670039000,s,1340
5670049000,s,1340
5670057000,s,1340
5670067000,s,1340
5670076000,s,1340
5670161000,s,1340
5670210000,s,1340
5670229000,s,1340
5670338000,s,1340
5670424000,s,1340
5670521000,s,1340
5670620000,s,1340
5670839000,s,1340
5670948000,s,1340
5671099000,s,1340
5671191000,s,1340
5671404000,s,1340
5671467000,s,1340
5671695000,r,1440
5671701000,s,1340
5671695000,r,1440
5671695000,r,1440
5671695000,r,1440
5671695000,r,1440
5671695000,r,1440
5671695000,r,1440
5671695000,r,1440
5671771000,r,1440
5671794000,s,1340
5671771000,r,1440
5671771000,r,1440
5671771000,r,1440
5671771000,r,1440
5671772000,r,1440
5671772000,r,1440
5671772000,r,1440
5671835000,r,1440
5671835000,r,1440
5671835000,r,1440
5671835000,r,1440
5671835000,r,1440
5671835000,r,1440
5671836000,r,1440
5671836000,r,1440
5671868000,r,1440
5671868000,r,1440
5671868000,r,1440
5671868000,r,1440
5671930000,s,1340
5672076000,s,1340
5672103000,s,1340
5672164000,s,1340
5672222000,s,1340
5672297000,r,1440
5672328000,s,1340
5672297000,r,1440
5672297000,r,1440
5672297000,r,1440
5672298000,r,1440
5672298000,r,1440
5672420000,s,1340
5672575000,s,1340
5672656000,s,1340
5672726000,s,1340
5672914000,s,1340
5672980000,s,1340
5673035000,s,1340
5673098000,s,1340
5673140000,s,1340
5673179000,s,1340
5673218000,s,1340
5673253000,s,1340
5673288000,s,1340
5673326000,s,1340
5673465000,s,1340
5673581000,s,1340
5673793000,s,1340
5673878000,s,1340
5673915000,r,1440
5673915000,r,1440
5673915000,r,1440
5673915000,r,1440
5673915000,r,1440
5673916000,r,1440
5673916000,r,1440
5673916000,r,1440
5674001000,r,1440
5674001000,r,1440
5674001000,r,1440
5674002000,r,1440
5674002000,r,1440
5674002000,r,1440
5674002000,r,1440
5674002000,r,1440
5674045000,r,1440
5674045000,r,1440
5674045000,r,1440
5676092000,s,1340
5676190000,s,1340
5676271000,s,1340
5676370000,s,1340
5676446000,s,1340
5676589000,s,1340
5676646000,s,1340
5681846000,s,1340
5685896000,s,1340
5686552000,r,1440
5686552000,r,1440
5686552000,r,1440
5686552000,r,1440
5686552000,r,1440
5686552000,r,1440
5686553000,r,1440
5686553000,r,1440
5686712000,r,1440
5686712000,r,1440
5686712000,r,1440
5686712000,r,1440
5686713000,r,1440
5686713000,r,1440
5686713000,r,1440
5686713000,r,1440
5686758000,r,1440
5686758000,r,1440
5686758000,r,1440
5686758000,r,1440
5686758000,r,1440
5686758000,r,1440
5686759000,r,1440
5686759000,r,1440
5686802000,r,1440
5686802000,r,1440
5686802000,r,1440
5686802000,r,1440
5686802000,r,1440
5686803000,r,1440
5686803000,r,1440
5686803000,r,1440
5686846000,r,1440
5686847000,r,1440
5686847000,r,1440
5686847000,r,1440
5686847000,r,1440
5686847000,r,1440
5686847000,r,1440
5686847000,r,1440
5686891000,r,1440
5686891000,r,1440
5686891000,r,1440
5686891000,r,1440
5686891000,r,1440
5686891000,r,1440
5686892000,r,1440
5686892000,r,1440
5686933000,r,1440
5686934000,r,1440
5686934000,r,1440
5686934000,r,1440
5686934000,r,1440
5686934000,r,1440
5686934000,r,1440
5686934000,r,1440
5686977000,r,1440
5686977000,r,1440
5686977000,r,1440
5686977000,r,1440
5686977000,r,1440
5686978000,r,1440
5686978000,r,1440
5686978000,r,1440
5687052000,r,1440
5687052000,r,1440
5687053000,r,1440
5687053000,r,1440
5687053000,r,1440
5687053000,r,1440
5687053000,r,1440
5687053000,r,1440
5687121000,r,1440
5687121000,r,1440
5687121000,r,1440
5687122000,r,1440
5687122000,r,1440
5687122000,r,1440
5687122000,r,1440
5687122000,r,1440
5687166000,r,1440
5687166000,r,1440
5687166000,r,1440
5687166000,r,1440
5687167000,r,1440
5687167000,r,1440
5687202000,r,1440
5687202000,r,1440
5687202000,r,1440
5687202000,r,1440
5687437000,r,1440
5687437000,r,1440
5687586000,s,1340
5687625000,s,1340
5687938000,s,1340
5688018000,s,1340
5688115000,s,1340
5688147000,s,1340
5688245000,s,1340
5688317000,s,1340
5688449000,s,1340
5688517000,s,1340
5688912000,s,1340
5689113000,s,1340
5689147000,s,1340
5689180000,s,1340
5689327000,s,1340
5689360000,s,1340
5689381000,s,1340
5689562000,s,1340
5689684000,s,1340
5689867000,s,1340
5689910000,r,1440
5689967000,s,1340
5689910000,r,1440
5689910000,r,1440
5689910000,r,1440
5689910000,r,1440
5689911000,r,1440
5689911000,r,1440
5689911000,r,1440
5690026000,r,1440
5690026000,r,1440
5690026000,r,1440
5690026000,r,1440
5690026000,r,1440
5690027000,r,1440
5690027000,r,1440
5690027000,r,1440
5690060000,s,1340
5690147000,s,1340
5690232000,s,1340
5690324000,s,1340
5690442000,s,1340
5690572000,s,1340
5690672000,s,1340
5690795000,s,1340
5690884000,s,1340
5690968000,s,1340
5691050000,s,1340
5691132000,s,1340
5691217000,s,1340
5691289000,s,1340
5691360000,s,1340
5691483000,s,1340
5691573000,s,1340
5691655000,s,1340
5691735000,s,1340
5691820000,s,1340
5691918000,s,1340
5692001000,s,1340
5692077000,s,1340
5692153000,s,1340
5692234000,s,1340
5692308000,s,1340
5692386000,s,1340
5692461000,s,1340
5692530000,s,1340
5692767000,s,1340
5692859000,s,1340
5693028000,s,1340
5693198000,s,1340
5693333000,s,1340
5693453000,s,1340
5693600000,s,1340
5694118000,s,1340
5694305000,s,1340
5694476000,s,1340
5694635000,s,1340
5694945000,s,1340
5695161000,s,1340
5695335000,s,1340
5695583000,s,1340
5695743000,s,1340
5695876000,s,1340
5696017000,s,1340
5696170000,s,1340
5696297000,s,1340
5696650000,s,1340
5696832000,s,1340
5696996000,s,1340
5697336000,s,1340
5697353000,r,1440
5697497000,s,1340
5697644000,s,1340
5697805000,s,1340
5697950000,s,1340
5698098000,s,1340
5698233000,s,1340
5698376000,s,1340
5698504000,s,1340
5698764000,s,1340
5698886000,s,1340
5699687000,s,1340
5699854000,s,1340
5700485000,r,1440
5700485000,r,1440
5700485000,r,1440
5700486000,r,1440
5700486000,r,1440
5700486000,r,1440
5700486000,r,1440
5700486000,r,1440
5700630000,r,1440
5700630000,r,1440
5700630000,r,1440
5700630000,r,1440
5700630000,r,1440
5700631000,r,1440
5701927000,s,1340
5702023000,s,1340
5702092000,s,1340
5702201000,s,1340
5702318000,s,1340
5702412000,s,1340
5702488000,s,1340
5702556000,s,1340
5702623000,s,1340
5702663000,s,1340
5702727000,s,1340
5702786000,s,1340
5702828000,s,1340
5702903000,s,1340
5702986000,s,1340
5704179000,s,1340
5704236000,s,1340
5704480000,r,1440
5704481000,r,1440
5704481000,r,1440
5704481000,r,1440
5704481000,r,1440
5704481000,r,1440
5704481000,r,1440
5704481000,r,1440
5704587000,r,1440
5704588000,s,1340
5704587000,r,1440
5704587000,r,1440
5704587000,r,1440
5704588000,r,1440
5704588000,r,1440
5704588000,r,1440
5704588000,r,1440
5704631000,r,1440
5704632000,r,1440
5704632000,r,1440
5704632000,r,1440
5704632000,r,1440
5704719000,r,1440
5704719000,r,1440
5704719000,r,1440
5704719000,r,1440
5704719000,r,1440
5704719000,r,1440
5704719000,r,1440
5704719000,r,1440
5704769000,r,1440
5704769000,r,1440
5704769000,r,1440
5704770000,r,1440
5704770000,r,1440
5704770000,r,1440
5704770000,r,1440
5704808000,s,1340
5704944000,s,1340
5705037000,s,1340
5705123000,s,1340
5705211000,s,1340
5705283000,s,1340
5705358000,s,1340
5705437000,s,1340
5705512000,s,1340
5705583000,s,1340
5705663000,s,1340
5705744000,s,1340
5705814000,s,1340
5705880000,s,1340
5705945000,s,1340
5706094000,s,1340
5706147000,s,1340
5706301000,s,1340
5706544000,s,1340
5706592000,s,1340
5706750000,s,1340
5706800000,s,1340
5706866000,s,1340
5706909000,s,1340
5707060000,s,1340
5707261000,s,1340
5707337000,s,1340
5707399000,s,1340
5707505000,s,1340
5707847000,s,1340
5707950000,s,1340
5708037000,s,1340
5708247000,s,1340
5708339000,s,1340
5708415000,s,1340
5708589000,s,1340
5708776000,s,1340
5708857000,s,1340
5708925000,s,1340
5708994000,s,1340
5709323000,s,1340
5709396000,s,1340
5709526000,s,1340
5709634000,s,1340
5709751000,s,1340
5709803000,s,1340
5709924000,s,1340
5710008000,s,1340
5710098000,s,1340
5710264000,s,1340
5710414000,s,1340
5710513000,s,1340
5710679000,s,1340
5711218000,s,1340
5711876000,s,1340
5712097000,s,1340
5712347000,s,1340
5713042000,s,1340
5713078000,r,1440
5713102000,s,1340
5713078000,r,1440
5713217000,s,1340
5713248000,s,1340
5713523000,s,1340
5713622000,s,1340
5713665000,r,1440
5713708000,s,1340
5713665000,r,1440
5713665000,r,1440
5713665000,r,1440
5713665000,r,1440
5713665000,r,1440
5713665000,r,1440
5713665000,r,1440
5713895000,s,1340
5714022000,s,1340
5714121000,s,1340
5714126000,r,1440
5714126000,r,1440
5714126000,r,1440
5714126000,r,1440
5714307000,s,1340
5714423000,s,1340
5714464000,r,1440
5714464000,r,1440
5714464000,r,1440
5714464000,r,1440
5714648000,s,1340
5714751000,s,1340
5714769000,r,1440
5714769000,r,1440
5714769000,r,1440
5714769000,r,1440
5714927000,s,1340
5715036000,s,1340
5715138000,s,1340
5715233000,s,1340
5715328000,s,1340
5715456000,s,1340
5715549000,s,1340
5715638000,s,1340
5715729000,s,1340
5715813000,s,1340
5716047000,s,1340
5716426000,s,1340
5716534000,r,1440
5716543000,s,1340
5716534000,r,1440
5716534000,r,1440
5716534000,r,1440
5717051000,s,1340
5717538000,s,1340
5717661000,s,1340
5717772000,s,1340
5717924000,s,1340
5717967000,s,1340
5718155000,s,1340
5718414000,r,1440
5718414000,r,1440
5718414000,r,1440
5718414000,r,1440
5718414000,r,1440
5718415000,r,1440
5718639000,s,1340
5718725000,s,1340
5719448000,s,1340
5719490000,s,1340
5719501000,s,1340
5719510000,s,1340
5719519000,s,1340
5719570000,s,1340
5719583000,s,1340
5719592000,s,1340
5719600000,s,1340
5719654000,s,1340
5720186000,s,1340
5720241000,r,1440
5720284000,s,1340
5720241000,r,1440
5720241000,r,1440
5720241000,r,1440
5720440000,s,1340
5720520000,s,1340
5720705000,r,1440
5720744000,s,1340
5720705000,r,1440
5720900000,s,1340
5720938000,s,1340
5720955000,s,1340
5720964000,s,1340
5721078000,s,1340
5722367000,s,1340
5722842000,r,1440
5722842000,r,1440
5722842000,r,1440
5722842000,r,1440
5722843000,r,1440
5722843000,r,1440
5722843000,r,1440
5722843000,r,1440
5722914000,r,1440
5722915000,r,1440
5722915000,r,1440
5722915000,r,1440
5722915000,r,1440
5722915000,r,1440
5722915000,r,1440
5722915000,r,1440
5722949000,r,1440
5722949000,r,1440
5722949000,r,1440
5722950000,r,1440
5722950000,r,1440
5722950000,r,1440
5722950000,r,1440
5722950000,r,1440
5722982000,r,1440
5722982000,r,1440
5722982000,r,1440
5722982000,r,1440
5723135000,r,1440
5723135000,r,1440
5723135000,r,1440
5723136000,r,1440
5723330000,s,1340
5723472000,s,1340
5723559000,s,1340
5723642000,s,1340
5723718000,s,1340
5723789000,s,1340
5723910000,s,1340
5724054000,r,1440
5724054000,r,1440
5724054000,r,1440
5724054000,r,1440
5724055000,r,1440
5724055000,r,1440
5724055000,r,1440
5724055000,r,1440
5724141000,s,1340
5724159000,r,1440
5724159000,r,1440
5724159000,r,1440
5724159000,r,1440
5724228000,s,1340
5724449000,r,1440
5724449000,r,1440
5724449000,r,1440
5724449000,r,1440
5724484000,s,1340
5724686000,s,1340
5724793000,s,1340
5724880000,s,1340
5724961000,s,1340
5725047000,s,1340
5725106000,s,1340
5725157000,r,1440
5725180000,s,1340
5725157000,r,1440
5725157000,r,1440
5725157000,r,1440
5725157000,r,1440
5725157000,r,1440
5725157000,r,1440
5725157000,r,1440
5725228000,r,1440
5725228000,r,1440
5725255000,s,1340
5725361000,s,1340
5725427000,s,1340
5725473000,s,1340
5725492000,s,1340
5725588000,s,1340
5725645000,s,1340
5725665000,s,1340
5725680000,s,1340
5726265000,s,1340
5726290000,r,1440
5726308000,s,1340
5726290000,r,1440
5726291000,r,1440
5726291000,r,1440
5726499000,s,1340
5726612000,s,1340
5726701000,s,1340
5726788000,s,1340
5726945000,s,1340
5727052000,s,1340
5727147000,s,1340
5727358000,s,1340
5727613000,s,1340
5727700000,s,1340
5727769000,s,1340
5727809000,s,1340
5727976000,s,1340
5729063000,s,1340
5729083000,s,1340
5729174000,s,1340
5730186000,s,1340
5730303000,s,1340
5730515000,s,1340
5730810000,s,1340
5730965000,s,1340
5731184000,s,1340
5731344000,s,1340
5731499000,s,1340
5731710000,s,1340
5731880000,s,1340
5731916000,r,1440
5731916000,r,1440
5731916000,r,1440
5731917000,r,1440
5731917000,r,1440
5731917000,r,1440
5731917000,r,1440
5731917000,r,1440
5731991000,r,1440
5731991000,r,1440
5731991000,r,1440
5731991000,r,1440
5731991000,r,1440
5731991000,r,1440
5732051000,s,1340
5732156000,s,1340
5732248000,s,1340
5732279000,s,1340
5732295000,s,1340
5732783000,s,1340
5733204000,s,1340
5733287000,s,1340
5733361000,s,1340
5733447000,s,1340
5733543000,s,1340
5733636000,s,1340
5733848000,r,1440
5733848000,r,1440
5733849000,r,1440
5733849000,r,1440
5733849000,r,1440
5733849000,r,1440
5733849000,r,1440
5733849000,r,1440
5733940000,r,1440
5733940000,r,1440
5733940000,r,1440
5733940000,r,1440
5733940000,r,1440
5733940000,r,1440
5733940000,r,1440
5733940000,r,1440
5733979000,r,1440
5733979000,r,1440
5733979000,r,1440
5733979000,r,1440
5733979000,r,1440
5733980000,r,1440
5734289000,s,1340
5734420000,r,1440
5734425000,s,1340
5734420000,r,1440
5734421000,r,1440
5734421000,r,1440
5734619000,s,1340
5734716000,s,1340
5735060000,s,1340
5735157000,s,1340
5735250000,s,1340
5735439000,r,1440
5735439000,r,1440
5735439000,r,1440
5735439000,r,1440
5735439000,r,1440
5735439000,r,1440
5735439000,r,1440
5735440000,r,1440
5735744000,s,1340
5735892000,s,1340
5736110000,s,1340
5736271000,s,1340
5736371000,s,1340
5736447000,s,1340
5736513000,s,1340
5736884000,s,1340
5736963000,s,1340
5737043000,s,1340
5737124000,s,1340
5737293000,s,1340
5737384000,s,1340
5737465000,s,1340
5737542000,s,1340
5737623000,s,1340
5737704000,s,1340
5737785000,s,1340
5737871000,s,1340
5737949000,s,1340
5738026000,s,1340
5738117000,s,1340
5738257000,r,1440
5738383000,s,1340
5739086000,r,1440
5742552000,s,1340
5745855000,s,1340
5763501000,r,1440
5989851000,s,1340
5990853000,s,1340
5991243000,s,1340
5993314000,s,1340
5993482000,s,1340
5993634000,s,1340
6001873000,r,1440
6001874000,r,1440
6001874000,r,1440
6001874000,r,1440
6001875000,r,1440
6001875000,r,1440
6002774000,s,1340
6002833000,s,1340
6012977000,s,1340
6013049000,s,1340
6013073000,s,1340
6014733000,s,1340
6016075000,s,1340
6023090000,s,1340
6023218000,s,1340
6023974000,s,1340
6026121000,s,1340
6026970000,s,1340
6038021000,r,1440
6038021000,r,1440
6038021000,r,1440
6038021000,r,1440
6039459000,s,1340
6040513000,r,1440
6040513000,r,1440
6040584000,r,1440
6040584000,r,1440
6040584000,r,1440
6041005000,s,1340
6041054000,s,1340
6043233000,r,1440
6043233000,r,1440
6043640000,s,1340
6044649000,s,1340
6044767000,s,1340
6044872000,s,1340
6044965000,s,1340
6045061000,s,1340
6045154000,s,1340
6045238000,r,1440
6045238000,r,1440
6045616000,s,1340
6045783000,s,1340
6045928000,s,1340
6046000000,s,1340
6046206000,s,1340
6046324000,s,1340
6046440000,s,1340
6046701000,s,1340
6046828000,s,1340
6046944000,s,1340
6047188000,s,1340
6047281000,s,1340
6047399000,s,1340
6047561000,s,1340
6047657000,s,1340
6047800000,r,1440
6047918000,s,1340
6048166000,s,1340
6048289000,s,1340
6048381000,s,1340
6048622000,s,1340
6048672000,s,1340
6048689000,s,1340
6048778000,s,1340
6048838000,s,1340
6050014000,s,1340
6050072000,s,1340
6050413000,s,1340
6050473000,r,1440
6050506000,s,1340
6050559000,s,1340
6050473000,r,1440
6050473000,r,1440
6050473000,r,1440
6050474000,r,1440
6050474000,r,1440
6051043000,s,1340
6051103000,s,1340
6051166000,s,1340
6051204000,s,1340
6051542000,s,1340
6051632000,s,1340
6051694000,s,1340
6051753000,s,1340
6051848000,s,1340
6051913000,s,1340
6052051000,s,1340
6052174000,s,1340
6052330000,s,1340
6052551000,s,1340
6052794000,s,1340
6052900000,s,1340
6052957000,s,1340
6053036000,r,1440
6053110000,s,1340
6053324000,s,1340
6053402000,s,1340
6053448000,r,1440
6053448000,r,1440
6053449000,r,1440
6054030000,s,1340
6054154000,s,1340
6054247000,s,1340
6054317000,s,1340
6054408000,s,1340
6054823000,r,1440
6055123000,s,1340
6055238000,s,1340
6055338000,s,1340
6055488000,s,1340
6055604000,s,1340
6055709000,s,1340
6055820000,s,1340
6055919000,s,1340
6056015000,s,1340
6056121000,s,1340
6056226000,s,1340
6056474000,s,1340
6056575000,s,1340
6056680000,s,1340
6057005000,s,1340
6057122000,s,1340
6057229000,s,1340
6057790000,s,1340
6057928000,s,1340
6058051000,s,1340
6058174000,s,1340
6058284000,s,1340
6058402000,s,1340
6058506000,s,1340
6058603000,s,1340
6058704000,s,1340
6058813000,s,1340
6058921000,s,1340
6059188000,s,1340
6059361000,s,1340
6059518000,s,1340
6059631000,s,1340
6059732000,s,1340
6059839000,s,1340
6060115000,s,1340
6060250000,s,1340
6060368000,s,1340
6060466000,s,1340
6060560000,s,1340
6060793000,s,1340
6060880000,s,1340
6061129000,s,1340
6061267000,s,1340
6061393000,s,1340
6061508000,s,1340
6061627000,s,1340
6061736000,s,1340
6061845000,s,1340
6062111000,s,1340
6062228000,s,1340
6062498000,s,1340
6062645000,s,1340
6062820000,r,1440
6062929000,r,1440
6062929000,r,1440
6062930000,r,1440
6063012000,s,1340
6063100000,s,1340
6063177000,s,1340
6063227000,s,1340
6063394000,s,1340
6063578000,s,1340
6063706000,s,1340
6063885000,s,1340
6064056000,s,1340
6064329000,s,1340
6064417000,s,1340
6064491000,s,1340
6064531000,r,1440
6064577000,s,1340
6064671000,s,1340
6064727000,s,1340
6064768000,s,1340
6064906000,s,1340
6067435000,r,1440
6067435000,r,1440
6068040000,s,1340
6069117000,r,1440
6069117000,r,1440
6071154000,r,1440
6071713000,s,1340
6071822000,s,1340
6071916000,s,1340
6071977000,s,1340
6072201000,s,1340
6076218000,s,1340
6076906000,s,1340
6077358000,s,1340
6078400000,s,1340
6079440000,r,1440
6080910000,r,1440
6082823000,s,1340
6082913000,r,1440
6082913000,r,1440
6082913000,r,1440
6082913000,r,1440
6083078000,r,1440
6083580000,s,1340
6083739000,s,1340
6084661000,r,1440
6084662000,r,1440
6085248000,s,1340
6087241000,r,1440
6087585000,s,1340
6087773000,s,1340
6088345000,s,1340
6089477000,s,1340
6094451000,r,1440
6094451000,r,1440
6094451000,r,1440
6094451000,r,1440
6094861000,s,1340
6095243000,s,1340
6097376000,r,1440
6098039000,s,1340
6098592000,r,1440
6098593000,r,1440
6098593000,r,1440
6099287000,s,1340
6099438000,r,1440
6100073000,s,1340
6100196000,s,1340
6100300000,s,1340
6100477000,s,1340
6101320000,s,1340
6101498000,s,1340
6101829000,s,1340
6102273000,r,1440
6102273000,r,1440
6105279000,r,1440
6105741000,s,1340
6105873000,s,1340
6107665000,r,1440
6107665000,r,1440
6107665000,r,1440
6107665000,r,1440
6108149000,s,1340
6108845000,s,1340
6109645000,r,1440
6109981000,r,1440
6109982000,r,1440
6109982000,r,1440
6109982000,r,1440
6110200000,r,1440
6110201000,r,1440
6110244000,s,1340
6111045000,s,1340
6111319000,s,1340
6111737000,r,1440
6111737000,r,1440
6111737000,r,1440
6111738000,r,1440
6111738000,r,1440
6111738000,r,1440
6112339000,r,1440
6112339000,r,1440
6112339000,r,1440
6112339000,r,1440
6112483000,s,1340
6112967000,s,1340
6113020000,s,1340
6113836000,s,1340
6113882000,s,1340
6114076000,r,1440
6114076000,r,1440
6114374000,s,1340
6114442000,s,1340
6115432000,r,1440
6115432000,r,1440
6115624000,r,1440
6115624000,r,1440
6115624000,r,1440
6115624000,r,1440
6115968000,s,1340
6116008000,s,1340
6116021000,s,1340
6116031000,s,1340
6116041000,s,1340
6116104000,s,1340
6116108000,r,1440
6116122000,s,1340
6116131000,s,1340
6116140000,s,1340
6116108000,r,1440
6116167000,s,1340
6116108000,r,1440
6116108000,r,1440
6116108000,r,1440
6116108000,r,1440
6116221000,s,1340
6116267000,s,1340
6116417000,s,1340
6116500000,s,1340
6116576000,s,1340
6116645000,s,1340
6116696000,s,1340
6116744000,s,1340
6116877000,s,1340
6116992000,s,1340
6117089000,s,1340
6117165000,s,1340
6117190000,s,1340
6117229000,r,1440
6117254000,s,1340
6117229000,r,1440
6117229000,r,1440
6117229000,r,1440
6117310000,s,1340
6117739000,s,1340
6117885000,s,1340
6117900000,s,1340
6117925000,s,1340
6117940000,s,1340
6117971000,s,1340
6118030000,s,1340
6118067000,s,1340
6118284000,s,1340
6118375000,s,1340
6118432000,s,1340
6118505000,s,1340
6118558000,s,1340
6118608000,s,1340
6118655000,s,1340
6118803000,s,1340
6118917000,s,1340
6119085000,s,1340
6119152000,s,1340
6119196000,s,1340
6119373000,s,1340
6119518000,s,1340
6119582000,s,1340
6119639000,s,1340
6119776000,s,1340
6119948000,s,1340
6120033000,s,1340
6120111000,s,1340
6120291000,s,1340
6120440000,s,1340
6120499000,s,1340
6120635000,s,1340
6120739000,s,1340
6120793000,s,1340
6120941000,s,1340
6120990000,s,1340
6121123000,s,1340
6121233000,s,1340
6121306000,s,1340
6121946000,s,1340
6122068000,s,1340
6122109000,s,1340
6123048000,s,1340
6123179000,s,1340
6123211000,s,1340
6123403000,s,1340
6123439000,r,1440
6123440000,r,1440
6123440000,r,1440
6123440000,r,1440
6123440000,r,1440
6123440000,r,1440
6123440000,r,1440
6123440000,r,1440
6123554000,r,1440
6123554000,r,1440
6123554000,r,1440
6123554000,r,1440
6123554000,r,1440
6123554000,r,1440
6123854000,s,1340
6124054000,s,1340
6124111000,s,1340
6124162000,s,1340
6124264000,s,1340
6124371000,s,1340
6124407000,r,1440
6124408000,r,1440
6124408000,r,1440
6124504000,s,1340
6124408000,r,1440
6124408000,r,1440
6124590000,s,1340
6124647000,s,1340
6124723000,s,1340
6125027000,s,1340
6125102000,s,1340
6125179000,s,1340
6125254000,s,1340
6125306000,s,1340
6125353000,s,1340
6125400000,s,1340
6125444000,s,1340
6126858000,r,1440
6127730000,r,1440
6127730000,r,1440
6127731000,r,1440
6127731000,r,1440
6128069000,s,1340
6128101000,r,1440
6128101000,r,1440
6128101000,r,1440
6128101000,r,1440
6128101000,r,1440
6128101000,r,1440
6128101000,r,1440
6128101000,r,1440
6128179000,r,1440
6128179000,r,1440
6128182000,s,1340
6128349000,s,1340
6128406000,s,1340
6128436000,s,1340
6128463000,s,1340
6128640000,s,1340
6128723000,s,1340
6128792000,s,1340
6128845000,s,1340
6128910000,s,1340
6128993000,s,1340
6129049000,s,1340
6129116000,s,1340
6129185000,s,1340
6129254000,s,1340
6129331000,s,1340
6129422000,s,1340
6129494000,s,1340
6129551000,s,1340
6129623000,s,1340
6129789000,s,1340
6129835000,r,1440
6129835000,r,1440
6129835000,r,1440
6129835000,r,1440
6130043000,s,1340
6130115000,s,1340
6130175000,s,1340
6130332000,s,1340
6130500000,s,1340
6130593000,s,1340
6130668000,s,1340
6130874000,s,1340
6131055000,s,1340
6131148000,s,1340
6131239000,s,1340
6131268000,s,1340
6131334000,s,1340
6131746000,s,1340
6131794000,s,1340
6132554000,s,1340
6133895000,s,1340
6133972000,s,1340
6134107000,s,1340
6134212000,s,1340
6134445000,s,1340
6134514000,s,1340
6134724000,s,1340
6134791000,s,1340
6134924000,s,1340
6135068000,s,1340
6135184000,s,1340
6135243000,s,1340
6135358000,s,1340
6135436000,s,1340
6135480000,s,1340
6136070000,s,1340
6137357000,s,1340
6137422000,s,1340
6137581000,s,1340
6137736000,s,1340
6137903000,s,1340
6137961000,s,1340
6138098000,s,1340
6138513000,s,1340
6138535000,s,1340
6138574000,s,1340
6139646000,s,1340
6140912000,s,1340
6140941000,s,1340
6140990000,s,1340
6142025000,s,1340
6143270000,s,1340
6143445000,s,1340
6143609000,s,1340
6143731000,s,1340
6144211000,s,1340
6144445000,s,1340
6144576000,s,1340
6144719000,s,1340
6144868000,s,1340
6145033000,s,1340
6145180000,s,1340
6145283000,s,1340
6145630000,s,1340
6145736000,s,1340
6146829000,s,1340
6146986000,s,1340
6147201000,s,1340
6147273000,s,1340
6147373000,s,1340
6148218000,s,1340
6148357000,s,1340
6148467000,s,1340
6148560000,s,1340
6148658000,s,1340
6151383000,s,1340
6151428000,s,1340
6158972000,s,1340
6160921000,r,1440
6160921000,r,1440
6160921000,r,1440
6160921000,r,1440
6160921000,r,1440
6160921000,r,1440
6160922000,r,1440
6160922000,r,1440
6161065000,r,1440
6161065000,r,1440
6161065000,r,1440
6161065000,r,1440
6161065000,r,1440
6161066000,r,1440
6161066000,r,1440
6161066000,r,1440
6161109000,r,1440
6161109000,r,1440
6161109000,r,1440
6161109000,r,1440
6161109000,r,1440
6161109000,r,1440
6161109000,r,1440
6161110000,r,1440
6161149000,r,1440
6161149000,r,1440
6161149000,r,1440
6161149000,r,1440
6161149000,r,1440
6161149000,r,1440
6161149000,r,1440
6161149000,r,1440
6161191000,r,1440
6161191000,r,1440
6161191000,r,1440
6161191000,r,1440
6161191000,r,1440
6161191000,r,1440
6161192000,r,1440
6161192000,r,1440
6161230000,r,1440
6161230000,r,1440
6161230000,r,1440
6161230000,r,1440
6161230000,r,1440
6161231000,r,1440
6161231000,r,1440
6161231000,r,1440
6161266000,r,1440
6161266000,r,1440
6161266000,r,1440
6161266000,r,1440
6161267000,r,1440
6161267000,r,1440
6161267000,r,1440
6161267000,r,1440
6161299000,r,1440
6161299000,r,1440
6161299000,r,1440
6161712000,s,1340
6161762000,s,1340
6161879000,s,1340
6161986000,s,1340
6162034000,s,1340
6162047000,s,1340
6162192000,s,1340
6162324000,s,1340
6162363000,s,1340
6162377000,s,1340
6162392000,s,1340
6162401000,s,1340
6162412000,s,1340
6162512000,s,1340
6162771000,s,1340
6162807000,s,1340
6162823000,s,1340
6162878000,s,1340
6162913000,s,1340
6163219000,s,1340
6163322000,s,1340
6163913000,s,1340
6164031000,s,1340
6164095000,s,1340
6164155000,s,1340
6164216000,s,1340
6164274000,s,1340
6164330000,s,1340
6164384000,s,1340
6164441000,s,1340
6165869000,s,1340
6165971000,s,1340
6166028000,s,1340
6166079000,s,1340
6166142000,s,1340
6166194000,s,1340
6166243000,s,1340
6166286000,s,1340
6166358000,s,1340
6166381000,s,1340
6166627000,s,1340
6166793000,s,1340
6166904000,s,1340
6166986000,s,1340
6167077000,s,1340
6167158000,s,1340
6167246000,s,1340
6167333000,s,1340
6167463000,s,1340
6167557000,s,1340
6167623000,s,1340
6167703000,s,1340
6167765000,s,1340
6167825000,s,1340
6167910000,s,1340
6167996000,s,1340
6168082000,s,1340
6168168000,s,1340
6168281000,s,1340
6168342000,s,1340
6168395000,s,1340
6168522000,s,1340
6168609000,s,1340
6168685000,s,1340
6168763000,s,1340
6169358000,s,1340
6169541000,s,1340
6169621000,r,1440
6169632000,s,1340
6170197000,s,1340
6170279000,s,1340
6170349000,s,1340
6170415000,s,1340
6170551000,s,1340
6170640000,s,1340
6170723000,s,1340
6170775000,s,1340
6170834000,s,1340
6170894000,s,1340
6171187000,s,1340
6171926000,s,1340
6172000000,s,1340
6172069000,s,1340
6172141000,s,1340
6172345000,s,1340
6172420000,s,1340
6172599000,s,1340
6172743000,s,1340
6172867000,s,1340
6172996000,s,1340
6173103000,r,1440
6173126000,s,1340
6173279000,s,1340
6173427000,s,1340
6174062000,s,1340
6174154000,s,1340
6174227000,s,1340
6174507000,s,1340
6174589000,s,1340
6174670000,s,1340
6174819000,s,1340
6175006000,s,1340
6175026000,r,1440
6175260000,s,1340
6175358000,s,1340
6175489000,s,1340
6178499000,r,1440
6178880000,r,1440
6178965000,s,1340
6179227000,s,1340
6179267000,s,1340
6181638000,r,1440
6182410000,s,1340
6182638000,s,1340
6184469000,r,1440
6184469000,r,1440
6184846000,r,1440
6185233000,s,1340
6185410000,s,1340
6185574000,s,1340
6185732000,s,1340
6185754000,r,1440
6185887000,s,1340
6186265000,s,1340
6186549000,s,1340
6186702000,s,1340
6186843000,s,1340
6186995000,s,1340
6187172000,s,1340
6187314000,s,1340
6187395000,s,1340
6187595000,s,1340
6187950000,s,1340
6188209000,s,1340
6188973000,s,1340
6189068000,s,1340
6189144000,s,1340
6189233000,s,1340
6189308000,s,1340
6189382000,s,1340
6189574000,s,1340
6189693000,s,1340
6190038000,s,1340
6190199000,s,1340
6190355000,s,1340
6190568000,s,1340
6190591000,r,1440
6190652000,s,1340
6190806000,s,1340
6190935000,s,1340
6191226000,s,1340
6191327000,s,1340
6191395000,s,1340
6191506000,s,1340
6191867000,s,1340
6192433000,s,1340
6192515000,s,1340
6192582000,s,1340
6192648000,s,1340
6192932000,s,1340
6193372000,s,1340
6193626000,r,1440
6193641000,s,1340
6193626000,r,1440
6193626000,r,1440
6193739000,s,1340
6194052000,s,1340
6194196000,s,1340
6203962000,r,1440
6203962000,r,1440
6203962000,r,1440
6205539000,s,1340
6205701000,s,1340
6205772000,s,1340
6206254000,s,1340
6212836000,r,1440
6218443000,r,1440
6228697000,r,1440
6229316000,s,1340
6235440000,s,1340
6235794000,s,1340
6235862000,s,1340
6235997000,s,1340
6236099000,s,1340
6236186000,s,1340
6236325000,s,1340
6236452000,s,1340
6236508000,s,1340
6236634000,s,1340
6236767000,s,1340
6236858000,s,1340
6236991000,s,1340
6237025000,s,1340
6237082000,s,1340
6237153000,s,1340
6237399000,s,1340
6237449000,s,1340
6237518000,s,1340
6238025000,s,1340
6238246000,s,1340
6238335000,s,1340
6238404000,s,1340
6238435000,s,1340
6238991000,s,1340
6239279000,s,1340
6239397000,s,1340
6239484000,s,1340
6239917000,s,1340
6240003000,s,1340
6240018000,s,1340
6241073000,s,1340
6241120000,s,1340
6241187000,s,1340
6241396000,s,1340
6241766000,s,1340
6241818000,s,1340
6241852000,s,1340
6241871000,s,1340
6241940000,s,1340
6242631000,s,1340
6242696000,s,1340
6242761000,s,1340
6243506000,s,1340
6243557000,s,1340
6243591000,s,1340
6243653000,s,1340
6243833000,s,1340
6243878000,s,1340
6243941000,s,1340
6244322000,r,1440
6244365000,s,1340
6244322000,r,1440
6244422000,s,1340
6244546000,s,1340
6247441000,r,1440
6247631000,s,1340
6255241000,s,1340
6260524000,r,1440
6261748000,s,1340
6261850000,s,1340
6262078000,s,1340
6262326000,s,1340
6262425000,s,1340
6262513000,s,1340
6262603000,s,1340
6262692000,s,1340
6262854000,s,1340
6263008000,s,1340
6263328000,s,1340
6263582000,s,1340
6263699000,s,1340
6263806000,s,1340
6264006000,s,1340
6264240000,s,1340
6264347000,s,1340
6264420000,s,1340
6264534000,s,1340
6264622000,s,1340
6264887000,s,1340
6265052000,s,1340
6265207000,s,1340
6265368000,s,1340
6265531000,s,1340
6265768000,s,1340
6265825000,s,1340
6265856000,s,1340
6265889000,s,1340
6266046000,s,1340
6266113000,s,1340
6266354000,s,1340
6266433000,s,1340
6266997000,s,1340
6267043000,s,1340
6267216000,s,1340
6267280000,s,1340
6267644000,s,1340
6267747000,s,1340
6267843000,s,1340
6267898000,s,1340
6267952000,s,1340
6268012000,s,1340
6268713000,s,1340
6268938000,s,1340
6269416000,s,1340
6269516000,s,1340
6269598000,s,1340
6269681000,s,1340
6269788000,s,1340
6269891000,s,1340
6269986000,s,1340
6270082000,s,1340
6270269000,s,1340
6270368000,s,1340
6270463000,s,1340
6270549000,s,1340
6270634000,s,1340
6270726000,s,1340
6270821000,s,1340
6270912000,s,1340
6271015000,s,1340
6271112000,s,1340
6271204000,s,1340
6271297000,s,1340
6271390000,s,1340
6271599000,s,1340
6271706000,s,1340
6271819000,s,1340
6271931000,s,1340
6272037000,s,1340
6272140000,s,1340
6272258000,s,1340
6272367000,s,1340
6272480000,s,1340
6272492000,r,1440
6272603000,s,1340
6272719000,s,1340
6272888000,s,1340
6272956000,s,1340
6273063000,s,1340
6273173000,s,1340
6273299000,s,1340
6273413000,s,1340
6273529000,s,1340
6273644000,s,1340
6273755000,s,1340
6273860000,s,1340
6273964000,s,1340
6274069000,s,1340
6274465000,s,1340
6274845000,s,1340
6274915000,s,1340
6274976000,s,1340
6275037000,s,1340
6275095000,s,1340
6275154000,s,1340
6275739000,s,1340
6276083000,s,1340
6276156000,s,1340
6276263000,s,1340
6276356000,s,1340
6276460000,s,1340
6276565000,s,1340
6276676000,s,1340
6276804000,s,1340
6276919000,s,1340
6277029000,s,1340
6277143000,s,1340
6277227000,s,1340
6277419000,s,1340
6277484000,s,1340
6277574000,s,1340
6277734000,s,1340
6277847000,r,1440
6277847000,r,1440
6277917000,s,1340
6278037000,s,1340
6278165000,s,1340
6278278000,s,1340
6278386000,s,1340
6278499000,s,1340
6278612000,s,1340
6278782000,s,1340
6278920000,s,1340
6279020000,s,1340
6279214000,s,1340
6280924000,r,1440
6280924000,r,1440
6281353000,s,1340
6285867000,r,1440
6286313000,s,1340
6287554000,s,1340
6287623000,s,1340
6288117000,s,1340
6289344000,s,1340
6292082000,r,1440
6292082000,r,1440
6293018000,s,1340
6293138000,s,1340
6293244000,s,1340
6293347000,s,1340
6293449000,s,1340
6293553000,s,1340
6293665000,s,1340
6293772000,s,1340
6293877000,s,1340
6293987000,s,1340
6294040000,r,1440
6294242000,s,1340
6294759000,r,1440
6295136000,s,1340
6296570000,r,1440
6296570000,r,1440
6296610000,s,1340
6296734000,s,1340
6296853000,s,1340
6296973000,s,1340
6297088000,s,1340
6297203000,s,1340
6297646000,s,1340
6297860000,s,1340
6297932000,s,1340
6307299000,r,1440
6307462000,s,1340
6307555000,s,1340
6307594000,s,1340
6307827000,s,1340
6307907000,r,1440
6307923000,s,1340
6307998000,s,1340
6308148000,s,1340
6309899000,r,1440
6309899000,r,1440
6310404000,s,1340
6315793000,r,1440
6318508000,s,1340
6318916000,r,1440
6318916000,r,1440
6319323000,s,1340
6319357000,s,1340
6319372000,s,1340
6319422000,r,1440
6323428000,r,1440
6323428000,r,1440
6323951000,s,1340
6323984000,s,1340
6324217000,s,1340
6324411000,s,1340
6324686000,s,1340
6324781000,s,1340
6324960000,s,1340
6325136000,s,1340
6325226000,r,1440
6325226000,r,1440
6325226000,r,1440
6325226000,r,1440
6325387000,s,1340
6325474000,s,1340
6325554000,s,1340
6325631000,s,1340
6326285000,s,1340
6326394000,s,1340
6326483000,s,1340
6326684000,s,1340
6326781000,s,1340
6326871000,s,1340
6326960000,s,1340
6327052000,s,1340
6327140000,s,1340
6327225000,s,1340
6327421000,r,1440
6327515000,s,1340
6327670000,s,1340
6327704000,s,1340
6327757000,s,1340
6327901000,s,1340
6328444000,s,1340
6328549000,s,1340
6328755000,s,1340
6328936000,s,1340
6329027000,s,1340
6329183000,s,1340
6329281000,s,1340
6329380000,s,1340
6329584000,s,1340
6329743000,s,1340
6330059000,s,1340
6330166000,s,1340
6330248000,s,1340
6330360000,s,1340
6330541000,s,1340
6330644000,s,1340
6330856000,s,1340
6330947000,s,1340
6331253000,s,1340
6331328000,s,1340
6331598000,s,1340
6331678000,s,1340
6331753000,s,1340
6331893000,s,1340
6331974000,s,1340
6332064000,s,1340
6332215000,s,1340
6332339000,s,1340
6332790000,s,1340
6333183000,s,1340
6333328000,s,1340
6333387000,s,1340
6333561000,s,1340
6333694000,s,1340
6333900000,s,1340
6334046000,s,1340
6334142000,s,1340
6334412000,s,1340
6334551000,s,1340
6334651000,s,1340
6334747000,s,1340
6334949000,s,1340
6335060000,s,1340
6335132000,s,1340
6335833000,s,1340
6335931000,s,1340
6336109000,s,1340
6336164000,s,1340
6336301000,s,1340
6336950000,s,1340
6337066000,s,1340
6337763000,s,1340
6337865000,s,1340
6337965000,s,1340
6338170000,s,1340
6338334000,s,1340
6338405000,s,1340
6338449000,s,1340
6338946000,s,1340
6339108000,s,1340
6339488000,s,1340
6339710000,s,1340
6339907000,s,1340
6340030000,s,1340
6340250000,s,1340
6340353000,s,1340
6340450000,s,1340
6340541000,s,1340
6340794000,s,1340
6340899000,s,1340
6341099000,s,1340
6341205000,s,1340
6341351000,s,1340
6341442000,s,1340
6341565000,s,1340
6341677000,s,1340
6341784000,s,1340
6341991000,s,1340
6342157000,s,1340
6342372000,s,1340
6342513000,s,1340
6343138000,s,1340
6343246000,s,1340
6343477000,s,1340
6343726000,s,1340
6343836000,s,1340
6343966000,s,1340
6344081000,s,1340
6344185000,s,1340
6344387000,s,1340
6344540000,s,1340
6344637000,s,1340
6344780000,s,1340
6344885000,s,1340
6345186000,s,1340
6345289000,s,1340
6345415000,s,1340
6345514000,s,1340
6345703000,s,1340
6345919000,s,1340
6346022000,s,1340
6346115000,s,1340
6346374000,s,1340
6346382000,r,1440
6346399000,s,1340
6346382000,r,1440
6346665000,s,1340
6346764000,s,1340
6346789000,s,1340
6346948000,s,1340
6347166000,s,1340
6347401000,s,1340
6347606000,s,1340
6347720000,s,1340
6347866000,s,1340
6347953000,s,1340
6348181000,s,1340
6348287000,s,1340
6348446000,s,1340
6348539000,s,1340
6348855000,s,1340
6349071000,s,1340
6349201000,s,1340
6349292000,s,1340
6349317000,s,1340
6349355000,s,1340
6349538000,s,1340
6349748000,s,1340
6349872000,s,1340
6349965000,s,1340
6350145000,s,1340
6350229000,s,1340
6350411000,s,1340
6350422000,r,1440
6350422000,r,1440
6350496000,s,1340
6350585000,s,1340
6350705000,s,1340
6350884000,s,1340
6351055000,s,1340
6351161000,s,1340
6351257000,s,1340
6351353000,s,1340
6351421000,r,1440
6351421000,r,1440
6351505000,s,1340
6351763000,s,1340
6351862000,s,1340
6351952000,s,1340
6352046000,s,1340
6352144000,s,1340
6352338000,s,1340
6352533000,s,1340
6352747000,s,1340
6352880000,s,1340
6355438000,r,1440
6355438000,r,1440
6357037000,s,1340
6357344000,r,1440
6357344000,r,1440
6357344000,r,1440
6358114000,r,1440
6358136000,s,1340
6359004000,r,1440
6359208000,s,1340
6359319000,s,1340
6363439000,r,1440
6368112000,s,1340
6383495000,r,1440
6385674000,s,1340
6385757000,s,1340
6386896000,s,1340
6387943000,s,1340
6388196000,s,1340
6388332000,s,1340
6388577000,s,1340
6388686000,s,1340
6388783000,s,1340
6388983000,s,1340
6389129000,s,1340
6389376000,s,1340
6389488000,s,1340
6389829000,s,1340
6389928000,s,1340
6390126000,s,1340
6390226000,s,1340
6390447000,s,1340
6390550000,s,1340
6390712000,s,1340
6390821000,s,1340
6391139000,s,1340
6391270000,s,1340
6391386000,s,1340
6391553000,s,1340
6391672000,s,1340
6391953000,s,1340
6392121000,s,1340
6392275000,s,1340
6392490000,s,1340
6392694000,s,1340
6392800000,s,1340
6393023000,s,1340
6393122000,s,1340
6393272000,s,1340
6393416000,s,1340
6393517000,s,1340
6393625000,s,1340
6393748000,s,1340
6393905000,s,1340
6394006000,s,1340
6394103000,s,1340
6394197000,s,1340
6394379000,s,1340
6394479000,s,1340
6394576000,s,1340
6394825000,s,1340
6395070000,s,1340
6395222000,s,1340
6395347000,s,1340
6395577000,s,1340
6395704000,s,1340
6396016000,s,1340
6396166000,s,1340
6396289000,s,1340
6396404000,s,1340
6396525000,s,1340
6396639000,s,1340
6396750000,s,1340
6397164000,s,1340
6397273000,s,1340
6397943000,s,1340
6398076000,s,1340
6398306000,s,1340
6398561000,s,1340
6398681000,s,1340
6398775000,s,1340
6398889000,s,1340
6398998000,s,1340
6399203000,s,1340
6399459000,s,1340
6399556000,s,1340
6399821000,s,1340
6399992000,s,1340
6400189000,s,1340
6400371000,s,1340
6400503000,s,1340
6400807000,s,1340
6400900000,s,1340
6401078000,s,1340
6401157000,s,1340
6401259000,s,1340
6401587000,s,1340
6401714000,s,1340
6412564000,s,1340
6412643000,s,1340
6412676000,s,1340
6412709000,s,1340
6414094000,s,1340
6414332000,s,1340
6414534000,s,1340
6414726000,s,1340
6414920000,s,1340
6415099000,s,1340
6415291000,s,1340
6415586000,s,1340
6415783000,s,1340
6415978000,s,1340
6416177000,s,1340
6416352000,s,1340
6416536000,s,1340
6416820000,s,1340
6417124000,s,1340
6417336000,s,1340
6417527000,s,1340
6417714000,s,1340
6417977000,s,1340
6418192000,s,1340
6418386000,s,1340
6418555000,s,1340
6418707000,s,1340
6418872000,s,1340
6419110000,s,1340
6419266000,s,1340
6419537000,s,1340
6419715000,s,1340
6419883000,s,1340
6420057000,s,1340
6420226000,s,1340
6420386000,s,1340
6420555000,s,1340
6420975000,s,1340
6421177000,s,1340
6421359000,s,1340
6421622000,s,1340
6421811000,s,1340
6422142000,s,1340
6422336000,s,1340
6422507000,s,1340
6422677000,s,1340
6422843000,s,1340
6423029000,s,1340
6423181000,s,1340
6423465000,s,1340
6423808000,s,1340
6423991000,s,1340
6424145000,s,1340
6424303000,s,1340
6424714000,s,1340
6424942000,s,1340
6425181000,s,1340
6425600000,s,1340
6425773000,s,1340
6426007000,s,1340
6426370000,s,1340
6426615000,s,1340
6426797000,s,1340
6427010000,s,1340
6427207000,s,1340
6427351000,s,1340
6427741000,s,1340
6427989000,s,1340
6428207000,s,1340
6428504000,s,1340
6428651000,s,1340
6428959000,s,1340
6429127000,s,1340
6429213000,s,1340
6429305000,s,1340
6429398000,s,1340
6429723000,s,1340
6429867000,s,1340
6430000000,s,1340
6430289000,s,1340
6430439000,s,1340
6430750000,s,1340
6430940000,s,1340
6431074000,s,1340
6431191000,s,1340
6431403000,s,1340
6431570000,s,1340
6431714000,s,1340
6432347000,s,1340
6432475000,s,1340
6432590000,s,1340
6432821000,s,1340
6433079000,s,1340
6433193000,s,1340
6433369000,s,1340
6433494000,s,1340
6433746000,s,1340
6433926000,s,1340
6434048000,s,1340
6434154000,s,1340
6434258000,s,1340
6434475000,s,1340
6434531000,s,1340
6434618000,s,1340
6434677000,s,1340
6445522000,s,1340
6948265000,s,1340
6948552000,s,1340
6963634000,r,1440
6983831000,r,1440
6989724000,r,1440
6989725000,r,1440
6989725000,r,1440
6990558000,r,1440
6991540000,s,1340
6991980000,s,1340
6992259000,s,1340
6992283000,r,1440
6992443000,s,1340
6996063000,s,1340
6998236000,s,1340
7027557000,r,1440
7031001000,r,1440
7031002000,r,1440
7032115000,s,1340
7032841000,r,1440
7032841000,r,1440
7033873000,s,1340
7034142000,r,1440
7035075000,s,1340
7035319000,s,1340
7035556000,s,1340
7035768000,s,1340
7035926000,s,1340
7036102000,s,1340
7036271000,s,1340
7036437000,s,1340
7036702000,s,1340
7036904000,s,1340
7037076000,s,1340
7037334000,s,1340
7037512000,s,1340
7037689000,s,1340
7037864000,s,1340
7038142000,s,1340
7038401000,s,1340
7038673000,s,1340
7038920000,s,1340
7039160000,s,1340
7039440000,r,1440
7039528000,s,1340
7039830000,s,1340
7040121000,s,1340
7040380000,s,1340
7040669000,s,1340
7040927000,s,1340
7041386000,s,1340
7041677000,s,1340
7041951000,s,1340
7042213000,s,1340
7042467000,s,1340
7042745000,s,1340
7043004000,s,1340
7043268000,s,1340
7043670000,s,1340
7043972000,s,1340
7044210000,s,1340
7044445000,s,1340
7044675000,s,1340
7044944000,s,1340
7045184000,s,1340
7045428000,s,1340
7045676000,s,1340
7045929000,s,1340
7046162000,s,1340
7046399000,s,1340
7046636000,s,1340
7046890000,s,1340
7047130000,s,1340
7047371000,s,1340
7047711000,s,1340
7047973000,s,1340
7048246000,s,1340
7048489000,s,1340
7048727000,s,1340
7048954000,s,1340
7049203000,s,1340
7049885000,s,1340
7050164000,s,1340
7050419000,s,1340
7050670000,s,1340
7050898000,s,1340
7051129000,s,1340
7051393000,s,1340
7051774000,s,1340
7052034000,s,1340
7052296000,s,1340
7052531000,s,1340
7052770000,s,1340
7052996000,s,1340
7053231000,s,1340
7053485000,s,1340
7053716000,s,1340
7053945000,s,1340
7054169000,s,1340
7054399000,s,1340
7054654000,s,1340
7054896000,s,1340
7055122000,s,1340
7055352000,s,1340
7055718000,s,1340
7055992000,s,1340
7056248000,s,1340
7056491000,s,1340
7056764000,s,1340
7057008000,s,1340
7057234000,s,1340
7057458000,s,1340
7057710000,s,1340
7057945000,s,1340
7058174000,s,1340
7058405000,s,1340
7058631000,s,1340
7058893000,s,1340
7059130000,s,1340
7059356000,s,1340
7059720000,s,1340
7059993000,s,1340
7060242000,s,1340
7060481000,s,1340
7060715000,s,1340
7060966000,s,1340
7061209000,s,1340
7061448000,s,1340
7061730000,s,1340
7062017000,s,1340
7062297000,s,1340
7062558000,s,1340
7062812000,s,1340
7063098000,s,1340
7063367000,s,1340
7063723000,s,1340
7064003000,s,1340
7064280000,s,1340
7064523000,s,1340
7064764000,s,1340
7065002000,s,1340
7065265000,s,1340
7065507000,s,1340
7065743000,s,1340
7065987000,s,1340
7066249000,s,1340
7066527000,s,1340
7066817000,s,1340
7067085000,s,1340
7067322000,s,1340
7067595000,s,1340
7067803000,s,1340
7067995000,s,1340
7068203000,s,1340
7068402000,s,1340
7068582000,s,1340
7068749000,s,1340
7068907000,s,1340
7069064000,s,1340
7069232000,s,1340
7069455000,s,1340
7069628000,s,1340
7069818000,s,1340
7070052000,s,1340
7070292000,s,1340
7070554000,s,1340
7070798000,s,1340
7071030000,s,1340
7071276000,s,1340
7071844000,s,1340
7072329000,s,1340
7072684000,s,1340
7072991000,s,1340
7073270000,s,1340
7073533000,s,1340
7073814000,s,1340
7074071000,s,1340
7074320000,s,1340
7074587000,s,1340
7074876000,s,1340
7075126000,s,1340
7528023000,r,1440
7921892000,s,1340
7922467000,s,1340
7959687000,r,1440
7963136000,r,1440
7963137000,r,1440
7963137000,r,1440
7965648000,s,1340
7975868000,s,1340
8007955000,r,1440
8961553000,s,1340
8961988000,s,1340
8962159000,s,1340
8962316000,s,1340
8962530000,s,1340
8962677000,s,1340
8962829000,s,1340
8962972000,s,1340
8963103000,s,1340
8963239000,s,1340
8993946000,r,1440
8993947000,r,1440
9002984000,s,1340
9007545000,r,1440
9007545000,r,1440
9009707000,r,1440
9009707000,r,1440
9011220000,s,1340
9012833000,r,1440
9012833000,r,1440
9014195000,s,1340
9014265000,r,1440
9014633000,r,1440
9015212000,s,1340
9017332000,r,1440
9017333000,r,1440
9017859000,r,1440
9018884000,s,1340
9019259000,s,1340
9020393000,r,1440
9020393000,r,1440
9023611000,s,1340
9028448000,r,1440
9028449000,r,1440
9030951000,r,1440
9032500000,s,1340
9051828000,r,1440
10647967000,r,1440
10647968000,r,1440
10647968000,r,1440
10647969000,r,1440
10647969000,r,1440
10652651000,s,1340
10653076000,s,1340
10653274000,s,1340
10653514000,s,1340
15207688000,r,1440
16275570000,r,1440
16275570000,r,1440
16275571000,r,1440
16275571000,r,1440
16275572000,r,1440
16275572000,r,1440
16275573000,r,1440
16275573000,r,1440
16277748000,s,1340
16277924000,s,1340
16277968000,s,1340
16277998000,s,1340
16278027000,s,1340
16278409000,s,1340
16278518000,s,1340
16278562000,s,1340
16280176000,s,1340
16280287000,s,1340
16280391000,s,1340
16280954000,s,1340
16282202000,s,1340
16282309000,s,1340
16282357000,s,1340
16282728000,s,1340
16282991000,s,1340
16283195000,s,1340
16283522000,s,1340
16283755000,s,1340
16283982000,s,1340
16284207000,s,1340
16284443000,s,1340
16284680000,s,1340
16284918000,s,1340
16285140000,s,1340
16285369000,s,1340
16285701000,s,1340
16285889000,s,1340
16286050000,s,1340
16286207000,s,1340
16286359000,s,1340
16286513000,s,1340
16286687000,s,1340
16286843000,s,1340
16286993000,s,1340
16287143000,s,1340
16287289000,s,1340
16287480000,s,1340
16287639000,s,1340
16287798000,s,1340
16287946000,s,1340
16288092000,s,1340
16288239000,s,1340
16288378000,s,1340
16288517000,s,1340
16288652000,s,1340
16288795000,s,1340
16288961000,s,1340
16289111000,s,1340
16289391000,s,1340
16289533000,s,1340
16289681000,s,1340
16289830000,s,1340
16289968000,s,1340
16290110000,s,1340
16290244000,s,1340
16290381000,s,1340
16290509000,s,1340
16290645000,s,1340
16290787000,s,1340
16290891000,s,1340
16291262000,s,1340
16291494000,s,1340
16291639000,s,1340
16291788000,s,1340
16291946000,s,1340
16292084000,s,1340
16292304000,s,1340
16292442000,s,1340
16292770000,s,1340
16292909000,s,1340
16293243000,s,1340
16293395000,s,1340
16293533000,s,1340
16293674000,s,1340
16293864000,s,1340
16294027000,r,1440
16294027000,r,1440
16294217000,s,1340
16294418000,s,1340
16294585000,s,1340
16294793000,s,1340
16299497000,r,1440
16300471000,s,1340
16300721000,s,1340
16300932000,s,1340
16301142000,s,1340
16301346000,s,1340
16301568000,s,1340
16301789000,s,1340
16302171000,s,1340
16302392000,s,1340
16302895000,s,1340
16303207000,s,1340
16303820000,s,1340
16304043000,s,1340
16304179000,s,1340
16304308000,s,1340
16304420000,s,1340
16304594000,s,1340
16304827000,s,1340
16305106000,s,1340
16305205000,s,1340
16305438000,s,1340
16305769000,s,1340
16306226000,s,1340
16306525000,s,1340
16307363000,s,1340
16307553000,s,1340
16307602000,s,1340
16307639000,s,1340
16307956000,s,1340
16308131000,s,1340
16308336000,s,1340
16308730000,s,1340
16308885000,s,1340
16309084000,s,1340
16309488000,s,1340
16309690000,s,1340
16309886000,s,1340
16310078000,s,1340
16310263000,s,1340
16310691000,s,1340
16311229000,s,1340
16311838000,s,1340
16312053000,s,1340
16312226000,s,1340
16312413000,s,1340
16312588000,s,1340
16312767000,s,1340
16312964000,s,1340
16313137000,s,1340
16313313000,s,1340
16313495000,s,1340
16313676000,s,1340
16313870000,s,1340
16314040000,s,1340
16314226000,s,1340
16314406000,s,1340
16314585000,s,1340
16314762000,s,1340
16314972000,s,1340
16315157000,s,1340
16315336000,s,1340
16315602000,s,1340
16315797000,s,1340
16315986000,s,1340
16316185000,s,1340
16316370000,s,1340
16316542000,s,1340
16316739000,s,1340
16316902000,s,1340
16317091000,s,1340
16317273000,s,1340
16317440000,s,1340
16317607000,s,1340
16327005000,s,1340
18379658000,r,1440
23343752000,r,1440
23347224000,s,1340
23361896000,r,1440
23361897000,r,1440
23361897000,r,1440
23364691000,s,1340
24837318000,s,1340