0,s,156
10773000,r,156
1104569000,s,124
1137364000,s,124
1137765000,s,124
1137817000,s,124
1137821000,s,124
1151322000,s,1340
1151445000,s,1340
1152323000,s,172
1158888000,r,236
1158888000,r,172
1158888000,r,236
1164954000,s,124
1166493000,r,1372
1166493000,r,1372
1171319000,s,124
1173167000,s,1340
1173271000,s,188
1174234000,s,316
1174582000,s,396
1182813000,r,124
1184119000,s,124
1186912000,r,124
1188168000,s,1340
1188315000,r,124
1188332000,s,716
1199572000,r,124
1205482000,r,364
1206172000,r,252
1206172000,r,252
1207103000,s,124
1208019000,s,188
1208281000,s,140
1208808000,s,204
1210826000,s,652
1219436000,r,204
1219437000,r,172
1222006000,s,124
1222174000,s,156
1234441000,r,124
1234698000,s,140
1247643000,r,1340
1247643000,r,1340
1248998000,s,124
1250634000,r,1340
1250634000,r,1340
1250635000,r,1340
1250635000,r,1340
1250636000,r,1340
1250636000,r,1340
1250637000,r,1340
1250637000,r,236
1252156000,s,124
1253130000,s,124
1253267000,s,124
1253392000,s,124
1275862000,s,444
1276437000,s,332
1282729000,s,124
1286552000,r,124
1292494000,r,1340
1292495000,r,1340
1292495000,r,348
1293865000,r,396
1293866000,r,1340
1293949000,s,124
1294415000,s,124
1294617000,r,1340
1294617000,r,1340
1294617000,r,1340
1294617000,r,1340
1294617000,r,1340
1294617000,r,1340
1294617000,r,1340
1294617000,r,1340
1294702000,r,1340
1295112000,s,124
1295163000,s,124
1295713000,s,124
1295812000,s,124
1295922000,r,1340
1295922000,r,1340
1295922000,r,1340
1295922000,r,1340
1295922000,r,1340
1295922000,r,1340
1295922000,r,124
1296259000,s,124
1296757000,s,124
1297080000,s,124
1297376000,s,124
1298674000,s,1340
1298795000,s,764
1304040000,r,1180
1304694000,s,124
1308746000,r,124
1308746000,r,124
1308849000,r,364
1310076000,s,124
1310721000,s,188
1311231000,s,668
1334922000,r,124
1334922000,r,124
1334922000,r,204
1348299000,r,1340
1348300000,r,1340
1348300000,r,1340
1348300000,r,1340
1348300000,r,1340
1348300000,r,1340
1348300000,r,1340
1348300000,r,1340
1349003000,s,124
1349098000,s,124
1349116000,s,124
1349140000,s,124
1362211000,r,1340
1362211000,r,1340
1362211000,r,1340
1362212000,r,1340
1362212000,r,1340
1362212000,r,1340
1362212000,r,1340
1362212000,r,1340
1362531000,r,1340
1362531000,r,1340
1362531000,r,428
1363206000,s,124
1363309000,s,124
1363332000,s,124
1363342000,s,124
1363352000,s,124
1363360000,s,124
1403046000,s,284
1405275000,s,236
1405576000,s,220
1405610000,s,236
1405627000,s,236
1415564000,r,124
1415565000,r,124
1420517000,s,1340
1420692000,s,316
1426511000,r,364
1426511000,r,604
1426512000,r,1340
1426512000,r,1340
1426512000,r,1340
1426512000,r,1340
1426512000,r,1340
1426512000,r,1340
1426712000,r,1340
1426712000,r,1340
1426712000,r,1340
1426712000,r,1340
1426712000,r,1340
1426712000,r,1340
1426712000,r,1340
1426712000,r,1340
1426750000,r,1340
1426750000,r,1340
1426750000,r,1340
1426750000,r,1340
1426750000,r,1340
1426750000,r,1340
1426750000,r,1340
1426751000,r,1340
1426785000,r,1340
1426785000,r,1340
1426785000,r,1340
1426785000,r,1340
1426785000,r,1340
1426786000,r,1340
1426786000,r,1340
1426786000,r,1340
1426815000,r,1340
1427617000,s,124
1427706000,r,1340
1427706000,r,1340
1427783000,s,124
1427707000,r,1340
1427707000,r,1340
1427707000,r,1340
1427707000,r,1340
1427707000,r,1340
1427707000,r,860
1427864000,s,124
1428222000,s,124
1428328000,s,124
1428512000,s,124
1428588000,s,124
1428787000,s,124
1428996000,s,124
1429763000,s,124
1430060000,s,124
1430458000,s,124
1430557000,s,124
1430651000,s,124
1430716000,s,124
1430792000,s,124
1430869000,s,124
1430998000,s,124
1431081000,s,124
1431159000,s,124
1433554000,r,124
1434071000,r,124
1439863000,r,1340
1439864000,r,1340
1439864000,r,1340
1439864000,r,1340
1439864000,r,1340
1439864000,r,1340
1439864000,r,1340
1439864000,r,1340
1440025000,r,1340
1440025000,r,1340
1440025000,r,1340
1440025000,r,1340
1440025000,r,1340
1440026000,r,508
1440026000,r,1340
1440026000,r,1340
1440059000,r,1340
1440059000,r,1340
1440060000,r,1340
1440060000,r,1340
1440060000,r,1340
1440060000,r,1340
1440060000,r,1340
1440060000,r,1340
1440091000,r,1340
1440202000,r,1340
1440202000,r,1340
1440202000,r,1340
1440820000,s,124
1440969000,s,124
1441258000,s,124
1441293000,s,124
1441321000,s,124
1441524000,s,124
1441757000,s,124
1441764000,r,1340
1441764000,r,1340
1441764000,r,1340
1441765000,r,1340
1441765000,r,1340
1441765000,r,1340
1441765000,r,1340
1441765000,r,1340
1441817000,r,1340
1441817000,r,1340
1441817000,r,1340
1441817000,r,1340
1441817000,r,1340
1441817000,r,1340
1441818000,r,1340
1441842000,r,1340
1441842000,r,1340
1441842000,r,1340
1441843000,r,1340
1441843000,r,1340
1441843000,r,1340
1441937000,s,124
1441997000,s,124
1442015000,s,124
1442034000,s,124
1442211000,s,124
1442210000,r,1340
1442210000,r,1340
1442211000,r,1340
1442211000,r,1340
1442211000,r,1340
1442211000,r,1340
1442447000,s,124
1442515000,s,124
1442733000,s,124
1442801000,s,124
1442871000,s,124
1442944000,s,124
1443102000,s,124
1443186000,s,124
1443469000,s,124
1443649000,s,124
1443728000,s,124
1443803000,r,1340
1443803000,r,1340
1443803000,r,1340
1443804000,r,1340
1443804000,r,1340
1443804000,r,1340
1443954000,s,124
1443997000,s,124
1444107000,s,124
1444264000,s,124
1444571000,s,124
1444656000,s,124
1444788000,s,124
1445790000,s,412
1455837000,r,1340
1455837000,r,1340
1455837000,r,1340
1455837000,r,1340
1455838000,r,1340
1455838000,r,1340
1455838000,r,1340
1455838000,r,1340
1456137000,r,1340
1456137000,r,1340
1456137000,r,1340
1456138000,r,1340
1456138000,r,1340
1456138000,r,1340
1456138000,r,1340
1456138000,r,1340
1456188000,r,1340
1456188000,r,1340
1456188000,r,1340
1456188000,r,1340
1456188000,r,1340
1456229000,r,1340
1456230000,r,1340
1456230000,r,1340
1456230000,r,1340
1456230000,r,1340
1456230000,r,1340
1456230000,r,1340
1456230000,r,1340
1456275000,r,1340
1456276000,r,1340
1456276000,r,1340
1456276000,r,1340
1456276000,r,1340
1456276000,r,1340
1456276000,r,1340
1456276000,r,1340
1456318000,r,1340
1456318000,r,1340
1456318000,r,1340
1456318000,r,1340
1456319000,r,1340
1456319000,r,1340
1456319000,r,1340
1456319000,r,1340
1456362000,r,1340
1456363000,r,1340
1456363000,r,1340
1456363000,r,1340
1456363000,r,1340
1456363000,r,1340
1456363000,r,1340
1456363000,r,1340
1456402000,r,1340
1456402000,r,1340
1456402000,r,1340
1457020000,s,124
1457239000,s,124
1457279000,s,124
1457305000,s,124
1457323000,s,124
1457333000,s,124
1457343000,s,124
1457354000,s,124
1457365000,s,124
1457991000,s,124
1458070000,r,1340
1458075000,s,124
1458070000,r,1340
1458070000,r,1340
1458070000,r,1340
1458070000,r,1340
1458145000,s,124
1458070000,r,1340
1458070000,r,1340
1458071000,r,1340
1458196000,s,124
1458248000,s,124
1458321000,s,124
1458376000,s,124
1458430000,s,124
1458505000,s,124
1458587000,s,124
1458665000,s,124
1458768000,s,124
1458848000,s,124
1458917000,s,124
1458980000,s,124
1459029000,s,124
1459074000,s,124
1459125000,s,124
1459204000,s,124
1459284000,s,124
1459363000,s,124
1459440000,s,124
1459510000,s,124
1468170000,r,1340
1468170000,r,1340
1468171000,r,1340
1468171000,r,1340
1468171000,r,1340
1468171000,r,1340
1468171000,r,1340
1468171000,r,1340
1468350000,r,1340
1468870000,s,124
1468923000,s,124
1468936000,s,124
1468945000,s,124
1471762000,r,1340
1471762000,r,1340
1471763000,r,1340
1471763000,r,1340
1471763000,r,1340
1471763000,r,1340
1471763000,r,1340
1471763000,r,1340
1471911000,r,1340
1471911000,r,1340
1471911000,r,1340
1471911000,r,1340
1471911000,r,1340
1471912000,r,1340
1471912000,r,1340
1471912000,r,380
1471948000,r,1340
1471948000,r,1340
1471948000,r,1340
1471948000,r,1340
1471948000,r,1340
1471948000,r,1340
1471948000,r,1340
1471948000,r,1340
1471982000,r,1340
1471982000,r,1340
1471982000,r,1340
1471983000,r,1340
1471983000,r,1340
1471983000,r,1340
1471983000,r,1340
1471983000,r,1340
1472014000,r,1340
1472014000,r,1340
1472014000,r,1340
1472014000,r,1340
1472015000,r,1340
1472015000,r,1340
1472015000,r,1340
1472015000,r,1340
1472045000,r,1340
1472045000,r,1340
1472045000,r,1340
1472045000,r,1340
1472045000,r,1340
1472045000,r,1340
1472045000,r,1340
1472582000,s,124
1472854000,s,124
1472883000,s,124
1472904000,s,124
1472923000,s,124
1473793000,s,124
1473873000,s,124
1473899000,s,124
1473910000,s,124
1473919000,s,124
1473928000,s,124
1473937000,s,124
1473945000,s,124
1473955000,s,124
1473964000,s,124
1473973000,s,124
1473982000,s,124
1473989000,s,124
1473997000,s,124
1474005000,s,124
1474014000,s,124
1474021000,s,124
1474030000,s,124
1476577000,r,1340
1476577000,r,1340
1476578000,r,1340
1476578000,r,1340
1476578000,r,1340
1476578000,r,1340
1476578000,r,1340
1476578000,r,1340
1476727000,r,1340
1476727000,r,1340
1476727000,r,1340
1476728000,r,1340
1477186000,s,124
1477384000,s,124
1477607000,s,124
1477774000,s,124
1477821000,s,124
1478076000,s,124
1480347000,r,1340
1480847000,s,124
1485513000,r,1340
1485513000,r,1340
1485513000,r,1340
1485514000,r,1340
1485514000,r,1340
1485514000,r,1340
1485514000,r,1340
1485514000,r,1340
1485646000,r,1340
1485647000,r,1340
1485647000,r,1340
1485647000,r,1340
1485647000,r,1340
1485647000,r,1340
1485647000,r,1340
1485647000,r,1340
1485681000,r,1340
1485681000,r,1340
1485681000,r,1340
1485681000,r,1340
1485681000,r,1340
1485681000,r,1340
1485682000,r,1340
1485682000,r,1340
1485721000,r,1340
1485721000,r,1340
1485721000,r,1340
1485721000,r,1340
1485721000,r,1340
1485721000,r,1340
1485722000,r,1340
1485772000,r,1340
1485772000,r,1340
1485772000,r,1340
1485801000,r,1340
1485801000,r,1340
1485802000,r,1340
1488132000,s,124
1488253000,s,124
1488274000,s,124
1488299000,s,124
1488311000,s,124
1488442000,s,124
1488519000,s,124
1488785000,s,124
1489176000,s,124
1489270000,s,124
1489292000,s,124
1489376000,s,124
1489419000,s,124
1489431000,s,124
1489450000,s,124
1489459000,s,124
1489466000,s,124
1489475000,s,124
1489545000,r,1340
1489545000,r,1340
1489545000,r,1340
1489545000,r,1340
1489545000,r,1340
1489545000,r,1340
1489545000,r,1340
1489545000,r,1340
1489637000,r,1340
1489637000,r,1340
1489637000,r,1340
1489638000,r,1340
1489638000,r,1340
1489638000,r,1340
1489638000,r,1340
1489638000,r,1340
1489671000,r,1340
1489671000,r,1340
1489672000,r,1340
1489672000,r,1340
1489672000,r,1340
1489672000,r,1340
1489672000,r,1340
1489672000,r,1340
1489706000,r,1340
1489706000,r,1340
1489706000,r,1340
1489706000,r,1340
1489706000,r,1340
1490042000,s,124
1490151000,s,124
1490206000,s,124
1490287000,s,124
1490325000,s,124
1490336000,s,124
1490345000,s,124
1490352000,s,124
1490359000,s,124
1490367000,s,124
1490374000,s,124
1490381000,s,124
1490388000,s,124
1490682000,s,124
1490719000,s,124
1492434000,r,1340
1492434000,r,1340
1492434000,r,1340
1492434000,r,1340
1493495000,s,124
1493541000,s,124
1500327000,r,1340
1500327000,r,1340
1500327000,r,1340
1500327000,r,1340
1500327000,r,1340
1500327000,r,1340
1500327000,r,1340
1500327000,r,1340
1500498000,r,1340
1500498000,r,1340
1500498000,r,1340
1500498000,r,1340
1500498000,r,1340
1500498000,r,1340
1500498000,r,1340
1500498000,r,1340
1500533000,r,1340
1500533000,r,1340
1500533000,r,1340
1500533000,r,1340
1500576000,r,1340
1501320000,s,124
1501369000,s,124
1501382000,s,124
1501391000,s,124
1501469000,s,124
1501546000,s,124
1502303000,r,1340
1502303000,r,1340
1502303000,r,1340
1502304000,r,1340
1502304000,r,1340
1502304000,r,1340
1502304000,r,1340
1502304000,r,1340
1502418000,r,1340
1502418000,r,1340
1502418000,r,1340
1502418000,r,1340
1502418000,r,1340
1502418000,r,1340
1502418000,r,1340
1502956000,r,1340
1502957000,r,1340
1502957000,r,1340
1502957000,r,1340
1502957000,r,1340
1502957000,r,1340
1502957000,r,1340
1502957000,r,1340
1503045000,r,1340
1503045000,r,1340
1503045000,r,1340
1503045000,r,1340
1502966000,s,124
1503177000,s,124
1503226000,s,124
1503237000,s,124
1503245000,s,124
1503254000,s,124
1503271000,s,124
1503281000,s,124
1503289000,s,124
1503298000,s,124
1503306000,s,124
1503314000,s,124
1503463000,s,124
1503696000,s,124
1504008000,s,124
1504501000,s,124
1504568000,s,124
1504626000,s,124
1505406000,r,1340
1505406000,r,1340
1505406000,r,1340
1505406000,r,1340
1505406000,r,1340
1505406000,r,1340
1505406000,r,1340
1505407000,r,1340
1505489000,r,1340
1505490000,r,1340
1505490000,r,1340
1505490000,r,1340
1505490000,r,1340
1505490000,r,1340
1506418000,s,124
1506528000,s,124
1507450000,s,124
1507473000,s,124
1507481000,s,124
1507511000,s,124
1507541000,r,1340
1507553000,s,124
1507541000,r,1340
1507541000,r,1340
1507541000,r,1340
1507541000,r,1340
1507541000,r,1340
1507541000,r,1340
1507542000,r,1340
1507599000,r,1340
1507599000,r,1340
1507599000,r,1340
1507600000,r,1340
1507944000,s,124
1507979000,s,124
1507993000,s,124
1508001000,s,124
1508009000,s,124
1508018000,s,124
1512787000,r,1340
1512788000,r,1340
1512788000,r,1340
1513323000,s,124
1513745000,r,1340
1513745000,r,1340
1513745000,r,1340
1513745000,r,1340
1513745000,r,1340
1513745000,r,1340
1513745000,r,1340
1513745000,r,1340
1513795000,r,1340
1513795000,r,1340
1513795000,r,1340
1513795000,r,1340
1513795000,r,1340
1513795000,r,1340
1513796000,r,1340
1513966000,s,124
1514151000,s,124
1514224000,r,1340
1514224000,r,1340
1514224000,r,1340
1514330000,s,124
1514625000,s,124
1514653000,r,1340
1514653000,r,1340
1514653000,r,1340
1514838000,s,124
1514908000,s,124
1515228000,s,124
1515383000,s,124
1515498000,s,124
1515670000,s,124
1515698000,s,124
1516064000,s,124
1516113000,r,1340
1516113000,r,1340
1516113000,r,1340
1516113000,r,1340
1516113000,r,1340
1516113000,r,1340
1516114000,r,1340
1516114000,r,1340
1516206000,r,1340
1516206000,r,1340
1516206000,r,1340
1516207000,r,1340
1516207000,r,1340
1516207000,r,1340
1516207000,r,1340
1516454000,s,124
1516494000,s,124
1516606000,s,124
1516692000,s,124
1516774000,s,124
1516853000,s,124
1516931000,s,124
1518342000,r,1340
1518342000,r,1340
1518342000,r,1340
1518342000,r,1340
1518342000,r,1340
1518342000,r,1340
1518342000,r,1340
1518342000,r,1340
1518432000,r,1340
1518653000,r,1340
1518654000,r,1340
1518654000,r,1340
1518693000,s,124
1518918000,s,124
1519105000,s,124
1519215000,s,124
1519379000,s,124
1519454000,s,124
1520990000,r,1340
1520990000,r,1340
1520991000,r,1340
1520991000,r,1340
1520991000,r,1340
1520991000,r,1340
1520991000,r,1340
1520991000,r,1340
1521101000,r,1340
1521102000,r,1340
1521102000,r,1340
1521102000,r,1340
1521102000,r,1340
1521102000,r,1340
1521102000,r,1340
1521102000,r,1340
1521140000,r,1340
1521140000,r,1340
1521140000,r,1340
1521553000,s,124
1522982000,r,1340
1522982000,r,1340
1522982000,r,1340
1522983000,r,1340
1522983000,r,1340
1522983000,r,1340
1522983000,r,1340
1523481000,s,124
1523538000,r,1340
1523538000,r,1340
1523538000,r,1340
1523639000,s,124
1523737000,s,124
1523834000,s,124
1523978000,s,124
1524225000,s,124
1524389000,s,124
1524516000,s,124
1524753000,s,124
1525498000,s,124
1525522000,s,124
1525537000,s,124
1525547000,s,124
1525745000,s,124
1527547000,r,1340
1527547000,r,1340
1527547000,r,1340
1527548000,r,1340
1527548000,r,1340
1527548000,r,1340
1527548000,r,1340
1527548000,r,1340
1527662000,r,1340
1528115000,s,124
1528157000,s,124
1528176000,s,124
1528186000,s,124
1528823000,r,1340
1528824000,r,1340
1528824000,r,1340
1528824000,r,1340
1528824000,r,1340
1528824000,r,1340
1528824000,r,1340
1528824000,r,1340
1528904000,r,1340
1528904000,r,1340
1528904000,r,1340
1528904000,r,1340
1528905000,r,1340
1528905000,r,1340
1528905000,r,1340
1528905000,r,1340
1528938000,r,1340
1528938000,r,1340
1528938000,r,1340
1528938000,r,1340
1529397000,s,124
1529532000,s,124
1529753000,s,124
1530626000,r,1340
1530642000,s,124
1530627000,r,1340
1530627000,r,1340
1530627000,r,1340
1530627000,r,1340
1530683000,s,124
1530627000,r,1340
1530696000,s,124
1530706000,s,124
1530714000,s,124
1530901000,s,124
1531073000,s,124
1531767000,s,124
1532002000,s,124
1532054000,r,1340
1532054000,r,1340
1532054000,r,1340
1532055000,r,1340
1532055000,r,1340
1532055000,r,1340
1532162000,s,124
1532514000,s,124
1532602000,s,124
1532713000,s,124
1534276000,r,1340
1534276000,r,1340
1534276000,r,1340
1534276000,r,1340
1534276000,r,1340
1534276000,r,1340
1534276000,r,1340
1534276000,r,1340
1534866000,s,124
1535059000,s,124
1535124000,s,124
1535177000,s,124
1535399000,r,1340
1535399000,r,1340
1535399000,r,1340
1535399000,r,1340
1535399000,r,1340
1535399000,r,1340
1535399000,r,1340
1535399000,r,1340
1535507000,r,1340
1535507000,r,1340
1535507000,r,1340
1535507000,r,1340
1535819000,s,124
1535939000,s,124
1536117000,s,124
1536807000,s,124
1536814000,r,1340
1536839000,s,124
1536857000,s,124
1536814000,r,1340
1536814000,r,1340
1536814000,r,1340
1537326000,s,124
1537416000,s,124
1538393000,r,1340
1538393000,r,1340
1538393000,r,1340
1538393000,r,1340
1538393000,r,1340
1538393000,r,1340
1538393000,r,1340
1538393000,r,1340
1538488000,r,1340
1538488000,r,1340
1538488000,r,1340
1538488000,r,1340
1538488000,r,1340
1538904000,s,124
1539006000,s,124
1539043000,s,124
1539060000,s,124
1539073000,s,124
1539147000,s,124
1539174000,s,124
1541226000,r,1340
1541226000,r,1340
1541227000,r,1340
1541227000,r,1340
1541227000,r,1340
1541227000,r,1340
1541227000,r,1340
1541227000,r,1340
1541354000,r,1340
1541354000,r,1340
1541354000,r,1340
1541354000,r,1340
1541858000,s,124
1542010000,s,124
1542195000,s,124
1542275000,s,124
1542323000,s,124
1542336000,s,124
1543547000,r,1340
1543547000,r,1340
1543547000,r,1340
1543547000,r,1340
1543798000,r,1340
1543798000,r,1340
1543798000,r,1340
1543798000,r,1340
1543798000,r,1340
1543798000,r,1340
1543798000,r,1340
1543799000,r,1340
1543900000,r,1340
1543900000,r,1340
1543900000,r,1340
1543900000,r,1340
1544067000,s,124
1544293000,s,124
1544497000,s,124
1544655000,s,124
1544676000,s,124
1544685000,s,124
1544800000,s,124
1545028000,s,124
1545845000,r,1340
1545845000,r,1340
1545845000,r,1340
1545845000,r,1340
1546896000,s,124
1546977000,s,124
1547401000,r,1340
1547402000,r,1340
1547402000,r,1340
1548000000,s,124
1548719000,r,1340
1548719000,r,1340
1548719000,r,1340
1548720000,r,1340
1548720000,r,1340
1548720000,r,1340
1548720000,r,1340
1548720000,r,1340
1548818000,r,1340
1548818000,r,1340
1548819000,r,1340
1548819000,r,1340
1548819000,r,1340
1548819000,r,1340
1548819000,r,1340
1548819000,r,1340
1548861000,r,1340
1548861000,r,1340
1548861000,r,1340
1548861000,r,1340
1548861000,r,1340
1548998000,r,1340
1548998000,r,1340
1548998000,r,1340
1549251000,s,124
1549280000,r,1340
1549280000,r,1340
1549280000,r,1340
1549352000,s,124
1549435000,s,124
1549513000,s,124
1549583000,s,124
1549654000,s,124
1549725000,s,124
1549794000,s,124
1549861000,s,124
1549912000,s,124
1549978000,s,124
1550044000,s,124
1550110000,s,124
1550175000,s,124
1552598000,r,1340
1552598000,r,1340
1552599000,r,1340
1552599000,r,1340
1552599000,r,1340
1552599000,r,1340
1552599000,r,1340
1552599000,r,1340
1552731000,r,1340
1552731000,r,1340
1552731000,r,1340
1552731000,r,1340
1552731000,r,1340
1552732000,r,1340
1552732000,r,1340
1552732000,r,1340
1552763000,r,1340
1553410000,s,124
1553508000,s,124
1553562000,s,124
1553606000,s,124
1553648000,s,124
1553694000,s,124
1553738000,s,124
1553779000,s,124
1555377000,r,1340
1555377000,r,1340
1555378000,r,1340
1555378000,r,1340
1555378000,r,1340
1555378000,r,1340
1555378000,r,1340
1555942000,s,124
1556002000,s,124
1556019000,s,124
1556027000,s,124
1557859000,r,1340
1557859000,r,1340
1557859000,r,1340
1557859000,r,1340
1557859000,r,1340
1557859000,r,1340
1558219000,s,124
1558448000,s,124
1558714000,s,124
1558870000,r,1340
1558870000,r,1340
1558870000,r,1340
1558870000,r,1340
1558870000,r,1340
1558870000,r,1340
1558870000,r,1340
1558870000,r,1340
1558928000,r,1340
1558928000,r,1340
1558928000,r,1340
1558928000,r,1340
1558928000,r,1340
1558928000,r,1340
1558928000,r,1340
1559284000,s,124
1559750000,s,124
1559881000,s,124
1560067000,s,124
1560251000,s,124
1560457000,s,124
1560657000,s,124
1561146000,r,1340
1561146000,r,1340
1561146000,r,1340
1561146000,r,1340
1561146000,r,1340
1561146000,r,1340
1561394000,s,124
1561566000,s,124
1561602000,s,124
1562717000,r,1340
1562717000,r,1340
1562717000,r,1340
1562722000,r,1340
1562722000,r,1340
1562722000,r,1340
1562722000,r,1340
1562722000,r,1340
1562795000,r,1340
1562795000,r,1340
1562795000,r,1340
1562796000,r,1340
1562796000,r,1340
1562796000,r,1340
1562796000,r,1340
1563358000,r,1340
1563359000,r,1340
1563359000,r,1340
1563359000,r,1340
1563359000,r,1340
1563359000,r,1340
1563359000,r,1340
1563359000,r,1340
1563442000,r,1340
1563442000,s,124
1563442000,r,1340
1563442000,r,1340
1563442000,r,1340
1563493000,s,124
1563508000,s,124
1563546000,s,124
1563562000,s,124
1563574000,s,124
1563584000,s,124
1563593000,s,124
1563622000,s,124
1563633000,s,124
1563850000,s,124
1563887000,s,124
1564547000,s,124
1564586000,s,124
1565342000,r,1340
1565342000,r,1340
1565342000,r,1340
1565342000,r,1340
1565342000,r,1340
1565342000,r,1340
1565342000,r,1340
1565343000,r,1340
1565828000,s,124
1565868000,s,124
1565880000,s,124
1565889000,s,124
1569106000,r,1340
1569106000,r,1340
1569106000,r,1340
1569106000,r,1340
1569106000,r,1340
1569106000,r,1340
1569106000,r,1340
1569106000,r,1340
1569236000,r,1340
1569236000,r,1340
1569901000,s,124
1569948000,s,124
1569972000,s,124
1569984000,s,124
1569991000,s,124
1570467000,r,1340
1570467000,r,1340
1570467000,r,1340
1570467000,r,1340
1570467000,r,1340
1570467000,r,1340
1570468000,r,1340
1570468000,r,1340
1570564000,r,1340
1570564000,r,1340
1570564000,r,1340
1570564000,r,1340
1570564000,r,1340
1570565000,r,1340
1570565000,r,1340
1570565000,r,1340
1571119000,s,124
1571222000,s,124
1571292000,s,124
1571343000,s,124
1571383000,s,124
1571441000,s,124
1571624000,s,124
1571693000,s,124
1571717000,r,1340
1571717000,r,1340
1571717000,r,1340
1571717000,r,1340
1571718000,r,1340
1571718000,r,1340
1571718000,r,1340
1572174000,s,124
1572292000,s,124
1572459000,s,124
1572946000,r,1340
1572947000,r,1340
1572947000,r,1340
1573289000,s,124
1573349000,s,124
1574721000,r,1340
1574721000,r,1340
1574722000,r,1340
1574722000,r,1340
1574722000,r,1340
1574722000,r,1340
1574831000,r,1340
1574831000,r,1340
1574831000,r,1340
1575102000,s,124
1575137000,s,124
1575278000,s,124
1575389000,s,124
1576792000,r,1340
1576792000,r,1340
1576792000,r,1340
1576792000,r,1340
1576792000,r,1340
1576792000,r,1340
1576793000,r,1340
1576793000,r,1340
1576873000,r,1340
1576873000,r,1340
1576873000,r,1340
1576873000,r,1340
1576873000,r,1340
1576873000,r,1340
1577011000,r,1340
1577012000,r,1340
1577012000,r,1340
1577199000,s,124
1577372000,s,124
1577371000,r,1340
1577371000,r,1340
1577371000,r,1340
1577372000,r,1340
1577372000,r,1340
1577372000,r,1340
1577516000,r,1340
1577516000,r,1340
1577516000,r,1340
1577516000,r,1340
1577516000,r,1340
1577516000,r,1340
1577564000,s,124
1577759000,s,124
1577872000,s,124
1578078000,s,124
1578153000,s,124
1578321000,s,124
1578478000,s,124
1578642000,s,124
1578812000,s,124
1578998000,s,124
1579060000,s,124
1579560000,r,1340
1579560000,r,1340
1579560000,r,1340
1579560000,r,1340
1579561000,r,1340
1579561000,r,1340
1579661000,r,1340
1579661000,r,1340
1579661000,r,1340
1579661000,r,1340
1579662000,r,1340
1579662000,r,1340
1579894000,s,124
1579983000,s,124
1580118000,s,124
1580274000,s,124
1580356000,s,124
1580432000,s,124
1580551000,s,124
1580736000,s,124
1581577000,r,1340
1581577000,r,1340
1581577000,r,1340
1581578000,r,1340
1581578000,r,1340
1581578000,r,1340
1581578000,r,1340
1581578000,r,1340
1581649000,r,1340
1581649000,r,1340
1581649000,r,1340
1582211000,s,124
1582409000,s,124
1582707000,r,1340
1582708000,r,1340
1582708000,r,1340
1582708000,r,1340
1583152000,r,1340
1583152000,r,1340
1583152000,r,1340
1583152000,r,1340
1583152000,r,1340
1583152000,r,1340
1583432000,s,124
1583562000,s,124
1583629000,s,124
1588491000,r,1340
1588491000,r,1340
1588491000,r,1340
1588491000,r,1340
1588491000,r,1340
1588491000,r,1340
1588492000,r,1340
1588492000,r,1340
1588676000,r,1340
1588676000,r,1340
1588676000,r,1340
1588676000,r,1340
1588676000,r,1340
1588677000,r,1340
1588677000,r,1340
1588677000,r,1340
1588722000,r,1340
1588722000,r,1340
1588723000,r,1340
1588723000,r,1340
1588723000,r,1340
1588753000,r,1340
1588753000,r,1340
1588753000,r,1340
1588753000,r,1340
1588753000,r,1340
1588753000,r,1340
1588753000,r,1340
1588754000,r,1340
1588791000,r,1340
1588791000,r,1340
1588791000,r,1340
1588791000,r,1340
1588791000,r,1340
1588791000,r,1340
1588792000,r,1340
1589354000,s,124
1589541000,s,124
1589711000,s,124
1589789000,s,124
1589841000,s,124
1589906000,s,124
1589956000,s,124
1590001000,s,124
1590048000,s,124
1590091000,s,124
1590135000,s,124
1590178000,s,124
1590241000,s,124
1590287000,s,124
1590333000,s,124
1590379000,s,124
1590592000,r,1340
1590608000,s,124
1590592000,r,1340
1590592000,r,1340
1590593000,r,1340
1590593000,r,1340
1590681000,s,124
1590593000,r,1340
1590593000,r,1340
1590593000,r,1340
1590716000,r,1340
1590716000,r,1340
1590716000,r,1340
1590716000,r,1340
1590716000,r,1340
1590716000,r,1340
1590717000,r,1340
1590717000,r,1340
1590869000,s,124
1590948000,s,124
1591015000,s,124
1591222000,s,124
1591430000,s,124
1591498000,s,124
1591859000,s,124
1591880000,s,124
1591899000,r,1340
1591899000,r,1340
1591900000,r,1340
1591900000,r,1340
1591900000,r,1340
1591900000,r,1340
1591900000,r,1340
1591900000,r,1340
1592001000,r,1340
1592001000,r,1340
1592001000,r,1340
1592001000,r,1340
1592001000,r,1340
1592001000,r,1340
1592001000,r,1340
1592002000,r,1340
1592038000,s,124
1592213000,s,124
1592370000,s,124
1592661000,s,124
1592745000,s,124
1592841000,s,124
1592914000,s,124
1592973000,s,124
1593034000,s,124
1593107000,s,124
1593274000,s,124
1593422000,r,1340
1593422000,r,1340
1593422000,r,1340
1593422000,r,1340
1593422000,r,1340
1593422000,r,1340
1593423000,r,1340
1593531000,s,124
1593709000,s,124
1593898000,s,124
1594048000,s,124
1594133000,s,124
1594239000,s,124
1595551000,r,1340
1595551000,r,1340
1595551000,r,1340
1595551000,r,1340
1595551000,r,1340
1595551000,r,1340
1595551000,r,1340
1596083000,s,124
1596139000,s,124
1596159000,s,124
1602766000,r,1340
1602766000,r,1340
1602766000,r,1340
1602766000,r,1340
1602766000,r,1340
1602766000,r,1340
1602766000,r,1340
1602767000,r,1340
1602915000,r,1340
1602915000,r,1340
1602915000,r,1340
1602916000,r,1340
1602916000,r,1340
1602916000,r,1340
1602916000,r,1340
1602916000,r,1340
1602974000,r,1340
1602974000,r,1340
1602974000,r,1340
1602975000,r,1340
1602975000,r,1340
1602975000,r,1340
1602975000,r,1340
1603022000,r,1340
1603022000,r,1340
1603022000,r,1340
1603022000,r,1340
1603022000,r,1340
1603022000,r,1340
1603922000,r,1340
1603922000,r,1340
1603922000,r,1340
1603922000,r,1340
1603922000,r,1340
1603923000,r,1340
1603923000,r,1340
1603923000,r,1340
1604026000,r,1340
1604026000,r,1340
1604026000,r,1340
1604027000,r,1340
1604027000,r,1340
1604027000,r,1340
1604027000,r,1340
1605455000,s,124
1605578000,s,124
1605664000,s,124
1605720000,s,124
1605777000,s,124
1605842000,s,124
1605906000,s,124
1605996000,s,124
1606055000,s,124
1606118000,r,1340
1606118000,r,1340
1606119000,r,1340
1606119000,r,1340
1606119000,r,1340
1606119000,r,1340
1606119000,r,1340
1606119000,r,1340
1606208000,r,1340
1606208000,r,1340
1606208000,r,1340
1606208000,r,1340
1606208000,r,1340
1606208000,r,1340
1606208000,r,1340
1606209000,r,1340
1606259000,r,1340
1606259000,r,1340
1606259000,r,1340
1606260000,r,1340
1606260000,r,1340
1606279000,s,124
1606260000,r,1340
1606260000,r,1340
1606260000,r,1340
1606301000,r,1340
1606301000,r,1340
1606301000,r,1340
1606373000,s,124
1606412000,r,1340
1606413000,r,1340
1606413000,r,1340
1606470000,s,124
1606533000,s,124
1606596000,s,124
1606654000,s,124
1606713000,s,124
1606773000,s,124
1606847000,s,124
1606873000,r,1340
1606873000,r,1340
1606873000,r,1340
1606873000,r,1340
1606874000,r,1340
1606905000,s,124
1606874000,r,1340
1606964000,s,124
1607040000,s,124
1607098000,s,124
1607158000,s,124
1607210000,r,1340
1607210000,r,1340
1607210000,r,1340
1607211000,r,1340
1607211000,r,1340
1607211000,r,1340
1607306000,s,124
1607387000,s,124
1607465000,s,124
1607628000,s,124
1607921000,s,124
1608148000,s,124
1608260000,s,124
1608355000,s,124
1608448000,s,124
1608567000,s,124
1608653000,s,124
1608731000,s,124
1608806000,s,124
1608903000,r,1340
1608903000,r,1340
1608903000,r,1340
1608904000,r,1340
1608904000,r,1340
1608904000,r,1340
1608904000,r,1340
1609199000,s,124
1609250000,s,124
1609276000,s,124
1609407000,s,124
1609591000,s,124
1609843000,s,124
1609970000,s,124
1610088000,s,124
1610331000,s,124
1610373000,r,1340
1610374000,r,1340
1610374000,r,1340
1610374000,r,1340
1610511000,s,124
1610660000,s,124
1610981000,s,124
1611024000,s,124
1620265000,r,1340
1620265000,r,1340
1620265000,r,1340
1620266000,r,1340
1620266000,r,1340
1620266000,r,1340
1620266000,r,1340
1620266000,r,1340
1620480000,r,1340
1620480000,r,1340
1620480000,r,1340
1620480000,r,1340
1620481000,r,1340
1620481000,r,1340
1620481000,r,1340
1620481000,r,1340
1620532000,r,1340
1620532000,r,1340
1620533000,r,1340
1620533000,r,1340
1620533000,r,1340
1620533000,r,1340
1620533000,r,1340
1620533000,r,1340
1620581000,r,1340
1620581000,r,1340
1620582000,r,1340
1620582000,r,1340
1620582000,r,1340
1620582000,r,1340
1620582000,r,1340
1620582000,r,1340
1620633000,r,1340
1620633000,r,1340
1620633000,r,1340
1620634000,r,1340
1620634000,r,1340
1620634000,r,1340
1620634000,r,1340
1620634000,r,1340
1620713000,r,1340
1620713000,r,1340
1620713000,r,1340
1620713000,r,1340
1620713000,r,1340
1620713000,r,1340
1620713000,r,1340
1620714000,r,1340
1620771000,r,1340
1620771000,r,1340
1620772000,r,1340
1620772000,r,1340
1620772000,r,1340
1620772000,r,1340
1620772000,r,1340
1620914000,s,124
1621262000,s,124
1621278000,s,124
1621340000,s,124
1621534000,s,124
1621554000,s,124
1621647000,s,124
1621673000,s,124
1621692000,s,124
1621704000,s,124
1621716000,s,124
1622126000,s,124
1622235000,s,124
1622285000,s,124
1622300000,r,1340
1622334000,s,124
1622300000,r,1340
1622300000,r,1340
1622300000,r,1340
1622374000,s,124
1622300000,r,1340
1622300000,r,1340
1622301000,r,1340
1622301000,r,1340
1622404000,r,1340
1622404000,r,1340
1622412000,s,124
1622404000,r,1340
1622404000,r,1340
1622404000,r,1340
1622405000,r,1340
1622405000,r,1340
1622405000,r,1340
1622444000,r,1340
1622444000,r,1340
1622450000,s,124
1622444000,r,1340
1622444000,r,1340
1622444000,r,1340
1622444000,r,1340
1622444000,r,1340
1622444000,r,1340
1622514000,s,124
1622564000,s,124
1622615000,s,124
1622660000,s,124
1622727000,s,124
1622746000,r,1340
1622746000,r,1340
1622746000,r,1340
1622746000,r,1340
1622747000,r,1340
1622747000,r,1340
1622747000,r,1340
1622747000,r,1340
1622810000,r,1340
1623075000,s,124
1623112000,s,124
1623124000,s,124
1623134000,s,124
1623142000,s,124
1623242000,s,124
1623392000,s,124
1623424000,s,124
1623675000,s,124
1623740000,s,124
1624184000,s,124
1624224000,s,124
1624240000,s,124
1624251000,s,124
1624394000,s,124
1624429000,s,124
1624463000,s,124
1624494000,s,124
1624688000,r,1340
1624688000,r,1340
1624688000,r,1340
1624822000,s,124
1624884000,r,1340
1624884000,r,1340
1624885000,r,1340
1624885000,r,1340
1624885000,r,1340
1624885000,r,1340
1624885000,r,1340
1624885000,r,1340
1624941000,r,1340
1624941000,r,1340
1625102000,s,124
1625161000,s,124
1625370000,s,124
1625526000,s,124
1625711000,s,124
1625867000,s,124
1626038000,s,124
1626269000,s,124
1627317000,r,1340
1627317000,r,1340
1627317000,r,1340
1627317000,r,1340
1627317000,r,1340
1627317000,r,1340
1627796000,s,124
1627903000,s,124
1628086000,s,124
1634225000,r,1340
1634225000,r,1340
1634226000,r,1340
1634226000,r,1340
1634226000,r,1340
1634226000,r,1340
1634226000,r,1340
1634226000,r,1340
1634360000,r,1340
1634360000,r,1340
1634360000,r,1340
1634360000,r,1340
1634360000,r,1340
1634360000,r,1340
1634361000,r,1340
1634361000,r,1340
1634402000,r,1340
1634402000,r,1340
1634402000,r,1340
1634402000,r,1340
1634402000,r,1340
1634403000,r,1340
1634403000,r,1340
1634403000,r,1340
1634440000,r,1340
1634440000,r,1340
1634888000,s,124
1635032000,s,124
1635069000,s,124
1635222000,s,124
1635730000,s,124
1635862000,s,124
1636433000,s,124
1636618000,s,124
1636731000,s,124
1636837000,s,124
1636900000,s,124
1636958000,s,124
1637034000,s,124
1637737000,r,1340
1637737000,r,1340
1637737000,r,1340
1637737000,r,1340
1637737000,r,1340
1637738000,r,1340
1637738000,r,1340
1637738000,r,1340
1637862000,r,1340
1637862000,r,1340
1637862000,r,1340
1637863000,r,1340
1637863000,r,1340
1637863000,r,1340
1637863000,r,1340
1637863000,r,1340
1637903000,r,1340
1637903000,r,1340
1637904000,r,1340
1637904000,r,1340
1637904000,r,1340
1637904000,r,1340
1637904000,r,1340
1637904000,r,1340
1637947000,r,1340
1637947000,r,1340
1637947000,r,1340
1637947000,r,1340
1637947000,r,1340
1637947000,r,1340
1637948000,r,1340
1637948000,r,1340
1637988000,r,1340
1637989000,r,1340
1637989000,r,1340
1637989000,r,1340
1637989000,r,1340
1637989000,r,1340
1637989000,r,1340
1637989000,r,1340
1638028000,r,1340
1638029000,r,1340
1638029000,r,1340
1638503000,s,124
1639313000,s,124
1639378000,s,124
1639422000,s,124
1639484000,s,124
1639592000,s,124
1639652000,s,124
1639715000,s,124
1639870000,r,1340
1639871000,r,1340
1639871000,r,1340
1639871000,r,1340
1639871000,r,876
1640027000,s,124
1640064000,s,124
1640835000,s,124
1640882000,s,124
1640908000,s,124
1640923000,s,124
1640935000,s,124
1640947000,s,124
1640958000,s,124
1640968000,s,124
1640977000,s,124
1640986000,s,124
1640997000,s,124
1641172000,s,124
1641219000,s,124
1641404000,s,124
1684877000,s,124
5908139000,r,1340
5908139000,r,1340
5908140000,r,1340
5908140000,r,1340
5908141000,r,1340
5908141000,r,1340
5908142000,r,1244
5908142000,r,1340
5909023000,r,1340
5909024000,r,1340
5909024000,r,1340
5912830000,s,124
5913162000,s,124
5913544000,s,124
5913756000,s,124
5913868000,s,124
5913962000,s,124
5914050000,s,124
5914140000,s,124
5914224000,s,124
5914314000,s,124
5914410000,s,124
5926794000,r,1340
5926795000,r,1340
5926795000,r,1340
5926795000,r,1340
5926796000,r,1340
5926796000,r,1340
5926796000,r,1340
5926797000,r,1340
5927134000,r,1340
5927134000,r,1340
5927134000,r,1340
5927135000,r,1340
5927135000,r,1340
5927135000,r,1340
5927136000,r,1340
5927136000,r,1340
5927222000,r,1340
5927222000,r,1340
5927223000,r,1340
5927223000,r,1340
5927223000,r,1340
5928738000,s,124
5929052000,s,124
5929280000,s,124
5929603000,s,124
5929836000,s,124
5930075000,s,124
5930302000,s,124
5930600000,s,124
5930824000,s,124
5931049000,s,124
5931270000,s,124
5931724000,s,124
5931872000,s,124
5932190000,s,124
5932417000,s,124
5932588000,s,124
5932898000,s,124
5933232000,s,124
5933400000,s,124
5933526000,s,124
5933647000,s,124
5943678000,r,1340
5943678000,r,1340
5943679000,r,1340
5943679000,r,1340
5943679000,r,1340
5943680000,r,1340
5943680000,r,1340
5943681000,r,1340
5944080000,r,1340
5944081000,r,1340
5944081000,r,1340
5944082000,r,1340
5944082000,r,1340
5944221000,r,1340
5944221000,r,1340
5944222000,r,1340
5944222000,r,1340
5944223000,r,1340
5944223000,r,1340
5944224000,r,1340
5944224000,r,1340
5944365000,r,1340
5944365000,r,1340
5944366000,r,1340
5944366000,r,1340
5944366000,r,1340
5945415000,s,124
5945670000,s,124
5945712000,r,1340
5945873000,s,124
5945713000,r,1340
5945713000,r,1340
5945714000,r,1340
5945714000,r,1340
5945715000,r,956
5946081000,s,124
5946740000,s,124
5946912000,s,124
5947029000,s,124
5947127000,s,124
5947347000,s,124
5947498000,s,124
5947741000,s,124
5947988000,s,124
5948242000,s,124
5948371000,s,124
5948694000,s,124
5948851000,s,124
5948983000,s,124
5949239000,s,124
5949441000,s,124
5949587000,s,124
5949892000,s,124
5950089000,s,124
5950279000,s,124
5950680000,s,124
5950872000,s,124
5951065000,s,124
5951187000,s,124
5951349000,s,124
5951580000,s,124
5951752000,s,124
5951920000,s,124
5952063000,s,124
6571770000,r,140
6571770000,r,124
6571771000,r,124
6581310000,s,124
6582285000,s,124
12108506000,s,156
12146377000,s,156
12146858000,s,156
12165310000,r,156
15840074000,r,156
15840075000,r,140
15840075000,r,124
15840076000,r,124
15844780000,s,124
15856591000,s,176
15856927000,s,124
15857226000,s,124
15857490000,s,124
15867840000,r,120
15871617000,r,124
15876453000,s,60
21225571000,s,156
21235699000,r,156