0,r,176
3470409000,s,108
3516143000,s,108
3520271000,s,108
4810990000,s,124
4816847000,s,124
4825333000,s,124
4829220000,r,172
4900228000,s,1340
4900873000,s,1340
4902387000,s,172
4914849000,r,1372
4915194000,r,1372
4919877000,s,1340
4920016000,s,188
4921185000,s,316
4921344000,s,396
4935133000,r,124
4935134000,r,124
4951826000,r,252
4951827000,r,252
4954611000,s,140
4982135000,s,140
5120236000,r,176
5647787000,r,236
5647788000,r,236
5668374000,s,124
5684135000,r,124
5686169000,s,124
5698934000,s,1340
5699256000,s,780
5713888000,r,124
5713888000,r,364
5716427000,s,124
5723182000,s,188
5732777000,s,204
5736969000,s,652
5737789000,r,204
5748870000,r,172
5750742000,s,124
5751073000,s,156
5771793000,r,124
5783971000,r,1340
5783971000,r,1340
5786059000,s,124
5790114000,r,1340
5790115000,r,1340
5790115000,r,1340
5790116000,r,1340
5790116000,r,1340
5790117000,r,1340
5790117000,r,1340
5790118000,r,236
5792690000,s,124
5793202000,s,124
5793568000,s,124
5794524000,s,124
5879413000,s,444
5884584000,s,332
5895717000,r,1340
5895718000,r,1340
5895718000,r,348
5897032000,s,124
5898368000,r,396
5899365000,s,124
5900508000,r,1340
5900508000,r,1340
5900508000,r,1340
5900508000,r,1340
5900508000,r,1340
5900509000,r,1340
5900509000,r,1340
5900509000,r,1340
5900616000,r,1340
5900616000,r,1340
5900617000,r,1340
5901113000,s,124
5901214000,s,124
5901287000,s,124
5901363000,s,124
5901417000,s,124
5902745000,r,1340
5902746000,r,1340
5902746000,r,508
5902746000,r,1340
5902746000,r,1340
5903209000,s,124
5903293000,s,124
5903444000,s,124
5905334000,s,124
5905877000,s,124
5906758000,s,124
5907064000,r,1340
5907064000,r,796
5908179000,s,124
5914556000,r,140
5962997000,r,204
5983046000,s,284
5985031000,s,236
5985453000,s,220
5986630000,s,236
5986947000,s,236
5995609000,r,124
5998388000,r,124
6008737000,r,204
6012247000,s,124
6019460000,r,364
6019460000,r,364
6019460000,r,1340
6019461000,r,1340
6019461000,r,1340
6020517000,s,124
6020602000,s,124
6021836000,r,1340
6021836000,r,1340
6021836000,r,1340
6021837000,r,1340
6021837000,r,1340
6021837000,r,1340
6021837000,r,1340
6021837000,r,1340
6021987000,r,1340
6021987000,r,1340
6021987000,r,1340
6021987000,r,1340
6021988000,r,1340
6021988000,r,1340
6021988000,r,1340
6021988000,r,1340
6022051000,r,1340
6022051000,r,1340
6022051000,r,1340
6022051000,r,1340
6022051000,r,1340
6022052000,r,1340
6022052000,r,1340
6022052000,r,1340
6022106000,r,1340
6023068000,r,1340
6023068000,r,1340
6023069000,r,1340
6023069000,r,1340
6023069000,r,1340
6023069000,r,1340
6023070000,r,1340
6023070000,r,1340
6023203000,r,1340
6023203000,r,1340
6023203000,r,1340
6023203000,r,1340
6023219000,s,124
6023203000,r,124
6023311000,s,124
6023345000,s,124
6023364000,s,124
6023397000,s,124
6023421000,s,124
6023440000,s,124
6023458000,s,124
6023472000,s,124
6023488000,s,124
6023502000,s,124
6023519000,s,124
6023535000,s,124
6023574000,s,124
6023631000,s,124
6024330000,s,124
6024531000,s,124
6024724000,s,124
6024926000,s,124
6026114000,s,1340
6026180000,s,700
6032535000,r,1340
6032535000,r,1340
6032535000,r,1340
6032535000,r,1340
6032536000,r,1340
6032536000,r,1340
6032536000,r,1340
6032536000,r,1340
6032790000,r,1340
6032791000,r,1340
6033461000,s,124
6033547000,s,124
6033575000,s,124
6033628000,s,124
6033655000,s,124
6034492000,r,1340
6034492000,r,1340
6034492000,r,1340
6034917000,s,124
6034979000,s,124
6035696000,r,1340
6035696000,r,1340
6035696000,r,1340
6035697000,r,1340
6035697000,r,1340
6035697000,r,1340
6035697000,r,1340
6035697000,r,1340
6035837000,r,1340
6035838000,r,1340
6035838000,r,1340
6035838000,r,1340
6035838000,r,1340
6035838000,r,1340
6035839000,r,1340
6035839000,r,1340
6035892000,r,1340
6035892000,r,1340
6035893000,r,1340
6035893000,r,1340
6035893000,r,1340
6036273000,s,124
6036465000,s,124
6036531000,s,124
6036769000,s,124
6036993000,s,124
6037132000,s,124
6037342000,s,124
6037469000,s,124
6037557000,s,124
6037627000,s,124
6037980000,r,1340
6037981000,r,1340
6037981000,r,1340
6037981000,r,1340
6037981000,r,1340
6037981000,r,1340
6037981000,r,1340
6037981000,r,1340
6038072000,r,1340
6038073000,r,1340
6038073000,r,1340
6038073000,r,1340
6038073000,r,1340
6038073000,r,1340
6038073000,r,1340
6038073000,r,1340
6038118000,r,1340
6038118000,r,1340
6038119000,r,1340
6038119000,r,1340
6038119000,r,1340
6038119000,r,1340
6038119000,r,1340
6038392000,s,124
6038927000,r,1340
6038927000,r,1340
6038927000,r,1340
6038927000,r,1340
6038927000,r,1340
6038927000,r,1340
6038927000,r,1340
6038927000,r,1340
6038999000,r,1340
6039401000,s,124
6039437000,s,124
6039454000,s,124
6039468000,s,124
6039480000,s,124
6039491000,s,124
6039503000,s,124
6039510000,s,124
6039532000,s,124
6039816000,s,124
6040445000,s,124
6040601000,r,1340
6040642000,s,124
6040601000,r,1340
6040601000,r,1340
6040601000,r,1340
6040601000,r,1340
6040601000,r,1340
6040601000,r,1340
6040602000,r,124
6040697000,r,124
6040697000,r,364
6040730000,s,124
6041401000,s,124
6041454000,s,124
6041466000,s,124
6041475000,s,124
6041575000,s,124
6041591000,s,124
6041603000,s,124
6043880000,s,188
6044547000,r,1340
6044547000,r,1340
6044547000,r,1340
6045566000,s,124
6046145000,r,1340
6046146000,r,1340
6046146000,r,1340
6046146000,r,1340
6046146000,r,1340
6046146000,r,1340
6046146000,r,1340
6046147000,r,1340
6046225000,r,1340
6046225000,r,1340
6046225000,r,1340
6046225000,r,1340
6046398000,s,668
6046599000,s,124
6046617000,r,1340
6046617000,r,1340
6046617000,r,1340
6046617000,r,1340
6046618000,r,1340
6046618000,r,1340
6046690000,s,124
6046942000,s,124
6047031000,s,124
6047125000,s,124
6047192000,s,124
6047284000,s,124
6047695000,r,1340
6047696000,r,1340
6047923000,s,124
6047957000,s,124
6048051000,s,124
6049024000,r,1340
6049024000,r,1340
6049024000,r,1340
6049024000,r,1340
6049024000,r,1340
6049024000,r,1340
6049024000,r,1340
6049024000,r,1340
6049107000,r,1340
6049280000,r,1340
6049281000,r,1340
6049281000,r,1340
6049281000,r,1340
6049281000,r,1340
6049281000,r,1340
6049404000,s,124
6049659000,s,124
6050021000,s,124
6050088000,s,124
6050118000,s,124
6050128000,s,124
6050137000,s,124
6050146000,s,124
6050283000,r,1340
6050284000,r,1340
6050284000,r,1340
6050284000,r,1340
6050284000,r,1340
6050284000,r,1340
6050942000,s,124
6050991000,s,124
6051018000,s,124
6051316000,r,1340
6051316000,r,1340
6051317000,r,1340
6051317000,r,1340
6051317000,r,1340
6051317000,r,1340
6051317000,r,1340
6051624000,s,124
6051660000,s,124
6051852000,r,1340
6051852000,r,1340
6051852000,r,1340
6051852000,r,1340
6051852000,r,1340
6051852000,r,1340
6051923000,s,124
6051935000,r,1340
6051936000,r,1340
6051936000,r,1340
6051936000,r,1340
6051936000,r,1340
6051936000,r,1340
6051936000,r,1340
6051936000,r,1340
6051984000,r,1340
6052437000,r,1340
6052437000,r,1340
6052437000,r,1340
6052437000,r,1340
6052438000,r,1340
6052438000,r,1340
6052479000,s,124
6052521000,s,124
6052535000,s,124
6052544000,s,124
6052551000,s,124
6052565000,s,124
6052579000,s,124
6052587000,s,124
6052969000,s,124
6052992000,r,1340
6052992000,r,1340
6052992000,r,1340
6052992000,r,1340
6052992000,r,1340
6052992000,r,1340
6052992000,r,1340
6052992000,r,1340
6053078000,r,1340
6053078000,r,1340
6053078000,r,1340
6053078000,r,1340
6054128000,r,1340
6054128000,r,1340
6054128000,r,1340
6054128000,r,1340
6054128000,r,1340
6054129000,r,1340
6054129000,r,1340
6054129000,r,1340
6054221000,r,1340
6054221000,r,1340
6054221000,r,1340
6054226000,s,124
6054221000,r,1340
6054349000,s,124
6054428000,s,124
6055118000,r,1340
6055119000,r,1340
6055119000,r,1340
6055119000,r,1340
6055119000,r,1340
6055119000,r,1340
6055119000,r,1340
6055119000,r,1340
6055197000,r,1340
6055197000,r,1340
6055197000,r,1340
6055198000,r,1340
6055198000,r,1340
6055198000,r,1340
6055198000,r,1340
6055198000,r,1340
6055229000,r,1340
6055229000,r,1340
6056214000,s,124
6056481000,r,1340
6056481000,r,1340
6056481000,r,1340
6056827000,s,124
6056936000,s,124
6057016000,s,124
6057073000,s,124
6057149000,s,124
6057205000,s,124
6057276000,s,124
6057331000,s,124
6057406000,s,124
6057460000,s,124
6057515000,s,124
6057591000,s,124
6057662000,s,124
6057730000,s,124
6057786000,s,124
6057857000,s,124
6057942000,s,124
6058020000,s,124
6058088000,s,124
6058145000,s,412
6058205000,s,124
6058685000,r,1340
6058686000,r,1340
6058686000,r,1340
6058686000,r,1340
6058686000,r,1340
6058686000,r,1340
6058686000,r,1340
6058686000,r,1340
6058825000,r,1340
6058825000,r,1340
6058825000,r,1340
6058825000,r,1340
6058825000,r,1340
6058826000,r,1340
6058826000,r,1340
6058826000,r,1340
6059871000,s,124
6060171000,r,1340
6060171000,r,1340
6060171000,r,1340
6060172000,r,1340
6060172000,r,1340
6060172000,r,1340
6060172000,r,1340
6060172000,r,1340
6060246000,r,1340
6060247000,r,1340
6060247000,r,1340
6060247000,r,1340
6060247000,r,1340
6060247000,r,1340
6060247000,r,1340
6060247000,r,1340
6060279000,r,1340
6060280000,r,1340
6060280000,r,1340
6060280000,r,1340
6060280000,r,1340
6060280000,r,1340
6060280000,r,1340
6060280000,r,1340
6060586000,s,124
6060700000,s,124
6060786000,s,124
6060985000,s,124
6061028000,s,124
6061232000,s,124
6061335000,s,124
6061574000,s,124
6061651000,s,124
6061923000,s,124
6061992000,r,124
6061992000,r,204
6061992000,r,1340
6061992000,r,1340
6061992000,r,1340
6061992000,r,1340
6062180000,s,124
6062198000,s,124
6062372000,s,124
6062482000,s,124
6062795000,s,124
6062916000,s,124
6063062000,s,124
6063504000,s,124
6063743000,s,124
6064087000,s,124
6064167000,s,124
6064730000,r,124
6064730000,r,1340
6064730000,r,1340
6064730000,r,1340
6064731000,r,1340
6064731000,r,1340
6064731000,r,1340
6064731000,r,1340
6064823000,r,1340
6065060000,r,1340
6065060000,r,1340
6065060000,r,1340
6065060000,r,1340
6065061000,r,1340
6065061000,r,1340
6065225000,s,124
6065301000,r,1340
6065333000,s,124
6065301000,r,1340
6065301000,r,1340
6065422000,s,124
6065488000,s,124
6065552000,s,124
6065615000,s,124
6065622000,r,1340
6065622000,r,1340
6065622000,r,1340
6065696000,s,124
6065759000,s,124
6065839000,s,124
6066097000,r,1340
6066097000,r,1340
6066097000,r,1340
6066097000,r,1340
6066097000,r,1340
6066097000,r,1340
6066224000,s,124
6066518000,s,124
6066608000,s,124
6066683000,s,124
6066782000,r,1340
6066782000,r,1340
6066782000,r,1340
6066782000,r,1340
6066782000,r,1340
6066782000,r,1340
6066783000,r,1340
6066783000,r,1340
6066830000,r,1340
6067004000,s,124
6067212000,s,124
6067340000,s,124
6067466000,s,124
6067608000,s,124
6068551000,r,1340
6068551000,r,1340
6068551000,r,1340
6068552000,r,1340
6068552000,r,1340
6068552000,r,1340
6068552000,r,1340
6068552000,r,1340
6068676000,r,1340
6068676000,r,1340
6068676000,r,1340
6068676000,r,1340
6069185000,s,124
6069206000,r,1340
6069206000,r,1340
6069207000,r,1340
6069468000,s,124
6069505000,s,124
6069733000,s,124
6069862000,s,124
6069979000,s,124
6070095000,s,124
6070832000,r,1340
6070833000,r,1340
6070833000,r,1340
6070833000,r,1340
6070833000,r,1340
6070833000,r,1340
6070833000,r,1340
6070833000,r,1340
6070930000,r,1340
6070930000,r,1340
6070930000,r,1340
6070930000,r,1340
6070930000,r,1340
6070930000,r,1340
6070930000,r,1340
6070930000,r,1340
6070964000,r,1340
6070964000,r,1340
6070964000,r,1340
6070964000,r,1340
6070964000,r,1340
6070964000,r,1340
6070964000,r,1340
6070964000,r,1340
6070998000,r,1340
6070998000,r,1340
6070998000,r,1340
6070998000,r,1340
6070998000,r,1340
6070999000,r,1340
6070999000,r,1340
6070999000,r,1340
6071029000,r,1340
6071029000,r,1340
6071029000,r,1340
6071029000,r,1340
6071072000,r,1340
6071072000,r,1340
6071072000,r,1340
6071072000,r,1340
6071072000,r,1340
6071073000,r,1340
6071073000,r,1340
6071073000,r,1340
6071118000,r,1340
6072337000,r,1340
6072354000,s,124
6072337000,r,1340
6072337000,r,1340
6072338000,r,1340
6072338000,r,1340
6072338000,r,1340
6072338000,r,1340
6072338000,r,1340
6072406000,r,1340
6072406000,s,124
6072429000,s,124
6072443000,s,124
6072454000,s,124
6072466000,s,124
6072477000,s,124
6072487000,s,124
6072495000,s,124
6072502000,s,124
6072509000,s,124
6072516000,s,124
6072523000,s,124
6072530000,s,124
6072537000,s,124
6072544000,s,124
6072555000,s,124
6072563000,s,124
6072564000,r,1340
6072564000,r,1340
6072574000,s,124
6072564000,r,1340
6072564000,r,1340
6072584000,s,124
6072564000,r,1340
6072564000,r,1340
6072564000,r,1340
6072595000,s,124
6072564000,r,1340
6072605000,s,124
6072605000,r,1340
6072605000,r,1340
6072605000,r,1340
6072615000,s,124
6072605000,r,1340
6072605000,r,1340
6072606000,r,1340
6072606000,r,1340
6072864000,s,124
6072916000,s,124
6072929000,s,124
6072989000,s,124
6073053000,s,124
6073066000,s,124
6073750000,s,124
6073785000,s,124
6073795000,s,124
6073814000,s,124
6073822000,s,124
6073830000,s,124
6074760000,r,1340
6074760000,r,1340
6074760000,r,1340
6074760000,r,1340
6074760000,r,1340
6074760000,r,1340
6074761000,r,1340
6074761000,r,1340
6074854000,r,1340
6074854000,r,1340
6074854000,r,1340
6074854000,r,1340
6074854000,r,1340
6074854000,r,1340
6075086000,s,124
6075128000,s,124
6075140000,s,124
6075150000,s,124
6075157000,s,124
6075166000,s,124
6075173000,s,124
6075394000,r,1340
6075395000,r,1340
6075395000,r,1340
6075395000,r,1340
6075395000,r,1340
6075395000,r,1340
6075395000,r,1340
6075395000,r,1340
6075486000,r,1340
6075486000,r,1340
6075487000,r,1340
6075487000,r,1340
6075698000,s,124
6075731000,s,124
6075776000,s,124
6075800000,s,124
6075810000,s,124
6075817000,s,124
6075935000,r,1340
6075935000,r,1340
6075935000,r,1340
6075935000,r,1340
6075935000,r,1340
6075935000,r,1340
6076335000,s,124
6076371000,s,124
6076382000,s,124
6076921000,r,1340
6076921000,r,1340
6076921000,r,1340
6076921000,r,1340
6076921000,r,1340
6076922000,r,1340
6076922000,r,1340
6076922000,r,1340
6077002000,r,1340
6077002000,r,1340
6077002000,r,1340
6077003000,r,1340
6077003000,r,1340
6077003000,r,1340
6077003000,r,1340
6077003000,r,1340
6077033000,r,1340
6077033000,r,1340
6077253000,s,124
6077289000,s,124
6077301000,s,124
6077311000,s,124
6077320000,s,124
6077452000,s,124
6077727000,s,124
6077760000,s,124
6077775000,s,124
6078606000,r,1340
6078606000,r,1340
6078606000,r,1340
6078606000,r,1340
6078606000,r,1340
6078606000,r,1340
6078606000,r,1340
6078606000,r,1340
6078692000,r,1340
6078692000,r,1340
6078692000,r,1340
6078692000,r,1340
6078693000,r,1340
6078693000,r,1340
6078693000,r,1340
6078693000,r,1340
6078719000,r,1340
6078719000,r,1340
6078719000,r,1340
6078719000,r,1340
6078719000,r,1340
6078719000,r,1340
6078719000,r,1340
6078720000,r,1340
6078965000,s,124
6079003000,s,124
6079015000,s,124
6079120000,r,1340
6079120000,r,1340
6079120000,r,1340
6079120000,r,1340
6079120000,r,1340
6079121000,r,1340
6079121000,r,1340
6079121000,r,1340
6079166000,r,1340
6079226000,s,124
6079332000,s,124
6079367000,s,124
6079377000,s,124
6079392000,s,124
6079400000,s,124
6079407000,s,124
6079417000,s,124
6079427000,s,124
6079595000,s,124
6079633000,s,124
6079808000,s,124
6079947000,s,124
6081326000,r,1340
6081326000,r,1340
6081326000,r,1340
6081326000,r,1340
6081326000,r,1340
6081327000,r,1340
6081327000,r,1340
6081327000,r,1340
6081444000,r,1340
6081444000,r,1340
6081444000,r,1340
6081444000,r,1340
6081444000,r,1340
6081444000,r,1340
6081444000,r,1340
6081444000,r,1340
6081480000,r,1340
6081481000,r,1340
6081481000,r,1340
6081481000,r,1340
6081481000,r,1340
6081481000,r,1340
6081481000,r,1340
6081481000,r,1340
6081822000,s,124
6082042000,s,124
6082199000,r,1340
6082200000,r,1340
6082200000,r,1340
6082200000,r,1340
6082200000,r,1340
6082200000,r,1340
6082200000,r,1340
6082261000,s,124
6082200000,r,1340
6082277000,r,1340
6082359000,s,124
6082505000,s,124
6082633000,r,1340
6082633000,r,1340
6082633000,r,1340
6082633000,r,1340
6082633000,r,1340
6082633000,r,1340
6082633000,r,1340
6082633000,r,1340
6082715000,r,1340
6082715000,r,1340
6082715000,r,1340
6082716000,r,1340
6082930000,s,124
6083017000,s,124
6083174000,s,124
6083260000,s,124
6083325000,s,124
6083409000,s,124
6083867000,s,124
6083906000,s,124
6083918000,s,124
6083930000,s,124
6084000000,s,124
6084245000,s,124
6084386000,s,124
6084486000,r,1340
6084486000,r,1340
6084486000,r,1340
6084487000,r,1340
6084487000,r,1340
6084487000,r,1340
6084487000,r,1340
6084487000,r,1340
6084564000,r,1340
6084564000,r,1340
6084564000,r,1340
6084565000,r,1340
6084565000,r,1340
6084565000,r,1340
6084565000,r,1340
6084565000,r,1340
6084599000,r,1340
6084600000,r,1340
6084600000,r,1340
6084600000,r,1340
6084607000,s,124
6084600000,r,1340
6084600000,r,1340
6084600000,r,1340
6084600000,r,1340
6084627000,r,1340
6084627000,r,1340
6084627000,r,1340
6084627000,r,1340
6084627000,r,1340
6084627000,r,1340
6084688000,s,124
6084929000,s,124
6084968000,s,124
6084992000,s,124
6085057000,s,124
6085183000,r,1340
6085183000,r,1340
6085183000,r,1340
6085183000,r,1340
6085183000,r,1340
6085183000,r,1340
6085343000,s,124
6085365000,s,124
6085455000,r,1340
6085455000,r,1340
6085455000,r,1340
6085606000,s,124
6085683000,s,124
6085840000,s,124
6086384000,s,124
6086458000,s,124
6086523000,s,124
6086655000,s,124
6086788000,s,124
6086926000,s,124
6087085000,s,124
6087176000,r,1340
6087177000,r,1340
6087177000,r,1340
6087177000,r,1340
6087177000,r,1340
6087177000,r,1340
6087177000,r,1340
6087177000,r,1340
6087230000,r,1340
6087241000,s,124
6087362000,s,124
6087477000,s,124
6087656000,s,124
6087847000,s,124
6087915000,s,124
6088067000,s,124
6088248000,s,124
6088702000,s,124
6090568000,s,124
6093508000,r,1340
6093509000,r,1340
6093509000,r,1340
6093509000,r,1340
6093509000,r,1340
6093509000,r,1340
6093509000,r,1340
6093509000,r,1340
6093644000,r,1340
6093644000,r,1340
6093644000,r,1340
6093644000,r,1340
6093644000,r,1340
6093644000,r,1340
6093644000,r,1340
6093644000,r,1340
6093673000,r,1340
6093673000,r,1340
6093673000,r,1340
6093674000,r,1340
6093674000,r,1340
6093674000,r,1340
6093674000,r,1340
6093674000,r,1340
6093701000,r,1340
6093701000,r,1340
6093701000,r,1340
6093701000,r,1340
6093702000,r,1340
6093702000,r,1340
6093702000,r,1340
6093702000,r,1340
6093729000,r,1340
6093730000,r,1340
6093730000,r,1340
6093730000,r,1340
6093730000,r,1340
6093730000,r,1340
6093730000,r,1340
6093730000,r,1340
6093757000,r,1340
6093757000,r,1340
6093757000,r,1340
6093758000,r,1340
6093758000,r,1340
6093758000,r,1340
6093758000,r,1340
6093758000,r,1340
6093784000,r,1340
6093784000,r,1340
6093784000,r,1340
6093784000,r,1340
6093784000,r,1340
6093785000,r,1340
6093785000,r,1340
6093785000,r,1340
6093811000,r,1340
6093811000,r,1340
6093811000,r,1340
6093811000,r,1340
6093811000,r,1340
6093812000,r,1340
6093812000,r,1340
6093812000,r,1340
6093858000,r,1340
6093858000,r,1340
6093858000,r,1340
6093858000,r,1340
6093858000,r,1340
6093858000,r,1340
6093858000,r,1340
6093858000,r,1340
6093888000,r,1340
6093888000,r,1340
6093888000,r,1340
6093888000,r,1340
6093889000,r,1340
6093889000,r,1340
6093889000,r,1340
6093889000,r,1340
6093914000,r,1340
6093914000,r,1340
6093914000,r,1340
6093914000,r,1340
6093914000,r,1340
6093914000,r,1340
6093914000,r,1340
6093914000,r,1340
6093938000,r,1340
6093938000,r,1340
6093938000,r,1340
6093938000,r,1340
6093938000,r,1340
6093939000,r,1340
6093939000,r,1340
6093939000,r,1340
6093965000,r,1340
6093965000,r,1340
6093965000,r,1340
6093965000,r,1340
6093965000,r,1340
6093965000,r,1340
6093994000,r,1340
6093994000,r,1340
6093994000,r,1340
6093994000,r,1340
6093994000,r,1340
6093995000,r,1340
6094428000,s,124
6094466000,s,124
6094471000,r,1340
6094471000,r,1340
6094471000,r,1340
6094472000,r,1340
6094472000,r,1340
6094472000,r,1340
6094901000,s,124
6095181000,r,1340
6095181000,r,1340
6095181000,r,1340
6095181000,r,1340
6095181000,r,1340
6095181000,r,1340
6095181000,r,1340
6095181000,r,1340
6095255000,r,1340
6095255000,r,1340
6095255000,r,1340
6095255000,r,1340
6095426000,s,124
6095606000,r,1340
6095606000,r,1340
6095606000,r,1340
6095607000,r,1340
6095607000,r,1340
6095607000,r,1340
6095745000,r,1340
6095745000,r,1340
6095745000,r,1340
6096473000,r,1340
6096473000,r,1340
6096473000,r,1340
6096473000,r,1340
6096473000,r,1340
6096473000,r,1340
6096473000,r,1340
6096473000,r,1340
6096522000,r,1340
6096523000,r,1340
6096523000,r,1340
6096523000,r,1340
6096842000,r,1340
6096842000,r,1340
6096842000,r,1340
6096842000,r,1340
6096842000,r,1340
6096842000,r,1340
6097237000,r,1340
6097237000,r,1340
6097237000,r,1340
6097341000,s,124
6097460000,r,1340
6097460000,r,1340
6097460000,r,1340
6097648000,s,124
6097679000,s,124
6097753000,s,124
6097937000,s,124
6098173000,s,124
6098265000,s,124
6098368000,s,124
6098662000,s,124
6098750000,s,124
6098876000,s,124
6099109000,s,124
6099235000,s,124
6099392000,s,124
6099686000,r,1340
6099718000,s,124
6099686000,r,1340
6099686000,r,1340
6099687000,r,1340
6099687000,r,1340
6099687000,r,1340
6099862000,s,124
6100190000,s,124
6100280000,s,124
6100578000,s,124
6100727000,s,124
6100789000,s,124
6100845000,s,124
6101158000,s,124
6101164000,r,1340
6101164000,r,1340
6101164000,r,1340
6101164000,r,1340
6101164000,r,1340
6101164000,r,1340
6101164000,r,1340
6101164000,r,1340
6101223000,r,1340
6101223000,r,1340
6101223000,r,1340
6101223000,r,1340
6101223000,r,1340
6101223000,r,1340
6101223000,r,1340
6101223000,r,1340
6101252000,r,1340
6101253000,r,1340
6101253000,r,1340
6101253000,r,1340
6101253000,r,1340
6101253000,r,1340
6101253000,r,1340
6101253000,r,1340
6101278000,r,1340
6101278000,r,1340
6101278000,r,1340
6101278000,r,1340
6101278000,r,1340
6101278000,r,1340
6101278000,r,1340
6101278000,r,1340
6101302000,r,1340
6101302000,r,1340
6101302000,r,1340
6101302000,r,1340
6101302000,r,1340
6101302000,r,1340
6101302000,r,1340
6101338000,r,1340
6101338000,r,1340
6101338000,r,1340
6101933000,r,428
6101933000,r,1340
6101934000,r,1340
6101934000,r,1340
6101934000,r,1340
6101934000,r,1340
6101934000,r,1340
6101934000,r,1340
6101994000,r,1340
6101994000,r,1340
6101994000,r,1340
6101995000,r,1340
6102278000,r,1340
6102278000,r,1340
6102278000,r,1340
6102278000,r,1340
6102278000,r,1340
6102278000,r,1340
6102278000,r,1340
6102278000,r,1340
6102309000,r,1340
6102356000,s,124
6102470000,s,124
6102566000,s,124
6102663000,s,124
6102763000,r,1340
6102763000,s,124
6102763000,r,1340
6102763000,r,1340
6102764000,r,1340
6102764000,r,1340
6102764000,r,1340
6102848000,s,124
6102905000,s,124
6102991000,s,124
6103068000,s,124
6103137000,s,124
6103184000,s,124
6103367000,r,1340
6103368000,r,1340
6103368000,r,1340
6103368000,r,1340
6103368000,r,1340
6103368000,r,1340
6103541000,r,1340
6103554000,s,124
6103542000,r,1340
6103542000,r,1340
6103643000,s,124
6103821000,s,124
6104212000,s,124
6104367000,s,124
6104409000,s,124
6104780000,s,124
6104941000,s,124
6105148000,s,124
6105234000,s,124
6105514000,r,1340
6105514000,r,1340
6105514000,r,1340
6105514000,r,1340
6105514000,r,1340
6105514000,r,1340
6105514000,r,1340
6105515000,r,1340
6105579000,r,1340
6105579000,r,1340
6105579000,r,1340
6105579000,r,1340
6105623000,s,124
6106085000,s,124
6106141000,r,1340
6106146000,s,124
6106141000,r,1340
6106142000,r,1340
6106142000,r,1340
6106142000,r,1340
6106142000,r,1340
6106142000,r,1340
6106142000,r,1340
6106228000,r,1340
6106228000,r,1340
6106228000,r,1340
6106228000,r,1340
6106229000,r,1340
6106229000,r,1340
6106229000,r,1340
6106731000,s,124
6106779000,s,124
6106794000,s,124
6106803000,s,124
6106825000,s,124
6107740000,r,1340
6107740000,r,1340
6107740000,r,1340
6107740000,r,1340
6107740000,r,1340
6107740000,r,1340
6107740000,r,1340
6107740000,r,1340
6107835000,r,1340
6107835000,r,1340
6107835000,r,1340
6107835000,r,1340
6107835000,r,1340
6107836000,r,1340
6107836000,r,1340
6107836000,r,1340
6107869000,r,1340
6107869000,r,1340
6107869000,r,1340
6107869000,r,1340
6107869000,r,1340
6107869000,r,1340
6107869000,r,1340
6107870000,r,1340
6107894000,r,1340
6107894000,r,1340
6107894000,r,1340
6107980000,r,1340
6107980000,r,1340
6107980000,r,1340
6108346000,s,124
6108783000,s,124
6109108000,r,1340
6109109000,r,1340
6109109000,r,1340
6109109000,r,1340
6109109000,r,1340
6109109000,r,1340
6109357000,s,124
6109514000,s,124
6109694000,s,124
6109922000,s,124
6110101000,s,124
6111690000,r,1340
6111690000,r,1340
6111690000,r,1340
6111690000,r,1340
6111690000,r,1340
6111690000,r,1340
6111691000,r,1340
6111691000,r,1340
6111770000,r,1340
6111771000,r,1340
6111771000,r,1340
6111771000,r,1340
6111771000,r,1340
6111771000,r,1340
6111771000,r,1340
6111771000,r,1340
6111797000,r,1340
6111797000,r,1340
6111797000,r,1340
6111797000,r,1340
6111798000,r,1340
6111798000,r,1340
6111798000,r,1340
6111798000,r,1340
6111822000,r,1340
6111823000,r,1340
6111823000,r,1340
6111823000,r,1340
6111823000,r,1340
6111823000,r,1340
6111823000,r,1340
6111823000,r,1340
6111848000,r,1340
6111848000,r,1340
6111848000,r,1340
6111848000,r,1340
6111848000,r,1340
6111848000,r,1340
6111973000,r,1340
6111973000,r,1340
6111973000,r,1340
6111973000,r,1340
6111973000,r,1340
6111973000,r,1340
6111973000,r,1340
6111973000,r,1340
6112004000,r,1340
6112334000,r,1340
6112334000,r,1340
6112367000,s,124
6112334000,r,1340
6112334000,r,1340
6112334000,r,1340
6112334000,r,1340
6112451000,s,124
6112521000,s,124
6112573000,s,124
6112627000,s,124
6112676000,s,124
6112721000,s,124
6112785000,s,124
6112839000,s,124
6112875000,s,124
6112916000,r,1340
6112924000,s,124
6112916000,r,1340
6112916000,r,1340
6112916000,r,1340
6112916000,r,1340
6112978000,s,124
6112916000,r,1340
6112916000,r,1340
6112916000,r,1340
6112994000,r,1340
6113021000,s,124
6113083000,s,124
6113144000,s,124
6113209000,s,124
6113661000,s,124
6113817000,r,1340
6113817000,r,1340
6113818000,r,1340
6113818000,r,1340
6113818000,r,1340
6113818000,r,1340
6113818000,r,1340
6113818000,r,1340
6113913000,r,1340
6114091000,s,124
6114460000,s,124
6115595000,r,1340
6115595000,r,1340
6115595000,r,1340
6115595000,r,1340
6115595000,r,1340
6115595000,r,1340
6115595000,r,1340
6115595000,r,1340
6115655000,r,1340
6115655000,r,1340
6115655000,r,1340
6115655000,r,1340
6115655000,r,1340
6115656000,r,1340
6115656000,r,1340
6115656000,r,1340
6115883000,s,124
6115897000,r,1340
6115897000,r,1340
6115897000,r,1340
6115897000,r,1340
6115897000,r,1340
6115897000,r,1340
6116251000,s,124
6116305000,s,124
6116540000,s,124
6116772000,r,1340
6116772000,r,1340
6116772000,r,1340
6116772000,r,1340
6116772000,r,1340
6116773000,r,1340
6116868000,r,1340
6116868000,r,1340
6116868000,r,1340
6116869000,r,1340
6116869000,r,1340
6116869000,r,1340
6116869000,r,1340
6116869000,r,1340
6116900000,r,1340
6117181000,r,1340
6117181000,r,1340
6117181000,r,1340
6117489000,r,1340
6117489000,r,1340
6117489000,r,1340
6117746000,r,1340
6117746000,r,1340
6117746000,r,1340
6117746000,r,1340
6117746000,r,1340
6117746000,r,1340
6117772000,r,1340
6117772000,r,1340
6117772000,r,1340
6118259000,s,124
6118304000,s,124
6118316000,s,124
6118324000,s,124
6118334000,s,124
6118342000,s,124
6118350000,s,124
6118379000,s,124
6118502000,r,1340
6118502000,r,1340
6118502000,r,1340
6118502000,r,1340
6118502000,r,1340
6118502000,r,1340
6118746000,s,124
6118769000,r,1340
6118769000,r,1340
6118769000,r,1340
6118769000,r,1340
6118770000,r,1340
6118770000,r,1340
6118826000,s,124
6118896000,s,124
6118948000,s,124
6118995000,s,124
6119109000,s,124
6119210000,r,1340
6119210000,r,1340
6119210000,r,1340
6119210000,r,1340
6119210000,r,1340
6119210000,r,1340
6119210000,r,1340
6119211000,r,1340
6119253000,r,1340
6119272000,s,124
6119342000,s,124
6119447000,s,124
6119547000,s,124
6119801000,s,124
6119835000,r,1340
6119835000,r,1340
6119835000,r,1340
6119835000,r,1340
6119835000,r,1340
6119836000,r,1340
6119903000,s,124
6119967000,r,1340
6119967000,r,1340
6119967000,r,1340
6119967000,r,1340
6119967000,r,1340
6119967000,r,1340
6120052000,s,124
6120103000,s,124
6120150000,s,124
6120511000,s,124
6120552000,s,124
6120564000,s,124
6120571000,s,124
6120654000,s,124
6120868000,s,124
6120937000,s,124
6121121000,s,124
6121190000,s,124
6121255000,s,124
6121303000,s,124
6121457000,s,124
6121572000,s,124
6121665000,s,124
6121751000,s,124
6121830000,s,124
6122516000,r,1340
6122516000,r,1340
6122516000,r,1340
6122516000,r,1340
6122516000,r,1340
6122516000,r,1340
6122516000,r,1340
6122516000,r,1340
6122601000,r,1340
6122601000,r,1340
6122601000,r,1340
6122601000,r,1340
6122601000,r,1340
6122601000,r,1340
6122602000,r,1340
6122602000,r,1340
6122629000,r,1340
6122629000,r,1340
6122629000,r,1340
6122629000,r,1340
6122629000,r,1340
6122630000,r,1340
6122630000,r,1340
6122630000,r,1340
6122656000,r,1340
6122656000,r,1340
6122656000,r,1340
6122656000,r,1340
6122656000,r,1340
6122656000,r,1340
6122657000,r,1340
6122657000,r,1340
6122679000,r,1340
6122951000,s,124
6123029000,s,124
6123095000,s,124
6123150000,s,124
6123192000,s,124
6123269000,s,124
6123335000,s,124
6123382000,s,124
6123429000,s,124
6123775000,s,124
6123845000,s,124
6123912000,s,124
6123962000,s,124
6124018000,s,124
6124047000,r,1340
6124073000,s,124
6124047000,r,1340
6124047000,r,1340
6124047000,r,1340
6124047000,r,1340
6124047000,r,1340
6124128000,s,1340
6124181000,s,316
6124218000,s,124
6124441000,s,124
6124525000,s,124
6124669000,s,124
6127156000,r,1340
6127156000,r,1340
6127156000,r,1340
6127156000,r,1340
6127157000,r,1340
6127157000,r,1340
6127157000,r,1340
6127157000,r,1340
6127248000,r,1340
6127248000,r,1340
6127249000,r,1340
6127249000,r,1340
6127249000,r,1340
6127249000,r,1340
6127249000,r,1340
6127249000,r,1340
6127281000,r,1340
6127281000,r,1340
6127281000,r,1340
6127281000,r,1340
6127281000,r,1340
6127282000,r,1340
6127282000,r,1340
6127282000,r,1340
6127313000,r,1340
6127313000,r,1340
6127313000,r,1340
6127313000,r,1340
6127314000,r,1340
6127314000,r,1340
6127314000,r,1340
6127314000,r,1340
6127344000,r,1340
6127344000,r,1340
6127344000,r,1340
6127344000,r,1340
6127344000,r,1340
6127345000,r,1340
6127345000,r,1340
6127345000,r,1340
6127393000,r,1340
6127393000,r,1340
6127393000,r,1340
6127393000,r,1340
6127393000,r,1340
6127505000,s,124
6127912000,s,124
6127987000,r,1340
6127988000,r,1340
6127988000,r,1340
6127988000,r,1340
6127988000,r,1340
6127988000,r,1340
6127988000,r,1340
6127988000,r,1340
6128045000,r,1340
6128045000,r,1340
6128045000,r,1340
6128045000,r,1340
6128045000,r,1340
6128045000,r,1340
6128045000,r,1340
6128045000,r,1340
6128080000,r,1340
6128080000,r,1340
6128198000,s,124
6128275000,s,124
6128309000,r,1340
6128309000,r,1340
6128309000,r,1340
6128436000,s,124
6128533000,s,124
6128586000,s,124
6128639000,r,1340
6128639000,r,1340
6128640000,r,1340
6128640000,r,1340
6128640000,r,1340
6128640000,r,1340
6128814000,s,124
6128837000,s,124
6128854000,s,124
6128920000,s,124
6129017000,s,124
6129160000,s,124
6129231000,r,1340
6129231000,r,1340
6129231000,r,1340
6129331000,s,124
6129479000,s,124
6129565000,s,124
6129646000,s,124
6129717000,s,124
6129789000,s,124
6129897000,s,124
6130049000,s,124
6130226000,s,124
6130319000,s,124
6130514000,r,1340
6130515000,r,1340
6130515000,r,1340
6130515000,r,1340
6130515000,r,1340
6130515000,r,1340
6130515000,r,1340
6130515000,r,1340
6130584000,r,1340
6130585000,r,1340
6130585000,r,1340
6130585000,r,1340
6130585000,r,1340
6130585000,r,1340
6130585000,r,1340
6130607000,s,124
6130585000,r,1340
6130622000,r,1340
6130622000,r,1340
6130622000,r,1340
6130622000,r,1340
6130622000,r,1340
6130622000,r,1340
6130622000,r,156
6130716000,s,124
6130789000,s,124
6130897000,s,124
6131042000,s,124
6131207000,s,124
6131324000,s,124
6131461000,s,124
6131608000,s,124
6131747000,s,124
6131892000,s,124
6131997000,s,124
6132058000,s,124
6132123000,s,124
6132297000,s,124
6132455000,s,124
6132474000,s,124
6132520000,s,124
6132612000,s,124
6132742000,s,124
6132951000,s,124
6133291000,s,124
6133416000,s,124
6137557000,r,124
6137557000,r,124
6184242000,r,380
6228442000,s,124
8559843000,r,1340
8559844000,r,1340
8559844000,r,1340
8559845000,r,1340
8559845000,r,1340
8559846000,r,1340
8559846000,r,1244
8559847000,r,1340
8560362000,r,1340
8560363000,r,1340
8560363000,r,1340
8563206000,s,124
8565337000,s,124
8577444000,r,1340
8577445000,r,1340
8577445000,r,1340
8577446000,r,1340
8577446000,r,1340
8577447000,r,1340
8577447000,r,1340
8577448000,r,1340
8577950000,r,1340
8577951000,r,1340
8577951000,r,1340
8577952000,r,1340
8577952000,r,1340
8577953000,r,1340
8577953000,r,1340
8577954000,r,1340
8578094000,r,1340
8578094000,r,1340
8578095000,r,1340
8578095000,r,1340
8578096000,r,1340
8580139000,s,124
8580539000,s,124
8580877000,s,124
8581410000,s,124
8582042000,s,124
8582711000,s,124
8583221000,s,124
8590512000,r,1340
8590512000,r,1340
8591721000,r,1340
8591721000,r,1340
8591722000,r,1340
8592884000,s,124
8594167000,s,124
8594659000,r,1340
8594659000,r,1340
8594660000,r,1340
8594660000,r,1340
8594661000,r,1340
8594661000,r,1340
8594662000,r,1340
8594662000,r,1340
8594858000,r,1340
8594858000,r,1340
8594858000,r,1340
8594859000,r,1340
8594859000,r,1340
8594860000,r,1340
8594860000,r,1340
8594861000,r,1340
8594999000,r,1340
8594999000,r,1340
8595000000,r,1340
8595000000,r,1340
8595001000,r,1340
8595001000,r,1340
8595002000,r,1340
8595002000,r,1340
8595124000,r,1340
8595124000,r,1340
8595125000,r,956
8596645000,s,124
8596989000,s,124
8597661000,s,124
8598222000,s,124
8598618000,s,124
8599313000,s,124
8600022000,s,124
8600444000,s,124
8600775000,s,124
8604358000,s,124
10611837000,r,176
11279862000,r,140
11279862000,r,124
11279863000,r,124
11283918000,s,124
11284266000,s,124
15938625000,r,176
16816692000,s,156
16827726000,r,156
18604288000,r,156
18604289000,r,140
18604289000,r,124
18604290000,r,124
18609830000,s,124
18611283000,s,124
18624038000,r,124
21363965000,r,176
23933156000,s,156
23975432000,s,156
23976633000,s,156
23993917000,r,156
24093364000,s,1340
24093814000,s,1340
24095419000,s,172
24110032000,r,140
24110033000,r,1340
24119819000,r,1340
24119819000,r,396
24119820000,r,1036
24132801000,s,1340
24135109000,s,140
24135472000,s,172
24138473000,s,124
24140171000,r,124
24151772000,r,220
24181098000,s,124
26691244000,r,176