0,s,156
42238000,s,156
42721000,s,156
61554000,r,156
80672000,s,124
84063000,s,124
94966000,r,124
96952000,s,124
99711000,s,1340
99972000,s,748
111622000,r,124
111622000,r,364
112073000,s,124
120051000,s,188
129717000,s,204
131620000,r,204
131799000,s,652
140903000,r,172
142171000,s,124
142234000,s,156
156366000,r,124
164198000,s,1340
164284000,s,1340
164584000,s,172
182759000,r,1372
182759000,r,1372
185969000,s,204
186417000,s,316
187488000,s,396
212366000,r,124
222417000,r,252
222417000,r,252
224461000,s,140
235454000,r,124
250658000,s,140
2680370000,s,108
2720463000,s,108
2720934000,s,108
5513831000,r,1340
5513832000,r,1340
5513832000,r,1340
5513832000,r,1340
5513833000,r,1340
5513833000,r,1340
5513833000,r,1340
5513834000,r,1340
5514213000,r,1340
5514213000,r,236
5514214000,r,236
5515604000,s,124
5515796000,s,124
5516046000,s,124
5516337000,s,124
5516954000,s,124
5517204000,s,124
5524318000,s,156
5555508000,s,444
5555944000,s,332
5565956000,s,124
5566796000,s,124
5567883000,s,124
5571466000,r,124
5575157000,r,1340
5575157000,r,1340
5575157000,r,348
5575158000,r,140
5575158000,r,396
5575716000,r,1340
5575716000,r,1340
5575716000,r,1340
5575716000,r,1340
5575717000,r,1340
5575717000,r,1340
5575929000,s,124
5576137000,s,124
5576176000,s,124
5576196000,s,124
5577638000,r,1340
5577638000,r,1340
5577638000,r,1340
5577638000,r,1340
5577638000,r,1340
5577639000,r,1340
5577639000,r,1340
5577639000,r,1340
5577778000,r,1340
5577778000,r,1340
5578657000,s,124
5578713000,s,124
5578730000,s,124
5578742000,s,124
5578754000,s,124
5589552000,r,1180
5590035000,s,124
5617406000,r,204
5632119000,s,124
5645405000,r,124
5646173000,s,124
5647982000,s,1340
5648133000,s,732
5661479000,r,124
5661480000,r,124
5663597000,r,364
5663597000,r,204
5665204000,s,124
5665350000,s,236
5665516000,s,188
5666066000,s,668
5676447000,r,124
5676448000,r,124
5676448000,r,204
5685753000,r,1340
5685754000,r,1340
5685754000,r,1340
5685754000,r,1340
5685754000,r,1340
5685754000,r,1340
5685754000,r,1340
5685754000,r,1340
5685952000,r,1340
5686621000,s,124
5686830000,s,124
5686935000,s,124
5687038000,s,124
5687133000,s,124
5697492000,r,1340
5699346000,r,1340
5699346000,r,1340
5699346000,r,1340
5699346000,r,1340
5699346000,r,1340
5699346000,r,1340
5699347000,r,1340
5699347000,r,1340
5699468000,r,428
5700604000,s,124
5700813000,s,124
5700997000,s,124
5701096000,s,124
5701188000,s,124
5719784000,s,284
5723304000,s,236
5723375000,s,220
5724201000,s,236
5724421000,s,236
5733749000,r,124
5735979000,r,124
5738521000,s,412
5741921000,r,604
5743229000,r,1340
5743230000,r,1340
5743230000,r,1340
5743711000,s,124
5743760000,s,124
5748653000,r,1340
5748653000,r,1340
5748653000,r,1340
5748653000,r,1340
5748653000,r,1340
5748653000,r,1340
5748653000,r,1340
5748653000,r,1340
5748778000,r,1340
5748778000,r,1340
5748778000,r,1340
5748779000,r,1340
5748779000,r,1340
5748779000,r,1340
5748779000,r,1340
5748779000,r,1340
5748817000,r,1340
5748817000,r,1340
5748817000,r,1340
5748817000,r,1340
5748817000,r,1340
5748818000,r,1340
5748818000,r,1340
5748818000,r,1340
5748853000,r,1340
5748853000,r,1340
5748853000,r,1340
5748853000,r,1340
5748853000,r,1340
5748853000,r,1340
5748853000,r,1340
5748854000,r,1340
5748889000,r,1340
5748889000,r,1340
5748890000,r,1340
5748890000,r,1340
5748890000,r,1340
5749240000,s,1340
5749352000,s,332
5749460000,s,124
5749584000,s,124
5749645000,s,124
5749688000,s,124
5749728000,s,124
5749781000,s,124
5749829000,s,124
5749880000,s,124
5749958000,s,124
5750028000,s,124
5750079000,s,124
5750144000,s,124
5750208000,s,124
5750262000,s,124
5750305000,s,124
5750367000,s,124
5750427000,s,124
5750471000,s,124
5757411000,r,1340
5757411000,r,1340
5757411000,r,1340
5757411000,r,1340
5757411000,r,1340
5757412000,r,1340
5758206000,s,124
5758277000,s,124
5758293000,s,124
5763042000,r,1340
5763893000,s,124
5765901000,r,1340
5765901000,r,1340
5765901000,r,1340
5765901000,r,1340
5765901000,r,1340
5765901000,r,124
5765901000,r,124
5765901000,r,1340
5766016000,r,1340
5767028000,s,124
5767096000,s,124
5767275000,s,124
5767470000,r,1340
5767470000,r,1340
5767470000,r,1340
5767470000,r,1340
5767470000,r,1340
5767470000,r,1340
5768291000,s,124
5768418000,s,124
5768444000,s,124
5779098000,r,1340
5779098000,r,1340
5779099000,r,1340
5779099000,r,1340
5779099000,r,1340
5779099000,r,1340
5779099000,r,1340
5779099000,r,1340
5779361000,r,1340
5779361000,r,1340
5779361000,r,1340
5779362000,r,1340
5779362000,r,1340
5779362000,r,1340
5779362000,r,1340
5779362000,r,1340
5779412000,r,1340
5779413000,r,1340
5779413000,r,1340
5779413000,r,1340
5779413000,r,1340
5779413000,r,1340
5779413000,r,1340
5779414000,r,1340
5779461000,r,1340
5779461000,r,1340
5779461000,r,1340
5779461000,r,1340
5779461000,r,1340
5779461000,r,1340
5779462000,r,1340
5779462000,r,1340
5779508000,r,1340
5779508000,r,1340
5779508000,r,1340
5779508000,r,1340
5779508000,r,1340
5779508000,r,1340
5779509000,r,1340
5779509000,r,1340
5779552000,r,1340
5779552000,r,1340
5779552000,r,1340
5779553000,r,1340
5779553000,r,1340
5779553000,r,1340
5779553000,r,1340
5779553000,r,1340
5779597000,r,1340
5779597000,r,1340
5779597000,r,1340
5779598000,r,1340
5779598000,r,1340
5779598000,r,1340
5779598000,r,1340
5779598000,r,1340
5779641000,r,1340
5779641000,r,1340
5779641000,r,1340
5779641000,r,1340
5779642000,r,1340
5779642000,r,1340
5779642000,r,1340
5779642000,r,1340
5779689000,r,1340
5779689000,r,1340
5779690000,r,1340
5779690000,r,1340
5779690000,r,1340
5779690000,r,1340
5779690000,r,1340
5779690000,r,1340
5780034000,s,124
5780214000,s,124
5781726000,s,124
5781849000,s,124
5781967000,s,124
5782010000,s,124
5782023000,s,124
5782032000,s,124
5782041000,s,124
5782049000,s,124
5782057000,s,124
5782066000,s,124
5782074000,s,124
5782081000,s,124
5782091000,s,124
5782126000,s,124
5782141000,s,124
5782154000,s,124
5782163000,s,124
5782536000,s,124
5782622000,r,1340
5782623000,r,1340
5782623000,r,1340
5782623000,r,1340
5782623000,r,1340
5782623000,r,1340
5782623000,r,1340
5782623000,r,1340
5782704000,r,1340
5782704000,r,1340
5782704000,r,1340
5782705000,r,1340
5782705000,r,1340
5782705000,r,1340
5782705000,r,1340
5782705000,r,1340
5782746000,r,1340
5782746000,r,1340
5782746000,r,1340
5782746000,r,1340
5782775000,s,124
5782822000,s,124
5782835000,s,124
5782914000,s,124
5785173000,s,124
5785233000,s,124
5785245000,s,124
5785254000,s,124
5785262000,s,124
5785269000,s,124
5785277000,s,124
5785283000,s,124
5785290000,s,124
5785296000,s,124
5785303000,s,124
5785310000,s,124
5785317000,s,124
5785360000,s,124
5785376000,s,124
5785384000,s,124
5785520000,s,124
5785551000,s,124
5786144000,s,124
5786191000,s,124
5786203000,s,124
5786213000,s,124
5790718000,r,1340
5791556000,r,1340
5791597000,s,124
5791556000,r,1340
5791556000,r,1340
5792487000,s,124
5793061000,r,1340
5793061000,r,1340
5793061000,r,1340
5793061000,r,1340
5793061000,r,1340
5793061000,r,1340
5793061000,r,1340
5793061000,r,1340
5793152000,r,1340
5793152000,r,1340
5793152000,r,1340
5793152000,r,1340
5793152000,r,1340
5793153000,r,1340
5793153000,r,1340
5793153000,r,1340
5793188000,r,1340
5793188000,r,1340
5793188000,r,1340
5793188000,r,1340
5793188000,r,1340
5793408000,s,124
5793466000,r,1340
5793466000,r,1340
5793466000,r,1340
5793466000,r,1340
5793466000,r,1340
5793467000,r,1340
5793615000,s,124
5793630000,s,124
5793904000,s,124
5793987000,s,124
5794060000,s,124
5794125000,s,124
5794188000,s,124
5794253000,s,124
5794288000,r,1340
5794318000,s,124
5794288000,r,1340
5794288000,r,1340
5794380000,s,124
5794452000,s,124
5794565000,s,124
5794641000,s,124
5794710000,s,124
5795939000,r,1340
5795939000,r,1340
5795939000,r,1340
5795939000,r,1340
5795939000,r,1340
5795939000,r,1340
5795939000,r,1340
5795940000,r,1340
5796014000,r,1340
5796014000,r,1340
5796014000,r,1340
5796014000,r,1340
5796014000,r,1340
5796015000,r,1340
5796015000,r,1340
5796015000,r,1340
5796049000,r,1340
5796049000,r,1340
5796049000,r,1340
5796049000,r,1340
5796050000,r,1340
5796050000,r,1340
5796050000,r,1340
5796050000,r,1340
5796080000,r,1340
5796080000,r,1340
5796080000,r,1340
5796535000,r,1340
5796535000,r,1340
5796535000,r,1340
5796535000,r,1340
5796535000,r,1340
5796535000,r,1340
5796535000,r,1340
5796536000,r,1340
5796578000,r,1340
5796692000,s,124
5796898000,r,1340
5796899000,r,1340
5796899000,r,1340
5796899000,r,1340
5796899000,r,1340
5796899000,r,1340
5797230000,s,124
5797295000,s,124
5797354000,s,124
5797410000,s,124
5797995000,r,1340
5797996000,r,1340
5797996000,r,1340
5797996000,r,1340
5797996000,r,1340
5797996000,r,1340
5797996000,r,1340
5797996000,r,1340
5798054000,r,1340
5798054000,r,1340
5798054000,r,1340
5798055000,r,1340
5798203000,r,1340
5798203000,r,1340
5798203000,r,1340
5798203000,r,1340
5798204000,r,1340
5798204000,r,1340
5798534000,s,124
5798575000,s,124
5798592000,s,124
5798600000,s,124
5798608000,s,124
5798616000,s,124
5798623000,s,124
5798658000,s,124
5798668000,s,124
5798676000,s,124
5798740000,s,124
5798763000,s,124
5798772000,s,124
5798778000,s,124
5798795000,s,124
5799071000,s,124
5799154000,s,124
5799305000,s,124
5799516000,s,124
5799590000,s,124
5800294000,s,124
5800435000,s,124
5800470000,r,1340
5800471000,r,1340
5800471000,r,1340
5800471000,r,1340
5800471000,r,1340
5800471000,r,1340
5800471000,r,1340
5800471000,r,1340
5800543000,r,876
5800559000,s,124
5800617000,s,124
5800671000,s,124
5800827000,s,124
5803205000,r,1340
5803205000,r,1340
5803205000,r,1340
5803205000,r,1340
5803205000,r,1340
5803205000,r,1340
5803205000,r,1340
5803206000,r,1340
5803292000,r,1340
5803292000,r,1340
5803292000,r,1340
5803292000,r,1340
5803293000,r,1340
5803293000,r,1340
5803293000,r,1340
5803293000,r,1340
5803332000,r,1340
5803332000,r,1340
5803332000,r,1340
5803332000,r,1340
5803332000,r,1340
5803332000,r,1340
5803333000,r,1340
5803333000,r,1340
5803373000,r,1340
5803373000,r,1340
5803373000,r,1340
5803373000,r,1340
5803373000,r,1340
5803374000,r,1340
5803374000,r,1340
5803374000,r,1340
5803413000,r,1340
5803413000,r,1340
5803413000,r,1340
5803413000,r,1340
5803413000,r,1340
5803413000,r,1340
5803414000,r,1340
5803414000,r,1340
5803445000,r,1340
5803445000,r,1340
5803445000,r,1340
5803445000,r,1340
5803446000,r,1340
5803446000,r,1340
5803446000,r,1340
5803446000,r,1340
5803474000,r,1340
5803474000,r,1340
5803474000,r,1340
5803513000,r,1340
5803513000,r,1340
5803513000,r,1340
5803513000,r,1340
5803513000,r,1340
5803513000,r,1340
5803826000,s,124
5803871000,s,124
5803884000,s,124
5803893000,s,124
5803971000,s,124
5804205000,s,124
5804273000,s,124
5804546000,s,124
5804648000,s,124
5804871000,s,124
5804960000,s,124
5805204000,s,124
5805255000,r,1340
5805255000,r,1340
5805256000,r,1340
5805293000,s,124
5805256000,r,1340
5805256000,r,1340
5805256000,r,1340
5805256000,r,1340
5805350000,s,124
5805647000,s,124
5805749000,s,124
5805932000,s,124
5806008000,s,124
5806028000,s,124
5806218000,s,124
5806395000,s,124
5806699000,s,124
5806759000,r,1340
5806759000,r,1340
5806832000,s,124
5807042000,s,124
5807202000,s,124
5807569000,s,124
5807652000,s,124
5807831000,s,124
5807960000,s,124
5808100000,s,124
5808246000,s,124
5808491000,s,124
5808597000,s,124
5808659000,s,124
5808723000,s,124
5808878000,s,124
5808944000,s,124
5810533000,r,1340
5810533000,r,1340
5810533000,r,1340
5810533000,r,1340
5810533000,r,1340
5810533000,r,1340
5810533000,r,1340
5811245000,s,124
5811296000,s,124
5811335000,s,124
5812157000,r,1340
5812157000,r,1340
5812157000,r,1340
5812157000,r,1340
5812157000,r,1340
5812157000,r,1340
5812158000,r,1340
5812158000,r,1340
5812230000,r,1340
5812230000,r,1340
5812230000,r,1340
5812230000,r,1340
5812230000,r,1340
5812230000,r,1340
5812230000,r,1340
5812230000,r,1340
5812276000,r,1340
5812276000,r,1340
5812276000,r,1340
5812276000,r,1340
5812276000,r,1340
5812276000,r,1340
5812276000,r,1340
5812276000,r,1340
5812307000,r,1340
5812307000,r,1340
5812307000,r,1340
5812307000,r,1340
5812307000,r,1340
5812307000,r,1340
5812307000,r,1340
5812308000,r,1340
5812335000,r,1340
5812335000,r,1340
5813131000,s,124
5813175000,s,124
5813283000,r,1340
5813284000,r,1340
5813284000,r,1340
5813284000,r,1340
5813738000,r,1340
5813760000,s,124
5813738000,r,1340
5813738000,r,1340
5813738000,r,1340
5813738000,r,1340
5813738000,r,1340
5813738000,r,1340
5813738000,r,1340
5813802000,s,124
5813809000,r,1340
5813812000,s,124
5813810000,r,1340
5813810000,r,1340
5813810000,r,1340
5813936000,s,124
5813970000,s,124
5813982000,s,124
5814027000,s,124
5814054000,s,124
5814069000,s,124
5814083000,s,124
5814095000,s,124
5814104000,s,124
5814116000,s,124
5814124000,s,124
5814140000,s,124
5814147000,s,124
5814154000,s,124
5814164000,s,124
5814171000,s,124
5814489000,s,124
5814530000,s,124
5814547000,s,124
5814555000,s,124
5814764000,r,1340
5814764000,r,1340
5814764000,r,1340
5814764000,r,1340
5814764000,r,1340
5814764000,r,1340
5816034000,s,124
5816075000,s,124
5816085000,s,124
5816512000,r,1340
5816512000,r,1340
5816513000,r,1340
5816513000,r,1340
5816513000,r,1340
5816513000,r,1340
5816513000,r,1340
5816513000,r,1340
5816589000,r,1340
5816589000,r,1340
5816590000,r,1340
5816590000,r,1340
5816590000,r,1340
5816590000,r,1340
5816590000,r,1340
5817118000,r,1340
5817119000,r,1340
5817119000,r,1340
5817511000,r,1340
5817511000,r,1340
5817511000,r,1340
5817511000,r,1340
5817511000,r,1340
5817511000,r,1340
5817511000,r,1340
5817511000,r,1340
5817561000,r,1340
5817561000,r,1340
5817561000,r,1340
5817561000,r,1340
5817861000,r,1340
5817861000,r,1340
5817862000,r,1340
5817862000,r,1340
5817862000,r,1340
5817862000,r,1340
5817924000,s,124
5818025000,s,124
5818111000,s,124
5818191000,s,124
5818226000,s,124
5818240000,s,124
5818252000,s,124
5818259000,s,124
5818303000,r,1340
5818303000,r,1340
5818303000,r,1340
5818303000,r,1340
5818303000,r,1340
5818303000,r,1340
5818397000,r,1340
5818397000,r,1340
5818397000,r,1340
5818622000,s,124
5818654000,s,124
5818665000,s,124
5818786000,s,124
5818992000,s,124
5819223000,s,124
5819422000,s,124
5819578000,s,124
5819808000,s,124
5820088000,r,1340
5820088000,r,1340
5820088000,r,1340
5820088000,r,1340
5820088000,r,1340
5820088000,r,1340
5820088000,r,1340
5820088000,r,1340
5820153000,r,1340
5820153000,r,1340
5820153000,r,1340
5820153000,r,1340
5820153000,r,1340
5820154000,r,1340
5820154000,r,1340
5820154000,r,1340
5820182000,s,124
5820185000,r,380
5820185000,r,1340
5820185000,r,1340
5820185000,r,1340
5820185000,r,1340
5820269000,s,124
5820549000,s,124
5821469000,s,124
5821604000,s,124
5821670000,s,124
5821759000,s,124
5821820000,s,124
5821872000,s,124
5821950000,s,124
5822071000,r,1340
5822072000,r,1340
5822072000,r,1340
5822072000,r,1340
5822072000,r,1340
5822072000,r,1340
5822149000,r,1340
5822149000,r,1340
5822149000,r,1340
5822149000,r,1340
5822149000,r,1340
5822149000,r,1340
5822150000,r,1340
5822150000,r,1340
5822182000,r,1340
5822307000,s,124
5822376000,s,124
5822424000,s,124
5822486000,s,124
5822551000,s,124
5822600000,s,124
5822646000,s,124
5822693000,s,124
5822834000,s,124
5822952000,r,1340
5822963000,s,124
5822952000,r,1340
5822953000,r,1340
5822953000,r,1340
5822953000,r,1340
5822953000,r,1340
5823358000,s,124
5823423000,r,1340
5823438000,s,124
5823424000,r,1340
5823424000,r,1340
5823494000,s,124
5823553000,s,124
5823602000,s,124
5823674000,s,124
5823897000,s,124
5824144000,s,124
5826968000,r,1340
5826968000,r,1340
5826968000,r,1340
5826968000,r,1340
5826968000,r,1340
5826968000,r,1340
5826969000,r,1340
5826969000,r,1340
5827079000,r,1340
5827079000,r,1340
5827079000,r,1340
5827079000,r,1340
5827079000,r,1340
5827666000,s,124
5827801000,s,124
5828213000,s,124
5828307000,s,124
5828434000,s,124
5828504000,s,124
5829035000,r,1340
5829035000,r,1340
5829400000,s,124
5829448000,r,1340
5829448000,r,1340
5829448000,r,1340
5829448000,r,1340
5829448000,r,1340
5829448000,r,1340
5829449000,r,1340
5829449000,r,1340
5829497000,r,1340
5829665000,r,1340
5829665000,r,1340
5829665000,r,1340
5829768000,s,124
5829796000,s,124
5829806000,s,124
5829920000,s,124
5830003000,s,124
5830114000,s,124
5831618000,r,1340
5831618000,r,1340
5831618000,r,1340
5831618000,r,1340
5831618000,r,1340
5831618000,r,1340
5831618000,r,1340
5831618000,r,1340
5831736000,r,1340
5832185000,s,124
5832481000,s,124
5832516000,s,124
5832628000,s,124
5832972000,s,124
5839330000,r,1340
5839330000,r,1340
5839330000,r,1340
5839330000,r,1340
5839330000,r,1340
5839330000,r,1340
5839330000,r,1340
5839330000,r,1340
5839520000,r,1340
5839520000,r,1340
5839520000,r,1340
5839521000,r,1340
5839521000,r,1340
5839521000,r,1340
5839521000,r,1340
5839521000,r,1340
5839554000,r,1340
5839554000,r,1340
5839554000,r,1340
5839555000,r,1340
5839555000,r,1340
5839555000,r,1340
5839555000,r,1340
5839555000,r,1340
5839585000,r,1340
5839586000,r,1340
5839586000,r,1340
5839586000,r,1340
5839586000,r,1340
5839586000,r,1340
5839586000,r,1340
5839586000,r,1340
5839618000,r,1340
5839618000,r,1340
5839618000,r,1340
5839618000,r,1340
5839618000,r,1340
5839618000,r,1340
5839618000,r,1340
5839618000,r,1340
5839648000,r,1340
5839648000,r,1340
5839648000,r,1340
5839649000,r,1340
5839649000,r,1340
5839649000,r,1340
5839649000,r,1340
5839649000,r,1340
5839680000,r,1340
5839680000,r,1340
5839680000,r,1340
5839681000,r,1340
5839681000,r,1340
5839681000,r,1340
5839681000,r,1340
5839681000,r,1340
5839712000,r,1340
5839712000,r,1340
5839712000,r,1340
5839712000,r,1340
5839713000,r,1340
5839713000,r,1340
5839713000,r,1340
5839713000,r,1340
5839783000,r,1340
5839783000,r,1340
5839783000,r,1340
5839784000,r,1340
5839784000,r,1340
5839784000,r,1340
5839784000,r,1340
5839784000,r,1340
5839833000,r,1340
5839833000,r,1340
5839833000,r,1340
5839833000,r,1340
5839833000,r,1340
5839833000,r,1340
5839833000,r,1340
5839834000,r,1340
5839862000,r,1340
5840504000,s,124
5840572000,s,124
5840801000,s,124
5840974000,s,124
5841199000,s,124
5841274000,s,124
5841415000,s,124
5841603000,s,124
5841671000,s,124
5841760000,s,124
5841987000,s,124
5842061000,r,1340
5842076000,s,124
5842061000,r,1340
5842061000,r,1340
5842212000,s,124
5842361000,s,124
5842471000,s,124
5842696000,s,124
5842774000,s,124
5843005000,s,124
5843121000,s,124
5843299000,s,124
5843493000,s,124
5843697000,s,124
5843897000,s,124
5843978000,s,124
5844225000,s,124
5844305000,s,124
5844388000,s,124
5844498000,s,124
5844718000,s,124
5844923000,s,124
5845287000,s,124
5845372000,s,124
5845447000,r,1340
5845471000,s,124
5845447000,r,1340
5845448000,r,1340
5845448000,r,1340
5845448000,r,1340
5845448000,r,1340
5845669000,s,124
5845716000,r,1340
5845757000,s,124
5845716000,r,1340
5845716000,r,1340
5845716000,r,1340
5845716000,r,1340
5845716000,r,1340
5846058000,s,124
5846130000,s,124
5846186000,s,124
5846234000,s,124
5846280000,s,124
5846333000,s,124
5846384000,s,124
5847828000,s,124
5859591000,r,1340
5859591000,r,1340
5859591000,r,1340
5859592000,r,1340
5859592000,r,1340
5859592000,r,1340
5859592000,r,1340
5859592000,r,1340
5859723000,r,1340
5859723000,r,1340
5859723000,r,1340
5859723000,r,1340
5859723000,r,1340
5859723000,r,1340
5859723000,r,1340
5859723000,r,1340
5859753000,r,1340
5859753000,r,1340
5859753000,r,1340
5859753000,r,1340
5859753000,r,1340
5859753000,r,1340
5859753000,r,1340
5859753000,r,1340
5859784000,r,1340
5859784000,r,1340
5859784000,r,1340
5859784000,r,1340
5859784000,r,1340
5859784000,r,1340
5859784000,r,1340
5859785000,r,1340
5859811000,r,1340
5859812000,r,1340
5859812000,r,1340
5859812000,r,1340
5859812000,r,1340
5859812000,r,1340
5859812000,r,1340
5859812000,r,1340
5859838000,r,1340
5859838000,r,1340
5859838000,r,1340
5859839000,r,1340
5859839000,r,1340
5859839000,r,1340
5859839000,r,1340
5859839000,r,1340
5859864000,r,1340
5859864000,r,1340
5859864000,r,1340
5859864000,r,1340
5859865000,r,1340
5859865000,r,1340
5859865000,r,1340
5859865000,r,1340
5859891000,r,1340
5859891000,r,1340
5859891000,r,1340
5859891000,r,1340
5859892000,r,1340
5859892000,r,1340
5860253000,s,124
5860336000,s,124
5860447000,s,124
5860633000,s,124
5860931000,s,124
5861128000,s,124
5861267000,s,124
5861554000,s,124
5861676000,s,124
5861859000,s,124
5861949000,s,124
5862037000,s,124
5862310000,s,124
5862446000,s,124
5862672000,s,124
5864200000,s,124
5864392000,s,124
5864426000,s,124
5864436000,s,124
5864443000,s,124
5865724000,s,124
5868674000,r,1340
5868674000,r,1340
5868674000,r,1340
5868675000,r,1340
5868675000,r,1340
5868675000,r,1340
5868675000,r,1340
5868675000,r,1340
5868802000,r,1340
5868802000,r,1340
5868803000,r,1340
5868803000,r,1340
5868803000,r,1340
5868803000,r,1340
5868803000,r,1340
5868803000,r,1340
5868835000,r,1340
5868835000,r,1340
5868835000,r,1340
5868835000,r,1340
5868835000,r,1340
5868835000,r,1340
5868835000,r,1340
5868835000,r,1340
5868869000,r,1340
5868870000,r,1340
5868870000,r,1340
5868870000,r,1340
5868870000,r,1340
5868870000,r,1340
5868870000,r,1340
5868870000,r,1340
5868920000,r,1340
5868920000,r,1340
5868921000,r,1340
5868921000,r,1340
5868921000,r,1340
5868921000,r,1340
5868921000,r,1340
5868921000,r,1340
5868950000,r,1340
5868950000,r,1340
5868951000,r,1340
5868951000,r,1340
5868951000,r,1340
5868951000,r,1340
5868951000,r,1340
5868951000,r,1340
5868978000,r,1340
5868978000,r,1340
5868978000,r,1340
5868978000,r,1340
5868978000,r,1340
5868978000,r,1340
5868979000,r,1340
5868979000,r,1340
5869007000,r,1340
5869007000,r,1340
5869007000,r,1340
5869007000,r,1340
5869007000,r,1340
5869007000,r,1340
5869007000,r,1340
5869007000,r,1340
5869085000,r,1340
5869086000,r,1340
5869086000,r,1340
5869086000,r,1340
5869086000,r,1340
5869086000,r,1340
5869086000,r,1340
5869086000,r,1340
5869181000,s,124
5869463000,s,124
5869577000,s,124
5869654000,s,124
5869735000,s,124
5869811000,s,124
5869886000,s,124
5870518000,s,124
5870627000,s,124
5870731000,s,124
5870976000,s,124
5871175000,s,124
5871333000,s,124
5871629000,s,124
5871829000,s,124
5875501000,r,1340
5875501000,r,1340
5875501000,r,1340
5875889000,s,124
5879277000,r,1340
5879277000,r,1340
5879277000,r,1340
5879277000,r,1340
5879277000,r,1340
5879277000,r,1340
5879278000,r,1340
5879278000,r,1340
5879395000,r,1340
5879395000,r,1340
5879395000,r,1340
5879395000,r,1340
5879396000,r,1340
5879396000,r,1340
5879396000,r,1340
5879396000,r,1340
5879436000,r,1340
5879436000,r,1340
5879436000,r,1340
5879436000,r,1340
5879436000,r,1340
5879437000,r,1340
5879437000,r,1340
5879437000,r,1340
5879485000,r,1340
5879485000,r,1340
5879485000,r,1340
5879485000,r,1340
5879485000,r,1340
5879486000,r,1340
5879486000,r,1340
5879486000,r,1340
5879525000,r,1340
5879525000,r,1340
5879525000,r,1340
5879525000,r,1340
5879525000,r,1340
5879525000,r,1340
5879525000,r,1340
5879526000,r,1340
5879560000,r,1340
5879561000,r,1340
5879561000,r,1340
5879561000,r,1340
5879561000,r,1340
5879561000,r,1340
5879561000,r,1340
5879561000,r,1340
5879596000,r,1340
5879596000,r,1340
5879596000,r,1340
5879596000,r,1340
5879596000,r,1340
5879596000,r,1340
5879596000,r,1340
5879597000,r,1340
5879629000,r,1340
5879951000,s,124
5880564000,s,124
5881381000,s,124
5881508000,s,124
5881581000,s,124
5883578000,s,124
5883674000,s,124
5885100000,r,1340
5885100000,r,1340
5885100000,r,1340
5885100000,r,1340
5885100000,r,1340
5885100000,r,1340
5885100000,r,1340
5885101000,r,1340
5885204000,r,1340
5885302000,s,124
5885521000,s,124
5885590000,s,124
5885660000,s,124
5885707000,s,124
5885755000,s,124
5885819000,s,124
5885865000,s,124
5885909000,s,124
5886009000,s,124
5886112000,s,124
5886146000,s,124
5886395000,s,124
5886488000,s,124
5893798000,r,1340
5893798000,r,1340
5893798000,r,1340
5893798000,r,1340
5893799000,r,1340
5893799000,r,1340
5893799000,r,1340
5893799000,r,1340
5893887000,r,1340
5893887000,r,1340
5893887000,r,1340
5893887000,r,1340
5893887000,r,1340
5893887000,r,1340
5893887000,r,1340
5893888000,r,1340
5893916000,r,1340
5893916000,r,1340
5893916000,r,1340
5893917000,r,1340
5893917000,r,1340
5893917000,r,1340
5893917000,r,1340
5893917000,r,1340
5893957000,r,1340
5893957000,r,1340
5893957000,r,1340
5893957000,r,1340
5893957000,r,1340
5893957000,r,1340
5893958000,r,1340
5893958000,r,1340
5893984000,r,1340
5893984000,r,1340
5893984000,r,1340
5893984000,r,1340
5893985000,r,1340
5893985000,r,1340
5893985000,r,1340
5893985000,r,1340
5894011000,r,1340
5894011000,r,1340
5894012000,r,1340
5894012000,r,1340
5894012000,r,1340
5894012000,r,1340
5894012000,r,1340
5894012000,r,1340
5894038000,r,1340
5894038000,r,1340
5894038000,r,1340
5894038000,r,1340
5894038000,r,1340
5894038000,r,1340
5894039000,r,1340
5894039000,r,1340
5894063000,r,1340
5894063000,r,1340
5894064000,r,1340
5894064000,r,1340
5894064000,r,1340
5894064000,r,1340
5894064000,r,1340
5894064000,r,1340
5894129000,r,1340
5894129000,r,1340
5894129000,r,1340
5894129000,r,1340
5894129000,r,1340
5894129000,r,1340
5894129000,r,1340
5894129000,r,1340
5894191000,r,1340
5894191000,r,1340
5894191000,r,1340
5894191000,r,1340
5894191000,r,1340
5894191000,r,1340
5894191000,r,1340
5894191000,r,1340
5894216000,r,1340
5894216000,r,1340
5894216000,r,1340
5894216000,r,1340
5894216000,r,1340
5894286000,s,124
5894482000,s,124
5894623000,s,124
5894718000,s,124
5894874000,s,124
5894958000,s,124
5895051000,s,124
5895199000,s,124
5895495000,s,124
5895719000,s,124
5895803000,s,124
5896628000,s,124
5896684000,s,124
5896696000,s,124
5896813000,s,124
5896903000,s,124
5898098000,s,124
5898180000,s,124
5898239000,s,124
5898289000,s,124
5898343000,s,124
5898393000,r,1340
5898393000,r,1340
5898393000,r,1340
5898394000,r,1340
5898394000,r,1340
5898394000,r,1340
5898394000,r,1340
5898394000,r,1340
5898517000,r,1340
5898517000,r,1340
5898517000,r,1340
5898517000,r,1340
5898518000,r,1340
5898518000,r,1340
5898518000,r,1340
5898518000,r,1340
5898562000,r,1340
5898562000,r,1340
5898562000,r,1340
5898562000,r,1340
5898563000,r,1340
5898563000,r,1340
5898563000,r,1340
5898563000,r,1340
5898605000,r,1340
5898605000,r,1340
5898605000,r,1340
5898605000,r,1340
5899737000,r,1340
5899737000,r,1340
5899737000,r,1340
5899737000,r,1340
5899738000,r,1340
5899738000,r,1340
5900189000,s,124
5900222000,s,124
5900243000,s,124
5900313000,s,124
5900356000,s,124
5900564000,s,124
5900603000,s,124
5900620000,s,124
5900631000,s,124
5900639000,s,124
5900650000,s,124
5900659000,s,124
5900669000,s,124
5901126000,r,1340
5901126000,r,1340
5901127000,r,1340
5901127000,r,1340
5901127000,r,1340
5901127000,r,1340
5901127000,r,1340
5901127000,r,1340
5901212000,s,124
5901221000,r,1340
5901221000,r,1340
5901221000,r,1340
5901221000,r,1340
5901221000,r,1340
5901221000,r,1340
5901221000,r,1340
5901221000,r,1340
5901255000,r,1340
5901258000,s,124
5901255000,r,1340
5901255000,r,1340
5901255000,r,1340
5901278000,s,124
5901601000,s,124
5901872000,s,124
5902074000,s,124
5902210000,s,124
5902705000,s,124
5902809000,s,124
5902852000,s,124
5903015000,s,124
5905283000,r,1340
5905283000,r,1340
5905283000,r,1340
5905283000,r,1340
5905283000,r,1340
5905284000,r,1340
5905284000,r,1340
5905284000,r,1340
5905421000,r,1340
5905421000,r,1340
5905421000,r,1340
5905421000,r,1340
5905421000,r,1340
5905422000,r,1340
5905422000,r,1340
5905422000,r,1340
5905479000,r,1340
5905479000,r,1340
5905479000,r,1340
5905480000,r,1340
5905480000,r,1340
5905480000,r,1340
5905480000,r,1340
5905480000,r,1340
5905521000,r,1340
5905521000,r,1340
5905522000,r,1340
5905522000,r,1340
5905522000,r,1340
5905522000,r,1340
5905522000,r,1340
5905522000,r,1340
5905560000,r,1340
5905560000,r,1340
5905560000,r,1340
5905560000,r,1340
5905560000,r,1340
5905560000,r,1340
5905561000,r,1340
5905561000,r,1340
5905596000,r,1340
5905597000,r,1340
5905597000,r,1340
5905597000,r,1340
5905597000,r,1340
5905597000,r,1340
5905597000,r,1340
5905597000,r,1340
5905636000,r,1340
5905636000,r,1340
5905636000,r,1340
5905636000,r,1340
5905636000,r,1340
5905856000,r,1340
5905856000,r,1340
5905856000,r,1340
5906180000,s,124
5906375000,s,124
5906510000,s,124
5906734000,s,124
5907000000,s,124
5907223000,s,124
5907544000,s,124
5907643000,s,124
5907872000,s,124
5908082000,s,124
5908308000,s,124
5908616000,r,1340
5908616000,r,1340
5908654000,s,124
5908616000,r,1340
5908617000,r,1340
5908617000,r,1340
5908617000,r,1340
5908617000,r,1340
5908617000,r,1340
5908695000,r,1340
5908695000,r,1340
5908823000,s,124
5908865000,s,124
5909150000,s,124
5909244000,s,124
5909428000,s,124
5909762000,s,124
5909972000,s,124
5910203000,s,124
5910368000,s,124
5910613000,s,124
5910779000,s,124
5911003000,s,124
5911417000,s,124
5911473000,s,124
5911486000,s,124
5911748000,s,124
5911818000,s,124
5912064000,s,124
5912294000,s,124
5914570000,r,1340
5914570000,r,1340
5914570000,r,1340
5914570000,r,1340
5914570000,r,1340
5914570000,r,1340
5914570000,r,1340
5914571000,r,1340
5914712000,r,1340
5914712000,r,1340
5914712000,r,1340
5914712000,r,1340
5914713000,r,1340
5914713000,r,1340
5914713000,r,1340
5914713000,r,1340
5914750000,r,1340
5914751000,r,1340
5914751000,r,1340
5914751000,r,1340
5914751000,r,1340
5914751000,r,1340
5914751000,r,1340
5914751000,r,1340
5914789000,r,1340
5914789000,r,1340
5914789000,r,1340
5914789000,r,1340
5914789000,r,1340
5914789000,r,1340
5914790000,r,1340
5914790000,r,1340
5914824000,r,1340
5915264000,s,124
5915546000,s,124
5915626000,s,124
5915952000,s,124
5916019000,s,124
5916252000,s,124
5916311000,s,124
5916396000,s,124
5916899000,s,124
5916981000,s,124
5917033000,s,124
5921385000,r,1340
5921386000,r,1340
5921386000,r,1340
5921386000,r,1340
5921386000,r,1340
5921386000,r,1340
5921890000,s,124
5921968000,s,124
5922042000,s,124
5925458000,r,1340
5925458000,r,1340
5925459000,r,1340
5925459000,r,1340
5925459000,r,1340
5925459000,r,1340
5926014000,s,124
5926060000,s,124
5930423000,r,1340
5930423000,r,1340
5930423000,r,1340
5930423000,r,1340
5930423000,r,1340
5930424000,r,1340
5930424000,r,1340
5930424000,r,1340
5930567000,r,1340
5930567000,r,1340
5930567000,r,1340
5930567000,r,1340
5930567000,r,1340
5930567000,r,1340
5930567000,r,1340
5930568000,r,1340
5930608000,r,1340
5930608000,r,1340
5930608000,r,1340
5930608000,r,1340
5930608000,r,1340
5930609000,r,1340
5930609000,r,1340
5930609000,r,1340
5930649000,r,1340
5930649000,r,1340
5930650000,r,1340
5930650000,r,1340
5930650000,r,1340
5930650000,r,1340
5930650000,r,1340
5930650000,r,1340
5930691000,r,1340
5930691000,r,1340
5930691000,r,1340
5930691000,r,1340
5930691000,r,1340
5930691000,r,1340
5930691000,r,1340
5930692000,r,1340
5930730000,r,1340
5930730000,r,1340
5930730000,r,1340
5930731000,r,1340
5930731000,r,1340
5930731000,r,1340
5930731000,r,1340
5930731000,r,1340
5930769000,r,1340
5930769000,r,1340
5930769000,r,1340
5930769000,r,1340
5930769000,r,1340
5930769000,r,1340
5930770000,r,1340
5930770000,r,1340
5930804000,r,1340
5930804000,r,1340
5930804000,r,1340
5930804000,r,1340
5930805000,r,1340
5930805000,r,1340
5930805000,r,1340
5930805000,r,1340
5931192000,s,124
5931251000,s,124
5931281000,s,124
5931681000,r,1340
5931681000,r,1340
5931682000,r,1340
5931682000,r,1340
5931682000,r,1340
5931737000,s,124
5931682000,r,1340
5931682000,r,1340
5931682000,r,1340
5931769000,r,1340
5931769000,r,1340
5931770000,r,1340
5931770000,r,1340
5931770000,r,1340
5931770000,r,1340
5931770000,r,1340
5931770000,r,1340
5931814000,r,1340
5931814000,r,1340
5931814000,r,1340
5931814000,r,1340
5931814000,r,1340
5931814000,r,1340
5931814000,r,1340
5931815000,r,1340
5931849000,r,1340
5931849000,r,1340
5931850000,r,652
5932663000,s,124
5933036000,s,124
5933169000,s,124
5933229000,s,124
5933669000,s,124
5933700000,s,124
5933712000,s,124
5933721000,s,124
5933730000,s,124
5934781000,s,124
9984359000,s,140
10035790000,s,140
10038002000,s,140
10038223000,s,140
10057534000,r,252
10057534000,r,204
10065147000,s,124
10080698000,r,124
10082557000,s,124
10091659000,s,684
10107978000,r,124
10116083000,r,332
10118903000,s,124
10129172000,s,188
10138550000,s,1340
10149642000,r,124
10151377000,s,460
10153789000,r,124
10169471000,r,124
10217540000,r,1340
10217541000,r,316
10217542000,r,188
10217542000,r,140
10219728000,s,124
10220367000,s,124
10905633000,r,140
10905634000,r,124
10905634000,r,124
10909837000,s,124
10910415000,s,124
16137781000,s,156
16176044000,s,156
16176479000,s,156
16176629000,s,176
16197680000,r,156
16197680000,r,120
16206811000,s,60
22251387000,s,156
22303570000,s,156
22304024000,s,156
22314030000,r,1340
22314030000,r,1340
22314030000,r,1340
22314031000,r,1340
22314031000,r,1340
22314031000,r,1340
22314032000,r,1244
22314032000,r,1340
22314444000,r,1340
22314444000,r,1340
22317855000,s,124
22318130000,s,124
22318454000,s,124
22321490000,r,156
22323386000,s,124
22329523000,r,1340
22329523000,r,1340
22330868000,r,1340
22330869000,r,1340
22330869000,r,1340
22330870000,r,1340
22330870000,r,1340
22330871000,r,1340
22330871000,r,1340
22330872000,r,1340
22331103000,r,1340
22331103000,r,1340
22331104000,r,1340
22331104000,r,1340
22331105000,r,1340
22331105000,r,1340
22331359000,s,156
22332101000,s,156
22333621000,s,124
22333805000,s,124
22333950000,s,124
22334491000,s,124
22335162000,s,124
22335447000,s,124
22335459000,r,1340
22335459000,r,1340
22335460000,r,1340
22335460000,r,1340
22336317000,s,124
22338236000,s,124
22338465000,s,124
22345573000,r,1340
22345573000,r,1340
22345574000,r,1340
22345574000,r,1340
22347797000,r,1340
22347797000,r,1340
22347798000,r,1340
22347798000,r,1340
22347799000,r,1340
22347799000,r,1340
22347800000,r,1340
22347800000,r,1340
22347961000,r,1340
22347962000,r,1340
22347962000,r,1340
22347963000,r,1340
22347963000,r,1340
22347964000,r,1340
22347964000,r,1340
22347965000,r,1340
22348092000,r,1340
22348353000,s,124
22352757000,s,124
22354873000,s,124
22355876000,s,124
22356311000,s,124
22356539000,s,124
22356712000,s,124
22357100000,s,124
22357522000,r,1340
22357522000,r,1340
22357523000,r,1340
22357523000,r,1340
22357524000,r,1340
22357524000,r,1340
22357525000,r,1340
22357525000,r,1340
22357787000,r,1340
22357787000,r,1340
22357788000,r,1340
22357788000,r,1340
22357789000,r,956
22359416000,s,124
22359706000,s,124
22359937000,s,124
22360166000,s,124
22360429000,s,124