0,r,1440
565562000,s,1340
584091000,r,1440
586977000,s,1340
598133000,r,1440
598133000,r,1440
600178000,s,1340
611100000,r,1440
611101000,r,1440
613428000,s,1340
615940000,r,1440
625688000,r,1440
625688000,r,1440
626452000,r,1440
627476000,s,1340
628015000,s,1340
637930000,r,1440
637930000,r,1440
638808000,r,1440
639411000,s,1340
650071000,r,1440
650071000,r,1440
651622000,r,1440
652076000,s,1340
652450000,s,1340
663443000,r,1440
663443000,r,1440
663444000,r,1440
664980000,s,1340
675657000,r,1440
675657000,r,1440
675658000,r,1440
677141000,s,1340
677439000,s,1340
687474000,r,1440
687475000,r,1440
688843000,r,1440
689655000,r,1440
691204000,s,1340
702225000,r,1440
702225000,r,1440
703793000,s,1340
715632000,r,1440
715633000,r,1440
715993000,r,1440
717322000,s,1340
727644000,r,1440
728917000,s,1340
731907000,r,1440
733367000,s,1340
739388000,r,1440
739388000,r,1440
739389000,r,1440
739389000,r,1440
740504000,r,1440
741083000,s,1340
741611000,s,1340
742620000,r,1440
742950000,r,1440
744303000,s,1340
747649000,r,1440
751298000,r,1440
751299000,r,1440
752801000,s,1340
753183000,s,1340
754377000,r,1440
754378000,r,1440
759558000,r,1440
760801000,s,1340
762593000,r,1440
762594000,r,1440
763364000,r,1440
764091000,s,1340
764383000,s,1340
765204000,r,1440
765872000,r,1440
767340000,r,1440
768715000,s,1340
769271000,r,1440
769271000,r,1440
770274000,r,1440
770988000,s,1340
771324000,s,1340
773131000,r,1440
773132000,r,1440
774280000,r,1440
775250000,s,1340
777101000,r,1440
777101000,r,1440
777741000,r,1440
778303000,s,1340
778786000,s,1340
782515000,r,1440
782515000,r,1440
783263000,r,1440
784338000,s,1340
786565000,r,1440
786566000,r,1440
787758000,s,1340
789158000,r,1440
789158000,r,1440
790378000,s,1340
794493000,r,1440
794494000,r,1440
797926000,r,1440
797927000,r,1440
798871000,r,1440
799207000,s,1340
799676000,s,1340
803581000,r,1440
809927000,r,1440
809927000,r,1440
811050000,r,1440
812438000,s,1340
812855000,s,1340
815515000,r,1440
822882000,r,1440
822882000,r,1440
824695000,s,1340
827530000,r,1440
835654000,r,1440
835977000,r,1440
836999000,s,1340
837197000,r,1440
837334000,s,1340
847638000,r,1440
847922000,r,1440
847923000,r,1440
848968000,s,1340
859639000,r,1440
860893000,s,1340
871706000,r,1440
871706000,r,1440
873401000,s,1340
875650000,r,1440
896091000,r,1440
896092000,r,1440
896092000,r,1440
898063000,s,1340
898411000,s,1340
911965000,r,1440
911965000,r,1440
2762547000,s,1340
2803198000,s,1340
2803728000,s,1340
2825470000,r,1440
2825470000,r,1440
2825471000,r,1440
2827710000,s,1340
2828634000,s,1340
2839559000,r,1440
2839560000,r,1440
2839560000,r,1440
2841392000,s,1340
2851640000,r,1440
2851640000,r,1440
2853427000,s,1340
2855705000,r,1440
2857170000,s,1340
2867151000,r,1440
2867152000,r,1440
2867152000,r,1440
2867153000,r,1440
2869079000,r,1440
2869459000,s,1340
2869947000,s,1340
2879631000,r,1440
2884010000,r,1440
2885219000,s,1340
2900035000,r,1440
2900035000,r,1440
2901167000,s,1340
2911685000,r,1440
2911686000,r,1440
2913540000,s,1340
2915625000,r,1440
2925788000,r,1440
2925788000,r,1440
2925789000,r,1440
2928018000,s,1340
2928319000,s,1340
2938965000,r,1440
2938966000,r,1440
2943905000,r,1440
2945424000,s,1340
2957017000,r,1440
2957017000,r,1440
2957018000,r,1440
2958631000,s,1340
2958931000,s,1340
2969732000,r,1440
2969733000,r,1440
2970718000,r,1440
2971976000,s,1340
2983642000,r,1440
2983643000,r,1440
2984004000,r,1440
2985182000,s,1340
2985506000,s,1340
2997565000,r,1440
2997565000,r,1440
2997566000,r,1440
3000049000,s,1340
3010377000,r,1440
3010378000,r,1440
3011601000,r,1440
3012264000,s,1340
3012612000,s,1340
3023642000,r,1440
3023642000,r,1440
3023942000,r,1440
3025392000,s,1340
3035637000,r,1440
3035638000,r,1440
3037708000,s,1340
3039619000,r,1440
3040696000,s,1340
3047640000,r,1440
3050197000,r,1440
3050198000,r,1440
3050198000,r,1440
3050199000,r,1440
3051919000,s,1340
3052256000,s,1340
3053255000,r,1440
3053256000,r,1440
3053256000,r,1440
3053908000,r,1440
3055009000,s,1340
3056649000,r,1440
3056650000,r,1440
3057999000,s,1340
3058208000,r,1440
3059561000,s,1340
3062575000,r,1440
3062575000,r,1440
3063478000,r,1440
3064457000,r,1440
3064670000,s,1340
3065710000,s,1340
3066508000,r,1440
3067449000,r,1440
3068499000,s,1340
3075039000,r,1440
3075039000,r,1440
3078341000,r,1440
3078341000,r,1440
3078342000,r,1440
3079692000,s,1340
3080053000,s,1340
3090594000,r,1440
3090594000,r,1440
3090595000,r,1440
3092213000,s,1340
3102609000,r,1440
3102610000,r,1440
3104308000,s,1340
3107572000,r,1440
3109107000,s,1340
3114844000,r,1440
3114844000,r,1440
3114845000,r,1440
3116546000,s,1340
3121763000,r,1440
3121763000,r,1440
3121764000,r,1440
3123559000,s,1340
3123886000,s,1340
3127589000,r,1440
3127589000,r,1440
3127878000,r,1440
3127879000,r,1440
3129525000,s,1340
3134349000,r,1440
3134350000,r,1440
3135441000,r,1440
3135441000,r,1440
3135782000,s,1340
3136303000,s,1340
3138512000,r,1440
3138960000,r,1440
3143607000,r,1440
3145317000,s,1340
3145633000,s,1340
3145773000,r,1440
3145773000,r,1440
3145774000,r,1440
3146679000,r,1440
3147286000,s,1340
3154519000,r,1440
3154520000,r,1440
3155694000,r,1440
3156118000,s,1340
3156477000,s,1340
3156651000,r,1440
3166617000,r,1440
3166618000,r,1440
3167470000,r,1440
3168424000,s,1340
3169623000,s,1340
3179652000,r,1440
3179652000,r,1440
3181046000,s,1340
3184014000,r,1440
3192765000,r,1440
3192766000,r,1440
3194529000,s,1340
3194846000,s,1340
3205462000,r,1440
3205463000,r,1440
3206126000,r,1440
3207135000,s,1340
3216678000,r,1440
3218314000,r,1440
3218315000,r,1440
3220034000,s,1340
3220357000,s,1340
3230469000,r,1440
3230469000,r,1440
4103990000,s,1340
4138860000,s,1340
4139704000,s,1340
4139824000,s,1340
4139846000,s,1340
4139858000,s,1340
4139868000,s,1340
4139878000,s,1340
4156344000,r,1440
4156344000,r,1440
4156345000,r,1440
4157756000,s,1340
4159208000,s,1340
4160260000,s,1340
4166334000,s,1340
4166489000,s,1340
4166892000,s,1340
4167651000,r,1440
4168337000,r,1440
4169758000,r,1440
4170441000,s,1340
4175544000,r,1440
4175544000,r,1440
4176477000,s,1340
4176634000,s,1340
4179520000,r,1440
4179520000,r,1440
4179615000,r,1440
4180364000,s,1340
4181277000,r,1440
4181277000,r,1440
4182054000,s,1340
4182133000,s,1340
4182398000,s,1340
4182534000,s,1340
4182780000,s,1340
4182945000,s,1340
4183181000,s,1340
4183594000,s,1340
4183730000,s,1340
4183837000,s,1340
4183968000,s,1340
4184086000,s,1340
4184224000,s,1340
4184572000,s,1340
4184685000,s,1340
4184903000,s,1340
4185465000,s,1340
4185616000,s,1340
4185743000,s,1340
4185872000,s,1340
4186116000,s,1340
4186300000,s,1340
4186408000,s,1340
4186515000,s,1340
4186690000,r,1440
4186702000,s,1340
4186690000,r,1440
4186996000,s,1340
4187128000,s,1340
4187348000,r,1440
4187349000,s,1340
4187782000,s,1340
4187984000,s,1340
4188147000,s,1340
4188277000,s,1340
4188413000,s,1340
4188535000,s,1340
4188677000,s,1340
4188782000,s,1340
4188995000,s,1340
4189134000,s,1340
4189533000,s,1340
4189719000,s,1340
4190059000,s,1340
4190135000,s,1340
4190177000,s,1340
4190365000,s,1340
4190465000,s,1340
4190598000,s,1340
4190699000,s,1340
4190910000,s,1340
4191090000,s,1340
4191249000,s,1340
4191388000,s,1340
4191606000,s,1340
4191760000,s,1340
4191914000,s,1340
4192068000,s,1340
4192215000,s,1340
4192880000,s,1340
4193120000,s,1340
4193229000,s,1340
4193314000,s,1340
4195591000,s,1340
4195677000,s,1340
4195711000,s,1340
4195730000,s,1340
4195746000,s,1340
4195760000,s,1340
4195774000,s,1340
4195789000,s,1340
4195803000,s,1340
4195816000,s,1340
4195833000,s,1340
4195846000,s,1340
4195868000,s,1340
4196026000,s,1340
4196123000,s,1340
4196379000,r,1440
4196379000,r,1440
4196379000,r,1440
4196379000,r,1440
4196380000,r,1440
4196380000,r,1440
4196380000,r,1440
4197020000,s,1340
4197167000,r,1440
4197300000,s,1340
4197356000,s,1340
4197384000,s,1340
4197610000,s,1340
4197759000,s,1340
4198224000,s,1340
4198370000,s,1340
4199131000,r,1440
4199131000,r,1440
4199260000,s,1340
4200756000,s,1340
4202049000,r,1440
4202049000,r,1440
4202394000,s,1340
4202491000,s,1340
4203539000,r,1440
4203539000,r,1440
4203760000,r,1440
4204271000,s,1340
4204387000,s,1340
4204614000,s,1340
4204722000,s,1340
4204872000,s,1340
4205018000,s,1340
4205130000,s,1340
4205518000,r,1440
4205518000,r,1440
4205518000,r,1440
4205766000,s,1340
4205980000,s,1340
4206103000,s,1340
4210495000,r,1440
4212242000,r,1440
4212242000,r,1440
4212787000,s,1340
4213312000,s,1340
4213497000,s,1340
4213824000,s,1340
4213923000,r,1440
4215542000,r,1440
4215912000,s,1340
4218916000,r,1440
4218916000,r,1440
4219520000,r,1440
4219742000,s,1340
4219899000,s,1340
4220695000,r,1440
4220695000,r,1440
4220696000,r,1440
4220696000,r,1440
4221518000,s,1340
4222063000,s,1340
4222212000,s,1340
4222321000,s,1340
4222446000,s,1340
4222573000,s,1340
4222692000,s,1340
4222806000,s,1340
4222901000,r,1440
4222927000,s,1340
4223053000,s,1340
4223189000,s,1340
4223308000,s,1340
4226217000,r,1440
4226217000,r,1440
4226217000,r,1440
4227441000,s,1340
4228183000,r,1440
4228960000,r,1440
4229246000,s,1340
4230337000,r,1440
4230337000,r,1440
4231034000,s,1340
4232242000,r,1440
4232242000,r,1440
4233586000,s,1340
4233701000,r,1440
4234114000,s,1340
4234380000,r,1440
4235336000,s,1340
4235525000,r,1440
4235714000,s,1340
4235959000,s,1340
4236205000,s,1340
4236443000,s,1340
4236633000,s,1340
4236836000,s,1340
4237060000,s,1340
4237285000,s,1340
4237530000,s,1340
4237777000,s,1340
4237995000,s,1340
4238233000,s,1340
4238467000,s,1340
4238710000,s,1340
4238914000,s,1340
4239144000,r,1440
4239143000,s,1340
4239352000,s,1340
4239690000,s,1340
4239908000,s,1340
4240108000,s,1340
4240311000,s,1340
4240522000,s,1340
4240673000,s,1340
4240824000,s,1340
4240855000,r,1440
4240855000,r,1440
4240855000,r,1440
4241053000,s,1340
4241278000,s,1340
4241492000,s,1340
4241710000,s,1340
4245009000,r,1440
4245009000,r,1440
4245171000,r,1440
4246232000,s,1340
4246375000,s,1340
4246760000,r,1440
4247165000,r,1440
4248395000,r,1440
4248880000,s,1340
4249429000,s,1340
4251518000,r,1440
4254826000,r,1440
4254826000,r,1440
4255244000,s,1340
4255318000,s,1340
4257122000,r,1440
4257413000,r,1440
4259514000,r,1440
4260079000,s,1340
4263443000,r,1440
4264267000,r,1440
4264632000,s,1340
4267205000,r,1440
4267736000,s,1340
4271534000,r,1440
4272732000,r,1440
4272733000,r,1440
4273049000,s,1340
4275513000,r,1440
4275995000,s,1340
4276440000,r,1440
4279035000,r,1440
4279035000,r,1440
4279698000,s,1340
4281279000,r,1440
4281279000,r,1440
4281280000,r,1440
4281280000,r,1440
4282441000,s,1340
4282569000,s,1340
4282713000,r,1440
4284714000,r,1440
4289292000,r,1440
4289293000,r,1440
4289293000,r,1440
4289990000,r,1440
4290032000,s,1340
4290116000,s,1340
4290324000,s,1340
4295526000,r,1440
4295527000,r,1440
4295527000,r,1440
4296563000,s,1340
4301376000,r,1440
4301377000,r,1440
4301977000,s,1340
4303565000,r,1440
4304087000,s,1340
4306336000,r,1440
4306337000,r,1440
4311067000,r,1440
4311067000,r,1440
4312642000,r,1440
4313181000,s,1340
4313286000,s,1340
4314238000,r,1440
4323322000,r,1440
4323323000,r,1440
4324064000,s,1340
4333781000,r,1440
4333781000,r,1440
4333782000,r,1440
4333782000,r,1440
4334639000,s,1340
4334806000,s,1340
4335599000,r,1440
4343235000,r,1440
4344955000,r,1440
4344955000,r,1440
4345994000,s,1340
4355604000,r,1440
4356523000,s,1340
4357334000,r,1440
4357335000,r,1440
4358439000,s,1340
4366126000,r,1440
4366126000,r,1440
4367399000,r,1440
4368419000,s,1340
4368726000,s,1340
4378755000,r,1440
4378756000,r,1440
4379978000,r,1440
4380802000,s,1340
4390274000,r,1440
4390275000,r,1440
4391580000,s,1340
4395583000,r,1440
4396707000,s,1340
4402026000,r,1440
4402026000,r,1440
4406745000,r,1440
4406745000,r,1440
4408510000,s,1340
4408812000,s,1340
4419559000,r,1440
4419560000,r,1440
4420976000,r,1440
4422356000,s,1340
4433300000,r,1440
4433300000,r,1440
4433301000,r,1440
4434959000,s,1340
4435309000,s,1340
4447418000,r,1440
4447419000,r,1440
4447419000,r,1440
4449613000,s,1340
4459453000,r,1440
4461520000,r,1440
4461520000,r,1440
4462273000,r,1440
4462934000,s,1340
4463384000,s,1340
4474963000,r,1440
4474964000,r,1440
4474964000,r,1440
4476370000,s,1340
4486732000,r,1440
4486733000,r,1440
4488365000,s,1340
4491931000,r,1440
4493264000,s,1340
4498850000,r,1440
4498851000,r,1440
4504739000,r,1440
4504740000,r,1440
4505508000,r,1440
4506234000,s,1340
4506568000,s,1340
4517151000,r,1440
4517152000,r,1440
4517152000,r,1440
4519116000,s,1340
4530035000,r,1440
4530035000,r,1440
4531103000,r,1440
4531992000,s,1340
4533403000,s,1340
4541624000,r,1440
4541624000,r,1440
4542748000,r,1440
4545150000,s,1340
4555168000,r,1440
4555169000,r,1440
4556448000,r,1440
4557662000,s,1340
4560634000,s,1340
4567214000,r,1440
4567215000,r,1440
4568423000,r,1440
4569834000,r,1440
4570099000,s,1340
4570432000,s,1340
4570614000,r,1440
4580991000,r,1440
4580991000,r,1440
4584640000,s,1340
4595428000,r,1440
4595429000,r,1440
4596887000,r,1440
4597045000,s,1340
4598252000,s,1340
4607399000,r,1440
4607400000,r,1440
4608849000,r,1440
4610441000,s,1340
4621471000,r,1440
4621471000,r,1440
4621472000,r,1440
4621472000,r,1440
4623294000,s,1340
4623757000,s,1340
4633901000,r,1440
4633902000,r,1440
4634970000,r,1440
4636033000,s,1340
4647415000,r,1440
4647416000,r,1440
4647416000,r,1440
4647894000,r,1440
4648984000,s,1340
4649322000,s,1340
4663964000,r,1440
4663965000,r,1440
7475939000,r,1440
7475940000,r,1440
7475940000,r,1440
7475941000,r,1440
7475941000,r,1440
7475942000,r,1440
7475942000,r,1440
7475943000,r,1440
7476653000,r,1440
7476654000,r,1440
7476654000,r,1440
7476655000,r,1440
7476655000,r,1440
7476656000,r,1440
7479693000,s,1340
7480341000,s,1340
7480626000,s,1340
7480861000,s,1340
7481165000,s,1340
7481381000,s,1340
7481693000,s,1340
7482209000,s,1340
7482445000,s,1340
7482717000,s,1340
7491639000,r,1440
7491639000,r,1440
7493099000,s,1340
7494122000,r,1440
7494122000,r,1440
7494685000,r,1440
7495919000,s,1340
7496281000,s,1340
7503319000,r,1440
7503320000,r,1440
7504622000,r,1440
7505329000,s,1340
7506978000,r,1440
7516621000,r,1440
7516622000,r,1440
7516622000,r,1440
7518363000,s,1340
7518607000,s,1340
7527056000,r,1440
7527365000,r,1440
7528969000,r,1440
7531966000,s,1340
7542276000,r,1440
7542276000,r,1440
7543249000,s,1340
7543593000,r,1440
7544458000,s,1340
7550487000,s,1340
7551986000,s,1340
7553590000,r,1440
7553591000,r,1440
7553591000,r,1440
7554741000,s,1340
7564952000,r,1440
7564953000,r,1440
7565902000,s,1340
7566294000,r,1440
7567062000,r,1440
7567141000,s,1340
7575341000,r,1440
7575341000,r,1440
7575760000,r,1440
7575760000,r,1440
7576669000,r,1440
7576670000,r,1440
7577524000,s,1340
7577674000,s,1340
7587169000,r,1440
7587170000,r,1440
7587170000,r,1440
7587170000,r,1440
7588481000,s,1340
7588720000,s,1340
7588839000,s,1340
7588898000,r,1440
7589585000,s,1340
7598601000,r,1440
7599988000,r,1440
7601020000,r,1440
7601106000,s,1340
7603217000,r,1440
7604372000,s,1340
7604504000,s,1340
7606225000,r,1440
7606225000,r,1440
7606225000,r,1440
7606225000,r,1440
7606226000,r,1440
7606226000,r,1440
7606226000,r,1440
7606226000,r,1440
7606316000,r,1440
7606316000,r,1440
7606316000,r,1440
7606316000,r,1440
7606316000,r,1440
7606316000,r,1440
7606316000,r,1440
7606317000,r,1440
7606357000,r,1440
7607530000,s,1340
7607770000,s,1340
7607813000,s,1340
7607829000,s,1340
7608326000,s,1340
7608414000,s,1340
7608497000,s,1340
7608578000,s,1340
7608657000,s,1340
7608733000,s,1340
7608818000,s,1340
7609047000,s,1340
7609164000,s,1340
7609251000,s,1340
7609480000,s,1340
7609600000,s,1340
7609716000,s,1340
7609793000,s,1340
7609894000,s,1340
7609981000,s,1340
7610063000,s,1340
7610143000,s,1340
7610338000,s,1340
7610508000,s,1340
7610658000,s,1340
7610749000,s,1340
7610832000,s,1340
7612229000,s,1340
7612420000,s,1340
7612698000,s,1340
7612827000,s,1340
7613214000,s,1340
7613328000,s,1340
7613412000,s,1340
7613751000,s,1340
7613922000,s,1340
7614096000,s,1340
7614261000,s,1340
7614431000,s,1340
7614510000,s,1340
7614586000,s,1340
7614888000,s,1340
7615101000,s,1340
7615275000,s,1340
7615436000,s,1340
7616379000,s,1340
7616503000,s,1340
7616602000,s,1340
7616689000,s,1340
7616776000,s,1340
7616887000,s,1340
7617036000,s,1340
7617406000,s,1340
7618198000,s,1340
7618281000,s,1340
7618790000,s,1340
7619625000,s,1340
7619774000,s,1340
7619862000,s,1340
7619926000,s,1340
7620163000,s,1340
7620163000,r,1440
7620393000,s,1340
7620461000,s,1340
7620865000,s,1340
7620971000,s,1340
7621540000,s,1340
7621707000,s,1340
7622006000,r,1440
7622006000,r,1440
7622178000,s,1340
7622469000,s,1340
7622631000,s,1340
7622701000,s,1340
7622767000,s,1340
7622905000,s,1340
7623057000,s,1340
7623201000,s,1340
7623351000,s,1340
7623608000,s,1340
7623866000,s,1340
7624079000,s,1340
7624277000,s,1340
7624612000,s,1340
7624808000,s,1340
7624994000,s,1340
7625186000,s,1340
7625367000,s,1340
7625554000,s,1340
7625742000,s,1340
7625929000,s,1340
7626111000,s,1340
7626296000,s,1340
7626459000,s,1340
7626642000,s,1340
7626815000,s,1340
7627001000,s,1340
7627188000,s,1340
7627375000,s,1340
7627392000,r,1440
7627392000,r,1440
7627392000,r,1440
7627392000,r,1440
7627392000,r,1440
7627392000,r,1440
7627745000,s,1340
7627862000,s,1340
7627963000,s,1340
7628136000,s,1340
7628335000,s,1340
7628538000,s,1340
7628728000,s,1340
7628923000,s,1340
7629125000,s,1340
7629313000,s,1340
7629743000,s,1340
7629942000,s,1340
7629946000,r,1440
7629946000,r,1440
7629946000,r,1440
7629947000,r,1440
7630200000,s,1340
7630587000,s,1340
7631033000,s,1340
7631148000,s,1340
7631242000,s,1340
7631432000,s,1340
7631497000,r,1440
7631497000,r,1440
7631671000,s,1340
7631883000,s,1340
7632182000,s,1340
7632437000,r,1440
7632438000,r,1440
7632506000,s,1340
7632707000,s,1340
7632900000,s,1340
7633096000,s,1340
7633287000,s,1340
7633489000,s,1340
7633531000,r,1440
7633698000,s,1340
7633896000,s,1340
7634106000,s,1340
7634312000,s,1340
7634509000,s,1340
7634704000,s,1340
7634901000,s,1340
7634965000,r,1440
7635097000,s,1340
7635287000,s,1340
7635535000,s,1340
7636550000,s,1340
7636684000,s,1340
7636805000,s,1340
7636913000,s,1340
7636996000,s,1340
7637104000,s,1340
7637220000,s,1340
7637665000,r,1440
7637665000,r,1440
7637666000,r,1440
7637666000,r,1440
7637772000,s,1340
7637916000,s,1340
7638043000,s,1340
7638178000,s,1340
7638307000,s,1340
7638442000,s,1340
7638566000,s,1340
7638678000,s,1340
7638802000,s,1340
7638936000,s,1340
7639045000,s,1340
7639156000,s,1340
7639271000,s,1340
7639373000,s,1340
7641594000,r,1440
7641594000,r,1440
7641594000,r,1440
7641594000,r,1440
7642803000,r,1440
7643106000,s,1340
7643168000,s,1340
7644808000,s,1340
7644861000,s,1340
7648464000,s,1340
7654545000,r,1440
7654545000,r,1440
7654545000,r,1440
7654545000,r,1440
7654546000,r,1440
7654546000,r,1440
7654546000,r,1440
7654546000,r,1440
7654771000,r,1440
7654771000,r,1440
7655796000,s,1340
7655901000,r,1440
7655931000,s,1340
7657040000,s,1340
7657916000,r,1440
7659176000,s,1340
7659852000,s,1340
7662579000,r,1440
7662579000,r,1440
7663522000,r,1440
7664030000,s,1340
7665295000,r,1440
7665295000,r,1440
7665672000,s,1340
7669447000,r,1440
7669447000,r,1440
7669447000,r,1440
7670348000,s,1340
7671529000,r,1440
7672481000,s,1340
7673124000,r,1440
7673125000,r,1440
7674114000,s,1340
7674434000,r,1440
7674856000,s,1340
7680491000,r,1440
7680491000,r,1440
7680492000,r,1440
7680492000,r,1440
7680492000,r,1440
7680492000,r,1440
7680492000,r,1440
7680492000,r,1440
7680688000,r,1440
7680688000,r,1440
7681236000,r,1440
7681395000,s,1340
7681467000,s,1340
7681488000,s,1340
7681502000,s,1340
7681516000,s,1340
7681538000,s,1340
7681553000,s,1340
7682691000,r,1440
7682692000,r,1440
7682692000,r,1440
7682797000,s,1340
7682878000,s,1340
7683013000,s,1340
7683077000,s,1340
7683107000,s,1340
7683997000,s,1340
7684146000,s,1340
7684253000,s,1340
7684350000,s,1340
7684593000,s,1340
7684699000,s,1340
7684750000,s,1340
7684898000,s,1340
7684946000,r,1440
7684962000,s,1340
7685004000,s,1340
7685095000,s,1340
7691525000,r,1440
7691525000,r,1440
7692264000,r,1440
7692264000,r,1440
7692264000,r,1440
7692463000,s,1340
7692627000,s,1340
7692719000,s,1340
7692803000,s,1340
7693215000,s,1340
7693404000,s,1340
7693771000,s,1340
7693863000,s,1340
7693942000,s,1340
7694211000,r,1440
7694211000,r,1440
7694211000,r,1440
7694211000,r,1440
7694211000,r,1440
7694211000,r,1440
7694211000,r,1440
7694212000,r,1440
7694289000,r,1440
7694294000,s,1340
7694365000,s,1340
7694616000,s,1340
7694723000,s,1340
7694825000,s,1340
7694912000,s,1340
7694998000,s,1340
7695086000,s,1340
7695170000,s,1340
7705036000,r,1440
7705036000,r,1440
7705193000,s,1340
7705833000,s,1340
7710957000,s,1340
7714427000,r,1440
7715498000,r,1440
7716587000,r,1440
7717088000,s,1340
7731506000,r,1440
7731506000,r,1440
7732466000,s,1340
7733465000,s,1340
7733699000,r,1440
7733699000,r,1440
7733699000,r,1440
7733699000,r,1440
7733699000,r,1440
7733699000,r,1440
7733699000,r,1440
7733699000,r,1440
7733789000,r,1440
7733789000,r,1440
7733790000,r,1440
7733790000,r,1440
7734436000,s,1340
7734509000,s,1340
7737034000,r,1440
7737034000,r,1440
7737034000,r,1440
7737034000,r,1440
7737034000,r,1440
7737329000,s,1340
7737366000,s,1340
7737636000,s,1340
7737781000,s,1340
7738029000,s,1340
7738277000,s,1340
7738656000,s,1340
7738852000,s,1340
7739137000,s,1340
7739389000,s,1340
7740331000,r,1440
7740331000,r,1440
7740332000,r,1440
7740332000,r,1440
7740332000,r,1440
7740993000,s,1340
7741182000,s,1340
7741240000,r,1440
7741240000,r,1440
7742146000,r,1440
7742146000,r,1440
7742146000,r,1440
7742539000,s,1340
7742663000,s,1340
7742746000,s,1340
7743301000,s,1340
7743637000,r,1440
7743637000,r,1440
7743638000,r,1440
7743684000,s,1340
7743933000,s,1340
7744741000,s,1340
7745784000,r,1440
7745784000,r,1440
7745785000,r,1440
7745785000,r,1440
7746314000,s,1340
7746407000,s,1340
7746544000,s,1340
7746695000,s,1340
7746809000,s,1340
7746902000,s,1340
7747070000,s,1340
7747144000,s,1340
7748009000,r,1440
7748009000,r,1440
7748009000,r,1440
7748133000,s,1340
7748181000,s,1340
7748300000,s,1340
7748329000,s,1340
7748351000,s,1340
7748680000,s,1340
7748802000,s,1340
7748937000,s,1340
7748969000,s,1340
7749024000,s,1340
7749056000,s,1340
7749254000,s,1340
7749285000,s,1340
7749607000,s,1340
7749686000,s,1340
7749827000,s,1340
7749908000,r,1440
7749977000,s,1340
7750073000,s,1340
7750203000,s,1340
7750287000,s,1340
7750393000,s,1340
7750526000,s,1340
7750572000,s,1340
7750648000,s,1340
7751179000,s,1340
7751219000,s,1340
7751238000,s,1340
7751323000,s,1340
7751411000,s,1340
7751454000,s,1340
7751506000,r,1440
7751506000,r,1440
7751506000,r,1440
7751506000,r,1440
7751506000,r,1440
7751843000,s,1340
7751942000,s,1340
7752309000,s,1340
7752418000,s,1340
7752581000,s,1340
7752803000,s,1340
7752888000,s,1340
7752959000,s,1340
7760088000,r,1440
7760088000,r,1440
7760088000,r,1440
7760088000,r,1440
7760088000,r,1440
7760088000,r,1440
7760089000,r,1440
7760755000,s,1340
7760838000,s,1340
7761220000,s,1340
7762272000,r,1440
7762272000,r,1440
7762272000,r,1440
7762503000,s,1340
7762648000,s,1340
7768627000,r,1440
7769552000,s,1340
7769685000,s,1340
7769780000,s,1340
7769814000,r,1440
7770774000,r,1440
7772094000,r,1440
7772240000,s,1340
7772747000,s,1340
7774744000,s,1340
7775379000,s,1340
7784057000,r,1440
7787509000,r,1440
7794766000,r,1440
7794766000,r,1440
7794767000,r,1440
7795057000,r,1440
7795559000,s,1340
7795830000,s,1340
7795918000,s,1340
7798246000,s,1340
7798300000,r,1440
7798313000,s,1340
7798300000,r,1440
7798300000,r,1440
7798301000,r,1440
7798301000,r,1440
7798301000,r,1440
7798301000,r,1440
7798301000,r,1440
7798408000,r,1440
7798408000,r,1440
7798408000,r,1440
7798409000,r,1440
7798762000,s,1340
7798900000,s,1340
7799052000,s,1340
7799403000,s,1340
7799455000,s,1340
7801043000,r,1440
7801043000,r,1440
7801043000,r,1440
7801043000,r,1440
7801131000,r,1440
7801420000,r,1440
7801420000,r,1440
7801420000,r,1440
7801593000,s,1340
7801755000,s,1340
7801886000,s,1340
7802035000,s,1340
7802164000,s,1340
7802465000,s,1340
7803014000,s,1340
7803059000,s,1340
7803187000,r,1440
7803249000,s,1340
7803405000,r,1440
7803405000,r,1440
7803768000,s,1340
7807694000,s,1340
7808580000,s,1340
7808858000,r,1440
7808947000,s,1340
7808858000,r,1440
7808859000,r,1440
7808859000,r,1440
7808859000,r,1440
7808859000,r,1440
7808860000,r,1440
7808860000,r,1440
7809014000,r,1440
7809014000,r,1440
7809015000,r,1440
7809015000,r,1440
7809015000,r,1440
7809690000,r,1440
7810368000,s,1340
7810558000,s,1340
7810712000,s,1340
7810762000,s,1340
7810785000,s,1340
7810800000,s,1340
7811418000,r,1440
7811418000,r,1440
7811418000,r,1440
7811418000,r,1440
7811475000,s,1340
7811418000,r,1440
7811418000,r,1440
7811418000,r,1440
7811548000,s,1340
7811570000,s,1340
7811583000,s,1340
7811595000,s,1340
7811606000,s,1340
7811652000,s,1340
7811671000,s,1340
7811679000,s,1340
7811856000,s,1340
7811897000,s,1340
7811928000,s,1340
7811973000,s,1340
7812018000,s,1340
7812048000,s,1340
7812066000,s,1340
7812140000,s,1340
7812203000,s,1340
7812376000,s,1340
7812459000,s,1340
7812513000,s,1340
7812526000,s,1340
7812628000,s,1340
7812645000,s,1340
7812850000,s,1340
7813080000,s,1340
7813112000,s,1340
7813124000,s,1340
7813163000,s,1340
7813260000,s,1340
7813508000,s,1340
7813607000,s,1340
7813898000,s,1340
7814061000,s,1340
7814772000,s,1340
7814864000,s,1340
7814951000,s,1340
7815098000,r,1440
7815098000,r,1440
7815312000,s,1340
7815611000,s,1340
7815649000,s,1340
7815666000,s,1340
7815679000,s,1340
7815687000,s,1340
7815697000,s,1340
7815705000,s,1340
7815714000,s,1340
7815723000,s,1340
7815735000,s,1340
7817076000,r,1440
7817076000,r,1440
7817076000,r,1440
7817076000,r,1440
7817076000,r,1440
7817204000,s,1340
7817314000,s,1340
7817396000,s,1340
7817563000,s,1340
7817661000,s,1340
7817756000,s,1340
7817845000,s,1340
7817936000,s,1340
7818023000,s,1340
7818167000,s,1340
7818338000,s,1340
7818482000,s,1340
7818629000,s,1340
7818632000,r,1440
7818901000,s,1340
7819044000,s,1340
7819283000,s,1340
7819320000,s,1340
7819384000,s,1340
7819481000,s,1340
7819622000,s,1340
7819695000,s,1340
7819883000,s,1340
7820084000,s,1340
7820486000,s,1340
7820699000,s,1340
7822276000,r,1440
7822277000,r,1440
7822277000,r,1440
7822277000,r,1440
7822776000,s,1340
7822815000,s,1340
7822900000,r,1440
7822900000,r,1440
7822900000,r,1440
7823262000,s,1340
7823463000,s,1340
7823677000,s,1340
7823861000,s,1340
7823999000,s,1340
7824671000,r,1440
7824671000,r,1440
7824672000,r,1440
7824672000,r,1440
7824672000,r,1440
7824672000,r,1440
7824672000,r,1440
7824672000,r,1440
7824781000,r,1440
7824782000,r,1440
7824782000,r,1440
7825421000,s,1340
7825644000,s,1340
7825675000,s,1340
7826072000,r,1440
7828096000,r,1440
7828096000,r,1440
7829024000,s,1340
7829502000,s,1340
7829622000,r,1440
7829622000,r,1440
7831393000,r,1440
7831393000,r,1440
7831393000,r,1440
7831720000,s,1340
7832116000,s,1340
7834548000,r,1440
7834549000,r,1440
7834833000,s,1340
7836065000,s,1340
7837876000,r,1440
7837876000,r,1440
7838337000,s,1340
7845348000,r,1440
7846049000,s,1340
7856634000,s,1340
7856732000,s,1340
7856998000,s,1340
7857066000,s,1340
7857664000,s,1340
7858318000,s,1340
7858351000,s,1340
7858704000,s,1340
7858803000,s,1340
7859127000,s,1340
7859511000,s,1340
7859673000,s,1340
7859870000,s,1340
7859950000,s,1340
7860021000,s,1340
7860200000,s,1340
7860262000,s,1340
7860977000,s,1340
7862251000,s,1340
7862350000,s,1340
7863470000,s,1340
7863575000,s,1340
7863674000,s,1340
7864778000,s,1340
7864835000,s,1340
7865956000,s,1340
7867268000,s,1340
7867298000,s,1340
7867353000,s,1340
7868456000,s,1340
7868676000,s,1340
7868758000,s,1340
7868838000,s,1340
7868910000,s,1340
7868962000,s,1340
7869686000,s,1340
7869892000,s,1340
7870017000,s,1340
7870074000,s,1340
7870886000,s,1340
7871029000,s,1340
7871113000,s,1340
7871644000,s,1340
7871721000,s,1340
7871854000,s,1340
7871941000,s,1340
7872016000,s,1340
7872057000,s,1340
7873734000,s,1340
7873830000,s,1340
7873891000,s,1340
7874081000,s,1340
7874303000,s,1340
7874389000,s,1340
7874903000,s,1340
7875041000,s,1340
7875166000,s,1340
7875293000,s,1340
7875428000,s,1340
7875612000,s,1340
7875746000,s,1340
7875867000,s,1340
7875910000,s,1340
7875992000,s,1340
7877012000,s,1340
7877118000,s,1340
7878485000,s,1340
7878577000,s,1340
7878826000,s,1340
7879160000,s,1340
7879237000,s,1340
7879542000,s,1340
7879593000,s,1340
7880999000,s,1340
7881203000,s,1340
7881350000,s,1340
7881409000,s,1340
7882122000,s,1340
7883596000,s,1340
7883674000,s,1340
7883741000,s,1340
7883804000,s,1340
7883977000,s,1340
7884059000,s,1340
7884243000,s,1340
7884393000,s,1340
7884475000,s,1340
7884602000,s,1340
7884898000,s,1340
7885109000,s,1340
7885290000,s,1340
7885422000,s,1340
7885498000,s,1340
7885668000,s,1340
7885745000,s,1340
7886321000,s,1340
7886439000,s,1340
7886618000,s,1340
7886685000,s,1340
7886833000,s,1340
7886944000,s,1340
7887725000,s,1340
7887900000,s,1340
7888051000,s,1340
7888217000,s,1340
7898764000,s,1340
7906736000,r,1440
7906736000,r,1440
7906736000,r,1440
7906736000,r,1440
7906736000,r,1440
7907701000,s,1340
7907743000,s,1340
7908343000,s,1340
7908767000,r,1440
7908767000,r,1440
7908767000,r,1440
7909306000,s,1340
7910416000,r,1440
7910417000,r,1440
7911685000,r,1440
7911782000,s,1340
7912180000,s,1340
7915534000,r,1440
7917431000,r,1440
7917432000,r,1440
7918043000,s,1340
7919518000,r,1440
7920114000,s,1340
7922054000,r,1440
7926745000,r,1440
7927331000,s,1340
7927514000,r,1440
7928170000,r,1440
7929369000,r,1440
7929369000,r,1440
7929975000,s,1340
7930095000,s,1340
7935520000,r,1440
7937401000,r,1440
7937401000,r,1440
7938085000,s,1340
7939232000,r,1440
7939232000,r,1440
7939531000,s,1340
7947026000,r,1440
7947026000,r,1440
7948195000,s,1340
7949252000,r,1440
7949253000,r,1440
7949253000,r,1440
7949964000,s,1340
7950133000,s,1340
7955994000,r,1440
7958229000,r,1440
7958229000,r,1440
7958824000,s,1340
7960240000,r,1440
7967518000,r,1440
7967954000,s,1340
7971525000,r,1440
7972109000,s,1340
7976241000,r,1440
7977694000,r,1440
7978810000,r,1440
7979572000,s,1340
7980628000,r,1440
7980629000,r,1440
7981079000,s,1340
7989233000,r,1440
7989233000,r,1440
7990217000,s,1340
7991204000,r,1440
7991205000,r,1440
7992211000,r,1440
7992777000,s,1340
7992925000,s,1340
7999532000,r,1440
8001385000,r,1440
8001509000,r,1440
8002336000,s,1340
8011345000,r,1440
8011345000,r,1440
8012177000,s,1340
8013120000,r,1440
8013689000,s,1340
8020538000,r,1440
8022404000,r,1440
8022405000,r,1440
8023144000,s,1340
8033439000,r,1440
8034184000,r,1440
8034332000,s,1340
8035519000,r,1440
8035851000,s,1340
8042317000,r,1440
8043542000,r,1440
8044371000,r,1440
8045400000,s,1340
8045549000,s,1340
8054952000,r,1440
8054952000,r,1440
8058934000,r,1440
8059853000,s,1340
8069880000,r,1440
8070903000,r,1440
8071931000,s,1340
8072078000,r,1440
8073122000,s,1340
8076883000,s,1340
8077281000,s,1340
8079052000,s,1340
8079397000,s,1340
8081470000,s,1340
8081502000,s,1340
8081682000,s,1340
8082200000,s,1340
8082481000,r,1440
8082481000,r,1440
8083802000,r,1440
8084078000,s,1340
8093149000,r,1440
8093904000,r,1440
8094167000,s,1340
8095532000,r,1440
8096202000,s,1340
8096266000,r,1440
8102580000,r,1440
8102580000,r,1440
8102580000,r,1440
8103166000,r,1440
8103166000,r,1440
8103410000,s,1340
8103644000,s,1340
8103778000,s,1340
8103886000,s,1340
8104158000,s,1340
8104516000,s,1340
8104891000,s,1340
8105199000,s,1340
8105294000,r,1440
8105294000,r,1440
8105294000,r,1440
8105295000,r,1440
8105295000,r,1440
8105295000,r,1440
8105402000,s,1340
8105296000,r,1440
8105620000,s,1340
8105960000,s,1340
8106381000,s,1340
8107035000,s,1340
8107422000,s,1340
8108006000,r,1440
8108007000,r,1440
8108007000,r,1440
8108007000,r,1440
8108007000,r,1440
8108007000,r,1440
8108008000,r,1440
8108008000,r,1440
8109003000,s,1340
8109061000,s,1340
8109083000,s,1340
8109087000,r,1440
8110732000,s,1340
8110934000,s,1340
8111009000,s,1340
8111366000,s,1340
8111519000,r,1440
8111522000,s,1340
8111519000,r,1440
8111581000,s,1340
8111767000,s,1340
8111870000,s,1340
8111987000,s,1340
8112085000,s,1340
8112188000,r,1440
8112188000,r,1440
8112304000,s,1340
8112337000,s,1340
8112349000,s,1340
8112576000,s,1340
8112684000,s,1340
8112750000,s,1340
8112865000,s,1340
8113011000,s,1340
8113229000,s,1340
8113370000,s,1340
8113493000,s,1340
8113600000,s,1340
8113811000,s,1340
8113968000,s,1340
8114088000,s,1340
8114186000,s,1340
8114449000,s,1340
8114570000,s,1340
8114694000,s,1340
8114740000,s,1340
8115099000,s,1340
8115168000,s,1340
8115428000,r,1440
8115428000,r,1440
8115573000,s,1340
8115668000,s,1340
8115847000,s,1340
8116157000,s,1340
8116270000,s,1340
8116538000,s,1340
8116650000,s,1340
8116798000,s,1340
8116900000,s,1340
8117021000,s,1340
8117219000,s,1340
8117374000,s,1340
8117403000,r,1440
8117490000,s,1340
8117701000,s,1340
8117821000,s,1340
8118565000,r,1440
8119904000,r,1440
8119904000,r,1440
8120327000,s,1340
8120407000,s,1340
8121200000,s,1340
8121385000,s,1340
8121423000,r,1440
8121740000,s,1340
8122332000,r,1440
8122441000,s,1340
8123030000,s,1340
8125583000,r,1440
8127059000,r,1440
8127539000,s,1340
8127942000,r,1440
8128461000,s,1340
8129831000,r,1440
8129832000,r,1440
8129832000,r,1440
8130565000,s,1340
8130679000,s,1340
8130769000,s,1340
8130828000,s,1340
8131032000,s,1340
8131270000,s,1340
8131363000,s,1340
8131601000,s,1340
8131705000,s,1340
8131849000,s,1340
8131947000,s,1340
8132249000,s,1340
8132490000,s,1340
8132710000,s,1340
8132957000,s,1340
8133116000,s,1340
8133255000,s,1340
8133613000,s,1340
8133670000,s,1340
8133703000,s,1340
8133728000,s,1340
8133750000,s,1340
8133953000,r,1440
8133972000,s,1340
8134081000,s,1340
8134207000,s,1340
8134439000,s,1340
8134573000,s,1340
8134682000,s,1340
8135018000,s,1340
8135125000,s,1340
8135222000,s,1340
8135312000,s,1340
8135406000,s,1340
8135512000,r,1440
8135531000,s,1340
8135512000,r,1440
8135719000,s,1340
8135968000,s,1340
8136125000,s,1340
8136361000,s,1340
8136619000,s,1340
8136724000,s,1340
8136831000,s,1340
8136933000,s,1340
8137037000,s,1340
8137139000,s,1340
8137377000,s,1340
8137627000,s,1340
8137982000,r,1440
8138053000,s,1340
8138165000,s,1340
8138293000,s,1340
8138398000,s,1340
8138670000,s,1340
8138759000,s,1340
8138966000,s,1340
8138988000,r,1440
8139132000,s,1340
8139257000,s,1340
8139346000,s,1340
8140732000,s,1340
8140905000,s,1340
8141042000,s,1340
8141102000,s,1340
8141158000,s,1340
8141172000,r,1440
8141172000,r,1440
8141172000,r,1440
8141547000,s,1340
8141687000,s,1340
8141775000,s,1340
8141912000,s,1340
8141983000,s,1340
8142870000,r,1440
8142870000,r,1440
8143375000,s,1340
8144397000,r,1440
8145292000,r,1440
8145292000,r,1440
8145293000,r,1440
8145293000,r,1440
8145294000,r,1440
8145294000,r,1440
8145954000,r,1440
8145983000,s,1340
8146186000,s,1340
8146272000,s,1340
8146360000,s,1340
8146457000,s,1340
8146534000,s,1340
8146614000,s,1340
8146671000,s,1340
8146858000,s,1340
8147049000,r,1440
8147056000,s,1340
8147049000,r,1440
8147049000,r,1440
8147229000,r,1440
8147273000,s,1340
8147350000,s,1340
8147564000,s,1340
8147686000,s,1340
8147724000,s,1340
8149114000,s,1340
8149702000,s,1340
8149808000,r,1440
8149809000,r,1440
8149809000,r,1440
8149956000,s,1340
8150201000,s,1340
8151512000,r,1440
8152045000,s,1340
8152691000,r,1440
8153076000,r,1440
8153076000,r,1440
8153467000,s,1340
8154326000,r,1440
8154675000,s,1340
8154766000,s,1340
8154848000,s,1340
8154955000,s,1340
8155572000,s,1340
8155625000,r,1440
8155625000,r,1440
8156399000,s,1340
8157001000,r,1440
8158060000,r,1440
8158554000,s,1340
8158658000,s,1340
8158827000,s,1340
8158910000,s,1340
8158925000,r,1440
8158925000,r,1440
8158993000,s,1340
8159070000,s,1340
8159105000,r,1440
8159105000,r,1440
8159105000,r,1440
8159255000,s,1340
8159553000,s,1340
8159672000,s,1340
8160072000,r,1440
8160073000,r,1440
8160249000,s,1340
8160355000,s,1340
8160423000,s,1340
8160604000,s,1340
8160687000,s,1340
8160755000,s,1340
8160841000,s,1340
8160931000,s,1340
8161020000,s,1340
8161103000,s,1340
8161308000,s,1340
8161566000,s,1340
8161663000,s,1340
8161933000,s,1340
8162024000,s,1340
8162113000,s,1340
8162199000,s,1340
8162446000,s,1340
8162699000,s,1340
8162788000,s,1340
8162865000,s,1340
8162879000,r,1440
8162879000,r,1440
8162879000,r,1440
8162879000,r,1440
8162879000,r,1440
8162880000,r,1440
8162880000,r,1440
8162880000,r,1440
8162985000,r,1440
8162986000,r,1440
8163033000,s,1340
8163087000,s,1340
8163194000,s,1340
8163273000,s,1340
8163370000,s,1340
8163544000,s,1340
8163662000,s,1340
8163773000,s,1340
8163855000,s,1340
8163960000,s,1340
8164067000,s,1340
8164160000,s,1340
8164238000,s,1340
8164310000,s,1340
8164384000,s,1340
8164476000,s,1340
8164563000,s,1340
8164655000,s,1340
8164744000,s,1340
8164835000,s,1340
8164858000,r,1440
8164858000,r,1440
8164858000,r,1440
8164992000,s,1340
8165082000,s,1340
8165160000,s,1340
8165289000,s,1340
8165313000,s,1340
8165804000,r,1440
8165804000,r,1440
8165804000,r,1440
8165805000,r,1440
8165805000,r,1440
8166238000,s,1340
8166328000,s,1340
8166353000,s,1340
8166368000,s,1340
8166515000,s,1340
8166543000,s,1340
8166794000,s,1340
8166914000,s,1340
8167016000,s,1340
8167114000,s,1340
8167365000,s,1340
8167414000,s,1340
8167760000,s,1340
8167839000,s,1340
8168103000,r,1440
8168164000,s,1340
8168103000,r,1440
8168103000,r,1440
8168230000,r,1440
8168230000,r,1440
8168230000,r,1440
8168267000,r,1440
8168267000,r,1440
8168267000,r,1440
8168268000,r,1440
8168268000,r,1440
8168268000,r,1440
8168351000,s,1340
8168530000,s,1340
8168709000,s,1340
8168893000,s,1340
8169003000,s,1340
8169113000,s,1340
8169228000,s,1340
8169342000,s,1340
8169443000,s,1340
8169539000,s,1340
8169634000,s,1340
8169731000,s,1340
8169791000,r,1440
8169824000,s,1340
8169792000,r,1440
8169792000,r,1440
8169792000,r,1440
8169792000,r,1440
8169792000,r,1440
8169924000,s,1340
8170028000,s,1340
8170132000,s,1340
8170249000,s,1340
8170358000,s,1340
8170440000,s,1340
8170498000,s,1340
8170548000,s,1340
8170602000,s,1340
8170718000,s,1340
8170859000,s,1340
8170885000,s,1340
8170982000,s,1340
8171144000,s,1340
8171360000,s,1340
8171441000,s,1340
8171628000,s,1340
8171710000,s,1340
8171879000,s,1340
8171992000,s,1340
8172058000,s,1340
8172127000,s,1340
8172834000,s,1340
8172916000,s,1340
8172956000,s,1340
8174237000,s,1340
8174298000,s,1340
8174323000,s,1340
8174345000,s,1340
8174353000,s,1340
8174366000,s,1340
8174498000,s,1340
8174549000,s,1340
8174676000,s,1340
8174740000,s,1340
8174891000,s,1340
8175001000,s,1340
8175170000,s,1340
8175237000,s,1340
8175257000,r,1440
8175257000,r,1440
8175257000,r,1440
8175257000,r,1440
8175257000,r,1440
8175257000,r,1440
8175257000,r,1440
8175258000,r,1440
8175359000,r,1440
8175359000,r,1440
8175359000,r,1440
8175360000,r,1440
8175360000,r,1440
8175360000,r,1440
8175360000,r,1440
8175360000,r,1440
8175378000,s,1340
8175386000,r,1440
8175386000,r,1440
8175885000,s,1340
8176022000,s,1340
8176135000,s,1340
8176187000,s,1340
8176210000,s,1340
8176283000,s,1340
8176395000,s,1340
8176543000,s,1340
8176586000,s,1340
8179667000,s,1340
8180706000,r,1440
8180706000,r,1440
8180706000,r,1440
8180706000,r,1440
8180707000,r,1440
8180707000,r,1440
8180707000,r,1440
8180707000,r,1440
8180861000,r,1440
8180861000,r,1440
8180862000,r,1440
8181606000,s,1340
8181712000,s,1340
8181895000,s,1340
8182227000,s,1340
8182251000,r,1440
8182251000,r,1440
8182251000,r,1440
8182251000,r,1440
8182251000,r,1440
8182252000,r,1440
8182252000,r,1440
8182252000,r,1440
8182372000,r,1440
8182372000,r,1440
8182372000,r,1440
8182372000,r,1440
8182373000,r,1440
8182829000,s,1340
8183729000,s,1340
8183789000,s,1340
8183807000,s,1340
8183820000,s,1340
8183831000,s,1340
8184101000,r,1440
8184102000,r,1440
8184102000,r,1440
8184102000,r,1440
8184102000,r,1440
8184102000,r,1440
8184102000,r,1440
8184103000,r,1440
8184620000,s,1340
8184725000,s,1340
8184804000,s,1340
8185040000,s,1340
8185119000,s,1340
8185192000,s,1340
8185262000,s,1340
8185337000,s,1340
8185411000,s,1340
8185543000,s,1340
8185581000,s,1340
8185657000,s,1340
8186871000,s,1340
8186975000,s,1340
8187052000,s,1340
8187264000,s,1340
8187430000,s,1340
8187697000,r,1440
8187742000,s,1340
8188598000,s,1340
8188789000,s,1340
8188865000,s,1340
8188940000,s,1340
8189039000,s,1340
8189086000,s,1340
8189281000,s,1340
8191686000,r,1440
8191686000,r,1440
8191686000,r,1440
8191686000,r,1440
8192900000,s,1340
8193008000,s,1340
8193030000,s,1340
8193047000,s,1340
8193062000,s,1340
8193075000,s,1340
8193400000,s,1340
8193542000,s,1340
8194487000,s,1340
8194557000,s,1340
8194746000,s,1340
8194817000,s,1340
8194913000,s,1340
8194983000,s,1340
8195322000,s,1340
8195664000,s,1340
8195732000,s,1340
8195774000,s,1340
8195912000,s,1340
8196124000,s,1340
8196295000,s,1340
8196416000,s,1340
8196740000,s,1340
8196861000,s,1340
8196944000,s,1340
8197045000,s,1340
8197128000,s,1340
8197229000,s,1340
8197416000,s,1340
8197792000,s,1340
8197877000,s,1340
8197996000,s,1340
8198360000,s,1340
8198467000,s,1340
8198602000,s,1340
8198833000,s,1340
8198932000,s,1340
8198999000,s,1340
8199052000,s,1340
8199233000,s,1340
8199336000,s,1340
8199454000,s,1340
8199590000,s,1340
8199659000,s,1340
8199743000,s,1340
8199978000,s,1340
8200012000,s,1340
8200091000,s,1340
8200143000,s,1340
8200245000,s,1340
8200419000,s,1340
8200441000,s,1340
8200531000,s,1340
8200587000,s,1340
8200633000,s,1340
8200763000,s,1340
8200825000,s,1340
8200917000,s,1340
8201013000,s,1340
8201086000,s,1340
8201258000,s,1340
8201439000,s,1340
8201676000,s,1340
8201760000,s,1340
8201937000,s,1340
8202073000,s,1340
8202172000,s,1340
8202228000,s,1340
8202295000,s,1340
8202473000,s,1340
8202601000,s,1340
8202784000,s,1340
8202903000,r,1440
8202978000,s,1340
8202904000,r,1440
8202904000,r,1440
8203032000,s,1340
8202904000,r,1440
8202904000,r,1440
8202904000,r,1440
8202905000,r,1440
8202905000,r,1440
8203090000,r,1440
8203090000,r,1440
8203090000,r,1440
8203090000,r,1440
8203090000,r,1440
8203091000,r,1440
8203091000,r,1440
8203091000,r,1440
8203163000,r,1440
8203163000,r,1440
8203164000,r,1440
8203164000,r,1440
8203164000,r,1440
8203196000,s,1340
8203294000,s,1340
8203335000,s,1340
8203557000,s,1340
8203610000,s,1340
8203635000,s,1340
8203737000,s,1340
8203801000,s,1340
8203892000,s,1340
8203940000,s,1340
8204244000,s,1340
8204471000,s,1340
8204554000,s,1340
8204576000,s,1340
8204593000,s,1340
8204607000,s,1340
8204620000,s,1340
8204746000,s,1340
8204857000,s,1340
8205016000,s,1340
8205058000,s,1340
8205188000,s,1340
8205315000,s,1340
8205360000,s,1340
8205369000,r,1440
8205433000,s,1340
8205717000,s,1340
8206943000,r,1440
8206944000,r,1440
8206944000,r,1440
8207014000,s,1340
8207208000,s,1340
8207647000,r,1440
8207647000,r,1440
8207647000,r,1440
8207647000,r,1440
8207648000,r,1440
8207648000,r,1440
8207980000,s,1340
8208013000,s,1340
8208028000,s,1340
8208296000,s,1340
8208405000,s,1340
8208480000,s,1340
8208784000,s,1340
8208866000,s,1340
8208924000,s,1340
8209070000,s,1340
8209346000,r,1440
8209346000,r,1440
8209412000,s,1340
8209482000,s,1340
8209514000,s,1340
8209528000,s,1340
8209669000,s,1340
8209739000,s,1340
8210045000,s,1340
8210298000,r,1440
8210319000,s,1340
8210298000,r,1440
8210299000,r,1440
8210299000,r,1440
8210299000,r,1440
8210299000,r,1440
8210299000,r,1440
8210299000,r,1440
8210408000,r,1440
8210408000,r,1440
8210714000,s,1340
8210812000,s,1340
8210963000,s,1340
8211061000,s,1340
8211134000,s,1340
8211204000,s,1340
8211288000,s,1340
8211352000,s,1340
8211414000,s,1340
8211529000,s,1340
8211598000,s,1340
8211678000,s,1340
8211759000,s,1340
8211817000,r,1440
8211837000,s,1340
8211817000,r,1440
8211913000,s,1340
8211974000,s,1340
8212688000,s,1340
8216435000,r,1440
8216435000,r,1440
8216436000,r,1440
8216436000,r,1440
8216436000,r,1440
8216436000,r,1440
8216436000,r,1440
8216436000,r,1440
8216550000,r,1440
8216551000,r,1440
8216977000,s,1340
8217050000,s,1340
8217083000,s,1340
8217141000,s,1340
8217182000,s,1340
8217193000,s,1340
8217223000,s,1340
8217319000,s,1340
8217386000,s,1340
8218089000,r,1440
8218089000,r,1440
8218089000,r,1440
8218089000,r,1440
8218090000,r,1440
8218090000,r,1440
8218090000,r,1440
8218090000,r,1440
8218197000,r,1440
8218376000,s,1340
8218534000,s,1340
8218654000,s,1340
8218722000,s,1340
8218805000,s,1340
8218883000,s,1340
8218968000,s,1340
8219048000,s,1340
8219518000,r,1440
8220001000,r,1440
8222608000,r,1440
8222608000,r,1440
8223051000,s,1340
8225032000,r,1440
8225715000,s,1340
8226699000,r,1440
8226699000,r,1440
8227228000,s,1340
8229080000,s,1340
8231506000,r,1440
8233627000,r,1440
8233627000,r,1440
8234027000,s,1340
8234119000,s,1340
8234827000,r,1440
8235375000,r,1440
8236879000,s,1340
8237162000,r,1440
8238958000,r,1440
8242312000,r,1440
8242312000,r,1440
8242434000,r,1440
8242852000,s,1340
8243152000,s,1340
8245003000,r,1440
8245003000,r,1440
8245474000,s,1340
8252113000,r,1440
8252113000,r,1440
8252878000,r,1440
8253298000,s,1340
8253352000,r,1440
8253387000,s,1340
8255452000,r,1440
8258716000,r,1440
8259137000,s,1340
8261240000,r,1440
8267728000,r,1440
8268358000,s,1340
8274123000,r,1440
8274123000,r,1440
8274701000,s,1340
8277522000,r,1440
8283226000,r,1440
8284259000,r,1440
8284789000,s,1340
8284899000,s,1340
8287509000,r,1440
8287509000,r,1440
8293170000,r,1440
8293747000,s,1340
8294354000,r,1440
8295367000,r,1440
8295650000,s,1340
8302106000,r,1440
8302493000,s,1340
8303081000,r,1440
8303692000,r,1440
8305350000,r,1440
8305843000,s,1340
8311311000,r,1440
8312026000,s,1340
8312879000,r,1440
8312879000,r,1440
8313098000,s,1340
8313175000,s,1340
8315507000,r,1440
8320583000,r,1440
8320696000,r,1440
8321019000,s,1340
8322757000,r,1440
8322757000,r,1440
8323244000,s,1340
8323338000,s,1340
8323388000,s,1340
8323584000,s,1340
8323695000,s,1340
8323772000,s,1340
8324054000,r,1440
8324054000,r,1440
8324054000,r,1440
8324054000,r,1440
8324054000,r,1440
8324055000,r,1440
8324055000,r,1440
8324055000,r,1440
8324519000,s,1340
8324558000,s,1340
8324756000,s,1340
8324794000,s,1340
8324810000,s,1340
8324969000,s,1340
8324991000,s,1340
8325019000,s,1340
8325042000,s,1340
8325241000,s,1340
8325270000,s,1340
8325281000,s,1340
8326048000,s,1340
8326091000,s,1340
8326155000,s,1340
8326471000,s,1340
8326586000,s,1340
8326648000,s,1340
8326693000,s,1340
8326753000,s,1340
8326965000,s,1340
8327111000,s,1340
8327308000,s,1340
8327393000,s,1340
8327464000,s,1340
8327571000,s,1340
8327691000,s,1340
8327772000,s,1340
8327810000,s,1340
8327944000,s,1340
8327985000,s,1340
8328031000,s,1340
8328176000,s,1340
8328226000,s,1340
8328293000,s,1340
8328444000,s,1340
8328545000,s,1340
8328607000,s,1340
8328988000,s,1340
8329232000,s,1340
8329379000,s,1340
8329546000,s,1340
8329690000,s,1340
8329757000,s,1340
8329981000,s,1340
8330056000,s,1340
8330108000,s,1340
8330184000,s,1340
8330257000,s,1340
8330669000,s,1340
8330728000,s,1340
8330881000,s,1340
8330944000,s,1340
8330996000,s,1340
8331169000,r,1440
8331355000,s,1340
8331420000,s,1340
8331717000,s,1340
8331792000,s,1340
8331873000,r,1440
8331950000,s,1340
8332026000,s,1340
8332164000,s,1340
8332303000,s,1340
8332399000,s,1340
8332530000,s,1340
8332620000,r,1440
8332644000,s,1340
8332749000,s,1340
8332820000,s,1340
8332964000,s,1340
8333122000,s,1340
8333191000,s,1340
8333256000,s,1340
8333377000,s,1340
8333462000,s,1340
8333536000,s,1340
8333578000,s,1340
8334146000,s,1340
8334243000,s,1340
8334415000,s,1340
8334602000,s,1340
8334681000,s,1340
8334809000,s,1340
8334884000,s,1340
8335155000,s,1340
8335225000,s,1340
8335577000,s,1340
8335616000,s,1340
8335628000,s,1340
8335636000,s,1340
8336231000,r,1440
8336231000,r,1440
8336586000,s,1340
8336767000,s,1340
8336833000,s,1340
8336900000,s,1340
8336963000,s,1340
8337030000,s,1340
8337093000,s,1340
8337348000,s,1340
8337383000,s,1340
8337425000,s,1340
8337810000,s,1340
8337898000,s,1340
8337970000,s,1340
8338195000,s,1340
8338253000,s,1340
8338310000,s,1340
8338471000,r,1440
8338471000,r,1440
8338472000,r,1440
8338472000,r,1440
8338472000,r,1440
8338472000,r,1440
8338472000,r,1440
8338777000,s,1340
8338811000,s,1340
8338824000,s,1340
8339044000,s,1340
8339076000,s,1340
8339085000,s,1340
8339092000,s,1340
8339131000,s,1340
8340410000,s,1340
8340459000,s,1340
8340669000,s,1340
8340811000,s,1340
8340892000,r,1440
8340893000,r,1440
8340957000,s,1340
8340893000,r,1440
8341056000,s,1340
8341158000,s,1340
8341254000,s,1340
8341346000,s,1340
8341446000,s,1340
8341546000,s,1340
8341642000,s,1340
8341745000,s,1340
8341837000,s,1340
8341930000,s,1340
8342019000,s,1340
8342094000,s,1340
8342147000,s,1340
8342195000,s,1340
8342337000,s,1340
8342448000,s,1340
8343088000,r,1440
8343088000,r,1440
8343088000,r,1440
8343089000,r,1440
8343805000,r,1440
8343805000,r,1440
8344208000,s,1340
8344247000,s,1340
8344261000,s,1340
8344271000,s,1340
8344280000,s,1340
8344288000,s,1340
8344297000,s,1340
8347178000,r,1440
8347178000,r,1440
8347178000,r,1440
8347799000,s,1340
8348719000,s,1340
8349108000,r,1440
8349108000,r,1440
8354398000,s,1340
8354659000,r,1440
8354659000,r,1440
8354659000,r,1440
8354659000,r,1440
8354908000,s,1340
8355001000,s,1340
8355028000,s,1340
8355627000,r,1440
8357301000,r,1440
8361169000,r,1440
8361665000,s,1340
8363509000,r,1440
8365584000,r,1440
8365939000,s,1340
8366830000,r,1440
8366830000,r,1440
8367289000,s,1340
8370569000,r,1440
8371505000,r,1440
8372480000,r,1440
8372905000,s,1340
8372999000,s,1340
8373678000,r,1440
8374322000,r,1440
8375368000,r,1440
8375763000,s,1340
8378068000,s,1340
8378665000,s,1340
8381388000,r,1440
8382148000,r,1440
8383780000,r,1440
8383985000,s,1340
8384030000,s,1340
8384911000,s,1340
8384962000,r,1440
8385252000,r,1440
8392153000,s,1340
8392515000,r,1440
8399531000,r,1440
8400239000,r,1440
8400239000,r,1440
8400504000,s,1340
8407463000,r,1440
8408019000,s,1340
8408363000,s,1340
8408419000,s,1340
8409351000,r,1440
8409351000,r,1440
8409352000,r,1440
8409859000,s,1340
8410217000,s,1340
8410306000,s,1340
8411505000,r,1440
8412454000,r,1440
8412454000,r,1440
8412809000,s,1340
8413566000,r,1440
8413566000,r,1440
8414073000,s,1340
8416864000,s,1340
8417929000,r,1440
8417929000,r,1440
8419495000,r,1440
8419882000,r,1440
8419882000,r,1440
8419892000,s,1340
8420433000,s,1340
8420731000,s,1340
8420912000,s,1340
8421000000,s,1340
8421181000,s,1340
8421338000,s,1340
8421440000,s,1340
8421622000,s,1340
8421888000,s,1340
8421971000,s,1340
8421987000,r,1440
8421987000,r,1440
8422110000,s,1340
8422294000,s,1340
8423079000,s,1340
8423143000,s,1340
8423445000,s,1340
8423564000,s,1340
8423672000,s,1340
8423731000,s,1340
8423809000,s,1340
8423969000,s,1340
8424009000,s,1340
8424063000,s,1340
8424123000,s,1340
8424157000,s,1340
8424814000,s,1340
8424967000,s,1340
8425013000,s,1340
8425748000,s,1340
8425916000,s,1340
8426029000,s,1340
8426362000,s,1340
8426429000,s,1340
8426619000,s,1340
8426771000,r,1440
8426836000,s,1340
8426893000,s,1340
8426922000,s,1340
8426978000,s,1340
8427819000,s,1340
8427845000,s,1340
8428933000,s,1340
8429345000,s,1340
8430334000,r,1440
8430335000,r,1440
8430335000,r,1440
8430468000,s,1340
8430561000,s,1340
8430634000,s,1340
8430707000,s,1340
8431346000,r,1440
8431346000,r,1440
8432967000,r,1440
8433333000,s,1340
8434359000,r,1440
8434359000,r,1440
8434685000,s,1340
8435489000,r,1440
8435784000,s,1340
8437540000,s,1340
8437607000,s,1340
8437779000,r,1440
8437779000,r,1440
8441810000,r,1440
8442166000,s,1340
8442469000,s,1340
8443627000,r,1440
8443627000,r,1440
8443627000,r,1440
8443627000,r,1440
8443628000,r,1440
8444132000,s,1340
8444214000,s,1340
8444379000,s,1340
8444450000,s,1340
8444881000,r,1440
8445027000,s,1340
8445085000,s,1340
8447067000,s,1340
8447228000,s,1340
8447284000,s,1340
8447417000,s,1340
8447623000,s,1340
8447686000,s,1340
8447805000,s,1340
8447825000,s,1340
8447864000,s,1340
8448166000,s,1340
8448322000,s,1340
8448351000,s,1340
8448453000,s,1340
8448528000,s,1340
8448659000,s,1340
8448773000,s,1340
8449095000,s,1340
8449229000,s,1340
8449389000,s,1340
8449793000,s,1340
8449868000,s,1340
8449920000,s,1340
8450101000,s,1340
8450306000,s,1340
8450386000,s,1340
8450432000,s,1340
8450598000,s,1340
8450679000,s,1340
8450743000,s,1340
8450782000,r,1440
8450889000,s,1340
8450959000,s,1340
8451179000,s,1340
8451311000,s,1340
8451441000,s,1340
8451534000,s,1340
8451715000,s,1340
8451767000,s,1340
8451877000,s,1340
8452045000,s,1340
8452196000,s,1340
8452271000,s,1340
8452393000,s,1340
8452540000,s,1340
8452628000,r,1440
8452628000,r,1440
8452696000,s,1340
8452742000,r,1440
8452742000,r,1440
8452817000,s,1340
8452991000,s,1340
8453070000,s,1340
8453137000,s,1340
8455094000,r,1440
8455094000,r,1440
8455267000,r,1440
8455433000,s,1340
8458218000,r,1440
8458218000,r,1440
8458714000,s,1340
8459304000,r,1440
8459305000,r,1440
8459700000,s,1340
8460750000,r,1440
8460750000,r,1440
8462995000,s,1340
8463497000,r,1440
8463845000,s,1340
8463943000,s,1340
8463972000,r,1440
8466020000,r,1440
8466600000,r,1440
8466989000,s,1340
8468165000,r,1440
8468165000,r,1440
8468536000,s,1340
8471511000,r,1440
8472003000,s,1340
8473013000,r,1440
8473014000,r,1440
8474722000,r,1440
8475320000,s,1340
8475430000,r,1440
8475584000,s,1340
8478106000,r,1440
8478107000,r,1440
8478107000,r,1440
8478107000,r,1440
8478668000,s,1340
8479863000,r,1440
8480285000,s,1340
8482578000,r,1440
8485241000,r,1440
8485242000,r,1440
8485711000,s,1340
8486206000,r,1440
8486929000,r,1440
8487385000,s,1340
8489023000,r,1440
8489258000,s,1340
8490737000,r,1440
8495358000,r,1440
8495358000,r,1440
8495359000,r,1440
8496101000,s,1340
8496230000,s,1340
8498216000,r,1440
8498216000,r,1440
8498509000,r,1440
8499115000,s,1340
8503564000,r,1440
8505118000,r,1440
8505118000,r,1440
8505304000,s,1340
8505354000,s,1340
8506560000,r,1440
8508787000,r,1440
8514400000,r,1440
8514765000,s,1340
8515503000,r,1440
8517411000,r,1440
8517578000,s,1340
8523877000,r,1440
8523877000,r,1440
8524444000,s,1340
8525279000,r,1440
8526153000,r,1440
8526392000,r,1440
8526517000,s,1340
8526558000,s,1340
8534718000,r,1440
8534718000,r,1440
8535994000,r,1440
8536260000,s,1340
8545188000,r,1440
8546479000,r,1440
8547198000,r,1440
8547397000,s,1340
8547885000,s,1340
8558621000,r,1440
8558622000,r,1440
8558622000,r,1440
8560800000,s,1340
8570636000,r,1440
8570636000,r,1440
8571066000,s,1340
8572505000,r,1440
8573072000,s,1340
8579625000,r,1440
8581677000,r,1440
8581677000,r,1440
8581677000,r,1440
8582015000,s,1340
8582081000,s,1340
8591711000,r,1440
8591711000,r,1440
8593712000,r,1440
8594556000,s,1340
8603743000,r,1440
8604756000,r,1440
8605355000,s,1340
8605895000,r,1440
8606281000,s,1340
8606838000,r,1440
8614615000,r,1440
8614615000,r,1440
8615254000,s,1340
8615664000,r,1440
8615927000,s,1340
8627564000,r,1440
8627564000,r,1440
8627565000,r,1440
8628667000,s,1340
8638178000,r,1440
8638521000,r,1440
8639077000,s,1340
8649605000,r,1440
8649606000,r,1440
8650830000,s,1340
8660033000,r,1440
8660989000,r,1440
8661897000,r,1440
8662726000,s,1340
8662877000,s,1340
8672398000,r,1440
8672608000,r,1440
8673899000,r,1440
8674862000,s,1340
8686939000,r,1440
8686939000,r,1440
8687951000,s,1340
8689020000,r,1440
8689769000,s,1340
8696017000,r,1440
8697797000,r,1440
8697798000,r,1440
8698635000,s,1340
8700340000,r,1440
8700341000,r,1440
8700864000,s,1340
8702129000,r,1440
8702612000,s,1340
8709089000,r,1440
8713764000,r,1440
8715210000,r,1440
8715210000,r,1440
8715794000,s,1340
8715890000,s,1340
8725732000,r,1440
8725733000,r,1440
8727961000,s,1340
8737319000,r,1440
8737319000,r,1440
8738251000,r,1440
8738924000,s,1340
8739078000,s,1340
8755211000,r,1440
10331871000,s,1340
10332009000,s,1340
10332031000,s,1340
10332045000,s,1340
10332058000,s,1340
10332089000,s,1340
10332103000,s,1340
10332115000,s,1340
10332127000,s,1340
10332139000,s,1340
10357385000,r,1440
10359313000,r,1440
10362762000,r,1440
10362762000,r,1440
10362762000,r,1440
10362762000,r,1440
10362763000,r,1440
10363660000,s,1340
10364389000,s,1340
10364820000,s,1340
10364919000,s,1340
10372744000,r,1440
10373383000,s,1340
10373849000,r,1440
10373850000,r,1440
10374265000,s,1340
10374480000,r,1440
10374564000,r,1440
10374564000,r,1440
10374564000,r,1440
10374565000,r,1440
10375187000,s,1340
10375256000,s,1340
10375284000,s,1340
10375303000,s,1340
10375318000,s,1340
10376344000,r,1440
10376344000,r,1440
10376345000,r,1440
10376947000,s,1340
10377004000,s,1340
10377068000,s,1340
10377376000,s,1340
10377788000,r,1440
10377788000,r,1440
10377788000,r,1440
10377788000,r,1440
10377788000,r,1440
10377789000,r,1440
10378393000,s,1340
10378515000,s,1340
10378613000,s,1340
10378706000,s,1340
10378815000,s,1340
10379007000,s,1340
10379277000,s,1340
10379416000,s,1340
10380050000,s,1340
10380420000,s,1340
10380547000,s,1340
10380652000,s,1340
10380749000,s,1340
10380849000,s,1340
10380939000,r,1440
10381011000,s,1340
10381133000,s,1340
10381242000,s,1340
10381555000,s,1340
10381678000,s,1340
10381901000,s,1340
10382017000,s,1340
10382047000,s,1340
10382112000,s,1340
10382129000,s,1340
10382350000,s,1340
10382412000,s,1340
10382717000,r,1440
10382748000,s,1340
10382900000,s,1340
10383028000,s,1340
10383450000,s,1340
10383629000,s,1340
10383753000,s,1340
10383874000,s,1340
10383996000,s,1340
10384124000,s,1340
10384498000,s,1340
10384610000,s,1340
10384719000,s,1340
10384842000,s,1340
10385007000,s,1340
10385290000,s,1340
10385571000,s,1340
10386056000,s,1340
10386233000,s,1340
10386247000,r,1440
10386355000,s,1340
10386467000,s,1340
10386754000,s,1340
10386868000,s,1340
10387296000,s,1340
10387744000,s,1340
10387861000,s,1340
10388093000,s,1340
10388207000,s,1340
10388401000,s,1340
10388511000,s,1340
10388886000,s,1340
10388968000,s,1340
10389005000,s,1340
10389173000,r,1440
10389180000,s,1340
10389173000,r,1440
10389173000,r,1440
10389174000,r,1440
10389174000,r,1440
10389174000,r,1440
10389174000,r,1440
10389174000,r,1440
10389269000,r,1440
10389423000,s,1340
10389598000,s,1340
10389724000,s,1340
10390031000,s,1340
10390146000,s,1340
10390244000,s,1340
10390329000,s,1340
10390414000,s,1340
10390516000,s,1340
10390619000,s,1340
10390701000,s,1340
10390783000,s,1340
10390870000,s,1340
10390977000,s,1340
10391041000,r,1440
10391085000,s,1340
10391041000,r,1440
10391041000,r,1440
10391042000,r,1440
10391042000,r,1440
10391042000,r,1440
10391042000,r,1440
10391190000,s,1340
10391272000,s,1340
10391353000,s,1340
10391460000,s,1340
10391641000,s,1340
10391760000,s,1340
10391859000,s,1340
10391938000,s,1340
10392055000,s,1340
10392161000,s,1340
10392255000,s,1340
10392341000,s,1340
10392433000,s,1340
10392543000,s,1340
10392855000,s,1340
10392988000,s,1340
10393106000,s,1340
10393319000,s,1340
10393757000,s,1340
10393859000,s,1340
10394009000,s,1340
10394128000,s,1340
10394426000,s,1340
10394542000,s,1340
10394732000,s,1340
10394793000,s,1340
10394884000,s,1340
10395010000,s,1340
10395134000,s,1340
10395410000,s,1340
10396346000,s,1340
10396402000,s,1340
10396461000,s,1340
10396716000,s,1340
10397076000,r,1440
10397076000,r,1440
10397076000,r,1440
10397076000,r,1440
10397076000,r,1440
10397076000,r,1440
10397076000,r,1440
10397158000,s,1340
10397077000,r,1440
10397172000,r,1440
10397172000,r,1440
10397173000,r,1440
10397210000,s,1340
10397533000,s,1340
10397683000,s,1340
10397824000,s,1340
10397953000,s,1340
10398060000,s,1340
10398178000,s,1340
10398303000,s,1340
10398416000,s,1340
10398524000,s,1340
10398629000,s,1340
10398631000,r,1440
10398631000,r,1440
10398737000,s,1340
10398846000,s,1340
10398969000,s,1340
10399104000,s,1340
10399219000,s,1340
10399341000,s,1340
10400432000,r,1440
10400432000,r,1440
10400432000,r,1440
10401038000,s,1340
10401181000,s,1340
10403515000,r,1440
10403515000,r,1440
10403515000,r,1440
10403515000,r,1440
10403515000,r,1440
10403516000,r,1440
10403516000,r,1440
10403894000,r,1440
10403895000,r,1440
10403895000,r,1440
10403895000,r,1440
10403895000,r,1440
10403895000,r,1440
10404289000,r,1440
10404289000,r,1440
10404289000,r,1440
10404869000,s,1340
10404997000,s,1340
10405069000,s,1340
10405163000,s,1340
10405230000,s,1340
10405324000,s,1340
10405516000,s,1340
10405595000,s,1340
10405760000,s,1340
10405908000,s,1340
10406065000,s,1340
10406155000,r,1440
10406155000,r,1440
10406224000,s,1340
10406155000,r,1440
10406155000,r,1440
10406155000,r,1440
10406155000,r,1440
10406156000,r,1440
10406156000,r,1440
10406386000,s,1340
10406543000,s,1340
10406787000,s,1340
10406992000,s,1340
10407290000,s,1340
10407404000,s,1340
10407444000,r,1440
10407577000,s,1340
10407813000,s,1340
10407956000,s,1340
10408086000,s,1340
10408203000,s,1340
10408324000,s,1340
10408436000,s,1340
10408553000,s,1340
10408668000,s,1340
10408918000,s,1340
10409037000,s,1340
10409140000,s,1340
10411513000,r,1440
10413078000,r,1440
10413079000,r,1440
10413079000,r,1440
10413079000,r,1440
10413079000,r,1440
10413079000,r,1440
10413079000,r,1440
10413079000,r,1440
10413141000,r,1440
10413141000,r,1440
10413761000,s,1340
10414070000,s,1340
10414244000,s,1340
10414610000,s,1340
10415013000,s,1340
10415176000,s,1340
10415180000,r,1440
10415297000,s,1340
10415422000,s,1340
10415627000,s,1340
10415754000,s,1340
10415877000,s,1340
10416224000,s,1340
10416377000,s,1340
10416516000,s,1340
10416646000,s,1340
10416989000,s,1340
10417048000,s,1340
10417268000,s,1340
10417539000,s,1340
10417679000,s,1340
10417827000,s,1340
10418192000,s,1340
10418347000,s,1340
10418479000,s,1340
10418599000,s,1340
10418700000,r,1440
10418700000,r,1440
10418700000,r,1440
10418700000,r,1440
10418829000,s,1340
10418964000,s,1340
10419071000,s,1340
10419195000,s,1340
10419790000,r,1440
10419796000,s,1340
10419790000,r,1440
10419790000,r,1440
10419790000,r,1440
10419790000,r,1440
10419790000,r,1440
10420288000,s,1340
10420335000,s,1340
10420703000,s,1340
10422836000,r,1440
10422836000,r,1440
10422836000,r,1440
10423941000,r,1440
10423968000,s,1340
10425037000,r,1440
10425526000,s,1340
10426715000,r,1440
10426715000,r,1440
10427017000,s,1340
10428255000,r,1440
10429406000,r,1440
10429888000,s,1340
10433809000,r,1440
10433809000,r,1440
10434117000,s,1340
10434186000,s,1340
10435529000,r,1440
10436830000,r,1440
10439869000,r,1440
10439869000,r,1440
10440359000,s,1340
10440442000,s,1340
10440781000,r,1440
10441148000,s,1340
10443957000,r,1440
10443957000,r,1440
10444451000,s,1340
10450500000,r,1440
10450500000,r,1440
10453347000,r,1440
10453642000,s,1340
10453724000,s,1340
10455899000,r,1440
10462519000,r,1440
10462520000,r,1440
10463423000,s,1340
10463511000,r,1440
10473483000,r,1440
10473483000,r,1440
10473483000,r,1440
10474426000,s,1340
10474522000,s,1340
10482579000,r,1440
10484458000,r,1440
10484458000,r,1440
10484924000,s,1340
10494358000,r,1440
10494358000,r,1440
10495035000,s,1340
10499135000,r,1440
10499696000,s,1340
10505916000,r,1440
10505916000,r,1440
10508839000,r,1440
10508839000,r,1440
10509718000,s,1340
10509886000,s,1340
10511506000,r,1440
10518077000,r,1440
10519374000,r,1440
10520173000,s,1340
10520252000,r,1440
10530896000,r,1440
10530896000,r,1440
10532117000,s,1340
10532340000,s,1340
10535515000,r,1440
10540133000,r,1440
10540133000,r,1440
10541297000,r,1440
10542102000,s,1340
10551509000,r,1440
10552240000,s,1340
10553071000,r,1440
10553071000,r,1440
10554056000,s,1340
10561859000,r,1440
10561859000,r,1440
10563506000,r,1440
10564387000,s,1340
10564585000,s,1340
10573263000,r,1440
10574918000,r,1440
10575016000,r,1440
10575421000,s,1340
10584908000,r,1440
10584909000,r,1440
10585328000,s,1340
10586579000,r,1440
10586858000,s,1340
10594832000,r,1440
10594833000,r,1440
12895535000,r,1440
12895535000,r,1440
12895535000,r,1440
12896289000,s,1340
12896365000,s,1340
12896390000,s,1340
12896403000,s,1340
12897747000,s,1340
12897962000,s,1340
12898304000,s,1340
12898719000,s,1340
12898954000,s,1340
12899751000,s,1340
12900112000,s,1340
12900279000,s,1340
12900770000,s,1340
12901240000,s,1340
12901417000,s,1340
12901647000,s,1340
12901865000,s,1340
12902014000,s,1340
12902115000,s,1340
12902393000,s,1340
12902711000,s,1340
12902853000,s,1340
12903325000,s,1340
12903396000,s,1340
12903424000,s,1340
12903530000,s,1340
12903913000,s,1340
12903975000,s,1340
12904125000,r,1440
12906064000,r,1440
12906160000,r,1440
12906798000,s,1340
12906993000,s,1340
12907197000,r,1440
12907659000,s,1340
12907826000,s,1340
12907940000,s,1340
12908033000,s,1340
12908165000,s,1340
12908498000,s,1340
12909063000,s,1340
12909250000,s,1340
12909406000,s,1340
12909550000,s,1340
12909885000,r,1440
12910026000,s,1340
12910181000,s,1340
12910308000,s,1340
12910424000,s,1340
12910637000,s,1340
12910791000,s,1340
12910948000,s,1340
12911092000,s,1340
12911240000,s,1340
12911422000,s,1340
12911434000,r,1440
12911517000,s,1340
12911582000,r,1440
12911582000,r,1440
12911712000,s,1340
12911748000,s,1340
12914563000,r,1440
12914563000,r,1440
12914563000,r,1440
12914563000,r,1440
12915389000,s,1340
12915613000,s,1340
12916684000,r,1440
12916684000,r,1440
12918024000,r,1440
12918024000,r,1440
12918833000,s,1340
12918967000,r,1440
12918968000,r,1440
12919644000,s,1340
12920684000,r,1440
12920972000,s,1340
12922530000,s,1340
12924065000,r,1440
12924066000,r,1440
12926086000,r,1440
12926514000,s,1340
12928399000,r,1440
12928400000,r,1440
12928400000,r,1440
12929133000,s,1340
12929211000,s,1340
12930433000,r,1440
12930434000,r,1440
12931734000,r,1440
12932316000,s,1340
12934053000,r,1440
12935436000,r,1440
12935436000,r,1440
12935979000,s,1340
12936509000,s,1340
12936551000,r,1440
12936551000,r,1440
12937215000,r,1440
12939082000,r,1440
12939394000,s,1340
12940729000,r,1440
12941261000,s,1340
12942279000,r,1440
12942474000,r,1440
12942908000,s,1340
12944031000,r,1440
12946015000,r,1440
12946015000,r,1440
12946370000,s,1340
12946443000,s,1340
12947173000,r,1440
12947698000,r,1440
12951197000,r,1440
12951605000,s,1340
12953240000,r,1440
12955509000,r,1440
12955766000,s,1340
12956766000,r,1440
12956766000,r,1440
12957546000,s,1340
12960699000,r,1440
12960699000,r,1440
12965195000,r,1440
12965195000,r,1440
12965195000,r,1440
12966135000,s,1340
12966203000,r,1440
12966296000,s,1340
12967526000,r,1440
12979555000,r,1440
12981625000,s,1340
12991134000,r,1440
12993535000,r,1440
12993535000,r,1440
12994410000,s,1340
12994514000,s,1340
13003364000,r,1440
13003364000,r,1440
13006747000,r,1440
13008042000,s,1340
13017301000,r,1440
13020602000,r,1440
13020602000,r,1440
13021314000,s,1340
13021394000,s,1340
13029620000,r,1440
13029620000,r,1440
16132005000,r,1440
16135650000,s,1340
16159632000,r,1440
16159632000,r,1440
16163067000,s,1340
16174739000,r,1440
16174740000,r,1440
16174740000,r,1440
16177005000,s,1340
16186179000,r,1440
16186179000,r,1440
16188337000,s,1340
16189197000,r,1440
16189198000,r,1440
16189199000,r,1440
16192092000,s,1340
16197953000,r,1440
16200058000,r,1440
16200058000,r,1440
16201260000,s,1340
16201449000,s,1340
16202931000,r,1440
16202931000,r,1440
16210708000,r,1440
16210709000,r,1440
16212364000,s,1340
16223565000,r,1440
16224739000,s,1340
16235336000,r,1440
16235336000,r,1440
16236371000,s,1340
16245845000,r,1440
16245846000,r,1440
20475714000,r,1440
20475715000,r,1440
20475715000,r,1440
20475716000,r,1440
20475716000,r,1440
20475717000,r,1440
20475717000,r,1440
20479666000,s,1340
20480103000,s,1340
20480540000,s,1340
20480879000,s,1340
20481085000,s,1340
20481333000,s,1340
20481596000,s,1340
20481858000,s,1340
20482128000,s,1340
20482416000,s,1340
20482877000,s,1340
20483162000,s,1340
20483367000,s,1340
20483791000,s,1340
20484048000,s,1340
20484306000,s,1340
20484561000,s,1340
20484767000,s,1340
20485041000,s,1340
20485238000,s,1340
20485485000,s,1340
20485777000,s,1340
20485979000,s,1340
20486186000,s,1340
20486450000,s,1340
20486725000,s,1340
20487014000,s,1340
20487286000,s,1340
20487685000,s,1340
20487978000,s,1340
20488231000,s,1340
20488489000,s,1340
20488752000,s,1340
20489025000,s,1340
20489316000,s,1340
20489582000,s,1340
20489841000,s,1340
20490119000,s,1340
20490363000,r,1440
20490383000,s,1340
20490364000,r,1440
20490654000,s,1340
20490911000,s,1340
20491166000,s,1340
20491476000,s,1340
20491574000,r,1440
20492040000,s,1340
20492337000,s,1340
20492596000,s,1340
20492846000,s,1340
20493112000,s,1340
20493372000,s,1340
20493633000,s,1340
20493875000,s,1340
20494137000,s,1340
20494157000,r,1440
20494158000,r,1440
20494158000,r,1440
20494442000,s,1340
20494721000,s,1340
20494918000,r,1440
20494995000,s,1340
20494919000,r,1440
20495085000,r,1440
20495298000,s,1340
20495731000,s,1340
20496003000,s,1340
20496252000,s,1340
20496538000,s,1340
20496802000,s,1340
20497053000,s,1340
20497321000,s,1340
20497611000,s,1340
20497849000,r,1440
20497850000,r,1440
20497850000,r,1440
20498148000,r,1440
20498457000,s,1340
20499062000,s,1340
20499181000,r,1440
20499401000,s,1340
20499699000,s,1340
20499919000,s,1340
20500106000,s,1340
20500291000,s,1340
20500495000,s,1340
20500759000,s,1340
20502616000,r,1440
20502617000,r,1440
20504379000,s,1340
20505024000,r,1440
20505025000,r,1440
20505742000,r,1440
20506122000,s,1340
20506800000,s,1340
20506823000,r,1440
20507189000,s,1340
20509312000,r,1440
20509313000,r,1440
20511034000,s,1340
20514079000,r,1440
20514080000,r,1440
20515053000,r,1440
20515054000,r,1440
20516020000,s,1340
20516384000,s,1340
20516588000,r,1440
20519521000,r,1440
20530819000,r,1440
20530819000,r,1440
20530820000,r,1440
20532600000,s,1340
20532961000,s,1340
20535578000,r,1440
20546333000,r,1440
20546333000,r,1440
20546334000,r,1440
20548001000,s,1340
20558797000,r,1440
20558798000,r,1440
20560640000,s,1340
20561027000,r,1440
20561028000,r,1440
20562016000,r,1440
20562546000,s,1340
20570793000,r,1440
20570793000,r,1440
20572481000,s,1340
20572843000,s,1340
20573011000,r,1440
20573012000,r,1440
20583525000,r,1440
20583525000,r,1440
20584665000,r,1440
20585364000,s,1340
20585705000,s,1340
20595523000,r,1440
20599703000,r,1440
20599704000,r,1440
20600899000,s,1340
20611448000,r,1440
20611448000,r,1440
20612722000,s,1340
20612851000,r,1440
20614175000,s,1340
20623649000,r,1440
20623922000,r,1440
20625298000,r,1440
20626754000,s,1340
20637978000,r,1440
20637978000,r,1440
20639030000,r,1440
20639284000,s,1340
20640569000,s,1340
20651426000,r,1440
20651426000,r,1440
20651427000,r,1440
20652809000,s,1340
20663649000,r,1440
20663649000,r,1440
20665062000,r,1440
20665433000,s,1340
20666237000,s,1340
20677424000,r,1440
20677424000,r,1440
20677425000,r,1440
20679235000,s,1340
20690564000,r,1440
20690564000,r,1440
20690565000,r,1440
20690565000,r,1440
20691704000,r,1440
20692377000,s,1340
20692695000,s,1340
20703676000,r,1440
20703677000,r,1440
20705066000,r,1440
20706578000,s,1340
20715685000,r,1440
20715685000,r,1440
20715686000,r,1440
20716113000,r,1440
20716392000,r,1440
20718127000,r,1440
20718698000,s,1340
20718725000,r,1440
20719061000,s,1340
20729981000,r,1440
20729981000,r,1440
20729982000,r,1440
20732041000,s,1340
20732397000,s,1340
20743574000,r,1440
20743574000,r,1440
20744941000,r,1440
20745815000,r,1440
20746383000,s,1340
20757233000,r,1440
20757234000,r,1440
20758595000,s,1340
20758899000,s,1340
20769470000,r,1440
20769470000,r,1440
20769471000,r,1440
20771104000,s,1340
20782365000,r,1440
20782365000,r,1440
20782366000,r,1440
20784530000,s,1340
20784824000,s,1340
20796274000,r,1440
20796274000,r,1440
20797792000,r,1440
20799430000,s,1340
20810291000,r,1440
20810291000,r,1440
20811823000,s,1340
20823277000,r,1440
20823277000,r,1440
20823278000,r,1440
20824630000,s,1340
20835419000,r,1440
20835420000,r,1440
20835420000,r,1440
20836949000,s,1340
20837261000,s,1340
20847632000,r,1440
20847633000,r,1440
20851981000,r,1440
20853372000,s,1340
20863663000,r,1440
20863664000,r,1440
20864956000,r,1440
20865185000,s,1340
20866322000,s,1340
20875637000,r,1440
20879943000,r,1440
20879943000,r,1440
20881479000,s,1340
20891577000,r,1440
20893361000,s,1340
20895950000,r,1440
20904846000,r,1440
20904846000,r,1440
20904847000,r,1440
20906404000,s,1340
20917144000,r,1440
20917145000,r,1440
20917145000,r,1440
20919166000,s,1340
20919473000,s,1340
20930696000,r,1440
20930697000,r,1440
20930697000,r,1440
20932222000,s,1340
20943661000,r,1440
20943662000,r,1440
20944004000,r,1440
20945608000,s,1340
20945961000,s,1340
20955636000,r,1440
20957558000,r,1440
20957558000,r,1440
20958249000,r,1440
20958759000,s,1340
20959252000,r,1440
20960759000,s,1340
20963587000,r,1440
20964668000,s,1340
20970661000,r,1440
20970661000,r,1440
20970662000,r,1440
20972229000,s,1340
20974963000,r,1440
20974963000,r,1440
20974964000,r,1440
20974964000,r,1440
20974965000,r,1440
20976730000,s,1340
20977059000,s,1340
20982362000,r,1440
20982362000,r,1440
20987535000,r,1440
20988878000,s,1340
20991570000,r,1440
20999592000,r,1440
21001031000,s,1340
21003676000,r,1440
21003676000,r,1440
21005158000,s,1340
21011573000,r,1440
21011903000,r,1440
21013377000,r,1440
21014285000,r,1440
21014285000,r,1440
21014958000,s,1340
21015287000,s,1340
21026219000,r,1440
21026219000,r,1440
21027301000,r,1440
21027829000,s,1340
21028512000,s,1340
21039708000,r,1440
26267991000,r,1440
26269953000,s,1340
26284268000,r,1440
28341024000,s,1340
28379046000,s,1340
28379725000,s,1340
28400721000,r,1440
28400721000,r,1440
28401489000,r,1440
28402772000,s,1340
28403144000,s,1340
28414656000,r,1440
28414657000,r,1440
28414657000,r,1440
28416872000,s,1340
28427634000,r,1440
29136243000,r,1440
29139742000,s,1340
29149933000,r,1440
29149933000,r,1440
29149934000,r,1440
29150973000,r,1440
29153246000,s,1340
29164671000,r,1440
29164671000,r,1440
29165636000,r,1440
29166264000,s,1340
29166757000,s,1340
29176614000,r,1440
29176615000,r,1440
29177562000,r,1440
29178444000,s,1340
29189207000,r,1440
29189208000,r,1440
29190168000,r,1440
29190168000,r,1440
29190845000,s,1340
29191211000,s,1340
29202323000,r,1440
29202323000,r,1440