0,s,124
34263000,s,124
34716000,s,124
34760000,s,124
55464000,r,124
56366000,s,124
58661000,s,1340
58753000,s,716
68917000,r,124
69743000,r,364
70806000,s,124
79381000,s,188
82475000,s,204
83676000,s,668
92273000,r,204
92924000,r,172
93975000,s,124
94996000,s,156
105431000,r,124
107291000,s,1340
107882000,s,1340
112337000,s,172
121343000,r,1372
122155000,r,1372
129433000,s,1340
129734000,s,188
133441000,s,316
133600000,s,396
143353000,r,124
147056000,r,124
163536000,r,252
163536000,r,252
165854000,s,140
178779000,r,124
192772000,s,140
3844970000,r,1340
3844971000,r,1340
3844971000,r,1340
3844972000,r,1340
3844972000,r,1340
3844973000,r,1340
3844973000,r,1340
3844973000,r,1340
3845815000,r,284
3845815000,r,284
3849369000,s,124
3850088000,s,124
3850395000,s,124
3850880000,s,124
3851335000,s,124
3917459000,s,476
3918403000,s,364
3935495000,r,124
3937844000,s,156
3939184000,s,156
3940618000,s,156
3941564000,r,1340
3941564000,r,1340
3941564000,r,380
3941899000,s,124
3942270000,s,124
3942490000,s,124
3942623000,s,124
3945041000,r,396
3945041000,r,1340
3945041000,r,1340
3945041000,r,1340
3945041000,r,1340
3945041000,r,1340
3945041000,r,1340
3945817000,r,1340
3945817000,r,1340
3945818000,r,1340
3946104000,s,124
3946218000,s,124
3946323000,s,124
3946420000,s,124
3946513000,s,124
3946598000,s,124
3946681000,s,124
3946757000,s,124
3946831000,s,124
3946982000,s,124
3947572000,r,1340
3947572000,r,1340
3947572000,r,1340
3947572000,r,1340
3947572000,r,1340
3947573000,r,188
3947573000,r,332
3947573000,r,204
3947988000,s,124
3948037000,s,124
3948072000,s,124
3948085000,s,124
3948094000,s,124
3952731000,r,124
3953654000,s,124
3953779000,r,1340
3953779000,r,1340
3953779000,r,1180
3954407000,s,124
3954646000,s,124
3954759000,s,124
3959041000,s,1340
3959239000,s,1340
3962291000,s,1340
3962455000,s,732
3975100000,s,172
3976066000,s,972
3980252000,r,124
3980252000,r,124
3980252000,r,364
3982102000,s,124
3982776000,s,188
3983417000,s,668
3992530000,r,140
3992530000,r,1340
3994669000,r,124
3994669000,r,124
3994669000,r,204
3994670000,r,1340
3994670000,r,396
3994670000,r,1036
4001004000,s,1340
4002443000,s,140
4002584000,s,172
4003688000,r,124
4003688000,r,1340
4003688000,r,1340
4004673000,s,124
4005513000,s,124
4011497000,r,1340
4011497000,r,1340
4011497000,r,1340
4011497000,r,1340
4011497000,r,1340
4011497000,r,1340
4012472000,s,124
4012555000,s,124
4012574000,s,124
4018196000,r,1340
4018196000,r,1340
4018196000,r,1340
4018197000,r,1340
4018645000,s,124
4018994000,s,124
4025250000,r,1340
4025250000,r,1340
4025251000,r,1340
4025251000,r,1340
4025251000,r,1340
4025251000,r,1340
4025251000,r,428
4026071000,s,124
4026207000,s,124
4026285000,s,124
4026361000,s,124
4031569000,r,220
4032192000,s,124
4057595000,r,1340
4057595000,r,1340
4057595000,r,1340
4057595000,r,1340
4057595000,r,1340
4057595000,r,1340
4057596000,r,1340
4057596000,r,1340
4057877000,r,1340
4057877000,r,1340
4057877000,r,1340
4057877000,r,1340
4057877000,r,1340
4059002000,s,124
4059568000,r,1340
4059568000,r,1340
4060682000,s,124
4060909000,r,1340
4061236000,r,1340
4063261000,r,1340
4063261000,r,1340
4065052000,r,1340
4065052000,r,1340
4065868000,s,124
4066233000,s,124
4066351000,s,124
4066458000,s,124
4066562000,s,124
4066617000,s,124
4066631000,r,1340
4066638000,s,124
4066649000,s,124
4066658000,s,124
4067943000,s,124
4069997000,r,1340
4069998000,r,1340
4069998000,r,1340
4069998000,r,1340
4069998000,r,1340
4072675000,s,124
4072727000,s,124
4073124000,r,1340
4073124000,r,1340
4073648000,s,124
4074561000,r,1340
4074561000,r,1340
4075810000,s,124
4077008000,r,1340
4077008000,r,1340
4078862000,s,124
4081169000,r,1340
4081169000,r,1340
4081170000,r,1340
4081170000,r,204
4082043000,s,124
4082087000,s,124
4085116000,r,124
4112388000,s,140
4113276000,s,140
4114025000,s,140
4115575000,s,284
4116217000,s,220
4119766000,r,140
4124486000,r,300
4124486000,r,204
4131521000,s,1340
4131648000,s,1340
4136483000,r,124
4137564000,r,1340
4137564000,r,1340
4139093000,s,124
4139978000,r,1340
4139978000,r,1340
4139979000,r,1340
4139979000,r,1340
4139979000,r,1340
4139979000,r,1340
4139979000,r,284
4139979000,r,1340
4140083000,r,1340
4140083000,r,1340
4140083000,r,1340
4140083000,r,1340
4140083000,r,1340
4140083000,r,1340
4140084000,r,1340
4141194000,r,1340
4142926000,r,1340
4143014000,r,1340
4143014000,r,1340
4143014000,r,1340
4144479000,r,1340
4144479000,r,1340
4144479000,r,1340
4144479000,r,1340
4146881000,s,124
4147495000,s,124
4147576000,s,124
4148617000,s,124
4148998000,s,124
4153163000,s,172
4155132000,r,1340
4155132000,r,1340
4155132000,r,1340
4155132000,r,1340
4155132000,r,1340
4155132000,r,1340
4155132000,r,1340
4155132000,r,1340
4155268000,r,1340
4155268000,r,1340
4155268000,r,1340
4155268000,r,1340
4155268000,r,1340
4155268000,r,1340
4155268000,r,1340
4155269000,r,1340
4156556000,r,1340
4156556000,r,1340
4156556000,r,1340
4156557000,r,1340
4158411000,r,1340
4158411000,r,1340
4158411000,r,1340
4158411000,r,1340
4158720000,s,124
4158766000,r,1340
4158766000,r,796
4158930000,s,124
4159095000,s,124
4159315000,s,124
4159535000,s,124
4159919000,s,124
4160079000,s,124
4160314000,s,124
4162372000,r,140
4162372000,r,1340
4162588000,s,1340
4162634000,s,316
4166897000,s,124
4167216000,s,124
4167519000,s,124
4167766000,s,124
4167901000,s,124
4167959000,r,1340
4167959000,r,396
4167960000,r,1036
4168152000,s,124
4168586000,s,124
4168837000,s,124
4170612000,s,1340
4171233000,s,172
4171464000,s,124
4172708000,r,124
4172708000,r,124
4173053000,s,412
4173818000,s,124
4173941000,s,124
4174187000,s,140
4174507000,r,124
4174525000,s,124
4174817000,s,364
4186462000,r,124
4198905000,r,220
4224087000,r,124
4225319000,s,124
4232512000,r,380
4265371000,s,156
4265691000,s,156
4266117000,s,156
4272051000,r,188
4272051000,r,172
4272051000,r,188
4277739000,s,124
4279021000,s,1340
4279135000,s,1340
4280673000,s,156
4281374000,s,156
4281854000,s,156
4282778000,s,172
4283472000,s,572
4287907000,r,188
4287907000,r,172
4296436000,r,140
4296436000,r,1340
4300485000,s,1340
4300567000,s,1340
4304382000,s,172
4305036000,s,540
4306458000,r,1340
4309489000,s,1340
4309785000,r,412
4309785000,r,1036
4309785000,r,140
4309785000,r,124
4309786000,r,220
4311087000,s,268
4311974000,s,172
4312014000,s,124
4313588000,r,140
4314521000,r,124
4314875000,s,124
4316678000,r,140
4316678000,r,1340
4326556000,r,1340
4326557000,r,396
4326557000,r,1052
4328166000,r,124
4328167000,r,124
4328167000,r,508
4328167000,r,220
4328167000,r,556
4328610000,s,172
4328951000,s,124
4329121000,s,124
4330298000,s,124
4340909000,s,156
4341338000,s,156
4341586000,s,156
4343463000,r,220
4343463000,r,124
4345107000,r,124
4356351000,s,124
4362055000,r,268
4362055000,r,316
4362055000,r,204
4369046000,s,1340
4369221000,s,1340
4369421000,s,124
4371720000,s,172
4377178000,s,140
4377692000,s,140
4378012000,s,140
4383886000,r,172
4383886000,r,140
4383886000,r,156
4384052000,r,172
4384052000,r,1340
4389902000,s,1340
4390041000,s,1340
4390128000,s,1340
4390695000,s,604
4392483000,r,1340
4392484000,r,396
4392484000,r,1052
4392484000,r,124
4393787000,s,172
4393827000,s,124
4394313000,s,700
4395321000,s,172
4395406000,s,556
4408495000,r,220
4408703000,r,124
4409565000,s,124
4416147000,r,140
4416148000,r,140
4416974000,r,1340
4416974000,r,1340
4416975000,r,124
4417963000,r,1340
4417964000,r,1340
4417964000,r,1340
4417964000,r,1340
4417964000,r,1340
4417964000,r,1340
4419278000,s,124
4419332000,s,124
4419351000,s,124
4420397000,r,1340
4420397000,r,1340
4420397000,r,1340
4420398000,r,1340
4420398000,r,1340
4421026000,s,124
4421834000,r,1340
4421834000,r,1340
4421834000,r,1340
4421835000,r,1340
4421919000,s,124
4421967000,s,124
4422424000,s,124
4422620000,s,124
4427517000,r,1340
4427517000,r,1340
4427517000,r,1340
4427517000,r,1340
4427517000,r,1340
4427518000,r,1340
4427518000,r,396
4427518000,r,1036
4427679000,r,124
4428346000,s,124
4428415000,s,124
4429418000,r,1340
4429418000,r,1340
4429419000,r,1340
4429963000,s,172
4430058000,s,124
4430486000,s,124
4432100000,r,1340
4432100000,r,1340
4432100000,r,1340
4432100000,r,1340
4432101000,r,1340
4432101000,r,1340
4432101000,r,1340
4432101000,r,1340
4432247000,r,1340
4432248000,r,1340
4432248000,r,1340
4432248000,r,1340
4432248000,r,1340
4432248000,r,1340
4432248000,r,1340
4432248000,r,1340
4432280000,r,1340
4432280000,r,1116
4432280000,r,1340
4432280000,r,1340
4432280000,r,1340
4432280000,r,1340
4432281000,r,1340
4432281000,r,1340
4432311000,r,1340
4432311000,r,1340
4432312000,r,1340
4432312000,r,1340
4433015000,r,1340
4433015000,r,1340
4433016000,r,524
4433016000,r,476
4433016000,r,1340
4433324000,s,124
4433392000,s,124
4433713000,s,124
4433818000,s,124
4433901000,s,124
4433965000,s,124
4434932000,r,1340
4434932000,r,1340
4434932000,r,1340
4434932000,r,1340
4434932000,r,1340
4434932000,r,1340
4434932000,r,1340
4434932000,r,1340
4435035000,r,1340
4435035000,r,1340
4435035000,r,1340
4435035000,r,1340
4435035000,r,1340
4435036000,r,1340
4435036000,r,1340
4435036000,r,1340
4435063000,r,1340
4436117000,r,1340
4436117000,r,1340
4436117000,r,1340
4439092000,s,124
4439200000,s,124
4439217000,r,1340
4439217000,r,1340
4439217000,r,1340
4439218000,r,1340
4439218000,r,1340
4439218000,r,1340
4439218000,r,1340
4439310000,s,124
4439218000,r,1340
4439334000,r,1340
4439334000,r,1340
4439334000,r,1340
4439334000,r,1340
4439334000,r,1340
4440579000,s,124
4440645000,s,124
4441803000,r,1340
4441803000,r,1340
4441803000,r,1340
4441803000,r,1340
4441803000,r,1340
4441803000,r,1228
4441803000,r,1340
4441803000,r,412
4443468000,s,124
4443583000,s,124
4443665000,s,124
4443717000,s,124
4443785000,s,124
4443893000,s,124
4443947000,s,124
4444012000,s,124
4444079000,s,124
4444140000,s,124
4446439000,s,124
4446521000,s,124
4446538000,s,124
4446557000,s,124
4446568000,s,124
4446578000,s,124
4446587000,s,124
4446597000,s,124
4446608000,s,124
4446619000,s,124
4447394000,s,124
4447499000,s,124
4447567000,s,124
4447696000,s,124
4448237000,s,124
4448343000,s,124
4449641000,s,188
4453425000,r,220
4453425000,r,124
4454707000,s,124
4472948000,s,124
4473321000,r,348
4473322000,r,300
4474312000,s,124
4480287000,r,124
4513663000,r,124
4524659000,s,1068
4535871000,s,156
4536915000,s,156
4537420000,s,156
4540315000,r,1340
4540315000,r,1340
4540315000,r,1340
4541010000,s,124
4541058000,s,124
4541069000,s,124
4543348000,r,1340
4543348000,r,1340
4543348000,r,1340
4543348000,r,812
4543758000,s,124
4543790000,s,124
4543800000,s,124
4543808000,s,124
4544752000,r,1340
4544752000,r,1340
4544752000,r,1340
4544752000,r,172
4544752000,r,172
4544752000,r,204
4545149000,s,124
4545187000,s,124
4545198000,s,124
4553217000,r,1340
4553217000,r,1340
4553218000,r,1340
4553218000,r,956
4554246000,r,268
4554264000,s,124
4554247000,r,252
4554364000,s,124
4554433000,s,124
4554506000,s,124
4559471000,s,1340
4559656000,s,1340
4562249000,s,124
4566187000,s,172
4586194000,r,140
4586195000,r,1340
4595286000,r,1340
4595286000,r,396
4595286000,r,732
4597639000,s,1340
4598008000,s,172
4598299000,s,124
4598868000,s,1340
4598929000,s,508
4599272000,s,1020
4602619000,r,124
4618793000,r,124
4624542000,s,252
4625030000,r,220
4625030000,r,124
4625030000,r,124
4625030000,r,124
4626071000,s,124
4629621000,s,732
4634174000,r,460
4634174000,r,140
4635506000,s,124
4638322000,r,268
4638322000,r,188
4640054000,s,124
4650586000,r,172
4656936000,s,1340
4657100000,s,876
4661632000,r,124
4664481000,r,332
4665071000,s,124
4684060000,r,124
4695235000,r,252
4695235000,r,316
4696202000,s,124
4702971000,s,124
4713415000,r,124
4748497000,r,124
6567511000,s,1340
6607852000,s,1340
6608269000,s,1340
6608366000,s,1340
6608385000,s,1340
6608415000,s,1340
6608428000,s,1340
6608440000,s,1340
6608490000,s,1340
6608507000,s,1340
6608519000,s,1340
6608530000,s,1340
6608539000,s,476
6617348000,r,1340
6617349000,r,1340
6617349000,r,1340
6617349000,r,1340
6617349000,r,1340
6617349000,r,1340
6617350000,r,1244
6617350000,r,1340
6617637000,r,1340
6617637000,r,1340
6617637000,r,1340
6618539000,s,124
6618627000,s,124
6618657000,s,124
6618680000,s,124
6618701000,s,124
6618714000,s,124
6620738000,s,124
6620810000,s,124
6620855000,s,124
6620877000,s,124
6620897000,s,124
6624759000,s,156
6629837000,r,1340
6630642000,r,1340
6630642000,r,1340
6630642000,r,1340
6630643000,r,1340
6630643000,r,1340
6630643000,r,1340
6631163000,s,124
6631238000,s,124
6631456000,s,124
6631957000,r,1340
6631957000,r,1340
6631958000,r,1340
6631958000,r,1340
6631958000,r,1340
6631958000,r,1340
6632512000,s,124
6632718000,s,124
6632765000,s,124
6633213000,r,1340
6633213000,r,1340
6633213000,r,1340
6633519000,s,124
6633703000,s,1340
6633900000,s,124
6634721000,r,1340
6634722000,r,1340
6634722000,r,1340
6634722000,r,1340
6634722000,r,1340
6636109000,s,124
6637004000,s,124
6640487000,r,124
6640618000,r,124
6640618000,r,124
6640618000,r,124
6640619000,r,124
6643376000,r,1340
6643377000,r,1340
6643377000,r,1340
6643377000,r,1340
6643377000,r,1340
6643377000,r,1340
6643378000,r,1340
6643378000,r,1340
6643505000,r,1340
6643506000,r,1340
6643506000,r,1340
6643506000,r,1340
6643506000,r,1340
6643886000,r,1340
6643886000,r,1340
6643886000,r,1340
6643887000,r,1340
6643887000,r,1340
6643887000,r,1340
6643887000,r,1340
6643887000,r,1340
6643987000,r,1340
6644321000,s,124
6644383000,s,124
6644403000,s,124
6644418000,s,124
6644435000,s,124
6644950000,s,124
6644982000,s,124
6645067000,s,124
6645112000,s,124
6645133000,s,124
6645147000,s,124
6645393000,r,1340
6645393000,r,1340
6645393000,r,1340
6646204000,s,124
6646295000,s,124
6647122000,s,124
6647257000,r,1340
6647257000,r,1340
6647258000,r,1340
6647258000,r,1340
6647258000,r,1340
6647258000,r,1340
6647258000,r,956
6647848000,s,124
6647904000,s,124
6647921000,s,124
6658075000,r,204
6658076000,r,236
6658076000,r,124
6665721000,s,140
6689167000,s,124
6714539000,r,124
9265661000,r,140
9265661000,r,124
9266413000,s,124
9313082000,s,124
14868719000,s,156
14902715000,s,156
14903137000,s,156
14921829000,r,156
16540949000,r,156
16540949000,r,140
16540950000,r,124
16545398000,s,124
16545847000,s,124
16547485000,s,124
16548606000,r,124
16550967000,s,108
21975662000,s,156
22015151000,s,156
22015622000,s,156
22036553000,r,156