0,s,156
37840000,s,156
38394000,s,156
55486000,r,156
388495000,s,124
391327000,s,124
410061000,r,124
412480000,s,124
415549000,s,1340
415788000,s,684
427257000,r,124
429044000,r,364
430076000,s,124
431528000,s,188
432152000,s,204
434249000,s,668
443172000,r,204
443172000,r,172
444946000,s,124
445423000,s,156
457751000,r,124
466275000,s,1340
466423000,s,1340
466530000,s,172
474273000,r,1340
474273000,r,1340
474273000,r,1340
474273000,r,1340
474274000,r,1340
474274000,r,1340
474274000,r,1340
474274000,r,1340
474480000,r,284
475719000,s,124
476033000,s,124
476711000,s,124
476978000,s,124
482128000,r,1372
482129000,r,1372
489105000,s,1340
495335000,s,188
497352000,s,316
498179000,s,396
506478000,r,124
508279000,s,476
508719000,s,364
510803000,r,124
511286000,r,124
516306000,s,124
522234000,r,124
524626000,s,156
525532000,s,156
526227000,r,1340
526227000,r,1340
526227000,r,380
526227000,r,396
526227000,r,1340
526227000,r,1340
526228000,r,1340
526317000,r,1340
526317000,r,1340
526317000,r,1340
526477000,s,156
526716000,s,124
526761000,s,124
526847000,s,124
528765000,r,1340
528765000,r,1340
528765000,r,1340
528765000,r,1340
528765000,r,1340
528827000,s,124
528765000,r,1340
528765000,r,1340
528766000,r,1340
528850000,r,124
528850000,r,252
528850000,r,252
529268000,s,124
529308000,s,124
529702000,s,124
529851000,s,124
529966000,s,124
530916000,s,140
534281000,r,332
534281000,r,204
536159000,s,1340
536199000,r,124
536212000,s,796
536971000,r,1340
536971000,r,1340
536971000,r,1180
537388000,s,124
537422000,s,124
546224000,r,124
546224000,r,124
550221000,r,364
550758000,s,124
551238000,s,188
551714000,s,668
557930000,s,140
560855000,r,124
560855000,r,124
560855000,r,204
561063000,r,188
567509000,s,1340
567687000,s,1340
568317000,s,172
570435000,s,124
572369000,r,1340
572369000,r,1340
572369000,r,1340
572369000,r,1340
572369000,r,1340
572369000,r,1340
572370000,r,1340
572370000,r,1340
572494000,r,1340
573002000,s,124
573300000,s,124
573465000,s,124
573692000,s,124
573945000,s,124
590252000,r,124
591195000,s,124
594213000,r,140
594213000,r,1340
594454000,s,1340
594518000,s,1132
610248000,r,1340
610248000,r,396
610248000,r,1036
610248000,r,124
610248000,r,1340
610248000,r,1340
610248000,r,1340
610249000,r,1340
610475000,r,1340
610475000,r,1340
610475000,r,1340
610475000,r,1340
610475000,r,1340
610475000,r,428
611465000,s,124
611611000,s,124
611708000,s,124
611770000,s,124
611852000,s,124
613566000,s,1340
615131000,s,140
615367000,s,172
615763000,s,124
619689000,r,124
619689000,r,124
619690000,r,124
621036000,s,972
629196000,r,1340
629197000,r,348
630381000,s,124
630964000,s,124
632233000,s,188
640688000,r,220
646218000,r,124
647345000,s,124
655532000,r,1084
662374000,s,1340
662434000,s,316
675066000,r,124
675067000,r,124
681590000,s,412
682407000,s,364
694221000,r,124
698572000,s,124
710271000,r,1340
710271000,r,1340
710271000,r,1340
710586000,r,1340
710586000,r,1340
710586000,r,1340
711427000,s,124
711489000,s,124
711761000,r,1340
711761000,r,1340
711761000,r,1340
711761000,r,268
711761000,r,1340
711761000,r,1340
711762000,r,1340
711762000,r,1340
712065000,s,124
716002000,r,1340
716002000,r,1340
716002000,r,1340
716900000,s,124
717417000,r,1340
717417000,r,1340
717559000,s,124
717855000,s,124
718388000,s,124
718886000,r,1340
718886000,r,1340
718886000,r,1340
720625000,s,124
720964000,s,124
721645000,s,124
721977000,s,124
722237000,r,1340
722237000,r,1340
722238000,r,1340
724393000,r,1340
724393000,r,1340
724462000,s,124
725669000,s,124
726844000,r,1340
726844000,r,1340
726844000,r,1340
727746000,s,124
728148000,s,124
728161000,r,1340
728162000,r,1340
729317000,s,124
731748000,r,1340
731748000,r,1340
733676000,s,124
735019000,r,1340
735019000,r,1340
735020000,r,1340
735020000,r,156
735236000,s,284
735635000,s,124
741068000,s,140
742015000,s,140
742859000,s,140
744067000,s,220
747968000,r,268
758286000,r,124
761178000,r,1340
761178000,r,1340
761178000,r,1340
761179000,r,1340
761179000,r,1340
761179000,r,1340
761179000,r,1340
761179000,r,1340
761282000,r,204
762646000,r,1340
762790000,s,124
762646000,r,1340
762646000,r,1340
762647000,r,1340
762890000,s,124
763128000,s,124
763190000,s,124
764113000,r,1340
764113000,r,1340
764113000,r,1340
764113000,r,1340
766471000,r,380
766471000,r,1340
766471000,r,1340
766471000,r,1340
766471000,r,1340
766655000,r,1340
766655000,r,1340
769530000,r,1340
769530000,r,1340
769530000,r,1340
769530000,r,1340
769530000,r,1340
769530000,r,1340
769746000,r,1340
769746000,r,1340
770219000,r,140
770246000,s,124
770335000,s,124
770675000,s,124
770716000,s,124
770734000,s,124
770745000,s,124
771145000,s,124
771301000,s,124
771437000,s,124
771581000,s,124
771708000,s,124
773946000,r,1340
773946000,r,1340
773946000,r,1340
773946000,r,1340
774338000,r,1340
774338000,r,1340
776038000,r,1340
776039000,r,1340
776039000,r,1340
776039000,r,1340
776583000,s,1340
776745000,s,1340
776880000,s,172
777032000,s,124
777054000,r,1340
777054000,r,1340
777054000,r,1340
777335000,s,124
777465000,s,124
777629000,s,124
777687000,s,124
777900000,s,140
778143000,s,124
778978000,r,1340
778978000,r,1340
778979000,r,1340
778979000,r,220
779728000,r,1340
779729000,r,1340
779729000,r,1340
779729000,r,1340
780303000,r,1132
784004000,s,124
784089000,s,124
784114000,s,124
784126000,s,124
814718000,s,124
836124000,s,124
843470000,r,124
843470000,r,140
843470000,r,1340
843470000,r,1340
843470000,r,396
843470000,r,1036
843470000,r,124
843470000,r,124
845050000,s,172
845091000,s,124
868193000,r,124
868193000,r,220
870556000,s,156
871058000,s,156
871512000,s,156
875784000,s,156
876249000,s,156
876638000,s,156
877142000,r,188
877142000,r,172
877142000,r,188
881787000,s,1340
881870000,s,1340
881887000,s,1340
881902000,s,172
882705000,s,572
884076000,r,188
884076000,r,172
884076000,r,220
890771000,s,1340
890948000,s,1340
891091000,s,172
892107000,s,540
897259000,s,124
902256000,r,140
902256000,r,140
902256000,r,1340
902256000,r,1340
905633000,r,1340
905633000,r,396
905634000,r,1052
905634000,r,140
905634000,r,1340
905634000,r,140
905634000,r,124
907478000,s,1340
907743000,s,124
913604000,s,156
914063000,r,1340
914063000,r,396
914063000,r,1036
914064000,r,124
914064000,r,124
914064000,r,556
914594000,r,140
914641000,r,124
915390000,s,156
915898000,s,156
917225000,s,1340
917752000,s,124
918095000,s,124
918266000,s,124
920265000,r,268
922349000,r,220
922349000,r,316
922349000,r,508
923147000,s,124
931229000,r,220
931229000,r,124
937915000,s,1340
938126000,s,1340
938245000,s,172
940406000,s,140
941481000,s,140
941917000,s,140
944114000,s,620
947115000,r,172
947667000,r,156
947667000,r,172
948466000,s,124
952698000,s,1340
952814000,s,1340
953484000,s,172
953641000,r,140
953641000,r,1340
954011000,s,556
962461000,r,1340
962461000,r,396
962461000,r,1036
962461000,r,124
962461000,r,124
965061000,s,1340
965162000,s,124
965515000,s,700
965769000,s,124
968681000,r,124
968682000,r,1340
968682000,r,1340
968682000,r,1340
968682000,r,1340
968682000,r,1340
970228000,r,1340
970258000,s,124
970228000,r,1340
970229000,r,1340
970229000,r,1340
970229000,r,1340
970229000,r,1340
970229000,r,1340
970333000,s,124
970471000,s,124
971795000,s,124
971887000,s,124
971908000,s,124
973816000,r,1340
973816000,r,1340
974396000,s,124
975900000,r,1340
975900000,r,1340
976959000,r,140
977245000,s,124
977922000,r,204
977922000,r,1340
977922000,r,124
977922000,r,1340
978502000,s,252
978597000,r,220
979478000,r,124
979608000,s,124
981239000,r,1340
981239000,r,1340
981495000,s,124
982633000,r,1340
983253000,s,124
983292000,s,188
983949000,r,1340
984362000,s,124
986613000,r,1340
986613000,r,396
986613000,r,1036
986613000,r,124
986613000,r,1340
986613000,r,1340
987693000,s,172
987883000,s,124
988133000,r,1340
988133000,r,1340
988133000,r,1340
988133000,r,1340
988134000,r,1340
988134000,r,1340
988644000,s,124
989364000,s,124
989399000,s,124
989415000,s,124
990641000,r,1340
990641000,r,1340
990641000,r,1340
990641000,r,1340
990641000,r,1340
990641000,r,1340
990641000,r,1340
990641000,r,1340
990734000,r,1340
990734000,r,1340
990734000,r,1340
990734000,r,1340
990734000,r,1340
990735000,r,1052
990735000,r,1340
991580000,s,124
991673000,s,124
991989000,s,124
992135000,s,124
992219000,s,124
992287000,s,124
992354000,s,124
992625000,r,1340
992625000,r,1340
993767000,r,1340
993767000,r,1340
994965000,s,124
995226000,s,124
997658000,r,1340
997659000,r,1340
998460000,s,124
1000505000,r,1340
1000505000,r,1340
1000505000,r,1340
1000506000,r,1340
1000506000,r,1340
1000506000,r,1340
1000506000,r,1340
1000506000,r,1340
1000594000,r,1340
1000973000,s,124
1001607000,s,124
1001635000,s,124
1001650000,s,124
1002275000,r,1340
1002275000,r,1340
1002275000,r,1340
1002275000,r,1340
1002276000,r,1340
1002276000,r,524
1002276000,r,1340
1002276000,r,1340
1002346000,r,1340
1002346000,r,1340
1002724000,s,124
1002821000,s,124
1002854000,s,124
1002945000,s,124
1003024000,s,124
1006097000,r,476
1006097000,r,1340
1006097000,r,412
1006097000,r,1340
1006097000,r,1340
1006097000,r,1340
1006097000,r,1340
1006098000,r,1340
1006153000,r,1340
1006153000,r,1340
1006153000,r,1340
1006153000,r,1340
1006153000,r,1340
1006153000,r,332
1006153000,r,332
1006430000,s,124
1006598000,s,124
1006679000,s,124
1006775000,s,124
1006841000,s,124
1006903000,s,124
1007136000,s,124
1007335000,s,124
1008441000,r,1340
1008441000,r,1340
1008441000,r,1340
1008829000,s,124
1010220000,r,1340
1010220000,r,1340
1010220000,r,1340
1010220000,r,1340
1010221000,r,1340
1010868000,s,124
1010956000,s,124
1011013000,s,124
1012568000,r,1340
1012568000,r,1340
1012569000,r,1340
1012569000,r,1340
1012569000,r,220
1012569000,r,124
1013305000,r,1340
1013306000,r,1340
1013306000,r,1340
1013306000,r,156
1013569000,s,124
1013670000,s,124
1014993000,s,124
1015429000,s,124
1041283000,s,124
1042225000,r,124
1047295000,r,124
1057980000,s,252
1081036000,r,1340
1081036000,r,1340
1081036000,r,1340
1081037000,r,1340
1081037000,r,1340
1081037000,r,1340
1081037000,r,812
1081037000,r,1340
1081204000,r,1340
1081204000,r,1340
1081204000,r,140
1081731000,s,124
1081774000,s,124
1081785000,s,124
1081798000,s,124
1081806000,s,124
1089626000,s,140
1093277000,r,1340
1093277000,r,1340
1093277000,r,1340
1093277000,r,956
1094237000,s,124
1094380000,s,124
1124975000,s,1244
1134141000,s,156
1134518000,s,156
1135034000,s,156
1138293000,r,124
1140372000,r,172
1140372000,r,172
1152635000,r,268
1152654000,s,1340
1152710000,s,1340
1152635000,r,316
1152957000,s,172
1154186000,s,124
1158385000,s,1340
1158431000,s,876
1178155000,r,140
1178155000,r,1340
1180397000,r,124
1186274000,r,1340
1186275000,r,412
1186275000,r,732
1188297000,s,1340
1188433000,s,124
1188910000,s,1164
1189299000,s,1260
1189458000,s,1020
1189540000,s,124
1194225000,r,124
1194740000,r,252
1194740000,r,172
1201360000,r,124
1202058000,s,140
1210222000,r,204
1211209000,s,252
1216702000,r,220
1216702000,r,124
1218345000,s,124
1226218000,r,460
1226219000,r,220
1226219000,r,268
1226219000,r,188
1227237000,s,124
1227348000,s,124
1227633000,r,268
1227633000,r,140
1231220000,s,124
1249015000,r,124
1249015000,r,124
1280426000,r,124
2770493000,r,1340
2770494000,r,1340
2770494000,r,1340
2770495000,r,1340
2770495000,r,1340
2770496000,r,1340
2770496000,r,1244
2770497000,r,1340
2771384000,r,1340
2771385000,r,1340
2771385000,r,1340
2775142000,s,124
2775511000,s,124
2775637000,s,124
2775921000,s,124
2776446000,s,124
2793950000,r,1340
2793951000,r,1340
2793951000,r,1340
2793952000,r,1340
2793952000,r,1340
2793953000,r,1340
2793953000,r,1340
2793954000,r,1340
2794564000,r,1340
2794564000,r,1340
2794565000,r,1340
2794565000,r,1340
2794566000,r,1340
2794566000,r,1340
2794567000,r,1340
2794567000,r,1340
2794715000,r,1340
2794715000,r,1340
2797074000,s,124
2797688000,s,124
2797919000,s,124
2798186000,s,124
2798682000,s,124
2799001000,s,124
2799206000,s,124
2799554000,s,124
2799765000,s,124
2813636000,r,1340
2813636000,r,1340
2813637000,r,1340
2813637000,r,1340
2813638000,r,1340
2813638000,r,1340
2813639000,r,1340
2813639000,r,1340
2814083000,r,1340
2814083000,r,1340
2814084000,r,1340
2814084000,r,1340
2814085000,r,1340
2814085000,r,1340
2814085000,r,1340
2814086000,r,1340
2814316000,r,1340
2814316000,r,1340
2814317000,r,1340
2814317000,r,1340
2814318000,r,1340
2814318000,r,1340
2814318000,r,1340
2814319000,r,1340
2814477000,r,1340
2814477000,r,1340
2814478000,r,1340
2814478000,r,1340
2814479000,r,1340
2814479000,r,1340
2814480000,r,1340
2814480000,r,1340
2814615000,r,1340
2814616000,r,1340
2814616000,r,956
2815727000,s,124
2816287000,s,124
2817188000,s,124
2817466000,s,124
2818366000,s,124
2819185000,s,124
2819504000,s,124
2820012000,s,124
2820434000,s,124
2820863000,s,124
2821127000,s,124
2824760000,s,124
2824979000,s,124
2825171000,s,124
2825404000,s,124
2825590000,s,124
2825820000,s,124
2826023000,s,124
3176996000,s,1340
3177190000,s,1340
3177974000,s,1340
3178595000,s,1340
3179275000,s,1340
3179609000,s,1340
3179889000,s,1340
3180154000,s,1340
3180333000,s,1340
3180553000,s,1340
3180728000,s,988
3209382000,r,124
3209383000,r,124
3209383000,r,124
3209383000,r,124
3209384000,r,124
3218398000,s,124
3234332000,r,124
3250270000,r,188
3250270000,r,268
3264140000,s,140
3322309000,r,124
5890303000,r,140
5890303000,r,124
5890303000,r,124
5891878000,s,124
5892033000,s,124
7062314000,r,188
7064375000,s,108
12802817000,r,156
12802818000,r,140
12802818000,r,140
12807715000,s,124
12808796000,s,124
12826370000,r,124
18140677000,s,156
18152228000,r,156