0,s,1340
39175000,s,1340
39622000,s,1340
59860000,r,1440
64069000,r,1440
65990000,s,1340
66341000,s,1340
66982000,s,1340
67334000,s,1340
67847000,s,1340
68683000,s,1340
70303000,s,1340
70618000,s,1340
72636000,s,1340
72985000,s,1340
73837000,s,1340
74169000,s,1340
74462000,s,1340
74730000,s,1340
74999000,s,1340
75275000,s,1340
75576000,s,1340
75979000,s,1340
76280000,s,1340
76581000,s,1340
76857000,s,1340
77123000,s,1340
77208000,r,1440
77375000,s,1340
77209000,r,1440
77635000,s,1340
77900000,r,1440
77900000,s,1340
78159000,s,1340
78424000,s,1340
78698000,s,1340
78944000,s,1340
79193000,s,1340
79311000,r,1440
79433000,s,1340
79919000,s,1340
80180000,s,1340
80476000,s,1340
80767000,s,1340
81052000,s,1340
81331000,s,1340
81641000,s,1340
81941000,s,1340
82188000,s,1340
82453000,s,1340
82726000,s,1340
82982000,s,1340
83252000,s,1340
83538000,s,1340
83946000,s,1340
84235000,s,1340
84539000,s,1340
84825000,s,1340
85081000,s,1340
85323000,s,1340
85548000,s,1340
85773000,s,1340
86004000,s,1340
86255000,s,1340
86482000,s,1340
86704000,s,1340
86925000,s,1340
87148000,s,1340
87408000,s,1340
87643000,s,1340
88371000,s,1340
88656000,s,1340
88962000,s,1340
89560000,s,1340
89839000,s,1340
90069000,s,1340
90291000,s,1340
90528000,s,1340
90755000,s,1340
90981000,s,1340
91203000,s,1340
91450000,s,1340
91943000,s,1340
92219000,s,1340
92478000,s,1340
92729000,s,1340
92959000,s,1340
93186000,s,1340
93415000,s,1340
93671000,s,1340
93896000,s,1340
94123000,s,1340
94349000,s,1340
94574000,s,1340
94818000,s,1340
1716230000,s,1340
1756753000,s,1340
1757176000,s,1340
2788296000,r,1440
3733426000,s,1340
3775621000,s,1340
3776322000,s,1340
3776425000,s,1340
3797844000,r,1440
3799270000,s,1340
3800658000,s,1340
3800741000,s,1340
3809560000,s,1340
3809776000,s,1340
3810189000,s,1340
3813203000,r,1440
3815660000,r,1440
3816052000,s,1340
3817918000,r,1440
3818283000,s,1340
3819485000,s,1340
3820888000,s,1340
3823983000,r,1440
3823983000,r,1440
3824174000,s,1340
3830082000,r,1440
3830082000,r,1440
3830946000,s,1340
3831930000,s,1340
3832138000,s,1340
3832459000,s,1340
3832528000,r,1440
3832628000,s,1340
3835818000,s,1340
3836695000,s,1340
3841518000,s,1340
3845624000,r,1440
3845624000,r,1440
3848899000,r,1440
3849530000,s,1340
3851708000,r,1440
3853683000,r,1440
3853683000,r,1440
3853684000,r,1440
3853684000,r,1440
3854385000,s,1340
3854536000,s,1340
3854608000,s,1340
3855179000,s,1340
3855739000,r,1440
3855739000,r,1440
3855926000,r,1440
3855927000,r,1440
3855927000,r,1440
3856924000,s,1340
3857055000,s,1340
3857393000,s,1340
3857722000,s,1340
3858033000,s,1340
3858229000,s,1340
3858421000,s,1340
3858813000,s,1340
3858991000,s,1340
3859153000,s,1340
3859585000,s,1340
3859795000,s,1340
3859930000,s,1340
3860214000,s,1340
3860345000,s,1340
3860482000,s,1340
3860604000,s,1340
3860843000,s,1340
3860942000,s,1340
3861012000,s,1340
3861070000,s,1340
3861128000,s,1340
3861337000,s,1340
3861929000,s,1340
3862094000,s,1340
3862232000,s,1340
3862594000,s,1340
3862767000,s,1340
3862953000,s,1340
3863089000,s,1340
3863926000,s,1340
3864057000,s,1340
3865560000,s,1340
3865626000,s,1340
3865981000,s,1340
3866135000,s,1340
3866351000,s,1340
3866491000,s,1340
3867398000,s,1340
3867566000,s,1340
3867778000,s,1340
3867915000,s,1340
3868497000,r,1440
3868638000,r,1440
3872161000,r,1440
3872161000,r,1440
3873759000,s,1340
3873866000,s,1340
3873902000,s,1340
3873970000,r,1440
3873970000,r,1440
3874108000,s,1340
3874326000,s,1340
3874379000,s,1340
3874894000,s,1340
3880103000,s,1340
3881293000,s,1340
3884249000,s,1340
3887529000,s,1340
3893137000,r,1440
3894577000,r,1440
3894577000,r,1440
3895440000,s,1340
3895519000,r,1440
3896523000,r,1440
3896523000,r,1440
3896523000,r,1440
3897078000,s,1340
3897300000,s,1340
3897399000,s,1340
3900015000,r,1440
3900015000,r,1440
3900583000,r,1440
3900583000,r,1440
3900583000,r,1440
3900583000,r,1440
3900583000,r,1440
3900584000,r,1440
3900584000,r,1440
3900584000,r,1440
3900981000,s,1340
3901149000,s,1340
3901254000,s,1340
3901372000,s,1340
3901748000,s,1340
3901892000,s,1340
3903705000,r,1440
3903705000,r,1440
3903705000,r,1440
3903706000,r,1440
3903706000,r,1440
3903706000,r,1440
3903706000,r,1440
3904172000,s,1340
3904245000,s,1340
3904359000,s,1340
3904396000,s,1340
3904515000,s,1340
3904552000,s,1340
3907673000,r,1440
3907673000,r,1440
3907673000,r,1440
3908619000,s,1340
3908662000,s,1340
3910292000,r,1440
3910299000,s,1340
3910320000,s,1340
3918822000,s,1340
3921539000,r,1440
3921539000,r,1440
3921539000,r,1440
3921539000,r,1440
3922537000,s,1340
3923001000,s,1340
3923142000,s,1340
3925271000,s,1340
3926865000,s,1340
3932775000,s,1340
3933018000,r,1440
3933019000,r,1440
3933019000,r,1440
3934123000,s,1340
3935397000,r,1440
3935397000,r,1440
3936414000,r,1440
3936672000,s,1340
3937024000,s,1340
3937985000,r,1440
3943718000,r,1440
3946468000,s,1340
3947117000,r,1440
3947117000,r,1440
3947911000,s,1340
3948023000,s,1340
3948120000,s,1340
3948417000,s,1340
3948454000,s,1340
3948857000,r,1440
3948864000,s,1340
3948857000,r,1440
3948857000,r,1440
3948857000,r,1440
3948857000,r,1440
3948858000,r,1440
3948858000,r,1440
3948993000,s,1340
3949289000,s,1340
3949500000,s,1340
3949640000,s,1340
3949776000,s,1340
3949914000,s,1340
3950057000,s,1340
3950196000,s,1340
3950335000,s,1340
3950462000,s,1340
3950584000,s,1340
3952184000,s,1340
3959320000,r,1440
3959320000,r,1440
3959320000,r,1440
3959320000,r,1440
3959320000,r,1440
3959598000,r,1440
3959598000,r,1440
3960185000,s,1340
3960342000,s,1340
3960483000,s,1340
3961065000,s,1340
3961163000,s,1340
3961428000,s,1340
3961552000,s,1340
3961739000,s,1340
3961736000,r,1440
3961736000,r,1440
3961736000,r,1440
3961736000,r,1440
3961736000,r,1440
3962003000,s,1340
3962082000,s,1340
3962157000,s,1340
3962447000,s,1340
3962605000,s,1340
3962882000,s,1340
3963042000,s,1340
3963182000,s,1340
3963597000,s,1340
3963804000,s,1340
3963943000,s,1340
3964076000,s,1340
3964221000,s,1340
3964363000,s,1340
3964775000,s,1340
3964920000,s,1340
3965063000,s,1340
3965191000,s,1340
3965589000,s,1340
3965739000,s,1340
3965846000,s,1340
3965972000,s,1340
3966083000,s,1340
3966214000,s,1340
3966359000,s,1340
3966488000,s,1340
3966620000,s,1340
3966756000,s,1340
3966897000,s,1340
3967302000,s,1340
3967458000,s,1340
3967595000,s,1340
3967816000,s,1340
3967951000,s,1340
3968074000,s,1340
3968205000,s,1340
3968494000,s,1340
3968745000,s,1340
3968860000,s,1340
3968935000,s,1340
3968984000,s,1340
3969461000,s,1340
3969542000,r,1440
3969627000,s,1340
3969765000,s,1340
3972162000,r,1440
3972162000,r,1440
3972162000,r,1440
3972162000,r,1440
3973126000,s,1340
3973195000,s,1340
3973529000,s,1340
3984159000,s,1340
4013660000,s,1340
4030557000,r,1440
4030557000,r,1440
4030557000,r,1440
4030557000,r,1440
4030557000,r,1440
4030760000,r,1440
4030760000,r,1440
4030841000,r,1440
4030841000,r,1440
4031591000,s,1340
4031675000,s,1340
4031810000,s,1340
4031867000,s,1340
4031921000,s,1340
4031932000,s,1340
4031940000,s,1340
4031948000,s,1340
4031955000,s,1340
4031963000,s,1340
4031970000,s,1340
4031991000,s,1340
4032005000,s,1340
4032079000,s,1340
4032740000,s,1340
4032771000,s,1340
4032796000,s,1340
4033584000,s,1340
4033665000,s,1340
4034625000,s,1340
4034769000,s,1340
4034881000,s,1340
4034989000,s,1340
4035404000,s,1340
4035572000,s,1340
4035695000,r,1440
4035696000,r,1440
4035696000,r,1440
4035696000,r,1440
4035696000,r,1440
4035696000,r,1440
4035696000,r,1440
4035696000,r,1440
4035804000,r,1440
4035804000,r,1440
4035804000,r,1440
4035804000,r,1440
4035804000,r,1440
4035804000,r,1440
4035805000,r,1440
4035805000,r,1440
4035993000,s,1340
4036040000,s,1340
4036055000,s,1340
4036073000,s,1340
4036101000,s,1340
4036188000,s,1340
4036348000,s,1340
4036486000,s,1340
4036728000,s,1340
4037061000,s,1340
4037197000,s,1340
4037329000,s,1340
4037451000,s,1340
4037569000,s,1340
4037673000,s,1340
4037773000,s,1340
4037875000,s,1340
4037976000,s,1340
4038080000,s,1340
4038649000,s,1340
4038756000,s,1340
4038927000,s,1340
4039039000,s,1340
4039151000,s,1340
4039247000,s,1340
4039342000,s,1340
4039447000,s,1340
4039555000,s,1340
4039713000,s,1340
4039817000,s,1340
4039898000,s,1340
4039972000,s,1340
4040155000,s,1340
4040191000,s,1340
4040670000,s,1340
4041236000,s,1340
4041352000,s,1340
4041639000,s,1340
4041929000,s,1340
4042120000,s,1340
4042313000,s,1340
4042509000,s,1340
4042721000,s,1340
4042937000,s,1340
4043133000,s,1340
4043321000,s,1340
4043511000,s,1340
4043761000,s,1340
4043874000,s,1340
4043952000,s,1340
4044209000,s,1340
4044297000,s,1340
4044373000,s,1340
4044534000,s,1340
4044813000,s,1340
4045113000,s,1340
4045194000,s,1340
4045368000,s,1340
4045430000,s,1340
4045942000,s,1340
4046046000,s,1340
4046223000,s,1340
4046402000,s,1340
4046546000,r,1440
4055687000,r,1440
4057103000,s,1340
4057242000,r,1440
4057242000,r,1440
4057264000,s,1340
4057761000,r,1440
4057939000,s,1340
4058639000,r,1440
4061996000,r,1440
4062410000,s,1340
4069311000,r,1440
4069311000,r,1440
4069311000,r,1440
4070451000,s,1340
4070554000,r,1440
4070609000,s,1340
4070911000,s,1340
4071035000,s,1340
4071383000,s,1340
4071504000,s,1340
4071811000,s,1340
4072066000,s,1340
4072276000,s,1340
4072403000,s,1340
4072461000,s,1340
4072529000,s,1340
4072577000,s,1340
4073249000,s,1340
4073448000,s,1340
4073664000,s,1340
4073826000,s,1340
4073994000,s,1340
4074188000,s,1340
4074349000,s,1340
4074618000,s,1340
4074725000,s,1340
4074912000,s,1340
4075226000,s,1340
4075388000,s,1340
4075487000,s,1340
4075580000,s,1340
4075779000,s,1340
4076072000,s,1340
4076341000,s,1340
4076447000,s,1340
4076594000,s,1340
4076696000,s,1340
4076917000,s,1340
4077022000,s,1340
4077239000,s,1340
4077461000,s,1340
4077605000,s,1340
4077695000,s,1340
4078470000,s,1340
4079079000,s,1340
4079174000,s,1340
4079275000,s,1340
4079415000,s,1340
4079570000,s,1340
4079827000,s,1340
4079973000,s,1340
4080090000,s,1340
4080208000,s,1340
4080326000,s,1340
4080450000,s,1340
4080620000,s,1340
4082236000,s,1340
4082281000,s,1340
4082297000,s,1340
4082310000,s,1340
4082390000,s,1340
4092491000,s,1340
4129578000,r,1440
4173241000,s,1340
4214672000,r,1440
4214672000,r,1440
4216453000,s,1340
4569895000,r,1440
8103878000,r,1440
8103878000,r,1440
8103879000,r,1440
8103879000,r,1440
8103880000,r,1440
8103880000,r,1440
8103881000,r,1440
8103881000,r,1440
8104743000,r,1440
8104743000,r,1440
8104744000,r,1440
8104744000,r,1440
8104745000,r,1440
8108821000,s,1340
8109513000,s,1340
8109739000,s,1340
8109889000,s,1340
8112471000,s,1340
8112723000,s,1340
8113092000,s,1340
8113368000,s,1340
8113564000,s,1340
8117249000,s,1340
8125897000,r,1440
8125897000,r,1440
8125898000,r,1440
8125898000,r,1440
8125899000,r,1440
8125899000,r,1440
8125900000,r,1440
8125900000,r,1440
8126142000,r,1440
8126143000,r,1440
8126143000,r,1440
8126143000,r,1440
8126143000,r,1440
8126143000,r,1440
8127811000,r,1440
8127811000,r,1440
8127811000,r,1440
8127812000,r,1440
8127812000,r,1440
8127812000,r,1440
8128020000,s,1340
8128764000,s,1340
8128964000,s,1340
8129346000,s,1340
8129686000,s,1340
8130037000,s,1340
8130382000,s,1340
8130692000,s,1340
8130999000,s,1340
8131288000,s,1340
8131551000,s,1340
8131918000,s,1340
8132246000,s,1340
8132574000,s,1340
8132850000,s,1340
8133130000,s,1340
8133413000,s,1340
8133701000,s,1340
8133914000,s,1340
8134121000,s,1340
8135069000,s,1340
8135472000,s,1340
8135922000,s,1340
8136226000,s,1340
8136491000,s,1340
8136728000,s,1340
8136965000,s,1340
8141351000,r,1440
8141351000,r,1440
8141352000,r,1440
8141352000,r,1440
8141353000,r,1440
8141353000,r,1440
8141354000,r,1440
8141354000,r,1440
8141747000,r,1440
8141747000,r,1440
8142966000,s,1340
8143319000,s,1340
8143373000,r,1440
8145033000,s,1340
8145209000,s,1340
8145546000,s,1340
8146196000,s,1340
8146513000,s,1340
8146748000,s,1340
8146820000,s,1340
8146883000,s,1340
8147016000,s,1340
8147743000,r,1440
8147744000,r,1440
8147744000,r,1440
8147744000,r,1440
8148388000,r,1440
8148389000,r,1440
8148389000,r,1440
8148390000,r,1440
8148390000,r,1440
8148758000,s,1340
8149316000,s,1340
8149853000,s,1340
8149903000,s,1340
8150299000,s,1340
8150506000,r,1440
8150506000,r,1440
8150506000,r,1440
8150506000,r,1440
8150506000,r,1440
8150506000,r,1440
8150507000,r,1440
8150507000,r,1440
8150806000,s,1340
8150902000,s,1340
8150933000,s,1340
8151258000,s,1340
8151389000,s,1340
8151474000,s,1340
8151735000,s,1340
8151779000,s,1340
8152297000,s,1340
8152336000,s,1340
8152894000,s,1340
8153008000,s,1340
8153738000,s,1340
8154168000,s,1340
8154443000,s,1340
8154710000,s,1340
8154992000,s,1340
8155264000,s,1340
8155539000,s,1340
8155696000,r,1440
8155696000,r,1440
8155696000,r,1440
8155696000,r,1440
8155696000,r,1440
8155696000,r,1440
8155697000,r,1440
8155697000,r,1440
8155814000,r,1440
8155814000,r,1440
8155901000,s,1340
8156206000,s,1340
8156490000,s,1340
8156774000,s,1340
8157083000,s,1340
8157376000,s,1340
8157652000,s,1340
8157948000,s,1340
8158267000,s,1340
8158460000,r,1440
8158460000,r,1440
8158551000,s,1340
8158859000,s,1340
8159181000,s,1340
8159500000,s,1340
8159929000,s,1340
8160251000,s,1340
8160539000,s,1340
8160837000,s,1340
8161134000,s,1340
8161443000,s,1340
8161745000,s,1340
8162049000,s,1340
8162358000,s,1340
8162650000,s,1340
8162948000,s,1340
8163240000,s,1340
8163580000,s,1340
8163696000,r,1440
8165823000,s,1340
8166188000,s,1340
8166475000,s,1340
8166842000,s,1340
8167149000,s,1340
8167417000,s,1340
8167946000,s,1340
8168219000,s,1340
8168515000,s,1340
8168798000,s,1340
8169033000,s,1340
8169268000,s,1340
8169528000,s,1340
8169837000,s,1340
8170038000,s,1340
8170221000,s,1340
8170409000,s,1340
8170602000,s,1340
8170792000,s,1340
8170969000,s,1340
8171148000,s,1340
8171347000,s,1340
8171543000,s,1340
8171809000,s,1340
8172022000,s,1340
8172157000,s,1340
8172296000,s,1340
8172428000,s,1340
8172561000,s,1340
8172696000,s,1340
8172807000,s,1340
8172911000,s,1340
8173024000,s,1340
8173130000,s,1340
8173242000,s,1340
8173346000,s,1340
8173449000,s,1340
8173553000,s,1340
8173665000,s,1340
8174826000,s,1340
8175058000,s,1340
8175271000,s,1340
8175475000,s,1340
8175786000,s,1340
8176016000,s,1340
8176225000,s,1340
8176429000,s,1340
8176630000,s,1340
8176828000,s,1340
8177029000,s,1340
8177232000,s,1340
8177419000,s,1340
8177626000,s,1340
8177816000,s,1340
8178006000,s,1340
8178197000,s,1340
8178386000,s,1340
8178580000,s,1340
8178775000,s,1340
8178974000,s,1340
8179181000,s,1340
8179383000,s,1340
8179589000,s,1340
8179876000,s,1340
8180327000,s,1340
8180479000,s,1340
8180627000,s,1340
8180774000,s,1340
8181196000,s,1340
8181352000,s,1340
8181537000,s,1340
8181697000,s,1340
8182123000,s,1340
8182393000,s,1340
8182704000,s,1340
8182977000,s,1340
8183257000,s,1340
8183509000,s,1340
8183864000,s,1340
8184137000,s,1340
8184570000,s,1340
8184768000,s,1340
8184955000,s,1340
8185141000,s,1340
8185631000,s,1340
8186138000,s,1340
8186353000,s,1340
8186556000,s,1340
8186756000,s,1340
8186974000,s,1340
8187173000,s,1340
8187371000,s,1340
8187568000,s,1340
8188056000,s,1340
8188249000,s,1340
8188438000,s,1340
8188633000,s,1340
8188845000,s,1340
8189068000,s,1340
8189275000,s,1340
8189477000,s,1340
8189703000,s,1340
8190151000,s,1340
8190335000,s,1340
8190499000,s,1340
8190647000,s,1340
8190791000,s,1340
8190929000,s,1340
8191069000,s,1340
8191222000,s,1340
8191369000,s,1340
8191508000,s,1340
8196841000,s,1340
9179905000,r,1440
9179905000,r,1440
9179906000,r,1440
9184070000,s,1340
9192197000,r,1440
9194032000,s,1340
9205165000,s,1340
9205755000,s,1340
9206067000,s,1340
9206401000,s,1340
9207236000,s,1340
9207571000,s,1340
9207974000,s,1340
9208253000,s,1340
9208510000,s,1340
9208726000,s,1340
9208989000,s,1340
9209179000,s,1340
9209365000,s,1340
9209611000,s,1340
9209860000,s,1340
9210290000,s,1340
9210549000,s,1340
9210837000,s,1340
9211088000,s,1340
9211464000,s,1340
9211844000,s,1340
9212113000,s,1340
9212363000,s,1340
9212608000,s,1340
9212863000,s,1340
9213092000,s,1340
9213346000,s,1340
9213586000,s,1340
9213836000,s,1340
9214128000,s,1340
9215003000,r,1440
9215096000,s,1340
9215003000,r,1440
9216364000,s,1340
9216651000,s,1340
9216900000,s,1340
9217159000,s,1340
9217403000,s,1340
9217633000,s,1340
9217856000,s,1340
9218279000,s,1340
9218534000,s,1340
9227508000,s,1340
15122332000,s,1340
15135791000,r,1440
15428358000,r,1440
18087850000,r,1440
18087851000,r,1440
18087851000,r,1440
18092014000,s,1340
18092448000,s,1340
18092971000,s,1340
18093272000,s,1340
18093548000,s,1340
18094137000,s,1340
18094490000,s,1340
18094913000,s,1340
18095200000,s,1340
18095474000,s,1340
18095851000,s,1340
18096136000,s,1340
18096349000,s,1340
18096610000,s,1340
18096777000,s,1340
18096928000,s,1340
18097217000,s,1340
18097496000,s,1340
18097653000,r,1440
18097717000,s,1340
18097653000,r,1440
18098029000,s,1340
18098327000,s,1340
18098624000,s,1340
18098932000,s,1340
18099208000,s,1340
18099474000,s,1340
18099882000,s,1340
18100193000,s,1340
18100478000,s,1340
18100746000,s,1340
18101022000,s,1340
18101272000,s,1340
18101530000,s,1340
18101792000,s,1340
18102074000,s,1340
18102326000,s,1340
18102590000,s,1340
18102849000,s,1340
18103119000,s,1340
18103367000,s,1340
18103608000,s,1340
18103944000,s,1340
18104204000,s,1340
18104472000,s,1340
18104736000,s,1340
18105012000,s,1340
18105324000,s,1340
18105610000,r,1440
18105633000,s,1340
18105611000,r,1440
18105611000,r,1440
18105960000,s,1340
18106286000,s,1340
18106641000,s,1340
18106943000,s,1340
18107228000,s,1340
18107523000,s,1340
18108697000,s,1340
18109002000,s,1340
18109251000,s,1340
18109328000,r,1440
18109523000,s,1340
18109328000,r,1440
18109329000,r,1440
18109895000,s,1340
18110172000,s,1340
18110490000,s,1340
18110808000,s,1340
18111064000,s,1340
18111305000,r,1440
18111326000,s,1340
18111305000,r,1440
18111616000,s,1340
18111998000,s,1340
18112282000,s,1340
18112574000,s,1340
18112857000,s,1340
18113140000,s,1340
18113402000,s,1340
18113654000,s,1340
18113922000,s,1340
18114177000,s,1340
18114499000,s,1340
18114765000,s,1340
18115052000,s,1340
18115310000,s,1340
18115550000,s,1340
18115903000,s,1340
18116176000,s,1340
18116429000,s,1340
18116685000,s,1340
18116919000,s,1340
18117150000,s,1340
18117378000,s,1340
18117611000,s,1340
18127745000,r,1440
18129633000,s,1340
18140651000,s,1340
18141436000,s,1340
18141717000,s,1340
18141972000,s,1340
18142220000,s,1340
18142472000,s,1340
18142698000,s,1340
18142921000,s,1340
18143163000,s,1340
18143414000,s,1340
18143624000,s,1340
18143988000,s,1340
18144230000,s,1340
18144493000,s,1340
18144719000,s,1340
18144948000,s,1340
18145180000,s,1340
18145410000,s,1340
18145661000,s,1340
18145893000,s,1340
18146121000,s,1340
18146351000,s,1340
18146617000,s,1340
18146856000,s,1340
18147091000,s,1340
18147338000,s,1340
18147588000,s,1340
18147943000,s,1340
18148189000,s,1340
18148446000,s,1340
18148715000,s,1340
18148953000,s,1340
18149179000,s,1340
18149397000,s,1340
18149612000,s,1340
18149841000,s,1340
18150068000,s,1340
18150297000,s,1340
18150532000,s,1340
18150775000,s,1340
18151052000,s,1340
18151294000,s,1340
18151525000,s,1340
18151798000,r,1440
18151890000,s,1340
18152181000,s,1340
18152416000,s,1340
18152631000,s,1340
18152843000,s,1340
18153096000,s,1340
18153344000,s,1340
18153585000,s,1340
18153802000,s,1340
18154045000,s,1340
18154255000,s,1340
18154466000,s,1340
18154679000,s,1340
18154887000,s,1340
18155116000,s,1340
18155326000,s,1340
18155538000,s,1340
18156196000,s,1340
18156488000,s,1340
18157025000,s,1340
18157359000,s,1340
18157635000,s,1340
18157896000,s,1340
18158154000,s,1340
18158767000,s,1340
18158917000,r,1440
18159062000,s,1340
18158917000,r,1440
18158918000,r,1440
18159347000,s,1340
18160845000,s,1340
18161311000,s,1340
18161590000,s,1340
18161892000,s,1340
18162158000,s,1340
18162410000,s,1340
18162685000,s,1340
18162950000,s,1340
18163205000,s,1340
18163467000,s,1340
18163858000,s,1340
18164138000,s,1340
18164417000,s,1340
18164689000,s,1340
18164957000,s,1340
18165229000,s,1340
18165512000,s,1340
23193799000,s,1340
23233906000,s,1340
23234345000,s,1340
24242138000,s,1340
24280653000,s,1340
24281087000,s,1340
24299855000,r,1440
24302084000,r,1440