0,r,1440
3692000,s,1340
2707136000,s,1340
2758857000,s,1340
2759269000,s,1340
2759329000,s,1340
2759340000,s,1340
2781148000,r,1440
2783155000,r,1440
2783155000,r,1440
2783359000,s,1340
2785210000,s,1340
2785489000,r,1440
2785489000,r,1440
2785760000,s,1340
2785890000,s,1340
2786009000,s,1340
2786016000,r,1440
2786111000,s,1340
2786212000,s,1340
2786306000,s,1340
2786570000,s,1340
2786751000,s,1340
2786922000,s,1340
2787057000,r,1440
2787087000,s,1340
2787267000,s,1340
2787500000,s,1340
2787666000,s,1340
2787774000,s,1340
2788039000,s,1340
2788312000,r,1440
2788392000,s,1340
2788501000,s,1340
2788712000,s,1340
2788915000,s,1340
2789112000,s,1340
2789309000,s,1340
2789508000,s,1340
2789702000,s,1340
2789866000,s,1340
2790078000,s,1340
2790341000,s,1340
2790460000,s,1340
2790577000,s,1340
2790693000,s,1340
2790940000,s,1340
2791151000,s,1340
2791345000,s,1340
2791551000,r,1440
2791551000,r,1440
2791899000,s,1340
2792057000,s,1340
2792178000,s,1340
2794946000,r,1440
2794946000,r,1440
2795440000,r,1440
2795900000,s,1340
2796008000,s,1340
2796999000,r,1440
2796999000,r,1440
2798495000,r,1440
2798925000,s,1340
2799324000,r,1440
2799393000,r,1440
2800437000,s,1340
2804004000,r,1440
2804004000,r,1440
2804155000,r,1440
2804790000,s,1340
2805115000,s,1340
2807273000,s,1340
2808436000,s,1340
2809228000,r,1440
2809768000,s,1340
2810646000,r,1440
2810835000,s,1340
2810869000,r,1440
2815039000,r,1440
2815040000,r,1440
2815871000,s,1340
2819109000,r,1440
2819109000,r,1440
2820351000,s,1340
2820992000,s,1340
2821494000,s,1340
2822008000,s,1340
2822991000,s,1340
2823158000,s,1340
2823299000,s,1340
2823534000,s,1340
2823667000,s,1340
2823807000,s,1340
2823936000,s,1340
2824070000,s,1340
2824217000,s,1340
2824390000,s,1340
2824543000,s,1340
2824898000,s,1340
2825186000,s,1340
2825398000,s,1340
2825561000,s,1340
2825727000,s,1340
2825881000,s,1340
2826031000,s,1340
2826189000,s,1340
2826351000,s,1340
2826510000,s,1340
2826993000,s,1340
2827163000,s,1340
2827311000,s,1340
2827552000,s,1340
2827694000,s,1340
2827859000,s,1340
2827998000,s,1340
2828141000,s,1340
2828271000,s,1340
2828415000,s,1340
2828579000,s,1340
2828723000,s,1340
2828985000,s,1340
2829140000,s,1340
2829323000,s,1340
2830131000,s,1340
2830311000,s,1340
2830581000,s,1340
2830713000,s,1340
2830813000,s,1340
2830897000,s,1340
2830970000,s,1340
2831038000,s,1340
2831115000,s,1340
2831189000,s,1340
2831253000,s,1340
2831310000,s,1340
2831544000,s,1340
2831647000,s,1340
2831762000,s,1340
2831853000,s,1340
2831928000,s,1340
2832857000,s,1340
2833016000,s,1340
2833115000,s,1340
2833202000,s,1340
2833284000,s,1340
2833364000,s,1340
2833708000,s,1340
2835498000,r,1440
2835499000,r,1440
2838364000,r,1440
2838365000,r,1440
2838791000,r,1440
2838979000,s,1340
2839527000,s,1340
2840605000,r,1440
2840605000,r,1440
2840606000,r,1440
2841367000,s,1340
2842916000,s,1340
2843085000,s,1340
2843701000,s,1340
2844208000,s,1340
2846735000,r,1440
2846853000,s,1340
2859055000,r,1440
2859055000,r,1440
2859055000,r,1440
2860892000,s,1340
2862758000,r,1440
2862758000,r,1440
2863542000,s,1340
2863880000,r,1440
2863881000,r,1440
2864775000,s,1340
2869078000,r,1440
2869079000,r,1440
2870780000,s,1340
2875468000,r,1440
2875642000,r,1440
2877434000,s,1340
2877580000,s,1340
2877639000,s,1340
2877671000,s,1340
2878090000,s,1340
2878360000,s,1340
2878614000,s,1340
2878859000,s,1340
2879070000,s,1340
2879251000,s,1340
2879503000,s,1340
2879700000,s,1340
2879923000,s,1340
2880120000,s,1340
2880415000,s,1340
2880610000,s,1340
2880817000,s,1340
2881123000,s,1340
2881368000,s,1340
2881498000,s,1340
2882056000,s,1340
2882312000,s,1340
2882559000,s,1340
2882979000,s,1340
2883220000,s,1340
2883390000,s,1340
2883689000,s,1340
2883851000,s,1340
2884056000,s,1340
2884799000,s,1340
2884987000,s,1340
2885093000,s,1340
2885174000,s,1340
2885245000,s,1340
2885317000,s,1340
2885382000,s,1340
2885444000,s,1340
2885508000,s,1340
2885573000,s,1340
2885643000,s,1340
2885707000,s,1340
2885767000,s,1340
2885833000,s,1340
2885971000,s,1340
2886076000,s,1340
2886149000,s,1340
2886213000,s,1340
2886343000,s,1340
2886424000,s,1340
2886493000,s,1340
2886557000,s,1340
2886619000,s,1340
2886697000,s,1340
2886765000,s,1340
2886856000,s,1340
2886941000,s,1340
2887028000,s,1340
2887473000,s,1340
2887520000,s,1340
2887613000,s,1340
2887689000,s,1340
2887778000,s,1340
2887876000,s,1340
2888136000,s,1340
2888241000,s,1340
2888317000,s,1340
2888328000,r,1440
2888409000,s,1340
2888328000,r,1440
2888501000,s,1340
2888576000,s,1340
2888659000,s,1340
2888730000,s,1340
2888820000,s,1340
2888887000,s,1340
2895397000,r,1440
2896484000,s,1340
2899691000,s,1340
3327664000,r,1440
3327664000,r,1440
3327665000,r,1440
3327665000,r,1440
3330940000,s,1340
3331648000,s,1340
3342600000,r,1440
3342601000,r,1440
3342602000,r,1440
3345287000,s,1340
3346180000,r,1440
3346181000,r,1440
3347841000,s,1340
5936042000,r,1440
5936042000,r,1440
5936042000,r,1440
5936043000,r,1440
5939799000,s,1340
6055351000,r,1440
6055351000,r,1440
6055352000,r,1440
6055352000,r,1440
6055353000,r,1440
6055353000,r,1440
6055354000,r,1440
6055354000,r,1440
6055923000,r,1440
6055923000,r,1440
6055924000,r,1440
6055924000,r,1440
6057857000,r,1440
6058093000,s,1340
6058487000,s,1340
6059996000,s,1340
6060369000,s,1340
6060586000,s,1340
6060786000,s,1340
6061043000,s,1340
6061224000,s,1340
6061472000,s,1340
6068321000,s,1340
6105527000,s,1340
6115209000,r,1440
6115691000,r,1440
6115692000,r,1440
6117311000,r,1440
6117312000,r,1440
6117694000,r,1440
6118056000,s,1340
6118243000,s,1340
6118466000,s,1340
6119511000,r,1440
6120760000,r,1440
6121166000,r,1440
6121781000,s,1340
6123040000,r,1440
6127389000,s,1340
6133382000,s,1340
6133437000,s,1340
6134406000,s,1340
6145586000,r,1440
6147914000,r,1440
6148973000,r,1440
6149221000,s,1340
6151472000,r,1440
6151472000,r,1440
6151472000,r,1440
6151473000,r,1440
6151473000,r,1440
6152007000,s,1340
6152237000,s,1340
6152371000,s,1340
6152421000,r,1440
6152421000,r,1440
6152421000,r,1440
6152421000,r,1440
6152421000,r,1440
6152421000,r,1440
6152466000,s,1340
6152422000,r,1440
6152422000,r,1440
6152486000,r,1440
6152571000,s,1340
6152676000,s,1340
6152774000,s,1340
6152889000,s,1340
6152999000,s,1340
6153100000,s,1340
6153198000,s,1340
6153304000,s,1340
6153394000,s,1340
6153485000,s,1340
6153581000,s,1340
6153668000,s,1340
6153762000,s,1340
6153837000,s,1340
6153922000,s,1340
6154028000,s,1340
6154138000,s,1340
6154222000,r,1440
6154232000,s,1340
6154223000,r,1440
6154223000,r,1440
6154223000,r,1440
6154223000,r,1440
6154223000,r,1440
6154224000,r,1440
6154333000,s,1340
6154432000,s,1340
6154525000,s,1340
6154593000,s,1340
6154688000,s,1340
6154756000,s,1340
6154823000,s,1340
6154929000,s,1340
6155205000,s,1340
6155646000,s,1340
6155709000,s,1340
6156037000,r,1440
6156297000,s,1340
6156451000,s,1340
6156537000,s,1340
6156651000,s,1340
6156760000,s,1340
6156863000,s,1340
6156963000,s,1340
6157036000,s,1340
6157102000,s,1340
6157723000,r,1440
6157723000,r,1440
6158531000,s,1340
6159440000,r,1440
6160490000,r,1440
6160490000,r,1440
6161000000,s,1340
6161165000,s,1340
6162597000,r,1440
6162597000,r,1440
6162598000,r,1440
6162598000,r,1440
6162598000,r,1440
6164101000,s,1340
6164468000,s,1340
6164929000,s,1340
6165013000,s,1340
6165079000,s,1340
6165365000,r,1440
6165365000,r,1440
6165365000,r,1440
6165366000,r,1440
6165366000,r,1440
6165366000,r,1440
6165366000,r,1440
6165366000,r,1440
6165445000,r,1440
6165445000,r,1440
6165445000,r,1440
6165446000,r,1440
6165446000,r,1440
6165446000,r,1440
6166350000,s,1340
6166410000,s,1340
6166430000,r,1440
6166430000,r,1440
6166430000,r,1440
6166624000,s,1340
6166712000,s,1340
6166963000,s,1340
6167104000,s,1340
6167242000,s,1340
6167438000,r,1440
6167453000,s,1340
6167438000,r,1440
6167438000,r,1440
6167632000,s,1340
6167786000,s,1340
6167974000,s,1340
6168164000,s,1340
6168362000,s,1340
6168581000,s,1340
6168592000,r,1440
6168592000,r,1440
6168592000,r,1440
6168592000,r,1440
6168592000,r,1440
6168593000,r,1440
6168593000,r,1440
6168593000,r,1440
6168777000,s,1340
6168957000,s,1340
6169103000,s,1340
6169296000,s,1340
6169481000,s,1340
6169612000,s,1340
6169855000,s,1340
6169920000,s,1340
6170029000,s,1340
6170114000,s,1340
6170211000,s,1340
6170241000,s,1340
6170289000,s,1340
6170401000,s,1340
6170474000,s,1340
6170524000,s,1340
6170549000,s,1340
6170572000,s,1340
6170634000,s,1340
6170688000,s,1340
6170744000,s,1340
6170887000,s,1340
6170960000,s,1340
6171050000,s,1340
6171079000,s,1340
6171106000,s,1340
6171235000,s,1340
6171282000,s,1340
6171300000,s,1340
6171344000,s,1340
6171549000,s,1340
6171583000,s,1340
6171607000,s,1340
6171653000,s,1340
6171693000,s,1340
6171779000,s,1340
6171815000,s,1340
6171940000,s,1340
6172056000,s,1340
6172186000,s,1340
6172258000,s,1340
6172277000,s,1340
6172290000,s,1340
6172303000,s,1340
6172357000,s,1340
6172382000,s,1340
6172395000,s,1340
6172457000,s,1340
6172499000,s,1340
6172565000,s,1340
6172670000,s,1340
6172891000,s,1340
6173013000,s,1340
6173124000,s,1340
6173223000,s,1340
6179462000,r,1440
6180108000,s,1340
6180311000,s,1340
6183816000,s,1340
6191201000,r,1440
6192137000,s,1340
6192273000,s,1340
6192570000,s,1340
6192685000,s,1340
6192998000,s,1340
6193156000,r,1440
6193184000,s,1340
6193253000,s,1340
6193354000,s,1340
6193485000,s,1340
6193699000,s,1340
6193739000,s,1340
6194047000,s,1340
6194113000,s,1340
6194169000,s,1340
6194220000,s,1340
6194271000,s,1340
6194711000,s,1340
6194982000,s,1340
6195093000,s,1340
6195235000,s,1340
6195462000,s,1340
6195726000,s,1340
6195807000,r,1440
6196023000,s,1340
6196143000,s,1340
6196194000,r,1440
6198003000,r,1440
6198281000,s,1340
6199428000,r,1440
6203490000,r,1440
6203491000,r,1440
6204110000,s,1340
6204219000,s,1340
6205267000,r,1440
6205267000,r,1440
6205268000,r,1440
6206453000,s,1340
6206580000,s,1340
6206627000,s,1340
6206746000,s,1340
6206787000,s,1340
6206845000,s,1340
6207130000,s,1340
6207241000,s,1340
6207334000,s,1340
6207708000,s,1340
6208071000,s,1340
6208276000,s,1340
6208357000,s,1340
6208576000,s,1340
6208652000,s,1340
6208852000,s,1340
6208967000,s,1340
6209199000,s,1340
6209316000,s,1340
6209392000,s,1340
6209627000,s,1340
6209834000,s,1340
6209961000,s,1340
6210014000,s,1340
6210107000,s,1340
6210173000,s,1340
6210515000,s,1340
6210636000,s,1340
6210812000,s,1340
6210918000,s,1340
6210997000,s,1340
6211118000,s,1340
6211209000,s,1340
6211574000,s,1340
6211743000,s,1340
6211817000,s,1340
6211888000,s,1340
6211954000,s,1340
6212060000,s,1340
6212370000,s,1340
6212873000,s,1340
6212911000,s,1340
6212926000,s,1340
6212936000,s,1340
6212946000,s,1340
6212957000,s,1340
6212966000,s,1340
6213076000,s,1340
6213255000,s,1340
6213315000,s,1340
6213373000,s,1340
6214060000,s,1340
6214113000,s,1340
6214472000,r,1440
6214495000,s,1340
6214472000,r,1440
6214472000,r,1440
6214677000,s,1340
6214740000,s,1340
6220516000,r,1440
6220516000,r,1440
6220516000,r,1440
6220516000,r,1440
6221761000,s,1340
6221884000,s,1340
6224136000,r,1440
6224932000,s,1340
6225475000,r,1440
6225475000,r,1440
6225475000,r,1440
6226037000,r,1440
6226037000,r,1440
6226037000,r,1440
6226037000,r,1440
6226037000,r,1440
6226037000,r,1440
6226037000,r,1440
6226323000,s,1340
6226407000,s,1340
6226627000,s,1340
6226766000,s,1340
6226836000,s,1340
6226926000,s,1340
6226995000,s,1340
6227057000,s,1340
6227148000,s,1340
6227218000,s,1340
6227329000,s,1340
6227405000,s,1340
6227491000,s,1340
6227746000,s,1340
6228028000,s,1340
6228264000,s,1340
6228444000,s,1340
6228464000,s,1340
6228529000,s,1340
6229178000,r,1440
6229241000,r,1440
6229242000,r,1440
6229574000,s,1340
6229676000,s,1340
6240004000,s,1340
6242040000,r,1440
6242040000,r,1440
6242040000,r,1440
6242040000,r,1440
6242040000,r,1440
6242040000,r,1440
6242040000,r,1440
6242040000,r,1440
6242282000,r,1440
6242283000,r,1440
6242283000,r,1440
6243012000,s,1340
6243195000,s,1340
6243251000,s,1340
6243269000,s,1340
6243283000,s,1340
6243393000,s,1340
6243518000,s,1340
6243537000,s,1340
6243592000,s,1340
6243758000,s,1340
6244067000,s,1340
6244117000,s,1340
6254349000,s,1340
6321678000,s,1340
6321775000,s,1340
6325069000,s,1340
6326140000,s,1340
6337231000,r,1440
6337231000,r,1440
6337231000,r,1440
6337231000,r,1440
6337232000,r,1440
6338010000,r,1440
6338372000,s,1340
6338437000,s,1340
6339441000,r,1440
6339545000,r,1440
6339790000,s,1340
6341223000,r,1440
6341223000,r,1440
6343718000,r,1440
6343946000,s,1340
6343987000,s,1340
6347447000,r,1440
6349002000,s,1340
6353983000,r,1440
6353983000,r,1440
6354633000,s,1340
6355460000,r,1440
6390550000,r,1440
6390550000,r,1440
6392047000,s,1340
6392231000,s,1340
6393005000,r,1440
6395030000,r,1440
6395031000,r,1440
6395877000,s,1340
6436712000,s,1340
6807511000,r,1440
8655616000,r,1440
8655616000,r,1440
8655617000,r,1440
8655617000,r,1440
8655618000,r,1440
8659319000,s,1340
8659835000,s,1340
8660062000,s,1340
8674056000,s,1340
8683190000,r,1440
8727522000,r,1440
8727522000,r,1440
8730073000,s,1340
11463914000,r,1440
11463914000,r,1440
11463915000,r,1440
11467296000,s,1340
11468093000,s,1340
11468316000,s,1340
11468583000,s,1340
11468786000,s,1340
11468992000,s,1340
11469274000,s,1340
11469488000,s,1340
11469781000,s,1340
11470062000,s,1340
11470325000,s,1340
11470589000,s,1340
11470808000,s,1340
11471079000,s,1340
11471299000,s,1340
11471588000,s,1340
11471890000,s,1340
11472110000,s,1340
11472378000,s,1340
11472645000,s,1340
11472910000,s,1340
11473113000,s,1340
11473314000,s,1340
11473573000,s,1340
11473839000,s,1340
11474102000,s,1340
11474369000,s,1340
11474633000,s,1340
11474892000,s,1340
11475148000,s,1340
11475507000,s,1340
11475811000,s,1340
11476105000,s,1340
11476373000,s,1340
11476657000,s,1340
11476925000,s,1340
11477191000,s,1340
11477473000,s,1340
11477732000,s,1340
11477976000,s,1340
11478245000,s,1340
11478548000,s,1340
11478806000,s,1340
11479076000,s,1340
11479337000,s,1340
11479739000,r,1440
11479739000,r,1440
11480891000,s,1340
11482008000,s,1340
11482322000,s,1340
11482599000,s,1340
11485708000,s,1340
11485999000,s,1340
11486274000,s,1340
11486542000,s,1340
11486806000,s,1340
11487070000,s,1340
11487282000,s,1340
11487586000,s,1340
11487850000,s,1340
11488143000,s,1340
11488412000,s,1340
11488686000,s,1340
11488952000,s,1340
11489229000,s,1340
11489493000,s,1340
11489763000,s,1340
11490031000,s,1340
11490299000,s,1340
11490719000,s,1340
11490984000,s,1340
11491246000,s,1340
11491594000,s,1340
11491840000,s,1340
11492030000,s,1340
11492214000,s,1340
11493264000,s,1340
11494536000,s,1340
11494785000,s,1340
11494981000,s,1340
11495179000,s,1340
11495585000,s,1340
11495872000,s,1340
11496345000,s,1340
11496659000,s,1340
11496985000,s,1340
11497264000,s,1340
11497533000,s,1340
11497825000,s,1340
11498020000,s,1340
11498240000,s,1340
11498506000,s,1340
11498792000,s,1340
11499067000,s,1340
11499333000,s,1340
11499709000,s,1340
11499932000,s,1340
11500140000,s,1340
11500330000,s,1340
11500533000,s,1340
11500742000,s,1340
11500969000,s,1340
11501254000,s,1340
11501526000,s,1340
11501793000,s,1340
11502081000,s,1340
11502277000,s,1340
11502531000,s,1340
11502780000,s,1340
11503073000,s,1340
11503348000,s,1340
11503732000,s,1340
11503994000,s,1340
11504256000,s,1340
11504488000,s,1340
11504700000,s,1340
11504875000,s,1340
11505061000,s,1340
11505278000,s,1340
11505556000,s,1340
11505808000,s,1340
11506066000,s,1340
11506379000,s,1340
11506664000,s,1340
11506928000,s,1340
11507196000,s,1340
11507727000,s,1340
11508040000,s,1340
11508319000,s,1340
11508626000,s,1340
11508892000,s,1340
11509140000,s,1340
11509333000,s,1340
11509546000,s,1340
11509810000,s,1340
11510010000,s,1340
11510222000,s,1340
11510501000,s,1340
11510760000,s,1340
11511037000,s,1340
11511309000,s,1340
11511744000,s,1340
11512028000,s,1340
11512308000,s,1340
11512609000,s,1340
11512842000,s,1340
11513058000,s,1340
11513310000,s,1340
11513599000,s,1340
11513887000,s,1340
11514121000,s,1340
11514313000,s,1340
11514489000,s,1340
11514701000,s,1340
11514897000,s,1340
11515092000,s,1340
11515290000,s,1340
11515548000,s,1340
11927569000,r,1440
11930770000,s,1340
17415579000,s,1340
17460843000,s,1340
17461540000,s,1340
17479700000,r,1440
17481667000,r,1440
17487467000,r,1440
17488940000,s,1340
20294298000,s,1340
20335240000,s,1340
20335801000,s,1340
20356885000,r,1440
20356885000,r,1440
20360097000,s,1340
20375513000,r,1440
20377348000,s,1340
24831683000,r,1440