0,s,1340
38595000,s,1340
39019000,s,1340
104581000,r,1440
108478000,r,1440
110184000,s,1340
164930000,r,1440
166809000,s,1340
180498000,r,1440
4627357000,s,1340
4665065000,s,1340
4665476000,s,1340
4665576000,s,1340
4665598000,s,1340
4665629000,s,1340
4687793000,r,1440
4687793000,r,1440
4692659000,r,1440
4692783000,r,1440
4693460000,s,1340
4693872000,s,1340
4694044000,s,1340
4694090000,s,1340
4696151000,s,1340
4697824000,s,1340
4697890000,s,1340
4703588000,s,1340
4708380000,r,1440
4708380000,r,1440
4708380000,r,1440
4709709000,r,1440
4710342000,s,1340
4710393000,r,1440
4710409000,s,1340
4711015000,s,1340
4711801000,s,1340
4712279000,s,1340
4712383000,r,1440
4714720000,s,1340
4714900000,s,1340
4716001000,s,1340
4716154000,s,1340
4719617000,r,1440
4720623000,r,1440
4721542000,r,1440
4721542000,r,1440
4721543000,r,1440
4722461000,s,1340
4722606000,s,1340
4722738000,s,1340
4722919000,s,1340
4723381000,s,1340
4723559000,s,1340
4723588000,s,1340
4723630000,s,1340
4724253000,s,1340
4724427000,s,1340
4724773000,s,1340
4724930000,s,1340
4725021000,s,1340
4725279000,s,1340
4725465000,s,1340
4725697000,r,1440
4725817000,s,1340
4725932000,s,1340
4726051000,s,1340
4726139000,s,1340
4727816000,r,1440
4729940000,r,1440
4729940000,r,1440
4730629000,s,1340
4730894000,r,1440
4731520000,s,1340
4732387000,r,1440
4733508000,r,1440
4733842000,s,1340
4734803000,r,1440
4735983000,s,1340
4739827000,r,1440
4741722000,r,1440
4742171000,s,1340
4742453000,s,1340
4743799000,r,1440
4743799000,r,1440
4744356000,r,1440
4744852000,s,1340
4749994000,r,1440
4749994000,r,1440
4751069000,s,1340
4751818000,r,1440
4752299000,s,1340
4752991000,s,1340
4753090000,s,1340
4753146000,s,1340
4753176000,s,1340
4753205000,s,1340
4753243000,s,1340
4753492000,s,1340
4753855000,s,1340
4753908000,s,1340
4754185000,s,1340
4754370000,s,1340
4754516000,s,1340
4754835000,s,1340
4754946000,s,1340
4755255000,s,1340
4755316000,s,1340
4755344000,s,1340
4755368000,s,1340
4755684000,s,1340
4755908000,s,1340
4756075000,s,1340
4756392000,s,1340
4756531000,s,1340
4756641000,s,1340
4756736000,s,1340
4757091000,s,1340
4757385000,s,1340
4757502000,s,1340
4757616000,s,1340
4757893000,s,1340
4758011000,s,1340
4758089000,s,1340
4758278000,s,1340
4758371000,s,1340
4758581000,s,1340
4758658000,s,1340
4758888000,s,1340
4759183000,s,1340
4759316000,s,1340
4759544000,s,1340
4759738000,s,1340
4759911000,s,1340
4760600000,s,1340
4761216000,s,1340
4761401000,s,1340
4761479000,r,1440
4761503000,s,1340
4761610000,s,1340
4762783000,s,1340
4762903000,s,1340
4763003000,s,1340
4763099000,s,1340
4763179000,s,1340
4763256000,s,1340
4763326000,s,1340
4763489000,s,1340
4763591000,s,1340
4763916000,s,1340
4764223000,s,1340
4764247000,r,1440
4764247000,r,1440
4764247000,r,1440
4764248000,r,1440
4764483000,s,1340
4764538000,r,1440
4764538000,r,1440
4764539000,r,1440
4764927000,s,1340
4765080000,s,1340
4765846000,s,1340
4766189000,s,1340
4766338000,s,1340
4766584000,s,1340
4766647000,r,1440
4766727000,s,1340
4766647000,r,1440
4766647000,r,1440
4766648000,r,1440
4766648000,r,1440
4767612000,s,1340
4767763000,s,1340
4767850000,s,1340
4767975000,s,1340
4769224000,r,1440
4771737000,r,1440
4772823000,r,1440
4773289000,s,1340
4776385000,r,1440
4778831000,s,1340
4779359000,s,1340
4779475000,s,1340
4779568000,s,1340
4779916000,s,1340
4780015000,s,1340
4780327000,s,1340
4780475000,s,1340
4780877000,s,1340
4781515000,s,1340
4781672000,s,1340
4781808000,s,1340
4782195000,s,1340
4782327000,s,1340
4782490000,s,1340
4782773000,s,1340
4782969000,s,1340
4783119000,s,1340
4783266000,s,1340
4783517000,s,1340
4783769000,s,1340
4783810000,s,1340
4783887000,s,1340
4784149000,s,1340
4784277000,s,1340
4784410000,s,1340
4784593000,s,1340
4784842000,s,1340
4785711000,s,1340
4785832000,s,1340
4785940000,s,1340
4786051000,s,1340
4786148000,s,1340
4786438000,s,1340
4786561000,s,1340
4786658000,s,1340
4786834000,s,1340
4786939000,s,1340
4787145000,s,1340
4787362000,s,1340
4787459000,s,1340
4787591000,s,1340
4787793000,s,1340
4787928000,s,1340
4787962000,s,1340
4788278000,s,1340
4788550000,s,1340
4788732000,s,1340
4788877000,s,1340
4789533000,s,1340
4789583000,s,1340
4789758000,s,1340
4789906000,s,1340
4791182000,s,1340
4791320000,s,1340
4791381000,s,1340
4791762000,s,1340
4791814000,s,1340
4792191000,s,1340
4792539000,s,1340
4792577000,s,1340
4792588000,s,1340
4792741000,s,1340
4792813000,s,1340
4793031000,s,1340
4793122000,s,1340
4793168000,s,1340
4793305000,s,1340
4793368000,s,1340
4794883000,s,1340
4795168000,s,1340
4795555000,s,1340
4795757000,s,1340
4796152000,s,1340
4796413000,s,1340
4796568000,s,1340
4796710000,s,1340
4796838000,s,1340
4796875000,s,1340
4798556000,s,1340
4798684000,s,1340
4798737000,s,1340
4798789000,s,1340
4798840000,s,1340
4798889000,s,1340
4798938000,s,1340
4798993000,s,1340
4799047000,s,1340
4799254000,s,1340
4799341000,s,1340
4799503000,s,1340
4799697000,s,1340
4799836000,s,1340
4799964000,s,1340
4800238000,s,1340
4800305000,s,1340
4800811000,s,1340
4800928000,s,1340
4801032000,s,1340
4801137000,s,1340
4801239000,s,1340
4801341000,s,1340
4801466000,s,1340
4801571000,s,1340
4801672000,s,1340
4801768000,s,1340
4801860000,s,1340
4801955000,s,1340
4802059000,s,1340
4802170000,s,1340
4802272000,s,1340
4802375000,s,1340
4807763000,s,1340
4807927000,s,1340
4808049000,s,1340
4808210000,s,1340
4808412000,s,1340
4808547000,s,1340
4808679000,s,1340
4808810000,s,1340
4808947000,s,1340
4809072000,s,1340
4809199000,s,1340
4809302000,s,1340
4809410000,s,1340
4809536000,s,1340
4809656000,s,1340
4809775000,s,1340
4809887000,s,1340
4809997000,s,1340
4810112000,s,1340
4810227000,s,1340
4810324000,s,1340
4810411000,s,1340
4810520000,s,1340
4810743000,s,1340
4810918000,s,1340
4811000000,s,1340
4811205000,s,1340
4811291000,s,1340
4811362000,s,1340
4811560000,s,1340
4811660000,s,1340
4811759000,r,1440
4811782000,s,1340
4812020000,s,1340
4812113000,s,1340
4812301000,s,1340
4812469000,s,1340
4812541000,s,1340
4812683000,s,1340
4812786000,s,1340
4812920000,s,1340
4813129000,s,1340
4813174000,s,1340
4813185000,s,1340
4813660000,s,1340
4813721000,s,1340
4813893000,s,1340
4814080000,s,1340
4814253000,s,1340
4814377000,s,1340
4814529000,r,1440
4814529000,r,1440
4814568000,s,1340
4814661000,s,1340
4814773000,s,1340
4814863000,s,1340
4814972000,r,1440
4818972000,r,1440
4818972000,r,1440
4819054000,r,1440
4819054000,r,1440
4819054000,r,1440
4819054000,r,1440
4819054000,r,1440
4819054000,r,1440
4819054000,r,1440
4819054000,r,1440
4819089000,r,1440
4819089000,r,1440
4819089000,r,1440
4819090000,r,1440
4819090000,r,1440
4819594000,s,1340
4819835000,r,1440
4819838000,s,1340
4819835000,r,1440
4819835000,r,1440
4819835000,r,1440
4819835000,r,1440
4819835000,r,1440
4819835000,r,1440
4819835000,r,1440
4819916000,r,1440
4819917000,r,1440
4819934000,s,1340
4819999000,s,1340
4820097000,s,1340
4820171000,s,1340
4820236000,s,1340
4820255000,s,1340
4820357000,s,1340
4820410000,s,1340
4820445000,s,1340
4820474000,s,1340
4820638000,s,1340
4820814000,s,1340
4820895000,s,1340
4820976000,s,1340
4821055000,s,1340
4821138000,s,1340
4821218000,s,1340
4821308000,s,1340
4821396000,s,1340
4821482000,s,1340
4821561000,s,1340
4821645000,s,1340
4821729000,s,1340
4821809000,s,1340
4821884000,s,1340
4821967000,s,1340
4822045000,s,1340
4822120000,s,1340
4822199000,s,1340
4822274000,s,1340
4822340000,s,1340
4822479000,s,1340
4822598000,s,1340
4822994000,s,1340
4823097000,s,1340
4823161000,s,1340
4823221000,s,1340
4823281000,s,1340
4823723000,s,1340
4823802000,s,1340
4823896000,s,1340
4824894000,s,1340
4824986000,s,1340
4826228000,s,1340
4826272000,s,1340
4826329000,s,1340
4826561000,s,1340
4826656000,s,1340
4826743000,s,1340
4826827000,s,1340
4827081000,s,1340
4827173000,s,1340
4827249000,s,1340
4827424000,s,1340
4827665000,s,1340
4827791000,s,1340
4827928000,s,1340
4828010000,s,1340
4828217000,s,1340
4828322000,r,1440
4828388000,s,1340
4828894000,s,1340
4831305000,r,1440
4832352000,r,1440
4832352000,r,1440
4832352000,r,1440
4832352000,r,1440
4832352000,r,1440
4832352000,r,1440
4832647000,s,1340
4832764000,s,1340
4832862000,s,1340
4832922000,s,1340
4832976000,s,1340
4833027000,s,1340
4833080000,s,1340
4833132000,s,1340
4833214000,s,1340
4833484000,s,1340
4833597000,s,1340
4833841000,s,1340
4833982000,s,1340
4834142000,r,1440
4834158000,s,1340
4834418000,s,1340
4834636000,s,1340
4834730000,s,1340
4834959000,s,1340
4835048000,s,1340
4835135000,s,1340
4835321000,s,1340
4835518000,s,1340
4835733000,s,1340
4835808000,s,1340
4835902000,s,1340
4835981000,s,1340
4836132000,s,1340
4836220000,s,1340
4836522000,r,1440
4836522000,r,1440
4836778000,s,1340
4836814000,s,1340
4837005000,s,1340
4837084000,s,1340
4837151000,s,1340
4837252000,s,1340
4837462000,s,1340
4837678000,s,1340
4837812000,s,1340
4837948000,s,1340
4838050000,s,1340
4838145000,s,1340
4838226000,r,1440
4838226000,r,1440
4838226000,r,1440
4838297000,s,1340
4838487000,s,1340
4838576000,s,1340
4838654000,s,1340
4838719000,s,1340
4838786000,s,1340
4838841000,s,1340
4839040000,s,1340
4839224000,s,1340
4839313000,s,1340
4839505000,s,1340
4839615000,s,1340
4839642000,s,1340
4841042000,s,1340
4841249000,s,1340
4841344000,s,1340
4841373000,s,1340
4841427000,s,1340
4842361000,s,1340
4843675000,s,1340
4843874000,s,1340
4844022000,s,1340
4844090000,r,1440
4844090000,r,1440
4844169000,s,1340
4844290000,s,1340
4844424000,s,1340
4847637000,r,1440
4847748000,s,1340
4855243000,s,1340
4871017000,r,1440
4872363000,r,1440
4872364000,r,1440
4872364000,r,1440
4873135000,s,1340
4873383000,s,1340
4877363000,r,1440
4878560000,s,1340
4879518000,s,1340
4880517000,r,1440
4880517000,r,1440
4880517000,r,1440
4880517000,r,1440
4880517000,r,1440
4880517000,r,1440
4880518000,r,1440
4880518000,r,1440
4880698000,r,1440
4881995000,s,1340
4882102000,s,1340
4882834000,s,1340
4882985000,s,1340
4883046000,s,1340
4883070000,s,1340
4883088000,s,1340
4883105000,s,1340
4883128000,s,1340
4883141000,s,1340
4883153000,s,1340
4883165000,s,1340
4883176000,s,1340
4883186000,s,1340
4883198000,s,1340
4883206000,s,1340
4883217000,s,1340
4883328000,s,1340
4883549000,s,1340
4883586000,s,1340
4883789000,s,1340
4883998000,s,1340
4884013000,r,1440
4884175000,s,1340
4884522000,s,1340
4884717000,s,1340
4885505000,s,1340
4885636000,s,1340
4886031000,s,1340
4886240000,s,1340
4886650000,s,1340
4886847000,s,1340
4887058000,s,1340
4887258000,s,1340
4887297000,s,1340
4887504000,s,1340
4887629000,s,1340
4887693000,s,1340
4887977000,r,1440
4888863000,s,1340
4888910000,s,1340
4889101000,s,1340
4890378000,s,1340
4890748000,s,1340
4890930000,s,1340
4891103000,s,1340
4891240000,s,1340
4891403000,s,1340
4891578000,s,1340
4891745000,s,1340
4891907000,s,1340
4892067000,s,1340
4892226000,s,1340
4892405000,r,1440
4892499000,s,1340
4892663000,s,1340
4892825000,s,1340
4892987000,s,1340
4893144000,s,1340
4893308000,s,1340
4893477000,s,1340
4893710000,s,1340
4893873000,s,1340
4894013000,s,1340
4894242000,s,1340
4894315000,s,1340
4894459000,s,1340
4894599000,s,1340
4894738000,s,1340
4894871000,s,1340
4895019000,s,1340
4895165000,s,1340
4895314000,s,1340
4895462000,s,1340
4895613000,s,1340
4895752000,r,1440
4895763000,s,1340
4895752000,r,1440
4895752000,r,1440
4895752000,r,1440
4895915000,s,1340
4896071000,s,1340
4896224000,s,1340
4896411000,s,1340
4896576000,s,1340
4896676000,r,1440
4896677000,r,1440
4896677000,r,1440
4896677000,r,1440
4896677000,r,1440
4896677000,r,1440
4896732000,s,1340
4896877000,s,1340
4897019000,s,1340
4897167000,s,1340
4897306000,s,1340
4897456000,s,1340
4897507000,s,1340
4897536000,s,1340
4897992000,s,1340
4898099000,s,1340
4898171000,s,1340
4898229000,s,1340
4898285000,s,1340
4898735000,s,1340
4898830000,s,1340
4898891000,s,1340
4898949000,s,1340
4899061000,s,1340
4899125000,s,1340
4899188000,s,1340
4899248000,s,1340
4899328000,s,1340
4899401000,s,1340
4899490000,s,1340
4899581000,s,1340
4899590000,r,1440
4899670000,s,1340
4899829000,s,1340
4900028000,s,1340
4900240000,s,1340
4900472000,s,1340
4900626000,s,1340
4900699000,s,1340
4900751000,r,1440
4900751000,r,1440
4900751000,r,1440
4900751000,r,1440
4900751000,r,1440
4900752000,r,1440
4900752000,r,1440
4900752000,r,1440
4900882000,r,1440
4900882000,r,1440
4900882000,r,1440
4900883000,r,1440
4901085000,r,1440
4901085000,r,1440
4901086000,r,1440
4901086000,r,1440
4901086000,r,1440
4901086000,r,1440
4901411000,s,1340
4901481000,s,1340
4901500000,s,1340
4901515000,s,1340
4901527000,s,1340
4901677000,s,1340
4901741000,s,1340
4901782000,s,1340
4901803000,s,1340
4901819000,s,1340
4901831000,s,1340
4901842000,s,1340
4901851000,s,1340
4901864000,s,1340
4901928000,r,1440
4901929000,r,1440
4901929000,r,1440
4901929000,r,1440
4901929000,r,1440
4901929000,r,1440
4902253000,s,1340
4902296000,s,1340
4902312000,s,1340
4902324000,s,1340
4902344000,s,1340
4903086000,r,1440
4903086000,r,1440
4903087000,r,1440
4903087000,r,1440
4903087000,r,1440
4903087000,r,1440
4903087000,r,1440
4903352000,s,1340
4903587000,s,1340
4903722000,s,1340
4903822000,s,1340
4904114000,s,1340
4904220000,s,1340
4904434000,s,1340
4904689000,s,1340
4904922000,s,1340
4905006000,s,1340
4905235000,s,1340
4905330000,s,1340
4905507000,s,1340
4905685000,s,1340
4905750000,s,1340
4905913000,s,1340
4906175000,s,1340
4906272000,s,1340
4906479000,s,1340
4906677000,s,1340
4906752000,s,1340
4906871000,r,1440
4906896000,s,1340
4907036000,s,1340
4907211000,s,1340
4907338000,s,1340
4909589000,r,1440
4910842000,r,1440
4911208000,s,1340
4912367000,r,1440
4912367000,r,1440
4917759000,s,1340
4919459000,r,1440
4919459000,r,1440
4920360000,r,1440
4920510000,s,1340
4920568000,s,1340
4926849000,r,1440
4926849000,r,1440
4927311000,s,1340
4944744000,s,1340
4950937000,s,1340
4951073000,s,1340
4953714000,r,1440
4955884000,r,1440
4955885000,r,1440
4957033000,s,1340
4960433000,s,1340
4961612000,s,1340
4962495000,r,1440
4962495000,r,1440
4972385000,r,1440
4972385000,r,1440
4973339000,s,1340
4973486000,s,1340
4984312000,s,1340
4985305000,r,1440
4985305000,r,1440
4985305000,r,1440
4986021000,s,1340
4986067000,s,1340
5010098000,r,1440
5012365000,r,1440
5013182000,r,1440
5013647000,s,1340
5013762000,r,1440
5014982000,r,1440
5015143000,s,1340
5036893000,r,1440
5037866000,s,1340
5047384000,r,1440
5048097000,r,1440
5049291000,r,1440
5049291000,r,1440
5049651000,s,1340
5049727000,s,1340
5051143000,r,1440
5052738000,s,1340
5059727000,r,1440
5105911000,r,1440
5604526000,r,1440
5604526000,r,1440
5604526000,r,1440
5604527000,r,1440
5604527000,r,1440
5606285000,s,1340
5606554000,s,1340
5606683000,s,1340
5606858000,s,1340
5606965000,s,1340
5607065000,s,1340
5616410000,r,1440
5616650000,r,1440
5616853000,s,1340
5618438000,r,1440
5618438000,r,1440
5618935000,s,1340
5620395000,r,1440
5621122000,s,1340
5624400000,r,1440
5628429000,r,1440
5633122000,s,1340
5643209000,r,1440
5643210000,r,1440
10156605000,r,1440
10156605000,r,1440
10156606000,r,1440
10156606000,r,1440
10156607000,r,1440
10156607000,r,1440
10156608000,r,1440
10156608000,r,1440
10159997000,s,1340
10160720000,s,1340
10160936000,s,1340
10161178000,s,1340
10170990000,r,1440
10170991000,r,1440
10216433000,r,1440
10218773000,s,1340
10284630000,r,1440
10320450000,r,1440
10321480000,s,1340
15271704000,s,1340
15840506000,r,1440
15841866000,s,1340
20992066000,s,1340
21004513000,r,1440
22956534000,r,1440
22956535000,r,1440
22956535000,r,1440
22956536000,r,1440
22956536000,r,1440
22956537000,r,1440
22956537000,r,1440
22956538000,r,1440
22957414000,r,1440
22957414000,r,1440
22957415000,r,1440
22957415000,r,1440
22957416000,r,1440
22957416000,r,1440
22957417000,r,1440
22961632000,s,1340
22962064000,s,1340
22962375000,s,1340
22963361000,s,1340
22963711000,s,1340
22964724000,s,1340
22964999000,s,1340
22965194000,s,1340
22965356000,s,1340
22965601000,s,1340
22965773000,s,1340
22965928000,s,1340
22966099000,s,1340
22966376000,s,1340
22975123000,s,1340
22976313000,r,1440
22976313000,r,1440
22976314000,r,1440
22976314000,r,1440
22976314000,r,1440
22976315000,r,1440
22976315000,r,1440
22976316000,r,1440
22976796000,r,1440
22977876000,r,1440
22977877000,r,1440
22979525000,r,1440
22979526000,r,1440
22979527000,r,1440
22979527000,r,1440
22979528000,r,1440
22979528000,r,1440
22979529000,r,1440
22979529000,r,1440
22979698000,r,1440
22979698000,r,1440
22979699000,r,1440
22979699000,r,1440
22979700000,r,1440
22981217000,s,1340
22982663000,s,1340
22982998000,s,1340
22983413000,s,1340
22983709000,s,1340
22983993000,s,1340
22984252000,s,1340
22984734000,s,1340
22985019000,s,1340
22989097000,s,1340
22989679000,s,1340
22989920000,s,1340
22990210000,s,1340
22990496000,s,1340
22990763000,s,1340
22991025000,s,1340
22991317000,s,1340
22991575000,s,1340
22991841000,s,1340
22992087000,s,1340
22992466000,s,1340
22992581000,r,1440
22992762000,s,1340
22992581000,r,1440
22993058000,s,1340
22993350000,s,1340
22993673000,s,1340
22993988000,s,1340
22994210000,s,1340
22994442000,s,1340
22994645000,s,1340
22994819000,s,1340
22995010000,s,1340
22995102000,r,1440
22995102000,r,1440
22995285000,s,1340
22995103000,r,1440
22995103000,r,1440
22995104000,r,1440
22995104000,r,1440
22995581000,s,1340
22995921000,s,1340
22996666000,s,1340
22996968000,s,1340
22997236000,s,1340
22997512000,s,1340
22997773000,s,1340
22997939000,r,1440
22998046000,s,1340
22997940000,r,1440
22998331000,s,1340
22998577000,s,1340
22998864000,s,1340
22999167000,s,1340
22999425000,s,1340
22999696000,s,1340
23000033000,s,1340
23000298000,s,1340
23000332000,r,1440
23000332000,r,1440
23000333000,r,1440
23000333000,r,1440
23000334000,r,1440
23000378000,r,1440
23000379000,r,1440
23002729000,r,1440
23002730000,r,1440
23004315000,r,1440
23004315000,r,1440
23004316000,r,1440
23004316000,r,1440
23004317000,r,1440
23004317000,r,1440
23004318000,r,1440
23004318000,r,1440
23004520000,r,1440
23004521000,r,1440
23005656000,r,1440
23005657000,r,1440
23005657000,r,1440
23005658000,r,1440
23005658000,r,1440
23005659000,r,1440
23005659000,r,1440
23010024000,s,1340
23010374000,s,1340
23010724000,s,1340
23010997000,s,1340
23011273000,s,1340
23011470000,s,1340
23011719000,s,1340
23011988000,s,1340
23012075000,r,1440
23012249000,s,1340
23012619000,s,1340
23012901000,s,1340
23013162000,s,1340
23013364000,s,1340
23013623000,s,1340
23013961000,s,1340
23014235000,s,1340
23015419000,s,1340
23015733000,s,1340
23016171000,s,1340
23016583000,s,1340
23016845000,s,1340
23017247000,s,1340
23017443000,s,1340
23017625000,s,1340
23017796000,s,1340
23017980000,s,1340
23018166000,s,1340
23018355000,s,1340
23018547000,s,1340
23018732000,s,1340
23018916000,s,1340
23019097000,s,1340
23019282000,s,1340
23019476000,s,1340
23019658000,s,1340
23019834000,s,1340
23020006000,s,1340
23020202000,s,1340
23020517000,s,1340
23021040000,s,1340
23021297000,s,1340
23021577000,s,1340
23021832000,s,1340
23022092000,s,1340
23022366000,s,1340
23022646000,s,1340
23022907000,s,1340
23023166000,s,1340
23023422000,s,1340
23023684000,s,1340
23024095000,s,1340
23024481000,s,1340
23024758000,s,1340
23025020000,s,1340
23025275000,s,1340
23025531000,s,1340
23025744000,s,1340
23025954000,s,1340
23026164000,s,1340
23026372000,s,1340
23026568000,s,1340
23026753000,s,1340
23026948000,s,1340
23027138000,s,1340
23027332000,s,1340
23027542000,s,1340
23027741000,s,1340
23027933000,s,1340
23028125000,s,1340
23028316000,s,1340
23028640000,s,1340
23028845000,s,1340
23029066000,s,1340
23029275000,s,1340
23029493000,s,1340
23029688000,s,1340
23030009000,s,1340
23030209000,s,1340
23030377000,s,1340
23032473000,r,1440
23036136000,r,1440
23036136000,r,1440
23037539000,s,1340
23044466000,r,1440
23044466000,r,1440
23045930000,s,1340
23048091000,r,1440
23048092000,r,1440
23050173000,s,1340
23096534000,r,1440
26312163000,s,1340
26351577000,s,1340
26352016000,s,1340
26352223000,s,176
26372648000,r,120
26382569000,s,1340
26420764000,r,1440
26464529000,r,1440
26466471000,s,1340
26466810000,s,1340
26476588000,r,1440
26480781000,r,1440