0,s,156
38171000,s,156
38611000,s,156
57362000,r,156
1982134000,s,124
2026470000,s,124
2027100000,s,124
2027238000,s,124
2047926000,s,1340
2048164000,s,1340
2048218000,r,124
2048779000,s,172
2049555000,s,124
2051165000,s,1340
2051309000,s,684
2062110000,r,1372
2062111000,r,124
2062111000,r,1372
2062112000,r,364
2063606000,s,124
2064751000,s,188
2065685000,s,204
2066207000,s,1340
2066327000,s,188
2066690000,s,604
2072209000,s,316
2075494000,r,204
2076181000,r,172
2076862000,s,124
2077013000,s,156
2077494000,s,348
2082746000,r,124
2091978000,r,124
2103849000,r,1340
2103849000,r,1340
2103849000,r,1340
2104194000,r,1340
2104195000,r,1340
2104195000,r,1340
2105379000,s,124
2105986000,s,124
2106143000,s,124
2106699000,r,1340
2106699000,r,1340
2106700000,r,1340
2106700000,r,1308
2106701000,r,252
2106701000,r,252
2108120000,s,124
2108859000,s,124
2110938000,s,140
2136973000,s,396
2137126000,s,140
2137184000,s,332
2146123000,s,124
2148100000,r,124
2153589000,r,1340
2154277000,r,1340
2154277000,r,604
2154278000,r,1340
2154278000,r,1340
2154278000,r,1340
2154278000,r,1340
2154623000,r,1340
2154623000,r,1340
2154623000,r,1340
2155031000,s,124
2155462000,s,124
2155839000,s,124
2155864000,s,124
2155875000,s,124
2155955000,r,1340
2155955000,r,1340
2155955000,r,1340
2155955000,r,1340
2155955000,r,1340
2155955000,r,1340
2155955000,r,508
2155955000,r,1340
2156053000,r,1340
2156053000,r,1340
2156334000,s,124
2156401000,s,124
2156827000,s,124
2156947000,s,124
2157040000,s,124
2157498000,r,124
2158065000,s,124
2164628000,s,1340
2164682000,s,732
2166119000,r,796
2188704000,r,124
2188704000,r,124
2188704000,r,364
2190242000,s,124
2191781000,s,188
2192672000,s,668
2201992000,r,124
2201992000,r,204
2207075000,s,124
2211857000,r,124
2223652000,r,1340
2223652000,r,1340
2223653000,r,1340
2223653000,r,1340
2223654000,r,1340
2223654000,r,1340
2223655000,r,1340
2223655000,r,1340
2225176000,s,124
2225444000,s,124
2225539000,s,124
2225571000,s,124
2236531000,r,1340
2236532000,r,1340
2236532000,r,1340
2236532000,r,1340
2236532000,r,1340
2238141000,s,124
2238378000,s,124
2238546000,s,124
2238654000,r,1340
2238655000,r,1340
2238655000,r,1340
2238655000,r,1340
2238655000,r,1340
2238656000,r,428
2239500000,s,124
2239665000,s,124
2239781000,s,124
2270845000,s,300
2271648000,s,252
2271989000,s,236
2272721000,s,156
2272759000,s,156
2273129000,s,236
2282131000,r,124
2287051000,s,1340
2287133000,s,204
2287230000,r,124
2290341000,r,364
2290929000,s,124
2297194000,r,1340
2297194000,r,1340
2297194000,r,1340
2297194000,r,1340
2297195000,r,1340
2297195000,r,1340
2297195000,r,1340
2297195000,r,1340
2297341000,r,1340
2297341000,r,1340
2297341000,r,1340
2297341000,r,1340
2297342000,r,1340
2297342000,r,1340
2297342000,r,1340
2297342000,r,1340
2297379000,r,1340
2297379000,r,1340
2297379000,r,1340
2297379000,r,1340
2297379000,r,1340
2297379000,r,1340
2297379000,r,1340
2297380000,r,1340
2297417000,r,1340
2297417000,r,1340
2297417000,r,1340
2297417000,r,1340
2297417000,r,1340
2297417000,r,1340
2297417000,r,1340
2297417000,r,1340
2297449000,r,1340
2297450000,r,1340
2297450000,r,1340
2297450000,r,1340
2297450000,r,1340
2297450000,r,1340
2297450000,r,1340
2297450000,r,1340
2297758000,r,124
2297758000,r,124
2298029000,s,124
2298166000,s,124
2298272000,s,124
2298354000,s,124
2298424000,s,124
2298603000,s,124
2298735000,s,124
2298824000,s,124
2298942000,s,124
2299155000,s,124
2299241000,s,124
2299390000,s,124
2299543000,s,124
2299845000,s,124
2299937000,s,124
2300000000,s,124
2300181000,s,124
2300230000,s,124
2300274000,s,124
2300317000,s,124
2300359000,s,124
2300401000,s,124
2300448000,s,124
2300492000,s,124
2300533000,s,124
2300632000,s,124
2300663000,s,124
2300677000,s,124
2300802000,s,124
2300869000,s,124
2300927000,s,124
2301010000,s,124
2301419000,s,124
2301466000,s,124
2301476000,s,124
2301484000,s,124
2301492000,s,124
2301499000,s,124
2301506000,s,124
2301513000,s,124
2303134000,r,1340
2303134000,r,1340
2303860000,s,124
2303917000,s,124
2308406000,r,1340
2308406000,r,1340
2309381000,r,1340
2309381000,r,1340
2309381000,r,1340
2309381000,r,1340
2309381000,r,1340
2309382000,r,1340
2309382000,r,1340
2309382000,r,1340
2309453000,r,1340
2309454000,r,1340
2309454000,r,1340
2309454000,r,1340
2309492000,s,124
2309638000,s,124
2310104000,s,124
2310166000,s,124
2310270000,s,124
2310695000,s,124
2310720000,s,124
2310733000,s,124
2310924000,s,124
2311037000,s,124
2311070000,s,124
2311157000,s,124
2311362000,s,124
2311406000,r,1340
2311407000,r,1340
2311407000,r,1340
2311407000,r,1340
2311407000,r,1340
2311407000,r,1340
2311407000,r,1340
2311407000,r,1340
2311499000,r,1340
2311500000,r,1340
2311500000,r,1340
2311500000,r,1340
2311500000,r,1340
2311500000,r,1340
2311500000,r,1340
2312622000,s,124
2312834000,s,124
2312868000,s,124
2312952000,s,124
2312971000,s,124
2312981000,s,124
2312989000,s,124
2312997000,s,124
2313005000,s,124
2313013000,s,124
2313021000,s,124
2313029000,s,124
2313038000,s,124
2313045000,s,124
2313053000,s,124
2313062000,r,1340
2313062000,r,1340
2313112000,s,124
2313062000,r,1340
2313062000,r,1340
2313063000,r,1340
2313063000,r,1340
2313063000,r,1340
2313063000,r,1340
2313152000,r,1340
2313153000,r,1340
2313153000,r,1340
2313153000,r,1340
2313355000,s,124
2313383000,s,124
2313492000,s,124
2313534000,s,124
2313553000,s,124
2313563000,s,124
2313572000,s,124
2313580000,s,124
2313591000,s,124
2313603000,s,124
2313612000,s,124
2313621000,s,124
2313765000,r,1340
2313765000,r,1340
2313765000,r,1340
2313765000,r,1340
2313765000,r,1340
2313765000,r,1340
2313766000,r,1340
2313766000,r,1340
2313844000,r,1340
2313844000,r,1340
2313845000,r,1340
2314214000,s,124
2314252000,s,124
2314271000,s,124
2314281000,s,124
2314389000,s,124
2314413000,s,124
2314423000,s,124
2314432000,s,124
2314440000,s,124
2314449000,s,124
2314457000,s,124
2315827000,r,1340
2315828000,r,1340
2315828000,r,1340
2315828000,r,1340
2315828000,r,1340
2315912000,s,284
2315828000,r,1340
2315828000,r,1340
2315829000,r,1340
2315947000,r,1340
2315947000,r,1340
2315947000,r,1340
2315948000,r,1340
2315948000,r,1340
2315948000,r,1340
2315948000,r,1340
2315948000,r,1340
2316033000,r,1340
2316033000,r,1340
2316033000,r,1340
2316076000,r,1340
2316076000,r,1340
2316077000,r,1340
2316077000,r,1340
2316077000,r,1340
2316077000,r,1340
2316077000,r,1340
2316077000,r,1340
2316110000,r,1340
2316466000,s,124
2316577000,s,124
2316645000,s,124
2316691000,s,124
2316732000,s,124
2316846000,s,124
2316913000,s,124
2316978000,s,124
2317035000,s,124
2317094000,s,124
2317170000,s,124
2317228000,s,124
2317287000,s,124
2317334000,s,124
2318838000,r,1340
2318838000,r,1340
2318838000,r,1340
2318838000,r,1340
2319713000,s,124
2319763000,s,124
2321518000,s,252
2324127000,r,1340
2324127000,r,1340
2324127000,r,1340
2324127000,r,1340
2324128000,r,1340
2324128000,r,1340
2324128000,r,1340
2324128000,r,1340
2324226000,r,1340
2324226000,r,1340
2324226000,r,1340
2324226000,r,1340
2324226000,r,1340
2324691000,s,124
2324802000,s,124
2324862000,s,124
2324921000,s,124
2324956000,r,1340
2324979000,s,124
2325036000,s,124
2325108000,s,156
2325233000,s,124
2326119000,r,1340
2326119000,r,1340
2326119000,r,1340
2326120000,r,1340
2326120000,r,1340
2326120000,r,1340
2326530000,s,124
2326788000,s,124
2327114000,s,124
2327266000,r,1340
2327266000,r,1340
2327266000,r,1340
2327266000,r,1340
2327266000,r,1340
2327266000,r,1340
2327266000,r,1340
2327267000,r,1340
2327377000,r,1340
2327377000,r,1340
2327377000,r,1340
2327377000,r,1340
2327377000,r,1340
2327377000,r,1340
2327377000,r,1340
2327377000,r,1340
2327410000,r,1340
2327410000,r,1340
2327577000,r,1340
2327577000,r,1340
2327577000,r,1340
2327755000,s,124
2327799000,s,124
2327824000,s,124
2327833000,s,124
2327847000,s,124
2327864000,s,124
2327873000,s,124
2327896000,s,124
2327948000,r,1340
2327948000,r,1340
2327948000,r,1340
2327948000,r,1340
2327948000,r,1340
2327948000,r,1340
2327948000,r,1340
2327948000,r,1340
2328003000,r,1340
2328599000,s,124
2328638000,s,124
2328717000,r,1340
2328718000,r,1340
2328718000,r,1340
2328718000,r,1340
2328718000,r,1340
2328718000,r,1340
2328718000,r,1340
2328718000,r,1340
2328773000,r,1340
2328783000,r,1340
2328783000,r,1340
2328783000,r,1340
2328973000,s,124
2329136000,s,124
2329160000,s,124
2329336000,s,124
2329492000,r,1340
2329492000,r,1340
2329493000,r,1340
2329493000,r,1340
2329493000,r,1340
2329493000,r,1340
2329493000,r,1340
2329493000,r,1340
2329553000,r,1340
2329573000,s,124
2329643000,s,124
2329903000,s,124
2329932000,s,124
2330185000,s,124
2330182000,r,1340
2330231000,s,124
2330182000,r,1340
2330183000,r,1340
2330183000,r,1340
2330183000,r,1340
2330183000,r,1340
2330183000,r,1340
2330183000,r,1340
2330275000,r,1340
2330343000,s,124
2330521000,s,124
2330828000,s,124
2330918000,r,1340
2330929000,s,124
2330918000,r,1340
2330919000,r,1340
2330919000,r,1340
2330919000,r,1340
2330919000,r,1340
2330919000,r,1340
2330919000,r,1340
2330994000,r,1340
2331301000,s,124
2331336000,s,124
2331347000,s,124
2331501000,s,124
2331758000,s,124
2331850000,s,124
2332235000,s,124
2332265000,s,124
2332279000,s,124
2332546000,s,124
2332587000,r,1340
2332587000,r,1340
2332588000,r,1340
2332588000,r,1340
2332588000,r,1340
2332588000,r,1340
2332588000,r,1340
2332588000,r,1340
2332750000,r,1340
2332750000,r,1340
2332750000,r,1340
2332750000,r,1340
2332801000,r,1340
2332801000,r,1340
2332801000,r,1340
2332801000,r,1340
2332801000,r,1340
2332801000,r,1340
2333039000,s,124
2333347000,s,124
2333376000,s,124
2333486000,s,124
2333717000,s,124
2334022000,s,124
2334131000,s,124
2334193000,s,124
2334272000,s,124
2334531000,r,1340
2334531000,r,1340
2334531000,r,1340
2334531000,r,1340
2334531000,r,1340
2334531000,r,1340
2334820000,r,1340
2334820000,r,1340
2334820000,r,1340
2334820000,r,1340
2334820000,r,1340
2334820000,r,1340
2334820000,r,1340
2334820000,r,1340
2334875000,r,1340
2334875000,r,1340
2334875000,r,1340
2334876000,r,1340
2334876000,r,1340
2334876000,r,1340
2334876000,r,1340
2334876000,r,1340
2334905000,r,1340
2334905000,r,1340
2334905000,r,1340
2334905000,r,1340
2334905000,r,1340
2334905000,r,1340
2334905000,r,1340
2334905000,r,1340
2334935000,r,1340
2334935000,r,1340
2334935000,r,1340
2335271000,s,124
2335362000,s,124
2335408000,s,124
2335489000,s,124
2335794000,s,124
2336090000,s,124
2336191000,s,124
2336383000,s,124
2336482000,s,124
2336596000,s,124
2336709000,s,124
2336818000,s,124
2340989000,s,124
2341068000,s,124
2341158000,s,124
2341172000,s,124
2341183000,s,124
2341248000,r,1340
2341248000,r,1340
2341248000,r,1340
2341248000,r,1340
2341249000,r,1340
2341249000,r,1340
2341249000,r,1340
2341249000,r,1340
2341398000,r,1340
2341398000,r,1340
2341398000,r,1340
2341398000,r,1340
2341398000,r,1340
2341398000,r,1340
2341399000,r,1340
2341399000,r,1340
2341444000,r,1340
2341444000,r,1340
2341444000,r,1340
2341444000,r,1340
2341445000,r,1340
2341445000,r,1340
2341445000,r,1340
2341445000,r,1340
2341478000,r,1340
2341478000,r,1340
2341478000,r,1340
2341478000,r,1340
2341939000,s,124
2342039000,s,124
2342080000,r,1340
2342080000,r,1340
2342080000,r,1340
2342080000,r,1340
2342080000,r,1340
2342080000,r,1340
2342080000,r,1340
2342080000,r,1340
2342169000,r,1340
2342169000,r,1340
2342169000,r,1340
2342169000,r,1340
2342169000,r,1340
2342169000,r,1340
2342169000,r,1340
2342169000,r,1340
2342207000,r,1340
2342208000,r,1340
2342208000,r,1340
2342208000,r,1340
2342208000,r,1340
2342208000,r,1340
2342208000,r,1340
2342208000,r,1340
2342242000,r,1340
2342242000,r,1340
2342243000,r,1340
2342243000,r,1340
2342243000,r,1340
2342298000,s,124
2342471000,s,124
2342530000,s,124
2342608000,s,124
2342855000,s,124
2343028000,s,124
2343250000,s,124
2343541000,s,124
2343735000,s,124
2343837000,s,124
2344060000,s,124
2344088000,s,124
2344246000,s,124
2344345000,s,124
2344356000,r,1340
2344356000,r,1340
2344356000,r,1340
2344356000,r,1340
2344356000,r,1340
2344356000,r,1340
2344356000,r,1340
2344356000,r,1340
2344471000,r,1340
2344472000,r,1340
2344472000,r,1340
2344472000,r,1340
2344472000,r,1340
2344472000,r,1340
2344473000,r,1340
2344473000,r,1340
2344519000,r,1340
2344519000,r,1340
2344519000,r,1340
2344519000,r,1340
2344519000,r,1340
2344519000,r,1340
2344520000,r,1340
2344520000,r,1340
2344580000,s,124
2344646000,s,124
2344696000,r,1340
2344696000,r,1340
2344696000,r,1340
2344696000,r,1340
2344696000,r,1340
2344696000,r,1340
2344783000,s,124
2344907000,s,124
2345126000,s,124
2345195000,s,124
2345331000,s,124
2345368000,s,124
2345379000,s,124
2345438000,s,124
2345536000,r,1340
2345536000,r,1340
2345536000,r,1340
2345674000,s,124
2345716000,s,124
2345728000,s,124
2345815000,s,124
2345879000,s,124
2345998000,s,124
2346103000,r,1340
2346103000,r,1340
2346103000,r,1340
2346103000,r,1340
2346104000,r,1340
2346104000,r,1340
2346104000,r,1340
2346104000,r,1340
2346151000,r,1340
2346151000,r,1340
2346151000,r,1340
2346151000,r,1340
2346152000,r,1340
2346152000,r,1340
2346152000,r,1340
2346152000,r,1340
2346179000,r,1340
2346179000,r,1340
2346179000,r,1340
2346179000,r,1340
2346179000,r,1340
2346179000,r,1340
2346179000,r,1340
2346179000,r,1340
2346263000,s,124
2346280000,s,124
2346485000,s,124
2346654000,s,124
2347764000,s,124
2347933000,s,124
2348148000,s,124
2348339000,s,124
2348372000,r,1340
2348372000,r,1340
2348372000,r,1340
2348373000,r,1340
2348373000,r,1340
2348373000,r,1340
2348373000,r,1340
2348373000,r,1340
2348440000,r,1340
2348465000,s,124
2348477000,r,1340
2348477000,r,1340
2348477000,r,1340
2348477000,r,1340
2348477000,r,1340
2348477000,r,1340
2348764000,s,124
2348871000,s,124
2348963000,s,124
2349060000,s,124
2349273000,s,124
2349375000,s,124
2349517000,s,124
2349683000,s,124
2349812000,s,124
2350661000,r,1340
2350661000,r,1340
2350661000,r,1340
2350981000,r,1340
2350981000,r,1340
2350981000,r,1340
2350982000,r,1340
2350982000,r,1340
2350982000,r,1340
2350982000,r,1340
2350982000,r,1340
2351044000,r,1340
2351044000,r,1340
2351044000,r,1340
2351045000,r,1340
2351045000,r,1340
2351045000,r,1340
2351045000,r,1340
2351045000,r,1340
2351079000,r,1340
2351080000,r,1340
2351080000,r,1340
2351080000,r,1340
2351080000,r,1340
2351080000,r,1340
2351080000,r,1340
2351080000,r,1340
2351114000,r,1340
2351114000,r,1340
2351114000,r,1340
2351115000,r,1340
2351115000,r,1340
2351115000,r,1340
2351395000,r,1340
2351395000,r,1340
2351395000,r,1340
2351395000,r,1340
2351395000,r,1340
2351396000,r,1340
2351396000,r,1340
2351396000,r,1340
2351456000,r,1340
2351665000,r,1340
2351665000,r,1340
2351665000,r,1340
2351665000,r,1340
2351665000,r,1340
2351665000,r,1340
2351964000,s,124
2352016000,s,124
2352032000,s,124
2352044000,s,124
2352056000,s,124
2352068000,s,124
2352081000,s,124
2352092000,s,124
2352100000,s,124
2352107000,s,124
2352111000,r,1340
2352111000,r,1340
2352111000,r,1340
2352111000,r,1340
2352111000,r,1340
2352112000,r,1340
2352350000,r,1340
2352355000,s,124
2352370000,s,124
2352350000,r,1340
2352350000,r,1340
2352469000,s,124
2352715000,s,124
2352942000,r,1340
2352943000,r,1340
2352943000,r,1340
2352943000,r,1340
2352943000,r,1340
2352943000,r,1340
2353018000,s,124
2354520000,s,124
2354568000,s,124
2354590000,s,124
2354603000,s,124
2354636000,s,124
2354864000,s,124
2354895000,s,124
2354908000,s,124
2354916000,s,124
2355127000,r,1340
2355127000,r,1340
2355128000,r,1340
2355128000,r,1340
2355128000,r,1340
2355128000,r,1340
2355128000,r,1340
2355128000,r,1340
2355204000,r,1340
2355205000,r,1340
2355205000,r,1340
2355205000,r,1340
2355205000,r,1340
2355221000,s,124
2355205000,r,1340
2355205000,r,1340
2355205000,r,1340
2355239000,r,1340
2355239000,r,1340
2355239000,r,1340
2355239000,r,1340
2355239000,r,1340
2355401000,s,124
2355618000,s,124
2355683000,s,124
2355835000,r,1340
2355835000,r,1340
2355835000,r,1340
2355835000,r,1340
2355836000,r,1340
2355836000,r,1340
2355836000,r,1340
2355836000,r,1340
2355882000,s,124
2355895000,r,1340
2355896000,r,1340
2355896000,r,1340
2355896000,r,1340
2355896000,r,1340
2355896000,r,1340
2355896000,r,1340
2356177000,s,124
2356270000,s,124
2356279000,r,1340
2356280000,r,1340
2356280000,r,1340
2356324000,s,124
2356583000,s,124
2356878000,s,124
2356878000,r,1340
2356901000,s,124
2356878000,r,1340
2356878000,r,1340
2356878000,r,1340
2356878000,r,1340
2356879000,r,1340
2356879000,r,1340
2356879000,r,1340
2356970000,r,1340
2356991000,r,1340
2356991000,r,1340
2356991000,r,1340
2356991000,r,1340
2356991000,r,1340
2356992000,r,1340
2357148000,s,124
2357250000,r,1340
2357258000,s,124
2357250000,r,1340
2357250000,r,1340
2357409000,s,124
2357634000,r,1340
2357635000,r,1340
2357635000,r,1340
2357723000,s,124
2357847000,s,124
2358006000,s,124
2358005000,r,1340
2358006000,r,1340
2358006000,r,1340
2358006000,r,1340
2358006000,r,1340
2358006000,r,1340
2358006000,r,1340
2358006000,r,1340
2358095000,r,1340
2358259000,s,124
2358425000,s,124
2358640000,r,1340
2358640000,r,1340
2358640000,r,1340
2358641000,r,1340
2358641000,r,1340
2358641000,r,1340
2358700000,s,124
2358970000,s,124
2359147000,s,124
2359258000,s,124
2359486000,s,124
2359599000,s,124
2359713000,s,124
2359838000,s,124
2360016000,s,124
2360165000,s,124
2360280000,s,124
2360390000,s,124
2360499000,s,124
2360701000,s,124
2360843000,s,124
2360984000,s,124
2361167000,s,124
2361270000,s,124
2361465000,s,124
2361499000,r,1340
2361500000,r,1340
2361555000,s,124
2361500000,r,1340
2361500000,r,1340
2361500000,r,1340
2361500000,r,1340
2361500000,r,1340
2361500000,r,1340
2361595000,r,1340
2361595000,r,1340
2361595000,r,1340
2361595000,r,1340
2361595000,r,1340
2361595000,r,1340
2361596000,r,1340
2361596000,r,1340
2361639000,r,1340
2361639000,r,1340
2361640000,r,1340
2361640000,r,1340
2361640000,r,1340
2361660000,s,124
2361640000,r,1340
2361640000,r,1340
2361640000,r,1340
2361699000,r,1340
2361699000,r,1340
2361699000,r,1340
2361699000,r,1340
2361700000,r,1340
2361700000,r,1340
2361856000,s,124
2361970000,s,124
2362030000,r,1340
2362030000,r,1340
2362030000,r,1340
2362174000,s,124
2362388000,s,124
2362416000,s,124
2362761000,s,124
2362902000,s,124
2362985000,s,124
2363038000,s,124
2363412000,s,124
2363482000,s,124
2363549000,s,124
2363614000,s,124
2363718000,s,124
2363851000,s,124
2364003000,s,124
2364136000,s,124
2364301000,s,124
2364471000,s,124
2364585000,s,124
2364902000,s,124
2365025000,s,124
2365138000,r,1340
2365139000,r,1340
2365139000,r,1340
2365139000,r,1340
2365139000,r,1340
2365139000,r,1340
2365139000,r,1340
2365140000,r,1340
2365235000,s,124
2365237000,r,1340
2365237000,r,1340
2365237000,r,1340
2365237000,r,1340
2365238000,r,1340
2365238000,r,1340
2365238000,r,1340
2365238000,r,1340
2365287000,r,1340
2365287000,r,1340
2365287000,r,1340
2365287000,r,1340
2365287000,r,1340
2365287000,r,1340
2365288000,r,1340
2365288000,r,1340
2365355000,r,524
2365414000,s,124
2365544000,s,124
2365724000,s,124
2366140000,s,124
2366177000,s,124
2366189000,s,124
2366291000,s,124
2366873000,s,124
2366905000,s,124
2366916000,s,124
2366924000,s,124
2367352000,s,124
2367366000,s,124
2367374000,s,124
2367381000,s,124
2367389000,s,124
2367728000,s,124
2367860000,s,124
2368027000,s,124
2368155000,s,124
2368401000,s,124
2369397000,s,124
2369442000,s,124
2369453000,s,124
2369468000,s,124
2390670000,r,380
2411342000,s,124
2435939000,s,124
2674167000,r,1340
2674167000,r,1340
2674167000,r,1340
2674167000,r,1340
2674168000,r,1340
2674168000,r,1340
2674168000,r,1340
2674169000,r,1340
2674537000,r,1292
2675477000,s,124
2675599000,s,124
2675663000,s,124
2675685000,s,124
2675703000,s,124
2675719000,s,124
2675736000,s,124
2675753000,s,124
2675771000,s,124
2686298000,r,1292
2688895000,s,124
7539081000,r,140
7539081000,r,124
7539082000,r,124
7542908000,s,124
7543223000,s,124
12758832000,r,156
12758833000,r,140
12758833000,r,124
12758834000,r,124
12762885000,s,124
12763186000,s,124
12763354000,s,124
12764288000,s,124
12779094000,r,124
18135426000,s,156
18175945000,s,156
18176384000,s,156
18176562000,s,176
18198798000,r,156
18198798000,r,120
18207009000,s,60
24250064000,s,156
24291171000,s,156
24291642000,s,156
24309798000,r,156