0,s,156
38882000,s,156
39317000,s,156
57494000,r,156
789635000,r,188
794117000,s,108
4445907000,s,124
4482177000,s,124
4494431000,s,124
4494524000,s,124
4508670000,r,124
4511512000,s,124
4511620000,s,1340
4511661000,s,780
4514891000,s,1340
4515022000,s,1340
4515117000,s,172
4518657000,s,140
4519139000,s,140
4523779000,r,124
4523779000,r,364
4524937000,s,124
4524999000,r,172
4524999000,r,156
4526153000,s,188
4526635000,s,204
4527073000,s,604
4528688000,r,1372
4529232000,r,1372
4531562000,s,1340
4531646000,s,1340
4532693000,s,204
4533033000,s,316
4533473000,s,348
4536609000,r,204
4541100000,r,124
4541100000,r,172
4541840000,s,124
4542161000,s,156
4543117000,s,172
4543677000,s,732
4545539000,r,140
4545540000,r,1340
4546487000,r,124
4547682000,r,124
4557410000,r,1340
4557410000,r,380
4557410000,r,1052
4557410000,r,124
4557410000,r,124
4559641000,r,1340
4559642000,r,300
4559642000,r,1340
4559836000,s,172
4560728000,s,124
4561082000,s,124
4563283000,r,1340
4563283000,r,1340
4563283000,r,1340
4563283000,r,1340
4563284000,r,1340
4563284000,r,1340
4563284000,r,1340
4563284000,r,1340
4563521000,r,1308
4564050000,s,124
4564196000,s,124
4564256000,s,124
4564280000,s,124
4564762000,s,124
4564917000,s,124
4565409000,r,380
4566911000,s,140
4574126000,r,220
4578114000,r,124
4587086000,s,396
4587844000,s,332
4598707000,s,124
4604230000,s,124
4605051000,r,124
4612212000,r,1340
4612212000,r,1340
4612212000,r,348
4612212000,r,396
4612883000,s,124
4613012000,s,124
4613507000,r,124
4613507000,r,1340
4613507000,r,1340
4613508000,r,1340
4613508000,r,1340
4613508000,r,1340
4613508000,r,1340
4613508000,r,1340
4613630000,r,1340
4613630000,r,1340
4613630000,r,1340
4613631000,r,1340
4613631000,r,1340
4613631000,r,1340
4613631000,r,1340
4613631000,r,1340
4613675000,r,1340
4613895000,s,124
4614185000,s,124
4614377000,s,124
4614814000,s,124
4614913000,s,124
4614986000,s,124
4615115000,s,124
4615488000,s,124
4615571000,s,124
4620645000,s,1340
4620688000,s,796
4623758000,r,1180
4631680000,r,124
4631680000,r,124
4633403000,r,364
4634095000,s,124
4635535000,s,188
4636768000,s,668
4645416000,r,124
4645416000,r,204
4647492000,r,124
4656260000,r,1340
4656260000,r,1340
4657396000,r,1340
4657397000,r,1340
4657397000,r,1340
4657397000,r,1340
4657397000,r,1340
4657397000,r,1340
4657497000,s,124
4657984000,s,124
4658108000,s,124
4658178000,s,124
4665909000,s,124
4669442000,r,1340
4669442000,r,1340
4670015000,r,1340
4670015000,r,1340
4670015000,r,1340
4670015000,r,1340
4670016000,r,1340
4670016000,r,1340
4670016000,r,1340
4670016000,r,1340
4670105000,r,428
4670191000,s,124
4670424000,s,124
4670489000,s,124
4670555000,s,124
4670842000,s,124
4670878000,s,124
4724675000,s,300
4724847000,s,252
4724937000,s,236
4725418000,s,236
4738592000,r,124
4738899000,s,1340
4738966000,s,204
4747005000,r,604
4747941000,s,124
4748465000,r,1340
4748465000,r,1340
4748466000,r,1340
4748466000,r,1340
4748466000,r,1340
4748466000,r,1340
4748466000,r,1340
4748467000,r,1340
4748586000,r,1340
4748767000,r,1340
4748768000,r,1340
4748768000,r,1340
4748768000,r,1340
4748768000,r,1340
4748768000,r,1340
4748886000,s,124
4749065000,s,124
4749141000,s,124
4749166000,s,124
4749313000,s,124
4749389000,r,1340
4749389000,r,1340
4749389000,r,1340
4749465000,s,124
4749662000,s,124
4749694000,s,124
4750119000,s,124
4750155000,s,124
4750174000,s,124
4750192000,s,124
4750204000,s,124
4750213000,s,124
4750433000,s,124
4750466000,s,124
4750484000,s,124
4750788000,s,124
4751207000,r,1340
4751207000,r,1340
4751208000,r,1340
4751208000,r,1340
4751208000,r,1340
4751208000,r,1340
4751208000,r,1340
4751208000,r,1340
4751293000,r,1340
4751293000,r,1340
4751293000,r,1340
4751293000,r,1340
4751293000,r,1340
4751293000,r,1340
4751293000,r,1340
4751294000,r,1340
4751325000,r,1340
4751715000,s,124
4751850000,s,124
4751962000,s,124
4752066000,s,124
4752167000,s,124
4752267000,s,124
4752335000,s,124
4752433000,s,124
4752519000,s,124
4752544000,r,1340
4752544000,r,1340
4752544000,r,1340
4752544000,r,1340
4752544000,r,1340
4752545000,r,124
4752602000,s,124
4752545000,r,124
4752688000,s,124
4752775000,s,124
4752870000,s,124
4753022000,s,124
4753113000,s,124
4753200000,s,124
4753289000,s,124
4753834000,s,124
4753944000,s,124
4754031000,s,124
4754121000,s,124
4754186000,s,124
4759670000,s,284
4766098000,r,1340
4766098000,r,1340
4766098000,r,1340
4766098000,r,1340
4766098000,r,1340
4766098000,r,1340
4766099000,r,1340
4766099000,r,1340
4766296000,r,1340
4766297000,r,1340
4766297000,r,1340
4766297000,r,1340
4766297000,r,1340
4766297000,r,1340
4766297000,r,1340
4766297000,r,1340
4766337000,r,1340
4766337000,r,1340
4766337000,r,1340
4766337000,r,1340
4766337000,r,1340
4766337000,r,1340
4766338000,r,1340
4766338000,r,1340
4766375000,r,1340
4766375000,r,1340
4766375000,r,1340
4766375000,r,1340
4766375000,r,1340
4766376000,r,1340
4766376000,r,1340
4766376000,r,1340
4766412000,r,1340
4766412000,r,1340
4766412000,r,1340
4766412000,r,1340
4766412000,r,1340
4766412000,r,1340
4766412000,r,1340
4766412000,r,1340
4766446000,r,1340
4766446000,r,1340
4766446000,r,1340
4766447000,r,1340
4766447000,r,1340
4766447000,r,1340
4766447000,r,1340
4766447000,r,1340
4766479000,r,1340
4766479000,r,1340
4766479000,r,1340
4766479000,r,1340
4766479000,r,1340
4766479000,r,1340
4766480000,r,1340
4766480000,r,1340
4766542000,r,1340
4766542000,r,1340
4766542000,r,1340
4766542000,r,1340
4766542000,r,1340
4766542000,r,1340
4766542000,r,1340
4766542000,r,1340
4766652000,r,1340
4766652000,r,1340
4766653000,r,1340
4766653000,r,1340
4766653000,r,1340
4766653000,r,1340
4766653000,r,1340
4766653000,r,1340
4766736000,r,1340
4766736000,r,1340
4766736000,r,1340
4766737000,r,1340
4766737000,r,1340
4767321000,r,1340
4767321000,r,1340
4767321000,r,1340
4767321000,r,1340
4767321000,r,1340
4768250000,s,124
4768386000,s,124
4768895000,s,124
4769317000,s,124
4769392000,s,124
4769587000,s,124
4769709000,s,124
4769803000,s,124
4770057000,s,124
4771285000,s,124
4771421000,s,124
4771525000,s,124
4771628000,s,124
4771719000,s,124
4771815000,s,124
4771916000,s,124
4772020000,s,124
4772245000,s,124
4772357000,s,124
4772471000,s,124
4772618000,s,124
4772730000,s,124
4772829000,s,124
4772924000,s,124
4773013000,s,124
4773169000,s,124
4773383000,s,124
4773567000,s,124
4773843000,s,124
4773899000,s,124
4773965000,s,124
4774625000,s,124
4774671000,s,124
4774687000,s,124
4774699000,s,124
4774706000,s,124
4774725000,s,124
4776291000,s,124
4776348000,s,124
4776374000,s,124
4776388000,s,124
4780442000,r,1340
4780442000,r,1340
4780442000,r,1340
4780442000,r,1340
4780443000,r,1340
4780443000,r,1340
4780443000,r,1340
4780443000,r,1340
4780645000,r,1340
4780646000,r,1340
4780646000,r,1340
4780646000,r,1340
4780646000,r,1340
4780646000,r,1340
4780646000,r,1340
4780646000,r,1340
4780700000,r,1340
4780700000,r,1340
4780700000,r,1340
4781401000,s,124
4781464000,s,124
4781870000,s,124
4781911000,s,124
4781928000,s,124
4781938000,s,124
4781946000,s,124
4781959000,s,124
4781973000,s,124
4782342000,r,1340
4782342000,r,1340
4782343000,r,1340
4782343000,r,1340
4782343000,r,1340
4782343000,r,1340
4782343000,r,1340
4782343000,r,1340
4782431000,r,1340
4782431000,r,1340
4782431000,r,1340
4782432000,r,1340
4782432000,r,1340
4782432000,r,1340
4782432000,r,1340
4782432000,r,1340
4782468000,r,1340
4782468000,r,1340
4782468000,r,1340
4782468000,r,1340
4782468000,r,1340
4782469000,r,1340
4782469000,r,1340
4783213000,s,124
4783259000,s,124
4783276000,s,124
4783285000,s,124
4783554000,s,124
4783571000,s,124
4783579000,s,124
4783585000,s,124
4783591000,s,124
4783597000,s,124
4783604000,s,124
4784041000,r,1340
4784041000,r,1340
4784041000,r,1340
4784041000,r,1340
4784041000,r,1340
4784042000,r,1340
4784042000,r,1340
4784097000,s,124
4784042000,r,1340
4784118000,r,1340
4784118000,r,1340
4784118000,r,1340
4784118000,r,1340
4784118000,r,1340
4784119000,r,1340
4784119000,r,1340
4784119000,r,1340
4784157000,r,1340
4784157000,r,1340
4784157000,r,1340
4784157000,r,1340
4784158000,r,1340
4784158000,r,1340
4784204000,r,1340
4784204000,r,1340
4784205000,r,1340
4784388000,s,124
4784436000,s,124
4784456000,s,124
4784465000,s,124
4784473000,s,124
4784507000,s,124
4784527000,s,124
4784542000,s,124
4784552000,s,124
4784559000,s,124
4784568000,s,124
4784764000,s,124
4787643000,r,1340
4787643000,r,1340
4787643000,r,1340
4787643000,r,1340
4787644000,r,1340
4787644000,r,1340
4787644000,r,1340
4787644000,r,1340
4787779000,r,1340
4787779000,r,1340
4787779000,r,1340
4787779000,r,1340
4787779000,r,1340
4787779000,r,1340
4787779000,r,1340
4787779000,r,1340
4787808000,r,1340
4787808000,r,1340
4787808000,r,1340
4787808000,r,1340
4787808000,r,1340
4787808000,r,1340
4787808000,r,1340
4787808000,r,1340
4787831000,r,1340
4787832000,r,1340
4788089000,s,124
4788266000,s,124
4788287000,s,124
4788299000,s,124
4788310000,s,124
4788317000,s,124
4788428000,r,1340
4788428000,r,1340
4788428000,r,1340
4788594000,s,124
4788640000,s,124
4788656000,s,124
4788666000,s,252
4788673000,s,124
4788739000,s,124
4789065000,s,124
4789109000,s,124
4789427000,s,124
4790156000,r,1340
4790156000,r,1340
4790157000,r,1340
4790157000,r,1340
4790157000,r,1340
4790416000,s,124
4790836000,s,124
4791018000,s,124
4795337000,r,1340
4795337000,r,1340
4795337000,r,1340
4795337000,r,1340
4795337000,r,1340
4795337000,r,1340
4795337000,r,1340
4795337000,r,1340
4795507000,r,1340
4795507000,r,1340
4795507000,r,1340
4795507000,r,1340
4795507000,r,1340
4795507000,r,1340
4795507000,r,1340
4795508000,r,1340
4795543000,r,1340
4795543000,r,1340
4795543000,r,1340
4795543000,r,1340
4795543000,r,1340
4795543000,r,1340
4795543000,r,1340
4795544000,r,1340
4795575000,r,1340
4795575000,r,1340
4795575000,r,1340
4795575000,r,1340
4795609000,r,1340
4795609000,r,1340
4795609000,r,1340
4796147000,s,124
4796424000,s,124
4796562000,s,124
4796672000,s,124
4796834000,s,124
4797051000,s,124
4797080000,s,124
4797264000,s,124
4797353000,s,124
4797456000,s,124
4797519000,s,124
4797715000,s,124
4797842000,s,124
4797930000,s,124
4797982000,s,124
4798737000,r,1340
4798737000,r,1340
4798737000,r,1340
4798737000,r,1340
4798737000,r,1340
4798737000,r,1340
4798737000,r,380
4798737000,r,1340
4798820000,r,1340
4798820000,r,1340
4798821000,r,1340
4798821000,r,1340
4798821000,r,1340
4798821000,r,1340
4798821000,r,1340
4798821000,r,1340
4798849000,r,1340
4798849000,r,1340
4798849000,r,1340
4798849000,r,1340
4798849000,r,1340
4798849000,r,1340
4798849000,r,1340
4798849000,r,1340
4798879000,r,1340
4798879000,r,1340
4798879000,r,1340
4798880000,r,1340
4798880000,r,1340
4798880000,r,1340
4798880000,r,1340
4798880000,r,1340
4799149000,s,124
4799243000,s,124
4799315000,s,124
4799374000,s,124
4799445000,s,124
4799505000,s,124
4799572000,s,124
4799641000,s,124
4799713000,s,124
4799784000,s,124
4799851000,s,124
4799905000,s,124
4799963000,s,124
4800007000,s,124
4800049000,s,124
4800109000,s,124
4801402000,r,1340
4801402000,r,1340
4801402000,r,1340
4801403000,r,1340
4801403000,r,1340
4801403000,r,1340
4801403000,r,1340
4801403000,r,1340
4801513000,r,1340
4801513000,r,1340
4801513000,r,1340
4801514000,r,1340
4801514000,r,1340
4801514000,r,1340
4801514000,r,1340
4801514000,r,1340
4801543000,r,1340
4801543000,r,1340
4801543000,r,1340
4801543000,r,1340
4801543000,r,1340
4801543000,r,1340
4801543000,r,1340
4801543000,r,1340
4801571000,r,1340
4801571000,r,1340
4801571000,r,1340
4801571000,r,1340
4801571000,r,1340
4802377000,s,124
4802432000,s,124
4802444000,s,124
4802453000,s,124
4802462000,s,124
4802470000,s,124
4802478000,s,124
4802487000,s,124
4802493000,s,124
4802499000,s,124
4802504000,s,124
4802510000,s,124
4802516000,s,124
4802531000,s,124
4803793000,r,1340
4803793000,r,1340
4803794000,r,1340
4803794000,r,1340
4803794000,r,1340
4803794000,r,1340
4803794000,r,1340
4803794000,r,1340
4803922000,r,1340
4803923000,r,1340
4803923000,r,1340
4804898000,s,124
4804941000,s,124
4804963000,s,124
4804974000,s,124
4804997000,s,124
4805020000,s,124
4805401000,r,1340
4805401000,r,1340
4805401000,r,1340
4805401000,r,1340
4805726000,s,124
4805763000,s,124
4806864000,r,1340
4806864000,r,1340
4806864000,r,1340
4806864000,r,1340
4806865000,r,1340
4807413000,s,124
4808174000,s,124
4809179000,r,1340
4809179000,r,1340
4809179000,r,1340
4809180000,r,1340
4809180000,r,1340
4809180000,r,1340
4810748000,s,124
4810804000,s,124
4810818000,s,124
4810827000,r,1340
4810827000,r,1340
4810827000,r,1340
4810827000,r,1340
4810827000,r,1340
4810827000,r,1340
4810827000,r,1340
4810828000,r,1340
4810923000,r,1340
4811134000,s,124
4811300000,s,124
4811392000,s,124
4811464000,s,124
4811526000,s,124
4812775000,r,1340
4812775000,r,1340
4812776000,r,1340
4812776000,r,1340
4812776000,r,1340
4812776000,r,1340
4812776000,r,1340
4812776000,r,1340
4812878000,r,1340
4812879000,r,1340
4812879000,r,1340
4812879000,r,1340
4812879000,r,1340
4812879000,r,1340
4812879000,r,1340
4812879000,r,1340
4812916000,r,1340
4812916000,r,1340
4812916000,r,1340
4812917000,r,1340
4812917000,r,1340
4812917000,r,1340
4812917000,r,1340
4812917000,r,1340
4812952000,r,1340
4812952000,r,1340
4812952000,r,1340
4812952000,r,1340
4812952000,r,1340
4812953000,r,1340
4812953000,r,1340
4813041000,r,1340
4813041000,r,1340
4813041000,r,1340
4813356000,s,124
4813428000,s,124
4813643000,s,124
4813661000,s,124
4813671000,s,124
4813685000,s,124
4813693000,s,124
4813700000,s,124
4813707000,s,124
4813713000,s,124
4813719000,s,124
4814105000,s,124
4814148000,s,124
4814170000,s,124
4814284000,s,124
4814373000,s,124
4814443000,s,124
4815232000,r,1340
4815232000,r,1340
4815232000,r,1340
4815232000,r,1340
4815232000,r,1340
4815232000,r,1340
4815699000,s,124
4815811000,s,124
4815877000,s,124
4819099000,r,1340
4819099000,r,1340
4819099000,r,1340
4819100000,r,1340
4819100000,r,1340
4819100000,r,1340
4819100000,r,1340
4819100000,r,1340
4819207000,r,1340
4819207000,r,1340
4819207000,r,1340
4819207000,r,1340
4819868000,r,1340
4819868000,r,1340
4819869000,r,1340
4819869000,r,1340
4819869000,r,1340
4819869000,r,1340
4819869000,r,1340
4819869000,r,1340
4819937000,r,1340
4819938000,r,1340
4819938000,r,1340
4819938000,r,1340
4819938000,r,1340
4819938000,r,1340
4819938000,r,1340
4819938000,r,1340
4819975000,r,1340
4819975000,r,1340
4820570000,s,124
4820661000,s,124
4820752000,s,124
4820790000,r,1340
4820815000,s,124
4820791000,r,1340
4820791000,r,1340
4820791000,r,1340
4820791000,r,1340
4820791000,r,1340
4820880000,s,124
4820942000,s,124
4821021000,s,124
4821097000,s,124
4821176000,s,124
4821216000,r,1340
4821216000,r,1340
4821216000,r,1340
4821253000,s,124
4821335000,s,124
4821452000,s,124
4821535000,s,124
4821616000,s,124
4821726000,s,124
4821811000,s,124
4821873000,s,124
4821931000,s,124
4822088000,s,124
4822590000,r,1340
4822590000,r,1340
4822590000,r,1340
4822590000,r,1340
4822591000,r,1340
4822591000,r,1340
4822591000,r,1340
4822591000,r,1340
4822668000,r,1340
4822668000,r,1340
4822668000,r,1340
4822668000,r,1340
4822668000,r,1340
4822668000,r,1340
4822856000,s,124
4823555000,s,124
4823644000,s,124
4823724000,s,124
4823797000,s,124
4823872000,s,124
4823945000,s,124
4827956000,r,1340
4827956000,r,1340
4827956000,r,1340
4827956000,r,1340
4827957000,r,1340
4827957000,r,1340
4827957000,r,1340
4827957000,r,1340
4828203000,r,1340
4828203000,r,1340
4828203000,r,1340
4828203000,r,1340
4828203000,r,1340
4828203000,r,1340
4828203000,r,1340
4828204000,r,1340
4828239000,r,1340
4828239000,r,1340
4828239000,r,1340
4828239000,r,1340
4828239000,r,1340
4828239000,r,1340
4828239000,r,1340
4828240000,r,1340
4828274000,r,1340
4828274000,r,1340
4828274000,r,1340
4828274000,r,1340
4828274000,r,1340
4828274000,r,1340
4828274000,r,1340
4828274000,r,1340
4828308000,r,1340
4828308000,r,1340
4828308000,r,1340
4828308000,r,1340
4828308000,r,1340
4828308000,r,1340
4828308000,r,1340
4828308000,r,1340
4828336000,r,1340
4828336000,r,1340
4828913000,s,124
4829053000,s,124
4829149000,s,124
4829206000,s,124
4829230000,r,1340
4829259000,s,124
4829231000,r,1340
4829231000,r,1340
4829231000,r,1340
4829231000,r,1340
4829231000,r,1340
4829231000,r,1340
4829310000,s,124
4829537000,s,124
4829606000,s,124
4829661000,s,124
4829669000,r,1340
4829669000,r,1340
4829669000,r,1340
4829669000,r,1340
4829718000,s,124
4829669000,r,1340
4829669000,r,1340
4829669000,r,1340
4829669000,r,1340
4829877000,s,124
4829934000,s,124
4829985000,s,124
4830035000,s,124
4830086000,s,124
4830148000,s,124
4830191000,s,124
4830226000,s,124
4830262000,s,124
4830323000,s,124
4830382000,s,124
4830425000,s,124
4830480000,s,124
4830543000,s,124
4830598000,s,124
4830656000,s,124
4830713000,s,124
4830762000,s,124
4830818000,s,124
4830930000,r,1340
4830930000,r,1340
4831446000,s,124
4832535000,r,1340
4832535000,r,1340
4832535000,r,1340
4832535000,r,1340
4832535000,r,1340
4832535000,r,1340
4832535000,r,1340
4832535000,r,1340
4832601000,r,1340
4832834000,s,124
4832875000,s,124
4832976000,s,124
4833054000,s,124
4833912000,r,1340
4833912000,r,1340
4833912000,r,1340
4833913000,r,1340
4833913000,r,1340
4833913000,r,1340
4833913000,r,1340
4834270000,r,1340
4834270000,r,1340
4834270000,r,1340
4834271000,r,1340
4834271000,r,1340
4834271000,r,1340
4834271000,r,1340
4834271000,r,1340
4834345000,r,1340
4834460000,r,1340
4834460000,r,1340
4834460000,r,1340
4834717000,s,124
4834799000,s,124
4835042000,s,124
4835202000,s,124
4835291000,s,124
4835419000,s,124
4835588000,s,124
4835759000,s,124
4835930000,s,124
4836189000,s,124
4836498000,r,1340
4836498000,r,1340
4836498000,r,1340
4836498000,r,1340
4836498000,r,1340
4836498000,r,1340
4836498000,r,1340
4836498000,r,1340
4836838000,s,124
4836874000,s,124
4836885000,s,124
4836892000,s,124
4837572000,r,1340
4837572000,r,1340
4837572000,r,1340
4837572000,r,1340
4837573000,r,1340
4837573000,r,1340
4837573000,r,1340
4837573000,r,1340
4837641000,r,1340
4837641000,r,1340
4837641000,r,1340
4837641000,r,1340
4837941000,s,124
4837981000,s,124
4837992000,s,124
4838009000,s,124
4838016000,s,124
4838022000,s,124
4839021000,r,1340
4839021000,r,1340
4839021000,r,1340
4839021000,r,1340
4839021000,r,1340
4839796000,s,124
4839831000,s,124
4841615000,s,124
4843544000,r,1340
4843544000,r,1340
4843544000,r,1340
4843544000,r,1340
4843544000,r,1340
4843544000,r,1340
4843544000,r,1340
4843544000,r,1340
4843649000,r,1340
4843649000,r,1340
4843649000,r,1340
4843690000,r,1340
4843690000,r,1340
4843690000,r,1340
4843690000,r,1340
4843690000,r,1340
4843690000,r,1340
4843690000,r,1340
4843691000,r,1340
4843731000,r,1340
4843731000,r,1340
4843731000,r,1340
4843731000,r,1340
4843731000,r,1340
4843731000,r,1340
4843731000,r,1340
4843732000,r,1340
4843757000,r,1340
4843757000,r,1340
4843757000,r,1340
4844090000,s,124
4844319000,s,124
4844387000,s,124
4844718000,s,124
4844809000,s,124
4845125000,s,124
4845257000,s,124
4845307000,r,1340
4845307000,r,1340
4845307000,r,1340
4845307000,r,1340
4845307000,r,1340
4845307000,r,1340
4845307000,r,284
4845434000,s,124
4845887000,s,124
4846004000,s,124
4846102000,s,124
4846289000,s,124
4846405000,s,124
4846502000,s,124
4846668000,s,124
4846762000,s,124
4846936000,s,124
4847026000,s,124
4847112000,s,124
5148749000,r,1340
5148749000,r,1340
5148749000,r,1340
5148750000,r,1340
5148750000,r,1340
5148751000,r,1340
5148751000,r,1340
5148752000,r,1340
5149335000,r,1292
5151015000,s,124
5151159000,s,124
5151201000,s,124
5151219000,s,124
5194241000,s,124
9905935000,r,140
9905936000,r,124
9905936000,r,124
9910483000,s,124
9910910000,s,124
15151160000,s,156
15180421000,s,156
15180846000,s,156
15193536000,r,156
15193536000,r,140
15193537000,r,124
15193537000,r,124
15196571000,s,124
15196981000,s,124
15197300000,r,156
15197637000,s,124
15198008000,s,124
15207595000,r,124
21260985000,s,156
21299568000,s,156
21300079000,s,156
21300259000,s,176
21318413000,r,156
21318414000,r,120
21332883000,s,60